[2023-03-21 13:18:02] PRINT ---new cfg------
[2023-03-21 13:18:02] PRINT {'DATA': {'data_name': 'pubmed'}, 'DATALOADER': {'NUM_WORKERS': 0}, 'MODEL': {'num_hidden': 512, 'num_layers': 2, 'nhead': 2, 'activation': 'prelu', 'attn_drop': 0.30000000000000004, 'feat_drop': 0.2, 'norm': 'batchnorm', 'pooler': 'mean', 'beta_schedule': 'linear', 'beta_1': 0.0001993341446492497, 'beta_T': 0.0474665704305295, 'T': 673}, 'SOLVER': {'optim_type': 'adam', 'optim_type_f': 'adamw', 'alpha': 1, 'decay': 30, 'LR': 0.00044499257714176066, 'LR_f': 0.026556903176142375, 'weight_decay': 0, 'weight_decay_f': 2.6624692261321656e-05, 'MAX_EPOCH': 100, 'max_epoch_f': 100}, 'DEVICE': 'cuda', 'seeds': [0], 'eval_T': [50, 100, 200], 'output_dir': '/ddm-nni/PubMed/log', 'checkpoint_dir': '/ddm-nni/PubMed/log/checkpoint'}
[2023-03-21 13:18:02] PRINT [03/21 13:18:02 graph]: Rank of current process: 0. World size: 1
[2023-03-21 13:18:06] PRINT [03/21 13:18:06 graph]: Environment info:
[2023-03-21 13:18:06] PRINT PyTorch version: 1.10.0+cu113
[2023-03-21 13:18:06] PRINT Is debug build: False
[2023-03-21 13:18:06] PRINT CUDA used to build PyTorch: 11.3
[2023-03-21 13:18:06] PRINT ROCM used to build PyTorch: N/A
[2023-03-21 13:18:06] PRINT 
[2023-03-21 13:18:06] PRINT OS: Ubuntu 20.04.3 LTS (x86_64)
[2023-03-21 13:18:06] PRINT GCC version: (Ubuntu 9.3.0-17ubuntu1~20.04) 9.3.0
[2023-03-21 13:18:06] PRINT Clang version: Could not collect
[2023-03-21 13:18:06] PRINT CMake version: version 3.16.3
[2023-03-21 13:18:06] PRINT Libc version: glibc-2.31
[2023-03-21 13:18:06] PRINT 
[2023-03-21 13:18:06] PRINT Python version: 3.8.10 (default, Jun  4 2021, 15:09:15)  [GCC 7.5.0] (64-bit runtime)
[2023-03-21 13:18:06] PRINT Python platform: Linux-5.4.0-90-generic-x86_64-with-glibc2.17
[2023-03-21 13:18:06] PRINT Is CUDA available: True
[2023-03-21 13:18:06] PRINT CUDA runtime version: 11.3.109
[2023-03-21 13:18:06] PRINT GPU models and configuration: GPU 0: NVIDIA GeForce RTX 3090
[2023-03-21 13:18:06] PRINT Nvidia driver version: 495.44
[2023-03-21 13:18:06] PRINT cuDNN version: Probably one of the following:
[2023-03-21 13:18:06] PRINT /usr/lib/x86_64-linux-gnu/libcudnn.so.8.2.0
[2023-03-21 13:18:06] PRINT /usr/lib/x86_64-linux-gnu/libcudnn_adv_infer.so.8.2.0
[2023-03-21 13:18:06] PRINT /usr/lib/x86_64-linux-gnu/libcudnn_adv_train.so.8.2.0
[2023-03-21 13:18:06] PRINT /usr/lib/x86_64-linux-gnu/libcudnn_cnn_infer.so.8.2.0
[2023-03-21 13:18:06] PRINT /usr/lib/x86_64-linux-gnu/libcudnn_cnn_train.so.8.2.0
[2023-03-21 13:18:06] PRINT /usr/lib/x86_64-linux-gnu/libcudnn_ops_infer.so.8.2.0
[2023-03-21 13:18:06] PRINT /usr/lib/x86_64-linux-gnu/libcudnn_ops_train.so.8.2.0
[2023-03-21 13:18:06] PRINT HIP runtime version: N/A
[2023-03-21 13:18:06] PRINT MIOpen runtime version: N/A
[2023-03-21 13:18:06] PRINT 
[2023-03-21 13:18:06] PRINT Versions of relevant libraries:
[2023-03-21 13:18:06] PRINT [pip3] numpy==1.23.5
[2023-03-21 13:18:06] PRINT [pip3] torch==1.10.0+cu113
[2023-03-21 13:18:06] PRINT [pip3] torchvision==0.11.1+cu113
[2023-03-21 13:18:06] PRINT [conda] blas                      1.0                         mkl    https://mirrors.ustc.edu.cn/anaconda/pkgs/main
[2023-03-21 13:18:06] PRINT [conda] mkl                       2021.4.0           h06a4308_640    https://mirrors.ustc.edu.cn/anaconda/pkgs/main
[2023-03-21 13:18:06] PRINT [conda] mkl-service               2.4.0            py38h7f8727e_0    https://mirrors.ustc.edu.cn/anaconda/pkgs/main
[2023-03-21 13:18:06] PRINT [conda] mkl_fft                   1.3.1            py38hd3c417c_0    https://mirrors.ustc.edu.cn/anaconda/pkgs/main
[2023-03-21 13:18:06] PRINT [conda] mkl_random                1.2.2            py38h51133e4_0    https://mirrors.ustc.edu.cn/anaconda/pkgs/main
[2023-03-21 13:18:06] PRINT [conda] numpy                     1.21.4                   pypi_0    pypi
[2023-03-21 13:18:06] PRINT [conda] numpy-base                1.23.5           py38h31eccc5_0    https://mirrors.ustc.edu.cn/anaconda/pkgs/main
[2023-03-21 13:18:06] PRINT [conda] torch                     1.10.0+cu113             pypi_0    pypi
[2023-03-21 13:18:06] PRINT [conda] torchvision               0.11.1+cu113             pypi_0    pypi
[2023-03-21 13:18:06] PRINT         Pillow (8.4.0)
[2023-03-21 13:18:06] PRINT [03/21 13:18:06 graph]: Command line arguments: Namespace(local_rank=0, resume=False, seed=1234, start_epoch=0)
[2023-03-21 13:18:06] PRINT   NumNodes: 19717
[2023-03-21 13:18:06] PRINT   NumEdges: 88651
[2023-03-21 13:18:06] PRINT   NumFeats: 500
[2023-03-21 13:18:06] PRINT   NumClasses: 3
[2023-03-21 13:18:06] PRINT   NumTrainingSamples: 60
[2023-03-21 13:18:06] PRINT   NumValidationSamples: 500
[2023-03-21 13:18:06] PRINT   NumTestSamples: 1000
[2023-03-21 13:18:06] PRINT Done loading data from cached files.
[2023-03-21 13:18:06] PRINT [03/21 13:18:06 graph]: Run 0th for seed 0
[2023-03-21 13:18:06] PRINT [03/21 13:18:06 graph]: Total trainable params num : 6599022
[2023-03-21 13:18:10] PRINT [03/21 13:18:10 graph]: ----------Start Training----------
[2023-03-21 13:18:11] PRINT [03/21 13:18:11 graph]: start epoch 0.
[2023-03-21 13:18:11] PRINT [03/21 13:18:11 graph]: # Epoch 0: train_loss: 1.0088 | lr: 0.000445
[2023-03-21 13:18:11] PRINT [03/21 13:18:11 graph]: start epoch 1.
[2023-03-21 13:18:11] PRINT [03/21 13:18:11 graph]: # Epoch 1: train_loss: 0.8648 | lr: 0.000445
[2023-03-21 13:18:11] PRINT [03/21 13:18:11 graph]: start epoch 2.
[2023-03-21 13:18:11] PRINT [03/21 13:18:11 graph]: # Epoch 2: train_loss: 0.7827 | lr: 0.000445
[2023-03-21 13:18:11] PRINT [03/21 13:18:11 graph]: start epoch 3.
[2023-03-21 13:18:11] PRINT [03/21 13:18:11 graph]: # Epoch 3: train_loss: 0.7303 | lr: 0.000445
[2023-03-21 13:18:11] PRINT [03/21 13:18:11 graph]: start epoch 4.
[2023-03-21 13:18:11] PRINT [03/21 13:18:11 graph]: # Epoch 4: train_loss: 0.6904 | lr: 0.000445
[2023-03-21 13:18:11] PRINT [03/21 13:18:11 graph]: start epoch 5.
[2023-03-21 13:18:11] PRINT [03/21 13:18:11 graph]: # Epoch 5: train_loss: 0.6603 | lr: 0.000445
[2023-03-21 13:18:11] PRINT [03/21 13:18:11 graph]: start epoch 6.
[2023-03-21 13:18:11] PRINT [03/21 13:18:11 graph]: # Epoch 6: train_loss: 0.6339 | lr: 0.000445
[2023-03-21 13:18:11] PRINT [03/21 13:18:11 graph]: start epoch 7.
[2023-03-21 13:18:11] PRINT [03/21 13:18:11 graph]: # Epoch 7: train_loss: 0.6152 | lr: 0.000445
[2023-03-21 13:18:11] PRINT [03/21 13:18:11 graph]: start epoch 8.
[2023-03-21 13:18:11] PRINT [03/21 13:18:11 graph]: # Epoch 8: train_loss: 0.5980 | lr: 0.000445
[2023-03-21 13:18:11] PRINT [03/21 13:18:11 graph]: start epoch 9.
[2023-03-21 13:18:11] PRINT [03/21 13:18:11 graph]: # Epoch 9: train_loss: 0.5855 | lr: 0.000445
[2023-03-21 13:18:11] PRINT [03/21 13:18:11 graph]: start epoch 10.
[2023-03-21 13:18:11] PRINT [03/21 13:18:11 graph]: # Epoch 10: train_loss: 0.5721 | lr: 0.000445
[2023-03-21 13:18:11] PRINT [03/21 13:18:11 graph]: start epoch 11.
[2023-03-21 13:18:11] PRINT [03/21 13:18:11 graph]: # Epoch 11: train_loss: 0.5611 | lr: 0.000445
[2023-03-21 13:18:12] PRINT [03/21 13:18:12 graph]: --- Testf1: 0.76300, Best Valacc: 0.78800 in epoch 15 --- 
[2023-03-21 13:18:12] PRINT [03/21 13:18:12 graph]: Epoch 11: get test acc score:  0.763
[2023-03-21 13:18:12] PRINT [03/21 13:18:12 graph]: best_f1 0.763 at epoch 11
[2023-03-21 13:18:12] PRINT [03/21 13:18:12 graph]: start epoch 12.
[2023-03-21 13:18:12] PRINT [03/21 13:18:12 graph]: # Epoch 12: train_loss: 0.5538 | lr: 0.000445
[2023-03-21 13:18:13] PRINT [03/21 13:18:13 graph]: --- Testf1: 0.77200, Best Valacc: 0.79000 in epoch 11 --- 
[2023-03-21 13:18:13] PRINT [03/21 13:18:13 graph]: Epoch 12: get test acc score:  0.772
[2023-03-21 13:18:13] PRINT [03/21 13:18:13 graph]: best_f1 0.772 at epoch 12
[2023-03-21 13:18:13] PRINT [03/21 13:18:13 graph]: start epoch 13.
[2023-03-21 13:18:13] PRINT [03/21 13:18:13 graph]: # Epoch 13: train_loss: 0.5422 | lr: 0.000445
[2023-03-21 13:18:14] PRINT [03/21 13:18:14 graph]: --- Testf1: 0.76800, Best Valacc: 0.80600 in epoch 27 --- 
[2023-03-21 13:18:15] PRINT [03/21 13:18:15 graph]: Epoch 13: get test acc score:  0.768
[2023-03-21 13:18:15] PRINT [03/21 13:18:15 graph]: best_f1 0.772 at epoch 12
[2023-03-21 13:18:15] PRINT [03/21 13:18:15 graph]: start epoch 14.
[2023-03-21 13:18:15] PRINT [03/21 13:18:15 graph]: # Epoch 14: train_loss: 0.5310 | lr: 0.000445
[2023-03-21 13:18:15] PRINT [03/21 13:18:15 graph]: --- Testf1: 0.78100, Best Valacc: 0.81200 in epoch 10 --- 
[2023-03-21 13:18:16] PRINT [03/21 13:18:16 graph]: Epoch 14: get test acc score:  0.781
[2023-03-21 13:18:16] PRINT [03/21 13:18:16 graph]: best_f1 0.781 at epoch 14
[2023-03-21 13:18:16] PRINT [03/21 13:18:16 graph]: start epoch 15.
[2023-03-21 13:18:16] PRINT [03/21 13:18:16 graph]: # Epoch 15: train_loss: 0.5278 | lr: 0.000445
[2023-03-21 13:18:16] PRINT [03/21 13:18:16 graph]: --- Testf1: 0.78700, Best Valacc: 0.81600 in epoch 21 --- 
[2023-03-21 13:18:17] PRINT [03/21 13:18:17 graph]: Epoch 15: get test acc score:  0.787
[2023-03-21 13:18:17] PRINT [03/21 13:18:17 graph]: best_f1 0.787 at epoch 15
[2023-03-21 13:18:17] PRINT [03/21 13:18:17 graph]: start epoch 16.
[2023-03-21 13:18:17] PRINT [03/21 13:18:17 graph]: # Epoch 16: train_loss: 0.5217 | lr: 0.000445
[2023-03-21 13:18:17] PRINT [03/21 13:18:17 graph]: --- Testf1: 0.78000, Best Valacc: 0.78200 in epoch 39 --- 
[2023-03-21 13:18:18] PRINT [03/21 13:18:18 graph]: Epoch 16: get test acc score:  0.780
[2023-03-21 13:18:18] PRINT [03/21 13:18:18 graph]: best_f1 0.787 at epoch 15
[2023-03-21 13:18:18] PRINT [03/21 13:18:18 graph]: start epoch 17.
[2023-03-21 13:18:18] PRINT [03/21 13:18:18 graph]: # Epoch 17: train_loss: 0.5109 | lr: 0.000445
[2023-03-21 13:18:19] PRINT [03/21 13:18:19 graph]: --- Testf1: 0.77100, Best Valacc: 0.80200 in epoch 30 --- 
[2023-03-21 13:18:19] PRINT [03/21 13:18:19 graph]: Epoch 17: get test acc score:  0.771
[2023-03-21 13:18:19] PRINT [03/21 13:18:19 graph]: best_f1 0.787 at epoch 15
[2023-03-21 13:18:19] PRINT [03/21 13:18:19 graph]: start epoch 18.
[2023-03-21 13:18:19] PRINT [03/21 13:18:19 graph]: # Epoch 18: train_loss: 0.5100 | lr: 0.000445
[2023-03-21 13:18:20] PRINT [03/21 13:18:20 graph]: --- Testf1: 0.78300, Best Valacc: 0.80600 in epoch 7 --- 
[2023-03-21 13:18:20] PRINT [03/21 13:18:20 graph]: Epoch 18: get test acc score:  0.783
[2023-03-21 13:18:20] PRINT [03/21 13:18:20 graph]: best_f1 0.787 at epoch 15
[2023-03-21 13:18:20] PRINT [03/21 13:18:20 graph]: start epoch 19.
[2023-03-21 13:18:20] PRINT [03/21 13:18:20 graph]: # Epoch 19: train_loss: 0.4966 | lr: 0.000445
[2023-03-21 13:18:21] PRINT [03/21 13:18:21 graph]: --- Testf1: 0.76600, Best Valacc: 0.81200 in epoch 10 --- 
[2023-03-21 13:18:21] PRINT [03/21 13:18:21 graph]: Epoch 19: get test acc score:  0.766
[2023-03-21 13:18:21] PRINT [03/21 13:18:21 graph]: best_f1 0.787 at epoch 15
[2023-03-21 13:18:21] PRINT [03/21 13:18:21 graph]: start epoch 20.
[2023-03-21 13:18:21] PRINT [03/21 13:18:21 graph]: # Epoch 20: train_loss: 0.4940 | lr: 0.000445
[2023-03-21 13:18:22] PRINT [03/21 13:18:22 graph]: --- Testf1: 0.76200, Best Valacc: 0.80400 in epoch 5 --- 
[2023-03-21 13:18:22] PRINT [03/21 13:18:22 graph]: Epoch 20: get test acc score:  0.762
[2023-03-21 13:18:22] PRINT [03/21 13:18:22 graph]: best_f1 0.787 at epoch 15
[2023-03-21 13:18:22] PRINT [03/21 13:18:22 graph]: start epoch 21.
[2023-03-21 13:18:22] PRINT [03/21 13:18:22 graph]: # Epoch 21: train_loss: 0.4848 | lr: 0.000445
[2023-03-21 13:18:23] PRINT [03/21 13:18:23 graph]: --- Testf1: 0.76300, Best Valacc: 0.79000 in epoch 13 --- 
[2023-03-21 13:18:23] PRINT [03/21 13:18:23 graph]: Epoch 21: get test acc score:  0.763
[2023-03-21 13:18:23] PRINT [03/21 13:18:23 graph]: best_f1 0.787 at epoch 15
[2023-03-21 13:18:23] PRINT [03/21 13:18:23 graph]: start epoch 22.
[2023-03-21 13:18:23] PRINT [03/21 13:18:23 graph]: # Epoch 22: train_loss: 0.4791 | lr: 0.000445
[2023-03-21 13:18:24] PRINT [03/21 13:18:24 graph]: --- Testf1: 0.76000, Best Valacc: 0.80800 in epoch 10 --- 
[2023-03-21 13:18:24] PRINT [03/21 13:18:24 graph]: Epoch 22: get test acc score:  0.760
[2023-03-21 13:18:24] PRINT [03/21 13:18:24 graph]: best_f1 0.787 at epoch 15
[2023-03-21 13:18:24] PRINT [03/21 13:18:24 graph]: start epoch 23.
[2023-03-21 13:18:24] PRINT [03/21 13:18:24 graph]: # Epoch 23: train_loss: 0.4733 | lr: 0.000445
[2023-03-21 13:18:25] PRINT [03/21 13:18:25 graph]: --- Testf1: 0.77500, Best Valacc: 0.78400 in epoch 3 --- 
[2023-03-21 13:18:25] PRINT [03/21 13:18:25 graph]: Epoch 23: get test acc score:  0.775
[2023-03-21 13:18:25] PRINT [03/21 13:18:25 graph]: best_f1 0.787 at epoch 15
[2023-03-21 13:18:25] PRINT [03/21 13:18:25 graph]: start epoch 24.
[2023-03-21 13:18:25] PRINT [03/21 13:18:25 graph]: # Epoch 24: train_loss: 0.4689 | lr: 0.000445
[2023-03-21 13:18:26] PRINT [03/21 13:18:26 graph]: --- Testf1: 0.76400, Best Valacc: 0.79200 in epoch 5 --- 
[2023-03-21 13:18:26] PRINT [03/21 13:18:26 graph]: Epoch 24: get test acc score:  0.764
[2023-03-21 13:18:26] PRINT [03/21 13:18:26 graph]: best_f1 0.787 at epoch 15
[2023-03-21 13:18:26] PRINT [03/21 13:18:26 graph]: start epoch 25.
[2023-03-21 13:18:26] PRINT [03/21 13:18:26 graph]: # Epoch 25: train_loss: 0.4637 | lr: 0.000445
[2023-03-21 13:18:27] PRINT [03/21 13:18:27 graph]: --- Testf1: 0.76400, Best Valacc: 0.78800 in epoch 12 --- 
[2023-03-21 13:18:27] PRINT [03/21 13:18:27 graph]: Epoch 25: get test acc score:  0.764
[2023-03-21 13:18:27] PRINT [03/21 13:18:27 graph]: best_f1 0.787 at epoch 15
[2023-03-21 13:18:27] PRINT [03/21 13:18:27 graph]: start epoch 26.
[2023-03-21 13:18:27] PRINT [03/21 13:18:27 graph]: # Epoch 26: train_loss: 0.4590 | lr: 0.000445
[2023-03-21 13:18:28] PRINT [03/21 13:18:28 graph]: --- Testf1: 0.77300, Best Valacc: 0.78800 in epoch 2 --- 
[2023-03-21 13:18:28] PRINT [03/21 13:18:28 graph]: Epoch 26: get test acc score:  0.773
[2023-03-21 13:18:28] PRINT [03/21 13:18:28 graph]: best_f1 0.787 at epoch 15
[2023-03-21 13:18:28] PRINT [03/21 13:18:28 graph]: start epoch 27.
[2023-03-21 13:18:29] PRINT [03/21 13:18:29 graph]: # Epoch 27: train_loss: 0.4545 | lr: 0.000445
[2023-03-21 13:18:29] PRINT [03/21 13:18:29 graph]: --- Testf1: 0.77000, Best Valacc: 0.78000 in epoch 2 --- 
[2023-03-21 13:18:30] PRINT [03/21 13:18:30 graph]: Epoch 27: get test acc score:  0.770
[2023-03-21 13:18:30] PRINT [03/21 13:18:30 graph]: best_f1 0.787 at epoch 15
[2023-03-21 13:18:30] PRINT [03/21 13:18:30 graph]: start epoch 28.
[2023-03-21 13:18:30] PRINT [03/21 13:18:30 graph]: # Epoch 28: train_loss: 0.4494 | lr: 0.000445
[2023-03-21 13:18:30] PRINT [03/21 13:18:30 graph]: --- Testf1: 0.75700, Best Valacc: 0.78200 in epoch 25 --- 
[2023-03-21 13:18:31] PRINT [03/21 13:18:31 graph]: Epoch 28: get test acc score:  0.757
[2023-03-21 13:18:31] PRINT [03/21 13:18:31 graph]: best_f1 0.787 at epoch 15
[2023-03-21 13:18:31] PRINT [03/21 13:18:31 graph]: start epoch 29.
[2023-03-21 13:18:31] PRINT [03/21 13:18:31 graph]: # Epoch 29: train_loss: 0.4457 | lr: 0.000445
[2023-03-21 13:18:31] PRINT [03/21 13:18:31 graph]: --- Testf1: 0.75700, Best Valacc: 0.77800 in epoch 3 --- 
[2023-03-21 13:18:32] PRINT [03/21 13:18:32 graph]: Epoch 29: get test acc score:  0.757
[2023-03-21 13:18:32] PRINT [03/21 13:18:32 graph]: best_f1 0.787 at epoch 15
[2023-03-21 13:18:32] PRINT [03/21 13:18:32 graph]: start epoch 30.
[2023-03-21 13:18:32] PRINT [03/21 13:18:32 graph]: # Epoch 30: train_loss: 0.4426 | lr: 0.000445
[2023-03-21 13:18:33] PRINT [03/21 13:18:33 graph]: --- Testf1: 0.75300, Best Valacc: 0.78200 in epoch 15 --- 
[2023-03-21 13:18:33] PRINT [03/21 13:18:33 graph]: Epoch 30: get test acc score:  0.753
[2023-03-21 13:18:33] PRINT [03/21 13:18:33 graph]: best_f1 0.787 at epoch 15
[2023-03-21 13:18:33] PRINT [03/21 13:18:33 graph]: start epoch 31.
[2023-03-21 13:18:33] PRINT [03/21 13:18:33 graph]: # Epoch 31: train_loss: 0.4387 | lr: 0.000445
[2023-03-21 13:18:34] PRINT [03/21 13:18:34 graph]: --- Testf1: 0.75100, Best Valacc: 0.77000 in epoch 8 --- 
[2023-03-21 13:18:34] PRINT [03/21 13:18:34 graph]: Epoch 31: get test acc score:  0.751
[2023-03-21 13:18:34] PRINT [03/21 13:18:34 graph]: best_f1 0.787 at epoch 15
[2023-03-21 13:18:34] PRINT [03/21 13:18:34 graph]: start epoch 32.
[2023-03-21 13:18:34] PRINT [03/21 13:18:34 graph]: # Epoch 32: train_loss: 0.4335 | lr: 0.000445
[2023-03-21 13:18:35] PRINT [03/21 13:18:35 graph]: --- Testf1: 0.74300, Best Valacc: 0.74600 in epoch 7 --- 
[2023-03-21 13:18:35] PRINT [03/21 13:18:35 graph]: Epoch 32: get test acc score:  0.743
[2023-03-21 13:18:35] PRINT [03/21 13:18:35 graph]: best_f1 0.787 at epoch 15
[2023-03-21 13:18:35] PRINT [03/21 13:18:35 graph]: start epoch 33.
[2023-03-21 13:18:35] PRINT [03/21 13:18:35 graph]: # Epoch 33: train_loss: 0.4319 | lr: 0.000445
[2023-03-21 13:18:36] PRINT [03/21 13:18:36 graph]: --- Testf1: 0.72800, Best Valacc: 0.73400 in epoch 16 --- 
[2023-03-21 13:18:36] PRINT [03/21 13:18:36 graph]: Epoch 33: get test acc score:  0.728
[2023-03-21 13:18:36] PRINT [03/21 13:18:36 graph]: best_f1 0.787 at epoch 15
[2023-03-21 13:18:36] PRINT [03/21 13:18:36 graph]: start epoch 34.
[2023-03-21 13:18:36] PRINT [03/21 13:18:36 graph]: # Epoch 34: train_loss: 0.4273 | lr: 0.000445
[2023-03-21 13:18:37] PRINT [03/21 13:18:37 graph]: --- Testf1: 0.73200, Best Valacc: 0.77200 in epoch 2 --- 
[2023-03-21 13:18:37] PRINT [03/21 13:18:37 graph]: Epoch 34: get test acc score:  0.732
[2023-03-21 13:18:37] PRINT [03/21 13:18:37 graph]: best_f1 0.787 at epoch 15
[2023-03-21 13:18:37] PRINT [03/21 13:18:37 graph]: start epoch 35.
[2023-03-21 13:18:37] PRINT [03/21 13:18:37 graph]: # Epoch 35: train_loss: 0.4248 | lr: 0.000445
[2023-03-21 13:18:38] PRINT [03/21 13:18:38 graph]: --- Testf1: 0.73500, Best Valacc: 0.74200 in epoch 12 --- 
[2023-03-21 13:18:38] PRINT [03/21 13:18:38 graph]: Epoch 35: get test acc score:  0.735
[2023-03-21 13:18:38] PRINT [03/21 13:18:38 graph]: best_f1 0.787 at epoch 15
[2023-03-21 13:18:38] PRINT [03/21 13:18:38 graph]: start epoch 36.
[2023-03-21 13:18:38] PRINT [03/21 13:18:38 graph]: # Epoch 36: train_loss: 0.4203 | lr: 0.000445
[2023-03-21 13:18:39] PRINT [03/21 13:18:39 graph]: --- Testf1: 0.72800, Best Valacc: 0.70600 in epoch 5 --- 
[2023-03-21 13:18:39] PRINT [03/21 13:18:39 graph]: Epoch 36: get test acc score:  0.728
[2023-03-21 13:18:39] PRINT [03/21 13:18:39 graph]: best_f1 0.787 at epoch 15
[2023-03-21 13:18:39] PRINT [03/21 13:18:39 graph]: start epoch 37.
[2023-03-21 13:18:39] PRINT [03/21 13:18:39 graph]: # Epoch 37: train_loss: 0.4187 | lr: 0.000445
[2023-03-21 13:18:40] PRINT [03/21 13:18:40 graph]: --- Testf1: 0.71800, Best Valacc: 0.73800 in epoch 53 --- 
[2023-03-21 13:18:40] PRINT [03/21 13:18:40 graph]: Epoch 37: get test acc score:  0.718
[2023-03-21 13:18:40] PRINT [03/21 13:18:40 graph]: best_f1 0.787 at epoch 15
[2023-03-21 13:18:40] PRINT [03/21 13:18:40 graph]: start epoch 38.
[2023-03-21 13:18:40] PRINT [03/21 13:18:40 graph]: # Epoch 38: train_loss: 0.4157 | lr: 0.000445
[2023-03-21 13:18:41] PRINT [03/21 13:18:41 graph]: --- Testf1: 0.74100, Best Valacc: 0.72000 in epoch 7 --- 
[2023-03-21 13:18:41] PRINT [03/21 13:18:41 graph]: Epoch 38: get test acc score:  0.741
[2023-03-21 13:18:41] PRINT [03/21 13:18:41 graph]: best_f1 0.787 at epoch 15
[2023-03-21 13:18:41] PRINT [03/21 13:18:41 graph]: start epoch 39.
[2023-03-21 13:18:41] PRINT [03/21 13:18:41 graph]: # Epoch 39: train_loss: 0.4119 | lr: 0.000445
[2023-03-21 13:18:42] PRINT [03/21 13:18:42 graph]: --- Testf1: 0.73800, Best Valacc: 0.73000 in epoch 6 --- 
[2023-03-21 13:18:42] PRINT [03/21 13:18:42 graph]: Epoch 39: get test acc score:  0.738
[2023-03-21 13:18:42] PRINT [03/21 13:18:42 graph]: best_f1 0.787 at epoch 15
[2023-03-21 13:18:42] PRINT [03/21 13:18:42 graph]: start epoch 40.
[2023-03-21 13:18:42] PRINT [03/21 13:18:42 graph]: # Epoch 40: train_loss: 0.4102 | lr: 0.000445
[2023-03-21 13:18:43] PRINT [03/21 13:18:43 graph]: --- Testf1: 0.73600, Best Valacc: 0.69600 in epoch 14 --- 
[2023-03-21 13:18:43] PRINT [03/21 13:18:43 graph]: Epoch 40: get test acc score:  0.736
[2023-03-21 13:18:43] PRINT [03/21 13:18:43 graph]: best_f1 0.787 at epoch 15
[2023-03-21 13:18:43] PRINT [03/21 13:18:43 graph]: start epoch 41.
[2023-03-21 13:18:43] PRINT [03/21 13:18:43 graph]: # Epoch 41: train_loss: 0.4074 | lr: 0.000445
[2023-03-21 13:18:44] PRINT [03/21 13:18:44 graph]: --- Testf1: 0.73200, Best Valacc: 0.73000 in epoch 2 --- 
[2023-03-21 13:18:45] PRINT [03/21 13:18:45 graph]: Epoch 41: get test acc score:  0.732
[2023-03-21 13:18:45] PRINT [03/21 13:18:45 graph]: best_f1 0.787 at epoch 15
[2023-03-21 13:18:45] PRINT [03/21 13:18:45 graph]: start epoch 42.
[2023-03-21 13:18:45] PRINT [03/21 13:18:45 graph]: # Epoch 42: train_loss: 0.4048 | lr: 0.000445
[2023-03-21 13:18:45] PRINT [03/21 13:18:45 graph]: --- Testf1: 0.71700, Best Valacc: 0.73800 in epoch 8 --- 
[2023-03-21 13:18:46] PRINT [03/21 13:18:46 graph]: Epoch 42: get test acc score:  0.717
[2023-03-21 13:18:46] PRINT [03/21 13:18:46 graph]: best_f1 0.787 at epoch 15
[2023-03-21 13:18:46] PRINT [03/21 13:18:46 graph]: start epoch 43.
[2023-03-21 13:18:46] PRINT [03/21 13:18:46 graph]: # Epoch 43: train_loss: 0.4016 | lr: 0.000445
[2023-03-21 13:18:47] PRINT [03/21 13:18:47 graph]: --- Testf1: 0.72600, Best Valacc: 0.76200 in epoch 10 --- 
[2023-03-21 13:18:47] PRINT [03/21 13:18:47 graph]: Epoch 43: get test acc score:  0.726
[2023-03-21 13:18:47] PRINT [03/21 13:18:47 graph]: best_f1 0.787 at epoch 15
[2023-03-21 13:18:47] PRINT [03/21 13:18:47 graph]: start epoch 44.
[2023-03-21 13:18:47] PRINT [03/21 13:18:47 graph]: # Epoch 44: train_loss: 0.3999 | lr: 0.000445
[2023-03-21 13:18:48] PRINT [03/21 13:18:48 graph]: --- Testf1: 0.71500, Best Valacc: 0.74400 in epoch 3 --- 
[2023-03-21 13:18:48] PRINT [03/21 13:18:48 graph]: Epoch 44: get test acc score:  0.715
[2023-03-21 13:18:48] PRINT [03/21 13:18:48 graph]: best_f1 0.787 at epoch 15
[2023-03-21 13:18:48] PRINT [03/21 13:18:48 graph]: start epoch 45.
[2023-03-21 13:18:48] PRINT [03/21 13:18:48 graph]: # Epoch 45: train_loss: 0.3963 | lr: 0.000445
[2023-03-21 13:18:49] PRINT [03/21 13:18:49 graph]: --- Testf1: 0.71500, Best Valacc: 0.72800 in epoch 15 --- 
[2023-03-21 13:18:49] PRINT [03/21 13:18:49 graph]: Epoch 45: get test acc score:  0.715
[2023-03-21 13:18:49] PRINT [03/21 13:18:49 graph]: best_f1 0.787 at epoch 15
[2023-03-21 13:18:49] PRINT [03/21 13:18:49 graph]: start epoch 46.
[2023-03-21 13:18:49] PRINT [03/21 13:18:49 graph]: # Epoch 46: train_loss: 0.3920 | lr: 0.000445
[2023-03-21 13:18:50] PRINT [03/21 13:18:50 graph]: --- Testf1: 0.69700, Best Valacc: 0.68200 in epoch 9 --- 
[2023-03-21 13:18:50] PRINT [03/21 13:18:50 graph]: Epoch 46: get test acc score:  0.697
[2023-03-21 13:18:50] PRINT [03/21 13:18:50 graph]: best_f1 0.787 at epoch 15
[2023-03-21 13:18:50] PRINT [03/21 13:18:50 graph]: start epoch 47.
[2023-03-21 13:18:50] PRINT [03/21 13:18:50 graph]: # Epoch 47: train_loss: 0.3920 | lr: 0.000445
[2023-03-21 13:18:51] PRINT [03/21 13:18:51 graph]: --- Testf1: 0.73100, Best Valacc: 0.72400 in epoch 4 --- 
[2023-03-21 13:18:51] PRINT [03/21 13:18:51 graph]: Epoch 47: get test acc score:  0.731
[2023-03-21 13:18:51] PRINT [03/21 13:18:51 graph]: best_f1 0.787 at epoch 15
[2023-03-21 13:18:51] PRINT [03/21 13:18:51 graph]: start epoch 48.
[2023-03-21 13:18:51] PRINT [03/21 13:18:51 graph]: # Epoch 48: train_loss: 0.3900 | lr: 0.000445
[2023-03-21 13:18:52] PRINT [03/21 13:18:52 graph]: --- Testf1: 0.73000, Best Valacc: 0.73200 in epoch 7 --- 
[2023-03-21 13:18:52] PRINT [03/21 13:18:52 graph]: Epoch 48: get test acc score:  0.730
[2023-03-21 13:18:52] PRINT [03/21 13:18:52 graph]: best_f1 0.787 at epoch 15
[2023-03-21 13:18:52] PRINT [03/21 13:18:52 graph]: start epoch 49.
[2023-03-21 13:18:52] PRINT [03/21 13:18:52 graph]: # Epoch 49: train_loss: 0.3876 | lr: 0.000445
[2023-03-21 13:18:53] PRINT [03/21 13:18:53 graph]: --- Testf1: 0.72800, Best Valacc: 0.72600 in epoch 4 --- 
[2023-03-21 13:18:53] PRINT [03/21 13:18:53 graph]: Epoch 49: get test acc score:  0.728
[2023-03-21 13:18:53] PRINT [03/21 13:18:53 graph]: best_f1 0.787 at epoch 15
[2023-03-21 13:18:53] PRINT [03/21 13:18:53 graph]: start epoch 50.
[2023-03-21 13:18:53] PRINT [03/21 13:18:53 graph]: # Epoch 50: train_loss: 0.3862 | lr: 0.000445
[2023-03-21 13:18:54] PRINT [03/21 13:18:54 graph]: --- Testf1: 0.71600, Best Valacc: 0.68200 in epoch 25 --- 
[2023-03-21 13:18:54] PRINT [03/21 13:18:54 graph]: Epoch 50: get test acc score:  0.716
[2023-03-21 13:18:54] PRINT [03/21 13:18:54 graph]: best_f1 0.787 at epoch 15
[2023-03-21 13:18:54] PRINT [03/21 13:18:54 graph]: start epoch 51.
[2023-03-21 13:18:54] PRINT [03/21 13:18:54 graph]: # Epoch 51: train_loss: 0.3839 | lr: 0.000445
[2023-03-21 13:18:55] PRINT [03/21 13:18:55 graph]: --- Testf1: 0.73600, Best Valacc: 0.72600 in epoch 27 --- 
[2023-03-21 13:18:55] PRINT [03/21 13:18:55 graph]: Epoch 51: get test acc score:  0.736
[2023-03-21 13:18:55] PRINT [03/21 13:18:55 graph]: best_f1 0.787 at epoch 15
[2023-03-21 13:18:55] PRINT [03/21 13:18:55 graph]: start epoch 52.
[2023-03-21 13:18:56] PRINT [03/21 13:18:56 graph]: # Epoch 52: train_loss: 0.3811 | lr: 0.000445
[2023-03-21 13:18:56] PRINT [03/21 13:18:56 graph]: --- Testf1: 0.70600, Best Valacc: 0.70600 in epoch 3 --- 
[2023-03-21 13:18:57] PRINT [03/21 13:18:57 graph]: Epoch 52: get test acc score:  0.706
[2023-03-21 13:18:57] PRINT [03/21 13:18:57 graph]: best_f1 0.787 at epoch 15
[2023-03-21 13:18:57] PRINT [03/21 13:18:57 graph]: start epoch 53.
[2023-03-21 13:18:57] PRINT [03/21 13:18:57 graph]: # Epoch 53: train_loss: 0.3801 | lr: 0.000445
[2023-03-21 13:18:57] PRINT [03/21 13:18:57 graph]: --- Testf1: 0.70100, Best Valacc: 0.67000 in epoch 2 --- 
[2023-03-21 13:18:58] PRINT [03/21 13:18:58 graph]: Epoch 53: get test acc score:  0.701
[2023-03-21 13:18:58] PRINT [03/21 13:18:58 graph]: best_f1 0.787 at epoch 15
[2023-03-21 13:18:58] PRINT [03/21 13:18:58 graph]: start epoch 54.
[2023-03-21 13:18:58] PRINT [03/21 13:18:58 graph]: # Epoch 54: train_loss: 0.3789 | lr: 0.000445
[2023-03-21 13:18:59] PRINT [03/21 13:18:59 graph]: --- Testf1: 0.68000, Best Valacc: 0.71600 in epoch 5 --- 
[2023-03-21 13:18:59] PRINT [03/21 13:18:59 graph]: Epoch 54: get test acc score:  0.680
[2023-03-21 13:18:59] PRINT [03/21 13:18:59 graph]: best_f1 0.787 at epoch 15
[2023-03-21 13:18:59] PRINT [03/21 13:18:59 graph]: start epoch 55.
[2023-03-21 13:18:59] PRINT [03/21 13:18:59 graph]: # Epoch 55: train_loss: 0.3761 | lr: 0.000445
[2023-03-21 13:19:00] PRINT [03/21 13:19:00 graph]: --- Testf1: 0.69300, Best Valacc: 0.67400 in epoch 17 --- 
[2023-03-21 13:19:00] PRINT [03/21 13:19:00 graph]: Epoch 55: get test acc score:  0.693
[2023-03-21 13:19:00] PRINT [03/21 13:19:00 graph]: best_f1 0.787 at epoch 15
[2023-03-21 13:19:00] PRINT [03/21 13:19:00 graph]: start epoch 56.
[2023-03-21 13:19:00] PRINT [03/21 13:19:00 graph]: # Epoch 56: train_loss: 0.3756 | lr: 0.000445
[2023-03-21 13:19:01] PRINT [03/21 13:19:01 graph]: --- Testf1: 0.70900, Best Valacc: 0.74000 in epoch 3 --- 
[2023-03-21 13:19:01] PRINT [03/21 13:19:01 graph]: Epoch 56: get test acc score:  0.709
[2023-03-21 13:19:01] PRINT [03/21 13:19:01 graph]: best_f1 0.787 at epoch 15
[2023-03-21 13:19:01] PRINT [03/21 13:19:01 graph]: start epoch 57.
[2023-03-21 13:19:01] PRINT [03/21 13:19:01 graph]: # Epoch 57: train_loss: 0.3722 | lr: 0.000445
[2023-03-21 13:19:02] PRINT [03/21 13:19:02 graph]: --- Testf1: 0.71100, Best Valacc: 0.69000 in epoch 5 --- 
[2023-03-21 13:19:02] PRINT [03/21 13:19:02 graph]: Epoch 57: get test acc score:  0.711
[2023-03-21 13:19:02] PRINT [03/21 13:19:02 graph]: best_f1 0.787 at epoch 15
[2023-03-21 13:19:02] PRINT [03/21 13:19:02 graph]: start epoch 58.
[2023-03-21 13:19:02] PRINT [03/21 13:19:02 graph]: # Epoch 58: train_loss: 0.3702 | lr: 0.000445
[2023-03-21 13:19:03] PRINT [03/21 13:19:03 graph]: --- Testf1: 0.71600, Best Valacc: 0.72000 in epoch 7 --- 
[2023-03-21 13:19:03] PRINT [03/21 13:19:03 graph]: Epoch 58: get test acc score:  0.716
[2023-03-21 13:19:03] PRINT [03/21 13:19:03 graph]: best_f1 0.787 at epoch 15
[2023-03-21 13:19:03] PRINT [03/21 13:19:03 graph]: start epoch 59.
[2023-03-21 13:19:03] PRINT [03/21 13:19:03 graph]: # Epoch 59: train_loss: 0.3692 | lr: 0.000445
[2023-03-21 13:19:04] PRINT [03/21 13:19:04 graph]: --- Testf1: 0.69600, Best Valacc: 0.67400 in epoch 54 --- 
[2023-03-21 13:19:04] PRINT [03/21 13:19:04 graph]: Epoch 59: get test acc score:  0.696
[2023-03-21 13:19:04] PRINT [03/21 13:19:04 graph]: best_f1 0.787 at epoch 15
[2023-03-21 13:19:04] PRINT [03/21 13:19:04 graph]: start epoch 60.
[2023-03-21 13:19:04] PRINT [03/21 13:19:04 graph]: # Epoch 60: train_loss: 0.3683 | lr: 0.000445
[2023-03-21 13:19:05] PRINT [03/21 13:19:05 graph]: --- Testf1: 0.72500, Best Valacc: 0.71400 in epoch 8 --- 
[2023-03-21 13:19:05] PRINT [03/21 13:19:05 graph]: Epoch 60: get test acc score:  0.725
[2023-03-21 13:19:05] PRINT [03/21 13:19:05 graph]: best_f1 0.787 at epoch 15
[2023-03-21 13:19:05] PRINT [03/21 13:19:05 graph]: start epoch 61.
[2023-03-21 13:19:05] PRINT [03/21 13:19:05 graph]: # Epoch 61: train_loss: 0.3673 | lr: 0.000445
[2023-03-21 13:19:06] PRINT [03/21 13:19:06 graph]: --- Testf1: 0.70700, Best Valacc: 0.68200 in epoch 11 --- 
[2023-03-21 13:19:06] PRINT [03/21 13:19:06 graph]: Epoch 61: get test acc score:  0.707
[2023-03-21 13:19:06] PRINT [03/21 13:19:06 graph]: best_f1 0.787 at epoch 15
[2023-03-21 13:19:06] PRINT [03/21 13:19:06 graph]: start epoch 62.
[2023-03-21 13:19:06] PRINT [03/21 13:19:06 graph]: # Epoch 62: train_loss: 0.3648 | lr: 0.000445
[2023-03-21 13:19:07] PRINT [03/21 13:19:07 graph]: --- Testf1: 0.69700, Best Valacc: 0.71800 in epoch 14 --- 
[2023-03-21 13:19:08] PRINT [03/21 13:19:08 graph]: Epoch 62: get test acc score:  0.697
[2023-03-21 13:19:08] PRINT [03/21 13:19:08 graph]: best_f1 0.787 at epoch 15
[2023-03-21 13:19:08] PRINT [03/21 13:19:08 graph]: start epoch 63.
[2023-03-21 13:19:08] PRINT [03/21 13:19:08 graph]: # Epoch 63: train_loss: 0.3644 | lr: 0.000445
[2023-03-21 13:19:08] PRINT [03/21 13:19:08 graph]: --- Testf1: 0.69700, Best Valacc: 0.69200 in epoch 10 --- 
[2023-03-21 13:19:09] PRINT [03/21 13:19:09 graph]: Epoch 63: get test acc score:  0.697
[2023-03-21 13:19:09] PRINT [03/21 13:19:09 graph]: best_f1 0.787 at epoch 15
[2023-03-21 13:19:09] PRINT [03/21 13:19:09 graph]: start epoch 64.
[2023-03-21 13:19:09] PRINT [03/21 13:19:09 graph]: # Epoch 64: train_loss: 0.3612 | lr: 0.000445
[2023-03-21 13:19:09] PRINT [03/21 13:19:09 graph]: --- Testf1: 0.72800, Best Valacc: 0.71200 in epoch 2 --- 
[2023-03-21 13:19:10] PRINT [03/21 13:19:10 graph]: Epoch 64: get test acc score:  0.728
[2023-03-21 13:19:10] PRINT [03/21 13:19:10 graph]: best_f1 0.787 at epoch 15
[2023-03-21 13:19:10] PRINT [03/21 13:19:10 graph]: start epoch 65.
[2023-03-21 13:19:10] PRINT [03/21 13:19:10 graph]: # Epoch 65: train_loss: 0.3608 | lr: 0.000445
[2023-03-21 13:19:11] PRINT [03/21 13:19:11 graph]: --- Testf1: 0.72900, Best Valacc: 0.69800 in epoch 4 --- 
[2023-03-21 13:19:11] PRINT [03/21 13:19:11 graph]: Epoch 65: get test acc score:  0.729
[2023-03-21 13:19:11] PRINT [03/21 13:19:11 graph]: best_f1 0.787 at epoch 15
[2023-03-21 13:19:11] PRINT [03/21 13:19:11 graph]: start epoch 66.
[2023-03-21 13:19:11] PRINT [03/21 13:19:11 graph]: # Epoch 66: train_loss: 0.3603 | lr: 0.000445
[2023-03-21 13:19:12] PRINT [03/21 13:19:12 graph]: --- Testf1: 0.70200, Best Valacc: 0.69000 in epoch 3 --- 
[2023-03-21 13:19:12] PRINT [03/21 13:19:12 graph]: Epoch 66: get test acc score:  0.702
[2023-03-21 13:19:12] PRINT [03/21 13:19:12 graph]: best_f1 0.787 at epoch 15
[2023-03-21 13:19:12] PRINT [03/21 13:19:12 graph]: start epoch 67.
[2023-03-21 13:19:12] PRINT [03/21 13:19:12 graph]: # Epoch 67: train_loss: 0.3575 | lr: 0.000445
[2023-03-21 13:19:13] PRINT [03/21 13:19:13 graph]: --- Testf1: 0.71100, Best Valacc: 0.68000 in epoch 8 --- 
[2023-03-21 13:19:13] PRINT [03/21 13:19:13 graph]: Epoch 67: get test acc score:  0.711
[2023-03-21 13:19:13] PRINT [03/21 13:19:13 graph]: best_f1 0.787 at epoch 15
[2023-03-21 13:19:13] PRINT [03/21 13:19:13 graph]: start epoch 68.
[2023-03-21 13:19:13] PRINT [03/21 13:19:13 graph]: # Epoch 68: train_loss: 0.3557 | lr: 0.000445
[2023-03-21 13:19:14] PRINT [03/21 13:19:14 graph]: --- Testf1: 0.71800, Best Valacc: 0.71600 in epoch 13 --- 
[2023-03-21 13:19:14] PRINT [03/21 13:19:14 graph]: Epoch 68: get test acc score:  0.718
[2023-03-21 13:19:14] PRINT [03/21 13:19:14 graph]: best_f1 0.787 at epoch 15
[2023-03-21 13:19:14] PRINT [03/21 13:19:14 graph]: start epoch 69.
[2023-03-21 13:19:14] PRINT [03/21 13:19:14 graph]: # Epoch 69: train_loss: 0.3546 | lr: 0.000445
[2023-03-21 13:19:15] PRINT [03/21 13:19:15 graph]: --- Testf1: 0.70100, Best Valacc: 0.69200 in epoch 45 --- 
[2023-03-21 13:19:15] PRINT [03/21 13:19:15 graph]: Epoch 69: get test acc score:  0.701
[2023-03-21 13:19:15] PRINT [03/21 13:19:15 graph]: best_f1 0.787 at epoch 15
[2023-03-21 13:19:15] PRINT [03/21 13:19:15 graph]: start epoch 70.
[2023-03-21 13:19:15] PRINT [03/21 13:19:15 graph]: # Epoch 70: train_loss: 0.3529 | lr: 0.000445
[2023-03-21 13:19:16] PRINT [03/21 13:19:16 graph]: --- Testf1: 0.68900, Best Valacc: 0.68400 in epoch 1 --- 
[2023-03-21 13:19:16] PRINT [03/21 13:19:16 graph]: Epoch 70: get test acc score:  0.689
[2023-03-21 13:19:16] PRINT [03/21 13:19:16 graph]: best_f1 0.787 at epoch 15
[2023-03-21 13:19:16] PRINT [03/21 13:19:16 graph]: start epoch 71.
[2023-03-21 13:19:16] PRINT [03/21 13:19:16 graph]: # Epoch 71: train_loss: 0.3542 | lr: 0.000445
[2023-03-21 13:19:17] PRINT [03/21 13:19:17 graph]: --- Testf1: 0.71800, Best Valacc: 0.67200 in epoch 16 --- 
[2023-03-21 13:19:17] PRINT [03/21 13:19:17 graph]: Epoch 71: get test acc score:  0.718
[2023-03-21 13:19:17] PRINT [03/21 13:19:17 graph]: best_f1 0.787 at epoch 15
[2023-03-21 13:19:17] PRINT [03/21 13:19:17 graph]: start epoch 72.
[2023-03-21 13:19:17] PRINT [03/21 13:19:17 graph]: # Epoch 72: train_loss: 0.3515 | lr: 0.000445
[2023-03-21 13:19:18] PRINT [03/21 13:19:18 graph]: --- Testf1: 0.68400, Best Valacc: 0.69400 in epoch 5 --- 
[2023-03-21 13:19:18] PRINT [03/21 13:19:18 graph]: Epoch 72: get test acc score:  0.684
[2023-03-21 13:19:18] PRINT [03/21 13:19:18 graph]: best_f1 0.787 at epoch 15
[2023-03-21 13:19:18] PRINT [03/21 13:19:18 graph]: start epoch 73.
[2023-03-21 13:19:18] PRINT [03/21 13:19:18 graph]: # Epoch 73: train_loss: 0.3502 | lr: 0.000445
[2023-03-21 13:19:19] PRINT [03/21 13:19:19 graph]: --- Testf1: 0.69800, Best Valacc: 0.71200 in epoch 15 --- 
[2023-03-21 13:19:19] PRINT [03/21 13:19:19 graph]: Epoch 73: get test acc score:  0.698
[2023-03-21 13:19:19] PRINT [03/21 13:19:19 graph]: best_f1 0.787 at epoch 15
[2023-03-21 13:19:19] PRINT [03/21 13:19:19 graph]: start epoch 74.
[2023-03-21 13:19:19] PRINT [03/21 13:19:19 graph]: # Epoch 74: train_loss: 0.3486 | lr: 0.000445
[2023-03-21 13:19:20] PRINT [03/21 13:19:20 graph]: --- Testf1: 0.70700, Best Valacc: 0.66800 in epoch 30 --- 
[2023-03-21 13:19:20] PRINT [03/21 13:19:20 graph]: Epoch 74: get test acc score:  0.707
[2023-03-21 13:19:20] PRINT [03/21 13:19:20 graph]: best_f1 0.787 at epoch 15
[2023-03-21 13:19:20] PRINT [03/21 13:19:20 graph]: start epoch 75.
[2023-03-21 13:19:20] PRINT [03/21 13:19:20 graph]: # Epoch 75: train_loss: 0.3491 | lr: 0.000445
[2023-03-21 13:19:21] PRINT [03/21 13:19:21 graph]: --- Testf1: 0.67700, Best Valacc: 0.65400 in epoch 4 --- 
[2023-03-21 13:19:21] PRINT [03/21 13:19:21 graph]: Epoch 75: get test acc score:  0.677
[2023-03-21 13:19:21] PRINT [03/21 13:19:21 graph]: best_f1 0.787 at epoch 15
[2023-03-21 13:19:21] PRINT [03/21 13:19:21 graph]: start epoch 76.
[2023-03-21 13:19:21] PRINT [03/21 13:19:21 graph]: # Epoch 76: train_loss: 0.3483 | lr: 0.000445
[2023-03-21 13:19:22] PRINT [03/21 13:19:22 graph]: --- Testf1: 0.71200, Best Valacc: 0.67400 in epoch 1 --- 
[2023-03-21 13:19:22] PRINT [03/21 13:19:22 graph]: Epoch 76: get test acc score:  0.712
[2023-03-21 13:19:22] PRINT [03/21 13:19:22 graph]: best_f1 0.787 at epoch 15
[2023-03-21 13:19:22] PRINT [03/21 13:19:22 graph]: start epoch 77.
[2023-03-21 13:19:22] PRINT [03/21 13:19:22 graph]: # Epoch 77: train_loss: 0.3461 | lr: 0.000445
[2023-03-21 13:19:23] PRINT [03/21 13:19:23 graph]: --- Testf1: 0.72200, Best Valacc: 0.70600 in epoch 7 --- 
[2023-03-21 13:19:23] PRINT [03/21 13:19:23 graph]: Epoch 77: get test acc score:  0.722
[2023-03-21 13:19:23] PRINT [03/21 13:19:23 graph]: best_f1 0.787 at epoch 15
[2023-03-21 13:19:23] PRINT [03/21 13:19:23 graph]: start epoch 78.
[2023-03-21 13:19:24] PRINT [03/21 13:19:24 graph]: # Epoch 78: train_loss: 0.3455 | lr: 0.000445
[2023-03-21 13:19:24] PRINT [03/21 13:19:24 graph]: --- Testf1: 0.68800, Best Valacc: 0.68400 in epoch 5 --- 
[2023-03-21 13:19:24] PRINT [03/21 13:19:24 graph]: Epoch 78: get test acc score:  0.688
[2023-03-21 13:19:24] PRINT [03/21 13:19:24 graph]: best_f1 0.787 at epoch 15
[2023-03-21 13:19:24] PRINT [03/21 13:19:24 graph]: start epoch 79.
[2023-03-21 13:19:25] PRINT [03/21 13:19:25 graph]: # Epoch 79: train_loss: 0.3446 | lr: 0.000445
[2023-03-21 13:19:25] PRINT [03/21 13:19:25 graph]: --- Testf1: 0.70200, Best Valacc: 0.71800 in epoch 6 --- 
[2023-03-21 13:19:26] PRINT [03/21 13:19:26 graph]: Epoch 79: get test acc score:  0.702
[2023-03-21 13:19:26] PRINT [03/21 13:19:26 graph]: best_f1 0.787 at epoch 15
[2023-03-21 13:19:26] PRINT [03/21 13:19:26 graph]: start epoch 80.
[2023-03-21 13:19:26] PRINT [03/21 13:19:26 graph]: # Epoch 80: train_loss: 0.3419 | lr: 0.000445
[2023-03-21 13:19:26] PRINT [03/21 13:19:26 graph]: --- Testf1: 0.68500, Best Valacc: 0.67800 in epoch 6 --- 
[2023-03-21 13:19:27] PRINT [03/21 13:19:27 graph]: Epoch 80: get test acc score:  0.685
[2023-03-21 13:19:27] PRINT [03/21 13:19:27 graph]: best_f1 0.787 at epoch 15
[2023-03-21 13:19:27] PRINT [03/21 13:19:27 graph]: start epoch 81.
[2023-03-21 13:19:27] PRINT [03/21 13:19:27 graph]: # Epoch 81: train_loss: 0.3418 | lr: 0.000445
[2023-03-21 13:19:27] PRINT [03/21 13:19:27 graph]: --- Testf1: 0.68700, Best Valacc: 0.68000 in epoch 6 --- 
[2023-03-21 13:19:28] PRINT [03/21 13:19:28 graph]: Epoch 81: get test acc score:  0.687
[2023-03-21 13:19:28] PRINT [03/21 13:19:28 graph]: best_f1 0.787 at epoch 15
[2023-03-21 13:19:28] PRINT [03/21 13:19:28 graph]: start epoch 82.
[2023-03-21 13:19:28] PRINT [03/21 13:19:28 graph]: # Epoch 82: train_loss: 0.3395 | lr: 0.000445
[2023-03-21 13:19:29] PRINT [03/21 13:19:29 graph]: --- Testf1: 0.68500, Best Valacc: 0.67400 in epoch 5 --- 
[2023-03-21 13:19:29] PRINT [03/21 13:19:29 graph]: Epoch 82: get test acc score:  0.685
[2023-03-21 13:19:29] PRINT [03/21 13:19:29 graph]: best_f1 0.787 at epoch 15
[2023-03-21 13:19:29] PRINT [03/21 13:19:29 graph]: start epoch 83.
[2023-03-21 13:19:29] PRINT [03/21 13:19:29 graph]: # Epoch 83: train_loss: 0.3387 | lr: 0.000445
[2023-03-21 13:19:30] PRINT [03/21 13:19:30 graph]: --- Testf1: 0.69800, Best Valacc: 0.70800 in epoch 19 --- 
[2023-03-21 13:19:30] PRINT [03/21 13:19:30 graph]: Epoch 83: get test acc score:  0.698
[2023-03-21 13:19:30] PRINT [03/21 13:19:30 graph]: best_f1 0.787 at epoch 15
[2023-03-21 13:19:30] PRINT [03/21 13:19:30 graph]: start epoch 84.
[2023-03-21 13:19:30] PRINT [03/21 13:19:30 graph]: # Epoch 84: train_loss: 0.3381 | lr: 0.000445
[2023-03-21 13:19:31] PRINT [03/21 13:19:31 graph]: --- Testf1: 0.70700, Best Valacc: 0.68000 in epoch 19 --- 
[2023-03-21 13:19:31] PRINT [03/21 13:19:31 graph]: Epoch 84: get test acc score:  0.707
[2023-03-21 13:19:31] PRINT [03/21 13:19:31 graph]: best_f1 0.787 at epoch 15
[2023-03-21 13:19:31] PRINT [03/21 13:19:31 graph]: start epoch 85.
[2023-03-21 13:19:31] PRINT [03/21 13:19:31 graph]: # Epoch 85: train_loss: 0.3361 | lr: 0.000445
[2023-03-21 13:19:32] PRINT [03/21 13:19:32 graph]: --- Testf1: 0.70100, Best Valacc: 0.67400 in epoch 3 --- 
[2023-03-21 13:19:32] PRINT [03/21 13:19:32 graph]: Epoch 85: get test acc score:  0.701
[2023-03-21 13:19:32] PRINT [03/21 13:19:32 graph]: best_f1 0.787 at epoch 15
[2023-03-21 13:19:32] PRINT [03/21 13:19:32 graph]: start epoch 86.
[2023-03-21 13:19:32] PRINT [03/21 13:19:32 graph]: # Epoch 86: train_loss: 0.3380 | lr: 0.000445
[2023-03-21 13:19:33] PRINT [03/21 13:19:33 graph]: --- Testf1: 0.69900, Best Valacc: 0.64600 in epoch 45 --- 
[2023-03-21 13:19:33] PRINT [03/21 13:19:33 graph]: Epoch 86: get test acc score:  0.699
[2023-03-21 13:19:33] PRINT [03/21 13:19:33 graph]: best_f1 0.787 at epoch 15
[2023-03-21 13:19:33] PRINT [03/21 13:19:33 graph]: start epoch 87.
[2023-03-21 13:19:33] PRINT [03/21 13:19:33 graph]: # Epoch 87: train_loss: 0.3346 | lr: 0.000445
[2023-03-21 13:19:34] PRINT [03/21 13:19:34 graph]: --- Testf1: 0.70700, Best Valacc: 0.70200 in epoch 4 --- 
[2023-03-21 13:19:34] PRINT [03/21 13:19:34 graph]: Epoch 87: get test acc score:  0.707
[2023-03-21 13:19:34] PRINT [03/21 13:19:34 graph]: best_f1 0.787 at epoch 15
[2023-03-21 13:19:34] PRINT [03/21 13:19:34 graph]: start epoch 88.
[2023-03-21 13:19:34] PRINT [03/21 13:19:34 graph]: # Epoch 88: train_loss: 0.3341 | lr: 0.000445
[2023-03-21 13:19:35] PRINT [03/21 13:19:35 graph]: --- Testf1: 0.68000, Best Valacc: 0.67000 in epoch 5 --- 
[2023-03-21 13:19:35] PRINT [03/21 13:19:35 graph]: Epoch 88: get test acc score:  0.680
[2023-03-21 13:19:35] PRINT [03/21 13:19:35 graph]: best_f1 0.787 at epoch 15
[2023-03-21 13:19:35] PRINT [03/21 13:19:35 graph]: start epoch 89.
[2023-03-21 13:19:35] PRINT [03/21 13:19:35 graph]: # Epoch 89: train_loss: 0.3334 | lr: 0.000445
[2023-03-21 13:19:36] PRINT [03/21 13:19:36 graph]: --- Testf1: 0.69600, Best Valacc: 0.69800 in epoch 2 --- 
[2023-03-21 13:19:36] PRINT [03/21 13:19:36 graph]: Epoch 89: get test acc score:  0.696
[2023-03-21 13:19:36] PRINT [03/21 13:19:36 graph]: best_f1 0.787 at epoch 15
[2023-03-21 13:19:36] PRINT [03/21 13:19:36 graph]: start epoch 90.
[2023-03-21 13:19:36] PRINT [03/21 13:19:36 graph]: # Epoch 90: train_loss: 0.3343 | lr: 0.000445
[2023-03-21 13:19:37] PRINT [03/21 13:19:37 graph]: --- Testf1: 0.68100, Best Valacc: 0.66600 in epoch 7 --- 
[2023-03-21 13:19:37] PRINT [03/21 13:19:37 graph]: Epoch 90: get test acc score:  0.681
[2023-03-21 13:19:37] PRINT [03/21 13:19:37 graph]: best_f1 0.787 at epoch 15
[2023-03-21 13:19:37] PRINT [03/21 13:19:37 graph]: start epoch 91.
[2023-03-21 13:19:37] PRINT [03/21 13:19:37 graph]: # Epoch 91: train_loss: 0.3327 | lr: 0.000445
[2023-03-21 13:19:38] PRINT [03/21 13:19:38 graph]: --- Testf1: 0.68800, Best Valacc: 0.68800 in epoch 1 --- 
[2023-03-21 13:19:38] PRINT [03/21 13:19:38 graph]: Epoch 91: get test acc score:  0.688
[2023-03-21 13:19:38] PRINT [03/21 13:19:38 graph]: best_f1 0.787 at epoch 15
[2023-03-21 13:19:38] PRINT [03/21 13:19:38 graph]: start epoch 92.
[2023-03-21 13:19:38] PRINT [03/21 13:19:38 graph]: # Epoch 92: train_loss: 0.3318 | lr: 0.000445
[2023-03-21 13:19:39] PRINT [03/21 13:19:39 graph]: --- Testf1: 0.67900, Best Valacc: 0.69000 in epoch 5 --- 
[2023-03-21 13:19:40] PRINT [03/21 13:19:40 graph]: Epoch 92: get test acc score:  0.679
[2023-03-21 13:19:40] PRINT [03/21 13:19:40 graph]: best_f1 0.787 at epoch 15
[2023-03-21 13:19:40] PRINT [03/21 13:19:40 graph]: start epoch 93.
[2023-03-21 13:19:40] PRINT [03/21 13:19:40 graph]: # Epoch 93: train_loss: 0.3308 | lr: 0.000445
[2023-03-21 13:19:40] PRINT [03/21 13:19:40 graph]: --- Testf1: 0.67200, Best Valacc: 0.67000 in epoch 7 --- 
[2023-03-21 13:19:41] PRINT [03/21 13:19:41 graph]: Epoch 93: get test acc score:  0.672
[2023-03-21 13:19:41] PRINT [03/21 13:19:41 graph]: best_f1 0.787 at epoch 15
[2023-03-21 13:19:41] PRINT [03/21 13:19:41 graph]: start epoch 94.
[2023-03-21 13:19:41] PRINT [03/21 13:19:41 graph]: # Epoch 94: train_loss: 0.3314 | lr: 0.000445
[2023-03-21 13:19:42] PRINT [03/21 13:19:42 graph]: --- Testf1: 0.67400, Best Valacc: 0.68800 in epoch 5 --- 
[2023-03-21 13:19:42] PRINT [03/21 13:19:42 graph]: Epoch 94: get test acc score:  0.674
[2023-03-21 13:19:42] PRINT [03/21 13:19:42 graph]: best_f1 0.787 at epoch 15
[2023-03-21 13:19:42] PRINT [03/21 13:19:42 graph]: start epoch 95.
[2023-03-21 13:19:42] PRINT [03/21 13:19:42 graph]: # Epoch 95: train_loss: 0.3270 | lr: 0.000445
[2023-03-21 13:19:43] PRINT [03/21 13:19:43 graph]: --- Testf1: 0.67700, Best Valacc: 0.69600 in epoch 2 --- 
[2023-03-21 13:19:43] PRINT [03/21 13:19:43 graph]: Epoch 95: get test acc score:  0.677
[2023-03-21 13:19:43] PRINT [03/21 13:19:43 graph]: best_f1 0.787 at epoch 15
[2023-03-21 13:19:43] PRINT [03/21 13:19:43 graph]: start epoch 96.
[2023-03-21 13:19:43] PRINT [03/21 13:19:43 graph]: # Epoch 96: train_loss: 0.3296 | lr: 0.000445
[2023-03-21 13:19:44] PRINT [03/21 13:19:44 graph]: --- Testf1: 0.68400, Best Valacc: 0.69400 in epoch 4 --- 
[2023-03-21 13:19:44] PRINT [03/21 13:19:44 graph]: Epoch 96: get test acc score:  0.684
[2023-03-21 13:19:44] PRINT [03/21 13:19:44 graph]: best_f1 0.787 at epoch 15
[2023-03-21 13:19:44] PRINT [03/21 13:19:44 graph]: start epoch 97.
[2023-03-21 13:19:44] PRINT [03/21 13:19:44 graph]: # Epoch 97: train_loss: 0.3269 | lr: 0.000445
[2023-03-21 13:19:45] PRINT [03/21 13:19:45 graph]: --- Testf1: 0.69300, Best Valacc: 0.72400 in epoch 4 --- 
[2023-03-21 13:19:45] PRINT [03/21 13:19:45 graph]: Epoch 97: get test acc score:  0.693
[2023-03-21 13:19:45] PRINT [03/21 13:19:45 graph]: best_f1 0.787 at epoch 15
[2023-03-21 13:19:45] PRINT [03/21 13:19:45 graph]: start epoch 98.
[2023-03-21 13:19:45] PRINT [03/21 13:19:45 graph]: # Epoch 98: train_loss: 0.3255 | lr: 0.000445
[2023-03-21 13:19:46] PRINT [03/21 13:19:46 graph]: --- Testf1: 0.68000, Best Valacc: 0.67800 in epoch 4 --- 
[2023-03-21 13:19:46] PRINT [03/21 13:19:46 graph]: Epoch 98: get test acc score:  0.680
[2023-03-21 13:19:46] PRINT [03/21 13:19:46 graph]: best_f1 0.787 at epoch 15
[2023-03-21 13:19:46] PRINT [03/21 13:19:46 graph]: start epoch 99.
[2023-03-21 13:19:46] PRINT [03/21 13:19:46 graph]: # Epoch 99: train_loss: 0.3237 | lr: 0.000445
[2023-03-21 13:19:47] PRINT [03/21 13:19:47 graph]: --- Testf1: 0.68300, Best Valacc: 0.68200 in epoch 6 --- 
[2023-03-21 13:19:47] PRINT [03/21 13:19:47 graph]: Epoch 99: get test acc score:  0.683
[2023-03-21 13:19:47] PRINT [03/21 13:19:47 graph]: best_f1 0.787 at epoch 15
[2023-03-21 13:19:47] PRINT [03/21 13:19:47 graph]: # final_acc: 0.7870±0.0000
