[2023-03-21 15:19:19] PRINT ---new cfg------
[2023-03-21 15:19:19] PRINT {'DATA': {'data_name': 'pubmed'}, 'DATALOADER': {'NUM_WORKERS': 0}, 'MODEL': {'num_hidden': 1024, 'num_layers': 2, 'nhead': 4, 'activation': 'prelu', 'attn_drop': 0.1, 'feat_drop': 0.30000000000000004, 'norm': 'batchnorm', 'pooler': 'mean', 'beta_schedule': 'linear', 'beta_1': 0.0008892849618513084, 'beta_T': 0.047853269157230094, 'T': 922}, 'SOLVER': {'optim_type': 'adam', 'optim_type_f': 'adamw', 'alpha': 0, 'decay': 20, 'LR': 0.00024476364276882807, 'LR_f': 0.000321964364796987, 'weight_decay': 0, 'weight_decay_f': 0.0008629704737785821, 'MAX_EPOCH': 100, 'max_epoch_f': 100}, 'DEVICE': 'cuda', 'seeds': [0], 'eval_T': [50, 100, 200], 'output_dir': '/ddm-nni/PubMed/log', 'checkpoint_dir': '/ddm-nni/PubMed/log/checkpoint'}
[2023-03-21 15:19:19] PRINT [03/21 15:19:19 graph]: Rank of current process: 0. World size: 1
[2023-03-21 15:19:23] PRINT [03/21 15:19:23 graph]: Environment info:
[2023-03-21 15:19:23] PRINT PyTorch version: 1.10.0+cu113
[2023-03-21 15:19:23] PRINT Is debug build: False
[2023-03-21 15:19:23] PRINT CUDA used to build PyTorch: 11.3
[2023-03-21 15:19:23] PRINT ROCM used to build PyTorch: N/A
[2023-03-21 15:19:23] PRINT 
[2023-03-21 15:19:23] PRINT OS: Ubuntu 20.04.3 LTS (x86_64)
[2023-03-21 15:19:23] PRINT GCC version: (Ubuntu 9.3.0-17ubuntu1~20.04) 9.3.0
[2023-03-21 15:19:23] PRINT Clang version: Could not collect
[2023-03-21 15:19:23] PRINT CMake version: version 3.16.3
[2023-03-21 15:19:23] PRINT Libc version: glibc-2.31
[2023-03-21 15:19:23] PRINT 
[2023-03-21 15:19:23] PRINT Python version: 3.8.10 (default, Jun  4 2021, 15:09:15)  [GCC 7.5.0] (64-bit runtime)
[2023-03-21 15:19:23] PRINT Python platform: Linux-5.4.0-90-generic-x86_64-with-glibc2.17
[2023-03-21 15:19:23] PRINT Is CUDA available: True
[2023-03-21 15:19:23] PRINT CUDA runtime version: 11.3.109
[2023-03-21 15:19:23] PRINT GPU models and configuration: GPU 0: NVIDIA GeForce RTX 3090
[2023-03-21 15:19:23] PRINT Nvidia driver version: 495.44
[2023-03-21 15:19:23] PRINT cuDNN version: Probably one of the following:
[2023-03-21 15:19:23] PRINT /usr/lib/x86_64-linux-gnu/libcudnn.so.8.2.0
[2023-03-21 15:19:23] PRINT /usr/lib/x86_64-linux-gnu/libcudnn_adv_infer.so.8.2.0
[2023-03-21 15:19:23] PRINT /usr/lib/x86_64-linux-gnu/libcudnn_adv_train.so.8.2.0
[2023-03-21 15:19:23] PRINT /usr/lib/x86_64-linux-gnu/libcudnn_cnn_infer.so.8.2.0
[2023-03-21 15:19:23] PRINT /usr/lib/x86_64-linux-gnu/libcudnn_cnn_train.so.8.2.0
[2023-03-21 15:19:23] PRINT /usr/lib/x86_64-linux-gnu/libcudnn_ops_infer.so.8.2.0
[2023-03-21 15:19:23] PRINT /usr/lib/x86_64-linux-gnu/libcudnn_ops_train.so.8.2.0
[2023-03-21 15:19:23] PRINT HIP runtime version: N/A
[2023-03-21 15:19:23] PRINT MIOpen runtime version: N/A
[2023-03-21 15:19:23] PRINT 
[2023-03-21 15:19:23] PRINT Versions of relevant libraries:
[2023-03-21 15:19:23] PRINT [pip3] numpy==1.23.5
[2023-03-21 15:19:23] PRINT [pip3] torch==1.10.0+cu113
[2023-03-21 15:19:23] PRINT [pip3] torchvision==0.11.1+cu113
[2023-03-21 15:19:23] PRINT [conda] blas                      1.0                         mkl    https://mirrors.ustc.edu.cn/anaconda/pkgs/main
[2023-03-21 15:19:23] PRINT [conda] mkl                       2021.4.0           h06a4308_640    https://mirrors.ustc.edu.cn/anaconda/pkgs/main
[2023-03-21 15:19:23] PRINT [conda] mkl-service               2.4.0            py38h7f8727e_0    https://mirrors.ustc.edu.cn/anaconda/pkgs/main
[2023-03-21 15:19:23] PRINT [conda] mkl_fft                   1.3.1            py38hd3c417c_0    https://mirrors.ustc.edu.cn/anaconda/pkgs/main
[2023-03-21 15:19:23] PRINT [conda] mkl_random                1.2.2            py38h51133e4_0    https://mirrors.ustc.edu.cn/anaconda/pkgs/main
[2023-03-21 15:19:23] PRINT [conda] numpy                     1.21.4                   pypi_0    pypi
[2023-03-21 15:19:23] PRINT [conda] numpy-base                1.23.5           py38h31eccc5_0    https://mirrors.ustc.edu.cn/anaconda/pkgs/main
[2023-03-21 15:19:23] PRINT [conda] torch                     1.10.0+cu113             pypi_0    pypi
[2023-03-21 15:19:23] PRINT [conda] torchvision               0.11.1+cu113             pypi_0    pypi
[2023-03-21 15:19:23] PRINT         Pillow (8.4.0)
[2023-03-21 15:19:23] PRINT [03/21 15:19:23 graph]: Command line arguments: Namespace(local_rank=0, resume=False, seed=1234, start_epoch=0)
[2023-03-21 15:19:23] PRINT   NumNodes: 19717
[2023-03-21 15:19:23] PRINT   NumEdges: 88651
[2023-03-21 15:19:23] PRINT   NumFeats: 500
[2023-03-21 15:19:23] PRINT   NumClasses: 3
[2023-03-21 15:19:23] PRINT   NumTrainingSamples: 60
[2023-03-21 15:19:23] PRINT   NumValidationSamples: 500
[2023-03-21 15:19:23] PRINT   NumTestSamples: 1000
[2023-03-21 15:19:23] PRINT Done loading data from cached files.
[2023-03-21 15:19:23] PRINT [03/21 15:19:23 graph]: Run 0th for seed 0
[2023-03-21 15:19:23] PRINT [03/21 15:19:23 graph]: Total trainable params num : 22137198
[2023-03-21 15:19:28] PRINT [03/21 15:19:28 graph]: ----------Start Training----------
[2023-03-21 15:19:28] PRINT [03/21 15:19:28 graph]: start epoch 0.
[2023-03-21 15:19:29] PRINT [03/21 15:19:29 graph]: # Epoch 0: train_loss: 0.9990 | lr: 0.000245
[2023-03-21 15:19:29] PRINT [03/21 15:19:29 graph]: start epoch 1.
[2023-03-21 15:19:29] PRINT [03/21 15:19:29 graph]: # Epoch 1: train_loss: 0.8297 | lr: 0.000245
[2023-03-21 15:19:29] PRINT [03/21 15:19:29 graph]: start epoch 2.
[2023-03-21 15:19:29] PRINT [03/21 15:19:29 graph]: # Epoch 2: train_loss: 0.7723 | lr: 0.000245
[2023-03-21 15:19:29] PRINT [03/21 15:19:29 graph]: start epoch 3.
[2023-03-21 15:19:29] PRINT [03/21 15:19:29 graph]: # Epoch 3: train_loss: 0.7297 | lr: 0.000245
[2023-03-21 15:19:29] PRINT [03/21 15:19:29 graph]: start epoch 4.
[2023-03-21 15:19:29] PRINT [03/21 15:19:29 graph]: # Epoch 4: train_loss: 0.6951 | lr: 0.000245
[2023-03-21 15:19:29] PRINT [03/21 15:19:29 graph]: start epoch 5.
[2023-03-21 15:19:29] PRINT [03/21 15:19:29 graph]: # Epoch 5: train_loss: 0.6668 | lr: 0.000245
[2023-03-21 15:19:29] PRINT [03/21 15:19:29 graph]: start epoch 6.
[2023-03-21 15:19:29] PRINT [03/21 15:19:29 graph]: # Epoch 6: train_loss: 0.6416 | lr: 0.000245
[2023-03-21 15:19:29] PRINT [03/21 15:19:29 graph]: start epoch 7.
[2023-03-21 15:19:29] PRINT [03/21 15:19:29 graph]: # Epoch 7: train_loss: 0.6219 | lr: 0.000245
[2023-03-21 15:19:29] PRINT [03/21 15:19:29 graph]: start epoch 8.
[2023-03-21 15:19:30] PRINT [03/21 15:19:30 graph]: # Epoch 8: train_loss: 0.6064 | lr: 0.000245
[2023-03-21 15:19:30] PRINT [03/21 15:19:30 graph]: start epoch 9.
[2023-03-21 15:19:30] PRINT [03/21 15:19:30 graph]: # Epoch 9: train_loss: 0.5903 | lr: 0.000245
[2023-03-21 15:19:30] PRINT [03/21 15:19:30 graph]: start epoch 10.
[2023-03-21 15:19:30] PRINT [03/21 15:19:30 graph]: # Epoch 10: train_loss: 0.5746 | lr: 0.000245
[2023-03-21 15:19:30] PRINT [03/21 15:19:30 graph]: start epoch 11.
[2023-03-21 15:19:30] PRINT [03/21 15:19:30 graph]: # Epoch 11: train_loss: 0.5616 | lr: 0.000245
[2023-03-21 15:19:31] PRINT [03/21 15:19:31 graph]: --- Testf1: 0.76700, Best Valacc: 0.81600 in epoch 68 --- 
[2023-03-21 15:19:31] PRINT [03/21 15:19:31 graph]: Epoch 11: get test acc score:  0.767
[2023-03-21 15:19:31] PRINT [03/21 15:19:31 graph]: best_f1 0.767 at epoch 11
[2023-03-21 15:19:31] PRINT [03/21 15:19:31 graph]: start epoch 12.
[2023-03-21 15:19:31] PRINT [03/21 15:19:31 graph]: # Epoch 12: train_loss: 0.5479 | lr: 0.000245
[2023-03-21 15:19:33] PRINT [03/21 15:19:33 graph]: --- Testf1: 0.77700, Best Valacc: 0.82800 in epoch 7 --- 
[2023-03-21 15:19:33] PRINT [03/21 15:19:33 graph]: Epoch 12: get test acc score:  0.777
[2023-03-21 15:19:33] PRINT [03/21 15:19:33 graph]: best_f1 0.777 at epoch 12
[2023-03-21 15:19:33] PRINT [03/21 15:19:33 graph]: start epoch 13.
[2023-03-21 15:19:33] PRINT [03/21 15:19:33 graph]: # Epoch 13: train_loss: 0.5381 | lr: 0.000245
[2023-03-21 15:19:34] PRINT [03/21 15:19:34 graph]: --- Testf1: 0.75800, Best Valacc: 0.81800 in epoch 6 --- 
[2023-03-21 15:19:34] PRINT [03/21 15:19:34 graph]: Epoch 13: get test acc score:  0.758
[2023-03-21 15:19:34] PRINT [03/21 15:19:34 graph]: best_f1 0.777 at epoch 12
[2023-03-21 15:19:34] PRINT [03/21 15:19:34 graph]: start epoch 14.
[2023-03-21 15:19:34] PRINT [03/21 15:19:34 graph]: # Epoch 14: train_loss: 0.5284 | lr: 0.000245
[2023-03-21 15:19:36] PRINT [03/21 15:19:36 graph]: --- Testf1: 0.77800, Best Valacc: 0.82800 in epoch 36 --- 
[2023-03-21 15:19:36] PRINT [03/21 15:19:36 graph]: Epoch 14: get test acc score:  0.778
[2023-03-21 15:19:36] PRINT [03/21 15:19:36 graph]: best_f1 0.778 at epoch 14
[2023-03-21 15:19:36] PRINT [03/21 15:19:36 graph]: start epoch 15.
[2023-03-21 15:19:36] PRINT [03/21 15:19:36 graph]: # Epoch 15: train_loss: 0.5169 | lr: 0.000245
[2023-03-21 15:19:37] PRINT [03/21 15:19:37 graph]: --- Testf1: 0.77900, Best Valacc: 0.84200 in epoch 12 --- 
[2023-03-21 15:19:37] PRINT [03/21 15:19:37 graph]: Epoch 15: get test acc score:  0.779
[2023-03-21 15:19:37] PRINT [03/21 15:19:37 graph]: best_f1 0.779 at epoch 15
[2023-03-21 15:19:37] PRINT [03/21 15:19:37 graph]: start epoch 16.
[2023-03-21 15:19:37] PRINT [03/21 15:19:37 graph]: # Epoch 16: train_loss: 0.5064 | lr: 0.000245
[2023-03-21 15:19:38] PRINT [03/21 15:19:38 graph]: --- Testf1: 0.77900, Best Valacc: 0.83000 in epoch 38 --- 
[2023-03-21 15:19:39] PRINT [03/21 15:19:39 graph]: Epoch 16: get test acc score:  0.779
[2023-03-21 15:19:39] PRINT [03/21 15:19:39 graph]: best_f1 0.779 at epoch 15
[2023-03-21 15:19:39] PRINT [03/21 15:19:39 graph]: start epoch 17.
[2023-03-21 15:19:39] PRINT [03/21 15:19:39 graph]: # Epoch 17: train_loss: 0.4961 | lr: 0.000245
[2023-03-21 15:19:40] PRINT [03/21 15:19:40 graph]: --- Testf1: 0.77400, Best Valacc: 0.83800 in epoch 9 --- 
[2023-03-21 15:19:40] PRINT [03/21 15:19:40 graph]: Epoch 17: get test acc score:  0.774
[2023-03-21 15:19:40] PRINT [03/21 15:19:40 graph]: best_f1 0.779 at epoch 15
[2023-03-21 15:19:40] PRINT [03/21 15:19:40 graph]: start epoch 18.
[2023-03-21 15:19:40] PRINT [03/21 15:19:40 graph]: # Epoch 18: train_loss: 0.4890 | lr: 0.000245
[2023-03-21 15:19:41] PRINT [03/21 15:19:41 graph]: --- Testf1: 0.77000, Best Valacc: 0.83000 in epoch 10 --- 
[2023-03-21 15:19:42] PRINT [03/21 15:19:42 graph]: Epoch 18: get test acc score:  0.770
[2023-03-21 15:19:42] PRINT [03/21 15:19:42 graph]: best_f1 0.779 at epoch 15
[2023-03-21 15:19:42] PRINT [03/21 15:19:42 graph]: start epoch 19.
[2023-03-21 15:19:42] PRINT [03/21 15:19:42 graph]: # Epoch 19: train_loss: 0.4850 | lr: 0.000245
[2023-03-21 15:19:43] PRINT [03/21 15:19:43 graph]: --- Testf1: 0.79600, Best Valacc: 0.83200 in epoch 7 --- 
[2023-03-21 15:19:43] PRINT [03/21 15:19:43 graph]: Epoch 19: get test acc score:  0.796
[2023-03-21 15:19:43] PRINT [03/21 15:19:43 graph]: best_f1 0.796 at epoch 19
[2023-03-21 15:19:43] PRINT [03/21 15:19:43 graph]: start epoch 20.
[2023-03-21 15:19:43] PRINT [03/21 15:19:43 graph]: # Epoch 20: train_loss: 0.4742 | lr: 0.000000
[2023-03-21 15:19:44] PRINT [03/21 15:19:44 graph]: --- Testf1: 0.78100, Best Valacc: 0.82800 in epoch 29 --- 
[2023-03-21 15:19:45] PRINT [03/21 15:19:45 graph]: Epoch 20: get test acc score:  0.781
[2023-03-21 15:19:45] PRINT [03/21 15:19:45 graph]: best_f1 0.796 at epoch 19
[2023-03-21 15:19:45] PRINT [03/21 15:19:45 graph]: start epoch 21.
[2023-03-21 15:19:45] PRINT [03/21 15:19:45 graph]: # Epoch 21: train_loss: 0.4754 | lr: 0.000000
[2023-03-21 15:19:46] PRINT [03/21 15:19:46 graph]: --- Testf1: 0.79300, Best Valacc: 0.83400 in epoch 9 --- 
[2023-03-21 15:19:46] PRINT [03/21 15:19:46 graph]: Epoch 21: get test acc score:  0.793
[2023-03-21 15:19:46] PRINT [03/21 15:19:46 graph]: best_f1 0.796 at epoch 19
[2023-03-21 15:19:46] PRINT [03/21 15:19:46 graph]: start epoch 22.
[2023-03-21 15:19:46] PRINT [03/21 15:19:46 graph]: # Epoch 22: train_loss: 0.4750 | lr: 0.000000
[2023-03-21 15:19:47] PRINT [03/21 15:19:47 graph]: --- Testf1: 0.78500, Best Valacc: 0.81800 in epoch 14 --- 
[2023-03-21 15:19:48] PRINT [03/21 15:19:48 graph]: Epoch 22: get test acc score:  0.785
[2023-03-21 15:19:48] PRINT [03/21 15:19:48 graph]: best_f1 0.796 at epoch 19
[2023-03-21 15:19:48] PRINT [03/21 15:19:48 graph]: start epoch 23.
[2023-03-21 15:19:48] PRINT [03/21 15:19:48 graph]: # Epoch 23: train_loss: 0.4747 | lr: 0.000000
[2023-03-21 15:19:49] PRINT [03/21 15:19:49 graph]: --- Testf1: 0.78400, Best Valacc: 0.82200 in epoch 42 --- 
[2023-03-21 15:19:49] PRINT [03/21 15:19:49 graph]: Epoch 23: get test acc score:  0.784
[2023-03-21 15:19:49] PRINT [03/21 15:19:49 graph]: best_f1 0.796 at epoch 19
[2023-03-21 15:19:49] PRINT [03/21 15:19:49 graph]: start epoch 24.
[2023-03-21 15:19:49] PRINT [03/21 15:19:49 graph]: # Epoch 24: train_loss: 0.4734 | lr: 0.000000
[2023-03-21 15:19:50] PRINT [03/21 15:19:50 graph]: --- Testf1: 0.76700, Best Valacc: 0.83600 in epoch 11 --- 
[2023-03-21 15:19:51] PRINT [03/21 15:19:51 graph]: Epoch 24: get test acc score:  0.767
[2023-03-21 15:19:51] PRINT [03/21 15:19:51 graph]: best_f1 0.796 at epoch 19
[2023-03-21 15:19:51] PRINT [03/21 15:19:51 graph]: start epoch 25.
[2023-03-21 15:19:51] PRINT [03/21 15:19:51 graph]: # Epoch 25: train_loss: 0.4749 | lr: 0.000000
[2023-03-21 15:19:52] PRINT [03/21 15:19:52 graph]: --- Testf1: 0.79300, Best Valacc: 0.83000 in epoch 10 --- 
[2023-03-21 15:19:52] PRINT [03/21 15:19:52 graph]: Epoch 25: get test acc score:  0.793
[2023-03-21 15:19:52] PRINT [03/21 15:19:52 graph]: best_f1 0.796 at epoch 19
[2023-03-21 15:19:52] PRINT [03/21 15:19:52 graph]: start epoch 26.
[2023-03-21 15:19:52] PRINT [03/21 15:19:52 graph]: # Epoch 26: train_loss: 0.4745 | lr: 0.000000
[2023-03-21 15:19:53] PRINT [03/21 15:19:53 graph]: --- Testf1: 0.78800, Best Valacc: 0.83200 in epoch 37 --- 
[2023-03-21 15:19:54] PRINT [03/21 15:19:54 graph]: Epoch 26: get test acc score:  0.788
[2023-03-21 15:19:54] PRINT [03/21 15:19:54 graph]: best_f1 0.796 at epoch 19
[2023-03-21 15:19:54] PRINT [03/21 15:19:54 graph]: start epoch 27.
[2023-03-21 15:19:54] PRINT [03/21 15:19:54 graph]: # Epoch 27: train_loss: 0.4746 | lr: 0.000000
[2023-03-21 15:19:55] PRINT [03/21 15:19:55 graph]: --- Testf1: 0.78300, Best Valacc: 0.83000 in epoch 7 --- 
[2023-03-21 15:19:55] PRINT [03/21 15:19:55 graph]: Epoch 27: get test acc score:  0.783
[2023-03-21 15:19:55] PRINT [03/21 15:19:55 graph]: best_f1 0.796 at epoch 19
[2023-03-21 15:19:55] PRINT [03/21 15:19:55 graph]: start epoch 28.
[2023-03-21 15:19:55] PRINT [03/21 15:19:55 graph]: # Epoch 28: train_loss: 0.4751 | lr: 0.000000
[2023-03-21 15:19:56] PRINT [03/21 15:19:56 graph]: --- Testf1: 0.79100, Best Valacc: 0.83800 in epoch 32 --- 
[2023-03-21 15:19:57] PRINT [03/21 15:19:57 graph]: Epoch 28: get test acc score:  0.791
[2023-03-21 15:19:57] PRINT [03/21 15:19:57 graph]: best_f1 0.796 at epoch 19
[2023-03-21 15:19:57] PRINT [03/21 15:19:57 graph]: start epoch 29.
[2023-03-21 15:19:57] PRINT [03/21 15:19:57 graph]: # Epoch 29: train_loss: 0.4748 | lr: 0.000000
[2023-03-21 15:19:58] PRINT [03/21 15:19:58 graph]: --- Testf1: 0.77900, Best Valacc: 0.82800 in epoch 30 --- 
[2023-03-21 15:19:58] PRINT [03/21 15:19:58 graph]: Epoch 29: get test acc score:  0.779
[2023-03-21 15:19:58] PRINT [03/21 15:19:58 graph]: best_f1 0.796 at epoch 19
[2023-03-21 15:19:58] PRINT [03/21 15:19:58 graph]: start epoch 30.
[2023-03-21 15:19:58] PRINT [03/21 15:19:58 graph]: # Epoch 30: train_loss: 0.4739 | lr: 0.000000
[2023-03-21 15:19:59] PRINT [03/21 15:19:59 graph]: --- Testf1: 0.79600, Best Valacc: 0.83200 in epoch 5 --- 
[2023-03-21 15:20:00] PRINT [03/21 15:20:00 graph]: Epoch 30: get test acc score:  0.796
[2023-03-21 15:20:00] PRINT [03/21 15:20:00 graph]: best_f1 0.796 at epoch 19
[2023-03-21 15:20:00] PRINT [03/21 15:20:00 graph]: start epoch 31.
[2023-03-21 15:20:00] PRINT [03/21 15:20:00 graph]: # Epoch 31: train_loss: 0.4744 | lr: 0.000000
[2023-03-21 15:20:01] PRINT [03/21 15:20:01 graph]: --- Testf1: 0.78700, Best Valacc: 0.82800 in epoch 11 --- 
[2023-03-21 15:20:01] PRINT [03/21 15:20:01 graph]: Epoch 31: get test acc score:  0.787
[2023-03-21 15:20:01] PRINT [03/21 15:20:01 graph]: best_f1 0.796 at epoch 19
[2023-03-21 15:20:01] PRINT [03/21 15:20:01 graph]: start epoch 32.
[2023-03-21 15:20:01] PRINT [03/21 15:20:01 graph]: # Epoch 32: train_loss: 0.4740 | lr: 0.000000
[2023-03-21 15:20:02] PRINT [03/21 15:20:02 graph]: --- Testf1: 0.78700, Best Valacc: 0.83000 in epoch 28 --- 
[2023-03-21 15:20:03] PRINT [03/21 15:20:03 graph]: Epoch 32: get test acc score:  0.787
[2023-03-21 15:20:03] PRINT [03/21 15:20:03 graph]: best_f1 0.796 at epoch 19
[2023-03-21 15:20:03] PRINT [03/21 15:20:03 graph]: start epoch 33.
[2023-03-21 15:20:03] PRINT [03/21 15:20:03 graph]: # Epoch 33: train_loss: 0.4745 | lr: 0.000000
[2023-03-21 15:20:04] PRINT [03/21 15:20:04 graph]: --- Testf1: 0.78400, Best Valacc: 0.83600 in epoch 35 --- 
[2023-03-21 15:20:04] PRINT [03/21 15:20:04 graph]: Epoch 33: get test acc score:  0.784
[2023-03-21 15:20:04] PRINT [03/21 15:20:04 graph]: best_f1 0.796 at epoch 19
[2023-03-21 15:20:04] PRINT [03/21 15:20:04 graph]: start epoch 34.
[2023-03-21 15:20:04] PRINT [03/21 15:20:04 graph]: # Epoch 34: train_loss: 0.4741 | lr: 0.000000
[2023-03-21 15:20:05] PRINT [03/21 15:20:05 graph]: --- Testf1: 0.77100, Best Valacc: 0.83200 in epoch 32 --- 
[2023-03-21 15:20:06] PRINT [03/21 15:20:06 graph]: Epoch 34: get test acc score:  0.771
[2023-03-21 15:20:06] PRINT [03/21 15:20:06 graph]: best_f1 0.796 at epoch 19
[2023-03-21 15:20:06] PRINT [03/21 15:20:06 graph]: start epoch 35.
[2023-03-21 15:20:06] PRINT [03/21 15:20:06 graph]: # Epoch 35: train_loss: 0.4740 | lr: 0.000000
[2023-03-21 15:20:07] PRINT [03/21 15:20:07 graph]: --- Testf1: 0.79100, Best Valacc: 0.81400 in epoch 73 --- 
[2023-03-21 15:20:07] PRINT [03/21 15:20:07 graph]: Epoch 35: get test acc score:  0.791
[2023-03-21 15:20:07] PRINT [03/21 15:20:07 graph]: best_f1 0.796 at epoch 19
[2023-03-21 15:20:07] PRINT [03/21 15:20:07 graph]: start epoch 36.
[2023-03-21 15:20:07] PRINT [03/21 15:20:07 graph]: # Epoch 36: train_loss: 0.4742 | lr: 0.000000
[2023-03-21 15:20:08] PRINT [03/21 15:20:08 graph]: --- Testf1: 0.79700, Best Valacc: 0.82000 in epoch 42 --- 
[2023-03-21 15:20:09] PRINT [03/21 15:20:09 graph]: Epoch 36: get test acc score:  0.797
[2023-03-21 15:20:09] PRINT [03/21 15:20:09 graph]: best_f1 0.797 at epoch 36
[2023-03-21 15:20:09] PRINT [03/21 15:20:09 graph]: start epoch 37.
[2023-03-21 15:20:09] PRINT [03/21 15:20:09 graph]: # Epoch 37: train_loss: 0.4748 | lr: 0.000000
[2023-03-21 15:20:10] PRINT [03/21 15:20:10 graph]: --- Testf1: 0.78200, Best Valacc: 0.83600 in epoch 12 --- 
[2023-03-21 15:20:10] PRINT [03/21 15:20:10 graph]: Epoch 37: get test acc score:  0.782
[2023-03-21 15:20:10] PRINT [03/21 15:20:10 graph]: best_f1 0.797 at epoch 36
[2023-03-21 15:20:10] PRINT [03/21 15:20:10 graph]: start epoch 38.
[2023-03-21 15:20:10] PRINT [03/21 15:20:10 graph]: # Epoch 38: train_loss: 0.4738 | lr: 0.000000
[2023-03-21 15:20:11] PRINT [03/21 15:20:11 graph]: --- Testf1: 0.77800, Best Valacc: 0.82600 in epoch 47 --- 
[2023-03-21 15:20:12] PRINT [03/21 15:20:12 graph]: Epoch 38: get test acc score:  0.778
[2023-03-21 15:20:12] PRINT [03/21 15:20:12 graph]: best_f1 0.797 at epoch 36
[2023-03-21 15:20:12] PRINT [03/21 15:20:12 graph]: start epoch 39.
[2023-03-21 15:20:12] PRINT [03/21 15:20:12 graph]: # Epoch 39: train_loss: 0.4743 | lr: 0.000000
[2023-03-21 15:20:13] PRINT [03/21 15:20:13 graph]: --- Testf1: 0.79500, Best Valacc: 0.82600 in epoch 11 --- 
[2023-03-21 15:20:13] PRINT [03/21 15:20:13 graph]: Epoch 39: get test acc score:  0.795
[2023-03-21 15:20:13] PRINT [03/21 15:20:13 graph]: best_f1 0.797 at epoch 36
[2023-03-21 15:20:13] PRINT [03/21 15:20:13 graph]: start epoch 40.
[2023-03-21 15:20:13] PRINT [03/21 15:20:13 graph]: # Epoch 40: train_loss: 0.4749 | lr: 0.000000
[2023-03-21 15:20:14] PRINT [03/21 15:20:14 graph]: --- Testf1: 0.78500, Best Valacc: 0.83400 in epoch 25 --- 
[2023-03-21 15:20:15] PRINT [03/21 15:20:15 graph]: Epoch 40: get test acc score:  0.785
[2023-03-21 15:20:15] PRINT [03/21 15:20:15 graph]: best_f1 0.797 at epoch 36
[2023-03-21 15:20:15] PRINT [03/21 15:20:15 graph]: start epoch 41.
[2023-03-21 15:20:15] PRINT [03/21 15:20:15 graph]: # Epoch 41: train_loss: 0.4742 | lr: 0.000000
[2023-03-21 15:20:16] PRINT [03/21 15:20:16 graph]: --- Testf1: 0.78800, Best Valacc: 0.82200 in epoch 63 --- 
[2023-03-21 15:20:16] PRINT [03/21 15:20:16 graph]: Epoch 41: get test acc score:  0.788
[2023-03-21 15:20:16] PRINT [03/21 15:20:16 graph]: best_f1 0.797 at epoch 36
[2023-03-21 15:20:16] PRINT [03/21 15:20:16 graph]: start epoch 42.
[2023-03-21 15:20:16] PRINT [03/21 15:20:16 graph]: # Epoch 42: train_loss: 0.4746 | lr: 0.000000
[2023-03-21 15:20:17] PRINT [03/21 15:20:17 graph]: --- Testf1: 0.78100, Best Valacc: 0.82200 in epoch 9 --- 
[2023-03-21 15:20:18] PRINT [03/21 15:20:18 graph]: Epoch 42: get test acc score:  0.781
[2023-03-21 15:20:18] PRINT [03/21 15:20:18 graph]: best_f1 0.797 at epoch 36
[2023-03-21 15:20:18] PRINT [03/21 15:20:18 graph]: start epoch 43.
[2023-03-21 15:20:18] PRINT [03/21 15:20:18 graph]: # Epoch 43: train_loss: 0.4748 | lr: 0.000000
[2023-03-21 15:20:19] PRINT [03/21 15:20:19 graph]: --- Testf1: 0.78300, Best Valacc: 0.82800 in epoch 5 --- 
[2023-03-21 15:20:19] PRINT [03/21 15:20:19 graph]: Epoch 43: get test acc score:  0.783
[2023-03-21 15:20:19] PRINT [03/21 15:20:19 graph]: best_f1 0.797 at epoch 36
[2023-03-21 15:20:19] PRINT [03/21 15:20:19 graph]: start epoch 44.
[2023-03-21 15:20:19] PRINT [03/21 15:20:19 graph]: # Epoch 44: train_loss: 0.4744 | lr: 0.000000
[2023-03-21 15:20:20] PRINT [03/21 15:20:20 graph]: --- Testf1: 0.79300, Best Valacc: 0.81200 in epoch 45 --- 
[2023-03-21 15:20:21] PRINT [03/21 15:20:21 graph]: Epoch 44: get test acc score:  0.793
[2023-03-21 15:20:21] PRINT [03/21 15:20:21 graph]: best_f1 0.797 at epoch 36
[2023-03-21 15:20:21] PRINT [03/21 15:20:21 graph]: start epoch 45.
[2023-03-21 15:20:21] PRINT [03/21 15:20:21 graph]: # Epoch 45: train_loss: 0.4739 | lr: 0.000000
[2023-03-21 15:20:22] PRINT [03/21 15:20:22 graph]: --- Testf1: 0.78100, Best Valacc: 0.83200 in epoch 19 --- 
[2023-03-21 15:20:22] PRINT [03/21 15:20:22 graph]: Epoch 45: get test acc score:  0.781
[2023-03-21 15:20:22] PRINT [03/21 15:20:22 graph]: best_f1 0.797 at epoch 36
[2023-03-21 15:20:22] PRINT [03/21 15:20:22 graph]: start epoch 46.
[2023-03-21 15:20:22] PRINT [03/21 15:20:22 graph]: # Epoch 46: train_loss: 0.4741 | lr: 0.000000
[2023-03-21 15:20:23] PRINT [03/21 15:20:23 graph]: --- Testf1: 0.78700, Best Valacc: 0.82200 in epoch 53 --- 
[2023-03-21 15:20:24] PRINT [03/21 15:20:24 graph]: Epoch 46: get test acc score:  0.787
[2023-03-21 15:20:24] PRINT [03/21 15:20:24 graph]: best_f1 0.797 at epoch 36
[2023-03-21 15:20:24] PRINT [03/21 15:20:24 graph]: start epoch 47.
[2023-03-21 15:20:24] PRINT [03/21 15:20:24 graph]: # Epoch 47: train_loss: 0.4753 | lr: 0.000000
[2023-03-21 15:20:25] PRINT [03/21 15:20:25 graph]: --- Testf1: 0.77700, Best Valacc: 0.83200 in epoch 23 --- 
[2023-03-21 15:20:25] PRINT [03/21 15:20:25 graph]: Epoch 47: get test acc score:  0.777
[2023-03-21 15:20:25] PRINT [03/21 15:20:25 graph]: best_f1 0.797 at epoch 36
[2023-03-21 15:20:25] PRINT [03/21 15:20:25 graph]: start epoch 48.
[2023-03-21 15:20:25] PRINT [03/21 15:20:25 graph]: # Epoch 48: train_loss: 0.4739 | lr: 0.000000
[2023-03-21 15:20:26] PRINT [03/21 15:20:26 graph]: --- Testf1: 0.78100, Best Valacc: 0.82600 in epoch 42 --- 
[2023-03-21 15:20:27] PRINT [03/21 15:20:27 graph]: Epoch 48: get test acc score:  0.781
[2023-03-21 15:20:27] PRINT [03/21 15:20:27 graph]: best_f1 0.797 at epoch 36
[2023-03-21 15:20:27] PRINT [03/21 15:20:27 graph]: start epoch 49.
[2023-03-21 15:20:27] PRINT [03/21 15:20:27 graph]: # Epoch 49: train_loss: 0.4746 | lr: 0.000000
[2023-03-21 15:20:28] PRINT [03/21 15:20:28 graph]: --- Testf1: 0.78200, Best Valacc: 0.82600 in epoch 9 --- 
[2023-03-21 15:20:28] PRINT [03/21 15:20:28 graph]: Epoch 49: get test acc score:  0.782
[2023-03-21 15:20:28] PRINT [03/21 15:20:28 graph]: best_f1 0.797 at epoch 36
[2023-03-21 15:20:28] PRINT [03/21 15:20:28 graph]: start epoch 50.
[2023-03-21 15:20:28] PRINT [03/21 15:20:28 graph]: # Epoch 50: train_loss: 0.4741 | lr: 0.000000
[2023-03-21 15:20:29] PRINT [03/21 15:20:29 graph]: --- Testf1: 0.78300, Best Valacc: 0.82000 in epoch 54 --- 
[2023-03-21 15:20:30] PRINT [03/21 15:20:30 graph]: Epoch 50: get test acc score:  0.783
[2023-03-21 15:20:30] PRINT [03/21 15:20:30 graph]: best_f1 0.797 at epoch 36
[2023-03-21 15:20:30] PRINT [03/21 15:20:30 graph]: start epoch 51.
[2023-03-21 15:20:30] PRINT [03/21 15:20:30 graph]: # Epoch 51: train_loss: 0.4743 | lr: 0.000000
[2023-03-21 15:20:31] PRINT [03/21 15:20:31 graph]: --- Testf1: 0.77600, Best Valacc: 0.82400 in epoch 40 --- 
[2023-03-21 15:20:31] PRINT [03/21 15:20:31 graph]: Epoch 51: get test acc score:  0.776
[2023-03-21 15:20:31] PRINT [03/21 15:20:31 graph]: best_f1 0.797 at epoch 36
[2023-03-21 15:20:31] PRINT [03/21 15:20:31 graph]: start epoch 52.
[2023-03-21 15:20:31] PRINT [03/21 15:20:31 graph]: # Epoch 52: train_loss: 0.4746 | lr: 0.000000
[2023-03-21 15:20:32] PRINT [03/21 15:20:32 graph]: --- Testf1: 0.78800, Best Valacc: 0.83000 in epoch 30 --- 
[2023-03-21 15:20:33] PRINT [03/21 15:20:33 graph]: Epoch 52: get test acc score:  0.788
[2023-03-21 15:20:33] PRINT [03/21 15:20:33 graph]: best_f1 0.797 at epoch 36
[2023-03-21 15:20:33] PRINT [03/21 15:20:33 graph]: start epoch 53.
[2023-03-21 15:20:33] PRINT [03/21 15:20:33 graph]: # Epoch 53: train_loss: 0.4743 | lr: 0.000000
[2023-03-21 15:20:34] PRINT [03/21 15:20:34 graph]: --- Testf1: 0.79000, Best Valacc: 0.81600 in epoch 7 --- 
[2023-03-21 15:20:34] PRINT [03/21 15:20:34 graph]: Epoch 53: get test acc score:  0.790
[2023-03-21 15:20:34] PRINT [03/21 15:20:34 graph]: best_f1 0.797 at epoch 36
[2023-03-21 15:20:34] PRINT [03/21 15:20:34 graph]: start epoch 54.
[2023-03-21 15:20:34] PRINT [03/21 15:20:34 graph]: # Epoch 54: train_loss: 0.4746 | lr: 0.000000
[2023-03-21 15:20:35] PRINT [03/21 15:20:35 graph]: --- Testf1: 0.76700, Best Valacc: 0.82200 in epoch 33 --- 
[2023-03-21 15:20:36] PRINT [03/21 15:20:36 graph]: Epoch 54: get test acc score:  0.767
[2023-03-21 15:20:36] PRINT [03/21 15:20:36 graph]: best_f1 0.797 at epoch 36
[2023-03-21 15:20:36] PRINT [03/21 15:20:36 graph]: start epoch 55.
[2023-03-21 15:20:36] PRINT [03/21 15:20:36 graph]: # Epoch 55: train_loss: 0.4749 | lr: 0.000000
[2023-03-21 15:20:37] PRINT [03/21 15:20:37 graph]: --- Testf1: 0.78600, Best Valacc: 0.82800 in epoch 30 --- 
[2023-03-21 15:20:37] PRINT [03/21 15:20:37 graph]: Epoch 55: get test acc score:  0.786
[2023-03-21 15:20:37] PRINT [03/21 15:20:37 graph]: best_f1 0.797 at epoch 36
[2023-03-21 15:20:37] PRINT [03/21 15:20:37 graph]: start epoch 56.
[2023-03-21 15:20:37] PRINT [03/21 15:20:37 graph]: # Epoch 56: train_loss: 0.4748 | lr: 0.000000
[2023-03-21 15:20:38] PRINT [03/21 15:20:38 graph]: --- Testf1: 0.77100, Best Valacc: 0.81800 in epoch 34 --- 
[2023-03-21 15:20:39] PRINT [03/21 15:20:39 graph]: Epoch 56: get test acc score:  0.771
[2023-03-21 15:20:39] PRINT [03/21 15:20:39 graph]: best_f1 0.797 at epoch 36
[2023-03-21 15:20:39] PRINT [03/21 15:20:39 graph]: start epoch 57.
[2023-03-21 15:20:39] PRINT [03/21 15:20:39 graph]: # Epoch 57: train_loss: 0.4741 | lr: 0.000000
[2023-03-21 15:20:40] PRINT [03/21 15:20:40 graph]: --- Testf1: 0.78400, Best Valacc: 0.83000 in epoch 43 --- 
[2023-03-21 15:20:40] PRINT [03/21 15:20:40 graph]: Epoch 57: get test acc score:  0.784
[2023-03-21 15:20:40] PRINT [03/21 15:20:40 graph]: best_f1 0.797 at epoch 36
[2023-03-21 15:20:40] PRINT [03/21 15:20:40 graph]: start epoch 58.
[2023-03-21 15:20:40] PRINT [03/21 15:20:40 graph]: # Epoch 58: train_loss: 0.4753 | lr: 0.000000
[2023-03-21 15:20:41] PRINT [03/21 15:20:41 graph]: --- Testf1: 0.79100, Best Valacc: 0.82200 in epoch 32 --- 
[2023-03-21 15:20:41] PRINT [03/21 15:20:41 graph]: Epoch 58: get test acc score:  0.791
[2023-03-21 15:20:41] PRINT [03/21 15:20:41 graph]: best_f1 0.797 at epoch 36
[2023-03-21 15:20:41] PRINT [03/21 15:20:41 graph]: start epoch 59.
[2023-03-21 15:20:42] PRINT [03/21 15:20:42 graph]: # Epoch 59: train_loss: 0.4746 | lr: 0.000000
[2023-03-21 15:20:43] PRINT [03/21 15:20:43 graph]: --- Testf1: 0.79100, Best Valacc: 0.81000 in epoch 10 --- 
[2023-03-21 15:20:43] PRINT [03/21 15:20:43 graph]: Epoch 59: get test acc score:  0.791
[2023-03-21 15:20:43] PRINT [03/21 15:20:43 graph]: best_f1 0.797 at epoch 36
[2023-03-21 15:20:43] PRINT [03/21 15:20:43 graph]: start epoch 60.
[2023-03-21 15:20:43] PRINT [03/21 15:20:43 graph]: # Epoch 60: train_loss: 0.4741 | lr: 0.000000
[2023-03-21 15:20:44] PRINT [03/21 15:20:44 graph]: --- Testf1: 0.78300, Best Valacc: 0.81000 in epoch 27 --- 
[2023-03-21 15:20:44] PRINT [03/21 15:20:44 graph]: Epoch 60: get test acc score:  0.783
[2023-03-21 15:20:44] PRINT [03/21 15:20:44 graph]: best_f1 0.797 at epoch 36
[2023-03-21 15:20:44] PRINT [03/21 15:20:44 graph]: start epoch 61.
[2023-03-21 15:20:45] PRINT [03/21 15:20:45 graph]: # Epoch 61: train_loss: 0.4746 | lr: 0.000000
[2023-03-21 15:20:46] PRINT [03/21 15:20:46 graph]: --- Testf1: 0.78300, Best Valacc: 0.82400 in epoch 28 --- 
[2023-03-21 15:20:46] PRINT [03/21 15:20:46 graph]: Epoch 61: get test acc score:  0.783
[2023-03-21 15:20:46] PRINT [03/21 15:20:46 graph]: best_f1 0.797 at epoch 36
[2023-03-21 15:20:46] PRINT [03/21 15:20:46 graph]: start epoch 62.
[2023-03-21 15:20:46] PRINT [03/21 15:20:46 graph]: # Epoch 62: train_loss: 0.4742 | lr: 0.000000
[2023-03-21 15:20:47] PRINT [03/21 15:20:47 graph]: --- Testf1: 0.78900, Best Valacc: 0.81600 in epoch 33 --- 
[2023-03-21 15:20:47] PRINT [03/21 15:20:47 graph]: Epoch 62: get test acc score:  0.789
[2023-03-21 15:20:47] PRINT [03/21 15:20:47 graph]: best_f1 0.797 at epoch 36
[2023-03-21 15:20:47] PRINT [03/21 15:20:47 graph]: start epoch 63.
[2023-03-21 15:20:48] PRINT [03/21 15:20:48 graph]: # Epoch 63: train_loss: 0.4742 | lr: 0.000000
[2023-03-21 15:20:49] PRINT [03/21 15:20:49 graph]: --- Testf1: 0.78800, Best Valacc: 0.82400 in epoch 29 --- 
[2023-03-21 15:20:49] PRINT [03/21 15:20:49 graph]: Epoch 63: get test acc score:  0.788
[2023-03-21 15:20:49] PRINT [03/21 15:20:49 graph]: best_f1 0.797 at epoch 36
[2023-03-21 15:20:49] PRINT [03/21 15:20:49 graph]: start epoch 64.
[2023-03-21 15:20:49] PRINT [03/21 15:20:49 graph]: # Epoch 64: train_loss: 0.4739 | lr: 0.000000
[2023-03-21 15:20:50] PRINT [03/21 15:20:50 graph]: --- Testf1: 0.78900, Best Valacc: 0.84200 in epoch 15 --- 
[2023-03-21 15:20:51] PRINT [03/21 15:20:50 graph]: Epoch 64: get test acc score:  0.789
[2023-03-21 15:20:51] PRINT [03/21 15:20:51 graph]: best_f1 0.797 at epoch 36
[2023-03-21 15:20:51] PRINT [03/21 15:20:51 graph]: start epoch 65.
[2023-03-21 15:20:51] PRINT [03/21 15:20:51 graph]: # Epoch 65: train_loss: 0.4744 | lr: 0.000000
[2023-03-21 15:20:52] PRINT [03/21 15:20:52 graph]: --- Testf1: 0.78400, Best Valacc: 0.83400 in epoch 8 --- 
[2023-03-21 15:20:52] PRINT [03/21 15:20:52 graph]: Epoch 65: get test acc score:  0.784
[2023-03-21 15:20:52] PRINT [03/21 15:20:52 graph]: best_f1 0.797 at epoch 36
[2023-03-21 15:20:52] PRINT [03/21 15:20:52 graph]: start epoch 66.
[2023-03-21 15:20:52] PRINT [03/21 15:20:52 graph]: # Epoch 66: train_loss: 0.4743 | lr: 0.000000
[2023-03-21 15:20:53] PRINT [03/21 15:20:53 graph]: --- Testf1: 0.77100, Best Valacc: 0.82800 in epoch 10 --- 
[2023-03-21 15:20:53] PRINT [03/21 15:20:53 graph]: Epoch 66: get test acc score:  0.771
[2023-03-21 15:20:53] PRINT [03/21 15:20:53 graph]: best_f1 0.797 at epoch 36
[2023-03-21 15:20:53] PRINT [03/21 15:20:53 graph]: start epoch 67.
[2023-03-21 15:20:54] PRINT [03/21 15:20:54 graph]: # Epoch 67: train_loss: 0.4741 | lr: 0.000000
[2023-03-21 15:20:55] PRINT [03/21 15:20:55 graph]: --- Testf1: 0.78700, Best Valacc: 0.83800 in epoch 22 --- 
[2023-03-21 15:20:55] PRINT [03/21 15:20:55 graph]: Epoch 67: get test acc score:  0.787
[2023-03-21 15:20:55] PRINT [03/21 15:20:55 graph]: best_f1 0.797 at epoch 36
[2023-03-21 15:20:55] PRINT [03/21 15:20:55 graph]: start epoch 68.
[2023-03-21 15:20:55] PRINT [03/21 15:20:55 graph]: # Epoch 68: train_loss: 0.4748 | lr: 0.000000
[2023-03-21 15:20:56] PRINT [03/21 15:20:56 graph]: --- Testf1: 0.78900, Best Valacc: 0.82600 in epoch 8 --- 
[2023-03-21 15:20:57] PRINT [03/21 15:20:57 graph]: Epoch 68: get test acc score:  0.789
[2023-03-21 15:20:57] PRINT [03/21 15:20:57 graph]: best_f1 0.797 at epoch 36
[2023-03-21 15:20:57] PRINT [03/21 15:20:57 graph]: start epoch 69.
[2023-03-21 15:20:57] PRINT [03/21 15:20:57 graph]: # Epoch 69: train_loss: 0.4736 | lr: 0.000000
[2023-03-21 15:20:58] PRINT [03/21 15:20:58 graph]: --- Testf1: 0.77700, Best Valacc: 0.81600 in epoch 40 --- 
[2023-03-21 15:20:58] PRINT [03/21 15:20:58 graph]: Epoch 69: get test acc score:  0.777
[2023-03-21 15:20:58] PRINT [03/21 15:20:58 graph]: best_f1 0.797 at epoch 36
[2023-03-21 15:20:58] PRINT [03/21 15:20:58 graph]: start epoch 70.
[2023-03-21 15:20:58] PRINT [03/21 15:20:58 graph]: # Epoch 70: train_loss: 0.4746 | lr: 0.000000
[2023-03-21 15:21:04] PRINT [03/21 15:21:04 graph]: --- Testf1: 0.77900, Best Valacc: 0.81600 in epoch 13 --- 
[2023-03-21 15:21:04] PRINT [03/21 15:21:04 graph]: Epoch 70: get test acc score:  0.779
[2023-03-21 15:21:04] PRINT [03/21 15:21:04 graph]: best_f1 0.797 at epoch 36
[2023-03-21 15:21:04] PRINT [03/21 15:21:04 graph]: start epoch 71.
[2023-03-21 15:21:04] PRINT [03/21 15:21:04 graph]: # Epoch 71: train_loss: 0.4739 | lr: 0.000000
[2023-03-21 15:21:07] PRINT [03/21 15:21:07 graph]: --- Testf1: 0.78100, Best Valacc: 0.82400 in epoch 44 --- 
[2023-03-21 15:21:07] PRINT [03/21 15:21:07 graph]: Epoch 71: get test acc score:  0.781
[2023-03-21 15:21:07] PRINT [03/21 15:21:07 graph]: best_f1 0.797 at epoch 36
[2023-03-21 15:21:07] PRINT [03/21 15:21:07 graph]: start epoch 72.
[2023-03-21 15:21:07] PRINT [03/21 15:21:07 graph]: # Epoch 72: train_loss: 0.4745 | lr: 0.000000
[2023-03-21 15:21:09] PRINT [03/21 15:21:09 graph]: --- Testf1: 0.78100, Best Valacc: 0.81400 in epoch 53 --- 
[2023-03-21 15:21:09] PRINT [03/21 15:21:09 graph]: Epoch 72: get test acc score:  0.781
[2023-03-21 15:21:09] PRINT [03/21 15:21:09 graph]: best_f1 0.797 at epoch 36
[2023-03-21 15:21:09] PRINT [03/21 15:21:09 graph]: start epoch 73.
[2023-03-21 15:21:09] PRINT [03/21 15:21:09 graph]: # Epoch 73: train_loss: 0.4744 | lr: 0.000000
[2023-03-21 15:21:11] PRINT [03/21 15:21:11 graph]: --- Testf1: 0.78000, Best Valacc: 0.81800 in epoch 46 --- 
[2023-03-21 15:21:11] PRINT [03/21 15:21:11 graph]: Epoch 73: get test acc score:  0.780
[2023-03-21 15:21:11] PRINT [03/21 15:21:11 graph]: best_f1 0.797 at epoch 36
[2023-03-21 15:21:11] PRINT [03/21 15:21:11 graph]: start epoch 74.
[2023-03-21 15:21:11] PRINT [03/21 15:21:11 graph]: # Epoch 74: train_loss: 0.4742 | lr: 0.000000
[2023-03-21 15:21:13] PRINT [03/21 15:21:13 graph]: --- Testf1: 0.79200, Best Valacc: 0.83000 in epoch 23 --- 
[2023-03-21 15:21:13] PRINT [03/21 15:21:13 graph]: Epoch 74: get test acc score:  0.792
[2023-03-21 15:21:13] PRINT [03/21 15:21:13 graph]: best_f1 0.797 at epoch 36
[2023-03-21 15:21:13] PRINT [03/21 15:21:13 graph]: start epoch 75.
[2023-03-21 15:21:13] PRINT [03/21 15:21:13 graph]: # Epoch 75: train_loss: 0.4745 | lr: 0.000000
[2023-03-21 15:21:14] PRINT [03/21 15:21:14 graph]: --- Testf1: 0.78200, Best Valacc: 0.82400 in epoch 5 --- 
[2023-03-21 15:21:15] PRINT [03/21 15:21:15 graph]: Epoch 75: get test acc score:  0.782
[2023-03-21 15:21:15] PRINT [03/21 15:21:15 graph]: best_f1 0.797 at epoch 36
[2023-03-21 15:21:15] PRINT [03/21 15:21:15 graph]: start epoch 76.
[2023-03-21 15:21:15] PRINT [03/21 15:21:15 graph]: # Epoch 76: train_loss: 0.4746 | lr: 0.000000
[2023-03-21 15:21:16] PRINT [03/21 15:21:16 graph]: --- Testf1: 0.79100, Best Valacc: 0.82600 in epoch 11 --- 
[2023-03-21 15:21:17] PRINT [03/21 15:21:17 graph]: Epoch 76: get test acc score:  0.791
[2023-03-21 15:21:17] PRINT [03/21 15:21:17 graph]: best_f1 0.797 at epoch 36
[2023-03-21 15:21:17] PRINT [03/21 15:21:17 graph]: start epoch 77.
[2023-03-21 15:21:17] PRINT [03/21 15:21:17 graph]: # Epoch 77: train_loss: 0.4743 | lr: 0.000000
[2023-03-21 15:21:18] PRINT [03/21 15:21:18 graph]: --- Testf1: 0.78800, Best Valacc: 0.82800 in epoch 14 --- 
[2023-03-21 15:21:19] PRINT [03/21 15:21:19 graph]: Epoch 77: get test acc score:  0.788
[2023-03-21 15:21:19] PRINT [03/21 15:21:19 graph]: best_f1 0.797 at epoch 36
[2023-03-21 15:21:19] PRINT [03/21 15:21:19 graph]: start epoch 78.
[2023-03-21 15:21:19] PRINT [03/21 15:21:19 graph]: # Epoch 78: train_loss: 0.4749 | lr: 0.000000
[2023-03-21 15:21:20] PRINT [03/21 15:21:20 graph]: --- Testf1: 0.79700, Best Valacc: 0.82800 in epoch 13 --- 
[2023-03-21 15:21:20] PRINT [03/21 15:21:20 graph]: Epoch 78: get test acc score:  0.797
[2023-03-21 15:21:20] PRINT [03/21 15:21:20 graph]: best_f1 0.797 at epoch 36
[2023-03-21 15:21:20] PRINT [03/21 15:21:20 graph]: start epoch 79.
[2023-03-21 15:21:21] PRINT [03/21 15:21:21 graph]: # Epoch 79: train_loss: 0.4741 | lr: 0.000000
[2023-03-21 15:21:22] PRINT [03/21 15:21:22 graph]: --- Testf1: 0.76800, Best Valacc: 0.83000 in epoch 57 --- 
[2023-03-21 15:21:22] PRINT [03/21 15:21:22 graph]: Epoch 79: get test acc score:  0.768
[2023-03-21 15:21:22] PRINT [03/21 15:21:22 graph]: best_f1 0.797 at epoch 36
[2023-03-21 15:21:22] PRINT [03/21 15:21:22 graph]: start epoch 80.
[2023-03-21 15:21:23] PRINT [03/21 15:21:23 graph]: # Epoch 80: train_loss: 0.4744 | lr: 0.000000
[2023-03-21 15:21:24] PRINT [03/21 15:21:24 graph]: --- Testf1: 0.78700, Best Valacc: 0.82000 in epoch 10 --- 
[2023-03-21 15:21:24] PRINT [03/21 15:21:24 graph]: Epoch 80: get test acc score:  0.787
[2023-03-21 15:21:24] PRINT [03/21 15:21:24 graph]: best_f1 0.797 at epoch 36
[2023-03-21 15:21:24] PRINT [03/21 15:21:24 graph]: start epoch 81.
[2023-03-21 15:21:24] PRINT [03/21 15:21:24 graph]: # Epoch 81: train_loss: 0.4742 | lr: 0.000000
[2023-03-21 15:21:26] PRINT [03/21 15:21:26 graph]: --- Testf1: 0.77800, Best Valacc: 0.82200 in epoch 45 --- 
[2023-03-21 15:21:26] PRINT [03/21 15:21:26 graph]: Epoch 81: get test acc score:  0.778
[2023-03-21 15:21:26] PRINT [03/21 15:21:26 graph]: best_f1 0.797 at epoch 36
[2023-03-21 15:21:26] PRINT [03/21 15:21:26 graph]: start epoch 82.
[2023-03-21 15:21:26] PRINT [03/21 15:21:26 graph]: # Epoch 82: train_loss: 0.4741 | lr: 0.000000
[2023-03-21 15:21:28] PRINT [03/21 15:21:28 graph]: --- Testf1: 0.78200, Best Valacc: 0.82200 in epoch 19 --- 
[2023-03-21 15:21:28] PRINT [03/21 15:21:28 graph]: Epoch 82: get test acc score:  0.782
[2023-03-21 15:21:28] PRINT [03/21 15:21:28 graph]: best_f1 0.797 at epoch 36
[2023-03-21 15:21:28] PRINT [03/21 15:21:28 graph]: start epoch 83.
[2023-03-21 15:21:28] PRINT [03/21 15:21:28 graph]: # Epoch 83: train_loss: 0.4747 | lr: 0.000000
[2023-03-21 15:21:30] PRINT [03/21 15:21:30 graph]: --- Testf1: 0.77600, Best Valacc: 0.83200 in epoch 32 --- 
[2023-03-21 15:21:30] PRINT [03/21 15:21:30 graph]: Epoch 83: get test acc score:  0.776
[2023-03-21 15:21:30] PRINT [03/21 15:21:30 graph]: best_f1 0.797 at epoch 36
[2023-03-21 15:21:30] PRINT [03/21 15:21:30 graph]: start epoch 84.
[2023-03-21 15:21:30] PRINT [03/21 15:21:30 graph]: # Epoch 84: train_loss: 0.4749 | lr: 0.000000
[2023-03-21 15:21:32] PRINT [03/21 15:21:32 graph]: --- Testf1: 0.78300, Best Valacc: 0.84400 in epoch 9 --- 
[2023-03-21 15:21:32] PRINT [03/21 15:21:32 graph]: Epoch 84: get test acc score:  0.783
[2023-03-21 15:21:32] PRINT [03/21 15:21:32 graph]: best_f1 0.797 at epoch 36
[2023-03-21 15:21:32] PRINT [03/21 15:21:32 graph]: start epoch 85.
[2023-03-21 15:21:32] PRINT [03/21 15:21:32 graph]: # Epoch 85: train_loss: 0.4751 | lr: 0.000000
[2023-03-21 15:21:34] PRINT [03/21 15:21:34 graph]: --- Testf1: 0.78600, Best Valacc: 0.82600 in epoch 4 --- 
[2023-03-21 15:21:34] PRINT [03/21 15:21:34 graph]: Epoch 85: get test acc score:  0.786
[2023-03-21 15:21:34] PRINT [03/21 15:21:34 graph]: best_f1 0.797 at epoch 36
[2023-03-21 15:21:34] PRINT [03/21 15:21:34 graph]: start epoch 86.
[2023-03-21 15:21:34] PRINT [03/21 15:21:34 graph]: # Epoch 86: train_loss: 0.4742 | lr: 0.000000
[2023-03-21 15:21:36] PRINT [03/21 15:21:36 graph]: --- Testf1: 0.78500, Best Valacc: 0.83600 in epoch 57 --- 
[2023-03-21 15:21:36] PRINT [03/21 15:21:36 graph]: Epoch 86: get test acc score:  0.785
[2023-03-21 15:21:36] PRINT [03/21 15:21:36 graph]: best_f1 0.797 at epoch 36
[2023-03-21 15:21:36] PRINT [03/21 15:21:36 graph]: start epoch 87.
[2023-03-21 15:21:36] PRINT [03/21 15:21:36 graph]: # Epoch 87: train_loss: 0.4743 | lr: 0.000000
[2023-03-21 15:21:38] PRINT [03/21 15:21:38 graph]: --- Testf1: 0.78200, Best Valacc: 0.82400 in epoch 44 --- 
[2023-03-21 15:21:38] PRINT [03/21 15:21:38 graph]: Epoch 87: get test acc score:  0.782
[2023-03-21 15:21:38] PRINT [03/21 15:21:38 graph]: best_f1 0.797 at epoch 36
[2023-03-21 15:21:38] PRINT [03/21 15:21:38 graph]: start epoch 88.
[2023-03-21 15:21:38] PRINT [03/21 15:21:38 graph]: # Epoch 88: train_loss: 0.4748 | lr: 0.000000
[2023-03-21 15:21:39] PRINT [03/21 15:21:39 graph]: --- Testf1: 0.78200, Best Valacc: 0.82800 in epoch 24 --- 
[2023-03-21 15:21:40] PRINT [03/21 15:21:40 graph]: Epoch 88: get test acc score:  0.782
[2023-03-21 15:21:40] PRINT [03/21 15:21:40 graph]: best_f1 0.797 at epoch 36
[2023-03-21 15:21:40] PRINT [03/21 15:21:40 graph]: start epoch 89.
[2023-03-21 15:21:40] PRINT [03/21 15:21:40 graph]: # Epoch 89: train_loss: 0.4748 | lr: 0.000000
[2023-03-21 15:21:41] PRINT [03/21 15:21:41 graph]: --- Testf1: 0.77800, Best Valacc: 0.82400 in epoch 25 --- 
[2023-03-21 15:21:42] PRINT [03/21 15:21:42 graph]: Epoch 89: get test acc score:  0.778
[2023-03-21 15:21:42] PRINT [03/21 15:21:42 graph]: best_f1 0.797 at epoch 36
[2023-03-21 15:21:42] PRINT [03/21 15:21:42 graph]: start epoch 90.
[2023-03-21 15:21:42] PRINT [03/21 15:21:42 graph]: # Epoch 90: train_loss: 0.4741 | lr: 0.000000
[2023-03-21 15:21:43] PRINT [03/21 15:21:43 graph]: --- Testf1: 0.77800, Best Valacc: 0.81600 in epoch 36 --- 
[2023-03-21 15:21:44] PRINT [03/21 15:21:44 graph]: Epoch 90: get test acc score:  0.778
[2023-03-21 15:21:44] PRINT [03/21 15:21:44 graph]: best_f1 0.797 at epoch 36
[2023-03-21 15:21:44] PRINT [03/21 15:21:44 graph]: start epoch 91.
[2023-03-21 15:21:44] PRINT [03/21 15:21:44 graph]: # Epoch 91: train_loss: 0.4744 | lr: 0.000000
[2023-03-21 15:21:45] PRINT [03/21 15:21:45 graph]: --- Testf1: 0.79600, Best Valacc: 0.81600 in epoch 7 --- 
[2023-03-21 15:21:46] PRINT [03/21 15:21:46 graph]: Epoch 91: get test acc score:  0.796
[2023-03-21 15:21:46] PRINT [03/21 15:21:46 graph]: best_f1 0.797 at epoch 36
[2023-03-21 15:21:46] PRINT [03/21 15:21:46 graph]: start epoch 92.
[2023-03-21 15:21:46] PRINT [03/21 15:21:46 graph]: # Epoch 92: train_loss: 0.4739 | lr: 0.000000
[2023-03-21 15:21:47] PRINT [03/21 15:21:47 graph]: --- Testf1: 0.78000, Best Valacc: 0.82600 in epoch 42 --- 
[2023-03-21 15:21:47] PRINT [03/21 15:21:47 graph]: Epoch 92: get test acc score:  0.780
[2023-03-21 15:21:47] PRINT [03/21 15:21:47 graph]: best_f1 0.797 at epoch 36
[2023-03-21 15:21:47] PRINT [03/21 15:21:47 graph]: start epoch 93.
[2023-03-21 15:21:48] PRINT [03/21 15:21:48 graph]: # Epoch 93: train_loss: 0.4739 | lr: 0.000000
[2023-03-21 15:21:49] PRINT [03/21 15:21:49 graph]: --- Testf1: 0.79600, Best Valacc: 0.83200 in epoch 8 --- 
[2023-03-21 15:21:49] PRINT [03/21 15:21:49 graph]: Epoch 93: get test acc score:  0.796
[2023-03-21 15:21:49] PRINT [03/21 15:21:49 graph]: best_f1 0.797 at epoch 36
[2023-03-21 15:21:49] PRINT [03/21 15:21:49 graph]: start epoch 94.
[2023-03-21 15:21:50] PRINT [03/21 15:21:50 graph]: # Epoch 94: train_loss: 0.4743 | lr: 0.000000
[2023-03-21 15:21:51] PRINT [03/21 15:21:51 graph]: --- Testf1: 0.77900, Best Valacc: 0.82400 in epoch 10 --- 
[2023-03-21 15:21:51] PRINT [03/21 15:21:51 graph]: Epoch 94: get test acc score:  0.779
[2023-03-21 15:21:51] PRINT [03/21 15:21:51 graph]: best_f1 0.797 at epoch 36
[2023-03-21 15:21:51] PRINT [03/21 15:21:51 graph]: start epoch 95.
[2023-03-21 15:21:51] PRINT [03/21 15:21:51 graph]: # Epoch 95: train_loss: 0.4747 | lr: 0.000000
[2023-03-21 15:21:53] PRINT [03/21 15:21:53 graph]: --- Testf1: 0.77400, Best Valacc: 0.81400 in epoch 28 --- 
[2023-03-21 15:21:53] PRINT [03/21 15:21:53 graph]: Epoch 95: get test acc score:  0.774
[2023-03-21 15:21:53] PRINT [03/21 15:21:53 graph]: best_f1 0.797 at epoch 36
[2023-03-21 15:21:53] PRINT [03/21 15:21:53 graph]: start epoch 96.
[2023-03-21 15:21:53] PRINT [03/21 15:21:53 graph]: # Epoch 96: train_loss: 0.4739 | lr: 0.000000
[2023-03-21 15:21:55] PRINT [03/21 15:21:55 graph]: --- Testf1: 0.78100, Best Valacc: 0.83400 in epoch 43 --- 
[2023-03-21 15:21:55] PRINT [03/21 15:21:55 graph]: Epoch 96: get test acc score:  0.781
[2023-03-21 15:21:55] PRINT [03/21 15:21:55 graph]: best_f1 0.797 at epoch 36
[2023-03-21 15:21:55] PRINT [03/21 15:21:55 graph]: start epoch 97.
[2023-03-21 15:21:55] PRINT [03/21 15:21:55 graph]: # Epoch 97: train_loss: 0.4748 | lr: 0.000000
[2023-03-21 15:21:57] PRINT [03/21 15:21:57 graph]: --- Testf1: 0.76900, Best Valacc: 0.82400 in epoch 40 --- 
[2023-03-21 15:21:57] PRINT [03/21 15:21:57 graph]: Epoch 97: get test acc score:  0.769
[2023-03-21 15:21:57] PRINT [03/21 15:21:57 graph]: best_f1 0.797 at epoch 36
[2023-03-21 15:21:57] PRINT [03/21 15:21:57 graph]: start epoch 98.
[2023-03-21 15:21:57] PRINT [03/21 15:21:57 graph]: # Epoch 98: train_loss: 0.4744 | lr: 0.000000
[2023-03-21 15:21:59] PRINT [03/21 15:21:59 graph]: --- Testf1: 0.79000, Best Valacc: 0.83400 in epoch 9 --- 
[2023-03-21 15:21:59] PRINT [03/21 15:21:59 graph]: Epoch 98: get test acc score:  0.790
[2023-03-21 15:21:59] PRINT [03/21 15:21:59 graph]: best_f1 0.797 at epoch 36
[2023-03-21 15:21:59] PRINT [03/21 15:21:59 graph]: start epoch 99.
[2023-03-21 15:21:59] PRINT [03/21 15:21:59 graph]: # Epoch 99: train_loss: 0.4745 | lr: 0.000000
[2023-03-21 15:22:01] PRINT [03/21 15:22:01 graph]: --- Testf1: 0.77900, Best Valacc: 0.82400 in epoch 35 --- 
[2023-03-21 15:22:01] PRINT [03/21 15:22:01 graph]: Epoch 99: get test acc score:  0.779
[2023-03-21 15:22:01] PRINT [03/21 15:22:01 graph]: best_f1 0.797 at epoch 36
[2023-03-21 15:22:01] PRINT [03/21 15:22:01 graph]: # final_acc: 0.7970±0.0000
