[2023-03-12 15:14:25] PRINT ---new cfg------
[2023-03-12 15:14:25] PRINT {'DATA': {'data_name': 'cora'}, 'DATALOADER': {'NUM_WORKERS': 0}, 'MODEL': {'num_hidden': 1024, 'num_layers': 2, 'nhead': 4, 'activation': 'prelu', 'attn_drop': 0.5, 'feat_drop': 0.30000000000000004, 'norm': 'layernorm', 'pooler': 'mean', 'beta_schedule': 'quad', 'beta_1': 0.0008871722662015193, 'beta_T': 0.04787012250785939, 'T': 585}, 'SOLVER': {'optim_type': 'adam', 'optim_type_f': 'adamw', 'alpha': 0.8, 'decay': 10, 'LR': 7.71504092612918e-05, 'LR_f': 0.0003380148108761211, 'weight_decay': 0, 'weight_decay_f': 4.10832592391772e-05, 'MAX_EPOCH': 100, 'max_epoch_f': 100}, 'DEVICE': 'cuda', 'seeds': [0], 'eval_T': [50, 100, 200], 'output_dir': '/ddm-nni/Cora/log', 'checkpoint_dir': '/ddm-nni/Cora/log/checkpoint'}
[2023-03-12 15:14:25] PRINT [03/12 15:14:25 graph]: Rank of current process: 0. World size: 1
[2023-03-12 15:14:29] PRINT [03/12 15:14:29 graph]: Environment info:
[2023-03-12 15:14:29] PRINT PyTorch version: 1.10.0+cu113
[2023-03-12 15:14:29] PRINT Is debug build: False
[2023-03-12 15:14:29] PRINT CUDA used to build PyTorch: 11.3
[2023-03-12 15:14:29] PRINT ROCM used to build PyTorch: N/A
[2023-03-12 15:14:29] PRINT 
[2023-03-12 15:14:29] PRINT OS: Ubuntu 20.04.3 LTS (x86_64)
[2023-03-12 15:14:29] PRINT GCC version: (Ubuntu 9.3.0-17ubuntu1~20.04) 9.3.0
[2023-03-12 15:14:29] PRINT Clang version: Could not collect
[2023-03-12 15:14:29] PRINT CMake version: version 3.16.3
[2023-03-12 15:14:29] PRINT Libc version: glibc-2.31
[2023-03-12 15:14:29] PRINT 
[2023-03-12 15:14:29] PRINT Python version: 3.8.10 (default, Jun  4 2021, 15:09:15)  [GCC 7.5.0] (64-bit runtime)
[2023-03-12 15:14:29] PRINT Python platform: Linux-5.4.0-90-generic-x86_64-with-glibc2.17
[2023-03-12 15:14:29] PRINT Is CUDA available: True
[2023-03-12 15:14:29] PRINT CUDA runtime version: 11.3.109
[2023-03-12 15:14:29] PRINT GPU models and configuration: GPU 0: NVIDIA GeForce RTX 3090
[2023-03-12 15:14:29] PRINT Nvidia driver version: 495.44
[2023-03-12 15:14:29] PRINT cuDNN version: Probably one of the following:
[2023-03-12 15:14:29] PRINT /usr/lib/x86_64-linux-gnu/libcudnn.so.8.2.0
[2023-03-12 15:14:29] PRINT /usr/lib/x86_64-linux-gnu/libcudnn_adv_infer.so.8.2.0
[2023-03-12 15:14:29] PRINT /usr/lib/x86_64-linux-gnu/libcudnn_adv_train.so.8.2.0
[2023-03-12 15:14:29] PRINT /usr/lib/x86_64-linux-gnu/libcudnn_cnn_infer.so.8.2.0
[2023-03-12 15:14:29] PRINT /usr/lib/x86_64-linux-gnu/libcudnn_cnn_train.so.8.2.0
[2023-03-12 15:14:29] PRINT /usr/lib/x86_64-linux-gnu/libcudnn_ops_infer.so.8.2.0
[2023-03-12 15:14:29] PRINT /usr/lib/x86_64-linux-gnu/libcudnn_ops_train.so.8.2.0
[2023-03-12 15:14:29] PRINT HIP runtime version: N/A
[2023-03-12 15:14:29] PRINT MIOpen runtime version: N/A
[2023-03-12 15:14:29] PRINT 
[2023-03-12 15:14:29] PRINT Versions of relevant libraries:
[2023-03-12 15:14:29] PRINT [pip3] numpy==1.23.5
[2023-03-12 15:14:29] PRINT [pip3] torch==1.10.0+cu113
[2023-03-12 15:14:29] PRINT [pip3] torchvision==0.11.1+cu113
[2023-03-12 15:14:29] PRINT [conda] blas                      1.0                         mkl    https://mirrors.ustc.edu.cn/anaconda/pkgs/main
[2023-03-12 15:14:29] PRINT [conda] mkl                       2021.4.0           h06a4308_640    https://mirrors.ustc.edu.cn/anaconda/pkgs/main
[2023-03-12 15:14:29] PRINT [conda] mkl-service               2.4.0            py38h7f8727e_0    https://mirrors.ustc.edu.cn/anaconda/pkgs/main
[2023-03-12 15:14:29] PRINT [conda] mkl_fft                   1.3.1            py38hd3c417c_0    https://mirrors.ustc.edu.cn/anaconda/pkgs/main
[2023-03-12 15:14:29] PRINT [conda] mkl_random                1.2.2            py38h51133e4_0    https://mirrors.ustc.edu.cn/anaconda/pkgs/main
[2023-03-12 15:14:29] PRINT [conda] numpy                     1.21.4                   pypi_0    pypi
[2023-03-12 15:14:29] PRINT [conda] numpy-base                1.23.5           py38h31eccc5_0    https://mirrors.ustc.edu.cn/anaconda/pkgs/main
[2023-03-12 15:14:29] PRINT [conda] torch                     1.10.0+cu113             pypi_0    pypi
[2023-03-12 15:14:29] PRINT [conda] torchvision               0.11.1+cu113             pypi_0    pypi
[2023-03-12 15:14:29] PRINT         Pillow (8.4.0)
[2023-03-12 15:14:29] PRINT [03/12 15:14:29 graph]: Command line arguments: Namespace(local_rank=0, resume=False, seed=1234, start_epoch=0)
[2023-03-12 15:14:29] PRINT   NumNodes: 2708
[2023-03-12 15:14:29] PRINT   NumEdges: 10556
[2023-03-12 15:14:29] PRINT   NumFeats: 1433
[2023-03-12 15:14:29] PRINT   NumClasses: 7
[2023-03-12 15:14:29] PRINT   NumTrainingSamples: 140
[2023-03-12 15:14:29] PRINT   NumValidationSamples: 500
[2023-03-12 15:14:29] PRINT   NumTestSamples: 1000
[2023-03-12 15:14:29] PRINT Done loading data from cached files.
[2023-03-12 15:14:29] PRINT [03/12 15:14:29 graph]: Run 0th for seed 0
[2023-03-12 15:14:29] PRINT [03/12 15:14:29 graph]: Total trainable params num : 30074351
[2023-03-12 15:14:33] PRINT [03/12 15:14:33 graph]: ----------Start Training----------
[2023-03-12 15:14:33] PRINT [03/12 15:14:33 graph]: start epoch 0.
[2023-03-12 15:14:33] PRINT [03/12 15:14:33 graph]: # Epoch 0: train_loss: 1.0007 | lr: 0.000077
[2023-03-12 15:14:33] PRINT [03/12 15:14:33 graph]: start epoch 1.
[2023-03-12 15:14:33] PRINT [03/12 15:14:33 graph]: # Epoch 1: train_loss: 0.8806 | lr: 0.000077
[2023-03-12 15:14:33] PRINT [03/12 15:14:33 graph]: start epoch 2.
[2023-03-12 15:14:34] PRINT [03/12 15:14:34 graph]: # Epoch 2: train_loss: 0.8149 | lr: 0.000077
[2023-03-12 15:14:34] PRINT [03/12 15:14:34 graph]: start epoch 3.
[2023-03-12 15:14:34] PRINT [03/12 15:14:34 graph]: # Epoch 3: train_loss: 0.7667 | lr: 0.000077
[2023-03-12 15:14:34] PRINT [03/12 15:14:34 graph]: start epoch 4.
[2023-03-12 15:14:34] PRINT [03/12 15:14:34 graph]: # Epoch 4: train_loss: 0.7300 | lr: 0.000077
[2023-03-12 15:14:34] PRINT [03/12 15:14:34 graph]: start epoch 5.
[2023-03-12 15:14:34] PRINT [03/12 15:14:34 graph]: # Epoch 5: train_loss: 0.6994 | lr: 0.000077
[2023-03-12 15:14:34] PRINT [03/12 15:14:34 graph]: start epoch 6.
[2023-03-12 15:14:34] PRINT [03/12 15:14:34 graph]: # Epoch 6: train_loss: 0.6777 | lr: 0.000077
[2023-03-12 15:14:34] PRINT [03/12 15:14:34 graph]: start epoch 7.
[2023-03-12 15:14:34] PRINT [03/12 15:14:34 graph]: # Epoch 7: train_loss: 0.6634 | lr: 0.000077
[2023-03-12 15:14:34] PRINT [03/12 15:14:34 graph]: start epoch 8.
[2023-03-12 15:14:34] PRINT [03/12 15:14:34 graph]: # Epoch 8: train_loss: 0.6530 | lr: 0.000077
[2023-03-12 15:14:34] PRINT [03/12 15:14:34 graph]: start epoch 9.
[2023-03-12 15:14:34] PRINT [03/12 15:14:34 graph]: # Epoch 9: train_loss: 0.6447 | lr: 0.000077
[2023-03-12 15:14:34] PRINT [03/12 15:14:34 graph]: start epoch 10.
[2023-03-12 15:14:34] PRINT [03/12 15:14:34 graph]: # Epoch 10: train_loss: 0.6396 | lr: 0.000062
[2023-03-12 15:14:34] PRINT [03/12 15:14:34 graph]: start epoch 11.
[2023-03-12 15:14:34] PRINT [03/12 15:14:34 graph]: # Epoch 11: train_loss: 0.6362 | lr: 0.000062
[2023-03-12 15:14:35] PRINT [03/12 15:14:35 graph]: --- Testf1: 0.75800, Best Valacc: 0.71600 in epoch 87 --- 
[2023-03-12 15:14:35] PRINT [03/12 15:14:35 graph]: Epoch 11: get test acc score:  0.758
[2023-03-12 15:14:35] PRINT [03/12 15:14:35 graph]: best_f1 0.758 at epoch 11
[2023-03-12 15:14:35] PRINT [03/12 15:14:35 graph]: start epoch 12.
[2023-03-12 15:14:35] PRINT [03/12 15:14:35 graph]: # Epoch 12: train_loss: 0.6335 | lr: 0.000062
[2023-03-12 15:14:36] PRINT [03/12 15:14:36 graph]: --- Testf1: 0.76800, Best Valacc: 0.69600 in epoch 98 --- 
[2023-03-12 15:14:36] PRINT [03/12 15:14:36 graph]: Epoch 12: get test acc score:  0.768
[2023-03-12 15:14:36] PRINT [03/12 15:14:36 graph]: best_f1 0.768 at epoch 12
[2023-03-12 15:14:36] PRINT [03/12 15:14:36 graph]: start epoch 13.
[2023-03-12 15:14:36] PRINT [03/12 15:14:36 graph]: # Epoch 13: train_loss: 0.6325 | lr: 0.000062
[2023-03-12 15:14:37] PRINT [03/12 15:14:37 graph]: --- Testf1: 0.75600, Best Valacc: 0.71000 in epoch 91 --- 
[2023-03-12 15:14:37] PRINT [03/12 15:14:37 graph]: Epoch 13: get test acc score:  0.756
[2023-03-12 15:14:37] PRINT [03/12 15:14:37 graph]: best_f1 0.768 at epoch 12
[2023-03-12 15:14:37] PRINT [03/12 15:14:37 graph]: start epoch 14.
[2023-03-12 15:14:37] PRINT [03/12 15:14:37 graph]: # Epoch 14: train_loss: 0.6302 | lr: 0.000062
[2023-03-12 15:14:38] PRINT [03/12 15:14:38 graph]: --- Testf1: 0.75400, Best Valacc: 0.70400 in epoch 99 --- 
[2023-03-12 15:14:38] PRINT [03/12 15:14:38 graph]: Epoch 14: get test acc score:  0.754
[2023-03-12 15:14:38] PRINT [03/12 15:14:38 graph]: best_f1 0.768 at epoch 12
[2023-03-12 15:14:38] PRINT [03/12 15:14:38 graph]: start epoch 15.
[2023-03-12 15:14:38] PRINT [03/12 15:14:38 graph]: # Epoch 15: train_loss: 0.6279 | lr: 0.000062
[2023-03-12 15:14:39] PRINT [03/12 15:14:39 graph]: --- Testf1: 0.74700, Best Valacc: 0.68400 in epoch 83 --- 
[2023-03-12 15:14:39] PRINT [03/12 15:14:39 graph]: Epoch 15: get test acc score:  0.747
[2023-03-12 15:14:39] PRINT [03/12 15:14:39 graph]: best_f1 0.768 at epoch 12
[2023-03-12 15:14:39] PRINT [03/12 15:14:39 graph]: start epoch 16.
[2023-03-12 15:14:39] PRINT [03/12 15:14:39 graph]: # Epoch 16: train_loss: 0.6257 | lr: 0.000062
[2023-03-12 15:14:40] PRINT [03/12 15:14:40 graph]: --- Testf1: 0.75300, Best Valacc: 0.70800 in epoch 93 --- 
[2023-03-12 15:14:41] PRINT [03/12 15:14:41 graph]: Epoch 16: get test acc score:  0.753
[2023-03-12 15:14:41] PRINT [03/12 15:14:41 graph]: best_f1 0.768 at epoch 12
[2023-03-12 15:14:41] PRINT [03/12 15:14:41 graph]: start epoch 17.
[2023-03-12 15:14:41] PRINT [03/12 15:14:41 graph]: # Epoch 17: train_loss: 0.6232 | lr: 0.000062
[2023-03-12 15:14:42] PRINT [03/12 15:14:42 graph]: --- Testf1: 0.75600, Best Valacc: 0.70200 in epoch 99 --- 
[2023-03-12 15:14:42] PRINT [03/12 15:14:42 graph]: Epoch 17: get test acc score:  0.756
[2023-03-12 15:14:42] PRINT [03/12 15:14:42 graph]: best_f1 0.768 at epoch 12
[2023-03-12 15:14:42] PRINT [03/12 15:14:42 graph]: start epoch 18.
[2023-03-12 15:14:42] PRINT [03/12 15:14:42 graph]: # Epoch 18: train_loss: 0.6204 | lr: 0.000062
[2023-03-12 15:14:43] PRINT [03/12 15:14:43 graph]: --- Testf1: 0.75300, Best Valacc: 0.73000 in epoch 84 --- 
[2023-03-12 15:14:43] PRINT [03/12 15:14:43 graph]: Epoch 18: get test acc score:  0.753
[2023-03-12 15:14:43] PRINT [03/12 15:14:43 graph]: best_f1 0.768 at epoch 12
[2023-03-12 15:14:43] PRINT [03/12 15:14:43 graph]: start epoch 19.
[2023-03-12 15:14:43] PRINT [03/12 15:14:43 graph]: # Epoch 19: train_loss: 0.6169 | lr: 0.000062
[2023-03-12 15:14:44] PRINT [03/12 15:14:44 graph]: --- Testf1: 0.77100, Best Valacc: 0.70600 in epoch 77 --- 
[2023-03-12 15:14:44] PRINT [03/12 15:14:44 graph]: Epoch 19: get test acc score:  0.771
[2023-03-12 15:14:44] PRINT [03/12 15:14:44 graph]: best_f1 0.771 at epoch 19
[2023-03-12 15:14:44] PRINT [03/12 15:14:44 graph]: start epoch 20.
[2023-03-12 15:14:44] PRINT [03/12 15:14:44 graph]: # Epoch 20: train_loss: 0.6113 | lr: 0.000049
[2023-03-12 15:14:45] PRINT [03/12 15:14:45 graph]: --- Testf1: 0.76300, Best Valacc: 0.71400 in epoch 83 --- 
[2023-03-12 15:14:45] PRINT [03/12 15:14:45 graph]: Epoch 20: get test acc score:  0.763
[2023-03-12 15:14:45] PRINT [03/12 15:14:45 graph]: best_f1 0.771 at epoch 19
[2023-03-12 15:14:45] PRINT [03/12 15:14:45 graph]: start epoch 21.
[2023-03-12 15:14:45] PRINT [03/12 15:14:45 graph]: # Epoch 21: train_loss: 0.6100 | lr: 0.000049
[2023-03-12 15:14:46] PRINT [03/12 15:14:46 graph]: --- Testf1: 0.75700, Best Valacc: 0.70400 in epoch 86 --- 
[2023-03-12 15:14:46] PRINT [03/12 15:14:46 graph]: Epoch 21: get test acc score:  0.757
[2023-03-12 15:14:46] PRINT [03/12 15:14:46 graph]: best_f1 0.771 at epoch 19
[2023-03-12 15:14:46] PRINT [03/12 15:14:46 graph]: start epoch 22.
[2023-03-12 15:14:46] PRINT [03/12 15:14:46 graph]: # Epoch 22: train_loss: 0.6041 | lr: 0.000049
[2023-03-12 15:14:47] PRINT [03/12 15:14:47 graph]: --- Testf1: 0.76700, Best Valacc: 0.71600 in epoch 71 --- 
[2023-03-12 15:14:47] PRINT [03/12 15:14:47 graph]: Epoch 22: get test acc score:  0.767
[2023-03-12 15:14:47] PRINT [03/12 15:14:47 graph]: best_f1 0.771 at epoch 19
[2023-03-12 15:14:47] PRINT [03/12 15:14:47 graph]: start epoch 23.
[2023-03-12 15:14:47] PRINT [03/12 15:14:47 graph]: # Epoch 23: train_loss: 0.6010 | lr: 0.000049
[2023-03-12 15:14:48] PRINT [03/12 15:14:48 graph]: --- Testf1: 0.76800, Best Valacc: 0.71200 in epoch 68 --- 
[2023-03-12 15:14:49] PRINT [03/12 15:14:49 graph]: Epoch 23: get test acc score:  0.768
[2023-03-12 15:14:49] PRINT [03/12 15:14:49 graph]: best_f1 0.771 at epoch 19
[2023-03-12 15:14:49] PRINT [03/12 15:14:49 graph]: start epoch 24.
[2023-03-12 15:14:49] PRINT [03/12 15:14:49 graph]: # Epoch 24: train_loss: 0.5971 | lr: 0.000049
[2023-03-12 15:14:50] PRINT [03/12 15:14:50 graph]: --- Testf1: 0.75800, Best Valacc: 0.70600 in epoch 95 --- 
[2023-03-12 15:14:50] PRINT [03/12 15:14:50 graph]: Epoch 24: get test acc score:  0.758
[2023-03-12 15:14:50] PRINT [03/12 15:14:50 graph]: best_f1 0.771 at epoch 19
[2023-03-12 15:14:50] PRINT [03/12 15:14:50 graph]: start epoch 25.
[2023-03-12 15:14:50] PRINT [03/12 15:14:50 graph]: # Epoch 25: train_loss: 0.5948 | lr: 0.000049
[2023-03-12 15:14:51] PRINT [03/12 15:14:51 graph]: --- Testf1: 0.76800, Best Valacc: 0.71800 in epoch 98 --- 
[2023-03-12 15:14:51] PRINT [03/12 15:14:51 graph]: Epoch 25: get test acc score:  0.768
[2023-03-12 15:14:51] PRINT [03/12 15:14:51 graph]: best_f1 0.771 at epoch 19
[2023-03-12 15:14:51] PRINT [03/12 15:14:51 graph]: start epoch 26.
[2023-03-12 15:14:51] PRINT [03/12 15:14:51 graph]: # Epoch 26: train_loss: 0.5901 | lr: 0.000049
[2023-03-12 15:14:52] PRINT [03/12 15:14:52 graph]: --- Testf1: 0.76500, Best Valacc: 0.72000 in epoch 97 --- 
[2023-03-12 15:14:52] PRINT [03/12 15:14:52 graph]: Epoch 26: get test acc score:  0.765
[2023-03-12 15:14:52] PRINT [03/12 15:14:52 graph]: best_f1 0.771 at epoch 19
[2023-03-12 15:14:52] PRINT [03/12 15:14:52 graph]: start epoch 27.
[2023-03-12 15:14:52] PRINT [03/12 15:14:52 graph]: # Epoch 27: train_loss: 0.5872 | lr: 0.000049
[2023-03-12 15:14:53] PRINT [03/12 15:14:53 graph]: --- Testf1: 0.77300, Best Valacc: 0.71800 in epoch 97 --- 
[2023-03-12 15:14:53] PRINT [03/12 15:14:53 graph]: Epoch 27: get test acc score:  0.773
[2023-03-12 15:14:53] PRINT [03/12 15:14:53 graph]: best_f1 0.773 at epoch 27
[2023-03-12 15:14:53] PRINT [03/12 15:14:53 graph]: start epoch 28.
[2023-03-12 15:14:53] PRINT [03/12 15:14:53 graph]: # Epoch 28: train_loss: 0.5849 | lr: 0.000049
[2023-03-12 15:14:54] PRINT [03/12 15:14:54 graph]: --- Testf1: 0.78400, Best Valacc: 0.70400 in epoch 99 --- 
[2023-03-12 15:14:54] PRINT [03/12 15:14:54 graph]: Epoch 28: get test acc score:  0.784
[2023-03-12 15:14:54] PRINT [03/12 15:14:54 graph]: best_f1 0.784 at epoch 28
[2023-03-12 15:14:54] PRINT [03/12 15:14:54 graph]: start epoch 29.
[2023-03-12 15:14:54] PRINT [03/12 15:14:54 graph]: # Epoch 29: train_loss: 0.5804 | lr: 0.000049
[2023-03-12 15:14:55] PRINT [03/12 15:14:55 graph]: --- Testf1: 0.77000, Best Valacc: 0.71800 in epoch 89 --- 
[2023-03-12 15:14:55] PRINT [03/12 15:14:55 graph]: Epoch 29: get test acc score:  0.770
[2023-03-12 15:14:55] PRINT [03/12 15:14:55 graph]: best_f1 0.784 at epoch 28
[2023-03-12 15:14:55] PRINT [03/12 15:14:55 graph]: start epoch 30.
[2023-03-12 15:14:56] PRINT [03/12 15:14:56 graph]: # Epoch 30: train_loss: 0.5794 | lr: 0.000040
[2023-03-12 15:14:57] PRINT [03/12 15:14:57 graph]: --- Testf1: 0.77000, Best Valacc: 0.72600 in epoch 99 --- 
[2023-03-12 15:14:57] PRINT [03/12 15:14:57 graph]: Epoch 30: get test acc score:  0.770
[2023-03-12 15:14:57] PRINT [03/12 15:14:57 graph]: best_f1 0.784 at epoch 28
[2023-03-12 15:14:57] PRINT [03/12 15:14:57 graph]: start epoch 31.
[2023-03-12 15:14:57] PRINT [03/12 15:14:57 graph]: # Epoch 31: train_loss: 0.5762 | lr: 0.000040
[2023-03-12 15:14:58] PRINT [03/12 15:14:58 graph]: --- Testf1: 0.78400, Best Valacc: 0.71800 in epoch 91 --- 
[2023-03-12 15:14:58] PRINT [03/12 15:14:58 graph]: Epoch 31: get test acc score:  0.784
[2023-03-12 15:14:58] PRINT [03/12 15:14:58 graph]: best_f1 0.784 at epoch 28
[2023-03-12 15:14:58] PRINT [03/12 15:14:58 graph]: start epoch 32.
[2023-03-12 15:14:58] PRINT [03/12 15:14:58 graph]: # Epoch 32: train_loss: 0.5721 | lr: 0.000040
[2023-03-12 15:14:59] PRINT [03/12 15:14:59 graph]: --- Testf1: 0.77400, Best Valacc: 0.69600 in epoch 97 --- 
[2023-03-12 15:14:59] PRINT [03/12 15:14:59 graph]: Epoch 32: get test acc score:  0.774
[2023-03-12 15:14:59] PRINT [03/12 15:14:59 graph]: best_f1 0.784 at epoch 28
[2023-03-12 15:14:59] PRINT [03/12 15:14:59 graph]: start epoch 33.
[2023-03-12 15:14:59] PRINT [03/12 15:14:59 graph]: # Epoch 33: train_loss: 0.5710 | lr: 0.000040
[2023-03-12 15:15:00] PRINT [03/12 15:15:00 graph]: --- Testf1: 0.78300, Best Valacc: 0.70200 in epoch 96 --- 
[2023-03-12 15:15:00] PRINT [03/12 15:15:00 graph]: Epoch 33: get test acc score:  0.783
[2023-03-12 15:15:00] PRINT [03/12 15:15:00 graph]: best_f1 0.784 at epoch 28
[2023-03-12 15:15:00] PRINT [03/12 15:15:00 graph]: start epoch 34.
[2023-03-12 15:15:00] PRINT [03/12 15:15:00 graph]: # Epoch 34: train_loss: 0.5699 | lr: 0.000040
[2023-03-12 15:15:01] PRINT [03/12 15:15:01 graph]: --- Testf1: 0.76800, Best Valacc: 0.69600 in epoch 87 --- 
[2023-03-12 15:15:01] PRINT [03/12 15:15:01 graph]: Epoch 34: get test acc score:  0.768
[2023-03-12 15:15:01] PRINT [03/12 15:15:01 graph]: best_f1 0.784 at epoch 28
[2023-03-12 15:15:01] PRINT [03/12 15:15:01 graph]: start epoch 35.
[2023-03-12 15:15:01] PRINT [03/12 15:15:01 graph]: # Epoch 35: train_loss: 0.5668 | lr: 0.000040
[2023-03-12 15:15:02] PRINT [03/12 15:15:02 graph]: --- Testf1: 0.77100, Best Valacc: 0.68800 in epoch 95 --- 
[2023-03-12 15:15:03] PRINT [03/12 15:15:03 graph]: Epoch 35: get test acc score:  0.771
[2023-03-12 15:15:03] PRINT [03/12 15:15:03 graph]: best_f1 0.784 at epoch 28
[2023-03-12 15:15:03] PRINT [03/12 15:15:03 graph]: start epoch 36.
[2023-03-12 15:15:03] PRINT [03/12 15:15:03 graph]: # Epoch 36: train_loss: 0.5651 | lr: 0.000040
[2023-03-12 15:15:04] PRINT [03/12 15:15:04 graph]: --- Testf1: 0.77400, Best Valacc: 0.69400 in epoch 99 --- 
[2023-03-12 15:15:04] PRINT [03/12 15:15:04 graph]: Epoch 36: get test acc score:  0.774
[2023-03-12 15:15:04] PRINT [03/12 15:15:04 graph]: best_f1 0.784 at epoch 28
[2023-03-12 15:15:04] PRINT [03/12 15:15:04 graph]: start epoch 37.
[2023-03-12 15:15:04] PRINT [03/12 15:15:04 graph]: # Epoch 37: train_loss: 0.5632 | lr: 0.000040
[2023-03-12 15:15:05] PRINT [03/12 15:15:05 graph]: --- Testf1: 0.76900, Best Valacc: 0.70800 in epoch 89 --- 
[2023-03-12 15:15:05] PRINT [03/12 15:15:05 graph]: Epoch 37: get test acc score:  0.769
[2023-03-12 15:15:05] PRINT [03/12 15:15:05 graph]: best_f1 0.784 at epoch 28
[2023-03-12 15:15:05] PRINT [03/12 15:15:05 graph]: start epoch 38.
[2023-03-12 15:15:05] PRINT [03/12 15:15:05 graph]: # Epoch 38: train_loss: 0.5615 | lr: 0.000040
[2023-03-12 15:15:06] PRINT [03/12 15:15:06 graph]: --- Testf1: 0.77500, Best Valacc: 0.72000 in epoch 99 --- 
[2023-03-12 15:15:06] PRINT [03/12 15:15:06 graph]: Epoch 38: get test acc score:  0.775
[2023-03-12 15:15:06] PRINT [03/12 15:15:06 graph]: best_f1 0.784 at epoch 28
[2023-03-12 15:15:06] PRINT [03/12 15:15:06 graph]: start epoch 39.
[2023-03-12 15:15:06] PRINT [03/12 15:15:06 graph]: # Epoch 39: train_loss: 0.5586 | lr: 0.000040
[2023-03-12 15:15:07] PRINT [03/12 15:15:07 graph]: --- Testf1: 0.78100, Best Valacc: 0.71600 in epoch 62 --- 
[2023-03-12 15:15:07] PRINT [03/12 15:15:07 graph]: Epoch 39: get test acc score:  0.781
[2023-03-12 15:15:07] PRINT [03/12 15:15:07 graph]: best_f1 0.784 at epoch 28
[2023-03-12 15:15:07] PRINT [03/12 15:15:07 graph]: start epoch 40.
[2023-03-12 15:15:07] PRINT [03/12 15:15:07 graph]: # Epoch 40: train_loss: 0.5563 | lr: 0.000032
[2023-03-12 15:15:08] PRINT [03/12 15:15:08 graph]: --- Testf1: 0.77800, Best Valacc: 0.71800 in epoch 80 --- 
[2023-03-12 15:15:09] PRINT [03/12 15:15:09 graph]: Epoch 40: get test acc score:  0.778
[2023-03-12 15:15:09] PRINT [03/12 15:15:09 graph]: best_f1 0.784 at epoch 28
[2023-03-12 15:15:09] PRINT [03/12 15:15:09 graph]: start epoch 41.
[2023-03-12 15:15:09] PRINT [03/12 15:15:09 graph]: # Epoch 41: train_loss: 0.5549 | lr: 0.000032
[2023-03-12 15:15:10] PRINT [03/12 15:15:10 graph]: --- Testf1: 0.77600, Best Valacc: 0.74000 in epoch 99 --- 
[2023-03-12 15:15:10] PRINT [03/12 15:15:10 graph]: Epoch 41: get test acc score:  0.776
[2023-03-12 15:15:10] PRINT [03/12 15:15:10 graph]: best_f1 0.784 at epoch 28
[2023-03-12 15:15:10] PRINT [03/12 15:15:10 graph]: start epoch 42.
[2023-03-12 15:15:10] PRINT [03/12 15:15:10 graph]: # Epoch 42: train_loss: 0.5535 | lr: 0.000032
[2023-03-12 15:15:11] PRINT [03/12 15:15:11 graph]: --- Testf1: 0.77900, Best Valacc: 0.72400 in epoch 66 --- 
[2023-03-12 15:15:11] PRINT [03/12 15:15:11 graph]: Epoch 42: get test acc score:  0.779
[2023-03-12 15:15:11] PRINT [03/12 15:15:11 graph]: best_f1 0.784 at epoch 28
[2023-03-12 15:15:11] PRINT [03/12 15:15:11 graph]: start epoch 43.
[2023-03-12 15:15:11] PRINT [03/12 15:15:11 graph]: # Epoch 43: train_loss: 0.5532 | lr: 0.000032
[2023-03-12 15:15:12] PRINT [03/12 15:15:12 graph]: --- Testf1: 0.78100, Best Valacc: 0.73200 in epoch 80 --- 
[2023-03-12 15:15:12] PRINT [03/12 15:15:12 graph]: Epoch 43: get test acc score:  0.781
[2023-03-12 15:15:12] PRINT [03/12 15:15:12 graph]: best_f1 0.784 at epoch 28
[2023-03-12 15:15:12] PRINT [03/12 15:15:12 graph]: start epoch 44.
[2023-03-12 15:15:12] PRINT [03/12 15:15:12 graph]: # Epoch 44: train_loss: 0.5511 | lr: 0.000032
[2023-03-12 15:15:13] PRINT [03/12 15:15:13 graph]: --- Testf1: 0.79000, Best Valacc: 0.69200 in epoch 44 --- 
[2023-03-12 15:15:13] PRINT [03/12 15:15:13 graph]: Epoch 44: get test acc score:  0.790
[2023-03-12 15:15:13] PRINT [03/12 15:15:13 graph]: best_f1 0.790 at epoch 44
[2023-03-12 15:15:13] PRINT [03/12 15:15:13 graph]: start epoch 45.
[2023-03-12 15:15:13] PRINT [03/12 15:15:13 graph]: # Epoch 45: train_loss: 0.5498 | lr: 0.000032
[2023-03-12 15:15:14] PRINT [03/12 15:15:14 graph]: --- Testf1: 0.78700, Best Valacc: 0.71400 in epoch 99 --- 
[2023-03-12 15:15:14] PRINT [03/12 15:15:14 graph]: Epoch 45: get test acc score:  0.787
[2023-03-12 15:15:14] PRINT [03/12 15:15:14 graph]: best_f1 0.790 at epoch 44
[2023-03-12 15:15:14] PRINT [03/12 15:15:14 graph]: start epoch 46.
[2023-03-12 15:15:14] PRINT [03/12 15:15:14 graph]: # Epoch 46: train_loss: 0.5488 | lr: 0.000032
[2023-03-12 15:15:15] PRINT [03/12 15:15:15 graph]: --- Testf1: 0.77200, Best Valacc: 0.72000 in epoch 54 --- 
[2023-03-12 15:15:16] PRINT [03/12 15:15:16 graph]: Epoch 46: get test acc score:  0.772
[2023-03-12 15:15:16] PRINT [03/12 15:15:16 graph]: best_f1 0.790 at epoch 44
[2023-03-12 15:15:16] PRINT [03/12 15:15:16 graph]: start epoch 47.
[2023-03-12 15:15:16] PRINT [03/12 15:15:16 graph]: # Epoch 47: train_loss: 0.5461 | lr: 0.000032
[2023-03-12 15:15:17] PRINT [03/12 15:15:17 graph]: --- Testf1: 0.78300, Best Valacc: 0.73400 in epoch 98 --- 
[2023-03-12 15:15:17] PRINT [03/12 15:15:17 graph]: Epoch 47: get test acc score:  0.783
[2023-03-12 15:15:17] PRINT [03/12 15:15:17 graph]: best_f1 0.790 at epoch 44
[2023-03-12 15:15:17] PRINT [03/12 15:15:17 graph]: start epoch 48.
[2023-03-12 15:15:17] PRINT [03/12 15:15:17 graph]: # Epoch 48: train_loss: 0.5465 | lr: 0.000032
[2023-03-12 15:15:18] PRINT [03/12 15:15:18 graph]: --- Testf1: 0.78800, Best Valacc: 0.74000 in epoch 72 --- 
[2023-03-12 15:15:18] PRINT [03/12 15:15:18 graph]: Epoch 48: get test acc score:  0.788
[2023-03-12 15:15:18] PRINT [03/12 15:15:18 graph]: best_f1 0.790 at epoch 44
[2023-03-12 15:15:18] PRINT [03/12 15:15:18 graph]: start epoch 49.
[2023-03-12 15:15:18] PRINT [03/12 15:15:18 graph]: # Epoch 49: train_loss: 0.5434 | lr: 0.000032
[2023-03-12 15:15:19] PRINT [03/12 15:15:19 graph]: --- Testf1: 0.79100, Best Valacc: 0.73600 in epoch 99 --- 
[2023-03-12 15:15:19] PRINT [03/12 15:15:19 graph]: Epoch 49: get test acc score:  0.791
[2023-03-12 15:15:19] PRINT [03/12 15:15:19 graph]: best_f1 0.791 at epoch 49
[2023-03-12 15:15:19] PRINT [03/12 15:15:19 graph]: start epoch 50.
[2023-03-12 15:15:19] PRINT [03/12 15:15:19 graph]: # Epoch 50: train_loss: 0.5429 | lr: 0.000025
[2023-03-12 15:15:20] PRINT [03/12 15:15:20 graph]: --- Testf1: 0.78600, Best Valacc: 0.71400 in epoch 99 --- 
[2023-03-12 15:15:20] PRINT [03/12 15:15:20 graph]: Epoch 50: get test acc score:  0.786
[2023-03-12 15:15:20] PRINT [03/12 15:15:20 graph]: best_f1 0.791 at epoch 49
[2023-03-12 15:15:20] PRINT [03/12 15:15:20 graph]: start epoch 51.
[2023-03-12 15:15:20] PRINT [03/12 15:15:20 graph]: # Epoch 51: train_loss: 0.5434 | lr: 0.000025
[2023-03-12 15:15:21] PRINT [03/12 15:15:21 graph]: --- Testf1: 0.79500, Best Valacc: 0.72200 in epoch 59 --- 
[2023-03-12 15:15:21] PRINT [03/12 15:15:21 graph]: Epoch 51: get test acc score:  0.795
[2023-03-12 15:15:21] PRINT [03/12 15:15:21 graph]: best_f1 0.795 at epoch 51
[2023-03-12 15:15:21] PRINT [03/12 15:15:21 graph]: start epoch 52.
[2023-03-12 15:15:21] PRINT [03/12 15:15:21 graph]: # Epoch 52: train_loss: 0.5414 | lr: 0.000025
[2023-03-12 15:15:22] PRINT [03/12 15:15:22 graph]: --- Testf1: 0.78800, Best Valacc: 0.71800 in epoch 89 --- 
[2023-03-12 15:15:22] PRINT [03/12 15:15:22 graph]: Epoch 52: get test acc score:  0.788
[2023-03-12 15:15:22] PRINT [03/12 15:15:22 graph]: best_f1 0.795 at epoch 51
[2023-03-12 15:15:22] PRINT [03/12 15:15:22 graph]: start epoch 53.
[2023-03-12 15:15:22] PRINT [03/12 15:15:22 graph]: # Epoch 53: train_loss: 0.5399 | lr: 0.000025
[2023-03-12 15:15:24] PRINT [03/12 15:15:24 graph]: --- Testf1: 0.79300, Best Valacc: 0.73000 in epoch 99 --- 
[2023-03-12 15:15:24] PRINT [03/12 15:15:24 graph]: Epoch 53: get test acc score:  0.793
[2023-03-12 15:15:24] PRINT [03/12 15:15:24 graph]: best_f1 0.795 at epoch 51
[2023-03-12 15:15:24] PRINT [03/12 15:15:24 graph]: start epoch 54.
[2023-03-12 15:15:24] PRINT [03/12 15:15:24 graph]: # Epoch 54: train_loss: 0.5381 | lr: 0.000025
[2023-03-12 15:15:25] PRINT [03/12 15:15:25 graph]: --- Testf1: 0.79800, Best Valacc: 0.72400 in epoch 65 --- 
[2023-03-12 15:15:25] PRINT [03/12 15:15:25 graph]: Epoch 54: get test acc score:  0.798
[2023-03-12 15:15:25] PRINT [03/12 15:15:25 graph]: best_f1 0.798 at epoch 54
[2023-03-12 15:15:25] PRINT [03/12 15:15:25 graph]: start epoch 55.
[2023-03-12 15:15:25] PRINT [03/12 15:15:25 graph]: # Epoch 55: train_loss: 0.5379 | lr: 0.000025
[2023-03-12 15:15:26] PRINT [03/12 15:15:26 graph]: --- Testf1: 0.79200, Best Valacc: 0.72600 in epoch 83 --- 
[2023-03-12 15:15:26] PRINT [03/12 15:15:26 graph]: Epoch 55: get test acc score:  0.792
[2023-03-12 15:15:26] PRINT [03/12 15:15:26 graph]: best_f1 0.798 at epoch 54
[2023-03-12 15:15:26] PRINT [03/12 15:15:26 graph]: start epoch 56.
[2023-03-12 15:15:26] PRINT [03/12 15:15:26 graph]: # Epoch 56: train_loss: 0.5376 | lr: 0.000025
[2023-03-12 15:15:27] PRINT [03/12 15:15:27 graph]: --- Testf1: 0.79100, Best Valacc: 0.74400 in epoch 56 --- 
[2023-03-12 15:15:27] PRINT [03/12 15:15:27 graph]: Epoch 56: get test acc score:  0.791
[2023-03-12 15:15:27] PRINT [03/12 15:15:27 graph]: best_f1 0.798 at epoch 54
[2023-03-12 15:15:27] PRINT [03/12 15:15:27 graph]: start epoch 57.
[2023-03-12 15:15:27] PRINT [03/12 15:15:27 graph]: # Epoch 57: train_loss: 0.5351 | lr: 0.000025
[2023-03-12 15:15:28] PRINT [03/12 15:15:28 graph]: --- Testf1: 0.78700, Best Valacc: 0.74000 in epoch 99 --- 
[2023-03-12 15:15:28] PRINT [03/12 15:15:28 graph]: Epoch 57: get test acc score:  0.787
[2023-03-12 15:15:28] PRINT [03/12 15:15:28 graph]: best_f1 0.798 at epoch 54
[2023-03-12 15:15:28] PRINT [03/12 15:15:28 graph]: start epoch 58.
[2023-03-12 15:15:28] PRINT [03/12 15:15:28 graph]: # Epoch 58: train_loss: 0.5340 | lr: 0.000025
[2023-03-12 15:15:29] PRINT [03/12 15:15:29 graph]: --- Testf1: 0.79000, Best Valacc: 0.71600 in epoch 90 --- 
[2023-03-12 15:15:29] PRINT [03/12 15:15:29 graph]: Epoch 58: get test acc score:  0.790
[2023-03-12 15:15:29] PRINT [03/12 15:15:29 graph]: best_f1 0.798 at epoch 54
[2023-03-12 15:15:29] PRINT [03/12 15:15:29 graph]: start epoch 59.
[2023-03-12 15:15:30] PRINT [03/12 15:15:30 graph]: # Epoch 59: train_loss: 0.5340 | lr: 0.000025
[2023-03-12 15:15:30] PRINT [03/12 15:15:30 graph]: --- Testf1: 0.79100, Best Valacc: 0.74000 in epoch 99 --- 
[2023-03-12 15:15:31] PRINT [03/12 15:15:31 graph]: Epoch 59: get test acc score:  0.791
[2023-03-12 15:15:31] PRINT [03/12 15:15:31 graph]: best_f1 0.798 at epoch 54
[2023-03-12 15:15:31] PRINT [03/12 15:15:31 graph]: start epoch 60.
[2023-03-12 15:15:31] PRINT [03/12 15:15:31 graph]: # Epoch 60: train_loss: 0.5316 | lr: 0.000020
[2023-03-12 15:15:32] PRINT [03/12 15:15:32 graph]: --- Testf1: 0.79300, Best Valacc: 0.71600 in epoch 97 --- 
[2023-03-12 15:15:32] PRINT [03/12 15:15:32 graph]: Epoch 60: get test acc score:  0.793
[2023-03-12 15:15:32] PRINT [03/12 15:15:32 graph]: best_f1 0.798 at epoch 54
[2023-03-12 15:15:32] PRINT [03/12 15:15:32 graph]: start epoch 61.
[2023-03-12 15:15:32] PRINT [03/12 15:15:32 graph]: # Epoch 61: train_loss: 0.5293 | lr: 0.000020
[2023-03-12 15:15:33] PRINT [03/12 15:15:33 graph]: --- Testf1: 0.79800, Best Valacc: 0.73800 in epoch 91 --- 
[2023-03-12 15:15:33] PRINT [03/12 15:15:33 graph]: Epoch 61: get test acc score:  0.798
[2023-03-12 15:15:33] PRINT [03/12 15:15:33 graph]: best_f1 0.798 at epoch 54
[2023-03-12 15:15:33] PRINT [03/12 15:15:33 graph]: start epoch 62.
[2023-03-12 15:15:33] PRINT [03/12 15:15:33 graph]: # Epoch 62: train_loss: 0.5306 | lr: 0.000020
[2023-03-12 15:15:34] PRINT [03/12 15:15:34 graph]: --- Testf1: 0.78800, Best Valacc: 0.73200 in epoch 80 --- 
[2023-03-12 15:15:34] PRINT [03/12 15:15:34 graph]: Epoch 62: get test acc score:  0.788
[2023-03-12 15:15:34] PRINT [03/12 15:15:34 graph]: best_f1 0.798 at epoch 54
[2023-03-12 15:15:34] PRINT [03/12 15:15:34 graph]: start epoch 63.
[2023-03-12 15:15:34] PRINT [03/12 15:15:34 graph]: # Epoch 63: train_loss: 0.5293 | lr: 0.000020
[2023-03-12 15:15:35] PRINT [03/12 15:15:35 graph]: --- Testf1: 0.79500, Best Valacc: 0.73200 in epoch 99 --- 
[2023-03-12 15:15:35] PRINT [03/12 15:15:35 graph]: Epoch 63: get test acc score:  0.795
[2023-03-12 15:15:35] PRINT [03/12 15:15:35 graph]: best_f1 0.798 at epoch 54
[2023-03-12 15:15:35] PRINT [03/12 15:15:35 graph]: start epoch 64.
[2023-03-12 15:15:35] PRINT [03/12 15:15:35 graph]: # Epoch 64: train_loss: 0.5283 | lr: 0.000020
[2023-03-12 15:15:36] PRINT [03/12 15:15:36 graph]: --- Testf1: 0.77800, Best Valacc: 0.72800 in epoch 99 --- 
[2023-03-12 15:15:37] PRINT [03/12 15:15:37 graph]: Epoch 64: get test acc score:  0.778
[2023-03-12 15:15:37] PRINT [03/12 15:15:37 graph]: best_f1 0.798 at epoch 54
[2023-03-12 15:15:37] PRINT [03/12 15:15:37 graph]: start epoch 65.
[2023-03-12 15:15:37] PRINT [03/12 15:15:37 graph]: # Epoch 65: train_loss: 0.5270 | lr: 0.000020
[2023-03-12 15:15:38] PRINT [03/12 15:15:38 graph]: --- Testf1: 0.79400, Best Valacc: 0.73200 in epoch 87 --- 
[2023-03-12 15:15:38] PRINT [03/12 15:15:38 graph]: Epoch 65: get test acc score:  0.794
[2023-03-12 15:15:38] PRINT [03/12 15:15:38 graph]: best_f1 0.798 at epoch 54
[2023-03-12 15:15:38] PRINT [03/12 15:15:38 graph]: start epoch 66.
[2023-03-12 15:15:38] PRINT [03/12 15:15:38 graph]: # Epoch 66: train_loss: 0.5255 | lr: 0.000020
[2023-03-12 15:15:39] PRINT [03/12 15:15:39 graph]: --- Testf1: 0.78800, Best Valacc: 0.73200 in epoch 49 --- 
[2023-03-12 15:15:39] PRINT [03/12 15:15:39 graph]: Epoch 66: get test acc score:  0.788
[2023-03-12 15:15:39] PRINT [03/12 15:15:39 graph]: best_f1 0.798 at epoch 54
[2023-03-12 15:15:39] PRINT [03/12 15:15:39 graph]: start epoch 67.
[2023-03-12 15:15:39] PRINT [03/12 15:15:39 graph]: # Epoch 67: train_loss: 0.5249 | lr: 0.000020
[2023-03-12 15:15:40] PRINT [03/12 15:15:40 graph]: --- Testf1: 0.79300, Best Valacc: 0.70600 in epoch 99 --- 
[2023-03-12 15:15:40] PRINT [03/12 15:15:40 graph]: Epoch 67: get test acc score:  0.793
[2023-03-12 15:15:40] PRINT [03/12 15:15:40 graph]: best_f1 0.798 at epoch 54
[2023-03-12 15:15:40] PRINT [03/12 15:15:40 graph]: start epoch 68.
[2023-03-12 15:15:40] PRINT [03/12 15:15:40 graph]: # Epoch 68: train_loss: 0.5241 | lr: 0.000020
[2023-03-12 15:15:41] PRINT [03/12 15:15:41 graph]: --- Testf1: 0.78800, Best Valacc: 0.74000 in epoch 89 --- 
[2023-03-12 15:15:41] PRINT [03/12 15:15:41 graph]: Epoch 68: get test acc score:  0.788
[2023-03-12 15:15:41] PRINT [03/12 15:15:41 graph]: best_f1 0.798 at epoch 54
[2023-03-12 15:15:41] PRINT [03/12 15:15:41 graph]: start epoch 69.
[2023-03-12 15:15:41] PRINT [03/12 15:15:41 graph]: # Epoch 69: train_loss: 0.5237 | lr: 0.000020
[2023-03-12 15:15:42] PRINT [03/12 15:15:42 graph]: --- Testf1: 0.78900, Best Valacc: 0.73200 in epoch 49 --- 
[2023-03-12 15:15:42] PRINT [03/12 15:15:42 graph]: Epoch 69: get test acc score:  0.789
[2023-03-12 15:15:42] PRINT [03/12 15:15:42 graph]: best_f1 0.798 at epoch 54
[2023-03-12 15:15:42] PRINT [03/12 15:15:42 graph]: start epoch 70.
[2023-03-12 15:15:42] PRINT [03/12 15:15:42 graph]: # Epoch 70: train_loss: 0.5221 | lr: 0.000016
[2023-03-12 15:15:43] PRINT [03/12 15:15:43 graph]: --- Testf1: 0.79100, Best Valacc: 0.72800 in epoch 92 --- 
[2023-03-12 15:15:44] PRINT [03/12 15:15:44 graph]: Epoch 70: get test acc score:  0.791
[2023-03-12 15:15:44] PRINT [03/12 15:15:44 graph]: best_f1 0.798 at epoch 54
[2023-03-12 15:15:44] PRINT [03/12 15:15:44 graph]: start epoch 71.
[2023-03-12 15:15:44] PRINT [03/12 15:15:44 graph]: # Epoch 71: train_loss: 0.5230 | lr: 0.000016
[2023-03-12 15:15:45] PRINT [03/12 15:15:45 graph]: --- Testf1: 0.80100, Best Valacc: 0.74800 in epoch 87 --- 
[2023-03-12 15:15:45] PRINT [03/12 15:15:45 graph]: Epoch 71: get test acc score:  0.801
[2023-03-12 15:15:45] PRINT [03/12 15:15:45 graph]: best_f1 0.801 at epoch 71
[2023-03-12 15:15:45] PRINT [03/12 15:15:45 graph]: start epoch 72.
[2023-03-12 15:15:45] PRINT [03/12 15:15:45 graph]: # Epoch 72: train_loss: 0.5220 | lr: 0.000016
[2023-03-12 15:15:46] PRINT [03/12 15:15:46 graph]: --- Testf1: 0.79000, Best Valacc: 0.73000 in epoch 97 --- 
[2023-03-12 15:15:46] PRINT [03/12 15:15:46 graph]: Epoch 72: get test acc score:  0.790
[2023-03-12 15:15:46] PRINT [03/12 15:15:46 graph]: best_f1 0.801 at epoch 71
[2023-03-12 15:15:46] PRINT [03/12 15:15:46 graph]: start epoch 73.
[2023-03-12 15:15:46] PRINT [03/12 15:15:46 graph]: # Epoch 73: train_loss: 0.5235 | lr: 0.000016
[2023-03-12 15:15:47] PRINT [03/12 15:15:47 graph]: --- Testf1: 0.79700, Best Valacc: 0.76200 in epoch 63 --- 
[2023-03-12 15:15:47] PRINT [03/12 15:15:47 graph]: Epoch 73: get test acc score:  0.797
[2023-03-12 15:15:47] PRINT [03/12 15:15:47 graph]: best_f1 0.801 at epoch 71
[2023-03-12 15:15:47] PRINT [03/12 15:15:47 graph]: start epoch 74.
[2023-03-12 15:15:47] PRINT [03/12 15:15:47 graph]: # Epoch 74: train_loss: 0.5191 | lr: 0.000016
[2023-03-12 15:15:48] PRINT [03/12 15:15:48 graph]: --- Testf1: 0.78900, Best Valacc: 0.71000 in epoch 87 --- 
[2023-03-12 15:15:48] PRINT [03/12 15:15:48 graph]: Epoch 74: get test acc score:  0.789
[2023-03-12 15:15:48] PRINT [03/12 15:15:48 graph]: best_f1 0.801 at epoch 71
[2023-03-12 15:15:48] PRINT [03/12 15:15:48 graph]: start epoch 75.
[2023-03-12 15:15:48] PRINT [03/12 15:15:48 graph]: # Epoch 75: train_loss: 0.5214 | lr: 0.000016
[2023-03-12 15:15:49] PRINT [03/12 15:15:49 graph]: --- Testf1: 0.80100, Best Valacc: 0.73800 in epoch 47 --- 
[2023-03-12 15:15:49] PRINT [03/12 15:15:49 graph]: Epoch 75: get test acc score:  0.801
[2023-03-12 15:15:49] PRINT [03/12 15:15:49 graph]: best_f1 0.801 at epoch 71
[2023-03-12 15:15:49] PRINT [03/12 15:15:49 graph]: start epoch 76.
[2023-03-12 15:15:49] PRINT [03/12 15:15:49 graph]: # Epoch 76: train_loss: 0.5203 | lr: 0.000016
[2023-03-12 15:15:50] PRINT [03/12 15:15:50 graph]: --- Testf1: 0.78800, Best Valacc: 0.74600 in epoch 96 --- 
[2023-03-12 15:15:50] PRINT [03/12 15:15:50 graph]: Epoch 76: get test acc score:  0.788
[2023-03-12 15:15:50] PRINT [03/12 15:15:50 graph]: best_f1 0.801 at epoch 71
[2023-03-12 15:15:50] PRINT [03/12 15:15:50 graph]: start epoch 77.
[2023-03-12 15:15:51] PRINT [03/12 15:15:51 graph]: # Epoch 77: train_loss: 0.5186 | lr: 0.000016
[2023-03-12 15:15:51] PRINT [03/12 15:15:51 graph]: --- Testf1: 0.80100, Best Valacc: 0.74800 in epoch 43 --- 
[2023-03-12 15:15:52] PRINT [03/12 15:15:52 graph]: Epoch 77: get test acc score:  0.801
[2023-03-12 15:15:52] PRINT [03/12 15:15:52 graph]: best_f1 0.801 at epoch 71
[2023-03-12 15:15:52] PRINT [03/12 15:15:52 graph]: start epoch 78.
[2023-03-12 15:15:52] PRINT [03/12 15:15:52 graph]: # Epoch 78: train_loss: 0.5173 | lr: 0.000016
[2023-03-12 15:15:53] PRINT [03/12 15:15:53 graph]: --- Testf1: 0.80400, Best Valacc: 0.75000 in epoch 70 --- 
[2023-03-12 15:15:53] PRINT [03/12 15:15:53 graph]: Epoch 78: get test acc score:  0.804
[2023-03-12 15:15:53] PRINT [03/12 15:15:53 graph]: best_f1 0.804 at epoch 78
[2023-03-12 15:15:53] PRINT [03/12 15:15:53 graph]: start epoch 79.
[2023-03-12 15:15:53] PRINT [03/12 15:15:53 graph]: # Epoch 79: train_loss: 0.5167 | lr: 0.000016
[2023-03-12 15:15:54] PRINT [03/12 15:15:54 graph]: --- Testf1: 0.80000, Best Valacc: 0.74000 in epoch 52 --- 
[2023-03-12 15:15:54] PRINT [03/12 15:15:54 graph]: Epoch 79: get test acc score:  0.800
[2023-03-12 15:15:54] PRINT [03/12 15:15:54 graph]: best_f1 0.804 at epoch 78
[2023-03-12 15:15:54] PRINT [03/12 15:15:54 graph]: start epoch 80.
[2023-03-12 15:15:54] PRINT [03/12 15:15:54 graph]: # Epoch 80: train_loss: 0.5170 | lr: 0.000013
[2023-03-12 15:15:55] PRINT [03/12 15:15:55 graph]: --- Testf1: 0.80000, Best Valacc: 0.73600 in epoch 64 --- 
[2023-03-12 15:15:55] PRINT [03/12 15:15:55 graph]: Epoch 80: get test acc score:  0.800
[2023-03-12 15:15:55] PRINT [03/12 15:15:55 graph]: best_f1 0.804 at epoch 78
[2023-03-12 15:15:55] PRINT [03/12 15:15:55 graph]: start epoch 81.
[2023-03-12 15:15:55] PRINT [03/12 15:15:55 graph]: # Epoch 81: train_loss: 0.5166 | lr: 0.000013
[2023-03-12 15:15:56] PRINT [03/12 15:15:56 graph]: --- Testf1: 0.79300, Best Valacc: 0.73200 in epoch 85 --- 
[2023-03-12 15:15:56] PRINT [03/12 15:15:56 graph]: Epoch 81: get test acc score:  0.793
[2023-03-12 15:15:56] PRINT [03/12 15:15:56 graph]: best_f1 0.804 at epoch 78
[2023-03-12 15:15:56] PRINT [03/12 15:15:56 graph]: start epoch 82.
[2023-03-12 15:15:56] PRINT [03/12 15:15:56 graph]: # Epoch 82: train_loss: 0.5171 | lr: 0.000013
[2023-03-12 15:15:57] PRINT [03/12 15:15:57 graph]: --- Testf1: 0.79500, Best Valacc: 0.74600 in epoch 98 --- 
[2023-03-12 15:15:57] PRINT [03/12 15:15:57 graph]: Epoch 82: get test acc score:  0.795
[2023-03-12 15:15:57] PRINT [03/12 15:15:57 graph]: best_f1 0.804 at epoch 78
[2023-03-12 15:15:57] PRINT [03/12 15:15:57 graph]: start epoch 83.
[2023-03-12 15:15:57] PRINT [03/12 15:15:57 graph]: # Epoch 83: train_loss: 0.5150 | lr: 0.000013
[2023-03-12 15:15:58] PRINT [03/12 15:15:58 graph]: --- Testf1: 0.79500, Best Valacc: 0.74000 in epoch 69 --- 
[2023-03-12 15:15:58] PRINT [03/12 15:15:58 graph]: Epoch 83: get test acc score:  0.795
[2023-03-12 15:15:58] PRINT [03/12 15:15:58 graph]: best_f1 0.804 at epoch 78
[2023-03-12 15:15:58] PRINT [03/12 15:15:58 graph]: start epoch 84.
[2023-03-12 15:15:59] PRINT [03/12 15:15:59 graph]: # Epoch 84: train_loss: 0.5144 | lr: 0.000013
[2023-03-12 15:15:59] PRINT [03/12 15:15:59 graph]: --- Testf1: 0.79800, Best Valacc: 0.74800 in epoch 78 --- 
[2023-03-12 15:16:00] PRINT [03/12 15:16:00 graph]: Epoch 84: get test acc score:  0.798
[2023-03-12 15:16:00] PRINT [03/12 15:16:00 graph]: best_f1 0.804 at epoch 78
[2023-03-12 15:16:00] PRINT [03/12 15:16:00 graph]: start epoch 85.
[2023-03-12 15:16:00] PRINT [03/12 15:16:00 graph]: # Epoch 85: train_loss: 0.5128 | lr: 0.000013
[2023-03-12 15:16:01] PRINT [03/12 15:16:01 graph]: --- Testf1: 0.80600, Best Valacc: 0.74200 in epoch 42 --- 
[2023-03-12 15:16:01] PRINT [03/12 15:16:01 graph]: Epoch 85: get test acc score:  0.806
[2023-03-12 15:16:01] PRINT [03/12 15:16:01 graph]: best_f1 0.806 at epoch 85
[2023-03-12 15:16:01] PRINT [03/12 15:16:01 graph]: start epoch 86.
[2023-03-12 15:16:01] PRINT [03/12 15:16:01 graph]: # Epoch 86: train_loss: 0.5143 | lr: 0.000013
[2023-03-12 15:16:02] PRINT [03/12 15:16:02 graph]: --- Testf1: 0.79400, Best Valacc: 0.72800 in epoch 55 --- 
[2023-03-12 15:16:02] PRINT [03/12 15:16:02 graph]: Epoch 86: get test acc score:  0.794
[2023-03-12 15:16:02] PRINT [03/12 15:16:02 graph]: best_f1 0.806 at epoch 85
[2023-03-12 15:16:02] PRINT [03/12 15:16:02 graph]: start epoch 87.
[2023-03-12 15:16:02] PRINT [03/12 15:16:02 graph]: # Epoch 87: train_loss: 0.5121 | lr: 0.000013
[2023-03-12 15:16:03] PRINT [03/12 15:16:03 graph]: --- Testf1: 0.79000, Best Valacc: 0.72400 in epoch 60 --- 
[2023-03-12 15:16:03] PRINT [03/12 15:16:03 graph]: Epoch 87: get test acc score:  0.790
[2023-03-12 15:16:03] PRINT [03/12 15:16:03 graph]: best_f1 0.806 at epoch 85
[2023-03-12 15:16:03] PRINT [03/12 15:16:03 graph]: start epoch 88.
[2023-03-12 15:16:03] PRINT [03/12 15:16:03 graph]: # Epoch 88: train_loss: 0.5115 | lr: 0.000013
[2023-03-12 15:16:04] PRINT [03/12 15:16:04 graph]: --- Testf1: 0.79400, Best Valacc: 0.74400 in epoch 93 --- 
[2023-03-12 15:16:04] PRINT [03/12 15:16:04 graph]: Epoch 88: get test acc score:  0.794
[2023-03-12 15:16:04] PRINT [03/12 15:16:04 graph]: best_f1 0.806 at epoch 85
[2023-03-12 15:16:04] PRINT [03/12 15:16:04 graph]: start epoch 89.
[2023-03-12 15:16:04] PRINT [03/12 15:16:04 graph]: # Epoch 89: train_loss: 0.5110 | lr: 0.000013
[2023-03-12 15:16:05] PRINT [03/12 15:16:05 graph]: --- Testf1: 0.80100, Best Valacc: 0.73600 in epoch 80 --- 
[2023-03-12 15:16:05] PRINT [03/12 15:16:05 graph]: Epoch 89: get test acc score:  0.801
[2023-03-12 15:16:05] PRINT [03/12 15:16:05 graph]: best_f1 0.806 at epoch 85
[2023-03-12 15:16:05] PRINT [03/12 15:16:05 graph]: start epoch 90.
[2023-03-12 15:16:05] PRINT [03/12 15:16:05 graph]: # Epoch 90: train_loss: 0.5116 | lr: 0.000010
[2023-03-12 15:16:06] PRINT [03/12 15:16:06 graph]: --- Testf1: 0.79700, Best Valacc: 0.74600 in epoch 99 --- 
[2023-03-12 15:16:06] PRINT [03/12 15:16:06 graph]: Epoch 90: get test acc score:  0.797
[2023-03-12 15:16:06] PRINT [03/12 15:16:06 graph]: best_f1 0.806 at epoch 85
[2023-03-12 15:16:06] PRINT [03/12 15:16:06 graph]: start epoch 91.
[2023-03-12 15:16:06] PRINT [03/12 15:16:06 graph]: # Epoch 91: train_loss: 0.5104 | lr: 0.000010
[2023-03-12 15:16:07] PRINT [03/12 15:16:07 graph]: --- Testf1: 0.79600, Best Valacc: 0.74800 in epoch 32 --- 
[2023-03-12 15:16:07] PRINT [03/12 15:16:07 graph]: Epoch 91: get test acc score:  0.796
[2023-03-12 15:16:07] PRINT [03/12 15:16:07 graph]: best_f1 0.806 at epoch 85
[2023-03-12 15:16:07] PRINT [03/12 15:16:07 graph]: start epoch 92.
[2023-03-12 15:16:07] PRINT [03/12 15:16:07 graph]: # Epoch 92: train_loss: 0.5107 | lr: 0.000010
[2023-03-12 15:16:08] PRINT [03/12 15:16:08 graph]: --- Testf1: 0.79800, Best Valacc: 0.74200 in epoch 51 --- 
[2023-03-12 15:16:08] PRINT [03/12 15:16:08 graph]: Epoch 92: get test acc score:  0.798
[2023-03-12 15:16:08] PRINT [03/12 15:16:08 graph]: best_f1 0.806 at epoch 85
[2023-03-12 15:16:08] PRINT [03/12 15:16:08 graph]: start epoch 93.
[2023-03-12 15:16:08] PRINT [03/12 15:16:08 graph]: # Epoch 93: train_loss: 0.5079 | lr: 0.000010
[2023-03-12 15:16:09] PRINT [03/12 15:16:09 graph]: --- Testf1: 0.79200, Best Valacc: 0.75400 in epoch 43 --- 
[2023-03-12 15:16:10] PRINT [03/12 15:16:10 graph]: Epoch 93: get test acc score:  0.792
[2023-03-12 15:16:10] PRINT [03/12 15:16:10 graph]: best_f1 0.806 at epoch 85
[2023-03-12 15:16:10] PRINT [03/12 15:16:10 graph]: start epoch 94.
[2023-03-12 15:16:10] PRINT [03/12 15:16:10 graph]: # Epoch 94: train_loss: 0.5101 | lr: 0.000010
[2023-03-12 15:16:10] PRINT [03/12 15:16:10 graph]: --- Testf1: 0.80300, Best Valacc: 0.76400 in epoch 59 --- 
[2023-03-12 15:16:11] PRINT [03/12 15:16:11 graph]: Epoch 94: get test acc score:  0.803
[2023-03-12 15:16:11] PRINT [03/12 15:16:11 graph]: best_f1 0.806 at epoch 85
[2023-03-12 15:16:11] PRINT [03/12 15:16:11 graph]: start epoch 95.
[2023-03-12 15:16:11] PRINT [03/12 15:16:11 graph]: # Epoch 95: train_loss: 0.5084 | lr: 0.000010
[2023-03-12 15:16:12] PRINT [03/12 15:16:12 graph]: --- Testf1: 0.79500, Best Valacc: 0.75000 in epoch 55 --- 
[2023-03-12 15:16:12] PRINT [03/12 15:16:12 graph]: Epoch 95: get test acc score:  0.795
[2023-03-12 15:16:12] PRINT [03/12 15:16:12 graph]: best_f1 0.806 at epoch 85
[2023-03-12 15:16:12] PRINT [03/12 15:16:12 graph]: start epoch 96.
[2023-03-12 15:16:12] PRINT [03/12 15:16:12 graph]: # Epoch 96: train_loss: 0.5090 | lr: 0.000010
[2023-03-12 15:16:13] PRINT [03/12 15:16:13 graph]: --- Testf1: 0.80300, Best Valacc: 0.74800 in epoch 41 --- 
[2023-03-12 15:16:13] PRINT [03/12 15:16:13 graph]: Epoch 96: get test acc score:  0.803
[2023-03-12 15:16:13] PRINT [03/12 15:16:13 graph]: best_f1 0.806 at epoch 85
[2023-03-12 15:16:13] PRINT [03/12 15:16:13 graph]: start epoch 97.
[2023-03-12 15:16:13] PRINT [03/12 15:16:13 graph]: # Epoch 97: train_loss: 0.5065 | lr: 0.000010
[2023-03-12 15:16:14] PRINT [03/12 15:16:14 graph]: --- Testf1: 0.79700, Best Valacc: 0.76400 in epoch 75 --- 
[2023-03-12 15:16:14] PRINT [03/12 15:16:14 graph]: Epoch 97: get test acc score:  0.797
[2023-03-12 15:16:14] PRINT [03/12 15:16:14 graph]: best_f1 0.806 at epoch 85
[2023-03-12 15:16:14] PRINT [03/12 15:16:14 graph]: start epoch 98.
[2023-03-12 15:16:14] PRINT [03/12 15:16:14 graph]: # Epoch 98: train_loss: 0.5096 | lr: 0.000010
[2023-03-12 15:16:15] PRINT [03/12 15:16:15 graph]: --- Testf1: 0.79200, Best Valacc: 0.74200 in epoch 94 --- 
[2023-03-12 15:16:15] PRINT [03/12 15:16:15 graph]: Epoch 98: get test acc score:  0.792
[2023-03-12 15:16:15] PRINT [03/12 15:16:15 graph]: best_f1 0.806 at epoch 85
[2023-03-12 15:16:15] PRINT [03/12 15:16:15 graph]: start epoch 99.
[2023-03-12 15:16:15] PRINT [03/12 15:16:15 graph]: # Epoch 99: train_loss: 0.5063 | lr: 0.000010
[2023-03-12 15:16:16] PRINT [03/12 15:16:16 graph]: --- Testf1: 0.80300, Best Valacc: 0.75000 in epoch 98 --- 
[2023-03-12 15:16:16] PRINT [03/12 15:16:16 graph]: Epoch 99: get test acc score:  0.803
[2023-03-12 15:16:16] PRINT [03/12 15:16:16 graph]: best_f1 0.806 at epoch 85
[2023-03-12 15:16:16] PRINT [03/12 15:16:16 graph]: # final_acc: 0.8060±0.0000
