[2023-03-21 20:33:42] PRINT ---new cfg------
[2023-03-21 20:33:42] PRINT {'DATA': {'data_name': 'photo'}, 'DATALOADER': {'NUM_WORKERS': 0}, 'MODEL': {'num_hidden': 1024, 'num_layers': 2, 'nhead': 2, 'activation': 'prelu', 'attn_drop': 0.2, 'feat_drop': 0.2, 'norm': 'batchnorm', 'pooler': 'mean', 'beta_schedule': 'sigmoid', 'beta_1': 0.0008236230154685068, 'beta_T': 0.055343977292595166, 'T': 394}, 'SOLVER': {'optim_type': 'adam', 'optim_type_f': 'adamw', 'alpha': 1, 'decay': 20, 'LR': 0.00027090853122170626, 'LR_f': 0.000650315200018533, 'weight_decay': 0, 'weight_decay_f': 5.771344773681053e-06, 'MAX_EPOCH': 150, 'max_epoch_f': 100}, 'DEVICE': 'cuda', 'seeds': [0], 'eval_T': [50, 100, 200], 'output_dir': '/ddm-nni/AmazonCoBuyPhotoDataset/log', 'checkpoint_dir': '/ddm-nni/AmazonCoBuyPhotoDataset/log/checkpoint'}
[2023-03-21 20:33:42] PRINT [03/21 20:33:42 graph]: Rank of current process: 0. World size: 1
[2023-03-21 20:33:46] PRINT [03/21 20:33:46 graph]: Environment info:
[2023-03-21 20:33:46] PRINT PyTorch version: 1.10.0+cu113
[2023-03-21 20:33:46] PRINT Is debug build: False
[2023-03-21 20:33:46] PRINT CUDA used to build PyTorch: 11.3
[2023-03-21 20:33:46] PRINT ROCM used to build PyTorch: N/A
[2023-03-21 20:33:46] PRINT 
[2023-03-21 20:33:46] PRINT OS: Ubuntu 20.04.3 LTS (x86_64)
[2023-03-21 20:33:46] PRINT GCC version: (Ubuntu 9.3.0-17ubuntu1~20.04) 9.3.0
[2023-03-21 20:33:46] PRINT Clang version: Could not collect
[2023-03-21 20:33:46] PRINT CMake version: version 3.16.3
[2023-03-21 20:33:46] PRINT Libc version: glibc-2.31
[2023-03-21 20:33:46] PRINT 
[2023-03-21 20:33:46] PRINT Python version: 3.8.10 (default, Jun  4 2021, 15:09:15)  [GCC 7.5.0] (64-bit runtime)
[2023-03-21 20:33:46] PRINT Python platform: Linux-5.4.0-90-generic-x86_64-with-glibc2.17
[2023-03-21 20:33:46] PRINT Is CUDA available: True
[2023-03-21 20:33:46] PRINT CUDA runtime version: 11.3.109
[2023-03-21 20:33:46] PRINT GPU models and configuration: GPU 0: NVIDIA GeForce RTX 3090
[2023-03-21 20:33:46] PRINT Nvidia driver version: 495.44
[2023-03-21 20:33:46] PRINT cuDNN version: Probably one of the following:
[2023-03-21 20:33:46] PRINT /usr/lib/x86_64-linux-gnu/libcudnn.so.8.2.0
[2023-03-21 20:33:46] PRINT /usr/lib/x86_64-linux-gnu/libcudnn_adv_infer.so.8.2.0
[2023-03-21 20:33:46] PRINT /usr/lib/x86_64-linux-gnu/libcudnn_adv_train.so.8.2.0
[2023-03-21 20:33:46] PRINT /usr/lib/x86_64-linux-gnu/libcudnn_cnn_infer.so.8.2.0
[2023-03-21 20:33:46] PRINT /usr/lib/x86_64-linux-gnu/libcudnn_cnn_train.so.8.2.0
[2023-03-21 20:33:46] PRINT /usr/lib/x86_64-linux-gnu/libcudnn_ops_infer.so.8.2.0
[2023-03-21 20:33:46] PRINT /usr/lib/x86_64-linux-gnu/libcudnn_ops_train.so.8.2.0
[2023-03-21 20:33:46] PRINT HIP runtime version: N/A
[2023-03-21 20:33:46] PRINT MIOpen runtime version: N/A
[2023-03-21 20:33:46] PRINT 
[2023-03-21 20:33:46] PRINT Versions of relevant libraries:
[2023-03-21 20:33:46] PRINT [pip3] numpy==1.23.5
[2023-03-21 20:33:46] PRINT [pip3] torch==1.10.0+cu113
[2023-03-21 20:33:46] PRINT [pip3] torchvision==0.11.1+cu113
[2023-03-21 20:33:46] PRINT [conda] blas                      1.0                         mkl    https://mirrors.ustc.edu.cn/anaconda/pkgs/main
[2023-03-21 20:33:46] PRINT [conda] mkl                       2021.4.0           h06a4308_640    https://mirrors.ustc.edu.cn/anaconda/pkgs/main
[2023-03-21 20:33:46] PRINT [conda] mkl-service               2.4.0            py38h7f8727e_0    https://mirrors.ustc.edu.cn/anaconda/pkgs/main
[2023-03-21 20:33:46] PRINT [conda] mkl_fft                   1.3.1            py38hd3c417c_0    https://mirrors.ustc.edu.cn/anaconda/pkgs/main
[2023-03-21 20:33:46] PRINT [conda] mkl_random                1.2.2            py38h51133e4_0    https://mirrors.ustc.edu.cn/anaconda/pkgs/main
[2023-03-21 20:33:46] PRINT [conda] numpy                     1.21.4                   pypi_0    pypi
[2023-03-21 20:33:46] PRINT [conda] numpy-base                1.23.5           py38h31eccc5_0    https://mirrors.ustc.edu.cn/anaconda/pkgs/main
[2023-03-21 20:33:46] PRINT [conda] torch                     1.10.0+cu113             pypi_0    pypi
[2023-03-21 20:33:46] PRINT [conda] torchvision               0.11.1+cu113             pypi_0    pypi
[2023-03-21 20:33:46] PRINT         Pillow (8.4.0)
[2023-03-21 20:33:46] PRINT [03/21 20:33:46 graph]: Command line arguments: Namespace(local_rank=0, resume=False, seed=1234, start_epoch=0)
[2023-03-21 20:33:46] PRINT [03/21 20:33:46 graph]: Run 0th for seed 0
[2023-03-21 20:33:46] PRINT [03/21 20:33:46 graph]: Total trainable params num : 23265711
[2023-03-21 20:33:50] PRINT [03/21 20:33:50 graph]: ----------Start Training----------
[2023-03-21 20:33:51] PRINT [03/21 20:33:51 graph]: start epoch 0.
[2023-03-21 20:33:51] PRINT [03/21 20:33:51 graph]: # Epoch 0: train_loss: 0.9882 | lr: 0.000271
[2023-03-21 20:33:51] PRINT [03/21 20:33:51 graph]: start epoch 1.
[2023-03-21 20:33:51] PRINT [03/21 20:33:51 graph]: # Epoch 1: train_loss: 0.7572 | lr: 0.000271
[2023-03-21 20:33:51] PRINT [03/21 20:33:51 graph]: start epoch 2.
[2023-03-21 20:33:51] PRINT [03/21 20:33:51 graph]: # Epoch 2: train_loss: 0.6562 | lr: 0.000271
[2023-03-21 20:33:51] PRINT [03/21 20:33:51 graph]: start epoch 3.
[2023-03-21 20:33:51] PRINT [03/21 20:33:51 graph]: # Epoch 3: train_loss: 0.6092 | lr: 0.000271
[2023-03-21 20:33:51] PRINT [03/21 20:33:51 graph]: start epoch 4.
[2023-03-21 20:33:52] PRINT [03/21 20:33:52 graph]: # Epoch 4: train_loss: 0.5841 | lr: 0.000271
[2023-03-21 20:33:52] PRINT [03/21 20:33:52 graph]: start epoch 5.
[2023-03-21 20:33:52] PRINT [03/21 20:33:52 graph]: # Epoch 5: train_loss: 0.5672 | lr: 0.000271
[2023-03-21 20:33:52] PRINT [03/21 20:33:52 graph]: start epoch 6.
[2023-03-21 20:33:52] PRINT [03/21 20:33:52 graph]: # Epoch 6: train_loss: 0.5525 | lr: 0.000271
[2023-03-21 20:33:52] PRINT [03/21 20:33:52 graph]: start epoch 7.
[2023-03-21 20:33:52] PRINT [03/21 20:33:52 graph]: # Epoch 7: train_loss: 0.5405 | lr: 0.000271
[2023-03-21 20:33:52] PRINT [03/21 20:33:52 graph]: start epoch 8.
[2023-03-21 20:33:52] PRINT [03/21 20:33:52 graph]: # Epoch 8: train_loss: 0.5311 | lr: 0.000271
[2023-03-21 20:33:52] PRINT [03/21 20:33:52 graph]: start epoch 9.
[2023-03-21 20:33:52] PRINT [03/21 20:33:52 graph]: # Epoch 9: train_loss: 0.5226 | lr: 0.000271
[2023-03-21 20:33:52] PRINT [03/21 20:33:52 graph]: start epoch 10.
[2023-03-21 20:33:52] PRINT [03/21 20:33:52 graph]: # Epoch 10: train_loss: 0.5151 | lr: 0.000271
[2023-03-21 20:33:52] PRINT [03/21 20:33:52 graph]: start epoch 11.
[2023-03-21 20:33:52] PRINT [03/21 20:33:52 graph]: # Epoch 11: train_loss: 0.5084 | lr: 0.000271
[2023-03-21 20:33:52] PRINT [03/21 20:33:52 graph]: start epoch 12.
[2023-03-21 20:33:52] PRINT [03/21 20:33:52 graph]: # Epoch 12: train_loss: 0.5019 | lr: 0.000271
[2023-03-21 20:33:52] PRINT [03/21 20:33:52 graph]: start epoch 13.
[2023-03-21 20:33:52] PRINT [03/21 20:33:52 graph]: # Epoch 13: train_loss: 0.4961 | lr: 0.000271
[2023-03-21 20:33:52] PRINT [03/21 20:33:52 graph]: start epoch 14.
[2023-03-21 20:33:52] PRINT [03/21 20:33:52 graph]: # Epoch 14: train_loss: 0.4917 | lr: 0.000271
[2023-03-21 20:33:52] PRINT [03/21 20:33:52 graph]: start epoch 15.
[2023-03-21 20:33:52] PRINT [03/21 20:33:52 graph]: # Epoch 15: train_loss: 0.4875 | lr: 0.000271
[2023-03-21 20:33:52] PRINT [03/21 20:33:52 graph]: start epoch 16.
[2023-03-21 20:33:52] PRINT [03/21 20:33:52 graph]: # Epoch 16: train_loss: 0.4837 | lr: 0.000271
[2023-03-21 20:33:52] PRINT [03/21 20:33:52 graph]: start epoch 17.
[2023-03-21 20:33:52] PRINT [03/21 20:33:52 graph]: # Epoch 17: train_loss: 0.4801 | lr: 0.000271
[2023-03-21 20:33:52] PRINT [03/21 20:33:52 graph]: start epoch 18.
[2023-03-21 20:33:53] PRINT [03/21 20:33:53 graph]: # Epoch 18: train_loss: 0.4764 | lr: 0.000271
[2023-03-21 20:33:53] PRINT [03/21 20:33:53 graph]: start epoch 19.
[2023-03-21 20:33:53] PRINT [03/21 20:33:53 graph]: # Epoch 19: train_loss: 0.4733 | lr: 0.000271
[2023-03-21 20:33:53] PRINT [03/21 20:33:53 graph]: start epoch 20.
[2023-03-21 20:33:53] PRINT [03/21 20:33:53 graph]: # Epoch 20: train_loss: 0.4702 | lr: 0.000271
[2023-03-21 20:33:53] PRINT [03/21 20:33:53 graph]: start epoch 21.
[2023-03-21 20:33:53] PRINT [03/21 20:33:53 graph]: # Epoch 21: train_loss: 0.4671 | lr: 0.000271
[2023-03-21 20:33:53] PRINT [03/21 20:33:53 graph]: start epoch 22.
[2023-03-21 20:33:53] PRINT [03/21 20:33:53 graph]: # Epoch 22: train_loss: 0.4647 | lr: 0.000271
[2023-03-21 20:33:53] PRINT [03/21 20:33:53 graph]: start epoch 23.
[2023-03-21 20:33:53] PRINT [03/21 20:33:53 graph]: # Epoch 23: train_loss: 0.4626 | lr: 0.000271
[2023-03-21 20:33:53] PRINT [03/21 20:33:53 graph]: start epoch 24.
[2023-03-21 20:33:53] PRINT [03/21 20:33:53 graph]: # Epoch 24: train_loss: 0.4623 | lr: 0.000271
[2023-03-21 20:33:53] PRINT [03/21 20:33:53 graph]: start epoch 25.
[2023-03-21 20:33:53] PRINT [03/21 20:33:53 graph]: # Epoch 25: train_loss: 0.4594 | lr: 0.000271
[2023-03-21 20:33:53] PRINT [03/21 20:33:53 graph]: start epoch 26.
[2023-03-21 20:33:53] PRINT [03/21 20:33:53 graph]: # Epoch 26: train_loss: 0.4576 | lr: 0.000271
[2023-03-21 20:33:53] PRINT [03/21 20:33:53 graph]: start epoch 27.
[2023-03-21 20:33:53] PRINT [03/21 20:33:53 graph]: # Epoch 27: train_loss: 0.4549 | lr: 0.000271
[2023-03-21 20:33:53] PRINT [03/21 20:33:53 graph]: start epoch 28.
[2023-03-21 20:33:53] PRINT [03/21 20:33:53 graph]: # Epoch 28: train_loss: 0.4539 | lr: 0.000271
[2023-03-21 20:33:53] PRINT [03/21 20:33:53 graph]: start epoch 29.
[2023-03-21 20:33:53] PRINT [03/21 20:33:53 graph]: # Epoch 29: train_loss: 0.4546 | lr: 0.000271
[2023-03-21 20:33:53] PRINT [03/21 20:33:53 graph]: start epoch 30.
[2023-03-21 20:33:53] PRINT [03/21 20:33:53 graph]: # Epoch 30: train_loss: 0.4498 | lr: 0.000271
[2023-03-21 20:33:53] PRINT [03/21 20:33:53 graph]: start epoch 31.
[2023-03-21 20:33:53] PRINT [03/21 20:33:53 graph]: # Epoch 31: train_loss: 0.4506 | lr: 0.000271
[2023-03-21 20:33:53] PRINT [03/21 20:33:53 graph]: start epoch 32.
[2023-03-21 20:33:54] PRINT [03/21 20:33:54 graph]: # Epoch 32: train_loss: 0.4534 | lr: 0.000271
[2023-03-21 20:33:54] PRINT [03/21 20:33:54 graph]: start epoch 33.
[2023-03-21 20:33:54] PRINT [03/21 20:33:54 graph]: # Epoch 33: train_loss: 0.4476 | lr: 0.000271
[2023-03-21 20:33:54] PRINT [03/21 20:33:54 graph]: start epoch 34.
[2023-03-21 20:33:54] PRINT [03/21 20:33:54 graph]: # Epoch 34: train_loss: 0.4536 | lr: 0.000271
[2023-03-21 20:33:54] PRINT [03/21 20:33:54 graph]: start epoch 35.
[2023-03-21 20:33:54] PRINT [03/21 20:33:54 graph]: # Epoch 35: train_loss: 0.4480 | lr: 0.000271
[2023-03-21 20:33:54] PRINT [03/21 20:33:54 graph]: start epoch 36.
[2023-03-21 20:33:54] PRINT [03/21 20:33:54 graph]: # Epoch 36: train_loss: 0.4515 | lr: 0.000271
[2023-03-21 20:33:54] PRINT [03/21 20:33:54 graph]: start epoch 37.
[2023-03-21 20:33:54] PRINT [03/21 20:33:54 graph]: # Epoch 37: train_loss: 0.4443 | lr: 0.000271
[2023-03-21 20:33:54] PRINT [03/21 20:33:54 graph]: start epoch 38.
[2023-03-21 20:33:54] PRINT [03/21 20:33:54 graph]: # Epoch 38: train_loss: 0.4444 | lr: 0.000271
[2023-03-21 20:33:54] PRINT [03/21 20:33:54 graph]: start epoch 39.
[2023-03-21 20:33:54] PRINT [03/21 20:33:54 graph]: # Epoch 39: train_loss: 0.4431 | lr: 0.000271
[2023-03-21 20:33:54] PRINT [03/21 20:33:54 graph]: start epoch 40.
[2023-03-21 20:33:54] PRINT [03/21 20:33:54 graph]: # Epoch 40: train_loss: 0.4405 | lr: 0.000271
[2023-03-21 20:33:54] PRINT [03/21 20:33:54 graph]: start epoch 41.
[2023-03-21 20:33:54] PRINT [03/21 20:33:54 graph]: # Epoch 41: train_loss: 0.4405 | lr: 0.000271
[2023-03-21 20:33:54] PRINT [03/21 20:33:54 graph]: start epoch 42.
[2023-03-21 20:33:54] PRINT [03/21 20:33:54 graph]: # Epoch 42: train_loss: 0.4389 | lr: 0.000271
[2023-03-21 20:33:54] PRINT [03/21 20:33:54 graph]: start epoch 43.
[2023-03-21 20:33:54] PRINT [03/21 20:33:54 graph]: # Epoch 43: train_loss: 0.4371 | lr: 0.000271
[2023-03-21 20:33:54] PRINT [03/21 20:33:54 graph]: start epoch 44.
[2023-03-21 20:33:54] PRINT [03/21 20:33:54 graph]: # Epoch 44: train_loss: 0.4353 | lr: 0.000271
[2023-03-21 20:33:54] PRINT [03/21 20:33:54 graph]: start epoch 45.
[2023-03-21 20:33:54] PRINT [03/21 20:33:54 graph]: # Epoch 45: train_loss: 0.4346 | lr: 0.000271
[2023-03-21 20:33:54] PRINT [03/21 20:33:54 graph]: start epoch 46.
[2023-03-21 20:33:54] PRINT [03/21 20:33:54 graph]: # Epoch 46: train_loss: 0.4334 | lr: 0.000271
[2023-03-21 20:33:54] PRINT [03/21 20:33:54 graph]: start epoch 47.
[2023-03-21 20:33:55] PRINT [03/21 20:33:55 graph]: # Epoch 47: train_loss: 0.4318 | lr: 0.000271
[2023-03-21 20:33:55] PRINT [03/21 20:33:55 graph]: start epoch 48.
[2023-03-21 20:33:55] PRINT [03/21 20:33:55 graph]: # Epoch 48: train_loss: 0.4319 | lr: 0.000271
[2023-03-21 20:33:55] PRINT [03/21 20:33:55 graph]: start epoch 49.
[2023-03-21 20:33:55] PRINT [03/21 20:33:55 graph]: # Epoch 49: train_loss: 0.4301 | lr: 0.000271
[2023-03-21 20:33:55] PRINT [03/21 20:33:55 graph]: start epoch 50.
[2023-03-21 20:33:55] PRINT [03/21 20:33:55 graph]: # Epoch 50: train_loss: 0.4285 | lr: 0.000271
[2023-03-21 20:33:55] PRINT [03/21 20:33:55 graph]: start epoch 51.
[2023-03-21 20:33:55] PRINT [03/21 20:33:55 graph]: # Epoch 51: train_loss: 0.4282 | lr: 0.000271
[2023-03-21 20:33:55] PRINT [03/21 20:33:55 graph]: start epoch 52.
[2023-03-21 20:33:55] PRINT [03/21 20:33:55 graph]: # Epoch 52: train_loss: 0.4264 | lr: 0.000271
[2023-03-21 20:33:55] PRINT [03/21 20:33:55 graph]: start epoch 53.
[2023-03-21 20:33:55] PRINT [03/21 20:33:55 graph]: # Epoch 53: train_loss: 0.4254 | lr: 0.000271
[2023-03-21 20:33:55] PRINT [03/21 20:33:55 graph]: start epoch 54.
[2023-03-21 20:33:55] PRINT [03/21 20:33:55 graph]: # Epoch 54: train_loss: 0.4250 | lr: 0.000271
[2023-03-21 20:33:55] PRINT [03/21 20:33:55 graph]: start epoch 55.
[2023-03-21 20:33:55] PRINT [03/21 20:33:55 graph]: # Epoch 55: train_loss: 0.4238 | lr: 0.000271
[2023-03-21 20:33:55] PRINT [03/21 20:33:55 graph]: start epoch 56.
[2023-03-21 20:33:55] PRINT [03/21 20:33:55 graph]: # Epoch 56: train_loss: 0.4227 | lr: 0.000271
[2023-03-21 20:33:55] PRINT [03/21 20:33:55 graph]: start epoch 57.
[2023-03-21 20:33:55] PRINT [03/21 20:33:55 graph]: # Epoch 57: train_loss: 0.4216 | lr: 0.000271
[2023-03-21 20:33:55] PRINT [03/21 20:33:55 graph]: start epoch 58.
[2023-03-21 20:33:55] PRINT [03/21 20:33:55 graph]: # Epoch 58: train_loss: 0.4213 | lr: 0.000271
[2023-03-21 20:33:55] PRINT [03/21 20:33:55 graph]: start epoch 59.
[2023-03-21 20:33:55] PRINT [03/21 20:33:55 graph]: # Epoch 59: train_loss: 0.4197 | lr: 0.000271
[2023-03-21 20:33:55] PRINT [03/21 20:33:55 graph]: start epoch 60.
[2023-03-21 20:33:55] PRINT [03/21 20:33:55 graph]: # Epoch 60: train_loss: 0.4192 | lr: 0.000271
[2023-03-21 20:33:55] PRINT [03/21 20:33:55 graph]: start epoch 61.
[2023-03-21 20:33:55] PRINT [03/21 20:33:55 graph]: # Epoch 61: train_loss: 0.4182 | lr: 0.000271
[2023-03-21 20:33:55] PRINT [03/21 20:33:55 graph]: start epoch 62.
[2023-03-21 20:33:56] PRINT [03/21 20:33:56 graph]: # Epoch 62: train_loss: 0.4178 | lr: 0.000271
[2023-03-21 20:33:56] PRINT [03/21 20:33:56 graph]: start epoch 63.
[2023-03-21 20:33:56] PRINT [03/21 20:33:56 graph]: # Epoch 63: train_loss: 0.4164 | lr: 0.000271
[2023-03-21 20:33:56] PRINT [03/21 20:33:56 graph]: start epoch 64.
[2023-03-21 20:33:56] PRINT [03/21 20:33:56 graph]: # Epoch 64: train_loss: 0.4158 | lr: 0.000271
[2023-03-21 20:33:56] PRINT [03/21 20:33:56 graph]: start epoch 65.
[2023-03-21 20:33:56] PRINT [03/21 20:33:56 graph]: # Epoch 65: train_loss: 0.4156 | lr: 0.000271
[2023-03-21 20:33:56] PRINT [03/21 20:33:56 graph]: start epoch 66.
[2023-03-21 20:33:56] PRINT [03/21 20:33:56 graph]: # Epoch 66: train_loss: 0.4143 | lr: 0.000271
[2023-03-21 20:33:56] PRINT [03/21 20:33:56 graph]: start epoch 67.
[2023-03-21 20:33:56] PRINT [03/21 20:33:56 graph]: # Epoch 67: train_loss: 0.4137 | lr: 0.000271
[2023-03-21 20:33:56] PRINT [03/21 20:33:56 graph]: start epoch 68.
[2023-03-21 20:33:56] PRINT [03/21 20:33:56 graph]: # Epoch 68: train_loss: 0.4130 | lr: 0.000271
[2023-03-21 20:33:56] PRINT [03/21 20:33:56 graph]: start epoch 69.
[2023-03-21 20:33:56] PRINT [03/21 20:33:56 graph]: # Epoch 69: train_loss: 0.4118 | lr: 0.000271
[2023-03-21 20:33:56] PRINT [03/21 20:33:56 graph]: start epoch 70.
[2023-03-21 20:33:56] PRINT [03/21 20:33:56 graph]: # Epoch 70: train_loss: 0.4110 | lr: 0.000271
[2023-03-21 20:33:56] PRINT [03/21 20:33:56 graph]: start epoch 71.
[2023-03-21 20:33:56] PRINT [03/21 20:33:56 graph]: # Epoch 71: train_loss: 0.4100 | lr: 0.000271
[2023-03-21 20:33:56] PRINT [03/21 20:33:56 graph]: start epoch 72.
[2023-03-21 20:33:56] PRINT [03/21 20:33:56 graph]: # Epoch 72: train_loss: 0.4096 | lr: 0.000271
[2023-03-21 20:33:56] PRINT [03/21 20:33:56 graph]: start epoch 73.
[2023-03-21 20:33:56] PRINT [03/21 20:33:56 graph]: # Epoch 73: train_loss: 0.4090 | lr: 0.000271
[2023-03-21 20:33:56] PRINT [03/21 20:33:56 graph]: start epoch 74.
[2023-03-21 20:33:56] PRINT [03/21 20:33:56 graph]: # Epoch 74: train_loss: 0.4084 | lr: 0.000271
[2023-03-21 20:33:56] PRINT [03/21 20:33:56 graph]: start epoch 75.
[2023-03-21 20:33:56] PRINT [03/21 20:33:56 graph]: # Epoch 75: train_loss: 0.4079 | lr: 0.000271
[2023-03-21 20:33:56] PRINT [03/21 20:33:56 graph]: start epoch 76.
[2023-03-21 20:33:57] PRINT [03/21 20:33:57 graph]: # Epoch 76: train_loss: 0.4069 | lr: 0.000271
[2023-03-21 20:33:57] PRINT [03/21 20:33:57 graph]: start epoch 77.
[2023-03-21 20:33:57] PRINT [03/21 20:33:57 graph]: # Epoch 77: train_loss: 0.4058 | lr: 0.000271
[2023-03-21 20:33:57] PRINT [03/21 20:33:57 graph]: start epoch 78.
[2023-03-21 20:33:57] PRINT [03/21 20:33:57 graph]: # Epoch 78: train_loss: 0.4063 | lr: 0.000271
[2023-03-21 20:33:57] PRINT [03/21 20:33:57 graph]: start epoch 79.
[2023-03-21 20:33:57] PRINT [03/21 20:33:57 graph]: # Epoch 79: train_loss: 0.4060 | lr: 0.000271
[2023-03-21 20:33:57] PRINT [03/21 20:33:57 graph]: start epoch 80.
[2023-03-21 20:33:57] PRINT [03/21 20:33:57 graph]: # Epoch 80: train_loss: 0.4081 | lr: 0.000271
[2023-03-21 20:33:57] PRINT [03/21 20:33:57 graph]: start epoch 81.
[2023-03-21 20:33:57] PRINT [03/21 20:33:57 graph]: # Epoch 81: train_loss: 0.4086 | lr: 0.000271
[2023-03-21 20:33:57] PRINT [03/21 20:33:57 graph]: start epoch 82.
[2023-03-21 20:33:57] PRINT [03/21 20:33:57 graph]: # Epoch 82: train_loss: 0.4064 | lr: 0.000271
[2023-03-21 20:33:57] PRINT [03/21 20:33:57 graph]: start epoch 83.
[2023-03-21 20:33:57] PRINT [03/21 20:33:57 graph]: # Epoch 83: train_loss: 0.4056 | lr: 0.000271
[2023-03-21 20:33:57] PRINT [03/21 20:33:57 graph]: start epoch 84.
[2023-03-21 20:33:57] PRINT [03/21 20:33:57 graph]: # Epoch 84: train_loss: 0.4033 | lr: 0.000271
[2023-03-21 20:33:57] PRINT [03/21 20:33:57 graph]: start epoch 85.
[2023-03-21 20:33:57] PRINT [03/21 20:33:57 graph]: # Epoch 85: train_loss: 0.4031 | lr: 0.000271
[2023-03-21 20:33:57] PRINT [03/21 20:33:57 graph]: start epoch 86.
[2023-03-21 20:33:57] PRINT [03/21 20:33:57 graph]: # Epoch 86: train_loss: 0.4018 | lr: 0.000271
[2023-03-21 20:33:57] PRINT [03/21 20:33:57 graph]: start epoch 87.
[2023-03-21 20:33:57] PRINT [03/21 20:33:57 graph]: # Epoch 87: train_loss: 0.4015 | lr: 0.000271
[2023-03-21 20:33:57] PRINT [03/21 20:33:57 graph]: start epoch 88.
[2023-03-21 20:33:57] PRINT [03/21 20:33:57 graph]: # Epoch 88: train_loss: 0.4005 | lr: 0.000271
[2023-03-21 20:33:57] PRINT [03/21 20:33:57 graph]: start epoch 89.
[2023-03-21 20:33:57] PRINT [03/21 20:33:57 graph]: # Epoch 89: train_loss: 0.3996 | lr: 0.000271
[2023-03-21 20:33:57] PRINT [03/21 20:33:57 graph]: start epoch 90.
[2023-03-21 20:33:57] PRINT [03/21 20:33:57 graph]: # Epoch 90: train_loss: 0.3993 | lr: 0.000271
[2023-03-21 20:33:57] PRINT [03/21 20:33:57 graph]: start epoch 91.
[2023-03-21 20:33:58] PRINT [03/21 20:33:58 graph]: # Epoch 91: train_loss: 0.3980 | lr: 0.000271
[2023-03-21 20:33:58] PRINT [03/21 20:33:58 graph]: start epoch 92.
[2023-03-21 20:33:58] PRINT [03/21 20:33:58 graph]: # Epoch 92: train_loss: 0.3968 | lr: 0.000271
[2023-03-21 20:33:58] PRINT [03/21 20:33:58 graph]: start epoch 93.
[2023-03-21 20:33:58] PRINT [03/21 20:33:58 graph]: # Epoch 93: train_loss: 0.3967 | lr: 0.000271
[2023-03-21 20:33:58] PRINT [03/21 20:33:58 graph]: start epoch 94.
[2023-03-21 20:33:58] PRINT [03/21 20:33:58 graph]: # Epoch 94: train_loss: 0.3955 | lr: 0.000271
[2023-03-21 20:33:58] PRINT [03/21 20:33:58 graph]: start epoch 95.
[2023-03-21 20:33:58] PRINT [03/21 20:33:58 graph]: # Epoch 95: train_loss: 0.3950 | lr: 0.000271
[2023-03-21 20:33:58] PRINT [03/21 20:33:58 graph]: start epoch 96.
[2023-03-21 20:33:58] PRINT [03/21 20:33:58 graph]: # Epoch 96: train_loss: 0.3947 | lr: 0.000271
[2023-03-21 20:33:58] PRINT [03/21 20:33:58 graph]: start epoch 97.
[2023-03-21 20:33:58] PRINT [03/21 20:33:58 graph]: # Epoch 97: train_loss: 0.3942 | lr: 0.000271
[2023-03-21 20:33:58] PRINT [03/21 20:33:58 graph]: start epoch 98.
[2023-03-21 20:33:58] PRINT [03/21 20:33:58 graph]: # Epoch 98: train_loss: 0.3929 | lr: 0.000271
[2023-03-21 20:33:58] PRINT [03/21 20:33:58 graph]: start epoch 99.
[2023-03-21 20:33:58] PRINT [03/21 20:33:58 graph]: # Epoch 99: train_loss: 0.3931 | lr: 0.000271
[2023-03-21 20:33:58] PRINT [03/21 20:33:58 graph]: start epoch 100.
[2023-03-21 20:33:58] PRINT [03/21 20:33:58 graph]: # Epoch 100: train_loss: 0.3913 | lr: 0.000271
[2023-03-21 20:33:58] PRINT [03/21 20:33:58 graph]: start epoch 101.
[2023-03-21 20:33:58] PRINT [03/21 20:33:58 graph]: # Epoch 101: train_loss: 0.3911 | lr: 0.000271
[2023-03-21 20:34:13] PRINT [03/21 20:34:13 graph]: --- Testf1: 0.94183, Best Valacc: 0.93595 in epoch 32 --- 
[2023-03-21 20:34:13] PRINT [03/21 20:34:13 graph]: Epoch 101: get test acc score:  0.942
[2023-03-21 20:34:13] PRINT [03/21 20:34:13 graph]: best_f1 0.942 at epoch 101
[2023-03-21 20:34:13] PRINT [03/21 20:34:13 graph]: start epoch 102.
[2023-03-21 20:34:14] PRINT [03/21 20:34:14 graph]: # Epoch 102: train_loss: 0.3909 | lr: 0.000271
[2023-03-21 20:34:22] PRINT [03/21 20:34:22 graph]: --- Testf1: 0.94052, Best Valacc: 0.93856 in epoch 15 --- 
[2023-03-21 20:34:22] PRINT [03/21 20:34:22 graph]: Epoch 102: get test acc score:  0.941
[2023-03-21 20:34:22] PRINT [03/21 20:34:22 graph]: best_f1 0.942 at epoch 101
[2023-03-21 20:34:22] PRINT [03/21 20:34:22 graph]: start epoch 103.
[2023-03-21 20:34:22] PRINT [03/21 20:34:22 graph]: # Epoch 103: train_loss: 0.3902 | lr: 0.000271
[2023-03-21 20:34:25] PRINT [03/21 20:34:25 graph]: --- Testf1: 0.94167, Best Valacc: 0.93203 in epoch 8 --- 
[2023-03-21 20:34:25] PRINT [03/21 20:34:25 graph]: Epoch 103: get test acc score:  0.942
[2023-03-21 20:34:25] PRINT [03/21 20:34:25 graph]: best_f1 0.942 at epoch 101
[2023-03-21 20:34:25] PRINT [03/21 20:34:25 graph]: start epoch 104.
[2023-03-21 20:34:25] PRINT [03/21 20:34:25 graph]: # Epoch 104: train_loss: 0.3890 | lr: 0.000271
[2023-03-21 20:34:28] PRINT [03/21 20:34:28 graph]: --- Testf1: 0.93742, Best Valacc: 0.93072 in epoch 8 --- 
[2023-03-21 20:34:28] PRINT [03/21 20:34:28 graph]: Epoch 104: get test acc score:  0.937
[2023-03-21 20:34:28] PRINT [03/21 20:34:28 graph]: best_f1 0.942 at epoch 101
[2023-03-21 20:34:28] PRINT [03/21 20:34:28 graph]: start epoch 105.
[2023-03-21 20:34:28] PRINT [03/21 20:34:28 graph]: # Epoch 105: train_loss: 0.3883 | lr: 0.000271
[2023-03-21 20:34:31] PRINT [03/21 20:34:31 graph]: --- Testf1: 0.94150, Best Valacc: 0.93595 in epoch 30 --- 
[2023-03-21 20:34:31] PRINT [03/21 20:34:31 graph]: Epoch 105: get test acc score:  0.942
[2023-03-21 20:34:31] PRINT [03/21 20:34:31 graph]: best_f1 0.942 at epoch 101
[2023-03-21 20:34:31] PRINT [03/21 20:34:31 graph]: start epoch 106.
[2023-03-21 20:34:31] PRINT [03/21 20:34:31 graph]: # Epoch 106: train_loss: 0.3888 | lr: 0.000271
[2023-03-21 20:34:34] PRINT [03/21 20:34:34 graph]: --- Testf1: 0.94363, Best Valacc: 0.93072 in epoch 97 --- 
[2023-03-21 20:34:34] PRINT [03/21 20:34:34 graph]: Epoch 106: get test acc score:  0.944
[2023-03-21 20:34:34] PRINT [03/21 20:34:34 graph]: best_f1 0.944 at epoch 106
[2023-03-21 20:34:34] PRINT [03/21 20:34:34 graph]: start epoch 107.
[2023-03-21 20:34:35] PRINT [03/21 20:34:35 graph]: # Epoch 107: train_loss: 0.3916 | lr: 0.000271
[2023-03-21 20:34:37] PRINT [03/21 20:34:37 graph]: --- Testf1: 0.94428, Best Valacc: 0.93203 in epoch 73 --- 
[2023-03-21 20:34:38] PRINT [03/21 20:34:38 graph]: Epoch 107: get test acc score:  0.944
[2023-03-21 20:34:38] PRINT [03/21 20:34:38 graph]: best_f1 0.944 at epoch 107
[2023-03-21 20:34:38] PRINT [03/21 20:34:38 graph]: start epoch 108.
[2023-03-21 20:34:38] PRINT [03/21 20:34:38 graph]: # Epoch 108: train_loss: 0.3892 | lr: 0.000271
[2023-03-21 20:34:41] PRINT [03/21 20:34:41 graph]: --- Testf1: 0.94330, Best Valacc: 0.93072 in epoch 90 --- 
[2023-03-21 20:34:41] PRINT [03/21 20:34:41 graph]: Epoch 108: get test acc score:  0.943
[2023-03-21 20:34:41] PRINT [03/21 20:34:41 graph]: best_f1 0.944 at epoch 107
[2023-03-21 20:34:41] PRINT [03/21 20:34:41 graph]: start epoch 109.
[2023-03-21 20:34:41] PRINT [03/21 20:34:41 graph]: # Epoch 109: train_loss: 0.3880 | lr: 0.000271
[2023-03-21 20:34:44] PRINT [03/21 20:34:44 graph]: --- Testf1: 0.94281, Best Valacc: 0.93072 in epoch 46 --- 
[2023-03-21 20:34:44] PRINT [03/21 20:34:44 graph]: Epoch 109: get test acc score:  0.943
[2023-03-21 20:34:44] PRINT [03/21 20:34:44 graph]: best_f1 0.944 at epoch 107
[2023-03-21 20:34:44] PRINT [03/21 20:34:44 graph]: start epoch 110.
[2023-03-21 20:34:44] PRINT [03/21 20:34:44 graph]: # Epoch 110: train_loss: 0.3858 | lr: 0.000271
[2023-03-21 20:34:47] PRINT [03/21 20:34:47 graph]: --- Testf1: 0.93791, Best Valacc: 0.93464 in epoch 12 --- 
[2023-03-21 20:34:47] PRINT [03/21 20:34:47 graph]: Epoch 110: get test acc score:  0.938
[2023-03-21 20:34:47] PRINT [03/21 20:34:47 graph]: best_f1 0.944 at epoch 107
[2023-03-21 20:34:47] PRINT [03/21 20:34:47 graph]: start epoch 111.
[2023-03-21 20:34:48] PRINT [03/21 20:34:48 graph]: # Epoch 111: train_loss: 0.3873 | lr: 0.000271
[2023-03-21 20:34:51] PRINT [03/21 20:34:51 graph]: --- Testf1: 0.94199, Best Valacc: 0.93464 in epoch 76 --- 
[2023-03-21 20:34:51] PRINT [03/21 20:34:51 graph]: Epoch 111: get test acc score:  0.942
[2023-03-21 20:34:51] PRINT [03/21 20:34:51 graph]: best_f1 0.944 at epoch 107
[2023-03-21 20:34:51] PRINT [03/21 20:34:51 graph]: start epoch 112.
[2023-03-21 20:34:51] PRINT [03/21 20:34:51 graph]: # Epoch 112: train_loss: 0.3860 | lr: 0.000271
[2023-03-21 20:34:54] PRINT [03/21 20:34:54 graph]: --- Testf1: 0.94118, Best Valacc: 0.94118 in epoch 31 --- 
[2023-03-21 20:34:54] PRINT [03/21 20:34:54 graph]: Epoch 112: get test acc score:  0.941
[2023-03-21 20:34:54] PRINT [03/21 20:34:54 graph]: best_f1 0.944 at epoch 107
[2023-03-21 20:34:54] PRINT [03/21 20:34:54 graph]: start epoch 113.
[2023-03-21 20:34:55] PRINT [03/21 20:34:55 graph]: # Epoch 113: train_loss: 0.3845 | lr: 0.000271
[2023-03-21 20:34:58] PRINT [03/21 20:34:58 graph]: --- Testf1: 0.94118, Best Valacc: 0.92941 in epoch 26 --- 
[2023-03-21 20:34:58] PRINT [03/21 20:34:58 graph]: Epoch 113: get test acc score:  0.941
[2023-03-21 20:34:58] PRINT [03/21 20:34:58 graph]: best_f1 0.944 at epoch 107
[2023-03-21 20:34:58] PRINT [03/21 20:34:58 graph]: start epoch 114.
[2023-03-21 20:34:58] PRINT [03/21 20:34:58 graph]: # Epoch 114: train_loss: 0.3852 | lr: 0.000271
[2023-03-21 20:35:01] PRINT [03/21 20:35:01 graph]: --- Testf1: 0.93693, Best Valacc: 0.93203 in epoch 29 --- 
[2023-03-21 20:35:01] PRINT [03/21 20:35:01 graph]: Epoch 114: get test acc score:  0.937
[2023-03-21 20:35:01] PRINT [03/21 20:35:01 graph]: best_f1 0.944 at epoch 107
[2023-03-21 20:35:01] PRINT [03/21 20:35:01 graph]: start epoch 115.
[2023-03-21 20:35:02] PRINT [03/21 20:35:02 graph]: # Epoch 115: train_loss: 0.3832 | lr: 0.000271
[2023-03-21 20:35:05] PRINT [03/21 20:35:05 graph]: --- Testf1: 0.94199, Best Valacc: 0.93464 in epoch 30 --- 
[2023-03-21 20:35:05] PRINT [03/21 20:35:05 graph]: Epoch 115: get test acc score:  0.942
[2023-03-21 20:35:05] PRINT [03/21 20:35:05 graph]: best_f1 0.944 at epoch 107
[2023-03-21 20:35:05] PRINT [03/21 20:35:05 graph]: start epoch 116.
[2023-03-21 20:35:05] PRINT [03/21 20:35:05 graph]: # Epoch 116: train_loss: 0.3825 | lr: 0.000271
[2023-03-21 20:35:08] PRINT [03/21 20:35:08 graph]: --- Testf1: 0.94052, Best Valacc: 0.92810 in epoch 54 --- 
[2023-03-21 20:35:08] PRINT [03/21 20:35:08 graph]: Epoch 116: get test acc score:  0.941
[2023-03-21 20:35:08] PRINT [03/21 20:35:08 graph]: best_f1 0.944 at epoch 107
[2023-03-21 20:35:08] PRINT [03/21 20:35:08 graph]: start epoch 117.
[2023-03-21 20:35:08] PRINT [03/21 20:35:08 graph]: # Epoch 117: train_loss: 0.3831 | lr: 0.000271
[2023-03-21 20:35:11] PRINT [03/21 20:35:11 graph]: --- Testf1: 0.94167, Best Valacc: 0.93333 in epoch 9 --- 
[2023-03-21 20:35:11] PRINT [03/21 20:35:11 graph]: Epoch 117: get test acc score:  0.942
[2023-03-21 20:35:11] PRINT [03/21 20:35:11 graph]: best_f1 0.944 at epoch 107
[2023-03-21 20:35:11] PRINT [03/21 20:35:11 graph]: start epoch 118.
[2023-03-21 20:35:11] PRINT [03/21 20:35:11 graph]: # Epoch 118: train_loss: 0.3808 | lr: 0.000271
[2023-03-21 20:35:14] PRINT [03/21 20:35:14 graph]: --- Testf1: 0.94167, Best Valacc: 0.93203 in epoch 26 --- 
[2023-03-21 20:35:14] PRINT [03/21 20:35:14 graph]: Epoch 118: get test acc score:  0.942
[2023-03-21 20:35:14] PRINT [03/21 20:35:14 graph]: best_f1 0.944 at epoch 107
[2023-03-21 20:35:14] PRINT [03/21 20:35:14 graph]: start epoch 119.
[2023-03-21 20:35:14] PRINT [03/21 20:35:14 graph]: # Epoch 119: train_loss: 0.3804 | lr: 0.000271
[2023-03-21 20:35:17] PRINT [03/21 20:35:17 graph]: --- Testf1: 0.93971, Best Valacc: 0.93072 in epoch 9 --- 
[2023-03-21 20:35:17] PRINT [03/21 20:35:17 graph]: Epoch 119: get test acc score:  0.940
[2023-03-21 20:35:17] PRINT [03/21 20:35:17 graph]: best_f1 0.944 at epoch 107
[2023-03-21 20:35:17] PRINT [03/21 20:35:17 graph]: start epoch 120.
[2023-03-21 20:35:18] PRINT [03/21 20:35:18 graph]: # Epoch 120: train_loss: 0.3798 | lr: 0.000271
[2023-03-21 20:35:20] PRINT [03/21 20:35:20 graph]: --- Testf1: 0.94134, Best Valacc: 0.93464 in epoch 31 --- 
[2023-03-21 20:35:21] PRINT [03/21 20:35:21 graph]: Epoch 120: get test acc score:  0.941
[2023-03-21 20:35:21] PRINT [03/21 20:35:21 graph]: best_f1 0.944 at epoch 107
[2023-03-21 20:35:21] PRINT [03/21 20:35:21 graph]: start epoch 121.
[2023-03-21 20:35:21] PRINT [03/21 20:35:21 graph]: # Epoch 121: train_loss: 0.3792 | lr: 0.000271
[2023-03-21 20:35:24] PRINT [03/21 20:35:24 graph]: --- Testf1: 0.94232, Best Valacc: 0.93333 in epoch 33 --- 
[2023-03-21 20:35:24] PRINT [03/21 20:35:24 graph]: Epoch 121: get test acc score:  0.942
[2023-03-21 20:35:24] PRINT [03/21 20:35:24 graph]: best_f1 0.944 at epoch 107
[2023-03-21 20:35:24] PRINT [03/21 20:35:24 graph]: start epoch 122.
[2023-03-21 20:35:24] PRINT [03/21 20:35:24 graph]: # Epoch 122: train_loss: 0.3790 | lr: 0.000271
[2023-03-21 20:35:27] PRINT [03/21 20:35:27 graph]: --- Testf1: 0.93856, Best Valacc: 0.93072 in epoch 18 --- 
[2023-03-21 20:35:27] PRINT [03/21 20:35:27 graph]: Epoch 122: get test acc score:  0.939
[2023-03-21 20:35:27] PRINT [03/21 20:35:27 graph]: best_f1 0.944 at epoch 107
[2023-03-21 20:35:27] PRINT [03/21 20:35:27 graph]: start epoch 123.
[2023-03-21 20:35:27] PRINT [03/21 20:35:27 graph]: # Epoch 123: train_loss: 0.3780 | lr: 0.000271
[2023-03-21 20:35:30] PRINT [03/21 20:35:30 graph]: --- Testf1: 0.93873, Best Valacc: 0.93203 in epoch 11 --- 
[2023-03-21 20:35:31] PRINT [03/21 20:35:31 graph]: Epoch 123: get test acc score:  0.939
[2023-03-21 20:35:31] PRINT [03/21 20:35:31 graph]: best_f1 0.944 at epoch 107
[2023-03-21 20:35:31] PRINT [03/21 20:35:31 graph]: start epoch 124.
[2023-03-21 20:35:31] PRINT [03/21 20:35:31 graph]: # Epoch 124: train_loss: 0.3772 | lr: 0.000271
[2023-03-21 20:35:34] PRINT [03/21 20:35:34 graph]: --- Testf1: 0.94265, Best Valacc: 0.92941 in epoch 36 --- 
[2023-03-21 20:35:34] PRINT [03/21 20:35:34 graph]: Epoch 124: get test acc score:  0.943
[2023-03-21 20:35:34] PRINT [03/21 20:35:34 graph]: best_f1 0.944 at epoch 107
[2023-03-21 20:35:34] PRINT [03/21 20:35:34 graph]: start epoch 125.
[2023-03-21 20:35:34] PRINT [03/21 20:35:34 graph]: # Epoch 125: train_loss: 0.3767 | lr: 0.000271
[2023-03-21 20:35:37] PRINT [03/21 20:35:37 graph]: --- Testf1: 0.94020, Best Valacc: 0.93203 in epoch 20 --- 
[2023-03-21 20:35:37] PRINT [03/21 20:35:37 graph]: Epoch 125: get test acc score:  0.940
[2023-03-21 20:35:37] PRINT [03/21 20:35:37 graph]: best_f1 0.944 at epoch 107
[2023-03-21 20:35:37] PRINT [03/21 20:35:37 graph]: start epoch 126.
[2023-03-21 20:35:37] PRINT [03/21 20:35:37 graph]: # Epoch 126: train_loss: 0.3767 | lr: 0.000271
[2023-03-21 20:35:40] PRINT [03/21 20:35:40 graph]: --- Testf1: 0.94134, Best Valacc: 0.93072 in epoch 29 --- 
[2023-03-21 20:35:40] PRINT [03/21 20:35:40 graph]: Epoch 126: get test acc score:  0.941
[2023-03-21 20:35:40] PRINT [03/21 20:35:40 graph]: best_f1 0.944 at epoch 107
[2023-03-21 20:35:40] PRINT [03/21 20:35:40 graph]: start epoch 127.
[2023-03-21 20:35:41] PRINT [03/21 20:35:41 graph]: # Epoch 127: train_loss: 0.3748 | lr: 0.000271
[2023-03-21 20:35:43] PRINT [03/21 20:35:43 graph]: --- Testf1: 0.93856, Best Valacc: 0.93595 in epoch 18 --- 
[2023-03-21 20:35:44] PRINT [03/21 20:35:44 graph]: Epoch 127: get test acc score:  0.939
[2023-03-21 20:35:44] PRINT [03/21 20:35:44 graph]: best_f1 0.944 at epoch 107
[2023-03-21 20:35:44] PRINT [03/21 20:35:44 graph]: start epoch 128.
[2023-03-21 20:35:44] PRINT [03/21 20:35:44 graph]: # Epoch 128: train_loss: 0.3745 | lr: 0.000271
[2023-03-21 20:35:47] PRINT [03/21 20:35:47 graph]: --- Testf1: 0.94052, Best Valacc: 0.93464 in epoch 14 --- 
[2023-03-21 20:35:47] PRINT [03/21 20:35:47 graph]: Epoch 128: get test acc score:  0.941
[2023-03-21 20:35:47] PRINT [03/21 20:35:47 graph]: best_f1 0.944 at epoch 107
[2023-03-21 20:35:47] PRINT [03/21 20:35:47 graph]: start epoch 129.
[2023-03-21 20:35:47] PRINT [03/21 20:35:47 graph]: # Epoch 129: train_loss: 0.3729 | lr: 0.000271
[2023-03-21 20:35:50] PRINT [03/21 20:35:50 graph]: --- Testf1: 0.94183, Best Valacc: 0.93203 in epoch 20 --- 
[2023-03-21 20:35:50] PRINT [03/21 20:35:50 graph]: Epoch 129: get test acc score:  0.942
[2023-03-21 20:35:50] PRINT [03/21 20:35:50 graph]: best_f1 0.944 at epoch 107
[2023-03-21 20:35:50] PRINT [03/21 20:35:50 graph]: start epoch 130.
[2023-03-21 20:35:50] PRINT [03/21 20:35:50 graph]: # Epoch 130: train_loss: 0.3733 | lr: 0.000271
[2023-03-21 20:35:53] PRINT [03/21 20:35:53 graph]: --- Testf1: 0.94216, Best Valacc: 0.93072 in epoch 16 --- 
[2023-03-21 20:35:54] PRINT [03/21 20:35:54 graph]: Epoch 130: get test acc score:  0.942
[2023-03-21 20:35:54] PRINT [03/21 20:35:54 graph]: best_f1 0.944 at epoch 107
[2023-03-21 20:35:54] PRINT [03/21 20:35:54 graph]: start epoch 131.
[2023-03-21 20:35:54] PRINT [03/21 20:35:54 graph]: # Epoch 131: train_loss: 0.3721 | lr: 0.000271
[2023-03-21 20:35:57] PRINT [03/21 20:35:57 graph]: --- Testf1: 0.93611, Best Valacc: 0.93333 in epoch 13 --- 
[2023-03-21 20:35:57] PRINT [03/21 20:35:57 graph]: Epoch 131: get test acc score:  0.936
[2023-03-21 20:35:57] PRINT [03/21 20:35:57 graph]: best_f1 0.944 at epoch 107
[2023-03-21 20:35:57] PRINT [03/21 20:35:57 graph]: start epoch 132.
[2023-03-21 20:35:57] PRINT [03/21 20:35:57 graph]: # Epoch 132: train_loss: 0.3723 | lr: 0.000271
[2023-03-21 20:36:00] PRINT [03/21 20:36:00 graph]: --- Testf1: 0.94330, Best Valacc: 0.93464 in epoch 48 --- 
[2023-03-21 20:36:00] PRINT [03/21 20:36:00 graph]: Epoch 132: get test acc score:  0.943
[2023-03-21 20:36:00] PRINT [03/21 20:36:00 graph]: best_f1 0.944 at epoch 107
[2023-03-21 20:36:00] PRINT [03/21 20:36:00 graph]: start epoch 133.
[2023-03-21 20:36:01] PRINT [03/21 20:36:01 graph]: # Epoch 133: train_loss: 0.3734 | lr: 0.000271
[2023-03-21 20:36:04] PRINT [03/21 20:36:04 graph]: --- Testf1: 0.94559, Best Valacc: 0.93464 in epoch 50 --- 
[2023-03-21 20:36:04] PRINT [03/21 20:36:04 graph]: Epoch 133: get test acc score:  0.946
[2023-03-21 20:36:04] PRINT [03/21 20:36:04 graph]: best_f1 0.946 at epoch 133
[2023-03-21 20:36:04] PRINT [03/21 20:36:04 graph]: start epoch 134.
[2023-03-21 20:36:04] PRINT [03/21 20:36:04 graph]: # Epoch 134: train_loss: 0.3748 | lr: 0.000271
[2023-03-21 20:36:07] PRINT [03/21 20:36:07 graph]: --- Testf1: 0.94428, Best Valacc: 0.93333 in epoch 38 --- 
[2023-03-21 20:36:07] PRINT [03/21 20:36:07 graph]: Epoch 134: get test acc score:  0.944
[2023-03-21 20:36:07] PRINT [03/21 20:36:07 graph]: best_f1 0.946 at epoch 133
[2023-03-21 20:36:07] PRINT [03/21 20:36:07 graph]: start epoch 135.
[2023-03-21 20:36:07] PRINT [03/21 20:36:07 graph]: # Epoch 135: train_loss: 0.3714 | lr: 0.000271
[2023-03-21 20:36:10] PRINT [03/21 20:36:10 graph]: --- Testf1: 0.94461, Best Valacc: 0.93333 in epoch 14 --- 
[2023-03-21 20:36:11] PRINT [03/21 20:36:11 graph]: Epoch 135: get test acc score:  0.945
[2023-03-21 20:36:11] PRINT [03/21 20:36:11 graph]: best_f1 0.946 at epoch 133
[2023-03-21 20:36:11] PRINT [03/21 20:36:11 graph]: start epoch 136.
[2023-03-21 20:36:11] PRINT [03/21 20:36:11 graph]: # Epoch 136: train_loss: 0.3702 | lr: 0.000271
[2023-03-21 20:36:14] PRINT [03/21 20:36:14 graph]: --- Testf1: 0.94412, Best Valacc: 0.92941 in epoch 31 --- 
[2023-03-21 20:36:14] PRINT [03/21 20:36:14 graph]: Epoch 136: get test acc score:  0.944
[2023-03-21 20:36:14] PRINT [03/21 20:36:14 graph]: best_f1 0.946 at epoch 133
[2023-03-21 20:36:14] PRINT [03/21 20:36:14 graph]: start epoch 137.
[2023-03-21 20:36:14] PRINT [03/21 20:36:14 graph]: # Epoch 137: train_loss: 0.3707 | lr: 0.000271
[2023-03-21 20:36:17] PRINT [03/21 20:36:17 graph]: --- Testf1: 0.94477, Best Valacc: 0.93464 in epoch 55 --- 
[2023-03-21 20:36:17] PRINT [03/21 20:36:17 graph]: Epoch 137: get test acc score:  0.945
[2023-03-21 20:36:17] PRINT [03/21 20:36:17 graph]: best_f1 0.946 at epoch 133
[2023-03-21 20:36:17] PRINT [03/21 20:36:17 graph]: start epoch 138.
[2023-03-21 20:36:17] PRINT [03/21 20:36:17 graph]: # Epoch 138: train_loss: 0.3689 | lr: 0.000271
[2023-03-21 20:36:20] PRINT [03/21 20:36:20 graph]: --- Testf1: 0.94542, Best Valacc: 0.93333 in epoch 52 --- 
[2023-03-21 20:36:21] PRINT [03/21 20:36:21 graph]: Epoch 138: get test acc score:  0.945
[2023-03-21 20:36:21] PRINT [03/21 20:36:21 graph]: best_f1 0.946 at epoch 133
[2023-03-21 20:36:21] PRINT [03/21 20:36:21 graph]: start epoch 139.
[2023-03-21 20:36:21] PRINT [03/21 20:36:21 graph]: # Epoch 139: train_loss: 0.3694 | lr: 0.000271
[2023-03-21 20:36:24] PRINT [03/21 20:36:24 graph]: --- Testf1: 0.94624, Best Valacc: 0.93725 in epoch 35 --- 
[2023-03-21 20:36:24] PRINT [03/21 20:36:24 graph]: Epoch 139: get test acc score:  0.946
[2023-03-21 20:36:24] PRINT [03/21 20:36:24 graph]: best_f1 0.946 at epoch 139
[2023-03-21 20:36:24] PRINT [03/21 20:36:24 graph]: start epoch 140.
[2023-03-21 20:36:24] PRINT [03/21 20:36:24 graph]: # Epoch 140: train_loss: 0.3696 | lr: 0.000271
[2023-03-21 20:36:27] PRINT [03/21 20:36:27 graph]: --- Testf1: 0.94526, Best Valacc: 0.92810 in epoch 35 --- 
[2023-03-21 20:36:28] PRINT [03/21 20:36:28 graph]: Epoch 140: get test acc score:  0.945
[2023-03-21 20:36:28] PRINT [03/21 20:36:28 graph]: best_f1 0.946 at epoch 139
[2023-03-21 20:36:28] PRINT [03/21 20:36:28 graph]: start epoch 141.
[2023-03-21 20:36:28] PRINT [03/21 20:36:28 graph]: # Epoch 141: train_loss: 0.3694 | lr: 0.000271
[2023-03-21 20:36:31] PRINT [03/21 20:36:31 graph]: --- Testf1: 0.94101, Best Valacc: 0.93464 in epoch 8 --- 
[2023-03-21 20:36:31] PRINT [03/21 20:36:31 graph]: Epoch 141: get test acc score:  0.941
[2023-03-21 20:36:31] PRINT [03/21 20:36:31 graph]: best_f1 0.946 at epoch 139
[2023-03-21 20:36:31] PRINT [03/21 20:36:31 graph]: start epoch 142.
[2023-03-21 20:36:31] PRINT [03/21 20:36:31 graph]: # Epoch 142: train_loss: 0.3677 | lr: 0.000271
[2023-03-21 20:36:34] PRINT [03/21 20:36:34 graph]: --- Testf1: 0.94559, Best Valacc: 0.93595 in epoch 19 --- 
[2023-03-21 20:36:34] PRINT [03/21 20:36:34 graph]: Epoch 142: get test acc score:  0.946
[2023-03-21 20:36:34] PRINT [03/21 20:36:34 graph]: best_f1 0.946 at epoch 139
[2023-03-21 20:36:34] PRINT [03/21 20:36:34 graph]: start epoch 143.
[2023-03-21 20:36:34] PRINT [03/21 20:36:34 graph]: # Epoch 143: train_loss: 0.3680 | lr: 0.000271
[2023-03-21 20:36:37] PRINT [03/21 20:36:37 graph]: --- Testf1: 0.94510, Best Valacc: 0.93595 in epoch 8 --- 
[2023-03-21 20:36:38] PRINT [03/21 20:36:38 graph]: Epoch 143: get test acc score:  0.945
[2023-03-21 20:36:38] PRINT [03/21 20:36:38 graph]: best_f1 0.946 at epoch 139
[2023-03-21 20:36:38] PRINT [03/21 20:36:38 graph]: start epoch 144.
[2023-03-21 20:36:38] PRINT [03/21 20:36:38 graph]: # Epoch 144: train_loss: 0.3664 | lr: 0.000271
[2023-03-21 20:36:41] PRINT [03/21 20:36:41 graph]: --- Testf1: 0.94183, Best Valacc: 0.93464 in epoch 20 --- 
[2023-03-21 20:36:41] PRINT [03/21 20:36:41 graph]: Epoch 144: get test acc score:  0.942
[2023-03-21 20:36:41] PRINT [03/21 20:36:41 graph]: best_f1 0.946 at epoch 139
[2023-03-21 20:36:41] PRINT [03/21 20:36:41 graph]: start epoch 145.
[2023-03-21 20:36:41] PRINT [03/21 20:36:41 graph]: # Epoch 145: train_loss: 0.3669 | lr: 0.000271
[2023-03-21 20:36:44] PRINT [03/21 20:36:44 graph]: --- Testf1: 0.94559, Best Valacc: 0.93333 in epoch 62 --- 
[2023-03-21 20:36:44] PRINT [03/21 20:36:44 graph]: Epoch 145: get test acc score:  0.946
[2023-03-21 20:36:44] PRINT [03/21 20:36:44 graph]: best_f1 0.946 at epoch 139
[2023-03-21 20:36:44] PRINT [03/21 20:36:44 graph]: start epoch 146.
[2023-03-21 20:36:44] PRINT [03/21 20:36:44 graph]: # Epoch 146: train_loss: 0.3664 | lr: 0.000271
[2023-03-21 20:36:48] PRINT [03/21 20:36:48 graph]: --- Testf1: 0.94346, Best Valacc: 0.93203 in epoch 46 --- 
[2023-03-21 20:36:48] PRINT [03/21 20:36:48 graph]: Epoch 146: get test acc score:  0.943
[2023-03-21 20:36:48] PRINT [03/21 20:36:48 graph]: best_f1 0.946 at epoch 139
[2023-03-21 20:36:48] PRINT [03/21 20:36:48 graph]: start epoch 147.
[2023-03-21 20:36:48] PRINT [03/21 20:36:48 graph]: # Epoch 147: train_loss: 0.3639 | lr: 0.000271
[2023-03-21 20:36:51] PRINT [03/21 20:36:51 graph]: --- Testf1: 0.94493, Best Valacc: 0.93464 in epoch 13 --- 
[2023-03-21 20:36:51] PRINT [03/21 20:36:51 graph]: Epoch 147: get test acc score:  0.945
[2023-03-21 20:36:51] PRINT [03/21 20:36:51 graph]: best_f1 0.946 at epoch 139
[2023-03-21 20:36:51] PRINT [03/21 20:36:51 graph]: start epoch 148.
[2023-03-21 20:36:51] PRINT [03/21 20:36:51 graph]: # Epoch 148: train_loss: 0.3632 | lr: 0.000271
[2023-03-21 20:36:54] PRINT [03/21 20:36:54 graph]: --- Testf1: 0.94477, Best Valacc: 0.93464 in epoch 33 --- 
[2023-03-21 20:36:55] PRINT [03/21 20:36:55 graph]: Epoch 148: get test acc score:  0.945
[2023-03-21 20:36:55] PRINT [03/21 20:36:55 graph]: best_f1 0.946 at epoch 139
[2023-03-21 20:36:55] PRINT [03/21 20:36:55 graph]: start epoch 149.
[2023-03-21 20:36:55] PRINT [03/21 20:36:55 graph]: # Epoch 149: train_loss: 0.3640 | lr: 0.000271
[2023-03-21 20:36:58] PRINT [03/21 20:36:58 graph]: --- Testf1: 0.93889, Best Valacc: 0.93464 in epoch 12 --- 
[2023-03-21 20:36:58] PRINT [03/21 20:36:58 graph]: Epoch 149: get test acc score:  0.939
[2023-03-21 20:36:58] PRINT [03/21 20:36:58 graph]: best_f1 0.946 at epoch 139
[2023-03-21 20:36:58] PRINT [03/21 20:36:58 graph]: # final_acc: 0.9462±0.0000
