[2023-03-06 02:52:43] PRINT ---new cfg------
[2023-03-06 02:52:43] PRINT {'DATA': {'data_name': 'MUTAG', 'deg4feat': True}, 'DATALOADER': {'NUM_WORKERS': 0, 'BATCH_SIZE': 32}, 'MODEL': {'num_hidden': 512, 'num_layers': 2, 'nhead': 4, 'activation': 'prelu', 'attn_drop': 0.1, 'feat_drop': 0.1, 'norm': 'layernorm', 'pooler': 'mean', 'beta_schedule': 'sigmoid', 'beta_1': 0.000546415894347862, 'beta_T': 0.02250917355276407, 'T': 799}, 'SOLVER': {'optim_type': 'adamw', 'optim_type_f': 'adamw', 'alpha': 1, 'decay': 40, 'LR': 0.0006722829817645639, 'weight_decay': 0.0005, 'MAX_EPOCH': 50}, 'DEVICE': 'cuda', 'seeds': [11], 'eval_T': [50, 100, 200], 'output_dir': '/ddm-nni/MUTAG/log', 'checkpoint_dir': '/ddm-nni/MUTAG/log/checkpoint'}
[2023-03-06 02:52:43] PRINT [03/06 02:52:43 graph]: Rank of current process: 0. World size: 1
[2023-03-06 02:52:46] PRINT [03/06 02:52:46 graph]: Environment info:
[2023-03-06 02:52:46] PRINT PyTorch version: 1.10.0+cu113
[2023-03-06 02:52:46] PRINT Is debug build: False
[2023-03-06 02:52:46] PRINT CUDA used to build PyTorch: 11.3
[2023-03-06 02:52:46] PRINT ROCM used to build PyTorch: N/A
[2023-03-06 02:52:46] PRINT 
[2023-03-06 02:52:46] PRINT OS: Ubuntu 20.04.3 LTS (x86_64)
[2023-03-06 02:52:46] PRINT GCC version: (Ubuntu 9.3.0-17ubuntu1~20.04) 9.3.0
[2023-03-06 02:52:46] PRINT Clang version: Could not collect
[2023-03-06 02:52:46] PRINT CMake version: version 3.16.3
[2023-03-06 02:52:46] PRINT Libc version: glibc-2.31
[2023-03-06 02:52:46] PRINT 
[2023-03-06 02:52:46] PRINT Python version: 3.8.10 (default, Jun  4 2021, 15:09:15)  [GCC 7.5.0] (64-bit runtime)
[2023-03-06 02:52:46] PRINT Python platform: Linux-5.4.0-90-generic-x86_64-with-glibc2.17
[2023-03-06 02:52:46] PRINT Is CUDA available: True
[2023-03-06 02:52:46] PRINT CUDA runtime version: 11.3.109
[2023-03-06 02:52:46] PRINT GPU models and configuration: GPU 0: NVIDIA GeForce RTX 3090
[2023-03-06 02:52:46] PRINT Nvidia driver version: 495.44
[2023-03-06 02:52:46] PRINT cuDNN version: Probably one of the following:
[2023-03-06 02:52:46] PRINT /usr/lib/x86_64-linux-gnu/libcudnn.so.8.2.0
[2023-03-06 02:52:46] PRINT /usr/lib/x86_64-linux-gnu/libcudnn_adv_infer.so.8.2.0
[2023-03-06 02:52:46] PRINT /usr/lib/x86_64-linux-gnu/libcudnn_adv_train.so.8.2.0
[2023-03-06 02:52:46] PRINT /usr/lib/x86_64-linux-gnu/libcudnn_cnn_infer.so.8.2.0
[2023-03-06 02:52:46] PRINT /usr/lib/x86_64-linux-gnu/libcudnn_cnn_train.so.8.2.0
[2023-03-06 02:52:46] PRINT /usr/lib/x86_64-linux-gnu/libcudnn_ops_infer.so.8.2.0
[2023-03-06 02:52:46] PRINT /usr/lib/x86_64-linux-gnu/libcudnn_ops_train.so.8.2.0
[2023-03-06 02:52:46] PRINT HIP runtime version: N/A
[2023-03-06 02:52:46] PRINT MIOpen runtime version: N/A
[2023-03-06 02:52:46] PRINT 
[2023-03-06 02:52:46] PRINT Versions of relevant libraries:
[2023-03-06 02:52:46] PRINT [pip3] numpy==1.23.5
[2023-03-06 02:52:46] PRINT [pip3] torch==1.10.0+cu113
[2023-03-06 02:52:46] PRINT [pip3] torchvision==0.11.1+cu113
[2023-03-06 02:52:46] PRINT [conda] blas                      1.0                         mkl    https://mirrors.ustc.edu.cn/anaconda/pkgs/main
[2023-03-06 02:52:46] PRINT [conda] mkl                       2021.4.0           h06a4308_640    https://mirrors.ustc.edu.cn/anaconda/pkgs/main
[2023-03-06 02:52:46] PRINT [conda] mkl-service               2.4.0            py38h7f8727e_0    https://mirrors.ustc.edu.cn/anaconda/pkgs/main
[2023-03-06 02:52:46] PRINT [conda] mkl_fft                   1.3.1            py38hd3c417c_0    https://mirrors.ustc.edu.cn/anaconda/pkgs/main
[2023-03-06 02:52:46] PRINT [conda] mkl_random                1.2.2            py38h51133e4_0    https://mirrors.ustc.edu.cn/anaconda/pkgs/main
[2023-03-06 02:52:46] PRINT [conda] numpy                     1.21.4                   pypi_0    pypi
[2023-03-06 02:52:46] PRINT [conda] numpy-base                1.23.5           py38h31eccc5_0    https://mirrors.ustc.edu.cn/anaconda/pkgs/main
[2023-03-06 02:52:46] PRINT [conda] torch                     1.10.0+cu113             pypi_0    pypi
[2023-03-06 02:52:46] PRINT [conda] torchvision               0.11.1+cu113             pypi_0    pypi
[2023-03-06 02:52:46] PRINT         Pillow (8.4.0)
[2023-03-06 02:52:46] PRINT [03/06 02:52:46 graph]: Command line arguments: Namespace(local_rank=0, resume=False, seed=1234, start_epoch=0)
[2023-03-06 02:52:46] PRINT Using degree as node features
[2023-03-06 02:52:47] PRINT ******** # Num Graphs: 188, # Num Feat: 5, # Num Classes: 2 ********
[2023-03-06 02:52:47] PRINT [03/06 02:52:47 graph]: Run 0th for seed 11
[2023-03-06 02:52:47] PRINT [03/06 02:52:47 graph]: Total trainable params num : 5150319
[2023-03-06 02:52:51] PRINT [03/06 02:52:51 graph]: ----------Start Training----------
[2023-03-06 02:52:52] PRINT [03/06 02:52:52 graph]: Epoch 0 | train_loss: 0.8049 | lr: 0.000672
[2023-03-06 02:52:52] PRINT [03/06 02:52:52 graph]: Epoch 1 | train_loss: 0.4093 | lr: 0.000672
[2023-03-06 02:52:52] PRINT [03/06 02:52:52 graph]: Epoch 2 | train_loss: 0.3659 | lr: 0.000672
[2023-03-06 02:52:55] PRINT [03/06 02:52:55 graph]: #Test_f1: 0.8833±0.0511
[2023-03-06 02:52:55] PRINT [03/06 02:52:55 graph]: Epoch 2: get test f1 score:  0.883
[2023-03-06 02:52:55] PRINT [03/06 02:52:55 graph]: best_f1 0.883 at epoch 2
[2023-03-06 02:52:55] PRINT [03/06 02:52:55 graph]: Epoch 3 | train_loss: 0.3312 | lr: 0.000672
[2023-03-06 02:52:58] PRINT [03/06 02:52:58 graph]: #Test_f1: 0.8936±0.0471
[2023-03-06 02:52:58] PRINT [03/06 02:52:58 graph]: Epoch 3: get test f1 score:  0.894
[2023-03-06 02:52:58] PRINT [03/06 02:52:58 graph]: best_f1 0.894 at epoch 3
[2023-03-06 02:52:59] PRINT [03/06 02:52:59 graph]: Epoch 4 | train_loss: 0.3116 | lr: 0.000672
[2023-03-06 02:53:02] PRINT [03/06 02:53:02 graph]: #Test_f1: 0.8827±0.0522
[2023-03-06 02:53:02] PRINT [03/06 02:53:02 graph]: Epoch 4: get test f1 score:  0.883
[2023-03-06 02:53:02] PRINT [03/06 02:53:02 graph]: best_f1 0.894 at epoch 3
[2023-03-06 02:53:02] PRINT [03/06 02:53:02 graph]: Epoch 5 | train_loss: 0.2884 | lr: 0.000672
[2023-03-06 02:53:05] PRINT [03/06 02:53:05 graph]: #Test_f1: 0.8778±0.0582
[2023-03-06 02:53:05] PRINT [03/06 02:53:05 graph]: Epoch 5: get test f1 score:  0.878
[2023-03-06 02:53:05] PRINT [03/06 02:53:05 graph]: best_f1 0.894 at epoch 3
[2023-03-06 02:53:05] PRINT [03/06 02:53:05 graph]: Epoch 6 | train_loss: 0.2762 | lr: 0.000672
[2023-03-06 02:53:08] PRINT [03/06 02:53:08 graph]: #Test_f1: 0.8933±0.0585
[2023-03-06 02:53:08] PRINT [03/06 02:53:08 graph]: Epoch 6: get test f1 score:  0.893
[2023-03-06 02:53:08] PRINT [03/06 02:53:08 graph]: best_f1 0.894 at epoch 3
[2023-03-06 02:53:09] PRINT [03/06 02:53:09 graph]: Epoch 7 | train_loss: 0.2636 | lr: 0.000672
[2023-03-06 02:53:11] PRINT [03/06 02:53:11 graph]: #Test_f1: 0.8775±0.0479
[2023-03-06 02:53:12] PRINT [03/06 02:53:12 graph]: Epoch 7: get test f1 score:  0.877
[2023-03-06 02:53:12] PRINT [03/06 02:53:12 graph]: best_f1 0.894 at epoch 3
[2023-03-06 02:53:12] PRINT [03/06 02:53:12 graph]: Epoch 8 | train_loss: 0.2325 | lr: 0.000672
[2023-03-06 02:53:15] PRINT [03/06 02:53:15 graph]: #Test_f1: 0.8988±0.0551
[2023-03-06 02:53:15] PRINT [03/06 02:53:15 graph]: Epoch 8: get test f1 score:  0.899
[2023-03-06 02:53:15] PRINT [03/06 02:53:15 graph]: best_f1 0.899 at epoch 8
[2023-03-06 02:53:15] PRINT [03/06 02:53:15 graph]: Epoch 9 | train_loss: 0.2358 | lr: 0.000672
[2023-03-06 02:53:18] PRINT [03/06 02:53:18 graph]: #Test_f1: 0.8988±0.0649
[2023-03-06 02:53:18] PRINT [03/06 02:53:18 graph]: Epoch 9: get test f1 score:  0.899
[2023-03-06 02:53:18] PRINT [03/06 02:53:18 graph]: best_f1 0.899 at epoch 9
[2023-03-06 02:53:19] PRINT [03/06 02:53:19 graph]: Epoch 10 | train_loss: 0.2298 | lr: 0.000672
[2023-03-06 02:53:21] PRINT [03/06 02:53:21 graph]: #Test_f1: 0.8883±0.0602
[2023-03-06 02:53:22] PRINT [03/06 02:53:22 graph]: Epoch 10: get test f1 score:  0.888
[2023-03-06 02:53:22] PRINT [03/06 02:53:22 graph]: best_f1 0.899 at epoch 9
[2023-03-06 02:53:22] PRINT [03/06 02:53:22 graph]: Epoch 11 | train_loss: 0.2210 | lr: 0.000672
[2023-03-06 02:53:25] PRINT [03/06 02:53:25 graph]: #Test_f1: 0.8825±0.0476
[2023-03-06 02:53:25] PRINT [03/06 02:53:25 graph]: Epoch 11: get test f1 score:  0.882
[2023-03-06 02:53:25] PRINT [03/06 02:53:25 graph]: best_f1 0.899 at epoch 9
[2023-03-06 02:53:25] PRINT [03/06 02:53:25 graph]: Epoch 12 | train_loss: 0.1940 | lr: 0.000672
[2023-03-06 02:53:28] PRINT [03/06 02:53:28 graph]: #Test_f1: 0.8722±0.0426
[2023-03-06 02:53:28] PRINT [03/06 02:53:28 graph]: Epoch 12: get test f1 score:  0.872
[2023-03-06 02:53:28] PRINT [03/06 02:53:28 graph]: best_f1 0.899 at epoch 9
[2023-03-06 02:53:29] PRINT [03/06 02:53:29 graph]: Epoch 13 | train_loss: 0.1856 | lr: 0.000672
[2023-03-06 02:53:32] PRINT [03/06 02:53:32 graph]: #Test_f1: 0.8775±0.0584
[2023-03-06 02:53:32] PRINT [03/06 02:53:32 graph]: Epoch 13: get test f1 score:  0.877
[2023-03-06 02:53:32] PRINT [03/06 02:53:32 graph]: best_f1 0.899 at epoch 9
[2023-03-06 02:53:32] PRINT [03/06 02:53:32 graph]: Epoch 14 | train_loss: 0.1874 | lr: 0.000672
[2023-03-06 02:53:35] PRINT [03/06 02:53:35 graph]: #Test_f1: 0.8558±0.0607
[2023-03-06 02:53:35] PRINT [03/06 02:53:35 graph]: Epoch 14: get test f1 score:  0.856
[2023-03-06 02:53:35] PRINT [03/06 02:53:35 graph]: best_f1 0.899 at epoch 9
[2023-03-06 02:53:36] PRINT [03/06 02:53:36 graph]: Epoch 15 | train_loss: 0.1818 | lr: 0.000672
[2023-03-06 02:53:38] PRINT [03/06 02:53:38 graph]: #Test_f1: 0.8939±0.0585
[2023-03-06 02:53:39] PRINT [03/06 02:53:39 graph]: Epoch 15: get test f1 score:  0.894
[2023-03-06 02:53:39] PRINT [03/06 02:53:39 graph]: best_f1 0.899 at epoch 9
[2023-03-06 02:53:39] PRINT [03/06 02:53:39 graph]: Epoch 16 | train_loss: 0.1673 | lr: 0.000672
[2023-03-06 02:53:42] PRINT [03/06 02:53:42 graph]: #Test_f1: 0.8936±0.0628
[2023-03-06 02:53:42] PRINT [03/06 02:53:42 graph]: Epoch 16: get test f1 score:  0.894
[2023-03-06 02:53:42] PRINT [03/06 02:53:42 graph]: best_f1 0.899 at epoch 9
[2023-03-06 02:53:42] PRINT [03/06 02:53:42 graph]: Epoch 17 | train_loss: 0.1691 | lr: 0.000672
[2023-03-06 02:53:45] PRINT [03/06 02:53:45 graph]: #Test_f1: 0.8830±0.0661
[2023-03-06 02:53:45] PRINT [03/06 02:53:45 graph]: Epoch 17: get test f1 score:  0.883
[2023-03-06 02:53:45] PRINT [03/06 02:53:45 graph]: best_f1 0.899 at epoch 9
[2023-03-06 02:53:46] PRINT [03/06 02:53:46 graph]: Epoch 18 | train_loss: 0.1552 | lr: 0.000672
[2023-03-06 02:53:48] PRINT [03/06 02:53:48 graph]: #Test_f1: 0.8883±0.0502
[2023-03-06 02:53:48] PRINT [03/06 02:53:48 graph]: Epoch 18: get test f1 score:  0.888
[2023-03-06 02:53:48] PRINT [03/06 02:53:48 graph]: best_f1 0.899 at epoch 9
[2023-03-06 02:53:49] PRINT [03/06 02:53:49 graph]: Epoch 19 | train_loss: 0.1641 | lr: 0.000672
[2023-03-06 02:53:52] PRINT [03/06 02:53:52 graph]: #Test_f1: 0.8936±0.0628
[2023-03-06 02:53:52] PRINT [03/06 02:53:52 graph]: Epoch 19: get test f1 score:  0.894
[2023-03-06 02:53:52] PRINT [03/06 02:53:52 graph]: best_f1 0.899 at epoch 9
[2023-03-06 02:53:52] PRINT [03/06 02:53:52 graph]: Epoch 20 | train_loss: 0.1600 | lr: 0.000672
[2023-03-06 02:53:55] PRINT [03/06 02:53:55 graph]: #Test_f1: 0.8936±0.0471
[2023-03-06 02:53:55] PRINT [03/06 02:53:55 graph]: Epoch 20: get test f1 score:  0.894
[2023-03-06 02:53:55] PRINT [03/06 02:53:55 graph]: best_f1 0.899 at epoch 9
[2023-03-06 02:53:56] PRINT [03/06 02:53:56 graph]: Epoch 21 | train_loss: 0.1557 | lr: 0.000672
[2023-03-06 02:53:58] PRINT [03/06 02:53:58 graph]: #Test_f1: 0.8778±0.0582
[2023-03-06 02:53:59] PRINT [03/06 02:53:59 graph]: Epoch 21: get test f1 score:  0.878
[2023-03-06 02:53:59] PRINT [03/06 02:53:59 graph]: best_f1 0.899 at epoch 9
[2023-03-06 02:53:59] PRINT [03/06 02:53:59 graph]: Epoch 22 | train_loss: 0.1487 | lr: 0.000672
[2023-03-06 02:54:02] PRINT [03/06 02:54:02 graph]: #Test_f1: 0.8725±0.0533
[2023-03-06 02:54:02] PRINT [03/06 02:54:02 graph]: Epoch 22: get test f1 score:  0.873
[2023-03-06 02:54:02] PRINT [03/06 02:54:02 graph]: best_f1 0.899 at epoch 9
[2023-03-06 02:54:02] PRINT [03/06 02:54:02 graph]: Epoch 23 | train_loss: 0.1442 | lr: 0.000672
[2023-03-06 02:54:05] PRINT [03/06 02:54:05 graph]: #Test_f1: 0.8670±0.0427
[2023-03-06 02:54:05] PRINT [03/06 02:54:05 graph]: Epoch 23: get test f1 score:  0.867
[2023-03-06 02:54:05] PRINT [03/06 02:54:05 graph]: best_f1 0.899 at epoch 9
[2023-03-06 02:54:06] PRINT [03/06 02:54:06 graph]: Epoch 24 | train_loss: 0.1509 | lr: 0.000672
[2023-03-06 02:54:08] PRINT [03/06 02:54:08 graph]: #Test_f1: 0.8933±0.0596
[2023-03-06 02:54:09] PRINT [03/06 02:54:09 graph]: Epoch 24: get test f1 score:  0.893
[2023-03-06 02:54:09] PRINT [03/06 02:54:09 graph]: best_f1 0.899 at epoch 9
[2023-03-06 02:54:09] PRINT [03/06 02:54:09 graph]: Epoch 25 | train_loss: 0.1438 | lr: 0.000672
[2023-03-06 02:54:12] PRINT [03/06 02:54:12 graph]: #Test_f1: 0.8673±0.0479
[2023-03-06 02:54:12] PRINT [03/06 02:54:12 graph]: Epoch 25: get test f1 score:  0.867
[2023-03-06 02:54:12] PRINT [03/06 02:54:12 graph]: best_f1 0.899 at epoch 9
[2023-03-06 02:54:12] PRINT [03/06 02:54:12 graph]: Epoch 26 | train_loss: 0.1432 | lr: 0.000672
[2023-03-06 02:54:15] PRINT [03/06 02:54:15 graph]: #Test_f1: 0.8936±0.0628
[2023-03-06 02:54:15] PRINT [03/06 02:54:15 graph]: Epoch 26: get test f1 score:  0.894
[2023-03-06 02:54:15] PRINT [03/06 02:54:15 graph]: best_f1 0.899 at epoch 9
[2023-03-06 02:54:15] PRINT [03/06 02:54:15 graph]: Epoch 27 | train_loss: 0.1528 | lr: 0.000672
[2023-03-06 02:54:18] PRINT [03/06 02:54:18 graph]: #Test_f1: 0.8883±0.0555
[2023-03-06 02:54:18] PRINT [03/06 02:54:18 graph]: Epoch 27: get test f1 score:  0.888
[2023-03-06 02:54:18] PRINT [03/06 02:54:18 graph]: best_f1 0.899 at epoch 9
[2023-03-06 02:54:18] PRINT [03/06 02:54:18 graph]: Epoch 28 | train_loss: 0.1474 | lr: 0.000672
[2023-03-06 02:54:21] PRINT [03/06 02:54:21 graph]: #Test_f1: 0.8936±0.0478
[2023-03-06 02:54:21] PRINT [03/06 02:54:21 graph]: Epoch 28: get test f1 score:  0.894
[2023-03-06 02:54:21] PRINT [03/06 02:54:21 graph]: best_f1 0.899 at epoch 9
[2023-03-06 02:54:22] PRINT [03/06 02:54:22 graph]: Epoch 29 | train_loss: 0.1540 | lr: 0.000672
[2023-03-06 02:54:25] PRINT [03/06 02:54:25 graph]: #Test_f1: 0.8775±0.0639
[2023-03-06 02:54:25] PRINT [03/06 02:54:25 graph]: Epoch 29: get test f1 score:  0.877
[2023-03-06 02:54:25] PRINT [03/06 02:54:25 graph]: best_f1 0.899 at epoch 9
[2023-03-06 02:54:25] PRINT [03/06 02:54:25 graph]: Epoch 30 | train_loss: 0.1404 | lr: 0.000672
[2023-03-06 02:54:28] PRINT [03/06 02:54:28 graph]: #Test_f1: 0.8880±0.0605
[2023-03-06 02:54:28] PRINT [03/06 02:54:28 graph]: Epoch 30: get test f1 score:  0.888
[2023-03-06 02:54:28] PRINT [03/06 02:54:28 graph]: best_f1 0.899 at epoch 9
[2023-03-06 02:54:28] PRINT [03/06 02:54:28 graph]: Epoch 31 | train_loss: 0.1367 | lr: 0.000672
[2023-03-06 02:54:31] PRINT [03/06 02:54:31 graph]: #Test_f1: 0.8883±0.0602
[2023-03-06 02:54:31] PRINT [03/06 02:54:31 graph]: Epoch 31: get test f1 score:  0.888
[2023-03-06 02:54:31] PRINT [03/06 02:54:31 graph]: best_f1 0.899 at epoch 9
[2023-03-06 02:54:32] PRINT [03/06 02:54:32 graph]: Epoch 32 | train_loss: 0.1364 | lr: 0.000672
[2023-03-06 02:54:34] PRINT [03/06 02:54:34 graph]: #Test_f1: 0.8778±0.0532
[2023-03-06 02:54:35] PRINT [03/06 02:54:35 graph]: Epoch 32: get test f1 score:  0.878
[2023-03-06 02:54:35] PRINT [03/06 02:54:35 graph]: best_f1 0.899 at epoch 9
[2023-03-06 02:54:35] PRINT [03/06 02:54:35 graph]: Epoch 33 | train_loss: 0.1383 | lr: 0.000672
[2023-03-06 02:54:38] PRINT [03/06 02:54:38 graph]: #Test_f1: 0.8778±0.0532
[2023-03-06 02:54:38] PRINT [03/06 02:54:38 graph]: Epoch 33: get test f1 score:  0.878
[2023-03-06 02:54:38] PRINT [03/06 02:54:38 graph]: best_f1 0.899 at epoch 9
[2023-03-06 02:54:38] PRINT [03/06 02:54:38 graph]: Epoch 34 | train_loss: 0.1442 | lr: 0.000672
[2023-03-06 02:54:41] PRINT [03/06 02:54:41 graph]: #Test_f1: 0.8830±0.0520
[2023-03-06 02:54:41] PRINT [03/06 02:54:41 graph]: Epoch 34: get test f1 score:  0.883
[2023-03-06 02:54:41] PRINT [03/06 02:54:41 graph]: best_f1 0.899 at epoch 9
[2023-03-06 02:54:41] PRINT [03/06 02:54:41 graph]: Epoch 35 | train_loss: 0.1429 | lr: 0.000672
[2023-03-06 02:54:44] PRINT [03/06 02:54:44 graph]: #Test_f1: 0.8936±0.0582
[2023-03-06 02:54:44] PRINT [03/06 02:54:44 graph]: Epoch 35: get test f1 score:  0.894
[2023-03-06 02:54:44] PRINT [03/06 02:54:44 graph]: best_f1 0.899 at epoch 9
[2023-03-06 02:54:44] PRINT [03/06 02:54:44 graph]: Epoch 36 | train_loss: 0.1376 | lr: 0.000672
[2023-03-06 02:54:47] PRINT [03/06 02:54:47 graph]: #Test_f1: 0.8936±0.0628
[2023-03-06 02:54:48] PRINT [03/06 02:54:48 graph]: Epoch 36: get test f1 score:  0.894
[2023-03-06 02:54:48] PRINT [03/06 02:54:48 graph]: best_f1 0.899 at epoch 9
[2023-03-06 02:54:48] PRINT [03/06 02:54:48 graph]: Epoch 37 | train_loss: 0.1321 | lr: 0.000672
[2023-03-06 02:54:50] PRINT [03/06 02:54:50 graph]: #Test_f1: 0.8778±0.0532
[2023-03-06 02:54:51] PRINT [03/06 02:54:51 graph]: Epoch 37: get test f1 score:  0.878
[2023-03-06 02:54:51] PRINT [03/06 02:54:51 graph]: best_f1 0.899 at epoch 9
[2023-03-06 02:54:51] PRINT [03/06 02:54:51 graph]: Epoch 38 | train_loss: 0.1317 | lr: 0.000672
[2023-03-06 02:54:54] PRINT [03/06 02:54:54 graph]: #Test_f1: 0.8933±0.0641
[2023-03-06 02:54:54] PRINT [03/06 02:54:54 graph]: Epoch 38: get test f1 score:  0.893
[2023-03-06 02:54:54] PRINT [03/06 02:54:54 graph]: best_f1 0.899 at epoch 9
[2023-03-06 02:54:54] PRINT [03/06 02:54:54 graph]: Epoch 39 | train_loss: 0.1329 | lr: 0.000672
[2023-03-06 02:54:57] PRINT [03/06 02:54:57 graph]: #Test_f1: 0.8880±0.0700
[2023-03-06 02:54:57] PRINT [03/06 02:54:57 graph]: Epoch 39: get test f1 score:  0.888
[2023-03-06 02:54:57] PRINT [03/06 02:54:57 graph]: best_f1 0.899 at epoch 9
[2023-03-06 02:54:58] PRINT [03/06 02:54:58 graph]: Epoch 40 | train_loss: 0.1270 | lr: 0.000672
[2023-03-06 02:55:00] PRINT [03/06 02:55:00 graph]: #Test_f1: 0.8778±0.0532
[2023-03-06 02:55:01] PRINT [03/06 02:55:01 graph]: Epoch 40: get test f1 score:  0.878
[2023-03-06 02:55:01] PRINT [03/06 02:55:01 graph]: best_f1 0.899 at epoch 9
[2023-03-06 02:55:01] PRINT [03/06 02:55:01 graph]: Epoch 41 | train_loss: 0.1316 | lr: 0.000672
[2023-03-06 02:55:04] PRINT [03/06 02:55:04 graph]: #Test_f1: 0.8830±0.0617
[2023-03-06 02:55:04] PRINT [03/06 02:55:04 graph]: Epoch 41: get test f1 score:  0.883
[2023-03-06 02:55:04] PRINT [03/06 02:55:04 graph]: best_f1 0.899 at epoch 9
[2023-03-06 02:55:04] PRINT [03/06 02:55:04 graph]: Epoch 42 | train_loss: 0.1435 | lr: 0.000672
[2023-03-06 02:55:07] PRINT [03/06 02:55:07 graph]: #Test_f1: 0.8883±0.0602
[2023-03-06 02:55:07] PRINT [03/06 02:55:07 graph]: Epoch 42: get test f1 score:  0.888
[2023-03-06 02:55:07] PRINT [03/06 02:55:07 graph]: best_f1 0.899 at epoch 9
[2023-03-06 02:55:08] PRINT [03/06 02:55:08 graph]: Epoch 43 | train_loss: 0.1279 | lr: 0.000672
[2023-03-06 02:55:11] PRINT [03/06 02:55:11 graph]: #Test_f1: 0.8778±0.0628
[2023-03-06 02:55:11] PRINT [03/06 02:55:11 graph]: Epoch 43: get test f1 score:  0.878
[2023-03-06 02:55:11] PRINT [03/06 02:55:11 graph]: best_f1 0.899 at epoch 9
[2023-03-06 02:55:11] PRINT [03/06 02:55:11 graph]: Epoch 44 | train_loss: 0.1334 | lr: 0.000672
[2023-03-06 02:55:14] PRINT [03/06 02:55:14 graph]: #Test_f1: 0.8830±0.0617
[2023-03-06 02:55:14] PRINT [03/06 02:55:14 graph]: Epoch 44: get test f1 score:  0.883
[2023-03-06 02:55:14] PRINT [03/06 02:55:14 graph]: best_f1 0.899 at epoch 9
[2023-03-06 02:55:15] PRINT [03/06 02:55:15 graph]: Epoch 45 | train_loss: 0.1260 | lr: 0.000672
[2023-03-06 02:55:17] PRINT [03/06 02:55:17 graph]: #Test_f1: 0.8883±0.0688
[2023-03-06 02:55:18] PRINT [03/06 02:55:18 graph]: Epoch 45: get test f1 score:  0.888
[2023-03-06 02:55:18] PRINT [03/06 02:55:18 graph]: best_f1 0.899 at epoch 9
[2023-03-06 02:55:18] PRINT [03/06 02:55:18 graph]: Epoch 46 | train_loss: 0.1320 | lr: 0.000672
[2023-03-06 02:55:21] PRINT [03/06 02:55:21 graph]: #Test_f1: 0.8880±0.0700
[2023-03-06 02:55:21] PRINT [03/06 02:55:21 graph]: Epoch 46: get test f1 score:  0.888
[2023-03-06 02:55:21] PRINT [03/06 02:55:21 graph]: best_f1 0.899 at epoch 9
[2023-03-06 02:55:21] PRINT [03/06 02:55:21 graph]: Epoch 47 | train_loss: 0.1219 | lr: 0.000672
[2023-03-06 02:55:24] PRINT [03/06 02:55:24 graph]: #Test_f1: 0.8830±0.0571
[2023-03-06 02:55:24] PRINT [03/06 02:55:24 graph]: Epoch 47: get test f1 score:  0.883
[2023-03-06 02:55:24] PRINT [03/06 02:55:24 graph]: best_f1 0.899 at epoch 9
[2023-03-06 02:55:24] PRINT [03/06 02:55:24 graph]: Epoch 48 | train_loss: 0.1250 | lr: 0.000672
[2023-03-06 02:55:27] PRINT [03/06 02:55:27 graph]: #Test_f1: 0.8883±0.0502
[2023-03-06 02:55:27] PRINT [03/06 02:55:27 graph]: Epoch 48: get test f1 score:  0.888
[2023-03-06 02:55:27] PRINT [03/06 02:55:27 graph]: best_f1 0.899 at epoch 9
[2023-03-06 02:55:28] PRINT [03/06 02:55:28 graph]: Epoch 49 | train_loss: 0.1244 | lr: 0.000672
[2023-03-06 02:55:31] PRINT [03/06 02:55:31 graph]: #Test_f1: 0.8883±0.0647
[2023-03-06 02:55:31] PRINT [03/06 02:55:31 graph]: Epoch 49: get test f1 score:  0.888
[2023-03-06 02:55:31] PRINT [03/06 02:55:31 graph]: best_f1 0.899 at epoch 9
[2023-03-06 02:55:31] PRINT [03/06 02:55:31 graph]: # final_acc: 0.8988±0.0000
