[2023-03-06 03:02:48] PRINT ---new cfg------
[2023-03-06 03:02:48] PRINT {'DATA': {'data_name': 'MUTAG', 'deg4feat': True}, 'DATALOADER': {'NUM_WORKERS': 0, 'BATCH_SIZE': 32}, 'MODEL': {'num_hidden': 512, 'num_layers': 2, 'nhead': 4, 'activation': 'prelu', 'attn_drop': 0.2, 'feat_drop': 0.2, 'norm': 'layernorm', 'pooler': 'mean', 'beta_schedule': 'sigmoid', 'beta_1': 0.0004547031243728079, 'beta_T': 0.014463173212365238, 'T': 823}, 'SOLVER': {'optim_type': 'adamw', 'optim_type_f': 'adamw', 'alpha': 1, 'decay': 50, 'LR': 0.0005793175115697341, 'weight_decay': 0.0005, 'MAX_EPOCH': 50}, 'DEVICE': 'cuda', 'seeds': [11], 'eval_T': [50, 100, 200], 'output_dir': '/ddm-nni/MUTAG/log', 'checkpoint_dir': '/ddm-nni/MUTAG/log/checkpoint'}
[2023-03-06 03:02:48] PRINT [03/06 03:02:48 graph]: Rank of current process: 0. World size: 1
[2023-03-06 03:02:52] PRINT [03/06 03:02:52 graph]: Environment info:
[2023-03-06 03:02:52] PRINT PyTorch version: 1.10.0+cu113
[2023-03-06 03:02:52] PRINT Is debug build: False
[2023-03-06 03:02:52] PRINT CUDA used to build PyTorch: 11.3
[2023-03-06 03:02:52] PRINT ROCM used to build PyTorch: N/A
[2023-03-06 03:02:52] PRINT 
[2023-03-06 03:02:52] PRINT OS: Ubuntu 20.04.3 LTS (x86_64)
[2023-03-06 03:02:52] PRINT GCC version: (Ubuntu 9.3.0-17ubuntu1~20.04) 9.3.0
[2023-03-06 03:02:52] PRINT Clang version: Could not collect
[2023-03-06 03:02:52] PRINT CMake version: version 3.16.3
[2023-03-06 03:02:52] PRINT Libc version: glibc-2.31
[2023-03-06 03:02:52] PRINT 
[2023-03-06 03:02:52] PRINT Python version: 3.8.10 (default, Jun  4 2021, 15:09:15)  [GCC 7.5.0] (64-bit runtime)
[2023-03-06 03:02:52] PRINT Python platform: Linux-5.4.0-90-generic-x86_64-with-glibc2.17
[2023-03-06 03:02:52] PRINT Is CUDA available: True
[2023-03-06 03:02:52] PRINT CUDA runtime version: 11.3.109
[2023-03-06 03:02:52] PRINT GPU models and configuration: GPU 0: NVIDIA GeForce RTX 3090
[2023-03-06 03:02:52] PRINT Nvidia driver version: 495.44
[2023-03-06 03:02:52] PRINT cuDNN version: Probably one of the following:
[2023-03-06 03:02:52] PRINT /usr/lib/x86_64-linux-gnu/libcudnn.so.8.2.0
[2023-03-06 03:02:52] PRINT /usr/lib/x86_64-linux-gnu/libcudnn_adv_infer.so.8.2.0
[2023-03-06 03:02:52] PRINT /usr/lib/x86_64-linux-gnu/libcudnn_adv_train.so.8.2.0
[2023-03-06 03:02:52] PRINT /usr/lib/x86_64-linux-gnu/libcudnn_cnn_infer.so.8.2.0
[2023-03-06 03:02:52] PRINT /usr/lib/x86_64-linux-gnu/libcudnn_cnn_train.so.8.2.0
[2023-03-06 03:02:52] PRINT /usr/lib/x86_64-linux-gnu/libcudnn_ops_infer.so.8.2.0
[2023-03-06 03:02:52] PRINT /usr/lib/x86_64-linux-gnu/libcudnn_ops_train.so.8.2.0
[2023-03-06 03:02:52] PRINT HIP runtime version: N/A
[2023-03-06 03:02:52] PRINT MIOpen runtime version: N/A
[2023-03-06 03:02:52] PRINT 
[2023-03-06 03:02:52] PRINT Versions of relevant libraries:
[2023-03-06 03:02:52] PRINT [pip3] numpy==1.23.5
[2023-03-06 03:02:52] PRINT [pip3] torch==1.10.0+cu113
[2023-03-06 03:02:52] PRINT [pip3] torchvision==0.11.1+cu113
[2023-03-06 03:02:52] PRINT [conda] blas                      1.0                         mkl    https://mirrors.ustc.edu.cn/anaconda/pkgs/main
[2023-03-06 03:02:52] PRINT [conda] mkl                       2021.4.0           h06a4308_640    https://mirrors.ustc.edu.cn/anaconda/pkgs/main
[2023-03-06 03:02:52] PRINT [conda] mkl-service               2.4.0            py38h7f8727e_0    https://mirrors.ustc.edu.cn/anaconda/pkgs/main
[2023-03-06 03:02:52] PRINT [conda] mkl_fft                   1.3.1            py38hd3c417c_0    https://mirrors.ustc.edu.cn/anaconda/pkgs/main
[2023-03-06 03:02:52] PRINT [conda] mkl_random                1.2.2            py38h51133e4_0    https://mirrors.ustc.edu.cn/anaconda/pkgs/main
[2023-03-06 03:02:52] PRINT [conda] numpy                     1.21.4                   pypi_0    pypi
[2023-03-06 03:02:52] PRINT [conda] numpy-base                1.23.5           py38h31eccc5_0    https://mirrors.ustc.edu.cn/anaconda/pkgs/main
[2023-03-06 03:02:52] PRINT [conda] torch                     1.10.0+cu113             pypi_0    pypi
[2023-03-06 03:02:52] PRINT [conda] torchvision               0.11.1+cu113             pypi_0    pypi
[2023-03-06 03:02:52] PRINT         Pillow (8.4.0)
[2023-03-06 03:02:52] PRINT [03/06 03:02:52 graph]: Command line arguments: Namespace(local_rank=0, resume=False, seed=1234, start_epoch=0)
[2023-03-06 03:02:52] PRINT Using degree as node features
[2023-03-06 03:02:52] PRINT ******** # Num Graphs: 188, # Num Feat: 5, # Num Classes: 2 ********
[2023-03-06 03:02:52] PRINT [03/06 03:02:52 graph]: Run 0th for seed 11
[2023-03-06 03:02:52] PRINT [03/06 03:02:52 graph]: Total trainable params num : 5162607
[2023-03-06 03:02:57] PRINT [03/06 03:02:57 graph]: ----------Start Training----------
[2023-03-06 03:02:58] PRINT [03/06 03:02:58 graph]: Epoch 0 | train_loss: 0.7835 | lr: 0.000579
[2023-03-06 03:02:58] PRINT [03/06 03:02:58 graph]: Epoch 1 | train_loss: 0.4685 | lr: 0.000579
[2023-03-06 03:02:58] PRINT [03/06 03:02:58 graph]: Epoch 2 | train_loss: 0.3899 | lr: 0.000579
[2023-03-06 03:03:01] PRINT [03/06 03:03:01 graph]: #Test_f1: 0.8462±0.0492
[2023-03-06 03:03:01] PRINT [03/06 03:03:01 graph]: Epoch 2: get test f1 score:  0.846
[2023-03-06 03:03:01] PRINT [03/06 03:03:01 graph]: best_f1 0.846 at epoch 2
[2023-03-06 03:03:01] PRINT [03/06 03:03:01 graph]: Epoch 3 | train_loss: 0.3581 | lr: 0.000579
[2023-03-06 03:03:04] PRINT [03/06 03:03:04 graph]: #Test_f1: 0.8298±0.0456
[2023-03-06 03:03:05] PRINT [03/06 03:03:05 graph]: Epoch 3: get test f1 score:  0.830
[2023-03-06 03:03:05] PRINT [03/06 03:03:05 graph]: best_f1 0.846 at epoch 2
[2023-03-06 03:03:05] PRINT [03/06 03:03:05 graph]: Epoch 4 | train_loss: 0.3712 | lr: 0.000579
[2023-03-06 03:03:08] PRINT [03/06 03:03:08 graph]: #Test_f1: 0.8354±0.0592
[2023-03-06 03:03:08] PRINT [03/06 03:03:08 graph]: Epoch 4: get test f1 score:  0.835
[2023-03-06 03:03:08] PRINT [03/06 03:03:08 graph]: best_f1 0.846 at epoch 2
[2023-03-06 03:03:08] PRINT [03/06 03:03:08 graph]: Epoch 5 | train_loss: 0.3268 | lr: 0.000579
[2023-03-06 03:03:11] PRINT [03/06 03:03:11 graph]: #Test_f1: 0.8459±0.0433
[2023-03-06 03:03:12] PRINT [03/06 03:03:12 graph]: Epoch 5: get test f1 score:  0.846
[2023-03-06 03:03:12] PRINT [03/06 03:03:12 graph]: best_f1 0.846 at epoch 2
[2023-03-06 03:03:12] PRINT [03/06 03:03:12 graph]: Epoch 6 | train_loss: 0.2965 | lr: 0.000579
[2023-03-06 03:03:14] PRINT [03/06 03:03:14 graph]: #Test_f1: 0.8561±0.0535
[2023-03-06 03:03:15] PRINT [03/06 03:03:15 graph]: Epoch 6: get test f1 score:  0.856
[2023-03-06 03:03:15] PRINT [03/06 03:03:15 graph]: best_f1 0.856 at epoch 6
[2023-03-06 03:03:15] PRINT [03/06 03:03:15 graph]: Epoch 7 | train_loss: 0.2935 | lr: 0.000579
[2023-03-06 03:03:18] PRINT [03/06 03:03:18 graph]: #Test_f1: 0.8675±0.0532
[2023-03-06 03:03:19] PRINT [03/06 03:03:19 graph]: Epoch 7: get test f1 score:  0.868
[2023-03-06 03:03:19] PRINT [03/06 03:03:19 graph]: best_f1 0.868 at epoch 7
[2023-03-06 03:03:19] PRINT [03/06 03:03:19 graph]: Epoch 8 | train_loss: 0.2775 | lr: 0.000579
[2023-03-06 03:03:22] PRINT [03/06 03:03:22 graph]: #Test_f1: 0.8675±0.0416
[2023-03-06 03:03:22] PRINT [03/06 03:03:22 graph]: Epoch 8: get test f1 score:  0.868
[2023-03-06 03:03:22] PRINT [03/06 03:03:22 graph]: best_f1 0.868 at epoch 7
[2023-03-06 03:03:22] PRINT [03/06 03:03:22 graph]: Epoch 9 | train_loss: 0.2521 | lr: 0.000579
[2023-03-06 03:03:25] PRINT [03/06 03:03:25 graph]: #Test_f1: 0.8722±0.0426
[2023-03-06 03:03:25] PRINT [03/06 03:03:25 graph]: Epoch 9: get test f1 score:  0.872
[2023-03-06 03:03:25] PRINT [03/06 03:03:25 graph]: best_f1 0.872 at epoch 9
[2023-03-06 03:03:26] PRINT [03/06 03:03:26 graph]: Epoch 10 | train_loss: 0.2521 | lr: 0.000579
[2023-03-06 03:03:29] PRINT [03/06 03:03:29 graph]: #Test_f1: 0.8883±0.0367
[2023-03-06 03:03:29] PRINT [03/06 03:03:29 graph]: Epoch 10: get test f1 score:  0.888
[2023-03-06 03:03:29] PRINT [03/06 03:03:29 graph]: best_f1 0.888 at epoch 10
[2023-03-06 03:03:29] PRINT [03/06 03:03:29 graph]: Epoch 11 | train_loss: 0.2454 | lr: 0.000579
[2023-03-06 03:03:32] PRINT [03/06 03:03:32 graph]: #Test_f1: 0.8670±0.0427
[2023-03-06 03:03:32] PRINT [03/06 03:03:32 graph]: Epoch 11: get test f1 score:  0.867
[2023-03-06 03:03:32] PRINT [03/06 03:03:32 graph]: best_f1 0.888 at epoch 10
[2023-03-06 03:03:32] PRINT [03/06 03:03:32 graph]: Epoch 12 | train_loss: 0.2259 | lr: 0.000579
[2023-03-06 03:03:35] PRINT [03/06 03:03:35 graph]: #Test_f1: 0.8401±0.0498
[2023-03-06 03:03:35] PRINT [03/06 03:03:35 graph]: Epoch 12: get test f1 score:  0.840
[2023-03-06 03:03:35] PRINT [03/06 03:03:35 graph]: best_f1 0.888 at epoch 10
[2023-03-06 03:03:36] PRINT [03/06 03:03:36 graph]: Epoch 13 | train_loss: 0.2315 | lr: 0.000579
[2023-03-06 03:03:38] PRINT [03/06 03:03:38 graph]: #Test_f1: 0.8561±0.0541
[2023-03-06 03:03:39] PRINT [03/06 03:03:39 graph]: Epoch 13: get test f1 score:  0.856
[2023-03-06 03:03:39] PRINT [03/06 03:03:39 graph]: best_f1 0.888 at epoch 10
[2023-03-06 03:03:39] PRINT [03/06 03:03:39 graph]: Epoch 14 | train_loss: 0.2239 | lr: 0.000579
[2023-03-06 03:03:42] PRINT [03/06 03:03:42 graph]: #Test_f1: 0.8614±0.0361
[2023-03-06 03:03:42] PRINT [03/06 03:03:42 graph]: Epoch 14: get test f1 score:  0.861
[2023-03-06 03:03:42] PRINT [03/06 03:03:42 graph]: best_f1 0.888 at epoch 10
[2023-03-06 03:03:42] PRINT [03/06 03:03:42 graph]: Epoch 15 | train_loss: 0.2216 | lr: 0.000579
[2023-03-06 03:03:45] PRINT [03/06 03:03:45 graph]: #Test_f1: 0.8778±0.0235
[2023-03-06 03:03:46] PRINT [03/06 03:03:46 graph]: Epoch 15: get test f1 score:  0.878
[2023-03-06 03:03:46] PRINT [03/06 03:03:46 graph]: best_f1 0.888 at epoch 10
[2023-03-06 03:03:46] PRINT [03/06 03:03:46 graph]: Epoch 16 | train_loss: 0.2191 | lr: 0.000579
[2023-03-06 03:03:49] PRINT [03/06 03:03:49 graph]: #Test_f1: 0.8833±0.0308
[2023-03-06 03:03:49] PRINT [03/06 03:03:49 graph]: Epoch 16: get test f1 score:  0.883
[2023-03-06 03:03:49] PRINT [03/06 03:03:49 graph]: best_f1 0.888 at epoch 10
[2023-03-06 03:03:49] PRINT [03/06 03:03:49 graph]: Epoch 17 | train_loss: 0.2103 | lr: 0.000579
[2023-03-06 03:03:52] PRINT [03/06 03:03:52 graph]: #Test_f1: 0.8833±0.0454
[2023-03-06 03:03:52] PRINT [03/06 03:03:52 graph]: Epoch 17: get test f1 score:  0.883
[2023-03-06 03:03:52] PRINT [03/06 03:03:52 graph]: best_f1 0.888 at epoch 10
[2023-03-06 03:03:53] PRINT [03/06 03:03:53 graph]: Epoch 18 | train_loss: 0.2084 | lr: 0.000579
[2023-03-06 03:03:56] PRINT [03/06 03:03:56 graph]: #Test_f1: 0.8778±0.0332
[2023-03-06 03:03:56] PRINT [03/06 03:03:56 graph]: Epoch 18: get test f1 score:  0.878
[2023-03-06 03:03:56] PRINT [03/06 03:03:56 graph]: best_f1 0.888 at epoch 10
[2023-03-06 03:03:56] PRINT [03/06 03:03:56 graph]: Epoch 19 | train_loss: 0.2144 | lr: 0.000579
[2023-03-06 03:03:59] PRINT [03/06 03:03:59 graph]: #Test_f1: 0.8404±0.0472
[2023-03-06 03:03:59] PRINT [03/06 03:03:59 graph]: Epoch 19: get test f1 score:  0.840
[2023-03-06 03:03:59] PRINT [03/06 03:03:59 graph]: best_f1 0.888 at epoch 10
[2023-03-06 03:04:00] PRINT [03/06 03:04:00 graph]: Epoch 20 | train_loss: 0.2157 | lr: 0.000579
[2023-03-06 03:04:02] PRINT [03/06 03:04:02 graph]: #Test_f1: 0.8351±0.0496
[2023-03-06 03:04:03] PRINT [03/06 03:04:03 graph]: Epoch 20: get test f1 score:  0.835
[2023-03-06 03:04:03] PRINT [03/06 03:04:03 graph]: best_f1 0.888 at epoch 10
[2023-03-06 03:04:03] PRINT [03/06 03:04:03 graph]: Epoch 21 | train_loss: 0.2053 | lr: 0.000579
[2023-03-06 03:04:06] PRINT [03/06 03:04:06 graph]: #Test_f1: 0.8515±0.0650
[2023-03-06 03:04:06] PRINT [03/06 03:04:06 graph]: Epoch 21: get test f1 score:  0.851
[2023-03-06 03:04:06] PRINT [03/06 03:04:06 graph]: best_f1 0.888 at epoch 10
[2023-03-06 03:04:06] PRINT [03/06 03:04:06 graph]: Epoch 22 | train_loss: 0.2154 | lr: 0.000579
[2023-03-06 03:04:09] PRINT [03/06 03:04:09 graph]: #Test_f1: 0.8512±0.0656
[2023-03-06 03:04:09] PRINT [03/06 03:04:09 graph]: Epoch 22: get test f1 score:  0.851
[2023-03-06 03:04:09] PRINT [03/06 03:04:09 graph]: best_f1 0.888 at epoch 10
[2023-03-06 03:04:09] PRINT [03/06 03:04:09 graph]: Epoch 23 | train_loss: 0.2063 | lr: 0.000579
[2023-03-06 03:04:12] PRINT [03/06 03:04:12 graph]: #Test_f1: 0.8515±0.0650
[2023-03-06 03:04:13] PRINT [03/06 03:04:13 graph]: Epoch 23: get test f1 score:  0.851
[2023-03-06 03:04:13] PRINT [03/06 03:04:13 graph]: best_f1 0.888 at epoch 10
[2023-03-06 03:04:13] PRINT [03/06 03:04:13 graph]: Epoch 24 | train_loss: 0.2228 | lr: 0.000579
[2023-03-06 03:04:16] PRINT [03/06 03:04:16 graph]: #Test_f1: 0.8512±0.0697
[2023-03-06 03:04:16] PRINT [03/06 03:04:16 graph]: Epoch 24: get test f1 score:  0.851
[2023-03-06 03:04:16] PRINT [03/06 03:04:16 graph]: best_f1 0.888 at epoch 10
[2023-03-06 03:04:16] PRINT [03/06 03:04:16 graph]: Epoch 25 | train_loss: 0.2105 | lr: 0.000579
[2023-03-06 03:04:19] PRINT [03/06 03:04:19 graph]: #Test_f1: 0.8246±0.0575
[2023-03-06 03:04:19] PRINT [03/06 03:04:19 graph]: Epoch 25: get test f1 score:  0.825
[2023-03-06 03:04:19] PRINT [03/06 03:04:19 graph]: best_f1 0.888 at epoch 10
[2023-03-06 03:04:19] PRINT [03/06 03:04:19 graph]: Epoch 26 | train_loss: 0.2034 | lr: 0.000579
[2023-03-06 03:04:22] PRINT [03/06 03:04:22 graph]: #Test_f1: 0.8032±0.0754
[2023-03-06 03:04:23] PRINT [03/06 03:04:23 graph]: Epoch 26: get test f1 score:  0.803
[2023-03-06 03:04:23] PRINT [03/06 03:04:23 graph]: best_f1 0.888 at epoch 10
[2023-03-06 03:04:23] PRINT [03/06 03:04:23 graph]: Epoch 27 | train_loss: 0.1986 | lr: 0.000579
[2023-03-06 03:04:26] PRINT [03/06 03:04:26 graph]: #Test_f1: 0.8246±0.0476
[2023-03-06 03:04:26] PRINT [03/06 03:04:26 graph]: Epoch 27: get test f1 score:  0.825
[2023-03-06 03:04:26] PRINT [03/06 03:04:26 graph]: best_f1 0.888 at epoch 10
[2023-03-06 03:04:26] PRINT [03/06 03:04:26 graph]: Epoch 28 | train_loss: 0.2038 | lr: 0.000579
[2023-03-06 03:04:29] PRINT [03/06 03:04:29 graph]: #Test_f1: 0.8137±0.0636
[2023-03-06 03:04:29] PRINT [03/06 03:04:29 graph]: Epoch 28: get test f1 score:  0.814
[2023-03-06 03:04:29] PRINT [03/06 03:04:29 graph]: best_f1 0.888 at epoch 10
[2023-03-06 03:04:29] PRINT [03/06 03:04:29 graph]: Epoch 29 | train_loss: 0.1974 | lr: 0.000579
[2023-03-06 03:04:32] PRINT [03/06 03:04:32 graph]: #Test_f1: 0.8354±0.0719
[2023-03-06 03:04:33] PRINT [03/06 03:04:33 graph]: Epoch 29: get test f1 score:  0.835
[2023-03-06 03:04:33] PRINT [03/06 03:04:33 graph]: best_f1 0.888 at epoch 10
[2023-03-06 03:04:33] PRINT [03/06 03:04:33 graph]: Epoch 30 | train_loss: 0.1966 | lr: 0.000579
[2023-03-06 03:04:36] PRINT [03/06 03:04:36 graph]: #Test_f1: 0.8406±0.0619
[2023-03-06 03:04:36] PRINT [03/06 03:04:36 graph]: Epoch 30: get test f1 score:  0.841
[2023-03-06 03:04:36] PRINT [03/06 03:04:36 graph]: best_f1 0.888 at epoch 10
[2023-03-06 03:04:36] PRINT [03/06 03:04:36 graph]: Epoch 31 | train_loss: 0.1956 | lr: 0.000579
[2023-03-06 03:04:39] PRINT [03/06 03:04:39 graph]: #Test_f1: 0.8406±0.0465
[2023-03-06 03:04:39] PRINT [03/06 03:04:39 graph]: Epoch 31: get test f1 score:  0.841
[2023-03-06 03:04:39] PRINT [03/06 03:04:39 graph]: best_f1 0.888 at epoch 10
[2023-03-06 03:04:39] PRINT [03/06 03:04:39 graph]: Epoch 32 | train_loss: 0.1927 | lr: 0.000579
[2023-03-06 03:04:42] PRINT [03/06 03:04:42 graph]: #Test_f1: 0.8246±0.0575
[2023-03-06 03:04:43] PRINT [03/06 03:04:43 graph]: Epoch 32: get test f1 score:  0.825
[2023-03-06 03:04:43] PRINT [03/06 03:04:43 graph]: best_f1 0.888 at epoch 10
[2023-03-06 03:04:43] PRINT [03/06 03:04:43 graph]: Epoch 33 | train_loss: 0.1954 | lr: 0.000579
[2023-03-06 03:04:46] PRINT [03/06 03:04:46 graph]: #Test_f1: 0.8404±0.0533
[2023-03-06 03:04:46] PRINT [03/06 03:04:46 graph]: Epoch 33: get test f1 score:  0.840
[2023-03-06 03:04:46] PRINT [03/06 03:04:46 graph]: best_f1 0.888 at epoch 10
[2023-03-06 03:04:46] PRINT [03/06 03:04:46 graph]: Epoch 34 | train_loss: 0.1991 | lr: 0.000579
[2023-03-06 03:04:49] PRINT [03/06 03:04:49 graph]: #Test_f1: 0.8614±0.0491
[2023-03-06 03:04:50] PRINT [03/06 03:04:50 graph]: Epoch 34: get test f1 score:  0.861
[2023-03-06 03:04:50] PRINT [03/06 03:04:50 graph]: best_f1 0.888 at epoch 10
[2023-03-06 03:04:50] PRINT [03/06 03:04:50 graph]: Epoch 35 | train_loss: 0.1885 | lr: 0.000579
[2023-03-06 03:04:53] PRINT [03/06 03:04:53 graph]: #Test_f1: 0.8298±0.0655
[2023-03-06 03:04:53] PRINT [03/06 03:04:53 graph]: Epoch 35: get test f1 score:  0.830
[2023-03-06 03:04:53] PRINT [03/06 03:04:53 graph]: best_f1 0.888 at epoch 10
[2023-03-06 03:04:53] PRINT [03/06 03:04:53 graph]: Epoch 36 | train_loss: 0.1910 | lr: 0.000579
[2023-03-06 03:04:56] PRINT [03/06 03:04:56 graph]: #Test_f1: 0.8406±0.0619
[2023-03-06 03:04:56] PRINT [03/06 03:04:56 graph]: Epoch 36: get test f1 score:  0.841
[2023-03-06 03:04:56] PRINT [03/06 03:04:56 graph]: best_f1 0.888 at epoch 10
[2023-03-06 03:04:56] PRINT [03/06 03:04:56 graph]: Epoch 37 | train_loss: 0.1965 | lr: 0.000579
[2023-03-06 03:04:59] PRINT [03/06 03:04:59 graph]: #Test_f1: 0.8357±0.0483
[2023-03-06 03:04:59] PRINT [03/06 03:04:59 graph]: Epoch 37: get test f1 score:  0.836
[2023-03-06 03:04:59] PRINT [03/06 03:04:59 graph]: best_f1 0.888 at epoch 10
[2023-03-06 03:05:00] PRINT [03/06 03:05:00 graph]: Epoch 38 | train_loss: 0.1981 | lr: 0.000579
[2023-03-06 03:05:03] PRINT [03/06 03:05:03 graph]: #Test_f1: 0.8298±0.0463
[2023-03-06 03:05:03] PRINT [03/06 03:05:03 graph]: Epoch 38: get test f1 score:  0.830
[2023-03-06 03:05:03] PRINT [03/06 03:05:03 graph]: best_f1 0.888 at epoch 10
[2023-03-06 03:05:03] PRINT [03/06 03:05:03 graph]: Epoch 39 | train_loss: 0.1916 | lr: 0.000579
[2023-03-06 03:05:06] PRINT [03/06 03:05:06 graph]: #Test_f1: 0.8564±0.0410
[2023-03-06 03:05:06] PRINT [03/06 03:05:06 graph]: Epoch 39: get test f1 score:  0.856
[2023-03-06 03:05:06] PRINT [03/06 03:05:06 graph]: best_f1 0.888 at epoch 10
[2023-03-06 03:05:06] PRINT [03/06 03:05:06 graph]: Epoch 40 | train_loss: 0.1844 | lr: 0.000579
[2023-03-06 03:05:09] PRINT [03/06 03:05:09 graph]: #Test_f1: 0.8564±0.0336
[2023-03-06 03:05:10] PRINT [03/06 03:05:10 graph]: Epoch 40: get test f1 score:  0.856
[2023-03-06 03:05:10] PRINT [03/06 03:05:10 graph]: best_f1 0.888 at epoch 10
[2023-03-06 03:05:10] PRINT [03/06 03:05:10 graph]: Epoch 41 | train_loss: 0.1826 | lr: 0.000579
[2023-03-06 03:05:13] PRINT [03/06 03:05:13 graph]: #Test_f1: 0.8298±0.0617
[2023-03-06 03:05:13] PRINT [03/06 03:05:13 graph]: Epoch 41: get test f1 score:  0.830
[2023-03-06 03:05:13] PRINT [03/06 03:05:13 graph]: best_f1 0.888 at epoch 10
[2023-03-06 03:05:13] PRINT [03/06 03:05:13 graph]: Epoch 42 | train_loss: 0.2013 | lr: 0.000579
[2023-03-06 03:05:16] PRINT [03/06 03:05:16 graph]: #Test_f1: 0.8351±0.0549
[2023-03-06 03:05:17] PRINT [03/06 03:05:17 graph]: Epoch 42: get test f1 score:  0.835
[2023-03-06 03:05:17] PRINT [03/06 03:05:17 graph]: best_f1 0.888 at epoch 10
[2023-03-06 03:05:17] PRINT [03/06 03:05:17 graph]: Epoch 43 | train_loss: 0.1875 | lr: 0.000579
[2023-03-06 03:05:20] PRINT [03/06 03:05:20 graph]: #Test_f1: 0.8620±0.0482
[2023-03-06 03:05:20] PRINT [03/06 03:05:20 graph]: Epoch 43: get test f1 score:  0.862
[2023-03-06 03:05:20] PRINT [03/06 03:05:20 graph]: best_f1 0.888 at epoch 10
[2023-03-06 03:05:21] PRINT [03/06 03:05:21 graph]: Epoch 44 | train_loss: 0.1920 | lr: 0.000579
[2023-03-06 03:05:23] PRINT [03/06 03:05:23 graph]: #Test_f1: 0.8515±0.0735
[2023-03-06 03:05:24] PRINT [03/06 03:05:24 graph]: Epoch 44: get test f1 score:  0.851
[2023-03-06 03:05:24] PRINT [03/06 03:05:24 graph]: best_f1 0.888 at epoch 10
[2023-03-06 03:05:24] PRINT [03/06 03:05:24 graph]: Epoch 45 | train_loss: 0.1894 | lr: 0.000579
[2023-03-06 03:05:26] PRINT [03/06 03:05:26 graph]: #Test_f1: 0.8351±0.0436
[2023-03-06 03:05:27] PRINT [03/06 03:05:27 graph]: Epoch 45: get test f1 score:  0.835
[2023-03-06 03:05:27] PRINT [03/06 03:05:27 graph]: best_f1 0.888 at epoch 10
[2023-03-06 03:05:27] PRINT [03/06 03:05:27 graph]: Epoch 46 | train_loss: 0.1924 | lr: 0.000579
[2023-03-06 03:05:30] PRINT [03/06 03:05:30 graph]: #Test_f1: 0.8249±0.0617
[2023-03-06 03:05:30] PRINT [03/06 03:05:30 graph]: Epoch 46: get test f1 score:  0.825
[2023-03-06 03:05:30] PRINT [03/06 03:05:30 graph]: best_f1 0.888 at epoch 10
[2023-03-06 03:05:30] PRINT [03/06 03:05:30 graph]: Epoch 47 | train_loss: 0.1819 | lr: 0.000579
[2023-03-06 03:05:33] PRINT [03/06 03:05:33 graph]: #Test_f1: 0.8246±0.0331
[2023-03-06 03:05:33] PRINT [03/06 03:05:33 graph]: Epoch 47: get test f1 score:  0.825
[2023-03-06 03:05:33] PRINT [03/06 03:05:33 graph]: best_f1 0.888 at epoch 10
[2023-03-06 03:05:34] PRINT [03/06 03:05:34 graph]: Epoch 48 | train_loss: 0.1946 | lr: 0.000579
[2023-03-06 03:05:36] PRINT [03/06 03:05:36 graph]: #Test_f1: 0.8301±0.0803
[2023-03-06 03:05:37] PRINT [03/06 03:05:37 graph]: Epoch 48: get test f1 score:  0.830
[2023-03-06 03:05:37] PRINT [03/06 03:05:37 graph]: best_f1 0.888 at epoch 10
[2023-03-06 03:05:37] PRINT [03/06 03:05:37 graph]: Epoch 49 | train_loss: 0.1949 | lr: 0.000579
[2023-03-06 03:05:40] PRINT [03/06 03:05:40 graph]: #Test_f1: 0.8354±0.0359
[2023-03-06 03:05:40] PRINT [03/06 03:05:40 graph]: Epoch 49: get test f1 score:  0.835
[2023-03-06 03:05:40] PRINT [03/06 03:05:40 graph]: best_f1 0.888 at epoch 10
[2023-03-06 03:05:40] PRINT [03/06 03:05:40 graph]: # final_acc: 0.8883±0.0000
