[2023-03-22 02:42:33] PRINT ---new cfg------
[2023-03-22 02:42:33] PRINT {'DATA': {'data_name': 'comp'}, 'DATALOADER': {'NUM_WORKERS': 0}, 'MODEL': {'num_hidden': 512, 'num_layers': 2, 'nhead': 4, 'activation': 'prelu', 'attn_drop': 0.4, 'feat_drop': 0.5, 'norm': 'batchnorm', 'pooler': 'mean', 'beta_schedule': 'quad', 'beta_1': 0.0008106516821381258, 'beta_T': 0.08183101540889026, 'T': 328}, 'SOLVER': {'optim_type': 'adam', 'optim_type_f': 'adamw', 'alpha': 1, 'decay': 20, 'LR': 0.00036694974238377076, 'LR_f': 0.03730520713699391, 'weight_decay': 0, 'weight_decay_f': 0.0006483137817648795, 'MAX_EPOCH': 100, 'max_epoch_f': 500}, 'DEVICE': 'cuda', 'seeds': [0], 'eval_T': [50, 100, 200], 'output_dir': '/ddm-nni/AmazonCoBuyComputerDataset¶/log', 'checkpoint_dir': '/ddm-nni/AmazonCoBuyComputerDataset¶/log/checkpoint'}
[2023-03-22 02:42:33] PRINT [03/22 02:42:33 graph]: Rank of current process: 0. World size: 1
[2023-03-22 02:42:36] PRINT [03/22 02:42:36 graph]: Environment info:
[2023-03-22 02:42:36] PRINT PyTorch version: 1.10.0+cu113
[2023-03-22 02:42:36] PRINT Is debug build: False
[2023-03-22 02:42:36] PRINT CUDA used to build PyTorch: 11.3
[2023-03-22 02:42:36] PRINT ROCM used to build PyTorch: N/A
[2023-03-22 02:42:36] PRINT 
[2023-03-22 02:42:36] PRINT OS: Ubuntu 20.04.3 LTS (x86_64)
[2023-03-22 02:42:36] PRINT GCC version: (Ubuntu 9.3.0-17ubuntu1~20.04) 9.3.0
[2023-03-22 02:42:36] PRINT Clang version: Could not collect
[2023-03-22 02:42:36] PRINT CMake version: version 3.16.3
[2023-03-22 02:42:36] PRINT Libc version: glibc-2.31
[2023-03-22 02:42:36] PRINT 
[2023-03-22 02:42:36] PRINT Python version: 3.8.10 (default, Jun  4 2021, 15:09:15)  [GCC 7.5.0] (64-bit runtime)
[2023-03-22 02:42:36] PRINT Python platform: Linux-5.4.0-90-generic-x86_64-with-glibc2.17
[2023-03-22 02:42:36] PRINT Is CUDA available: True
[2023-03-22 02:42:36] PRINT CUDA runtime version: 11.3.109
[2023-03-22 02:42:36] PRINT GPU models and configuration: GPU 0: NVIDIA GeForce RTX 3090
[2023-03-22 02:42:36] PRINT Nvidia driver version: 495.44
[2023-03-22 02:42:36] PRINT cuDNN version: Probably one of the following:
[2023-03-22 02:42:36] PRINT /usr/lib/x86_64-linux-gnu/libcudnn.so.8.2.0
[2023-03-22 02:42:36] PRINT /usr/lib/x86_64-linux-gnu/libcudnn_adv_infer.so.8.2.0
[2023-03-22 02:42:36] PRINT /usr/lib/x86_64-linux-gnu/libcudnn_adv_train.so.8.2.0
[2023-03-22 02:42:36] PRINT /usr/lib/x86_64-linux-gnu/libcudnn_cnn_infer.so.8.2.0
[2023-03-22 02:42:36] PRINT /usr/lib/x86_64-linux-gnu/libcudnn_cnn_train.so.8.2.0
[2023-03-22 02:42:36] PRINT /usr/lib/x86_64-linux-gnu/libcudnn_ops_infer.so.8.2.0
[2023-03-22 02:42:36] PRINT /usr/lib/x86_64-linux-gnu/libcudnn_ops_train.so.8.2.0
[2023-03-22 02:42:36] PRINT HIP runtime version: N/A
[2023-03-22 02:42:36] PRINT MIOpen runtime version: N/A
[2023-03-22 02:42:36] PRINT 
[2023-03-22 02:42:36] PRINT Versions of relevant libraries:
[2023-03-22 02:42:36] PRINT [pip3] numpy==1.23.5
[2023-03-22 02:42:36] PRINT [pip3] torch==1.10.0+cu113
[2023-03-22 02:42:36] PRINT [pip3] torchvision==0.11.1+cu113
[2023-03-22 02:42:36] PRINT [conda] blas                      1.0                         mkl    https://mirrors.ustc.edu.cn/anaconda/pkgs/main
[2023-03-22 02:42:36] PRINT [conda] mkl                       2021.4.0           h06a4308_640    https://mirrors.ustc.edu.cn/anaconda/pkgs/main
[2023-03-22 02:42:36] PRINT [conda] mkl-service               2.4.0            py38h7f8727e_0    https://mirrors.ustc.edu.cn/anaconda/pkgs/main
[2023-03-22 02:42:36] PRINT [conda] mkl_fft                   1.3.1            py38hd3c417c_0    https://mirrors.ustc.edu.cn/anaconda/pkgs/main
[2023-03-22 02:42:36] PRINT [conda] mkl_random                1.2.2            py38h51133e4_0    https://mirrors.ustc.edu.cn/anaconda/pkgs/main
[2023-03-22 02:42:36] PRINT [conda] numpy                     1.21.4                   pypi_0    pypi
[2023-03-22 02:42:36] PRINT [conda] numpy-base                1.23.5           py38h31eccc5_0    https://mirrors.ustc.edu.cn/anaconda/pkgs/main
[2023-03-22 02:42:36] PRINT [conda] torch                     1.10.0+cu113             pypi_0    pypi
[2023-03-22 02:42:36] PRINT [conda] torchvision               0.11.1+cu113             pypi_0    pypi
[2023-03-22 02:42:36] PRINT         Pillow (8.4.0)
[2023-03-22 02:42:36] PRINT [03/22 02:42:36 graph]: Command line arguments: Namespace(local_rank=0, resume=False, seed=1234, start_epoch=0)
[2023-03-22 02:42:36] PRINT [03/22 02:42:36 graph]: Run 0th for seed 0
[2023-03-22 02:42:36] PRINT [03/22 02:42:36 graph]: Total trainable params num : 7848963
[2023-03-22 02:42:41] PRINT [03/22 02:42:41 graph]: ----------Start Training----------
[2023-03-22 02:42:42] PRINT [03/22 02:42:42 graph]: start epoch 0.
[2023-03-22 02:42:42] PRINT [03/22 02:42:42 graph]: # Epoch 0: train_loss: 1.0215 | lr: 0.000367
[2023-03-22 02:42:42] PRINT [03/22 02:42:42 graph]: start epoch 1.
[2023-03-22 02:42:42] PRINT [03/22 02:42:42 graph]: # Epoch 1: train_loss: 0.8287 | lr: 0.000367
[2023-03-22 02:42:42] PRINT [03/22 02:42:42 graph]: start epoch 2.
[2023-03-22 02:42:42] PRINT [03/22 02:42:42 graph]: # Epoch 2: train_loss: 0.7256 | lr: 0.000367
[2023-03-22 02:42:42] PRINT [03/22 02:42:42 graph]: start epoch 3.
[2023-03-22 02:42:42] PRINT [03/22 02:42:42 graph]: # Epoch 3: train_loss: 0.6661 | lr: 0.000367
[2023-03-22 02:42:42] PRINT [03/22 02:42:42 graph]: start epoch 4.
[2023-03-22 02:42:42] PRINT [03/22 02:42:42 graph]: # Epoch 4: train_loss: 0.6298 | lr: 0.000367
[2023-03-22 02:42:42] PRINT [03/22 02:42:42 graph]: start epoch 5.
[2023-03-22 02:42:42] PRINT [03/22 02:42:42 graph]: # Epoch 5: train_loss: 0.6077 | lr: 0.000367
[2023-03-22 02:42:42] PRINT [03/22 02:42:42 graph]: start epoch 6.
[2023-03-22 02:42:42] PRINT [03/22 02:42:42 graph]: # Epoch 6: train_loss: 0.5945 | lr: 0.000367
[2023-03-22 02:42:42] PRINT [03/22 02:42:42 graph]: start epoch 7.
[2023-03-22 02:42:43] PRINT [03/22 02:42:43 graph]: # Epoch 7: train_loss: 0.5856 | lr: 0.000367
[2023-03-22 02:42:43] PRINT [03/22 02:42:43 graph]: start epoch 8.
[2023-03-22 02:42:43] PRINT [03/22 02:42:43 graph]: # Epoch 8: train_loss: 0.5797 | lr: 0.000367
[2023-03-22 02:42:43] PRINT [03/22 02:42:43 graph]: start epoch 9.
[2023-03-22 02:42:43] PRINT [03/22 02:42:43 graph]: # Epoch 9: train_loss: 0.5746 | lr: 0.000367
[2023-03-22 02:42:43] PRINT [03/22 02:42:43 graph]: start epoch 10.
[2023-03-22 02:42:43] PRINT [03/22 02:42:43 graph]: # Epoch 10: train_loss: 0.5705 | lr: 0.000367
[2023-03-22 02:42:43] PRINT [03/22 02:42:43 graph]: start epoch 11.
[2023-03-22 02:42:43] PRINT [03/22 02:42:43 graph]: # Epoch 11: train_loss: 0.5665 | lr: 0.000367
[2023-03-22 02:42:43] PRINT [03/22 02:42:43 graph]: start epoch 12.
[2023-03-22 02:42:43] PRINT [03/22 02:42:43 graph]: # Epoch 12: train_loss: 0.5633 | lr: 0.000367
[2023-03-22 02:42:43] PRINT [03/22 02:42:43 graph]: start epoch 13.
[2023-03-22 02:42:43] PRINT [03/22 02:42:43 graph]: # Epoch 13: train_loss: 0.5595 | lr: 0.000367
[2023-03-22 02:42:43] PRINT [03/22 02:42:43 graph]: start epoch 14.
[2023-03-22 02:42:43] PRINT [03/22 02:42:43 graph]: # Epoch 14: train_loss: 0.5557 | lr: 0.000367
[2023-03-22 02:42:43] PRINT [03/22 02:42:43 graph]: start epoch 15.
[2023-03-22 02:42:43] PRINT [03/22 02:42:43 graph]: # Epoch 15: train_loss: 0.5519 | lr: 0.000367
[2023-03-22 02:42:43] PRINT [03/22 02:42:43 graph]: start epoch 16.
[2023-03-22 02:42:43] PRINT [03/22 02:42:43 graph]: # Epoch 16: train_loss: 0.5472 | lr: 0.000367
[2023-03-22 02:42:43] PRINT [03/22 02:42:43 graph]: start epoch 17.
[2023-03-22 02:42:43] PRINT [03/22 02:42:43 graph]: # Epoch 17: train_loss: 0.5439 | lr: 0.000367
[2023-03-22 02:42:43] PRINT [03/22 02:42:43 graph]: start epoch 18.
[2023-03-22 02:42:43] PRINT [03/22 02:42:43 graph]: # Epoch 18: train_loss: 0.5379 | lr: 0.000367
[2023-03-22 02:42:43] PRINT [03/22 02:42:43 graph]: start epoch 19.
[2023-03-22 02:42:43] PRINT [03/22 02:42:43 graph]: # Epoch 19: train_loss: 0.5348 | lr: 0.000367
[2023-03-22 02:42:43] PRINT [03/22 02:42:43 graph]: start epoch 20.
[2023-03-22 02:42:44] PRINT [03/22 02:42:44 graph]: # Epoch 20: train_loss: 0.5310 | lr: 0.000367
[2023-03-22 02:42:44] PRINT [03/22 02:42:44 graph]: start epoch 21.
[2023-03-22 02:42:44] PRINT [03/22 02:42:44 graph]: # Epoch 21: train_loss: 0.5278 | lr: 0.000367
[2023-03-22 02:42:44] PRINT [03/22 02:42:44 graph]: start epoch 22.
[2023-03-22 02:42:44] PRINT [03/22 02:42:44 graph]: # Epoch 22: train_loss: 0.5251 | lr: 0.000367
[2023-03-22 02:42:44] PRINT [03/22 02:42:44 graph]: start epoch 23.
[2023-03-22 02:42:44] PRINT [03/22 02:42:44 graph]: # Epoch 23: train_loss: 0.5207 | lr: 0.000367
[2023-03-22 02:42:44] PRINT [03/22 02:42:44 graph]: start epoch 24.
[2023-03-22 02:42:44] PRINT [03/22 02:42:44 graph]: # Epoch 24: train_loss: 0.5181 | lr: 0.000367
[2023-03-22 02:42:44] PRINT [03/22 02:42:44 graph]: start epoch 25.
[2023-03-22 02:42:44] PRINT [03/22 02:42:44 graph]: # Epoch 25: train_loss: 0.5196 | lr: 0.000367
[2023-03-22 02:42:44] PRINT [03/22 02:42:44 graph]: start epoch 26.
[2023-03-22 02:42:44] PRINT [03/22 02:42:44 graph]: # Epoch 26: train_loss: 0.5132 | lr: 0.000367
[2023-03-22 02:42:44] PRINT [03/22 02:42:44 graph]: start epoch 27.
[2023-03-22 02:42:44] PRINT [03/22 02:42:44 graph]: # Epoch 27: train_loss: 0.6701 | lr: 0.000367
[2023-03-22 02:42:44] PRINT [03/22 02:42:44 graph]: start epoch 28.
[2023-03-22 02:42:44] PRINT [03/22 02:42:44 graph]: # Epoch 28: train_loss: 0.5267 | lr: 0.000367
[2023-03-22 02:42:44] PRINT [03/22 02:42:44 graph]: start epoch 29.
[2023-03-22 02:42:44] PRINT [03/22 02:42:44 graph]: # Epoch 29: train_loss: 0.5348 | lr: 0.000367
[2023-03-22 02:42:44] PRINT [03/22 02:42:44 graph]: start epoch 30.
[2023-03-22 02:42:44] PRINT [03/22 02:42:44 graph]: # Epoch 30: train_loss: 0.5374 | lr: 0.000367
[2023-03-22 02:42:44] PRINT [03/22 02:42:44 graph]: start epoch 31.
[2023-03-22 02:42:44] PRINT [03/22 02:42:44 graph]: # Epoch 31: train_loss: 0.5384 | lr: 0.000367
[2023-03-22 02:42:44] PRINT [03/22 02:42:44 graph]: start epoch 32.
[2023-03-22 02:42:44] PRINT [03/22 02:42:44 graph]: # Epoch 32: train_loss: 0.5382 | lr: 0.000367
[2023-03-22 02:42:44] PRINT [03/22 02:42:44 graph]: start epoch 33.
[2023-03-22 02:42:45] PRINT [03/22 02:42:45 graph]: # Epoch 33: train_loss: 0.5376 | lr: 0.000367
[2023-03-22 02:42:45] PRINT [03/22 02:42:45 graph]: start epoch 34.
[2023-03-22 02:42:45] PRINT [03/22 02:42:45 graph]: # Epoch 34: train_loss: 0.5386 | lr: 0.000367
[2023-03-22 02:42:45] PRINT [03/22 02:42:45 graph]: start epoch 35.
[2023-03-22 02:42:45] PRINT [03/22 02:42:45 graph]: # Epoch 35: train_loss: 0.5379 | lr: 0.000367
[2023-03-22 02:42:45] PRINT [03/22 02:42:45 graph]: start epoch 36.
[2023-03-22 02:42:45] PRINT [03/22 02:42:45 graph]: # Epoch 36: train_loss: 0.5371 | lr: 0.000367
[2023-03-22 02:42:45] PRINT [03/22 02:42:45 graph]: start epoch 37.
[2023-03-22 02:42:45] PRINT [03/22 02:42:45 graph]: # Epoch 37: train_loss: 0.5376 | lr: 0.000367
[2023-03-22 02:42:45] PRINT [03/22 02:42:45 graph]: start epoch 38.
[2023-03-22 02:42:45] PRINT [03/22 02:42:45 graph]: # Epoch 38: train_loss: 0.5364 | lr: 0.000367
[2023-03-22 02:42:45] PRINT [03/22 02:42:45 graph]: start epoch 39.
[2023-03-22 02:42:45] PRINT [03/22 02:42:45 graph]: # Epoch 39: train_loss: 0.5353 | lr: 0.000367
[2023-03-22 02:42:45] PRINT [03/22 02:42:45 graph]: start epoch 40.
[2023-03-22 02:42:45] PRINT [03/22 02:42:45 graph]: # Epoch 40: train_loss: 0.5338 | lr: 0.000367
[2023-03-22 02:42:45] PRINT [03/22 02:42:45 graph]: start epoch 41.
[2023-03-22 02:42:45] PRINT [03/22 02:42:45 graph]: # Epoch 41: train_loss: 0.5363 | lr: 0.000367
[2023-03-22 02:42:45] PRINT [03/22 02:42:45 graph]: start epoch 42.
[2023-03-22 02:42:45] PRINT [03/22 02:42:45 graph]: # Epoch 42: train_loss: 0.5333 | lr: 0.000367
[2023-03-22 02:42:45] PRINT [03/22 02:42:45 graph]: start epoch 43.
[2023-03-22 02:42:45] PRINT [03/22 02:42:45 graph]: # Epoch 43: train_loss: 0.5303 | lr: 0.000367
[2023-03-22 02:42:45] PRINT [03/22 02:42:45 graph]: start epoch 44.
[2023-03-22 02:42:45] PRINT [03/22 02:42:45 graph]: # Epoch 44: train_loss: 0.5309 | lr: 0.000367
[2023-03-22 02:42:45] PRINT [03/22 02:42:45 graph]: start epoch 45.
[2023-03-22 02:42:45] PRINT [03/22 02:42:45 graph]: # Epoch 45: train_loss: 0.5272 | lr: 0.000367
[2023-03-22 02:42:45] PRINT [03/22 02:42:45 graph]: start epoch 46.
[2023-03-22 02:42:46] PRINT [03/22 02:42:46 graph]: # Epoch 46: train_loss: 0.5265 | lr: 0.000367
[2023-03-22 02:42:46] PRINT [03/22 02:42:46 graph]: start epoch 47.
[2023-03-22 02:42:46] PRINT [03/22 02:42:46 graph]: # Epoch 47: train_loss: 0.5265 | lr: 0.000367
[2023-03-22 02:42:46] PRINT [03/22 02:42:46 graph]: start epoch 48.
[2023-03-22 02:42:46] PRINT [03/22 02:42:46 graph]: # Epoch 48: train_loss: 0.5243 | lr: 0.000367
[2023-03-22 02:42:46] PRINT [03/22 02:42:46 graph]: start epoch 49.
[2023-03-22 02:42:46] PRINT [03/22 02:42:46 graph]: # Epoch 49: train_loss: 0.5221 | lr: 0.000367
[2023-03-22 02:42:46] PRINT [03/22 02:42:46 graph]: start epoch 50.
[2023-03-22 02:42:46] PRINT [03/22 02:42:46 graph]: # Epoch 50: train_loss: 0.5209 | lr: 0.000367
[2023-03-22 02:42:46] PRINT [03/22 02:42:46 graph]: start epoch 51.
[2023-03-22 02:42:46] PRINT [03/22 02:42:46 graph]: # Epoch 51: train_loss: 0.5195 | lr: 0.000367
[2023-03-22 02:42:53] PRINT [03/22 02:42:53 graph]: --- Testf1: 0.83421, Best Valacc: 0.83782 in epoch 498 --- 
[2023-03-22 02:42:53] PRINT [03/22 02:42:53 graph]: Epoch 51: get test acc score:  0.83421
[2023-03-22 02:42:53] PRINT [03/22 02:42:53 graph]: best_f1 0.83421 at epoch 51
[2023-03-22 02:42:53] PRINT [03/22 02:42:53 graph]: start epoch 52.
[2023-03-22 02:42:53] PRINT [03/22 02:42:53 graph]: # Epoch 52: train_loss: 0.5178 | lr: 0.000367
[2023-03-22 02:43:01] PRINT [03/22 02:43:01 graph]: --- Testf1: 0.83403, Best Valacc: 0.83491 in epoch 390 --- 
[2023-03-22 02:43:01] PRINT [03/22 02:43:01 graph]: Epoch 52: get test acc score:  0.83403
[2023-03-22 02:43:01] PRINT [03/22 02:43:01 graph]: best_f1 0.83421 at epoch 51
[2023-03-22 02:43:01] PRINT [03/22 02:43:01 graph]: start epoch 53.
[2023-03-22 02:43:01] PRINT [03/22 02:43:01 graph]: # Epoch 53: train_loss: 0.5152 | lr: 0.000367
[2023-03-22 02:43:08] PRINT [03/22 02:43:08 graph]: --- Testf1: 0.83439, Best Valacc: 0.82764 in epoch 387 --- 
[2023-03-22 02:43:09] PRINT [03/22 02:43:09 graph]: Epoch 53: get test acc score:  0.83439
[2023-03-22 02:43:09] PRINT [03/22 02:43:09 graph]: best_f1 0.83439 at epoch 53
[2023-03-22 02:43:09] PRINT [03/22 02:43:09 graph]: start epoch 54.
[2023-03-22 02:43:09] PRINT [03/22 02:43:09 graph]: # Epoch 54: train_loss: 0.5152 | lr: 0.000367
[2023-03-22 02:43:16] PRINT [03/22 02:43:16 graph]: --- Testf1: 0.83039, Best Valacc: 0.81891 in epoch 305 --- 
[2023-03-22 02:43:16] PRINT [03/22 02:43:16 graph]: Epoch 54: get test acc score:  0.83039
[2023-03-22 02:43:16] PRINT [03/22 02:43:16 graph]: best_f1 0.83439 at epoch 53
[2023-03-22 02:43:16] PRINT [03/22 02:43:16 graph]: start epoch 55.
[2023-03-22 02:43:16] PRINT [03/22 02:43:16 graph]: # Epoch 55: train_loss: 0.5149 | lr: 0.000367
[2023-03-22 02:43:24] PRINT [03/22 02:43:24 graph]: --- Testf1: 0.83330, Best Valacc: 0.82982 in epoch 352 --- 
[2023-03-22 02:43:24] PRINT [03/22 02:43:24 graph]: Epoch 55: get test acc score:  0.83330
[2023-03-22 02:43:24] PRINT [03/22 02:43:24 graph]: best_f1 0.83439 at epoch 53
[2023-03-22 02:43:24] PRINT [03/22 02:43:24 graph]: start epoch 56.
[2023-03-22 02:43:24] PRINT [03/22 02:43:24 graph]: # Epoch 56: train_loss: 0.5119 | lr: 0.000367
[2023-03-22 02:43:31] PRINT [03/22 02:43:31 graph]: --- Testf1: 0.83821, Best Valacc: 0.81527 in epoch 325 --- 
[2023-03-22 02:43:32] PRINT [03/22 02:43:32 graph]: Epoch 56: get test acc score:  0.83821
[2023-03-22 02:43:32] PRINT [03/22 02:43:32 graph]: best_f1 0.83821 at epoch 56
[2023-03-22 02:43:32] PRINT [03/22 02:43:32 graph]: start epoch 57.
[2023-03-22 02:43:32] PRINT [03/22 02:43:32 graph]: # Epoch 57: train_loss: 0.5100 | lr: 0.000367
[2023-03-22 02:43:39] PRINT [03/22 02:43:39 graph]: --- Testf1: 0.82494, Best Valacc: 0.82327 in epoch 414 --- 
[2023-03-22 02:43:40] PRINT [03/22 02:43:40 graph]: Epoch 57: get test acc score:  0.82494
[2023-03-22 02:43:40] PRINT [03/22 02:43:40 graph]: best_f1 0.83821 at epoch 56
[2023-03-22 02:43:40] PRINT [03/22 02:43:40 graph]: start epoch 58.
[2023-03-22 02:43:40] PRINT [03/22 02:43:40 graph]: # Epoch 58: train_loss: 0.5087 | lr: 0.000367
[2023-03-22 02:43:47] PRINT [03/22 02:43:47 graph]: --- Testf1: 0.82630, Best Valacc: 0.81818 in epoch 348 --- 
[2023-03-22 02:43:47] PRINT [03/22 02:43:47 graph]: Epoch 58: get test acc score:  0.82630
[2023-03-22 02:43:47] PRINT [03/22 02:43:47 graph]: best_f1 0.83821 at epoch 56
[2023-03-22 02:43:47] PRINT [03/22 02:43:47 graph]: start epoch 59.
[2023-03-22 02:43:47] PRINT [03/22 02:43:47 graph]: # Epoch 59: train_loss: 0.5072 | lr: 0.000367
[2023-03-22 02:43:55] PRINT [03/22 02:43:55 graph]: --- Testf1: 0.82703, Best Valacc: 0.83491 in epoch 446 --- 
[2023-03-22 02:43:55] PRINT [03/22 02:43:55 graph]: Epoch 59: get test acc score:  0.82703
[2023-03-22 02:43:55] PRINT [03/22 02:43:55 graph]: best_f1 0.83821 at epoch 56
[2023-03-22 02:43:55] PRINT [03/22 02:43:55 graph]: start epoch 60.
[2023-03-22 02:43:55] PRINT [03/22 02:43:55 graph]: # Epoch 60: train_loss: 0.5063 | lr: 0.000367
[2023-03-22 02:44:03] PRINT [03/22 02:44:03 graph]: --- Testf1: 0.83230, Best Valacc: 0.82255 in epoch 495 --- 
[2023-03-22 02:44:03] PRINT [03/22 02:44:03 graph]: Epoch 60: get test acc score:  0.83230
[2023-03-22 02:44:03] PRINT [03/22 02:44:03 graph]: best_f1 0.83821 at epoch 56
[2023-03-22 02:44:03] PRINT [03/22 02:44:03 graph]: start epoch 61.
[2023-03-22 02:44:03] PRINT [03/22 02:44:03 graph]: # Epoch 61: train_loss: 0.5052 | lr: 0.000367
[2023-03-22 02:44:10] PRINT [03/22 02:44:10 graph]: --- Testf1: 0.83094, Best Valacc: 0.82909 in epoch 464 --- 
[2023-03-22 02:44:11] PRINT [03/22 02:44:11 graph]: Epoch 61: get test acc score:  0.83094
[2023-03-22 02:44:11] PRINT [03/22 02:44:11 graph]: best_f1 0.83821 at epoch 56
[2023-03-22 02:44:11] PRINT [03/22 02:44:11 graph]: start epoch 62.
[2023-03-22 02:44:11] PRINT [03/22 02:44:11 graph]: # Epoch 62: train_loss: 0.5045 | lr: 0.000367
[2023-03-22 02:44:18] PRINT [03/22 02:44:18 graph]: --- Testf1: 0.82012, Best Valacc: 0.81891 in epoch 438 --- 
[2023-03-22 02:44:18] PRINT [03/22 02:44:18 graph]: Epoch 62: get test acc score:  0.82012
[2023-03-22 02:44:18] PRINT [03/22 02:44:18 graph]: best_f1 0.83821 at epoch 56
[2023-03-22 02:44:18] PRINT [03/22 02:44:18 graph]: start epoch 63.
[2023-03-22 02:44:18] PRINT [03/22 02:44:18 graph]: # Epoch 63: train_loss: 0.5029 | lr: 0.000367
[2023-03-22 02:44:26] PRINT [03/22 02:44:26 graph]: --- Testf1: 0.83448, Best Valacc: 0.81964 in epoch 496 --- 
[2023-03-22 02:44:26] PRINT [03/22 02:44:26 graph]: Epoch 63: get test acc score:  0.83448
[2023-03-22 02:44:26] PRINT [03/22 02:44:26 graph]: best_f1 0.83821 at epoch 56
[2023-03-22 02:44:26] PRINT [03/22 02:44:26 graph]: start epoch 64.
[2023-03-22 02:44:26] PRINT [03/22 02:44:26 graph]: # Epoch 64: train_loss: 0.5025 | lr: 0.000367
[2023-03-22 02:44:34] PRINT [03/22 02:44:34 graph]: --- Testf1: 0.84666, Best Valacc: 0.82764 in epoch 448 --- 
[2023-03-22 02:44:34] PRINT [03/22 02:44:34 graph]: Epoch 64: get test acc score:  0.84666
[2023-03-22 02:44:34] PRINT [03/22 02:44:34 graph]: best_f1 0.84666 at epoch 64
[2023-03-22 02:44:34] PRINT [03/22 02:44:34 graph]: start epoch 65.
[2023-03-22 02:44:34] PRINT [03/22 02:44:34 graph]: # Epoch 65: train_loss: 0.5013 | lr: 0.000367
[2023-03-22 02:44:42] PRINT [03/22 02:44:42 graph]: --- Testf1: 0.83149, Best Valacc: 0.82764 in epoch 402 --- 
[2023-03-22 02:44:42] PRINT [03/22 02:44:42 graph]: Epoch 65: get test acc score:  0.83149
[2023-03-22 02:44:42] PRINT [03/22 02:44:42 graph]: best_f1 0.84666 at epoch 64
[2023-03-22 02:44:42] PRINT [03/22 02:44:42 graph]: start epoch 66.
[2023-03-22 02:44:42] PRINT [03/22 02:44:42 graph]: # Epoch 66: train_loss: 0.5002 | lr: 0.000367
[2023-03-22 02:44:49] PRINT [03/22 02:44:49 graph]: --- Testf1: 0.82894, Best Valacc: 0.83273 in epoch 362 --- 
[2023-03-22 02:44:50] PRINT [03/22 02:44:50 graph]: Epoch 66: get test acc score:  0.82894
[2023-03-22 02:44:50] PRINT [03/22 02:44:50 graph]: best_f1 0.84666 at epoch 64
[2023-03-22 02:44:50] PRINT [03/22 02:44:50 graph]: start epoch 67.
[2023-03-22 02:44:50] PRINT [03/22 02:44:50 graph]: # Epoch 67: train_loss: 0.4989 | lr: 0.000367
[2023-03-22 02:44:57] PRINT [03/22 02:44:57 graph]: --- Testf1: 0.82994, Best Valacc: 0.82909 in epoch 292 --- 
[2023-03-22 02:44:57] PRINT [03/22 02:44:57 graph]: Epoch 67: get test acc score:  0.82994
[2023-03-22 02:44:57] PRINT [03/22 02:44:57 graph]: best_f1 0.84666 at epoch 64
[2023-03-22 02:44:57] PRINT [03/22 02:44:57 graph]: start epoch 68.
[2023-03-22 02:44:57] PRINT [03/22 02:44:57 graph]: # Epoch 68: train_loss: 0.4991 | lr: 0.000367
[2023-03-22 02:45:05] PRINT [03/22 02:45:05 graph]: --- Testf1: 0.83976, Best Valacc: 0.82182 in epoch 404 --- 
[2023-03-22 02:45:05] PRINT [03/22 02:45:05 graph]: Epoch 68: get test acc score:  0.83976
[2023-03-22 02:45:05] PRINT [03/22 02:45:05 graph]: best_f1 0.84666 at epoch 64
[2023-03-22 02:45:05] PRINT [03/22 02:45:05 graph]: start epoch 69.
[2023-03-22 02:45:05] PRINT [03/22 02:45:05 graph]: # Epoch 69: train_loss: 0.4976 | lr: 0.000367
[2023-03-22 02:45:12] PRINT [03/22 02:45:12 graph]: --- Testf1: 0.83276, Best Valacc: 0.82982 in epoch 325 --- 
[2023-03-22 02:45:13] PRINT [03/22 02:45:13 graph]: Epoch 69: get test acc score:  0.83276
[2023-03-22 02:45:13] PRINT [03/22 02:45:13 graph]: best_f1 0.84666 at epoch 64
[2023-03-22 02:45:13] PRINT [03/22 02:45:13 graph]: start epoch 70.
[2023-03-22 02:45:13] PRINT [03/22 02:45:13 graph]: # Epoch 70: train_loss: 0.4975 | lr: 0.000367
[2023-03-22 02:45:20] PRINT [03/22 02:45:20 graph]: --- Testf1: 0.83912, Best Valacc: 0.83855 in epoch 446 --- 
[2023-03-22 02:45:20] PRINT [03/22 02:45:20 graph]: Epoch 70: get test acc score:  0.83912
[2023-03-22 02:45:20] PRINT [03/22 02:45:20 graph]: best_f1 0.84666 at epoch 64
[2023-03-22 02:45:20] PRINT [03/22 02:45:20 graph]: start epoch 71.
[2023-03-22 02:45:20] PRINT [03/22 02:45:20 graph]: # Epoch 71: train_loss: 0.4961 | lr: 0.000367
[2023-03-22 02:45:27] PRINT [03/22 02:45:27 graph]: --- Testf1: 0.83112, Best Valacc: 0.83055 in epoch 301 --- 
[2023-03-22 02:45:27] PRINT [03/22 02:45:27 graph]: Epoch 71: get test acc score:  0.83112
[2023-03-22 02:45:27] PRINT [03/22 02:45:27 graph]: best_f1 0.84666 at epoch 64
[2023-03-22 02:45:27] PRINT [03/22 02:45:27 graph]: start epoch 72.
[2023-03-22 02:45:27] PRINT [03/22 02:45:27 graph]: # Epoch 72: train_loss: 0.4953 | lr: 0.000367
[2023-03-22 02:45:33] PRINT [03/22 02:45:33 graph]: --- Testf1: 0.84030, Best Valacc: 0.83345 in epoch 498 --- 
[2023-03-22 02:45:33] PRINT [03/22 02:45:33 graph]: Epoch 72: get test acc score:  0.84030
[2023-03-22 02:45:33] PRINT [03/22 02:45:33 graph]: best_f1 0.84666 at epoch 64
[2023-03-22 02:45:33] PRINT [03/22 02:45:33 graph]: start epoch 73.
[2023-03-22 02:45:33] PRINT [03/22 02:45:33 graph]: # Epoch 73: train_loss: 0.4944 | lr: 0.000367
[2023-03-22 02:45:39] PRINT [03/22 02:45:39 graph]: --- Testf1: 0.83539, Best Valacc: 0.82618 in epoch 434 --- 
[2023-03-22 02:45:39] PRINT [03/22 02:45:39 graph]: Epoch 73: get test acc score:  0.83539
[2023-03-22 02:45:39] PRINT [03/22 02:45:39 graph]: best_f1 0.84666 at epoch 64
[2023-03-22 02:45:39] PRINT [03/22 02:45:39 graph]: start epoch 74.
[2023-03-22 02:45:40] PRINT [03/22 02:45:40 graph]: # Epoch 74: train_loss: 0.4941 | lr: 0.000367
[2023-03-22 02:45:45] PRINT [03/22 02:45:45 graph]: --- Testf1: 0.83067, Best Valacc: 0.82255 in epoch 324 --- 
[2023-03-22 02:45:45] PRINT [03/22 02:45:45 graph]: Epoch 74: get test acc score:  0.83067
[2023-03-22 02:45:45] PRINT [03/22 02:45:45 graph]: best_f1 0.84666 at epoch 64
[2023-03-22 02:45:45] PRINT [03/22 02:45:45 graph]: start epoch 75.
[2023-03-22 02:45:45] PRINT [03/22 02:45:45 graph]: # Epoch 75: train_loss: 0.4927 | lr: 0.000367
[2023-03-22 02:45:50] PRINT [03/22 02:45:50 graph]: --- Testf1: 0.83294, Best Valacc: 0.83345 in epoch 455 --- 
[2023-03-22 02:45:50] PRINT [03/22 02:45:50 graph]: Epoch 75: get test acc score:  0.83294
[2023-03-22 02:45:50] PRINT [03/22 02:45:50 graph]: best_f1 0.84666 at epoch 64
[2023-03-22 02:45:50] PRINT [03/22 02:45:50 graph]: start epoch 76.
[2023-03-22 02:45:50] PRINT [03/22 02:45:50 graph]: # Epoch 76: train_loss: 0.4926 | lr: 0.000367
[2023-03-22 02:45:58] PRINT [03/22 02:45:58 graph]: --- Testf1: 0.84457, Best Valacc: 0.82691 in epoch 408 --- 
[2023-03-22 02:45:58] PRINT [03/22 02:45:58 graph]: Epoch 76: get test acc score:  0.84457
[2023-03-22 02:45:58] PRINT [03/22 02:45:58 graph]: best_f1 0.84666 at epoch 64
[2023-03-22 02:45:58] PRINT [03/22 02:45:58 graph]: start epoch 77.
[2023-03-22 02:45:58] PRINT [03/22 02:45:58 graph]: # Epoch 77: train_loss: 0.4915 | lr: 0.000367
[2023-03-22 02:46:04] PRINT [03/22 02:46:04 graph]: --- Testf1: 0.83894, Best Valacc: 0.83200 in epoch 325 --- 
[2023-03-22 02:46:04] PRINT [03/22 02:46:04 graph]: Epoch 77: get test acc score:  0.83894
[2023-03-22 02:46:04] PRINT [03/22 02:46:04 graph]: best_f1 0.84666 at epoch 64
[2023-03-22 02:46:04] PRINT [03/22 02:46:04 graph]: start epoch 78.
[2023-03-22 02:46:04] PRINT [03/22 02:46:04 graph]: # Epoch 78: train_loss: 0.4905 | lr: 0.000367
[2023-03-22 02:46:10] PRINT [03/22 02:46:10 graph]: --- Testf1: 0.83603, Best Valacc: 0.82327 in epoch 402 --- 
[2023-03-22 02:46:10] PRINT [03/22 02:46:10 graph]: Epoch 78: get test acc score:  0.83603
[2023-03-22 02:46:10] PRINT [03/22 02:46:10 graph]: best_f1 0.84666 at epoch 64
[2023-03-22 02:46:10] PRINT [03/22 02:46:10 graph]: start epoch 79.
[2023-03-22 02:46:10] PRINT [03/22 02:46:10 graph]: # Epoch 79: train_loss: 0.4901 | lr: 0.000367
[2023-03-22 02:46:20] PRINT [03/22 02:46:20 graph]: --- Testf1: 0.83785, Best Valacc: 0.83636 in epoch 452 --- 
[2023-03-22 02:46:20] PRINT [03/22 02:46:20 graph]: Epoch 79: get test acc score:  0.83785
[2023-03-22 02:46:20] PRINT [03/22 02:46:20 graph]: best_f1 0.84666 at epoch 64
[2023-03-22 02:46:20] PRINT [03/22 02:46:20 graph]: start epoch 80.
[2023-03-22 02:46:20] PRINT [03/22 02:46:20 graph]: # Epoch 80: train_loss: 0.4890 | lr: 0.000367
[2023-03-22 02:46:27] PRINT [03/22 02:46:27 graph]: --- Testf1: 0.83967, Best Valacc: 0.82400 in epoch 480 --- 
[2023-03-22 02:46:27] PRINT [03/22 02:46:27 graph]: Epoch 80: get test acc score:  0.83967
[2023-03-22 02:46:27] PRINT [03/22 02:46:27 graph]: best_f1 0.84666 at epoch 64
[2023-03-22 02:46:27] PRINT [03/22 02:46:27 graph]: start epoch 81.
[2023-03-22 02:46:28] PRINT [03/22 02:46:28 graph]: # Epoch 81: train_loss: 0.4880 | lr: 0.000367
[2023-03-22 02:46:35] PRINT [03/22 02:46:35 graph]: --- Testf1: 0.84994, Best Valacc: 0.83345 in epoch 463 --- 
[2023-03-22 02:46:35] PRINT [03/22 02:46:35 graph]: Epoch 81: get test acc score:  0.84994
[2023-03-22 02:46:35] PRINT [03/22 02:46:35 graph]: best_f1 0.84994 at epoch 81
[2023-03-22 02:46:35] PRINT [03/22 02:46:35 graph]: start epoch 82.
[2023-03-22 02:46:35] PRINT [03/22 02:46:35 graph]: # Epoch 82: train_loss: 0.4875 | lr: 0.000367
[2023-03-22 02:46:42] PRINT [03/22 02:46:42 graph]: --- Testf1: 0.84985, Best Valacc: 0.83564 in epoch 443 --- 
[2023-03-22 02:46:42] PRINT [03/22 02:46:42 graph]: Epoch 82: get test acc score:  0.84985
[2023-03-22 02:46:42] PRINT [03/22 02:46:42 graph]: best_f1 0.84994 at epoch 81
[2023-03-22 02:46:42] PRINT [03/22 02:46:42 graph]: start epoch 83.
[2023-03-22 02:46:42] PRINT [03/22 02:46:42 graph]: # Epoch 83: train_loss: 0.4871 | lr: 0.000367
[2023-03-22 02:46:50] PRINT [03/22 02:46:50 graph]: --- Testf1: 0.84012, Best Valacc: 0.82327 in epoch 380 --- 
[2023-03-22 02:46:50] PRINT [03/22 02:46:50 graph]: Epoch 83: get test acc score:  0.84012
[2023-03-22 02:46:50] PRINT [03/22 02:46:50 graph]: best_f1 0.84994 at epoch 81
[2023-03-22 02:46:50] PRINT [03/22 02:46:50 graph]: start epoch 84.
[2023-03-22 02:46:50] PRINT [03/22 02:46:50 graph]: # Epoch 84: train_loss: 0.4857 | lr: 0.000367
[2023-03-22 02:46:57] PRINT [03/22 02:46:57 graph]: --- Testf1: 0.84121, Best Valacc: 0.83418 in epoch 421 --- 
[2023-03-22 02:46:58] PRINT [03/22 02:46:58 graph]: Epoch 84: get test acc score:  0.84121
[2023-03-22 02:46:58] PRINT [03/22 02:46:58 graph]: best_f1 0.84994 at epoch 81
[2023-03-22 02:46:58] PRINT [03/22 02:46:58 graph]: start epoch 85.
[2023-03-22 02:46:58] PRINT [03/22 02:46:58 graph]: # Epoch 85: train_loss: 0.4854 | lr: 0.000367
[2023-03-22 02:47:05] PRINT [03/22 02:47:05 graph]: --- Testf1: 0.83539, Best Valacc: 0.82764 in epoch 298 --- 
[2023-03-22 02:47:05] PRINT [03/22 02:47:05 graph]: Epoch 85: get test acc score:  0.83539
[2023-03-22 02:47:05] PRINT [03/22 02:47:05 graph]: best_f1 0.84994 at epoch 81
[2023-03-22 02:47:05] PRINT [03/22 02:47:05 graph]: start epoch 86.
[2023-03-22 02:47:05] PRINT [03/22 02:47:05 graph]: # Epoch 86: train_loss: 0.4843 | lr: 0.000367
[2023-03-22 02:47:13] PRINT [03/22 02:47:13 graph]: --- Testf1: 0.84821, Best Valacc: 0.84291 in epoch 441 --- 
[2023-03-22 02:47:13] PRINT [03/22 02:47:13 graph]: Epoch 86: get test acc score:  0.84821
[2023-03-22 02:47:13] PRINT [03/22 02:47:13 graph]: best_f1 0.84994 at epoch 81
[2023-03-22 02:47:13] PRINT [03/22 02:47:13 graph]: start epoch 87.
[2023-03-22 02:47:13] PRINT [03/22 02:47:13 graph]: # Epoch 87: train_loss: 0.4839 | lr: 0.000367
[2023-03-22 02:47:20] PRINT [03/22 02:47:20 graph]: --- Testf1: 0.84712, Best Valacc: 0.82691 in epoch 498 --- 
[2023-03-22 02:47:20] PRINT [03/22 02:47:20 graph]: Epoch 87: get test acc score:  0.84712
[2023-03-22 02:47:20] PRINT [03/22 02:47:20 graph]: best_f1 0.84994 at epoch 81
[2023-03-22 02:47:20] PRINT [03/22 02:47:20 graph]: start epoch 88.
[2023-03-22 02:47:20] PRINT [03/22 02:47:20 graph]: # Epoch 88: train_loss: 0.4831 | lr: 0.000367
[2023-03-22 02:47:28] PRINT [03/22 02:47:28 graph]: --- Testf1: 0.85294, Best Valacc: 0.84655 in epoch 481 --- 
[2023-03-22 02:47:28] PRINT [03/22 02:47:28 graph]: Epoch 88: get test acc score:  0.85294
[2023-03-22 02:47:28] PRINT [03/22 02:47:28 graph]: best_f1 0.85294 at epoch 88
[2023-03-22 02:47:28] PRINT [03/22 02:47:28 graph]: start epoch 89.
[2023-03-22 02:47:28] PRINT [03/22 02:47:28 graph]: # Epoch 89: train_loss: 0.4820 | lr: 0.000367
[2023-03-22 02:47:35] PRINT [03/22 02:47:35 graph]: --- Testf1: 0.84585, Best Valacc: 0.83855 in epoch 369 --- 
[2023-03-22 02:47:35] PRINT [03/22 02:47:35 graph]: Epoch 89: get test acc score:  0.84585
[2023-03-22 02:47:35] PRINT [03/22 02:47:35 graph]: best_f1 0.85294 at epoch 88
[2023-03-22 02:47:35] PRINT [03/22 02:47:35 graph]: start epoch 90.
[2023-03-22 02:47:35] PRINT [03/22 02:47:35 graph]: # Epoch 90: train_loss: 0.4818 | lr: 0.000367
[2023-03-22 02:47:42] PRINT [03/22 02:47:42 graph]: --- Testf1: 0.85457, Best Valacc: 0.84800 in epoch 288 --- 
[2023-03-22 02:47:43] PRINT [03/22 02:47:43 graph]: Epoch 90: get test acc score:  0.85457
[2023-03-22 02:47:43] PRINT [03/22 02:47:43 graph]: best_f1 0.85457 at epoch 90
[2023-03-22 02:47:43] PRINT [03/22 02:47:43 graph]: start epoch 91.
[2023-03-22 02:47:43] PRINT [03/22 02:47:43 graph]: # Epoch 91: train_loss: 0.4809 | lr: 0.000367
[2023-03-22 02:47:50] PRINT [03/22 02:47:50 graph]: --- Testf1: 0.85048, Best Valacc: 0.83855 in epoch 378 --- 
[2023-03-22 02:47:50] PRINT [03/22 02:47:50 graph]: Epoch 91: get test acc score:  0.85048
[2023-03-22 02:47:50] PRINT [03/22 02:47:50 graph]: best_f1 0.85457 at epoch 90
[2023-03-22 02:47:50] PRINT [03/22 02:47:50 graph]: start epoch 92.
[2023-03-22 02:47:50] PRINT [03/22 02:47:50 graph]: # Epoch 92: train_loss: 0.4804 | lr: 0.000367
[2023-03-22 02:47:58] PRINT [03/22 02:47:58 graph]: --- Testf1: 0.85075, Best Valacc: 0.84727 in epoch 450 --- 
[2023-03-22 02:47:58] PRINT [03/22 02:47:58 graph]: Epoch 92: get test acc score:  0.85075
[2023-03-22 02:47:58] PRINT [03/22 02:47:58 graph]: best_f1 0.85457 at epoch 90
[2023-03-22 02:47:58] PRINT [03/22 02:47:58 graph]: start epoch 93.
[2023-03-22 02:47:58] PRINT [03/22 02:47:58 graph]: # Epoch 93: train_loss: 0.4799 | lr: 0.000367
[2023-03-22 02:48:05] PRINT [03/22 02:48:05 graph]: --- Testf1: 0.84830, Best Valacc: 0.85164 in epoch 341 --- 
[2023-03-22 02:48:06] PRINT [03/22 02:48:06 graph]: Epoch 93: get test acc score:  0.84830
[2023-03-22 02:48:06] PRINT [03/22 02:48:06 graph]: best_f1 0.85457 at epoch 90
[2023-03-22 02:48:06] PRINT [03/22 02:48:06 graph]: start epoch 94.
[2023-03-22 02:48:06] PRINT [03/22 02:48:06 graph]: # Epoch 94: train_loss: 0.4789 | lr: 0.000367
[2023-03-22 02:48:13] PRINT [03/22 02:48:13 graph]: --- Testf1: 0.85257, Best Valacc: 0.84218 in epoch 479 --- 
[2023-03-22 02:48:13] PRINT [03/22 02:48:13 graph]: Epoch 94: get test acc score:  0.85257
[2023-03-22 02:48:13] PRINT [03/22 02:48:13 graph]: best_f1 0.85457 at epoch 90
[2023-03-22 02:48:13] PRINT [03/22 02:48:13 graph]: start epoch 95.
[2023-03-22 02:48:13] PRINT [03/22 02:48:13 graph]: # Epoch 95: train_loss: 0.4789 | lr: 0.000367
[2023-03-22 02:48:20] PRINT [03/22 02:48:20 graph]: --- Testf1: 0.84466, Best Valacc: 0.82691 in epoch 377 --- 
[2023-03-22 02:48:21] PRINT [03/22 02:48:21 graph]: Epoch 95: get test acc score:  0.84466
[2023-03-22 02:48:21] PRINT [03/22 02:48:21 graph]: best_f1 0.85457 at epoch 90
[2023-03-22 02:48:21] PRINT [03/22 02:48:21 graph]: start epoch 96.
[2023-03-22 02:48:21] PRINT [03/22 02:48:21 graph]: # Epoch 96: train_loss: 0.4769 | lr: 0.000367
[2023-03-22 02:48:28] PRINT [03/22 02:48:28 graph]: --- Testf1: 0.84712, Best Valacc: 0.84509 in epoch 329 --- 
[2023-03-22 02:48:28] PRINT [03/22 02:48:28 graph]: Epoch 96: get test acc score:  0.84712
[2023-03-22 02:48:28] PRINT [03/22 02:48:28 graph]: best_f1 0.85457 at epoch 90
[2023-03-22 02:48:28] PRINT [03/22 02:48:28 graph]: start epoch 97.
[2023-03-22 02:48:28] PRINT [03/22 02:48:28 graph]: # Epoch 97: train_loss: 0.4771 | lr: 0.000367
[2023-03-22 02:48:36] PRINT [03/22 02:48:36 graph]: --- Testf1: 0.85384, Best Valacc: 0.84727 in epoch 394 --- 
[2023-03-22 02:48:36] PRINT [03/22 02:48:36 graph]: Epoch 97: get test acc score:  0.85384
[2023-03-22 02:48:36] PRINT [03/22 02:48:36 graph]: best_f1 0.85457 at epoch 90
[2023-03-22 02:48:36] PRINT [03/22 02:48:36 graph]: start epoch 98.
[2023-03-22 02:48:36] PRINT [03/22 02:48:36 graph]: # Epoch 98: train_loss: 0.4757 | lr: 0.000367
[2023-03-22 02:48:43] PRINT [03/22 02:48:43 graph]: --- Testf1: 0.85694, Best Valacc: 0.84218 in epoch 433 --- 
[2023-03-22 02:48:43] PRINT [03/22 02:48:43 graph]: Epoch 98: get test acc score:  0.85694
[2023-03-22 02:48:43] PRINT [03/22 02:48:43 graph]: best_f1 0.85694 at epoch 98
[2023-03-22 02:48:43] PRINT [03/22 02:48:43 graph]: start epoch 99.
[2023-03-22 02:48:44] PRINT [03/22 02:48:44 graph]: # Epoch 99: train_loss: 0.4768 | lr: 0.000367
[2023-03-22 02:48:51] PRINT [03/22 02:48:51 graph]: --- Testf1: 0.85275, Best Valacc: 0.85018 in epoch 489 --- 
[2023-03-22 02:48:51] PRINT [03/22 02:48:51 graph]: Epoch 99: get test acc score:  0.85275
[2023-03-22 02:48:51] PRINT [03/22 02:48:51 graph]: best_f1 0.85694 at epoch 98
[2023-03-22 02:48:51] PRINT [03/22 02:48:51 graph]: # final_acc: 0.85694±0.00000
