[2023-03-22 07:32:48] PRINT ---new cfg------
[2023-03-22 07:32:48] PRINT {'DATA': {'data_name': 'comp'}, 'DATALOADER': {'NUM_WORKERS': 0}, 'MODEL': {'num_hidden': 512, 'num_layers': 2, 'nhead': 4, 'activation': 'prelu', 'attn_drop': 0.2, 'feat_drop': 0.2, 'norm': 'layernorm', 'pooler': 'mean', 'beta_schedule': 'linear', 'beta_1': 0.0004301904109015202, 'beta_T': 0.05111628317356303, 'T': 730}, 'SOLVER': {'optim_type': 'adam', 'optim_type_f': 'adamw', 'alpha': 1, 'decay': 30, 'LR': 0.00011342889266971945, 'LR_f': 0.2668537499231036, 'weight_decay': 0, 'weight_decay_f': 0.00010170471653433943, 'MAX_EPOCH': 100, 'max_epoch_f': 500}, 'DEVICE': 'cuda', 'seeds': [0], 'eval_T': [50, 100, 200], 'output_dir': '/ddm-nni/AmazonCoBuyComputerDataset¶/log', 'checkpoint_dir': '/ddm-nni/AmazonCoBuyComputerDataset¶/log/checkpoint'}
[2023-03-22 07:32:48] PRINT [03/22 07:32:48 graph]: Rank of current process: 0. World size: 1
[2023-03-22 07:32:52] PRINT [03/22 07:32:52 graph]: Environment info:
[2023-03-22 07:32:52] PRINT PyTorch version: 1.10.0+cu113
[2023-03-22 07:32:52] PRINT Is debug build: False
[2023-03-22 07:32:52] PRINT CUDA used to build PyTorch: 11.3
[2023-03-22 07:32:52] PRINT ROCM used to build PyTorch: N/A
[2023-03-22 07:32:52] PRINT 
[2023-03-22 07:32:52] PRINT OS: Ubuntu 20.04.3 LTS (x86_64)
[2023-03-22 07:32:52] PRINT GCC version: (Ubuntu 9.3.0-17ubuntu1~20.04) 9.3.0
[2023-03-22 07:32:52] PRINT Clang version: Could not collect
[2023-03-22 07:32:52] PRINT CMake version: version 3.16.3
[2023-03-22 07:32:52] PRINT Libc version: glibc-2.31
[2023-03-22 07:32:52] PRINT 
[2023-03-22 07:32:52] PRINT Python version: 3.8.10 (default, Jun  4 2021, 15:09:15)  [GCC 7.5.0] (64-bit runtime)
[2023-03-22 07:32:52] PRINT Python platform: Linux-5.4.0-90-generic-x86_64-with-glibc2.17
[2023-03-22 07:32:52] PRINT Is CUDA available: True
[2023-03-22 07:32:52] PRINT CUDA runtime version: 11.3.109
[2023-03-22 07:32:52] PRINT GPU models and configuration: GPU 0: NVIDIA GeForce RTX 3090
[2023-03-22 07:32:52] PRINT Nvidia driver version: 495.44
[2023-03-22 07:32:52] PRINT cuDNN version: Probably one of the following:
[2023-03-22 07:32:52] PRINT /usr/lib/x86_64-linux-gnu/libcudnn.so.8.2.0
[2023-03-22 07:32:52] PRINT /usr/lib/x86_64-linux-gnu/libcudnn_adv_infer.so.8.2.0
[2023-03-22 07:32:52] PRINT /usr/lib/x86_64-linux-gnu/libcudnn_adv_train.so.8.2.0
[2023-03-22 07:32:52] PRINT /usr/lib/x86_64-linux-gnu/libcudnn_cnn_infer.so.8.2.0
[2023-03-22 07:32:52] PRINT /usr/lib/x86_64-linux-gnu/libcudnn_cnn_train.so.8.2.0
[2023-03-22 07:32:52] PRINT /usr/lib/x86_64-linux-gnu/libcudnn_ops_infer.so.8.2.0
[2023-03-22 07:32:52] PRINT /usr/lib/x86_64-linux-gnu/libcudnn_ops_train.so.8.2.0
[2023-03-22 07:32:52] PRINT HIP runtime version: N/A
[2023-03-22 07:32:52] PRINT MIOpen runtime version: N/A
[2023-03-22 07:32:52] PRINT 
[2023-03-22 07:32:52] PRINT Versions of relevant libraries:
[2023-03-22 07:32:52] PRINT [pip3] numpy==1.23.5
[2023-03-22 07:32:52] PRINT [pip3] torch==1.10.0+cu113
[2023-03-22 07:32:52] PRINT [pip3] torchvision==0.11.1+cu113
[2023-03-22 07:32:52] PRINT [conda] blas                      1.0                         mkl    https://mirrors.ustc.edu.cn/anaconda/pkgs/main
[2023-03-22 07:32:52] PRINT [conda] mkl                       2021.4.0           h06a4308_640    https://mirrors.ustc.edu.cn/anaconda/pkgs/main
[2023-03-22 07:32:52] PRINT [conda] mkl-service               2.4.0            py38h7f8727e_0    https://mirrors.ustc.edu.cn/anaconda/pkgs/main
[2023-03-22 07:32:52] PRINT [conda] mkl_fft                   1.3.1            py38hd3c417c_0    https://mirrors.ustc.edu.cn/anaconda/pkgs/main
[2023-03-22 07:32:52] PRINT [conda] mkl_random                1.2.2            py38h51133e4_0    https://mirrors.ustc.edu.cn/anaconda/pkgs/main
[2023-03-22 07:32:52] PRINT [conda] numpy                     1.21.4                   pypi_0    pypi
[2023-03-22 07:32:52] PRINT [conda] numpy-base                1.23.5           py38h31eccc5_0    https://mirrors.ustc.edu.cn/anaconda/pkgs/main
[2023-03-22 07:32:52] PRINT [conda] torch                     1.10.0+cu113             pypi_0    pypi
[2023-03-22 07:32:52] PRINT [conda] torchvision               0.11.1+cu113             pypi_0    pypi
[2023-03-22 07:32:52] PRINT         Pillow (8.4.0)
[2023-03-22 07:32:52] PRINT [03/22 07:32:52 graph]: Command line arguments: Namespace(local_rank=0, resume=False, seed=1234, start_epoch=0)
[2023-03-22 07:32:52] PRINT [03/22 07:32:52 graph]: Run 0th for seed 0
[2023-03-22 07:32:52] PRINT [03/22 07:32:52 graph]: Total trainable params num : 8054787
[2023-03-22 07:32:56] PRINT [03/22 07:32:56 graph]: ----------Start Training----------
[2023-03-22 07:32:57] PRINT [03/22 07:32:57 graph]: start epoch 0.
[2023-03-22 07:32:57] PRINT [03/22 07:32:57 graph]: # Epoch 0: train_loss: 1.0221 | lr: 0.000113
[2023-03-22 07:32:57] PRINT [03/22 07:32:57 graph]: start epoch 1.
[2023-03-22 07:32:57] PRINT [03/22 07:32:57 graph]: # Epoch 1: train_loss: 0.8559 | lr: 0.000113
[2023-03-22 07:32:57] PRINT [03/22 07:32:57 graph]: start epoch 2.
[2023-03-22 07:32:57] PRINT [03/22 07:32:57 graph]: # Epoch 2: train_loss: 0.7820 | lr: 0.000113
[2023-03-22 07:32:57] PRINT [03/22 07:32:57 graph]: start epoch 3.
[2023-03-22 07:32:58] PRINT [03/22 07:32:58 graph]: # Epoch 3: train_loss: 0.7297 | lr: 0.000113
[2023-03-22 07:32:58] PRINT [03/22 07:32:58 graph]: start epoch 4.
[2023-03-22 07:32:58] PRINT [03/22 07:32:58 graph]: # Epoch 4: train_loss: 0.6917 | lr: 0.000113
[2023-03-22 07:32:58] PRINT [03/22 07:32:58 graph]: start epoch 5.
[2023-03-22 07:32:58] PRINT [03/22 07:32:58 graph]: # Epoch 5: train_loss: 0.6654 | lr: 0.000113
[2023-03-22 07:32:58] PRINT [03/22 07:32:58 graph]: start epoch 6.
[2023-03-22 07:32:58] PRINT [03/22 07:32:58 graph]: # Epoch 6: train_loss: 0.6456 | lr: 0.000113
[2023-03-22 07:32:58] PRINT [03/22 07:32:58 graph]: start epoch 7.
[2023-03-22 07:32:58] PRINT [03/22 07:32:58 graph]: # Epoch 7: train_loss: 0.6306 | lr: 0.000113
[2023-03-22 07:32:58] PRINT [03/22 07:32:58 graph]: start epoch 8.
[2023-03-22 07:32:58] PRINT [03/22 07:32:58 graph]: # Epoch 8: train_loss: 0.6180 | lr: 0.000113
[2023-03-22 07:32:58] PRINT [03/22 07:32:58 graph]: start epoch 9.
[2023-03-22 07:32:58] PRINT [03/22 07:32:58 graph]: # Epoch 9: train_loss: 0.6075 | lr: 0.000113
[2023-03-22 07:32:58] PRINT [03/22 07:32:58 graph]: start epoch 10.
[2023-03-22 07:32:58] PRINT [03/22 07:32:58 graph]: # Epoch 10: train_loss: 0.5987 | lr: 0.000113
[2023-03-22 07:32:58] PRINT [03/22 07:32:58 graph]: start epoch 11.
[2023-03-22 07:32:58] PRINT [03/22 07:32:58 graph]: # Epoch 11: train_loss: 0.5917 | lr: 0.000113
[2023-03-22 07:32:58] PRINT [03/22 07:32:58 graph]: start epoch 12.
[2023-03-22 07:32:58] PRINT [03/22 07:32:58 graph]: # Epoch 12: train_loss: 0.5867 | lr: 0.000113
[2023-03-22 07:32:58] PRINT [03/22 07:32:58 graph]: start epoch 13.
[2023-03-22 07:32:58] PRINT [03/22 07:32:58 graph]: # Epoch 13: train_loss: 0.5817 | lr: 0.000113
[2023-03-22 07:32:58] PRINT [03/22 07:32:58 graph]: start epoch 14.
[2023-03-22 07:32:58] PRINT [03/22 07:32:58 graph]: # Epoch 14: train_loss: 0.5780 | lr: 0.000113
[2023-03-22 07:32:58] PRINT [03/22 07:32:58 graph]: start epoch 15.
[2023-03-22 07:32:58] PRINT [03/22 07:32:58 graph]: # Epoch 15: train_loss: 0.5742 | lr: 0.000113
[2023-03-22 07:32:58] PRINT [03/22 07:32:58 graph]: start epoch 16.
[2023-03-22 07:32:59] PRINT [03/22 07:32:59 graph]: # Epoch 16: train_loss: 0.5707 | lr: 0.000113
[2023-03-22 07:32:59] PRINT [03/22 07:32:59 graph]: start epoch 17.
[2023-03-22 07:32:59] PRINT [03/22 07:32:59 graph]: # Epoch 17: train_loss: 0.5680 | lr: 0.000113
[2023-03-22 07:32:59] PRINT [03/22 07:32:59 graph]: start epoch 18.
[2023-03-22 07:32:59] PRINT [03/22 07:32:59 graph]: # Epoch 18: train_loss: 0.5654 | lr: 0.000113
[2023-03-22 07:32:59] PRINT [03/22 07:32:59 graph]: start epoch 19.
[2023-03-22 07:32:59] PRINT [03/22 07:32:59 graph]: # Epoch 19: train_loss: 0.5627 | lr: 0.000113
[2023-03-22 07:32:59] PRINT [03/22 07:32:59 graph]: start epoch 20.
[2023-03-22 07:32:59] PRINT [03/22 07:32:59 graph]: # Epoch 20: train_loss: 0.5605 | lr: 0.000113
[2023-03-22 07:32:59] PRINT [03/22 07:32:59 graph]: start epoch 21.
[2023-03-22 07:32:59] PRINT [03/22 07:32:59 graph]: # Epoch 21: train_loss: 0.5587 | lr: 0.000113
[2023-03-22 07:32:59] PRINT [03/22 07:32:59 graph]: start epoch 22.
[2023-03-22 07:32:59] PRINT [03/22 07:32:59 graph]: # Epoch 22: train_loss: 0.5566 | lr: 0.000113
[2023-03-22 07:32:59] PRINT [03/22 07:32:59 graph]: start epoch 23.
[2023-03-22 07:32:59] PRINT [03/22 07:32:59 graph]: # Epoch 23: train_loss: 0.5548 | lr: 0.000113
[2023-03-22 07:32:59] PRINT [03/22 07:32:59 graph]: start epoch 24.
[2023-03-22 07:32:59] PRINT [03/22 07:32:59 graph]: # Epoch 24: train_loss: 0.5533 | lr: 0.000113
[2023-03-22 07:32:59] PRINT [03/22 07:32:59 graph]: start epoch 25.
[2023-03-22 07:32:59] PRINT [03/22 07:32:59 graph]: # Epoch 25: train_loss: 0.5516 | lr: 0.000113
[2023-03-22 07:32:59] PRINT [03/22 07:32:59 graph]: start epoch 26.
[2023-03-22 07:32:59] PRINT [03/22 07:32:59 graph]: # Epoch 26: train_loss: 0.5508 | lr: 0.000113
[2023-03-22 07:32:59] PRINT [03/22 07:32:59 graph]: start epoch 27.
[2023-03-22 07:32:59] PRINT [03/22 07:32:59 graph]: # Epoch 27: train_loss: 0.5495 | lr: 0.000113
[2023-03-22 07:32:59] PRINT [03/22 07:32:59 graph]: start epoch 28.
[2023-03-22 07:32:59] PRINT [03/22 07:32:59 graph]: # Epoch 28: train_loss: 0.5487 | lr: 0.000113
[2023-03-22 07:32:59] PRINT [03/22 07:32:59 graph]: start epoch 29.
[2023-03-22 07:33:00] PRINT [03/22 07:33:00 graph]: # Epoch 29: train_loss: 0.5479 | lr: 0.000113
[2023-03-22 07:33:00] PRINT [03/22 07:33:00 graph]: start epoch 30.
[2023-03-22 07:33:00] PRINT [03/22 07:33:00 graph]: # Epoch 30: train_loss: 0.5469 | lr: 0.000113
[2023-03-22 07:33:00] PRINT [03/22 07:33:00 graph]: start epoch 31.
[2023-03-22 07:33:00] PRINT [03/22 07:33:00 graph]: # Epoch 31: train_loss: 0.5459 | lr: 0.000113
[2023-03-22 07:33:00] PRINT [03/22 07:33:00 graph]: start epoch 32.
[2023-03-22 07:33:00] PRINT [03/22 07:33:00 graph]: # Epoch 32: train_loss: 0.5451 | lr: 0.000113
[2023-03-22 07:33:00] PRINT [03/22 07:33:00 graph]: start epoch 33.
[2023-03-22 07:33:00] PRINT [03/22 07:33:00 graph]: # Epoch 33: train_loss: 0.5440 | lr: 0.000113
[2023-03-22 07:33:00] PRINT [03/22 07:33:00 graph]: start epoch 34.
[2023-03-22 07:33:00] PRINT [03/22 07:33:00 graph]: # Epoch 34: train_loss: 0.5428 | lr: 0.000113
[2023-03-22 07:33:00] PRINT [03/22 07:33:00 graph]: start epoch 35.
[2023-03-22 07:33:00] PRINT [03/22 07:33:00 graph]: # Epoch 35: train_loss: 0.5418 | lr: 0.000113
[2023-03-22 07:33:00] PRINT [03/22 07:33:00 graph]: start epoch 36.
[2023-03-22 07:33:00] PRINT [03/22 07:33:00 graph]: # Epoch 36: train_loss: 0.5408 | lr: 0.000113
[2023-03-22 07:33:00] PRINT [03/22 07:33:00 graph]: start epoch 37.
[2023-03-22 07:33:00] PRINT [03/22 07:33:00 graph]: # Epoch 37: train_loss: 0.5395 | lr: 0.000113
[2023-03-22 07:33:00] PRINT [03/22 07:33:00 graph]: start epoch 38.
[2023-03-22 07:33:00] PRINT [03/22 07:33:00 graph]: # Epoch 38: train_loss: 0.5384 | lr: 0.000113
[2023-03-22 07:33:00] PRINT [03/22 07:33:00 graph]: start epoch 39.
[2023-03-22 07:33:00] PRINT [03/22 07:33:00 graph]: # Epoch 39: train_loss: 0.5372 | lr: 0.000113
[2023-03-22 07:33:00] PRINT [03/22 07:33:00 graph]: start epoch 40.
[2023-03-22 07:33:00] PRINT [03/22 07:33:00 graph]: # Epoch 40: train_loss: 0.5361 | lr: 0.000113
[2023-03-22 07:33:00] PRINT [03/22 07:33:00 graph]: start epoch 41.
[2023-03-22 07:33:00] PRINT [03/22 07:33:00 graph]: # Epoch 41: train_loss: 0.5348 | lr: 0.000113
[2023-03-22 07:33:00] PRINT [03/22 07:33:00 graph]: start epoch 42.
[2023-03-22 07:33:01] PRINT [03/22 07:33:01 graph]: # Epoch 42: train_loss: 0.5335 | lr: 0.000113
[2023-03-22 07:33:01] PRINT [03/22 07:33:01 graph]: start epoch 43.
[2023-03-22 07:33:01] PRINT [03/22 07:33:01 graph]: # Epoch 43: train_loss: 0.5319 | lr: 0.000113
[2023-03-22 07:33:01] PRINT [03/22 07:33:01 graph]: start epoch 44.
[2023-03-22 07:33:01] PRINT [03/22 07:33:01 graph]: # Epoch 44: train_loss: 0.5306 | lr: 0.000113
[2023-03-22 07:33:01] PRINT [03/22 07:33:01 graph]: start epoch 45.
[2023-03-22 07:33:01] PRINT [03/22 07:33:01 graph]: # Epoch 45: train_loss: 0.5296 | lr: 0.000113
[2023-03-22 07:33:01] PRINT [03/22 07:33:01 graph]: start epoch 46.
[2023-03-22 07:33:01] PRINT [03/22 07:33:01 graph]: # Epoch 46: train_loss: 0.5280 | lr: 0.000113
[2023-03-22 07:33:01] PRINT [03/22 07:33:01 graph]: start epoch 47.
[2023-03-22 07:33:01] PRINT [03/22 07:33:01 graph]: # Epoch 47: train_loss: 0.5267 | lr: 0.000113
[2023-03-22 07:33:01] PRINT [03/22 07:33:01 graph]: start epoch 48.
[2023-03-22 07:33:01] PRINT [03/22 07:33:01 graph]: # Epoch 48: train_loss: 0.5250 | lr: 0.000113
[2023-03-22 07:33:01] PRINT [03/22 07:33:01 graph]: start epoch 49.
[2023-03-22 07:33:01] PRINT [03/22 07:33:01 graph]: # Epoch 49: train_loss: 0.5232 | lr: 0.000113
[2023-03-22 07:33:01] PRINT [03/22 07:33:01 graph]: start epoch 50.
[2023-03-22 07:33:01] PRINT [03/22 07:33:01 graph]: # Epoch 50: train_loss: 0.5215 | lr: 0.000113
[2023-03-22 07:33:01] PRINT [03/22 07:33:01 graph]: start epoch 51.
[2023-03-22 07:33:01] PRINT [03/22 07:33:01 graph]: # Epoch 51: train_loss: 0.5198 | lr: 0.000113
[2023-03-22 07:33:08] PRINT [03/22 07:33:08 graph]: --- Testf1: 0.86966, Best Valacc: 0.85164 in epoch 482 --- 
[2023-03-22 07:33:09] PRINT [03/22 07:33:09 graph]: Epoch 51: get test acc score:  0.86966
[2023-03-22 07:33:09] PRINT [03/22 07:33:09 graph]: best_f1 0.86966 at epoch 51
[2023-03-22 07:33:09] PRINT [03/22 07:33:09 graph]: start epoch 52.
[2023-03-22 07:33:09] PRINT [03/22 07:33:09 graph]: # Epoch 52: train_loss: 0.5176 | lr: 0.000113
[2023-03-22 07:33:16] PRINT [03/22 07:33:16 graph]: --- Testf1: 0.86848, Best Valacc: 0.85600 in epoch 238 --- 
[2023-03-22 07:33:16] PRINT [03/22 07:33:16 graph]: Epoch 52: get test acc score:  0.86848
[2023-03-22 07:33:16] PRINT [03/22 07:33:16 graph]: best_f1 0.86966 at epoch 51
[2023-03-22 07:33:16] PRINT [03/22 07:33:16 graph]: start epoch 53.
[2023-03-22 07:33:16] PRINT [03/22 07:33:16 graph]: # Epoch 53: train_loss: 0.5162 | lr: 0.000113
[2023-03-22 07:33:24] PRINT [03/22 07:33:24 graph]: --- Testf1: 0.86866, Best Valacc: 0.86327 in epoch 438 --- 
[2023-03-22 07:33:24] PRINT [03/22 07:33:24 graph]: Epoch 53: get test acc score:  0.86866
[2023-03-22 07:33:24] PRINT [03/22 07:33:24 graph]: best_f1 0.86966 at epoch 51
[2023-03-22 07:33:24] PRINT [03/22 07:33:24 graph]: start epoch 54.
[2023-03-22 07:33:24] PRINT [03/22 07:33:24 graph]: # Epoch 54: train_loss: 0.5148 | lr: 0.000113
[2023-03-22 07:33:31] PRINT [03/22 07:33:31 graph]: --- Testf1: 0.86975, Best Valacc: 0.85964 in epoch 465 --- 
[2023-03-22 07:33:32] PRINT [03/22 07:33:32 graph]: Epoch 54: get test acc score:  0.86975
[2023-03-22 07:33:32] PRINT [03/22 07:33:32 graph]: best_f1 0.86975 at epoch 54
[2023-03-22 07:33:32] PRINT [03/22 07:33:32 graph]: start epoch 55.
[2023-03-22 07:33:32] PRINT [03/22 07:33:32 graph]: # Epoch 55: train_loss: 0.5135 | lr: 0.000113
[2023-03-22 07:33:39] PRINT [03/22 07:33:39 graph]: --- Testf1: 0.86293, Best Valacc: 0.85673 in epoch 415 --- 
[2023-03-22 07:33:39] PRINT [03/22 07:33:39 graph]: Epoch 55: get test acc score:  0.86293
[2023-03-22 07:33:39] PRINT [03/22 07:33:39 graph]: best_f1 0.86975 at epoch 54
[2023-03-22 07:33:39] PRINT [03/22 07:33:39 graph]: start epoch 56.
[2023-03-22 07:33:39] PRINT [03/22 07:33:39 graph]: # Epoch 56: train_loss: 0.5111 | lr: 0.000113
[2023-03-22 07:33:46] PRINT [03/22 07:33:46 graph]: --- Testf1: 0.86730, Best Valacc: 0.85600 in epoch 379 --- 
[2023-03-22 07:33:47] PRINT [03/22 07:33:47 graph]: Epoch 56: get test acc score:  0.86730
[2023-03-22 07:33:47] PRINT [03/22 07:33:47 graph]: best_f1 0.86975 at epoch 54
[2023-03-22 07:33:47] PRINT [03/22 07:33:47 graph]: start epoch 57.
[2023-03-22 07:33:47] PRINT [03/22 07:33:47 graph]: # Epoch 57: train_loss: 0.5100 | lr: 0.000113
[2023-03-22 07:33:54] PRINT [03/22 07:33:54 graph]: --- Testf1: 0.87011, Best Valacc: 0.85455 in epoch 185 --- 
[2023-03-22 07:33:54] PRINT [03/22 07:33:54 graph]: Epoch 57: get test acc score:  0.87011
[2023-03-22 07:33:54] PRINT [03/22 07:33:54 graph]: best_f1 0.87011 at epoch 57
[2023-03-22 07:33:54] PRINT [03/22 07:33:54 graph]: start epoch 58.
[2023-03-22 07:33:54] PRINT [03/22 07:33:54 graph]: # Epoch 58: train_loss: 0.5081 | lr: 0.000113
[2023-03-22 07:34:02] PRINT [03/22 07:34:02 graph]: --- Testf1: 0.87021, Best Valacc: 0.85891 in epoch 357 --- 
[2023-03-22 07:34:02] PRINT [03/22 07:34:02 graph]: Epoch 58: get test acc score:  0.87021
[2023-03-22 07:34:02] PRINT [03/22 07:34:02 graph]: best_f1 0.87021 at epoch 58
[2023-03-22 07:34:02] PRINT [03/22 07:34:02 graph]: start epoch 59.
[2023-03-22 07:34:02] PRINT [03/22 07:34:02 graph]: # Epoch 59: train_loss: 0.5067 | lr: 0.000113
[2023-03-22 07:34:09] PRINT [03/22 07:34:09 graph]: --- Testf1: 0.86575, Best Valacc: 0.85382 in epoch 184 --- 
[2023-03-22 07:34:10] PRINT [03/22 07:34:10 graph]: Epoch 59: get test acc score:  0.86575
[2023-03-22 07:34:10] PRINT [03/22 07:34:10 graph]: best_f1 0.87021 at epoch 58
[2023-03-22 07:34:10] PRINT [03/22 07:34:10 graph]: start epoch 60.
[2023-03-22 07:34:10] PRINT [03/22 07:34:10 graph]: # Epoch 60: train_loss: 0.5044 | lr: 0.000113
[2023-03-22 07:34:17] PRINT [03/22 07:34:17 graph]: --- Testf1: 0.86639, Best Valacc: 0.85527 in epoch 351 --- 
[2023-03-22 07:34:18] PRINT [03/22 07:34:18 graph]: Epoch 60: get test acc score:  0.86639
[2023-03-22 07:34:18] PRINT [03/22 07:34:18 graph]: best_f1 0.87021 at epoch 58
[2023-03-22 07:34:18] PRINT [03/22 07:34:18 graph]: start epoch 61.
[2023-03-22 07:34:18] PRINT [03/22 07:34:18 graph]: # Epoch 61: train_loss: 0.5033 | lr: 0.000113
[2023-03-22 07:34:25] PRINT [03/22 07:34:25 graph]: --- Testf1: 0.86893, Best Valacc: 0.85818 in epoch 442 --- 
[2023-03-22 07:34:25] PRINT [03/22 07:34:25 graph]: Epoch 61: get test acc score:  0.86893
[2023-03-22 07:34:25] PRINT [03/22 07:34:25 graph]: best_f1 0.87021 at epoch 58
[2023-03-22 07:34:25] PRINT [03/22 07:34:25 graph]: start epoch 62.
[2023-03-22 07:34:25] PRINT [03/22 07:34:25 graph]: # Epoch 62: train_loss: 0.5031 | lr: 0.000113
[2023-03-22 07:34:33] PRINT [03/22 07:34:33 graph]: --- Testf1: 0.86948, Best Valacc: 0.86182 in epoch 482 --- 
[2023-03-22 07:34:33] PRINT [03/22 07:34:33 graph]: Epoch 62: get test acc score:  0.86948
[2023-03-22 07:34:33] PRINT [03/22 07:34:33 graph]: best_f1 0.87021 at epoch 58
[2023-03-22 07:34:33] PRINT [03/22 07:34:33 graph]: start epoch 63.
[2023-03-22 07:34:33] PRINT [03/22 07:34:33 graph]: # Epoch 63: train_loss: 0.5013 | lr: 0.000113
[2023-03-22 07:34:40] PRINT [03/22 07:34:40 graph]: --- Testf1: 0.86930, Best Valacc: 0.86545 in epoch 463 --- 
[2023-03-22 07:34:41] PRINT [03/22 07:34:41 graph]: Epoch 63: get test acc score:  0.86930
[2023-03-22 07:34:41] PRINT [03/22 07:34:41 graph]: best_f1 0.87021 at epoch 58
[2023-03-22 07:34:41] PRINT [03/22 07:34:41 graph]: start epoch 64.
[2023-03-22 07:34:41] PRINT [03/22 07:34:41 graph]: # Epoch 64: train_loss: 0.4989 | lr: 0.000113
[2023-03-22 07:34:48] PRINT [03/22 07:34:48 graph]: --- Testf1: 0.87157, Best Valacc: 0.86327 in epoch 475 --- 
[2023-03-22 07:34:48] PRINT [03/22 07:34:48 graph]: Epoch 64: get test acc score:  0.87157
[2023-03-22 07:34:48] PRINT [03/22 07:34:48 graph]: best_f1 0.87157 at epoch 64
[2023-03-22 07:34:48] PRINT [03/22 07:34:48 graph]: start epoch 65.
[2023-03-22 07:34:48] PRINT [03/22 07:34:48 graph]: # Epoch 65: train_loss: 0.4981 | lr: 0.000113
[2023-03-22 07:34:55] PRINT [03/22 07:34:55 graph]: --- Testf1: 0.86875, Best Valacc: 0.85600 in epoch 480 --- 
[2023-03-22 07:34:56] PRINT [03/22 07:34:56 graph]: Epoch 65: get test acc score:  0.86875
[2023-03-22 07:34:56] PRINT [03/22 07:34:56 graph]: best_f1 0.87157 at epoch 64
[2023-03-22 07:34:56] PRINT [03/22 07:34:56 graph]: start epoch 66.
[2023-03-22 07:34:56] PRINT [03/22 07:34:56 graph]: # Epoch 66: train_loss: 0.4986 | lr: 0.000113
[2023-03-22 07:35:03] PRINT [03/22 07:35:03 graph]: --- Testf1: 0.86857, Best Valacc: 0.85818 in epoch 451 --- 
[2023-03-22 07:35:04] PRINT [03/22 07:35:04 graph]: Epoch 66: get test acc score:  0.86857
[2023-03-22 07:35:04] PRINT [03/22 07:35:04 graph]: best_f1 0.87157 at epoch 64
[2023-03-22 07:35:04] PRINT [03/22 07:35:04 graph]: start epoch 67.
[2023-03-22 07:35:04] PRINT [03/22 07:35:04 graph]: # Epoch 67: train_loss: 0.4941 | lr: 0.000113
[2023-03-22 07:35:11] PRINT [03/22 07:35:11 graph]: --- Testf1: 0.87357, Best Valacc: 0.86327 in epoch 495 --- 
[2023-03-22 07:35:11] PRINT [03/22 07:35:11 graph]: Epoch 67: get test acc score:  0.87357
[2023-03-22 07:35:11] PRINT [03/22 07:35:11 graph]: best_f1 0.87357 at epoch 67
[2023-03-22 07:35:11] PRINT [03/22 07:35:11 graph]: start epoch 68.
[2023-03-22 07:35:11] PRINT [03/22 07:35:11 graph]: # Epoch 68: train_loss: 0.4955 | lr: 0.000113
[2023-03-22 07:35:19] PRINT [03/22 07:35:19 graph]: --- Testf1: 0.86439, Best Valacc: 0.85382 in epoch 168 --- 
[2023-03-22 07:35:19] PRINT [03/22 07:35:19 graph]: Epoch 68: get test acc score:  0.86439
[2023-03-22 07:35:19] PRINT [03/22 07:35:19 graph]: best_f1 0.87357 at epoch 67
[2023-03-22 07:35:19] PRINT [03/22 07:35:19 graph]: start epoch 69.
[2023-03-22 07:35:19] PRINT [03/22 07:35:19 graph]: # Epoch 69: train_loss: 0.4918 | lr: 0.000113
[2023-03-22 07:35:26] PRINT [03/22 07:35:26 graph]: --- Testf1: 0.86902, Best Valacc: 0.85527 in epoch 443 --- 
[2023-03-22 07:35:26] PRINT [03/22 07:35:26 graph]: Epoch 69: get test acc score:  0.86902
[2023-03-22 07:35:26] PRINT [03/22 07:35:26 graph]: best_f1 0.87357 at epoch 67
[2023-03-22 07:35:26] PRINT [03/22 07:35:26 graph]: start epoch 70.
[2023-03-22 07:35:27] PRINT [03/22 07:35:27 graph]: # Epoch 70: train_loss: 0.4934 | lr: 0.000113
[2023-03-22 07:35:34] PRINT [03/22 07:35:34 graph]: --- Testf1: 0.87175, Best Valacc: 0.85891 in epoch 108 --- 
[2023-03-22 07:35:34] PRINT [03/22 07:35:34 graph]: Epoch 70: get test acc score:  0.87175
[2023-03-22 07:35:34] PRINT [03/22 07:35:34 graph]: best_f1 0.87357 at epoch 67
[2023-03-22 07:35:34] PRINT [03/22 07:35:34 graph]: start epoch 71.
[2023-03-22 07:35:34] PRINT [03/22 07:35:34 graph]: # Epoch 71: train_loss: 0.4882 | lr: 0.000113
[2023-03-22 07:35:42] PRINT [03/22 07:35:42 graph]: --- Testf1: 0.87348, Best Valacc: 0.85527 in epoch 492 --- 
[2023-03-22 07:35:42] PRINT [03/22 07:35:42 graph]: Epoch 71: get test acc score:  0.87348
[2023-03-22 07:35:42] PRINT [03/22 07:35:42 graph]: best_f1 0.87357 at epoch 67
[2023-03-22 07:35:42] PRINT [03/22 07:35:42 graph]: start epoch 72.
[2023-03-22 07:35:42] PRINT [03/22 07:35:42 graph]: # Epoch 72: train_loss: 0.4904 | lr: 0.000113
[2023-03-22 07:35:49] PRINT [03/22 07:35:49 graph]: --- Testf1: 0.86884, Best Valacc: 0.85745 in epoch 238 --- 
[2023-03-22 07:35:49] PRINT [03/22 07:35:49 graph]: Epoch 72: get test acc score:  0.86884
[2023-03-22 07:35:49] PRINT [03/22 07:35:49 graph]: best_f1 0.87357 at epoch 67
[2023-03-22 07:35:49] PRINT [03/22 07:35:49 graph]: start epoch 73.
[2023-03-22 07:35:49] PRINT [03/22 07:35:49 graph]: # Epoch 73: train_loss: 0.4862 | lr: 0.000113
[2023-03-22 07:35:57] PRINT [03/22 07:35:57 graph]: --- Testf1: 0.87102, Best Valacc: 0.85600 in epoch 418 --- 
[2023-03-22 07:35:57] PRINT [03/22 07:35:57 graph]: Epoch 73: get test acc score:  0.87102
[2023-03-22 07:35:57] PRINT [03/22 07:35:57 graph]: best_f1 0.87357 at epoch 67
[2023-03-22 07:35:57] PRINT [03/22 07:35:57 graph]: start epoch 74.
[2023-03-22 07:35:57] PRINT [03/22 07:35:57 graph]: # Epoch 74: train_loss: 0.4877 | lr: 0.000113
[2023-03-22 07:36:05] PRINT [03/22 07:36:05 graph]: --- Testf1: 0.87039, Best Valacc: 0.85891 in epoch 406 --- 
[2023-03-22 07:36:05] PRINT [03/22 07:36:05 graph]: Epoch 74: get test acc score:  0.87039
[2023-03-22 07:36:05] PRINT [03/22 07:36:05 graph]: best_f1 0.87357 at epoch 67
[2023-03-22 07:36:05] PRINT [03/22 07:36:05 graph]: start epoch 75.
[2023-03-22 07:36:05] PRINT [03/22 07:36:05 graph]: # Epoch 75: train_loss: 0.4839 | lr: 0.000113
[2023-03-22 07:36:12] PRINT [03/22 07:36:12 graph]: --- Testf1: 0.86657, Best Valacc: 0.85964 in epoch 273 --- 
[2023-03-22 07:36:13] PRINT [03/22 07:36:13 graph]: Epoch 75: get test acc score:  0.86657
[2023-03-22 07:36:13] PRINT [03/22 07:36:13 graph]: best_f1 0.87357 at epoch 67
[2023-03-22 07:36:13] PRINT [03/22 07:36:13 graph]: start epoch 76.
[2023-03-22 07:36:13] PRINT [03/22 07:36:13 graph]: # Epoch 76: train_loss: 0.4847 | lr: 0.000113
[2023-03-22 07:36:20] PRINT [03/22 07:36:20 graph]: --- Testf1: 0.87666, Best Valacc: 0.86255 in epoch 433 --- 
[2023-03-22 07:36:21] PRINT [03/22 07:36:21 graph]: Epoch 76: get test acc score:  0.87666
[2023-03-22 07:36:21] PRINT [03/22 07:36:21 graph]: best_f1 0.87666 at epoch 76
[2023-03-22 07:36:21] PRINT [03/22 07:36:21 graph]: start epoch 77.
[2023-03-22 07:36:21] PRINT [03/22 07:36:21 graph]: # Epoch 77: train_loss: 0.4836 | lr: 0.000113
[2023-03-22 07:36:28] PRINT [03/22 07:36:28 graph]: --- Testf1: 0.87357, Best Valacc: 0.86109 in epoch 473 --- 
[2023-03-22 07:36:28] PRINT [03/22 07:36:28 graph]: Epoch 77: get test acc score:  0.87357
[2023-03-22 07:36:28] PRINT [03/22 07:36:28 graph]: best_f1 0.87666 at epoch 76
[2023-03-22 07:36:28] PRINT [03/22 07:36:28 graph]: start epoch 78.
[2023-03-22 07:36:28] PRINT [03/22 07:36:28 graph]: # Epoch 78: train_loss: 0.4802 | lr: 0.000113
[2023-03-22 07:36:36] PRINT [03/22 07:36:36 graph]: --- Testf1: 0.87102, Best Valacc: 0.85964 in epoch 117 --- 
[2023-03-22 07:36:36] PRINT [03/22 07:36:36 graph]: Epoch 78: get test acc score:  0.87102
[2023-03-22 07:36:36] PRINT [03/22 07:36:36 graph]: best_f1 0.87666 at epoch 76
[2023-03-22 07:36:36] PRINT [03/22 07:36:36 graph]: start epoch 79.
[2023-03-22 07:36:36] PRINT [03/22 07:36:36 graph]: # Epoch 79: train_loss: 0.4852 | lr: 0.000113
[2023-03-22 07:36:44] PRINT [03/22 07:36:44 graph]: --- Testf1: 0.85703, Best Valacc: 0.86036 in epoch 245 --- 
[2023-03-22 07:36:44] PRINT [03/22 07:36:44 graph]: Epoch 79: get test acc score:  0.85703
[2023-03-22 07:36:44] PRINT [03/22 07:36:44 graph]: best_f1 0.87666 at epoch 76
[2023-03-22 07:36:44] PRINT [03/22 07:36:44 graph]: start epoch 80.
[2023-03-22 07:36:44] PRINT [03/22 07:36:44 graph]: # Epoch 80: train_loss: 0.4809 | lr: 0.000113
[2023-03-22 07:36:51] PRINT [03/22 07:36:51 graph]: --- Testf1: 0.86975, Best Valacc: 0.86473 in epoch 406 --- 
[2023-03-22 07:36:52] PRINT [03/22 07:36:52 graph]: Epoch 80: get test acc score:  0.86975
[2023-03-22 07:36:52] PRINT [03/22 07:36:52 graph]: best_f1 0.87666 at epoch 76
[2023-03-22 07:36:52] PRINT [03/22 07:36:52 graph]: start epoch 81.
[2023-03-22 07:36:52] PRINT [03/22 07:36:52 graph]: # Epoch 81: train_loss: 0.4800 | lr: 0.000113
[2023-03-22 07:36:59] PRINT [03/22 07:36:59 graph]: --- Testf1: 0.86512, Best Valacc: 0.85236 in epoch 106 --- 
[2023-03-22 07:36:59] PRINT [03/22 07:36:59 graph]: Epoch 81: get test acc score:  0.86512
[2023-03-22 07:36:59] PRINT [03/22 07:36:59 graph]: best_f1 0.87666 at epoch 76
[2023-03-22 07:36:59] PRINT [03/22 07:36:59 graph]: start epoch 82.
[2023-03-22 07:36:59] PRINT [03/22 07:36:59 graph]: # Epoch 82: train_loss: 0.4820 | lr: 0.000113
[2023-03-22 07:37:07] PRINT [03/22 07:37:07 graph]: --- Testf1: 0.87184, Best Valacc: 0.85745 in epoch 484 --- 
[2023-03-22 07:37:07] PRINT [03/22 07:37:07 graph]: Epoch 82: get test acc score:  0.87184
[2023-03-22 07:37:07] PRINT [03/22 07:37:07 graph]: best_f1 0.87666 at epoch 76
[2023-03-22 07:37:07] PRINT [03/22 07:37:07 graph]: start epoch 83.
[2023-03-22 07:37:07] PRINT [03/22 07:37:07 graph]: # Epoch 83: train_loss: 0.4769 | lr: 0.000113
[2023-03-22 07:37:15] PRINT [03/22 07:37:15 graph]: --- Testf1: 0.86139, Best Valacc: 0.85164 in epoch 374 --- 
[2023-03-22 07:37:15] PRINT [03/22 07:37:15 graph]: Epoch 83: get test acc score:  0.86139
[2023-03-22 07:37:15] PRINT [03/22 07:37:15 graph]: best_f1 0.87666 at epoch 76
[2023-03-22 07:37:15] PRINT [03/22 07:37:15 graph]: start epoch 84.
[2023-03-22 07:37:15] PRINT [03/22 07:37:15 graph]: # Epoch 84: train_loss: 0.4794 | lr: 0.000113
[2023-03-22 07:37:22] PRINT [03/22 07:37:22 graph]: --- Testf1: 0.86930, Best Valacc: 0.86036 in epoch 317 --- 
[2023-03-22 07:37:22] PRINT [03/22 07:37:22 graph]: Epoch 84: get test acc score:  0.86930
[2023-03-22 07:37:22] PRINT [03/22 07:37:22 graph]: best_f1 0.87666 at epoch 76
[2023-03-22 07:37:22] PRINT [03/22 07:37:22 graph]: start epoch 85.
[2023-03-22 07:37:22] PRINT [03/22 07:37:22 graph]: # Epoch 85: train_loss: 0.4755 | lr: 0.000113
[2023-03-22 07:37:28] PRINT [03/22 07:37:28 graph]: --- Testf1: 0.87102, Best Valacc: 0.85309 in epoch 385 --- 
[2023-03-22 07:37:28] PRINT [03/22 07:37:28 graph]: Epoch 85: get test acc score:  0.87102
[2023-03-22 07:37:28] PRINT [03/22 07:37:28 graph]: best_f1 0.87666 at epoch 76
[2023-03-22 07:37:28] PRINT [03/22 07:37:28 graph]: start epoch 86.
[2023-03-22 07:37:29] PRINT [03/22 07:37:29 graph]: # Epoch 86: train_loss: 0.4750 | lr: 0.000113
[2023-03-22 07:37:34] PRINT [03/22 07:37:34 graph]: --- Testf1: 0.87193, Best Valacc: 0.85745 in epoch 473 --- 
[2023-03-22 07:37:35] PRINT [03/22 07:37:35 graph]: Epoch 86: get test acc score:  0.87193
[2023-03-22 07:37:35] PRINT [03/22 07:37:35 graph]: best_f1 0.87666 at epoch 76
[2023-03-22 07:37:35] PRINT [03/22 07:37:35 graph]: start epoch 87.
[2023-03-22 07:37:35] PRINT [03/22 07:37:35 graph]: # Epoch 87: train_loss: 0.4764 | lr: 0.000113
[2023-03-22 07:37:40] PRINT [03/22 07:37:40 graph]: --- Testf1: 0.86984, Best Valacc: 0.85309 in epoch 329 --- 
[2023-03-22 07:37:41] PRINT [03/22 07:37:41 graph]: Epoch 87: get test acc score:  0.86984
[2023-03-22 07:37:41] PRINT [03/22 07:37:41 graph]: best_f1 0.87666 at epoch 76
[2023-03-22 07:37:41] PRINT [03/22 07:37:41 graph]: start epoch 88.
[2023-03-22 07:37:41] PRINT [03/22 07:37:41 graph]: # Epoch 88: train_loss: 0.4731 | lr: 0.000113
[2023-03-22 07:37:50] PRINT [03/22 07:37:50 graph]: --- Testf1: 0.87048, Best Valacc: 0.85818 in epoch 104 --- 
[2023-03-22 07:37:50] PRINT [03/22 07:37:50 graph]: Epoch 88: get test acc score:  0.87048
[2023-03-22 07:37:50] PRINT [03/22 07:37:50 graph]: best_f1 0.87666 at epoch 76
[2023-03-22 07:37:50] PRINT [03/22 07:37:50 graph]: start epoch 89.
[2023-03-22 07:37:51] PRINT [03/22 07:37:51 graph]: # Epoch 89: train_loss: 0.4728 | lr: 0.000113
[2023-03-22 07:37:58] PRINT [03/22 07:37:58 graph]: --- Testf1: 0.86966, Best Valacc: 0.85600 in epoch 216 --- 
[2023-03-22 07:37:58] PRINT [03/22 07:37:58 graph]: Epoch 89: get test acc score:  0.86966
[2023-03-22 07:37:58] PRINT [03/22 07:37:58 graph]: best_f1 0.87666 at epoch 76
[2023-03-22 07:37:58] PRINT [03/22 07:37:58 graph]: start epoch 90.
[2023-03-22 07:37:58] PRINT [03/22 07:37:58 graph]: # Epoch 90: train_loss: 0.4726 | lr: 0.000113
[2023-03-22 07:38:05] PRINT [03/22 07:38:05 graph]: --- Testf1: 0.87021, Best Valacc: 0.86255 in epoch 372 --- 
[2023-03-22 07:38:06] PRINT [03/22 07:38:06 graph]: Epoch 90: get test acc score:  0.87021
[2023-03-22 07:38:06] PRINT [03/22 07:38:06 graph]: best_f1 0.87666 at epoch 76
[2023-03-22 07:38:06] PRINT [03/22 07:38:06 graph]: start epoch 91.
[2023-03-22 07:38:06] PRINT [03/22 07:38:06 graph]: # Epoch 91: train_loss: 0.4699 | lr: 0.000113
[2023-03-22 07:38:13] PRINT [03/22 07:38:13 graph]: --- Testf1: 0.87611, Best Valacc: 0.85745 in epoch 80 --- 
[2023-03-22 07:38:13] PRINT [03/22 07:38:13 graph]: Epoch 91: get test acc score:  0.87611
[2023-03-22 07:38:13] PRINT [03/22 07:38:13 graph]: best_f1 0.87666 at epoch 76
[2023-03-22 07:38:13] PRINT [03/22 07:38:13 graph]: start epoch 92.
[2023-03-22 07:38:13] PRINT [03/22 07:38:13 graph]: # Epoch 92: train_loss: 0.4730 | lr: 0.000113
[2023-03-22 07:38:21] PRINT [03/22 07:38:21 graph]: --- Testf1: 0.86848, Best Valacc: 0.85673 in epoch 320 --- 
[2023-03-22 07:38:21] PRINT [03/22 07:38:21 graph]: Epoch 92: get test acc score:  0.86848
[2023-03-22 07:38:21] PRINT [03/22 07:38:21 graph]: best_f1 0.87666 at epoch 76
[2023-03-22 07:38:21] PRINT [03/22 07:38:21 graph]: start epoch 93.
[2023-03-22 07:38:21] PRINT [03/22 07:38:21 graph]: # Epoch 93: train_loss: 0.4698 | lr: 0.000113
[2023-03-22 07:38:28] PRINT [03/22 07:38:28 graph]: --- Testf1: 0.87829, Best Valacc: 0.86327 in epoch 359 --- 
[2023-03-22 07:38:28] PRINT [03/22 07:38:28 graph]: Epoch 93: get test acc score:  0.87829
[2023-03-22 07:38:28] PRINT [03/22 07:38:28 graph]: best_f1 0.87829 at epoch 93
[2023-03-22 07:38:28] PRINT [03/22 07:38:28 graph]: start epoch 94.
[2023-03-22 07:38:29] PRINT [03/22 07:38:29 graph]: # Epoch 94: train_loss: 0.4691 | lr: 0.000113
[2023-03-22 07:38:36] PRINT [03/22 07:38:36 graph]: --- Testf1: 0.86966, Best Valacc: 0.85527 in epoch 244 --- 
[2023-03-22 07:38:36] PRINT [03/22 07:38:36 graph]: Epoch 94: get test acc score:  0.86966
[2023-03-22 07:38:36] PRINT [03/22 07:38:36 graph]: best_f1 0.87829 at epoch 93
[2023-03-22 07:38:36] PRINT [03/22 07:38:36 graph]: start epoch 95.
[2023-03-22 07:38:36] PRINT [03/22 07:38:36 graph]: # Epoch 95: train_loss: 0.4703 | lr: 0.000113
[2023-03-22 07:38:43] PRINT [03/22 07:38:43 graph]: --- Testf1: 0.87448, Best Valacc: 0.86400 in epoch 456 --- 
[2023-03-22 07:38:43] PRINT [03/22 07:38:43 graph]: Epoch 95: get test acc score:  0.87448
[2023-03-22 07:38:43] PRINT [03/22 07:38:43 graph]: best_f1 0.87829 at epoch 93
[2023-03-22 07:38:43] PRINT [03/22 07:38:43 graph]: start epoch 96.
[2023-03-22 07:38:44] PRINT [03/22 07:38:44 graph]: # Epoch 96: train_loss: 0.4678 | lr: 0.000113
[2023-03-22 07:38:50] PRINT [03/22 07:38:50 graph]: --- Testf1: 0.87530, Best Valacc: 0.85964 in epoch 404 --- 
[2023-03-22 07:38:51] PRINT [03/22 07:38:51 graph]: Epoch 96: get test acc score:  0.87530
[2023-03-22 07:38:51] PRINT [03/22 07:38:51 graph]: best_f1 0.87829 at epoch 93
[2023-03-22 07:38:51] PRINT [03/22 07:38:51 graph]: start epoch 97.
[2023-03-22 07:38:51] PRINT [03/22 07:38:51 graph]: # Epoch 97: train_loss: 0.4682 | lr: 0.000113
[2023-03-22 07:38:56] PRINT [03/22 07:38:56 graph]: --- Testf1: 0.86875, Best Valacc: 0.85964 in epoch 113 --- 
[2023-03-22 07:38:57] PRINT [03/22 07:38:57 graph]: Epoch 97: get test acc score:  0.86875
[2023-03-22 07:38:57] PRINT [03/22 07:38:57 graph]: best_f1 0.87829 at epoch 93
[2023-03-22 07:38:57] PRINT [03/22 07:38:57 graph]: start epoch 98.
[2023-03-22 07:38:57] PRINT [03/22 07:38:57 graph]: # Epoch 98: train_loss: 0.4690 | lr: 0.000113
[2023-03-22 07:39:02] PRINT [03/22 07:39:02 graph]: --- Testf1: 0.87011, Best Valacc: 0.85455 in epoch 457 --- 
[2023-03-22 07:39:03] PRINT [03/22 07:39:03 graph]: Epoch 98: get test acc score:  0.87011
[2023-03-22 07:39:03] PRINT [03/22 07:39:03 graph]: best_f1 0.87829 at epoch 93
[2023-03-22 07:39:03] PRINT [03/22 07:39:03 graph]: start epoch 99.
[2023-03-22 07:39:03] PRINT [03/22 07:39:03 graph]: # Epoch 99: train_loss: 0.4675 | lr: 0.000113
[2023-03-22 07:39:08] PRINT [03/22 07:39:08 graph]: --- Testf1: 0.86875, Best Valacc: 0.85600 in epoch 92 --- 
[2023-03-22 07:39:09] PRINT [03/22 07:39:09 graph]: Epoch 99: get test acc score:  0.86875
[2023-03-22 07:39:09] PRINT [03/22 07:39:09 graph]: best_f1 0.87829 at epoch 93
[2023-03-22 07:39:09] PRINT [03/22 07:39:09 graph]: # final_acc: 0.87829±0.00000
