[2023-03-06 07:12:05] PRINT ---new cfg------
[2023-03-06 07:12:05] PRINT {'DATA': {'data_name': 'MUTAG', 'deg4feat': True}, 'DATALOADER': {'NUM_WORKERS': 0, 'BATCH_SIZE': 32}, 'MODEL': {'num_hidden': 512, 'num_layers': 2, 'nhead': 4, 'activation': 'prelu', 'attn_drop': 0.1, 'feat_drop': 0.2, 'norm': 'layernorm', 'pooler': 'mean', 'beta_schedule': 'sigmoid', 'beta_1': 0.00034705345980177044, 'beta_T': 0.01427455783413303, 'T': 786}, 'SOLVER': {'optim_type': 'adamw', 'optim_type_f': 'adamw', 'alpha': 1, 'decay': 40, 'LR': 0.0003303072805183671, 'weight_decay': 0.0005, 'MAX_EPOCH': 50}, 'DEVICE': 'cuda', 'seeds': [11], 'eval_T': [50, 100, 200], 'output_dir': '/ddm-nni/MUTAG/log', 'checkpoint_dir': '/ddm-nni/MUTAG/log/checkpoint'}
[2023-03-06 07:12:05] PRINT [03/06 07:12:05 graph]: Rank of current process: 0. World size: 1
[2023-03-06 07:12:08] PRINT [03/06 07:12:08 graph]: Environment info:
[2023-03-06 07:12:08] PRINT PyTorch version: 1.10.0+cu113
[2023-03-06 07:12:08] PRINT Is debug build: False
[2023-03-06 07:12:08] PRINT CUDA used to build PyTorch: 11.3
[2023-03-06 07:12:08] PRINT ROCM used to build PyTorch: N/A
[2023-03-06 07:12:08] PRINT 
[2023-03-06 07:12:08] PRINT OS: Ubuntu 20.04.3 LTS (x86_64)
[2023-03-06 07:12:08] PRINT GCC version: (Ubuntu 9.3.0-17ubuntu1~20.04) 9.3.0
[2023-03-06 07:12:08] PRINT Clang version: Could not collect
[2023-03-06 07:12:08] PRINT CMake version: version 3.16.3
[2023-03-06 07:12:08] PRINT Libc version: glibc-2.31
[2023-03-06 07:12:08] PRINT 
[2023-03-06 07:12:08] PRINT Python version: 3.8.10 (default, Jun  4 2021, 15:09:15)  [GCC 7.5.0] (64-bit runtime)
[2023-03-06 07:12:08] PRINT Python platform: Linux-5.4.0-90-generic-x86_64-with-glibc2.17
[2023-03-06 07:12:08] PRINT Is CUDA available: True
[2023-03-06 07:12:08] PRINT CUDA runtime version: 11.3.109
[2023-03-06 07:12:08] PRINT GPU models and configuration: GPU 0: NVIDIA GeForce RTX 3090
[2023-03-06 07:12:08] PRINT Nvidia driver version: 495.44
[2023-03-06 07:12:08] PRINT cuDNN version: Probably one of the following:
[2023-03-06 07:12:08] PRINT /usr/lib/x86_64-linux-gnu/libcudnn.so.8.2.0
[2023-03-06 07:12:08] PRINT /usr/lib/x86_64-linux-gnu/libcudnn_adv_infer.so.8.2.0
[2023-03-06 07:12:08] PRINT /usr/lib/x86_64-linux-gnu/libcudnn_adv_train.so.8.2.0
[2023-03-06 07:12:08] PRINT /usr/lib/x86_64-linux-gnu/libcudnn_cnn_infer.so.8.2.0
[2023-03-06 07:12:08] PRINT /usr/lib/x86_64-linux-gnu/libcudnn_cnn_train.so.8.2.0
[2023-03-06 07:12:08] PRINT /usr/lib/x86_64-linux-gnu/libcudnn_ops_infer.so.8.2.0
[2023-03-06 07:12:08] PRINT /usr/lib/x86_64-linux-gnu/libcudnn_ops_train.so.8.2.0
[2023-03-06 07:12:08] PRINT HIP runtime version: N/A
[2023-03-06 07:12:08] PRINT MIOpen runtime version: N/A
[2023-03-06 07:12:08] PRINT 
[2023-03-06 07:12:08] PRINT Versions of relevant libraries:
[2023-03-06 07:12:08] PRINT [pip3] numpy==1.23.5
[2023-03-06 07:12:08] PRINT [pip3] torch==1.10.0+cu113
[2023-03-06 07:12:08] PRINT [pip3] torchvision==0.11.1+cu113
[2023-03-06 07:12:08] PRINT [conda] blas                      1.0                         mkl    https://mirrors.ustc.edu.cn/anaconda/pkgs/main
[2023-03-06 07:12:08] PRINT [conda] mkl                       2021.4.0           h06a4308_640    https://mirrors.ustc.edu.cn/anaconda/pkgs/main
[2023-03-06 07:12:08] PRINT [conda] mkl-service               2.4.0            py38h7f8727e_0    https://mirrors.ustc.edu.cn/anaconda/pkgs/main
[2023-03-06 07:12:08] PRINT [conda] mkl_fft                   1.3.1            py38hd3c417c_0    https://mirrors.ustc.edu.cn/anaconda/pkgs/main
[2023-03-06 07:12:08] PRINT [conda] mkl_random                1.2.2            py38h51133e4_0    https://mirrors.ustc.edu.cn/anaconda/pkgs/main
[2023-03-06 07:12:08] PRINT [conda] numpy                     1.21.4                   pypi_0    pypi
[2023-03-06 07:12:08] PRINT [conda] numpy-base                1.23.5           py38h31eccc5_0    https://mirrors.ustc.edu.cn/anaconda/pkgs/main
[2023-03-06 07:12:08] PRINT [conda] torch                     1.10.0+cu113             pypi_0    pypi
[2023-03-06 07:12:08] PRINT [conda] torchvision               0.11.1+cu113             pypi_0    pypi
[2023-03-06 07:12:08] PRINT         Pillow (8.4.0)
[2023-03-06 07:12:08] PRINT [03/06 07:12:08 graph]: Command line arguments: Namespace(local_rank=0, resume=False, seed=1234, start_epoch=0)
[2023-03-06 07:12:08] PRINT Using degree as node features
[2023-03-06 07:12:09] PRINT ******** # Num Graphs: 188, # Num Feat: 5, # Num Classes: 2 ********
[2023-03-06 07:12:09] PRINT [03/06 07:12:09 graph]: Run 0th for seed 11
[2023-03-06 07:12:09] PRINT [03/06 07:12:09 graph]: Total trainable params num : 5143663
[2023-03-06 07:12:13] PRINT [03/06 07:12:13 graph]: ----------Start Training----------
[2023-03-06 07:12:14] PRINT [03/06 07:12:14 graph]: Epoch 0 | train_loss: 0.7690 | lr: 0.000330
[2023-03-06 07:12:14] PRINT [03/06 07:12:14 graph]: Epoch 1 | train_loss: 0.5012 | lr: 0.000330
[2023-03-06 07:12:14] PRINT [03/06 07:12:14 graph]: Epoch 2 | train_loss: 0.3858 | lr: 0.000330
[2023-03-06 07:12:17] PRINT [03/06 07:12:17 graph]: #Test_f1: 0.8357±0.0429
[2023-03-06 07:12:17] PRINT [03/06 07:12:17 graph]: Epoch 2: get test f1 score:  0.836
[2023-03-06 07:12:17] PRINT [03/06 07:12:17 graph]: best_f1 0.836 at epoch 2
[2023-03-06 07:12:18] PRINT [03/06 07:12:18 graph]: Epoch 3 | train_loss: 0.3501 | lr: 0.000330
[2023-03-06 07:12:21] PRINT [03/06 07:12:21 graph]: #Test_f1: 0.8301±0.0450
[2023-03-06 07:12:21] PRINT [03/06 07:12:21 graph]: Epoch 3: get test f1 score:  0.830
[2023-03-06 07:12:21] PRINT [03/06 07:12:21 graph]: best_f1 0.836 at epoch 2
[2023-03-06 07:12:21] PRINT [03/06 07:12:21 graph]: Epoch 4 | train_loss: 0.3459 | lr: 0.000330
[2023-03-06 07:12:24] PRINT [03/06 07:12:24 graph]: #Test_f1: 0.8140±0.0587
[2023-03-06 07:12:24] PRINT [03/06 07:12:24 graph]: Epoch 4: get test f1 score:  0.814
[2023-03-06 07:12:24] PRINT [03/06 07:12:24 graph]: best_f1 0.836 at epoch 2
[2023-03-06 07:12:25] PRINT [03/06 07:12:25 graph]: Epoch 5 | train_loss: 0.3253 | lr: 0.000330
[2023-03-06 07:12:27] PRINT [03/06 07:12:27 graph]: #Test_f1: 0.8091±0.0620
[2023-03-06 07:12:28] PRINT [03/06 07:12:28 graph]: Epoch 5: get test f1 score:  0.809
[2023-03-06 07:12:28] PRINT [03/06 07:12:28 graph]: best_f1 0.836 at epoch 2
[2023-03-06 07:12:28] PRINT [03/06 07:12:28 graph]: Epoch 6 | train_loss: 0.3167 | lr: 0.000330
[2023-03-06 07:12:31] PRINT [03/06 07:12:31 graph]: #Test_f1: 0.8140±0.0532
[2023-03-06 07:12:31] PRINT [03/06 07:12:31 graph]: Epoch 6: get test f1 score:  0.814
[2023-03-06 07:12:31] PRINT [03/06 07:12:31 graph]: best_f1 0.836 at epoch 2
[2023-03-06 07:12:31] PRINT [03/06 07:12:31 graph]: Epoch 7 | train_loss: 0.2928 | lr: 0.000330
[2023-03-06 07:12:34] PRINT [03/06 07:12:34 graph]: #Test_f1: 0.8243±0.0482
[2023-03-06 07:12:35] PRINT [03/06 07:12:35 graph]: Epoch 7: get test f1 score:  0.824
[2023-03-06 07:12:35] PRINT [03/06 07:12:35 graph]: best_f1 0.836 at epoch 2
[2023-03-06 07:12:35] PRINT [03/06 07:12:35 graph]: Epoch 8 | train_loss: 0.2807 | lr: 0.000330
[2023-03-06 07:12:38] PRINT [03/06 07:12:38 graph]: #Test_f1: 0.8193±0.0627
[2023-03-06 07:12:38] PRINT [03/06 07:12:38 graph]: Epoch 8: get test f1 score:  0.819
[2023-03-06 07:12:38] PRINT [03/06 07:12:38 graph]: best_f1 0.836 at epoch 2
[2023-03-06 07:12:38] PRINT [03/06 07:12:38 graph]: Epoch 9 | train_loss: 0.2982 | lr: 0.000330
[2023-03-06 07:12:41] PRINT [03/06 07:12:41 graph]: #Test_f1: 0.8406±0.0521
[2023-03-06 07:12:42] PRINT [03/06 07:12:42 graph]: Epoch 9: get test f1 score:  0.841
[2023-03-06 07:12:42] PRINT [03/06 07:12:42 graph]: best_f1 0.841 at epoch 9
[2023-03-06 07:12:42] PRINT [03/06 07:12:42 graph]: Epoch 10 | train_loss: 0.2710 | lr: 0.000330
[2023-03-06 07:12:45] PRINT [03/06 07:12:45 graph]: #Test_f1: 0.8292±0.0631
[2023-03-06 07:12:45] PRINT [03/06 07:12:45 graph]: Epoch 10: get test f1 score:  0.829
[2023-03-06 07:12:45] PRINT [03/06 07:12:45 graph]: best_f1 0.841 at epoch 9
[2023-03-06 07:12:46] PRINT [03/06 07:12:46 graph]: Epoch 11 | train_loss: 0.2511 | lr: 0.000330
[2023-03-06 07:12:48] PRINT [03/06 07:12:48 graph]: #Test_f1: 0.8354±0.0543
[2023-03-06 07:12:49] PRINT [03/06 07:12:49 graph]: Epoch 11: get test f1 score:  0.835
[2023-03-06 07:12:49] PRINT [03/06 07:12:49 graph]: best_f1 0.841 at epoch 9
[2023-03-06 07:12:49] PRINT [03/06 07:12:49 graph]: Epoch 12 | train_loss: 0.2305 | lr: 0.000330
[2023-03-06 07:12:52] PRINT [03/06 07:12:52 graph]: #Test_f1: 0.8292±0.0678
[2023-03-06 07:12:52] PRINT [03/06 07:12:52 graph]: Epoch 12: get test f1 score:  0.829
[2023-03-06 07:12:52] PRINT [03/06 07:12:52 graph]: best_f1 0.841 at epoch 9
[2023-03-06 07:12:52] PRINT [03/06 07:12:52 graph]: Epoch 13 | train_loss: 0.2302 | lr: 0.000330
[2023-03-06 07:12:55] PRINT [03/06 07:12:55 graph]: #Test_f1: 0.8456±0.0645
[2023-03-06 07:12:55] PRINT [03/06 07:12:55 graph]: Epoch 13: get test f1 score:  0.846
[2023-03-06 07:12:55] PRINT [03/06 07:12:55 graph]: best_f1 0.846 at epoch 13
[2023-03-06 07:12:56] PRINT [03/06 07:12:56 graph]: Epoch 14 | train_loss: 0.2074 | lr: 0.000330
[2023-03-06 07:12:59] PRINT [03/06 07:12:59 graph]: #Test_f1: 0.8564±0.0578
[2023-03-06 07:12:59] PRINT [03/06 07:12:59 graph]: Epoch 14: get test f1 score:  0.856
[2023-03-06 07:12:59] PRINT [03/06 07:12:59 graph]: best_f1 0.856 at epoch 14
[2023-03-06 07:12:59] PRINT [03/06 07:12:59 graph]: Epoch 15 | train_loss: 0.2041 | lr: 0.000330
[2023-03-06 07:13:02] PRINT [03/06 07:13:02 graph]: #Test_f1: 0.8836±0.0613
[2023-03-06 07:13:03] PRINT [03/06 07:13:03 graph]: Epoch 15: get test f1 score:  0.884
[2023-03-06 07:13:03] PRINT [03/06 07:13:03 graph]: best_f1 0.884 at epoch 15
[2023-03-06 07:13:03] PRINT [03/06 07:13:03 graph]: Epoch 16 | train_loss: 0.1982 | lr: 0.000330
[2023-03-06 07:13:06] PRINT [03/06 07:13:06 graph]: #Test_f1: 0.8617±0.0483
[2023-03-06 07:13:06] PRINT [03/06 07:13:06 graph]: Epoch 16: get test f1 score:  0.862
[2023-03-06 07:13:06] PRINT [03/06 07:13:06 graph]: best_f1 0.884 at epoch 15
[2023-03-06 07:13:06] PRINT [03/06 07:13:06 graph]: Epoch 17 | train_loss: 0.1874 | lr: 0.000330
[2023-03-06 07:13:09] PRINT [03/06 07:13:09 graph]: #Test_f1: 0.8617±0.0538
[2023-03-06 07:13:09] PRINT [03/06 07:13:09 graph]: Epoch 17: get test f1 score:  0.862
[2023-03-06 07:13:09] PRINT [03/06 07:13:09 graph]: best_f1 0.884 at epoch 15
[2023-03-06 07:13:10] PRINT [03/06 07:13:10 graph]: Epoch 18 | train_loss: 0.1769 | lr: 0.000330
[2023-03-06 07:13:12] PRINT [03/06 07:13:12 graph]: #Test_f1: 0.8667±0.0549
[2023-03-06 07:13:13] PRINT [03/06 07:13:13 graph]: Epoch 18: get test f1 score:  0.867
[2023-03-06 07:13:13] PRINT [03/06 07:13:13 graph]: best_f1 0.884 at epoch 15
[2023-03-06 07:13:13] PRINT [03/06 07:13:13 graph]: Epoch 19 | train_loss: 0.1725 | lr: 0.000330
[2023-03-06 07:13:16] PRINT [03/06 07:13:16 graph]: #Test_f1: 0.8456±0.0600
[2023-03-06 07:13:16] PRINT [03/06 07:13:16 graph]: Epoch 19: get test f1 score:  0.846
[2023-03-06 07:13:16] PRINT [03/06 07:13:16 graph]: best_f1 0.884 at epoch 15
[2023-03-06 07:13:16] PRINT [03/06 07:13:16 graph]: Epoch 20 | train_loss: 0.1554 | lr: 0.000330
[2023-03-06 07:13:19] PRINT [03/06 07:13:19 graph]: #Test_f1: 0.8558±0.0596
[2023-03-06 07:13:20] PRINT [03/06 07:13:20 graph]: Epoch 20: get test f1 score:  0.856
[2023-03-06 07:13:20] PRINT [03/06 07:13:20 graph]: best_f1 0.884 at epoch 15
[2023-03-06 07:13:20] PRINT [03/06 07:13:20 graph]: Epoch 21 | train_loss: 0.1510 | lr: 0.000330
[2023-03-06 07:13:23] PRINT [03/06 07:13:23 graph]: #Test_f1: 0.8611±0.0557
[2023-03-06 07:13:23] PRINT [03/06 07:13:23 graph]: Epoch 21: get test f1 score:  0.861
[2023-03-06 07:13:23] PRINT [03/06 07:13:23 graph]: best_f1 0.884 at epoch 15
[2023-03-06 07:13:23] PRINT [03/06 07:13:23 graph]: Epoch 22 | train_loss: 0.1535 | lr: 0.000330
[2023-03-06 07:13:26] PRINT [03/06 07:13:26 graph]: #Test_f1: 0.8667±0.0549
[2023-03-06 07:13:26] PRINT [03/06 07:13:26 graph]: Epoch 22: get test f1 score:  0.867
[2023-03-06 07:13:26] PRINT [03/06 07:13:26 graph]: best_f1 0.884 at epoch 15
[2023-03-06 07:13:27] PRINT [03/06 07:13:27 graph]: Epoch 23 | train_loss: 0.1469 | lr: 0.000330
[2023-03-06 07:13:29] PRINT [03/06 07:13:29 graph]: #Test_f1: 0.8664±0.0562
[2023-03-06 07:13:30] PRINT [03/06 07:13:30 graph]: Epoch 23: get test f1 score:  0.866
[2023-03-06 07:13:30] PRINT [03/06 07:13:30 graph]: best_f1 0.884 at epoch 15
[2023-03-06 07:13:30] PRINT [03/06 07:13:30 graph]: Epoch 24 | train_loss: 0.1431 | lr: 0.000330
[2023-03-06 07:13:33] PRINT [03/06 07:13:33 graph]: #Test_f1: 0.8772±0.0542
[2023-03-06 07:13:33] PRINT [03/06 07:13:33 graph]: Epoch 24: get test f1 score:  0.877
[2023-03-06 07:13:33] PRINT [03/06 07:13:33 graph]: best_f1 0.884 at epoch 15
[2023-03-06 07:13:34] PRINT [03/06 07:13:34 graph]: Epoch 25 | train_loss: 0.1399 | lr: 0.000330
[2023-03-06 07:13:37] PRINT [03/06 07:13:37 graph]: #Test_f1: 0.8825±0.0476
[2023-03-06 07:13:37] PRINT [03/06 07:13:37 graph]: Epoch 25: get test f1 score:  0.882
[2023-03-06 07:13:37] PRINT [03/06 07:13:37 graph]: best_f1 0.884 at epoch 15
[2023-03-06 07:13:37] PRINT [03/06 07:13:37 graph]: Epoch 26 | train_loss: 0.1414 | lr: 0.000330
[2023-03-06 07:13:40] PRINT [03/06 07:13:40 graph]: #Test_f1: 0.8877±0.0514
[2023-03-06 07:13:40] PRINT [03/06 07:13:40 graph]: Epoch 26: get test f1 score:  0.888
[2023-03-06 07:13:40] PRINT [03/06 07:13:40 graph]: best_f1 0.888 at epoch 26
[2023-03-06 07:13:41] PRINT [03/06 07:13:41 graph]: Epoch 27 | train_loss: 0.1374 | lr: 0.000330
[2023-03-06 07:13:44] PRINT [03/06 07:13:44 graph]: #Test_f1: 0.8930±0.0491
[2023-03-06 07:13:44] PRINT [03/06 07:13:44 graph]: Epoch 27: get test f1 score:  0.893
[2023-03-06 07:13:44] PRINT [03/06 07:13:44 graph]: best_f1 0.893 at epoch 27
[2023-03-06 07:13:44] PRINT [03/06 07:13:44 graph]: Epoch 28 | train_loss: 0.1332 | lr: 0.000330
[2023-03-06 07:13:47] PRINT [03/06 07:13:47 graph]: #Test_f1: 0.8877±0.0514
[2023-03-06 07:13:48] PRINT [03/06 07:13:48 graph]: Epoch 28: get test f1 score:  0.888
[2023-03-06 07:13:48] PRINT [03/06 07:13:48 graph]: best_f1 0.893 at epoch 27
[2023-03-06 07:13:48] PRINT [03/06 07:13:48 graph]: Epoch 29 | train_loss: 0.1424 | lr: 0.000330
[2023-03-06 07:13:51] PRINT [03/06 07:13:51 graph]: #Test_f1: 0.8825±0.0531
[2023-03-06 07:13:51] PRINT [03/06 07:13:51 graph]: Epoch 29: get test f1 score:  0.882
[2023-03-06 07:13:51] PRINT [03/06 07:13:51 graph]: best_f1 0.893 at epoch 27
[2023-03-06 07:13:51] PRINT [03/06 07:13:51 graph]: Epoch 30 | train_loss: 0.1347 | lr: 0.000330
[2023-03-06 07:13:54] PRINT [03/06 07:13:54 graph]: #Test_f1: 0.8667±0.0368
[2023-03-06 07:13:55] PRINT [03/06 07:13:55 graph]: Epoch 30: get test f1 score:  0.867
[2023-03-06 07:13:55] PRINT [03/06 07:13:55 graph]: best_f1 0.893 at epoch 27
[2023-03-06 07:13:55] PRINT [03/06 07:13:55 graph]: Epoch 31 | train_loss: 0.1379 | lr: 0.000330
[2023-03-06 07:13:58] PRINT [03/06 07:13:58 graph]: #Test_f1: 0.8883±0.0444
[2023-03-06 07:13:58] PRINT [03/06 07:13:58 graph]: Epoch 31: get test f1 score:  0.888
[2023-03-06 07:13:58] PRINT [03/06 07:13:58 graph]: best_f1 0.893 at epoch 27
[2023-03-06 07:13:58] PRINT [03/06 07:13:58 graph]: Epoch 32 | train_loss: 0.1295 | lr: 0.000330
[2023-03-06 07:14:01] PRINT [03/06 07:14:01 graph]: #Test_f1: 0.8825±0.0476
[2023-03-06 07:14:01] PRINT [03/06 07:14:01 graph]: Epoch 32: get test f1 score:  0.882
[2023-03-06 07:14:01] PRINT [03/06 07:14:01 graph]: best_f1 0.893 at epoch 27
[2023-03-06 07:14:02] PRINT [03/06 07:14:02 graph]: Epoch 33 | train_loss: 0.1277 | lr: 0.000330
[2023-03-06 07:14:04] PRINT [03/06 07:14:04 graph]: #Test_f1: 0.8883±0.0376
[2023-03-06 07:14:04] PRINT [03/06 07:14:04 graph]: Epoch 33: get test f1 score:  0.888
[2023-03-06 07:14:04] PRINT [03/06 07:14:04 graph]: best_f1 0.893 at epoch 27
[2023-03-06 07:14:05] PRINT [03/06 07:14:05 graph]: Epoch 34 | train_loss: 0.1327 | lr: 0.000330
[2023-03-06 07:14:08] PRINT [03/06 07:14:08 graph]: #Test_f1: 0.8722±0.0355
[2023-03-06 07:14:08] PRINT [03/06 07:14:08 graph]: Epoch 34: get test f1 score:  0.872
[2023-03-06 07:14:08] PRINT [03/06 07:14:08 graph]: best_f1 0.893 at epoch 27
[2023-03-06 07:14:08] PRINT [03/06 07:14:08 graph]: Epoch 35 | train_loss: 0.1373 | lr: 0.000330
[2023-03-06 07:14:11] PRINT [03/06 07:14:11 graph]: #Test_f1: 0.8719±0.0435
[2023-03-06 07:14:11] PRINT [03/06 07:14:11 graph]: Epoch 35: get test f1 score:  0.872
[2023-03-06 07:14:11] PRINT [03/06 07:14:11 graph]: best_f1 0.893 at epoch 27
[2023-03-06 07:14:11] PRINT [03/06 07:14:11 graph]: Epoch 36 | train_loss: 0.1300 | lr: 0.000330
[2023-03-06 07:14:14] PRINT [03/06 07:14:14 graph]: #Test_f1: 0.8772±0.0428
[2023-03-06 07:14:14] PRINT [03/06 07:14:14 graph]: Epoch 36: get test f1 score:  0.877
[2023-03-06 07:14:14] PRINT [03/06 07:14:14 graph]: best_f1 0.893 at epoch 27
[2023-03-06 07:14:15] PRINT [03/06 07:14:15 graph]: Epoch 37 | train_loss: 0.1330 | lr: 0.000330
[2023-03-06 07:14:17] PRINT [03/06 07:14:17 graph]: #Test_f1: 0.8716±0.0510
[2023-03-06 07:14:17] PRINT [03/06 07:14:17 graph]: Epoch 37: get test f1 score:  0.872
[2023-03-06 07:14:17] PRINT [03/06 07:14:17 graph]: best_f1 0.893 at epoch 27
[2023-03-06 07:14:18] PRINT [03/06 07:14:18 graph]: Epoch 38 | train_loss: 0.1251 | lr: 0.000330
[2023-03-06 07:14:20] PRINT [03/06 07:14:20 graph]: #Test_f1: 0.8716±0.0510
[2023-03-06 07:14:21] PRINT [03/06 07:14:21 graph]: Epoch 38: get test f1 score:  0.872
[2023-03-06 07:14:21] PRINT [03/06 07:14:21 graph]: best_f1 0.893 at epoch 27
[2023-03-06 07:14:21] PRINT [03/06 07:14:21 graph]: Epoch 39 | train_loss: 0.1295 | lr: 0.000330
[2023-03-06 07:14:24] PRINT [03/06 07:14:24 graph]: #Test_f1: 0.8772±0.0428
[2023-03-06 07:14:24] PRINT [03/06 07:14:24 graph]: Epoch 39: get test f1 score:  0.877
[2023-03-06 07:14:24] PRINT [03/06 07:14:24 graph]: best_f1 0.893 at epoch 27
[2023-03-06 07:14:25] PRINT [03/06 07:14:25 graph]: Epoch 40 | train_loss: 0.1258 | lr: 0.000330
[2023-03-06 07:14:28] PRINT [03/06 07:14:28 graph]: #Test_f1: 0.8772±0.0428
[2023-03-06 07:14:28] PRINT [03/06 07:14:28 graph]: Epoch 40: get test f1 score:  0.877
[2023-03-06 07:14:28] PRINT [03/06 07:14:28 graph]: best_f1 0.893 at epoch 27
[2023-03-06 07:14:28] PRINT [03/06 07:14:28 graph]: Epoch 41 | train_loss: 0.1255 | lr: 0.000330
[2023-03-06 07:14:31] PRINT [03/06 07:14:31 graph]: #Test_f1: 0.8825±0.0531
[2023-03-06 07:14:31] PRINT [03/06 07:14:31 graph]: Epoch 41: get test f1 score:  0.882
[2023-03-06 07:14:31] PRINT [03/06 07:14:31 graph]: best_f1 0.893 at epoch 27
[2023-03-06 07:14:31] PRINT [03/06 07:14:31 graph]: Epoch 42 | train_loss: 0.1259 | lr: 0.000330
[2023-03-06 07:14:34] PRINT [03/06 07:14:34 graph]: #Test_f1: 0.8664±0.0510
[2023-03-06 07:14:35] PRINT [03/06 07:14:35 graph]: Epoch 42: get test f1 score:  0.866
[2023-03-06 07:14:35] PRINT [03/06 07:14:35 graph]: best_f1 0.893 at epoch 27
[2023-03-06 07:14:35] PRINT [03/06 07:14:35 graph]: Epoch 43 | train_loss: 0.1151 | lr: 0.000330
[2023-03-06 07:14:38] PRINT [03/06 07:14:38 graph]: #Test_f1: 0.8719±0.0495
[2023-03-06 07:14:38] PRINT [03/06 07:14:38 graph]: Epoch 43: get test f1 score:  0.872
[2023-03-06 07:14:38] PRINT [03/06 07:14:38 graph]: best_f1 0.893 at epoch 27
[2023-03-06 07:14:38] PRINT [03/06 07:14:38 graph]: Epoch 44 | train_loss: 0.1158 | lr: 0.000330
[2023-03-06 07:14:41] PRINT [03/06 07:14:41 graph]: #Test_f1: 0.8670±0.0356
[2023-03-06 07:14:41] PRINT [03/06 07:14:41 graph]: Epoch 44: get test f1 score:  0.867
[2023-03-06 07:14:41] PRINT [03/06 07:14:41 graph]: best_f1 0.893 at epoch 27
[2023-03-06 07:14:42] PRINT [03/06 07:14:42 graph]: Epoch 45 | train_loss: 0.1175 | lr: 0.000330
[2023-03-06 07:14:44] PRINT [03/06 07:14:44 graph]: #Test_f1: 0.8664±0.0453
[2023-03-06 07:14:45] PRINT [03/06 07:14:45 graph]: Epoch 45: get test f1 score:  0.866
[2023-03-06 07:14:45] PRINT [03/06 07:14:45 graph]: best_f1 0.893 at epoch 27
[2023-03-06 07:14:45] PRINT [03/06 07:14:45 graph]: Epoch 46 | train_loss: 0.1087 | lr: 0.000330
[2023-03-06 07:14:47] PRINT [03/06 07:14:47 graph]: #Test_f1: 0.8667±0.0368
[2023-03-06 07:14:48] PRINT [03/06 07:14:48 graph]: Epoch 46: get test f1 score:  0.867
[2023-03-06 07:14:48] PRINT [03/06 07:14:48 graph]: best_f1 0.893 at epoch 27
[2023-03-06 07:14:48] PRINT [03/06 07:14:48 graph]: Epoch 47 | train_loss: 0.1277 | lr: 0.000330
[2023-03-06 07:14:51] PRINT [03/06 07:14:51 graph]: #Test_f1: 0.8933±0.0481
[2023-03-06 07:14:52] PRINT [03/06 07:14:52 graph]: Epoch 47: get test f1 score:  0.893
[2023-03-06 07:14:52] PRINT [03/06 07:14:52 graph]: best_f1 0.893 at epoch 47
[2023-03-06 07:14:52] PRINT [03/06 07:14:52 graph]: Epoch 48 | train_loss: 0.1234 | lr: 0.000330
[2023-03-06 07:14:55] PRINT [03/06 07:14:55 graph]: #Test_f1: 0.8991±0.0607
[2023-03-06 07:14:55] PRINT [03/06 07:14:55 graph]: Epoch 48: get test f1 score:  0.899
[2023-03-06 07:14:55] PRINT [03/06 07:14:55 graph]: best_f1 0.899 at epoch 48
[2023-03-06 07:14:55] PRINT [03/06 07:14:55 graph]: Epoch 49 | train_loss: 0.1185 | lr: 0.000330
[2023-03-06 07:14:58] PRINT [03/06 07:14:58 graph]: #Test_f1: 0.8827±0.0403
[2023-03-06 07:14:58] PRINT [03/06 07:14:58 graph]: Epoch 49: get test f1 score:  0.883
[2023-03-06 07:14:58] PRINT [03/06 07:14:58 graph]: best_f1 0.899 at epoch 48
[2023-03-06 07:14:58] PRINT [03/06 07:14:58 graph]: # final_acc: 0.8991±0.0000
