[2023-03-06 18:00:43] PRINT ---new cfg------
[2023-03-06 18:00:43] PRINT {'DATA': {'data_name': 'IMDB-BINARY', 'deg4feat': True}, 'DATALOADER': {'NUM_WORKERS': 0, 'BATCH_SIZE': 32}, 'MODEL': {'num_hidden': 128, 'num_layers': 2, 'nhead': 4, 'activation': 'prelu', 'attn_drop': 0.1, 'feat_drop': 0.4, 'norm': 'batchnorm', 'pooler': 'mean', 'beta_schedule': 'quad', 'beta_1': 0.0001718140261375007, 'beta_T': 0.048273786153123804, 'T': 546}, 'SOLVER': {'optim_type': 'adamw', 'optim_type_f': 'adamw', 'alpha': 0.8, 'decay': 30, 'LR': 4.028570287610419e-05, 'weight_decay': 0.0005, 'MAX_EPOCH': 100}, 'DEVICE': 'cuda', 'seeds': [11], 'eval_T': [50, 100, 200], 'output_dir': '/ddm-nni/IMDB-B/log', 'checkpoint_dir': '/ddm-nni/IMDB-B/log/checkpoint'}
[2023-03-06 18:00:43] PRINT [03/06 18:00:43 graph]: Rank of current process: 0. World size: 1
[2023-03-06 18:00:47] PRINT [03/06 18:00:47 graph]: Environment info:
[2023-03-06 18:00:47] PRINT PyTorch version: 1.10.0+cu113
[2023-03-06 18:00:47] PRINT Is debug build: False
[2023-03-06 18:00:47] PRINT CUDA used to build PyTorch: 11.3
[2023-03-06 18:00:47] PRINT ROCM used to build PyTorch: N/A
[2023-03-06 18:00:47] PRINT 
[2023-03-06 18:00:47] PRINT OS: Ubuntu 20.04.3 LTS (x86_64)
[2023-03-06 18:00:47] PRINT GCC version: (Ubuntu 9.3.0-17ubuntu1~20.04) 9.3.0
[2023-03-06 18:00:47] PRINT Clang version: Could not collect
[2023-03-06 18:00:47] PRINT CMake version: version 3.16.3
[2023-03-06 18:00:47] PRINT Libc version: glibc-2.31
[2023-03-06 18:00:47] PRINT 
[2023-03-06 18:00:47] PRINT Python version: 3.8.10 (default, Jun  4 2021, 15:09:15)  [GCC 7.5.0] (64-bit runtime)
[2023-03-06 18:00:47] PRINT Python platform: Linux-5.4.0-90-generic-x86_64-with-glibc2.17
[2023-03-06 18:00:47] PRINT Is CUDA available: True
[2023-03-06 18:00:47] PRINT CUDA runtime version: 11.3.109
[2023-03-06 18:00:47] PRINT GPU models and configuration: GPU 0: NVIDIA GeForce RTX 3090
[2023-03-06 18:00:47] PRINT Nvidia driver version: 495.44
[2023-03-06 18:00:47] PRINT cuDNN version: Probably one of the following:
[2023-03-06 18:00:47] PRINT /usr/lib/x86_64-linux-gnu/libcudnn.so.8.2.0
[2023-03-06 18:00:47] PRINT /usr/lib/x86_64-linux-gnu/libcudnn_adv_infer.so.8.2.0
[2023-03-06 18:00:47] PRINT /usr/lib/x86_64-linux-gnu/libcudnn_adv_train.so.8.2.0
[2023-03-06 18:00:47] PRINT /usr/lib/x86_64-linux-gnu/libcudnn_cnn_infer.so.8.2.0
[2023-03-06 18:00:47] PRINT /usr/lib/x86_64-linux-gnu/libcudnn_cnn_train.so.8.2.0
[2023-03-06 18:00:47] PRINT /usr/lib/x86_64-linux-gnu/libcudnn_ops_infer.so.8.2.0
[2023-03-06 18:00:47] PRINT /usr/lib/x86_64-linux-gnu/libcudnn_ops_train.so.8.2.0
[2023-03-06 18:00:47] PRINT HIP runtime version: N/A
[2023-03-06 18:00:47] PRINT MIOpen runtime version: N/A
[2023-03-06 18:00:47] PRINT 
[2023-03-06 18:00:47] PRINT Versions of relevant libraries:
[2023-03-06 18:00:47] PRINT [pip3] numpy==1.23.5
[2023-03-06 18:00:47] PRINT [pip3] torch==1.10.0+cu113
[2023-03-06 18:00:47] PRINT [pip3] torchvision==0.11.1+cu113
[2023-03-06 18:00:47] PRINT [conda] blas                      1.0                         mkl    https://mirrors.ustc.edu.cn/anaconda/pkgs/main
[2023-03-06 18:00:47] PRINT [conda] mkl                       2021.4.0           h06a4308_640    https://mirrors.ustc.edu.cn/anaconda/pkgs/main
[2023-03-06 18:00:47] PRINT [conda] mkl-service               2.4.0            py38h7f8727e_0    https://mirrors.ustc.edu.cn/anaconda/pkgs/main
[2023-03-06 18:00:47] PRINT [conda] mkl_fft                   1.3.1            py38hd3c417c_0    https://mirrors.ustc.edu.cn/anaconda/pkgs/main
[2023-03-06 18:00:47] PRINT [conda] mkl_random                1.2.2            py38h51133e4_0    https://mirrors.ustc.edu.cn/anaconda/pkgs/main
[2023-03-06 18:00:47] PRINT [conda] numpy                     1.21.4                   pypi_0    pypi
[2023-03-06 18:00:47] PRINT [conda] numpy-base                1.23.5           py38h31eccc5_0    https://mirrors.ustc.edu.cn/anaconda/pkgs/main
[2023-03-06 18:00:47] PRINT [conda] torch                     1.10.0+cu113             pypi_0    pypi
[2023-03-06 18:00:47] PRINT [conda] torchvision               0.11.1+cu113             pypi_0    pypi
[2023-03-06 18:00:47] PRINT         Pillow (8.4.0)
[2023-03-06 18:00:47] PRINT [03/06 18:00:47 graph]: Command line arguments: Namespace(local_rank=0, resume=False, seed=1234, start_epoch=0)
[2023-03-06 18:00:47] PRINT Using degree as node features
[2023-03-06 18:00:50] PRINT ******** # Num Graphs: 1000, # Num Feat: 271, # Num Classes: 2 ********
[2023-03-06 18:00:50] PRINT [03/06 18:00:50 graph]: Run 0th for seed 11
[2023-03-06 18:00:50] PRINT [03/06 18:00:50 graph]: Total trainable params num : 694531
[2023-03-06 18:00:55] PRINT [03/06 18:00:55 graph]: ----------Start Training----------
[2023-03-06 18:01:00] PRINT [03/06 18:01:00 graph]: Epoch 0 | train_loss: 0.7928 | lr: 0.000040
[2023-03-06 18:01:03] PRINT [03/06 18:01:03 graph]: Epoch 1 | train_loss: 0.4642 | lr: 0.000040
[2023-03-06 18:01:06] PRINT [03/06 18:01:06 graph]: Epoch 2 | train_loss: 0.3019 | lr: 0.000040
[2023-03-06 18:01:30] PRINT [03/06 18:01:30 graph]: #Test_f1: 0.7310±0.0284
[2023-03-06 18:01:30] PRINT [03/06 18:01:30 graph]: Epoch 2: get test f1 score:  0.731
[2023-03-06 18:01:30] PRINT [03/06 18:01:30 graph]: best_f1 0.731 at epoch 2
[2023-03-06 18:01:32] PRINT [03/06 18:01:32 graph]: Epoch 3 | train_loss: 0.2295 | lr: 0.000040
[2023-03-06 18:01:54] PRINT [03/06 18:01:54 graph]: #Test_f1: 0.7340±0.0326
[2023-03-06 18:01:54] PRINT [03/06 18:01:54 graph]: Epoch 3: get test f1 score:  0.734
[2023-03-06 18:01:54] PRINT [03/06 18:01:54 graph]: best_f1 0.734 at epoch 3
[2023-03-06 18:01:56] PRINT [03/06 18:01:56 graph]: Epoch 4 | train_loss: 0.1955 | lr: 0.000040
[2023-03-06 18:02:14] PRINT [03/06 18:02:14 graph]: #Test_f1: 0.7380±0.0286
[2023-03-06 18:02:15] PRINT [03/06 18:02:15 graph]: Epoch 4: get test f1 score:  0.738
[2023-03-06 18:02:15] PRINT [03/06 18:02:15 graph]: best_f1 0.738 at epoch 4
[2023-03-06 18:02:17] PRINT [03/06 18:02:17 graph]: Epoch 5 | train_loss: 0.1804 | lr: 0.000040
[2023-03-06 18:02:43] PRINT [03/06 18:02:43 graph]: #Test_f1: 0.7300±0.0335
[2023-03-06 18:02:44] PRINT [03/06 18:02:44 graph]: Epoch 5: get test f1 score:  0.730
[2023-03-06 18:02:44] PRINT [03/06 18:02:44 graph]: best_f1 0.738 at epoch 4
[2023-03-06 18:02:45] PRINT [03/06 18:02:45 graph]: Epoch 6 | train_loss: 0.1719 | lr: 0.000040
[2023-03-06 18:03:05] PRINT [03/06 18:03:05 graph]: #Test_f1: 0.7320±0.0309
[2023-03-06 18:03:06] PRINT [03/06 18:03:06 graph]: Epoch 6: get test f1 score:  0.732
[2023-03-06 18:03:06] PRINT [03/06 18:03:06 graph]: best_f1 0.738 at epoch 4
[2023-03-06 18:03:08] PRINT [03/06 18:03:08 graph]: Epoch 7 | train_loss: 0.1668 | lr: 0.000040
[2023-03-06 18:03:27] PRINT [03/06 18:03:27 graph]: #Test_f1: 0.7320±0.0346
[2023-03-06 18:03:28] PRINT [03/06 18:03:28 graph]: Epoch 7: get test f1 score:  0.732
[2023-03-06 18:03:28] PRINT [03/06 18:03:28 graph]: best_f1 0.738 at epoch 4
[2023-03-06 18:03:30] PRINT [03/06 18:03:30 graph]: Epoch 8 | train_loss: 0.1601 | lr: 0.000040
[2023-03-06 18:03:49] PRINT [03/06 18:03:49 graph]: #Test_f1: 0.7320±0.0306
[2023-03-06 18:03:50] PRINT [03/06 18:03:50 graph]: Epoch 8: get test f1 score:  0.732
[2023-03-06 18:03:50] PRINT [03/06 18:03:50 graph]: best_f1 0.738 at epoch 4
[2023-03-06 18:03:53] PRINT [03/06 18:03:53 graph]: Epoch 9 | train_loss: 0.1589 | lr: 0.000040
[2023-03-06 18:04:14] PRINT [03/06 18:04:14 graph]: #Test_f1: 0.7340±0.0338
[2023-03-06 18:04:14] PRINT [03/06 18:04:14 graph]: Epoch 9: get test f1 score:  0.734
[2023-03-06 18:04:14] PRINT [03/06 18:04:14 graph]: best_f1 0.738 at epoch 4
[2023-03-06 18:04:16] PRINT [03/06 18:04:16 graph]: Epoch 10 | train_loss: 0.1531 | lr: 0.000040
[2023-03-06 18:04:34] PRINT [03/06 18:04:34 graph]: #Test_f1: 0.7350±0.0317
[2023-03-06 18:04:35] PRINT [03/06 18:04:35 graph]: Epoch 10: get test f1 score:  0.735
[2023-03-06 18:04:35] PRINT [03/06 18:04:35 graph]: best_f1 0.738 at epoch 4
[2023-03-06 18:04:37] PRINT [03/06 18:04:37 graph]: Epoch 11 | train_loss: 0.1476 | lr: 0.000040
[2023-03-06 18:05:00] PRINT [03/06 18:05:00 graph]: #Test_f1: 0.7340±0.0310
[2023-03-06 18:05:01] PRINT [03/06 18:05:01 graph]: Epoch 11: get test f1 score:  0.734
[2023-03-06 18:05:01] PRINT [03/06 18:05:01 graph]: best_f1 0.738 at epoch 4
[2023-03-06 18:05:03] PRINT [03/06 18:05:03 graph]: Epoch 12 | train_loss: 0.1463 | lr: 0.000040
[2023-03-06 18:05:23] PRINT [03/06 18:05:23 graph]: #Test_f1: 0.7300±0.0322
[2023-03-06 18:05:24] PRINT [03/06 18:05:24 graph]: Epoch 12: get test f1 score:  0.730
[2023-03-06 18:05:24] PRINT [03/06 18:05:24 graph]: best_f1 0.738 at epoch 4
[2023-03-06 18:05:25] PRINT [03/06 18:05:25 graph]: Epoch 13 | train_loss: 0.1432 | lr: 0.000040
[2023-03-06 18:05:42] PRINT [03/06 18:05:42 graph]: #Test_f1: 0.7270±0.0316
[2023-03-06 18:05:43] PRINT [03/06 18:05:43 graph]: Epoch 13: get test f1 score:  0.727
[2023-03-06 18:05:43] PRINT [03/06 18:05:43 graph]: best_f1 0.738 at epoch 4
[2023-03-06 18:05:45] PRINT [03/06 18:05:45 graph]: Epoch 14 | train_loss: 0.1410 | lr: 0.000040
[2023-03-06 18:05:59] PRINT [03/06 18:05:59 graph]: #Test_f1: 0.7270±0.0335
[2023-03-06 18:05:59] PRINT [03/06 18:05:59 graph]: Epoch 14: get test f1 score:  0.727
[2023-03-06 18:05:59] PRINT [03/06 18:05:59 graph]: best_f1 0.738 at epoch 4
[2023-03-06 18:06:01] PRINT [03/06 18:06:01 graph]: Epoch 15 | train_loss: 0.1385 | lr: 0.000040
[2023-03-06 18:06:16] PRINT [03/06 18:06:16 graph]: #Test_f1: 0.7310±0.0333
[2023-03-06 18:06:17] PRINT [03/06 18:06:17 graph]: Epoch 15: get test f1 score:  0.731
[2023-03-06 18:06:17] PRINT [03/06 18:06:17 graph]: best_f1 0.738 at epoch 4
[2023-03-06 18:06:21] PRINT [03/06 18:06:21 graph]: Epoch 16 | train_loss: 0.1368 | lr: 0.000040
[2023-03-06 18:06:42] PRINT [03/06 18:06:42 graph]: #Test_f1: 0.7300±0.0335
[2023-03-06 18:06:43] PRINT [03/06 18:06:43 graph]: Epoch 16: get test f1 score:  0.730
[2023-03-06 18:06:43] PRINT [03/06 18:06:43 graph]: best_f1 0.738 at epoch 4
[2023-03-06 18:06:45] PRINT [03/06 18:06:45 graph]: Epoch 17 | train_loss: 0.1361 | lr: 0.000040
[2023-03-06 18:07:01] PRINT [03/06 18:07:01 graph]: #Test_f1: 0.7280±0.0260
[2023-03-06 18:07:02] PRINT [03/06 18:07:02 graph]: Epoch 17: get test f1 score:  0.728
[2023-03-06 18:07:02] PRINT [03/06 18:07:02 graph]: best_f1 0.738 at epoch 4
[2023-03-06 18:07:05] PRINT [03/06 18:07:05 graph]: Epoch 18 | train_loss: 0.1355 | lr: 0.000040
[2023-03-06 18:07:28] PRINT [03/06 18:07:28 graph]: #Test_f1: 0.7320±0.0275
[2023-03-06 18:07:28] PRINT [03/06 18:07:28 graph]: Epoch 18: get test f1 score:  0.732
[2023-03-06 18:07:28] PRINT [03/06 18:07:28 graph]: best_f1 0.738 at epoch 4
[2023-03-06 18:07:31] PRINT [03/06 18:07:31 graph]: Epoch 19 | train_loss: 0.1326 | lr: 0.000040
[2023-03-06 18:07:49] PRINT [03/06 18:07:49 graph]: #Test_f1: 0.7330±0.0320
[2023-03-06 18:07:50] PRINT [03/06 18:07:50 graph]: Epoch 19: get test f1 score:  0.733
[2023-03-06 18:07:50] PRINT [03/06 18:07:50 graph]: best_f1 0.738 at epoch 4
[2023-03-06 18:07:52] PRINT [03/06 18:07:52 graph]: Epoch 20 | train_loss: 0.1323 | lr: 0.000040
[2023-03-06 18:08:11] PRINT [03/06 18:08:11 graph]: #Test_f1: 0.7340±0.0385
[2023-03-06 18:08:12] PRINT [03/06 18:08:12 graph]: Epoch 20: get test f1 score:  0.734
[2023-03-06 18:08:12] PRINT [03/06 18:08:12 graph]: best_f1 0.738 at epoch 4
[2023-03-06 18:08:15] PRINT [03/06 18:08:15 graph]: Epoch 21 | train_loss: 0.1283 | lr: 0.000040
[2023-03-06 18:08:35] PRINT [03/06 18:08:35 graph]: #Test_f1: 0.7340±0.0323
[2023-03-06 18:08:35] PRINT [03/06 18:08:35 graph]: Epoch 21: get test f1 score:  0.734
[2023-03-06 18:08:35] PRINT [03/06 18:08:35 graph]: best_f1 0.738 at epoch 4
[2023-03-06 18:08:37] PRINT [03/06 18:08:37 graph]: Epoch 22 | train_loss: 0.1272 | lr: 0.000040
[2023-03-06 18:09:00] PRINT [03/06 18:09:00 graph]: #Test_f1: 0.7330±0.0290
[2023-03-06 18:09:01] PRINT [03/06 18:09:01 graph]: Epoch 22: get test f1 score:  0.733
[2023-03-06 18:09:01] PRINT [03/06 18:09:01 graph]: best_f1 0.738 at epoch 4
[2023-03-06 18:09:03] PRINT [03/06 18:09:03 graph]: Epoch 23 | train_loss: 0.1279 | lr: 0.000040
[2023-03-06 18:09:21] PRINT [03/06 18:09:21 graph]: #Test_f1: 0.7330±0.0272
[2023-03-06 18:09:22] PRINT [03/06 18:09:22 graph]: Epoch 23: get test f1 score:  0.733
[2023-03-06 18:09:22] PRINT [03/06 18:09:22 graph]: best_f1 0.738 at epoch 4
[2023-03-06 18:09:24] PRINT [03/06 18:09:24 graph]: Epoch 24 | train_loss: 0.1284 | lr: 0.000040
[2023-03-06 18:09:43] PRINT [03/06 18:09:43 graph]: #Test_f1: 0.7320±0.0296
[2023-03-06 18:09:43] PRINT [03/06 18:09:43 graph]: Epoch 24: get test f1 score:  0.732
[2023-03-06 18:09:43] PRINT [03/06 18:09:43 graph]: best_f1 0.738 at epoch 4
[2023-03-06 18:09:45] PRINT [03/06 18:09:45 graph]: Epoch 25 | train_loss: 0.1278 | lr: 0.000040
[2023-03-06 18:10:09] PRINT [03/06 18:10:09 graph]: #Test_f1: 0.7310±0.0255
[2023-03-06 18:10:10] PRINT [03/06 18:10:10 graph]: Epoch 25: get test f1 score:  0.731
[2023-03-06 18:10:10] PRINT [03/06 18:10:10 graph]: best_f1 0.738 at epoch 4
[2023-03-06 18:10:12] PRINT [03/06 18:10:12 graph]: Epoch 26 | train_loss: 0.1253 | lr: 0.000040
[2023-03-06 18:10:31] PRINT [03/06 18:10:31 graph]: #Test_f1: 0.7320±0.0289
[2023-03-06 18:10:32] PRINT [03/06 18:10:32 graph]: Epoch 26: get test f1 score:  0.732
[2023-03-06 18:10:32] PRINT [03/06 18:10:32 graph]: best_f1 0.738 at epoch 4
[2023-03-06 18:10:34] PRINT [03/06 18:10:34 graph]: Epoch 27 | train_loss: 0.1254 | lr: 0.000040
[2023-03-06 18:10:55] PRINT [03/06 18:10:55 graph]: #Test_f1: 0.7350±0.0273
[2023-03-06 18:10:56] PRINT [03/06 18:10:56 graph]: Epoch 27: get test f1 score:  0.735
[2023-03-06 18:10:56] PRINT [03/06 18:10:56 graph]: best_f1 0.738 at epoch 4
[2023-03-06 18:10:58] PRINT [03/06 18:10:58 graph]: Epoch 28 | train_loss: 0.1226 | lr: 0.000040
[2023-03-06 18:11:17] PRINT [03/06 18:11:17 graph]: #Test_f1: 0.7370±0.0341
[2023-03-06 18:11:17] PRINT [03/06 18:11:17 graph]: Epoch 28: get test f1 score:  0.737
[2023-03-06 18:11:17] PRINT [03/06 18:11:17 graph]: best_f1 0.738 at epoch 4
[2023-03-06 18:11:19] PRINT [03/06 18:11:19 graph]: Epoch 29 | train_loss: 0.1234 | lr: 0.000040
[2023-03-06 18:11:41] PRINT [03/06 18:11:41 graph]: #Test_f1: 0.7320±0.0275
[2023-03-06 18:11:42] PRINT [03/06 18:11:42 graph]: Epoch 29: get test f1 score:  0.732
[2023-03-06 18:11:42] PRINT [03/06 18:11:42 graph]: best_f1 0.738 at epoch 4
[2023-03-06 18:11:43] PRINT [03/06 18:11:43 graph]: Epoch 30 | train_loss: 0.1202 | lr: 0.000032
[2023-03-06 18:12:03] PRINT [03/06 18:12:03 graph]: #Test_f1: 0.7400±0.0283
[2023-03-06 18:12:04] PRINT [03/06 18:12:04 graph]: Epoch 30: get test f1 score:  0.740
[2023-03-06 18:12:04] PRINT [03/06 18:12:04 graph]: best_f1 0.740 at epoch 30
[2023-03-06 18:12:05] PRINT [03/06 18:12:05 graph]: Epoch 31 | train_loss: 0.1195 | lr: 0.000032
[2023-03-06 18:12:25] PRINT [03/06 18:12:25 graph]: #Test_f1: 0.7360±0.0294
[2023-03-06 18:12:25] PRINT [03/06 18:12:25 graph]: Epoch 31: get test f1 score:  0.736
[2023-03-06 18:12:25] PRINT [03/06 18:12:25 graph]: best_f1 0.740 at epoch 30
[2023-03-06 18:12:27] PRINT [03/06 18:12:27 graph]: Epoch 32 | train_loss: 0.1183 | lr: 0.000032
[2023-03-06 18:12:50] PRINT [03/06 18:12:50 graph]: #Test_f1: 0.7380±0.0303
[2023-03-06 18:12:51] PRINT [03/06 18:12:51 graph]: Epoch 32: get test f1 score:  0.738
[2023-03-06 18:12:51] PRINT [03/06 18:12:51 graph]: best_f1 0.740 at epoch 30
[2023-03-06 18:12:53] PRINT [03/06 18:12:53 graph]: Epoch 33 | train_loss: 0.1166 | lr: 0.000032
[2023-03-06 18:13:11] PRINT [03/06 18:13:11 graph]: #Test_f1: 0.7370±0.0269
[2023-03-06 18:13:11] PRINT [03/06 18:13:11 graph]: Epoch 33: get test f1 score:  0.737
[2023-03-06 18:13:11] PRINT [03/06 18:13:11 graph]: best_f1 0.740 at epoch 30
[2023-03-06 18:13:15] PRINT [03/06 18:13:15 graph]: Epoch 34 | train_loss: 0.1144 | lr: 0.000032
[2023-03-06 18:13:37] PRINT [03/06 18:13:37 graph]: #Test_f1: 0.7400±0.0249
[2023-03-06 18:13:38] PRINT [03/06 18:13:38 graph]: Epoch 34: get test f1 score:  0.740
[2023-03-06 18:13:38] PRINT [03/06 18:13:38 graph]: best_f1 0.740 at epoch 30
[2023-03-06 18:13:40] PRINT [03/06 18:13:40 graph]: Epoch 35 | train_loss: 0.1198 | lr: 0.000032
[2023-03-06 18:13:59] PRINT [03/06 18:13:59 graph]: #Test_f1: 0.7400±0.0214
[2023-03-06 18:14:00] PRINT [03/06 18:14:00 graph]: Epoch 35: get test f1 score:  0.740
[2023-03-06 18:14:00] PRINT [03/06 18:14:00 graph]: best_f1 0.740 at epoch 30
[2023-03-06 18:14:03] PRINT [03/06 18:14:03 graph]: Epoch 36 | train_loss: 0.1147 | lr: 0.000032
[2023-03-06 18:14:23] PRINT [03/06 18:14:23 graph]: #Test_f1: 0.7410±0.0259
[2023-03-06 18:14:24] PRINT [03/06 18:14:24 graph]: Epoch 36: get test f1 score:  0.741
[2023-03-06 18:14:24] PRINT [03/06 18:14:24 graph]: best_f1 0.741 at epoch 36
[2023-03-06 18:14:26] PRINT [03/06 18:14:26 graph]: Epoch 37 | train_loss: 0.1133 | lr: 0.000032
[2023-03-06 18:14:45] PRINT [03/06 18:14:45 graph]: #Test_f1: 0.7410±0.0262
[2023-03-06 18:14:45] PRINT [03/06 18:14:45 graph]: Epoch 37: get test f1 score:  0.741
[2023-03-06 18:14:45] PRINT [03/06 18:14:45 graph]: best_f1 0.741 at epoch 36
[2023-03-06 18:14:47] PRINT [03/06 18:14:47 graph]: Epoch 38 | train_loss: 0.1136 | lr: 0.000032
[2023-03-06 18:15:11] PRINT [03/06 18:15:11 graph]: #Test_f1: 0.7430±0.0241
[2023-03-06 18:15:12] PRINT [03/06 18:15:12 graph]: Epoch 38: get test f1 score:  0.743
[2023-03-06 18:15:12] PRINT [03/06 18:15:12 graph]: best_f1 0.743 at epoch 38
[2023-03-06 18:15:14] PRINT [03/06 18:15:14 graph]: Epoch 39 | train_loss: 0.1144 | lr: 0.000032
[2023-03-06 18:15:33] PRINT [03/06 18:15:33 graph]: #Test_f1: 0.7380±0.0178
[2023-03-06 18:15:34] PRINT [03/06 18:15:34 graph]: Epoch 39: get test f1 score:  0.738
[2023-03-06 18:15:34] PRINT [03/06 18:15:34 graph]: best_f1 0.743 at epoch 38
[2023-03-06 18:15:36] PRINT [03/06 18:15:36 graph]: Epoch 40 | train_loss: 0.1147 | lr: 0.000032
[2023-03-06 18:15:53] PRINT [03/06 18:15:53 graph]: #Test_f1: 0.7450±0.0273
[2023-03-06 18:15:54] PRINT [03/06 18:15:54 graph]: Epoch 40: get test f1 score:  0.745
[2023-03-06 18:15:54] PRINT [03/06 18:15:54 graph]: best_f1 0.745 at epoch 40
[2023-03-06 18:15:57] PRINT [03/06 18:15:57 graph]: Epoch 41 | train_loss: 0.1115 | lr: 0.000032
[2023-03-06 18:16:21] PRINT [03/06 18:16:21 graph]: #Test_f1: 0.7420±0.0209
[2023-03-06 18:16:22] PRINT [03/06 18:16:22 graph]: Epoch 41: get test f1 score:  0.742
[2023-03-06 18:16:22] PRINT [03/06 18:16:22 graph]: best_f1 0.745 at epoch 40
[2023-03-06 18:16:25] PRINT [03/06 18:16:25 graph]: Epoch 42 | train_loss: 0.1108 | lr: 0.000032
[2023-03-06 18:16:45] PRINT [03/06 18:16:45 graph]: #Test_f1: 0.7390±0.0239
[2023-03-06 18:16:45] PRINT [03/06 18:16:45 graph]: Epoch 42: get test f1 score:  0.739
[2023-03-06 18:16:45] PRINT [03/06 18:16:45 graph]: best_f1 0.745 at epoch 40
[2023-03-06 18:16:48] PRINT [03/06 18:16:48 graph]: Epoch 43 | train_loss: 0.1099 | lr: 0.000032
[2023-03-06 18:17:07] PRINT [03/06 18:17:07 graph]: #Test_f1: 0.7420±0.0214
[2023-03-06 18:17:08] PRINT [03/06 18:17:08 graph]: Epoch 43: get test f1 score:  0.742
[2023-03-06 18:17:08] PRINT [03/06 18:17:08 graph]: best_f1 0.745 at epoch 40
[2023-03-06 18:17:10] PRINT [03/06 18:17:10 graph]: Epoch 44 | train_loss: 0.1112 | lr: 0.000032
[2023-03-06 18:17:28] PRINT [03/06 18:17:28 graph]: #Test_f1: 0.7410±0.0284
[2023-03-06 18:17:29] PRINT [03/06 18:17:29 graph]: Epoch 44: get test f1 score:  0.741
[2023-03-06 18:17:29] PRINT [03/06 18:17:29 graph]: best_f1 0.745 at epoch 40
[2023-03-06 18:17:31] PRINT [03/06 18:17:31 graph]: Epoch 45 | train_loss: 0.1087 | lr: 0.000032
[2023-03-06 18:17:52] PRINT [03/06 18:17:52 graph]: #Test_f1: 0.7420±0.0282
[2023-03-06 18:17:52] PRINT [03/06 18:17:52 graph]: Epoch 45: get test f1 score:  0.742
[2023-03-06 18:17:52] PRINT [03/06 18:17:52 graph]: best_f1 0.745 at epoch 40
[2023-03-06 18:17:55] PRINT [03/06 18:17:55 graph]: Epoch 46 | train_loss: 0.1085 | lr: 0.000032
[2023-03-06 18:18:15] PRINT [03/06 18:18:15 graph]: #Test_f1: 0.7410±0.0284
[2023-03-06 18:18:15] PRINT [03/06 18:18:15 graph]: Epoch 46: get test f1 score:  0.741
[2023-03-06 18:18:15] PRINT [03/06 18:18:15 graph]: best_f1 0.745 at epoch 40
[2023-03-06 18:18:17] PRINT [03/06 18:18:17 graph]: Epoch 47 | train_loss: 0.1075 | lr: 0.000032
[2023-03-06 18:18:38] PRINT [03/06 18:18:38 graph]: #Test_f1: 0.7420±0.0275
[2023-03-06 18:18:39] PRINT [03/06 18:18:39 graph]: Epoch 47: get test f1 score:  0.742
[2023-03-06 18:18:39] PRINT [03/06 18:18:39 graph]: best_f1 0.745 at epoch 40
[2023-03-06 18:18:40] PRINT [03/06 18:18:40 graph]: Epoch 48 | train_loss: 0.1077 | lr: 0.000032
[2023-03-06 18:19:02] PRINT [03/06 18:19:02 graph]: #Test_f1: 0.7480±0.0223
[2023-03-06 18:19:03] PRINT [03/06 18:19:03 graph]: Epoch 48: get test f1 score:  0.748
[2023-03-06 18:19:03] PRINT [03/06 18:19:03 graph]: best_f1 0.748 at epoch 48
[2023-03-06 18:19:04] PRINT [03/06 18:19:04 graph]: Epoch 49 | train_loss: 0.1058 | lr: 0.000032
[2023-03-06 18:19:24] PRINT [03/06 18:19:24 graph]: #Test_f1: 0.7320±0.0264
[2023-03-06 18:19:25] PRINT [03/06 18:19:25 graph]: Epoch 49: get test f1 score:  0.732
[2023-03-06 18:19:25] PRINT [03/06 18:19:25 graph]: best_f1 0.748 at epoch 48
[2023-03-06 18:19:28] PRINT [03/06 18:19:28 graph]: Epoch 50 | train_loss: 0.1039 | lr: 0.000032
[2023-03-06 18:19:51] PRINT [03/06 18:19:51 graph]: #Test_f1: 0.7380±0.0260
[2023-03-06 18:19:51] PRINT [03/06 18:19:51 graph]: Epoch 50: get test f1 score:  0.738
[2023-03-06 18:19:51] PRINT [03/06 18:19:51 graph]: best_f1 0.748 at epoch 48
[2023-03-06 18:19:53] PRINT [03/06 18:19:53 graph]: Epoch 51 | train_loss: 0.1043 | lr: 0.000032
[2023-03-06 18:20:14] PRINT [03/06 18:20:14 graph]: #Test_f1: 0.7460±0.0258
[2023-03-06 18:20:15] PRINT [03/06 18:20:15 graph]: Epoch 51: get test f1 score:  0.746
[2023-03-06 18:20:15] PRINT [03/06 18:20:15 graph]: best_f1 0.748 at epoch 48
[2023-03-06 18:20:17] PRINT [03/06 18:20:17 graph]: Epoch 52 | train_loss: 0.1066 | lr: 0.000032
[2023-03-06 18:20:39] PRINT [03/06 18:20:39 graph]: #Test_f1: 0.7470±0.0297
[2023-03-06 18:20:40] PRINT [03/06 18:20:40 graph]: Epoch 52: get test f1 score:  0.747
[2023-03-06 18:20:40] PRINT [03/06 18:20:40 graph]: best_f1 0.748 at epoch 48
[2023-03-06 18:20:42] PRINT [03/06 18:20:42 graph]: Epoch 53 | train_loss: 0.1061 | lr: 0.000032
[2023-03-06 18:20:59] PRINT [03/06 18:20:59 graph]: #Test_f1: 0.7510±0.0230
[2023-03-06 18:21:00] PRINT [03/06 18:21:00 graph]: Epoch 53: get test f1 score:  0.751
[2023-03-06 18:21:00] PRINT [03/06 18:21:00 graph]: best_f1 0.751 at epoch 53
[2023-03-06 18:21:03] PRINT [03/06 18:21:03 graph]: Epoch 54 | train_loss: 0.1031 | lr: 0.000032
[2023-03-06 18:21:26] PRINT [03/06 18:21:26 graph]: #Test_f1: 0.7450±0.0233
[2023-03-06 18:21:27] PRINT [03/06 18:21:27 graph]: Epoch 54: get test f1 score:  0.745
[2023-03-06 18:21:27] PRINT [03/06 18:21:27 graph]: best_f1 0.751 at epoch 53
[2023-03-06 18:21:29] PRINT [03/06 18:21:29 graph]: Epoch 55 | train_loss: 0.1041 | lr: 0.000032
[2023-03-06 18:21:49] PRINT [03/06 18:21:49 graph]: #Test_f1: 0.7410±0.0295
[2023-03-06 18:21:50] PRINT [03/06 18:21:50 graph]: Epoch 55: get test f1 score:  0.741
[2023-03-06 18:21:50] PRINT [03/06 18:21:50 graph]: best_f1 0.751 at epoch 53
[2023-03-06 18:21:52] PRINT [03/06 18:21:52 graph]: Epoch 56 | train_loss: 0.1019 | lr: 0.000032
[2023-03-06 18:22:13] PRINT [03/06 18:22:13 graph]: #Test_f1: 0.7440±0.0310
[2023-03-06 18:22:13] PRINT [03/06 18:22:13 graph]: Epoch 56: get test f1 score:  0.744
[2023-03-06 18:22:13] PRINT [03/06 18:22:13 graph]: best_f1 0.751 at epoch 53
[2023-03-06 18:22:16] PRINT [03/06 18:22:16 graph]: Epoch 57 | train_loss: 0.1003 | lr: 0.000032
[2023-03-06 18:22:36] PRINT [03/06 18:22:36 graph]: #Test_f1: 0.7450±0.0269
[2023-03-06 18:22:36] PRINT [03/06 18:22:36 graph]: Epoch 57: get test f1 score:  0.745
[2023-03-06 18:22:36] PRINT [03/06 18:22:36 graph]: best_f1 0.751 at epoch 53
[2023-03-06 18:22:38] PRINT [03/06 18:22:38 graph]: Epoch 58 | train_loss: 0.0986 | lr: 0.000032
[2023-03-06 18:23:02] PRINT [03/06 18:23:02 graph]: #Test_f1: 0.7400±0.0232
[2023-03-06 18:23:02] PRINT [03/06 18:23:02 graph]: Epoch 58: get test f1 score:  0.740
[2023-03-06 18:23:02] PRINT [03/06 18:23:02 graph]: best_f1 0.751 at epoch 53
[2023-03-06 18:23:05] PRINT [03/06 18:23:05 graph]: Epoch 59 | train_loss: 0.1008 | lr: 0.000032
[2023-03-06 18:23:23] PRINT [03/06 18:23:23 graph]: #Test_f1: 0.7420±0.0275
[2023-03-06 18:23:23] PRINT [03/06 18:23:23 graph]: Epoch 59: get test f1 score:  0.742
[2023-03-06 18:23:23] PRINT [03/06 18:23:23 graph]: best_f1 0.751 at epoch 53
[2023-03-06 18:23:26] PRINT [03/06 18:23:26 graph]: Epoch 60 | train_loss: 0.0991 | lr: 0.000026
[2023-03-06 18:23:45] PRINT [03/06 18:23:45 graph]: #Test_f1: 0.7380±0.0248
[2023-03-06 18:23:46] PRINT [03/06 18:23:46 graph]: Epoch 60: get test f1 score:  0.738
[2023-03-06 18:23:46] PRINT [03/06 18:23:46 graph]: best_f1 0.751 at epoch 53
[2023-03-06 18:23:49] PRINT [03/06 18:23:49 graph]: Epoch 61 | train_loss: 0.0972 | lr: 0.000026
[2023-03-06 18:24:11] PRINT [03/06 18:24:11 graph]: #Test_f1: 0.7360±0.0276
[2023-03-06 18:24:12] PRINT [03/06 18:24:12 graph]: Epoch 61: get test f1 score:  0.736
[2023-03-06 18:24:12] PRINT [03/06 18:24:12 graph]: best_f1 0.751 at epoch 53
[2023-03-06 18:24:14] PRINT [03/06 18:24:14 graph]: Epoch 62 | train_loss: 0.1018 | lr: 0.000026
[2023-03-06 18:24:34] PRINT [03/06 18:24:34 graph]: #Test_f1: 0.7480±0.0303
[2023-03-06 18:24:35] PRINT [03/06 18:24:35 graph]: Epoch 62: get test f1 score:  0.748
[2023-03-06 18:24:35] PRINT [03/06 18:24:35 graph]: best_f1 0.751 at epoch 53
[2023-03-06 18:24:38] PRINT [03/06 18:24:38 graph]: Epoch 63 | train_loss: 0.0975 | lr: 0.000026
[2023-03-06 18:24:58] PRINT [03/06 18:24:58 graph]: #Test_f1: 0.7480±0.0275
[2023-03-06 18:24:58] PRINT [03/06 18:24:58 graph]: Epoch 63: get test f1 score:  0.748
[2023-03-06 18:24:58] PRINT [03/06 18:24:58 graph]: best_f1 0.751 at epoch 53
[2023-03-06 18:25:01] PRINT [03/06 18:25:01 graph]: Epoch 64 | train_loss: 0.0987 | lr: 0.000026
[2023-03-06 18:25:19] PRINT [03/06 18:25:19 graph]: #Test_f1: 0.7470±0.0293
[2023-03-06 18:25:20] PRINT [03/06 18:25:20 graph]: Epoch 64: get test f1 score:  0.747
[2023-03-06 18:25:20] PRINT [03/06 18:25:20 graph]: best_f1 0.751 at epoch 53
[2023-03-06 18:25:22] PRINT [03/06 18:25:22 graph]: Epoch 65 | train_loss: 0.0983 | lr: 0.000026
[2023-03-06 18:25:43] PRINT [03/06 18:25:43 graph]: #Test_f1: 0.7430±0.0310
[2023-03-06 18:25:44] PRINT [03/06 18:25:44 graph]: Epoch 65: get test f1 score:  0.743
[2023-03-06 18:25:44] PRINT [03/06 18:25:44 graph]: best_f1 0.751 at epoch 53
[2023-03-06 18:25:47] PRINT [03/06 18:25:47 graph]: Epoch 66 | train_loss: 0.0966 | lr: 0.000026
[2023-03-06 18:26:05] PRINT [03/06 18:26:05 graph]: #Test_f1: 0.7470±0.0297
[2023-03-06 18:26:06] PRINT [03/06 18:26:06 graph]: Epoch 66: get test f1 score:  0.747
[2023-03-06 18:26:06] PRINT [03/06 18:26:06 graph]: best_f1 0.751 at epoch 53
[2023-03-06 18:26:07] PRINT [03/06 18:26:07 graph]: Epoch 67 | train_loss: 0.0978 | lr: 0.000026
[2023-03-06 18:26:28] PRINT [03/06 18:26:28 graph]: #Test_f1: 0.7400±0.0300
[2023-03-06 18:26:29] PRINT [03/06 18:26:29 graph]: Epoch 67: get test f1 score:  0.740
[2023-03-06 18:26:29] PRINT [03/06 18:26:29 graph]: best_f1 0.751 at epoch 53
[2023-03-06 18:26:32] PRINT [03/06 18:26:32 graph]: Epoch 68 | train_loss: 0.0962 | lr: 0.000026
[2023-03-06 18:26:52] PRINT [03/06 18:26:52 graph]: #Test_f1: 0.7460±0.0372
[2023-03-06 18:26:52] PRINT [03/06 18:26:52 graph]: Epoch 68: get test f1 score:  0.746
[2023-03-06 18:26:52] PRINT [03/06 18:26:52 graph]: best_f1 0.751 at epoch 53
[2023-03-06 18:26:56] PRINT [03/06 18:26:56 graph]: Epoch 69 | train_loss: 0.0964 | lr: 0.000026
[2023-03-06 18:27:13] PRINT [03/06 18:27:13 graph]: #Test_f1: 0.7430±0.0233
[2023-03-06 18:27:14] PRINT [03/06 18:27:14 graph]: Epoch 69: get test f1 score:  0.743
[2023-03-06 18:27:14] PRINT [03/06 18:27:14 graph]: best_f1 0.751 at epoch 53
[2023-03-06 18:27:16] PRINT [03/06 18:27:16 graph]: Epoch 70 | train_loss: 0.0925 | lr: 0.000026
[2023-03-06 18:27:38] PRINT [03/06 18:27:38 graph]: #Test_f1: 0.7460±0.0326
[2023-03-06 18:27:38] PRINT [03/06 18:27:38 graph]: Epoch 70: get test f1 score:  0.746
[2023-03-06 18:27:38] PRINT [03/06 18:27:38 graph]: best_f1 0.751 at epoch 53
[2023-03-06 18:27:39] PRINT [03/06 18:27:39 graph]: Epoch 71 | train_loss: 0.0967 | lr: 0.000026
[2023-03-06 18:28:01] PRINT [03/06 18:28:01 graph]: #Test_f1: 0.7430±0.0303
[2023-03-06 18:28:02] PRINT [03/06 18:28:02 graph]: Epoch 71: get test f1 score:  0.743
[2023-03-06 18:28:02] PRINT [03/06 18:28:02 graph]: best_f1 0.751 at epoch 53
[2023-03-06 18:28:04] PRINT [03/06 18:28:04 graph]: Epoch 72 | train_loss: 0.0964 | lr: 0.000026
[2023-03-06 18:28:24] PRINT [03/06 18:28:24 graph]: #Test_f1: 0.7440±0.0304
[2023-03-06 18:28:25] PRINT [03/06 18:28:25 graph]: Epoch 72: get test f1 score:  0.744
[2023-03-06 18:28:25] PRINT [03/06 18:28:25 graph]: best_f1 0.751 at epoch 53
[2023-03-06 18:28:28] PRINT [03/06 18:28:28 graph]: Epoch 73 | train_loss: 0.0940 | lr: 0.000026
[2023-03-06 18:28:46] PRINT [03/06 18:28:46 graph]: #Test_f1: 0.7420±0.0316
[2023-03-06 18:28:47] PRINT [03/06 18:28:47 graph]: Epoch 73: get test f1 score:  0.742
[2023-03-06 18:28:47] PRINT [03/06 18:28:47 graph]: best_f1 0.751 at epoch 53
[2023-03-06 18:28:50] PRINT [03/06 18:28:50 graph]: Epoch 74 | train_loss: 0.0922 | lr: 0.000026
[2023-03-06 18:29:15] PRINT [03/06 18:29:15 graph]: #Test_f1: 0.7460±0.0269
[2023-03-06 18:29:16] PRINT [03/06 18:29:16 graph]: Epoch 74: get test f1 score:  0.746
[2023-03-06 18:29:16] PRINT [03/06 18:29:16 graph]: best_f1 0.751 at epoch 53
[2023-03-06 18:29:18] PRINT [03/06 18:29:18 graph]: Epoch 75 | train_loss: 0.0923 | lr: 0.000026
[2023-03-06 18:29:39] PRINT [03/06 18:29:39 graph]: #Test_f1: 0.7440±0.0269
[2023-03-06 18:29:39] PRINT [03/06 18:29:39 graph]: Epoch 75: get test f1 score:  0.744
[2023-03-06 18:29:39] PRINT [03/06 18:29:39 graph]: best_f1 0.751 at epoch 53
[2023-03-06 18:29:42] PRINT [03/06 18:29:42 graph]: Epoch 76 | train_loss: 0.0932 | lr: 0.000026
[2023-03-06 18:30:02] PRINT [03/06 18:30:02 graph]: #Test_f1: 0.7440±0.0276
[2023-03-06 18:30:03] PRINT [03/06 18:30:03 graph]: Epoch 76: get test f1 score:  0.744
[2023-03-06 18:30:03] PRINT [03/06 18:30:03 graph]: best_f1 0.751 at epoch 53
[2023-03-06 18:30:05] PRINT [03/06 18:30:05 graph]: Epoch 77 | train_loss: 0.0911 | lr: 0.000026
[2023-03-06 18:30:26] PRINT [03/06 18:30:26 graph]: #Test_f1: 0.7490±0.0308
[2023-03-06 18:30:27] PRINT [03/06 18:30:27 graph]: Epoch 77: get test f1 score:  0.749
[2023-03-06 18:30:27] PRINT [03/06 18:30:27 graph]: best_f1 0.751 at epoch 53
[2023-03-06 18:30:30] PRINT [03/06 18:30:30 graph]: Epoch 78 | train_loss: 0.0918 | lr: 0.000026
[2023-03-06 18:30:51] PRINT [03/06 18:30:51 graph]: #Test_f1: 0.7470±0.0279
[2023-03-06 18:30:51] PRINT [03/06 18:30:51 graph]: Epoch 78: get test f1 score:  0.747
[2023-03-06 18:30:51] PRINT [03/06 18:30:51 graph]: best_f1 0.751 at epoch 53
[2023-03-06 18:30:54] PRINT [03/06 18:30:54 graph]: Epoch 79 | train_loss: 0.0938 | lr: 0.000026
[2023-03-06 18:31:13] PRINT [03/06 18:31:13 graph]: #Test_f1: 0.7450±0.0277
[2023-03-06 18:31:14] PRINT [03/06 18:31:14 graph]: Epoch 79: get test f1 score:  0.745
[2023-03-06 18:31:14] PRINT [03/06 18:31:14 graph]: best_f1 0.751 at epoch 53
[2023-03-06 18:31:16] PRINT [03/06 18:31:16 graph]: Epoch 80 | train_loss: 0.0917 | lr: 0.000026
[2023-03-06 18:31:36] PRINT [03/06 18:31:36 graph]: #Test_f1: 0.7420±0.0260
[2023-03-06 18:31:37] PRINT [03/06 18:31:37 graph]: Epoch 80: get test f1 score:  0.742
[2023-03-06 18:31:37] PRINT [03/06 18:31:37 graph]: best_f1 0.751 at epoch 53
[2023-03-06 18:31:39] PRINT [03/06 18:31:39 graph]: Epoch 81 | train_loss: 0.0902 | lr: 0.000026
[2023-03-06 18:32:00] PRINT [03/06 18:32:00 graph]: #Test_f1: 0.7510±0.0298
[2023-03-06 18:32:01] PRINT [03/06 18:32:01 graph]: Epoch 81: get test f1 score:  0.751
[2023-03-06 18:32:01] PRINT [03/06 18:32:01 graph]: best_f1 0.751 at epoch 53
[2023-03-06 18:32:03] PRINT [03/06 18:32:03 graph]: Epoch 82 | train_loss: 0.0905 | lr: 0.000026
[2023-03-06 18:32:20] PRINT [03/06 18:32:20 graph]: #Test_f1: 0.7470±0.0287
[2023-03-06 18:32:21] PRINT [03/06 18:32:21 graph]: Epoch 82: get test f1 score:  0.747
[2023-03-06 18:32:21] PRINT [03/06 18:32:21 graph]: best_f1 0.751 at epoch 53
[2023-03-06 18:32:23] PRINT [03/06 18:32:23 graph]: Epoch 83 | train_loss: 0.0894 | lr: 0.000026
[2023-03-06 18:32:44] PRINT [03/06 18:32:44 graph]: #Test_f1: 0.7460±0.0250
[2023-03-06 18:32:44] PRINT [03/06 18:32:44 graph]: Epoch 83: get test f1 score:  0.746
[2023-03-06 18:32:44] PRINT [03/06 18:32:44 graph]: best_f1 0.751 at epoch 53
[2023-03-06 18:32:46] PRINT [03/06 18:32:46 graph]: Epoch 84 | train_loss: 0.0918 | lr: 0.000026
[2023-03-06 18:33:04] PRINT [03/06 18:33:04 graph]: #Test_f1: 0.7420±0.0256
[2023-03-06 18:33:05] PRINT [03/06 18:33:05 graph]: Epoch 84: get test f1 score:  0.742
[2023-03-06 18:33:05] PRINT [03/06 18:33:05 graph]: best_f1 0.751 at epoch 53
[2023-03-06 18:33:07] PRINT [03/06 18:33:07 graph]: Epoch 85 | train_loss: 0.0898 | lr: 0.000026
[2023-03-06 18:33:27] PRINT [03/06 18:33:27 graph]: #Test_f1: 0.7440±0.0287
[2023-03-06 18:33:27] PRINT [03/06 18:33:27 graph]: Epoch 85: get test f1 score:  0.744
[2023-03-06 18:33:27] PRINT [03/06 18:33:27 graph]: best_f1 0.751 at epoch 53
[2023-03-06 18:33:30] PRINT [03/06 18:33:30 graph]: Epoch 86 | train_loss: 0.0920 | lr: 0.000026
[2023-03-06 18:33:49] PRINT [03/06 18:33:49 graph]: #Test_f1: 0.7460±0.0280
[2023-03-06 18:33:49] PRINT [03/06 18:33:49 graph]: Epoch 86: get test f1 score:  0.746
[2023-03-06 18:33:49] PRINT [03/06 18:33:49 graph]: best_f1 0.751 at epoch 53
[2023-03-06 18:33:51] PRINT [03/06 18:33:51 graph]: Epoch 87 | train_loss: 0.0873 | lr: 0.000026
[2023-03-06 18:34:13] PRINT [03/06 18:34:13 graph]: #Test_f1: 0.7510±0.0321
[2023-03-06 18:34:14] PRINT [03/06 18:34:14 graph]: Epoch 87: get test f1 score:  0.751
[2023-03-06 18:34:14] PRINT [03/06 18:34:14 graph]: best_f1 0.751 at epoch 87
[2023-03-06 18:34:15] PRINT [03/06 18:34:15 graph]: Epoch 88 | train_loss: 0.0886 | lr: 0.000026
[2023-03-06 18:34:37] PRINT [03/06 18:34:37 graph]: #Test_f1: 0.7490±0.0262
[2023-03-06 18:34:38] PRINT [03/06 18:34:38 graph]: Epoch 88: get test f1 score:  0.749
[2023-03-06 18:34:38] PRINT [03/06 18:34:38 graph]: best_f1 0.751 at epoch 87
[2023-03-06 18:34:39] PRINT [03/06 18:34:39 graph]: Epoch 89 | train_loss: 0.0871 | lr: 0.000026
[2023-03-06 18:34:58] PRINT [03/06 18:34:58 graph]: #Test_f1: 0.7530±0.0310
[2023-03-06 18:34:59] PRINT [03/06 18:34:59 graph]: Epoch 89: get test f1 score:  0.753
[2023-03-06 18:34:59] PRINT [03/06 18:34:59 graph]: best_f1 0.753 at epoch 89
[2023-03-06 18:35:01] PRINT [03/06 18:35:01 graph]: Epoch 90 | train_loss: 0.0902 | lr: 0.000021
[2023-03-06 18:35:23] PRINT [03/06 18:35:23 graph]: #Test_f1: 0.7450±0.0273
[2023-03-06 18:35:23] PRINT [03/06 18:35:23 graph]: Epoch 90: get test f1 score:  0.745
[2023-03-06 18:35:23] PRINT [03/06 18:35:23 graph]: best_f1 0.753 at epoch 89
[2023-03-06 18:35:26] PRINT [03/06 18:35:26 graph]: Epoch 91 | train_loss: 0.0884 | lr: 0.000021
[2023-03-06 18:35:47] PRINT [03/06 18:35:47 graph]: #Test_f1: 0.7490±0.0234
[2023-03-06 18:35:48] PRINT [03/06 18:35:48 graph]: Epoch 91: get test f1 score:  0.749
[2023-03-06 18:35:48] PRINT [03/06 18:35:48 graph]: best_f1 0.753 at epoch 89
[2023-03-06 18:35:50] PRINT [03/06 18:35:50 graph]: Epoch 92 | train_loss: 0.0907 | lr: 0.000021
[2023-03-06 18:36:10] PRINT [03/06 18:36:10 graph]: #Test_f1: 0.7480±0.0312
[2023-03-06 18:36:11] PRINT [03/06 18:36:11 graph]: Epoch 92: get test f1 score:  0.748
[2023-03-06 18:36:11] PRINT [03/06 18:36:11 graph]: best_f1 0.753 at epoch 89
[2023-03-06 18:36:13] PRINT [03/06 18:36:13 graph]: Epoch 93 | train_loss: 0.0872 | lr: 0.000021
[2023-03-06 18:36:31] PRINT [03/06 18:36:31 graph]: #Test_f1: 0.7490±0.0266
[2023-03-06 18:36:32] PRINT [03/06 18:36:32 graph]: Epoch 93: get test f1 score:  0.749
[2023-03-06 18:36:32] PRINT [03/06 18:36:32 graph]: best_f1 0.753 at epoch 89
[2023-03-06 18:36:33] PRINT [03/06 18:36:33 graph]: Epoch 94 | train_loss: 0.0874 | lr: 0.000021
[2023-03-06 18:36:56] PRINT [03/06 18:36:56 graph]: #Test_f1: 0.7460±0.0317
[2023-03-06 18:36:57] PRINT [03/06 18:36:57 graph]: Epoch 94: get test f1 score:  0.746
[2023-03-06 18:36:57] PRINT [03/06 18:36:57 graph]: best_f1 0.753 at epoch 89
[2023-03-06 18:36:59] PRINT [03/06 18:36:59 graph]: Epoch 95 | train_loss: 0.0864 | lr: 0.000021
[2023-03-06 18:37:18] PRINT [03/06 18:37:18 graph]: #Test_f1: 0.7440±0.0294
[2023-03-06 18:37:18] PRINT [03/06 18:37:18 graph]: Epoch 95: get test f1 score:  0.744
[2023-03-06 18:37:18] PRINT [03/06 18:37:18 graph]: best_f1 0.753 at epoch 89
[2023-03-06 18:37:20] PRINT [03/06 18:37:20 graph]: Epoch 96 | train_loss: 0.0870 | lr: 0.000021
[2023-03-06 18:37:40] PRINT [03/06 18:37:40 graph]: #Test_f1: 0.7470±0.0253
[2023-03-06 18:37:40] PRINT [03/06 18:37:40 graph]: Epoch 96: get test f1 score:  0.747
[2023-03-06 18:37:40] PRINT [03/06 18:37:40 graph]: best_f1 0.753 at epoch 89
[2023-03-06 18:37:43] PRINT [03/06 18:37:43 graph]: Epoch 97 | train_loss: 0.0855 | lr: 0.000021
[2023-03-06 18:38:03] PRINT [03/06 18:38:03 graph]: #Test_f1: 0.7440±0.0258
[2023-03-06 18:38:04] PRINT [03/06 18:38:04 graph]: Epoch 97: get test f1 score:  0.744
[2023-03-06 18:38:04] PRINT [03/06 18:38:04 graph]: best_f1 0.753 at epoch 89
[2023-03-06 18:38:06] PRINT [03/06 18:38:06 graph]: Epoch 98 | train_loss: 0.0877 | lr: 0.000021
[2023-03-06 18:38:26] PRINT [03/06 18:38:26 graph]: #Test_f1: 0.7430±0.0265
[2023-03-06 18:38:27] PRINT [03/06 18:38:27 graph]: Epoch 98: get test f1 score:  0.743
[2023-03-06 18:38:27] PRINT [03/06 18:38:27 graph]: best_f1 0.753 at epoch 89
[2023-03-06 18:38:30] PRINT [03/06 18:38:30 graph]: Epoch 99 | train_loss: 0.0854 | lr: 0.000021
[2023-03-06 18:38:50] PRINT [03/06 18:38:50 graph]: #Test_f1: 0.7460±0.0280
[2023-03-06 18:38:51] PRINT [03/06 18:38:51 graph]: Epoch 99: get test f1 score:  0.746
[2023-03-06 18:38:51] PRINT [03/06 18:38:51 graph]: best_f1 0.753 at epoch 89
[2023-03-06 18:38:51] PRINT [03/06 18:38:51 graph]: # final_acc: 0.7530±0.0000
