[2023-03-22 16:34:43] PRINT ---new cfg------
[2023-03-22 16:34:43] PRINT {'DATA': {'data_name': 'comp'}, 'DATALOADER': {'NUM_WORKERS': 0}, 'MODEL': {'num_hidden': 512, 'num_layers': 2, 'nhead': 4, 'activation': 'prelu', 'attn_drop': 0.1, 'feat_drop': 0.30000000000000004, 'norm': 'batchnorm', 'pooler': 'mean', 'beta_schedule': 'const', 'beta_1': 0.0005956612522089596, 'beta_T': 0.04204195179701932, 'T': 298}, 'SOLVER': {'optim_type': 'adam', 'optim_type_f': 'adamw', 'alpha': 0, 'decay': 30, 'LR': 0.00022071960587535252, 'LR_f': 0.0997305471574736, 'weight_decay': 0, 'weight_decay_f': 7.356560972768649e-05, 'MAX_EPOCH': 100, 'max_epoch_f': 500}, 'DEVICE': 'cuda', 'seeds': [0], 'eval_T': [50, 100, 200], 'output_dir': '/ddm-nni/AmazonCoBuyComputerDataset¶/log', 'checkpoint_dir': '/ddm-nni/AmazonCoBuyComputerDataset¶/log/checkpoint'}
[2023-03-22 16:34:43] PRINT [03/22 16:34:43 graph]: Rank of current process: 0. World size: 1
[2023-03-22 16:34:46] PRINT [03/22 16:34:46 graph]: Environment info:
[2023-03-22 16:34:46] PRINT PyTorch version: 1.10.0+cu113
[2023-03-22 16:34:46] PRINT Is debug build: False
[2023-03-22 16:34:46] PRINT CUDA used to build PyTorch: 11.3
[2023-03-22 16:34:46] PRINT ROCM used to build PyTorch: N/A
[2023-03-22 16:34:46] PRINT 
[2023-03-22 16:34:46] PRINT OS: Ubuntu 20.04.3 LTS (x86_64)
[2023-03-22 16:34:46] PRINT GCC version: (Ubuntu 9.3.0-17ubuntu1~20.04) 9.3.0
[2023-03-22 16:34:46] PRINT Clang version: Could not collect
[2023-03-22 16:34:46] PRINT CMake version: version 3.16.3
[2023-03-22 16:34:46] PRINT Libc version: glibc-2.31
[2023-03-22 16:34:46] PRINT 
[2023-03-22 16:34:46] PRINT Python version: 3.8.10 (default, Jun  4 2021, 15:09:15)  [GCC 7.5.0] (64-bit runtime)
[2023-03-22 16:34:46] PRINT Python platform: Linux-5.4.0-90-generic-x86_64-with-glibc2.17
[2023-03-22 16:34:46] PRINT Is CUDA available: True
[2023-03-22 16:34:46] PRINT CUDA runtime version: 11.3.109
[2023-03-22 16:34:46] PRINT GPU models and configuration: GPU 0: NVIDIA GeForce RTX 3090
[2023-03-22 16:34:46] PRINT Nvidia driver version: 495.44
[2023-03-22 16:34:46] PRINT cuDNN version: Probably one of the following:
[2023-03-22 16:34:46] PRINT /usr/lib/x86_64-linux-gnu/libcudnn.so.8.2.0
[2023-03-22 16:34:46] PRINT /usr/lib/x86_64-linux-gnu/libcudnn_adv_infer.so.8.2.0
[2023-03-22 16:34:46] PRINT /usr/lib/x86_64-linux-gnu/libcudnn_adv_train.so.8.2.0
[2023-03-22 16:34:46] PRINT /usr/lib/x86_64-linux-gnu/libcudnn_cnn_infer.so.8.2.0
[2023-03-22 16:34:46] PRINT /usr/lib/x86_64-linux-gnu/libcudnn_cnn_train.so.8.2.0
[2023-03-22 16:34:46] PRINT /usr/lib/x86_64-linux-gnu/libcudnn_ops_infer.so.8.2.0
[2023-03-22 16:34:46] PRINT /usr/lib/x86_64-linux-gnu/libcudnn_ops_train.so.8.2.0
[2023-03-22 16:34:46] PRINT HIP runtime version: N/A
[2023-03-22 16:34:46] PRINT MIOpen runtime version: N/A
[2023-03-22 16:34:46] PRINT 
[2023-03-22 16:34:46] PRINT Versions of relevant libraries:
[2023-03-22 16:34:46] PRINT [pip3] numpy==1.23.5
[2023-03-22 16:34:46] PRINT [pip3] torch==1.10.0+cu113
[2023-03-22 16:34:46] PRINT [pip3] torchvision==0.11.1+cu113
[2023-03-22 16:34:46] PRINT [conda] blas                      1.0                         mkl    https://mirrors.ustc.edu.cn/anaconda/pkgs/main
[2023-03-22 16:34:46] PRINT [conda] mkl                       2021.4.0           h06a4308_640    https://mirrors.ustc.edu.cn/anaconda/pkgs/main
[2023-03-22 16:34:46] PRINT [conda] mkl-service               2.4.0            py38h7f8727e_0    https://mirrors.ustc.edu.cn/anaconda/pkgs/main
[2023-03-22 16:34:46] PRINT [conda] mkl_fft                   1.3.1            py38hd3c417c_0    https://mirrors.ustc.edu.cn/anaconda/pkgs/main
[2023-03-22 16:34:46] PRINT [conda] mkl_random                1.2.2            py38h51133e4_0    https://mirrors.ustc.edu.cn/anaconda/pkgs/main
[2023-03-22 16:34:46] PRINT [conda] numpy                     1.21.4                   pypi_0    pypi
[2023-03-22 16:34:46] PRINT [conda] numpy-base                1.23.5           py38h31eccc5_0    https://mirrors.ustc.edu.cn/anaconda/pkgs/main
[2023-03-22 16:34:46] PRINT [conda] torch                     1.10.0+cu113             pypi_0    pypi
[2023-03-22 16:34:46] PRINT [conda] torchvision               0.11.1+cu113             pypi_0    pypi
[2023-03-22 16:34:46] PRINT         Pillow (8.4.0)
[2023-03-22 16:34:46] PRINT [03/22 16:34:46 graph]: Command line arguments: Namespace(local_rank=0, resume=False, seed=1234, start_epoch=0)
[2023-03-22 16:34:46] PRINT [03/22 16:34:46 graph]: Run 0th for seed 0
[2023-03-22 16:34:47] PRINT [03/22 16:34:47 graph]: Total trainable params num : 7833603
[2023-03-22 16:34:52] PRINT [03/22 16:34:52 graph]: ----------Start Training----------
[2023-03-22 16:34:52] PRINT [03/22 16:34:52 graph]: start epoch 0.
[2023-03-22 16:34:52] PRINT [03/22 16:34:52 graph]: # Epoch 0: train_loss: 1.0261 | lr: 0.000221
[2023-03-22 16:34:52] PRINT [03/22 16:34:52 graph]: start epoch 1.
[2023-03-22 16:34:53] PRINT [03/22 16:34:53 graph]: # Epoch 1: train_loss: 0.8376 | lr: 0.000221
[2023-03-22 16:34:53] PRINT [03/22 16:34:53 graph]: start epoch 2.
[2023-03-22 16:34:53] PRINT [03/22 16:34:53 graph]: # Epoch 2: train_loss: 0.7452 | lr: 0.000221
[2023-03-22 16:34:53] PRINT [03/22 16:34:53 graph]: start epoch 3.
[2023-03-22 16:34:53] PRINT [03/22 16:34:53 graph]: # Epoch 3: train_loss: 0.6866 | lr: 0.000221
[2023-03-22 16:34:53] PRINT [03/22 16:34:53 graph]: start epoch 4.
[2023-03-22 16:34:53] PRINT [03/22 16:34:53 graph]: # Epoch 4: train_loss: 0.6498 | lr: 0.000221
[2023-03-22 16:34:53] PRINT [03/22 16:34:53 graph]: start epoch 5.
[2023-03-22 16:34:53] PRINT [03/22 16:34:53 graph]: # Epoch 5: train_loss: 0.6264 | lr: 0.000221
[2023-03-22 16:34:53] PRINT [03/22 16:34:53 graph]: start epoch 6.
[2023-03-22 16:34:53] PRINT [03/22 16:34:53 graph]: # Epoch 6: train_loss: 0.6095 | lr: 0.000221
[2023-03-22 16:34:53] PRINT [03/22 16:34:53 graph]: start epoch 7.
[2023-03-22 16:34:53] PRINT [03/22 16:34:53 graph]: # Epoch 7: train_loss: 0.5983 | lr: 0.000221
[2023-03-22 16:34:53] PRINT [03/22 16:34:53 graph]: start epoch 8.
[2023-03-22 16:34:53] PRINT [03/22 16:34:53 graph]: # Epoch 8: train_loss: 0.5905 | lr: 0.000221
[2023-03-22 16:34:53] PRINT [03/22 16:34:53 graph]: start epoch 9.
[2023-03-22 16:34:53] PRINT [03/22 16:34:53 graph]: # Epoch 9: train_loss: 0.5840 | lr: 0.000221
[2023-03-22 16:34:53] PRINT [03/22 16:34:53 graph]: start epoch 10.
[2023-03-22 16:34:53] PRINT [03/22 16:34:53 graph]: # Epoch 10: train_loss: 0.5792 | lr: 0.000221
[2023-03-22 16:34:53] PRINT [03/22 16:34:53 graph]: start epoch 11.
[2023-03-22 16:34:53] PRINT [03/22 16:34:53 graph]: # Epoch 11: train_loss: 0.5750 | lr: 0.000221
[2023-03-22 16:34:53] PRINT [03/22 16:34:53 graph]: start epoch 12.
[2023-03-22 16:34:53] PRINT [03/22 16:34:53 graph]: # Epoch 12: train_loss: 0.5711 | lr: 0.000221
[2023-03-22 16:34:53] PRINT [03/22 16:34:53 graph]: start epoch 13.
[2023-03-22 16:34:53] PRINT [03/22 16:34:53 graph]: # Epoch 13: train_loss: 0.5679 | lr: 0.000221
[2023-03-22 16:34:53] PRINT [03/22 16:34:53 graph]: start epoch 14.
[2023-03-22 16:34:54] PRINT [03/22 16:34:54 graph]: # Epoch 14: train_loss: 0.5644 | lr: 0.000221
[2023-03-22 16:34:54] PRINT [03/22 16:34:54 graph]: start epoch 15.
[2023-03-22 16:34:54] PRINT [03/22 16:34:54 graph]: # Epoch 15: train_loss: 0.5619 | lr: 0.000221
[2023-03-22 16:34:54] PRINT [03/22 16:34:54 graph]: start epoch 16.
[2023-03-22 16:34:54] PRINT [03/22 16:34:54 graph]: # Epoch 16: train_loss: 0.5589 | lr: 0.000221
[2023-03-22 16:34:54] PRINT [03/22 16:34:54 graph]: start epoch 17.
[2023-03-22 16:34:54] PRINT [03/22 16:34:54 graph]: # Epoch 17: train_loss: 0.5560 | lr: 0.000221
[2023-03-22 16:34:54] PRINT [03/22 16:34:54 graph]: start epoch 18.
[2023-03-22 16:34:54] PRINT [03/22 16:34:54 graph]: # Epoch 18: train_loss: 0.5534 | lr: 0.000221
[2023-03-22 16:34:54] PRINT [03/22 16:34:54 graph]: start epoch 19.
[2023-03-22 16:34:54] PRINT [03/22 16:34:54 graph]: # Epoch 19: train_loss: 0.5508 | lr: 0.000221
[2023-03-22 16:34:54] PRINT [03/22 16:34:54 graph]: start epoch 20.
[2023-03-22 16:34:54] PRINT [03/22 16:34:54 graph]: # Epoch 20: train_loss: 0.5481 | lr: 0.000221
[2023-03-22 16:34:54] PRINT [03/22 16:34:54 graph]: start epoch 21.
[2023-03-22 16:34:54] PRINT [03/22 16:34:54 graph]: # Epoch 21: train_loss: 0.5457 | lr: 0.000221
[2023-03-22 16:34:54] PRINT [03/22 16:34:54 graph]: start epoch 22.
[2023-03-22 16:34:54] PRINT [03/22 16:34:54 graph]: # Epoch 22: train_loss: 0.5433 | lr: 0.000221
[2023-03-22 16:34:54] PRINT [03/22 16:34:54 graph]: start epoch 23.
[2023-03-22 16:34:54] PRINT [03/22 16:34:54 graph]: # Epoch 23: train_loss: 0.5408 | lr: 0.000221
[2023-03-22 16:34:54] PRINT [03/22 16:34:54 graph]: start epoch 24.
[2023-03-22 16:34:54] PRINT [03/22 16:34:54 graph]: # Epoch 24: train_loss: 0.5387 | lr: 0.000221
[2023-03-22 16:34:54] PRINT [03/22 16:34:54 graph]: start epoch 25.
[2023-03-22 16:34:54] PRINT [03/22 16:34:54 graph]: # Epoch 25: train_loss: 0.5366 | lr: 0.000221
[2023-03-22 16:34:54] PRINT [03/22 16:34:54 graph]: start epoch 26.
[2023-03-22 16:34:54] PRINT [03/22 16:34:54 graph]: # Epoch 26: train_loss: 0.5352 | lr: 0.000221
[2023-03-22 16:34:54] PRINT [03/22 16:34:54 graph]: start epoch 27.
[2023-03-22 16:34:54] PRINT [03/22 16:34:54 graph]: # Epoch 27: train_loss: 0.5332 | lr: 0.000221
[2023-03-22 16:34:54] PRINT [03/22 16:34:54 graph]: start epoch 28.
[2023-03-22 16:34:55] PRINT [03/22 16:34:55 graph]: # Epoch 28: train_loss: 0.5305 | lr: 0.000221
[2023-03-22 16:34:55] PRINT [03/22 16:34:55 graph]: start epoch 29.
[2023-03-22 16:34:55] PRINT [03/22 16:34:55 graph]: # Epoch 29: train_loss: 0.5282 | lr: 0.000221
[2023-03-22 16:34:55] PRINT [03/22 16:34:55 graph]: start epoch 30.
[2023-03-22 16:34:55] PRINT [03/22 16:34:55 graph]: # Epoch 30: train_loss: 0.5253 | lr: 0.000000
[2023-03-22 16:34:55] PRINT [03/22 16:34:55 graph]: start epoch 31.
[2023-03-22 16:34:55] PRINT [03/22 16:34:55 graph]: # Epoch 31: train_loss: 0.5252 | lr: 0.000000
[2023-03-22 16:34:55] PRINT [03/22 16:34:55 graph]: start epoch 32.
[2023-03-22 16:34:55] PRINT [03/22 16:34:55 graph]: # Epoch 32: train_loss: 0.5253 | lr: 0.000000
[2023-03-22 16:34:55] PRINT [03/22 16:34:55 graph]: start epoch 33.
[2023-03-22 16:34:55] PRINT [03/22 16:34:55 graph]: # Epoch 33: train_loss: 0.5256 | lr: 0.000000
[2023-03-22 16:34:55] PRINT [03/22 16:34:55 graph]: start epoch 34.
[2023-03-22 16:34:55] PRINT [03/22 16:34:55 graph]: # Epoch 34: train_loss: 0.5254 | lr: 0.000000
[2023-03-22 16:34:55] PRINT [03/22 16:34:55 graph]: start epoch 35.
[2023-03-22 16:34:55] PRINT [03/22 16:34:55 graph]: # Epoch 35: train_loss: 0.5250 | lr: 0.000000
[2023-03-22 16:34:55] PRINT [03/22 16:34:55 graph]: start epoch 36.
[2023-03-22 16:34:55] PRINT [03/22 16:34:55 graph]: # Epoch 36: train_loss: 0.5258 | lr: 0.000000
[2023-03-22 16:34:55] PRINT [03/22 16:34:55 graph]: start epoch 37.
[2023-03-22 16:34:55] PRINT [03/22 16:34:55 graph]: # Epoch 37: train_loss: 0.5258 | lr: 0.000000
[2023-03-22 16:34:55] PRINT [03/22 16:34:55 graph]: start epoch 38.
[2023-03-22 16:34:55] PRINT [03/22 16:34:55 graph]: # Epoch 38: train_loss: 0.5252 | lr: 0.000000
[2023-03-22 16:34:55] PRINT [03/22 16:34:55 graph]: start epoch 39.
[2023-03-22 16:34:55] PRINT [03/22 16:34:55 graph]: # Epoch 39: train_loss: 0.5250 | lr: 0.000000
[2023-03-22 16:34:55] PRINT [03/22 16:34:55 graph]: start epoch 40.
[2023-03-22 16:34:55] PRINT [03/22 16:34:55 graph]: # Epoch 40: train_loss: 0.5252 | lr: 0.000000
[2023-03-22 16:34:55] PRINT [03/22 16:34:55 graph]: start epoch 41.
[2023-03-22 16:34:56] PRINT [03/22 16:34:56 graph]: # Epoch 41: train_loss: 0.5250 | lr: 0.000000
[2023-03-22 16:34:56] PRINT [03/22 16:34:56 graph]: start epoch 42.
[2023-03-22 16:34:56] PRINT [03/22 16:34:56 graph]: # Epoch 42: train_loss: 0.5254 | lr: 0.000000
[2023-03-22 16:34:56] PRINT [03/22 16:34:56 graph]: start epoch 43.
[2023-03-22 16:34:56] PRINT [03/22 16:34:56 graph]: # Epoch 43: train_loss: 0.5256 | lr: 0.000000
[2023-03-22 16:34:56] PRINT [03/22 16:34:56 graph]: start epoch 44.
[2023-03-22 16:34:56] PRINT [03/22 16:34:56 graph]: # Epoch 44: train_loss: 0.5252 | lr: 0.000000
[2023-03-22 16:34:56] PRINT [03/22 16:34:56 graph]: start epoch 45.
[2023-03-22 16:34:56] PRINT [03/22 16:34:56 graph]: # Epoch 45: train_loss: 0.5252 | lr: 0.000000
[2023-03-22 16:34:56] PRINT [03/22 16:34:56 graph]: start epoch 46.
[2023-03-22 16:34:56] PRINT [03/22 16:34:56 graph]: # Epoch 46: train_loss: 0.5250 | lr: 0.000000
[2023-03-22 16:34:56] PRINT [03/22 16:34:56 graph]: start epoch 47.
[2023-03-22 16:34:56] PRINT [03/22 16:34:56 graph]: # Epoch 47: train_loss: 0.5246 | lr: 0.000000
[2023-03-22 16:34:56] PRINT [03/22 16:34:56 graph]: start epoch 48.
[2023-03-22 16:34:56] PRINT [03/22 16:34:56 graph]: # Epoch 48: train_loss: 0.5254 | lr: 0.000000
[2023-03-22 16:34:56] PRINT [03/22 16:34:56 graph]: start epoch 49.
[2023-03-22 16:34:56] PRINT [03/22 16:34:56 graph]: # Epoch 49: train_loss: 0.5250 | lr: 0.000000
[2023-03-22 16:34:56] PRINT [03/22 16:34:56 graph]: start epoch 50.
[2023-03-22 16:34:56] PRINT [03/22 16:34:56 graph]: # Epoch 50: train_loss: 0.5251 | lr: 0.000000
[2023-03-22 16:34:56] PRINT [03/22 16:34:56 graph]: start epoch 51.
[2023-03-22 16:34:56] PRINT [03/22 16:34:56 graph]: # Epoch 51: train_loss: 0.5251 | lr: 0.000000
[2023-03-22 16:35:04] PRINT [03/22 16:35:04 graph]: --- Testf1: 0.84548, Best Valacc: 0.84218 in epoch 361 --- 
[2023-03-22 16:35:04] PRINT [03/22 16:35:04 graph]: Epoch 51: get test acc score:  0.84548
[2023-03-22 16:35:04] PRINT [03/22 16:35:04 graph]: best_f1 0.84548 at epoch 51
[2023-03-22 16:35:04] PRINT [03/22 16:35:04 graph]: start epoch 52.
[2023-03-22 16:35:04] PRINT [03/22 16:35:04 graph]: # Epoch 52: train_loss: 0.5253 | lr: 0.000000
[2023-03-22 16:35:11] PRINT [03/22 16:35:11 graph]: --- Testf1: 0.84512, Best Valacc: 0.83055 in epoch 367 --- 
[2023-03-22 16:35:11] PRINT [03/22 16:35:11 graph]: Epoch 52: get test acc score:  0.84512
[2023-03-22 16:35:11] PRINT [03/22 16:35:11 graph]: best_f1 0.84548 at epoch 51
[2023-03-22 16:35:11] PRINT [03/22 16:35:11 graph]: start epoch 53.
[2023-03-22 16:35:11] PRINT [03/22 16:35:11 graph]: # Epoch 53: train_loss: 0.5251 | lr: 0.000000
[2023-03-22 16:35:18] PRINT [03/22 16:35:18 graph]: --- Testf1: 0.85057, Best Valacc: 0.83564 in epoch 439 --- 
[2023-03-22 16:35:19] PRINT [03/22 16:35:19 graph]: Epoch 53: get test acc score:  0.85057
[2023-03-22 16:35:19] PRINT [03/22 16:35:19 graph]: best_f1 0.85057 at epoch 53
[2023-03-22 16:35:19] PRINT [03/22 16:35:19 graph]: start epoch 54.
[2023-03-22 16:35:19] PRINT [03/22 16:35:19 graph]: # Epoch 54: train_loss: 0.5251 | lr: 0.000000
[2023-03-22 16:35:26] PRINT [03/22 16:35:26 graph]: --- Testf1: 0.84494, Best Valacc: 0.84727 in epoch 496 --- 
[2023-03-22 16:35:26] PRINT [03/22 16:35:26 graph]: Epoch 54: get test acc score:  0.84494
[2023-03-22 16:35:26] PRINT [03/22 16:35:26 graph]: best_f1 0.85057 at epoch 53
[2023-03-22 16:35:26] PRINT [03/22 16:35:26 graph]: start epoch 55.
[2023-03-22 16:35:26] PRINT [03/22 16:35:26 graph]: # Epoch 55: train_loss: 0.5253 | lr: 0.000000
[2023-03-22 16:35:33] PRINT [03/22 16:35:33 graph]: --- Testf1: 0.85166, Best Valacc: 0.83055 in epoch 497 --- 
[2023-03-22 16:35:33] PRINT [03/22 16:35:33 graph]: Epoch 55: get test acc score:  0.85166
[2023-03-22 16:35:33] PRINT [03/22 16:35:33 graph]: best_f1 0.85166 at epoch 55
[2023-03-22 16:35:33] PRINT [03/22 16:35:33 graph]: start epoch 56.
[2023-03-22 16:35:33] PRINT [03/22 16:35:33 graph]: # Epoch 56: train_loss: 0.5250 | lr: 0.000000
[2023-03-22 16:35:41] PRINT [03/22 16:35:41 graph]: --- Testf1: 0.85494, Best Valacc: 0.83782 in epoch 470 --- 
[2023-03-22 16:35:41] PRINT [03/22 16:35:41 graph]: Epoch 56: get test acc score:  0.85494
[2023-03-22 16:35:41] PRINT [03/22 16:35:41 graph]: best_f1 0.85494 at epoch 56
[2023-03-22 16:35:41] PRINT [03/22 16:35:41 graph]: start epoch 57.
[2023-03-22 16:35:41] PRINT [03/22 16:35:41 graph]: # Epoch 57: train_loss: 0.5250 | lr: 0.000000
[2023-03-22 16:35:48] PRINT [03/22 16:35:48 graph]: --- Testf1: 0.85694, Best Valacc: 0.83564 in epoch 418 --- 
[2023-03-22 16:35:48] PRINT [03/22 16:35:48 graph]: Epoch 57: get test acc score:  0.85694
[2023-03-22 16:35:48] PRINT [03/22 16:35:48 graph]: best_f1 0.85694 at epoch 57
[2023-03-22 16:35:48] PRINT [03/22 16:35:48 graph]: start epoch 58.
[2023-03-22 16:35:48] PRINT [03/22 16:35:48 graph]: # Epoch 58: train_loss: 0.5249 | lr: 0.000000
[2023-03-22 16:35:55] PRINT [03/22 16:35:55 graph]: --- Testf1: 0.85148, Best Valacc: 0.82109 in epoch 495 --- 
[2023-03-22 16:35:56] PRINT [03/22 16:35:56 graph]: Epoch 58: get test acc score:  0.85148
[2023-03-22 16:35:56] PRINT [03/22 16:35:56 graph]: best_f1 0.85694 at epoch 57
[2023-03-22 16:35:56] PRINT [03/22 16:35:56 graph]: start epoch 59.
[2023-03-22 16:35:56] PRINT [03/22 16:35:56 graph]: # Epoch 59: train_loss: 0.5252 | lr: 0.000000
[2023-03-22 16:36:03] PRINT [03/22 16:36:03 graph]: --- Testf1: 0.85539, Best Valacc: 0.83564 in epoch 444 --- 
[2023-03-22 16:36:03] PRINT [03/22 16:36:03 graph]: Epoch 59: get test acc score:  0.85539
[2023-03-22 16:36:03] PRINT [03/22 16:36:03 graph]: best_f1 0.85694 at epoch 57
[2023-03-22 16:36:03] PRINT [03/22 16:36:03 graph]: start epoch 60.
[2023-03-22 16:36:03] PRINT [03/22 16:36:03 graph]: # Epoch 60: train_loss: 0.5249 | lr: 0.000000
[2023-03-22 16:36:10] PRINT [03/22 16:36:10 graph]: --- Testf1: 0.85212, Best Valacc: 0.82691 in epoch 327 --- 
[2023-03-22 16:36:11] PRINT [03/22 16:36:11 graph]: Epoch 60: get test acc score:  0.85212
[2023-03-22 16:36:11] PRINT [03/22 16:36:11 graph]: best_f1 0.85694 at epoch 57
[2023-03-22 16:36:11] PRINT [03/22 16:36:11 graph]: start epoch 61.
[2023-03-22 16:36:11] PRINT [03/22 16:36:11 graph]: # Epoch 61: train_loss: 0.5249 | lr: 0.000000
[2023-03-22 16:36:18] PRINT [03/22 16:36:18 graph]: --- Testf1: 0.85275, Best Valacc: 0.83782 in epoch 497 --- 
[2023-03-22 16:36:18] PRINT [03/22 16:36:18 graph]: Epoch 61: get test acc score:  0.85275
[2023-03-22 16:36:18] PRINT [03/22 16:36:18 graph]: best_f1 0.85694 at epoch 57
[2023-03-22 16:36:18] PRINT [03/22 16:36:18 graph]: start epoch 62.
[2023-03-22 16:36:18] PRINT [03/22 16:36:18 graph]: # Epoch 62: train_loss: 0.5256 | lr: 0.000000
[2023-03-22 16:36:25] PRINT [03/22 16:36:25 graph]: --- Testf1: 0.85221, Best Valacc: 0.84291 in epoch 431 --- 
[2023-03-22 16:36:26] PRINT [03/22 16:36:26 graph]: Epoch 62: get test acc score:  0.85221
[2023-03-22 16:36:26] PRINT [03/22 16:36:26 graph]: best_f1 0.85694 at epoch 57
[2023-03-22 16:36:26] PRINT [03/22 16:36:26 graph]: start epoch 63.
[2023-03-22 16:36:26] PRINT [03/22 16:36:26 graph]: # Epoch 63: train_loss: 0.5256 | lr: 0.000000
[2023-03-22 16:36:33] PRINT [03/22 16:36:33 graph]: --- Testf1: 0.85857, Best Valacc: 0.84873 in epoch 388 --- 
[2023-03-22 16:36:33] PRINT [03/22 16:36:33 graph]: Epoch 63: get test acc score:  0.85857
[2023-03-22 16:36:33] PRINT [03/22 16:36:33 graph]: best_f1 0.85857 at epoch 63
[2023-03-22 16:36:33] PRINT [03/22 16:36:33 graph]: start epoch 64.
[2023-03-22 16:36:33] PRINT [03/22 16:36:33 graph]: # Epoch 64: train_loss: 0.5251 | lr: 0.000000
[2023-03-22 16:36:40] PRINT [03/22 16:36:40 graph]: --- Testf1: 0.84421, Best Valacc: 0.83273 in epoch 489 --- 
[2023-03-22 16:36:41] PRINT [03/22 16:36:41 graph]: Epoch 64: get test acc score:  0.84421
[2023-03-22 16:36:41] PRINT [03/22 16:36:41 graph]: best_f1 0.85857 at epoch 63
[2023-03-22 16:36:41] PRINT [03/22 16:36:41 graph]: start epoch 65.
[2023-03-22 16:36:41] PRINT [03/22 16:36:41 graph]: # Epoch 65: train_loss: 0.5251 | lr: 0.000000
[2023-03-22 16:36:48] PRINT [03/22 16:36:48 graph]: --- Testf1: 0.85148, Best Valacc: 0.84800 in epoch 427 --- 
[2023-03-22 16:36:48] PRINT [03/22 16:36:48 graph]: Epoch 65: get test acc score:  0.85148
[2023-03-22 16:36:48] PRINT [03/22 16:36:48 graph]: best_f1 0.85857 at epoch 63
[2023-03-22 16:36:48] PRINT [03/22 16:36:48 graph]: start epoch 66.
[2023-03-22 16:36:48] PRINT [03/22 16:36:48 graph]: # Epoch 66: train_loss: 0.5251 | lr: 0.000000
[2023-03-22 16:36:55] PRINT [03/22 16:36:55 graph]: --- Testf1: 0.85303, Best Valacc: 0.84509 in epoch 380 --- 
[2023-03-22 16:36:56] PRINT [03/22 16:36:56 graph]: Epoch 66: get test acc score:  0.85303
[2023-03-22 16:36:56] PRINT [03/22 16:36:56 graph]: best_f1 0.85857 at epoch 63
[2023-03-22 16:36:56] PRINT [03/22 16:36:56 graph]: start epoch 67.
[2023-03-22 16:36:56] PRINT [03/22 16:36:56 graph]: # Epoch 67: train_loss: 0.5252 | lr: 0.000000
[2023-03-22 16:37:03] PRINT [03/22 16:37:03 graph]: --- Testf1: 0.85166, Best Valacc: 0.84364 in epoch 498 --- 
[2023-03-22 16:37:03] PRINT [03/22 16:37:03 graph]: Epoch 67: get test acc score:  0.85166
[2023-03-22 16:37:03] PRINT [03/22 16:37:03 graph]: best_f1 0.85857 at epoch 63
[2023-03-22 16:37:03] PRINT [03/22 16:37:03 graph]: start epoch 68.
[2023-03-22 16:37:03] PRINT [03/22 16:37:03 graph]: # Epoch 68: train_loss: 0.5253 | lr: 0.000000
[2023-03-22 16:37:10] PRINT [03/22 16:37:10 graph]: --- Testf1: 0.84875, Best Valacc: 0.83055 in epoch 398 --- 
[2023-03-22 16:37:11] PRINT [03/22 16:37:11 graph]: Epoch 68: get test acc score:  0.84875
[2023-03-22 16:37:11] PRINT [03/22 16:37:11 graph]: best_f1 0.85857 at epoch 63
[2023-03-22 16:37:11] PRINT [03/22 16:37:11 graph]: start epoch 69.
[2023-03-22 16:37:11] PRINT [03/22 16:37:11 graph]: # Epoch 69: train_loss: 0.5248 | lr: 0.000000
[2023-03-22 16:37:18] PRINT [03/22 16:37:18 graph]: --- Testf1: 0.85321, Best Valacc: 0.84073 in epoch 363 --- 
[2023-03-22 16:37:18] PRINT [03/22 16:37:18 graph]: Epoch 69: get test acc score:  0.85321
[2023-03-22 16:37:18] PRINT [03/22 16:37:18 graph]: best_f1 0.85857 at epoch 63
[2023-03-22 16:37:18] PRINT [03/22 16:37:18 graph]: start epoch 70.
[2023-03-22 16:37:18] PRINT [03/22 16:37:18 graph]: # Epoch 70: train_loss: 0.5247 | lr: 0.000000
[2023-03-22 16:37:25] PRINT [03/22 16:37:25 graph]: --- Testf1: 0.84885, Best Valacc: 0.84655 in epoch 388 --- 
[2023-03-22 16:37:26] PRINT [03/22 16:37:26 graph]: Epoch 70: get test acc score:  0.84885
[2023-03-22 16:37:26] PRINT [03/22 16:37:26 graph]: best_f1 0.85857 at epoch 63
[2023-03-22 16:37:26] PRINT [03/22 16:37:26 graph]: start epoch 71.
[2023-03-22 16:37:26] PRINT [03/22 16:37:26 graph]: # Epoch 71: train_loss: 0.5250 | lr: 0.000000
[2023-03-22 16:37:33] PRINT [03/22 16:37:33 graph]: --- Testf1: 0.84594, Best Valacc: 0.83418 in epoch 375 --- 
[2023-03-22 16:37:33] PRINT [03/22 16:37:33 graph]: Epoch 71: get test acc score:  0.84594
[2023-03-22 16:37:33] PRINT [03/22 16:37:33 graph]: best_f1 0.85857 at epoch 63
[2023-03-22 16:37:33] PRINT [03/22 16:37:33 graph]: start epoch 72.
[2023-03-22 16:37:33] PRINT [03/22 16:37:33 graph]: # Epoch 72: train_loss: 0.5248 | lr: 0.000000
[2023-03-22 16:37:40] PRINT [03/22 16:37:40 graph]: --- Testf1: 0.85284, Best Valacc: 0.83927 in epoch 475 --- 
[2023-03-22 16:37:41] PRINT [03/22 16:37:41 graph]: Epoch 72: get test acc score:  0.85284
[2023-03-22 16:37:41] PRINT [03/22 16:37:41 graph]: best_f1 0.85857 at epoch 63
[2023-03-22 16:37:41] PRINT [03/22 16:37:41 graph]: start epoch 73.
[2023-03-22 16:37:41] PRINT [03/22 16:37:41 graph]: # Epoch 73: train_loss: 0.5256 | lr: 0.000000
[2023-03-22 16:37:48] PRINT [03/22 16:37:48 graph]: --- Testf1: 0.85803, Best Valacc: 0.84945 in epoch 481 --- 
[2023-03-22 16:37:48] PRINT [03/22 16:37:48 graph]: Epoch 73: get test acc score:  0.85803
[2023-03-22 16:37:48] PRINT [03/22 16:37:48 graph]: best_f1 0.85857 at epoch 63
[2023-03-22 16:37:48] PRINT [03/22 16:37:48 graph]: start epoch 74.
[2023-03-22 16:37:48] PRINT [03/22 16:37:48 graph]: # Epoch 74: train_loss: 0.5254 | lr: 0.000000
[2023-03-22 16:37:55] PRINT [03/22 16:37:55 graph]: --- Testf1: 0.85412, Best Valacc: 0.84145 in epoch 388 --- 
[2023-03-22 16:37:55] PRINT [03/22 16:37:55 graph]: Epoch 74: get test acc score:  0.85412
[2023-03-22 16:37:55] PRINT [03/22 16:37:55 graph]: best_f1 0.85857 at epoch 63
[2023-03-22 16:37:55] PRINT [03/22 16:37:55 graph]: start epoch 75.
[2023-03-22 16:37:56] PRINT [03/22 16:37:56 graph]: # Epoch 75: train_loss: 0.5250 | lr: 0.000000
[2023-03-22 16:38:03] PRINT [03/22 16:38:03 graph]: --- Testf1: 0.84203, Best Valacc: 0.82909 in epoch 308 --- 
[2023-03-22 16:38:03] PRINT [03/22 16:38:03 graph]: Epoch 75: get test acc score:  0.84203
[2023-03-22 16:38:03] PRINT [03/22 16:38:03 graph]: best_f1 0.85857 at epoch 63
[2023-03-22 16:38:03] PRINT [03/22 16:38:03 graph]: start epoch 76.
[2023-03-22 16:38:03] PRINT [03/22 16:38:03 graph]: # Epoch 76: train_loss: 0.5255 | lr: 0.000000
[2023-03-22 16:38:10] PRINT [03/22 16:38:10 graph]: --- Testf1: 0.85575, Best Valacc: 0.84655 in epoch 433 --- 
[2023-03-22 16:38:11] PRINT [03/22 16:38:11 graph]: Epoch 76: get test acc score:  0.85575
[2023-03-22 16:38:11] PRINT [03/22 16:38:11 graph]: best_f1 0.85857 at epoch 63
[2023-03-22 16:38:11] PRINT [03/22 16:38:11 graph]: start epoch 77.
[2023-03-22 16:38:11] PRINT [03/22 16:38:11 graph]: # Epoch 77: train_loss: 0.5250 | lr: 0.000000
[2023-03-22 16:38:18] PRINT [03/22 16:38:18 graph]: --- Testf1: 0.84612, Best Valacc: 0.83491 in epoch 411 --- 
[2023-03-22 16:38:18] PRINT [03/22 16:38:18 graph]: Epoch 77: get test acc score:  0.84612
[2023-03-22 16:38:18] PRINT [03/22 16:38:18 graph]: best_f1 0.85857 at epoch 63
[2023-03-22 16:38:18] PRINT [03/22 16:38:18 graph]: start epoch 78.
[2023-03-22 16:38:18] PRINT [03/22 16:38:18 graph]: # Epoch 78: train_loss: 0.5251 | lr: 0.000000
[2023-03-22 16:38:24] PRINT [03/22 16:38:24 graph]: --- Testf1: 0.84030, Best Valacc: 0.83418 in epoch 498 --- 
[2023-03-22 16:38:24] PRINT [03/22 16:38:24 graph]: Epoch 78: get test acc score:  0.84030
[2023-03-22 16:38:24] PRINT [03/22 16:38:24 graph]: best_f1 0.85857 at epoch 63
[2023-03-22 16:38:24] PRINT [03/22 16:38:24 graph]: start epoch 79.
[2023-03-22 16:38:24] PRINT [03/22 16:38:24 graph]: # Epoch 79: train_loss: 0.5250 | lr: 0.000000
[2023-03-22 16:38:29] PRINT [03/22 16:38:29 graph]: --- Testf1: 0.84739, Best Valacc: 0.83564 in epoch 419 --- 
[2023-03-22 16:38:30] PRINT [03/22 16:38:30 graph]: Epoch 79: get test acc score:  0.84739
[2023-03-22 16:38:30] PRINT [03/22 16:38:30 graph]: best_f1 0.85857 at epoch 63
[2023-03-22 16:38:30] PRINT [03/22 16:38:30 graph]: start epoch 80.
[2023-03-22 16:38:30] PRINT [03/22 16:38:30 graph]: # Epoch 80: train_loss: 0.5254 | lr: 0.000000
[2023-03-22 16:38:34] PRINT [03/22 16:38:34 graph]: --- Testf1: 0.84957, Best Valacc: 0.84000 in epoch 376 --- 
[2023-03-22 16:38:34] PRINT [03/22 16:38:34 graph]: Epoch 80: get test acc score:  0.84957
[2023-03-22 16:38:34] PRINT [03/22 16:38:34 graph]: best_f1 0.85857 at epoch 63
[2023-03-22 16:38:34] PRINT [03/22 16:38:34 graph]: start epoch 81.
[2023-03-22 16:38:34] PRINT [03/22 16:38:34 graph]: # Epoch 81: train_loss: 0.5253 | lr: 0.000000
[2023-03-22 16:38:41] PRINT [03/22 16:38:41 graph]: --- Testf1: 0.85594, Best Valacc: 0.83636 in epoch 470 --- 
[2023-03-22 16:38:42] PRINT [03/22 16:38:42 graph]: Epoch 81: get test acc score:  0.85594
[2023-03-22 16:38:42] PRINT [03/22 16:38:42 graph]: best_f1 0.85857 at epoch 63
[2023-03-22 16:38:42] PRINT [03/22 16:38:42 graph]: start epoch 82.
[2023-03-22 16:38:42] PRINT [03/22 16:38:42 graph]: # Epoch 82: train_loss: 0.5249 | lr: 0.000000
[2023-03-22 16:38:48] PRINT [03/22 16:38:48 graph]: --- Testf1: 0.85839, Best Valacc: 0.82764 in epoch 327 --- 
[2023-03-22 16:38:48] PRINT [03/22 16:38:48 graph]: Epoch 82: get test acc score:  0.85839
[2023-03-22 16:38:48] PRINT [03/22 16:38:48 graph]: best_f1 0.85857 at epoch 63
[2023-03-22 16:38:48] PRINT [03/22 16:38:48 graph]: start epoch 83.
[2023-03-22 16:38:48] PRINT [03/22 16:38:48 graph]: # Epoch 83: train_loss: 0.5255 | lr: 0.000000
[2023-03-22 16:38:58] PRINT [03/22 16:38:58 graph]: --- Testf1: 0.85121, Best Valacc: 0.82836 in epoch 356 --- 
[2023-03-22 16:38:58] PRINT [03/22 16:38:58 graph]: Epoch 83: get test acc score:  0.85121
[2023-03-22 16:38:58] PRINT [03/22 16:38:58 graph]: best_f1 0.85857 at epoch 63
[2023-03-22 16:38:58] PRINT [03/22 16:38:58 graph]: start epoch 84.
[2023-03-22 16:38:59] PRINT [03/22 16:38:59 graph]: # Epoch 84: train_loss: 0.5253 | lr: 0.000000
[2023-03-22 16:39:06] PRINT [03/22 16:39:06 graph]: --- Testf1: 0.84866, Best Valacc: 0.84000 in epoch 393 --- 
[2023-03-22 16:39:06] PRINT [03/22 16:39:06 graph]: Epoch 84: get test acc score:  0.84866
[2023-03-22 16:39:06] PRINT [03/22 16:39:06 graph]: best_f1 0.85857 at epoch 63
[2023-03-22 16:39:06] PRINT [03/22 16:39:06 graph]: start epoch 85.
[2023-03-22 16:39:06] PRINT [03/22 16:39:06 graph]: # Epoch 85: train_loss: 0.5252 | lr: 0.000000
[2023-03-22 16:39:13] PRINT [03/22 16:39:13 graph]: --- Testf1: 0.84439, Best Valacc: 0.83200 in epoch 260 --- 
[2023-03-22 16:39:14] PRINT [03/22 16:39:14 graph]: Epoch 85: get test acc score:  0.84439
[2023-03-22 16:39:14] PRINT [03/22 16:39:14 graph]: best_f1 0.85857 at epoch 63
[2023-03-22 16:39:14] PRINT [03/22 16:39:14 graph]: start epoch 86.
[2023-03-22 16:39:14] PRINT [03/22 16:39:14 graph]: # Epoch 86: train_loss: 0.5253 | lr: 0.000000
[2023-03-22 16:39:21] PRINT [03/22 16:39:21 graph]: --- Testf1: 0.85348, Best Valacc: 0.84145 in epoch 489 --- 
[2023-03-22 16:39:21] PRINT [03/22 16:39:21 graph]: Epoch 86: get test acc score:  0.85348
[2023-03-22 16:39:21] PRINT [03/22 16:39:21 graph]: best_f1 0.85857 at epoch 63
[2023-03-22 16:39:21] PRINT [03/22 16:39:21 graph]: start epoch 87.
[2023-03-22 16:39:21] PRINT [03/22 16:39:21 graph]: # Epoch 87: train_loss: 0.5249 | lr: 0.000000
[2023-03-22 16:39:28] PRINT [03/22 16:39:28 graph]: --- Testf1: 0.85848, Best Valacc: 0.84291 in epoch 416 --- 
[2023-03-22 16:39:28] PRINT [03/22 16:39:28 graph]: Epoch 87: get test acc score:  0.85848
[2023-03-22 16:39:28] PRINT [03/22 16:39:28 graph]: best_f1 0.85857 at epoch 63
[2023-03-22 16:39:28] PRINT [03/22 16:39:28 graph]: start epoch 88.
[2023-03-22 16:39:28] PRINT [03/22 16:39:28 graph]: # Epoch 88: train_loss: 0.5252 | lr: 0.000000
[2023-03-22 16:39:36] PRINT [03/22 16:39:36 graph]: --- Testf1: 0.84730, Best Valacc: 0.83709 in epoch 443 --- 
[2023-03-22 16:39:36] PRINT [03/22 16:39:36 graph]: Epoch 88: get test acc score:  0.84730
[2023-03-22 16:39:36] PRINT [03/22 16:39:36 graph]: best_f1 0.85857 at epoch 63
[2023-03-22 16:39:36] PRINT [03/22 16:39:36 graph]: start epoch 89.
[2023-03-22 16:39:36] PRINT [03/22 16:39:36 graph]: # Epoch 89: train_loss: 0.5254 | lr: 0.000000
[2023-03-22 16:39:43] PRINT [03/22 16:39:43 graph]: --- Testf1: 0.85275, Best Valacc: 0.84073 in epoch 363 --- 
[2023-03-22 16:39:43] PRINT [03/22 16:39:43 graph]: Epoch 89: get test acc score:  0.85275
[2023-03-22 16:39:43] PRINT [03/22 16:39:43 graph]: best_f1 0.85857 at epoch 63
[2023-03-22 16:39:43] PRINT [03/22 16:39:43 graph]: start epoch 90.
[2023-03-22 16:39:43] PRINT [03/22 16:39:43 graph]: # Epoch 90: train_loss: 0.5254 | lr: 0.000000
[2023-03-22 16:39:51] PRINT [03/22 16:39:51 graph]: --- Testf1: 0.84185, Best Valacc: 0.83709 in epoch 452 --- 
[2023-03-22 16:39:51] PRINT [03/22 16:39:51 graph]: Epoch 90: get test acc score:  0.84185
[2023-03-22 16:39:51] PRINT [03/22 16:39:51 graph]: best_f1 0.85857 at epoch 63
[2023-03-22 16:39:51] PRINT [03/22 16:39:51 graph]: start epoch 91.
[2023-03-22 16:39:51] PRINT [03/22 16:39:51 graph]: # Epoch 91: train_loss: 0.5250 | lr: 0.000000
[2023-03-22 16:39:58] PRINT [03/22 16:39:58 graph]: --- Testf1: 0.85603, Best Valacc: 0.83564 in epoch 353 --- 
[2023-03-22 16:39:58] PRINT [03/22 16:39:58 graph]: Epoch 91: get test acc score:  0.85603
[2023-03-22 16:39:58] PRINT [03/22 16:39:58 graph]: best_f1 0.85857 at epoch 63
[2023-03-22 16:39:58] PRINT [03/22 16:39:58 graph]: start epoch 92.
[2023-03-22 16:39:58] PRINT [03/22 16:39:58 graph]: # Epoch 92: train_loss: 0.5254 | lr: 0.000000
[2023-03-22 16:40:05] PRINT [03/22 16:40:05 graph]: --- Testf1: 0.85203, Best Valacc: 0.83345 in epoch 471 --- 
[2023-03-22 16:40:06] PRINT [03/22 16:40:06 graph]: Epoch 92: get test acc score:  0.85203
[2023-03-22 16:40:06] PRINT [03/22 16:40:06 graph]: best_f1 0.85857 at epoch 63
[2023-03-22 16:40:06] PRINT [03/22 16:40:06 graph]: start epoch 93.
[2023-03-22 16:40:06] PRINT [03/22 16:40:06 graph]: # Epoch 93: train_loss: 0.5256 | lr: 0.000000
[2023-03-22 16:40:13] PRINT [03/22 16:40:13 graph]: --- Testf1: 0.84939, Best Valacc: 0.84509 in epoch 466 --- 
[2023-03-22 16:40:13] PRINT [03/22 16:40:13 graph]: Epoch 93: get test acc score:  0.84939
[2023-03-22 16:40:13] PRINT [03/22 16:40:13 graph]: best_f1 0.85857 at epoch 63
[2023-03-22 16:40:13] PRINT [03/22 16:40:13 graph]: start epoch 94.
[2023-03-22 16:40:13] PRINT [03/22 16:40:13 graph]: # Epoch 94: train_loss: 0.5256 | lr: 0.000000
[2023-03-22 16:40:20] PRINT [03/22 16:40:20 graph]: --- Testf1: 0.85339, Best Valacc: 0.83418 in epoch 346 --- 
[2023-03-22 16:40:21] PRINT [03/22 16:40:21 graph]: Epoch 94: get test acc score:  0.85339
[2023-03-22 16:40:21] PRINT [03/22 16:40:21 graph]: best_f1 0.85857 at epoch 63
[2023-03-22 16:40:21] PRINT [03/22 16:40:21 graph]: start epoch 95.
[2023-03-22 16:40:21] PRINT [03/22 16:40:21 graph]: # Epoch 95: train_loss: 0.5252 | lr: 0.000000
[2023-03-22 16:40:28] PRINT [03/22 16:40:28 graph]: --- Testf1: 0.84939, Best Valacc: 0.82909 in epoch 292 --- 
[2023-03-22 16:40:28] PRINT [03/22 16:40:28 graph]: Epoch 95: get test acc score:  0.84939
[2023-03-22 16:40:28] PRINT [03/22 16:40:28 graph]: best_f1 0.85857 at epoch 63
[2023-03-22 16:40:28] PRINT [03/22 16:40:28 graph]: start epoch 96.
[2023-03-22 16:40:28] PRINT [03/22 16:40:28 graph]: # Epoch 96: train_loss: 0.5250 | lr: 0.000000
[2023-03-22 16:40:36] PRINT [03/22 16:40:36 graph]: --- Testf1: 0.85257, Best Valacc: 0.83855 in epoch 396 --- 
[2023-03-22 16:40:36] PRINT [03/22 16:40:36 graph]: Epoch 96: get test acc score:  0.85257
[2023-03-22 16:40:36] PRINT [03/22 16:40:36 graph]: best_f1 0.85857 at epoch 63
[2023-03-22 16:40:36] PRINT [03/22 16:40:36 graph]: start epoch 97.
[2023-03-22 16:40:36] PRINT [03/22 16:40:36 graph]: # Epoch 97: train_loss: 0.5252 | lr: 0.000000
[2023-03-22 16:40:43] PRINT [03/22 16:40:43 graph]: --- Testf1: 0.84466, Best Valacc: 0.83345 in epoch 337 --- 
[2023-03-22 16:40:44] PRINT [03/22 16:40:44 graph]: Epoch 97: get test acc score:  0.84466
[2023-03-22 16:40:44] PRINT [03/22 16:40:44 graph]: best_f1 0.85857 at epoch 63
[2023-03-22 16:40:44] PRINT [03/22 16:40:44 graph]: start epoch 98.
[2023-03-22 16:40:44] PRINT [03/22 16:40:44 graph]: # Epoch 98: train_loss: 0.5253 | lr: 0.000000
[2023-03-22 16:40:51] PRINT [03/22 16:40:51 graph]: --- Testf1: 0.84921, Best Valacc: 0.82982 in epoch 368 --- 
[2023-03-22 16:40:52] PRINT [03/22 16:40:52 graph]: Epoch 98: get test acc score:  0.84921
[2023-03-22 16:40:52] PRINT [03/22 16:40:52 graph]: best_f1 0.85857 at epoch 63
[2023-03-22 16:40:52] PRINT [03/22 16:40:52 graph]: start epoch 99.
[2023-03-22 16:40:52] PRINT [03/22 16:40:52 graph]: # Epoch 99: train_loss: 0.5252 | lr: 0.000000
[2023-03-22 16:40:59] PRINT [03/22 16:40:59 graph]: --- Testf1: 0.85866, Best Valacc: 0.85236 in epoch 467 --- 
[2023-03-22 16:40:59] PRINT [03/22 16:40:59 graph]: Epoch 99: get test acc score:  0.85866
[2023-03-22 16:40:59] PRINT [03/22 16:40:59 graph]: best_f1 0.85866 at epoch 99
[2023-03-22 16:40:59] PRINT [03/22 16:40:59 graph]: # final_acc: 0.85866±0.00000
