[2023-03-22 14:33:05] PRINT ---new cfg------
[2023-03-22 14:33:05] PRINT {'DATA': {'data_name': 'comp'}, 'DATALOADER': {'NUM_WORKERS': 0}, 'MODEL': {'num_hidden': 512, 'num_layers': 2, 'nhead': 4, 'activation': 'prelu', 'attn_drop': 0.2, 'feat_drop': 0.30000000000000004, 'norm': 'batchnorm', 'pooler': 'mean', 'beta_schedule': 'quad', 'beta_1': 0.0005045156837545855, 'beta_T': 0.023761914547272278, 'T': 467}, 'SOLVER': {'optim_type': 'adam', 'optim_type_f': 'adamw', 'alpha': 1, 'decay': 20, 'LR': 0.0002532300067960139, 'LR_f': 0.10547031167589935, 'weight_decay': 0, 'weight_decay_f': 0.0002467131358202157, 'MAX_EPOCH': 100, 'max_epoch_f': 500}, 'DEVICE': 'cuda', 'seeds': [0], 'eval_T': [50, 100, 200], 'output_dir': '/ddm-nni/AmazonCoBuyComputerDataset¶/log', 'checkpoint_dir': '/ddm-nni/AmazonCoBuyComputerDataset¶/log/checkpoint'}
[2023-03-22 14:33:05] PRINT [03/22 14:33:05 graph]: Rank of current process: 0. World size: 1
[2023-03-22 14:33:09] PRINT [03/22 14:33:09 graph]: Environment info:
[2023-03-22 14:33:09] PRINT PyTorch version: 1.10.0+cu113
[2023-03-22 14:33:09] PRINT Is debug build: False
[2023-03-22 14:33:09] PRINT CUDA used to build PyTorch: 11.3
[2023-03-22 14:33:09] PRINT ROCM used to build PyTorch: N/A
[2023-03-22 14:33:09] PRINT 
[2023-03-22 14:33:09] PRINT OS: Ubuntu 20.04.3 LTS (x86_64)
[2023-03-22 14:33:09] PRINT GCC version: (Ubuntu 9.3.0-17ubuntu1~20.04) 9.3.0
[2023-03-22 14:33:09] PRINT Clang version: Could not collect
[2023-03-22 14:33:09] PRINT CMake version: version 3.16.3
[2023-03-22 14:33:09] PRINT Libc version: glibc-2.31
[2023-03-22 14:33:09] PRINT 
[2023-03-22 14:33:09] PRINT Python version: 3.8.10 (default, Jun  4 2021, 15:09:15)  [GCC 7.5.0] (64-bit runtime)
[2023-03-22 14:33:09] PRINT Python platform: Linux-5.4.0-90-generic-x86_64-with-glibc2.17
[2023-03-22 14:33:09] PRINT Is CUDA available: True
[2023-03-22 14:33:09] PRINT CUDA runtime version: 11.3.109
[2023-03-22 14:33:09] PRINT GPU models and configuration: GPU 0: NVIDIA GeForce RTX 3090
[2023-03-22 14:33:09] PRINT Nvidia driver version: 495.44
[2023-03-22 14:33:09] PRINT cuDNN version: Probably one of the following:
[2023-03-22 14:33:09] PRINT /usr/lib/x86_64-linux-gnu/libcudnn.so.8.2.0
[2023-03-22 14:33:09] PRINT /usr/lib/x86_64-linux-gnu/libcudnn_adv_infer.so.8.2.0
[2023-03-22 14:33:09] PRINT /usr/lib/x86_64-linux-gnu/libcudnn_adv_train.so.8.2.0
[2023-03-22 14:33:09] PRINT /usr/lib/x86_64-linux-gnu/libcudnn_cnn_infer.so.8.2.0
[2023-03-22 14:33:09] PRINT /usr/lib/x86_64-linux-gnu/libcudnn_cnn_train.so.8.2.0
[2023-03-22 14:33:09] PRINT /usr/lib/x86_64-linux-gnu/libcudnn_ops_infer.so.8.2.0
[2023-03-22 14:33:09] PRINT /usr/lib/x86_64-linux-gnu/libcudnn_ops_train.so.8.2.0
[2023-03-22 14:33:09] PRINT HIP runtime version: N/A
[2023-03-22 14:33:09] PRINT MIOpen runtime version: N/A
[2023-03-22 14:33:09] PRINT 
[2023-03-22 14:33:09] PRINT Versions of relevant libraries:
[2023-03-22 14:33:09] PRINT [pip3] numpy==1.23.5
[2023-03-22 14:33:09] PRINT [pip3] torch==1.10.0+cu113
[2023-03-22 14:33:09] PRINT [pip3] torchvision==0.11.1+cu113
[2023-03-22 14:33:09] PRINT [conda] blas                      1.0                         mkl    https://mirrors.ustc.edu.cn/anaconda/pkgs/main
[2023-03-22 14:33:09] PRINT [conda] mkl                       2021.4.0           h06a4308_640    https://mirrors.ustc.edu.cn/anaconda/pkgs/main
[2023-03-22 14:33:09] PRINT [conda] mkl-service               2.4.0            py38h7f8727e_0    https://mirrors.ustc.edu.cn/anaconda/pkgs/main
[2023-03-22 14:33:09] PRINT [conda] mkl_fft                   1.3.1            py38hd3c417c_0    https://mirrors.ustc.edu.cn/anaconda/pkgs/main
[2023-03-22 14:33:09] PRINT [conda] mkl_random                1.2.2            py38h51133e4_0    https://mirrors.ustc.edu.cn/anaconda/pkgs/main
[2023-03-22 14:33:09] PRINT [conda] numpy                     1.21.4                   pypi_0    pypi
[2023-03-22 14:33:09] PRINT [conda] numpy-base                1.23.5           py38h31eccc5_0    https://mirrors.ustc.edu.cn/anaconda/pkgs/main
[2023-03-22 14:33:09] PRINT [conda] torch                     1.10.0+cu113             pypi_0    pypi
[2023-03-22 14:33:09] PRINT [conda] torchvision               0.11.1+cu113             pypi_0    pypi
[2023-03-22 14:33:09] PRINT         Pillow (8.4.0)
[2023-03-22 14:33:09] PRINT [03/22 14:33:09 graph]: Command line arguments: Namespace(local_rank=0, resume=False, seed=1234, start_epoch=0)
[2023-03-22 14:33:09] PRINT [03/22 14:33:09 graph]: Run 0th for seed 0
[2023-03-22 14:33:09] PRINT [03/22 14:33:09 graph]: Total trainable params num : 7920131
[2023-03-22 14:33:13] PRINT [03/22 14:33:13 graph]: ----------Start Training----------
[2023-03-22 14:33:14] PRINT [03/22 14:33:14 graph]: start epoch 0.
[2023-03-22 14:33:14] PRINT [03/22 14:33:14 graph]: # Epoch 0: train_loss: 1.0232 | lr: 0.000253
[2023-03-22 14:33:14] PRINT [03/22 14:33:14 graph]: start epoch 1.
[2023-03-22 14:33:14] PRINT [03/22 14:33:14 graph]: # Epoch 1: train_loss: 0.8227 | lr: 0.000253
[2023-03-22 14:33:14] PRINT [03/22 14:33:14 graph]: start epoch 2.
[2023-03-22 14:33:14] PRINT [03/22 14:33:14 graph]: # Epoch 2: train_loss: 0.7247 | lr: 0.000253
[2023-03-22 14:33:14] PRINT [03/22 14:33:14 graph]: start epoch 3.
[2023-03-22 14:33:14] PRINT [03/22 14:33:14 graph]: # Epoch 3: train_loss: 0.6658 | lr: 0.000253
[2023-03-22 14:33:14] PRINT [03/22 14:33:14 graph]: start epoch 4.
[2023-03-22 14:33:14] PRINT [03/22 14:33:14 graph]: # Epoch 4: train_loss: 0.6291 | lr: 0.000253
[2023-03-22 14:33:14] PRINT [03/22 14:33:14 graph]: start epoch 5.
[2023-03-22 14:33:14] PRINT [03/22 14:33:14 graph]: # Epoch 5: train_loss: 0.6060 | lr: 0.000253
[2023-03-22 14:33:14] PRINT [03/22 14:33:14 graph]: start epoch 6.
[2023-03-22 14:33:14] PRINT [03/22 14:33:14 graph]: # Epoch 6: train_loss: 0.5894 | lr: 0.000253
[2023-03-22 14:33:14] PRINT [03/22 14:33:14 graph]: start epoch 7.
[2023-03-22 14:33:14] PRINT [03/22 14:33:14 graph]: # Epoch 7: train_loss: 0.5772 | lr: 0.000253
[2023-03-22 14:33:14] PRINT [03/22 14:33:14 graph]: start epoch 8.
[2023-03-22 14:33:14] PRINT [03/22 14:33:14 graph]: # Epoch 8: train_loss: 0.5664 | lr: 0.000253
[2023-03-22 14:33:14] PRINT [03/22 14:33:14 graph]: start epoch 9.
[2023-03-22 14:33:15] PRINT [03/22 14:33:15 graph]: # Epoch 9: train_loss: 0.5573 | lr: 0.000253
[2023-03-22 14:33:15] PRINT [03/22 14:33:15 graph]: start epoch 10.
[2023-03-22 14:33:15] PRINT [03/22 14:33:15 graph]: # Epoch 10: train_loss: 0.5492 | lr: 0.000253
[2023-03-22 14:33:15] PRINT [03/22 14:33:15 graph]: start epoch 11.
[2023-03-22 14:33:15] PRINT [03/22 14:33:15 graph]: # Epoch 11: train_loss: 0.5406 | lr: 0.000253
[2023-03-22 14:33:15] PRINT [03/22 14:33:15 graph]: start epoch 12.
[2023-03-22 14:33:15] PRINT [03/22 14:33:15 graph]: # Epoch 12: train_loss: 0.5335 | lr: 0.000253
[2023-03-22 14:33:15] PRINT [03/22 14:33:15 graph]: start epoch 13.
[2023-03-22 14:33:15] PRINT [03/22 14:33:15 graph]: # Epoch 13: train_loss: 0.5269 | lr: 0.000253
[2023-03-22 14:33:15] PRINT [03/22 14:33:15 graph]: start epoch 14.
[2023-03-22 14:33:15] PRINT [03/22 14:33:15 graph]: # Epoch 14: train_loss: 0.5205 | lr: 0.000253
[2023-03-22 14:33:15] PRINT [03/22 14:33:15 graph]: start epoch 15.
[2023-03-22 14:33:15] PRINT [03/22 14:33:15 graph]: # Epoch 15: train_loss: 0.5149 | lr: 0.000253
[2023-03-22 14:33:15] PRINT [03/22 14:33:15 graph]: start epoch 16.
[2023-03-22 14:33:15] PRINT [03/22 14:33:15 graph]: # Epoch 16: train_loss: 0.5097 | lr: 0.000253
[2023-03-22 14:33:15] PRINT [03/22 14:33:15 graph]: start epoch 17.
[2023-03-22 14:33:15] PRINT [03/22 14:33:15 graph]: # Epoch 17: train_loss: 0.5053 | lr: 0.000253
[2023-03-22 14:33:15] PRINT [03/22 14:33:15 graph]: start epoch 18.
[2023-03-22 14:33:15] PRINT [03/22 14:33:15 graph]: # Epoch 18: train_loss: 0.5008 | lr: 0.000253
[2023-03-22 14:33:15] PRINT [03/22 14:33:15 graph]: start epoch 19.
[2023-03-22 14:33:15] PRINT [03/22 14:33:15 graph]: # Epoch 19: train_loss: 0.4967 | lr: 0.000253
[2023-03-22 14:33:15] PRINT [03/22 14:33:15 graph]: start epoch 20.
[2023-03-22 14:33:15] PRINT [03/22 14:33:15 graph]: # Epoch 20: train_loss: 0.4935 | lr: 0.000253
[2023-03-22 14:33:15] PRINT [03/22 14:33:15 graph]: start epoch 21.
[2023-03-22 14:33:15] PRINT [03/22 14:33:15 graph]: # Epoch 21: train_loss: 0.4900 | lr: 0.000253
[2023-03-22 14:33:15] PRINT [03/22 14:33:15 graph]: start epoch 22.
[2023-03-22 14:33:16] PRINT [03/22 14:33:16 graph]: # Epoch 22: train_loss: 0.4870 | lr: 0.000253
[2023-03-22 14:33:16] PRINT [03/22 14:33:16 graph]: start epoch 23.
[2023-03-22 14:33:16] PRINT [03/22 14:33:16 graph]: # Epoch 23: train_loss: 0.4838 | lr: 0.000253
[2023-03-22 14:33:16] PRINT [03/22 14:33:16 graph]: start epoch 24.
[2023-03-22 14:33:16] PRINT [03/22 14:33:16 graph]: # Epoch 24: train_loss: 0.4812 | lr: 0.000253
[2023-03-22 14:33:16] PRINT [03/22 14:33:16 graph]: start epoch 25.
[2023-03-22 14:33:16] PRINT [03/22 14:33:16 graph]: # Epoch 25: train_loss: 0.4785 | lr: 0.000253
[2023-03-22 14:33:16] PRINT [03/22 14:33:16 graph]: start epoch 26.
[2023-03-22 14:33:16] PRINT [03/22 14:33:16 graph]: # Epoch 26: train_loss: 0.4759 | lr: 0.000253
[2023-03-22 14:33:16] PRINT [03/22 14:33:16 graph]: start epoch 27.
[2023-03-22 14:33:16] PRINT [03/22 14:33:16 graph]: # Epoch 27: train_loss: 0.4738 | lr: 0.000253
[2023-03-22 14:33:16] PRINT [03/22 14:33:16 graph]: start epoch 28.
[2023-03-22 14:33:16] PRINT [03/22 14:33:16 graph]: # Epoch 28: train_loss: 0.4713 | lr: 0.000253
[2023-03-22 14:33:16] PRINT [03/22 14:33:16 graph]: start epoch 29.
[2023-03-22 14:33:16] PRINT [03/22 14:33:16 graph]: # Epoch 29: train_loss: 0.4693 | lr: 0.000253
[2023-03-22 14:33:16] PRINT [03/22 14:33:16 graph]: start epoch 30.
[2023-03-22 14:33:16] PRINT [03/22 14:33:16 graph]: # Epoch 30: train_loss: 0.4670 | lr: 0.000253
[2023-03-22 14:33:16] PRINT [03/22 14:33:16 graph]: start epoch 31.
[2023-03-22 14:33:16] PRINT [03/22 14:33:16 graph]: # Epoch 31: train_loss: 0.4650 | lr: 0.000253
[2023-03-22 14:33:16] PRINT [03/22 14:33:16 graph]: start epoch 32.
[2023-03-22 14:33:16] PRINT [03/22 14:33:16 graph]: # Epoch 32: train_loss: 0.4633 | lr: 0.000253
[2023-03-22 14:33:16] PRINT [03/22 14:33:16 graph]: start epoch 33.
[2023-03-22 14:33:16] PRINT [03/22 14:33:16 graph]: # Epoch 33: train_loss: 0.4612 | lr: 0.000253
[2023-03-22 14:33:16] PRINT [03/22 14:33:16 graph]: start epoch 34.
[2023-03-22 14:33:16] PRINT [03/22 14:33:16 graph]: # Epoch 34: train_loss: 0.4604 | lr: 0.000253
[2023-03-22 14:33:16] PRINT [03/22 14:33:16 graph]: start epoch 35.
[2023-03-22 14:33:16] PRINT [03/22 14:33:16 graph]: # Epoch 35: train_loss: 0.4618 | lr: 0.000253
[2023-03-22 14:33:16] PRINT [03/22 14:33:16 graph]: start epoch 36.
[2023-03-22 14:33:17] PRINT [03/22 14:33:17 graph]: # Epoch 36: train_loss: 0.4678 | lr: 0.000253
[2023-03-22 14:33:17] PRINT [03/22 14:33:17 graph]: start epoch 37.
[2023-03-22 14:33:17] PRINT [03/22 14:33:17 graph]: # Epoch 37: train_loss: 0.4670 | lr: 0.000253
[2023-03-22 14:33:17] PRINT [03/22 14:33:17 graph]: start epoch 38.
[2023-03-22 14:33:17] PRINT [03/22 14:33:17 graph]: # Epoch 38: train_loss: 0.4568 | lr: 0.000253
[2023-03-22 14:33:17] PRINT [03/22 14:33:17 graph]: start epoch 39.
[2023-03-22 14:33:17] PRINT [03/22 14:33:17 graph]: # Epoch 39: train_loss: 0.4658 | lr: 0.000253
[2023-03-22 14:33:17] PRINT [03/22 14:33:17 graph]: start epoch 40.
[2023-03-22 14:33:17] PRINT [03/22 14:33:17 graph]: # Epoch 40: train_loss: 0.4533 | lr: 0.000253
[2023-03-22 14:33:17] PRINT [03/22 14:33:17 graph]: start epoch 41.
[2023-03-22 14:33:17] PRINT [03/22 14:33:17 graph]: # Epoch 41: train_loss: 0.4570 | lr: 0.000253
[2023-03-22 14:33:17] PRINT [03/22 14:33:17 graph]: start epoch 42.
[2023-03-22 14:33:17] PRINT [03/22 14:33:17 graph]: # Epoch 42: train_loss: 0.4571 | lr: 0.000253
[2023-03-22 14:33:17] PRINT [03/22 14:33:17 graph]: start epoch 43.
[2023-03-22 14:33:17] PRINT [03/22 14:33:17 graph]: # Epoch 43: train_loss: 0.4523 | lr: 0.000253
[2023-03-22 14:33:17] PRINT [03/22 14:33:17 graph]: start epoch 44.
[2023-03-22 14:33:17] PRINT [03/22 14:33:17 graph]: # Epoch 44: train_loss: 0.4494 | lr: 0.000253
[2023-03-22 14:33:17] PRINT [03/22 14:33:17 graph]: start epoch 45.
[2023-03-22 14:33:17] PRINT [03/22 14:33:17 graph]: # Epoch 45: train_loss: 0.4511 | lr: 0.000253
[2023-03-22 14:33:17] PRINT [03/22 14:33:17 graph]: start epoch 46.
[2023-03-22 14:33:17] PRINT [03/22 14:33:17 graph]: # Epoch 46: train_loss: 0.4492 | lr: 0.000253
[2023-03-22 14:33:17] PRINT [03/22 14:33:17 graph]: start epoch 47.
[2023-03-22 14:33:17] PRINT [03/22 14:33:17 graph]: # Epoch 47: train_loss: 0.4461 | lr: 0.000253
[2023-03-22 14:33:17] PRINT [03/22 14:33:17 graph]: start epoch 48.
[2023-03-22 14:33:17] PRINT [03/22 14:33:17 graph]: # Epoch 48: train_loss: 0.4463 | lr: 0.000253
[2023-03-22 14:33:17] PRINT [03/22 14:33:17 graph]: start epoch 49.
[2023-03-22 14:33:18] PRINT [03/22 14:33:18 graph]: # Epoch 49: train_loss: 0.4462 | lr: 0.000253
[2023-03-22 14:33:18] PRINT [03/22 14:33:18 graph]: start epoch 50.
[2023-03-22 14:33:18] PRINT [03/22 14:33:18 graph]: # Epoch 50: train_loss: 0.4445 | lr: 0.000253
[2023-03-22 14:33:18] PRINT [03/22 14:33:18 graph]: start epoch 51.
[2023-03-22 14:33:18] PRINT [03/22 14:33:18 graph]: # Epoch 51: train_loss: 0.4422 | lr: 0.000253
[2023-03-22 14:33:25] PRINT [03/22 14:33:25 graph]: --- Testf1: 0.88584, Best Valacc: 0.87273 in epoch 445 --- 
[2023-03-22 14:33:25] PRINT [03/22 14:33:25 graph]: Epoch 51: get test acc score:  0.88584
[2023-03-22 14:33:25] PRINT [03/22 14:33:25 graph]: best_f1 0.88584 at epoch 51
[2023-03-22 14:33:25] PRINT [03/22 14:33:25 graph]: start epoch 52.
[2023-03-22 14:33:25] PRINT [03/22 14:33:25 graph]: # Epoch 52: train_loss: 0.4424 | lr: 0.000253
[2023-03-22 14:33:33] PRINT [03/22 14:33:33 graph]: --- Testf1: 0.88466, Best Valacc: 0.87564 in epoch 261 --- 
[2023-03-22 14:33:33] PRINT [03/22 14:33:33 graph]: Epoch 52: get test acc score:  0.88466
[2023-03-22 14:33:33] PRINT [03/22 14:33:33 graph]: best_f1 0.88584 at epoch 51
[2023-03-22 14:33:33] PRINT [03/22 14:33:33 graph]: start epoch 53.
[2023-03-22 14:33:33] PRINT [03/22 14:33:33 graph]: # Epoch 53: train_loss: 0.4415 | lr: 0.000253
[2023-03-22 14:33:40] PRINT [03/22 14:33:40 graph]: --- Testf1: 0.89002, Best Valacc: 0.87055 in epoch 432 --- 
[2023-03-22 14:33:41] PRINT [03/22 14:33:41 graph]: Epoch 53: get test acc score:  0.89002
[2023-03-22 14:33:41] PRINT [03/22 14:33:41 graph]: best_f1 0.89002 at epoch 53
[2023-03-22 14:33:41] PRINT [03/22 14:33:41 graph]: start epoch 54.
[2023-03-22 14:33:41] PRINT [03/22 14:33:41 graph]: # Epoch 54: train_loss: 0.4397 | lr: 0.000253
[2023-03-22 14:33:48] PRINT [03/22 14:33:48 graph]: --- Testf1: 0.88838, Best Valacc: 0.87418 in epoch 425 --- 
[2023-03-22 14:33:48] PRINT [03/22 14:33:48 graph]: Epoch 54: get test acc score:  0.88838
[2023-03-22 14:33:48] PRINT [03/22 14:33:48 graph]: best_f1 0.89002 at epoch 53
[2023-03-22 14:33:48] PRINT [03/22 14:33:48 graph]: start epoch 55.
[2023-03-22 14:33:48] PRINT [03/22 14:33:48 graph]: # Epoch 55: train_loss: 0.4389 | lr: 0.000253
[2023-03-22 14:33:55] PRINT [03/22 14:33:55 graph]: --- Testf1: 0.88938, Best Valacc: 0.87418 in epoch 179 --- 
[2023-03-22 14:33:56] PRINT [03/22 14:33:56 graph]: Epoch 55: get test acc score:  0.88938
[2023-03-22 14:33:56] PRINT [03/22 14:33:56 graph]: best_f1 0.89002 at epoch 53
[2023-03-22 14:33:56] PRINT [03/22 14:33:56 graph]: start epoch 56.
[2023-03-22 14:33:56] PRINT [03/22 14:33:56 graph]: # Epoch 56: train_loss: 0.4389 | lr: 0.000253
[2023-03-22 14:34:03] PRINT [03/22 14:34:03 graph]: --- Testf1: 0.88593, Best Valacc: 0.86691 in epoch 439 --- 
[2023-03-22 14:34:03] PRINT [03/22 14:34:03 graph]: Epoch 56: get test acc score:  0.88593
[2023-03-22 14:34:03] PRINT [03/22 14:34:03 graph]: best_f1 0.89002 at epoch 53
[2023-03-22 14:34:03] PRINT [03/22 14:34:03 graph]: start epoch 57.
[2023-03-22 14:34:03] PRINT [03/22 14:34:03 graph]: # Epoch 57: train_loss: 0.4374 | lr: 0.000253
[2023-03-22 14:34:10] PRINT [03/22 14:34:10 graph]: --- Testf1: 0.88548, Best Valacc: 0.87200 in epoch 415 --- 
[2023-03-22 14:34:11] PRINT [03/22 14:34:11 graph]: Epoch 57: get test acc score:  0.88548
[2023-03-22 14:34:11] PRINT [03/22 14:34:11 graph]: best_f1 0.89002 at epoch 53
[2023-03-22 14:34:11] PRINT [03/22 14:34:11 graph]: start epoch 58.
[2023-03-22 14:34:11] PRINT [03/22 14:34:11 graph]: # Epoch 58: train_loss: 0.4368 | lr: 0.000253
[2023-03-22 14:34:17] PRINT [03/22 14:34:17 graph]: --- Testf1: 0.89093, Best Valacc: 0.87564 in epoch 171 --- 
[2023-03-22 14:34:18] PRINT [03/22 14:34:18 graph]: Epoch 58: get test acc score:  0.89093
[2023-03-22 14:34:18] PRINT [03/22 14:34:18 graph]: best_f1 0.89093 at epoch 58
[2023-03-22 14:34:18] PRINT [03/22 14:34:18 graph]: start epoch 59.
[2023-03-22 14:34:18] PRINT [03/22 14:34:18 graph]: # Epoch 59: train_loss: 0.4358 | lr: 0.000253
[2023-03-22 14:34:23] PRINT [03/22 14:34:23 graph]: --- Testf1: 0.89020, Best Valacc: 0.87055 in epoch 322 --- 
[2023-03-22 14:34:23] PRINT [03/22 14:34:23 graph]: Epoch 59: get test acc score:  0.89020
[2023-03-22 14:34:23] PRINT [03/22 14:34:23 graph]: best_f1 0.89093 at epoch 58
[2023-03-22 14:34:23] PRINT [03/22 14:34:23 graph]: start epoch 60.
[2023-03-22 14:34:23] PRINT [03/22 14:34:23 graph]: # Epoch 60: train_loss: 0.4356 | lr: 0.000253
[2023-03-22 14:34:29] PRINT [03/22 14:34:29 graph]: --- Testf1: 0.89193, Best Valacc: 0.87055 in epoch 304 --- 
[2023-03-22 14:34:29] PRINT [03/22 14:34:29 graph]: Epoch 60: get test acc score:  0.89193
[2023-03-22 14:34:29] PRINT [03/22 14:34:29 graph]: best_f1 0.89193 at epoch 60
[2023-03-22 14:34:29] PRINT [03/22 14:34:29 graph]: start epoch 61.
[2023-03-22 14:34:29] PRINT [03/22 14:34:29 graph]: # Epoch 61: train_loss: 0.4340 | lr: 0.000253
[2023-03-22 14:34:34] PRINT [03/22 14:34:34 graph]: --- Testf1: 0.89266, Best Valacc: 0.87782 in epoch 384 --- 
[2023-03-22 14:34:34] PRINT [03/22 14:34:34 graph]: Epoch 61: get test acc score:  0.89266
[2023-03-22 14:34:34] PRINT [03/22 14:34:34 graph]: best_f1 0.89266 at epoch 61
[2023-03-22 14:34:34] PRINT [03/22 14:34:34 graph]: start epoch 62.
[2023-03-22 14:34:34] PRINT [03/22 14:34:34 graph]: # Epoch 62: train_loss: 0.4330 | lr: 0.000253
[2023-03-22 14:34:43] PRINT [03/22 14:34:43 graph]: --- Testf1: 0.89129, Best Valacc: 0.88073 in epoch 408 --- 
[2023-03-22 14:34:43] PRINT [03/22 14:34:43 graph]: Epoch 62: get test acc score:  0.89129
[2023-03-22 14:34:43] PRINT [03/22 14:34:43 graph]: best_f1 0.89266 at epoch 61
[2023-03-22 14:34:43] PRINT [03/22 14:34:43 graph]: start epoch 63.
[2023-03-22 14:34:43] PRINT [03/22 14:34:43 graph]: # Epoch 63: train_loss: 0.4326 | lr: 0.000253
[2023-03-22 14:34:49] PRINT [03/22 14:34:49 graph]: --- Testf1: 0.88866, Best Valacc: 0.87418 in epoch 274 --- 
[2023-03-22 14:34:49] PRINT [03/22 14:34:49 graph]: Epoch 63: get test acc score:  0.88866
[2023-03-22 14:34:49] PRINT [03/22 14:34:49 graph]: best_f1 0.89266 at epoch 61
[2023-03-22 14:34:49] PRINT [03/22 14:34:49 graph]: start epoch 64.
[2023-03-22 14:34:49] PRINT [03/22 14:34:49 graph]: # Epoch 64: train_loss: 0.4318 | lr: 0.000253
[2023-03-22 14:34:59] PRINT [03/22 14:34:59 graph]: --- Testf1: 0.89211, Best Valacc: 0.87491 in epoch 145 --- 
[2023-03-22 14:34:59] PRINT [03/22 14:34:59 graph]: Epoch 64: get test acc score:  0.89211
[2023-03-22 14:34:59] PRINT [03/22 14:34:59 graph]: best_f1 0.89266 at epoch 61
[2023-03-22 14:34:59] PRINT [03/22 14:34:59 graph]: start epoch 65.
[2023-03-22 14:35:00] PRINT [03/22 14:35:00 graph]: # Epoch 65: train_loss: 0.4310 | lr: 0.000253
[2023-03-22 14:35:07] PRINT [03/22 14:35:07 graph]: --- Testf1: 0.88929, Best Valacc: 0.87273 in epoch 309 --- 
[2023-03-22 14:35:07] PRINT [03/22 14:35:07 graph]: Epoch 65: get test acc score:  0.88929
[2023-03-22 14:35:07] PRINT [03/22 14:35:07 graph]: best_f1 0.89266 at epoch 61
[2023-03-22 14:35:07] PRINT [03/22 14:35:07 graph]: start epoch 66.
[2023-03-22 14:35:07] PRINT [03/22 14:35:07 graph]: # Epoch 66: train_loss: 0.4304 | lr: 0.000253
[2023-03-22 14:35:14] PRINT [03/22 14:35:14 graph]: --- Testf1: 0.88602, Best Valacc: 0.87055 in epoch 118 --- 
[2023-03-22 14:35:14] PRINT [03/22 14:35:14 graph]: Epoch 66: get test acc score:  0.88602
[2023-03-22 14:35:14] PRINT [03/22 14:35:14 graph]: best_f1 0.89266 at epoch 61
[2023-03-22 14:35:14] PRINT [03/22 14:35:14 graph]: start epoch 67.
[2023-03-22 14:35:14] PRINT [03/22 14:35:14 graph]: # Epoch 67: train_loss: 0.4299 | lr: 0.000253
[2023-03-22 14:35:21] PRINT [03/22 14:35:21 graph]: --- Testf1: 0.89229, Best Valacc: 0.87418 in epoch 446 --- 
[2023-03-22 14:35:22] PRINT [03/22 14:35:22 graph]: Epoch 67: get test acc score:  0.89229
[2023-03-22 14:35:22] PRINT [03/22 14:35:22 graph]: best_f1 0.89266 at epoch 61
[2023-03-22 14:35:22] PRINT [03/22 14:35:22 graph]: start epoch 68.
[2023-03-22 14:35:22] PRINT [03/22 14:35:22 graph]: # Epoch 68: train_loss: 0.4285 | lr: 0.000253
[2023-03-22 14:35:29] PRINT [03/22 14:35:29 graph]: --- Testf1: 0.89284, Best Valacc: 0.87127 in epoch 326 --- 
[2023-03-22 14:35:29] PRINT [03/22 14:35:29 graph]: Epoch 68: get test acc score:  0.89284
[2023-03-22 14:35:29] PRINT [03/22 14:35:29 graph]: best_f1 0.89284 at epoch 68
[2023-03-22 14:35:29] PRINT [03/22 14:35:29 graph]: start epoch 69.
[2023-03-22 14:35:29] PRINT [03/22 14:35:29 graph]: # Epoch 69: train_loss: 0.4285 | lr: 0.000253
[2023-03-22 14:35:36] PRINT [03/22 14:35:36 graph]: --- Testf1: 0.89275, Best Valacc: 0.87709 in epoch 163 --- 
[2023-03-22 14:35:36] PRINT [03/22 14:35:36 graph]: Epoch 69: get test acc score:  0.89275
[2023-03-22 14:35:36] PRINT [03/22 14:35:36 graph]: best_f1 0.89284 at epoch 68
[2023-03-22 14:35:36] PRINT [03/22 14:35:36 graph]: start epoch 70.
[2023-03-22 14:35:36] PRINT [03/22 14:35:36 graph]: # Epoch 70: train_loss: 0.4274 | lr: 0.000253
[2023-03-22 14:35:43] PRINT [03/22 14:35:43 graph]: --- Testf1: 0.88693, Best Valacc: 0.87418 in epoch 143 --- 
[2023-03-22 14:35:44] PRINT [03/22 14:35:44 graph]: Epoch 70: get test acc score:  0.88693
[2023-03-22 14:35:44] PRINT [03/22 14:35:44 graph]: best_f1 0.89284 at epoch 68
[2023-03-22 14:35:44] PRINT [03/22 14:35:44 graph]: start epoch 71.
[2023-03-22 14:35:44] PRINT [03/22 14:35:44 graph]: # Epoch 71: train_loss: 0.4274 | lr: 0.000253
[2023-03-22 14:35:51] PRINT [03/22 14:35:51 graph]: --- Testf1: 0.89347, Best Valacc: 0.87273 in epoch 348 --- 
[2023-03-22 14:35:51] PRINT [03/22 14:35:51 graph]: Epoch 71: get test acc score:  0.89347
[2023-03-22 14:35:51] PRINT [03/22 14:35:51 graph]: best_f1 0.89347 at epoch 71
[2023-03-22 14:35:51] PRINT [03/22 14:35:51 graph]: start epoch 72.
[2023-03-22 14:35:51] PRINT [03/22 14:35:51 graph]: # Epoch 72: train_loss: 0.4263 | lr: 0.000253
[2023-03-22 14:35:58] PRINT [03/22 14:35:58 graph]: --- Testf1: 0.89175, Best Valacc: 0.87345 in epoch 479 --- 
[2023-03-22 14:35:59] PRINT [03/22 14:35:59 graph]: Epoch 72: get test acc score:  0.89175
[2023-03-22 14:35:59] PRINT [03/22 14:35:59 graph]: best_f1 0.89347 at epoch 71
[2023-03-22 14:35:59] PRINT [03/22 14:35:59 graph]: start epoch 73.
[2023-03-22 14:35:59] PRINT [03/22 14:35:59 graph]: # Epoch 73: train_loss: 0.4265 | lr: 0.000253
[2023-03-22 14:36:06] PRINT [03/22 14:36:06 graph]: --- Testf1: 0.88957, Best Valacc: 0.87636 in epoch 196 --- 
[2023-03-22 14:36:06] PRINT [03/22 14:36:06 graph]: Epoch 73: get test acc score:  0.88957
[2023-03-22 14:36:06] PRINT [03/22 14:36:06 graph]: best_f1 0.89347 at epoch 71
[2023-03-22 14:36:06] PRINT [03/22 14:36:06 graph]: start epoch 74.
[2023-03-22 14:36:06] PRINT [03/22 14:36:06 graph]: # Epoch 74: train_loss: 0.4252 | lr: 0.000253
[2023-03-22 14:36:13] PRINT [03/22 14:36:13 graph]: --- Testf1: 0.89520, Best Valacc: 0.87927 in epoch 397 --- 
[2023-03-22 14:36:13] PRINT [03/22 14:36:13 graph]: Epoch 74: get test acc score:  0.89520
[2023-03-22 14:36:13] PRINT [03/22 14:36:13 graph]: best_f1 0.8952 at epoch 74
[2023-03-22 14:36:13] PRINT [03/22 14:36:13 graph]: start epoch 75.
[2023-03-22 14:36:14] PRINT [03/22 14:36:14 graph]: # Epoch 75: train_loss: 0.4248 | lr: 0.000253
[2023-03-22 14:36:21] PRINT [03/22 14:36:21 graph]: --- Testf1: 0.88784, Best Valacc: 0.87273 in epoch 259 --- 
[2023-03-22 14:36:21] PRINT [03/22 14:36:21 graph]: Epoch 75: get test acc score:  0.88784
[2023-03-22 14:36:21] PRINT [03/22 14:36:21 graph]: best_f1 0.8952 at epoch 74
[2023-03-22 14:36:21] PRINT [03/22 14:36:21 graph]: start epoch 76.
[2023-03-22 14:36:21] PRINT [03/22 14:36:21 graph]: # Epoch 76: train_loss: 0.4246 | lr: 0.000253
[2023-03-22 14:36:28] PRINT [03/22 14:36:28 graph]: --- Testf1: 0.88666, Best Valacc: 0.87564 in epoch 372 --- 
[2023-03-22 14:36:28] PRINT [03/22 14:36:28 graph]: Epoch 76: get test acc score:  0.88666
[2023-03-22 14:36:28] PRINT [03/22 14:36:28 graph]: best_f1 0.8952 at epoch 74
[2023-03-22 14:36:28] PRINT [03/22 14:36:28 graph]: start epoch 77.
[2023-03-22 14:36:28] PRINT [03/22 14:36:28 graph]: # Epoch 77: train_loss: 0.4232 | lr: 0.000253
[2023-03-22 14:36:35] PRINT [03/22 14:36:35 graph]: --- Testf1: 0.89347, Best Valacc: 0.87491 in epoch 407 --- 
[2023-03-22 14:36:36] PRINT [03/22 14:36:36 graph]: Epoch 77: get test acc score:  0.89347
[2023-03-22 14:36:36] PRINT [03/22 14:36:36 graph]: best_f1 0.8952 at epoch 74
[2023-03-22 14:36:36] PRINT [03/22 14:36:36 graph]: start epoch 78.
[2023-03-22 14:36:36] PRINT [03/22 14:36:36 graph]: # Epoch 78: train_loss: 0.4226 | lr: 0.000253
[2023-03-22 14:36:43] PRINT [03/22 14:36:43 graph]: --- Testf1: 0.89093, Best Valacc: 0.87564 in epoch 495 --- 
[2023-03-22 14:36:43] PRINT [03/22 14:36:43 graph]: Epoch 78: get test acc score:  0.89093
[2023-03-22 14:36:43] PRINT [03/22 14:36:43 graph]: best_f1 0.8952 at epoch 74
[2023-03-22 14:36:43] PRINT [03/22 14:36:43 graph]: start epoch 79.
[2023-03-22 14:36:43] PRINT [03/22 14:36:43 graph]: # Epoch 79: train_loss: 0.4221 | lr: 0.000253
[2023-03-22 14:36:50] PRINT [03/22 14:36:50 graph]: --- Testf1: 0.89011, Best Valacc: 0.87564 in epoch 255 --- 
[2023-03-22 14:36:50] PRINT [03/22 14:36:50 graph]: Epoch 79: get test acc score:  0.89011
[2023-03-22 14:36:50] PRINT [03/22 14:36:50 graph]: best_f1 0.8952 at epoch 74
[2023-03-22 14:36:50] PRINT [03/22 14:36:50 graph]: start epoch 80.
[2023-03-22 14:36:50] PRINT [03/22 14:36:50 graph]: # Epoch 80: train_loss: 0.4214 | lr: 0.000253
[2023-03-22 14:36:58] PRINT [03/22 14:36:58 graph]: --- Testf1: 0.88902, Best Valacc: 0.87055 in epoch 198 --- 
[2023-03-22 14:36:58] PRINT [03/22 14:36:58 graph]: Epoch 80: get test acc score:  0.88902
[2023-03-22 14:36:58] PRINT [03/22 14:36:58 graph]: best_f1 0.8952 at epoch 74
[2023-03-22 14:36:58] PRINT [03/22 14:36:58 graph]: start epoch 81.
[2023-03-22 14:36:58] PRINT [03/22 14:36:58 graph]: # Epoch 81: train_loss: 0.4209 | lr: 0.000253
[2023-03-22 14:37:05] PRINT [03/22 14:37:05 graph]: --- Testf1: 0.89129, Best Valacc: 0.87564 in epoch 371 --- 
[2023-03-22 14:37:05] PRINT [03/22 14:37:05 graph]: Epoch 81: get test acc score:  0.89129
[2023-03-22 14:37:05] PRINT [03/22 14:37:05 graph]: best_f1 0.8952 at epoch 74
[2023-03-22 14:37:05] PRINT [03/22 14:37:05 graph]: start epoch 82.
[2023-03-22 14:37:05] PRINT [03/22 14:37:05 graph]: # Epoch 82: train_loss: 0.4204 | lr: 0.000253
[2023-03-22 14:37:12] PRINT [03/22 14:37:12 graph]: --- Testf1: 0.88984, Best Valacc: 0.87636 in epoch 295 --- 
[2023-03-22 14:37:13] PRINT [03/22 14:37:13 graph]: Epoch 82: get test acc score:  0.88984
[2023-03-22 14:37:13] PRINT [03/22 14:37:13 graph]: best_f1 0.8952 at epoch 74
[2023-03-22 14:37:13] PRINT [03/22 14:37:13 graph]: start epoch 83.
[2023-03-22 14:37:13] PRINT [03/22 14:37:13 graph]: # Epoch 83: train_loss: 0.4205 | lr: 0.000253
[2023-03-22 14:37:20] PRINT [03/22 14:37:20 graph]: --- Testf1: 0.89375, Best Valacc: 0.87345 in epoch 377 --- 
[2023-03-22 14:37:20] PRINT [03/22 14:37:20 graph]: Epoch 83: get test acc score:  0.89375
[2023-03-22 14:37:20] PRINT [03/22 14:37:20 graph]: best_f1 0.8952 at epoch 74
[2023-03-22 14:37:20] PRINT [03/22 14:37:20 graph]: start epoch 84.
[2023-03-22 14:37:20] PRINT [03/22 14:37:20 graph]: # Epoch 84: train_loss: 0.4199 | lr: 0.000253
[2023-03-22 14:37:27] PRINT [03/22 14:37:27 graph]: --- Testf1: 0.89047, Best Valacc: 0.87055 in epoch 364 --- 
[2023-03-22 14:37:28] PRINT [03/22 14:37:28 graph]: Epoch 84: get test acc score:  0.89047
[2023-03-22 14:37:28] PRINT [03/22 14:37:28 graph]: best_f1 0.8952 at epoch 74
[2023-03-22 14:37:28] PRINT [03/22 14:37:28 graph]: start epoch 85.
[2023-03-22 14:37:28] PRINT [03/22 14:37:28 graph]: # Epoch 85: train_loss: 0.4195 | lr: 0.000253
[2023-03-22 14:37:35] PRINT [03/22 14:37:35 graph]: --- Testf1: 0.89011, Best Valacc: 0.87273 in epoch 192 --- 
[2023-03-22 14:37:35] PRINT [03/22 14:37:35 graph]: Epoch 85: get test acc score:  0.89011
[2023-03-22 14:37:35] PRINT [03/22 14:37:35 graph]: best_f1 0.8952 at epoch 74
[2023-03-22 14:37:35] PRINT [03/22 14:37:35 graph]: start epoch 86.
[2023-03-22 14:37:35] PRINT [03/22 14:37:35 graph]: # Epoch 86: train_loss: 0.4188 | lr: 0.000253
[2023-03-22 14:37:42] PRINT [03/22 14:37:42 graph]: --- Testf1: 0.88766, Best Valacc: 0.87200 in epoch 199 --- 
[2023-03-22 14:37:43] PRINT [03/22 14:37:43 graph]: Epoch 86: get test acc score:  0.88766
[2023-03-22 14:37:43] PRINT [03/22 14:37:43 graph]: best_f1 0.8952 at epoch 74
[2023-03-22 14:37:43] PRINT [03/22 14:37:43 graph]: start epoch 87.
[2023-03-22 14:37:43] PRINT [03/22 14:37:43 graph]: # Epoch 87: train_loss: 0.4186 | lr: 0.000253
[2023-03-22 14:37:50] PRINT [03/22 14:37:50 graph]: --- Testf1: 0.88820, Best Valacc: 0.88073 in epoch 334 --- 
[2023-03-22 14:37:50] PRINT [03/22 14:37:50 graph]: Epoch 87: get test acc score:  0.88820
[2023-03-22 14:37:50] PRINT [03/22 14:37:50 graph]: best_f1 0.8952 at epoch 74
[2023-03-22 14:37:50] PRINT [03/22 14:37:50 graph]: start epoch 88.
[2023-03-22 14:37:50] PRINT [03/22 14:37:50 graph]: # Epoch 88: train_loss: 0.4177 | lr: 0.000253
[2023-03-22 14:37:57] PRINT [03/22 14:37:57 graph]: --- Testf1: 0.89084, Best Valacc: 0.87273 in epoch 423 --- 
[2023-03-22 14:37:57] PRINT [03/22 14:37:57 graph]: Epoch 88: get test acc score:  0.89084
[2023-03-22 14:37:57] PRINT [03/22 14:37:57 graph]: best_f1 0.8952 at epoch 74
[2023-03-22 14:37:57] PRINT [03/22 14:37:57 graph]: start epoch 89.
[2023-03-22 14:37:57] PRINT [03/22 14:37:57 graph]: # Epoch 89: train_loss: 0.4182 | lr: 0.000253
[2023-03-22 14:38:04] PRINT [03/22 14:38:04 graph]: --- Testf1: 0.89002, Best Valacc: 0.87127 in epoch 321 --- 
[2023-03-22 14:38:05] PRINT [03/22 14:38:05 graph]: Epoch 89: get test acc score:  0.89002
[2023-03-22 14:38:05] PRINT [03/22 14:38:05 graph]: best_f1 0.8952 at epoch 74
[2023-03-22 14:38:05] PRINT [03/22 14:38:05 graph]: start epoch 90.
[2023-03-22 14:38:05] PRINT [03/22 14:38:05 graph]: # Epoch 90: train_loss: 0.4163 | lr: 0.000253
[2023-03-22 14:38:12] PRINT [03/22 14:38:12 graph]: --- Testf1: 0.89066, Best Valacc: 0.87273 in epoch 291 --- 
[2023-03-22 14:38:12] PRINT [03/22 14:38:12 graph]: Epoch 90: get test acc score:  0.89066
[2023-03-22 14:38:12] PRINT [03/22 14:38:12 graph]: best_f1 0.8952 at epoch 74
[2023-03-22 14:38:12] PRINT [03/22 14:38:12 graph]: start epoch 91.
[2023-03-22 14:38:12] PRINT [03/22 14:38:12 graph]: # Epoch 91: train_loss: 0.4173 | lr: 0.000253
[2023-03-22 14:38:19] PRINT [03/22 14:38:19 graph]: --- Testf1: 0.89347, Best Valacc: 0.87345 in epoch 450 --- 
[2023-03-22 14:38:20] PRINT [03/22 14:38:20 graph]: Epoch 91: get test acc score:  0.89347
[2023-03-22 14:38:20] PRINT [03/22 14:38:20 graph]: best_f1 0.8952 at epoch 74
[2023-03-22 14:38:20] PRINT [03/22 14:38:20 graph]: start epoch 92.
[2023-03-22 14:38:20] PRINT [03/22 14:38:20 graph]: # Epoch 92: train_loss: 0.4169 | lr: 0.000253
[2023-03-22 14:38:27] PRINT [03/22 14:38:27 graph]: --- Testf1: 0.88820, Best Valacc: 0.87345 in epoch 269 --- 
[2023-03-22 14:38:27] PRINT [03/22 14:38:27 graph]: Epoch 92: get test acc score:  0.88820
[2023-03-22 14:38:27] PRINT [03/22 14:38:27 graph]: best_f1 0.8952 at epoch 74
[2023-03-22 14:38:27] PRINT [03/22 14:38:27 graph]: start epoch 93.
[2023-03-22 14:38:27] PRINT [03/22 14:38:27 graph]: # Epoch 93: train_loss: 0.4161 | lr: 0.000253
[2023-03-22 14:38:34] PRINT [03/22 14:38:34 graph]: --- Testf1: 0.89175, Best Valacc: 0.87636 in epoch 160 --- 
[2023-03-22 14:38:35] PRINT [03/22 14:38:35 graph]: Epoch 93: get test acc score:  0.89175
[2023-03-22 14:38:35] PRINT [03/22 14:38:35 graph]: best_f1 0.8952 at epoch 74
[2023-03-22 14:38:35] PRINT [03/22 14:38:35 graph]: start epoch 94.
[2023-03-22 14:38:35] PRINT [03/22 14:38:35 graph]: # Epoch 94: train_loss: 0.4155 | lr: 0.000253
[2023-03-22 14:38:42] PRINT [03/22 14:38:42 graph]: --- Testf1: 0.89356, Best Valacc: 0.87345 in epoch 462 --- 
[2023-03-22 14:38:42] PRINT [03/22 14:38:42 graph]: Epoch 94: get test acc score:  0.89356
[2023-03-22 14:38:42] PRINT [03/22 14:38:42 graph]: best_f1 0.8952 at epoch 74
[2023-03-22 14:38:42] PRINT [03/22 14:38:42 graph]: start epoch 95.
[2023-03-22 14:38:42] PRINT [03/22 14:38:42 graph]: # Epoch 95: train_loss: 0.4152 | lr: 0.000253
[2023-03-22 14:38:49] PRINT [03/22 14:38:49 graph]: --- Testf1: 0.88929, Best Valacc: 0.87636 in epoch 117 --- 
[2023-03-22 14:38:49] PRINT [03/22 14:38:49 graph]: Epoch 95: get test acc score:  0.88929
[2023-03-22 14:38:49] PRINT [03/22 14:38:49 graph]: best_f1 0.8952 at epoch 74
[2023-03-22 14:38:49] PRINT [03/22 14:38:49 graph]: start epoch 96.
[2023-03-22 14:38:49] PRINT [03/22 14:38:49 graph]: # Epoch 96: train_loss: 0.4140 | lr: 0.000253
[2023-03-22 14:38:56] PRINT [03/22 14:38:56 graph]: --- Testf1: 0.89202, Best Valacc: 0.87055 in epoch 239 --- 
[2023-03-22 14:38:57] PRINT [03/22 14:38:57 graph]: Epoch 96: get test acc score:  0.89202
[2023-03-22 14:38:57] PRINT [03/22 14:38:57 graph]: best_f1 0.8952 at epoch 74
[2023-03-22 14:38:57] PRINT [03/22 14:38:57 graph]: start epoch 97.
[2023-03-22 14:38:57] PRINT [03/22 14:38:57 graph]: # Epoch 97: train_loss: 0.4150 | lr: 0.000253
[2023-03-22 14:39:04] PRINT [03/22 14:39:04 graph]: --- Testf1: 0.88611, Best Valacc: 0.86909 in epoch 488 --- 
[2023-03-22 14:39:04] PRINT [03/22 14:39:04 graph]: Epoch 97: get test acc score:  0.88611
[2023-03-22 14:39:04] PRINT [03/22 14:39:04 graph]: best_f1 0.8952 at epoch 74
[2023-03-22 14:39:04] PRINT [03/22 14:39:04 graph]: start epoch 98.
[2023-03-22 14:39:04] PRINT [03/22 14:39:04 graph]: # Epoch 98: train_loss: 0.4136 | lr: 0.000253
[2023-03-22 14:39:11] PRINT [03/22 14:39:11 graph]: --- Testf1: 0.89329, Best Valacc: 0.87782 in epoch 376 --- 
[2023-03-22 14:39:12] PRINT [03/22 14:39:12 graph]: Epoch 98: get test acc score:  0.89329
[2023-03-22 14:39:12] PRINT [03/22 14:39:12 graph]: best_f1 0.8952 at epoch 74
[2023-03-22 14:39:12] PRINT [03/22 14:39:12 graph]: start epoch 99.
[2023-03-22 14:39:12] PRINT [03/22 14:39:12 graph]: # Epoch 99: train_loss: 0.4136 | lr: 0.000253
[2023-03-22 14:39:19] PRINT [03/22 14:39:19 graph]: --- Testf1: 0.89175, Best Valacc: 0.87855 in epoch 339 --- 
[2023-03-22 14:39:19] PRINT [03/22 14:39:19 graph]: Epoch 99: get test acc score:  0.89175
[2023-03-22 14:39:19] PRINT [03/22 14:39:19 graph]: best_f1 0.8952 at epoch 74
[2023-03-22 14:39:19] PRINT [03/22 14:39:19 graph]: # final_acc: 0.89520±0.00000
