[2023-03-18 10:42:02] PRINT ---new cfg------
[2023-03-18 10:42:02] PRINT {'DATA': {'data_name': 'citeseer'}, 'DATALOADER': {'NUM_WORKERS': 0}, 'MODEL': {'num_hidden': 128, 'num_layers': 2, 'nhead': 2, 'activation': 'prelu', 'attn_drop': 0.5, 'feat_drop': 0.4, 'norm': 'layernorm', 'pooler': 'mean', 'beta_schedule': 'sigmoid', 'beta_1': 0.0005602176652791688, 'beta_T': 0.04649623230902824, 'T': 345, 'alpha_l': 2}, 'SOLVER': {'optim_type': 'adam', 'optim_type_f': 'adamw', 'alpha': 0, 'decay': 40, 'LR': 0.00013540237334260178, 'LR_f': 0.007582516651510317, 'weight_decay': 0, 'weight_decay_f': 8.81275740511251e-06, 'MAX_EPOCH': 100, 'max_epoch_f': 200}, 'DEVICE': 'cuda', 'seeds': [0], 'eval_T': [50, 100, 200], 'output_dir': '/ddm-nni/Citeseer/log', 'checkpoint_dir': '/ddm-nni/Citeseer/log/checkpoint'}
[2023-03-18 10:42:02] PRINT [03/18 10:42:02 graph]: Rank of current process: 0. World size: 1
[2023-03-18 10:42:06] PRINT [03/18 10:42:06 graph]: Environment info:
[2023-03-18 10:42:06] PRINT PyTorch version: 1.10.0+cu113
[2023-03-18 10:42:06] PRINT Is debug build: False
[2023-03-18 10:42:06] PRINT CUDA used to build PyTorch: 11.3
[2023-03-18 10:42:06] PRINT ROCM used to build PyTorch: N/A
[2023-03-18 10:42:06] PRINT 
[2023-03-18 10:42:06] PRINT OS: Ubuntu 20.04.3 LTS (x86_64)
[2023-03-18 10:42:06] PRINT GCC version: (Ubuntu 9.3.0-17ubuntu1~20.04) 9.3.0
[2023-03-18 10:42:06] PRINT Clang version: Could not collect
[2023-03-18 10:42:06] PRINT CMake version: version 3.16.3
[2023-03-18 10:42:06] PRINT Libc version: glibc-2.31
[2023-03-18 10:42:06] PRINT 
[2023-03-18 10:42:06] PRINT Python version: 3.8.10 (default, Jun  4 2021, 15:09:15)  [GCC 7.5.0] (64-bit runtime)
[2023-03-18 10:42:06] PRINT Python platform: Linux-5.4.0-90-generic-x86_64-with-glibc2.17
[2023-03-18 10:42:06] PRINT Is CUDA available: True
[2023-03-18 10:42:06] PRINT CUDA runtime version: 11.3.109
[2023-03-18 10:42:06] PRINT GPU models and configuration: GPU 0: NVIDIA GeForce RTX 3090
[2023-03-18 10:42:06] PRINT Nvidia driver version: 495.44
[2023-03-18 10:42:06] PRINT cuDNN version: Probably one of the following:
[2023-03-18 10:42:06] PRINT /usr/lib/x86_64-linux-gnu/libcudnn.so.8.2.0
[2023-03-18 10:42:06] PRINT /usr/lib/x86_64-linux-gnu/libcudnn_adv_infer.so.8.2.0
[2023-03-18 10:42:06] PRINT /usr/lib/x86_64-linux-gnu/libcudnn_adv_train.so.8.2.0
[2023-03-18 10:42:06] PRINT /usr/lib/x86_64-linux-gnu/libcudnn_cnn_infer.so.8.2.0
[2023-03-18 10:42:06] PRINT /usr/lib/x86_64-linux-gnu/libcudnn_cnn_train.so.8.2.0
[2023-03-18 10:42:06] PRINT /usr/lib/x86_64-linux-gnu/libcudnn_ops_infer.so.8.2.0
[2023-03-18 10:42:06] PRINT /usr/lib/x86_64-linux-gnu/libcudnn_ops_train.so.8.2.0
[2023-03-18 10:42:06] PRINT HIP runtime version: N/A
[2023-03-18 10:42:06] PRINT MIOpen runtime version: N/A
[2023-03-18 10:42:06] PRINT 
[2023-03-18 10:42:06] PRINT Versions of relevant libraries:
[2023-03-18 10:42:06] PRINT [pip3] numpy==1.23.5
[2023-03-18 10:42:06] PRINT [pip3] torch==1.10.0+cu113
[2023-03-18 10:42:06] PRINT [pip3] torchvision==0.11.1+cu113
[2023-03-18 10:42:06] PRINT [conda] blas                      1.0                         mkl    https://mirrors.ustc.edu.cn/anaconda/pkgs/main
[2023-03-18 10:42:06] PRINT [conda] mkl                       2021.4.0           h06a4308_640    https://mirrors.ustc.edu.cn/anaconda/pkgs/main
[2023-03-18 10:42:06] PRINT [conda] mkl-service               2.4.0            py38h7f8727e_0    https://mirrors.ustc.edu.cn/anaconda/pkgs/main
[2023-03-18 10:42:06] PRINT [conda] mkl_fft                   1.3.1            py38hd3c417c_0    https://mirrors.ustc.edu.cn/anaconda/pkgs/main
[2023-03-18 10:42:06] PRINT [conda] mkl_random                1.2.2            py38h51133e4_0    https://mirrors.ustc.edu.cn/anaconda/pkgs/main
[2023-03-18 10:42:06] PRINT [conda] numpy                     1.21.4                   pypi_0    pypi
[2023-03-18 10:42:06] PRINT [conda] numpy-base                1.23.5           py38h31eccc5_0    https://mirrors.ustc.edu.cn/anaconda/pkgs/main
[2023-03-18 10:42:06] PRINT [conda] torch                     1.10.0+cu113             pypi_0    pypi
[2023-03-18 10:42:06] PRINT [conda] torchvision               0.11.1+cu113             pypi_0    pypi
[2023-03-18 10:42:06] PRINT         Pillow (8.4.0)
[2023-03-18 10:42:06] PRINT [03/18 10:42:06 graph]: Command line arguments: Namespace(local_rank=0, resume=False, seed=1234, start_epoch=0)
[2023-03-18 10:42:06] PRINT   NumNodes: 3327
[2023-03-18 10:42:06] PRINT   NumEdges: 9228
[2023-03-18 10:42:06] PRINT   NumFeats: 3703
[2023-03-18 10:42:06] PRINT   NumClasses: 6
[2023-03-18 10:42:06] PRINT   NumTrainingSamples: 120
[2023-03-18 10:42:06] PRINT   NumValidationSamples: 500
[2023-03-18 10:42:06] PRINT   NumTestSamples: 1000
[2023-03-18 10:42:06] PRINT Done loading data from cached files.
[2023-03-18 10:42:06] PRINT [03/18 10:42:06 graph]: Run 0th for seed 0
[2023-03-18 10:42:06] PRINT [03/18 10:42:06 graph]: Total trainable params num : 42923587
[2023-03-18 10:42:10] PRINT [03/18 10:42:10 graph]: ----------Start Training----------
[2023-03-18 10:42:11] PRINT [03/18 10:42:11 graph]: start epoch 0.
[2023-03-18 10:42:11] PRINT [03/18 10:42:11 graph]: # Epoch 0: train_loss: 0.9973 | lr: 0.000135
[2023-03-18 10:42:11] PRINT [03/18 10:42:11 graph]: start epoch 1.
[2023-03-18 10:42:11] PRINT [03/18 10:42:11 graph]: # Epoch 1: train_loss: 0.8782 | lr: 0.000135
[2023-03-18 10:42:11] PRINT [03/18 10:42:11 graph]: start epoch 2.
[2023-03-18 10:42:11] PRINT [03/18 10:42:11 graph]: # Epoch 2: train_loss: 0.8046 | lr: 0.000135
[2023-03-18 10:42:11] PRINT [03/18 10:42:11 graph]: start epoch 3.
[2023-03-18 10:42:11] PRINT [03/18 10:42:11 graph]: # Epoch 3: train_loss: 0.7501 | lr: 0.000135
[2023-03-18 10:42:11] PRINT [03/18 10:42:11 graph]: start epoch 4.
[2023-03-18 10:42:11] PRINT [03/18 10:42:11 graph]: # Epoch 4: train_loss: 0.7134 | lr: 0.000135
[2023-03-18 10:42:11] PRINT [03/18 10:42:11 graph]: start epoch 5.
[2023-03-18 10:42:11] PRINT [03/18 10:42:11 graph]: # Epoch 5: train_loss: 0.6970 | lr: 0.000135
[2023-03-18 10:42:11] PRINT [03/18 10:42:11 graph]: start epoch 6.
[2023-03-18 10:42:11] PRINT [03/18 10:42:11 graph]: # Epoch 6: train_loss: 0.6842 | lr: 0.000135
[2023-03-18 10:42:11] PRINT [03/18 10:42:11 graph]: start epoch 7.
[2023-03-18 10:42:11] PRINT [03/18 10:42:11 graph]: # Epoch 7: train_loss: 0.6775 | lr: 0.000135
[2023-03-18 10:42:11] PRINT [03/18 10:42:11 graph]: start epoch 8.
[2023-03-18 10:42:12] PRINT [03/18 10:42:12 graph]: # Epoch 8: train_loss: 0.6748 | lr: 0.000135
[2023-03-18 10:42:12] PRINT [03/18 10:42:12 graph]: start epoch 9.
[2023-03-18 10:42:12] PRINT [03/18 10:42:12 graph]: # Epoch 9: train_loss: 0.6721 | lr: 0.000135
[2023-03-18 10:42:12] PRINT [03/18 10:42:12 graph]: start epoch 10.
[2023-03-18 10:42:12] PRINT [03/18 10:42:12 graph]: # Epoch 10: train_loss: 0.6700 | lr: 0.000135
[2023-03-18 10:42:12] PRINT [03/18 10:42:12 graph]: start epoch 11.
[2023-03-18 10:42:12] PRINT [03/18 10:42:12 graph]: # Epoch 11: train_loss: 0.6679 | lr: 0.000135
[2023-03-18 10:42:13] PRINT [03/18 10:42:13 graph]: --- Testf1: 0.51800, Best Valacc: 0.43000 in epoch 46 --- 
[2023-03-18 10:42:13] PRINT [03/18 10:42:13 graph]: Epoch 11: get test acc score:  0.518
[2023-03-18 10:42:13] PRINT [03/18 10:42:13 graph]: best_f1 0.518 at epoch 11
[2023-03-18 10:42:13] PRINT [03/18 10:42:13 graph]: start epoch 12.
[2023-03-18 10:42:13] PRINT [03/18 10:42:13 graph]: # Epoch 12: train_loss: 0.6669 | lr: 0.000135
[2023-03-18 10:42:14] PRINT [03/18 10:42:14 graph]: --- Testf1: 0.48800, Best Valacc: 0.43800 in epoch 46 --- 
[2023-03-18 10:42:15] PRINT [03/18 10:42:15 graph]: Epoch 12: get test acc score:  0.488
[2023-03-18 10:42:15] PRINT [03/18 10:42:15 graph]: best_f1 0.518 at epoch 11
[2023-03-18 10:42:15] PRINT [03/18 10:42:15 graph]: start epoch 13.
[2023-03-18 10:42:15] PRINT [03/18 10:42:15 graph]: # Epoch 13: train_loss: 0.6656 | lr: 0.000135
[2023-03-18 10:42:16] PRINT [03/18 10:42:16 graph]: --- Testf1: 0.48800, Best Valacc: 0.44400 in epoch 87 --- 
[2023-03-18 10:42:16] PRINT [03/18 10:42:16 graph]: Epoch 13: get test acc score:  0.488
[2023-03-18 10:42:16] PRINT [03/18 10:42:16 graph]: best_f1 0.518 at epoch 11
[2023-03-18 10:42:16] PRINT [03/18 10:42:16 graph]: start epoch 14.
[2023-03-18 10:42:16] PRINT [03/18 10:42:16 graph]: # Epoch 14: train_loss: 0.6652 | lr: 0.000135
[2023-03-18 10:42:18] PRINT [03/18 10:42:18 graph]: --- Testf1: 0.50900, Best Valacc: 0.43800 in epoch 56 --- 
[2023-03-18 10:42:18] PRINT [03/18 10:42:18 graph]: Epoch 14: get test acc score:  0.509
[2023-03-18 10:42:18] PRINT [03/18 10:42:18 graph]: best_f1 0.518 at epoch 11
[2023-03-18 10:42:18] PRINT [03/18 10:42:18 graph]: start epoch 15.
[2023-03-18 10:42:18] PRINT [03/18 10:42:18 graph]: # Epoch 15: train_loss: 0.6638 | lr: 0.000135
[2023-03-18 10:42:19] PRINT [03/18 10:42:19 graph]: --- Testf1: 0.49800, Best Valacc: 0.44800 in epoch 118 --- 
[2023-03-18 10:42:19] PRINT [03/18 10:42:19 graph]: Epoch 15: get test acc score:  0.498
[2023-03-18 10:42:19] PRINT [03/18 10:42:19 graph]: best_f1 0.518 at epoch 11
[2023-03-18 10:42:19] PRINT [03/18 10:42:19 graph]: start epoch 16.
[2023-03-18 10:42:19] PRINT [03/18 10:42:19 graph]: # Epoch 16: train_loss: 0.6630 | lr: 0.000135
[2023-03-18 10:42:20] PRINT [03/18 10:42:20 graph]: --- Testf1: 0.49300, Best Valacc: 0.42800 in epoch 76 --- 
[2023-03-18 10:42:21] PRINT [03/18 10:42:21 graph]: Epoch 16: get test acc score:  0.493
[2023-03-18 10:42:21] PRINT [03/18 10:42:21 graph]: best_f1 0.518 at epoch 11
[2023-03-18 10:42:21] PRINT [03/18 10:42:21 graph]: start epoch 17.
[2023-03-18 10:42:21] PRINT [03/18 10:42:21 graph]: # Epoch 17: train_loss: 0.6623 | lr: 0.000135
[2023-03-18 10:42:22] PRINT [03/18 10:42:22 graph]: --- Testf1: 0.51200, Best Valacc: 0.43200 in epoch 113 --- 
[2023-03-18 10:42:22] PRINT [03/18 10:42:22 graph]: Epoch 17: get test acc score:  0.512
[2023-03-18 10:42:22] PRINT [03/18 10:42:22 graph]: best_f1 0.518 at epoch 11
[2023-03-18 10:42:22] PRINT [03/18 10:42:22 graph]: start epoch 18.
[2023-03-18 10:42:22] PRINT [03/18 10:42:22 graph]: # Epoch 18: train_loss: 0.6618 | lr: 0.000135
[2023-03-18 10:42:23] PRINT [03/18 10:42:23 graph]: --- Testf1: 0.51200, Best Valacc: 0.43400 in epoch 56 --- 
[2023-03-18 10:42:24] PRINT [03/18 10:42:24 graph]: Epoch 18: get test acc score:  0.512
[2023-03-18 10:42:24] PRINT [03/18 10:42:24 graph]: best_f1 0.518 at epoch 11
[2023-03-18 10:42:24] PRINT [03/18 10:42:24 graph]: start epoch 19.
[2023-03-18 10:42:24] PRINT [03/18 10:42:24 graph]: # Epoch 19: train_loss: 0.6621 | lr: 0.000135
[2023-03-18 10:42:25] PRINT [03/18 10:42:25 graph]: --- Testf1: 0.50800, Best Valacc: 0.44400 in epoch 88 --- 
[2023-03-18 10:42:25] PRINT [03/18 10:42:25 graph]: Epoch 19: get test acc score:  0.508
[2023-03-18 10:42:25] PRINT [03/18 10:42:25 graph]: best_f1 0.518 at epoch 11
[2023-03-18 10:42:25] PRINT [03/18 10:42:25 graph]: start epoch 20.
[2023-03-18 10:42:25] PRINT [03/18 10:42:25 graph]: # Epoch 20: train_loss: 0.6617 | lr: 0.000135
[2023-03-18 10:42:27] PRINT [03/18 10:42:27 graph]: --- Testf1: 0.52900, Best Valacc: 0.44600 in epoch 90 --- 
[2023-03-18 10:42:27] PRINT [03/18 10:42:27 graph]: Epoch 20: get test acc score:  0.529
[2023-03-18 10:42:27] PRINT [03/18 10:42:27 graph]: best_f1 0.529 at epoch 20
[2023-03-18 10:42:27] PRINT [03/18 10:42:27 graph]: start epoch 21.
[2023-03-18 10:42:27] PRINT [03/18 10:42:27 graph]: # Epoch 21: train_loss: 0.6607 | lr: 0.000135
[2023-03-18 10:42:28] PRINT [03/18 10:42:28 graph]: --- Testf1: 0.51200, Best Valacc: 0.45600 in epoch 57 --- 
[2023-03-18 10:42:28] PRINT [03/18 10:42:28 graph]: Epoch 21: get test acc score:  0.512
[2023-03-18 10:42:28] PRINT [03/18 10:42:28 graph]: best_f1 0.529 at epoch 20
[2023-03-18 10:42:28] PRINT [03/18 10:42:28 graph]: start epoch 22.
[2023-03-18 10:42:28] PRINT [03/18 10:42:28 graph]: # Epoch 22: train_loss: 0.6609 | lr: 0.000135
[2023-03-18 10:42:30] PRINT [03/18 10:42:30 graph]: --- Testf1: 0.51100, Best Valacc: 0.48000 in epoch 25 --- 
[2023-03-18 10:42:30] PRINT [03/18 10:42:30 graph]: Epoch 22: get test acc score:  0.511
[2023-03-18 10:42:30] PRINT [03/18 10:42:30 graph]: best_f1 0.529 at epoch 20
[2023-03-18 10:42:30] PRINT [03/18 10:42:30 graph]: start epoch 23.
[2023-03-18 10:42:30] PRINT [03/18 10:42:30 graph]: # Epoch 23: train_loss: 0.6607 | lr: 0.000135
[2023-03-18 10:42:31] PRINT [03/18 10:42:31 graph]: --- Testf1: 0.52200, Best Valacc: 0.42000 in epoch 31 --- 
[2023-03-18 10:42:31] PRINT [03/18 10:42:31 graph]: Epoch 23: get test acc score:  0.522
[2023-03-18 10:42:31] PRINT [03/18 10:42:31 graph]: best_f1 0.529 at epoch 20
[2023-03-18 10:42:31] PRINT [03/18 10:42:31 graph]: start epoch 24.
[2023-03-18 10:42:31] PRINT [03/18 10:42:31 graph]: # Epoch 24: train_loss: 0.6600 | lr: 0.000135
[2023-03-18 10:42:33] PRINT [03/18 10:42:33 graph]: --- Testf1: 0.50500, Best Valacc: 0.46200 in epoch 73 --- 
[2023-03-18 10:42:33] PRINT [03/18 10:42:33 graph]: Epoch 24: get test acc score:  0.505
[2023-03-18 10:42:33] PRINT [03/18 10:42:33 graph]: best_f1 0.529 at epoch 20
[2023-03-18 10:42:33] PRINT [03/18 10:42:33 graph]: start epoch 25.
[2023-03-18 10:42:33] PRINT [03/18 10:42:33 graph]: # Epoch 25: train_loss: 0.6597 | lr: 0.000135
[2023-03-18 10:42:34] PRINT [03/18 10:42:34 graph]: --- Testf1: 0.50200, Best Valacc: 0.41200 in epoch 43 --- 
[2023-03-18 10:42:34] PRINT [03/18 10:42:34 graph]: Epoch 25: get test acc score:  0.502
[2023-03-18 10:42:34] PRINT [03/18 10:42:34 graph]: best_f1 0.529 at epoch 20
[2023-03-18 10:42:34] PRINT [03/18 10:42:34 graph]: start epoch 26.
[2023-03-18 10:42:34] PRINT [03/18 10:42:34 graph]: # Epoch 26: train_loss: 0.6598 | lr: 0.000135
[2023-03-18 10:42:36] PRINT [03/18 10:42:36 graph]: --- Testf1: 0.51200, Best Valacc: 0.42600 in epoch 33 --- 
[2023-03-18 10:42:36] PRINT [03/18 10:42:36 graph]: Epoch 26: get test acc score:  0.512
[2023-03-18 10:42:36] PRINT [03/18 10:42:36 graph]: best_f1 0.529 at epoch 20
[2023-03-18 10:42:36] PRINT [03/18 10:42:36 graph]: start epoch 27.
[2023-03-18 10:42:36] PRINT [03/18 10:42:36 graph]: # Epoch 27: train_loss: 0.6596 | lr: 0.000135
[2023-03-18 10:42:37] PRINT [03/18 10:42:37 graph]: --- Testf1: 0.51800, Best Valacc: 0.46200 in epoch 81 --- 
[2023-03-18 10:42:37] PRINT [03/18 10:42:37 graph]: Epoch 27: get test acc score:  0.518
[2023-03-18 10:42:37] PRINT [03/18 10:42:37 graph]: best_f1 0.529 at epoch 20
[2023-03-18 10:42:37] PRINT [03/18 10:42:37 graph]: start epoch 28.
[2023-03-18 10:42:38] PRINT [03/18 10:42:38 graph]: # Epoch 28: train_loss: 0.6596 | lr: 0.000135
[2023-03-18 10:42:39] PRINT [03/18 10:42:39 graph]: --- Testf1: 0.54600, Best Valacc: 0.43800 in epoch 20 --- 
[2023-03-18 10:42:39] PRINT [03/18 10:42:39 graph]: Epoch 28: get test acc score:  0.546
[2023-03-18 10:42:39] PRINT [03/18 10:42:39 graph]: best_f1 0.546 at epoch 28
[2023-03-18 10:42:39] PRINT [03/18 10:42:39 graph]: start epoch 29.
[2023-03-18 10:42:39] PRINT [03/18 10:42:39 graph]: # Epoch 29: train_loss: 0.6595 | lr: 0.000135
[2023-03-18 10:42:40] PRINT [03/18 10:42:40 graph]: --- Testf1: 0.51500, Best Valacc: 0.44600 in epoch 51 --- 
[2023-03-18 10:42:40] PRINT [03/18 10:42:40 graph]: Epoch 29: get test acc score:  0.515
[2023-03-18 10:42:40] PRINT [03/18 10:42:40 graph]: best_f1 0.546 at epoch 28
[2023-03-18 10:42:40] PRINT [03/18 10:42:40 graph]: start epoch 30.
[2023-03-18 10:42:41] PRINT [03/18 10:42:41 graph]: # Epoch 30: train_loss: 0.6592 | lr: 0.000135
[2023-03-18 10:42:42] PRINT [03/18 10:42:42 graph]: --- Testf1: 0.52600, Best Valacc: 0.46600 in epoch 20 --- 
[2023-03-18 10:42:42] PRINT [03/18 10:42:42 graph]: Epoch 30: get test acc score:  0.526
[2023-03-18 10:42:42] PRINT [03/18 10:42:42 graph]: best_f1 0.546 at epoch 28
[2023-03-18 10:42:42] PRINT [03/18 10:42:42 graph]: start epoch 31.
[2023-03-18 10:42:42] PRINT [03/18 10:42:42 graph]: # Epoch 31: train_loss: 0.6590 | lr: 0.000135
[2023-03-18 10:42:43] PRINT [03/18 10:42:43 graph]: --- Testf1: 0.54300, Best Valacc: 0.43200 in epoch 34 --- 
[2023-03-18 10:42:43] PRINT [03/18 10:42:43 graph]: Epoch 31: get test acc score:  0.543
[2023-03-18 10:42:43] PRINT [03/18 10:42:43 graph]: best_f1 0.546 at epoch 28
[2023-03-18 10:42:43] PRINT [03/18 10:42:43 graph]: start epoch 32.
[2023-03-18 10:42:43] PRINT [03/18 10:42:43 graph]: # Epoch 32: train_loss: 0.6590 | lr: 0.000135
[2023-03-18 10:42:45] PRINT [03/18 10:42:45 graph]: --- Testf1: 0.54800, Best Valacc: 0.44600 in epoch 36 --- 
[2023-03-18 10:42:45] PRINT [03/18 10:42:45 graph]: Epoch 32: get test acc score:  0.548
[2023-03-18 10:42:45] PRINT [03/18 10:42:45 graph]: best_f1 0.548 at epoch 32
[2023-03-18 10:42:45] PRINT [03/18 10:42:45 graph]: start epoch 33.
[2023-03-18 10:42:45] PRINT [03/18 10:42:45 graph]: # Epoch 33: train_loss: 0.6588 | lr: 0.000135
[2023-03-18 10:42:46] PRINT [03/18 10:42:46 graph]: --- Testf1: 0.52500, Best Valacc: 0.44000 in epoch 28 --- 
[2023-03-18 10:42:46] PRINT [03/18 10:42:46 graph]: Epoch 33: get test acc score:  0.525
[2023-03-18 10:42:46] PRINT [03/18 10:42:46 graph]: best_f1 0.548 at epoch 32
[2023-03-18 10:42:46] PRINT [03/18 10:42:46 graph]: start epoch 34.
[2023-03-18 10:42:46] PRINT [03/18 10:42:46 graph]: # Epoch 34: train_loss: 0.6587 | lr: 0.000135
[2023-03-18 10:42:48] PRINT [03/18 10:42:48 graph]: --- Testf1: 0.53800, Best Valacc: 0.44400 in epoch 56 --- 
[2023-03-18 10:42:48] PRINT [03/18 10:42:48 graph]: Epoch 34: get test acc score:  0.538
[2023-03-18 10:42:48] PRINT [03/18 10:42:48 graph]: best_f1 0.548 at epoch 32
[2023-03-18 10:42:48] PRINT [03/18 10:42:48 graph]: start epoch 35.
[2023-03-18 10:42:48] PRINT [03/18 10:42:48 graph]: # Epoch 35: train_loss: 0.6585 | lr: 0.000135
[2023-03-18 10:42:49] PRINT [03/18 10:42:49 graph]: --- Testf1: 0.52900, Best Valacc: 0.43800 in epoch 33 --- 
[2023-03-18 10:42:49] PRINT [03/18 10:42:49 graph]: Epoch 35: get test acc score:  0.529
[2023-03-18 10:42:49] PRINT [03/18 10:42:49 graph]: best_f1 0.548 at epoch 32
[2023-03-18 10:42:49] PRINT [03/18 10:42:49 graph]: start epoch 36.
[2023-03-18 10:42:49] PRINT [03/18 10:42:49 graph]: # Epoch 36: train_loss: 0.6587 | lr: 0.000135
[2023-03-18 10:42:51] PRINT [03/18 10:42:51 graph]: --- Testf1: 0.55100, Best Valacc: 0.42400 in epoch 102 --- 
[2023-03-18 10:42:51] PRINT [03/18 10:42:51 graph]: Epoch 36: get test acc score:  0.551
[2023-03-18 10:42:51] PRINT [03/18 10:42:51 graph]: best_f1 0.551 at epoch 36
[2023-03-18 10:42:51] PRINT [03/18 10:42:51 graph]: start epoch 37.
[2023-03-18 10:42:51] PRINT [03/18 10:42:51 graph]: # Epoch 37: train_loss: 0.6585 | lr: 0.000135
[2023-03-18 10:42:52] PRINT [03/18 10:42:52 graph]: --- Testf1: 0.52700, Best Valacc: 0.44000 in epoch 58 --- 
[2023-03-18 10:42:52] PRINT [03/18 10:42:52 graph]: Epoch 37: get test acc score:  0.527
[2023-03-18 10:42:52] PRINT [03/18 10:42:52 graph]: best_f1 0.551 at epoch 36
[2023-03-18 10:42:52] PRINT [03/18 10:42:52 graph]: start epoch 38.
[2023-03-18 10:42:52] PRINT [03/18 10:42:52 graph]: # Epoch 38: train_loss: 0.6588 | lr: 0.000135
[2023-03-18 10:42:54] PRINT [03/18 10:42:54 graph]: --- Testf1: 0.51900, Best Valacc: 0.47200 in epoch 48 --- 
[2023-03-18 10:42:54] PRINT [03/18 10:42:54 graph]: Epoch 38: get test acc score:  0.519
[2023-03-18 10:42:54] PRINT [03/18 10:42:54 graph]: best_f1 0.551 at epoch 36
[2023-03-18 10:42:54] PRINT [03/18 10:42:54 graph]: start epoch 39.
[2023-03-18 10:42:54] PRINT [03/18 10:42:54 graph]: # Epoch 39: train_loss: 0.6586 | lr: 0.000135
[2023-03-18 10:42:55] PRINT [03/18 10:42:55 graph]: --- Testf1: 0.53600, Best Valacc: 0.45800 in epoch 58 --- 
[2023-03-18 10:42:55] PRINT [03/18 10:42:55 graph]: Epoch 39: get test acc score:  0.536
[2023-03-18 10:42:55] PRINT [03/18 10:42:55 graph]: best_f1 0.551 at epoch 36
[2023-03-18 10:42:55] PRINT [03/18 10:42:55 graph]: start epoch 40.
[2023-03-18 10:42:55] PRINT [03/18 10:42:55 graph]: # Epoch 40: train_loss: 0.6581 | lr: 0.000000
[2023-03-18 10:42:57] PRINT [03/18 10:42:57 graph]: --- Testf1: 0.55700, Best Valacc: 0.42400 in epoch 65 --- 
[2023-03-18 10:42:57] PRINT [03/18 10:42:57 graph]: Epoch 40: get test acc score:  0.557
[2023-03-18 10:42:57] PRINT [03/18 10:42:57 graph]: best_f1 0.557 at epoch 40
[2023-03-18 10:42:57] PRINT [03/18 10:42:57 graph]: start epoch 41.
[2023-03-18 10:42:57] PRINT [03/18 10:42:57 graph]: # Epoch 41: train_loss: 0.6581 | lr: 0.000000
[2023-03-18 10:42:58] PRINT [03/18 10:42:58 graph]: --- Testf1: 0.54500, Best Valacc: 0.43400 in epoch 20 --- 
[2023-03-18 10:42:58] PRINT [03/18 10:42:58 graph]: Epoch 41: get test acc score:  0.545
[2023-03-18 10:42:58] PRINT [03/18 10:42:58 graph]: best_f1 0.557 at epoch 40
[2023-03-18 10:42:58] PRINT [03/18 10:42:58 graph]: start epoch 42.
[2023-03-18 10:42:58] PRINT [03/18 10:42:58 graph]: # Epoch 42: train_loss: 0.6581 | lr: 0.000000
[2023-03-18 10:43:00] PRINT [03/18 10:43:00 graph]: --- Testf1: 0.52300, Best Valacc: 0.43800 in epoch 156 --- 
[2023-03-18 10:43:00] PRINT [03/18 10:43:00 graph]: Epoch 42: get test acc score:  0.523
[2023-03-18 10:43:00] PRINT [03/18 10:43:00 graph]: best_f1 0.557 at epoch 40
[2023-03-18 10:43:00] PRINT [03/18 10:43:00 graph]: start epoch 43.
[2023-03-18 10:43:00] PRINT [03/18 10:43:00 graph]: # Epoch 43: train_loss: 0.6583 | lr: 0.000000
[2023-03-18 10:43:01] PRINT [03/18 10:43:01 graph]: --- Testf1: 0.53600, Best Valacc: 0.44200 in epoch 24 --- 
[2023-03-18 10:43:01] PRINT [03/18 10:43:01 graph]: Epoch 43: get test acc score:  0.536
[2023-03-18 10:43:01] PRINT [03/18 10:43:01 graph]: best_f1 0.557 at epoch 40
[2023-03-18 10:43:01] PRINT [03/18 10:43:01 graph]: start epoch 44.
[2023-03-18 10:43:01] PRINT [03/18 10:43:01 graph]: # Epoch 44: train_loss: 0.6584 | lr: 0.000000
[2023-03-18 10:43:03] PRINT [03/18 10:43:03 graph]: --- Testf1: 0.52400, Best Valacc: 0.42600 in epoch 33 --- 
[2023-03-18 10:43:03] PRINT [03/18 10:43:03 graph]: Epoch 44: get test acc score:  0.524
[2023-03-18 10:43:03] PRINT [03/18 10:43:03 graph]: best_f1 0.557 at epoch 40
[2023-03-18 10:43:03] PRINT [03/18 10:43:03 graph]: start epoch 45.
[2023-03-18 10:43:03] PRINT [03/18 10:43:03 graph]: # Epoch 45: train_loss: 0.6585 | lr: 0.000000
[2023-03-18 10:43:04] PRINT [03/18 10:43:04 graph]: --- Testf1: 0.55100, Best Valacc: 0.46000 in epoch 39 --- 
[2023-03-18 10:43:04] PRINT [03/18 10:43:04 graph]: Epoch 45: get test acc score:  0.551
[2023-03-18 10:43:04] PRINT [03/18 10:43:04 graph]: best_f1 0.557 at epoch 40
[2023-03-18 10:43:04] PRINT [03/18 10:43:04 graph]: start epoch 46.
[2023-03-18 10:43:04] PRINT [03/18 10:43:04 graph]: # Epoch 46: train_loss: 0.6582 | lr: 0.000000
[2023-03-18 10:43:06] PRINT [03/18 10:43:06 graph]: --- Testf1: 0.55800, Best Valacc: 0.44800 in epoch 39 --- 
[2023-03-18 10:43:06] PRINT [03/18 10:43:06 graph]: Epoch 46: get test acc score:  0.558
[2023-03-18 10:43:06] PRINT [03/18 10:43:06 graph]: best_f1 0.558 at epoch 46
[2023-03-18 10:43:06] PRINT [03/18 10:43:06 graph]: start epoch 47.
[2023-03-18 10:43:06] PRINT [03/18 10:43:06 graph]: # Epoch 47: train_loss: 0.6584 | lr: 0.000000
[2023-03-18 10:43:07] PRINT [03/18 10:43:07 graph]: --- Testf1: 0.55500, Best Valacc: 0.44400 in epoch 11 --- 
[2023-03-18 10:43:07] PRINT [03/18 10:43:07 graph]: Epoch 47: get test acc score:  0.555
[2023-03-18 10:43:07] PRINT [03/18 10:43:07 graph]: best_f1 0.558 at epoch 46
[2023-03-18 10:43:07] PRINT [03/18 10:43:07 graph]: start epoch 48.
[2023-03-18 10:43:07] PRINT [03/18 10:43:07 graph]: # Epoch 48: train_loss: 0.6582 | lr: 0.000000
[2023-03-18 10:43:09] PRINT [03/18 10:43:09 graph]: --- Testf1: 0.55400, Best Valacc: 0.45000 in epoch 10 --- 
[2023-03-18 10:43:09] PRINT [03/18 10:43:09 graph]: Epoch 48: get test acc score:  0.554
[2023-03-18 10:43:09] PRINT [03/18 10:43:09 graph]: best_f1 0.558 at epoch 46
[2023-03-18 10:43:09] PRINT [03/18 10:43:09 graph]: start epoch 49.
[2023-03-18 10:43:09] PRINT [03/18 10:43:09 graph]: # Epoch 49: train_loss: 0.6581 | lr: 0.000000
[2023-03-18 10:43:10] PRINT [03/18 10:43:10 graph]: --- Testf1: 0.54000, Best Valacc: 0.44800 in epoch 37 --- 
[2023-03-18 10:43:10] PRINT [03/18 10:43:10 graph]: Epoch 49: get test acc score:  0.540
[2023-03-18 10:43:10] PRINT [03/18 10:43:10 graph]: best_f1 0.558 at epoch 46
[2023-03-18 10:43:10] PRINT [03/18 10:43:10 graph]: start epoch 50.
[2023-03-18 10:43:10] PRINT [03/18 10:43:10 graph]: # Epoch 50: train_loss: 0.6582 | lr: 0.000000
[2023-03-18 10:43:12] PRINT [03/18 10:43:12 graph]: --- Testf1: 0.53400, Best Valacc: 0.45800 in epoch 26 --- 
[2023-03-18 10:43:12] PRINT [03/18 10:43:12 graph]: Epoch 50: get test acc score:  0.534
[2023-03-18 10:43:12] PRINT [03/18 10:43:12 graph]: best_f1 0.558 at epoch 46
[2023-03-18 10:43:12] PRINT [03/18 10:43:12 graph]: start epoch 51.
[2023-03-18 10:43:12] PRINT [03/18 10:43:12 graph]: # Epoch 51: train_loss: 0.6581 | lr: 0.000000
[2023-03-18 10:43:13] PRINT [03/18 10:43:13 graph]: --- Testf1: 0.54400, Best Valacc: 0.42600 in epoch 23 --- 
[2023-03-18 10:43:13] PRINT [03/18 10:43:13 graph]: Epoch 51: get test acc score:  0.544
[2023-03-18 10:43:13] PRINT [03/18 10:43:13 graph]: best_f1 0.558 at epoch 46
[2023-03-18 10:43:13] PRINT [03/18 10:43:13 graph]: start epoch 52.
[2023-03-18 10:43:13] PRINT [03/18 10:43:13 graph]: # Epoch 52: train_loss: 0.6581 | lr: 0.000000
[2023-03-18 10:43:15] PRINT [03/18 10:43:15 graph]: --- Testf1: 0.52800, Best Valacc: 0.45400 in epoch 153 --- 
[2023-03-18 10:43:15] PRINT [03/18 10:43:15 graph]: Epoch 52: get test acc score:  0.528
[2023-03-18 10:43:15] PRINT [03/18 10:43:15 graph]: best_f1 0.558 at epoch 46
[2023-03-18 10:43:15] PRINT [03/18 10:43:15 graph]: start epoch 53.
[2023-03-18 10:43:15] PRINT [03/18 10:43:15 graph]: # Epoch 53: train_loss: 0.6586 | lr: 0.000000
[2023-03-18 10:43:16] PRINT [03/18 10:43:16 graph]: --- Testf1: 0.56000, Best Valacc: 0.45800 in epoch 28 --- 
[2023-03-18 10:43:16] PRINT [03/18 10:43:16 graph]: Epoch 53: get test acc score:  0.560
[2023-03-18 10:43:16] PRINT [03/18 10:43:16 graph]: best_f1 0.560 at epoch 53
[2023-03-18 10:43:16] PRINT [03/18 10:43:16 graph]: start epoch 54.
[2023-03-18 10:43:16] PRINT [03/18 10:43:16 graph]: # Epoch 54: train_loss: 0.6583 | lr: 0.000000
[2023-03-18 10:43:18] PRINT [03/18 10:43:18 graph]: --- Testf1: 0.52900, Best Valacc: 0.46400 in epoch 32 --- 
[2023-03-18 10:43:18] PRINT [03/18 10:43:18 graph]: Epoch 54: get test acc score:  0.529
[2023-03-18 10:43:18] PRINT [03/18 10:43:18 graph]: best_f1 0.560 at epoch 53
[2023-03-18 10:43:18] PRINT [03/18 10:43:18 graph]: start epoch 55.
[2023-03-18 10:43:18] PRINT [03/18 10:43:18 graph]: # Epoch 55: train_loss: 0.6580 | lr: 0.000000
[2023-03-18 10:43:19] PRINT [03/18 10:43:19 graph]: --- Testf1: 0.54100, Best Valacc: 0.45200 in epoch 40 --- 
[2023-03-18 10:43:19] PRINT [03/18 10:43:19 graph]: Epoch 55: get test acc score:  0.541
[2023-03-18 10:43:19] PRINT [03/18 10:43:19 graph]: best_f1 0.560 at epoch 53
[2023-03-18 10:43:19] PRINT [03/18 10:43:19 graph]: start epoch 56.
[2023-03-18 10:43:19] PRINT [03/18 10:43:19 graph]: # Epoch 56: train_loss: 0.6583 | lr: 0.000000
[2023-03-18 10:43:21] PRINT [03/18 10:43:21 graph]: --- Testf1: 0.55100, Best Valacc: 0.45000 in epoch 10 --- 
[2023-03-18 10:43:21] PRINT [03/18 10:43:21 graph]: Epoch 56: get test acc score:  0.551
[2023-03-18 10:43:21] PRINT [03/18 10:43:21 graph]: best_f1 0.560 at epoch 53
[2023-03-18 10:43:21] PRINT [03/18 10:43:21 graph]: start epoch 57.
[2023-03-18 10:43:21] PRINT [03/18 10:43:21 graph]: # Epoch 57: train_loss: 0.6583 | lr: 0.000000
[2023-03-18 10:43:22] PRINT [03/18 10:43:22 graph]: --- Testf1: 0.54000, Best Valacc: 0.45600 in epoch 66 --- 
[2023-03-18 10:43:22] PRINT [03/18 10:43:22 graph]: Epoch 57: get test acc score:  0.540
[2023-03-18 10:43:22] PRINT [03/18 10:43:22 graph]: best_f1 0.560 at epoch 53
[2023-03-18 10:43:22] PRINT [03/18 10:43:22 graph]: start epoch 58.
[2023-03-18 10:43:22] PRINT [03/18 10:43:22 graph]: # Epoch 58: train_loss: 0.6583 | lr: 0.000000
[2023-03-18 10:43:24] PRINT [03/18 10:43:24 graph]: --- Testf1: 0.52800, Best Valacc: 0.44200 in epoch 79 --- 
[2023-03-18 10:43:24] PRINT [03/18 10:43:24 graph]: Epoch 58: get test acc score:  0.528
[2023-03-18 10:43:24] PRINT [03/18 10:43:24 graph]: best_f1 0.560 at epoch 53
[2023-03-18 10:43:24] PRINT [03/18 10:43:24 graph]: start epoch 59.
[2023-03-18 10:43:24] PRINT [03/18 10:43:24 graph]: # Epoch 59: train_loss: 0.6579 | lr: 0.000000
[2023-03-18 10:43:25] PRINT [03/18 10:43:25 graph]: --- Testf1: 0.53800, Best Valacc: 0.43600 in epoch 16 --- 
[2023-03-18 10:43:25] PRINT [03/18 10:43:25 graph]: Epoch 59: get test acc score:  0.538
[2023-03-18 10:43:25] PRINT [03/18 10:43:25 graph]: best_f1 0.560 at epoch 53
[2023-03-18 10:43:25] PRINT [03/18 10:43:25 graph]: start epoch 60.
[2023-03-18 10:43:25] PRINT [03/18 10:43:25 graph]: # Epoch 60: train_loss: 0.6583 | lr: 0.000000
[2023-03-18 10:43:27] PRINT [03/18 10:43:27 graph]: --- Testf1: 0.54100, Best Valacc: 0.44800 in epoch 33 --- 
[2023-03-18 10:43:27] PRINT [03/18 10:43:27 graph]: Epoch 60: get test acc score:  0.541
[2023-03-18 10:43:27] PRINT [03/18 10:43:27 graph]: best_f1 0.560 at epoch 53
[2023-03-18 10:43:27] PRINT [03/18 10:43:27 graph]: start epoch 61.
[2023-03-18 10:43:27] PRINT [03/18 10:43:27 graph]: # Epoch 61: train_loss: 0.6582 | lr: 0.000000
[2023-03-18 10:43:28] PRINT [03/18 10:43:28 graph]: --- Testf1: 0.54000, Best Valacc: 0.44800 in epoch 60 --- 
[2023-03-18 10:43:28] PRINT [03/18 10:43:28 graph]: Epoch 61: get test acc score:  0.540
[2023-03-18 10:43:28] PRINT [03/18 10:43:28 graph]: best_f1 0.560 at epoch 53
[2023-03-18 10:43:28] PRINT [03/18 10:43:28 graph]: start epoch 62.
[2023-03-18 10:43:28] PRINT [03/18 10:43:28 graph]: # Epoch 62: train_loss: 0.6583 | lr: 0.000000
[2023-03-18 10:43:30] PRINT [03/18 10:43:30 graph]: --- Testf1: 0.53600, Best Valacc: 0.46400 in epoch 27 --- 
[2023-03-18 10:43:30] PRINT [03/18 10:43:30 graph]: Epoch 62: get test acc score:  0.536
[2023-03-18 10:43:30] PRINT [03/18 10:43:30 graph]: best_f1 0.560 at epoch 53
[2023-03-18 10:43:30] PRINT [03/18 10:43:30 graph]: start epoch 63.
[2023-03-18 10:43:30] PRINT [03/18 10:43:30 graph]: # Epoch 63: train_loss: 0.6587 | lr: 0.000000
[2023-03-18 10:43:31] PRINT [03/18 10:43:31 graph]: --- Testf1: 0.53600, Best Valacc: 0.42200 in epoch 179 --- 
[2023-03-18 10:43:31] PRINT [03/18 10:43:31 graph]: Epoch 63: get test acc score:  0.536
[2023-03-18 10:43:31] PRINT [03/18 10:43:31 graph]: best_f1 0.560 at epoch 53
[2023-03-18 10:43:31] PRINT [03/18 10:43:31 graph]: start epoch 64.
[2023-03-18 10:43:31] PRINT [03/18 10:43:31 graph]: # Epoch 64: train_loss: 0.6581 | lr: 0.000000
[2023-03-18 10:43:33] PRINT [03/18 10:43:33 graph]: --- Testf1: 0.53000, Best Valacc: 0.46400 in epoch 33 --- 
[2023-03-18 10:43:33] PRINT [03/18 10:43:33 graph]: Epoch 64: get test acc score:  0.530
[2023-03-18 10:43:33] PRINT [03/18 10:43:33 graph]: best_f1 0.560 at epoch 53
[2023-03-18 10:43:33] PRINT [03/18 10:43:33 graph]: start epoch 65.
[2023-03-18 10:43:33] PRINT [03/18 10:43:33 graph]: # Epoch 65: train_loss: 0.6580 | lr: 0.000000
[2023-03-18 10:43:34] PRINT [03/18 10:43:34 graph]: --- Testf1: 0.53500, Best Valacc: 0.43600 in epoch 56 --- 
[2023-03-18 10:43:34] PRINT [03/18 10:43:34 graph]: Epoch 65: get test acc score:  0.535
[2023-03-18 10:43:34] PRINT [03/18 10:43:34 graph]: best_f1 0.560 at epoch 53
[2023-03-18 10:43:34] PRINT [03/18 10:43:34 graph]: start epoch 66.
[2023-03-18 10:43:34] PRINT [03/18 10:43:34 graph]: # Epoch 66: train_loss: 0.6583 | lr: 0.000000
[2023-03-18 10:43:36] PRINT [03/18 10:43:36 graph]: --- Testf1: 0.55200, Best Valacc: 0.46200 in epoch 23 --- 
[2023-03-18 10:43:36] PRINT [03/18 10:43:36 graph]: Epoch 66: get test acc score:  0.552
[2023-03-18 10:43:36] PRINT [03/18 10:43:36 graph]: best_f1 0.560 at epoch 53
[2023-03-18 10:43:36] PRINT [03/18 10:43:36 graph]: start epoch 67.
[2023-03-18 10:43:36] PRINT [03/18 10:43:36 graph]: # Epoch 67: train_loss: 0.6582 | lr: 0.000000
[2023-03-18 10:43:37] PRINT [03/18 10:43:37 graph]: --- Testf1: 0.54500, Best Valacc: 0.44400 in epoch 38 --- 
[2023-03-18 10:43:37] PRINT [03/18 10:43:37 graph]: Epoch 67: get test acc score:  0.545
[2023-03-18 10:43:37] PRINT [03/18 10:43:37 graph]: best_f1 0.560 at epoch 53
[2023-03-18 10:43:37] PRINT [03/18 10:43:37 graph]: start epoch 68.
[2023-03-18 10:43:37] PRINT [03/18 10:43:37 graph]: # Epoch 68: train_loss: 0.6588 | lr: 0.000000
[2023-03-18 10:43:38] PRINT [03/18 10:43:38 graph]: --- Testf1: 0.53900, Best Valacc: 0.49000 in epoch 70 --- 
[2023-03-18 10:43:39] PRINT [03/18 10:43:39 graph]: Epoch 68: get test acc score:  0.539
[2023-03-18 10:43:39] PRINT [03/18 10:43:39 graph]: best_f1 0.560 at epoch 53
[2023-03-18 10:43:39] PRINT [03/18 10:43:39 graph]: start epoch 69.
[2023-03-18 10:43:39] PRINT [03/18 10:43:39 graph]: # Epoch 69: train_loss: 0.6580 | lr: 0.000000
[2023-03-18 10:43:40] PRINT [03/18 10:43:40 graph]: --- Testf1: 0.51700, Best Valacc: 0.44200 in epoch 126 --- 
[2023-03-18 10:43:40] PRINT [03/18 10:43:40 graph]: Epoch 69: get test acc score:  0.517
[2023-03-18 10:43:40] PRINT [03/18 10:43:40 graph]: best_f1 0.560 at epoch 53
[2023-03-18 10:43:40] PRINT [03/18 10:43:40 graph]: start epoch 70.
[2023-03-18 10:43:40] PRINT [03/18 10:43:40 graph]: # Epoch 70: train_loss: 0.6582 | lr: 0.000000
[2023-03-18 10:43:41] PRINT [03/18 10:43:41 graph]: --- Testf1: 0.54000, Best Valacc: 0.44800 in epoch 18 --- 
[2023-03-18 10:43:42] PRINT [03/18 10:43:42 graph]: Epoch 70: get test acc score:  0.540
[2023-03-18 10:43:42] PRINT [03/18 10:43:42 graph]: best_f1 0.560 at epoch 53
[2023-03-18 10:43:42] PRINT [03/18 10:43:42 graph]: start epoch 71.
[2023-03-18 10:43:42] PRINT [03/18 10:43:42 graph]: # Epoch 71: train_loss: 0.6581 | lr: 0.000000
[2023-03-18 10:43:43] PRINT [03/18 10:43:43 graph]: --- Testf1: 0.53400, Best Valacc: 0.42600 in epoch 24 --- 
[2023-03-18 10:43:43] PRINT [03/18 10:43:43 graph]: Epoch 71: get test acc score:  0.534
[2023-03-18 10:43:43] PRINT [03/18 10:43:43 graph]: best_f1 0.560 at epoch 53
[2023-03-18 10:43:43] PRINT [03/18 10:43:43 graph]: start epoch 72.
[2023-03-18 10:43:43] PRINT [03/18 10:43:43 graph]: # Epoch 72: train_loss: 0.6582 | lr: 0.000000
[2023-03-18 10:43:44] PRINT [03/18 10:43:44 graph]: --- Testf1: 0.54300, Best Valacc: 0.47400 in epoch 41 --- 
[2023-03-18 10:43:45] PRINT [03/18 10:43:45 graph]: Epoch 72: get test acc score:  0.543
[2023-03-18 10:43:45] PRINT [03/18 10:43:45 graph]: best_f1 0.560 at epoch 53
[2023-03-18 10:43:45] PRINT [03/18 10:43:45 graph]: start epoch 73.
[2023-03-18 10:43:45] PRINT [03/18 10:43:45 graph]: # Epoch 73: train_loss: 0.6580 | lr: 0.000000
[2023-03-18 10:43:46] PRINT [03/18 10:43:46 graph]: --- Testf1: 0.55300, Best Valacc: 0.45200 in epoch 36 --- 
[2023-03-18 10:43:46] PRINT [03/18 10:43:46 graph]: Epoch 73: get test acc score:  0.553
[2023-03-18 10:43:46] PRINT [03/18 10:43:46 graph]: best_f1 0.560 at epoch 53
[2023-03-18 10:43:46] PRINT [03/18 10:43:46 graph]: start epoch 74.
[2023-03-18 10:43:46] PRINT [03/18 10:43:46 graph]: # Epoch 74: train_loss: 0.6582 | lr: 0.000000
[2023-03-18 10:43:47] PRINT [03/18 10:43:47 graph]: --- Testf1: 0.56200, Best Valacc: 0.46600 in epoch 28 --- 
[2023-03-18 10:43:48] PRINT [03/18 10:43:48 graph]: Epoch 74: get test acc score:  0.562
[2023-03-18 10:43:48] PRINT [03/18 10:43:48 graph]: best_f1 0.562 at epoch 74
[2023-03-18 10:43:48] PRINT [03/18 10:43:48 graph]: start epoch 75.
[2023-03-18 10:43:48] PRINT [03/18 10:43:48 graph]: # Epoch 75: train_loss: 0.6584 | lr: 0.000000
[2023-03-18 10:43:49] PRINT [03/18 10:43:49 graph]: --- Testf1: 0.53500, Best Valacc: 0.44000 in epoch 36 --- 
[2023-03-18 10:43:49] PRINT [03/18 10:43:49 graph]: Epoch 75: get test acc score:  0.535
[2023-03-18 10:43:49] PRINT [03/18 10:43:49 graph]: best_f1 0.562 at epoch 74
[2023-03-18 10:43:49] PRINT [03/18 10:43:49 graph]: start epoch 76.
[2023-03-18 10:43:49] PRINT [03/18 10:43:49 graph]: # Epoch 76: train_loss: 0.6584 | lr: 0.000000
[2023-03-18 10:43:50] PRINT [03/18 10:43:50 graph]: --- Testf1: 0.53600, Best Valacc: 0.43400 in epoch 47 --- 
[2023-03-18 10:43:50] PRINT [03/18 10:43:50 graph]: Epoch 76: get test acc score:  0.536
[2023-03-18 10:43:50] PRINT [03/18 10:43:50 graph]: best_f1 0.562 at epoch 74
[2023-03-18 10:43:50] PRINT [03/18 10:43:50 graph]: start epoch 77.
[2023-03-18 10:43:50] PRINT [03/18 10:43:50 graph]: # Epoch 77: train_loss: 0.6581 | lr: 0.000000
[2023-03-18 10:43:52] PRINT [03/18 10:43:52 graph]: --- Testf1: 0.52900, Best Valacc: 0.43000 in epoch 56 --- 
[2023-03-18 10:43:52] PRINT [03/18 10:43:52 graph]: Epoch 77: get test acc score:  0.529
[2023-03-18 10:43:52] PRINT [03/18 10:43:52 graph]: best_f1 0.562 at epoch 74
[2023-03-18 10:43:52] PRINT [03/18 10:43:52 graph]: start epoch 78.
[2023-03-18 10:43:52] PRINT [03/18 10:43:52 graph]: # Epoch 78: train_loss: 0.6585 | lr: 0.000000
[2023-03-18 10:43:53] PRINT [03/18 10:43:53 graph]: --- Testf1: 0.53400, Best Valacc: 0.42000 in epoch 177 --- 
[2023-03-18 10:43:53] PRINT [03/18 10:43:53 graph]: Epoch 78: get test acc score:  0.534
[2023-03-18 10:43:53] PRINT [03/18 10:43:53 graph]: best_f1 0.562 at epoch 74
[2023-03-18 10:43:53] PRINT [03/18 10:43:53 graph]: start epoch 79.
[2023-03-18 10:43:53] PRINT [03/18 10:43:53 graph]: # Epoch 79: train_loss: 0.6583 | lr: 0.000000
[2023-03-18 10:43:55] PRINT [03/18 10:43:55 graph]: --- Testf1: 0.54000, Best Valacc: 0.45800 in epoch 27 --- 
[2023-03-18 10:43:55] PRINT [03/18 10:43:55 graph]: Epoch 79: get test acc score:  0.540
[2023-03-18 10:43:55] PRINT [03/18 10:43:55 graph]: best_f1 0.562 at epoch 74
[2023-03-18 10:43:55] PRINT [03/18 10:43:55 graph]: start epoch 80.
[2023-03-18 10:43:55] PRINT [03/18 10:43:55 graph]: # Epoch 80: train_loss: 0.6582 | lr: 0.000000
[2023-03-18 10:43:56] PRINT [03/18 10:43:56 graph]: --- Testf1: 0.53600, Best Valacc: 0.43600 in epoch 153 --- 
[2023-03-18 10:43:56] PRINT [03/18 10:43:56 graph]: Epoch 80: get test acc score:  0.536
[2023-03-18 10:43:56] PRINT [03/18 10:43:56 graph]: best_f1 0.562 at epoch 74
[2023-03-18 10:43:56] PRINT [03/18 10:43:56 graph]: start epoch 81.
[2023-03-18 10:43:56] PRINT [03/18 10:43:56 graph]: # Epoch 81: train_loss: 0.6584 | lr: 0.000000
[2023-03-18 10:43:58] PRINT [03/18 10:43:58 graph]: --- Testf1: 0.56700, Best Valacc: 0.43000 in epoch 199 --- 
[2023-03-18 10:43:58] PRINT [03/18 10:43:58 graph]: Epoch 81: get test acc score:  0.567
[2023-03-18 10:43:58] PRINT [03/18 10:43:58 graph]: best_f1 0.567 at epoch 81
[2023-03-18 10:43:58] PRINT [03/18 10:43:58 graph]: start epoch 82.
[2023-03-18 10:43:58] PRINT [03/18 10:43:58 graph]: # Epoch 82: train_loss: 0.6583 | lr: 0.000000
[2023-03-18 10:43:59] PRINT [03/18 10:43:59 graph]: --- Testf1: 0.53200, Best Valacc: 0.44400 in epoch 25 --- 
[2023-03-18 10:43:59] PRINT [03/18 10:43:59 graph]: Epoch 82: get test acc score:  0.532
[2023-03-18 10:43:59] PRINT [03/18 10:43:59 graph]: best_f1 0.567 at epoch 81
[2023-03-18 10:43:59] PRINT [03/18 10:43:59 graph]: start epoch 83.
[2023-03-18 10:43:59] PRINT [03/18 10:43:59 graph]: # Epoch 83: train_loss: 0.6583 | lr: 0.000000
[2023-03-18 10:44:01] PRINT [03/18 10:44:01 graph]: --- Testf1: 0.53600, Best Valacc: 0.47800 in epoch 28 --- 
[2023-03-18 10:44:01] PRINT [03/18 10:44:01 graph]: Epoch 83: get test acc score:  0.536
[2023-03-18 10:44:01] PRINT [03/18 10:44:01 graph]: best_f1 0.567 at epoch 81
[2023-03-18 10:44:01] PRINT [03/18 10:44:01 graph]: start epoch 84.
[2023-03-18 10:44:01] PRINT [03/18 10:44:01 graph]: # Epoch 84: train_loss: 0.6584 | lr: 0.000000
[2023-03-18 10:44:02] PRINT [03/18 10:44:02 graph]: --- Testf1: 0.53100, Best Valacc: 0.45400 in epoch 45 --- 
[2023-03-18 10:44:02] PRINT [03/18 10:44:02 graph]: Epoch 84: get test acc score:  0.531
[2023-03-18 10:44:02] PRINT [03/18 10:44:02 graph]: best_f1 0.567 at epoch 81
[2023-03-18 10:44:02] PRINT [03/18 10:44:02 graph]: start epoch 85.
[2023-03-18 10:44:02] PRINT [03/18 10:44:02 graph]: # Epoch 85: train_loss: 0.6584 | lr: 0.000000
[2023-03-18 10:44:04] PRINT [03/18 10:44:04 graph]: --- Testf1: 0.55000, Best Valacc: 0.46200 in epoch 23 --- 
[2023-03-18 10:44:04] PRINT [03/18 10:44:04 graph]: Epoch 85: get test acc score:  0.550
[2023-03-18 10:44:04] PRINT [03/18 10:44:04 graph]: best_f1 0.567 at epoch 81
[2023-03-18 10:44:04] PRINT [03/18 10:44:04 graph]: start epoch 86.
[2023-03-18 10:44:04] PRINT [03/18 10:44:04 graph]: # Epoch 86: train_loss: 0.6581 | lr: 0.000000
[2023-03-18 10:44:05] PRINT [03/18 10:44:05 graph]: --- Testf1: 0.54300, Best Valacc: 0.43000 in epoch 21 --- 
[2023-03-18 10:44:05] PRINT [03/18 10:44:05 graph]: Epoch 86: get test acc score:  0.543
[2023-03-18 10:44:05] PRINT [03/18 10:44:05 graph]: best_f1 0.567 at epoch 81
[2023-03-18 10:44:05] PRINT [03/18 10:44:05 graph]: start epoch 87.
[2023-03-18 10:44:05] PRINT [03/18 10:44:05 graph]: # Epoch 87: train_loss: 0.6583 | lr: 0.000000
[2023-03-18 10:44:07] PRINT [03/18 10:44:07 graph]: --- Testf1: 0.54600, Best Valacc: 0.44200 in epoch 34 --- 
[2023-03-18 10:44:07] PRINT [03/18 10:44:07 graph]: Epoch 87: get test acc score:  0.546
[2023-03-18 10:44:07] PRINT [03/18 10:44:07 graph]: best_f1 0.567 at epoch 81
[2023-03-18 10:44:07] PRINT [03/18 10:44:07 graph]: start epoch 88.
[2023-03-18 10:44:07] PRINT [03/18 10:44:07 graph]: # Epoch 88: train_loss: 0.6583 | lr: 0.000000
[2023-03-18 10:44:08] PRINT [03/18 10:44:08 graph]: --- Testf1: 0.52800, Best Valacc: 0.44400 in epoch 12 --- 
[2023-03-18 10:44:08] PRINT [03/18 10:44:08 graph]: Epoch 88: get test acc score:  0.528
[2023-03-18 10:44:08] PRINT [03/18 10:44:08 graph]: best_f1 0.567 at epoch 81
[2023-03-18 10:44:08] PRINT [03/18 10:44:08 graph]: start epoch 89.
[2023-03-18 10:44:08] PRINT [03/18 10:44:08 graph]: # Epoch 89: train_loss: 0.6582 | lr: 0.000000
[2023-03-18 10:44:10] PRINT [03/18 10:44:10 graph]: --- Testf1: 0.55000, Best Valacc: 0.45800 in epoch 40 --- 
[2023-03-18 10:44:10] PRINT [03/18 10:44:10 graph]: Epoch 89: get test acc score:  0.550
[2023-03-18 10:44:10] PRINT [03/18 10:44:10 graph]: best_f1 0.567 at epoch 81
[2023-03-18 10:44:10] PRINT [03/18 10:44:10 graph]: start epoch 90.
[2023-03-18 10:44:10] PRINT [03/18 10:44:10 graph]: # Epoch 90: train_loss: 0.6581 | lr: 0.000000
[2023-03-18 10:44:11] PRINT [03/18 10:44:11 graph]: --- Testf1: 0.54500, Best Valacc: 0.44200 in epoch 26 --- 
[2023-03-18 10:44:11] PRINT [03/18 10:44:11 graph]: Epoch 90: get test acc score:  0.545
[2023-03-18 10:44:11] PRINT [03/18 10:44:11 graph]: best_f1 0.567 at epoch 81
[2023-03-18 10:44:11] PRINT [03/18 10:44:11 graph]: start epoch 91.
[2023-03-18 10:44:11] PRINT [03/18 10:44:11 graph]: # Epoch 91: train_loss: 0.6586 | lr: 0.000000
[2023-03-18 10:44:13] PRINT [03/18 10:44:13 graph]: --- Testf1: 0.53400, Best Valacc: 0.45200 in epoch 36 --- 
[2023-03-18 10:44:13] PRINT [03/18 10:44:13 graph]: Epoch 91: get test acc score:  0.534
[2023-03-18 10:44:13] PRINT [03/18 10:44:13 graph]: best_f1 0.567 at epoch 81
[2023-03-18 10:44:13] PRINT [03/18 10:44:13 graph]: start epoch 92.
[2023-03-18 10:44:13] PRINT [03/18 10:44:13 graph]: # Epoch 92: train_loss: 0.6582 | lr: 0.000000
[2023-03-18 10:44:14] PRINT [03/18 10:44:14 graph]: --- Testf1: 0.52300, Best Valacc: 0.41800 in epoch 61 --- 
[2023-03-18 10:44:14] PRINT [03/18 10:44:14 graph]: Epoch 92: get test acc score:  0.523
[2023-03-18 10:44:14] PRINT [03/18 10:44:14 graph]: best_f1 0.567 at epoch 81
[2023-03-18 10:44:14] PRINT [03/18 10:44:14 graph]: start epoch 93.
[2023-03-18 10:44:14] PRINT [03/18 10:44:14 graph]: # Epoch 93: train_loss: 0.6583 | lr: 0.000000
[2023-03-18 10:44:16] PRINT [03/18 10:44:16 graph]: --- Testf1: 0.53500, Best Valacc: 0.47600 in epoch 47 --- 
[2023-03-18 10:44:16] PRINT [03/18 10:44:16 graph]: Epoch 93: get test acc score:  0.535
[2023-03-18 10:44:16] PRINT [03/18 10:44:16 graph]: best_f1 0.567 at epoch 81
[2023-03-18 10:44:16] PRINT [03/18 10:44:16 graph]: start epoch 94.
[2023-03-18 10:44:16] PRINT [03/18 10:44:16 graph]: # Epoch 94: train_loss: 0.6582 | lr: 0.000000
[2023-03-18 10:44:17] PRINT [03/18 10:44:17 graph]: --- Testf1: 0.53400, Best Valacc: 0.46000 in epoch 38 --- 
[2023-03-18 10:44:17] PRINT [03/18 10:44:17 graph]: Epoch 94: get test acc score:  0.534
[2023-03-18 10:44:17] PRINT [03/18 10:44:17 graph]: best_f1 0.567 at epoch 81
[2023-03-18 10:44:17] PRINT [03/18 10:44:17 graph]: start epoch 95.
[2023-03-18 10:44:17] PRINT [03/18 10:44:17 graph]: # Epoch 95: train_loss: 0.6583 | lr: 0.000000
[2023-03-18 10:44:19] PRINT [03/18 10:44:19 graph]: --- Testf1: 0.56400, Best Valacc: 0.46000 in epoch 84 --- 
[2023-03-18 10:44:19] PRINT [03/18 10:44:19 graph]: Epoch 95: get test acc score:  0.564
[2023-03-18 10:44:19] PRINT [03/18 10:44:19 graph]: best_f1 0.567 at epoch 81
[2023-03-18 10:44:19] PRINT [03/18 10:44:19 graph]: start epoch 96.
[2023-03-18 10:44:19] PRINT [03/18 10:44:19 graph]: # Epoch 96: train_loss: 0.6580 | lr: 0.000000
[2023-03-18 10:44:20] PRINT [03/18 10:44:20 graph]: --- Testf1: 0.53900, Best Valacc: 0.45000 in epoch 73 --- 
[2023-03-18 10:44:20] PRINT [03/18 10:44:20 graph]: Epoch 96: get test acc score:  0.539
[2023-03-18 10:44:20] PRINT [03/18 10:44:20 graph]: best_f1 0.567 at epoch 81
[2023-03-18 10:44:20] PRINT [03/18 10:44:20 graph]: start epoch 97.
[2023-03-18 10:44:20] PRINT [03/18 10:44:20 graph]: # Epoch 97: train_loss: 0.6587 | lr: 0.000000
[2023-03-18 10:44:22] PRINT [03/18 10:44:22 graph]: --- Testf1: 0.54700, Best Valacc: 0.46400 in epoch 27 --- 
[2023-03-18 10:44:22] PRINT [03/18 10:44:22 graph]: Epoch 97: get test acc score:  0.547
[2023-03-18 10:44:22] PRINT [03/18 10:44:22 graph]: best_f1 0.567 at epoch 81
[2023-03-18 10:44:22] PRINT [03/18 10:44:22 graph]: start epoch 98.
[2023-03-18 10:44:22] PRINT [03/18 10:44:22 graph]: # Epoch 98: train_loss: 0.6585 | lr: 0.000000
[2023-03-18 10:44:23] PRINT [03/18 10:44:23 graph]: --- Testf1: 0.55100, Best Valacc: 0.45400 in epoch 31 --- 
[2023-03-18 10:44:23] PRINT [03/18 10:44:23 graph]: Epoch 98: get test acc score:  0.551
[2023-03-18 10:44:23] PRINT [03/18 10:44:23 graph]: best_f1 0.567 at epoch 81
[2023-03-18 10:44:23] PRINT [03/18 10:44:23 graph]: start epoch 99.
[2023-03-18 10:44:23] PRINT [03/18 10:44:23 graph]: # Epoch 99: train_loss: 0.6587 | lr: 0.000000
[2023-03-18 10:44:25] PRINT [03/18 10:44:25 graph]: --- Testf1: 0.54000, Best Valacc: 0.41400 in epoch 36 --- 
[2023-03-18 10:44:25] PRINT [03/18 10:44:25 graph]: Epoch 99: get test acc score:  0.540
[2023-03-18 10:44:25] PRINT [03/18 10:44:25 graph]: best_f1 0.567 at epoch 81
[2023-03-18 10:44:25] PRINT [03/18 10:44:25 graph]: # final_acc: 0.5670±0.0000
