[2023-03-22 13:42:59] PRINT ---new cfg------
[2023-03-22 13:42:59] PRINT {'DATA': {'data_name': 'comp'}, 'DATALOADER': {'NUM_WORKERS': 0}, 'MODEL': {'num_hidden': 512, 'num_layers': 2, 'nhead': 4, 'activation': 'prelu', 'attn_drop': 0.2, 'feat_drop': 0.4, 'norm': 'batchnorm', 'pooler': 'mean', 'beta_schedule': 'quad', 'beta_1': 0.00048067058394130275, 'beta_T': 0.009124953783382671, 'T': 562}, 'SOLVER': {'optim_type': 'adam', 'optim_type_f': 'adamw', 'alpha': 1, 'decay': 30, 'LR': 0.00018605180618438147, 'LR_f': 0.046064609985325446, 'weight_decay': 0, 'weight_decay_f': 0.0008973148963062934, 'MAX_EPOCH': 100, 'max_epoch_f': 500}, 'DEVICE': 'cuda', 'seeds': [0], 'eval_T': [50, 100, 200], 'output_dir': '/ddm-nni/AmazonCoBuyComputerDataset¶/log', 'checkpoint_dir': '/ddm-nni/AmazonCoBuyComputerDataset¶/log/checkpoint'}
[2023-03-22 13:42:59] PRINT [03/22 13:42:59 graph]: Rank of current process: 0. World size: 1
[2023-03-22 13:43:03] PRINT [03/22 13:43:03 graph]: Environment info:
[2023-03-22 13:43:03] PRINT PyTorch version: 1.10.0+cu113
[2023-03-22 13:43:03] PRINT Is debug build: False
[2023-03-22 13:43:03] PRINT CUDA used to build PyTorch: 11.3
[2023-03-22 13:43:03] PRINT ROCM used to build PyTorch: N/A
[2023-03-22 13:43:03] PRINT 
[2023-03-22 13:43:03] PRINT OS: Ubuntu 20.04.3 LTS (x86_64)
[2023-03-22 13:43:03] PRINT GCC version: (Ubuntu 9.3.0-17ubuntu1~20.04) 9.3.0
[2023-03-22 13:43:03] PRINT Clang version: Could not collect
[2023-03-22 13:43:03] PRINT CMake version: version 3.16.3
[2023-03-22 13:43:03] PRINT Libc version: glibc-2.31
[2023-03-22 13:43:03] PRINT 
[2023-03-22 13:43:03] PRINT Python version: 3.8.10 (default, Jun  4 2021, 15:09:15)  [GCC 7.5.0] (64-bit runtime)
[2023-03-22 13:43:03] PRINT Python platform: Linux-5.4.0-90-generic-x86_64-with-glibc2.17
[2023-03-22 13:43:03] PRINT Is CUDA available: True
[2023-03-22 13:43:03] PRINT CUDA runtime version: 11.3.109
[2023-03-22 13:43:03] PRINT GPU models and configuration: GPU 0: NVIDIA GeForce RTX 3090
[2023-03-22 13:43:03] PRINT Nvidia driver version: 495.44
[2023-03-22 13:43:03] PRINT cuDNN version: Probably one of the following:
[2023-03-22 13:43:03] PRINT /usr/lib/x86_64-linux-gnu/libcudnn.so.8.2.0
[2023-03-22 13:43:03] PRINT /usr/lib/x86_64-linux-gnu/libcudnn_adv_infer.so.8.2.0
[2023-03-22 13:43:03] PRINT /usr/lib/x86_64-linux-gnu/libcudnn_adv_train.so.8.2.0
[2023-03-22 13:43:03] PRINT /usr/lib/x86_64-linux-gnu/libcudnn_cnn_infer.so.8.2.0
[2023-03-22 13:43:03] PRINT /usr/lib/x86_64-linux-gnu/libcudnn_cnn_train.so.8.2.0
[2023-03-22 13:43:03] PRINT /usr/lib/x86_64-linux-gnu/libcudnn_ops_infer.so.8.2.0
[2023-03-22 13:43:03] PRINT /usr/lib/x86_64-linux-gnu/libcudnn_ops_train.so.8.2.0
[2023-03-22 13:43:03] PRINT HIP runtime version: N/A
[2023-03-22 13:43:03] PRINT MIOpen runtime version: N/A
[2023-03-22 13:43:03] PRINT 
[2023-03-22 13:43:03] PRINT Versions of relevant libraries:
[2023-03-22 13:43:03] PRINT [pip3] numpy==1.23.5
[2023-03-22 13:43:03] PRINT [pip3] torch==1.10.0+cu113
[2023-03-22 13:43:03] PRINT [pip3] torchvision==0.11.1+cu113
[2023-03-22 13:43:03] PRINT [conda] blas                      1.0                         mkl    https://mirrors.ustc.edu.cn/anaconda/pkgs/main
[2023-03-22 13:43:03] PRINT [conda] mkl                       2021.4.0           h06a4308_640    https://mirrors.ustc.edu.cn/anaconda/pkgs/main
[2023-03-22 13:43:03] PRINT [conda] mkl-service               2.4.0            py38h7f8727e_0    https://mirrors.ustc.edu.cn/anaconda/pkgs/main
[2023-03-22 13:43:03] PRINT [conda] mkl_fft                   1.3.1            py38hd3c417c_0    https://mirrors.ustc.edu.cn/anaconda/pkgs/main
[2023-03-22 13:43:03] PRINT [conda] mkl_random                1.2.2            py38h51133e4_0    https://mirrors.ustc.edu.cn/anaconda/pkgs/main
[2023-03-22 13:43:03] PRINT [conda] numpy                     1.21.4                   pypi_0    pypi
[2023-03-22 13:43:03] PRINT [conda] numpy-base                1.23.5           py38h31eccc5_0    https://mirrors.ustc.edu.cn/anaconda/pkgs/main
[2023-03-22 13:43:03] PRINT [conda] torch                     1.10.0+cu113             pypi_0    pypi
[2023-03-22 13:43:03] PRINT [conda] torchvision               0.11.1+cu113             pypi_0    pypi
[2023-03-22 13:43:03] PRINT         Pillow (8.4.0)
[2023-03-22 13:43:03] PRINT [03/22 13:43:03 graph]: Command line arguments: Namespace(local_rank=0, resume=False, seed=1234, start_epoch=0)
[2023-03-22 13:43:03] PRINT [03/22 13:43:03 graph]: Run 0th for seed 0
[2023-03-22 13:43:03] PRINT [03/22 13:43:03 graph]: Total trainable params num : 7968771
[2023-03-22 13:43:08] PRINT [03/22 13:43:08 graph]: ----------Start Training----------
[2023-03-22 13:43:08] PRINT [03/22 13:43:08 graph]: start epoch 0.
[2023-03-22 13:43:08] PRINT [03/22 13:43:08 graph]: # Epoch 0: train_loss: 1.0206 | lr: 0.000186
[2023-03-22 13:43:08] PRINT [03/22 13:43:08 graph]: start epoch 1.
[2023-03-22 13:43:08] PRINT [03/22 13:43:08 graph]: # Epoch 1: train_loss: 0.8418 | lr: 0.000186
[2023-03-22 13:43:08] PRINT [03/22 13:43:08 graph]: start epoch 2.
[2023-03-22 13:43:08] PRINT [03/22 13:43:08 graph]: # Epoch 2: train_loss: 0.7567 | lr: 0.000186
[2023-03-22 13:43:08] PRINT [03/22 13:43:08 graph]: start epoch 3.
[2023-03-22 13:43:09] PRINT [03/22 13:43:09 graph]: # Epoch 3: train_loss: 0.6994 | lr: 0.000186
[2023-03-22 13:43:09] PRINT [03/22 13:43:09 graph]: start epoch 4.
[2023-03-22 13:43:09] PRINT [03/22 13:43:09 graph]: # Epoch 4: train_loss: 0.6589 | lr: 0.000186
[2023-03-22 13:43:09] PRINT [03/22 13:43:09 graph]: start epoch 5.
[2023-03-22 13:43:09] PRINT [03/22 13:43:09 graph]: # Epoch 5: train_loss: 0.6302 | lr: 0.000186
[2023-03-22 13:43:09] PRINT [03/22 13:43:09 graph]: start epoch 6.
[2023-03-22 13:43:09] PRINT [03/22 13:43:09 graph]: # Epoch 6: train_loss: 0.6097 | lr: 0.000186
[2023-03-22 13:43:09] PRINT [03/22 13:43:09 graph]: start epoch 7.
[2023-03-22 13:43:09] PRINT [03/22 13:43:09 graph]: # Epoch 7: train_loss: 0.5938 | lr: 0.000186
[2023-03-22 13:43:09] PRINT [03/22 13:43:09 graph]: start epoch 8.
[2023-03-22 13:43:09] PRINT [03/22 13:43:09 graph]: # Epoch 8: train_loss: 0.5815 | lr: 0.000186
[2023-03-22 13:43:09] PRINT [03/22 13:43:09 graph]: start epoch 9.
[2023-03-22 13:43:09] PRINT [03/22 13:43:09 graph]: # Epoch 9: train_loss: 0.5698 | lr: 0.000186
[2023-03-22 13:43:09] PRINT [03/22 13:43:09 graph]: start epoch 10.
[2023-03-22 13:43:09] PRINT [03/22 13:43:09 graph]: # Epoch 10: train_loss: 0.5595 | lr: 0.000186
[2023-03-22 13:43:09] PRINT [03/22 13:43:09 graph]: start epoch 11.
[2023-03-22 13:43:09] PRINT [03/22 13:43:09 graph]: # Epoch 11: train_loss: 0.5501 | lr: 0.000186
[2023-03-22 13:43:09] PRINT [03/22 13:43:09 graph]: start epoch 12.
[2023-03-22 13:43:09] PRINT [03/22 13:43:09 graph]: # Epoch 12: train_loss: 0.5423 | lr: 0.000186
[2023-03-22 13:43:09] PRINT [03/22 13:43:09 graph]: start epoch 13.
[2023-03-22 13:43:09] PRINT [03/22 13:43:09 graph]: # Epoch 13: train_loss: 0.5354 | lr: 0.000186
[2023-03-22 13:43:09] PRINT [03/22 13:43:09 graph]: start epoch 14.
[2023-03-22 13:43:09] PRINT [03/22 13:43:09 graph]: # Epoch 14: train_loss: 0.5288 | lr: 0.000186
[2023-03-22 13:43:09] PRINT [03/22 13:43:09 graph]: start epoch 15.
[2023-03-22 13:43:09] PRINT [03/22 13:43:09 graph]: # Epoch 15: train_loss: 0.5231 | lr: 0.000186
[2023-03-22 13:43:09] PRINT [03/22 13:43:09 graph]: start epoch 16.
[2023-03-22 13:43:09] PRINT [03/22 13:43:09 graph]: # Epoch 16: train_loss: 0.5180 | lr: 0.000186
[2023-03-22 13:43:09] PRINT [03/22 13:43:09 graph]: start epoch 17.
[2023-03-22 13:43:10] PRINT [03/22 13:43:10 graph]: # Epoch 17: train_loss: 0.5133 | lr: 0.000186
[2023-03-22 13:43:10] PRINT [03/22 13:43:10 graph]: start epoch 18.
[2023-03-22 13:43:10] PRINT [03/22 13:43:10 graph]: # Epoch 18: train_loss: 0.5083 | lr: 0.000186
[2023-03-22 13:43:10] PRINT [03/22 13:43:10 graph]: start epoch 19.
[2023-03-22 13:43:10] PRINT [03/22 13:43:10 graph]: # Epoch 19: train_loss: 0.5042 | lr: 0.000186
[2023-03-22 13:43:10] PRINT [03/22 13:43:10 graph]: start epoch 20.
[2023-03-22 13:43:10] PRINT [03/22 13:43:10 graph]: # Epoch 20: train_loss: 0.5001 | lr: 0.000186
[2023-03-22 13:43:10] PRINT [03/22 13:43:10 graph]: start epoch 21.
[2023-03-22 13:43:10] PRINT [03/22 13:43:10 graph]: # Epoch 21: train_loss: 0.4963 | lr: 0.000186
[2023-03-22 13:43:10] PRINT [03/22 13:43:10 graph]: start epoch 22.
[2023-03-22 13:43:10] PRINT [03/22 13:43:10 graph]: # Epoch 22: train_loss: 0.4931 | lr: 0.000186
[2023-03-22 13:43:10] PRINT [03/22 13:43:10 graph]: start epoch 23.
[2023-03-22 13:43:10] PRINT [03/22 13:43:10 graph]: # Epoch 23: train_loss: 0.4898 | lr: 0.000186
[2023-03-22 13:43:10] PRINT [03/22 13:43:10 graph]: start epoch 24.
[2023-03-22 13:43:10] PRINT [03/22 13:43:10 graph]: # Epoch 24: train_loss: 0.4867 | lr: 0.000186
[2023-03-22 13:43:10] PRINT [03/22 13:43:10 graph]: start epoch 25.
[2023-03-22 13:43:10] PRINT [03/22 13:43:10 graph]: # Epoch 25: train_loss: 0.4843 | lr: 0.000186
[2023-03-22 13:43:10] PRINT [03/22 13:43:10 graph]: start epoch 26.
[2023-03-22 13:43:10] PRINT [03/22 13:43:10 graph]: # Epoch 26: train_loss: 0.4813 | lr: 0.000186
[2023-03-22 13:43:10] PRINT [03/22 13:43:10 graph]: start epoch 27.
[2023-03-22 13:43:10] PRINT [03/22 13:43:10 graph]: # Epoch 27: train_loss: 0.4788 | lr: 0.000186
[2023-03-22 13:43:10] PRINT [03/22 13:43:10 graph]: start epoch 28.
[2023-03-22 13:43:10] PRINT [03/22 13:43:10 graph]: # Epoch 28: train_loss: 0.4763 | lr: 0.000186
[2023-03-22 13:43:10] PRINT [03/22 13:43:10 graph]: start epoch 29.
[2023-03-22 13:43:10] PRINT [03/22 13:43:10 graph]: # Epoch 29: train_loss: 0.4742 | lr: 0.000186
[2023-03-22 13:43:10] PRINT [03/22 13:43:10 graph]: start epoch 30.
[2023-03-22 13:43:10] PRINT [03/22 13:43:10 graph]: # Epoch 30: train_loss: 0.4721 | lr: 0.000186
[2023-03-22 13:43:10] PRINT [03/22 13:43:10 graph]: start epoch 31.
[2023-03-22 13:43:11] PRINT [03/22 13:43:11 graph]: # Epoch 31: train_loss: 0.4698 | lr: 0.000186
[2023-03-22 13:43:11] PRINT [03/22 13:43:11 graph]: start epoch 32.
[2023-03-22 13:43:11] PRINT [03/22 13:43:11 graph]: # Epoch 32: train_loss: 0.4680 | lr: 0.000186
[2023-03-22 13:43:11] PRINT [03/22 13:43:11 graph]: start epoch 33.
[2023-03-22 13:43:11] PRINT [03/22 13:43:11 graph]: # Epoch 33: train_loss: 0.4658 | lr: 0.000186
[2023-03-22 13:43:11] PRINT [03/22 13:43:11 graph]: start epoch 34.
[2023-03-22 13:43:11] PRINT [03/22 13:43:11 graph]: # Epoch 34: train_loss: 0.4638 | lr: 0.000186
[2023-03-22 13:43:11] PRINT [03/22 13:43:11 graph]: start epoch 35.
[2023-03-22 13:43:11] PRINT [03/22 13:43:11 graph]: # Epoch 35: train_loss: 0.4621 | lr: 0.000186
[2023-03-22 13:43:11] PRINT [03/22 13:43:11 graph]: start epoch 36.
[2023-03-22 13:43:11] PRINT [03/22 13:43:11 graph]: # Epoch 36: train_loss: 0.4602 | lr: 0.000186
[2023-03-22 13:43:11] PRINT [03/22 13:43:11 graph]: start epoch 37.
[2023-03-22 13:43:11] PRINT [03/22 13:43:11 graph]: # Epoch 37: train_loss: 0.4587 | lr: 0.000186
[2023-03-22 13:43:11] PRINT [03/22 13:43:11 graph]: start epoch 38.
[2023-03-22 13:43:11] PRINT [03/22 13:43:11 graph]: # Epoch 38: train_loss: 0.4566 | lr: 0.000186
[2023-03-22 13:43:11] PRINT [03/22 13:43:11 graph]: start epoch 39.
[2023-03-22 13:43:11] PRINT [03/22 13:43:11 graph]: # Epoch 39: train_loss: 0.4551 | lr: 0.000186
[2023-03-22 13:43:11] PRINT [03/22 13:43:11 graph]: start epoch 40.
[2023-03-22 13:43:11] PRINT [03/22 13:43:11 graph]: # Epoch 40: train_loss: 0.4539 | lr: 0.000186
[2023-03-22 13:43:11] PRINT [03/22 13:43:11 graph]: start epoch 41.
[2023-03-22 13:43:11] PRINT [03/22 13:43:11 graph]: # Epoch 41: train_loss: 0.4532 | lr: 0.000186
[2023-03-22 13:43:11] PRINT [03/22 13:43:11 graph]: start epoch 42.
[2023-03-22 13:43:11] PRINT [03/22 13:43:11 graph]: # Epoch 42: train_loss: 0.4512 | lr: 0.000186
[2023-03-22 13:43:11] PRINT [03/22 13:43:11 graph]: start epoch 43.
[2023-03-22 13:43:11] PRINT [03/22 13:43:11 graph]: # Epoch 43: train_loss: 0.4498 | lr: 0.000186
[2023-03-22 13:43:11] PRINT [03/22 13:43:11 graph]: start epoch 44.
[2023-03-22 13:43:11] PRINT [03/22 13:43:11 graph]: # Epoch 44: train_loss: 0.4486 | lr: 0.000186
[2023-03-22 13:43:11] PRINT [03/22 13:43:11 graph]: start epoch 45.
[2023-03-22 13:43:12] PRINT [03/22 13:43:12 graph]: # Epoch 45: train_loss: 0.4473 | lr: 0.000186
[2023-03-22 13:43:12] PRINT [03/22 13:43:12 graph]: start epoch 46.
[2023-03-22 13:43:12] PRINT [03/22 13:43:12 graph]: # Epoch 46: train_loss: 0.4471 | lr: 0.000186
[2023-03-22 13:43:12] PRINT [03/22 13:43:12 graph]: start epoch 47.
[2023-03-22 13:43:12] PRINT [03/22 13:43:12 graph]: # Epoch 47: train_loss: 0.4446 | lr: 0.000186
[2023-03-22 13:43:12] PRINT [03/22 13:43:12 graph]: start epoch 48.
[2023-03-22 13:43:12] PRINT [03/22 13:43:12 graph]: # Epoch 48: train_loss: 0.4436 | lr: 0.000186
[2023-03-22 13:43:12] PRINT [03/22 13:43:12 graph]: start epoch 49.
[2023-03-22 13:43:12] PRINT [03/22 13:43:12 graph]: # Epoch 49: train_loss: 0.4430 | lr: 0.000186
[2023-03-22 13:43:12] PRINT [03/22 13:43:12 graph]: start epoch 50.
[2023-03-22 13:43:12] PRINT [03/22 13:43:12 graph]: # Epoch 50: train_loss: 0.4416 | lr: 0.000186
[2023-03-22 13:43:12] PRINT [03/22 13:43:12 graph]: start epoch 51.
[2023-03-22 13:43:12] PRINT [03/22 13:43:12 graph]: # Epoch 51: train_loss: 0.4400 | lr: 0.000186
[2023-03-22 13:43:21] PRINT [03/22 13:43:21 graph]: --- Testf1: 0.89693, Best Valacc: 0.90182 in epoch 333 --- 
[2023-03-22 13:43:21] PRINT [03/22 13:43:21 graph]: Epoch 51: get test acc score:  0.89693
[2023-03-22 13:43:21] PRINT [03/22 13:43:21 graph]: best_f1 0.89693 at epoch 51
[2023-03-22 13:43:21] PRINT [03/22 13:43:21 graph]: start epoch 52.
[2023-03-22 13:43:21] PRINT [03/22 13:43:21 graph]: # Epoch 52: train_loss: 0.4391 | lr: 0.000186
[2023-03-22 13:43:28] PRINT [03/22 13:43:28 graph]: --- Testf1: 0.89865, Best Valacc: 0.89745 in epoch 465 --- 
[2023-03-22 13:43:29] PRINT [03/22 13:43:29 graph]: Epoch 52: get test acc score:  0.89865
[2023-03-22 13:43:29] PRINT [03/22 13:43:29 graph]: best_f1 0.89865 at epoch 52
[2023-03-22 13:43:29] PRINT [03/22 13:43:29 graph]: start epoch 53.
[2023-03-22 13:43:29] PRINT [03/22 13:43:29 graph]: # Epoch 53: train_loss: 0.4382 | lr: 0.000186
[2023-03-22 13:43:36] PRINT [03/22 13:43:36 graph]: --- Testf1: 0.89511, Best Valacc: 0.89527 in epoch 150 --- 
[2023-03-22 13:43:36] PRINT [03/22 13:43:36 graph]: Epoch 53: get test acc score:  0.89511
[2023-03-22 13:43:36] PRINT [03/22 13:43:36 graph]: best_f1 0.89865 at epoch 52
[2023-03-22 13:43:36] PRINT [03/22 13:43:36 graph]: start epoch 54.
[2023-03-22 13:43:36] PRINT [03/22 13:43:36 graph]: # Epoch 54: train_loss: 0.4378 | lr: 0.000186
[2023-03-22 13:43:43] PRINT [03/22 13:43:43 graph]: --- Testf1: 0.89484, Best Valacc: 0.89673 in epoch 395 --- 
[2023-03-22 13:43:43] PRINT [03/22 13:43:43 graph]: Epoch 54: get test acc score:  0.89484
[2023-03-22 13:43:43] PRINT [03/22 13:43:43 graph]: best_f1 0.89865 at epoch 52
[2023-03-22 13:43:43] PRINT [03/22 13:43:43 graph]: start epoch 55.
[2023-03-22 13:43:43] PRINT [03/22 13:43:43 graph]: # Epoch 55: train_loss: 0.4375 | lr: 0.000186
[2023-03-22 13:43:51] PRINT [03/22 13:43:51 graph]: --- Testf1: 0.90011, Best Valacc: 0.90036 in epoch 468 --- 
[2023-03-22 13:43:51] PRINT [03/22 13:43:51 graph]: Epoch 55: get test acc score:  0.90011
[2023-03-22 13:43:51] PRINT [03/22 13:43:51 graph]: best_f1 0.90011 at epoch 55
[2023-03-22 13:43:51] PRINT [03/22 13:43:51 graph]: start epoch 56.
[2023-03-22 13:43:51] PRINT [03/22 13:43:51 graph]: # Epoch 56: train_loss: 0.4370 | lr: 0.000186
[2023-03-22 13:43:58] PRINT [03/22 13:43:58 graph]: --- Testf1: 0.89484, Best Valacc: 0.89309 in epoch 487 --- 
[2023-03-22 13:43:58] PRINT [03/22 13:43:58 graph]: Epoch 56: get test acc score:  0.89484
[2023-03-22 13:43:58] PRINT [03/22 13:43:58 graph]: best_f1 0.90011 at epoch 55
[2023-03-22 13:43:58] PRINT [03/22 13:43:58 graph]: start epoch 57.
[2023-03-22 13:43:58] PRINT [03/22 13:43:58 graph]: # Epoch 57: train_loss: 0.4382 | lr: 0.000186
[2023-03-22 13:44:05] PRINT [03/22 13:44:05 graph]: --- Testf1: 0.89738, Best Valacc: 0.89236 in epoch 470 --- 
[2023-03-22 13:44:06] PRINT [03/22 13:44:06 graph]: Epoch 57: get test acc score:  0.89738
[2023-03-22 13:44:06] PRINT [03/22 13:44:06 graph]: best_f1 0.90011 at epoch 55
[2023-03-22 13:44:06] PRINT [03/22 13:44:06 graph]: start epoch 58.
[2023-03-22 13:44:06] PRINT [03/22 13:44:06 graph]: # Epoch 58: train_loss: 0.4342 | lr: 0.000186
[2023-03-22 13:44:13] PRINT [03/22 13:44:13 graph]: --- Testf1: 0.89938, Best Valacc: 0.89382 in epoch 497 --- 
[2023-03-22 13:44:13] PRINT [03/22 13:44:13 graph]: Epoch 58: get test acc score:  0.89938
[2023-03-22 13:44:13] PRINT [03/22 13:44:13 graph]: best_f1 0.90011 at epoch 55
[2023-03-22 13:44:13] PRINT [03/22 13:44:13 graph]: start epoch 59.
[2023-03-22 13:44:13] PRINT [03/22 13:44:13 graph]: # Epoch 59: train_loss: 0.4391 | lr: 0.000186
[2023-03-22 13:44:20] PRINT [03/22 13:44:20 graph]: --- Testf1: 0.89329, Best Valacc: 0.89527 in epoch 408 --- 
[2023-03-22 13:44:20] PRINT [03/22 13:44:20 graph]: Epoch 59: get test acc score:  0.89329
[2023-03-22 13:44:20] PRINT [03/22 13:44:20 graph]: best_f1 0.90011 at epoch 55
[2023-03-22 13:44:20] PRINT [03/22 13:44:20 graph]: start epoch 60.
[2023-03-22 13:44:20] PRINT [03/22 13:44:20 graph]: # Epoch 60: train_loss: 0.4390 | lr: 0.000186
[2023-03-22 13:44:27] PRINT [03/22 13:44:27 graph]: --- Testf1: 0.89784, Best Valacc: 0.89455 in epoch 245 --- 
[2023-03-22 13:44:28] PRINT [03/22 13:44:28 graph]: Epoch 60: get test acc score:  0.89784
[2023-03-22 13:44:28] PRINT [03/22 13:44:28 graph]: best_f1 0.90011 at epoch 55
[2023-03-22 13:44:28] PRINT [03/22 13:44:28 graph]: start epoch 61.
[2023-03-22 13:44:28] PRINT [03/22 13:44:28 graph]: # Epoch 61: train_loss: 0.4406 | lr: 0.000186
[2023-03-22 13:44:35] PRINT [03/22 13:44:35 graph]: --- Testf1: 0.89211, Best Valacc: 0.89600 in epoch 475 --- 
[2023-03-22 13:44:35] PRINT [03/22 13:44:35 graph]: Epoch 61: get test acc score:  0.89211
[2023-03-22 13:44:35] PRINT [03/22 13:44:35 graph]: best_f1 0.90011 at epoch 55
[2023-03-22 13:44:35] PRINT [03/22 13:44:35 graph]: start epoch 62.
[2023-03-22 13:44:35] PRINT [03/22 13:44:35 graph]: # Epoch 62: train_loss: 0.4330 | lr: 0.000186
[2023-03-22 13:44:42] PRINT [03/22 13:44:42 graph]: --- Testf1: 0.89738, Best Valacc: 0.89527 in epoch 308 --- 
[2023-03-22 13:44:43] PRINT [03/22 13:44:43 graph]: Epoch 62: get test acc score:  0.89738
[2023-03-22 13:44:43] PRINT [03/22 13:44:43 graph]: best_f1 0.90011 at epoch 55
[2023-03-22 13:44:43] PRINT [03/22 13:44:43 graph]: start epoch 63.
[2023-03-22 13:44:43] PRINT [03/22 13:44:43 graph]: # Epoch 63: train_loss: 0.4377 | lr: 0.000186
[2023-03-22 13:44:50] PRINT [03/22 13:44:50 graph]: --- Testf1: 0.89693, Best Valacc: 0.89164 in epoch 483 --- 
[2023-03-22 13:44:50] PRINT [03/22 13:44:50 graph]: Epoch 63: get test acc score:  0.89693
[2023-03-22 13:44:50] PRINT [03/22 13:44:50 graph]: best_f1 0.90011 at epoch 55
[2023-03-22 13:44:50] PRINT [03/22 13:44:50 graph]: start epoch 64.
[2023-03-22 13:44:50] PRINT [03/22 13:44:50 graph]: # Epoch 64: train_loss: 0.4320 | lr: 0.000186
[2023-03-22 13:44:57] PRINT [03/22 13:44:57 graph]: --- Testf1: 0.89566, Best Valacc: 0.89091 in epoch 419 --- 
[2023-03-22 13:44:57] PRINT [03/22 13:44:57 graph]: Epoch 64: get test acc score:  0.89566
[2023-03-22 13:44:57] PRINT [03/22 13:44:57 graph]: best_f1 0.90011 at epoch 55
[2023-03-22 13:44:57] PRINT [03/22 13:44:57 graph]: start epoch 65.
[2023-03-22 13:44:58] PRINT [03/22 13:44:58 graph]: # Epoch 65: train_loss: 0.4328 | lr: 0.000186
[2023-03-22 13:45:05] PRINT [03/22 13:45:05 graph]: --- Testf1: 0.89666, Best Valacc: 0.89236 in epoch 158 --- 
[2023-03-22 13:45:05] PRINT [03/22 13:45:05 graph]: Epoch 65: get test acc score:  0.89666
[2023-03-22 13:45:05] PRINT [03/22 13:45:05 graph]: best_f1 0.90011 at epoch 55
[2023-03-22 13:45:05] PRINT [03/22 13:45:05 graph]: start epoch 66.
[2023-03-22 13:45:05] PRINT [03/22 13:45:05 graph]: # Epoch 66: train_loss: 0.4327 | lr: 0.000186
[2023-03-22 13:45:12] PRINT [03/22 13:45:12 graph]: --- Testf1: 0.89702, Best Valacc: 0.89382 in epoch 377 --- 
[2023-03-22 13:45:12] PRINT [03/22 13:45:12 graph]: Epoch 66: get test acc score:  0.89702
[2023-03-22 13:45:12] PRINT [03/22 13:45:12 graph]: best_f1 0.90011 at epoch 55
[2023-03-22 13:45:12] PRINT [03/22 13:45:12 graph]: start epoch 67.
[2023-03-22 13:45:12] PRINT [03/22 13:45:12 graph]: # Epoch 67: train_loss: 0.4305 | lr: 0.000186
[2023-03-22 13:45:20] PRINT [03/22 13:45:20 graph]: --- Testf1: 0.89566, Best Valacc: 0.89527 in epoch 354 --- 
[2023-03-22 13:45:20] PRINT [03/22 13:45:20 graph]: Epoch 67: get test acc score:  0.89566
[2023-03-22 13:45:20] PRINT [03/22 13:45:20 graph]: best_f1 0.90011 at epoch 55
[2023-03-22 13:45:20] PRINT [03/22 13:45:20 graph]: start epoch 68.
[2023-03-22 13:45:20] PRINT [03/22 13:45:20 graph]: # Epoch 68: train_loss: 0.4291 | lr: 0.000186
[2023-03-22 13:45:27] PRINT [03/22 13:45:27 graph]: --- Testf1: 0.89502, Best Valacc: 0.89673 in epoch 299 --- 
[2023-03-22 13:45:28] PRINT [03/22 13:45:28 graph]: Epoch 68: get test acc score:  0.89502
[2023-03-22 13:45:28] PRINT [03/22 13:45:28 graph]: best_f1 0.90011 at epoch 55
[2023-03-22 13:45:28] PRINT [03/22 13:45:28 graph]: start epoch 69.
[2023-03-22 13:45:28] PRINT [03/22 13:45:28 graph]: # Epoch 69: train_loss: 0.4299 | lr: 0.000186
[2023-03-22 13:45:35] PRINT [03/22 13:45:35 graph]: --- Testf1: 0.89629, Best Valacc: 0.90255 in epoch 402 --- 
[2023-03-22 13:45:35] PRINT [03/22 13:45:35 graph]: Epoch 69: get test acc score:  0.89629
[2023-03-22 13:45:35] PRINT [03/22 13:45:35 graph]: best_f1 0.90011 at epoch 55
[2023-03-22 13:45:35] PRINT [03/22 13:45:35 graph]: start epoch 70.
[2023-03-22 13:45:35] PRINT [03/22 13:45:35 graph]: # Epoch 70: train_loss: 0.4280 | lr: 0.000186
[2023-03-22 13:45:43] PRINT [03/22 13:45:43 graph]: --- Testf1: 0.90138, Best Valacc: 0.90109 in epoch 422 --- 
[2023-03-22 13:45:43] PRINT [03/22 13:45:43 graph]: Epoch 70: get test acc score:  0.90138
[2023-03-22 13:45:43] PRINT [03/22 13:45:43 graph]: best_f1 0.90138 at epoch 70
[2023-03-22 13:45:43] PRINT [03/22 13:45:43 graph]: start epoch 71.
[2023-03-22 13:45:43] PRINT [03/22 13:45:43 graph]: # Epoch 71: train_loss: 0.4267 | lr: 0.000186
[2023-03-22 13:45:50] PRINT [03/22 13:45:50 graph]: --- Testf1: 0.89729, Best Valacc: 0.90182 in epoch 313 --- 
[2023-03-22 13:45:51] PRINT [03/22 13:45:51 graph]: Epoch 71: get test acc score:  0.89729
[2023-03-22 13:45:51] PRINT [03/22 13:45:51 graph]: best_f1 0.90138 at epoch 70
[2023-03-22 13:45:51] PRINT [03/22 13:45:51 graph]: start epoch 72.
[2023-03-22 13:45:51] PRINT [03/22 13:45:51 graph]: # Epoch 72: train_loss: 0.4275 | lr: 0.000186
[2023-03-22 13:45:58] PRINT [03/22 13:45:58 graph]: --- Testf1: 0.89829, Best Valacc: 0.89891 in epoch 465 --- 
[2023-03-22 13:45:58] PRINT [03/22 13:45:58 graph]: Epoch 72: get test acc score:  0.89829
[2023-03-22 13:45:58] PRINT [03/22 13:45:58 graph]: best_f1 0.90138 at epoch 70
[2023-03-22 13:45:58] PRINT [03/22 13:45:58 graph]: start epoch 73.
[2023-03-22 13:45:58] PRINT [03/22 13:45:58 graph]: # Epoch 73: train_loss: 0.4258 | lr: 0.000186
[2023-03-22 13:46:05] PRINT [03/22 13:46:05 graph]: --- Testf1: 0.90193, Best Valacc: 0.90109 in epoch 477 --- 
[2023-03-22 13:46:05] PRINT [03/22 13:46:05 graph]: Epoch 73: get test acc score:  0.90193
[2023-03-22 13:46:05] PRINT [03/22 13:46:05 graph]: best_f1 0.90193 at epoch 73
[2023-03-22 13:46:05] PRINT [03/22 13:46:05 graph]: start epoch 74.
[2023-03-22 13:46:05] PRINT [03/22 13:46:05 graph]: # Epoch 74: train_loss: 0.4250 | lr: 0.000186
[2023-03-22 13:46:13] PRINT [03/22 13:46:13 graph]: --- Testf1: 0.89629, Best Valacc: 0.90109 in epoch 170 --- 
[2023-03-22 13:46:13] PRINT [03/22 13:46:13 graph]: Epoch 74: get test acc score:  0.89629
[2023-03-22 13:46:13] PRINT [03/22 13:46:13 graph]: best_f1 0.90193 at epoch 73
[2023-03-22 13:46:13] PRINT [03/22 13:46:13 graph]: start epoch 75.
[2023-03-22 13:46:13] PRINT [03/22 13:46:13 graph]: # Epoch 75: train_loss: 0.4247 | lr: 0.000186
[2023-03-22 13:46:20] PRINT [03/22 13:46:20 graph]: --- Testf1: 0.90056, Best Valacc: 0.89673 in epoch 188 --- 
[2023-03-22 13:46:20] PRINT [03/22 13:46:20 graph]: Epoch 75: get test acc score:  0.90056
[2023-03-22 13:46:20] PRINT [03/22 13:46:20 graph]: best_f1 0.90193 at epoch 73
[2023-03-22 13:46:20] PRINT [03/22 13:46:20 graph]: start epoch 76.
[2023-03-22 13:46:20] PRINT [03/22 13:46:20 graph]: # Epoch 76: train_loss: 0.4248 | lr: 0.000186
[2023-03-22 13:46:28] PRINT [03/22 13:46:28 graph]: --- Testf1: 0.89647, Best Valacc: 0.89964 in epoch 412 --- 
[2023-03-22 13:46:28] PRINT [03/22 13:46:28 graph]: Epoch 76: get test acc score:  0.89647
[2023-03-22 13:46:28] PRINT [03/22 13:46:28 graph]: best_f1 0.90193 at epoch 73
[2023-03-22 13:46:28] PRINT [03/22 13:46:28 graph]: start epoch 77.
[2023-03-22 13:46:28] PRINT [03/22 13:46:28 graph]: # Epoch 77: train_loss: 0.4230 | lr: 0.000186
[2023-03-22 13:46:35] PRINT [03/22 13:46:35 graph]: --- Testf1: 0.90038, Best Valacc: 0.89891 in epoch 364 --- 
[2023-03-22 13:46:35] PRINT [03/22 13:46:35 graph]: Epoch 77: get test acc score:  0.90038
[2023-03-22 13:46:35] PRINT [03/22 13:46:35 graph]: best_f1 0.90193 at epoch 73
[2023-03-22 13:46:35] PRINT [03/22 13:46:35 graph]: start epoch 78.
[2023-03-22 13:46:35] PRINT [03/22 13:46:35 graph]: # Epoch 78: train_loss: 0.4228 | lr: 0.000186
[2023-03-22 13:46:42] PRINT [03/22 13:46:42 graph]: --- Testf1: 0.90011, Best Valacc: 0.90182 in epoch 309 --- 
[2023-03-22 13:46:43] PRINT [03/22 13:46:43 graph]: Epoch 78: get test acc score:  0.90011
[2023-03-22 13:46:43] PRINT [03/22 13:46:43 graph]: best_f1 0.90193 at epoch 73
[2023-03-22 13:46:43] PRINT [03/22 13:46:43 graph]: start epoch 79.
[2023-03-22 13:46:43] PRINT [03/22 13:46:43 graph]: # Epoch 79: train_loss: 0.4226 | lr: 0.000186
[2023-03-22 13:46:50] PRINT [03/22 13:46:50 graph]: --- Testf1: 0.89984, Best Valacc: 0.89455 in epoch 480 --- 
[2023-03-22 13:46:50] PRINT [03/22 13:46:50 graph]: Epoch 79: get test acc score:  0.89984
[2023-03-22 13:46:50] PRINT [03/22 13:46:50 graph]: best_f1 0.90193 at epoch 73
[2023-03-22 13:46:50] PRINT [03/22 13:46:50 graph]: start epoch 80.
[2023-03-22 13:46:50] PRINT [03/22 13:46:50 graph]: # Epoch 80: train_loss: 0.4216 | lr: 0.000186
[2023-03-22 13:46:57] PRINT [03/22 13:46:57 graph]: --- Testf1: 0.90056, Best Valacc: 0.89745 in epoch 275 --- 
[2023-03-22 13:46:57] PRINT [03/22 13:46:57 graph]: Epoch 80: get test acc score:  0.90056
[2023-03-22 13:46:57] PRINT [03/22 13:46:57 graph]: best_f1 0.90193 at epoch 73
[2023-03-22 13:46:57] PRINT [03/22 13:46:57 graph]: start epoch 81.
[2023-03-22 13:46:57] PRINT [03/22 13:46:57 graph]: # Epoch 81: train_loss: 0.4213 | lr: 0.000186
[2023-03-22 13:47:04] PRINT [03/22 13:47:04 graph]: --- Testf1: 0.89856, Best Valacc: 0.89891 in epoch 451 --- 
[2023-03-22 13:47:05] PRINT [03/22 13:47:05 graph]: Epoch 81: get test acc score:  0.89856
[2023-03-22 13:47:05] PRINT [03/22 13:47:05 graph]: best_f1 0.90193 at epoch 73
[2023-03-22 13:47:05] PRINT [03/22 13:47:05 graph]: start epoch 82.
[2023-03-22 13:47:05] PRINT [03/22 13:47:05 graph]: # Epoch 82: train_loss: 0.4212 | lr: 0.000186
[2023-03-22 13:47:12] PRINT [03/22 13:47:12 graph]: --- Testf1: 0.90165, Best Valacc: 0.89818 in epoch 496 --- 
[2023-03-22 13:47:12] PRINT [03/22 13:47:12 graph]: Epoch 82: get test acc score:  0.90165
[2023-03-22 13:47:12] PRINT [03/22 13:47:12 graph]: best_f1 0.90193 at epoch 73
[2023-03-22 13:47:12] PRINT [03/22 13:47:12 graph]: start epoch 83.
[2023-03-22 13:47:12] PRINT [03/22 13:47:12 graph]: # Epoch 83: train_loss: 0.4194 | lr: 0.000186
[2023-03-22 13:47:19] PRINT [03/22 13:47:19 graph]: --- Testf1: 0.90338, Best Valacc: 0.89891 in epoch 493 --- 
[2023-03-22 13:47:20] PRINT [03/22 13:47:20 graph]: Epoch 83: get test acc score:  0.90338
[2023-03-22 13:47:20] PRINT [03/22 13:47:20 graph]: best_f1 0.90338 at epoch 83
[2023-03-22 13:47:20] PRINT [03/22 13:47:20 graph]: start epoch 84.
[2023-03-22 13:47:20] PRINT [03/22 13:47:20 graph]: # Epoch 84: train_loss: 0.4196 | lr: 0.000186
[2023-03-22 13:47:27] PRINT [03/22 13:47:27 graph]: --- Testf1: 0.89793, Best Valacc: 0.90036 in epoch 273 --- 
[2023-03-22 13:47:27] PRINT [03/22 13:47:27 graph]: Epoch 84: get test acc score:  0.89793
[2023-03-22 13:47:27] PRINT [03/22 13:47:27 graph]: best_f1 0.90338 at epoch 83
[2023-03-22 13:47:27] PRINT [03/22 13:47:27 graph]: start epoch 85.
[2023-03-22 13:47:27] PRINT [03/22 13:47:27 graph]: # Epoch 85: train_loss: 0.4192 | lr: 0.000186
[2023-03-22 13:47:34] PRINT [03/22 13:47:34 graph]: --- Testf1: 0.90111, Best Valacc: 0.90545 in epoch 489 --- 
[2023-03-22 13:47:35] PRINT [03/22 13:47:35 graph]: Epoch 85: get test acc score:  0.90111
[2023-03-22 13:47:35] PRINT [03/22 13:47:35 graph]: best_f1 0.90338 at epoch 83
[2023-03-22 13:47:35] PRINT [03/22 13:47:35 graph]: start epoch 86.
[2023-03-22 13:47:35] PRINT [03/22 13:47:35 graph]: # Epoch 86: train_loss: 0.4182 | lr: 0.000186
[2023-03-22 13:47:42] PRINT [03/22 13:47:42 graph]: --- Testf1: 0.89920, Best Valacc: 0.89891 in epoch 278 --- 
[2023-03-22 13:47:42] PRINT [03/22 13:47:42 graph]: Epoch 86: get test acc score:  0.89920
[2023-03-22 13:47:42] PRINT [03/22 13:47:42 graph]: best_f1 0.90338 at epoch 83
[2023-03-22 13:47:42] PRINT [03/22 13:47:42 graph]: start epoch 87.
[2023-03-22 13:47:42] PRINT [03/22 13:47:42 graph]: # Epoch 87: train_loss: 0.4183 | lr: 0.000186
[2023-03-22 13:47:49] PRINT [03/22 13:47:49 graph]: --- Testf1: 0.90120, Best Valacc: 0.90327 in epoch 475 --- 
[2023-03-22 13:47:49] PRINT [03/22 13:47:49 graph]: Epoch 87: get test acc score:  0.90120
[2023-03-22 13:47:49] PRINT [03/22 13:47:49 graph]: best_f1 0.90338 at epoch 83
[2023-03-22 13:47:49] PRINT [03/22 13:47:49 graph]: start epoch 88.
[2023-03-22 13:47:49] PRINT [03/22 13:47:49 graph]: # Epoch 88: train_loss: 0.4174 | lr: 0.000186
[2023-03-22 13:47:57] PRINT [03/22 13:47:57 graph]: --- Testf1: 0.90102, Best Valacc: 0.90327 in epoch 388 --- 
[2023-03-22 13:47:57] PRINT [03/22 13:47:57 graph]: Epoch 88: get test acc score:  0.90102
[2023-03-22 13:47:57] PRINT [03/22 13:47:57 graph]: best_f1 0.90338 at epoch 83
[2023-03-22 13:47:57] PRINT [03/22 13:47:57 graph]: start epoch 89.
[2023-03-22 13:47:57] PRINT [03/22 13:47:57 graph]: # Epoch 89: train_loss: 0.4169 | lr: 0.000186
[2023-03-22 13:48:03] PRINT [03/22 13:48:03 graph]: --- Testf1: 0.90084, Best Valacc: 0.89891 in epoch 251 --- 
[2023-03-22 13:48:04] PRINT [03/22 13:48:04 graph]: Epoch 89: get test acc score:  0.90084
[2023-03-22 13:48:04] PRINT [03/22 13:48:04 graph]: best_f1 0.90338 at epoch 83
[2023-03-22 13:48:04] PRINT [03/22 13:48:04 graph]: start epoch 90.
[2023-03-22 13:48:04] PRINT [03/22 13:48:04 graph]: # Epoch 90: train_loss: 0.4164 | lr: 0.000186
[2023-03-22 13:48:09] PRINT [03/22 13:48:09 graph]: --- Testf1: 0.90102, Best Valacc: 0.89891 in epoch 467 --- 
[2023-03-22 13:48:09] PRINT [03/22 13:48:09 graph]: Epoch 90: get test acc score:  0.90102
[2023-03-22 13:48:09] PRINT [03/22 13:48:09 graph]: best_f1 0.90338 at epoch 83
[2023-03-22 13:48:09] PRINT [03/22 13:48:09 graph]: start epoch 91.
[2023-03-22 13:48:09] PRINT [03/22 13:48:09 graph]: # Epoch 91: train_loss: 0.4164 | lr: 0.000186
[2023-03-22 13:48:15] PRINT [03/22 13:48:15 graph]: --- Testf1: 0.89911, Best Valacc: 0.90109 in epoch 419 --- 
[2023-03-22 13:48:15] PRINT [03/22 13:48:15 graph]: Epoch 91: get test acc score:  0.89911
[2023-03-22 13:48:15] PRINT [03/22 13:48:15 graph]: best_f1 0.90338 at epoch 83
[2023-03-22 13:48:15] PRINT [03/22 13:48:15 graph]: start epoch 92.
[2023-03-22 13:48:15] PRINT [03/22 13:48:15 graph]: # Epoch 92: train_loss: 0.4156 | lr: 0.000186
[2023-03-22 13:48:21] PRINT [03/22 13:48:21 graph]: --- Testf1: 0.90075, Best Valacc: 0.90400 in epoch 339 --- 
[2023-03-22 13:48:21] PRINT [03/22 13:48:21 graph]: Epoch 92: get test acc score:  0.90075
[2023-03-22 13:48:21] PRINT [03/22 13:48:21 graph]: best_f1 0.90338 at epoch 83
[2023-03-22 13:48:21] PRINT [03/22 13:48:21 graph]: start epoch 93.
[2023-03-22 13:48:21] PRINT [03/22 13:48:21 graph]: # Epoch 93: train_loss: 0.4155 | lr: 0.000186
[2023-03-22 13:48:30] PRINT [03/22 13:48:30 graph]: --- Testf1: 0.90056, Best Valacc: 0.90255 in epoch 284 --- 
[2023-03-22 13:48:30] PRINT [03/22 13:48:30 graph]: Epoch 93: get test acc score:  0.90056
[2023-03-22 13:48:30] PRINT [03/22 13:48:30 graph]: best_f1 0.90338 at epoch 83
[2023-03-22 13:48:30] PRINT [03/22 13:48:30 graph]: start epoch 94.
[2023-03-22 13:48:30] PRINT [03/22 13:48:30 graph]: # Epoch 94: train_loss: 0.4143 | lr: 0.000186
[2023-03-22 13:48:37] PRINT [03/22 13:48:37 graph]: --- Testf1: 0.90247, Best Valacc: 0.90255 in epoch 279 --- 
[2023-03-22 13:48:38] PRINT [03/22 13:48:38 graph]: Epoch 94: get test acc score:  0.90247
[2023-03-22 13:48:38] PRINT [03/22 13:48:38 graph]: best_f1 0.90338 at epoch 83
[2023-03-22 13:48:38] PRINT [03/22 13:48:38 graph]: start epoch 95.
[2023-03-22 13:48:38] PRINT [03/22 13:48:38 graph]: # Epoch 95: train_loss: 0.4158 | lr: 0.000186
[2023-03-22 13:48:45] PRINT [03/22 13:48:45 graph]: --- Testf1: 0.90102, Best Valacc: 0.89745 in epoch 298 --- 
[2023-03-22 13:48:45] PRINT [03/22 13:48:45 graph]: Epoch 95: get test acc score:  0.90102
[2023-03-22 13:48:45] PRINT [03/22 13:48:45 graph]: best_f1 0.90338 at epoch 83
[2023-03-22 13:48:45] PRINT [03/22 13:48:45 graph]: start epoch 96.
[2023-03-22 13:48:45] PRINT [03/22 13:48:45 graph]: # Epoch 96: train_loss: 0.4135 | lr: 0.000186
[2023-03-22 13:48:52] PRINT [03/22 13:48:52 graph]: --- Testf1: 0.90047, Best Valacc: 0.90109 in epoch 468 --- 
[2023-03-22 13:48:52] PRINT [03/22 13:48:52 graph]: Epoch 96: get test acc score:  0.90047
[2023-03-22 13:48:52] PRINT [03/22 13:48:52 graph]: best_f1 0.90338 at epoch 83
[2023-03-22 13:48:52] PRINT [03/22 13:48:52 graph]: start epoch 97.
[2023-03-22 13:48:52] PRINT [03/22 13:48:52 graph]: # Epoch 97: train_loss: 0.4141 | lr: 0.000186
[2023-03-22 13:48:59] PRINT [03/22 13:48:59 graph]: --- Testf1: 0.89975, Best Valacc: 0.89964 in epoch 229 --- 
[2023-03-22 13:49:00] PRINT [03/22 13:49:00 graph]: Epoch 97: get test acc score:  0.89975
[2023-03-22 13:49:00] PRINT [03/22 13:49:00 graph]: best_f1 0.90338 at epoch 83
[2023-03-22 13:49:00] PRINT [03/22 13:49:00 graph]: start epoch 98.
[2023-03-22 13:49:00] PRINT [03/22 13:49:00 graph]: # Epoch 98: train_loss: 0.4136 | lr: 0.000186
[2023-03-22 13:49:07] PRINT [03/22 13:49:07 graph]: --- Testf1: 0.89984, Best Valacc: 0.90400 in epoch 408 --- 
[2023-03-22 13:49:07] PRINT [03/22 13:49:07 graph]: Epoch 98: get test acc score:  0.89984
[2023-03-22 13:49:07] PRINT [03/22 13:49:07 graph]: best_f1 0.90338 at epoch 83
[2023-03-22 13:49:07] PRINT [03/22 13:49:07 graph]: start epoch 99.
[2023-03-22 13:49:07] PRINT [03/22 13:49:07 graph]: # Epoch 99: train_loss: 0.4131 | lr: 0.000186
[2023-03-22 13:49:14] PRINT [03/22 13:49:14 graph]: --- Testf1: 0.90129, Best Valacc: 0.90691 in epoch 309 --- 
[2023-03-22 13:49:14] PRINT [03/22 13:49:14 graph]: Epoch 99: get test acc score:  0.90129
[2023-03-22 13:49:14] PRINT [03/22 13:49:14 graph]: best_f1 0.90338 at epoch 83
[2023-03-22 13:49:14] PRINT [03/22 13:49:14 graph]: # final_acc: 0.90338±0.00000
