[2023-03-22 11:20:08] PRINT ---new cfg------
[2023-03-22 11:20:08] PRINT {'DATA': {'data_name': 'comp'}, 'DATALOADER': {'NUM_WORKERS': 0}, 'MODEL': {'num_hidden': 512, 'num_layers': 2, 'nhead': 4, 'activation': 'prelu', 'attn_drop': 0.2, 'feat_drop': 0.4, 'norm': 'batchnorm', 'pooler': 'mean', 'beta_schedule': 'quad', 'beta_1': 0.0006075707213341395, 'beta_T': 0.017774230284303187, 'T': 444}, 'SOLVER': {'optim_type': 'adam', 'optim_type_f': 'adamw', 'alpha': 1, 'decay': 20, 'LR': 0.0001718775511749754, 'LR_f': 0.060098237526458924, 'weight_decay': 0, 'weight_decay_f': 0.0008921911150392118, 'MAX_EPOCH': 100, 'max_epoch_f': 500}, 'DEVICE': 'cuda', 'seeds': [0], 'eval_T': [50, 100, 200], 'output_dir': '/ddm-nni/AmazonCoBuyComputerDataset¶/log', 'checkpoint_dir': '/ddm-nni/AmazonCoBuyComputerDataset¶/log/checkpoint'}
[2023-03-22 11:20:08] PRINT [03/22 11:20:08 graph]: Rank of current process: 0. World size: 1
[2023-03-22 11:20:12] PRINT [03/22 11:20:12 graph]: Environment info:
[2023-03-22 11:20:12] PRINT PyTorch version: 1.10.0+cu113
[2023-03-22 11:20:12] PRINT Is debug build: False
[2023-03-22 11:20:12] PRINT CUDA used to build PyTorch: 11.3
[2023-03-22 11:20:12] PRINT ROCM used to build PyTorch: N/A
[2023-03-22 11:20:12] PRINT 
[2023-03-22 11:20:12] PRINT OS: Ubuntu 20.04.3 LTS (x86_64)
[2023-03-22 11:20:12] PRINT GCC version: (Ubuntu 9.3.0-17ubuntu1~20.04) 9.3.0
[2023-03-22 11:20:12] PRINT Clang version: Could not collect
[2023-03-22 11:20:12] PRINT CMake version: version 3.16.3
[2023-03-22 11:20:12] PRINT Libc version: glibc-2.31
[2023-03-22 11:20:12] PRINT 
[2023-03-22 11:20:12] PRINT Python version: 3.8.10 (default, Jun  4 2021, 15:09:15)  [GCC 7.5.0] (64-bit runtime)
[2023-03-22 11:20:12] PRINT Python platform: Linux-5.4.0-90-generic-x86_64-with-glibc2.17
[2023-03-22 11:20:12] PRINT Is CUDA available: True
[2023-03-22 11:20:12] PRINT CUDA runtime version: 11.3.109
[2023-03-22 11:20:12] PRINT GPU models and configuration: GPU 0: NVIDIA GeForce RTX 3090
[2023-03-22 11:20:12] PRINT Nvidia driver version: 495.44
[2023-03-22 11:20:12] PRINT cuDNN version: Probably one of the following:
[2023-03-22 11:20:12] PRINT /usr/lib/x86_64-linux-gnu/libcudnn.so.8.2.0
[2023-03-22 11:20:12] PRINT /usr/lib/x86_64-linux-gnu/libcudnn_adv_infer.so.8.2.0
[2023-03-22 11:20:12] PRINT /usr/lib/x86_64-linux-gnu/libcudnn_adv_train.so.8.2.0
[2023-03-22 11:20:12] PRINT /usr/lib/x86_64-linux-gnu/libcudnn_cnn_infer.so.8.2.0
[2023-03-22 11:20:12] PRINT /usr/lib/x86_64-linux-gnu/libcudnn_cnn_train.so.8.2.0
[2023-03-22 11:20:12] PRINT /usr/lib/x86_64-linux-gnu/libcudnn_ops_infer.so.8.2.0
[2023-03-22 11:20:12] PRINT /usr/lib/x86_64-linux-gnu/libcudnn_ops_train.so.8.2.0
[2023-03-22 11:20:12] PRINT HIP runtime version: N/A
[2023-03-22 11:20:12] PRINT MIOpen runtime version: N/A
[2023-03-22 11:20:12] PRINT 
[2023-03-22 11:20:12] PRINT Versions of relevant libraries:
[2023-03-22 11:20:12] PRINT [pip3] numpy==1.23.5
[2023-03-22 11:20:12] PRINT [pip3] torch==1.10.0+cu113
[2023-03-22 11:20:12] PRINT [pip3] torchvision==0.11.1+cu113
[2023-03-22 11:20:12] PRINT [conda] blas                      1.0                         mkl    https://mirrors.ustc.edu.cn/anaconda/pkgs/main
[2023-03-22 11:20:12] PRINT [conda] mkl                       2021.4.0           h06a4308_640    https://mirrors.ustc.edu.cn/anaconda/pkgs/main
[2023-03-22 11:20:12] PRINT [conda] mkl-service               2.4.0            py38h7f8727e_0    https://mirrors.ustc.edu.cn/anaconda/pkgs/main
[2023-03-22 11:20:12] PRINT [conda] mkl_fft                   1.3.1            py38hd3c417c_0    https://mirrors.ustc.edu.cn/anaconda/pkgs/main
[2023-03-22 11:20:12] PRINT [conda] mkl_random                1.2.2            py38h51133e4_0    https://mirrors.ustc.edu.cn/anaconda/pkgs/main
[2023-03-22 11:20:12] PRINT [conda] numpy                     1.21.4                   pypi_0    pypi
[2023-03-22 11:20:12] PRINT [conda] numpy-base                1.23.5           py38h31eccc5_0    https://mirrors.ustc.edu.cn/anaconda/pkgs/main
[2023-03-22 11:20:12] PRINT [conda] torch                     1.10.0+cu113             pypi_0    pypi
[2023-03-22 11:20:12] PRINT [conda] torchvision               0.11.1+cu113             pypi_0    pypi
[2023-03-22 11:20:12] PRINT         Pillow (8.4.0)
[2023-03-22 11:20:12] PRINT [03/22 11:20:12 graph]: Command line arguments: Namespace(local_rank=0, resume=False, seed=1234, start_epoch=0)
[2023-03-22 11:20:12] PRINT [03/22 11:20:12 graph]: Run 0th for seed 0
[2023-03-22 11:20:12] PRINT [03/22 11:20:12 graph]: Total trainable params num : 7908355
[2023-03-22 11:20:17] PRINT [03/22 11:20:17 graph]: ----------Start Training----------
[2023-03-22 11:20:17] PRINT [03/22 11:20:17 graph]: start epoch 0.
[2023-03-22 11:20:17] PRINT [03/22 11:20:17 graph]: # Epoch 0: train_loss: 1.0214 | lr: 0.000172
[2023-03-22 11:20:17] PRINT [03/22 11:20:17 graph]: start epoch 1.
[2023-03-22 11:20:17] PRINT [03/22 11:20:17 graph]: # Epoch 1: train_loss: 0.8482 | lr: 0.000172
[2023-03-22 11:20:17] PRINT [03/22 11:20:17 graph]: start epoch 2.
[2023-03-22 11:20:18] PRINT [03/22 11:20:18 graph]: # Epoch 2: train_loss: 0.7646 | lr: 0.000172
[2023-03-22 11:20:18] PRINT [03/22 11:20:18 graph]: start epoch 3.
[2023-03-22 11:20:18] PRINT [03/22 11:20:18 graph]: # Epoch 3: train_loss: 0.7081 | lr: 0.000172
[2023-03-22 11:20:18] PRINT [03/22 11:20:18 graph]: start epoch 4.
[2023-03-22 11:20:18] PRINT [03/22 11:20:18 graph]: # Epoch 4: train_loss: 0.6679 | lr: 0.000172
[2023-03-22 11:20:18] PRINT [03/22 11:20:18 graph]: start epoch 5.
[2023-03-22 11:20:18] PRINT [03/22 11:20:18 graph]: # Epoch 5: train_loss: 0.6385 | lr: 0.000172
[2023-03-22 11:20:18] PRINT [03/22 11:20:18 graph]: start epoch 6.
[2023-03-22 11:20:18] PRINT [03/22 11:20:18 graph]: # Epoch 6: train_loss: 0.6170 | lr: 0.000172
[2023-03-22 11:20:18] PRINT [03/22 11:20:18 graph]: start epoch 7.
[2023-03-22 11:20:18] PRINT [03/22 11:20:18 graph]: # Epoch 7: train_loss: 0.6006 | lr: 0.000172
[2023-03-22 11:20:18] PRINT [03/22 11:20:18 graph]: start epoch 8.
[2023-03-22 11:20:18] PRINT [03/22 11:20:18 graph]: # Epoch 8: train_loss: 0.5881 | lr: 0.000172
[2023-03-22 11:20:18] PRINT [03/22 11:20:18 graph]: start epoch 9.
[2023-03-22 11:20:18] PRINT [03/22 11:20:18 graph]: # Epoch 9: train_loss: 0.5765 | lr: 0.000172
[2023-03-22 11:20:18] PRINT [03/22 11:20:18 graph]: start epoch 10.
[2023-03-22 11:20:18] PRINT [03/22 11:20:18 graph]: # Epoch 10: train_loss: 0.5665 | lr: 0.000172
[2023-03-22 11:20:18] PRINT [03/22 11:20:18 graph]: start epoch 11.
[2023-03-22 11:20:18] PRINT [03/22 11:20:18 graph]: # Epoch 11: train_loss: 0.5576 | lr: 0.000172
[2023-03-22 11:20:18] PRINT [03/22 11:20:18 graph]: start epoch 12.
[2023-03-22 11:20:18] PRINT [03/22 11:20:18 graph]: # Epoch 12: train_loss: 0.5488 | lr: 0.000172
[2023-03-22 11:20:18] PRINT [03/22 11:20:18 graph]: start epoch 13.
[2023-03-22 11:20:18] PRINT [03/22 11:20:18 graph]: # Epoch 13: train_loss: 0.5416 | lr: 0.000172
[2023-03-22 11:20:18] PRINT [03/22 11:20:18 graph]: start epoch 14.
[2023-03-22 11:20:18] PRINT [03/22 11:20:18 graph]: # Epoch 14: train_loss: 0.5350 | lr: 0.000172
[2023-03-22 11:20:18] PRINT [03/22 11:20:18 graph]: start epoch 15.
[2023-03-22 11:20:19] PRINT [03/22 11:20:19 graph]: # Epoch 15: train_loss: 0.5291 | lr: 0.000172
[2023-03-22 11:20:19] PRINT [03/22 11:20:19 graph]: start epoch 16.
[2023-03-22 11:20:19] PRINT [03/22 11:20:19 graph]: # Epoch 16: train_loss: 0.5237 | lr: 0.000172
[2023-03-22 11:20:19] PRINT [03/22 11:20:19 graph]: start epoch 17.
[2023-03-22 11:20:19] PRINT [03/22 11:20:19 graph]: # Epoch 17: train_loss: 0.5190 | lr: 0.000172
[2023-03-22 11:20:19] PRINT [03/22 11:20:19 graph]: start epoch 18.
[2023-03-22 11:20:19] PRINT [03/22 11:20:19 graph]: # Epoch 18: train_loss: 0.5141 | lr: 0.000172
[2023-03-22 11:20:19] PRINT [03/22 11:20:19 graph]: start epoch 19.
[2023-03-22 11:20:19] PRINT [03/22 11:20:19 graph]: # Epoch 19: train_loss: 0.5098 | lr: 0.000172
[2023-03-22 11:20:19] PRINT [03/22 11:20:19 graph]: start epoch 20.
[2023-03-22 11:20:19] PRINT [03/22 11:20:19 graph]: # Epoch 20: train_loss: 0.5056 | lr: 0.000172
[2023-03-22 11:20:19] PRINT [03/22 11:20:19 graph]: start epoch 21.
[2023-03-22 11:20:19] PRINT [03/22 11:20:19 graph]: # Epoch 21: train_loss: 0.5017 | lr: 0.000172
[2023-03-22 11:20:19] PRINT [03/22 11:20:19 graph]: start epoch 22.
[2023-03-22 11:20:19] PRINT [03/22 11:20:19 graph]: # Epoch 22: train_loss: 0.4981 | lr: 0.000172
[2023-03-22 11:20:19] PRINT [03/22 11:20:19 graph]: start epoch 23.
[2023-03-22 11:20:19] PRINT [03/22 11:20:19 graph]: # Epoch 23: train_loss: 0.4949 | lr: 0.000172
[2023-03-22 11:20:19] PRINT [03/22 11:20:19 graph]: start epoch 24.
[2023-03-22 11:20:19] PRINT [03/22 11:20:19 graph]: # Epoch 24: train_loss: 0.4916 | lr: 0.000172
[2023-03-22 11:20:19] PRINT [03/22 11:20:19 graph]: start epoch 25.
[2023-03-22 11:20:19] PRINT [03/22 11:20:19 graph]: # Epoch 25: train_loss: 0.4887 | lr: 0.000172
[2023-03-22 11:20:19] PRINT [03/22 11:20:19 graph]: start epoch 26.
[2023-03-22 11:20:19] PRINT [03/22 11:20:19 graph]: # Epoch 26: train_loss: 0.4860 | lr: 0.000172
[2023-03-22 11:20:19] PRINT [03/22 11:20:19 graph]: start epoch 27.
[2023-03-22 11:20:19] PRINT [03/22 11:20:19 graph]: # Epoch 27: train_loss: 0.4833 | lr: 0.000172
[2023-03-22 11:20:19] PRINT [03/22 11:20:19 graph]: start epoch 28.
[2023-03-22 11:20:19] PRINT [03/22 11:20:19 graph]: # Epoch 28: train_loss: 0.4808 | lr: 0.000172
[2023-03-22 11:20:19] PRINT [03/22 11:20:19 graph]: start epoch 29.
[2023-03-22 11:20:20] PRINT [03/22 11:20:20 graph]: # Epoch 29: train_loss: 0.4787 | lr: 0.000172
[2023-03-22 11:20:20] PRINT [03/22 11:20:20 graph]: start epoch 30.
[2023-03-22 11:20:20] PRINT [03/22 11:20:20 graph]: # Epoch 30: train_loss: 0.4763 | lr: 0.000172
[2023-03-22 11:20:20] PRINT [03/22 11:20:20 graph]: start epoch 31.
[2023-03-22 11:20:20] PRINT [03/22 11:20:20 graph]: # Epoch 31: train_loss: 0.4744 | lr: 0.000172
[2023-03-22 11:20:20] PRINT [03/22 11:20:20 graph]: start epoch 32.
[2023-03-22 11:20:20] PRINT [03/22 11:20:20 graph]: # Epoch 32: train_loss: 0.4727 | lr: 0.000172
[2023-03-22 11:20:20] PRINT [03/22 11:20:20 graph]: start epoch 33.
[2023-03-22 11:20:20] PRINT [03/22 11:20:20 graph]: # Epoch 33: train_loss: 0.4702 | lr: 0.000172
[2023-03-22 11:20:20] PRINT [03/22 11:20:20 graph]: start epoch 34.
[2023-03-22 11:20:20] PRINT [03/22 11:20:20 graph]: # Epoch 34: train_loss: 0.4683 | lr: 0.000172
[2023-03-22 11:20:20] PRINT [03/22 11:20:20 graph]: start epoch 35.
[2023-03-22 11:20:20] PRINT [03/22 11:20:20 graph]: # Epoch 35: train_loss: 0.4666 | lr: 0.000172
[2023-03-22 11:20:20] PRINT [03/22 11:20:20 graph]: start epoch 36.
[2023-03-22 11:20:20] PRINT [03/22 11:20:20 graph]: # Epoch 36: train_loss: 0.4644 | lr: 0.000172
[2023-03-22 11:20:20] PRINT [03/22 11:20:20 graph]: start epoch 37.
[2023-03-22 11:20:20] PRINT [03/22 11:20:20 graph]: # Epoch 37: train_loss: 0.4630 | lr: 0.000172
[2023-03-22 11:20:20] PRINT [03/22 11:20:20 graph]: start epoch 38.
[2023-03-22 11:20:20] PRINT [03/22 11:20:20 graph]: # Epoch 38: train_loss: 0.4610 | lr: 0.000172
[2023-03-22 11:20:20] PRINT [03/22 11:20:20 graph]: start epoch 39.
[2023-03-22 11:20:20] PRINT [03/22 11:20:20 graph]: # Epoch 39: train_loss: 0.4594 | lr: 0.000172
[2023-03-22 11:20:20] PRINT [03/22 11:20:20 graph]: start epoch 40.
[2023-03-22 11:20:20] PRINT [03/22 11:20:20 graph]: # Epoch 40: train_loss: 0.4580 | lr: 0.000172
[2023-03-22 11:20:20] PRINT [03/22 11:20:20 graph]: start epoch 41.
[2023-03-22 11:20:20] PRINT [03/22 11:20:20 graph]: # Epoch 41: train_loss: 0.4567 | lr: 0.000172
[2023-03-22 11:20:20] PRINT [03/22 11:20:20 graph]: start epoch 42.
[2023-03-22 11:20:21] PRINT [03/22 11:20:21 graph]: # Epoch 42: train_loss: 0.4552 | lr: 0.000172
[2023-03-22 11:20:21] PRINT [03/22 11:20:21 graph]: start epoch 43.
[2023-03-22 11:20:21] PRINT [03/22 11:20:21 graph]: # Epoch 43: train_loss: 0.4535 | lr: 0.000172
[2023-03-22 11:20:21] PRINT [03/22 11:20:21 graph]: start epoch 44.
[2023-03-22 11:20:21] PRINT [03/22 11:20:21 graph]: # Epoch 44: train_loss: 0.4529 | lr: 0.000172
[2023-03-22 11:20:21] PRINT [03/22 11:20:21 graph]: start epoch 45.
[2023-03-22 11:20:21] PRINT [03/22 11:20:21 graph]: # Epoch 45: train_loss: 0.4508 | lr: 0.000172
[2023-03-22 11:20:21] PRINT [03/22 11:20:21 graph]: start epoch 46.
[2023-03-22 11:20:21] PRINT [03/22 11:20:21 graph]: # Epoch 46: train_loss: 0.4502 | lr: 0.000172
[2023-03-22 11:20:21] PRINT [03/22 11:20:21 graph]: start epoch 47.
[2023-03-22 11:20:21] PRINT [03/22 11:20:21 graph]: # Epoch 47: train_loss: 0.4486 | lr: 0.000172
[2023-03-22 11:20:21] PRINT [03/22 11:20:21 graph]: start epoch 48.
[2023-03-22 11:20:21] PRINT [03/22 11:20:21 graph]: # Epoch 48: train_loss: 0.4475 | lr: 0.000172
[2023-03-22 11:20:21] PRINT [03/22 11:20:21 graph]: start epoch 49.
[2023-03-22 11:20:21] PRINT [03/22 11:20:21 graph]: # Epoch 49: train_loss: 0.4459 | lr: 0.000172
[2023-03-22 11:20:21] PRINT [03/22 11:20:21 graph]: start epoch 50.
[2023-03-22 11:20:21] PRINT [03/22 11:20:21 graph]: # Epoch 50: train_loss: 0.4472 | lr: 0.000172
[2023-03-22 11:20:21] PRINT [03/22 11:20:21 graph]: start epoch 51.
[2023-03-22 11:20:21] PRINT [03/22 11:20:21 graph]: # Epoch 51: train_loss: 0.4441 | lr: 0.000172
[2023-03-22 11:20:28] PRINT [03/22 11:20:28 graph]: --- Testf1: 0.88902, Best Valacc: 0.89236 in epoch 135 --- 
[2023-03-22 11:20:29] PRINT [03/22 11:20:29 graph]: Epoch 51: get test acc score:  0.88902
[2023-03-22 11:20:29] PRINT [03/22 11:20:29 graph]: best_f1 0.88902 at epoch 51
[2023-03-22 11:20:29] PRINT [03/22 11:20:29 graph]: start epoch 52.
[2023-03-22 11:20:29] PRINT [03/22 11:20:29 graph]: # Epoch 52: train_loss: 0.4434 | lr: 0.000172
[2023-03-22 11:20:36] PRINT [03/22 11:20:36 graph]: --- Testf1: 0.88820, Best Valacc: 0.89382 in epoch 437 --- 
[2023-03-22 11:20:36] PRINT [03/22 11:20:36 graph]: Epoch 52: get test acc score:  0.88820
[2023-03-22 11:20:36] PRINT [03/22 11:20:36 graph]: best_f1 0.88902 at epoch 51
[2023-03-22 11:20:36] PRINT [03/22 11:20:36 graph]: start epoch 53.
[2023-03-22 11:20:36] PRINT [03/22 11:20:36 graph]: # Epoch 53: train_loss: 0.4425 | lr: 0.000172
[2023-03-22 11:20:43] PRINT [03/22 11:20:43 graph]: --- Testf1: 0.89102, Best Valacc: 0.89091 in epoch 281 --- 
[2023-03-22 11:20:44] PRINT [03/22 11:20:44 graph]: Epoch 53: get test acc score:  0.89102
[2023-03-22 11:20:44] PRINT [03/22 11:20:44 graph]: best_f1 0.89102 at epoch 53
[2023-03-22 11:20:44] PRINT [03/22 11:20:44 graph]: start epoch 54.
[2023-03-22 11:20:44] PRINT [03/22 11:20:44 graph]: # Epoch 54: train_loss: 0.4425 | lr: 0.000172
[2023-03-22 11:20:51] PRINT [03/22 11:20:51 graph]: --- Testf1: 0.88775, Best Valacc: 0.89018 in epoch 353 --- 
[2023-03-22 11:20:51] PRINT [03/22 11:20:51 graph]: Epoch 54: get test acc score:  0.88775
[2023-03-22 11:20:51] PRINT [03/22 11:20:51 graph]: best_f1 0.89102 at epoch 53
[2023-03-22 11:20:51] PRINT [03/22 11:20:51 graph]: start epoch 55.
[2023-03-22 11:20:51] PRINT [03/22 11:20:51 graph]: # Epoch 55: train_loss: 0.4435 | lr: 0.000172
[2023-03-22 11:20:59] PRINT [03/22 11:20:59 graph]: --- Testf1: 0.88648, Best Valacc: 0.89091 in epoch 447 --- 
[2023-03-22 11:20:59] PRINT [03/22 11:20:59 graph]: Epoch 55: get test acc score:  0.88648
[2023-03-22 11:20:59] PRINT [03/22 11:20:59 graph]: best_f1 0.89102 at epoch 53
[2023-03-22 11:20:59] PRINT [03/22 11:20:59 graph]: start epoch 56.
[2023-03-22 11:20:59] PRINT [03/22 11:20:59 graph]: # Epoch 56: train_loss: 0.4395 | lr: 0.000172
[2023-03-22 11:21:06] PRINT [03/22 11:21:06 graph]: --- Testf1: 0.89075, Best Valacc: 0.89600 in epoch 208 --- 
[2023-03-22 11:21:06] PRINT [03/22 11:21:06 graph]: Epoch 56: get test acc score:  0.89075
[2023-03-22 11:21:06] PRINT [03/22 11:21:06 graph]: best_f1 0.89102 at epoch 53
[2023-03-22 11:21:06] PRINT [03/22 11:21:06 graph]: start epoch 57.
[2023-03-22 11:21:06] PRINT [03/22 11:21:06 graph]: # Epoch 57: train_loss: 0.4453 | lr: 0.000172
[2023-03-22 11:21:14] PRINT [03/22 11:21:14 graph]: --- Testf1: 0.89302, Best Valacc: 0.89382 in epoch 171 --- 
[2023-03-22 11:21:14] PRINT [03/22 11:21:14 graph]: Epoch 57: get test acc score:  0.89302
[2023-03-22 11:21:14] PRINT [03/22 11:21:14 graph]: best_f1 0.89302 at epoch 57
[2023-03-22 11:21:14] PRINT [03/22 11:21:14 graph]: start epoch 58.
[2023-03-22 11:21:14] PRINT [03/22 11:21:14 graph]: # Epoch 58: train_loss: 0.4452 | lr: 0.000172
[2023-03-22 11:21:21] PRINT [03/22 11:21:21 graph]: --- Testf1: 0.89411, Best Valacc: 0.89164 in epoch 216 --- 
[2023-03-22 11:21:22] PRINT [03/22 11:21:22 graph]: Epoch 58: get test acc score:  0.89411
[2023-03-22 11:21:22] PRINT [03/22 11:21:22 graph]: best_f1 0.89411 at epoch 58
[2023-03-22 11:21:22] PRINT [03/22 11:21:22 graph]: start epoch 59.
[2023-03-22 11:21:22] PRINT [03/22 11:21:22 graph]: # Epoch 59: train_loss: 0.4481 | lr: 0.000172
[2023-03-22 11:21:29] PRINT [03/22 11:21:29 graph]: --- Testf1: 0.88657, Best Valacc: 0.89091 in epoch 370 --- 
[2023-03-22 11:21:29] PRINT [03/22 11:21:29 graph]: Epoch 59: get test acc score:  0.88657
[2023-03-22 11:21:29] PRINT [03/22 11:21:29 graph]: best_f1 0.89411 at epoch 58
[2023-03-22 11:21:29] PRINT [03/22 11:21:29 graph]: start epoch 60.
[2023-03-22 11:21:29] PRINT [03/22 11:21:29 graph]: # Epoch 60: train_loss: 0.4410 | lr: 0.000172
[2023-03-22 11:21:35] PRINT [03/22 11:21:35 graph]: --- Testf1: 0.89102, Best Valacc: 0.89018 in epoch 374 --- 
[2023-03-22 11:21:36] PRINT [03/22 11:21:36 graph]: Epoch 60: get test acc score:  0.89102
[2023-03-22 11:21:36] PRINT [03/22 11:21:36 graph]: best_f1 0.89411 at epoch 58
[2023-03-22 11:21:36] PRINT [03/22 11:21:36 graph]: start epoch 61.
[2023-03-22 11:21:36] PRINT [03/22 11:21:36 graph]: # Epoch 61: train_loss: 0.4392 | lr: 0.000172
[2023-03-22 11:21:41] PRINT [03/22 11:21:41 graph]: --- Testf1: 0.89075, Best Valacc: 0.89164 in epoch 309 --- 
[2023-03-22 11:21:42] PRINT [03/22 11:21:42 graph]: Epoch 61: get test acc score:  0.89075
[2023-03-22 11:21:42] PRINT [03/22 11:21:42 graph]: best_f1 0.89411 at epoch 58
[2023-03-22 11:21:42] PRINT [03/22 11:21:42 graph]: start epoch 62.
[2023-03-22 11:21:42] PRINT [03/22 11:21:42 graph]: # Epoch 62: train_loss: 0.4427 | lr: 0.000172
[2023-03-22 11:21:48] PRINT [03/22 11:21:48 graph]: --- Testf1: 0.89438, Best Valacc: 0.89018 in epoch 451 --- 
[2023-03-22 11:21:48] PRINT [03/22 11:21:48 graph]: Epoch 62: get test acc score:  0.89438
[2023-03-22 11:21:48] PRINT [03/22 11:21:48 graph]: best_f1 0.89438 at epoch 62
[2023-03-22 11:21:48] PRINT [03/22 11:21:48 graph]: start epoch 63.
[2023-03-22 11:21:48] PRINT [03/22 11:21:48 graph]: # Epoch 63: train_loss: 0.4359 | lr: 0.000172
[2023-03-22 11:21:57] PRINT [03/22 11:21:57 graph]: --- Testf1: 0.89084, Best Valacc: 0.90036 in epoch 303 --- 
[2023-03-22 11:21:57] PRINT [03/22 11:21:57 graph]: Epoch 63: get test acc score:  0.89084
[2023-03-22 11:21:57] PRINT [03/22 11:21:57 graph]: best_f1 0.89438 at epoch 62
[2023-03-22 11:21:57] PRINT [03/22 11:21:57 graph]: start epoch 64.
[2023-03-22 11:21:57] PRINT [03/22 11:21:57 graph]: # Epoch 64: train_loss: 0.4378 | lr: 0.000172
[2023-03-22 11:22:05] PRINT [03/22 11:22:05 graph]: --- Testf1: 0.89211, Best Valacc: 0.89018 in epoch 370 --- 
[2023-03-22 11:22:05] PRINT [03/22 11:22:05 graph]: Epoch 64: get test acc score:  0.89211
[2023-03-22 11:22:05] PRINT [03/22 11:22:05 graph]: best_f1 0.89438 at epoch 62
[2023-03-22 11:22:05] PRINT [03/22 11:22:05 graph]: start epoch 65.
[2023-03-22 11:22:05] PRINT [03/22 11:22:05 graph]: # Epoch 65: train_loss: 0.4381 | lr: 0.000172
[2023-03-22 11:22:12] PRINT [03/22 11:22:12 graph]: --- Testf1: 0.88947, Best Valacc: 0.88800 in epoch 458 --- 
[2023-03-22 11:22:13] PRINT [03/22 11:22:13 graph]: Epoch 65: get test acc score:  0.88947
[2023-03-22 11:22:13] PRINT [03/22 11:22:13 graph]: best_f1 0.89438 at epoch 62
[2023-03-22 11:22:13] PRINT [03/22 11:22:13 graph]: start epoch 66.
[2023-03-22 11:22:13] PRINT [03/22 11:22:13 graph]: # Epoch 66: train_loss: 0.4355 | lr: 0.000172
[2023-03-22 11:22:20] PRINT [03/22 11:22:20 graph]: --- Testf1: 0.89084, Best Valacc: 0.88873 in epoch 373 --- 
[2023-03-22 11:22:20] PRINT [03/22 11:22:20 graph]: Epoch 66: get test acc score:  0.89084
[2023-03-22 11:22:20] PRINT [03/22 11:22:20 graph]: best_f1 0.89438 at epoch 62
[2023-03-22 11:22:20] PRINT [03/22 11:22:20 graph]: start epoch 67.
[2023-03-22 11:22:20] PRINT [03/22 11:22:20 graph]: # Epoch 67: train_loss: 0.4333 | lr: 0.000172
[2023-03-22 11:22:28] PRINT [03/22 11:22:28 graph]: --- Testf1: 0.89247, Best Valacc: 0.89091 in epoch 396 --- 
[2023-03-22 11:22:28] PRINT [03/22 11:22:28 graph]: Epoch 67: get test acc score:  0.89247
[2023-03-22 11:22:28] PRINT [03/22 11:22:28 graph]: best_f1 0.89438 at epoch 62
[2023-03-22 11:22:28] PRINT [03/22 11:22:28 graph]: start epoch 68.
[2023-03-22 11:22:28] PRINT [03/22 11:22:28 graph]: # Epoch 68: train_loss: 0.4342 | lr: 0.000172
[2023-03-22 11:22:35] PRINT [03/22 11:22:35 graph]: --- Testf1: 0.89484, Best Valacc: 0.89527 in epoch 315 --- 
[2023-03-22 11:22:35] PRINT [03/22 11:22:35 graph]: Epoch 68: get test acc score:  0.89484
[2023-03-22 11:22:35] PRINT [03/22 11:22:35 graph]: best_f1 0.89484 at epoch 68
[2023-03-22 11:22:35] PRINT [03/22 11:22:35 graph]: start epoch 69.
[2023-03-22 11:22:35] PRINT [03/22 11:22:35 graph]: # Epoch 69: train_loss: 0.4336 | lr: 0.000172
[2023-03-22 11:22:42] PRINT [03/22 11:22:42 graph]: --- Testf1: 0.89057, Best Valacc: 0.89164 in epoch 369 --- 
[2023-03-22 11:22:43] PRINT [03/22 11:22:43 graph]: Epoch 69: get test acc score:  0.89057
[2023-03-22 11:22:43] PRINT [03/22 11:22:43 graph]: best_f1 0.89484 at epoch 68
[2023-03-22 11:22:43] PRINT [03/22 11:22:43 graph]: start epoch 70.
[2023-03-22 11:22:43] PRINT [03/22 11:22:43 graph]: # Epoch 70: train_loss: 0.4317 | lr: 0.000172
[2023-03-22 11:22:50] PRINT [03/22 11:22:50 graph]: --- Testf1: 0.88975, Best Valacc: 0.89018 in epoch 498 --- 
[2023-03-22 11:22:50] PRINT [03/22 11:22:50 graph]: Epoch 70: get test acc score:  0.88975
[2023-03-22 11:22:50] PRINT [03/22 11:22:50 graph]: best_f1 0.89484 at epoch 68
[2023-03-22 11:22:50] PRINT [03/22 11:22:50 graph]: start epoch 71.
[2023-03-22 11:22:50] PRINT [03/22 11:22:50 graph]: # Epoch 71: train_loss: 0.4315 | lr: 0.000172
[2023-03-22 11:22:57] PRINT [03/22 11:22:57 graph]: --- Testf1: 0.89193, Best Valacc: 0.89018 in epoch 320 --- 
[2023-03-22 11:22:58] PRINT [03/22 11:22:58 graph]: Epoch 71: get test acc score:  0.89193
[2023-03-22 11:22:58] PRINT [03/22 11:22:58 graph]: best_f1 0.89484 at epoch 68
[2023-03-22 11:22:58] PRINT [03/22 11:22:58 graph]: start epoch 72.
[2023-03-22 11:22:58] PRINT [03/22 11:22:58 graph]: # Epoch 72: train_loss: 0.4311 | lr: 0.000172
[2023-03-22 11:23:05] PRINT [03/22 11:23:05 graph]: --- Testf1: 0.89093, Best Valacc: 0.89455 in epoch 337 --- 
[2023-03-22 11:23:05] PRINT [03/22 11:23:05 graph]: Epoch 72: get test acc score:  0.89093
[2023-03-22 11:23:05] PRINT [03/22 11:23:05 graph]: best_f1 0.89484 at epoch 68
[2023-03-22 11:23:05] PRINT [03/22 11:23:05 graph]: start epoch 73.
[2023-03-22 11:23:05] PRINT [03/22 11:23:05 graph]: # Epoch 73: train_loss: 0.4302 | lr: 0.000172
[2023-03-22 11:23:12] PRINT [03/22 11:23:12 graph]: --- Testf1: 0.89020, Best Valacc: 0.89818 in epoch 233 --- 
[2023-03-22 11:23:13] PRINT [03/22 11:23:13 graph]: Epoch 73: get test acc score:  0.89020
[2023-03-22 11:23:13] PRINT [03/22 11:23:13 graph]: best_f1 0.89484 at epoch 68
[2023-03-22 11:23:13] PRINT [03/22 11:23:13 graph]: start epoch 74.
[2023-03-22 11:23:13] PRINT [03/22 11:23:13 graph]: # Epoch 74: train_loss: 0.4290 | lr: 0.000172
[2023-03-22 11:23:20] PRINT [03/22 11:23:20 graph]: --- Testf1: 0.89402, Best Valacc: 0.89600 in epoch 430 --- 
[2023-03-22 11:23:20] PRINT [03/22 11:23:20 graph]: Epoch 74: get test acc score:  0.89402
[2023-03-22 11:23:20] PRINT [03/22 11:23:20 graph]: best_f1 0.89484 at epoch 68
[2023-03-22 11:23:20] PRINT [03/22 11:23:20 graph]: start epoch 75.
[2023-03-22 11:23:20] PRINT [03/22 11:23:20 graph]: # Epoch 75: train_loss: 0.4285 | lr: 0.000172
[2023-03-22 11:23:27] PRINT [03/22 11:23:27 graph]: --- Testf1: 0.89302, Best Valacc: 0.89236 in epoch 104 --- 
[2023-03-22 11:23:28] PRINT [03/22 11:23:28 graph]: Epoch 75: get test acc score:  0.89302
[2023-03-22 11:23:28] PRINT [03/22 11:23:28 graph]: best_f1 0.89484 at epoch 68
[2023-03-22 11:23:28] PRINT [03/22 11:23:28 graph]: start epoch 76.
[2023-03-22 11:23:28] PRINT [03/22 11:23:28 graph]: # Epoch 76: train_loss: 0.4282 | lr: 0.000172
[2023-03-22 11:23:35] PRINT [03/22 11:23:35 graph]: --- Testf1: 0.88902, Best Valacc: 0.89236 in epoch 372 --- 
[2023-03-22 11:23:35] PRINT [03/22 11:23:35 graph]: Epoch 76: get test acc score:  0.88902
[2023-03-22 11:23:35] PRINT [03/22 11:23:35 graph]: best_f1 0.89484 at epoch 68
[2023-03-22 11:23:35] PRINT [03/22 11:23:35 graph]: start epoch 77.
[2023-03-22 11:23:35] PRINT [03/22 11:23:35 graph]: # Epoch 77: train_loss: 0.4274 | lr: 0.000172
[2023-03-22 11:23:42] PRINT [03/22 11:23:42 graph]: --- Testf1: 0.89120, Best Valacc: 0.89600 in epoch 209 --- 
[2023-03-22 11:23:43] PRINT [03/22 11:23:43 graph]: Epoch 77: get test acc score:  0.89120
[2023-03-22 11:23:43] PRINT [03/22 11:23:43 graph]: best_f1 0.89484 at epoch 68
[2023-03-22 11:23:43] PRINT [03/22 11:23:43 graph]: start epoch 78.
[2023-03-22 11:23:43] PRINT [03/22 11:23:43 graph]: # Epoch 78: train_loss: 0.4264 | lr: 0.000172
[2023-03-22 11:23:50] PRINT [03/22 11:23:50 graph]: --- Testf1: 0.89020, Best Valacc: 0.89600 in epoch 496 --- 
[2023-03-22 11:23:50] PRINT [03/22 11:23:50 graph]: Epoch 78: get test acc score:  0.89020
[2023-03-22 11:23:50] PRINT [03/22 11:23:50 graph]: best_f1 0.89484 at epoch 68
[2023-03-22 11:23:50] PRINT [03/22 11:23:50 graph]: start epoch 79.
[2023-03-22 11:23:50] PRINT [03/22 11:23:50 graph]: # Epoch 79: train_loss: 0.4262 | lr: 0.000172
[2023-03-22 11:23:57] PRINT [03/22 11:23:57 graph]: --- Testf1: 0.89211, Best Valacc: 0.89673 in epoch 499 --- 
[2023-03-22 11:23:57] PRINT [03/22 11:23:57 graph]: Epoch 79: get test acc score:  0.89211
[2023-03-22 11:23:57] PRINT [03/22 11:23:57 graph]: best_f1 0.89484 at epoch 68
[2023-03-22 11:23:57] PRINT [03/22 11:23:57 graph]: start epoch 80.
[2023-03-22 11:23:57] PRINT [03/22 11:23:57 graph]: # Epoch 80: train_loss: 0.4253 | lr: 0.000172
[2023-03-22 11:24:05] PRINT [03/22 11:24:05 graph]: --- Testf1: 0.89129, Best Valacc: 0.89309 in epoch 447 --- 
[2023-03-22 11:24:05] PRINT [03/22 11:24:05 graph]: Epoch 80: get test acc score:  0.89129
[2023-03-22 11:24:05] PRINT [03/22 11:24:05 graph]: best_f1 0.89484 at epoch 68
[2023-03-22 11:24:05] PRINT [03/22 11:24:05 graph]: start epoch 81.
[2023-03-22 11:24:05] PRINT [03/22 11:24:05 graph]: # Epoch 81: train_loss: 0.4250 | lr: 0.000172
[2023-03-22 11:24:12] PRINT [03/22 11:24:12 graph]: --- Testf1: 0.89129, Best Valacc: 0.89600 in epoch 248 --- 
[2023-03-22 11:24:13] PRINT [03/22 11:24:13 graph]: Epoch 81: get test acc score:  0.89129
[2023-03-22 11:24:13] PRINT [03/22 11:24:13 graph]: best_f1 0.89484 at epoch 68
[2023-03-22 11:24:13] PRINT [03/22 11:24:13 graph]: start epoch 82.
[2023-03-22 11:24:13] PRINT [03/22 11:24:13 graph]: # Epoch 82: train_loss: 0.4243 | lr: 0.000172
[2023-03-22 11:24:20] PRINT [03/22 11:24:20 graph]: --- Testf1: 0.89084, Best Valacc: 0.89382 in epoch 409 --- 
[2023-03-22 11:24:20] PRINT [03/22 11:24:20 graph]: Epoch 82: get test acc score:  0.89084
[2023-03-22 11:24:20] PRINT [03/22 11:24:20 graph]: best_f1 0.89484 at epoch 68
[2023-03-22 11:24:20] PRINT [03/22 11:24:20 graph]: start epoch 83.
[2023-03-22 11:24:20] PRINT [03/22 11:24:20 graph]: # Epoch 83: train_loss: 0.4233 | lr: 0.000172
[2023-03-22 11:24:27] PRINT [03/22 11:24:27 graph]: --- Testf1: 0.89166, Best Valacc: 0.90182 in epoch 213 --- 
[2023-03-22 11:24:28] PRINT [03/22 11:24:28 graph]: Epoch 83: get test acc score:  0.89166
[2023-03-22 11:24:28] PRINT [03/22 11:24:28 graph]: best_f1 0.89484 at epoch 68
[2023-03-22 11:24:28] PRINT [03/22 11:24:28 graph]: start epoch 84.
[2023-03-22 11:24:28] PRINT [03/22 11:24:28 graph]: # Epoch 84: train_loss: 0.4231 | lr: 0.000172
[2023-03-22 11:24:35] PRINT [03/22 11:24:35 graph]: --- Testf1: 0.89184, Best Valacc: 0.89309 in epoch 434 --- 
[2023-03-22 11:24:35] PRINT [03/22 11:24:35 graph]: Epoch 84: get test acc score:  0.89184
[2023-03-22 11:24:35] PRINT [03/22 11:24:35 graph]: best_f1 0.89484 at epoch 68
[2023-03-22 11:24:35] PRINT [03/22 11:24:35 graph]: start epoch 85.
[2023-03-22 11:24:35] PRINT [03/22 11:24:35 graph]: # Epoch 85: train_loss: 0.4226 | lr: 0.000172
[2023-03-22 11:24:42] PRINT [03/22 11:24:42 graph]: --- Testf1: 0.89047, Best Valacc: 0.89382 in epoch 386 --- 
[2023-03-22 11:24:43] PRINT [03/22 11:24:43 graph]: Epoch 85: get test acc score:  0.89047
[2023-03-22 11:24:43] PRINT [03/22 11:24:43 graph]: best_f1 0.89484 at epoch 68
[2023-03-22 11:24:43] PRINT [03/22 11:24:43 graph]: start epoch 86.
[2023-03-22 11:24:43] PRINT [03/22 11:24:43 graph]: # Epoch 86: train_loss: 0.4222 | lr: 0.000172
[2023-03-22 11:24:50] PRINT [03/22 11:24:50 graph]: --- Testf1: 0.89247, Best Valacc: 0.89673 in epoch 128 --- 
[2023-03-22 11:24:50] PRINT [03/22 11:24:50 graph]: Epoch 86: get test acc score:  0.89247
[2023-03-22 11:24:50] PRINT [03/22 11:24:50 graph]: best_f1 0.89484 at epoch 68
[2023-03-22 11:24:50] PRINT [03/22 11:24:50 graph]: start epoch 87.
[2023-03-22 11:24:50] PRINT [03/22 11:24:50 graph]: # Epoch 87: train_loss: 0.4219 | lr: 0.000172
[2023-03-22 11:24:57] PRINT [03/22 11:24:57 graph]: --- Testf1: 0.89384, Best Valacc: 0.89673 in epoch 279 --- 
[2023-03-22 11:24:57] PRINT [03/22 11:24:57 graph]: Epoch 87: get test acc score:  0.89384
[2023-03-22 11:24:57] PRINT [03/22 11:24:57 graph]: best_f1 0.89484 at epoch 68
[2023-03-22 11:24:57] PRINT [03/22 11:24:57 graph]: start epoch 88.
[2023-03-22 11:24:58] PRINT [03/22 11:24:58 graph]: # Epoch 88: train_loss: 0.4213 | lr: 0.000172
[2023-03-22 11:25:05] PRINT [03/22 11:25:05 graph]: --- Testf1: 0.89129, Best Valacc: 0.89891 in epoch 372 --- 
[2023-03-22 11:25:05] PRINT [03/22 11:25:05 graph]: Epoch 88: get test acc score:  0.89129
[2023-03-22 11:25:05] PRINT [03/22 11:25:05 graph]: best_f1 0.89484 at epoch 68
[2023-03-22 11:25:05] PRINT [03/22 11:25:05 graph]: start epoch 89.
[2023-03-22 11:25:05] PRINT [03/22 11:25:05 graph]: # Epoch 89: train_loss: 0.4209 | lr: 0.000172
[2023-03-22 11:25:12] PRINT [03/22 11:25:12 graph]: --- Testf1: 0.89175, Best Valacc: 0.89455 in epoch 270 --- 
[2023-03-22 11:25:13] PRINT [03/22 11:25:13 graph]: Epoch 89: get test acc score:  0.89175
[2023-03-22 11:25:13] PRINT [03/22 11:25:13 graph]: best_f1 0.89484 at epoch 68
[2023-03-22 11:25:13] PRINT [03/22 11:25:13 graph]: start epoch 90.
[2023-03-22 11:25:13] PRINT [03/22 11:25:13 graph]: # Epoch 90: train_loss: 0.4205 | lr: 0.000172
[2023-03-22 11:25:20] PRINT [03/22 11:25:20 graph]: --- Testf1: 0.89238, Best Valacc: 0.89600 in epoch 406 --- 
[2023-03-22 11:25:20] PRINT [03/22 11:25:20 graph]: Epoch 90: get test acc score:  0.89238
[2023-03-22 11:25:20] PRINT [03/22 11:25:20 graph]: best_f1 0.89484 at epoch 68
[2023-03-22 11:25:20] PRINT [03/22 11:25:20 graph]: start epoch 91.
[2023-03-22 11:25:20] PRINT [03/22 11:25:20 graph]: # Epoch 91: train_loss: 0.4202 | lr: 0.000172
[2023-03-22 11:25:27] PRINT [03/22 11:25:27 graph]: --- Testf1: 0.89429, Best Valacc: 0.89600 in epoch 484 --- 
[2023-03-22 11:25:27] PRINT [03/22 11:25:27 graph]: Epoch 91: get test acc score:  0.89429
[2023-03-22 11:25:27] PRINT [03/22 11:25:27 graph]: best_f1 0.89484 at epoch 68
[2023-03-22 11:25:27] PRINT [03/22 11:25:27 graph]: start epoch 92.
[2023-03-22 11:25:28] PRINT [03/22 11:25:28 graph]: # Epoch 92: train_loss: 0.4196 | lr: 0.000172
[2023-03-22 11:25:35] PRINT [03/22 11:25:35 graph]: --- Testf1: 0.89329, Best Valacc: 0.89745 in epoch 383 --- 
[2023-03-22 11:25:35] PRINT [03/22 11:25:35 graph]: Epoch 92: get test acc score:  0.89329
[2023-03-22 11:25:35] PRINT [03/22 11:25:35 graph]: best_f1 0.89484 at epoch 68
[2023-03-22 11:25:35] PRINT [03/22 11:25:35 graph]: start epoch 93.
[2023-03-22 11:25:35] PRINT [03/22 11:25:35 graph]: # Epoch 93: train_loss: 0.4193 | lr: 0.000172
[2023-03-22 11:25:42] PRINT [03/22 11:25:42 graph]: --- Testf1: 0.89529, Best Valacc: 0.89382 in epoch 395 --- 
[2023-03-22 11:25:42] PRINT [03/22 11:25:42 graph]: Epoch 93: get test acc score:  0.89529
[2023-03-22 11:25:42] PRINT [03/22 11:25:42 graph]: best_f1 0.89529 at epoch 93
[2023-03-22 11:25:42] PRINT [03/22 11:25:42 graph]: start epoch 94.
[2023-03-22 11:25:43] PRINT [03/22 11:25:43 graph]: # Epoch 94: train_loss: 0.4187 | lr: 0.000172
[2023-03-22 11:25:50] PRINT [03/22 11:25:50 graph]: --- Testf1: 0.89347, Best Valacc: 0.89964 in epoch 398 --- 
[2023-03-22 11:25:50] PRINT [03/22 11:25:50 graph]: Epoch 94: get test acc score:  0.89347
[2023-03-22 11:25:50] PRINT [03/22 11:25:50 graph]: best_f1 0.89529 at epoch 93
[2023-03-22 11:25:50] PRINT [03/22 11:25:50 graph]: start epoch 95.
[2023-03-22 11:25:50] PRINT [03/22 11:25:50 graph]: # Epoch 95: train_loss: 0.4185 | lr: 0.000172
[2023-03-22 11:25:57] PRINT [03/22 11:25:57 graph]: --- Testf1: 0.89338, Best Valacc: 0.89745 in epoch 344 --- 
[2023-03-22 11:25:58] PRINT [03/22 11:25:58 graph]: Epoch 95: get test acc score:  0.89338
[2023-03-22 11:25:58] PRINT [03/22 11:25:58 graph]: best_f1 0.89529 at epoch 93
[2023-03-22 11:25:58] PRINT [03/22 11:25:58 graph]: start epoch 96.
[2023-03-22 11:25:58] PRINT [03/22 11:25:58 graph]: # Epoch 96: train_loss: 0.4181 | lr: 0.000172
[2023-03-22 11:26:05] PRINT [03/22 11:26:05 graph]: --- Testf1: 0.89784, Best Valacc: 0.89891 in epoch 465 --- 
[2023-03-22 11:26:05] PRINT [03/22 11:26:05 graph]: Epoch 96: get test acc score:  0.89784
[2023-03-22 11:26:05] PRINT [03/22 11:26:05 graph]: best_f1 0.89784 at epoch 96
[2023-03-22 11:26:05] PRINT [03/22 11:26:05 graph]: start epoch 97.
[2023-03-22 11:26:05] PRINT [03/22 11:26:05 graph]: # Epoch 97: train_loss: 0.4174 | lr: 0.000172
[2023-03-22 11:26:10] PRINT [03/22 11:26:10 graph]: --- Testf1: 0.89675, Best Valacc: 0.89745 in epoch 300 --- 
[2023-03-22 11:26:11] PRINT [03/22 11:26:11 graph]: Epoch 97: get test acc score:  0.89675
[2023-03-22 11:26:11] PRINT [03/22 11:26:11 graph]: best_f1 0.89784 at epoch 96
[2023-03-22 11:26:11] PRINT [03/22 11:26:11 graph]: start epoch 98.
[2023-03-22 11:26:11] PRINT [03/22 11:26:11 graph]: # Epoch 98: train_loss: 0.4179 | lr: 0.000172
[2023-03-22 11:26:16] PRINT [03/22 11:26:16 graph]: --- Testf1: 0.89411, Best Valacc: 0.89964 in epoch 195 --- 
[2023-03-22 11:26:16] PRINT [03/22 11:26:16 graph]: Epoch 98: get test acc score:  0.89411
[2023-03-22 11:26:16] PRINT [03/22 11:26:16 graph]: best_f1 0.89784 at epoch 96
[2023-03-22 11:26:16] PRINT [03/22 11:26:16 graph]: start epoch 99.
[2023-03-22 11:26:17] PRINT [03/22 11:26:17 graph]: # Epoch 99: train_loss: 0.4163 | lr: 0.000172
[2023-03-22 11:26:22] PRINT [03/22 11:26:22 graph]: --- Testf1: 0.89147, Best Valacc: 0.89745 in epoch 389 --- 
[2023-03-22 11:26:22] PRINT [03/22 11:26:22 graph]: Epoch 99: get test acc score:  0.89147
[2023-03-22 11:26:22] PRINT [03/22 11:26:22 graph]: best_f1 0.89784 at epoch 96
[2023-03-22 11:26:22] PRINT [03/22 11:26:22 graph]: # final_acc: 0.89784±0.00000
