[2023-03-18 11:47:29] PRINT ---new cfg------
[2023-03-18 11:47:29] PRINT {'DATA': {'data_name': 'citeseer'}, 'DATALOADER': {'NUM_WORKERS': 0}, 'MODEL': {'num_hidden': 1024, 'num_layers': 2, 'nhead': 2, 'activation': 'prelu', 'attn_drop': 0.30000000000000004, 'feat_drop': 0.30000000000000004, 'norm': 'layernorm', 'pooler': 'mean', 'beta_schedule': 'sigmoid', 'beta_1': 0.0005575238944813956, 'beta_T': 0.05212256113714266, 'T': 997, 'alpha_l': 2}, 'SOLVER': {'optim_type': 'adam', 'optim_type_f': 'adamw', 'alpha': 1, 'decay': 30, 'LR': 0.00030325264263094765, 'LR_f': 0.004069853638294064, 'weight_decay': 0, 'weight_decay_f': 0.00010450647642770342, 'MAX_EPOCH': 100, 'max_epoch_f': 100}, 'DEVICE': 'cuda', 'seeds': [0], 'eval_T': [50, 100, 200], 'output_dir': '/ddm-nni/Citeseer/log', 'checkpoint_dir': '/ddm-nni/Citeseer/log/checkpoint'}
[2023-03-18 11:47:29] PRINT [03/18 11:47:29 graph]: Rank of current process: 0. World size: 1
[2023-03-18 11:47:32] PRINT [03/18 11:47:32 graph]: Environment info:
[2023-03-18 11:47:32] PRINT PyTorch version: 1.10.0+cu113
[2023-03-18 11:47:32] PRINT Is debug build: False
[2023-03-18 11:47:32] PRINT CUDA used to build PyTorch: 11.3
[2023-03-18 11:47:32] PRINT ROCM used to build PyTorch: N/A
[2023-03-18 11:47:32] PRINT 
[2023-03-18 11:47:32] PRINT OS: Ubuntu 20.04.3 LTS (x86_64)
[2023-03-18 11:47:32] PRINT GCC version: (Ubuntu 9.3.0-17ubuntu1~20.04) 9.3.0
[2023-03-18 11:47:32] PRINT Clang version: Could not collect
[2023-03-18 11:47:32] PRINT CMake version: version 3.16.3
[2023-03-18 11:47:32] PRINT Libc version: glibc-2.31
[2023-03-18 11:47:32] PRINT 
[2023-03-18 11:47:32] PRINT Python version: 3.8.10 (default, Jun  4 2021, 15:09:15)  [GCC 7.5.0] (64-bit runtime)
[2023-03-18 11:47:32] PRINT Python platform: Linux-5.4.0-90-generic-x86_64-with-glibc2.17
[2023-03-18 11:47:32] PRINT Is CUDA available: True
[2023-03-18 11:47:32] PRINT CUDA runtime version: 11.3.109
[2023-03-18 11:47:32] PRINT GPU models and configuration: GPU 0: NVIDIA GeForce RTX 3090
[2023-03-18 11:47:32] PRINT Nvidia driver version: 495.44
[2023-03-18 11:47:32] PRINT cuDNN version: Probably one of the following:
[2023-03-18 11:47:32] PRINT /usr/lib/x86_64-linux-gnu/libcudnn.so.8.2.0
[2023-03-18 11:47:32] PRINT /usr/lib/x86_64-linux-gnu/libcudnn_adv_infer.so.8.2.0
[2023-03-18 11:47:32] PRINT /usr/lib/x86_64-linux-gnu/libcudnn_adv_train.so.8.2.0
[2023-03-18 11:47:32] PRINT /usr/lib/x86_64-linux-gnu/libcudnn_cnn_infer.so.8.2.0
[2023-03-18 11:47:32] PRINT /usr/lib/x86_64-linux-gnu/libcudnn_cnn_train.so.8.2.0
[2023-03-18 11:47:32] PRINT /usr/lib/x86_64-linux-gnu/libcudnn_ops_infer.so.8.2.0
[2023-03-18 11:47:32] PRINT /usr/lib/x86_64-linux-gnu/libcudnn_ops_train.so.8.2.0
[2023-03-18 11:47:32] PRINT HIP runtime version: N/A
[2023-03-18 11:47:32] PRINT MIOpen runtime version: N/A
[2023-03-18 11:47:32] PRINT 
[2023-03-18 11:47:32] PRINT Versions of relevant libraries:
[2023-03-18 11:47:32] PRINT [pip3] numpy==1.23.5
[2023-03-18 11:47:32] PRINT [pip3] torch==1.10.0+cu113
[2023-03-18 11:47:32] PRINT [pip3] torchvision==0.11.1+cu113
[2023-03-18 11:47:32] PRINT [conda] blas                      1.0                         mkl    https://mirrors.ustc.edu.cn/anaconda/pkgs/main
[2023-03-18 11:47:32] PRINT [conda] mkl                       2021.4.0           h06a4308_640    https://mirrors.ustc.edu.cn/anaconda/pkgs/main
[2023-03-18 11:47:32] PRINT [conda] mkl-service               2.4.0            py38h7f8727e_0    https://mirrors.ustc.edu.cn/anaconda/pkgs/main
[2023-03-18 11:47:32] PRINT [conda] mkl_fft                   1.3.1            py38hd3c417c_0    https://mirrors.ustc.edu.cn/anaconda/pkgs/main
[2023-03-18 11:47:32] PRINT [conda] mkl_random                1.2.2            py38h51133e4_0    https://mirrors.ustc.edu.cn/anaconda/pkgs/main
[2023-03-18 11:47:32] PRINT [conda] numpy                     1.21.4                   pypi_0    pypi
[2023-03-18 11:47:32] PRINT [conda] numpy-base                1.23.5           py38h31eccc5_0    https://mirrors.ustc.edu.cn/anaconda/pkgs/main
[2023-03-18 11:47:32] PRINT [conda] torch                     1.10.0+cu113             pypi_0    pypi
[2023-03-18 11:47:32] PRINT [conda] torchvision               0.11.1+cu113             pypi_0    pypi
[2023-03-18 11:47:32] PRINT         Pillow (8.4.0)
[2023-03-18 11:47:32] PRINT [03/18 11:47:32 graph]: Command line arguments: Namespace(local_rank=0, resume=False, seed=1234, start_epoch=0)
[2023-03-18 11:47:32] PRINT   NumNodes: 3327
[2023-03-18 11:47:32] PRINT   NumEdges: 9228
[2023-03-18 11:47:32] PRINT   NumFeats: 3703
[2023-03-18 11:47:32] PRINT   NumClasses: 6
[2023-03-18 11:47:32] PRINT   NumTrainingSamples: 120
[2023-03-18 11:47:32] PRINT   NumValidationSamples: 500
[2023-03-18 11:47:32] PRINT   NumTestSamples: 1000
[2023-03-18 11:47:32] PRINT Done loading data from cached files.
[2023-03-18 11:47:32] PRINT [03/18 11:47:32 graph]: Run 0th for seed 0
[2023-03-18 11:47:33] PRINT [03/18 11:47:33 graph]: Total trainable params num : 72459459
[2023-03-18 11:47:37] PRINT [03/18 11:47:37 graph]: ----------Start Training----------
[2023-03-18 11:47:37] PRINT [03/18 11:47:37 graph]: start epoch 0.
[2023-03-18 11:47:37] PRINT [03/18 11:47:37 graph]: # Epoch 0: train_loss: 0.9327 | lr: 0.000303
[2023-03-18 11:47:37] PRINT [03/18 11:47:37 graph]: start epoch 1.
[2023-03-18 11:47:38] PRINT [03/18 11:47:38 graph]: # Epoch 1: train_loss: 0.7757 | lr: 0.000303
[2023-03-18 11:47:38] PRINT [03/18 11:47:38 graph]: start epoch 2.
[2023-03-18 11:47:38] PRINT [03/18 11:47:38 graph]: # Epoch 2: train_loss: 0.6797 | lr: 0.000303
[2023-03-18 11:47:38] PRINT [03/18 11:47:38 graph]: start epoch 3.
[2023-03-18 11:47:38] PRINT [03/18 11:47:38 graph]: # Epoch 3: train_loss: 0.6485 | lr: 0.000303
[2023-03-18 11:47:38] PRINT [03/18 11:47:38 graph]: start epoch 4.
[2023-03-18 11:47:38] PRINT [03/18 11:47:38 graph]: # Epoch 4: train_loss: 0.6417 | lr: 0.000303
[2023-03-18 11:47:38] PRINT [03/18 11:47:38 graph]: start epoch 5.
[2023-03-18 11:47:38] PRINT [03/18 11:47:38 graph]: # Epoch 5: train_loss: 0.6392 | lr: 0.000303
[2023-03-18 11:47:38] PRINT [03/18 11:47:38 graph]: start epoch 6.
[2023-03-18 11:47:38] PRINT [03/18 11:47:38 graph]: # Epoch 6: train_loss: 0.6356 | lr: 0.000303
[2023-03-18 11:47:38] PRINT [03/18 11:47:38 graph]: start epoch 7.
[2023-03-18 11:47:38] PRINT [03/18 11:47:38 graph]: # Epoch 7: train_loss: 0.6310 | lr: 0.000303
[2023-03-18 11:47:38] PRINT [03/18 11:47:38 graph]: start epoch 8.
[2023-03-18 11:47:38] PRINT [03/18 11:47:38 graph]: # Epoch 8: train_loss: 0.6243 | lr: 0.000303
[2023-03-18 11:47:38] PRINT [03/18 11:47:38 graph]: start epoch 9.
[2023-03-18 11:47:38] PRINT [03/18 11:47:38 graph]: # Epoch 9: train_loss: 0.6211 | lr: 0.000303
[2023-03-18 11:47:38] PRINT [03/18 11:47:38 graph]: start epoch 10.
[2023-03-18 11:47:38] PRINT [03/18 11:47:38 graph]: # Epoch 10: train_loss: 0.6175 | lr: 0.000303
[2023-03-18 11:47:38] PRINT [03/18 11:47:38 graph]: start epoch 11.
[2023-03-18 11:47:38] PRINT [03/18 11:47:38 graph]: # Epoch 11: train_loss: 0.6162 | lr: 0.000303
[2023-03-18 11:47:39] PRINT [03/18 11:47:39 graph]: --- Testf1: 0.66900, Best Valacc: 0.67000 in epoch 78 --- 
[2023-03-18 11:47:39] PRINT [03/18 11:47:39 graph]: Epoch 11: get test acc score:  0.669
[2023-03-18 11:47:39] PRINT [03/18 11:47:39 graph]: best_f1 0.669 at epoch 11
[2023-03-18 11:47:39] PRINT [03/18 11:47:39 graph]: start epoch 12.
[2023-03-18 11:47:39] PRINT [03/18 11:47:39 graph]: # Epoch 12: train_loss: 0.6171 | lr: 0.000303
[2023-03-18 11:47:40] PRINT [03/18 11:47:40 graph]: --- Testf1: 0.70500, Best Valacc: 0.69400 in epoch 62 --- 
[2023-03-18 11:47:40] PRINT [03/18 11:47:40 graph]: Epoch 12: get test acc score:  0.705
[2023-03-18 11:47:40] PRINT [03/18 11:47:40 graph]: best_f1 0.705 at epoch 12
[2023-03-18 11:47:40] PRINT [03/18 11:47:40 graph]: start epoch 13.
[2023-03-18 11:47:41] PRINT [03/18 11:47:41 graph]: # Epoch 13: train_loss: 0.6127 | lr: 0.000303
[2023-03-18 11:47:41] PRINT [03/18 11:47:41 graph]: --- Testf1: 0.70000, Best Valacc: 0.68200 in epoch 75 --- 
[2023-03-18 11:47:42] PRINT [03/18 11:47:42 graph]: Epoch 13: get test acc score:  0.700
[2023-03-18 11:47:42] PRINT [03/18 11:47:42 graph]: best_f1 0.705 at epoch 12
[2023-03-18 11:47:42] PRINT [03/18 11:47:42 graph]: start epoch 14.
[2023-03-18 11:47:42] PRINT [03/18 11:47:42 graph]: # Epoch 14: train_loss: 0.6117 | lr: 0.000303
[2023-03-18 11:47:42] PRINT [03/18 11:47:42 graph]: --- Testf1: 0.70500, Best Valacc: 0.71000 in epoch 52 --- 
[2023-03-18 11:47:43] PRINT [03/18 11:47:43 graph]: Epoch 14: get test acc score:  0.705
[2023-03-18 11:47:43] PRINT [03/18 11:47:43 graph]: best_f1 0.705 at epoch 12
[2023-03-18 11:47:43] PRINT [03/18 11:47:43 graph]: start epoch 15.
[2023-03-18 11:47:43] PRINT [03/18 11:47:43 graph]: # Epoch 15: train_loss: 0.6074 | lr: 0.000303
[2023-03-18 11:47:44] PRINT [03/18 11:47:44 graph]: --- Testf1: 0.69700, Best Valacc: 0.71200 in epoch 31 --- 
[2023-03-18 11:47:44] PRINT [03/18 11:47:44 graph]: Epoch 15: get test acc score:  0.697
[2023-03-18 11:47:44] PRINT [03/18 11:47:44 graph]: best_f1 0.705 at epoch 12
[2023-03-18 11:47:44] PRINT [03/18 11:47:44 graph]: start epoch 16.
[2023-03-18 11:47:44] PRINT [03/18 11:47:44 graph]: # Epoch 16: train_loss: 0.6029 | lr: 0.000303
[2023-03-18 11:47:45] PRINT [03/18 11:47:45 graph]: --- Testf1: 0.69900, Best Valacc: 0.71000 in epoch 10 --- 
[2023-03-18 11:47:45] PRINT [03/18 11:47:45 graph]: Epoch 16: get test acc score:  0.699
[2023-03-18 11:47:45] PRINT [03/18 11:47:45 graph]: best_f1 0.705 at epoch 12
[2023-03-18 11:47:45] PRINT [03/18 11:47:45 graph]: start epoch 17.
[2023-03-18 11:47:45] PRINT [03/18 11:47:45 graph]: # Epoch 17: train_loss: 0.6031 | lr: 0.000303
[2023-03-18 11:47:46] PRINT [03/18 11:47:46 graph]: --- Testf1: 0.70500, Best Valacc: 0.68600 in epoch 47 --- 
[2023-03-18 11:47:46] PRINT [03/18 11:47:46 graph]: Epoch 17: get test acc score:  0.705
[2023-03-18 11:47:46] PRINT [03/18 11:47:46 graph]: best_f1 0.705 at epoch 12
[2023-03-18 11:47:46] PRINT [03/18 11:47:46 graph]: start epoch 18.
[2023-03-18 11:47:46] PRINT [03/18 11:47:46 graph]: # Epoch 18: train_loss: 0.5986 | lr: 0.000303
[2023-03-18 11:47:47] PRINT [03/18 11:47:47 graph]: --- Testf1: 0.68200, Best Valacc: 0.68800 in epoch 50 --- 
[2023-03-18 11:47:47] PRINT [03/18 11:47:47 graph]: Epoch 18: get test acc score:  0.682
[2023-03-18 11:47:47] PRINT [03/18 11:47:47 graph]: best_f1 0.705 at epoch 12
[2023-03-18 11:47:47] PRINT [03/18 11:47:47 graph]: start epoch 19.
[2023-03-18 11:47:48] PRINT [03/18 11:47:48 graph]: # Epoch 19: train_loss: 0.5965 | lr: 0.000303
[2023-03-18 11:47:48] PRINT [03/18 11:47:48 graph]: --- Testf1: 0.69900, Best Valacc: 0.69000 in epoch 19 --- 
[2023-03-18 11:47:49] PRINT [03/18 11:47:49 graph]: Epoch 19: get test acc score:  0.699
[2023-03-18 11:47:49] PRINT [03/18 11:47:49 graph]: best_f1 0.705 at epoch 12
[2023-03-18 11:47:49] PRINT [03/18 11:47:49 graph]: start epoch 20.
[2023-03-18 11:47:49] PRINT [03/18 11:47:49 graph]: # Epoch 20: train_loss: 0.5904 | lr: 0.000303
[2023-03-18 11:47:49] PRINT [03/18 11:47:49 graph]: --- Testf1: 0.69900, Best Valacc: 0.68200 in epoch 48 --- 
[2023-03-18 11:47:50] PRINT [03/18 11:47:50 graph]: Epoch 20: get test acc score:  0.699
[2023-03-18 11:47:50] PRINT [03/18 11:47:50 graph]: best_f1 0.705 at epoch 12
[2023-03-18 11:47:50] PRINT [03/18 11:47:50 graph]: start epoch 21.
[2023-03-18 11:47:50] PRINT [03/18 11:47:50 graph]: # Epoch 21: train_loss: 0.5876 | lr: 0.000303
[2023-03-18 11:47:51] PRINT [03/18 11:47:51 graph]: --- Testf1: 0.69200, Best Valacc: 0.69400 in epoch 30 --- 
[2023-03-18 11:47:51] PRINT [03/18 11:47:51 graph]: Epoch 21: get test acc score:  0.692
[2023-03-18 11:47:51] PRINT [03/18 11:47:51 graph]: best_f1 0.705 at epoch 12
[2023-03-18 11:47:51] PRINT [03/18 11:47:51 graph]: start epoch 22.
[2023-03-18 11:47:51] PRINT [03/18 11:47:51 graph]: # Epoch 22: train_loss: 0.5802 | lr: 0.000303
[2023-03-18 11:47:52] PRINT [03/18 11:47:52 graph]: --- Testf1: 0.69800, Best Valacc: 0.68600 in epoch 7 --- 
[2023-03-18 11:47:52] PRINT [03/18 11:47:52 graph]: Epoch 22: get test acc score:  0.698
[2023-03-18 11:47:52] PRINT [03/18 11:47:52 graph]: best_f1 0.705 at epoch 12
[2023-03-18 11:47:52] PRINT [03/18 11:47:52 graph]: start epoch 23.
[2023-03-18 11:47:52] PRINT [03/18 11:47:52 graph]: # Epoch 23: train_loss: 0.5771 | lr: 0.000303
[2023-03-18 11:47:53] PRINT [03/18 11:47:53 graph]: --- Testf1: 0.71900, Best Valacc: 0.68400 in epoch 3 --- 
[2023-03-18 11:47:53] PRINT [03/18 11:47:53 graph]: Epoch 23: get test acc score:  0.719
[2023-03-18 11:47:53] PRINT [03/18 11:47:53 graph]: best_f1 0.719 at epoch 23
[2023-03-18 11:47:53] PRINT [03/18 11:47:53 graph]: start epoch 24.
[2023-03-18 11:47:53] PRINT [03/18 11:47:53 graph]: # Epoch 24: train_loss: 0.5722 | lr: 0.000303
[2023-03-18 11:47:54] PRINT [03/18 11:47:54 graph]: --- Testf1: 0.66500, Best Valacc: 0.69800 in epoch 36 --- 
[2023-03-18 11:47:54] PRINT [03/18 11:47:54 graph]: Epoch 24: get test acc score:  0.665
[2023-03-18 11:47:54] PRINT [03/18 11:47:54 graph]: best_f1 0.719 at epoch 23
[2023-03-18 11:47:54] PRINT [03/18 11:47:54 graph]: start epoch 25.
[2023-03-18 11:47:54] PRINT [03/18 11:47:54 graph]: # Epoch 25: train_loss: 0.5701 | lr: 0.000303
[2023-03-18 11:47:55] PRINT [03/18 11:47:55 graph]: --- Testf1: 0.70300, Best Valacc: 0.69400 in epoch 42 --- 
[2023-03-18 11:47:55] PRINT [03/18 11:47:55 graph]: Epoch 25: get test acc score:  0.703
[2023-03-18 11:47:55] PRINT [03/18 11:47:55 graph]: best_f1 0.719 at epoch 23
[2023-03-18 11:47:55] PRINT [03/18 11:47:55 graph]: start epoch 26.
[2023-03-18 11:47:56] PRINT [03/18 11:47:56 graph]: # Epoch 26: train_loss: 0.5644 | lr: 0.000303
[2023-03-18 11:47:56] PRINT [03/18 11:47:56 graph]: --- Testf1: 0.68700, Best Valacc: 0.68000 in epoch 30 --- 
[2023-03-18 11:47:57] PRINT [03/18 11:47:57 graph]: Epoch 26: get test acc score:  0.687
[2023-03-18 11:47:57] PRINT [03/18 11:47:57 graph]: best_f1 0.719 at epoch 23
[2023-03-18 11:47:57] PRINT [03/18 11:47:57 graph]: start epoch 27.
[2023-03-18 11:47:57] PRINT [03/18 11:47:57 graph]: # Epoch 27: train_loss: 0.5611 | lr: 0.000303
[2023-03-18 11:47:57] PRINT [03/18 11:47:57 graph]: --- Testf1: 0.72000, Best Valacc: 0.71400 in epoch 3 --- 
[2023-03-18 11:47:58] PRINT [03/18 11:47:58 graph]: Epoch 27: get test acc score:  0.720
[2023-03-18 11:47:58] PRINT [03/18 11:47:58 graph]: best_f1 0.720 at epoch 27
[2023-03-18 11:47:58] PRINT [03/18 11:47:58 graph]: start epoch 28.
[2023-03-18 11:47:58] PRINT [03/18 11:47:58 graph]: # Epoch 28: train_loss: 0.5584 | lr: 0.000303
[2023-03-18 11:47:59] PRINT [03/18 11:47:59 graph]: --- Testf1: 0.72500, Best Valacc: 0.69600 in epoch 11 --- 
[2023-03-18 11:47:59] PRINT [03/18 11:47:59 graph]: Epoch 28: get test acc score:  0.725
[2023-03-18 11:47:59] PRINT [03/18 11:47:59 graph]: best_f1 0.725 at epoch 28
[2023-03-18 11:47:59] PRINT [03/18 11:47:59 graph]: start epoch 29.
[2023-03-18 11:47:59] PRINT [03/18 11:47:59 graph]: # Epoch 29: train_loss: 0.5547 | lr: 0.000303
[2023-03-18 11:48:00] PRINT [03/18 11:48:00 graph]: --- Testf1: 0.71900, Best Valacc: 0.69400 in epoch 1 --- 
[2023-03-18 11:48:00] PRINT [03/18 11:48:00 graph]: Epoch 29: get test acc score:  0.719
[2023-03-18 11:48:00] PRINT [03/18 11:48:00 graph]: best_f1 0.725 at epoch 28
[2023-03-18 11:48:00] PRINT [03/18 11:48:00 graph]: start epoch 30.
[2023-03-18 11:48:00] PRINT [03/18 11:48:00 graph]: # Epoch 30: train_loss: 0.5510 | lr: 0.000303
[2023-03-18 11:48:01] PRINT [03/18 11:48:01 graph]: --- Testf1: 0.69900, Best Valacc: 0.69600 in epoch 5 --- 
[2023-03-18 11:48:01] PRINT [03/18 11:48:01 graph]: Epoch 30: get test acc score:  0.699
[2023-03-18 11:48:01] PRINT [03/18 11:48:01 graph]: best_f1 0.725 at epoch 28
[2023-03-18 11:48:01] PRINT [03/18 11:48:01 graph]: start epoch 31.
[2023-03-18 11:48:01] PRINT [03/18 11:48:01 graph]: # Epoch 31: train_loss: 0.5475 | lr: 0.000303
[2023-03-18 11:48:02] PRINT [03/18 11:48:02 graph]: --- Testf1: 0.67700, Best Valacc: 0.69600 in epoch 24 --- 
[2023-03-18 11:48:02] PRINT [03/18 11:48:02 graph]: Epoch 31: get test acc score:  0.677
[2023-03-18 11:48:02] PRINT [03/18 11:48:02 graph]: best_f1 0.725 at epoch 28
[2023-03-18 11:48:02] PRINT [03/18 11:48:02 graph]: start epoch 32.
[2023-03-18 11:48:02] PRINT [03/18 11:48:02 graph]: # Epoch 32: train_loss: 0.5436 | lr: 0.000303
[2023-03-18 11:48:03] PRINT [03/18 11:48:03 graph]: --- Testf1: 0.69700, Best Valacc: 0.69400 in epoch 3 --- 
[2023-03-18 11:48:03] PRINT [03/18 11:48:03 graph]: Epoch 32: get test acc score:  0.697
[2023-03-18 11:48:03] PRINT [03/18 11:48:03 graph]: best_f1 0.725 at epoch 28
[2023-03-18 11:48:03] PRINT [03/18 11:48:03 graph]: start epoch 33.
[2023-03-18 11:48:03] PRINT [03/18 11:48:03 graph]: # Epoch 33: train_loss: 0.5410 | lr: 0.000303
[2023-03-18 11:48:04] PRINT [03/18 11:48:04 graph]: --- Testf1: 0.69900, Best Valacc: 0.67600 in epoch 3 --- 
[2023-03-18 11:48:04] PRINT [03/18 11:48:04 graph]: Epoch 33: get test acc score:  0.699
[2023-03-18 11:48:04] PRINT [03/18 11:48:04 graph]: best_f1 0.725 at epoch 28
[2023-03-18 11:48:04] PRINT [03/18 11:48:04 graph]: start epoch 34.
[2023-03-18 11:48:05] PRINT [03/18 11:48:05 graph]: # Epoch 34: train_loss: 0.5366 | lr: 0.000303
[2023-03-18 11:48:05] PRINT [03/18 11:48:05 graph]: --- Testf1: 0.68000, Best Valacc: 0.66000 in epoch 23 --- 
[2023-03-18 11:48:06] PRINT [03/18 11:48:06 graph]: Epoch 34: get test acc score:  0.680
[2023-03-18 11:48:06] PRINT [03/18 11:48:06 graph]: best_f1 0.725 at epoch 28
[2023-03-18 11:48:06] PRINT [03/18 11:48:06 graph]: start epoch 35.
[2023-03-18 11:48:06] PRINT [03/18 11:48:06 graph]: # Epoch 35: train_loss: 0.5336 | lr: 0.000303
[2023-03-18 11:48:06] PRINT [03/18 11:48:06 graph]: --- Testf1: 0.69100, Best Valacc: 0.67400 in epoch 16 --- 
[2023-03-18 11:48:07] PRINT [03/18 11:48:07 graph]: Epoch 35: get test acc score:  0.691
[2023-03-18 11:48:07] PRINT [03/18 11:48:07 graph]: best_f1 0.725 at epoch 28
[2023-03-18 11:48:07] PRINT [03/18 11:48:07 graph]: start epoch 36.
[2023-03-18 11:48:07] PRINT [03/18 11:48:07 graph]: # Epoch 36: train_loss: 0.5285 | lr: 0.000303
[2023-03-18 11:48:08] PRINT [03/18 11:48:08 graph]: --- Testf1: 0.70400, Best Valacc: 0.67600 in epoch 7 --- 
[2023-03-18 11:48:08] PRINT [03/18 11:48:08 graph]: Epoch 36: get test acc score:  0.704
[2023-03-18 11:48:08] PRINT [03/18 11:48:08 graph]: best_f1 0.725 at epoch 28
[2023-03-18 11:48:08] PRINT [03/18 11:48:08 graph]: start epoch 37.
[2023-03-18 11:48:08] PRINT [03/18 11:48:08 graph]: # Epoch 37: train_loss: 0.5269 | lr: 0.000303
[2023-03-18 11:48:09] PRINT [03/18 11:48:09 graph]: --- Testf1: 0.67900, Best Valacc: 0.66000 in epoch 7 --- 
[2023-03-18 11:48:09] PRINT [03/18 11:48:09 graph]: Epoch 37: get test acc score:  0.679
[2023-03-18 11:48:09] PRINT [03/18 11:48:09 graph]: best_f1 0.725 at epoch 28
[2023-03-18 11:48:09] PRINT [03/18 11:48:09 graph]: start epoch 38.
[2023-03-18 11:48:09] PRINT [03/18 11:48:09 graph]: # Epoch 38: train_loss: 0.5232 | lr: 0.000303
[2023-03-18 11:48:10] PRINT [03/18 11:48:10 graph]: --- Testf1: 0.68000, Best Valacc: 0.67600 in epoch 4 --- 
[2023-03-18 11:48:10] PRINT [03/18 11:48:10 graph]: Epoch 38: get test acc score:  0.680
[2023-03-18 11:48:10] PRINT [03/18 11:48:10 graph]: best_f1 0.725 at epoch 28
[2023-03-18 11:48:10] PRINT [03/18 11:48:10 graph]: start epoch 39.
[2023-03-18 11:48:10] PRINT [03/18 11:48:10 graph]: # Epoch 39: train_loss: 0.5189 | lr: 0.000303
[2023-03-18 11:48:11] PRINT [03/18 11:48:11 graph]: --- Testf1: 0.65200, Best Valacc: 0.65800 in epoch 13 --- 
[2023-03-18 11:48:11] PRINT [03/18 11:48:11 graph]: Epoch 39: get test acc score:  0.652
[2023-03-18 11:48:11] PRINT [03/18 11:48:11 graph]: best_f1 0.725 at epoch 28
[2023-03-18 11:48:11] PRINT [03/18 11:48:11 graph]: start epoch 40.
[2023-03-18 11:48:11] PRINT [03/18 11:48:11 graph]: # Epoch 40: train_loss: 0.5169 | lr: 0.000303
[2023-03-18 11:48:12] PRINT [03/18 11:48:12 graph]: --- Testf1: 0.68000, Best Valacc: 0.67200 in epoch 3 --- 
[2023-03-18 11:48:12] PRINT [03/18 11:48:12 graph]: Epoch 40: get test acc score:  0.680
[2023-03-18 11:48:12] PRINT [03/18 11:48:12 graph]: best_f1 0.725 at epoch 28
[2023-03-18 11:48:12] PRINT [03/18 11:48:12 graph]: start epoch 41.
[2023-03-18 11:48:12] PRINT [03/18 11:48:12 graph]: # Epoch 41: train_loss: 0.5117 | lr: 0.000303
[2023-03-18 11:48:13] PRINT [03/18 11:48:13 graph]: --- Testf1: 0.65400, Best Valacc: 0.68600 in epoch 3 --- 
[2023-03-18 11:48:13] PRINT [03/18 11:48:13 graph]: Epoch 41: get test acc score:  0.654
[2023-03-18 11:48:13] PRINT [03/18 11:48:13 graph]: best_f1 0.725 at epoch 28
[2023-03-18 11:48:13] PRINT [03/18 11:48:13 graph]: start epoch 42.
[2023-03-18 11:48:13] PRINT [03/18 11:48:13 graph]: # Epoch 42: train_loss: 0.5081 | lr: 0.000303
[2023-03-18 11:48:14] PRINT [03/18 11:48:14 graph]: --- Testf1: 0.65300, Best Valacc: 0.65000 in epoch 6 --- 
[2023-03-18 11:48:15] PRINT [03/18 11:48:15 graph]: Epoch 42: get test acc score:  0.653
[2023-03-18 11:48:15] PRINT [03/18 11:48:15 graph]: best_f1 0.725 at epoch 28
[2023-03-18 11:48:15] PRINT [03/18 11:48:15 graph]: start epoch 43.
[2023-03-18 11:48:15] PRINT [03/18 11:48:15 graph]: # Epoch 43: train_loss: 0.5052 | lr: 0.000303
[2023-03-18 11:48:15] PRINT [03/18 11:48:15 graph]: --- Testf1: 0.65200, Best Valacc: 0.67000 in epoch 6 --- 
[2023-03-18 11:48:16] PRINT [03/18 11:48:16 graph]: Epoch 43: get test acc score:  0.652
[2023-03-18 11:48:16] PRINT [03/18 11:48:16 graph]: best_f1 0.725 at epoch 28
[2023-03-18 11:48:16] PRINT [03/18 11:48:16 graph]: start epoch 44.
[2023-03-18 11:48:16] PRINT [03/18 11:48:16 graph]: # Epoch 44: train_loss: 0.5028 | lr: 0.000303
[2023-03-18 11:48:17] PRINT [03/18 11:48:17 graph]: --- Testf1: 0.67800, Best Valacc: 0.64000 in epoch 10 --- 
[2023-03-18 11:48:17] PRINT [03/18 11:48:17 graph]: Epoch 44: get test acc score:  0.678
[2023-03-18 11:48:17] PRINT [03/18 11:48:17 graph]: best_f1 0.725 at epoch 28
[2023-03-18 11:48:17] PRINT [03/18 11:48:17 graph]: start epoch 45.
[2023-03-18 11:48:17] PRINT [03/18 11:48:17 graph]: # Epoch 45: train_loss: 0.4978 | lr: 0.000303
[2023-03-18 11:48:18] PRINT [03/18 11:48:18 graph]: --- Testf1: 0.66300, Best Valacc: 0.64200 in epoch 4 --- 
[2023-03-18 11:48:18] PRINT [03/18 11:48:18 graph]: Epoch 45: get test acc score:  0.663
[2023-03-18 11:48:18] PRINT [03/18 11:48:18 graph]: best_f1 0.725 at epoch 28
[2023-03-18 11:48:18] PRINT [03/18 11:48:18 graph]: start epoch 46.
[2023-03-18 11:48:18] PRINT [03/18 11:48:18 graph]: # Epoch 46: train_loss: 0.4931 | lr: 0.000303
[2023-03-18 11:48:19] PRINT [03/18 11:48:19 graph]: --- Testf1: 0.64500, Best Valacc: 0.63200 in epoch 7 --- 
[2023-03-18 11:48:19] PRINT [03/18 11:48:19 graph]: Epoch 46: get test acc score:  0.645
[2023-03-18 11:48:19] PRINT [03/18 11:48:19 graph]: best_f1 0.725 at epoch 28
[2023-03-18 11:48:19] PRINT [03/18 11:48:19 graph]: start epoch 47.
[2023-03-18 11:48:19] PRINT [03/18 11:48:19 graph]: # Epoch 47: train_loss: 0.4902 | lr: 0.000303
[2023-03-18 11:48:20] PRINT [03/18 11:48:20 graph]: --- Testf1: 0.66200, Best Valacc: 0.64200 in epoch 2 --- 
[2023-03-18 11:48:20] PRINT [03/18 11:48:20 graph]: Epoch 47: get test acc score:  0.662
[2023-03-18 11:48:20] PRINT [03/18 11:48:20 graph]: best_f1 0.725 at epoch 28
[2023-03-18 11:48:20] PRINT [03/18 11:48:20 graph]: start epoch 48.
[2023-03-18 11:48:20] PRINT [03/18 11:48:20 graph]: # Epoch 48: train_loss: 0.4864 | lr: 0.000303
[2023-03-18 11:48:21] PRINT [03/18 11:48:21 graph]: --- Testf1: 0.65700, Best Valacc: 0.64800 in epoch 6 --- 
[2023-03-18 11:48:21] PRINT [03/18 11:48:21 graph]: Epoch 48: get test acc score:  0.657
[2023-03-18 11:48:21] PRINT [03/18 11:48:21 graph]: best_f1 0.725 at epoch 28
[2023-03-18 11:48:21] PRINT [03/18 11:48:21 graph]: start epoch 49.
[2023-03-18 11:48:21] PRINT [03/18 11:48:21 graph]: # Epoch 49: train_loss: 0.4839 | lr: 0.000303
[2023-03-18 11:48:22] PRINT [03/18 11:48:22 graph]: --- Testf1: 0.65800, Best Valacc: 0.63800 in epoch 3 --- 
[2023-03-18 11:48:22] PRINT [03/18 11:48:22 graph]: Epoch 49: get test acc score:  0.658
[2023-03-18 11:48:22] PRINT [03/18 11:48:22 graph]: best_f1 0.725 at epoch 28
[2023-03-18 11:48:22] PRINT [03/18 11:48:22 graph]: start epoch 50.
[2023-03-18 11:48:22] PRINT [03/18 11:48:22 graph]: # Epoch 50: train_loss: 0.4815 | lr: 0.000303
[2023-03-18 11:48:23] PRINT [03/18 11:48:23 graph]: --- Testf1: 0.65800, Best Valacc: 0.64000 in epoch 6 --- 
[2023-03-18 11:48:24] PRINT [03/18 11:48:24 graph]: Epoch 50: get test acc score:  0.658
[2023-03-18 11:48:24] PRINT [03/18 11:48:24 graph]: best_f1 0.725 at epoch 28
[2023-03-18 11:48:24] PRINT [03/18 11:48:24 graph]: start epoch 51.
[2023-03-18 11:48:24] PRINT [03/18 11:48:24 graph]: # Epoch 51: train_loss: 0.4827 | lr: 0.000303
[2023-03-18 11:48:24] PRINT [03/18 11:48:24 graph]: --- Testf1: 0.67500, Best Valacc: 0.62400 in epoch 9 --- 
[2023-03-18 11:48:25] PRINT [03/18 11:48:25 graph]: Epoch 51: get test acc score:  0.675
[2023-03-18 11:48:25] PRINT [03/18 11:48:25 graph]: best_f1 0.725 at epoch 28
[2023-03-18 11:48:25] PRINT [03/18 11:48:25 graph]: start epoch 52.
[2023-03-18 11:48:25] PRINT [03/18 11:48:25 graph]: # Epoch 52: train_loss: 0.4775 | lr: 0.000303
[2023-03-18 11:48:26] PRINT [03/18 11:48:26 graph]: --- Testf1: 0.66900, Best Valacc: 0.63800 in epoch 4 --- 
[2023-03-18 11:48:26] PRINT [03/18 11:48:26 graph]: Epoch 52: get test acc score:  0.669
[2023-03-18 11:48:26] PRINT [03/18 11:48:26 graph]: best_f1 0.725 at epoch 28
[2023-03-18 11:48:26] PRINT [03/18 11:48:26 graph]: start epoch 53.
[2023-03-18 11:48:26] PRINT [03/18 11:48:26 graph]: # Epoch 53: train_loss: 0.4726 | lr: 0.000303
[2023-03-18 11:48:27] PRINT [03/18 11:48:27 graph]: --- Testf1: 0.65500, Best Valacc: 0.62000 in epoch 3 --- 
[2023-03-18 11:48:27] PRINT [03/18 11:48:27 graph]: Epoch 53: get test acc score:  0.655
[2023-03-18 11:48:27] PRINT [03/18 11:48:27 graph]: best_f1 0.725 at epoch 28
[2023-03-18 11:48:27] PRINT [03/18 11:48:27 graph]: start epoch 54.
[2023-03-18 11:48:27] PRINT [03/18 11:48:27 graph]: # Epoch 54: train_loss: 0.4686 | lr: 0.000303
[2023-03-18 11:48:28] PRINT [03/18 11:48:28 graph]: --- Testf1: 0.64100, Best Valacc: 0.63200 in epoch 5 --- 
[2023-03-18 11:48:28] PRINT [03/18 11:48:28 graph]: Epoch 54: get test acc score:  0.641
[2023-03-18 11:48:28] PRINT [03/18 11:48:28 graph]: best_f1 0.725 at epoch 28
[2023-03-18 11:48:28] PRINT [03/18 11:48:28 graph]: start epoch 55.
[2023-03-18 11:48:28] PRINT [03/18 11:48:28 graph]: # Epoch 55: train_loss: 0.4658 | lr: 0.000303
[2023-03-18 11:48:29] PRINT [03/18 11:48:29 graph]: --- Testf1: 0.66800, Best Valacc: 0.63200 in epoch 2 --- 
[2023-03-18 11:48:29] PRINT [03/18 11:48:29 graph]: Epoch 55: get test acc score:  0.668
[2023-03-18 11:48:29] PRINT [03/18 11:48:29 graph]: best_f1 0.725 at epoch 28
[2023-03-18 11:48:29] PRINT [03/18 11:48:29 graph]: start epoch 56.
[2023-03-18 11:48:29] PRINT [03/18 11:48:29 graph]: # Epoch 56: train_loss: 0.4638 | lr: 0.000303
[2023-03-18 11:48:30] PRINT [03/18 11:48:30 graph]: --- Testf1: 0.68000, Best Valacc: 0.64400 in epoch 1 --- 
[2023-03-18 11:48:30] PRINT [03/18 11:48:30 graph]: Epoch 56: get test acc score:  0.680
[2023-03-18 11:48:30] PRINT [03/18 11:48:30 graph]: best_f1 0.725 at epoch 28
[2023-03-18 11:48:30] PRINT [03/18 11:48:30 graph]: start epoch 57.
[2023-03-18 11:48:30] PRINT [03/18 11:48:30 graph]: # Epoch 57: train_loss: 0.4589 | lr: 0.000303
[2023-03-18 11:48:31] PRINT [03/18 11:48:31 graph]: --- Testf1: 0.65200, Best Valacc: 0.66400 in epoch 3 --- 
[2023-03-18 11:48:31] PRINT [03/18 11:48:31 graph]: Epoch 57: get test acc score:  0.652
[2023-03-18 11:48:31] PRINT [03/18 11:48:31 graph]: best_f1 0.725 at epoch 28
[2023-03-18 11:48:31] PRINT [03/18 11:48:31 graph]: start epoch 58.
[2023-03-18 11:48:32] PRINT [03/18 11:48:32 graph]: # Epoch 58: train_loss: 0.4557 | lr: 0.000303
[2023-03-18 11:48:32] PRINT [03/18 11:48:32 graph]: --- Testf1: 0.64500, Best Valacc: 0.64000 in epoch 6 --- 
[2023-03-18 11:48:33] PRINT [03/18 11:48:33 graph]: Epoch 58: get test acc score:  0.645
[2023-03-18 11:48:33] PRINT [03/18 11:48:33 graph]: best_f1 0.725 at epoch 28
[2023-03-18 11:48:33] PRINT [03/18 11:48:33 graph]: start epoch 59.
[2023-03-18 11:48:33] PRINT [03/18 11:48:33 graph]: # Epoch 59: train_loss: 0.4510 | lr: 0.000303
[2023-03-18 11:48:34] PRINT [03/18 11:48:34 graph]: --- Testf1: 0.66200, Best Valacc: 0.63600 in epoch 0 --- 
[2023-03-18 11:48:34] PRINT [03/18 11:48:34 graph]: Epoch 59: get test acc score:  0.662
[2023-03-18 11:48:34] PRINT [03/18 11:48:34 graph]: best_f1 0.725 at epoch 28
[2023-03-18 11:48:34] PRINT [03/18 11:48:34 graph]: start epoch 60.
[2023-03-18 11:48:34] PRINT [03/18 11:48:34 graph]: # Epoch 60: train_loss: 0.4508 | lr: 0.000303
[2023-03-18 11:48:35] PRINT [03/18 11:48:35 graph]: --- Testf1: 0.64800, Best Valacc: 0.65400 in epoch 2 --- 
[2023-03-18 11:48:35] PRINT [03/18 11:48:35 graph]: Epoch 60: get test acc score:  0.648
[2023-03-18 11:48:35] PRINT [03/18 11:48:35 graph]: best_f1 0.725 at epoch 28
[2023-03-18 11:48:35] PRINT [03/18 11:48:35 graph]: start epoch 61.
[2023-03-18 11:48:35] PRINT [03/18 11:48:35 graph]: # Epoch 61: train_loss: 0.4486 | lr: 0.000303
[2023-03-18 11:48:36] PRINT [03/18 11:48:36 graph]: --- Testf1: 0.66500, Best Valacc: 0.63400 in epoch 1 --- 
[2023-03-18 11:48:36] PRINT [03/18 11:48:36 graph]: Epoch 61: get test acc score:  0.665
[2023-03-18 11:48:36] PRINT [03/18 11:48:36 graph]: best_f1 0.725 at epoch 28
[2023-03-18 11:48:36] PRINT [03/18 11:48:36 graph]: start epoch 62.
[2023-03-18 11:48:36] PRINT [03/18 11:48:36 graph]: # Epoch 62: train_loss: 0.4428 | lr: 0.000303
[2023-03-18 11:48:37] PRINT [03/18 11:48:37 graph]: --- Testf1: 0.62900, Best Valacc: 0.61400 in epoch 4 --- 
[2023-03-18 11:48:37] PRINT [03/18 11:48:37 graph]: Epoch 62: get test acc score:  0.629
[2023-03-18 11:48:37] PRINT [03/18 11:48:37 graph]: best_f1 0.725 at epoch 28
[2023-03-18 11:48:37] PRINT [03/18 11:48:37 graph]: start epoch 63.
[2023-03-18 11:48:37] PRINT [03/18 11:48:37 graph]: # Epoch 63: train_loss: 0.4388 | lr: 0.000303
[2023-03-18 11:48:38] PRINT [03/18 11:48:38 graph]: --- Testf1: 0.64100, Best Valacc: 0.60400 in epoch 4 --- 
[2023-03-18 11:48:38] PRINT [03/18 11:48:38 graph]: Epoch 63: get test acc score:  0.641
[2023-03-18 11:48:38] PRINT [03/18 11:48:38 graph]: best_f1 0.725 at epoch 28
[2023-03-18 11:48:38] PRINT [03/18 11:48:38 graph]: start epoch 64.
[2023-03-18 11:48:38] PRINT [03/18 11:48:38 graph]: # Epoch 64: train_loss: 0.4371 | lr: 0.000303
[2023-03-18 11:48:39] PRINT [03/18 11:48:39 graph]: --- Testf1: 0.62800, Best Valacc: 0.62000 in epoch 5 --- 
[2023-03-18 11:48:40] PRINT [03/18 11:48:40 graph]: Epoch 64: get test acc score:  0.628
[2023-03-18 11:48:40] PRINT [03/18 11:48:40 graph]: best_f1 0.725 at epoch 28
[2023-03-18 11:48:40] PRINT [03/18 11:48:40 graph]: start epoch 65.
[2023-03-18 11:48:40] PRINT [03/18 11:48:40 graph]: # Epoch 65: train_loss: 0.4352 | lr: 0.000303
[2023-03-18 11:48:40] PRINT [03/18 11:48:40 graph]: --- Testf1: 0.62700, Best Valacc: 0.60200 in epoch 5 --- 
[2023-03-18 11:48:41] PRINT [03/18 11:48:41 graph]: Epoch 65: get test acc score:  0.627
[2023-03-18 11:48:41] PRINT [03/18 11:48:41 graph]: best_f1 0.725 at epoch 28
[2023-03-18 11:48:41] PRINT [03/18 11:48:41 graph]: start epoch 66.
[2023-03-18 11:48:41] PRINT [03/18 11:48:41 graph]: # Epoch 66: train_loss: 0.4316 | lr: 0.000303
[2023-03-18 11:48:41] PRINT [03/18 11:48:41 graph]: --- Testf1: 0.64200, Best Valacc: 0.62800 in epoch 0 --- 
[2023-03-18 11:48:42] PRINT [03/18 11:48:42 graph]: Epoch 66: get test acc score:  0.642
[2023-03-18 11:48:42] PRINT [03/18 11:48:42 graph]: best_f1 0.725 at epoch 28
[2023-03-18 11:48:42] PRINT [03/18 11:48:42 graph]: start epoch 67.
[2023-03-18 11:48:42] PRINT [03/18 11:48:42 graph]: # Epoch 67: train_loss: 0.4275 | lr: 0.000303
[2023-03-18 11:48:43] PRINT [03/18 11:48:43 graph]: --- Testf1: 0.63800, Best Valacc: 0.61600 in epoch 4 --- 
[2023-03-18 11:48:43] PRINT [03/18 11:48:43 graph]: Epoch 67: get test acc score:  0.638
[2023-03-18 11:48:43] PRINT [03/18 11:48:43 graph]: best_f1 0.725 at epoch 28
[2023-03-18 11:48:43] PRINT [03/18 11:48:43 graph]: start epoch 68.
[2023-03-18 11:48:43] PRINT [03/18 11:48:43 graph]: # Epoch 68: train_loss: 0.4250 | lr: 0.000303
[2023-03-18 11:48:44] PRINT [03/18 11:48:44 graph]: --- Testf1: 0.63900, Best Valacc: 0.60400 in epoch 0 --- 
[2023-03-18 11:48:44] PRINT [03/18 11:48:44 graph]: Epoch 68: get test acc score:  0.639
[2023-03-18 11:48:44] PRINT [03/18 11:48:44 graph]: best_f1 0.725 at epoch 28
[2023-03-18 11:48:44] PRINT [03/18 11:48:44 graph]: start epoch 69.
[2023-03-18 11:48:44] PRINT [03/18 11:48:44 graph]: # Epoch 69: train_loss: 0.4206 | lr: 0.000303
[2023-03-18 11:48:45] PRINT [03/18 11:48:45 graph]: --- Testf1: 0.60700, Best Valacc: 0.60400 in epoch 2 --- 
[2023-03-18 11:48:45] PRINT [03/18 11:48:45 graph]: Epoch 69: get test acc score:  0.607
[2023-03-18 11:48:45] PRINT [03/18 11:48:45 graph]: best_f1 0.725 at epoch 28
[2023-03-18 11:48:45] PRINT [03/18 11:48:45 graph]: start epoch 70.
[2023-03-18 11:48:45] PRINT [03/18 11:48:45 graph]: # Epoch 70: train_loss: 0.4203 | lr: 0.000303
[2023-03-18 11:48:46] PRINT [03/18 11:48:46 graph]: --- Testf1: 0.60400, Best Valacc: 0.59800 in epoch 3 --- 
[2023-03-18 11:48:46] PRINT [03/18 11:48:46 graph]: Epoch 70: get test acc score:  0.604
[2023-03-18 11:48:46] PRINT [03/18 11:48:46 graph]: best_f1 0.725 at epoch 28
[2023-03-18 11:48:46] PRINT [03/18 11:48:46 graph]: start epoch 71.
[2023-03-18 11:48:46] PRINT [03/18 11:48:46 graph]: # Epoch 71: train_loss: 0.4177 | lr: 0.000303
[2023-03-18 11:48:47] PRINT [03/18 11:48:47 graph]: --- Testf1: 0.62100, Best Valacc: 0.60000 in epoch 1 --- 
[2023-03-18 11:48:47] PRINT [03/18 11:48:47 graph]: Epoch 71: get test acc score:  0.621
[2023-03-18 11:48:47] PRINT [03/18 11:48:47 graph]: best_f1 0.725 at epoch 28
[2023-03-18 11:48:47] PRINT [03/18 11:48:47 graph]: start epoch 72.
[2023-03-18 11:48:47] PRINT [03/18 11:48:47 graph]: # Epoch 72: train_loss: 0.4146 | lr: 0.000303
[2023-03-18 11:48:48] PRINT [03/18 11:48:48 graph]: --- Testf1: 0.60000, Best Valacc: 0.59400 in epoch 3 --- 
[2023-03-18 11:48:49] PRINT [03/18 11:48:49 graph]: Epoch 72: get test acc score:  0.600
[2023-03-18 11:48:49] PRINT [03/18 11:48:49 graph]: best_f1 0.725 at epoch 28
[2023-03-18 11:48:49] PRINT [03/18 11:48:49 graph]: start epoch 73.
[2023-03-18 11:48:49] PRINT [03/18 11:48:49 graph]: # Epoch 73: train_loss: 0.4113 | lr: 0.000303
[2023-03-18 11:48:49] PRINT [03/18 11:48:49 graph]: --- Testf1: 0.61100, Best Valacc: 0.56400 in epoch 4 --- 
[2023-03-18 11:48:50] PRINT [03/18 11:48:50 graph]: Epoch 73: get test acc score:  0.611
[2023-03-18 11:48:50] PRINT [03/18 11:48:50 graph]: best_f1 0.725 at epoch 28
[2023-03-18 11:48:50] PRINT [03/18 11:48:50 graph]: start epoch 74.
[2023-03-18 11:48:50] PRINT [03/18 11:48:50 graph]: # Epoch 74: train_loss: 0.4104 | lr: 0.000303
[2023-03-18 11:48:50] PRINT [03/18 11:48:50 graph]: --- Testf1: 0.63200, Best Valacc: 0.64200 in epoch 2 --- 
[2023-03-18 11:48:51] PRINT [03/18 11:48:51 graph]: Epoch 74: get test acc score:  0.632
[2023-03-18 11:48:51] PRINT [03/18 11:48:51 graph]: best_f1 0.725 at epoch 28
[2023-03-18 11:48:51] PRINT [03/18 11:48:51 graph]: start epoch 75.
[2023-03-18 11:48:51] PRINT [03/18 11:48:51 graph]: # Epoch 75: train_loss: 0.4052 | lr: 0.000303
[2023-03-18 11:48:52] PRINT [03/18 11:48:52 graph]: --- Testf1: 0.63600, Best Valacc: 0.61400 in epoch 2 --- 
[2023-03-18 11:48:52] PRINT [03/18 11:48:52 graph]: Epoch 75: get test acc score:  0.636
[2023-03-18 11:48:52] PRINT [03/18 11:48:52 graph]: best_f1 0.725 at epoch 28
[2023-03-18 11:48:52] PRINT [03/18 11:48:52 graph]: start epoch 76.
[2023-03-18 11:48:52] PRINT [03/18 11:48:52 graph]: # Epoch 76: train_loss: 0.4044 | lr: 0.000303
[2023-03-18 11:48:53] PRINT [03/18 11:48:53 graph]: --- Testf1: 0.63400, Best Valacc: 0.59600 in epoch 3 --- 
[2023-03-18 11:48:53] PRINT [03/18 11:48:53 graph]: Epoch 76: get test acc score:  0.634
[2023-03-18 11:48:53] PRINT [03/18 11:48:53 graph]: best_f1 0.725 at epoch 28
[2023-03-18 11:48:53] PRINT [03/18 11:48:53 graph]: start epoch 77.
[2023-03-18 11:48:53] PRINT [03/18 11:48:53 graph]: # Epoch 77: train_loss: 0.4030 | lr: 0.000303
[2023-03-18 11:48:54] PRINT [03/18 11:48:54 graph]: --- Testf1: 0.64200, Best Valacc: 0.62200 in epoch 2 --- 
[2023-03-18 11:48:54] PRINT [03/18 11:48:54 graph]: Epoch 77: get test acc score:  0.642
[2023-03-18 11:48:54] PRINT [03/18 11:48:54 graph]: best_f1 0.725 at epoch 28
[2023-03-18 11:48:54] PRINT [03/18 11:48:54 graph]: start epoch 78.
[2023-03-18 11:48:54] PRINT [03/18 11:48:54 graph]: # Epoch 78: train_loss: 0.4015 | lr: 0.000303
[2023-03-18 11:48:55] PRINT [03/18 11:48:55 graph]: --- Testf1: 0.61700, Best Valacc: 0.59800 in epoch 2 --- 
[2023-03-18 11:48:55] PRINT [03/18 11:48:55 graph]: Epoch 78: get test acc score:  0.617
[2023-03-18 11:48:55] PRINT [03/18 11:48:55 graph]: best_f1 0.725 at epoch 28
[2023-03-18 11:48:55] PRINT [03/18 11:48:55 graph]: start epoch 79.
[2023-03-18 11:48:56] PRINT [03/18 11:48:56 graph]: # Epoch 79: train_loss: 0.3990 | lr: 0.000303
[2023-03-18 11:48:56] PRINT [03/18 11:48:56 graph]: --- Testf1: 0.62300, Best Valacc: 0.59600 in epoch 2 --- 
[2023-03-18 11:48:57] PRINT [03/18 11:48:57 graph]: Epoch 79: get test acc score:  0.623
[2023-03-18 11:48:57] PRINT [03/18 11:48:57 graph]: best_f1 0.725 at epoch 28
[2023-03-18 11:48:57] PRINT [03/18 11:48:57 graph]: start epoch 80.
[2023-03-18 11:48:57] PRINT [03/18 11:48:57 graph]: # Epoch 80: train_loss: 0.3950 | lr: 0.000303
[2023-03-18 11:48:57] PRINT [03/18 11:48:57 graph]: --- Testf1: 0.61700, Best Valacc: 0.60800 in epoch 2 --- 
[2023-03-18 11:48:58] PRINT [03/18 11:48:58 graph]: Epoch 80: get test acc score:  0.617
[2023-03-18 11:48:58] PRINT [03/18 11:48:58 graph]: best_f1 0.725 at epoch 28
[2023-03-18 11:48:58] PRINT [03/18 11:48:58 graph]: start epoch 81.
[2023-03-18 11:48:58] PRINT [03/18 11:48:58 graph]: # Epoch 81: train_loss: 0.3948 | lr: 0.000303
[2023-03-18 11:48:59] PRINT [03/18 11:48:59 graph]: --- Testf1: 0.61600, Best Valacc: 0.59600 in epoch 1 --- 
[2023-03-18 11:48:59] PRINT [03/18 11:48:59 graph]: Epoch 81: get test acc score:  0.616
[2023-03-18 11:48:59] PRINT [03/18 11:48:59 graph]: best_f1 0.725 at epoch 28
[2023-03-18 11:48:59] PRINT [03/18 11:48:59 graph]: start epoch 82.
[2023-03-18 11:48:59] PRINT [03/18 11:48:59 graph]: # Epoch 82: train_loss: 0.3896 | lr: 0.000303
[2023-03-18 11:49:00] PRINT [03/18 11:49:00 graph]: --- Testf1: 0.60000, Best Valacc: 0.61000 in epoch 3 --- 
[2023-03-18 11:49:00] PRINT [03/18 11:49:00 graph]: Epoch 82: get test acc score:  0.600
[2023-03-18 11:49:00] PRINT [03/18 11:49:00 graph]: best_f1 0.725 at epoch 28
[2023-03-18 11:49:00] PRINT [03/18 11:49:00 graph]: start epoch 83.
[2023-03-18 11:49:00] PRINT [03/18 11:49:00 graph]: # Epoch 83: train_loss: 0.3871 | lr: 0.000303
[2023-03-18 11:49:01] PRINT [03/18 11:49:01 graph]: --- Testf1: 0.58300, Best Valacc: 0.57200 in epoch 4 --- 
[2023-03-18 11:49:01] PRINT [03/18 11:49:01 graph]: Epoch 83: get test acc score:  0.583
[2023-03-18 11:49:01] PRINT [03/18 11:49:01 graph]: best_f1 0.725 at epoch 28
[2023-03-18 11:49:01] PRINT [03/18 11:49:01 graph]: start epoch 84.
[2023-03-18 11:49:01] PRINT [03/18 11:49:01 graph]: # Epoch 84: train_loss: 0.3856 | lr: 0.000303
[2023-03-18 11:49:02] PRINT [03/18 11:49:02 graph]: --- Testf1: 0.60900, Best Valacc: 0.58200 in epoch 4 --- 
[2023-03-18 11:49:02] PRINT [03/18 11:49:02 graph]: Epoch 84: get test acc score:  0.609
[2023-03-18 11:49:02] PRINT [03/18 11:49:02 graph]: best_f1 0.725 at epoch 28
[2023-03-18 11:49:02] PRINT [03/18 11:49:02 graph]: start epoch 85.
[2023-03-18 11:49:02] PRINT [03/18 11:49:02 graph]: # Epoch 85: train_loss: 0.3829 | lr: 0.000303
[2023-03-18 11:49:03] PRINT [03/18 11:49:03 graph]: --- Testf1: 0.61300, Best Valacc: 0.59400 in epoch 3 --- 
[2023-03-18 11:49:03] PRINT [03/18 11:49:03 graph]: Epoch 85: get test acc score:  0.613
[2023-03-18 11:49:03] PRINT [03/18 11:49:03 graph]: best_f1 0.725 at epoch 28
[2023-03-18 11:49:03] PRINT [03/18 11:49:03 graph]: start epoch 86.
[2023-03-18 11:49:03] PRINT [03/18 11:49:03 graph]: # Epoch 86: train_loss: 0.3805 | lr: 0.000303
[2023-03-18 11:49:04] PRINT [03/18 11:49:04 graph]: --- Testf1: 0.61700, Best Valacc: 0.58800 in epoch 2 --- 
[2023-03-18 11:49:04] PRINT [03/18 11:49:04 graph]: Epoch 86: get test acc score:  0.617
[2023-03-18 11:49:04] PRINT [03/18 11:49:04 graph]: best_f1 0.725 at epoch 28
[2023-03-18 11:49:04] PRINT [03/18 11:49:04 graph]: start epoch 87.
[2023-03-18 11:49:05] PRINT [03/18 11:49:05 graph]: # Epoch 87: train_loss: 0.3792 | lr: 0.000303
[2023-03-18 11:49:05] PRINT [03/18 11:49:05 graph]: --- Testf1: 0.60200, Best Valacc: 0.61000 in epoch 4 --- 
[2023-03-18 11:49:06] PRINT [03/18 11:49:06 graph]: Epoch 87: get test acc score:  0.602
[2023-03-18 11:49:06] PRINT [03/18 11:49:06 graph]: best_f1 0.725 at epoch 28
[2023-03-18 11:49:06] PRINT [03/18 11:49:06 graph]: start epoch 88.
[2023-03-18 11:49:06] PRINT [03/18 11:49:06 graph]: # Epoch 88: train_loss: 0.3745 | lr: 0.000303
[2023-03-18 11:49:06] PRINT [03/18 11:49:06 graph]: --- Testf1: 0.62000, Best Valacc: 0.57800 in epoch 3 --- 
[2023-03-18 11:49:07] PRINT [03/18 11:49:07 graph]: Epoch 88: get test acc score:  0.620
[2023-03-18 11:49:07] PRINT [03/18 11:49:07 graph]: best_f1 0.725 at epoch 28
[2023-03-18 11:49:07] PRINT [03/18 11:49:07 graph]: start epoch 89.
[2023-03-18 11:49:07] PRINT [03/18 11:49:07 graph]: # Epoch 89: train_loss: 0.3740 | lr: 0.000303
[2023-03-18 11:49:08] PRINT [03/18 11:49:08 graph]: --- Testf1: 0.59700, Best Valacc: 0.61000 in epoch 3 --- 
[2023-03-18 11:49:08] PRINT [03/18 11:49:08 graph]: Epoch 89: get test acc score:  0.597
[2023-03-18 11:49:08] PRINT [03/18 11:49:08 graph]: best_f1 0.725 at epoch 28
[2023-03-18 11:49:08] PRINT [03/18 11:49:08 graph]: start epoch 90.
[2023-03-18 11:49:08] PRINT [03/18 11:49:08 graph]: # Epoch 90: train_loss: 0.3694 | lr: 0.000303
[2023-03-18 11:49:09] PRINT [03/18 11:49:09 graph]: --- Testf1: 0.59000, Best Valacc: 0.59000 in epoch 10 --- 
[2023-03-18 11:49:09] PRINT [03/18 11:49:09 graph]: Epoch 90: get test acc score:  0.590
[2023-03-18 11:49:09] PRINT [03/18 11:49:09 graph]: best_f1 0.725 at epoch 28
[2023-03-18 11:49:09] PRINT [03/18 11:49:09 graph]: start epoch 91.
[2023-03-18 11:49:09] PRINT [03/18 11:49:09 graph]: # Epoch 91: train_loss: 0.3699 | lr: 0.000303
[2023-03-18 11:49:10] PRINT [03/18 11:49:10 graph]: --- Testf1: 0.59700, Best Valacc: 0.58200 in epoch 3 --- 
[2023-03-18 11:49:10] PRINT [03/18 11:49:10 graph]: Epoch 91: get test acc score:  0.597
[2023-03-18 11:49:10] PRINT [03/18 11:49:10 graph]: best_f1 0.725 at epoch 28
[2023-03-18 11:49:10] PRINT [03/18 11:49:10 graph]: start epoch 92.
[2023-03-18 11:49:10] PRINT [03/18 11:49:10 graph]: # Epoch 92: train_loss: 0.3648 | lr: 0.000303
[2023-03-18 11:49:11] PRINT [03/18 11:49:11 graph]: --- Testf1: 0.60600, Best Valacc: 0.59800 in epoch 2 --- 
[2023-03-18 11:49:11] PRINT [03/18 11:49:11 graph]: Epoch 92: get test acc score:  0.606
[2023-03-18 11:49:11] PRINT [03/18 11:49:11 graph]: best_f1 0.725 at epoch 28
[2023-03-18 11:49:11] PRINT [03/18 11:49:11 graph]: start epoch 93.
[2023-03-18 11:49:11] PRINT [03/18 11:49:11 graph]: # Epoch 93: train_loss: 0.3647 | lr: 0.000303
[2023-03-18 11:49:12] PRINT [03/18 11:49:12 graph]: --- Testf1: 0.60400, Best Valacc: 0.59200 in epoch 4 --- 
[2023-03-18 11:49:12] PRINT [03/18 11:49:12 graph]: Epoch 93: get test acc score:  0.604
[2023-03-18 11:49:12] PRINT [03/18 11:49:12 graph]: best_f1 0.725 at epoch 28
[2023-03-18 11:49:12] PRINT [03/18 11:49:12 graph]: start epoch 94.
[2023-03-18 11:49:12] PRINT [03/18 11:49:12 graph]: # Epoch 94: train_loss: 0.3634 | lr: 0.000303
[2023-03-18 11:49:13] PRINT [03/18 11:49:13 graph]: --- Testf1: 0.57900, Best Valacc: 0.57000 in epoch 5 --- 
[2023-03-18 11:49:13] PRINT [03/18 11:49:13 graph]: Epoch 94: get test acc score:  0.579
[2023-03-18 11:49:13] PRINT [03/18 11:49:13 graph]: best_f1 0.725 at epoch 28
[2023-03-18 11:49:13] PRINT [03/18 11:49:13 graph]: start epoch 95.
[2023-03-18 11:49:13] PRINT [03/18 11:49:13 graph]: # Epoch 95: train_loss: 0.3605 | lr: 0.000303
[2023-03-18 11:49:14] PRINT [03/18 11:49:14 graph]: --- Testf1: 0.59300, Best Valacc: 0.59400 in epoch 3 --- 
[2023-03-18 11:49:14] PRINT [03/18 11:49:14 graph]: Epoch 95: get test acc score:  0.593
[2023-03-18 11:49:14] PRINT [03/18 11:49:14 graph]: best_f1 0.725 at epoch 28
[2023-03-18 11:49:14] PRINT [03/18 11:49:14 graph]: start epoch 96.
[2023-03-18 11:49:15] PRINT [03/18 11:49:15 graph]: # Epoch 96: train_loss: 0.3578 | lr: 0.000303
[2023-03-18 11:49:15] PRINT [03/18 11:49:15 graph]: --- Testf1: 0.57900, Best Valacc: 0.56600 in epoch 4 --- 
[2023-03-18 11:49:16] PRINT [03/18 11:49:16 graph]: Epoch 96: get test acc score:  0.579
[2023-03-18 11:49:16] PRINT [03/18 11:49:16 graph]: best_f1 0.725 at epoch 28
[2023-03-18 11:49:16] PRINT [03/18 11:49:16 graph]: start epoch 97.
[2023-03-18 11:49:16] PRINT [03/18 11:49:16 graph]: # Epoch 97: train_loss: 0.3529 | lr: 0.000303
[2023-03-18 11:49:16] PRINT [03/18 11:49:16 graph]: --- Testf1: 0.60900, Best Valacc: 0.56800 in epoch 2 --- 
[2023-03-18 11:49:17] PRINT [03/18 11:49:17 graph]: Epoch 97: get test acc score:  0.609
[2023-03-18 11:49:17] PRINT [03/18 11:49:17 graph]: best_f1 0.725 at epoch 28
[2023-03-18 11:49:17] PRINT [03/18 11:49:17 graph]: start epoch 98.
[2023-03-18 11:49:17] PRINT [03/18 11:49:17 graph]: # Epoch 98: train_loss: 0.3516 | lr: 0.000303
[2023-03-18 11:49:18] PRINT [03/18 11:49:18 graph]: --- Testf1: 0.60300, Best Valacc: 0.58800 in epoch 2 --- 
[2023-03-18 11:49:18] PRINT [03/18 11:49:18 graph]: Epoch 98: get test acc score:  0.603
[2023-03-18 11:49:18] PRINT [03/18 11:49:18 graph]: best_f1 0.725 at epoch 28
[2023-03-18 11:49:18] PRINT [03/18 11:49:18 graph]: start epoch 99.
[2023-03-18 11:49:18] PRINT [03/18 11:49:18 graph]: # Epoch 99: train_loss: 0.3505 | lr: 0.000303
[2023-03-18 11:49:19] PRINT [03/18 11:49:19 graph]: --- Testf1: 0.60500, Best Valacc: 0.60000 in epoch 3 --- 
[2023-03-18 11:49:19] PRINT [03/18 11:49:19 graph]: Epoch 99: get test acc score:  0.605
[2023-03-18 11:49:19] PRINT [03/18 11:49:19 graph]: best_f1 0.725 at epoch 28
[2023-03-18 11:49:19] PRINT [03/18 11:49:19 graph]: # final_acc: 0.7250±0.0000
