[2023-03-06 20:41:11] PRINT ---new cfg------
[2023-03-06 20:41:11] PRINT {'DATA': {'data_name': 'IMDB-BINARY', 'deg4feat': True}, 'DATALOADER': {'NUM_WORKERS': 0, 'BATCH_SIZE': 32}, 'MODEL': {'num_hidden': 512, 'num_layers': 2, 'nhead': 4, 'activation': 'prelu', 'attn_drop': 0.4, 'feat_drop': 0.30000000000000004, 'norm': 'batchnorm', 'pooler': 'mean', 'beta_schedule': 'const', 'beta_1': 0.0009055590512348614, 'beta_T': 0.02782222027016161, 'T': 737}, 'SOLVER': {'optim_type': 'adamw', 'optim_type_f': 'adamw', 'alpha': 0.8, 'decay': 50, 'LR': 0.00019735963593062435, 'weight_decay': 0.0005, 'MAX_EPOCH': 100}, 'DEVICE': 'cuda', 'seeds': [11], 'eval_T': [50, 100, 200], 'output_dir': '/ddm-nni/IMDB-B/log', 'checkpoint_dir': '/ddm-nni/IMDB-B/log/checkpoint'}
[2023-03-06 20:41:11] PRINT [03/06 20:41:11 graph]: Rank of current process: 0. World size: 1
[2023-03-06 20:41:19] PRINT [03/06 20:41:19 graph]: Environment info:
[2023-03-06 20:41:19] PRINT PyTorch version: 1.10.0+cu113
[2023-03-06 20:41:19] PRINT Is debug build: False
[2023-03-06 20:41:19] PRINT CUDA used to build PyTorch: 11.3
[2023-03-06 20:41:19] PRINT ROCM used to build PyTorch: N/A
[2023-03-06 20:41:19] PRINT 
[2023-03-06 20:41:19] PRINT OS: Ubuntu 20.04.3 LTS (x86_64)
[2023-03-06 20:41:19] PRINT GCC version: (Ubuntu 9.3.0-17ubuntu1~20.04) 9.3.0
[2023-03-06 20:41:19] PRINT Clang version: Could not collect
[2023-03-06 20:41:19] PRINT CMake version: version 3.16.3
[2023-03-06 20:41:19] PRINT Libc version: glibc-2.31
[2023-03-06 20:41:19] PRINT 
[2023-03-06 20:41:19] PRINT Python version: 3.8.10 (default, Jun  4 2021, 15:09:15)  [GCC 7.5.0] (64-bit runtime)
[2023-03-06 20:41:19] PRINT Python platform: Linux-5.4.0-90-generic-x86_64-with-glibc2.17
[2023-03-06 20:41:19] PRINT Is CUDA available: True
[2023-03-06 20:41:19] PRINT CUDA runtime version: 11.3.109
[2023-03-06 20:41:19] PRINT GPU models and configuration: GPU 0: NVIDIA GeForce RTX 3090
[2023-03-06 20:41:19] PRINT Nvidia driver version: 495.44
[2023-03-06 20:41:19] PRINT cuDNN version: Probably one of the following:
[2023-03-06 20:41:19] PRINT /usr/lib/x86_64-linux-gnu/libcudnn.so.8.2.0
[2023-03-06 20:41:19] PRINT /usr/lib/x86_64-linux-gnu/libcudnn_adv_infer.so.8.2.0
[2023-03-06 20:41:19] PRINT /usr/lib/x86_64-linux-gnu/libcudnn_adv_train.so.8.2.0
[2023-03-06 20:41:19] PRINT /usr/lib/x86_64-linux-gnu/libcudnn_cnn_infer.so.8.2.0
[2023-03-06 20:41:19] PRINT /usr/lib/x86_64-linux-gnu/libcudnn_cnn_train.so.8.2.0
[2023-03-06 20:41:19] PRINT /usr/lib/x86_64-linux-gnu/libcudnn_ops_infer.so.8.2.0
[2023-03-06 20:41:19] PRINT /usr/lib/x86_64-linux-gnu/libcudnn_ops_train.so.8.2.0
[2023-03-06 20:41:19] PRINT HIP runtime version: N/A
[2023-03-06 20:41:19] PRINT MIOpen runtime version: N/A
[2023-03-06 20:41:19] PRINT 
[2023-03-06 20:41:19] PRINT Versions of relevant libraries:
[2023-03-06 20:41:19] PRINT [pip3] numpy==1.23.5
[2023-03-06 20:41:19] PRINT [pip3] torch==1.10.0+cu113
[2023-03-06 20:41:19] PRINT [pip3] torchvision==0.11.1+cu113
[2023-03-06 20:41:19] PRINT [conda] blas                      1.0                         mkl    https://mirrors.ustc.edu.cn/anaconda/pkgs/main
[2023-03-06 20:41:19] PRINT [conda] mkl                       2021.4.0           h06a4308_640    https://mirrors.ustc.edu.cn/anaconda/pkgs/main
[2023-03-06 20:41:19] PRINT [conda] mkl-service               2.4.0            py38h7f8727e_0    https://mirrors.ustc.edu.cn/anaconda/pkgs/main
[2023-03-06 20:41:19] PRINT [conda] mkl_fft                   1.3.1            py38hd3c417c_0    https://mirrors.ustc.edu.cn/anaconda/pkgs/main
[2023-03-06 20:41:19] PRINT [conda] mkl_random                1.2.2            py38h51133e4_0    https://mirrors.ustc.edu.cn/anaconda/pkgs/main
[2023-03-06 20:41:19] PRINT [conda] numpy                     1.21.4                   pypi_0    pypi
[2023-03-06 20:41:19] PRINT [conda] numpy-base                1.23.5           py38h31eccc5_0    https://mirrors.ustc.edu.cn/anaconda/pkgs/main
[2023-03-06 20:41:19] PRINT [conda] torch                     1.10.0+cu113             pypi_0    pypi
[2023-03-06 20:41:19] PRINT [conda] torchvision               0.11.1+cu113             pypi_0    pypi
[2023-03-06 20:41:19] PRINT         Pillow (8.4.0)
[2023-03-06 20:41:19] PRINT [03/06 20:41:19 graph]: Command line arguments: Namespace(local_rank=0, resume=False, seed=1234, start_epoch=0)
[2023-03-06 20:41:19] PRINT Using degree as node features
[2023-03-06 20:41:22] PRINT ******** # Num Graphs: 1000, # Num Feat: 271, # Num Classes: 2 ********
[2023-03-06 20:41:22] PRINT [03/06 20:41:22 graph]: Run 0th for seed 11
[2023-03-06 20:41:22] PRINT [03/06 20:41:22 graph]: Total trainable params num : 5748995
[2023-03-06 20:41:31] PRINT [03/06 20:41:31 graph]: ----------Start Training----------
[2023-03-06 20:41:35] PRINT [03/06 20:41:35 graph]: Epoch 0 | train_loss: 0.3426 | lr: 0.000197
[2023-03-06 20:41:37] PRINT [03/06 20:41:37 graph]: Epoch 1 | train_loss: 0.1569 | lr: 0.000197
[2023-03-06 20:41:40] PRINT [03/06 20:41:40 graph]: Epoch 2 | train_loss: 0.1432 | lr: 0.000197
[2023-03-06 20:42:33] PRINT [03/06 20:42:33 graph]: #Test_f1: 0.7320±0.0352
[2023-03-06 20:42:34] PRINT [03/06 20:42:34 graph]: Epoch 2: get test f1 score:  0.732
[2023-03-06 20:42:34] PRINT [03/06 20:42:34 graph]: best_f1 0.732 at epoch 2
[2023-03-06 20:42:36] PRINT [03/06 20:42:36 graph]: Epoch 3 | train_loss: 0.1377 | lr: 0.000197
[2023-03-06 20:43:25] PRINT [03/06 20:43:25 graph]: #Test_f1: 0.7300±0.0249
[2023-03-06 20:43:26] PRINT [03/06 20:43:26 graph]: Epoch 3: get test f1 score:  0.730
[2023-03-06 20:43:26] PRINT [03/06 20:43:26 graph]: best_f1 0.732 at epoch 2
[2023-03-06 20:43:29] PRINT [03/06 20:43:29 graph]: Epoch 4 | train_loss: 0.1311 | lr: 0.000197
[2023-03-06 20:44:23] PRINT [03/06 20:44:23 graph]: #Test_f1: 0.7350±0.0353
[2023-03-06 20:44:23] PRINT [03/06 20:44:23 graph]: Epoch 4: get test f1 score:  0.735
[2023-03-06 20:44:23] PRINT [03/06 20:44:23 graph]: best_f1 0.735 at epoch 4
[2023-03-06 20:44:26] PRINT [03/06 20:44:26 graph]: Epoch 5 | train_loss: 0.1254 | lr: 0.000197
[2023-03-06 20:45:18] PRINT [03/06 20:45:18 graph]: #Test_f1: 0.7160±0.0377
[2023-03-06 20:45:19] PRINT [03/06 20:45:19 graph]: Epoch 5: get test f1 score:  0.716
[2023-03-06 20:45:19] PRINT [03/06 20:45:19 graph]: best_f1 0.735 at epoch 4
[2023-03-06 20:45:22] PRINT [03/06 20:45:22 graph]: Epoch 6 | train_loss: 0.1245 | lr: 0.000197
[2023-03-06 20:46:12] PRINT [03/06 20:46:12 graph]: #Test_f1: 0.7310±0.0314
[2023-03-06 20:46:13] PRINT [03/06 20:46:13 graph]: Epoch 6: get test f1 score:  0.731
[2023-03-06 20:46:13] PRINT [03/06 20:46:13 graph]: best_f1 0.735 at epoch 4
[2023-03-06 20:46:15] PRINT [03/06 20:46:15 graph]: Epoch 7 | train_loss: 0.1225 | lr: 0.000197
[2023-03-06 20:47:08] PRINT [03/06 20:47:08 graph]: #Test_f1: 0.7380±0.0319
[2023-03-06 20:47:09] PRINT [03/06 20:47:09 graph]: Epoch 7: get test f1 score:  0.738
[2023-03-06 20:47:09] PRINT [03/06 20:47:09 graph]: best_f1 0.738 at epoch 7
[2023-03-06 20:47:12] PRINT [03/06 20:47:12 graph]: Epoch 8 | train_loss: 0.1215 | lr: 0.000197
[2023-03-06 20:48:02] PRINT [03/06 20:48:02 graph]: #Test_f1: 0.7350±0.0391
[2023-03-06 20:48:02] PRINT [03/06 20:48:02 graph]: Epoch 8: get test f1 score:  0.735
[2023-03-06 20:48:02] PRINT [03/06 20:48:02 graph]: best_f1 0.738 at epoch 7
[2023-03-06 20:48:05] PRINT [03/06 20:48:05 graph]: Epoch 9 | train_loss: 0.1148 | lr: 0.000197
[2023-03-06 20:48:59] PRINT [03/06 20:48:59 graph]: #Test_f1: 0.7410±0.0262
[2023-03-06 20:49:00] PRINT [03/06 20:49:00 graph]: Epoch 9: get test f1 score:  0.741
[2023-03-06 20:49:00] PRINT [03/06 20:49:00 graph]: best_f1 0.741 at epoch 9
[2023-03-06 20:49:03] PRINT [03/06 20:49:03 graph]: Epoch 10 | train_loss: 0.1127 | lr: 0.000197
[2023-03-06 20:49:55] PRINT [03/06 20:49:55 graph]: #Test_f1: 0.7330±0.0326
[2023-03-06 20:49:56] PRINT [03/06 20:49:56 graph]: Epoch 10: get test f1 score:  0.733
[2023-03-06 20:49:56] PRINT [03/06 20:49:56 graph]: best_f1 0.741 at epoch 9
[2023-03-06 20:49:58] PRINT [03/06 20:49:58 graph]: Epoch 11 | train_loss: 0.1112 | lr: 0.000197
[2023-03-06 20:50:49] PRINT [03/06 20:50:49 graph]: #Test_f1: 0.7250±0.0262
[2023-03-06 20:50:50] PRINT [03/06 20:50:50 graph]: Epoch 11: get test f1 score:  0.725
[2023-03-06 20:50:50] PRINT [03/06 20:50:50 graph]: best_f1 0.741 at epoch 9
[2023-03-06 20:50:52] PRINT [03/06 20:50:52 graph]: Epoch 12 | train_loss: 0.1090 | lr: 0.000197
[2023-03-06 20:51:43] PRINT [03/06 20:51:43 graph]: #Test_f1: 0.7360±0.0301
[2023-03-06 20:51:43] PRINT [03/06 20:51:43 graph]: Epoch 12: get test f1 score:  0.736
[2023-03-06 20:51:43] PRINT [03/06 20:51:43 graph]: best_f1 0.741 at epoch 9
[2023-03-06 20:51:46] PRINT [03/06 20:51:46 graph]: Epoch 13 | train_loss: 0.1079 | lr: 0.000197
[2023-03-06 20:52:39] PRINT [03/06 20:52:39 graph]: #Test_f1: 0.7310±0.0295
[2023-03-06 20:52:40] PRINT [03/06 20:52:40 graph]: Epoch 13: get test f1 score:  0.731
[2023-03-06 20:52:40] PRINT [03/06 20:52:40 graph]: best_f1 0.741 at epoch 9
[2023-03-06 20:52:42] PRINT [03/06 20:52:42 graph]: Epoch 14 | train_loss: 0.1056 | lr: 0.000197
[2023-03-06 20:53:34] PRINT [03/06 20:53:34 graph]: #Test_f1: 0.7290±0.0230
[2023-03-06 20:53:34] PRINT [03/06 20:53:34 graph]: Epoch 14: get test f1 score:  0.729
[2023-03-06 20:53:34] PRINT [03/06 20:53:34 graph]: best_f1 0.741 at epoch 9
[2023-03-06 20:53:37] PRINT [03/06 20:53:37 graph]: Epoch 15 | train_loss: 0.1058 | lr: 0.000197
[2023-03-06 20:54:28] PRINT [03/06 20:54:28 graph]: #Test_f1: 0.7450±0.0233
[2023-03-06 20:54:28] PRINT [03/06 20:54:28 graph]: Epoch 15: get test f1 score:  0.745
[2023-03-06 20:54:28] PRINT [03/06 20:54:28 graph]: best_f1 0.745 at epoch 15
[2023-03-06 20:54:31] PRINT [03/06 20:54:31 graph]: Epoch 16 | train_loss: 0.1021 | lr: 0.000197
[2023-03-06 20:55:22] PRINT [03/06 20:55:22 graph]: #Test_f1: 0.7330±0.0265
[2023-03-06 20:55:23] PRINT [03/06 20:55:23 graph]: Epoch 16: get test f1 score:  0.733
[2023-03-06 20:55:23] PRINT [03/06 20:55:23 graph]: best_f1 0.745 at epoch 15
[2023-03-06 20:55:25] PRINT [03/06 20:55:25 graph]: Epoch 17 | train_loss: 0.1013 | lr: 0.000197
[2023-03-06 20:56:15] PRINT [03/06 20:56:15 graph]: #Test_f1: 0.7410±0.0247
[2023-03-06 20:56:15] PRINT [03/06 20:56:15 graph]: Epoch 17: get test f1 score:  0.741
[2023-03-06 20:56:15] PRINT [03/06 20:56:15 graph]: best_f1 0.745 at epoch 15
[2023-03-06 20:56:18] PRINT [03/06 20:56:18 graph]: Epoch 18 | train_loss: 0.0995 | lr: 0.000197
[2023-03-06 20:57:10] PRINT [03/06 20:57:10 graph]: #Test_f1: 0.7300±0.0290
[2023-03-06 20:57:10] PRINT [03/06 20:57:10 graph]: Epoch 18: get test f1 score:  0.730
[2023-03-06 20:57:10] PRINT [03/06 20:57:10 graph]: best_f1 0.745 at epoch 15
[2023-03-06 20:57:13] PRINT [03/06 20:57:13 graph]: Epoch 19 | train_loss: 0.0977 | lr: 0.000197
[2023-03-06 20:58:05] PRINT [03/06 20:58:05 graph]: #Test_f1: 0.7440±0.0323
[2023-03-06 20:58:06] PRINT [03/06 20:58:06 graph]: Epoch 19: get test f1 score:  0.744
[2023-03-06 20:58:06] PRINT [03/06 20:58:06 graph]: best_f1 0.745 at epoch 15
[2023-03-06 20:58:08] PRINT [03/06 20:58:08 graph]: Epoch 20 | train_loss: 0.0972 | lr: 0.000197
[2023-03-06 20:58:58] PRINT [03/06 20:58:58 graph]: #Test_f1: 0.7340±0.0206
[2023-03-06 20:58:59] PRINT [03/06 20:58:59 graph]: Epoch 20: get test f1 score:  0.734
[2023-03-06 20:58:59] PRINT [03/06 20:58:59 graph]: best_f1 0.745 at epoch 15
[2023-03-06 20:59:01] PRINT [03/06 20:59:01 graph]: Epoch 21 | train_loss: 0.0953 | lr: 0.000197
[2023-03-06 20:59:52] PRINT [03/06 20:59:52 graph]: #Test_f1: 0.7370±0.0200
[2023-03-06 20:59:53] PRINT [03/06 20:59:53 graph]: Epoch 21: get test f1 score:  0.737
[2023-03-06 20:59:53] PRINT [03/06 20:59:53 graph]: best_f1 0.745 at epoch 15
[2023-03-06 20:59:56] PRINT [03/06 20:59:56 graph]: Epoch 22 | train_loss: 0.0933 | lr: 0.000197
[2023-03-06 21:00:47] PRINT [03/06 21:00:47 graph]: #Test_f1: 0.7370±0.0190
[2023-03-06 21:00:48] PRINT [03/06 21:00:48 graph]: Epoch 22: get test f1 score:  0.737
[2023-03-06 21:00:48] PRINT [03/06 21:00:48 graph]: best_f1 0.745 at epoch 15
[2023-03-06 21:00:50] PRINT [03/06 21:00:50 graph]: Epoch 23 | train_loss: 0.0916 | lr: 0.000197
[2023-03-06 21:01:42] PRINT [03/06 21:01:42 graph]: #Test_f1: 0.7400±0.0167
[2023-03-06 21:01:43] PRINT [03/06 21:01:43 graph]: Epoch 23: get test f1 score:  0.740
[2023-03-06 21:01:43] PRINT [03/06 21:01:43 graph]: best_f1 0.745 at epoch 15
[2023-03-06 21:01:45] PRINT [03/06 21:01:45 graph]: Epoch 24 | train_loss: 0.0913 | lr: 0.000197
[2023-03-06 21:02:39] PRINT [03/06 21:02:39 graph]: #Test_f1: 0.7420±0.0252
[2023-03-06 21:02:40] PRINT [03/06 21:02:40 graph]: Epoch 24: get test f1 score:  0.742
[2023-03-06 21:02:40] PRINT [03/06 21:02:40 graph]: best_f1 0.745 at epoch 15
[2023-03-06 21:02:42] PRINT [03/06 21:02:42 graph]: Epoch 25 | train_loss: 0.0868 | lr: 0.000197
[2023-03-06 21:03:38] PRINT [03/06 21:03:38 graph]: #Test_f1: 0.7440±0.0326
[2023-03-06 21:03:38] PRINT [03/06 21:03:38 graph]: Epoch 25: get test f1 score:  0.744
[2023-03-06 21:03:38] PRINT [03/06 21:03:38 graph]: best_f1 0.745 at epoch 15
[2023-03-06 21:03:40] PRINT [03/06 21:03:40 graph]: Epoch 26 | train_loss: 0.0868 | lr: 0.000197
[2023-03-06 21:04:34] PRINT [03/06 21:04:34 graph]: #Test_f1: 0.7400±0.0293
[2023-03-06 21:04:34] PRINT [03/06 21:04:34 graph]: Epoch 26: get test f1 score:  0.740
[2023-03-06 21:04:34] PRINT [03/06 21:04:34 graph]: best_f1 0.745 at epoch 15
[2023-03-06 21:04:37] PRINT [03/06 21:04:37 graph]: Epoch 27 | train_loss: 0.0855 | lr: 0.000197
[2023-03-06 21:05:27] PRINT [03/06 21:05:27 graph]: #Test_f1: 0.7350±0.0341
[2023-03-06 21:05:28] PRINT [03/06 21:05:28 graph]: Epoch 27: get test f1 score:  0.735
[2023-03-06 21:05:28] PRINT [03/06 21:05:28 graph]: best_f1 0.745 at epoch 15
[2023-03-06 21:05:30] PRINT [03/06 21:05:30 graph]: Epoch 28 | train_loss: 0.0839 | lr: 0.000197
[2023-03-06 21:06:29] PRINT [03/06 21:06:29 graph]: #Test_f1: 0.7470±0.0224
[2023-03-06 21:06:30] PRINT [03/06 21:06:30 graph]: Epoch 28: get test f1 score:  0.747
[2023-03-06 21:06:30] PRINT [03/06 21:06:30 graph]: best_f1 0.747 at epoch 28
[2023-03-06 21:06:32] PRINT [03/06 21:06:32 graph]: Epoch 29 | train_loss: 0.0820 | lr: 0.000197
[2023-03-06 21:07:27] PRINT [03/06 21:07:27 graph]: #Test_f1: 0.7420±0.0371
[2023-03-06 21:07:27] PRINT [03/06 21:07:27 graph]: Epoch 29: get test f1 score:  0.742
[2023-03-06 21:07:27] PRINT [03/06 21:07:27 graph]: best_f1 0.747 at epoch 28
[2023-03-06 21:07:30] PRINT [03/06 21:07:30 graph]: Epoch 30 | train_loss: 0.0818 | lr: 0.000197
[2023-03-06 21:08:06] PRINT [03/06 21:08:06 graph]: #Test_f1: 0.7310±0.0281
[2023-03-06 21:08:06] PRINT [03/06 21:08:06 graph]: Epoch 30: get test f1 score:  0.731
[2023-03-06 21:08:06] PRINT [03/06 21:08:06 graph]: best_f1 0.747 at epoch 28
[2023-03-06 21:08:08] PRINT [03/06 21:08:08 graph]: Epoch 31 | train_loss: 0.0782 | lr: 0.000197
[2023-03-06 21:08:46] PRINT [03/06 21:08:46 graph]: #Test_f1: 0.7350±0.0258
[2023-03-06 21:08:46] PRINT [03/06 21:08:46 graph]: Epoch 31: get test f1 score:  0.735
[2023-03-06 21:08:46] PRINT [03/06 21:08:46 graph]: best_f1 0.747 at epoch 28
[2023-03-06 21:08:48] PRINT [03/06 21:08:48 graph]: Epoch 32 | train_loss: 0.0788 | lr: 0.000197
[2023-03-06 21:09:23] PRINT [03/06 21:09:23 graph]: #Test_f1: 0.7400±0.0300
[2023-03-06 21:09:24] PRINT [03/06 21:09:24 graph]: Epoch 32: get test f1 score:  0.740
[2023-03-06 21:09:24] PRINT [03/06 21:09:24 graph]: best_f1 0.747 at epoch 28
[2023-03-06 21:09:26] PRINT [03/06 21:09:26 graph]: Epoch 33 | train_loss: 0.0786 | lr: 0.000197
[2023-03-06 21:10:03] PRINT [03/06 21:10:03 graph]: #Test_f1: 0.7400±0.0253
[2023-03-06 21:10:03] PRINT [03/06 21:10:03 graph]: Epoch 33: get test f1 score:  0.740
[2023-03-06 21:10:03] PRINT [03/06 21:10:03 graph]: best_f1 0.747 at epoch 28
[2023-03-06 21:10:06] PRINT [03/06 21:10:06 graph]: Epoch 34 | train_loss: 0.0787 | lr: 0.000197
[2023-03-06 21:10:40] PRINT [03/06 21:10:40 graph]: #Test_f1: 0.7430±0.0237
[2023-03-06 21:10:41] PRINT [03/06 21:10:41 graph]: Epoch 34: get test f1 score:  0.743
[2023-03-06 21:10:41] PRINT [03/06 21:10:41 graph]: best_f1 0.747 at epoch 28
[2023-03-06 21:10:42] PRINT [03/06 21:10:42 graph]: Epoch 35 | train_loss: 0.0752 | lr: 0.000197
[2023-03-06 21:11:21] PRINT [03/06 21:11:21 graph]: #Test_f1: 0.7460±0.0143
[2023-03-06 21:11:21] PRINT [03/06 21:11:21 graph]: Epoch 35: get test f1 score:  0.746
[2023-03-06 21:11:21] PRINT [03/06 21:11:21 graph]: best_f1 0.747 at epoch 28
[2023-03-06 21:11:23] PRINT [03/06 21:11:23 graph]: Epoch 36 | train_loss: 0.0752 | lr: 0.000197
[2023-03-06 21:12:00] PRINT [03/06 21:12:00 graph]: #Test_f1: 0.7410±0.0164
[2023-03-06 21:12:01] PRINT [03/06 21:12:01 graph]: Epoch 36: get test f1 score:  0.741
[2023-03-06 21:12:01] PRINT [03/06 21:12:01 graph]: best_f1 0.747 at epoch 28
[2023-03-06 21:12:02] PRINT [03/06 21:12:02 graph]: Epoch 37 | train_loss: 0.0750 | lr: 0.000197
[2023-03-06 21:12:38] PRINT [03/06 21:12:38 graph]: #Test_f1: 0.7380±0.0194
[2023-03-06 21:12:39] PRINT [03/06 21:12:39 graph]: Epoch 37: get test f1 score:  0.738
[2023-03-06 21:12:39] PRINT [03/06 21:12:39 graph]: best_f1 0.747 at epoch 28
[2023-03-06 21:12:40] PRINT [03/06 21:12:40 graph]: Epoch 38 | train_loss: 0.0727 | lr: 0.000197
[2023-03-06 21:13:03] PRINT [03/06 21:13:03 graph]: #Test_f1: 0.7400±0.0219
[2023-03-06 21:13:04] PRINT [03/06 21:13:04 graph]: Epoch 38: get test f1 score:  0.740
[2023-03-06 21:13:04] PRINT [03/06 21:13:04 graph]: best_f1 0.747 at epoch 28
[2023-03-06 21:13:05] PRINT [03/06 21:13:05 graph]: Epoch 39 | train_loss: 0.0716 | lr: 0.000197
[2023-03-06 21:13:31] PRINT [03/06 21:13:31 graph]: #Test_f1: 0.7490±0.0298
[2023-03-06 21:13:31] PRINT [03/06 21:13:31 graph]: Epoch 39: get test f1 score:  0.749
[2023-03-06 21:13:31] PRINT [03/06 21:13:31 graph]: best_f1 0.749 at epoch 39
[2023-03-06 21:13:32] PRINT [03/06 21:13:32 graph]: Epoch 40 | train_loss: 0.0698 | lr: 0.000197
[2023-03-06 21:13:55] PRINT [03/06 21:13:55 graph]: #Test_f1: 0.7530±0.0241
[2023-03-06 21:13:56] PRINT [03/06 21:13:56 graph]: Epoch 40: get test f1 score:  0.753
[2023-03-06 21:13:56] PRINT [03/06 21:13:56 graph]: best_f1 0.753 at epoch 40
[2023-03-06 21:13:57] PRINT [03/06 21:13:57 graph]: Epoch 41 | train_loss: 0.0729 | lr: 0.000197
[2023-03-06 21:14:21] PRINT [03/06 21:14:21 graph]: #Test_f1: 0.7430±0.0228
[2023-03-06 21:14:21] PRINT [03/06 21:14:21 graph]: Epoch 41: get test f1 score:  0.743
[2023-03-06 21:14:21] PRINT [03/06 21:14:21 graph]: best_f1 0.753 at epoch 40
[2023-03-06 21:14:22] PRINT [03/06 21:14:22 graph]: Epoch 42 | train_loss: 0.0722 | lr: 0.000197
[2023-03-06 21:14:46] PRINT [03/06 21:14:46 graph]: #Test_f1: 0.7490±0.0212
[2023-03-06 21:14:46] PRINT [03/06 21:14:46 graph]: Epoch 42: get test f1 score:  0.749
[2023-03-06 21:14:46] PRINT [03/06 21:14:46 graph]: best_f1 0.753 at epoch 40
[2023-03-06 21:14:47] PRINT [03/06 21:14:47 graph]: Epoch 43 | train_loss: 0.0701 | lr: 0.000197
[2023-03-06 21:15:10] PRINT [03/06 21:15:10 graph]: #Test_f1: 0.7380±0.0268
[2023-03-06 21:15:11] PRINT [03/06 21:15:11 graph]: Epoch 43: get test f1 score:  0.738
[2023-03-06 21:15:11] PRINT [03/06 21:15:11 graph]: best_f1 0.753 at epoch 40
[2023-03-06 21:15:12] PRINT [03/06 21:15:12 graph]: Epoch 44 | train_loss: 0.0699 | lr: 0.000197
[2023-03-06 21:15:36] PRINT [03/06 21:15:36 graph]: #Test_f1: 0.7460±0.0291
[2023-03-06 21:15:36] PRINT [03/06 21:15:36 graph]: Epoch 44: get test f1 score:  0.746
[2023-03-06 21:15:36] PRINT [03/06 21:15:36 graph]: best_f1 0.753 at epoch 40
[2023-03-06 21:15:37] PRINT [03/06 21:15:37 graph]: Epoch 45 | train_loss: 0.0693 | lr: 0.000197
[2023-03-06 21:16:00] PRINT [03/06 21:16:00 graph]: #Test_f1: 0.7540±0.0358
[2023-03-06 21:16:01] PRINT [03/06 21:16:01 graph]: Epoch 45: get test f1 score:  0.754
[2023-03-06 21:16:01] PRINT [03/06 21:16:01 graph]: best_f1 0.754 at epoch 45
[2023-03-06 21:16:02] PRINT [03/06 21:16:02 graph]: Epoch 46 | train_loss: 0.0663 | lr: 0.000197
[2023-03-06 21:16:26] PRINT [03/06 21:16:26 graph]: #Test_f1: 0.7510±0.0295
[2023-03-06 21:16:26] PRINT [03/06 21:16:26 graph]: Epoch 46: get test f1 score:  0.751
[2023-03-06 21:16:26] PRINT [03/06 21:16:26 graph]: best_f1 0.754 at epoch 45
[2023-03-06 21:16:27] PRINT [03/06 21:16:27 graph]: Epoch 47 | train_loss: 0.0661 | lr: 0.000197
[2023-03-06 21:16:50] PRINT [03/06 21:16:50 graph]: #Test_f1: 0.7340±0.0250
[2023-03-06 21:16:50] PRINT [03/06 21:16:50 graph]: Epoch 47: get test f1 score:  0.734
[2023-03-06 21:16:50] PRINT [03/06 21:16:50 graph]: best_f1 0.754 at epoch 45
[2023-03-06 21:16:52] PRINT [03/06 21:16:52 graph]: Epoch 48 | train_loss: 0.0666 | lr: 0.000197
[2023-03-06 21:17:17] PRINT [03/06 21:17:17 graph]: #Test_f1: 0.7550±0.0294
[2023-03-06 21:17:17] PRINT [03/06 21:17:17 graph]: Epoch 48: get test f1 score:  0.755
[2023-03-06 21:17:17] PRINT [03/06 21:17:17 graph]: best_f1 0.755 at epoch 48
[2023-03-06 21:17:19] PRINT [03/06 21:17:19 graph]: Epoch 49 | train_loss: 0.0660 | lr: 0.000197
[2023-03-06 21:17:43] PRINT [03/06 21:17:43 graph]: #Test_f1: 0.7530±0.0323
[2023-03-06 21:17:43] PRINT [03/06 21:17:43 graph]: Epoch 49: get test f1 score:  0.753
[2023-03-06 21:17:43] PRINT [03/06 21:17:43 graph]: best_f1 0.755 at epoch 48
[2023-03-06 21:17:45] PRINT [03/06 21:17:45 graph]: Epoch 50 | train_loss: 0.0642 | lr: 0.000158
[2023-03-06 21:18:09] PRINT [03/06 21:18:09 graph]: #Test_f1: 0.7420±0.0214
[2023-03-06 21:18:09] PRINT [03/06 21:18:09 graph]: Epoch 50: get test f1 score:  0.742
[2023-03-06 21:18:09] PRINT [03/06 21:18:09 graph]: best_f1 0.755 at epoch 48
[2023-03-06 21:18:11] PRINT [03/06 21:18:11 graph]: Epoch 51 | train_loss: 0.0603 | lr: 0.000158
[2023-03-06 21:18:35] PRINT [03/06 21:18:35 graph]: #Test_f1: 0.7580±0.0397
[2023-03-06 21:18:35] PRINT [03/06 21:18:35 graph]: Epoch 51: get test f1 score:  0.758
[2023-03-06 21:18:35] PRINT [03/06 21:18:35 graph]: best_f1 0.758 at epoch 51
[2023-03-06 21:18:37] PRINT [03/06 21:18:37 graph]: Epoch 52 | train_loss: 0.0623 | lr: 0.000158
[2023-03-06 21:19:02] PRINT [03/06 21:19:02 graph]: #Test_f1: 0.7420±0.0218
[2023-03-06 21:19:02] PRINT [03/06 21:19:02 graph]: Epoch 52: get test f1 score:  0.742
[2023-03-06 21:19:02] PRINT [03/06 21:19:02 graph]: best_f1 0.758 at epoch 51
[2023-03-06 21:19:03] PRINT [03/06 21:19:03 graph]: Epoch 53 | train_loss: 0.0623 | lr: 0.000158
[2023-03-06 21:19:27] PRINT [03/06 21:19:27 graph]: #Test_f1: 0.7450±0.0307
[2023-03-06 21:19:27] PRINT [03/06 21:19:27 graph]: Epoch 53: get test f1 score:  0.745
[2023-03-06 21:19:27] PRINT [03/06 21:19:27 graph]: best_f1 0.758 at epoch 51
[2023-03-06 21:19:29] PRINT [03/06 21:19:29 graph]: Epoch 54 | train_loss: 0.0632 | lr: 0.000158
[2023-03-06 21:19:53] PRINT [03/06 21:19:53 graph]: #Test_f1: 0.7430±0.0257
[2023-03-06 21:19:53] PRINT [03/06 21:19:53 graph]: Epoch 54: get test f1 score:  0.743
[2023-03-06 21:19:53] PRINT [03/06 21:19:53 graph]: best_f1 0.758 at epoch 51
[2023-03-06 21:19:55] PRINT [03/06 21:19:55 graph]: Epoch 55 | train_loss: 0.0600 | lr: 0.000158
[2023-03-06 21:20:18] PRINT [03/06 21:20:18 graph]: #Test_f1: 0.7490±0.0298
[2023-03-06 21:20:18] PRINT [03/06 21:20:18 graph]: Epoch 55: get test f1 score:  0.749
[2023-03-06 21:20:18] PRINT [03/06 21:20:18 graph]: best_f1 0.758 at epoch 51
[2023-03-06 21:20:20] PRINT [03/06 21:20:20 graph]: Epoch 56 | train_loss: 0.0626 | lr: 0.000158
[2023-03-06 21:20:41] PRINT [03/06 21:20:41 graph]: #Test_f1: 0.7550±0.0216
[2023-03-06 21:20:42] PRINT [03/06 21:20:42 graph]: Epoch 56: get test f1 score:  0.755
[2023-03-06 21:20:42] PRINT [03/06 21:20:42 graph]: best_f1 0.758 at epoch 51
[2023-03-06 21:20:43] PRINT [03/06 21:20:43 graph]: Epoch 57 | train_loss: 0.0592 | lr: 0.000158
[2023-03-06 21:21:06] PRINT [03/06 21:21:06 graph]: #Test_f1: 0.7500±0.0316
[2023-03-06 21:21:07] PRINT [03/06 21:21:07 graph]: Epoch 57: get test f1 score:  0.750
[2023-03-06 21:21:07] PRINT [03/06 21:21:07 graph]: best_f1 0.758 at epoch 51
[2023-03-06 21:21:08] PRINT [03/06 21:21:08 graph]: Epoch 58 | train_loss: 0.0601 | lr: 0.000158
[2023-03-06 21:21:30] PRINT [03/06 21:21:30 graph]: #Test_f1: 0.7480±0.0252
[2023-03-06 21:21:30] PRINT [03/06 21:21:30 graph]: Epoch 58: get test f1 score:  0.748
[2023-03-06 21:21:30] PRINT [03/06 21:21:30 graph]: best_f1 0.758 at epoch 51
[2023-03-06 21:21:31] PRINT [03/06 21:21:31 graph]: Epoch 59 | train_loss: 0.0643 | lr: 0.000158
[2023-03-06 21:21:53] PRINT [03/06 21:21:53 graph]: #Test_f1: 0.7490±0.0333
[2023-03-06 21:21:54] PRINT [03/06 21:21:54 graph]: Epoch 59: get test f1 score:  0.749
[2023-03-06 21:21:54] PRINT [03/06 21:21:54 graph]: best_f1 0.758 at epoch 51
[2023-03-06 21:21:55] PRINT [03/06 21:21:55 graph]: Epoch 60 | train_loss: 0.0596 | lr: 0.000158
[2023-03-06 21:22:20] PRINT [03/06 21:22:20 graph]: #Test_f1: 0.7550±0.0301
[2023-03-06 21:22:20] PRINT [03/06 21:22:20 graph]: Epoch 60: get test f1 score:  0.755
[2023-03-06 21:22:20] PRINT [03/06 21:22:20 graph]: best_f1 0.758 at epoch 51
[2023-03-06 21:22:21] PRINT [03/06 21:22:21 graph]: Epoch 61 | train_loss: 0.0590 | lr: 0.000158
[2023-03-06 21:22:44] PRINT [03/06 21:22:44 graph]: #Test_f1: 0.7480±0.0279
[2023-03-06 21:22:44] PRINT [03/06 21:22:44 graph]: Epoch 61: get test f1 score:  0.748
[2023-03-06 21:22:44] PRINT [03/06 21:22:44 graph]: best_f1 0.758 at epoch 51
[2023-03-06 21:22:45] PRINT [03/06 21:22:45 graph]: Epoch 62 | train_loss: 0.0565 | lr: 0.000158
[2023-03-06 21:23:07] PRINT [03/06 21:23:07 graph]: #Test_f1: 0.7430±0.0224
[2023-03-06 21:23:07] PRINT [03/06 21:23:07 graph]: Epoch 62: get test f1 score:  0.743
[2023-03-06 21:23:07] PRINT [03/06 21:23:07 graph]: best_f1 0.758 at epoch 51
[2023-03-06 21:23:08] PRINT [03/06 21:23:08 graph]: Epoch 63 | train_loss: 0.0576 | lr: 0.000158
[2023-03-06 21:23:31] PRINT [03/06 21:23:31 graph]: #Test_f1: 0.7520±0.0282
[2023-03-06 21:23:31] PRINT [03/06 21:23:31 graph]: Epoch 63: get test f1 score:  0.752
[2023-03-06 21:23:31] PRINT [03/06 21:23:31 graph]: best_f1 0.758 at epoch 51
[2023-03-06 21:23:33] PRINT [03/06 21:23:33 graph]: Epoch 64 | train_loss: 0.0565 | lr: 0.000158
[2023-03-06 21:23:54] PRINT [03/06 21:23:54 graph]: #Test_f1: 0.7480±0.0244
[2023-03-06 21:23:55] PRINT [03/06 21:23:55 graph]: Epoch 64: get test f1 score:  0.748
[2023-03-06 21:23:55] PRINT [03/06 21:23:55 graph]: best_f1 0.758 at epoch 51
[2023-03-06 21:23:56] PRINT [03/06 21:23:56 graph]: Epoch 65 | train_loss: 0.0568 | lr: 0.000158
[2023-03-06 21:24:18] PRINT [03/06 21:24:18 graph]: #Test_f1: 0.7570±0.0245
[2023-03-06 21:24:18] PRINT [03/06 21:24:18 graph]: Epoch 65: get test f1 score:  0.757
[2023-03-06 21:24:18] PRINT [03/06 21:24:18 graph]: best_f1 0.758 at epoch 51
[2023-03-06 21:24:20] PRINT [03/06 21:24:20 graph]: Epoch 66 | train_loss: 0.0593 | lr: 0.000158
[2023-03-06 21:24:42] PRINT [03/06 21:24:42 graph]: #Test_f1: 0.7520±0.0264
[2023-03-06 21:24:42] PRINT [03/06 21:24:42 graph]: Epoch 66: get test f1 score:  0.752
[2023-03-06 21:24:42] PRINT [03/06 21:24:42 graph]: best_f1 0.758 at epoch 51
[2023-03-06 21:24:43] PRINT [03/06 21:24:43 graph]: Epoch 67 | train_loss: 0.0575 | lr: 0.000158
[2023-03-06 21:25:05] PRINT [03/06 21:25:05 graph]: #Test_f1: 0.7410±0.0251
[2023-03-06 21:25:05] PRINT [03/06 21:25:05 graph]: Epoch 67: get test f1 score:  0.741
[2023-03-06 21:25:05] PRINT [03/06 21:25:05 graph]: best_f1 0.758 at epoch 51
[2023-03-06 21:25:06] PRINT [03/06 21:25:06 graph]: Epoch 68 | train_loss: 0.0556 | lr: 0.000158
[2023-03-06 21:25:28] PRINT [03/06 21:25:28 graph]: #Test_f1: 0.7500±0.0241
[2023-03-06 21:25:29] PRINT [03/06 21:25:29 graph]: Epoch 68: get test f1 score:  0.750
[2023-03-06 21:25:29] PRINT [03/06 21:25:29 graph]: best_f1 0.758 at epoch 51
[2023-03-06 21:25:30] PRINT [03/06 21:25:30 graph]: Epoch 69 | train_loss: 0.0550 | lr: 0.000158
[2023-03-06 21:25:51] PRINT [03/06 21:25:51 graph]: #Test_f1: 0.7440±0.0229
[2023-03-06 21:25:51] PRINT [03/06 21:25:51 graph]: Epoch 69: get test f1 score:  0.744
[2023-03-06 21:25:51] PRINT [03/06 21:25:51 graph]: best_f1 0.758 at epoch 51
[2023-03-06 21:25:52] PRINT [03/06 21:25:52 graph]: Epoch 70 | train_loss: 0.0547 | lr: 0.000158
[2023-03-06 21:26:14] PRINT [03/06 21:26:14 graph]: #Test_f1: 0.7490±0.0212
[2023-03-06 21:26:14] PRINT [03/06 21:26:14 graph]: Epoch 70: get test f1 score:  0.749
[2023-03-06 21:26:14] PRINT [03/06 21:26:14 graph]: best_f1 0.758 at epoch 51
[2023-03-06 21:26:15] PRINT [03/06 21:26:15 graph]: Epoch 71 | train_loss: 0.0549 | lr: 0.000158
[2023-03-06 21:26:37] PRINT [03/06 21:26:37 graph]: #Test_f1: 0.7450±0.0169
[2023-03-06 21:26:37] PRINT [03/06 21:26:37 graph]: Epoch 71: get test f1 score:  0.745
[2023-03-06 21:26:37] PRINT [03/06 21:26:37 graph]: best_f1 0.758 at epoch 51
[2023-03-06 21:26:38] PRINT [03/06 21:26:38 graph]: Epoch 72 | train_loss: 0.0543 | lr: 0.000158
[2023-03-06 21:26:59] PRINT [03/06 21:26:59 graph]: #Test_f1: 0.7470±0.0257
[2023-03-06 21:26:59] PRINT [03/06 21:26:59 graph]: Epoch 72: get test f1 score:  0.747
[2023-03-06 21:26:59] PRINT [03/06 21:26:59 graph]: best_f1 0.758 at epoch 51
[2023-03-06 21:27:00] PRINT [03/06 21:27:00 graph]: Epoch 73 | train_loss: 0.0539 | lr: 0.000158
[2023-03-06 21:27:22] PRINT [03/06 21:27:22 graph]: #Test_f1: 0.7460±0.0224
[2023-03-06 21:27:23] PRINT [03/06 21:27:23 graph]: Epoch 73: get test f1 score:  0.746
[2023-03-06 21:27:23] PRINT [03/06 21:27:23 graph]: best_f1 0.758 at epoch 51
[2023-03-06 21:27:24] PRINT [03/06 21:27:24 graph]: Epoch 74 | train_loss: 0.0543 | lr: 0.000158
[2023-03-06 21:27:42] PRINT [03/06 21:27:42 graph]: #Test_f1: 0.7550±0.0258
[2023-03-06 21:27:42] PRINT [03/06 21:27:42 graph]: Epoch 74: get test f1 score:  0.755
[2023-03-06 21:27:42] PRINT [03/06 21:27:42 graph]: best_f1 0.758 at epoch 51
[2023-03-06 21:27:43] PRINT [03/06 21:27:43 graph]: Epoch 75 | train_loss: 0.0533 | lr: 0.000158
[2023-03-06 21:27:59] PRINT [03/06 21:27:59 graph]: #Test_f1: 0.7430±0.0237
[2023-03-06 21:28:00] PRINT [03/06 21:28:00 graph]: Epoch 75: get test f1 score:  0.743
[2023-03-06 21:28:00] PRINT [03/06 21:28:00 graph]: best_f1 0.758 at epoch 51
[2023-03-06 21:28:01] PRINT [03/06 21:28:01 graph]: Epoch 76 | train_loss: 0.0541 | lr: 0.000158
[2023-03-06 21:28:17] PRINT [03/06 21:28:17 graph]: #Test_f1: 0.7560±0.0229
[2023-03-06 21:28:17] PRINT [03/06 21:28:17 graph]: Epoch 76: get test f1 score:  0.756
[2023-03-06 21:28:17] PRINT [03/06 21:28:17 graph]: best_f1 0.758 at epoch 51
[2023-03-06 21:28:18] PRINT [03/06 21:28:18 graph]: Epoch 77 | train_loss: 0.0545 | lr: 0.000158
[2023-03-06 21:28:34] PRINT [03/06 21:28:34 graph]: #Test_f1: 0.7420±0.0248
[2023-03-06 21:28:34] PRINT [03/06 21:28:34 graph]: Epoch 77: get test f1 score:  0.742
[2023-03-06 21:28:34] PRINT [03/06 21:28:34 graph]: best_f1 0.758 at epoch 51
[2023-03-06 21:28:35] PRINT [03/06 21:28:35 graph]: Epoch 78 | train_loss: 0.0542 | lr: 0.000158
[2023-03-06 21:28:51] PRINT [03/06 21:28:51 graph]: #Test_f1: 0.7500±0.0228
[2023-03-06 21:28:52] PRINT [03/06 21:28:52 graph]: Epoch 78: get test f1 score:  0.750
[2023-03-06 21:28:52] PRINT [03/06 21:28:52 graph]: best_f1 0.758 at epoch 51
[2023-03-06 21:28:52] PRINT [03/06 21:28:52 graph]: Epoch 79 | train_loss: 0.0544 | lr: 0.000158
[2023-03-06 21:29:09] PRINT [03/06 21:29:09 graph]: #Test_f1: 0.7520±0.0248
[2023-03-06 21:29:09] PRINT [03/06 21:29:09 graph]: Epoch 79: get test f1 score:  0.752
[2023-03-06 21:29:09] PRINT [03/06 21:29:09 graph]: best_f1 0.758 at epoch 51
[2023-03-06 21:29:10] PRINT [03/06 21:29:10 graph]: Epoch 80 | train_loss: 0.0538 | lr: 0.000158
[2023-03-06 21:29:27] PRINT [03/06 21:29:27 graph]: #Test_f1: 0.7520±0.0189
[2023-03-06 21:29:27] PRINT [03/06 21:29:27 graph]: Epoch 80: get test f1 score:  0.752
[2023-03-06 21:29:27] PRINT [03/06 21:29:27 graph]: best_f1 0.758 at epoch 51
[2023-03-06 21:29:28] PRINT [03/06 21:29:28 graph]: Epoch 81 | train_loss: 0.0540 | lr: 0.000158
[2023-03-06 21:29:45] PRINT [03/06 21:29:45 graph]: #Test_f1: 0.7540±0.0276
[2023-03-06 21:29:45] PRINT [03/06 21:29:45 graph]: Epoch 81: get test f1 score:  0.754
[2023-03-06 21:29:45] PRINT [03/06 21:29:45 graph]: best_f1 0.758 at epoch 51
[2023-03-06 21:29:46] PRINT [03/06 21:29:46 graph]: Epoch 82 | train_loss: 0.0533 | lr: 0.000158
[2023-03-06 21:30:02] PRINT [03/06 21:30:02 graph]: #Test_f1: 0.7490±0.0262
[2023-03-06 21:30:03] PRINT [03/06 21:30:03 graph]: Epoch 82: get test f1 score:  0.749
[2023-03-06 21:30:03] PRINT [03/06 21:30:03 graph]: best_f1 0.758 at epoch 51
[2023-03-06 21:30:04] PRINT [03/06 21:30:04 graph]: Epoch 83 | train_loss: 0.0523 | lr: 0.000158
[2023-03-06 21:30:20] PRINT [03/06 21:30:20 graph]: #Test_f1: 0.7510±0.0212
[2023-03-06 21:30:20] PRINT [03/06 21:30:20 graph]: Epoch 83: get test f1 score:  0.751
[2023-03-06 21:30:20] PRINT [03/06 21:30:20 graph]: best_f1 0.758 at epoch 51
[2023-03-06 21:30:21] PRINT [03/06 21:30:21 graph]: Epoch 84 | train_loss: 0.0530 | lr: 0.000158
[2023-03-06 21:30:37] PRINT [03/06 21:30:37 graph]: #Test_f1: 0.7570±0.0269
[2023-03-06 21:30:38] PRINT [03/06 21:30:38 graph]: Epoch 84: get test f1 score:  0.757
[2023-03-06 21:30:38] PRINT [03/06 21:30:38 graph]: best_f1 0.758 at epoch 51
[2023-03-06 21:30:39] PRINT [03/06 21:30:39 graph]: Epoch 85 | train_loss: 0.0538 | lr: 0.000158
[2023-03-06 21:30:55] PRINT [03/06 21:30:55 graph]: #Test_f1: 0.7450±0.0201
[2023-03-06 21:30:55] PRINT [03/06 21:30:55 graph]: Epoch 85: get test f1 score:  0.745
[2023-03-06 21:30:55] PRINT [03/06 21:30:55 graph]: best_f1 0.758 at epoch 51
[2023-03-06 21:30:56] PRINT [03/06 21:30:56 graph]: Epoch 86 | train_loss: 0.0528 | lr: 0.000158
[2023-03-06 21:31:13] PRINT [03/06 21:31:13 graph]: #Test_f1: 0.7450±0.0220
[2023-03-06 21:31:13] PRINT [03/06 21:31:13 graph]: Epoch 86: get test f1 score:  0.745
[2023-03-06 21:31:13] PRINT [03/06 21:31:13 graph]: best_f1 0.758 at epoch 51
[2023-03-06 21:31:14] PRINT [03/06 21:31:14 graph]: Epoch 87 | train_loss: 0.0527 | lr: 0.000158
[2023-03-06 21:31:30] PRINT [03/06 21:31:30 graph]: #Test_f1: 0.7540±0.0258
[2023-03-06 21:31:30] PRINT [03/06 21:31:30 graph]: Epoch 87: get test f1 score:  0.754
[2023-03-06 21:31:30] PRINT [03/06 21:31:30 graph]: best_f1 0.758 at epoch 51
[2023-03-06 21:31:31] PRINT [03/06 21:31:31 graph]: Epoch 88 | train_loss: 0.0521 | lr: 0.000158
[2023-03-06 21:31:48] PRINT [03/06 21:31:48 graph]: #Test_f1: 0.7500±0.0249
[2023-03-06 21:31:48] PRINT [03/06 21:31:48 graph]: Epoch 88: get test f1 score:  0.750
[2023-03-06 21:31:48] PRINT [03/06 21:31:48 graph]: best_f1 0.758 at epoch 51
[2023-03-06 21:31:49] PRINT [03/06 21:31:49 graph]: Epoch 89 | train_loss: 0.0497 | lr: 0.000158
[2023-03-06 21:32:05] PRINT [03/06 21:32:05 graph]: #Test_f1: 0.7470±0.0249
[2023-03-06 21:32:06] PRINT [03/06 21:32:06 graph]: Epoch 89: get test f1 score:  0.747
[2023-03-06 21:32:06] PRINT [03/06 21:32:06 graph]: best_f1 0.758 at epoch 51
[2023-03-06 21:32:07] PRINT [03/06 21:32:07 graph]: Epoch 90 | train_loss: 0.0537 | lr: 0.000158
[2023-03-06 21:32:23] PRINT [03/06 21:32:23 graph]: #Test_f1: 0.7510±0.0305
[2023-03-06 21:32:23] PRINT [03/06 21:32:23 graph]: Epoch 90: get test f1 score:  0.751
[2023-03-06 21:32:23] PRINT [03/06 21:32:23 graph]: best_f1 0.758 at epoch 51
[2023-03-06 21:32:24] PRINT [03/06 21:32:24 graph]: Epoch 91 | train_loss: 0.0538 | lr: 0.000158
[2023-03-06 21:32:41] PRINT [03/06 21:32:41 graph]: #Test_f1: 0.7420±0.0384
[2023-03-06 21:32:41] PRINT [03/06 21:32:41 graph]: Epoch 91: get test f1 score:  0.742
[2023-03-06 21:32:41] PRINT [03/06 21:32:41 graph]: best_f1 0.758 at epoch 51
[2023-03-06 21:32:42] PRINT [03/06 21:32:42 graph]: Epoch 92 | train_loss: 0.0533 | lr: 0.000158
[2023-03-06 21:32:59] PRINT [03/06 21:32:59 graph]: #Test_f1: 0.7390±0.0266
[2023-03-06 21:32:59] PRINT [03/06 21:32:59 graph]: Epoch 92: get test f1 score:  0.739
[2023-03-06 21:32:59] PRINT [03/06 21:32:59 graph]: best_f1 0.758 at epoch 51
[2023-03-06 21:33:00] PRINT [03/06 21:33:00 graph]: Epoch 93 | train_loss: 0.0531 | lr: 0.000158
[2023-03-06 21:33:16] PRINT [03/06 21:33:16 graph]: #Test_f1: 0.7450±0.0201
[2023-03-06 21:33:17] PRINT [03/06 21:33:17 graph]: Epoch 93: get test f1 score:  0.745
[2023-03-06 21:33:17] PRINT [03/06 21:33:17 graph]: best_f1 0.758 at epoch 51
[2023-03-06 21:33:18] PRINT [03/06 21:33:18 graph]: Epoch 94 | train_loss: 0.0578 | lr: 0.000158
[2023-03-06 21:33:34] PRINT [03/06 21:33:34 graph]: #Test_f1: 0.7420±0.0309
[2023-03-06 21:33:34] PRINT [03/06 21:33:34 graph]: Epoch 94: get test f1 score:  0.742
[2023-03-06 21:33:34] PRINT [03/06 21:33:34 graph]: best_f1 0.758 at epoch 51
[2023-03-06 21:33:35] PRINT [03/06 21:33:35 graph]: Epoch 95 | train_loss: 0.0554 | lr: 0.000158
[2023-03-06 21:33:52] PRINT [03/06 21:33:52 graph]: #Test_f1: 0.7450±0.0191
[2023-03-06 21:33:52] PRINT [03/06 21:33:52 graph]: Epoch 95: get test f1 score:  0.745
[2023-03-06 21:33:52] PRINT [03/06 21:33:52 graph]: best_f1 0.758 at epoch 51
[2023-03-06 21:33:53] PRINT [03/06 21:33:53 graph]: Epoch 96 | train_loss: 0.0507 | lr: 0.000158
[2023-03-06 21:34:10] PRINT [03/06 21:34:10 graph]: #Test_f1: 0.7490±0.0351
[2023-03-06 21:34:10] PRINT [03/06 21:34:10 graph]: Epoch 96: get test f1 score:  0.749
[2023-03-06 21:34:10] PRINT [03/06 21:34:10 graph]: best_f1 0.758 at epoch 51
[2023-03-06 21:34:11] PRINT [03/06 21:34:11 graph]: Epoch 97 | train_loss: 0.0514 | lr: 0.000158
[2023-03-06 21:34:27] PRINT [03/06 21:34:27 graph]: #Test_f1: 0.7460±0.0242
[2023-03-06 21:34:27] PRINT [03/06 21:34:27 graph]: Epoch 97: get test f1 score:  0.746
[2023-03-06 21:34:27] PRINT [03/06 21:34:27 graph]: best_f1 0.758 at epoch 51
[2023-03-06 21:34:28] PRINT [03/06 21:34:28 graph]: Epoch 98 | train_loss: 0.0508 | lr: 0.000158
[2023-03-06 21:34:45] PRINT [03/06 21:34:45 graph]: #Test_f1: 0.7480±0.0289
[2023-03-06 21:34:45] PRINT [03/06 21:34:45 graph]: Epoch 98: get test f1 score:  0.748
[2023-03-06 21:34:45] PRINT [03/06 21:34:45 graph]: best_f1 0.758 at epoch 51
[2023-03-06 21:34:46] PRINT [03/06 21:34:46 graph]: Epoch 99 | train_loss: 0.0499 | lr: 0.000158
[2023-03-06 21:35:03] PRINT [03/06 21:35:03 graph]: #Test_f1: 0.7490±0.0247
[2023-03-06 21:35:03] PRINT [03/06 21:35:03 graph]: Epoch 99: get test f1 score:  0.749
[2023-03-06 21:35:03] PRINT [03/06 21:35:03 graph]: best_f1 0.758 at epoch 51
[2023-03-06 21:35:03] PRINT [03/06 21:35:03 graph]: # final_acc: 0.7580±0.0000
