[2023-03-22 11:47:10] PRINT ---new cfg------
[2023-03-22 11:47:10] PRINT {'DATA': {'data_name': 'comp'}, 'DATALOADER': {'NUM_WORKERS': 0}, 'MODEL': {'num_hidden': 512, 'num_layers': 2, 'nhead': 4, 'activation': 'prelu', 'attn_drop': 0.2, 'feat_drop': 0.4, 'norm': 'batchnorm', 'pooler': 'mean', 'beta_schedule': 'quad', 'beta_1': 0.0006638180743262044, 'beta_T': 0.018076687521989276, 'T': 391}, 'SOLVER': {'optim_type': 'adam', 'optim_type_f': 'adamw', 'alpha': 1, 'decay': 20, 'LR': 0.0002060743607846083, 'LR_f': 0.03711684632239509, 'weight_decay': 0, 'weight_decay_f': 0.00024694483078860856, 'MAX_EPOCH': 100, 'max_epoch_f': 500}, 'DEVICE': 'cuda', 'seeds': [0], 'eval_T': [50, 100, 200], 'output_dir': '/ddm-nni/AmazonCoBuyComputerDataset¶/log', 'checkpoint_dir': '/ddm-nni/AmazonCoBuyComputerDataset¶/log/checkpoint'}
[2023-03-22 11:47:10] PRINT [03/22 11:47:10 graph]: Rank of current process: 0. World size: 1
[2023-03-22 11:47:14] PRINT [03/22 11:47:14 graph]: Environment info:
[2023-03-22 11:47:14] PRINT PyTorch version: 1.10.0+cu113
[2023-03-22 11:47:14] PRINT Is debug build: False
[2023-03-22 11:47:14] PRINT CUDA used to build PyTorch: 11.3
[2023-03-22 11:47:14] PRINT ROCM used to build PyTorch: N/A
[2023-03-22 11:47:14] PRINT 
[2023-03-22 11:47:14] PRINT OS: Ubuntu 20.04.3 LTS (x86_64)
[2023-03-22 11:47:14] PRINT GCC version: (Ubuntu 9.3.0-17ubuntu1~20.04) 9.3.0
[2023-03-22 11:47:14] PRINT Clang version: Could not collect
[2023-03-22 11:47:14] PRINT CMake version: version 3.16.3
[2023-03-22 11:47:14] PRINT Libc version: glibc-2.31
[2023-03-22 11:47:14] PRINT 
[2023-03-22 11:47:14] PRINT Python version: 3.8.10 (default, Jun  4 2021, 15:09:15)  [GCC 7.5.0] (64-bit runtime)
[2023-03-22 11:47:14] PRINT Python platform: Linux-5.4.0-90-generic-x86_64-with-glibc2.17
[2023-03-22 11:47:14] PRINT Is CUDA available: True
[2023-03-22 11:47:14] PRINT CUDA runtime version: 11.3.109
[2023-03-22 11:47:14] PRINT GPU models and configuration: GPU 0: NVIDIA GeForce RTX 3090
[2023-03-22 11:47:14] PRINT Nvidia driver version: 495.44
[2023-03-22 11:47:14] PRINT cuDNN version: Probably one of the following:
[2023-03-22 11:47:14] PRINT /usr/lib/x86_64-linux-gnu/libcudnn.so.8.2.0
[2023-03-22 11:47:14] PRINT /usr/lib/x86_64-linux-gnu/libcudnn_adv_infer.so.8.2.0
[2023-03-22 11:47:14] PRINT /usr/lib/x86_64-linux-gnu/libcudnn_adv_train.so.8.2.0
[2023-03-22 11:47:14] PRINT /usr/lib/x86_64-linux-gnu/libcudnn_cnn_infer.so.8.2.0
[2023-03-22 11:47:14] PRINT /usr/lib/x86_64-linux-gnu/libcudnn_cnn_train.so.8.2.0
[2023-03-22 11:47:14] PRINT /usr/lib/x86_64-linux-gnu/libcudnn_ops_infer.so.8.2.0
[2023-03-22 11:47:14] PRINT /usr/lib/x86_64-linux-gnu/libcudnn_ops_train.so.8.2.0
[2023-03-22 11:47:14] PRINT HIP runtime version: N/A
[2023-03-22 11:47:14] PRINT MIOpen runtime version: N/A
[2023-03-22 11:47:14] PRINT 
[2023-03-22 11:47:14] PRINT Versions of relevant libraries:
[2023-03-22 11:47:14] PRINT [pip3] numpy==1.23.5
[2023-03-22 11:47:14] PRINT [pip3] torch==1.10.0+cu113
[2023-03-22 11:47:14] PRINT [pip3] torchvision==0.11.1+cu113
[2023-03-22 11:47:14] PRINT [conda] blas                      1.0                         mkl    https://mirrors.ustc.edu.cn/anaconda/pkgs/main
[2023-03-22 11:47:14] PRINT [conda] mkl                       2021.4.0           h06a4308_640    https://mirrors.ustc.edu.cn/anaconda/pkgs/main
[2023-03-22 11:47:14] PRINT [conda] mkl-service               2.4.0            py38h7f8727e_0    https://mirrors.ustc.edu.cn/anaconda/pkgs/main
[2023-03-22 11:47:14] PRINT [conda] mkl_fft                   1.3.1            py38hd3c417c_0    https://mirrors.ustc.edu.cn/anaconda/pkgs/main
[2023-03-22 11:47:14] PRINT [conda] mkl_random                1.2.2            py38h51133e4_0    https://mirrors.ustc.edu.cn/anaconda/pkgs/main
[2023-03-22 11:47:14] PRINT [conda] numpy                     1.21.4                   pypi_0    pypi
[2023-03-22 11:47:14] PRINT [conda] numpy-base                1.23.5           py38h31eccc5_0    https://mirrors.ustc.edu.cn/anaconda/pkgs/main
[2023-03-22 11:47:14] PRINT [conda] torch                     1.10.0+cu113             pypi_0    pypi
[2023-03-22 11:47:14] PRINT [conda] torchvision               0.11.1+cu113             pypi_0    pypi
[2023-03-22 11:47:14] PRINT         Pillow (8.4.0)
[2023-03-22 11:47:14] PRINT [03/22 11:47:14 graph]: Command line arguments: Namespace(local_rank=0, resume=False, seed=1234, start_epoch=0)
[2023-03-22 11:47:14] PRINT [03/22 11:47:14 graph]: Run 0th for seed 0
[2023-03-22 11:47:14] PRINT [03/22 11:47:14 graph]: Total trainable params num : 7881219
[2023-03-22 11:47:19] PRINT [03/22 11:47:19 graph]: ----------Start Training----------
[2023-03-22 11:47:19] PRINT [03/22 11:47:19 graph]: start epoch 0.
[2023-03-22 11:47:20] PRINT [03/22 11:47:20 graph]: # Epoch 0: train_loss: 1.0215 | lr: 0.000206
[2023-03-22 11:47:20] PRINT [03/22 11:47:20 graph]: start epoch 1.
[2023-03-22 11:47:20] PRINT [03/22 11:47:20 graph]: # Epoch 1: train_loss: 0.8371 | lr: 0.000206
[2023-03-22 11:47:20] PRINT [03/22 11:47:20 graph]: start epoch 2.
[2023-03-22 11:47:20] PRINT [03/22 11:47:20 graph]: # Epoch 2: train_loss: 0.7489 | lr: 0.000206
[2023-03-22 11:47:20] PRINT [03/22 11:47:20 graph]: start epoch 3.
[2023-03-22 11:47:20] PRINT [03/22 11:47:20 graph]: # Epoch 3: train_loss: 0.6914 | lr: 0.000206
[2023-03-22 11:47:20] PRINT [03/22 11:47:20 graph]: start epoch 4.
[2023-03-22 11:47:20] PRINT [03/22 11:47:20 graph]: # Epoch 4: train_loss: 0.6515 | lr: 0.000206
[2023-03-22 11:47:20] PRINT [03/22 11:47:20 graph]: start epoch 5.
[2023-03-22 11:47:20] PRINT [03/22 11:47:20 graph]: # Epoch 5: train_loss: 0.6240 | lr: 0.000206
[2023-03-22 11:47:20] PRINT [03/22 11:47:20 graph]: start epoch 6.
[2023-03-22 11:47:20] PRINT [03/22 11:47:20 graph]: # Epoch 6: train_loss: 0.6047 | lr: 0.000206
[2023-03-22 11:47:20] PRINT [03/22 11:47:20 graph]: start epoch 7.
[2023-03-22 11:47:20] PRINT [03/22 11:47:20 graph]: # Epoch 7: train_loss: 0.5900 | lr: 0.000206
[2023-03-22 11:47:20] PRINT [03/22 11:47:20 graph]: start epoch 8.
[2023-03-22 11:47:20] PRINT [03/22 11:47:20 graph]: # Epoch 8: train_loss: 0.5781 | lr: 0.000206
[2023-03-22 11:47:20] PRINT [03/22 11:47:20 graph]: start epoch 9.
[2023-03-22 11:47:20] PRINT [03/22 11:47:20 graph]: # Epoch 9: train_loss: 0.5672 | lr: 0.000206
[2023-03-22 11:47:20] PRINT [03/22 11:47:20 graph]: start epoch 10.
[2023-03-22 11:47:20] PRINT [03/22 11:47:20 graph]: # Epoch 10: train_loss: 0.5573 | lr: 0.000206
[2023-03-22 11:47:20] PRINT [03/22 11:47:20 graph]: start epoch 11.
[2023-03-22 11:47:20] PRINT [03/22 11:47:20 graph]: # Epoch 11: train_loss: 0.5482 | lr: 0.000206
[2023-03-22 11:47:20] PRINT [03/22 11:47:20 graph]: start epoch 12.
[2023-03-22 11:47:21] PRINT [03/22 11:47:21 graph]: # Epoch 12: train_loss: 0.5409 | lr: 0.000206
[2023-03-22 11:47:21] PRINT [03/22 11:47:21 graph]: start epoch 13.
[2023-03-22 11:47:21] PRINT [03/22 11:47:21 graph]: # Epoch 13: train_loss: 0.5342 | lr: 0.000206
[2023-03-22 11:47:21] PRINT [03/22 11:47:21 graph]: start epoch 14.
[2023-03-22 11:47:21] PRINT [03/22 11:47:21 graph]: # Epoch 14: train_loss: 0.5278 | lr: 0.000206
[2023-03-22 11:47:21] PRINT [03/22 11:47:21 graph]: start epoch 15.
[2023-03-22 11:47:21] PRINT [03/22 11:47:21 graph]: # Epoch 15: train_loss: 0.5221 | lr: 0.000206
[2023-03-22 11:47:21] PRINT [03/22 11:47:21 graph]: start epoch 16.
[2023-03-22 11:47:21] PRINT [03/22 11:47:21 graph]: # Epoch 16: train_loss: 0.5168 | lr: 0.000206
[2023-03-22 11:47:21] PRINT [03/22 11:47:21 graph]: start epoch 17.
[2023-03-22 11:47:21] PRINT [03/22 11:47:21 graph]: # Epoch 17: train_loss: 0.5119 | lr: 0.000206
[2023-03-22 11:47:21] PRINT [03/22 11:47:21 graph]: start epoch 18.
[2023-03-22 11:47:21] PRINT [03/22 11:47:21 graph]: # Epoch 18: train_loss: 0.5071 | lr: 0.000206
[2023-03-22 11:47:21] PRINT [03/22 11:47:21 graph]: start epoch 19.
[2023-03-22 11:47:21] PRINT [03/22 11:47:21 graph]: # Epoch 19: train_loss: 0.5030 | lr: 0.000206
[2023-03-22 11:47:21] PRINT [03/22 11:47:21 graph]: start epoch 20.
[2023-03-22 11:47:21] PRINT [03/22 11:47:21 graph]: # Epoch 20: train_loss: 0.4990 | lr: 0.000206
[2023-03-22 11:47:21] PRINT [03/22 11:47:21 graph]: start epoch 21.
[2023-03-22 11:47:21] PRINT [03/22 11:47:21 graph]: # Epoch 21: train_loss: 0.4956 | lr: 0.000206
[2023-03-22 11:47:21] PRINT [03/22 11:47:21 graph]: start epoch 22.
[2023-03-22 11:47:21] PRINT [03/22 11:47:21 graph]: # Epoch 22: train_loss: 0.4923 | lr: 0.000206
[2023-03-22 11:47:21] PRINT [03/22 11:47:21 graph]: start epoch 23.
[2023-03-22 11:47:21] PRINT [03/22 11:47:21 graph]: # Epoch 23: train_loss: 0.4891 | lr: 0.000206
[2023-03-22 11:47:21] PRINT [03/22 11:47:21 graph]: start epoch 24.
[2023-03-22 11:47:21] PRINT [03/22 11:47:21 graph]: # Epoch 24: train_loss: 0.4861 | lr: 0.000206
[2023-03-22 11:47:21] PRINT [03/22 11:47:21 graph]: start epoch 25.
[2023-03-22 11:47:22] PRINT [03/22 11:47:22 graph]: # Epoch 25: train_loss: 0.4834 | lr: 0.000206
[2023-03-22 11:47:22] PRINT [03/22 11:47:22 graph]: start epoch 26.
[2023-03-22 11:47:22] PRINT [03/22 11:47:22 graph]: # Epoch 26: train_loss: 0.4806 | lr: 0.000206
[2023-03-22 11:47:22] PRINT [03/22 11:47:22 graph]: start epoch 27.
[2023-03-22 11:47:22] PRINT [03/22 11:47:22 graph]: # Epoch 27: train_loss: 0.4782 | lr: 0.000206
[2023-03-22 11:47:22] PRINT [03/22 11:47:22 graph]: start epoch 28.
[2023-03-22 11:47:22] PRINT [03/22 11:47:22 graph]: # Epoch 28: train_loss: 0.4758 | lr: 0.000206
[2023-03-22 11:47:22] PRINT [03/22 11:47:22 graph]: start epoch 29.
[2023-03-22 11:47:22] PRINT [03/22 11:47:22 graph]: # Epoch 29: train_loss: 0.4737 | lr: 0.000206
[2023-03-22 11:47:22] PRINT [03/22 11:47:22 graph]: start epoch 30.
[2023-03-22 11:47:22] PRINT [03/22 11:47:22 graph]: # Epoch 30: train_loss: 0.4714 | lr: 0.000206
[2023-03-22 11:47:22] PRINT [03/22 11:47:22 graph]: start epoch 31.
[2023-03-22 11:47:22] PRINT [03/22 11:47:22 graph]: # Epoch 31: train_loss: 0.4693 | lr: 0.000206
[2023-03-22 11:47:22] PRINT [03/22 11:47:22 graph]: start epoch 32.
[2023-03-22 11:47:22] PRINT [03/22 11:47:22 graph]: # Epoch 32: train_loss: 0.4676 | lr: 0.000206
[2023-03-22 11:47:22] PRINT [03/22 11:47:22 graph]: start epoch 33.
[2023-03-22 11:47:22] PRINT [03/22 11:47:22 graph]: # Epoch 33: train_loss: 0.4657 | lr: 0.000206
[2023-03-22 11:47:22] PRINT [03/22 11:47:22 graph]: start epoch 34.
[2023-03-22 11:47:22] PRINT [03/22 11:47:22 graph]: # Epoch 34: train_loss: 0.4632 | lr: 0.000206
[2023-03-22 11:47:22] PRINT [03/22 11:47:22 graph]: start epoch 35.
[2023-03-22 11:47:22] PRINT [03/22 11:47:22 graph]: # Epoch 35: train_loss: 0.4621 | lr: 0.000206
[2023-03-22 11:47:22] PRINT [03/22 11:47:22 graph]: start epoch 36.
[2023-03-22 11:47:22] PRINT [03/22 11:47:22 graph]: # Epoch 36: train_loss: 0.4605 | lr: 0.000206
[2023-03-22 11:47:22] PRINT [03/22 11:47:22 graph]: start epoch 37.
[2023-03-22 11:47:22] PRINT [03/22 11:47:22 graph]: # Epoch 37: train_loss: 0.4584 | lr: 0.000206
[2023-03-22 11:47:22] PRINT [03/22 11:47:22 graph]: start epoch 38.
[2023-03-22 11:47:22] PRINT [03/22 11:47:22 graph]: # Epoch 38: train_loss: 0.4563 | lr: 0.000206
[2023-03-22 11:47:22] PRINT [03/22 11:47:22 graph]: start epoch 39.
[2023-03-22 11:47:23] PRINT [03/22 11:47:23 graph]: # Epoch 39: train_loss: 0.4549 | lr: 0.000206
[2023-03-22 11:47:23] PRINT [03/22 11:47:23 graph]: start epoch 40.
[2023-03-22 11:47:23] PRINT [03/22 11:47:23 graph]: # Epoch 40: train_loss: 0.4537 | lr: 0.000206
[2023-03-22 11:47:23] PRINT [03/22 11:47:23 graph]: start epoch 41.
[2023-03-22 11:47:23] PRINT [03/22 11:47:23 graph]: # Epoch 41: train_loss: 0.4524 | lr: 0.000206
[2023-03-22 11:47:23] PRINT [03/22 11:47:23 graph]: start epoch 42.
[2023-03-22 11:47:23] PRINT [03/22 11:47:23 graph]: # Epoch 42: train_loss: 0.4510 | lr: 0.000206
[2023-03-22 11:47:23] PRINT [03/22 11:47:23 graph]: start epoch 43.
[2023-03-22 11:47:23] PRINT [03/22 11:47:23 graph]: # Epoch 43: train_loss: 0.4505 | lr: 0.000206
[2023-03-22 11:47:23] PRINT [03/22 11:47:23 graph]: start epoch 44.
[2023-03-22 11:47:23] PRINT [03/22 11:47:23 graph]: # Epoch 44: train_loss: 0.4497 | lr: 0.000206
[2023-03-22 11:47:23] PRINT [03/22 11:47:23 graph]: start epoch 45.
[2023-03-22 11:47:23] PRINT [03/22 11:47:23 graph]: # Epoch 45: train_loss: 0.4481 | lr: 0.000206
[2023-03-22 11:47:23] PRINT [03/22 11:47:23 graph]: start epoch 46.
[2023-03-22 11:47:23] PRINT [03/22 11:47:23 graph]: # Epoch 46: train_loss: 0.4465 | lr: 0.000206
[2023-03-22 11:47:23] PRINT [03/22 11:47:23 graph]: start epoch 47.
[2023-03-22 11:47:23] PRINT [03/22 11:47:23 graph]: # Epoch 47: train_loss: 0.4455 | lr: 0.000206
[2023-03-22 11:47:23] PRINT [03/22 11:47:23 graph]: start epoch 48.
[2023-03-22 11:47:23] PRINT [03/22 11:47:23 graph]: # Epoch 48: train_loss: 0.4470 | lr: 0.000206
[2023-03-22 11:47:23] PRINT [03/22 11:47:23 graph]: start epoch 49.
[2023-03-22 11:47:23] PRINT [03/22 11:47:23 graph]: # Epoch 49: train_loss: 0.4427 | lr: 0.000206
[2023-03-22 11:47:23] PRINT [03/22 11:47:23 graph]: start epoch 50.
[2023-03-22 11:47:23] PRINT [03/22 11:47:23 graph]: # Epoch 50: train_loss: 0.4453 | lr: 0.000206
[2023-03-22 11:47:23] PRINT [03/22 11:47:23 graph]: start epoch 51.
[2023-03-22 11:47:23] PRINT [03/22 11:47:23 graph]: # Epoch 51: train_loss: 0.4453 | lr: 0.000206
[2023-03-22 11:47:31] PRINT [03/22 11:47:31 graph]: --- Testf1: 0.88984, Best Valacc: 0.90545 in epoch 475 --- 
[2023-03-22 11:47:31] PRINT [03/22 11:47:31 graph]: Epoch 51: get test acc score:  0.88984
[2023-03-22 11:47:31] PRINT [03/22 11:47:31 graph]: best_f1 0.88984 at epoch 51
[2023-03-22 11:47:31] PRINT [03/22 11:47:31 graph]: start epoch 52.
[2023-03-22 11:47:31] PRINT [03/22 11:47:31 graph]: # Epoch 52: train_loss: 0.4440 | lr: 0.000206
[2023-03-22 11:47:38] PRINT [03/22 11:47:38 graph]: --- Testf1: 0.89138, Best Valacc: 0.90764 in epoch 362 --- 
[2023-03-22 11:47:39] PRINT [03/22 11:47:39 graph]: Epoch 52: get test acc score:  0.89138
[2023-03-22 11:47:39] PRINT [03/22 11:47:39 graph]: best_f1 0.89138 at epoch 52
[2023-03-22 11:47:39] PRINT [03/22 11:47:39 graph]: start epoch 53.
[2023-03-22 11:47:39] PRINT [03/22 11:47:39 graph]: # Epoch 53: train_loss: 0.4397 | lr: 0.000206
[2023-03-22 11:47:46] PRINT [03/22 11:47:46 graph]: --- Testf1: 0.88966, Best Valacc: 0.90473 in epoch 495 --- 
[2023-03-22 11:47:46] PRINT [03/22 11:47:46 graph]: Epoch 53: get test acc score:  0.88966
[2023-03-22 11:47:46] PRINT [03/22 11:47:46 graph]: best_f1 0.89138 at epoch 52
[2023-03-22 11:47:46] PRINT [03/22 11:47:46 graph]: start epoch 54.
[2023-03-22 11:47:46] PRINT [03/22 11:47:46 graph]: # Epoch 54: train_loss: 0.4437 | lr: 0.000206
[2023-03-22 11:47:54] PRINT [03/22 11:47:54 graph]: --- Testf1: 0.89211, Best Valacc: 0.90909 in epoch 231 --- 
[2023-03-22 11:47:54] PRINT [03/22 11:47:54 graph]: Epoch 54: get test acc score:  0.89211
[2023-03-22 11:47:54] PRINT [03/22 11:47:54 graph]: best_f1 0.89211 at epoch 54
[2023-03-22 11:47:54] PRINT [03/22 11:47:54 graph]: start epoch 55.
[2023-03-22 11:47:54] PRINT [03/22 11:47:54 graph]: # Epoch 55: train_loss: 0.4389 | lr: 0.000206
[2023-03-22 11:48:01] PRINT [03/22 11:48:01 graph]: --- Testf1: 0.89166, Best Valacc: 0.90909 in epoch 395 --- 
[2023-03-22 11:48:02] PRINT [03/22 11:48:02 graph]: Epoch 55: get test acc score:  0.89166
[2023-03-22 11:48:02] PRINT [03/22 11:48:02 graph]: best_f1 0.89211 at epoch 54
[2023-03-22 11:48:02] PRINT [03/22 11:48:02 graph]: start epoch 56.
[2023-03-22 11:48:02] PRINT [03/22 11:48:02 graph]: # Epoch 56: train_loss: 0.4423 | lr: 0.000206
[2023-03-22 11:48:09] PRINT [03/22 11:48:09 graph]: --- Testf1: 0.88857, Best Valacc: 0.90909 in epoch 497 --- 
[2023-03-22 11:48:09] PRINT [03/22 11:48:09 graph]: Epoch 56: get test acc score:  0.88857
[2023-03-22 11:48:09] PRINT [03/22 11:48:09 graph]: best_f1 0.89211 at epoch 54
[2023-03-22 11:48:09] PRINT [03/22 11:48:09 graph]: start epoch 57.
[2023-03-22 11:48:10] PRINT [03/22 11:48:10 graph]: # Epoch 57: train_loss: 0.4384 | lr: 0.000206
[2023-03-22 11:48:17] PRINT [03/22 11:48:17 graph]: --- Testf1: 0.89075, Best Valacc: 0.90691 in epoch 440 --- 
[2023-03-22 11:48:17] PRINT [03/22 11:48:17 graph]: Epoch 57: get test acc score:  0.89075
[2023-03-22 11:48:17] PRINT [03/22 11:48:17 graph]: best_f1 0.89211 at epoch 54
[2023-03-22 11:48:17] PRINT [03/22 11:48:17 graph]: start epoch 58.
[2023-03-22 11:48:17] PRINT [03/22 11:48:17 graph]: # Epoch 58: train_loss: 0.4362 | lr: 0.000206
[2023-03-22 11:48:24] PRINT [03/22 11:48:24 graph]: --- Testf1: 0.89229, Best Valacc: 0.90764 in epoch 239 --- 
[2023-03-22 11:48:25] PRINT [03/22 11:48:25 graph]: Epoch 58: get test acc score:  0.89229
[2023-03-22 11:48:25] PRINT [03/22 11:48:25 graph]: best_f1 0.89229 at epoch 58
[2023-03-22 11:48:25] PRINT [03/22 11:48:25 graph]: start epoch 59.
[2023-03-22 11:48:25] PRINT [03/22 11:48:25 graph]: # Epoch 59: train_loss: 0.4386 | lr: 0.000206
[2023-03-22 11:48:32] PRINT [03/22 11:48:32 graph]: --- Testf1: 0.89075, Best Valacc: 0.90473 in epoch 485 --- 
[2023-03-22 11:48:32] PRINT [03/22 11:48:32 graph]: Epoch 59: get test acc score:  0.89075
[2023-03-22 11:48:32] PRINT [03/22 11:48:32 graph]: best_f1 0.89229 at epoch 58
[2023-03-22 11:48:32] PRINT [03/22 11:48:32 graph]: start epoch 60.
[2023-03-22 11:48:32] PRINT [03/22 11:48:32 graph]: # Epoch 60: train_loss: 0.4340 | lr: 0.000206
[2023-03-22 11:48:39] PRINT [03/22 11:48:39 graph]: --- Testf1: 0.89075, Best Valacc: 0.90909 in epoch 372 --- 
[2023-03-22 11:48:39] PRINT [03/22 11:48:39 graph]: Epoch 60: get test acc score:  0.89075
[2023-03-22 11:48:39] PRINT [03/22 11:48:39 graph]: best_f1 0.89229 at epoch 58
[2023-03-22 11:48:39] PRINT [03/22 11:48:39 graph]: start epoch 61.
[2023-03-22 11:48:40] PRINT [03/22 11:48:40 graph]: # Epoch 61: train_loss: 0.4357 | lr: 0.000206
[2023-03-22 11:48:47] PRINT [03/22 11:48:47 graph]: --- Testf1: 0.89402, Best Valacc: 0.90909 in epoch 234 --- 
[2023-03-22 11:48:47] PRINT [03/22 11:48:47 graph]: Epoch 61: get test acc score:  0.89402
[2023-03-22 11:48:47] PRINT [03/22 11:48:47 graph]: best_f1 0.89402 at epoch 61
[2023-03-22 11:48:47] PRINT [03/22 11:48:47 graph]: start epoch 62.
[2023-03-22 11:48:47] PRINT [03/22 11:48:47 graph]: # Epoch 62: train_loss: 0.4348 | lr: 0.000206
[2023-03-22 11:48:54] PRINT [03/22 11:48:54 graph]: --- Testf1: 0.89247, Best Valacc: 0.90764 in epoch 407 --- 
[2023-03-22 11:48:55] PRINT [03/22 11:48:55 graph]: Epoch 62: get test acc score:  0.89247
[2023-03-22 11:48:55] PRINT [03/22 11:48:55 graph]: best_f1 0.89402 at epoch 61
[2023-03-22 11:48:55] PRINT [03/22 11:48:55 graph]: start epoch 63.
[2023-03-22 11:48:55] PRINT [03/22 11:48:55 graph]: # Epoch 63: train_loss: 0.4323 | lr: 0.000206
[2023-03-22 11:49:02] PRINT [03/22 11:49:02 graph]: --- Testf1: 0.89084, Best Valacc: 0.90909 in epoch 228 --- 
[2023-03-22 11:49:02] PRINT [03/22 11:49:02 graph]: Epoch 63: get test acc score:  0.89084
[2023-03-22 11:49:02] PRINT [03/22 11:49:02 graph]: best_f1 0.89402 at epoch 61
[2023-03-22 11:49:02] PRINT [03/22 11:49:02 graph]: start epoch 64.
[2023-03-22 11:49:02] PRINT [03/22 11:49:02 graph]: # Epoch 64: train_loss: 0.4329 | lr: 0.000206
[2023-03-22 11:49:09] PRINT [03/22 11:49:09 graph]: --- Testf1: 0.89166, Best Valacc: 0.91055 in epoch 281 --- 
[2023-03-22 11:49:09] PRINT [03/22 11:49:09 graph]: Epoch 64: get test acc score:  0.89166
[2023-03-22 11:49:09] PRINT [03/22 11:49:09 graph]: best_f1 0.89402 at epoch 61
[2023-03-22 11:49:09] PRINT [03/22 11:49:09 graph]: start epoch 65.
[2023-03-22 11:49:10] PRINT [03/22 11:49:10 graph]: # Epoch 65: train_loss: 0.4312 | lr: 0.000206
[2023-03-22 11:49:17] PRINT [03/22 11:49:17 graph]: --- Testf1: 0.89256, Best Valacc: 0.90764 in epoch 498 --- 
[2023-03-22 11:49:17] PRINT [03/22 11:49:17 graph]: Epoch 65: get test acc score:  0.89256
[2023-03-22 11:49:17] PRINT [03/22 11:49:17 graph]: best_f1 0.89402 at epoch 61
[2023-03-22 11:49:17] PRINT [03/22 11:49:17 graph]: start epoch 66.
[2023-03-22 11:49:17] PRINT [03/22 11:49:17 graph]: # Epoch 66: train_loss: 0.4299 | lr: 0.000206
[2023-03-22 11:49:24] PRINT [03/22 11:49:24 graph]: --- Testf1: 0.89366, Best Valacc: 0.91564 in epoch 382 --- 
[2023-03-22 11:49:24] PRINT [03/22 11:49:24 graph]: Epoch 66: get test acc score:  0.89366
[2023-03-22 11:49:24] PRINT [03/22 11:49:24 graph]: best_f1 0.89402 at epoch 61
[2023-03-22 11:49:24] PRINT [03/22 11:49:24 graph]: start epoch 67.
[2023-03-22 11:49:24] PRINT [03/22 11:49:24 graph]: # Epoch 67: train_loss: 0.4300 | lr: 0.000206
[2023-03-22 11:49:32] PRINT [03/22 11:49:32 graph]: --- Testf1: 0.89293, Best Valacc: 0.91127 in epoch 208 --- 
[2023-03-22 11:49:32] PRINT [03/22 11:49:32 graph]: Epoch 67: get test acc score:  0.89293
[2023-03-22 11:49:32] PRINT [03/22 11:49:32 graph]: best_f1 0.89402 at epoch 61
[2023-03-22 11:49:32] PRINT [03/22 11:49:32 graph]: start epoch 68.
[2023-03-22 11:49:32] PRINT [03/22 11:49:32 graph]: # Epoch 68: train_loss: 0.4292 | lr: 0.000206
[2023-03-22 11:49:39] PRINT [03/22 11:49:39 graph]: --- Testf1: 0.89093, Best Valacc: 0.90764 in epoch 476 --- 
[2023-03-22 11:49:39] PRINT [03/22 11:49:39 graph]: Epoch 68: get test acc score:  0.89093
[2023-03-22 11:49:39] PRINT [03/22 11:49:39 graph]: best_f1 0.89402 at epoch 61
[2023-03-22 11:49:39] PRINT [03/22 11:49:39 graph]: start epoch 69.
[2023-03-22 11:49:39] PRINT [03/22 11:49:39 graph]: # Epoch 69: train_loss: 0.4280 | lr: 0.000206
[2023-03-22 11:49:46] PRINT [03/22 11:49:46 graph]: --- Testf1: 0.89484, Best Valacc: 0.90836 in epoch 237 --- 
[2023-03-22 11:49:47] PRINT [03/22 11:49:47 graph]: Epoch 69: get test acc score:  0.89484
[2023-03-22 11:49:47] PRINT [03/22 11:49:47 graph]: best_f1 0.89484 at epoch 69
[2023-03-22 11:49:47] PRINT [03/22 11:49:47 graph]: start epoch 70.
[2023-03-22 11:49:47] PRINT [03/22 11:49:47 graph]: # Epoch 70: train_loss: 0.4284 | lr: 0.000206
[2023-03-22 11:49:54] PRINT [03/22 11:49:54 graph]: --- Testf1: 0.89129, Best Valacc: 0.90836 in epoch 439 --- 
[2023-03-22 11:49:54] PRINT [03/22 11:49:54 graph]: Epoch 70: get test acc score:  0.89129
[2023-03-22 11:49:54] PRINT [03/22 11:49:54 graph]: best_f1 0.89484 at epoch 69
[2023-03-22 11:49:54] PRINT [03/22 11:49:54 graph]: start epoch 71.
[2023-03-22 11:49:54] PRINT [03/22 11:49:54 graph]: # Epoch 71: train_loss: 0.4270 | lr: 0.000206
[2023-03-22 11:50:01] PRINT [03/22 11:50:01 graph]: --- Testf1: 0.89084, Best Valacc: 0.90836 in epoch 481 --- 
[2023-03-22 11:50:01] PRINT [03/22 11:50:01 graph]: Epoch 71: get test acc score:  0.89084
[2023-03-22 11:50:01] PRINT [03/22 11:50:01 graph]: best_f1 0.89484 at epoch 69
[2023-03-22 11:50:01] PRINT [03/22 11:50:01 graph]: start epoch 72.
[2023-03-22 11:50:02] PRINT [03/22 11:50:02 graph]: # Epoch 72: train_loss: 0.4264 | lr: 0.000206
[2023-03-22 11:50:09] PRINT [03/22 11:50:09 graph]: --- Testf1: 0.89175, Best Valacc: 0.90618 in epoch 294 --- 
[2023-03-22 11:50:09] PRINT [03/22 11:50:09 graph]: Epoch 72: get test acc score:  0.89175
[2023-03-22 11:50:09] PRINT [03/22 11:50:09 graph]: best_f1 0.89484 at epoch 69
[2023-03-22 11:50:09] PRINT [03/22 11:50:09 graph]: start epoch 73.
[2023-03-22 11:50:09] PRINT [03/22 11:50:09 graph]: # Epoch 73: train_loss: 0.4264 | lr: 0.000206
[2023-03-22 11:50:16] PRINT [03/22 11:50:16 graph]: --- Testf1: 0.89220, Best Valacc: 0.91127 in epoch 354 --- 
[2023-03-22 11:50:16] PRINT [03/22 11:50:16 graph]: Epoch 73: get test acc score:  0.89220
[2023-03-22 11:50:16] PRINT [03/22 11:50:16 graph]: best_f1 0.89484 at epoch 69
[2023-03-22 11:50:16] PRINT [03/22 11:50:16 graph]: start epoch 74.
[2023-03-22 11:50:17] PRINT [03/22 11:50:17 graph]: # Epoch 74: train_loss: 0.4254 | lr: 0.000206
[2023-03-22 11:50:23] PRINT [03/22 11:50:23 graph]: --- Testf1: 0.89238, Best Valacc: 0.90836 in epoch 491 --- 
[2023-03-22 11:50:24] PRINT [03/22 11:50:24 graph]: Epoch 74: get test acc score:  0.89238
[2023-03-22 11:50:24] PRINT [03/22 11:50:24 graph]: best_f1 0.89484 at epoch 69
[2023-03-22 11:50:24] PRINT [03/22 11:50:24 graph]: start epoch 75.
[2023-03-22 11:50:24] PRINT [03/22 11:50:24 graph]: # Epoch 75: train_loss: 0.4244 | lr: 0.000206
[2023-03-22 11:50:31] PRINT [03/22 11:50:31 graph]: --- Testf1: 0.89320, Best Valacc: 0.90982 in epoch 399 --- 
[2023-03-22 11:50:31] PRINT [03/22 11:50:31 graph]: Epoch 75: get test acc score:  0.89320
[2023-03-22 11:50:31] PRINT [03/22 11:50:31 graph]: best_f1 0.89484 at epoch 69
[2023-03-22 11:50:31] PRINT [03/22 11:50:31 graph]: start epoch 76.
[2023-03-22 11:50:31] PRINT [03/22 11:50:31 graph]: # Epoch 76: train_loss: 0.4250 | lr: 0.000206
[2023-03-22 11:50:38] PRINT [03/22 11:50:38 graph]: --- Testf1: 0.89375, Best Valacc: 0.90764 in epoch 245 --- 
[2023-03-22 11:50:39] PRINT [03/22 11:50:39 graph]: Epoch 76: get test acc score:  0.89375
[2023-03-22 11:50:39] PRINT [03/22 11:50:39 graph]: best_f1 0.89484 at epoch 69
[2023-03-22 11:50:39] PRINT [03/22 11:50:39 graph]: start epoch 77.
[2023-03-22 11:50:39] PRINT [03/22 11:50:39 graph]: # Epoch 77: train_loss: 0.4231 | lr: 0.000206
[2023-03-22 11:50:46] PRINT [03/22 11:50:46 graph]: --- Testf1: 0.88966, Best Valacc: 0.90982 in epoch 349 --- 
[2023-03-22 11:50:46] PRINT [03/22 11:50:46 graph]: Epoch 77: get test acc score:  0.88966
[2023-03-22 11:50:46] PRINT [03/22 11:50:46 graph]: best_f1 0.89484 at epoch 69
[2023-03-22 11:50:46] PRINT [03/22 11:50:46 graph]: start epoch 78.
[2023-03-22 11:50:46] PRINT [03/22 11:50:46 graph]: # Epoch 78: train_loss: 0.4230 | lr: 0.000206
[2023-03-22 11:50:53] PRINT [03/22 11:50:53 graph]: --- Testf1: 0.89256, Best Valacc: 0.90473 in epoch 499 --- 
[2023-03-22 11:50:54] PRINT [03/22 11:50:54 graph]: Epoch 78: get test acc score:  0.89256
[2023-03-22 11:50:54] PRINT [03/22 11:50:54 graph]: best_f1 0.89484 at epoch 69
[2023-03-22 11:50:54] PRINT [03/22 11:50:54 graph]: start epoch 79.
[2023-03-22 11:50:54] PRINT [03/22 11:50:54 graph]: # Epoch 79: train_loss: 0.4224 | lr: 0.000206
[2023-03-22 11:51:01] PRINT [03/22 11:51:01 graph]: --- Testf1: 0.89157, Best Valacc: 0.91055 in epoch 304 --- 
[2023-03-22 11:51:01] PRINT [03/22 11:51:01 graph]: Epoch 79: get test acc score:  0.89157
[2023-03-22 11:51:01] PRINT [03/22 11:51:01 graph]: best_f1 0.89484 at epoch 69
[2023-03-22 11:51:01] PRINT [03/22 11:51:01 graph]: start epoch 80.
[2023-03-22 11:51:01] PRINT [03/22 11:51:01 graph]: # Epoch 80: train_loss: 0.4218 | lr: 0.000206
[2023-03-22 11:51:08] PRINT [03/22 11:51:08 graph]: --- Testf1: 0.89484, Best Valacc: 0.91127 in epoch 383 --- 
[2023-03-22 11:51:08] PRINT [03/22 11:51:08 graph]: Epoch 80: get test acc score:  0.89484
[2023-03-22 11:51:08] PRINT [03/22 11:51:08 graph]: best_f1 0.89484 at epoch 69
[2023-03-22 11:51:08] PRINT [03/22 11:51:08 graph]: start epoch 81.
[2023-03-22 11:51:09] PRINT [03/22 11:51:09 graph]: # Epoch 81: train_loss: 0.4216 | lr: 0.000206
[2023-03-22 11:51:16] PRINT [03/22 11:51:16 graph]: --- Testf1: 0.89302, Best Valacc: 0.90836 in epoch 396 --- 
[2023-03-22 11:51:16] PRINT [03/22 11:51:16 graph]: Epoch 81: get test acc score:  0.89302
[2023-03-22 11:51:16] PRINT [03/22 11:51:16 graph]: best_f1 0.89484 at epoch 69
[2023-03-22 11:51:16] PRINT [03/22 11:51:16 graph]: start epoch 82.
[2023-03-22 11:51:16] PRINT [03/22 11:51:16 graph]: # Epoch 82: train_loss: 0.4214 | lr: 0.000206
[2023-03-22 11:51:23] PRINT [03/22 11:51:23 graph]: --- Testf1: 0.89211, Best Valacc: 0.91200 in epoch 287 --- 
[2023-03-22 11:51:23] PRINT [03/22 11:51:23 graph]: Epoch 82: get test acc score:  0.89211
[2023-03-22 11:51:23] PRINT [03/22 11:51:23 graph]: best_f1 0.89484 at epoch 69
[2023-03-22 11:51:23] PRINT [03/22 11:51:23 graph]: start epoch 83.
[2023-03-22 11:51:23] PRINT [03/22 11:51:23 graph]: # Epoch 83: train_loss: 0.4202 | lr: 0.000206
[2023-03-22 11:51:30] PRINT [03/22 11:51:30 graph]: --- Testf1: 0.89238, Best Valacc: 0.91345 in epoch 265 --- 
[2023-03-22 11:51:31] PRINT [03/22 11:51:31 graph]: Epoch 83: get test acc score:  0.89238
[2023-03-22 11:51:31] PRINT [03/22 11:51:31 graph]: best_f1 0.89484 at epoch 69
[2023-03-22 11:51:31] PRINT [03/22 11:51:31 graph]: start epoch 84.
[2023-03-22 11:51:31] PRINT [03/22 11:51:31 graph]: # Epoch 84: train_loss: 0.4200 | lr: 0.000206
[2023-03-22 11:51:38] PRINT [03/22 11:51:38 graph]: --- Testf1: 0.89429, Best Valacc: 0.91200 in epoch 208 --- 
[2023-03-22 11:51:38] PRINT [03/22 11:51:38 graph]: Epoch 84: get test acc score:  0.89429
[2023-03-22 11:51:38] PRINT [03/22 11:51:38 graph]: best_f1 0.89484 at epoch 69
[2023-03-22 11:51:38] PRINT [03/22 11:51:38 graph]: start epoch 85.
[2023-03-22 11:51:38] PRINT [03/22 11:51:38 graph]: # Epoch 85: train_loss: 0.4195 | lr: 0.000206
[2023-03-22 11:51:45] PRINT [03/22 11:51:45 graph]: --- Testf1: 0.89129, Best Valacc: 0.90545 in epoch 233 --- 
[2023-03-22 11:51:45] PRINT [03/22 11:51:45 graph]: Epoch 85: get test acc score:  0.89129
[2023-03-22 11:51:45] PRINT [03/22 11:51:45 graph]: best_f1 0.89484 at epoch 69
[2023-03-22 11:51:45] PRINT [03/22 11:51:45 graph]: start epoch 86.
[2023-03-22 11:51:45] PRINT [03/22 11:51:45 graph]: # Epoch 86: train_loss: 0.4188 | lr: 0.000206
[2023-03-22 11:51:53] PRINT [03/22 11:51:53 graph]: --- Testf1: 0.89256, Best Valacc: 0.90764 in epoch 330 --- 
[2023-03-22 11:51:53] PRINT [03/22 11:51:53 graph]: Epoch 86: get test acc score:  0.89256
[2023-03-22 11:51:53] PRINT [03/22 11:51:53 graph]: best_f1 0.89484 at epoch 69
[2023-03-22 11:51:53] PRINT [03/22 11:51:53 graph]: start epoch 87.
[2023-03-22 11:51:53] PRINT [03/22 11:51:53 graph]: # Epoch 87: train_loss: 0.4182 | lr: 0.000206
[2023-03-22 11:52:00] PRINT [03/22 11:52:00 graph]: --- Testf1: 0.89475, Best Valacc: 0.90691 in epoch 245 --- 
[2023-03-22 11:52:00] PRINT [03/22 11:52:00 graph]: Epoch 87: get test acc score:  0.89475
[2023-03-22 11:52:00] PRINT [03/22 11:52:00 graph]: best_f1 0.89484 at epoch 69
[2023-03-22 11:52:00] PRINT [03/22 11:52:00 graph]: start epoch 88.
[2023-03-22 11:52:00] PRINT [03/22 11:52:00 graph]: # Epoch 88: train_loss: 0.4180 | lr: 0.000206
[2023-03-22 11:52:08] PRINT [03/22 11:52:08 graph]: --- Testf1: 0.89275, Best Valacc: 0.90618 in epoch 263 --- 
[2023-03-22 11:52:08] PRINT [03/22 11:52:08 graph]: Epoch 88: get test acc score:  0.89275
[2023-03-22 11:52:08] PRINT [03/22 11:52:08 graph]: best_f1 0.89484 at epoch 69
[2023-03-22 11:52:08] PRINT [03/22 11:52:08 graph]: start epoch 89.
[2023-03-22 11:52:08] PRINT [03/22 11:52:08 graph]: # Epoch 89: train_loss: 0.4172 | lr: 0.000206
[2023-03-22 11:52:15] PRINT [03/22 11:52:15 graph]: --- Testf1: 0.89384, Best Valacc: 0.90473 in epoch 499 --- 
[2023-03-22 11:52:15] PRINT [03/22 11:52:15 graph]: Epoch 89: get test acc score:  0.89384
[2023-03-22 11:52:15] PRINT [03/22 11:52:15 graph]: best_f1 0.89484 at epoch 69
[2023-03-22 11:52:15] PRINT [03/22 11:52:15 graph]: start epoch 90.
[2023-03-22 11:52:16] PRINT [03/22 11:52:16 graph]: # Epoch 90: train_loss: 0.4166 | lr: 0.000206
[2023-03-22 11:52:21] PRINT [03/22 11:52:21 graph]: --- Testf1: 0.89593, Best Valacc: 0.91127 in epoch 339 --- 
[2023-03-22 11:52:21] PRINT [03/22 11:52:21 graph]: Epoch 90: get test acc score:  0.89593
[2023-03-22 11:52:21] PRINT [03/22 11:52:21 graph]: best_f1 0.89593 at epoch 90
[2023-03-22 11:52:21] PRINT [03/22 11:52:21 graph]: start epoch 91.
[2023-03-22 11:52:21] PRINT [03/22 11:52:21 graph]: # Epoch 91: train_loss: 0.4168 | lr: 0.000206
[2023-03-22 11:52:25] PRINT [03/22 11:52:25 graph]: --- Testf1: 0.89302, Best Valacc: 0.90618 in epoch 489 --- 
[2023-03-22 11:52:25] PRINT [03/22 11:52:25 graph]: Epoch 91: get test acc score:  0.89302
[2023-03-22 11:52:25] PRINT [03/22 11:52:25 graph]: best_f1 0.89593 at epoch 90
[2023-03-22 11:52:25] PRINT [03/22 11:52:25 graph]: start epoch 92.
[2023-03-22 11:52:25] PRINT [03/22 11:52:25 graph]: # Epoch 92: train_loss: 0.4158 | lr: 0.000206
[2023-03-22 11:52:29] PRINT [03/22 11:52:29 graph]: --- Testf1: 0.89066, Best Valacc: 0.91127 in epoch 370 --- 
[2023-03-22 11:52:30] PRINT [03/22 11:52:30 graph]: Epoch 92: get test acc score:  0.89066
[2023-03-22 11:52:30] PRINT [03/22 11:52:30 graph]: best_f1 0.89593 at epoch 90
[2023-03-22 11:52:30] PRINT [03/22 11:52:30 graph]: start epoch 93.
[2023-03-22 11:52:30] PRINT [03/22 11:52:30 graph]: # Epoch 93: train_loss: 0.4154 | lr: 0.000206
[2023-03-22 11:52:34] PRINT [03/22 11:52:34 graph]: --- Testf1: 0.89366, Best Valacc: 0.90545 in epoch 355 --- 
[2023-03-22 11:52:34] PRINT [03/22 11:52:34 graph]: Epoch 93: get test acc score:  0.89366
[2023-03-22 11:52:34] PRINT [03/22 11:52:34 graph]: best_f1 0.89593 at epoch 90
[2023-03-22 11:52:34] PRINT [03/22 11:52:34 graph]: start epoch 94.
[2023-03-22 11:52:34] PRINT [03/22 11:52:34 graph]: # Epoch 94: train_loss: 0.4147 | lr: 0.000206
[2023-03-22 11:52:39] PRINT [03/22 11:52:39 graph]: --- Testf1: 0.89438, Best Valacc: 0.90400 in epoch 471 --- 
[2023-03-22 11:52:39] PRINT [03/22 11:52:39 graph]: Epoch 94: get test acc score:  0.89438
[2023-03-22 11:52:39] PRINT [03/22 11:52:39 graph]: best_f1 0.89593 at epoch 90
[2023-03-22 11:52:39] PRINT [03/22 11:52:39 graph]: start epoch 95.
[2023-03-22 11:52:39] PRINT [03/22 11:52:39 graph]: # Epoch 95: train_loss: 0.4147 | lr: 0.000206
[2023-03-22 11:52:50] PRINT [03/22 11:52:50 graph]: --- Testf1: 0.89584, Best Valacc: 0.90400 in epoch 246 --- 
[2023-03-22 11:52:51] PRINT [03/22 11:52:51 graph]: Epoch 95: get test acc score:  0.89584
[2023-03-22 11:52:51] PRINT [03/22 11:52:51 graph]: best_f1 0.89593 at epoch 90
[2023-03-22 11:52:51] PRINT [03/22 11:52:51 graph]: start epoch 96.
[2023-03-22 11:52:51] PRINT [03/22 11:52:51 graph]: # Epoch 96: train_loss: 0.4141 | lr: 0.000206
[2023-03-22 11:52:58] PRINT [03/22 11:52:58 graph]: --- Testf1: 0.89375, Best Valacc: 0.90473 in epoch 141 --- 
[2023-03-22 11:52:58] PRINT [03/22 11:52:58 graph]: Epoch 96: get test acc score:  0.89375
[2023-03-22 11:52:58] PRINT [03/22 11:52:58 graph]: best_f1 0.89593 at epoch 90
[2023-03-22 11:52:58] PRINT [03/22 11:52:58 graph]: start epoch 97.
[2023-03-22 11:52:58] PRINT [03/22 11:52:58 graph]: # Epoch 97: train_loss: 0.4141 | lr: 0.000206
[2023-03-22 11:53:05] PRINT [03/22 11:53:05 graph]: --- Testf1: 0.89193, Best Valacc: 0.90473 in epoch 299 --- 
[2023-03-22 11:53:06] PRINT [03/22 11:53:06 graph]: Epoch 97: get test acc score:  0.89193
[2023-03-22 11:53:06] PRINT [03/22 11:53:06 graph]: best_f1 0.89593 at epoch 90
[2023-03-22 11:53:06] PRINT [03/22 11:53:06 graph]: start epoch 98.
[2023-03-22 11:53:06] PRINT [03/22 11:53:06 graph]: # Epoch 98: train_loss: 0.4144 | lr: 0.000206
[2023-03-22 11:53:13] PRINT [03/22 11:53:13 graph]: --- Testf1: 0.89484, Best Valacc: 0.91345 in epoch 379 --- 
[2023-03-22 11:53:13] PRINT [03/22 11:53:13 graph]: Epoch 98: get test acc score:  0.89484
[2023-03-22 11:53:13] PRINT [03/22 11:53:13 graph]: best_f1 0.89593 at epoch 90
[2023-03-22 11:53:13] PRINT [03/22 11:53:13 graph]: start epoch 99.
[2023-03-22 11:53:13] PRINT [03/22 11:53:13 graph]: # Epoch 99: train_loss: 0.4131 | lr: 0.000206
[2023-03-22 11:53:21] PRINT [03/22 11:53:21 graph]: --- Testf1: 0.89302, Best Valacc: 0.90400 in epoch 358 --- 
[2023-03-22 11:53:21] PRINT [03/22 11:53:21 graph]: Epoch 99: get test acc score:  0.89302
[2023-03-22 11:53:21] PRINT [03/22 11:53:21 graph]: best_f1 0.89593 at epoch 90
[2023-03-22 11:53:21] PRINT [03/22 11:53:21 graph]: # final_acc: 0.89593±0.00000
