[2023-03-22 05:06:45] PRINT ---new cfg------
[2023-03-22 05:06:45] PRINT {'DATA': {'data_name': 'comp'}, 'DATALOADER': {'NUM_WORKERS': 0}, 'MODEL': {'num_hidden': 256, 'num_layers': 2, 'nhead': 4, 'activation': 'prelu', 'attn_drop': 0.2, 'feat_drop': 0.1, 'norm': 'layernorm', 'pooler': 'mean', 'beta_schedule': 'quad', 'beta_1': 0.00046274053962327576, 'beta_T': 0.03168300253606051, 'T': 570}, 'SOLVER': {'optim_type': 'adam', 'optim_type_f': 'adamw', 'alpha': 1, 'decay': 10, 'LR': 7.926770173633873e-05, 'LR_f': 0.05468613278928436, 'weight_decay': 0, 'weight_decay_f': 0.0001256398941406116, 'MAX_EPOCH': 100, 'max_epoch_f': 500}, 'DEVICE': 'cuda', 'seeds': [0], 'eval_T': [50, 100, 200], 'output_dir': '/ddm-nni/AmazonCoBuyComputerDataset¶/log', 'checkpoint_dir': '/ddm-nni/AmazonCoBuyComputerDataset¶/log/checkpoint'}
[2023-03-22 05:06:45] PRINT [03/22 05:06:45 graph]: Rank of current process: 0. World size: 1
[2023-03-22 05:06:49] PRINT [03/22 05:06:49 graph]: Environment info:
[2023-03-22 05:06:49] PRINT PyTorch version: 1.10.0+cu113
[2023-03-22 05:06:49] PRINT Is debug build: False
[2023-03-22 05:06:49] PRINT CUDA used to build PyTorch: 11.3
[2023-03-22 05:06:49] PRINT ROCM used to build PyTorch: N/A
[2023-03-22 05:06:49] PRINT 
[2023-03-22 05:06:49] PRINT OS: Ubuntu 20.04.3 LTS (x86_64)
[2023-03-22 05:06:49] PRINT GCC version: (Ubuntu 9.3.0-17ubuntu1~20.04) 9.3.0
[2023-03-22 05:06:49] PRINT Clang version: Could not collect
[2023-03-22 05:06:49] PRINT CMake version: version 3.16.3
[2023-03-22 05:06:49] PRINT Libc version: glibc-2.31
[2023-03-22 05:06:49] PRINT 
[2023-03-22 05:06:49] PRINT Python version: 3.8.10 (default, Jun  4 2021, 15:09:15)  [GCC 7.5.0] (64-bit runtime)
[2023-03-22 05:06:49] PRINT Python platform: Linux-5.4.0-90-generic-x86_64-with-glibc2.17
[2023-03-22 05:06:49] PRINT Is CUDA available: True
[2023-03-22 05:06:49] PRINT CUDA runtime version: 11.3.109
[2023-03-22 05:06:49] PRINT GPU models and configuration: GPU 0: NVIDIA GeForce RTX 3090
[2023-03-22 05:06:49] PRINT Nvidia driver version: 495.44
[2023-03-22 05:06:49] PRINT cuDNN version: Probably one of the following:
[2023-03-22 05:06:49] PRINT /usr/lib/x86_64-linux-gnu/libcudnn.so.8.2.0
[2023-03-22 05:06:49] PRINT /usr/lib/x86_64-linux-gnu/libcudnn_adv_infer.so.8.2.0
[2023-03-22 05:06:49] PRINT /usr/lib/x86_64-linux-gnu/libcudnn_adv_train.so.8.2.0
[2023-03-22 05:06:49] PRINT /usr/lib/x86_64-linux-gnu/libcudnn_cnn_infer.so.8.2.0
[2023-03-22 05:06:49] PRINT /usr/lib/x86_64-linux-gnu/libcudnn_cnn_train.so.8.2.0
[2023-03-22 05:06:49] PRINT /usr/lib/x86_64-linux-gnu/libcudnn_ops_infer.so.8.2.0
[2023-03-22 05:06:49] PRINT /usr/lib/x86_64-linux-gnu/libcudnn_ops_train.so.8.2.0
[2023-03-22 05:06:49] PRINT HIP runtime version: N/A
[2023-03-22 05:06:49] PRINT MIOpen runtime version: N/A
[2023-03-22 05:06:49] PRINT 
[2023-03-22 05:06:49] PRINT Versions of relevant libraries:
[2023-03-22 05:06:49] PRINT [pip3] numpy==1.23.5
[2023-03-22 05:06:49] PRINT [pip3] torch==1.10.0+cu113
[2023-03-22 05:06:49] PRINT [pip3] torchvision==0.11.1+cu113
[2023-03-22 05:06:49] PRINT [conda] blas                      1.0                         mkl    https://mirrors.ustc.edu.cn/anaconda/pkgs/main
[2023-03-22 05:06:49] PRINT [conda] mkl                       2021.4.0           h06a4308_640    https://mirrors.ustc.edu.cn/anaconda/pkgs/main
[2023-03-22 05:06:49] PRINT [conda] mkl-service               2.4.0            py38h7f8727e_0    https://mirrors.ustc.edu.cn/anaconda/pkgs/main
[2023-03-22 05:06:49] PRINT [conda] mkl_fft                   1.3.1            py38hd3c417c_0    https://mirrors.ustc.edu.cn/anaconda/pkgs/main
[2023-03-22 05:06:49] PRINT [conda] mkl_random                1.2.2            py38h51133e4_0    https://mirrors.ustc.edu.cn/anaconda/pkgs/main
[2023-03-22 05:06:49] PRINT [conda] numpy                     1.21.4                   pypi_0    pypi
[2023-03-22 05:06:49] PRINT [conda] numpy-base                1.23.5           py38h31eccc5_0    https://mirrors.ustc.edu.cn/anaconda/pkgs/main
[2023-03-22 05:06:49] PRINT [conda] torch                     1.10.0+cu113             pypi_0    pypi
[2023-03-22 05:06:49] PRINT [conda] torchvision               0.11.1+cu113             pypi_0    pypi
[2023-03-22 05:06:49] PRINT         Pillow (8.4.0)
[2023-03-22 05:06:49] PRINT [03/22 05:06:49 graph]: Command line arguments: Namespace(local_rank=0, resume=False, seed=1234, start_epoch=0)
[2023-03-22 05:06:49] PRINT [03/22 05:06:49 graph]: Run 0th for seed 0
[2023-03-22 05:06:49] PRINT [03/22 05:06:49 graph]: Total trainable params num : 3691523
[2023-03-22 05:06:53] PRINT [03/22 05:06:53 graph]: ----------Start Training----------
[2023-03-22 05:06:54] PRINT [03/22 05:06:54 graph]: start epoch 0.
[2023-03-22 05:06:54] PRINT [03/22 05:06:54 graph]: # Epoch 0: train_loss: 0.9810 | lr: 0.000079
[2023-03-22 05:06:54] PRINT [03/22 05:06:54 graph]: start epoch 1.
[2023-03-22 05:06:54] PRINT [03/22 05:06:54 graph]: # Epoch 1: train_loss: 0.8754 | lr: 0.000079
[2023-03-22 05:06:54] PRINT [03/22 05:06:54 graph]: start epoch 2.
[2023-03-22 05:06:54] PRINT [03/22 05:06:54 graph]: # Epoch 2: train_loss: 0.8123 | lr: 0.000079
[2023-03-22 05:06:54] PRINT [03/22 05:06:54 graph]: start epoch 3.
[2023-03-22 05:06:54] PRINT [03/22 05:06:54 graph]: # Epoch 3: train_loss: 0.7675 | lr: 0.000079
[2023-03-22 05:06:54] PRINT [03/22 05:06:54 graph]: start epoch 4.
[2023-03-22 05:06:54] PRINT [03/22 05:06:54 graph]: # Epoch 4: train_loss: 0.7316 | lr: 0.000079
[2023-03-22 05:06:54] PRINT [03/22 05:06:54 graph]: start epoch 5.
[2023-03-22 05:06:54] PRINT [03/22 05:06:54 graph]: # Epoch 5: train_loss: 0.7025 | lr: 0.000079
[2023-03-22 05:06:54] PRINT [03/22 05:06:54 graph]: start epoch 6.
[2023-03-22 05:06:54] PRINT [03/22 05:06:54 graph]: # Epoch 6: train_loss: 0.6787 | lr: 0.000079
[2023-03-22 05:06:54] PRINT [03/22 05:06:54 graph]: start epoch 7.
[2023-03-22 05:06:54] PRINT [03/22 05:06:54 graph]: # Epoch 7: train_loss: 0.6597 | lr: 0.000079
[2023-03-22 05:06:54] PRINT [03/22 05:06:54 graph]: start epoch 8.
[2023-03-22 05:06:54] PRINT [03/22 05:06:54 graph]: # Epoch 8: train_loss: 0.6453 | lr: 0.000079
[2023-03-22 05:06:54] PRINT [03/22 05:06:54 graph]: start epoch 9.
[2023-03-22 05:06:54] PRINT [03/22 05:06:54 graph]: # Epoch 9: train_loss: 0.6340 | lr: 0.000079
[2023-03-22 05:06:54] PRINT [03/22 05:06:54 graph]: start epoch 10.
[2023-03-22 05:06:55] PRINT [03/22 05:06:55 graph]: # Epoch 10: train_loss: 0.6239 | lr: 0.000079
[2023-03-22 05:06:55] PRINT [03/22 05:06:55 graph]: start epoch 11.
[2023-03-22 05:06:55] PRINT [03/22 05:06:55 graph]: # Epoch 11: train_loss: 0.6152 | lr: 0.000079
[2023-03-22 05:06:55] PRINT [03/22 05:06:55 graph]: start epoch 12.
[2023-03-22 05:06:55] PRINT [03/22 05:06:55 graph]: # Epoch 12: train_loss: 0.6077 | lr: 0.000079
[2023-03-22 05:06:55] PRINT [03/22 05:06:55 graph]: start epoch 13.
[2023-03-22 05:06:55] PRINT [03/22 05:06:55 graph]: # Epoch 13: train_loss: 0.6010 | lr: 0.000079
[2023-03-22 05:06:55] PRINT [03/22 05:06:55 graph]: start epoch 14.
[2023-03-22 05:06:55] PRINT [03/22 05:06:55 graph]: # Epoch 14: train_loss: 0.5951 | lr: 0.000079
[2023-03-22 05:06:55] PRINT [03/22 05:06:55 graph]: start epoch 15.
[2023-03-22 05:06:55] PRINT [03/22 05:06:55 graph]: # Epoch 15: train_loss: 0.5896 | lr: 0.000079
[2023-03-22 05:06:55] PRINT [03/22 05:06:55 graph]: start epoch 16.
[2023-03-22 05:06:55] PRINT [03/22 05:06:55 graph]: # Epoch 16: train_loss: 0.5849 | lr: 0.000079
[2023-03-22 05:06:55] PRINT [03/22 05:06:55 graph]: start epoch 17.
[2023-03-22 05:06:55] PRINT [03/22 05:06:55 graph]: # Epoch 17: train_loss: 0.5804 | lr: 0.000079
[2023-03-22 05:06:55] PRINT [03/22 05:06:55 graph]: start epoch 18.
[2023-03-22 05:06:55] PRINT [03/22 05:06:55 graph]: # Epoch 18: train_loss: 0.5762 | lr: 0.000079
[2023-03-22 05:06:55] PRINT [03/22 05:06:55 graph]: start epoch 19.
[2023-03-22 05:06:55] PRINT [03/22 05:06:55 graph]: # Epoch 19: train_loss: 0.5725 | lr: 0.000079
[2023-03-22 05:06:55] PRINT [03/22 05:06:55 graph]: start epoch 20.
[2023-03-22 05:06:55] PRINT [03/22 05:06:55 graph]: # Epoch 20: train_loss: 0.5690 | lr: 0.000079
[2023-03-22 05:06:55] PRINT [03/22 05:06:55 graph]: start epoch 21.
[2023-03-22 05:06:55] PRINT [03/22 05:06:55 graph]: # Epoch 21: train_loss: 0.5661 | lr: 0.000079
[2023-03-22 05:06:55] PRINT [03/22 05:06:55 graph]: start epoch 22.
[2023-03-22 05:06:55] PRINT [03/22 05:06:55 graph]: # Epoch 22: train_loss: 0.5626 | lr: 0.000079
[2023-03-22 05:06:55] PRINT [03/22 05:06:55 graph]: start epoch 23.
[2023-03-22 05:06:55] PRINT [03/22 05:06:55 graph]: # Epoch 23: train_loss: 0.5600 | lr: 0.000079
[2023-03-22 05:06:55] PRINT [03/22 05:06:55 graph]: start epoch 24.
[2023-03-22 05:06:55] PRINT [03/22 05:06:55 graph]: # Epoch 24: train_loss: 0.5572 | lr: 0.000079
[2023-03-22 05:06:55] PRINT [03/22 05:06:55 graph]: start epoch 25.
[2023-03-22 05:06:55] PRINT [03/22 05:06:55 graph]: # Epoch 25: train_loss: 0.5544 | lr: 0.000079
[2023-03-22 05:06:55] PRINT [03/22 05:06:55 graph]: start epoch 26.
[2023-03-22 05:06:55] PRINT [03/22 05:06:55 graph]: # Epoch 26: train_loss: 0.5516 | lr: 0.000079
[2023-03-22 05:06:55] PRINT [03/22 05:06:55 graph]: start epoch 27.
[2023-03-22 05:06:55] PRINT [03/22 05:06:55 graph]: # Epoch 27: train_loss: 0.5493 | lr: 0.000079
[2023-03-22 05:06:55] PRINT [03/22 05:06:55 graph]: start epoch 28.
[2023-03-22 05:06:56] PRINT [03/22 05:06:56 graph]: # Epoch 28: train_loss: 0.5464 | lr: 0.000079
[2023-03-22 05:06:56] PRINT [03/22 05:06:56 graph]: start epoch 29.
[2023-03-22 05:06:56] PRINT [03/22 05:06:56 graph]: # Epoch 29: train_loss: 0.5442 | lr: 0.000079
[2023-03-22 05:06:56] PRINT [03/22 05:06:56 graph]: start epoch 30.
[2023-03-22 05:06:56] PRINT [03/22 05:06:56 graph]: # Epoch 30: train_loss: 0.5418 | lr: 0.000079
[2023-03-22 05:06:56] PRINT [03/22 05:06:56 graph]: start epoch 31.
[2023-03-22 05:06:56] PRINT [03/22 05:06:56 graph]: # Epoch 31: train_loss: 0.5398 | lr: 0.000079
[2023-03-22 05:06:56] PRINT [03/22 05:06:56 graph]: start epoch 32.
[2023-03-22 05:06:56] PRINT [03/22 05:06:56 graph]: # Epoch 32: train_loss: 0.5379 | lr: 0.000079
[2023-03-22 05:06:56] PRINT [03/22 05:06:56 graph]: start epoch 33.
[2023-03-22 05:06:56] PRINT [03/22 05:06:56 graph]: # Epoch 33: train_loss: 0.5356 | lr: 0.000079
[2023-03-22 05:06:56] PRINT [03/22 05:06:56 graph]: start epoch 34.
[2023-03-22 05:06:56] PRINT [03/22 05:06:56 graph]: # Epoch 34: train_loss: 0.5340 | lr: 0.000079
[2023-03-22 05:06:56] PRINT [03/22 05:06:56 graph]: start epoch 35.
[2023-03-22 05:06:56] PRINT [03/22 05:06:56 graph]: # Epoch 35: train_loss: 0.5320 | lr: 0.000079
[2023-03-22 05:06:56] PRINT [03/22 05:06:56 graph]: start epoch 36.
[2023-03-22 05:06:56] PRINT [03/22 05:06:56 graph]: # Epoch 36: train_loss: 0.5303 | lr: 0.000079
[2023-03-22 05:06:56] PRINT [03/22 05:06:56 graph]: start epoch 37.
[2023-03-22 05:06:56] PRINT [03/22 05:06:56 graph]: # Epoch 37: train_loss: 0.5285 | lr: 0.000079
[2023-03-22 05:06:56] PRINT [03/22 05:06:56 graph]: start epoch 38.
[2023-03-22 05:06:56] PRINT [03/22 05:06:56 graph]: # Epoch 38: train_loss: 0.5264 | lr: 0.000079
[2023-03-22 05:06:56] PRINT [03/22 05:06:56 graph]: start epoch 39.
[2023-03-22 05:06:56] PRINT [03/22 05:06:56 graph]: # Epoch 39: train_loss: 0.5250 | lr: 0.000079
[2023-03-22 05:06:56] PRINT [03/22 05:06:56 graph]: start epoch 40.
[2023-03-22 05:06:56] PRINT [03/22 05:06:56 graph]: # Epoch 40: train_loss: 0.5233 | lr: 0.000079
[2023-03-22 05:06:56] PRINT [03/22 05:06:56 graph]: start epoch 41.
[2023-03-22 05:06:56] PRINT [03/22 05:06:56 graph]: # Epoch 41: train_loss: 0.5212 | lr: 0.000079
[2023-03-22 05:06:56] PRINT [03/22 05:06:56 graph]: start epoch 42.
[2023-03-22 05:06:56] PRINT [03/22 05:06:56 graph]: # Epoch 42: train_loss: 0.5201 | lr: 0.000079
[2023-03-22 05:06:56] PRINT [03/22 05:06:56 graph]: start epoch 43.
[2023-03-22 05:06:56] PRINT [03/22 05:06:56 graph]: # Epoch 43: train_loss: 0.5181 | lr: 0.000079
[2023-03-22 05:06:56] PRINT [03/22 05:06:56 graph]: start epoch 44.
[2023-03-22 05:06:56] PRINT [03/22 05:06:56 graph]: # Epoch 44: train_loss: 0.5162 | lr: 0.000079
[2023-03-22 05:06:56] PRINT [03/22 05:06:56 graph]: start epoch 45.
[2023-03-22 05:06:56] PRINT [03/22 05:06:56 graph]: # Epoch 45: train_loss: 0.5149 | lr: 0.000079
[2023-03-22 05:06:56] PRINT [03/22 05:06:56 graph]: start epoch 46.
[2023-03-22 05:06:57] PRINT [03/22 05:06:57 graph]: # Epoch 46: train_loss: 0.5131 | lr: 0.000079
[2023-03-22 05:06:57] PRINT [03/22 05:06:57 graph]: start epoch 47.
[2023-03-22 05:06:57] PRINT [03/22 05:06:57 graph]: # Epoch 47: train_loss: 0.5114 | lr: 0.000079
[2023-03-22 05:06:57] PRINT [03/22 05:06:57 graph]: start epoch 48.
[2023-03-22 05:06:57] PRINT [03/22 05:06:57 graph]: # Epoch 48: train_loss: 0.5097 | lr: 0.000079
[2023-03-22 05:06:57] PRINT [03/22 05:06:57 graph]: start epoch 49.
[2023-03-22 05:06:57] PRINT [03/22 05:06:57 graph]: # Epoch 49: train_loss: 0.5084 | lr: 0.000079
[2023-03-22 05:06:57] PRINT [03/22 05:06:57 graph]: start epoch 50.
[2023-03-22 05:06:57] PRINT [03/22 05:06:57 graph]: # Epoch 50: train_loss: 0.5072 | lr: 0.000079
[2023-03-22 05:06:57] PRINT [03/22 05:06:57 graph]: start epoch 51.
[2023-03-22 05:06:57] PRINT [03/22 05:06:57 graph]: # Epoch 51: train_loss: 0.5058 | lr: 0.000079
[2023-03-22 05:07:04] PRINT [03/22 05:07:04 graph]: --- Testf1: 0.87757, Best Valacc: 0.88073 in epoch 424 --- 
[2023-03-22 05:07:04] PRINT [03/22 05:07:04 graph]: Epoch 51: get test acc score:  0.87757
[2023-03-22 05:07:04] PRINT [03/22 05:07:04 graph]: best_f1 0.87757 at epoch 51
[2023-03-22 05:07:04] PRINT [03/22 05:07:04 graph]: start epoch 52.
[2023-03-22 05:07:04] PRINT [03/22 05:07:04 graph]: # Epoch 52: train_loss: 0.5041 | lr: 0.000079
[2023-03-22 05:07:11] PRINT [03/22 05:07:11 graph]: --- Testf1: 0.87693, Best Valacc: 0.88218 in epoch 376 --- 
[2023-03-22 05:07:11] PRINT [03/22 05:07:11 graph]: Epoch 52: get test acc score:  0.87693
[2023-03-22 05:07:11] PRINT [03/22 05:07:11 graph]: best_f1 0.87757 at epoch 51
[2023-03-22 05:07:11] PRINT [03/22 05:07:11 graph]: start epoch 53.
[2023-03-22 05:07:11] PRINT [03/22 05:07:11 graph]: # Epoch 53: train_loss: 0.5030 | lr: 0.000079
[2023-03-22 05:07:17] PRINT [03/22 05:07:17 graph]: --- Testf1: 0.87657, Best Valacc: 0.87709 in epoch 260 --- 
[2023-03-22 05:07:18] PRINT [03/22 05:07:18 graph]: Epoch 53: get test acc score:  0.87657
[2023-03-22 05:07:18] PRINT [03/22 05:07:18 graph]: best_f1 0.87757 at epoch 51
[2023-03-22 05:07:18] PRINT [03/22 05:07:18 graph]: start epoch 54.
[2023-03-22 05:07:18] PRINT [03/22 05:07:18 graph]: # Epoch 54: train_loss: 0.5017 | lr: 0.000079
[2023-03-22 05:07:24] PRINT [03/22 05:07:24 graph]: --- Testf1: 0.87748, Best Valacc: 0.87855 in epoch 487 --- 
[2023-03-22 05:07:24] PRINT [03/22 05:07:24 graph]: Epoch 54: get test acc score:  0.87748
[2023-03-22 05:07:24] PRINT [03/22 05:07:24 graph]: best_f1 0.87757 at epoch 51
[2023-03-22 05:07:24] PRINT [03/22 05:07:24 graph]: start epoch 55.
[2023-03-22 05:07:24] PRINT [03/22 05:07:24 graph]: # Epoch 55: train_loss: 0.5002 | lr: 0.000079
[2023-03-22 05:07:31] PRINT [03/22 05:07:31 graph]: --- Testf1: 0.87829, Best Valacc: 0.88364 in epoch 486 --- 
[2023-03-22 05:07:31] PRINT [03/22 05:07:31 graph]: Epoch 55: get test acc score:  0.87829
[2023-03-22 05:07:31] PRINT [03/22 05:07:31 graph]: best_f1 0.87829 at epoch 55
[2023-03-22 05:07:31] PRINT [03/22 05:07:31 graph]: start epoch 56.
[2023-03-22 05:07:31] PRINT [03/22 05:07:31 graph]: # Epoch 56: train_loss: 0.4986 | lr: 0.000079
[2023-03-22 05:07:37] PRINT [03/22 05:07:37 graph]: --- Testf1: 0.87811, Best Valacc: 0.88073 in epoch 289 --- 
[2023-03-22 05:07:37] PRINT [03/22 05:07:37 graph]: Epoch 56: get test acc score:  0.87811
[2023-03-22 05:07:37] PRINT [03/22 05:07:37 graph]: best_f1 0.87829 at epoch 55
[2023-03-22 05:07:37] PRINT [03/22 05:07:37 graph]: start epoch 57.
[2023-03-22 05:07:38] PRINT [03/22 05:07:38 graph]: # Epoch 57: train_loss: 0.4973 | lr: 0.000079
[2023-03-22 05:07:44] PRINT [03/22 05:07:44 graph]: --- Testf1: 0.87829, Best Valacc: 0.88000 in epoch 424 --- 
[2023-03-22 05:07:44] PRINT [03/22 05:07:44 graph]: Epoch 57: get test acc score:  0.87829
[2023-03-22 05:07:44] PRINT [03/22 05:07:44 graph]: best_f1 0.87829 at epoch 55
[2023-03-22 05:07:44] PRINT [03/22 05:07:44 graph]: start epoch 58.
[2023-03-22 05:07:44] PRINT [03/22 05:07:44 graph]: # Epoch 58: train_loss: 0.4963 | lr: 0.000079
[2023-03-22 05:07:51] PRINT [03/22 05:07:51 graph]: --- Testf1: 0.87802, Best Valacc: 0.88364 in epoch 436 --- 
[2023-03-22 05:07:51] PRINT [03/22 05:07:51 graph]: Epoch 58: get test acc score:  0.87802
[2023-03-22 05:07:51] PRINT [03/22 05:07:51 graph]: best_f1 0.87829 at epoch 55
[2023-03-22 05:07:51] PRINT [03/22 05:07:51 graph]: start epoch 59.
[2023-03-22 05:07:51] PRINT [03/22 05:07:51 graph]: # Epoch 59: train_loss: 0.4950 | lr: 0.000079
[2023-03-22 05:07:58] PRINT [03/22 05:07:58 graph]: --- Testf1: 0.87602, Best Valacc: 0.88727 in epoch 373 --- 
[2023-03-22 05:07:58] PRINT [03/22 05:07:58 graph]: Epoch 59: get test acc score:  0.87602
[2023-03-22 05:07:58] PRINT [03/22 05:07:58 graph]: best_f1 0.87829 at epoch 55
[2023-03-22 05:07:58] PRINT [03/22 05:07:58 graph]: start epoch 60.
[2023-03-22 05:07:58] PRINT [03/22 05:07:58 graph]: # Epoch 60: train_loss: 0.4932 | lr: 0.000079
[2023-03-22 05:08:05] PRINT [03/22 05:08:05 graph]: --- Testf1: 0.88066, Best Valacc: 0.88291 in epoch 409 --- 
[2023-03-22 05:08:05] PRINT [03/22 05:08:05 graph]: Epoch 60: get test acc score:  0.88066
[2023-03-22 05:08:05] PRINT [03/22 05:08:05 graph]: best_f1 0.88066 at epoch 60
[2023-03-22 05:08:05] PRINT [03/22 05:08:05 graph]: start epoch 61.
[2023-03-22 05:08:05] PRINT [03/22 05:08:05 graph]: # Epoch 61: train_loss: 0.4924 | lr: 0.000079
[2023-03-22 05:08:11] PRINT [03/22 05:08:11 graph]: --- Testf1: 0.87793, Best Valacc: 0.88291 in epoch 312 --- 
[2023-03-22 05:08:12] PRINT [03/22 05:08:12 graph]: Epoch 61: get test acc score:  0.87793
[2023-03-22 05:08:12] PRINT [03/22 05:08:12 graph]: best_f1 0.88066 at epoch 60
[2023-03-22 05:08:12] PRINT [03/22 05:08:12 graph]: start epoch 62.
[2023-03-22 05:08:12] PRINT [03/22 05:08:12 graph]: # Epoch 62: train_loss: 0.4915 | lr: 0.000079
[2023-03-22 05:08:18] PRINT [03/22 05:08:18 graph]: --- Testf1: 0.87720, Best Valacc: 0.87927 in epoch 484 --- 
[2023-03-22 05:08:19] PRINT [03/22 05:08:19 graph]: Epoch 62: get test acc score:  0.87720
[2023-03-22 05:08:19] PRINT [03/22 05:08:19 graph]: best_f1 0.88066 at epoch 60
[2023-03-22 05:08:19] PRINT [03/22 05:08:19 graph]: start epoch 63.
[2023-03-22 05:08:19] PRINT [03/22 05:08:19 graph]: # Epoch 63: train_loss: 0.4902 | lr: 0.000079
[2023-03-22 05:08:25] PRINT [03/22 05:08:25 graph]: --- Testf1: 0.87993, Best Valacc: 0.88582 in epoch 390 --- 
[2023-03-22 05:08:25] PRINT [03/22 05:08:25 graph]: Epoch 63: get test acc score:  0.87993
[2023-03-22 05:08:25] PRINT [03/22 05:08:25 graph]: best_f1 0.88066 at epoch 60
[2023-03-22 05:08:25] PRINT [03/22 05:08:25 graph]: start epoch 64.
[2023-03-22 05:08:25] PRINT [03/22 05:08:25 graph]: # Epoch 64: train_loss: 0.4890 | lr: 0.000079
[2023-03-22 05:08:30] PRINT [03/22 05:08:30 graph]: --- Testf1: 0.87866, Best Valacc: 0.87927 in epoch 492 --- 
[2023-03-22 05:08:31] PRINT [03/22 05:08:31 graph]: Epoch 64: get test acc score:  0.87866
[2023-03-22 05:08:31] PRINT [03/22 05:08:31 graph]: best_f1 0.88066 at epoch 60
[2023-03-22 05:08:31] PRINT [03/22 05:08:31 graph]: start epoch 65.
[2023-03-22 05:08:31] PRINT [03/22 05:08:31 graph]: # Epoch 65: train_loss: 0.4878 | lr: 0.000079
[2023-03-22 05:08:36] PRINT [03/22 05:08:36 graph]: --- Testf1: 0.87702, Best Valacc: 0.88000 in epoch 223 --- 
[2023-03-22 05:08:36] PRINT [03/22 05:08:36 graph]: Epoch 65: get test acc score:  0.87702
[2023-03-22 05:08:36] PRINT [03/22 05:08:36 graph]: best_f1 0.88066 at epoch 60
[2023-03-22 05:08:36] PRINT [03/22 05:08:36 graph]: start epoch 66.
[2023-03-22 05:08:36] PRINT [03/22 05:08:36 graph]: # Epoch 66: train_loss: 0.4870 | lr: 0.000079
[2023-03-22 05:08:41] PRINT [03/22 05:08:41 graph]: --- Testf1: 0.87684, Best Valacc: 0.88218 in epoch 281 --- 
[2023-03-22 05:08:42] PRINT [03/22 05:08:42 graph]: Epoch 66: get test acc score:  0.87684
[2023-03-22 05:08:42] PRINT [03/22 05:08:42 graph]: best_f1 0.88066 at epoch 60
[2023-03-22 05:08:42] PRINT [03/22 05:08:42 graph]: start epoch 67.
[2023-03-22 05:08:42] PRINT [03/22 05:08:42 graph]: # Epoch 67: train_loss: 0.4853 | lr: 0.000079
[2023-03-22 05:08:50] PRINT [03/22 05:08:50 graph]: --- Testf1: 0.87530, Best Valacc: 0.88073 in epoch 445 --- 
[2023-03-22 05:08:50] PRINT [03/22 05:08:50 graph]: Epoch 67: get test acc score:  0.87530
[2023-03-22 05:08:50] PRINT [03/22 05:08:50 graph]: best_f1 0.88066 at epoch 60
[2023-03-22 05:08:50] PRINT [03/22 05:08:50 graph]: start epoch 68.
[2023-03-22 05:08:50] PRINT [03/22 05:08:50 graph]: # Epoch 68: train_loss: 0.4842 | lr: 0.000079
[2023-03-22 05:08:56] PRINT [03/22 05:08:56 graph]: --- Testf1: 0.87793, Best Valacc: 0.88436 in epoch 475 --- 
[2023-03-22 05:08:56] PRINT [03/22 05:08:56 graph]: Epoch 68: get test acc score:  0.87793
[2023-03-22 05:08:56] PRINT [03/22 05:08:56 graph]: best_f1 0.88066 at epoch 60
[2023-03-22 05:08:56] PRINT [03/22 05:08:56 graph]: start epoch 69.
[2023-03-22 05:08:57] PRINT [03/22 05:08:57 graph]: # Epoch 69: train_loss: 0.4833 | lr: 0.000079
[2023-03-22 05:09:03] PRINT [03/22 05:09:03 graph]: --- Testf1: 0.88011, Best Valacc: 0.88436 in epoch 453 --- 
[2023-03-22 05:09:03] PRINT [03/22 05:09:03 graph]: Epoch 69: get test acc score:  0.88011
[2023-03-22 05:09:03] PRINT [03/22 05:09:03 graph]: best_f1 0.88066 at epoch 60
[2023-03-22 05:09:03] PRINT [03/22 05:09:03 graph]: start epoch 70.
[2023-03-22 05:09:03] PRINT [03/22 05:09:03 graph]: # Epoch 70: train_loss: 0.4820 | lr: 0.000079
[2023-03-22 05:09:10] PRINT [03/22 05:09:10 graph]: --- Testf1: 0.87675, Best Valacc: 0.88000 in epoch 350 --- 
[2023-03-22 05:09:10] PRINT [03/22 05:09:10 graph]: Epoch 70: get test acc score:  0.87675
[2023-03-22 05:09:10] PRINT [03/22 05:09:10 graph]: best_f1 0.88066 at epoch 60
[2023-03-22 05:09:10] PRINT [03/22 05:09:10 graph]: start epoch 71.
[2023-03-22 05:09:10] PRINT [03/22 05:09:10 graph]: # Epoch 71: train_loss: 0.4813 | lr: 0.000079
[2023-03-22 05:09:17] PRINT [03/22 05:09:17 graph]: --- Testf1: 0.87739, Best Valacc: 0.88655 in epoch 476 --- 
[2023-03-22 05:09:17] PRINT [03/22 05:09:17 graph]: Epoch 71: get test acc score:  0.87739
[2023-03-22 05:09:17] PRINT [03/22 05:09:17 graph]: best_f1 0.88066 at epoch 60
[2023-03-22 05:09:17] PRINT [03/22 05:09:17 graph]: start epoch 72.
[2023-03-22 05:09:17] PRINT [03/22 05:09:17 graph]: # Epoch 72: train_loss: 0.4801 | lr: 0.000079
[2023-03-22 05:09:23] PRINT [03/22 05:09:23 graph]: --- Testf1: 0.87848, Best Valacc: 0.88073 in epoch 427 --- 
[2023-03-22 05:09:24] PRINT [03/22 05:09:24 graph]: Epoch 72: get test acc score:  0.87848
[2023-03-22 05:09:24] PRINT [03/22 05:09:24 graph]: best_f1 0.88066 at epoch 60
[2023-03-22 05:09:24] PRINT [03/22 05:09:24 graph]: start epoch 73.
[2023-03-22 05:09:24] PRINT [03/22 05:09:24 graph]: # Epoch 73: train_loss: 0.4791 | lr: 0.000079
[2023-03-22 05:09:30] PRINT [03/22 05:09:30 graph]: --- Testf1: 0.88029, Best Valacc: 0.88000 in epoch 307 --- 
[2023-03-22 05:09:31] PRINT [03/22 05:09:31 graph]: Epoch 73: get test acc score:  0.88029
[2023-03-22 05:09:31] PRINT [03/22 05:09:31 graph]: best_f1 0.88066 at epoch 60
[2023-03-22 05:09:31] PRINT [03/22 05:09:31 graph]: start epoch 74.
[2023-03-22 05:09:31] PRINT [03/22 05:09:31 graph]: # Epoch 74: train_loss: 0.4777 | lr: 0.000079
[2023-03-22 05:09:37] PRINT [03/22 05:09:37 graph]: --- Testf1: 0.87802, Best Valacc: 0.88509 in epoch 493 --- 
[2023-03-22 05:09:38] PRINT [03/22 05:09:38 graph]: Epoch 74: get test acc score:  0.87802
[2023-03-22 05:09:38] PRINT [03/22 05:09:38 graph]: best_f1 0.88066 at epoch 60
[2023-03-22 05:09:38] PRINT [03/22 05:09:38 graph]: start epoch 75.
[2023-03-22 05:09:38] PRINT [03/22 05:09:38 graph]: # Epoch 75: train_loss: 0.4776 | lr: 0.000079
[2023-03-22 05:09:44] PRINT [03/22 05:09:44 graph]: --- Testf1: 0.87702, Best Valacc: 0.88364 in epoch 490 --- 
[2023-03-22 05:09:44] PRINT [03/22 05:09:44 graph]: Epoch 75: get test acc score:  0.87702
[2023-03-22 05:09:44] PRINT [03/22 05:09:44 graph]: best_f1 0.88066 at epoch 60
[2023-03-22 05:09:44] PRINT [03/22 05:09:44 graph]: start epoch 76.
[2023-03-22 05:09:44] PRINT [03/22 05:09:44 graph]: # Epoch 76: train_loss: 0.4768 | lr: 0.000079
[2023-03-22 05:09:51] PRINT [03/22 05:09:51 graph]: --- Testf1: 0.88039, Best Valacc: 0.88436 in epoch 497 --- 
[2023-03-22 05:09:51] PRINT [03/22 05:09:51 graph]: Epoch 76: get test acc score:  0.88039
[2023-03-22 05:09:51] PRINT [03/22 05:09:51 graph]: best_f1 0.88066 at epoch 60
[2023-03-22 05:09:51] PRINT [03/22 05:09:51 graph]: start epoch 77.
[2023-03-22 05:09:51] PRINT [03/22 05:09:51 graph]: # Epoch 77: train_loss: 0.4759 | lr: 0.000079
[2023-03-22 05:09:58] PRINT [03/22 05:09:58 graph]: --- Testf1: 0.88093, Best Valacc: 0.88364 in epoch 378 --- 
[2023-03-22 05:09:58] PRINT [03/22 05:09:58 graph]: Epoch 77: get test acc score:  0.88093
[2023-03-22 05:09:58] PRINT [03/22 05:09:58 graph]: best_f1 0.88093 at epoch 77
[2023-03-22 05:09:58] PRINT [03/22 05:09:58 graph]: start epoch 78.
[2023-03-22 05:09:58] PRINT [03/22 05:09:58 graph]: # Epoch 78: train_loss: 0.4762 | lr: 0.000079
[2023-03-22 05:10:05] PRINT [03/22 05:10:05 graph]: --- Testf1: 0.87784, Best Valacc: 0.88291 in epoch 483 --- 
[2023-03-22 05:10:05] PRINT [03/22 05:10:05 graph]: Epoch 78: get test acc score:  0.87784
[2023-03-22 05:10:05] PRINT [03/22 05:10:05 graph]: best_f1 0.88093 at epoch 77
[2023-03-22 05:10:05] PRINT [03/22 05:10:05 graph]: start epoch 79.
[2023-03-22 05:10:06] PRINT [03/22 05:10:06 graph]: # Epoch 79: train_loss: 0.4739 | lr: 0.000079
[2023-03-22 05:10:12] PRINT [03/22 05:10:12 graph]: --- Testf1: 0.88120, Best Valacc: 0.88945 in epoch 348 --- 
[2023-03-22 05:10:13] PRINT [03/22 05:10:13 graph]: Epoch 79: get test acc score:  0.88120
[2023-03-22 05:10:13] PRINT [03/22 05:10:13 graph]: best_f1 0.8812 at epoch 79
[2023-03-22 05:10:13] PRINT [03/22 05:10:13 graph]: start epoch 80.
[2023-03-22 05:10:13] PRINT [03/22 05:10:13 graph]: # Epoch 80: train_loss: 0.4740 | lr: 0.000079
[2023-03-22 05:10:20] PRINT [03/22 05:10:20 graph]: --- Testf1: 0.87811, Best Valacc: 0.88509 in epoch 353 --- 
[2023-03-22 05:10:20] PRINT [03/22 05:10:20 graph]: Epoch 80: get test acc score:  0.87811
[2023-03-22 05:10:20] PRINT [03/22 05:10:20 graph]: best_f1 0.8812 at epoch 79
[2023-03-22 05:10:20] PRINT [03/22 05:10:20 graph]: start epoch 81.
[2023-03-22 05:10:20] PRINT [03/22 05:10:20 graph]: # Epoch 81: train_loss: 0.4721 | lr: 0.000079
[2023-03-22 05:10:27] PRINT [03/22 05:10:27 graph]: --- Testf1: 0.87984, Best Valacc: 0.88073 in epoch 433 --- 
[2023-03-22 05:10:27] PRINT [03/22 05:10:27 graph]: Epoch 81: get test acc score:  0.87984
[2023-03-22 05:10:27] PRINT [03/22 05:10:27 graph]: best_f1 0.8812 at epoch 79
[2023-03-22 05:10:27] PRINT [03/22 05:10:27 graph]: start epoch 82.
[2023-03-22 05:10:27] PRINT [03/22 05:10:27 graph]: # Epoch 82: train_loss: 0.4722 | lr: 0.000079
[2023-03-22 05:10:34] PRINT [03/22 05:10:34 graph]: --- Testf1: 0.88066, Best Valacc: 0.88655 in epoch 494 --- 
[2023-03-22 05:10:34] PRINT [03/22 05:10:34 graph]: Epoch 82: get test acc score:  0.88066
[2023-03-22 05:10:34] PRINT [03/22 05:10:34 graph]: best_f1 0.8812 at epoch 79
[2023-03-22 05:10:34] PRINT [03/22 05:10:34 graph]: start epoch 83.
[2023-03-22 05:10:34] PRINT [03/22 05:10:34 graph]: # Epoch 83: train_loss: 0.4705 | lr: 0.000079
[2023-03-22 05:10:40] PRINT [03/22 05:10:40 graph]: --- Testf1: 0.87966, Best Valacc: 0.88145 in epoch 321 --- 
[2023-03-22 05:10:41] PRINT [03/22 05:10:41 graph]: Epoch 83: get test acc score:  0.87966
[2023-03-22 05:10:41] PRINT [03/22 05:10:41 graph]: best_f1 0.8812 at epoch 79
[2023-03-22 05:10:41] PRINT [03/22 05:10:41 graph]: start epoch 84.
[2023-03-22 05:10:41] PRINT [03/22 05:10:41 graph]: # Epoch 84: train_loss: 0.4708 | lr: 0.000079
[2023-03-22 05:10:47] PRINT [03/22 05:10:47 graph]: --- Testf1: 0.88057, Best Valacc: 0.88145 in epoch 446 --- 
[2023-03-22 05:10:47] PRINT [03/22 05:10:47 graph]: Epoch 84: get test acc score:  0.88057
[2023-03-22 05:10:47] PRINT [03/22 05:10:47 graph]: best_f1 0.8812 at epoch 79
[2023-03-22 05:10:47] PRINT [03/22 05:10:47 graph]: start epoch 85.
[2023-03-22 05:10:48] PRINT [03/22 05:10:47 graph]: # Epoch 85: train_loss: 0.4686 | lr: 0.000079
[2023-03-22 05:10:54] PRINT [03/22 05:10:54 graph]: --- Testf1: 0.88111, Best Valacc: 0.87782 in epoch 234 --- 
[2023-03-22 05:10:54] PRINT [03/22 05:10:54 graph]: Epoch 85: get test acc score:  0.88111
[2023-03-22 05:10:54] PRINT [03/22 05:10:54 graph]: best_f1 0.8812 at epoch 79
[2023-03-22 05:10:54] PRINT [03/22 05:10:54 graph]: start epoch 86.
[2023-03-22 05:10:54] PRINT [03/22 05:10:54 graph]: # Epoch 86: train_loss: 0.4679 | lr: 0.000079
[2023-03-22 05:11:01] PRINT [03/22 05:11:01 graph]: --- Testf1: 0.87875, Best Valacc: 0.88945 in epoch 327 --- 
[2023-03-22 05:11:01] PRINT [03/22 05:11:01 graph]: Epoch 86: get test acc score:  0.87875
[2023-03-22 05:11:01] PRINT [03/22 05:11:01 graph]: best_f1 0.8812 at epoch 79
[2023-03-22 05:11:01] PRINT [03/22 05:11:01 graph]: start epoch 87.
[2023-03-22 05:11:01] PRINT [03/22 05:11:01 graph]: # Epoch 87: train_loss: 0.4689 | lr: 0.000079
[2023-03-22 05:11:08] PRINT [03/22 05:11:08 graph]: --- Testf1: 0.88020, Best Valacc: 0.88509 in epoch 401 --- 
[2023-03-22 05:11:08] PRINT [03/22 05:11:08 graph]: Epoch 87: get test acc score:  0.88020
[2023-03-22 05:11:08] PRINT [03/22 05:11:08 graph]: best_f1 0.8812 at epoch 79
[2023-03-22 05:11:08] PRINT [03/22 05:11:08 graph]: start epoch 88.
[2023-03-22 05:11:08] PRINT [03/22 05:11:08 graph]: # Epoch 88: train_loss: 0.4665 | lr: 0.000079
[2023-03-22 05:11:14] PRINT [03/22 05:11:14 graph]: --- Testf1: 0.88011, Best Valacc: 0.88509 in epoch 464 --- 
[2023-03-22 05:11:14] PRINT [03/22 05:11:14 graph]: Epoch 88: get test acc score:  0.88011
[2023-03-22 05:11:14] PRINT [03/22 05:11:14 graph]: best_f1 0.8812 at epoch 79
[2023-03-22 05:11:14] PRINT [03/22 05:11:14 graph]: start epoch 89.
[2023-03-22 05:11:14] PRINT [03/22 05:11:14 graph]: # Epoch 89: train_loss: 0.4681 | lr: 0.000079
[2023-03-22 05:11:19] PRINT [03/22 05:11:19 graph]: --- Testf1: 0.88075, Best Valacc: 0.88655 in epoch 331 --- 
[2023-03-22 05:11:19] PRINT [03/22 05:11:19 graph]: Epoch 89: get test acc score:  0.88075
[2023-03-22 05:11:19] PRINT [03/22 05:11:19 graph]: best_f1 0.8812 at epoch 79
[2023-03-22 05:11:19] PRINT [03/22 05:11:19 graph]: start epoch 90.
[2023-03-22 05:11:19] PRINT [03/22 05:11:19 graph]: # Epoch 90: train_loss: 0.4660 | lr: 0.000079
[2023-03-22 05:11:25] PRINT [03/22 05:11:25 graph]: --- Testf1: 0.88057, Best Valacc: 0.88800 in epoch 326 --- 
[2023-03-22 05:11:25] PRINT [03/22 05:11:25 graph]: Epoch 90: get test acc score:  0.88057
[2023-03-22 05:11:25] PRINT [03/22 05:11:25 graph]: best_f1 0.8812 at epoch 79
[2023-03-22 05:11:25] PRINT [03/22 05:11:25 graph]: start epoch 91.
[2023-03-22 05:11:25] PRINT [03/22 05:11:25 graph]: # Epoch 91: train_loss: 0.4661 | lr: 0.000079
[2023-03-22 05:11:30] PRINT [03/22 05:11:30 graph]: --- Testf1: 0.88166, Best Valacc: 0.88509 in epoch 498 --- 
[2023-03-22 05:11:30] PRINT [03/22 05:11:30 graph]: Epoch 91: get test acc score:  0.88166
[2023-03-22 05:11:30] PRINT [03/22 05:11:30 graph]: best_f1 0.88166 at epoch 91
[2023-03-22 05:11:30] PRINT [03/22 05:11:30 graph]: start epoch 92.
[2023-03-22 05:11:30] PRINT [03/22 05:11:30 graph]: # Epoch 92: train_loss: 0.4656 | lr: 0.000079
[2023-03-22 05:11:38] PRINT [03/22 05:11:38 graph]: --- Testf1: 0.88029, Best Valacc: 0.88436 in epoch 259 --- 
[2023-03-22 05:11:38] PRINT [03/22 05:11:38 graph]: Epoch 92: get test acc score:  0.88029
[2023-03-22 05:11:38] PRINT [03/22 05:11:38 graph]: best_f1 0.88166 at epoch 91
[2023-03-22 05:11:38] PRINT [03/22 05:11:38 graph]: start epoch 93.
[2023-03-22 05:11:38] PRINT [03/22 05:11:38 graph]: # Epoch 93: train_loss: 0.4654 | lr: 0.000079
[2023-03-22 05:11:45] PRINT [03/22 05:11:45 graph]: --- Testf1: 0.88048, Best Valacc: 0.88509 in epoch 403 --- 
[2023-03-22 05:11:45] PRINT [03/22 05:11:45 graph]: Epoch 93: get test acc score:  0.88048
[2023-03-22 05:11:45] PRINT [03/22 05:11:45 graph]: best_f1 0.88166 at epoch 91
[2023-03-22 05:11:45] PRINT [03/22 05:11:45 graph]: start epoch 94.
[2023-03-22 05:11:45] PRINT [03/22 05:11:45 graph]: # Epoch 94: train_loss: 0.4653 | lr: 0.000079
[2023-03-22 05:11:52] PRINT [03/22 05:11:52 graph]: --- Testf1: 0.88202, Best Valacc: 0.88655 in epoch 473 --- 
[2023-03-22 05:11:52] PRINT [03/22 05:11:52 graph]: Epoch 94: get test acc score:  0.88202
[2023-03-22 05:11:52] PRINT [03/22 05:11:52 graph]: best_f1 0.88202 at epoch 94
[2023-03-22 05:11:52] PRINT [03/22 05:11:52 graph]: start epoch 95.
[2023-03-22 05:11:52] PRINT [03/22 05:11:52 graph]: # Epoch 95: train_loss: 0.4626 | lr: 0.000079
[2023-03-22 05:11:59] PRINT [03/22 05:11:59 graph]: --- Testf1: 0.88366, Best Valacc: 0.88727 in epoch 395 --- 
[2023-03-22 05:11:59] PRINT [03/22 05:11:59 graph]: Epoch 95: get test acc score:  0.88366
[2023-03-22 05:11:59] PRINT [03/22 05:11:59 graph]: best_f1 0.88366 at epoch 95
[2023-03-22 05:11:59] PRINT [03/22 05:11:59 graph]: start epoch 96.
[2023-03-22 05:11:59] PRINT [03/22 05:11:59 graph]: # Epoch 96: train_loss: 0.4647 | lr: 0.000079
[2023-03-22 05:12:06] PRINT [03/22 05:12:06 graph]: --- Testf1: 0.88266, Best Valacc: 0.88945 in epoch 443 --- 
[2023-03-22 05:12:06] PRINT [03/22 05:12:06 graph]: Epoch 96: get test acc score:  0.88266
[2023-03-22 05:12:06] PRINT [03/22 05:12:06 graph]: best_f1 0.88366 at epoch 95
[2023-03-22 05:12:06] PRINT [03/22 05:12:06 graph]: start epoch 97.
[2023-03-22 05:12:06] PRINT [03/22 05:12:06 graph]: # Epoch 97: train_loss: 0.4627 | lr: 0.000079
[2023-03-22 05:12:12] PRINT [03/22 05:12:12 graph]: --- Testf1: 0.88293, Best Valacc: 0.88945 in epoch 367 --- 
[2023-03-22 05:12:13] PRINT [03/22 05:12:13 graph]: Epoch 97: get test acc score:  0.88293
[2023-03-22 05:12:13] PRINT [03/22 05:12:13 graph]: best_f1 0.88366 at epoch 95
[2023-03-22 05:12:13] PRINT [03/22 05:12:13 graph]: start epoch 98.
[2023-03-22 05:12:13] PRINT [03/22 05:12:13 graph]: # Epoch 98: train_loss: 0.4622 | lr: 0.000079
[2023-03-22 05:12:19] PRINT [03/22 05:12:19 graph]: --- Testf1: 0.88029, Best Valacc: 0.88364 in epoch 272 --- 
[2023-03-22 05:12:19] PRINT [03/22 05:12:19 graph]: Epoch 98: get test acc score:  0.88029
[2023-03-22 05:12:19] PRINT [03/22 05:12:19 graph]: best_f1 0.88366 at epoch 95
[2023-03-22 05:12:19] PRINT [03/22 05:12:19 graph]: start epoch 99.
[2023-03-22 05:12:20] PRINT [03/22 05:12:20 graph]: # Epoch 99: train_loss: 0.4617 | lr: 0.000079
[2023-03-22 05:12:26] PRINT [03/22 05:12:26 graph]: --- Testf1: 0.88148, Best Valacc: 0.88364 in epoch 350 --- 
[2023-03-22 05:12:26] PRINT [03/22 05:12:26 graph]: Epoch 99: get test acc score:  0.88148
[2023-03-22 05:12:26] PRINT [03/22 05:12:26 graph]: best_f1 0.88366 at epoch 95
[2023-03-22 05:12:26] PRINT [03/22 05:12:26 graph]: # final_acc: 0.88366±0.00000
