[2023-03-06 06:41:39] PRINT ---new cfg------
[2023-03-06 06:41:39] PRINT {'DATA': {'data_name': 'MUTAG', 'deg4feat': True}, 'DATALOADER': {'NUM_WORKERS': 0, 'BATCH_SIZE': 32}, 'MODEL': {'num_hidden': 512, 'num_layers': 2, 'nhead': 2, 'activation': 'prelu', 'attn_drop': 0.30000000000000004, 'feat_drop': 0.1, 'norm': 'layernorm', 'pooler': 'mean', 'beta_schedule': 'sigmoid', 'beta_1': 0.0003744512271868805, 'beta_T': 0.026290152029644315, 'T': 955}, 'SOLVER': {'optim_type': 'adamw', 'optim_type_f': 'adamw', 'alpha': 1, 'decay': 50, 'LR': 0.00013846379141770957, 'weight_decay': 0.0005, 'MAX_EPOCH': 50}, 'DEVICE': 'cuda', 'seeds': [11], 'eval_T': [50, 100, 200], 'output_dir': '/ddm-nni/MUTAG/log', 'checkpoint_dir': '/ddm-nni/MUTAG/log/checkpoint'}
[2023-03-06 06:41:39] PRINT [03/06 06:41:39 graph]: Rank of current process: 0. World size: 1
[2023-03-06 06:41:42] PRINT [03/06 06:41:42 graph]: Environment info:
[2023-03-06 06:41:42] PRINT PyTorch version: 1.10.0+cu113
[2023-03-06 06:41:42] PRINT Is debug build: False
[2023-03-06 06:41:42] PRINT CUDA used to build PyTorch: 11.3
[2023-03-06 06:41:42] PRINT ROCM used to build PyTorch: N/A
[2023-03-06 06:41:42] PRINT 
[2023-03-06 06:41:42] PRINT OS: Ubuntu 20.04.3 LTS (x86_64)
[2023-03-06 06:41:42] PRINT GCC version: (Ubuntu 9.3.0-17ubuntu1~20.04) 9.3.0
[2023-03-06 06:41:42] PRINT Clang version: Could not collect
[2023-03-06 06:41:42] PRINT CMake version: version 3.16.3
[2023-03-06 06:41:42] PRINT Libc version: glibc-2.31
[2023-03-06 06:41:42] PRINT 
[2023-03-06 06:41:42] PRINT Python version: 3.8.10 (default, Jun  4 2021, 15:09:15)  [GCC 7.5.0] (64-bit runtime)
[2023-03-06 06:41:42] PRINT Python platform: Linux-5.4.0-90-generic-x86_64-with-glibc2.17
[2023-03-06 06:41:42] PRINT Is CUDA available: True
[2023-03-06 06:41:42] PRINT CUDA runtime version: 11.3.109
[2023-03-06 06:41:42] PRINT GPU models and configuration: GPU 0: NVIDIA GeForce RTX 3090
[2023-03-06 06:41:42] PRINT Nvidia driver version: 495.44
[2023-03-06 06:41:42] PRINT cuDNN version: Probably one of the following:
[2023-03-06 06:41:42] PRINT /usr/lib/x86_64-linux-gnu/libcudnn.so.8.2.0
[2023-03-06 06:41:42] PRINT /usr/lib/x86_64-linux-gnu/libcudnn_adv_infer.so.8.2.0
[2023-03-06 06:41:42] PRINT /usr/lib/x86_64-linux-gnu/libcudnn_adv_train.so.8.2.0
[2023-03-06 06:41:42] PRINT /usr/lib/x86_64-linux-gnu/libcudnn_cnn_infer.so.8.2.0
[2023-03-06 06:41:42] PRINT /usr/lib/x86_64-linux-gnu/libcudnn_cnn_train.so.8.2.0
[2023-03-06 06:41:42] PRINT /usr/lib/x86_64-linux-gnu/libcudnn_ops_infer.so.8.2.0
[2023-03-06 06:41:42] PRINT /usr/lib/x86_64-linux-gnu/libcudnn_ops_train.so.8.2.0
[2023-03-06 06:41:42] PRINT HIP runtime version: N/A
[2023-03-06 06:41:42] PRINT MIOpen runtime version: N/A
[2023-03-06 06:41:42] PRINT 
[2023-03-06 06:41:42] PRINT Versions of relevant libraries:
[2023-03-06 06:41:42] PRINT [pip3] numpy==1.23.5
[2023-03-06 06:41:42] PRINT [pip3] torch==1.10.0+cu113
[2023-03-06 06:41:42] PRINT [pip3] torchvision==0.11.1+cu113
[2023-03-06 06:41:42] PRINT [conda] blas                      1.0                         mkl    https://mirrors.ustc.edu.cn/anaconda/pkgs/main
[2023-03-06 06:41:42] PRINT [conda] mkl                       2021.4.0           h06a4308_640    https://mirrors.ustc.edu.cn/anaconda/pkgs/main
[2023-03-06 06:41:42] PRINT [conda] mkl-service               2.4.0            py38h7f8727e_0    https://mirrors.ustc.edu.cn/anaconda/pkgs/main
[2023-03-06 06:41:42] PRINT [conda] mkl_fft                   1.3.1            py38hd3c417c_0    https://mirrors.ustc.edu.cn/anaconda/pkgs/main
[2023-03-06 06:41:42] PRINT [conda] mkl_random                1.2.2            py38h51133e4_0    https://mirrors.ustc.edu.cn/anaconda/pkgs/main
[2023-03-06 06:41:42] PRINT [conda] numpy                     1.21.4                   pypi_0    pypi
[2023-03-06 06:41:42] PRINT [conda] numpy-base                1.23.5           py38h31eccc5_0    https://mirrors.ustc.edu.cn/anaconda/pkgs/main
[2023-03-06 06:41:42] PRINT [conda] torch                     1.10.0+cu113             pypi_0    pypi
[2023-03-06 06:41:42] PRINT [conda] torchvision               0.11.1+cu113             pypi_0    pypi
[2023-03-06 06:41:42] PRINT         Pillow (8.4.0)
[2023-03-06 06:41:42] PRINT [03/06 06:41:42 graph]: Command line arguments: Namespace(local_rank=0, resume=False, seed=1234, start_epoch=0)
[2023-03-06 06:41:43] PRINT Using degree as node features
[2023-03-06 06:41:43] PRINT ******** # Num Graphs: 188, # Num Feat: 5, # Num Classes: 2 ********
[2023-03-06 06:41:43] PRINT [03/06 06:41:43 graph]: Run 0th for seed 11
[2023-03-06 06:41:43] PRINT [03/06 06:41:43 graph]: Total trainable params num : 5230191
[2023-03-06 06:41:47] PRINT [03/06 06:41:47 graph]: ----------Start Training----------
[2023-03-06 06:41:48] PRINT [03/06 06:41:48 graph]: Epoch 0 | train_loss: 0.7896 | lr: 0.000138
[2023-03-06 06:41:48] PRINT [03/06 06:41:48 graph]: Epoch 1 | train_loss: 0.5378 | lr: 0.000138
[2023-03-06 06:41:48] PRINT [03/06 06:41:48 graph]: Epoch 2 | train_loss: 0.4524 | lr: 0.000138
[2023-03-06 06:41:51] PRINT [03/06 06:41:51 graph]: #Test_f1: 0.8561±0.0541
[2023-03-06 06:41:51] PRINT [03/06 06:41:51 graph]: Epoch 2: get test f1 score:  0.856
[2023-03-06 06:41:51] PRINT [03/06 06:41:51 graph]: best_f1 0.856 at epoch 2
[2023-03-06 06:41:52] PRINT [03/06 06:41:52 graph]: Epoch 3 | train_loss: 0.4162 | lr: 0.000138
[2023-03-06 06:41:55] PRINT [03/06 06:41:55 graph]: #Test_f1: 0.8453±0.0611
[2023-03-06 06:41:55] PRINT [03/06 06:41:55 graph]: Epoch 3: get test f1 score:  0.845
[2023-03-06 06:41:55] PRINT [03/06 06:41:55 graph]: best_f1 0.856 at epoch 2
[2023-03-06 06:41:55] PRINT [03/06 06:41:55 graph]: Epoch 4 | train_loss: 0.4062 | lr: 0.000138
[2023-03-06 06:41:58] PRINT [03/06 06:41:58 graph]: #Test_f1: 0.8243±0.0631
[2023-03-06 06:41:58] PRINT [03/06 06:41:58 graph]: Epoch 4: get test f1 score:  0.824
[2023-03-06 06:41:58] PRINT [03/06 06:41:58 graph]: best_f1 0.856 at epoch 2
[2023-03-06 06:41:58] PRINT [03/06 06:41:58 graph]: Epoch 5 | train_loss: 0.3770 | lr: 0.000138
[2023-03-06 06:42:01] PRINT [03/06 06:42:01 graph]: #Test_f1: 0.8295±0.0705
[2023-03-06 06:42:02] PRINT [03/06 06:42:02 graph]: Epoch 5: get test f1 score:  0.830
[2023-03-06 06:42:02] PRINT [03/06 06:42:02 graph]: best_f1 0.856 at epoch 2
[2023-03-06 06:42:02] PRINT [03/06 06:42:02 graph]: Epoch 6 | train_loss: 0.3521 | lr: 0.000138
[2023-03-06 06:42:05] PRINT [03/06 06:42:05 graph]: #Test_f1: 0.8295±0.0665
[2023-03-06 06:42:05] PRINT [03/06 06:42:05 graph]: Epoch 6: get test f1 score:  0.830
[2023-03-06 06:42:05] PRINT [03/06 06:42:05 graph]: best_f1 0.856 at epoch 2
[2023-03-06 06:42:05] PRINT [03/06 06:42:05 graph]: Epoch 7 | train_loss: 0.3387 | lr: 0.000138
[2023-03-06 06:42:08] PRINT [03/06 06:42:08 graph]: #Test_f1: 0.8453±0.0611
[2023-03-06 06:42:09] PRINT [03/06 06:42:09 graph]: Epoch 7: get test f1 score:  0.845
[2023-03-06 06:42:09] PRINT [03/06 06:42:09 graph]: best_f1 0.856 at epoch 2
[2023-03-06 06:42:09] PRINT [03/06 06:42:09 graph]: Epoch 8 | train_loss: 0.3469 | lr: 0.000138
[2023-03-06 06:42:12] PRINT [03/06 06:42:12 graph]: #Test_f1: 0.8243±0.0713
[2023-03-06 06:42:12] PRINT [03/06 06:42:12 graph]: Epoch 8: get test f1 score:  0.824
[2023-03-06 06:42:12] PRINT [03/06 06:42:12 graph]: best_f1 0.856 at epoch 2
[2023-03-06 06:42:12] PRINT [03/06 06:42:12 graph]: Epoch 9 | train_loss: 0.3385 | lr: 0.000138
[2023-03-06 06:42:15] PRINT [03/06 06:42:15 graph]: #Test_f1: 0.8193±0.0714
[2023-03-06 06:42:15] PRINT [03/06 06:42:15 graph]: Epoch 9: get test f1 score:  0.819
[2023-03-06 06:42:15] PRINT [03/06 06:42:15 graph]: best_f1 0.856 at epoch 2
[2023-03-06 06:42:15] PRINT [03/06 06:42:15 graph]: Epoch 10 | train_loss: 0.3283 | lr: 0.000138
[2023-03-06 06:42:18] PRINT [03/06 06:42:18 graph]: #Test_f1: 0.8243±0.0673
[2023-03-06 06:42:19] PRINT [03/06 06:42:19 graph]: Epoch 10: get test f1 score:  0.824
[2023-03-06 06:42:19] PRINT [03/06 06:42:19 graph]: best_f1 0.856 at epoch 2
[2023-03-06 06:42:19] PRINT [03/06 06:42:19 graph]: Epoch 11 | train_loss: 0.3237 | lr: 0.000138
[2023-03-06 06:42:21] PRINT [03/06 06:42:21 graph]: #Test_f1: 0.8404±0.0472
[2023-03-06 06:42:22] PRINT [03/06 06:42:22 graph]: Epoch 11: get test f1 score:  0.840
[2023-03-06 06:42:22] PRINT [03/06 06:42:22 graph]: best_f1 0.856 at epoch 2
[2023-03-06 06:42:22] PRINT [03/06 06:42:22 graph]: Epoch 12 | train_loss: 0.3121 | lr: 0.000138
[2023-03-06 06:42:25] PRINT [03/06 06:42:25 graph]: #Test_f1: 0.8453±0.0564
[2023-03-06 06:42:25] PRINT [03/06 06:42:25 graph]: Epoch 12: get test f1 score:  0.845
[2023-03-06 06:42:25] PRINT [03/06 06:42:25 graph]: best_f1 0.856 at epoch 2
[2023-03-06 06:42:25] PRINT [03/06 06:42:25 graph]: Epoch 13 | train_loss: 0.3228 | lr: 0.000138
[2023-03-06 06:42:28] PRINT [03/06 06:42:28 graph]: #Test_f1: 0.8351±0.0642
[2023-03-06 06:42:28] PRINT [03/06 06:42:28 graph]: Epoch 13: get test f1 score:  0.835
[2023-03-06 06:42:28] PRINT [03/06 06:42:28 graph]: best_f1 0.856 at epoch 2
[2023-03-06 06:42:28] PRINT [03/06 06:42:28 graph]: Epoch 14 | train_loss: 0.3072 | lr: 0.000138
[2023-03-06 06:42:31] PRINT [03/06 06:42:31 graph]: #Test_f1: 0.8567±0.0527
[2023-03-06 06:42:32] PRINT [03/06 06:42:32 graph]: Epoch 14: get test f1 score:  0.857
[2023-03-06 06:42:32] PRINT [03/06 06:42:32 graph]: best_f1 0.857 at epoch 14
[2023-03-06 06:42:32] PRINT [03/06 06:42:32 graph]: Epoch 15 | train_loss: 0.2952 | lr: 0.000138
[2023-03-06 06:42:35] PRINT [03/06 06:42:35 graph]: #Test_f1: 0.8462±0.0639
[2023-03-06 06:42:35] PRINT [03/06 06:42:35 graph]: Epoch 15: get test f1 score:  0.846
[2023-03-06 06:42:35] PRINT [03/06 06:42:35 graph]: best_f1 0.857 at epoch 14
[2023-03-06 06:42:35] PRINT [03/06 06:42:35 graph]: Epoch 16 | train_loss: 0.2982 | lr: 0.000138
[2023-03-06 06:42:38] PRINT [03/06 06:42:38 graph]: #Test_f1: 0.8246±0.0622
[2023-03-06 06:42:38] PRINT [03/06 06:42:38 graph]: Epoch 16: get test f1 score:  0.825
[2023-03-06 06:42:38] PRINT [03/06 06:42:38 graph]: best_f1 0.857 at epoch 14
[2023-03-06 06:42:39] PRINT [03/06 06:42:39 graph]: Epoch 17 | train_loss: 0.2824 | lr: 0.000138
[2023-03-06 06:42:41] PRINT [03/06 06:42:41 graph]: #Test_f1: 0.8140±0.0748
[2023-03-06 06:42:42] PRINT [03/06 06:42:42 graph]: Epoch 17: get test f1 score:  0.814
[2023-03-06 06:42:42] PRINT [03/06 06:42:42 graph]: best_f1 0.857 at epoch 14
[2023-03-06 06:42:42] PRINT [03/06 06:42:42 graph]: Epoch 18 | train_loss: 0.2886 | lr: 0.000138
[2023-03-06 06:42:45] PRINT [03/06 06:42:45 graph]: #Test_f1: 0.8354±0.0679
[2023-03-06 06:42:45] PRINT [03/06 06:42:45 graph]: Epoch 18: get test f1 score:  0.835
[2023-03-06 06:42:45] PRINT [03/06 06:42:45 graph]: best_f1 0.857 at epoch 14
[2023-03-06 06:42:46] PRINT [03/06 06:42:46 graph]: Epoch 19 | train_loss: 0.2776 | lr: 0.000138
[2023-03-06 06:42:48] PRINT [03/06 06:42:48 graph]: #Test_f1: 0.8623±0.0746
[2023-03-06 06:42:49] PRINT [03/06 06:42:49 graph]: Epoch 19: get test f1 score:  0.862
[2023-03-06 06:42:49] PRINT [03/06 06:42:49 graph]: best_f1 0.862 at epoch 19
[2023-03-06 06:42:49] PRINT [03/06 06:42:49 graph]: Epoch 20 | train_loss: 0.2721 | lr: 0.000138
[2023-03-06 06:42:52] PRINT [03/06 06:42:52 graph]: #Test_f1: 0.8298±0.0655
[2023-03-06 06:42:52] PRINT [03/06 06:42:52 graph]: Epoch 20: get test f1 score:  0.830
[2023-03-06 06:42:52] PRINT [03/06 06:42:52 graph]: best_f1 0.862 at epoch 19
[2023-03-06 06:42:53] PRINT [03/06 06:42:53 graph]: Epoch 21 | train_loss: 0.2684 | lr: 0.000138
[2023-03-06 06:42:55] PRINT [03/06 06:42:55 graph]: #Test_f1: 0.8351±0.0723
[2023-03-06 06:42:55] PRINT [03/06 06:42:55 graph]: Epoch 21: get test f1 score:  0.835
[2023-03-06 06:42:55] PRINT [03/06 06:42:55 graph]: best_f1 0.862 at epoch 19
[2023-03-06 06:42:56] PRINT [03/06 06:42:56 graph]: Epoch 22 | train_loss: 0.2700 | lr: 0.000138
[2023-03-06 06:42:59] PRINT [03/06 06:42:59 graph]: #Test_f1: 0.8298±0.0696
[2023-03-06 06:42:59] PRINT [03/06 06:42:59 graph]: Epoch 22: get test f1 score:  0.830
[2023-03-06 06:42:59] PRINT [03/06 06:42:59 graph]: best_f1 0.862 at epoch 19
[2023-03-06 06:42:59] PRINT [03/06 06:42:59 graph]: Epoch 23 | train_loss: 0.2613 | lr: 0.000138
[2023-03-06 06:43:02] PRINT [03/06 06:43:02 graph]: #Test_f1: 0.8137±0.0826
[2023-03-06 06:43:02] PRINT [03/06 06:43:02 graph]: Epoch 23: get test f1 score:  0.814
[2023-03-06 06:43:02] PRINT [03/06 06:43:02 graph]: best_f1 0.862 at epoch 19
[2023-03-06 06:43:03] PRINT [03/06 06:43:03 graph]: Epoch 24 | train_loss: 0.2649 | lr: 0.000138
[2023-03-06 06:43:06] PRINT [03/06 06:43:06 graph]: #Test_f1: 0.8085±0.0823
[2023-03-06 06:43:06] PRINT [03/06 06:43:06 graph]: Epoch 24: get test f1 score:  0.808
[2023-03-06 06:43:06] PRINT [03/06 06:43:06 graph]: best_f1 0.862 at epoch 19
[2023-03-06 06:43:06] PRINT [03/06 06:43:06 graph]: Epoch 25 | train_loss: 0.2615 | lr: 0.000138
[2023-03-06 06:43:09] PRINT [03/06 06:43:09 graph]: #Test_f1: 0.8298±0.0772
[2023-03-06 06:43:09] PRINT [03/06 06:43:09 graph]: Epoch 25: get test f1 score:  0.830
[2023-03-06 06:43:09] PRINT [03/06 06:43:09 graph]: best_f1 0.862 at epoch 19
[2023-03-06 06:43:10] PRINT [03/06 06:43:10 graph]: Epoch 26 | train_loss: 0.2680 | lr: 0.000138
[2023-03-06 06:43:13] PRINT [03/06 06:43:13 graph]: #Test_f1: 0.8462±0.0721
[2023-03-06 06:43:13] PRINT [03/06 06:43:13 graph]: Epoch 26: get test f1 score:  0.846
[2023-03-06 06:43:13] PRINT [03/06 06:43:13 graph]: best_f1 0.862 at epoch 19
[2023-03-06 06:43:13] PRINT [03/06 06:43:13 graph]: Epoch 27 | train_loss: 0.2543 | lr: 0.000138
[2023-03-06 06:43:16] PRINT [03/06 06:43:16 graph]: #Test_f1: 0.8409±0.0777
[2023-03-06 06:43:16] PRINT [03/06 06:43:16 graph]: Epoch 27: get test f1 score:  0.841
[2023-03-06 06:43:16] PRINT [03/06 06:43:16 graph]: best_f1 0.862 at epoch 19
[2023-03-06 06:43:16] PRINT [03/06 06:43:16 graph]: Epoch 28 | train_loss: 0.2380 | lr: 0.000138
[2023-03-06 06:43:19] PRINT [03/06 06:43:19 graph]: #Test_f1: 0.8515±0.0655
[2023-03-06 06:43:20] PRINT [03/06 06:43:20 graph]: Epoch 28: get test f1 score:  0.851
[2023-03-06 06:43:20] PRINT [03/06 06:43:20 graph]: best_f1 0.862 at epoch 19
[2023-03-06 06:43:20] PRINT [03/06 06:43:20 graph]: Epoch 29 | train_loss: 0.2380 | lr: 0.000138
[2023-03-06 06:43:23] PRINT [03/06 06:43:23 graph]: #Test_f1: 0.8140±0.0748
[2023-03-06 06:43:23] PRINT [03/06 06:43:23 graph]: Epoch 29: get test f1 score:  0.814
[2023-03-06 06:43:23] PRINT [03/06 06:43:23 graph]: best_f1 0.862 at epoch 19
[2023-03-06 06:43:23] PRINT [03/06 06:43:23 graph]: Epoch 30 | train_loss: 0.2431 | lr: 0.000138
[2023-03-06 06:43:26] PRINT [03/06 06:43:26 graph]: #Test_f1: 0.8295±0.0622
[2023-03-06 06:43:26] PRINT [03/06 06:43:26 graph]: Epoch 30: get test f1 score:  0.830
[2023-03-06 06:43:26] PRINT [03/06 06:43:26 graph]: best_f1 0.862 at epoch 19
[2023-03-06 06:43:27] PRINT [03/06 06:43:27 graph]: Epoch 31 | train_loss: 0.2452 | lr: 0.000138
[2023-03-06 06:43:29] PRINT [03/06 06:43:29 graph]: #Test_f1: 0.8193±0.0818
[2023-03-06 06:43:30] PRINT [03/06 06:43:30 graph]: Epoch 31: get test f1 score:  0.819
[2023-03-06 06:43:30] PRINT [03/06 06:43:30 graph]: best_f1 0.862 at epoch 19
[2023-03-06 06:43:30] PRINT [03/06 06:43:30 graph]: Epoch 32 | train_loss: 0.2469 | lr: 0.000138
[2023-03-06 06:43:33] PRINT [03/06 06:43:33 graph]: #Test_f1: 0.8246±0.0780
[2023-03-06 06:43:33] PRINT [03/06 06:43:33 graph]: Epoch 32: get test f1 score:  0.825
[2023-03-06 06:43:33] PRINT [03/06 06:43:33 graph]: best_f1 0.862 at epoch 19
[2023-03-06 06:43:33] PRINT [03/06 06:43:33 graph]: Epoch 33 | train_loss: 0.2363 | lr: 0.000138
[2023-03-06 06:43:36] PRINT [03/06 06:43:36 graph]: #Test_f1: 0.8249±0.0740
[2023-03-06 06:43:36] PRINT [03/06 06:43:36 graph]: Epoch 33: get test f1 score:  0.825
[2023-03-06 06:43:36] PRINT [03/06 06:43:36 graph]: best_f1 0.862 at epoch 19
[2023-03-06 06:43:36] PRINT [03/06 06:43:36 graph]: Epoch 34 | train_loss: 0.2410 | lr: 0.000138
[2023-03-06 06:43:39] PRINT [03/06 06:43:39 graph]: #Test_f1: 0.8246±0.0743
[2023-03-06 06:43:39] PRINT [03/06 06:43:39 graph]: Epoch 34: get test f1 score:  0.825
[2023-03-06 06:43:39] PRINT [03/06 06:43:39 graph]: best_f1 0.862 at epoch 19
[2023-03-06 06:43:39] PRINT [03/06 06:43:39 graph]: Epoch 35 | train_loss: 0.2434 | lr: 0.000138
[2023-03-06 06:43:42] PRINT [03/06 06:43:42 graph]: #Test_f1: 0.8193±0.0818
[2023-03-06 06:43:43] PRINT [03/06 06:43:43 graph]: Epoch 35: get test f1 score:  0.819
[2023-03-06 06:43:43] PRINT [03/06 06:43:43 graph]: best_f1 0.862 at epoch 19
[2023-03-06 06:43:43] PRINT [03/06 06:43:43 graph]: Epoch 36 | train_loss: 0.2237 | lr: 0.000138
[2023-03-06 06:43:45] PRINT [03/06 06:43:45 graph]: #Test_f1: 0.8137±0.0826
[2023-03-06 06:43:46] PRINT [03/06 06:43:46 graph]: Epoch 36: get test f1 score:  0.814
[2023-03-06 06:43:46] PRINT [03/06 06:43:46 graph]: best_f1 0.862 at epoch 19
[2023-03-06 06:43:46] PRINT [03/06 06:43:46 graph]: Epoch 37 | train_loss: 0.2333 | lr: 0.000138
[2023-03-06 06:43:49] PRINT [03/06 06:43:49 graph]: #Test_f1: 0.8406±0.0662
[2023-03-06 06:43:49] PRINT [03/06 06:43:49 graph]: Epoch 37: get test f1 score:  0.841
[2023-03-06 06:43:49] PRINT [03/06 06:43:49 graph]: best_f1 0.862 at epoch 19
[2023-03-06 06:43:49] PRINT [03/06 06:43:49 graph]: Epoch 38 | train_loss: 0.2373 | lr: 0.000138
[2023-03-06 06:43:52] PRINT [03/06 06:43:52 graph]: #Test_f1: 0.8462±0.0758
[2023-03-06 06:43:52] PRINT [03/06 06:43:52 graph]: Epoch 38: get test f1 score:  0.846
[2023-03-06 06:43:52] PRINT [03/06 06:43:52 graph]: best_f1 0.862 at epoch 19
[2023-03-06 06:43:52] PRINT [03/06 06:43:52 graph]: Epoch 39 | train_loss: 0.2400 | lr: 0.000138
[2023-03-06 06:43:55] PRINT [03/06 06:43:55 graph]: #Test_f1: 0.8462±0.0892
[2023-03-06 06:43:55] PRINT [03/06 06:43:55 graph]: Epoch 39: get test f1 score:  0.846
[2023-03-06 06:43:55] PRINT [03/06 06:43:55 graph]: best_f1 0.862 at epoch 19
[2023-03-06 06:43:56] PRINT [03/06 06:43:56 graph]: Epoch 40 | train_loss: 0.2381 | lr: 0.000138
[2023-03-06 06:43:58] PRINT [03/06 06:43:58 graph]: #Test_f1: 0.8462±0.0721
[2023-03-06 06:43:59] PRINT [03/06 06:43:59 graph]: Epoch 40: get test f1 score:  0.846
[2023-03-06 06:43:59] PRINT [03/06 06:43:59 graph]: best_f1 0.862 at epoch 19
[2023-03-06 06:43:59] PRINT [03/06 06:43:59 graph]: Epoch 41 | train_loss: 0.2386 | lr: 0.000138
[2023-03-06 06:44:02] PRINT [03/06 06:44:02 graph]: #Test_f1: 0.8567±0.0667
[2023-03-06 06:44:02] PRINT [03/06 06:44:02 graph]: Epoch 41: get test f1 score:  0.857
[2023-03-06 06:44:02] PRINT [03/06 06:44:02 graph]: best_f1 0.862 at epoch 19
[2023-03-06 06:44:02] PRINT [03/06 06:44:02 graph]: Epoch 42 | train_loss: 0.2263 | lr: 0.000138
[2023-03-06 06:44:05] PRINT [03/06 06:44:05 graph]: #Test_f1: 0.8567±0.0849
[2023-03-06 06:44:06] PRINT [03/06 06:44:06 graph]: Epoch 42: get test f1 score:  0.857
[2023-03-06 06:44:06] PRINT [03/06 06:44:06 graph]: best_f1 0.862 at epoch 19
[2023-03-06 06:44:06] PRINT [03/06 06:44:06 graph]: Epoch 43 | train_loss: 0.2358 | lr: 0.000138
[2023-03-06 06:44:09] PRINT [03/06 06:44:09 graph]: #Test_f1: 0.8620±0.0751
[2023-03-06 06:44:09] PRINT [03/06 06:44:09 graph]: Epoch 43: get test f1 score:  0.862
[2023-03-06 06:44:09] PRINT [03/06 06:44:09 graph]: best_f1 0.862 at epoch 19
[2023-03-06 06:44:09] PRINT [03/06 06:44:09 graph]: Epoch 44 | train_loss: 0.2379 | lr: 0.000138
[2023-03-06 06:44:12] PRINT [03/06 06:44:12 graph]: #Test_f1: 0.8673±0.0716
[2023-03-06 06:44:13] PRINT [03/06 06:44:13 graph]: Epoch 44: get test f1 score:  0.867
[2023-03-06 06:44:13] PRINT [03/06 06:44:13 graph]: best_f1 0.867 at epoch 44
[2023-03-06 06:44:13] PRINT [03/06 06:44:13 graph]: Epoch 45 | train_loss: 0.2258 | lr: 0.000138
[2023-03-06 06:44:16] PRINT [03/06 06:44:16 graph]: #Test_f1: 0.8515±0.0655
[2023-03-06 06:44:16] PRINT [03/06 06:44:16 graph]: Epoch 45: get test f1 score:  0.851
[2023-03-06 06:44:16] PRINT [03/06 06:44:16 graph]: best_f1 0.867 at epoch 44
[2023-03-06 06:44:16] PRINT [03/06 06:44:16 graph]: Epoch 46 | train_loss: 0.2303 | lr: 0.000138
[2023-03-06 06:44:19] PRINT [03/06 06:44:19 graph]: #Test_f1: 0.8567±0.0781
[2023-03-06 06:44:19] PRINT [03/06 06:44:19 graph]: Epoch 46: get test f1 score:  0.857
[2023-03-06 06:44:19] PRINT [03/06 06:44:19 graph]: best_f1 0.867 at epoch 44
[2023-03-06 06:44:19] PRINT [03/06 06:44:19 graph]: Epoch 47 | train_loss: 0.2326 | lr: 0.000138
[2023-03-06 06:44:23] PRINT [03/06 06:44:23 graph]: #Test_f1: 0.8357±0.0679
[2023-03-06 06:44:23] PRINT [03/06 06:44:23 graph]: Epoch 47: get test f1 score:  0.836
[2023-03-06 06:44:23] PRINT [03/06 06:44:23 graph]: best_f1 0.867 at epoch 44
[2023-03-06 06:44:24] PRINT [03/06 06:44:24 graph]: Epoch 48 | train_loss: 0.2384 | lr: 0.000138
[2023-03-06 06:44:26] PRINT [03/06 06:44:26 graph]: #Test_f1: 0.8462±0.0794
[2023-03-06 06:44:27] PRINT [03/06 06:44:27 graph]: Epoch 48: get test f1 score:  0.846
[2023-03-06 06:44:27] PRINT [03/06 06:44:27 graph]: best_f1 0.867 at epoch 44
[2023-03-06 06:44:27] PRINT [03/06 06:44:27 graph]: Epoch 49 | train_loss: 0.2385 | lr: 0.000138
[2023-03-06 06:44:30] PRINT [03/06 06:44:30 graph]: #Test_f1: 0.8409±0.0777
[2023-03-06 06:44:30] PRINT [03/06 06:44:30 graph]: Epoch 49: get test f1 score:  0.841
[2023-03-06 06:44:30] PRINT [03/06 06:44:30 graph]: best_f1 0.867 at epoch 44
[2023-03-06 06:44:30] PRINT [03/06 06:44:30 graph]: # final_acc: 0.8673±0.0000
