[2023-03-05 22:20:26] PRINT ---new cfg------
[2023-03-05 22:20:26] PRINT {'DATA': {'data_name': 'MUTAG', 'deg4feat': True}, 'DATALOADER': {'NUM_WORKERS': 0, 'BATCH_SIZE': 32}, 'MODEL': {'num_hidden': 512, 'num_layers': 2, 'nhead': 4, 'activation': 'prelu', 'attn_drop': 0.1, 'feat_drop': 0.5, 'norm': 'layernorm', 'pooler': 'mean', 'beta_schedule': 'sigmoid', 'beta_1': 0.00015990402639068832, 'beta_T': 0.04642617109316223, 'T': 510}, 'SOLVER': {'optim_type': 'adamw', 'optim_type_f': 'adamw', 'alpha': 0.8, 'decay': 40, 'LR': 0.00017029022955656535, 'weight_decay': 0.0005, 'MAX_EPOCH': 50}, 'DEVICE': 'cuda', 'seeds': [11], 'eval_T': [50, 100, 200], 'output_dir': '/root/autodl-tmp/ddm-nni/MUTAG/log', 'checkpoint_dir': '/root/autodl-tmp/ddm-nni/MUTAG/log/checkpoint'}
[2023-03-05 22:20:26] PRINT [03/05 22:20:26 graph]: Rank of current process: 0. World size: 1
[2023-03-05 22:20:30] PRINT [03/05 22:20:30 graph]: Environment info:
[2023-03-05 22:20:30] PRINT PyTorch version: 1.10.0+cu113
[2023-03-05 22:20:30] PRINT Is debug build: False
[2023-03-05 22:20:30] PRINT CUDA used to build PyTorch: 11.3
[2023-03-05 22:20:30] PRINT ROCM used to build PyTorch: N/A
[2023-03-05 22:20:30] PRINT 
[2023-03-05 22:20:30] PRINT OS: Ubuntu 20.04.3 LTS (x86_64)
[2023-03-05 22:20:30] PRINT GCC version: (Ubuntu 9.3.0-17ubuntu1~20.04) 9.3.0
[2023-03-05 22:20:30] PRINT Clang version: Could not collect
[2023-03-05 22:20:30] PRINT CMake version: version 3.16.3
[2023-03-05 22:20:30] PRINT Libc version: glibc-2.31
[2023-03-05 22:20:30] PRINT 
[2023-03-05 22:20:30] PRINT Python version: 3.8.10 (default, Jun  4 2021, 15:09:15)  [GCC 7.5.0] (64-bit runtime)
[2023-03-05 22:20:30] PRINT Python platform: Linux-5.4.0-90-generic-x86_64-with-glibc2.17
[2023-03-05 22:20:30] PRINT Is CUDA available: True
[2023-03-05 22:20:30] PRINT CUDA runtime version: 11.3.109
[2023-03-05 22:20:30] PRINT GPU models and configuration: GPU 0: NVIDIA GeForce RTX 3090
[2023-03-05 22:20:30] PRINT Nvidia driver version: 495.44
[2023-03-05 22:20:30] PRINT cuDNN version: Probably one of the following:
[2023-03-05 22:20:30] PRINT /usr/lib/x86_64-linux-gnu/libcudnn.so.8.2.0
[2023-03-05 22:20:30] PRINT /usr/lib/x86_64-linux-gnu/libcudnn_adv_infer.so.8.2.0
[2023-03-05 22:20:30] PRINT /usr/lib/x86_64-linux-gnu/libcudnn_adv_train.so.8.2.0
[2023-03-05 22:20:30] PRINT /usr/lib/x86_64-linux-gnu/libcudnn_cnn_infer.so.8.2.0
[2023-03-05 22:20:30] PRINT /usr/lib/x86_64-linux-gnu/libcudnn_cnn_train.so.8.2.0
[2023-03-05 22:20:30] PRINT /usr/lib/x86_64-linux-gnu/libcudnn_ops_infer.so.8.2.0
[2023-03-05 22:20:30] PRINT /usr/lib/x86_64-linux-gnu/libcudnn_ops_train.so.8.2.0
[2023-03-05 22:20:30] PRINT HIP runtime version: N/A
[2023-03-05 22:20:30] PRINT MIOpen runtime version: N/A
[2023-03-05 22:20:30] PRINT 
[2023-03-05 22:20:30] PRINT Versions of relevant libraries:
[2023-03-05 22:20:30] PRINT [pip3] numpy==1.23.5
[2023-03-05 22:20:30] PRINT [pip3] torch==1.10.0+cu113
[2023-03-05 22:20:30] PRINT [pip3] torchvision==0.11.1+cu113
[2023-03-05 22:20:30] PRINT [conda] blas                      1.0                         mkl    https://mirrors.ustc.edu.cn/anaconda/pkgs/main
[2023-03-05 22:20:30] PRINT [conda] mkl                       2021.4.0           h06a4308_640    https://mirrors.ustc.edu.cn/anaconda/pkgs/main
[2023-03-05 22:20:30] PRINT [conda] mkl-service               2.4.0            py38h7f8727e_0    https://mirrors.ustc.edu.cn/anaconda/pkgs/main
[2023-03-05 22:20:30] PRINT [conda] mkl_fft                   1.3.1            py38hd3c417c_0    https://mirrors.ustc.edu.cn/anaconda/pkgs/main
[2023-03-05 22:20:30] PRINT [conda] mkl_random                1.2.2            py38h51133e4_0    https://mirrors.ustc.edu.cn/anaconda/pkgs/main
[2023-03-05 22:20:30] PRINT [conda] numpy                     1.21.4                   pypi_0    pypi
[2023-03-05 22:20:30] PRINT [conda] numpy-base                1.23.5           py38h31eccc5_0    https://mirrors.ustc.edu.cn/anaconda/pkgs/main
[2023-03-05 22:20:30] PRINT [conda] torch                     1.10.0+cu113             pypi_0    pypi
[2023-03-05 22:20:30] PRINT [conda] torchvision               0.11.1+cu113             pypi_0    pypi
[2023-03-05 22:20:30] PRINT         Pillow (8.4.0)
[2023-03-05 22:20:30] PRINT [03/05 22:20:30 graph]: Command line arguments: Namespace(local_rank=0, resume=False, seed=1234, start_epoch=0)
[2023-03-05 22:20:30] PRINT Using degree as node features
[2023-03-05 22:20:30] PRINT ******** # Num Graphs: 188, # Num Feat: 5, # Num Classes: 2 ********
[2023-03-05 22:20:30] PRINT [03/05 22:20:30 graph]: Run 0th for seed 11
[2023-03-05 22:20:30] PRINT [03/05 22:20:30 graph]: Total trainable params num : 5002351
[2023-03-05 22:20:35] PRINT [03/05 22:20:35 graph]: ----------Start Training----------
[2023-03-05 22:20:36] PRINT [03/05 22:20:36 graph]: Epoch 0 | train_loss: 0.7874 | lr: 0.000170
[2023-03-05 22:20:36] PRINT [03/05 22:20:36 graph]: Epoch 1 | train_loss: 0.5510 | lr: 0.000170
[2023-03-05 22:20:36] PRINT [03/05 22:20:36 graph]: Epoch 2 | train_loss: 0.4620 | lr: 0.000170
[2023-03-05 22:20:39] PRINT [03/05 22:20:39 graph]: #Test_f1: 0.8351±0.0647
[2023-03-05 22:20:39] PRINT [03/05 22:20:39 graph]: Epoch 2: get test f1 score:  0.835
[2023-03-05 22:20:39] PRINT [03/05 22:20:39 graph]: best_f1 0.835 at epoch 2
[2023-03-05 22:20:39] PRINT [03/05 22:20:39 graph]: Epoch 3 | train_loss: 0.4191 | lr: 0.000170
[2023-03-05 22:20:42] PRINT [03/05 22:20:42 graph]: #Test_f1: 0.8193±0.0531
[2023-03-05 22:20:42] PRINT [03/05 22:20:42 graph]: Epoch 3: get test f1 score:  0.819
[2023-03-05 22:20:42] PRINT [03/05 22:20:42 graph]: best_f1 0.835 at epoch 2
[2023-03-05 22:20:43] PRINT [03/05 22:20:43 graph]: Epoch 4 | train_loss: 0.3931 | lr: 0.000170
[2023-03-05 22:20:46] PRINT [03/05 22:20:46 graph]: #Test_f1: 0.8351±0.0502
[2023-03-05 22:20:46] PRINT [03/05 22:20:46 graph]: Epoch 4: get test f1 score:  0.835
[2023-03-05 22:20:46] PRINT [03/05 22:20:46 graph]: best_f1 0.835 at epoch 4
[2023-03-05 22:20:46] PRINT [03/05 22:20:46 graph]: Epoch 5 | train_loss: 0.3556 | lr: 0.000170
[2023-03-05 22:20:49] PRINT [03/05 22:20:49 graph]: #Test_f1: 0.8301±0.0617
[2023-03-05 22:20:50] PRINT [03/05 22:20:50 graph]: Epoch 5: get test f1 score:  0.830
[2023-03-05 22:20:50] PRINT [03/05 22:20:50 graph]: best_f1 0.835 at epoch 4
[2023-03-05 22:20:50] PRINT [03/05 22:20:50 graph]: Epoch 6 | train_loss: 0.3566 | lr: 0.000170
[2023-03-05 22:20:53] PRINT [03/05 22:20:53 graph]: #Test_f1: 0.8243±0.0631
[2023-03-05 22:20:53] PRINT [03/05 22:20:53 graph]: Epoch 6: get test f1 score:  0.824
[2023-03-05 22:20:53] PRINT [03/05 22:20:53 graph]: best_f1 0.835 at epoch 4
[2023-03-05 22:20:53] PRINT [03/05 22:20:53 graph]: Epoch 7 | train_loss: 0.3468 | lr: 0.000170
[2023-03-05 22:20:57] PRINT [03/05 22:20:57 graph]: #Test_f1: 0.8406±0.0521
[2023-03-05 22:20:57] PRINT [03/05 22:20:57 graph]: Epoch 7: get test f1 score:  0.841
[2023-03-05 22:20:57] PRINT [03/05 22:20:57 graph]: best_f1 0.841 at epoch 7
[2023-03-05 22:20:57] PRINT [03/05 22:20:57 graph]: Epoch 8 | train_loss: 0.3261 | lr: 0.000170
[2023-03-05 22:21:00] PRINT [03/05 22:21:00 graph]: #Test_f1: 0.8243±0.0536
[2023-03-05 22:21:01] PRINT [03/05 22:21:01 graph]: Epoch 8: get test f1 score:  0.824
[2023-03-05 22:21:01] PRINT [03/05 22:21:01 graph]: best_f1 0.841 at epoch 7
[2023-03-05 22:21:01] PRINT [03/05 22:21:01 graph]: Epoch 9 | train_loss: 0.3114 | lr: 0.000170
[2023-03-05 22:21:04] PRINT [03/05 22:21:04 graph]: #Test_f1: 0.8462±0.0639
[2023-03-05 22:21:04] PRINT [03/05 22:21:04 graph]: Epoch 9: get test f1 score:  0.846
[2023-03-05 22:21:04] PRINT [03/05 22:21:04 graph]: best_f1 0.846 at epoch 9
[2023-03-05 22:21:05] PRINT [03/05 22:21:05 graph]: Epoch 10 | train_loss: 0.3067 | lr: 0.000170
[2023-03-05 22:21:08] PRINT [03/05 22:21:08 graph]: #Test_f1: 0.8456±0.0600
[2023-03-05 22:21:08] PRINT [03/05 22:21:08 graph]: Epoch 10: get test f1 score:  0.846
[2023-03-05 22:21:08] PRINT [03/05 22:21:08 graph]: best_f1 0.846 at epoch 9
[2023-03-05 22:21:08] PRINT [03/05 22:21:08 graph]: Epoch 11 | train_loss: 0.2997 | lr: 0.000170
[2023-03-05 22:21:11] PRINT [03/05 22:21:11 graph]: #Test_f1: 0.8459±0.0546
[2023-03-05 22:21:11] PRINT [03/05 22:21:11 graph]: Epoch 11: get test f1 score:  0.846
[2023-03-05 22:21:11] PRINT [03/05 22:21:11 graph]: best_f1 0.846 at epoch 9
[2023-03-05 22:21:12] PRINT [03/05 22:21:12 graph]: Epoch 12 | train_loss: 0.2806 | lr: 0.000170
[2023-03-05 22:21:14] PRINT [03/05 22:21:14 graph]: #Test_f1: 0.8406±0.0572
[2023-03-05 22:21:15] PRINT [03/05 22:21:15 graph]: Epoch 12: get test f1 score:  0.841
[2023-03-05 22:21:15] PRINT [03/05 22:21:15 graph]: best_f1 0.846 at epoch 9
[2023-03-05 22:21:15] PRINT [03/05 22:21:15 graph]: Epoch 13 | train_loss: 0.2863 | lr: 0.000170
[2023-03-05 22:21:18] PRINT [03/05 22:21:18 graph]: #Test_f1: 0.8404±0.0624
[2023-03-05 22:21:18] PRINT [03/05 22:21:18 graph]: Epoch 13: get test f1 score:  0.840
[2023-03-05 22:21:18] PRINT [03/05 22:21:18 graph]: best_f1 0.846 at epoch 9
[2023-03-05 22:21:18] PRINT [03/05 22:21:18 graph]: Epoch 14 | train_loss: 0.2694 | lr: 0.000170
[2023-03-05 22:21:21] PRINT [03/05 22:21:21 graph]: #Test_f1: 0.8567±0.0577
[2023-03-05 22:21:21] PRINT [03/05 22:21:21 graph]: Epoch 14: get test f1 score:  0.857
[2023-03-05 22:21:21] PRINT [03/05 22:21:21 graph]: best_f1 0.857 at epoch 14
[2023-03-05 22:21:22] PRINT [03/05 22:21:22 graph]: Epoch 15 | train_loss: 0.2576 | lr: 0.000170
[2023-03-05 22:21:24] PRINT [03/05 22:21:24 graph]: #Test_f1: 0.8675±0.0628
[2023-03-05 22:21:25] PRINT [03/05 22:21:25 graph]: Epoch 15: get test f1 score:  0.868
[2023-03-05 22:21:25] PRINT [03/05 22:21:25 graph]: best_f1 0.868 at epoch 15
[2023-03-05 22:21:25] PRINT [03/05 22:21:25 graph]: Epoch 16 | train_loss: 0.2648 | lr: 0.000170
[2023-03-05 22:21:28] PRINT [03/05 22:21:28 graph]: #Test_f1: 0.8351±0.0603
[2023-03-05 22:21:28] PRINT [03/05 22:21:28 graph]: Epoch 16: get test f1 score:  0.835
[2023-03-05 22:21:28] PRINT [03/05 22:21:28 graph]: best_f1 0.868 at epoch 15
[2023-03-05 22:21:28] PRINT [03/05 22:21:28 graph]: Epoch 17 | train_loss: 0.2538 | lr: 0.000170
[2023-03-05 22:21:31] PRINT [03/05 22:21:31 graph]: #Test_f1: 0.8404±0.0578
[2023-03-05 22:21:32] PRINT [03/05 22:21:32 graph]: Epoch 17: get test f1 score:  0.840
[2023-03-05 22:21:32] PRINT [03/05 22:21:32 graph]: best_f1 0.868 at epoch 15
[2023-03-05 22:21:32] PRINT [03/05 22:21:32 graph]: Epoch 18 | train_loss: 0.2425 | lr: 0.000170
[2023-03-05 22:21:35] PRINT [03/05 22:21:35 graph]: #Test_f1: 0.8404±0.0583
[2023-03-05 22:21:35] PRINT [03/05 22:21:35 graph]: Epoch 18: get test f1 score:  0.840
[2023-03-05 22:21:35] PRINT [03/05 22:21:35 graph]: best_f1 0.868 at epoch 15
[2023-03-05 22:21:35] PRINT [03/05 22:21:35 graph]: Epoch 19 | train_loss: 0.2477 | lr: 0.000170
[2023-03-05 22:21:38] PRINT [03/05 22:21:38 graph]: #Test_f1: 0.8515±0.0559
[2023-03-05 22:21:38] PRINT [03/05 22:21:38 graph]: Epoch 19: get test f1 score:  0.851
[2023-03-05 22:21:38] PRINT [03/05 22:21:38 graph]: best_f1 0.868 at epoch 15
[2023-03-05 22:21:39] PRINT [03/05 22:21:39 graph]: Epoch 20 | train_loss: 0.2312 | lr: 0.000170
[2023-03-05 22:21:42] PRINT [03/05 22:21:42 graph]: #Test_f1: 0.8404±0.0533
[2023-03-05 22:21:42] PRINT [03/05 22:21:42 graph]: Epoch 20: get test f1 score:  0.840
[2023-03-05 22:21:42] PRINT [03/05 22:21:42 graph]: best_f1 0.868 at epoch 15
[2023-03-05 22:21:42] PRINT [03/05 22:21:42 graph]: Epoch 21 | train_loss: 0.2285 | lr: 0.000170
[2023-03-05 22:21:45] PRINT [03/05 22:21:45 graph]: #Test_f1: 0.8561±0.0419
[2023-03-05 22:21:45] PRINT [03/05 22:21:45 graph]: Epoch 21: get test f1 score:  0.856
[2023-03-05 22:21:45] PRINT [03/05 22:21:45 graph]: best_f1 0.868 at epoch 15
[2023-03-05 22:21:46] PRINT [03/05 22:21:46 graph]: Epoch 22 | train_loss: 0.2298 | lr: 0.000170
[2023-03-05 22:21:48] PRINT [03/05 22:21:48 graph]: #Test_f1: 0.8512±0.0565
[2023-03-05 22:21:49] PRINT [03/05 22:21:49 graph]: Epoch 22: get test f1 score:  0.851
[2023-03-05 22:21:49] PRINT [03/05 22:21:49 graph]: best_f1 0.868 at epoch 15
[2023-03-05 22:21:49] PRINT [03/05 22:21:49 graph]: Epoch 23 | train_loss: 0.2235 | lr: 0.000170
[2023-03-05 22:21:52] PRINT [03/05 22:21:52 graph]: #Test_f1: 0.8456±0.0441
[2023-03-05 22:21:52] PRINT [03/05 22:21:52 graph]: Epoch 23: get test f1 score:  0.846
[2023-03-05 22:21:52] PRINT [03/05 22:21:52 graph]: best_f1 0.868 at epoch 15
[2023-03-05 22:21:52] PRINT [03/05 22:21:52 graph]: Epoch 24 | train_loss: 0.2261 | lr: 0.000170
[2023-03-05 22:21:55] PRINT [03/05 22:21:55 graph]: #Test_f1: 0.8670±0.0636
[2023-03-05 22:21:55] PRINT [03/05 22:21:55 graph]: Epoch 24: get test f1 score:  0.867
[2023-03-05 22:21:55] PRINT [03/05 22:21:55 graph]: best_f1 0.868 at epoch 15
[2023-03-05 22:21:56] PRINT [03/05 22:21:56 graph]: Epoch 25 | train_loss: 0.2156 | lr: 0.000170
[2023-03-05 22:21:58] PRINT [03/05 22:21:58 graph]: #Test_f1: 0.8512±0.0565
[2023-03-05 22:21:59] PRINT [03/05 22:21:59 graph]: Epoch 25: get test f1 score:  0.851
[2023-03-05 22:21:59] PRINT [03/05 22:21:59 graph]: best_f1 0.868 at epoch 15
[2023-03-05 22:21:59] PRINT [03/05 22:21:59 graph]: Epoch 26 | train_loss: 0.2113 | lr: 0.000170
[2023-03-05 22:22:02] PRINT [03/05 22:22:02 graph]: #Test_f1: 0.8564±0.0578
[2023-03-05 22:22:02] PRINT [03/05 22:22:02 graph]: Epoch 26: get test f1 score:  0.856
[2023-03-05 22:22:02] PRINT [03/05 22:22:02 graph]: best_f1 0.868 at epoch 15
[2023-03-05 22:22:02] PRINT [03/05 22:22:02 graph]: Epoch 27 | train_loss: 0.2092 | lr: 0.000170
[2023-03-05 22:22:05] PRINT [03/05 22:22:05 graph]: #Test_f1: 0.8670±0.0268
[2023-03-05 22:22:05] PRINT [03/05 22:22:05 graph]: Epoch 27: get test f1 score:  0.867
[2023-03-05 22:22:05] PRINT [03/05 22:22:05 graph]: best_f1 0.868 at epoch 15
[2023-03-05 22:22:05] PRINT [03/05 22:22:05 graph]: Epoch 28 | train_loss: 0.2039 | lr: 0.000170
[2023-03-05 22:22:08] PRINT [03/05 22:22:08 graph]: #Test_f1: 0.8617±0.0538
[2023-03-05 22:22:08] PRINT [03/05 22:22:08 graph]: Epoch 28: get test f1 score:  0.862
[2023-03-05 22:22:08] PRINT [03/05 22:22:08 graph]: best_f1 0.868 at epoch 15
[2023-03-05 22:22:09] PRINT [03/05 22:22:09 graph]: Epoch 29 | train_loss: 0.2000 | lr: 0.000170
[2023-03-05 22:22:11] PRINT [03/05 22:22:11 graph]: #Test_f1: 0.8614±0.0545
[2023-03-05 22:22:12] PRINT [03/05 22:22:12 graph]: Epoch 29: get test f1 score:  0.861
[2023-03-05 22:22:12] PRINT [03/05 22:22:12 graph]: best_f1 0.868 at epoch 15
[2023-03-05 22:22:12] PRINT [03/05 22:22:12 graph]: Epoch 30 | train_loss: 0.1944 | lr: 0.000170
[2023-03-05 22:22:15] PRINT [03/05 22:22:15 graph]: #Test_f1: 0.8509±0.0526
[2023-03-05 22:22:15] PRINT [03/05 22:22:15 graph]: Epoch 30: get test f1 score:  0.851
[2023-03-05 22:22:15] PRINT [03/05 22:22:15 graph]: best_f1 0.868 at epoch 15
[2023-03-05 22:22:15] PRINT [03/05 22:22:15 graph]: Epoch 31 | train_loss: 0.1919 | lr: 0.000170
[2023-03-05 22:22:18] PRINT [03/05 22:22:18 graph]: #Test_f1: 0.8775±0.0534
[2023-03-05 22:22:18] PRINT [03/05 22:22:18 graph]: Epoch 31: get test f1 score:  0.877
[2023-03-05 22:22:18] PRINT [03/05 22:22:18 graph]: best_f1 0.877 at epoch 31
[2023-03-05 22:22:19] PRINT [03/05 22:22:19 graph]: Epoch 32 | train_loss: 0.1877 | lr: 0.000170
[2023-03-05 22:22:22] PRINT [03/05 22:22:22 graph]: #Test_f1: 0.8722±0.0426
[2023-03-05 22:22:22] PRINT [03/05 22:22:22 graph]: Epoch 32: get test f1 score:  0.872
[2023-03-05 22:22:22] PRINT [03/05 22:22:22 graph]: best_f1 0.877 at epoch 31
[2023-03-05 22:22:22] PRINT [03/05 22:22:22 graph]: Epoch 33 | train_loss: 0.1822 | lr: 0.000170
[2023-03-05 22:22:25] PRINT [03/05 22:22:25 graph]: #Test_f1: 0.9038±0.0473
[2023-03-05 22:22:25] PRINT [03/05 22:22:25 graph]: Epoch 33: get test f1 score:  0.904
[2023-03-05 22:22:25] PRINT [03/05 22:22:25 graph]: best_f1 0.904 at epoch 33
[2023-03-05 22:22:26] PRINT [03/05 22:22:26 graph]: Epoch 34 | train_loss: 0.1797 | lr: 0.000170
[2023-03-05 22:22:28] PRINT [03/05 22:22:28 graph]: #Test_f1: 0.8719±0.0501
[2023-03-05 22:22:29] PRINT [03/05 22:22:29 graph]: Epoch 34: get test f1 score:  0.872
[2023-03-05 22:22:29] PRINT [03/05 22:22:29 graph]: best_f1 0.904 at epoch 33
[2023-03-05 22:22:29] PRINT [03/05 22:22:29 graph]: Epoch 35 | train_loss: 0.1812 | lr: 0.000170
[2023-03-05 22:22:32] PRINT [03/05 22:22:32 graph]: #Test_f1: 0.8561±0.0541
[2023-03-05 22:22:32] PRINT [03/05 22:22:32 graph]: Epoch 35: get test f1 score:  0.856
[2023-03-05 22:22:32] PRINT [03/05 22:22:32 graph]: best_f1 0.904 at epoch 33
[2023-03-05 22:22:32] PRINT [03/05 22:22:32 graph]: Epoch 36 | train_loss: 0.1787 | lr: 0.000170
[2023-03-05 22:22:35] PRINT [03/05 22:22:35 graph]: #Test_f1: 0.8670±0.0268
[2023-03-05 22:22:36] PRINT [03/05 22:22:36 graph]: Epoch 36: get test f1 score:  0.867
[2023-03-05 22:22:36] PRINT [03/05 22:22:36 graph]: best_f1 0.904 at epoch 33
[2023-03-05 22:22:36] PRINT [03/05 22:22:36 graph]: Epoch 37 | train_loss: 0.1746 | lr: 0.000170
[2023-03-05 22:22:39] PRINT [03/05 22:22:39 graph]: #Test_f1: 0.8778±0.0477
[2023-03-05 22:22:39] PRINT [03/05 22:22:39 graph]: Epoch 37: get test f1 score:  0.878
[2023-03-05 22:22:39] PRINT [03/05 22:22:39 graph]: best_f1 0.904 at epoch 33
[2023-03-05 22:22:39] PRINT [03/05 22:22:39 graph]: Epoch 38 | train_loss: 0.1722 | lr: 0.000170
[2023-03-05 22:22:42] PRINT [03/05 22:22:42 graph]: #Test_f1: 0.8614±0.0498
[2023-03-05 22:22:42] PRINT [03/05 22:22:42 graph]: Epoch 38: get test f1 score:  0.861
[2023-03-05 22:22:42] PRINT [03/05 22:22:42 graph]: best_f1 0.904 at epoch 33
[2023-03-05 22:22:42] PRINT [03/05 22:22:42 graph]: Epoch 39 | train_loss: 0.1754 | lr: 0.000170
[2023-03-05 22:22:45] PRINT [03/05 22:22:45 graph]: #Test_f1: 0.8722±0.0486
[2023-03-05 22:22:45] PRINT [03/05 22:22:45 graph]: Epoch 39: get test f1 score:  0.872
[2023-03-05 22:22:45] PRINT [03/05 22:22:45 graph]: best_f1 0.904 at epoch 33
[2023-03-05 22:22:46] PRINT [03/05 22:22:46 graph]: Epoch 40 | train_loss: 0.1697 | lr: 0.000136
[2023-03-05 22:22:49] PRINT [03/05 22:22:49 graph]: #Test_f1: 0.8886±0.0363
[2023-03-05 22:22:49] PRINT [03/05 22:22:49 graph]: Epoch 40: get test f1 score:  0.889
[2023-03-05 22:22:49] PRINT [03/05 22:22:49 graph]: best_f1 0.904 at epoch 33
[2023-03-05 22:22:49] PRINT [03/05 22:22:49 graph]: Epoch 41 | train_loss: 0.1710 | lr: 0.000136
[2023-03-05 22:22:52] PRINT [03/05 22:22:52 graph]: #Test_f1: 0.8614±0.0498
[2023-03-05 22:22:52] PRINT [03/05 22:22:52 graph]: Epoch 41: get test f1 score:  0.861
[2023-03-05 22:22:52] PRINT [03/05 22:22:52 graph]: best_f1 0.904 at epoch 33
[2023-03-05 22:22:52] PRINT [03/05 22:22:52 graph]: Epoch 42 | train_loss: 0.1695 | lr: 0.000136
[2023-03-05 22:22:55] PRINT [03/05 22:22:55 graph]: #Test_f1: 0.8722±0.0499
[2023-03-05 22:22:55] PRINT [03/05 22:22:55 graph]: Epoch 42: get test f1 score:  0.872
[2023-03-05 22:22:55] PRINT [03/05 22:22:55 graph]: best_f1 0.904 at epoch 33
[2023-03-05 22:22:56] PRINT [03/05 22:22:56 graph]: Epoch 43 | train_loss: 0.1704 | lr: 0.000136
[2023-03-05 22:22:58] PRINT [03/05 22:22:58 graph]: #Test_f1: 0.8509±0.0408
[2023-03-05 22:22:58] PRINT [03/05 22:22:58 graph]: Epoch 43: get test f1 score:  0.851
[2023-03-05 22:22:58] PRINT [03/05 22:22:58 graph]: best_f1 0.904 at epoch 33
[2023-03-05 22:22:59] PRINT [03/05 22:22:59 graph]: Epoch 44 | train_loss: 0.1669 | lr: 0.000136
[2023-03-05 22:23:02] PRINT [03/05 22:23:02 graph]: #Test_f1: 0.8564±0.0410
[2023-03-05 22:23:02] PRINT [03/05 22:23:02 graph]: Epoch 44: get test f1 score:  0.856
[2023-03-05 22:23:02] PRINT [03/05 22:23:02 graph]: best_f1 0.904 at epoch 33
[2023-03-05 22:23:02] PRINT [03/05 22:23:02 graph]: Epoch 45 | train_loss: 0.1663 | lr: 0.000136
[2023-03-05 22:23:05] PRINT [03/05 22:23:05 graph]: #Test_f1: 0.8614±0.0370
[2023-03-05 22:23:05] PRINT [03/05 22:23:05 graph]: Epoch 45: get test f1 score:  0.861
[2023-03-05 22:23:05] PRINT [03/05 22:23:05 graph]: best_f1 0.904 at epoch 33
[2023-03-05 22:23:05] PRINT [03/05 22:23:05 graph]: Epoch 46 | train_loss: 0.1567 | lr: 0.000136
[2023-03-05 22:23:08] PRINT [03/05 22:23:08 graph]: #Test_f1: 0.8614±0.0370
[2023-03-05 22:23:09] PRINT [03/05 22:23:09 graph]: Epoch 46: get test f1 score:  0.861
[2023-03-05 22:23:09] PRINT [03/05 22:23:09 graph]: best_f1 0.904 at epoch 33
[2023-03-05 22:23:09] PRINT [03/05 22:23:09 graph]: Epoch 47 | train_loss: 0.1582 | lr: 0.000136
[2023-03-05 22:23:12] PRINT [03/05 22:23:12 graph]: #Test_f1: 0.8778±0.0477
[2023-03-05 22:23:12] PRINT [03/05 22:23:12 graph]: Epoch 47: get test f1 score:  0.878
[2023-03-05 22:23:12] PRINT [03/05 22:23:12 graph]: best_f1 0.904 at epoch 33
[2023-03-05 22:23:12] PRINT [03/05 22:23:12 graph]: Epoch 48 | train_loss: 0.1663 | lr: 0.000136
[2023-03-05 22:23:15] PRINT [03/05 22:23:15 graph]: #Test_f1: 0.8614±0.0498
[2023-03-05 22:23:15] PRINT [03/05 22:23:15 graph]: Epoch 48: get test f1 score:  0.861
[2023-03-05 22:23:15] PRINT [03/05 22:23:15 graph]: best_f1 0.904 at epoch 33
[2023-03-05 22:23:16] PRINT [03/05 22:23:16 graph]: Epoch 49 | train_loss: 0.1597 | lr: 0.000136
[2023-03-05 22:23:19] PRINT [03/05 22:23:19 graph]: #Test_f1: 0.8509±0.0471
[2023-03-05 22:23:19] PRINT [03/05 22:23:19 graph]: Epoch 49: get test f1 score:  0.851
[2023-03-05 22:23:19] PRINT [03/05 22:23:19 graph]: best_f1 0.904 at epoch 33
[2023-03-05 22:23:19] PRINT [03/05 22:23:19 graph]: # final_acc: 0.9038±0.0000
