[2023-04-06 10:43:22] PRINT ---new cfg------
[2023-04-06 10:43:22] PRINT {'DATA': {'data_name': 'REDDIT-BINARY', 'deg4feat': False}, 'DATALOADER': {'NUM_WORKERS': 0, 'BATCH_SIZE': 32}, 'MODEL': {'num_hidden': 512, 'num_layers': 2, 'nhead': 8, 'activation': 'prelu', 'attn_drop': 0.1, 'feat_drop': 0.1, 'norm': 'layernorm', 'pooler': 'mean', 'beta_schedule': 'linear', 'beta_1': 0.00028551329547256307, 'beta_T': 0.03648972502487716, 'T': 545}, 'SOLVER': {'optim_type': 'adamw', 'optim_type_f': 'adamw', 'alpha': 0.4, 'decay': 10, 'LR': 0.0008955966424846692, 'weight_decay': 0.0005, 'MAX_EPOCH': 50}, 'DEVICE': 'cuda', 'seeds': [11], 'eval_T': [50, 100, 200], 'output_dir': '/ddm-nni/REDDIT-B/log', 'checkpoint_dir': '/ddm-nni/REDDIT-B/log/checkpoint'}
[2023-04-06 10:43:22] PRINT [04/06 10:43:22 graph]: Rank of current process: 0. World size: 1
[2023-04-06 10:43:25] PRINT [04/06 10:43:25 graph]: Environment info:
[2023-04-06 10:43:25] PRINT PyTorch version: 1.10.0+cu113
[2023-04-06 10:43:25] PRINT Is debug build: False
[2023-04-06 10:43:25] PRINT CUDA used to build PyTorch: 11.3
[2023-04-06 10:43:25] PRINT ROCM used to build PyTorch: N/A
[2023-04-06 10:43:25] PRINT 
[2023-04-06 10:43:25] PRINT OS: Ubuntu 20.04.3 LTS (x86_64)
[2023-04-06 10:43:25] PRINT GCC version: (Ubuntu 9.3.0-17ubuntu1~20.04) 9.3.0
[2023-04-06 10:43:25] PRINT Clang version: Could not collect
[2023-04-06 10:43:25] PRINT CMake version: version 3.16.3
[2023-04-06 10:43:25] PRINT Libc version: glibc-2.31
[2023-04-06 10:43:25] PRINT 
[2023-04-06 10:43:25] PRINT Python version: 3.8.10 (default, Jun  4 2021, 15:09:15)  [GCC 7.5.0] (64-bit runtime)
[2023-04-06 10:43:25] PRINT Python platform: Linux-5.4.0-90-generic-x86_64-with-glibc2.17
[2023-04-06 10:43:25] PRINT Is CUDA available: True
[2023-04-06 10:43:25] PRINT CUDA runtime version: 11.3.109
[2023-04-06 10:43:25] PRINT GPU models and configuration: GPU 0: NVIDIA GeForce RTX 3090
[2023-04-06 10:43:25] PRINT Nvidia driver version: 495.44
[2023-04-06 10:43:25] PRINT cuDNN version: Probably one of the following:
[2023-04-06 10:43:25] PRINT /usr/lib/x86_64-linux-gnu/libcudnn.so.8.2.0
[2023-04-06 10:43:25] PRINT /usr/lib/x86_64-linux-gnu/libcudnn_adv_infer.so.8.2.0
[2023-04-06 10:43:25] PRINT /usr/lib/x86_64-linux-gnu/libcudnn_adv_train.so.8.2.0
[2023-04-06 10:43:25] PRINT /usr/lib/x86_64-linux-gnu/libcudnn_cnn_infer.so.8.2.0
[2023-04-06 10:43:25] PRINT /usr/lib/x86_64-linux-gnu/libcudnn_cnn_train.so.8.2.0
[2023-04-06 10:43:25] PRINT /usr/lib/x86_64-linux-gnu/libcudnn_ops_infer.so.8.2.0
[2023-04-06 10:43:25] PRINT /usr/lib/x86_64-linux-gnu/libcudnn_ops_train.so.8.2.0
[2023-04-06 10:43:25] PRINT HIP runtime version: N/A
[2023-04-06 10:43:25] PRINT MIOpen runtime version: N/A
[2023-04-06 10:43:25] PRINT 
[2023-04-06 10:43:25] PRINT Versions of relevant libraries:
[2023-04-06 10:43:25] PRINT [pip3] numpy==1.23.5
[2023-04-06 10:43:25] PRINT [pip3] torch==1.10.0+cu113
[2023-04-06 10:43:25] PRINT [pip3] torchvision==0.11.1+cu113
[2023-04-06 10:43:25] PRINT [conda] blas                      1.0                         mkl    https://mirrors.ustc.edu.cn/anaconda/pkgs/main
[2023-04-06 10:43:25] PRINT [conda] mkl                       2021.4.0           h06a4308_640    https://mirrors.ustc.edu.cn/anaconda/pkgs/main
[2023-04-06 10:43:25] PRINT [conda] mkl-service               2.4.0            py38h7f8727e_0    https://mirrors.ustc.edu.cn/anaconda/pkgs/main
[2023-04-06 10:43:25] PRINT [conda] mkl_fft                   1.3.1            py38hd3c417c_0    https://mirrors.ustc.edu.cn/anaconda/pkgs/main
[2023-04-06 10:43:25] PRINT [conda] mkl_random                1.2.2            py38h51133e4_0    https://mirrors.ustc.edu.cn/anaconda/pkgs/main
[2023-04-06 10:43:25] PRINT [conda] numpy                     1.21.4                   pypi_0    pypi
[2023-04-06 10:43:25] PRINT [conda] numpy-base                1.23.5           py38h31eccc5_0    https://mirrors.ustc.edu.cn/anaconda/pkgs/main
[2023-04-06 10:43:25] PRINT [conda] torch                     1.10.0+cu113             pypi_0    pypi
[2023-04-06 10:43:25] PRINT [conda] torchvision               0.11.1+cu113             pypi_0    pypi
[2023-04-06 10:43:25] PRINT         Pillow (8.4.0)
[2023-04-06 10:43:25] PRINT [04/06 10:43:25 graph]: Command line arguments: Namespace(local_rank=0, resume=False, seed=1234, start_epoch=0)
[2023-04-06 10:43:25] PRINT Using degree as node features
[2023-04-06 10:43:36] PRINT ******** # Num Graphs: 2000, # Num Feat: 401, # Num Classes: 2 ********
[2023-04-06 10:43:36] PRINT [04/06 10:43:36 graph]: Run 0th for seed 11
[2023-04-06 10:43:36] PRINT [04/06 10:43:36 graph]: Total trainable params num : 6113231
[2023-04-06 10:43:40] PRINT [04/06 10:43:40 graph]: ----------Start Training----------
[2023-04-06 10:43:45] PRINT [04/06 10:43:45 graph]: Epoch 0 | train_loss: 0.5906 | lr: 0.000896
[2023-04-06 10:43:49] PRINT [04/06 10:43:49 graph]: Epoch 1 | train_loss: 0.4383 | lr: 0.000896
[2023-04-06 10:43:52] PRINT [04/06 10:43:52 graph]: Epoch 2 | train_loss: 0.2793 | lr: 0.000896
[2023-04-06 10:44:53] PRINT [04/06 10:44:53 graph]: #Test_f1: 0.7005±0.0321
[2023-04-06 10:44:54] PRINT [04/06 10:44:54 graph]: Epoch 2: get test f1 score:  0.701
[2023-04-06 10:44:54] PRINT [04/06 10:44:54 graph]: best_f1 0.701 at epoch 2
[2023-04-06 10:44:57] PRINT [04/06 10:44:57 graph]: Epoch 3 | train_loss: 0.2661 | lr: 0.000896
[2023-04-06 10:45:58] PRINT [04/06 10:45:58 graph]: #Test_f1: 0.7135±0.0300
[2023-04-06 10:45:58] PRINT [04/06 10:45:58 graph]: Epoch 3: get test f1 score:  0.714
[2023-04-06 10:45:58] PRINT [04/06 10:45:58 graph]: best_f1 0.714 at epoch 3
[2023-04-06 10:46:02] PRINT [04/06 10:46:02 graph]: Epoch 4 | train_loss: 0.2628 | lr: 0.000896
[2023-04-06 10:47:04] PRINT [04/06 10:47:04 graph]: #Test_f1: 0.7175±0.0371
[2023-04-06 10:47:04] PRINT [04/06 10:47:04 graph]: Epoch 4: get test f1 score:  0.718
[2023-04-06 10:47:04] PRINT [04/06 10:47:04 graph]: best_f1 0.718 at epoch 4
[2023-04-06 10:47:08] PRINT [04/06 10:47:08 graph]: Epoch 5 | train_loss: 0.2550 | lr: 0.000896
[2023-04-06 10:48:04] PRINT [04/06 10:48:04 graph]: #Test_f1: 0.7675±0.0298
[2023-04-06 10:48:04] PRINT [04/06 10:48:04 graph]: Epoch 5: get test f1 score:  0.767
[2023-04-06 10:48:04] PRINT [04/06 10:48:04 graph]: best_f1 0.767 at epoch 5
[2023-04-06 10:48:08] PRINT [04/06 10:48:08 graph]: Epoch 6 | train_loss: 0.2551 | lr: 0.000896
[2023-04-06 10:49:07] PRINT [04/06 10:49:07 graph]: #Test_f1: 0.7170±0.0422
[2023-04-06 10:49:08] PRINT [04/06 10:49:08 graph]: Epoch 6: get test f1 score:  0.717
[2023-04-06 10:49:08] PRINT [04/06 10:49:08 graph]: best_f1 0.767 at epoch 5
[2023-04-06 10:49:11] PRINT [04/06 10:49:11 graph]: Epoch 7 | train_loss: 0.2446 | lr: 0.000896
[2023-04-06 10:50:09] PRINT [04/06 10:50:09 graph]: #Test_f1: 0.7345±0.0400
[2023-04-06 10:50:10] PRINT [04/06 10:50:10 graph]: Epoch 7: get test f1 score:  0.734
[2023-04-06 10:50:10] PRINT [04/06 10:50:10 graph]: best_f1 0.767 at epoch 5
[2023-04-06 10:50:13] PRINT [04/06 10:50:13 graph]: Epoch 8 | train_loss: 0.2504 | lr: 0.000896
[2023-04-06 10:51:12] PRINT [04/06 10:51:12 graph]: #Test_f1: 0.7215±0.0361
[2023-04-06 10:51:12] PRINT [04/06 10:51:12 graph]: Epoch 8: get test f1 score:  0.722
[2023-04-06 10:51:12] PRINT [04/06 10:51:12 graph]: best_f1 0.767 at epoch 5
[2023-04-06 10:51:16] PRINT [04/06 10:51:16 graph]: Epoch 9 | train_loss: 0.3972 | lr: 0.000896
[2023-04-06 10:52:16] PRINT [04/06 10:52:16 graph]: #Test_f1: 0.6800±0.0407
[2023-04-06 10:52:16] PRINT [04/06 10:52:16 graph]: Epoch 9: get test f1 score:  0.680
[2023-04-06 10:52:16] PRINT [04/06 10:52:16 graph]: best_f1 0.767 at epoch 5
[2023-04-06 10:52:20] PRINT [04/06 10:52:20 graph]: Epoch 10 | train_loss: 0.3809 | lr: 0.000358
[2023-04-06 10:53:20] PRINT [04/06 10:53:20 graph]: #Test_f1: 0.6550±0.0292
[2023-04-06 10:53:20] PRINT [04/06 10:53:20 graph]: Epoch 10: get test f1 score:  0.655
[2023-04-06 10:53:20] PRINT [04/06 10:53:20 graph]: best_f1 0.767 at epoch 5
[2023-04-06 10:53:24] PRINT [04/06 10:53:24 graph]: Epoch 11 | train_loss: 0.3225 | lr: 0.000358
[2023-04-06 10:54:25] PRINT [04/06 10:54:25 graph]: #Test_f1: 0.6880±0.0351
[2023-04-06 10:54:26] PRINT [04/06 10:54:26 graph]: Epoch 11: get test f1 score:  0.688
[2023-04-06 10:54:26] PRINT [04/06 10:54:26 graph]: best_f1 0.767 at epoch 5
[2023-04-06 10:54:29] PRINT [04/06 10:54:29 graph]: Epoch 12 | train_loss: 0.2725 | lr: 0.000358
[2023-04-06 10:55:31] PRINT [04/06 10:55:31 graph]: #Test_f1: 0.7115±0.0359
[2023-04-06 10:55:31] PRINT [04/06 10:55:31 graph]: Epoch 12: get test f1 score:  0.712
[2023-04-06 10:55:31] PRINT [04/06 10:55:31 graph]: best_f1 0.767 at epoch 5
[2023-04-06 10:55:34] PRINT [04/06 10:55:34 graph]: Epoch 13 | train_loss: 0.2560 | lr: 0.000358
[2023-04-06 10:56:35] PRINT [04/06 10:56:35 graph]: #Test_f1: 0.7100±0.0432
[2023-04-06 10:56:36] PRINT [04/06 10:56:36 graph]: Epoch 13: get test f1 score:  0.710
[2023-04-06 10:56:36] PRINT [04/06 10:56:36 graph]: best_f1 0.767 at epoch 5
[2023-04-06 10:56:39] PRINT [04/06 10:56:39 graph]: Epoch 14 | train_loss: 0.2563 | lr: 0.000358
[2023-04-06 10:57:40] PRINT [04/06 10:57:40 graph]: #Test_f1: 0.7115±0.0376
[2023-04-06 10:57:40] PRINT [04/06 10:57:40 graph]: Epoch 14: get test f1 score:  0.712
[2023-04-06 10:57:40] PRINT [04/06 10:57:40 graph]: best_f1 0.767 at epoch 5
[2023-04-06 10:57:43] PRINT [04/06 10:57:43 graph]: Epoch 15 | train_loss: 0.2512 | lr: 0.000358
[2023-04-06 10:58:44] PRINT [04/06 10:58:44 graph]: #Test_f1: 0.7275±0.0382
[2023-04-06 10:58:45] PRINT [04/06 10:58:45 graph]: Epoch 15: get test f1 score:  0.728
[2023-04-06 10:58:45] PRINT [04/06 10:58:45 graph]: best_f1 0.767 at epoch 5
[2023-04-06 10:58:48] PRINT [04/06 10:58:48 graph]: Epoch 16 | train_loss: 0.2446 | lr: 0.000358
[2023-04-06 10:59:49] PRINT [04/06 10:59:49 graph]: #Test_f1: 0.7365±0.0421
[2023-04-06 10:59:50] PRINT [04/06 10:59:50 graph]: Epoch 16: get test f1 score:  0.737
[2023-04-06 10:59:50] PRINT [04/06 10:59:50 graph]: best_f1 0.767 at epoch 5
[2023-04-06 10:59:53] PRINT [04/06 10:59:53 graph]: Epoch 17 | train_loss: 0.2404 | lr: 0.000358
[2023-04-06 11:00:56] PRINT [04/06 11:00:56 graph]: #Test_f1: 0.7155±0.0353
[2023-04-06 11:00:56] PRINT [04/06 11:00:56 graph]: Epoch 17: get test f1 score:  0.716
[2023-04-06 11:00:56] PRINT [04/06 11:00:56 graph]: best_f1 0.767 at epoch 5
[2023-04-06 11:00:59] PRINT [04/06 11:00:59 graph]: Epoch 18 | train_loss: 0.2341 | lr: 0.000358
[2023-04-06 11:02:01] PRINT [04/06 11:02:01 graph]: #Test_f1: 0.7215±0.0386
[2023-04-06 11:02:02] PRINT [04/06 11:02:02 graph]: Epoch 18: get test f1 score:  0.722
[2023-04-06 11:02:02] PRINT [04/06 11:02:02 graph]: best_f1 0.767 at epoch 5
[2023-04-06 11:02:05] PRINT [04/06 11:02:05 graph]: Epoch 19 | train_loss: 0.2247 | lr: 0.000358
[2023-04-06 11:03:07] PRINT [04/06 11:03:07 graph]: #Test_f1: 0.7405±0.0413
[2023-04-06 11:03:07] PRINT [04/06 11:03:07 graph]: Epoch 19: get test f1 score:  0.741
[2023-04-06 11:03:07] PRINT [04/06 11:03:07 graph]: best_f1 0.767 at epoch 5
[2023-04-06 11:03:11] PRINT [04/06 11:03:11 graph]: Epoch 20 | train_loss: 0.2196 | lr: 0.000143
[2023-04-06 11:04:14] PRINT [04/06 11:04:14 graph]: #Test_f1: 0.7225±0.0332
[2023-04-06 11:04:14] PRINT [04/06 11:04:14 graph]: Epoch 20: get test f1 score:  0.722
[2023-04-06 11:04:14] PRINT [04/06 11:04:14 graph]: best_f1 0.767 at epoch 5
[2023-04-06 11:04:17] PRINT [04/06 11:04:17 graph]: Epoch 21 | train_loss: 0.2158 | lr: 0.000143
[2023-04-06 11:05:19] PRINT [04/06 11:05:19 graph]: #Test_f1: 0.7215±0.0293
[2023-04-06 11:05:20] PRINT [04/06 11:05:20 graph]: Epoch 21: get test f1 score:  0.722
[2023-04-06 11:05:20] PRINT [04/06 11:05:20 graph]: best_f1 0.767 at epoch 5
[2023-04-06 11:05:23] PRINT [04/06 11:05:23 graph]: Epoch 22 | train_loss: 0.2134 | lr: 0.000143
[2023-04-06 11:06:25] PRINT [04/06 11:06:25 graph]: #Test_f1: 0.7210±0.0377
[2023-04-06 11:06:25] PRINT [04/06 11:06:25 graph]: Epoch 22: get test f1 score:  0.721
[2023-04-06 11:06:25] PRINT [04/06 11:06:25 graph]: best_f1 0.767 at epoch 5
[2023-04-06 11:06:28] PRINT [04/06 11:06:28 graph]: Epoch 23 | train_loss: 0.2123 | lr: 0.000143
[2023-04-06 11:07:35] PRINT [04/06 11:07:35 graph]: #Test_f1: 0.7115±0.0335
[2023-04-06 11:07:35] PRINT [04/06 11:07:35 graph]: Epoch 23: get test f1 score:  0.712
[2023-04-06 11:07:35] PRINT [04/06 11:07:35 graph]: best_f1 0.767 at epoch 5
[2023-04-06 11:07:38] PRINT [04/06 11:07:38 graph]: Epoch 24 | train_loss: 0.2070 | lr: 0.000143
[2023-04-06 11:08:47] PRINT [04/06 11:08:47 graph]: #Test_f1: 0.7145±0.0352
[2023-04-06 11:08:47] PRINT [04/06 11:08:47 graph]: Epoch 24: get test f1 score:  0.715
[2023-04-06 11:08:47] PRINT [04/06 11:08:47 graph]: best_f1 0.767 at epoch 5
[2023-04-06 11:08:51] PRINT [04/06 11:08:51 graph]: Epoch 25 | train_loss: 0.2071 | lr: 0.000143
[2023-04-06 11:09:58] PRINT [04/06 11:09:58 graph]: #Test_f1: 0.7190±0.0327
[2023-04-06 11:09:58] PRINT [04/06 11:09:58 graph]: Epoch 25: get test f1 score:  0.719
[2023-04-06 11:09:58] PRINT [04/06 11:09:58 graph]: best_f1 0.767 at epoch 5
[2023-04-06 11:10:01] PRINT [04/06 11:10:01 graph]: Epoch 26 | train_loss: 0.2055 | lr: 0.000143
[2023-04-06 11:11:09] PRINT [04/06 11:11:09 graph]: #Test_f1: 0.7265±0.0350
[2023-04-06 11:11:10] PRINT [04/06 11:11:10 graph]: Epoch 26: get test f1 score:  0.727
[2023-04-06 11:11:10] PRINT [04/06 11:11:10 graph]: best_f1 0.767 at epoch 5
[2023-04-06 11:11:13] PRINT [04/06 11:11:13 graph]: Epoch 27 | train_loss: 0.2287 | lr: 0.000143
[2023-04-06 11:12:21] PRINT [04/06 11:12:21 graph]: #Test_f1: 0.7400±0.0312
[2023-04-06 11:12:21] PRINT [04/06 11:12:21 graph]: Epoch 27: get test f1 score:  0.740
[2023-04-06 11:12:21] PRINT [04/06 11:12:21 graph]: best_f1 0.767 at epoch 5
[2023-04-06 11:12:25] PRINT [04/06 11:12:25 graph]: Epoch 28 | train_loss: 0.2466 | lr: 0.000143
[2023-04-06 11:13:31] PRINT [04/06 11:13:31 graph]: #Test_f1: 0.7405±0.0342
[2023-04-06 11:13:32] PRINT [04/06 11:13:32 graph]: Epoch 28: get test f1 score:  0.740
[2023-04-06 11:13:32] PRINT [04/06 11:13:32 graph]: best_f1 0.767 at epoch 5
[2023-04-06 11:13:35] PRINT [04/06 11:13:35 graph]: Epoch 29 | train_loss: 0.2433 | lr: 0.000143
[2023-04-06 11:14:42] PRINT [04/06 11:14:42 graph]: #Test_f1: 0.7510±0.0337
[2023-04-06 11:14:42] PRINT [04/06 11:14:42 graph]: Epoch 29: get test f1 score:  0.751
[2023-04-06 11:14:42] PRINT [04/06 11:14:42 graph]: best_f1 0.767 at epoch 5
[2023-04-06 11:14:46] PRINT [04/06 11:14:46 graph]: Epoch 30 | train_loss: 0.2425 | lr: 0.000057
[2023-04-06 11:15:52] PRINT [04/06 11:15:52 graph]: #Test_f1: 0.7340±0.0323
[2023-04-06 11:15:53] PRINT [04/06 11:15:53 graph]: Epoch 30: get test f1 score:  0.734
[2023-04-06 11:15:53] PRINT [04/06 11:15:53 graph]: best_f1 0.767 at epoch 5
[2023-04-06 11:15:56] PRINT [04/06 11:15:56 graph]: Epoch 31 | train_loss: 0.2413 | lr: 0.000057
[2023-04-06 11:17:03] PRINT [04/06 11:17:03 graph]: #Test_f1: 0.7530±0.0405
[2023-04-06 11:17:03] PRINT [04/06 11:17:03 graph]: Epoch 31: get test f1 score:  0.753
[2023-04-06 11:17:03] PRINT [04/06 11:17:03 graph]: best_f1 0.767 at epoch 5
[2023-04-06 11:17:07] PRINT [04/06 11:17:07 graph]: Epoch 32 | train_loss: 0.2379 | lr: 0.000057
[2023-04-06 11:18:13] PRINT [04/06 11:18:13 graph]: #Test_f1: 0.7415±0.0316
[2023-04-06 11:18:14] PRINT [04/06 11:18:14 graph]: Epoch 32: get test f1 score:  0.742
[2023-04-06 11:18:14] PRINT [04/06 11:18:14 graph]: best_f1 0.767 at epoch 5
[2023-04-06 11:18:17] PRINT [04/06 11:18:17 graph]: Epoch 33 | train_loss: 0.2376 | lr: 0.000057
[2023-04-06 11:19:23] PRINT [04/06 11:19:23 graph]: #Test_f1: 0.7390±0.0403
[2023-04-06 11:19:23] PRINT [04/06 11:19:23 graph]: Epoch 33: get test f1 score:  0.739
[2023-04-06 11:19:23] PRINT [04/06 11:19:23 graph]: best_f1 0.767 at epoch 5
[2023-04-06 11:19:27] PRINT [04/06 11:19:27 graph]: Epoch 34 | train_loss: 0.2370 | lr: 0.000057
[2023-04-06 11:20:31] PRINT [04/06 11:20:31 graph]: #Test_f1: 0.7335±0.0391
[2023-04-06 11:20:31] PRINT [04/06 11:20:31 graph]: Epoch 34: get test f1 score:  0.733
[2023-04-06 11:20:31] PRINT [04/06 11:20:31 graph]: best_f1 0.767 at epoch 5
[2023-04-06 11:20:35] PRINT [04/06 11:20:35 graph]: Epoch 35 | train_loss: 0.2350 | lr: 0.000057
[2023-04-06 11:21:34] PRINT [04/06 11:21:34 graph]: #Test_f1: 0.7380±0.0336
[2023-04-06 11:21:35] PRINT [04/06 11:21:35 graph]: Epoch 35: get test f1 score:  0.738
[2023-04-06 11:21:35] PRINT [04/06 11:21:35 graph]: best_f1 0.767 at epoch 5
[2023-04-06 11:21:38] PRINT [04/06 11:21:38 graph]: Epoch 36 | train_loss: 0.2397 | lr: 0.000057
[2023-04-06 11:22:38] PRINT [04/06 11:22:38 graph]: #Test_f1: 0.7395±0.0374
[2023-04-06 11:22:38] PRINT [04/06 11:22:38 graph]: Epoch 36: get test f1 score:  0.739
[2023-04-06 11:22:38] PRINT [04/06 11:22:38 graph]: best_f1 0.767 at epoch 5
[2023-04-06 11:22:42] PRINT [04/06 11:22:42 graph]: Epoch 37 | train_loss: 0.2433 | lr: 0.000057
[2023-04-06 11:23:42] PRINT [04/06 11:23:42 graph]: #Test_f1: 0.7425±0.0470
[2023-04-06 11:23:42] PRINT [04/06 11:23:42 graph]: Epoch 37: get test f1 score:  0.742
[2023-04-06 11:23:42] PRINT [04/06 11:23:42 graph]: best_f1 0.767 at epoch 5
[2023-04-06 11:23:46] PRINT [04/06 11:23:46 graph]: Epoch 38 | train_loss: 0.2415 | lr: 0.000057
[2023-04-06 11:24:43] PRINT [04/06 11:24:43 graph]: #Test_f1: 0.7390±0.0413
[2023-04-06 11:24:43] PRINT [04/06 11:24:43 graph]: Epoch 38: get test f1 score:  0.739
[2023-04-06 11:24:43] PRINT [04/06 11:24:43 graph]: best_f1 0.767 at epoch 5
[2023-04-06 11:24:46] PRINT [04/06 11:24:46 graph]: Epoch 39 | train_loss: 0.2385 | lr: 0.000057
[2023-04-06 11:25:45] PRINT [04/06 11:25:45 graph]: #Test_f1: 0.7530±0.0500
[2023-04-06 11:25:46] PRINT [04/06 11:25:46 graph]: Epoch 39: get test f1 score:  0.753
[2023-04-06 11:25:46] PRINT [04/06 11:25:46 graph]: best_f1 0.767 at epoch 5
[2023-04-06 11:25:49] PRINT [04/06 11:25:49 graph]: Epoch 40 | train_loss: 0.2373 | lr: 0.000023
[2023-04-06 11:26:49] PRINT [04/06 11:26:49 graph]: #Test_f1: 0.7595±0.0391
[2023-04-06 11:26:49] PRINT [04/06 11:26:49 graph]: Epoch 40: get test f1 score:  0.760
[2023-04-06 11:26:49] PRINT [04/06 11:26:49 graph]: best_f1 0.767 at epoch 5
[2023-04-06 11:26:53] PRINT [04/06 11:26:53 graph]: Epoch 41 | train_loss: 0.2395 | lr: 0.000023
[2023-04-06 11:27:53] PRINT [04/06 11:27:53 graph]: #Test_f1: 0.7640±0.0373
[2023-04-06 11:27:53] PRINT [04/06 11:27:53 graph]: Epoch 41: get test f1 score:  0.764
[2023-04-06 11:27:53] PRINT [04/06 11:27:53 graph]: best_f1 0.767 at epoch 5
[2023-04-06 11:27:57] PRINT [04/06 11:27:57 graph]: Epoch 42 | train_loss: 0.2416 | lr: 0.000023
[2023-04-06 11:28:58] PRINT [04/06 11:28:58 graph]: #Test_f1: 0.7490±0.0450
[2023-04-06 11:28:59] PRINT [04/06 11:28:59 graph]: Epoch 42: get test f1 score:  0.749
[2023-04-06 11:28:59] PRINT [04/06 11:28:59 graph]: best_f1 0.767 at epoch 5
[2023-04-06 11:29:02] PRINT [04/06 11:29:02 graph]: Epoch 43 | train_loss: 0.2403 | lr: 0.000023
[2023-04-06 11:30:02] PRINT [04/06 11:30:02 graph]: #Test_f1: 0.7360±0.0429
[2023-04-06 11:30:02] PRINT [04/06 11:30:02 graph]: Epoch 43: get test f1 score:  0.736
[2023-04-06 11:30:02] PRINT [04/06 11:30:02 graph]: best_f1 0.767 at epoch 5
[2023-04-06 11:30:06] PRINT [04/06 11:30:06 graph]: Epoch 44 | train_loss: 0.2398 | lr: 0.000023
[2023-04-06 11:31:12] PRINT [04/06 11:31:12 graph]: #Test_f1: 0.7695±0.0329
[2023-04-06 11:31:12] PRINT [04/06 11:31:12 graph]: Epoch 44: get test f1 score:  0.770
[2023-04-06 11:31:12] PRINT [04/06 11:31:12 graph]: best_f1 0.770 at epoch 44
[2023-04-06 11:31:16] PRINT [04/06 11:31:16 graph]: Epoch 45 | train_loss: 0.2391 | lr: 0.000023
[2023-04-06 11:32:22] PRINT [04/06 11:32:22 graph]: #Test_f1: 0.7690±0.0383
[2023-04-06 11:32:22] PRINT [04/06 11:32:22 graph]: Epoch 45: get test f1 score:  0.769
[2023-04-06 11:32:22] PRINT [04/06 11:32:22 graph]: best_f1 0.770 at epoch 44
[2023-04-06 11:32:25] PRINT [04/06 11:32:25 graph]: Epoch 46 | train_loss: 0.2408 | lr: 0.000023
[2023-04-06 11:33:31] PRINT [04/06 11:33:31 graph]: #Test_f1: 0.7370±0.0479
[2023-04-06 11:33:31] PRINT [04/06 11:33:31 graph]: Epoch 46: get test f1 score:  0.737
[2023-04-06 11:33:31] PRINT [04/06 11:33:31 graph]: best_f1 0.770 at epoch 44
[2023-04-06 11:33:35] PRINT [04/06 11:33:35 graph]: Epoch 47 | train_loss: 0.2412 | lr: 0.000023
[2023-04-06 11:34:40] PRINT [04/06 11:34:40 graph]: #Test_f1: 0.7690±0.0347
[2023-04-06 11:34:41] PRINT [04/06 11:34:41 graph]: Epoch 47: get test f1 score:  0.769
[2023-04-06 11:34:41] PRINT [04/06 11:34:41 graph]: best_f1 0.770 at epoch 44
[2023-04-06 11:34:44] PRINT [04/06 11:34:44 graph]: Epoch 48 | train_loss: 0.2401 | lr: 0.000023
[2023-04-06 11:35:50] PRINT [04/06 11:35:50 graph]: #Test_f1: 0.7515±0.0445
[2023-04-06 11:35:50] PRINT [04/06 11:35:50 graph]: Epoch 48: get test f1 score:  0.751
[2023-04-06 11:35:50] PRINT [04/06 11:35:50 graph]: best_f1 0.770 at epoch 44
[2023-04-06 11:35:53] PRINT [04/06 11:35:53 graph]: Epoch 49 | train_loss: 0.2403 | lr: 0.000023
[2023-04-06 11:36:59] PRINT [04/06 11:36:59 graph]: #Test_f1: 0.7590±0.0313
[2023-04-06 11:37:00] PRINT [04/06 11:37:00 graph]: Epoch 49: get test f1 score:  0.759
[2023-04-06 11:37:00] PRINT [04/06 11:37:00 graph]: best_f1 0.770 at epoch 44
[2023-04-06 11:37:00] PRINT [04/06 11:37:00 graph]: # final_acc: 0.7695±0.0000
