[2023-03-22 10:01:57] PRINT ---new cfg------
[2023-03-22 10:01:57] PRINT {'DATA': {'data_name': 'comp'}, 'DATALOADER': {'NUM_WORKERS': 0}, 'MODEL': {'num_hidden': 512, 'num_layers': 2, 'nhead': 4, 'activation': 'prelu', 'attn_drop': 0.2, 'feat_drop': 0.4, 'norm': 'batchnorm', 'pooler': 'mean', 'beta_schedule': 'quad', 'beta_1': 0.0005465745729314152, 'beta_T': 0.014104342782826497, 'T': 593}, 'SOLVER': {'optim_type': 'adam', 'optim_type_f': 'adamw', 'alpha': 1, 'decay': 30, 'LR': 0.00018669425438745194, 'LR_f': 0.051839888709535625, 'weight_decay': 0, 'weight_decay_f': 0.0004481046612200361, 'MAX_EPOCH': 100, 'max_epoch_f': 500}, 'DEVICE': 'cuda', 'seeds': [0], 'eval_T': [50, 100, 200], 'output_dir': '/ddm-nni/AmazonCoBuyComputerDataset¶/log', 'checkpoint_dir': '/ddm-nni/AmazonCoBuyComputerDataset¶/log/checkpoint'}
[2023-03-22 10:01:57] PRINT [03/22 10:01:57 graph]: Rank of current process: 0. World size: 1
[2023-03-22 10:02:00] PRINT [03/22 10:02:00 graph]: Environment info:
[2023-03-22 10:02:00] PRINT PyTorch version: 1.10.0+cu113
[2023-03-22 10:02:00] PRINT Is debug build: False
[2023-03-22 10:02:00] PRINT CUDA used to build PyTorch: 11.3
[2023-03-22 10:02:00] PRINT ROCM used to build PyTorch: N/A
[2023-03-22 10:02:00] PRINT 
[2023-03-22 10:02:00] PRINT OS: Ubuntu 20.04.3 LTS (x86_64)
[2023-03-22 10:02:00] PRINT GCC version: (Ubuntu 9.3.0-17ubuntu1~20.04) 9.3.0
[2023-03-22 10:02:00] PRINT Clang version: Could not collect
[2023-03-22 10:02:00] PRINT CMake version: version 3.16.3
[2023-03-22 10:02:00] PRINT Libc version: glibc-2.31
[2023-03-22 10:02:00] PRINT 
[2023-03-22 10:02:00] PRINT Python version: 3.8.10 (default, Jun  4 2021, 15:09:15)  [GCC 7.5.0] (64-bit runtime)
[2023-03-22 10:02:00] PRINT Python platform: Linux-5.4.0-90-generic-x86_64-with-glibc2.17
[2023-03-22 10:02:00] PRINT Is CUDA available: True
[2023-03-22 10:02:00] PRINT CUDA runtime version: 11.3.109
[2023-03-22 10:02:00] PRINT GPU models and configuration: GPU 0: NVIDIA GeForce RTX 3090
[2023-03-22 10:02:00] PRINT Nvidia driver version: 495.44
[2023-03-22 10:02:00] PRINT cuDNN version: Probably one of the following:
[2023-03-22 10:02:00] PRINT /usr/lib/x86_64-linux-gnu/libcudnn.so.8.2.0
[2023-03-22 10:02:00] PRINT /usr/lib/x86_64-linux-gnu/libcudnn_adv_infer.so.8.2.0
[2023-03-22 10:02:00] PRINT /usr/lib/x86_64-linux-gnu/libcudnn_adv_train.so.8.2.0
[2023-03-22 10:02:00] PRINT /usr/lib/x86_64-linux-gnu/libcudnn_cnn_infer.so.8.2.0
[2023-03-22 10:02:00] PRINT /usr/lib/x86_64-linux-gnu/libcudnn_cnn_train.so.8.2.0
[2023-03-22 10:02:00] PRINT /usr/lib/x86_64-linux-gnu/libcudnn_ops_infer.so.8.2.0
[2023-03-22 10:02:00] PRINT /usr/lib/x86_64-linux-gnu/libcudnn_ops_train.so.8.2.0
[2023-03-22 10:02:00] PRINT HIP runtime version: N/A
[2023-03-22 10:02:00] PRINT MIOpen runtime version: N/A
[2023-03-22 10:02:00] PRINT 
[2023-03-22 10:02:00] PRINT Versions of relevant libraries:
[2023-03-22 10:02:00] PRINT [pip3] numpy==1.23.5
[2023-03-22 10:02:00] PRINT [pip3] torch==1.10.0+cu113
[2023-03-22 10:02:00] PRINT [pip3] torchvision==0.11.1+cu113
[2023-03-22 10:02:00] PRINT [conda] blas                      1.0                         mkl    https://mirrors.ustc.edu.cn/anaconda/pkgs/main
[2023-03-22 10:02:00] PRINT [conda] mkl                       2021.4.0           h06a4308_640    https://mirrors.ustc.edu.cn/anaconda/pkgs/main
[2023-03-22 10:02:00] PRINT [conda] mkl-service               2.4.0            py38h7f8727e_0    https://mirrors.ustc.edu.cn/anaconda/pkgs/main
[2023-03-22 10:02:00] PRINT [conda] mkl_fft                   1.3.1            py38hd3c417c_0    https://mirrors.ustc.edu.cn/anaconda/pkgs/main
[2023-03-22 10:02:00] PRINT [conda] mkl_random                1.2.2            py38h51133e4_0    https://mirrors.ustc.edu.cn/anaconda/pkgs/main
[2023-03-22 10:02:00] PRINT [conda] numpy                     1.21.4                   pypi_0    pypi
[2023-03-22 10:02:00] PRINT [conda] numpy-base                1.23.5           py38h31eccc5_0    https://mirrors.ustc.edu.cn/anaconda/pkgs/main
[2023-03-22 10:02:00] PRINT [conda] torch                     1.10.0+cu113             pypi_0    pypi
[2023-03-22 10:02:00] PRINT [conda] torchvision               0.11.1+cu113             pypi_0    pypi
[2023-03-22 10:02:00] PRINT         Pillow (8.4.0)
[2023-03-22 10:02:00] PRINT [03/22 10:02:00 graph]: Command line arguments: Namespace(local_rank=0, resume=False, seed=1234, start_epoch=0)
[2023-03-22 10:02:00] PRINT [03/22 10:02:00 graph]: Run 0th for seed 0
[2023-03-22 10:02:01] PRINT [03/22 10:02:01 graph]: Total trainable params num : 7984643
[2023-03-22 10:02:05] PRINT [03/22 10:02:05 graph]: ----------Start Training----------
[2023-03-22 10:02:05] PRINT [03/22 10:02:05 graph]: start epoch 0.
[2023-03-22 10:02:05] PRINT [03/22 10:02:05 graph]: # Epoch 0: train_loss: 1.0208 | lr: 0.000187
[2023-03-22 10:02:05] PRINT [03/22 10:02:05 graph]: start epoch 1.
[2023-03-22 10:02:05] PRINT [03/22 10:02:05 graph]: # Epoch 1: train_loss: 0.8434 | lr: 0.000187
[2023-03-22 10:02:05] PRINT [03/22 10:02:05 graph]: start epoch 2.
[2023-03-22 10:02:06] PRINT [03/22 10:02:06 graph]: # Epoch 2: train_loss: 0.7576 | lr: 0.000187
[2023-03-22 10:02:06] PRINT [03/22 10:02:06 graph]: start epoch 3.
[2023-03-22 10:02:06] PRINT [03/22 10:02:06 graph]: # Epoch 3: train_loss: 0.7006 | lr: 0.000187
[2023-03-22 10:02:06] PRINT [03/22 10:02:06 graph]: start epoch 4.
[2023-03-22 10:02:06] PRINT [03/22 10:02:06 graph]: # Epoch 4: train_loss: 0.6604 | lr: 0.000187
[2023-03-22 10:02:06] PRINT [03/22 10:02:06 graph]: start epoch 5.
[2023-03-22 10:02:06] PRINT [03/22 10:02:06 graph]: # Epoch 5: train_loss: 0.6321 | lr: 0.000187
[2023-03-22 10:02:06] PRINT [03/22 10:02:06 graph]: start epoch 6.
[2023-03-22 10:02:06] PRINT [03/22 10:02:06 graph]: # Epoch 6: train_loss: 0.6116 | lr: 0.000187
[2023-03-22 10:02:06] PRINT [03/22 10:02:06 graph]: start epoch 7.
[2023-03-22 10:02:06] PRINT [03/22 10:02:06 graph]: # Epoch 7: train_loss: 0.5962 | lr: 0.000187
[2023-03-22 10:02:06] PRINT [03/22 10:02:06 graph]: start epoch 8.
[2023-03-22 10:02:06] PRINT [03/22 10:02:06 graph]: # Epoch 8: train_loss: 0.5841 | lr: 0.000187
[2023-03-22 10:02:06] PRINT [03/22 10:02:06 graph]: start epoch 9.
[2023-03-22 10:02:06] PRINT [03/22 10:02:06 graph]: # Epoch 9: train_loss: 0.5730 | lr: 0.000187
[2023-03-22 10:02:06] PRINT [03/22 10:02:06 graph]: start epoch 10.
[2023-03-22 10:02:06] PRINT [03/22 10:02:06 graph]: # Epoch 10: train_loss: 0.5635 | lr: 0.000187
[2023-03-22 10:02:06] PRINT [03/22 10:02:06 graph]: start epoch 11.
[2023-03-22 10:02:06] PRINT [03/22 10:02:06 graph]: # Epoch 11: train_loss: 0.5550 | lr: 0.000187
[2023-03-22 10:02:06] PRINT [03/22 10:02:06 graph]: start epoch 12.
[2023-03-22 10:02:06] PRINT [03/22 10:02:06 graph]: # Epoch 12: train_loss: 0.5465 | lr: 0.000187
[2023-03-22 10:02:06] PRINT [03/22 10:02:06 graph]: start epoch 13.
[2023-03-22 10:02:06] PRINT [03/22 10:02:06 graph]: # Epoch 13: train_loss: 0.5394 | lr: 0.000187
[2023-03-22 10:02:06] PRINT [03/22 10:02:06 graph]: start epoch 14.
[2023-03-22 10:02:06] PRINT [03/22 10:02:06 graph]: # Epoch 14: train_loss: 0.5330 | lr: 0.000187
[2023-03-22 10:02:06] PRINT [03/22 10:02:06 graph]: start epoch 15.
[2023-03-22 10:02:07] PRINT [03/22 10:02:07 graph]: # Epoch 15: train_loss: 0.5271 | lr: 0.000187
[2023-03-22 10:02:07] PRINT [03/22 10:02:07 graph]: start epoch 16.
[2023-03-22 10:02:07] PRINT [03/22 10:02:07 graph]: # Epoch 16: train_loss: 0.5216 | lr: 0.000187
[2023-03-22 10:02:07] PRINT [03/22 10:02:07 graph]: start epoch 17.
[2023-03-22 10:02:07] PRINT [03/22 10:02:07 graph]: # Epoch 17: train_loss: 0.5168 | lr: 0.000187
[2023-03-22 10:02:07] PRINT [03/22 10:02:07 graph]: start epoch 18.
[2023-03-22 10:02:07] PRINT [03/22 10:02:07 graph]: # Epoch 18: train_loss: 0.5120 | lr: 0.000187
[2023-03-22 10:02:07] PRINT [03/22 10:02:07 graph]: start epoch 19.
[2023-03-22 10:02:07] PRINT [03/22 10:02:07 graph]: # Epoch 19: train_loss: 0.5076 | lr: 0.000187
[2023-03-22 10:02:07] PRINT [03/22 10:02:07 graph]: start epoch 20.
[2023-03-22 10:02:07] PRINT [03/22 10:02:07 graph]: # Epoch 20: train_loss: 0.5035 | lr: 0.000187
[2023-03-22 10:02:07] PRINT [03/22 10:02:07 graph]: start epoch 21.
[2023-03-22 10:02:07] PRINT [03/22 10:02:07 graph]: # Epoch 21: train_loss: 0.4998 | lr: 0.000187
[2023-03-22 10:02:07] PRINT [03/22 10:02:07 graph]: start epoch 22.
[2023-03-22 10:02:07] PRINT [03/22 10:02:07 graph]: # Epoch 22: train_loss: 0.4963 | lr: 0.000187
[2023-03-22 10:02:07] PRINT [03/22 10:02:07 graph]: start epoch 23.
[2023-03-22 10:02:07] PRINT [03/22 10:02:07 graph]: # Epoch 23: train_loss: 0.4930 | lr: 0.000187
[2023-03-22 10:02:07] PRINT [03/22 10:02:07 graph]: start epoch 24.
[2023-03-22 10:02:07] PRINT [03/22 10:02:07 graph]: # Epoch 24: train_loss: 0.4897 | lr: 0.000187
[2023-03-22 10:02:07] PRINT [03/22 10:02:07 graph]: start epoch 25.
[2023-03-22 10:02:07] PRINT [03/22 10:02:07 graph]: # Epoch 25: train_loss: 0.4872 | lr: 0.000187
[2023-03-22 10:02:07] PRINT [03/22 10:02:07 graph]: start epoch 26.
[2023-03-22 10:02:07] PRINT [03/22 10:02:07 graph]: # Epoch 26: train_loss: 0.4845 | lr: 0.000187
[2023-03-22 10:02:07] PRINT [03/22 10:02:07 graph]: start epoch 27.
[2023-03-22 10:02:07] PRINT [03/22 10:02:07 graph]: # Epoch 27: train_loss: 0.4817 | lr: 0.000187
[2023-03-22 10:02:07] PRINT [03/22 10:02:07 graph]: start epoch 28.
[2023-03-22 10:02:08] PRINT [03/22 10:02:08 graph]: # Epoch 28: train_loss: 0.4792 | lr: 0.000187
[2023-03-22 10:02:08] PRINT [03/22 10:02:08 graph]: start epoch 29.
[2023-03-22 10:02:08] PRINT [03/22 10:02:08 graph]: # Epoch 29: train_loss: 0.4772 | lr: 0.000187
[2023-03-22 10:02:08] PRINT [03/22 10:02:08 graph]: start epoch 30.
[2023-03-22 10:02:08] PRINT [03/22 10:02:08 graph]: # Epoch 30: train_loss: 0.4749 | lr: 0.000187
[2023-03-22 10:02:08] PRINT [03/22 10:02:08 graph]: start epoch 31.
[2023-03-22 10:02:08] PRINT [03/22 10:02:08 graph]: # Epoch 31: train_loss: 0.4729 | lr: 0.000187
[2023-03-22 10:02:08] PRINT [03/22 10:02:08 graph]: start epoch 32.
[2023-03-22 10:02:08] PRINT [03/22 10:02:08 graph]: # Epoch 32: train_loss: 0.4708 | lr: 0.000187
[2023-03-22 10:02:08] PRINT [03/22 10:02:08 graph]: start epoch 33.
[2023-03-22 10:02:08] PRINT [03/22 10:02:08 graph]: # Epoch 33: train_loss: 0.4688 | lr: 0.000187
[2023-03-22 10:02:08] PRINT [03/22 10:02:08 graph]: start epoch 34.
[2023-03-22 10:02:08] PRINT [03/22 10:02:08 graph]: # Epoch 34: train_loss: 0.4667 | lr: 0.000187
[2023-03-22 10:02:08] PRINT [03/22 10:02:08 graph]: start epoch 35.
[2023-03-22 10:02:08] PRINT [03/22 10:02:08 graph]: # Epoch 35: train_loss: 0.4653 | lr: 0.000187
[2023-03-22 10:02:08] PRINT [03/22 10:02:08 graph]: start epoch 36.
[2023-03-22 10:02:08] PRINT [03/22 10:02:08 graph]: # Epoch 36: train_loss: 0.4631 | lr: 0.000187
[2023-03-22 10:02:08] PRINT [03/22 10:02:08 graph]: start epoch 37.
[2023-03-22 10:02:08] PRINT [03/22 10:02:08 graph]: # Epoch 37: train_loss: 0.4616 | lr: 0.000187
[2023-03-22 10:02:08] PRINT [03/22 10:02:08 graph]: start epoch 38.
[2023-03-22 10:02:08] PRINT [03/22 10:02:08 graph]: # Epoch 38: train_loss: 0.4596 | lr: 0.000187
[2023-03-22 10:02:08] PRINT [03/22 10:02:08 graph]: start epoch 39.
[2023-03-22 10:02:08] PRINT [03/22 10:02:08 graph]: # Epoch 39: train_loss: 0.4579 | lr: 0.000187
[2023-03-22 10:02:08] PRINT [03/22 10:02:08 graph]: start epoch 40.
[2023-03-22 10:02:08] PRINT [03/22 10:02:08 graph]: # Epoch 40: train_loss: 0.4565 | lr: 0.000187
[2023-03-22 10:02:08] PRINT [03/22 10:02:08 graph]: start epoch 41.
[2023-03-22 10:02:09] PRINT [03/22 10:02:09 graph]: # Epoch 41: train_loss: 0.4552 | lr: 0.000187
[2023-03-22 10:02:09] PRINT [03/22 10:02:09 graph]: start epoch 42.
[2023-03-22 10:02:09] PRINT [03/22 10:02:09 graph]: # Epoch 42: train_loss: 0.4540 | lr: 0.000187
[2023-03-22 10:02:09] PRINT [03/22 10:02:09 graph]: start epoch 43.
[2023-03-22 10:02:09] PRINT [03/22 10:02:09 graph]: # Epoch 43: train_loss: 0.4530 | lr: 0.000187
[2023-03-22 10:02:09] PRINT [03/22 10:02:09 graph]: start epoch 44.
[2023-03-22 10:02:09] PRINT [03/22 10:02:09 graph]: # Epoch 44: train_loss: 0.4520 | lr: 0.000187
[2023-03-22 10:02:09] PRINT [03/22 10:02:09 graph]: start epoch 45.
[2023-03-22 10:02:09] PRINT [03/22 10:02:09 graph]: # Epoch 45: train_loss: 0.4499 | lr: 0.000187
[2023-03-22 10:02:09] PRINT [03/22 10:02:09 graph]: start epoch 46.
[2023-03-22 10:02:09] PRINT [03/22 10:02:09 graph]: # Epoch 46: train_loss: 0.4490 | lr: 0.000187
[2023-03-22 10:02:09] PRINT [03/22 10:02:09 graph]: start epoch 47.
[2023-03-22 10:02:09] PRINT [03/22 10:02:09 graph]: # Epoch 47: train_loss: 0.4475 | lr: 0.000187
[2023-03-22 10:02:09] PRINT [03/22 10:02:09 graph]: start epoch 48.
[2023-03-22 10:02:09] PRINT [03/22 10:02:09 graph]: # Epoch 48: train_loss: 0.4469 | lr: 0.000187
[2023-03-22 10:02:09] PRINT [03/22 10:02:09 graph]: start epoch 49.
[2023-03-22 10:02:09] PRINT [03/22 10:02:09 graph]: # Epoch 49: train_loss: 0.4472 | lr: 0.000187
[2023-03-22 10:02:09] PRINT [03/22 10:02:09 graph]: start epoch 50.
[2023-03-22 10:02:09] PRINT [03/22 10:02:09 graph]: # Epoch 50: train_loss: 0.4483 | lr: 0.000187
[2023-03-22 10:02:09] PRINT [03/22 10:02:09 graph]: start epoch 51.
[2023-03-22 10:02:09] PRINT [03/22 10:02:09 graph]: # Epoch 51: train_loss: 0.4451 | lr: 0.000187
[2023-03-22 10:02:17] PRINT [03/22 10:02:17 graph]: --- Testf1: 0.88947, Best Valacc: 0.89818 in epoch 293 --- 
[2023-03-22 10:02:17] PRINT [03/22 10:02:17 graph]: Epoch 51: get test acc score:  0.88947
[2023-03-22 10:02:17] PRINT [03/22 10:02:17 graph]: best_f1 0.88947 at epoch 51
[2023-03-22 10:02:17] PRINT [03/22 10:02:17 graph]: start epoch 52.
[2023-03-22 10:02:17] PRINT [03/22 10:02:17 graph]: # Epoch 52: train_loss: 0.4467 | lr: 0.000187
[2023-03-22 10:02:24] PRINT [03/22 10:02:24 graph]: --- Testf1: 0.89266, Best Valacc: 0.89018 in epoch 297 --- 
[2023-03-22 10:02:25] PRINT [03/22 10:02:25 graph]: Epoch 52: get test acc score:  0.89266
[2023-03-22 10:02:25] PRINT [03/22 10:02:25 graph]: best_f1 0.89266 at epoch 52
[2023-03-22 10:02:25] PRINT [03/22 10:02:25 graph]: start epoch 53.
[2023-03-22 10:02:25] PRINT [03/22 10:02:25 graph]: # Epoch 53: train_loss: 0.4429 | lr: 0.000187
[2023-03-22 10:02:32] PRINT [03/22 10:02:32 graph]: --- Testf1: 0.89220, Best Valacc: 0.89964 in epoch 461 --- 
[2023-03-22 10:02:32] PRINT [03/22 10:02:32 graph]: Epoch 53: get test acc score:  0.89220
[2023-03-22 10:02:32] PRINT [03/22 10:02:32 graph]: best_f1 0.89266 at epoch 52
[2023-03-22 10:02:32] PRINT [03/22 10:02:32 graph]: start epoch 54.
[2023-03-22 10:02:32] PRINT [03/22 10:02:32 graph]: # Epoch 54: train_loss: 0.4434 | lr: 0.000187
[2023-03-22 10:02:40] PRINT [03/22 10:02:40 graph]: --- Testf1: 0.88966, Best Valacc: 0.89309 in epoch 470 --- 
[2023-03-22 10:02:40] PRINT [03/22 10:02:40 graph]: Epoch 54: get test acc score:  0.88966
[2023-03-22 10:02:40] PRINT [03/22 10:02:40 graph]: best_f1 0.89266 at epoch 52
[2023-03-22 10:02:40] PRINT [03/22 10:02:40 graph]: start epoch 55.
[2023-03-22 10:02:40] PRINT [03/22 10:02:40 graph]: # Epoch 55: train_loss: 0.4405 | lr: 0.000187
[2023-03-22 10:02:47] PRINT [03/22 10:02:47 graph]: --- Testf1: 0.89211, Best Valacc: 0.89745 in epoch 241 --- 
[2023-03-22 10:02:48] PRINT [03/22 10:02:48 graph]: Epoch 55: get test acc score:  0.89211
[2023-03-22 10:02:48] PRINT [03/22 10:02:48 graph]: best_f1 0.89266 at epoch 52
[2023-03-22 10:02:48] PRINT [03/22 10:02:48 graph]: start epoch 56.
[2023-03-22 10:02:48] PRINT [03/22 10:02:48 graph]: # Epoch 56: train_loss: 0.4413 | lr: 0.000187
[2023-03-22 10:02:55] PRINT [03/22 10:02:55 graph]: --- Testf1: 0.89093, Best Valacc: 0.89455 in epoch 426 --- 
[2023-03-22 10:02:55] PRINT [03/22 10:02:55 graph]: Epoch 56: get test acc score:  0.89093
[2023-03-22 10:02:55] PRINT [03/22 10:02:55 graph]: best_f1 0.89266 at epoch 52
[2023-03-22 10:02:55] PRINT [03/22 10:02:55 graph]: start epoch 57.
[2023-03-22 10:02:55] PRINT [03/22 10:02:55 graph]: # Epoch 57: train_loss: 0.4392 | lr: 0.000187
[2023-03-22 10:03:02] PRINT [03/22 10:03:02 graph]: --- Testf1: 0.89411, Best Valacc: 0.89455 in epoch 383 --- 
[2023-03-22 10:03:03] PRINT [03/22 10:03:03 graph]: Epoch 57: get test acc score:  0.89411
[2023-03-22 10:03:03] PRINT [03/22 10:03:03 graph]: best_f1 0.89411 at epoch 57
[2023-03-22 10:03:03] PRINT [03/22 10:03:03 graph]: start epoch 58.
[2023-03-22 10:03:03] PRINT [03/22 10:03:03 graph]: # Epoch 58: train_loss: 0.4398 | lr: 0.000187
[2023-03-22 10:03:10] PRINT [03/22 10:03:10 graph]: --- Testf1: 0.89202, Best Valacc: 0.89818 in epoch 384 --- 
[2023-03-22 10:03:10] PRINT [03/22 10:03:10 graph]: Epoch 58: get test acc score:  0.89202
[2023-03-22 10:03:10] PRINT [03/22 10:03:10 graph]: best_f1 0.89411 at epoch 57
[2023-03-22 10:03:10] PRINT [03/22 10:03:10 graph]: start epoch 59.
[2023-03-22 10:03:10] PRINT [03/22 10:03:10 graph]: # Epoch 59: train_loss: 0.4367 | lr: 0.000187
[2023-03-22 10:03:17] PRINT [03/22 10:03:17 graph]: --- Testf1: 0.89256, Best Valacc: 0.89455 in epoch 374 --- 
[2023-03-22 10:03:18] PRINT [03/22 10:03:18 graph]: Epoch 59: get test acc score:  0.89256
[2023-03-22 10:03:18] PRINT [03/22 10:03:18 graph]: best_f1 0.89411 at epoch 57
[2023-03-22 10:03:18] PRINT [03/22 10:03:18 graph]: start epoch 60.
[2023-03-22 10:03:18] PRINT [03/22 10:03:18 graph]: # Epoch 60: train_loss: 0.4379 | lr: 0.000187
[2023-03-22 10:03:25] PRINT [03/22 10:03:25 graph]: --- Testf1: 0.89238, Best Valacc: 0.89527 in epoch 255 --- 
[2023-03-22 10:03:25] PRINT [03/22 10:03:25 graph]: Epoch 60: get test acc score:  0.89238
[2023-03-22 10:03:25] PRINT [03/22 10:03:25 graph]: best_f1 0.89411 at epoch 57
[2023-03-22 10:03:25] PRINT [03/22 10:03:25 graph]: start epoch 61.
[2023-03-22 10:03:25] PRINT [03/22 10:03:25 graph]: # Epoch 61: train_loss: 0.4355 | lr: 0.000187
[2023-03-22 10:03:32] PRINT [03/22 10:03:32 graph]: --- Testf1: 0.88811, Best Valacc: 0.89745 in epoch 424 --- 
[2023-03-22 10:03:33] PRINT [03/22 10:03:33 graph]: Epoch 61: get test acc score:  0.88811
[2023-03-22 10:03:33] PRINT [03/22 10:03:33 graph]: best_f1 0.89411 at epoch 57
[2023-03-22 10:03:33] PRINT [03/22 10:03:33 graph]: start epoch 62.
[2023-03-22 10:03:33] PRINT [03/22 10:03:33 graph]: # Epoch 62: train_loss: 0.4353 | lr: 0.000187
[2023-03-22 10:03:40] PRINT [03/22 10:03:40 graph]: --- Testf1: 0.89220, Best Valacc: 0.89309 in epoch 296 --- 
[2023-03-22 10:03:40] PRINT [03/22 10:03:40 graph]: Epoch 62: get test acc score:  0.89220
[2023-03-22 10:03:40] PRINT [03/22 10:03:40 graph]: best_f1 0.89411 at epoch 57
[2023-03-22 10:03:40] PRINT [03/22 10:03:40 graph]: start epoch 63.
[2023-03-22 10:03:40] PRINT [03/22 10:03:40 graph]: # Epoch 63: train_loss: 0.4345 | lr: 0.000187
[2023-03-22 10:03:47] PRINT [03/22 10:03:47 graph]: --- Testf1: 0.89366, Best Valacc: 0.89527 in epoch 247 --- 
[2023-03-22 10:03:48] PRINT [03/22 10:03:48 graph]: Epoch 63: get test acc score:  0.89366
[2023-03-22 10:03:48] PRINT [03/22 10:03:48 graph]: best_f1 0.89411 at epoch 57
[2023-03-22 10:03:48] PRINT [03/22 10:03:48 graph]: start epoch 64.
[2023-03-22 10:03:48] PRINT [03/22 10:03:48 graph]: # Epoch 64: train_loss: 0.4341 | lr: 0.000187
[2023-03-22 10:03:54] PRINT [03/22 10:03:54 graph]: --- Testf1: 0.89302, Best Valacc: 0.89382 in epoch 265 --- 
[2023-03-22 10:03:55] PRINT [03/22 10:03:55 graph]: Epoch 64: get test acc score:  0.89302
[2023-03-22 10:03:55] PRINT [03/22 10:03:55 graph]: best_f1 0.89411 at epoch 57
[2023-03-22 10:03:55] PRINT [03/22 10:03:55 graph]: start epoch 65.
[2023-03-22 10:03:55] PRINT [03/22 10:03:55 graph]: # Epoch 65: train_loss: 0.4325 | lr: 0.000187
[2023-03-22 10:04:00] PRINT [03/22 10:04:00 graph]: --- Testf1: 0.89211, Best Valacc: 0.89382 in epoch 305 --- 
[2023-03-22 10:04:01] PRINT [03/22 10:04:01 graph]: Epoch 65: get test acc score:  0.89211
[2023-03-22 10:04:01] PRINT [03/22 10:04:01 graph]: best_f1 0.89411 at epoch 57
[2023-03-22 10:04:01] PRINT [03/22 10:04:01 graph]: start epoch 66.
[2023-03-22 10:04:01] PRINT [03/22 10:04:01 graph]: # Epoch 66: train_loss: 0.4325 | lr: 0.000187
[2023-03-22 10:04:06] PRINT [03/22 10:04:06 graph]: --- Testf1: 0.89302, Best Valacc: 0.89600 in epoch 415 --- 
[2023-03-22 10:04:06] PRINT [03/22 10:04:06 graph]: Epoch 66: get test acc score:  0.89302
[2023-03-22 10:04:06] PRINT [03/22 10:04:06 graph]: best_f1 0.89411 at epoch 57
[2023-03-22 10:04:06] PRINT [03/22 10:04:06 graph]: start epoch 67.
[2023-03-22 10:04:06] PRINT [03/22 10:04:06 graph]: # Epoch 67: train_loss: 0.4308 | lr: 0.000187
[2023-03-22 10:04:12] PRINT [03/22 10:04:12 graph]: --- Testf1: 0.89157, Best Valacc: 0.89600 in epoch 478 --- 
[2023-03-22 10:04:12] PRINT [03/22 10:04:12 graph]: Epoch 67: get test acc score:  0.89157
[2023-03-22 10:04:12] PRINT [03/22 10:04:12 graph]: best_f1 0.89411 at epoch 57
[2023-03-22 10:04:12] PRINT [03/22 10:04:12 graph]: start epoch 68.
[2023-03-22 10:04:12] PRINT [03/22 10:04:12 graph]: # Epoch 68: train_loss: 0.4306 | lr: 0.000187
[2023-03-22 10:04:20] PRINT [03/22 10:04:20 graph]: --- Testf1: 0.89420, Best Valacc: 0.89964 in epoch 454 --- 
[2023-03-22 10:04:21] PRINT [03/22 10:04:21 graph]: Epoch 68: get test acc score:  0.89420
[2023-03-22 10:04:21] PRINT [03/22 10:04:21 graph]: best_f1 0.8942 at epoch 68
[2023-03-22 10:04:21] PRINT [03/22 10:04:21 graph]: start epoch 69.
[2023-03-22 10:04:21] PRINT [03/22 10:04:21 graph]: # Epoch 69: train_loss: 0.4297 | lr: 0.000187
[2023-03-22 10:04:28] PRINT [03/22 10:04:28 graph]: --- Testf1: 0.89402, Best Valacc: 0.89673 in epoch 436 --- 
[2023-03-22 10:04:29] PRINT [03/22 10:04:29 graph]: Epoch 69: get test acc score:  0.89402
[2023-03-22 10:04:29] PRINT [03/22 10:04:29 graph]: best_f1 0.8942 at epoch 68
[2023-03-22 10:04:29] PRINT [03/22 10:04:29 graph]: start epoch 70.
[2023-03-22 10:04:29] PRINT [03/22 10:04:29 graph]: # Epoch 70: train_loss: 0.4296 | lr: 0.000187
[2023-03-22 10:04:36] PRINT [03/22 10:04:36 graph]: --- Testf1: 0.89520, Best Valacc: 0.89382 in epoch 153 --- 
[2023-03-22 10:04:36] PRINT [03/22 10:04:36 graph]: Epoch 70: get test acc score:  0.89520
[2023-03-22 10:04:36] PRINT [03/22 10:04:36 graph]: best_f1 0.8952 at epoch 70
[2023-03-22 10:04:36] PRINT [03/22 10:04:36 graph]: start epoch 71.
[2023-03-22 10:04:36] PRINT [03/22 10:04:36 graph]: # Epoch 71: train_loss: 0.4285 | lr: 0.000187
[2023-03-22 10:04:44] PRINT [03/22 10:04:44 graph]: --- Testf1: 0.89484, Best Valacc: 0.89673 in epoch 372 --- 
[2023-03-22 10:04:44] PRINT [03/22 10:04:44 graph]: Epoch 71: get test acc score:  0.89484
[2023-03-22 10:04:44] PRINT [03/22 10:04:44 graph]: best_f1 0.8952 at epoch 70
[2023-03-22 10:04:44] PRINT [03/22 10:04:44 graph]: start epoch 72.
[2023-03-22 10:04:44] PRINT [03/22 10:04:44 graph]: # Epoch 72: train_loss: 0.4282 | lr: 0.000187
[2023-03-22 10:04:51] PRINT [03/22 10:04:51 graph]: --- Testf1: 0.89238, Best Valacc: 0.89745 in epoch 468 --- 
[2023-03-22 10:04:52] PRINT [03/22 10:04:52 graph]: Epoch 72: get test acc score:  0.89238
[2023-03-22 10:04:52] PRINT [03/22 10:04:52 graph]: best_f1 0.8952 at epoch 70
[2023-03-22 10:04:52] PRINT [03/22 10:04:52 graph]: start epoch 73.
[2023-03-22 10:04:52] PRINT [03/22 10:04:52 graph]: # Epoch 73: train_loss: 0.4272 | lr: 0.000187
[2023-03-22 10:04:59] PRINT [03/22 10:04:59 graph]: --- Testf1: 0.89538, Best Valacc: 0.89891 in epoch 470 --- 
[2023-03-22 10:05:00] PRINT [03/22 10:05:00 graph]: Epoch 73: get test acc score:  0.89538
[2023-03-22 10:05:00] PRINT [03/22 10:05:00 graph]: best_f1 0.89538 at epoch 73
[2023-03-22 10:05:00] PRINT [03/22 10:05:00 graph]: start epoch 74.
[2023-03-22 10:05:00] PRINT [03/22 10:05:00 graph]: # Epoch 74: train_loss: 0.4275 | lr: 0.000187
[2023-03-22 10:05:07] PRINT [03/22 10:05:07 graph]: --- Testf1: 0.89293, Best Valacc: 0.89527 in epoch 452 --- 
[2023-03-22 10:05:07] PRINT [03/22 10:05:07 graph]: Epoch 74: get test acc score:  0.89293
[2023-03-22 10:05:07] PRINT [03/22 10:05:07 graph]: best_f1 0.89538 at epoch 73
[2023-03-22 10:05:07] PRINT [03/22 10:05:07 graph]: start epoch 75.
[2023-03-22 10:05:07] PRINT [03/22 10:05:07 graph]: # Epoch 75: train_loss: 0.4262 | lr: 0.000187
[2023-03-22 10:05:14] PRINT [03/22 10:05:14 graph]: --- Testf1: 0.89420, Best Valacc: 0.90036 in epoch 429 --- 
[2023-03-22 10:05:15] PRINT [03/22 10:05:15 graph]: Epoch 75: get test acc score:  0.89420
[2023-03-22 10:05:15] PRINT [03/22 10:05:15 graph]: best_f1 0.89538 at epoch 73
[2023-03-22 10:05:15] PRINT [03/22 10:05:15 graph]: start epoch 76.
[2023-03-22 10:05:15] PRINT [03/22 10:05:15 graph]: # Epoch 76: train_loss: 0.4265 | lr: 0.000187
[2023-03-22 10:05:22] PRINT [03/22 10:05:22 graph]: --- Testf1: 0.89384, Best Valacc: 0.90255 in epoch 381 --- 
[2023-03-22 10:05:23] PRINT [03/22 10:05:23 graph]: Epoch 76: get test acc score:  0.89384
[2023-03-22 10:05:23] PRINT [03/22 10:05:23 graph]: best_f1 0.89538 at epoch 73
[2023-03-22 10:05:23] PRINT [03/22 10:05:23 graph]: start epoch 77.
[2023-03-22 10:05:23] PRINT [03/22 10:05:23 graph]: # Epoch 77: train_loss: 0.4251 | lr: 0.000187
[2023-03-22 10:05:30] PRINT [03/22 10:05:30 graph]: --- Testf1: 0.89856, Best Valacc: 0.89891 in epoch 289 --- 
[2023-03-22 10:05:30] PRINT [03/22 10:05:30 graph]: Epoch 77: get test acc score:  0.89856
[2023-03-22 10:05:30] PRINT [03/22 10:05:30 graph]: best_f1 0.89856 at epoch 77
[2023-03-22 10:05:30] PRINT [03/22 10:05:30 graph]: start epoch 78.
[2023-03-22 10:05:30] PRINT [03/22 10:05:30 graph]: # Epoch 78: train_loss: 0.4252 | lr: 0.000187
[2023-03-22 10:05:37] PRINT [03/22 10:05:37 graph]: --- Testf1: 0.89329, Best Valacc: 0.90255 in epoch 445 --- 
[2023-03-22 10:05:38] PRINT [03/22 10:05:38 graph]: Epoch 78: get test acc score:  0.89329
[2023-03-22 10:05:38] PRINT [03/22 10:05:38 graph]: best_f1 0.89856 at epoch 77
[2023-03-22 10:05:38] PRINT [03/22 10:05:38 graph]: start epoch 79.
[2023-03-22 10:05:38] PRINT [03/22 10:05:38 graph]: # Epoch 79: train_loss: 0.4244 | lr: 0.000187
[2023-03-22 10:05:45] PRINT [03/22 10:05:45 graph]: --- Testf1: 0.89456, Best Valacc: 0.89600 in epoch 359 --- 
[2023-03-22 10:05:45] PRINT [03/22 10:05:45 graph]: Epoch 79: get test acc score:  0.89456
[2023-03-22 10:05:45] PRINT [03/22 10:05:45 graph]: best_f1 0.89856 at epoch 77
[2023-03-22 10:05:45] PRINT [03/22 10:05:45 graph]: start epoch 80.
[2023-03-22 10:05:45] PRINT [03/22 10:05:45 graph]: # Epoch 80: train_loss: 0.4233 | lr: 0.000187
[2023-03-22 10:05:52] PRINT [03/22 10:05:52 graph]: --- Testf1: 0.89311, Best Valacc: 0.89964 in epoch 413 --- 
[2023-03-22 10:05:53] PRINT [03/22 10:05:53 graph]: Epoch 80: get test acc score:  0.89311
[2023-03-22 10:05:53] PRINT [03/22 10:05:53 graph]: best_f1 0.89856 at epoch 77
[2023-03-22 10:05:53] PRINT [03/22 10:05:53 graph]: start epoch 81.
[2023-03-22 10:05:53] PRINT [03/22 10:05:53 graph]: # Epoch 81: train_loss: 0.4236 | lr: 0.000187
[2023-03-22 10:06:00] PRINT [03/22 10:06:00 graph]: --- Testf1: 0.89475, Best Valacc: 0.90109 in epoch 337 --- 
[2023-03-22 10:06:00] PRINT [03/22 10:06:00 graph]: Epoch 81: get test acc score:  0.89475
[2023-03-22 10:06:00] PRINT [03/22 10:06:00 graph]: best_f1 0.89856 at epoch 77
[2023-03-22 10:06:00] PRINT [03/22 10:06:00 graph]: start epoch 82.
[2023-03-22 10:06:00] PRINT [03/22 10:06:00 graph]: # Epoch 82: train_loss: 0.4228 | lr: 0.000187
[2023-03-22 10:06:07] PRINT [03/22 10:06:07 graph]: --- Testf1: 0.89456, Best Valacc: 0.89891 in epoch 320 --- 
[2023-03-22 10:06:08] PRINT [03/22 10:06:08 graph]: Epoch 82: get test acc score:  0.89456
[2023-03-22 10:06:08] PRINT [03/22 10:06:08 graph]: best_f1 0.89856 at epoch 77
[2023-03-22 10:06:08] PRINT [03/22 10:06:08 graph]: start epoch 83.
[2023-03-22 10:06:08] PRINT [03/22 10:06:08 graph]: # Epoch 83: train_loss: 0.4214 | lr: 0.000187
[2023-03-22 10:06:15] PRINT [03/22 10:06:15 graph]: --- Testf1: 0.89484, Best Valacc: 0.89891 in epoch 296 --- 
[2023-03-22 10:06:16] PRINT [03/22 10:06:16 graph]: Epoch 83: get test acc score:  0.89484
[2023-03-22 10:06:16] PRINT [03/22 10:06:16 graph]: best_f1 0.89856 at epoch 77
[2023-03-22 10:06:16] PRINT [03/22 10:06:16 graph]: start epoch 84.
[2023-03-22 10:06:16] PRINT [03/22 10:06:16 graph]: # Epoch 84: train_loss: 0.4216 | lr: 0.000187
[2023-03-22 10:06:23] PRINT [03/22 10:06:23 graph]: --- Testf1: 0.89602, Best Valacc: 0.90036 in epoch 247 --- 
[2023-03-22 10:06:23] PRINT [03/22 10:06:23 graph]: Epoch 84: get test acc score:  0.89602
[2023-03-22 10:06:23] PRINT [03/22 10:06:23 graph]: best_f1 0.89856 at epoch 77
[2023-03-22 10:06:23] PRINT [03/22 10:06:23 graph]: start epoch 85.
[2023-03-22 10:06:23] PRINT [03/22 10:06:23 graph]: # Epoch 85: train_loss: 0.4214 | lr: 0.000187
[2023-03-22 10:06:30] PRINT [03/22 10:06:30 graph]: --- Testf1: 0.89602, Best Valacc: 0.90182 in epoch 376 --- 
[2023-03-22 10:06:31] PRINT [03/22 10:06:31 graph]: Epoch 85: get test acc score:  0.89602
[2023-03-22 10:06:31] PRINT [03/22 10:06:31 graph]: best_f1 0.89856 at epoch 77
[2023-03-22 10:06:31] PRINT [03/22 10:06:31 graph]: start epoch 86.
[2023-03-22 10:06:31] PRINT [03/22 10:06:31 graph]: # Epoch 86: train_loss: 0.4206 | lr: 0.000187
[2023-03-22 10:06:38] PRINT [03/22 10:06:38 graph]: --- Testf1: 0.89520, Best Valacc: 0.89964 in epoch 227 --- 
[2023-03-22 10:06:38] PRINT [03/22 10:06:38 graph]: Epoch 86: get test acc score:  0.89520
[2023-03-22 10:06:38] PRINT [03/22 10:06:38 graph]: best_f1 0.89856 at epoch 77
[2023-03-22 10:06:38] PRINT [03/22 10:06:38 graph]: start epoch 87.
[2023-03-22 10:06:38] PRINT [03/22 10:06:38 graph]: # Epoch 87: train_loss: 0.4213 | lr: 0.000187
[2023-03-22 10:06:46] PRINT [03/22 10:06:46 graph]: --- Testf1: 0.89456, Best Valacc: 0.89818 in epoch 215 --- 
[2023-03-22 10:06:46] PRINT [03/22 10:06:46 graph]: Epoch 87: get test acc score:  0.89456
[2023-03-22 10:06:46] PRINT [03/22 10:06:46 graph]: best_f1 0.89856 at epoch 77
[2023-03-22 10:06:46] PRINT [03/22 10:06:46 graph]: start epoch 88.
[2023-03-22 10:06:46] PRINT [03/22 10:06:46 graph]: # Epoch 88: train_loss: 0.4198 | lr: 0.000187
[2023-03-22 10:06:53] PRINT [03/22 10:06:53 graph]: --- Testf1: 0.89729, Best Valacc: 0.90109 in epoch 470 --- 
[2023-03-22 10:06:53] PRINT [03/22 10:06:53 graph]: Epoch 88: get test acc score:  0.89729
[2023-03-22 10:06:53] PRINT [03/22 10:06:53 graph]: best_f1 0.89856 at epoch 77
[2023-03-22 10:06:53] PRINT [03/22 10:06:53 graph]: start epoch 89.
[2023-03-22 10:06:54] PRINT [03/22 10:06:54 graph]: # Epoch 89: train_loss: 0.4195 | lr: 0.000187
[2023-03-22 10:07:01] PRINT [03/22 10:07:01 graph]: --- Testf1: 0.89666, Best Valacc: 0.90109 in epoch 300 --- 
[2023-03-22 10:07:01] PRINT [03/22 10:07:01 graph]: Epoch 89: get test acc score:  0.89666
[2023-03-22 10:07:01] PRINT [03/22 10:07:01 graph]: best_f1 0.89856 at epoch 77
[2023-03-22 10:07:01] PRINT [03/22 10:07:01 graph]: start epoch 90.
[2023-03-22 10:07:01] PRINT [03/22 10:07:01 graph]: # Epoch 90: train_loss: 0.4193 | lr: 0.000187
[2023-03-22 10:07:09] PRINT [03/22 10:07:09 graph]: --- Testf1: 0.89693, Best Valacc: 0.89891 in epoch 247 --- 
[2023-03-22 10:07:09] PRINT [03/22 10:07:09 graph]: Epoch 90: get test acc score:  0.89693
[2023-03-22 10:07:09] PRINT [03/22 10:07:09 graph]: best_f1 0.89856 at epoch 77
[2023-03-22 10:07:09] PRINT [03/22 10:07:09 graph]: start epoch 91.
[2023-03-22 10:07:09] PRINT [03/22 10:07:09 graph]: # Epoch 91: train_loss: 0.4183 | lr: 0.000187
[2023-03-22 10:07:16] PRINT [03/22 10:07:16 graph]: --- Testf1: 0.89538, Best Valacc: 0.90109 in epoch 316 --- 
[2023-03-22 10:07:17] PRINT [03/22 10:07:17 graph]: Epoch 91: get test acc score:  0.89538
[2023-03-22 10:07:17] PRINT [03/22 10:07:17 graph]: best_f1 0.89856 at epoch 77
[2023-03-22 10:07:17] PRINT [03/22 10:07:17 graph]: start epoch 92.
[2023-03-22 10:07:17] PRINT [03/22 10:07:17 graph]: # Epoch 92: train_loss: 0.4191 | lr: 0.000187
[2023-03-22 10:07:24] PRINT [03/22 10:07:24 graph]: --- Testf1: 0.89466, Best Valacc: 0.89745 in epoch 202 --- 
[2023-03-22 10:07:24] PRINT [03/22 10:07:24 graph]: Epoch 92: get test acc score:  0.89466
[2023-03-22 10:07:24] PRINT [03/22 10:07:24 graph]: best_f1 0.89856 at epoch 77
[2023-03-22 10:07:24] PRINT [03/22 10:07:24 graph]: start epoch 93.
[2023-03-22 10:07:24] PRINT [03/22 10:07:24 graph]: # Epoch 93: train_loss: 0.4177 | lr: 0.000187
[2023-03-22 10:07:32] PRINT [03/22 10:07:32 graph]: --- Testf1: 0.89638, Best Valacc: 0.89745 in epoch 339 --- 
[2023-03-22 10:07:32] PRINT [03/22 10:07:32 graph]: Epoch 93: get test acc score:  0.89638
[2023-03-22 10:07:32] PRINT [03/22 10:07:32 graph]: best_f1 0.89856 at epoch 77
[2023-03-22 10:07:32] PRINT [03/22 10:07:32 graph]: start epoch 94.
[2023-03-22 10:07:32] PRINT [03/22 10:07:32 graph]: # Epoch 94: train_loss: 0.4166 | lr: 0.000187
[2023-03-22 10:07:39] PRINT [03/22 10:07:39 graph]: --- Testf1: 0.89638, Best Valacc: 0.90255 in epoch 254 --- 
[2023-03-22 10:07:40] PRINT [03/22 10:07:40 graph]: Epoch 94: get test acc score:  0.89638
[2023-03-22 10:07:40] PRINT [03/22 10:07:40 graph]: best_f1 0.89856 at epoch 77
[2023-03-22 10:07:40] PRINT [03/22 10:07:40 graph]: start epoch 95.
[2023-03-22 10:07:40] PRINT [03/22 10:07:40 graph]: # Epoch 95: train_loss: 0.4174 | lr: 0.000187
[2023-03-22 10:07:47] PRINT [03/22 10:07:47 graph]: --- Testf1: 0.89820, Best Valacc: 0.89818 in epoch 408 --- 
[2023-03-22 10:07:47] PRINT [03/22 10:07:47 graph]: Epoch 95: get test acc score:  0.89820
[2023-03-22 10:07:47] PRINT [03/22 10:07:47 graph]: best_f1 0.89856 at epoch 77
[2023-03-22 10:07:47] PRINT [03/22 10:07:47 graph]: start epoch 96.
[2023-03-22 10:07:47] PRINT [03/22 10:07:47 graph]: # Epoch 96: train_loss: 0.4156 | lr: 0.000187
[2023-03-22 10:07:55] PRINT [03/22 10:07:55 graph]: --- Testf1: 0.89493, Best Valacc: 0.89891 in epoch 216 --- 
[2023-03-22 10:07:55] PRINT [03/22 10:07:55 graph]: Epoch 96: get test acc score:  0.89493
[2023-03-22 10:07:55] PRINT [03/22 10:07:55 graph]: best_f1 0.89856 at epoch 77
[2023-03-22 10:07:55] PRINT [03/22 10:07:55 graph]: start epoch 97.
[2023-03-22 10:07:55] PRINT [03/22 10:07:55 graph]: # Epoch 97: train_loss: 0.4174 | lr: 0.000187
[2023-03-22 10:08:02] PRINT [03/22 10:08:02 graph]: --- Testf1: 0.89629, Best Valacc: 0.89382 in epoch 498 --- 
[2023-03-22 10:08:02] PRINT [03/22 10:08:02 graph]: Epoch 97: get test acc score:  0.89629
[2023-03-22 10:08:02] PRINT [03/22 10:08:02 graph]: best_f1 0.89856 at epoch 77
[2023-03-22 10:08:02] PRINT [03/22 10:08:02 graph]: start epoch 98.
[2023-03-22 10:08:02] PRINT [03/22 10:08:02 graph]: # Epoch 98: train_loss: 0.4155 | lr: 0.000187
[2023-03-22 10:08:08] PRINT [03/22 10:08:08 graph]: --- Testf1: 0.89456, Best Valacc: 0.90400 in epoch 444 --- 
[2023-03-22 10:08:08] PRINT [03/22 10:08:08 graph]: Epoch 98: get test acc score:  0.89456
[2023-03-22 10:08:08] PRINT [03/22 10:08:08 graph]: best_f1 0.89856 at epoch 77
[2023-03-22 10:08:08] PRINT [03/22 10:08:08 graph]: start epoch 99.
[2023-03-22 10:08:09] PRINT [03/22 10:08:09 graph]: # Epoch 99: train_loss: 0.4156 | lr: 0.000187
[2023-03-22 10:08:14] PRINT [03/22 10:08:14 graph]: --- Testf1: 0.89729, Best Valacc: 0.89891 in epoch 186 --- 
[2023-03-22 10:08:15] PRINT [03/22 10:08:15 graph]: Epoch 99: get test acc score:  0.89729
[2023-03-22 10:08:15] PRINT [03/22 10:08:15 graph]: best_f1 0.89856 at epoch 77
[2023-03-22 10:08:15] PRINT [03/22 10:08:15 graph]: # final_acc: 0.89856±0.00000
