[2023-03-18 13:45:49] PRINT ---new cfg------
[2023-03-18 13:45:49] PRINT {'DATA': {'data_name': 'citeseer'}, 'DATALOADER': {'NUM_WORKERS': 0}, 'MODEL': {'num_hidden': 128, 'num_layers': 2, 'nhead': 2, 'activation': 'prelu', 'attn_drop': 0.30000000000000004, 'feat_drop': 0.30000000000000004, 'norm': 'layernorm', 'pooler': 'mean', 'beta_schedule': 'sigmoid', 'beta_1': 0.0007775379514056579, 'beta_T': 0.034627790669629066, 'T': 330, 'alpha_l': 2}, 'SOLVER': {'optim_type': 'adam', 'optim_type_f': 'adamw', 'alpha': 1, 'decay': 20, 'LR': 0.00022587362173751946, 'LR_f': 0.019285538118195868, 'weight_decay': 0, 'weight_decay_f': 0.00016248458016222234, 'MAX_EPOCH': 100, 'max_epoch_f': 100}, 'DEVICE': 'cuda', 'seeds': [0], 'eval_T': [50, 100, 200], 'output_dir': '/ddm-nni/Citeseer/log', 'checkpoint_dir': '/ddm-nni/Citeseer/log/checkpoint'}
[2023-03-18 13:45:49] PRINT [03/18 13:45:49 graph]: Rank of current process: 0. World size: 1
[2023-03-18 13:45:53] PRINT [03/18 13:45:53 graph]: Environment info:
[2023-03-18 13:45:53] PRINT PyTorch version: 1.10.0+cu113
[2023-03-18 13:45:53] PRINT Is debug build: False
[2023-03-18 13:45:53] PRINT CUDA used to build PyTorch: 11.3
[2023-03-18 13:45:53] PRINT ROCM used to build PyTorch: N/A
[2023-03-18 13:45:53] PRINT 
[2023-03-18 13:45:53] PRINT OS: Ubuntu 20.04.3 LTS (x86_64)
[2023-03-18 13:45:53] PRINT GCC version: (Ubuntu 9.3.0-17ubuntu1~20.04) 9.3.0
[2023-03-18 13:45:53] PRINT Clang version: Could not collect
[2023-03-18 13:45:53] PRINT CMake version: version 3.16.3
[2023-03-18 13:45:53] PRINT Libc version: glibc-2.31
[2023-03-18 13:45:53] PRINT 
[2023-03-18 13:45:53] PRINT Python version: 3.8.10 (default, Jun  4 2021, 15:09:15)  [GCC 7.5.0] (64-bit runtime)
[2023-03-18 13:45:53] PRINT Python platform: Linux-5.4.0-90-generic-x86_64-with-glibc2.17
[2023-03-18 13:45:53] PRINT Is CUDA available: True
[2023-03-18 13:45:53] PRINT CUDA runtime version: 11.3.109
[2023-03-18 13:45:53] PRINT GPU models and configuration: GPU 0: NVIDIA GeForce RTX 3090
[2023-03-18 13:45:53] PRINT Nvidia driver version: 495.44
[2023-03-18 13:45:53] PRINT cuDNN version: Probably one of the following:
[2023-03-18 13:45:53] PRINT /usr/lib/x86_64-linux-gnu/libcudnn.so.8.2.0
[2023-03-18 13:45:53] PRINT /usr/lib/x86_64-linux-gnu/libcudnn_adv_infer.so.8.2.0
[2023-03-18 13:45:53] PRINT /usr/lib/x86_64-linux-gnu/libcudnn_adv_train.so.8.2.0
[2023-03-18 13:45:53] PRINT /usr/lib/x86_64-linux-gnu/libcudnn_cnn_infer.so.8.2.0
[2023-03-18 13:45:53] PRINT /usr/lib/x86_64-linux-gnu/libcudnn_cnn_train.so.8.2.0
[2023-03-18 13:45:53] PRINT /usr/lib/x86_64-linux-gnu/libcudnn_ops_infer.so.8.2.0
[2023-03-18 13:45:53] PRINT /usr/lib/x86_64-linux-gnu/libcudnn_ops_train.so.8.2.0
[2023-03-18 13:45:53] PRINT HIP runtime version: N/A
[2023-03-18 13:45:53] PRINT MIOpen runtime version: N/A
[2023-03-18 13:45:53] PRINT 
[2023-03-18 13:45:53] PRINT Versions of relevant libraries:
[2023-03-18 13:45:53] PRINT [pip3] numpy==1.23.5
[2023-03-18 13:45:53] PRINT [pip3] torch==1.10.0+cu113
[2023-03-18 13:45:53] PRINT [pip3] torchvision==0.11.1+cu113
[2023-03-18 13:45:53] PRINT [conda] blas                      1.0                         mkl    https://mirrors.ustc.edu.cn/anaconda/pkgs/main
[2023-03-18 13:45:53] PRINT [conda] mkl                       2021.4.0           h06a4308_640    https://mirrors.ustc.edu.cn/anaconda/pkgs/main
[2023-03-18 13:45:53] PRINT [conda] mkl-service               2.4.0            py38h7f8727e_0    https://mirrors.ustc.edu.cn/anaconda/pkgs/main
[2023-03-18 13:45:53] PRINT [conda] mkl_fft                   1.3.1            py38hd3c417c_0    https://mirrors.ustc.edu.cn/anaconda/pkgs/main
[2023-03-18 13:45:53] PRINT [conda] mkl_random                1.2.2            py38h51133e4_0    https://mirrors.ustc.edu.cn/anaconda/pkgs/main
[2023-03-18 13:45:53] PRINT [conda] numpy                     1.21.4                   pypi_0    pypi
[2023-03-18 13:45:53] PRINT [conda] numpy-base                1.23.5           py38h31eccc5_0    https://mirrors.ustc.edu.cn/anaconda/pkgs/main
[2023-03-18 13:45:53] PRINT [conda] torch                     1.10.0+cu113             pypi_0    pypi
[2023-03-18 13:45:53] PRINT [conda] torchvision               0.11.1+cu113             pypi_0    pypi
[2023-03-18 13:45:53] PRINT         Pillow (8.4.0)
[2023-03-18 13:45:53] PRINT [03/18 13:45:53 graph]: Command line arguments: Namespace(local_rank=0, resume=False, seed=1234, start_epoch=0)
[2023-03-18 13:45:53] PRINT   NumNodes: 3327
[2023-03-18 13:45:53] PRINT   NumEdges: 9228
[2023-03-18 13:45:53] PRINT   NumFeats: 3703
[2023-03-18 13:45:53] PRINT   NumClasses: 6
[2023-03-18 13:45:53] PRINT   NumTrainingSamples: 120
[2023-03-18 13:45:53] PRINT   NumValidationSamples: 500
[2023-03-18 13:45:53] PRINT   NumTestSamples: 1000
[2023-03-18 13:45:53] PRINT Done loading data from cached files.
[2023-03-18 13:45:53] PRINT [03/18 13:45:53 graph]: Run 0th for seed 0
[2023-03-18 13:45:53] PRINT [03/18 13:45:53 graph]: Total trainable params num : 42921667
[2023-03-18 13:45:57] PRINT [03/18 13:45:57 graph]: ----------Start Training----------
[2023-03-18 13:45:58] PRINT [03/18 13:45:58 graph]: start epoch 0.
[2023-03-18 13:45:58] PRINT [03/18 13:45:58 graph]: # Epoch 0: train_loss: 0.9261 | lr: 0.000226
[2023-03-18 13:45:58] PRINT [03/18 13:45:58 graph]: start epoch 1.
[2023-03-18 13:45:58] PRINT [03/18 13:45:58 graph]: # Epoch 1: train_loss: 0.7482 | lr: 0.000226
[2023-03-18 13:45:58] PRINT [03/18 13:45:58 graph]: start epoch 2.
[2023-03-18 13:45:58] PRINT [03/18 13:45:58 graph]: # Epoch 2: train_loss: 0.6684 | lr: 0.000226
[2023-03-18 13:45:58] PRINT [03/18 13:45:58 graph]: start epoch 3.
[2023-03-18 13:45:58] PRINT [03/18 13:45:58 graph]: # Epoch 3: train_loss: 0.6446 | lr: 0.000226
[2023-03-18 13:45:58] PRINT [03/18 13:45:58 graph]: start epoch 4.
[2023-03-18 13:45:58] PRINT [03/18 13:45:58 graph]: # Epoch 4: train_loss: 0.6410 | lr: 0.000226
[2023-03-18 13:45:58] PRINT [03/18 13:45:58 graph]: start epoch 5.
[2023-03-18 13:45:58] PRINT [03/18 13:45:58 graph]: # Epoch 5: train_loss: 0.6384 | lr: 0.000226
[2023-03-18 13:45:58] PRINT [03/18 13:45:58 graph]: start epoch 6.
[2023-03-18 13:45:58] PRINT [03/18 13:45:58 graph]: # Epoch 6: train_loss: 0.6350 | lr: 0.000226
[2023-03-18 13:45:58] PRINT [03/18 13:45:58 graph]: start epoch 7.
[2023-03-18 13:45:58] PRINT [03/18 13:45:58 graph]: # Epoch 7: train_loss: 0.6324 | lr: 0.000226
[2023-03-18 13:45:58] PRINT [03/18 13:45:58 graph]: start epoch 8.
[2023-03-18 13:45:58] PRINT [03/18 13:45:58 graph]: # Epoch 8: train_loss: 0.6294 | lr: 0.000226
[2023-03-18 13:45:58] PRINT [03/18 13:45:58 graph]: start epoch 9.
[2023-03-18 13:45:58] PRINT [03/18 13:45:58 graph]: # Epoch 9: train_loss: 0.6271 | lr: 0.000226
[2023-03-18 13:45:58] PRINT [03/18 13:45:58 graph]: start epoch 10.
[2023-03-18 13:45:59] PRINT [03/18 13:45:59 graph]: # Epoch 10: train_loss: 0.6247 | lr: 0.000226
[2023-03-18 13:45:59] PRINT [03/18 13:45:59 graph]: start epoch 11.
[2023-03-18 13:45:59] PRINT [03/18 13:45:59 graph]: # Epoch 11: train_loss: 0.6207 | lr: 0.000226
[2023-03-18 13:45:59] PRINT [03/18 13:45:59 graph]: --- Testf1: 0.63200, Best Valacc: 0.66200 in epoch 15 --- 
[2023-03-18 13:45:59] PRINT [03/18 13:45:59 graph]: Epoch 11: get test acc score:  0.632
[2023-03-18 13:45:59] PRINT [03/18 13:45:59 graph]: best_f1 0.632 at epoch 11
[2023-03-18 13:45:59] PRINT [03/18 13:45:59 graph]: start epoch 12.
[2023-03-18 13:46:00] PRINT [03/18 13:46:00 graph]: # Epoch 12: train_loss: 0.6176 | lr: 0.000226
[2023-03-18 13:46:00] PRINT [03/18 13:46:00 graph]: --- Testf1: 0.65200, Best Valacc: 0.66200 in epoch 6 --- 
[2023-03-18 13:46:00] PRINT [03/18 13:46:00 graph]: Epoch 12: get test acc score:  0.652
[2023-03-18 13:46:00] PRINT [03/18 13:46:00 graph]: best_f1 0.652 at epoch 12
[2023-03-18 13:46:00] PRINT [03/18 13:46:00 graph]: start epoch 13.
[2023-03-18 13:46:01] PRINT [03/18 13:46:01 graph]: # Epoch 13: train_loss: 0.6134 | lr: 0.000226
[2023-03-18 13:46:01] PRINT [03/18 13:46:01 graph]: --- Testf1: 0.63000, Best Valacc: 0.66400 in epoch 3 --- 
[2023-03-18 13:46:02] PRINT [03/18 13:46:02 graph]: Epoch 13: get test acc score:  0.630
[2023-03-18 13:46:02] PRINT [03/18 13:46:02 graph]: best_f1 0.652 at epoch 12
[2023-03-18 13:46:02] PRINT [03/18 13:46:02 graph]: start epoch 14.
[2023-03-18 13:46:02] PRINT [03/18 13:46:02 graph]: # Epoch 14: train_loss: 0.6095 | lr: 0.000226
[2023-03-18 13:46:02] PRINT [03/18 13:46:02 graph]: --- Testf1: 0.64500, Best Valacc: 0.68600 in epoch 6 --- 
[2023-03-18 13:46:02] PRINT [03/18 13:46:02 graph]: Epoch 14: get test acc score:  0.645
[2023-03-18 13:46:02] PRINT [03/18 13:46:02 graph]: best_f1 0.652 at epoch 12
[2023-03-18 13:46:02] PRINT [03/18 13:46:02 graph]: start epoch 15.
[2023-03-18 13:46:03] PRINT [03/18 13:46:03 graph]: # Epoch 15: train_loss: 0.6072 | lr: 0.000226
[2023-03-18 13:46:03] PRINT [03/18 13:46:03 graph]: --- Testf1: 0.66400, Best Valacc: 0.66600 in epoch 13 --- 
[2023-03-18 13:46:03] PRINT [03/18 13:46:03 graph]: Epoch 15: get test acc score:  0.664
[2023-03-18 13:46:03] PRINT [03/18 13:46:03 graph]: best_f1 0.664 at epoch 15
[2023-03-18 13:46:03] PRINT [03/18 13:46:03 graph]: start epoch 16.
[2023-03-18 13:46:04] PRINT [03/18 13:46:04 graph]: # Epoch 16: train_loss: 0.6041 | lr: 0.000226
[2023-03-18 13:46:04] PRINT [03/18 13:46:04 graph]: --- Testf1: 0.67600, Best Valacc: 0.69800 in epoch 10 --- 
[2023-03-18 13:46:04] PRINT [03/18 13:46:04 graph]: Epoch 16: get test acc score:  0.676
[2023-03-18 13:46:04] PRINT [03/18 13:46:04 graph]: best_f1 0.676 at epoch 16
[2023-03-18 13:46:04] PRINT [03/18 13:46:04 graph]: start epoch 17.
[2023-03-18 13:46:04] PRINT [03/18 13:46:04 graph]: # Epoch 17: train_loss: 0.6015 | lr: 0.000226
[2023-03-18 13:46:05] PRINT [03/18 13:46:05 graph]: --- Testf1: 0.66700, Best Valacc: 0.66600 in epoch 16 --- 
[2023-03-18 13:46:05] PRINT [03/18 13:46:05 graph]: Epoch 17: get test acc score:  0.667
[2023-03-18 13:46:05] PRINT [03/18 13:46:05 graph]: best_f1 0.676 at epoch 16
[2023-03-18 13:46:05] PRINT [03/18 13:46:05 graph]: start epoch 18.
[2023-03-18 13:46:05] PRINT [03/18 13:46:05 graph]: # Epoch 18: train_loss: 0.5997 | lr: 0.000226
[2023-03-18 13:46:06] PRINT [03/18 13:46:06 graph]: --- Testf1: 0.67100, Best Valacc: 0.66400 in epoch 20 --- 
[2023-03-18 13:46:06] PRINT [03/18 13:46:06 graph]: Epoch 18: get test acc score:  0.671
[2023-03-18 13:46:06] PRINT [03/18 13:46:06 graph]: best_f1 0.676 at epoch 16
[2023-03-18 13:46:06] PRINT [03/18 13:46:06 graph]: start epoch 19.
[2023-03-18 13:46:06] PRINT [03/18 13:46:06 graph]: # Epoch 19: train_loss: 0.5975 | lr: 0.000226
[2023-03-18 13:46:07] PRINT [03/18 13:46:07 graph]: --- Testf1: 0.67700, Best Valacc: 0.66800 in epoch 10 --- 
[2023-03-18 13:46:07] PRINT [03/18 13:46:07 graph]: Epoch 19: get test acc score:  0.677
[2023-03-18 13:46:07] PRINT [03/18 13:46:07 graph]: best_f1 0.677 at epoch 19
[2023-03-18 13:46:07] PRINT [03/18 13:46:07 graph]: start epoch 20.
[2023-03-18 13:46:07] PRINT [03/18 13:46:07 graph]: # Epoch 20: train_loss: 0.5952 | lr: 0.000226
[2023-03-18 13:46:08] PRINT [03/18 13:46:08 graph]: --- Testf1: 0.69100, Best Valacc: 0.69200 in epoch 26 --- 
[2023-03-18 13:46:08] PRINT [03/18 13:46:08 graph]: Epoch 20: get test acc score:  0.691
[2023-03-18 13:46:08] PRINT [03/18 13:46:08 graph]: best_f1 0.691 at epoch 20
[2023-03-18 13:46:08] PRINT [03/18 13:46:08 graph]: start epoch 21.
[2023-03-18 13:46:08] PRINT [03/18 13:46:08 graph]: # Epoch 21: train_loss: 0.5931 | lr: 0.000226
[2023-03-18 13:46:09] PRINT [03/18 13:46:09 graph]: --- Testf1: 0.68500, Best Valacc: 0.70000 in epoch 28 --- 
[2023-03-18 13:46:09] PRINT [03/18 13:46:09 graph]: Epoch 21: get test acc score:  0.685
[2023-03-18 13:46:09] PRINT [03/18 13:46:09 graph]: best_f1 0.691 at epoch 20
[2023-03-18 13:46:09] PRINT [03/18 13:46:09 graph]: start epoch 22.
[2023-03-18 13:46:09] PRINT [03/18 13:46:09 graph]: # Epoch 22: train_loss: 0.5902 | lr: 0.000226
[2023-03-18 13:46:10] PRINT [03/18 13:46:10 graph]: --- Testf1: 0.70100, Best Valacc: 0.68800 in epoch 44 --- 
[2023-03-18 13:46:10] PRINT [03/18 13:46:10 graph]: Epoch 22: get test acc score:  0.701
[2023-03-18 13:46:10] PRINT [03/18 13:46:10 graph]: best_f1 0.701 at epoch 22
[2023-03-18 13:46:10] PRINT [03/18 13:46:10 graph]: start epoch 23.
[2023-03-18 13:46:10] PRINT [03/18 13:46:10 graph]: # Epoch 23: train_loss: 0.5870 | lr: 0.000226
[2023-03-18 13:46:11] PRINT [03/18 13:46:11 graph]: --- Testf1: 0.70000, Best Valacc: 0.69200 in epoch 8 --- 
[2023-03-18 13:46:11] PRINT [03/18 13:46:11 graph]: Epoch 23: get test acc score:  0.700
[2023-03-18 13:46:11] PRINT [03/18 13:46:11 graph]: best_f1 0.701 at epoch 22
[2023-03-18 13:46:11] PRINT [03/18 13:46:11 graph]: start epoch 24.
[2023-03-18 13:46:11] PRINT [03/18 13:46:11 graph]: # Epoch 24: train_loss: 0.5846 | lr: 0.000226
[2023-03-18 13:46:12] PRINT [03/18 13:46:12 graph]: --- Testf1: 0.68800, Best Valacc: 0.70200 in epoch 9 --- 
[2023-03-18 13:46:12] PRINT [03/18 13:46:12 graph]: Epoch 24: get test acc score:  0.688
[2023-03-18 13:46:12] PRINT [03/18 13:46:12 graph]: best_f1 0.701 at epoch 22
[2023-03-18 13:46:12] PRINT [03/18 13:46:12 graph]: start epoch 25.
[2023-03-18 13:46:12] PRINT [03/18 13:46:12 graph]: # Epoch 25: train_loss: 0.5812 | lr: 0.000226
[2023-03-18 13:46:13] PRINT [03/18 13:46:13 graph]: --- Testf1: 0.69900, Best Valacc: 0.68400 in epoch 3 --- 
[2023-03-18 13:46:13] PRINT [03/18 13:46:13 graph]: Epoch 25: get test acc score:  0.699
[2023-03-18 13:46:13] PRINT [03/18 13:46:13 graph]: best_f1 0.701 at epoch 22
[2023-03-18 13:46:13] PRINT [03/18 13:46:13 graph]: start epoch 26.
[2023-03-18 13:46:13] PRINT [03/18 13:46:13 graph]: # Epoch 26: train_loss: 0.5775 | lr: 0.000226
[2023-03-18 13:46:14] PRINT [03/18 13:46:14 graph]: --- Testf1: 0.69700, Best Valacc: 0.69600 in epoch 9 --- 
[2023-03-18 13:46:14] PRINT [03/18 13:46:14 graph]: Epoch 26: get test acc score:  0.697
[2023-03-18 13:46:14] PRINT [03/18 13:46:14 graph]: best_f1 0.701 at epoch 22
[2023-03-18 13:46:14] PRINT [03/18 13:46:14 graph]: start epoch 27.
[2023-03-18 13:46:14] PRINT [03/18 13:46:14 graph]: # Epoch 27: train_loss: 0.5745 | lr: 0.000226
[2023-03-18 13:46:15] PRINT [03/18 13:46:15 graph]: --- Testf1: 0.70200, Best Valacc: 0.70000 in epoch 11 --- 
[2023-03-18 13:46:15] PRINT [03/18 13:46:15 graph]: Epoch 27: get test acc score:  0.702
[2023-03-18 13:46:15] PRINT [03/18 13:46:15 graph]: best_f1 0.702 at epoch 27
[2023-03-18 13:46:15] PRINT [03/18 13:46:15 graph]: start epoch 28.
[2023-03-18 13:46:15] PRINT [03/18 13:46:15 graph]: # Epoch 28: train_loss: 0.5713 | lr: 0.000226
[2023-03-18 13:46:16] PRINT [03/18 13:46:16 graph]: --- Testf1: 0.70000, Best Valacc: 0.71400 in epoch 14 --- 
[2023-03-18 13:46:16] PRINT [03/18 13:46:16 graph]: Epoch 28: get test acc score:  0.700
[2023-03-18 13:46:16] PRINT [03/18 13:46:16 graph]: best_f1 0.702 at epoch 27
[2023-03-18 13:46:16] PRINT [03/18 13:46:16 graph]: start epoch 29.
[2023-03-18 13:46:16] PRINT [03/18 13:46:16 graph]: # Epoch 29: train_loss: 0.5683 | lr: 0.000226
[2023-03-18 13:46:17] PRINT [03/18 13:46:17 graph]: --- Testf1: 0.70800, Best Valacc: 0.71000 in epoch 8 --- 
[2023-03-18 13:46:17] PRINT [03/18 13:46:17 graph]: Epoch 29: get test acc score:  0.708
[2023-03-18 13:46:17] PRINT [03/18 13:46:17 graph]: best_f1 0.708 at epoch 29
[2023-03-18 13:46:17] PRINT [03/18 13:46:17 graph]: start epoch 30.
[2023-03-18 13:46:17] PRINT [03/18 13:46:17 graph]: # Epoch 30: train_loss: 0.5648 | lr: 0.000226
[2023-03-18 13:46:18] PRINT [03/18 13:46:18 graph]: --- Testf1: 0.70100, Best Valacc: 0.70400 in epoch 14 --- 
[2023-03-18 13:46:18] PRINT [03/18 13:46:18 graph]: Epoch 30: get test acc score:  0.701
[2023-03-18 13:46:18] PRINT [03/18 13:46:18 graph]: best_f1 0.708 at epoch 29
[2023-03-18 13:46:18] PRINT [03/18 13:46:18 graph]: start epoch 31.
[2023-03-18 13:46:18] PRINT [03/18 13:46:18 graph]: # Epoch 31: train_loss: 0.5633 | lr: 0.000226
[2023-03-18 13:46:19] PRINT [03/18 13:46:19 graph]: --- Testf1: 0.71200, Best Valacc: 0.70600 in epoch 10 --- 
[2023-03-18 13:46:19] PRINT [03/18 13:46:19 graph]: Epoch 31: get test acc score:  0.712
[2023-03-18 13:46:19] PRINT [03/18 13:46:19 graph]: best_f1 0.712 at epoch 31
[2023-03-18 13:46:19] PRINT [03/18 13:46:19 graph]: start epoch 32.
[2023-03-18 13:46:19] PRINT [03/18 13:46:19 graph]: # Epoch 32: train_loss: 0.5603 | lr: 0.000226
[2023-03-18 13:46:20] PRINT [03/18 13:46:20 graph]: --- Testf1: 0.71300, Best Valacc: 0.70600 in epoch 13 --- 
[2023-03-18 13:46:20] PRINT [03/18 13:46:20 graph]: Epoch 32: get test acc score:  0.713
[2023-03-18 13:46:20] PRINT [03/18 13:46:20 graph]: best_f1 0.713 at epoch 32
[2023-03-18 13:46:20] PRINT [03/18 13:46:20 graph]: start epoch 33.
[2023-03-18 13:46:20] PRINT [03/18 13:46:20 graph]: # Epoch 33: train_loss: 0.5597 | lr: 0.000226
[2023-03-18 13:46:21] PRINT [03/18 13:46:21 graph]: --- Testf1: 0.71000, Best Valacc: 0.72200 in epoch 10 --- 
[2023-03-18 13:46:21] PRINT [03/18 13:46:21 graph]: Epoch 33: get test acc score:  0.710
[2023-03-18 13:46:21] PRINT [03/18 13:46:21 graph]: best_f1 0.713 at epoch 32
[2023-03-18 13:46:21] PRINT [03/18 13:46:21 graph]: start epoch 34.
[2023-03-18 13:46:21] PRINT [03/18 13:46:21 graph]: # Epoch 34: train_loss: 0.5566 | lr: 0.000226
[2023-03-18 13:46:22] PRINT [03/18 13:46:22 graph]: --- Testf1: 0.70500, Best Valacc: 0.71000 in epoch 19 --- 
[2023-03-18 13:46:22] PRINT [03/18 13:46:22 graph]: Epoch 34: get test acc score:  0.705
[2023-03-18 13:46:22] PRINT [03/18 13:46:22 graph]: best_f1 0.713 at epoch 32
[2023-03-18 13:46:22] PRINT [03/18 13:46:22 graph]: start epoch 35.
[2023-03-18 13:46:22] PRINT [03/18 13:46:22 graph]: # Epoch 35: train_loss: 0.5546 | lr: 0.000226
[2023-03-18 13:46:22] PRINT [03/18 13:46:22 graph]: --- Testf1: 0.70200, Best Valacc: 0.70600 in epoch 3 --- 
[2023-03-18 13:46:23] PRINT [03/18 13:46:23 graph]: Epoch 35: get test acc score:  0.702
[2023-03-18 13:46:23] PRINT [03/18 13:46:23 graph]: best_f1 0.713 at epoch 32
[2023-03-18 13:46:23] PRINT [03/18 13:46:23 graph]: start epoch 36.
[2023-03-18 13:46:23] PRINT [03/18 13:46:23 graph]: # Epoch 36: train_loss: 0.5520 | lr: 0.000226
[2023-03-18 13:46:23] PRINT [03/18 13:46:23 graph]: --- Testf1: 0.71200, Best Valacc: 0.71400 in epoch 16 --- 
[2023-03-18 13:46:24] PRINT [03/18 13:46:24 graph]: Epoch 36: get test acc score:  0.712
[2023-03-18 13:46:24] PRINT [03/18 13:46:24 graph]: best_f1 0.713 at epoch 32
[2023-03-18 13:46:24] PRINT [03/18 13:46:24 graph]: start epoch 37.
[2023-03-18 13:46:24] PRINT [03/18 13:46:24 graph]: # Epoch 37: train_loss: 0.5494 | lr: 0.000226
[2023-03-18 13:46:24] PRINT [03/18 13:46:24 graph]: --- Testf1: 0.71000, Best Valacc: 0.71600 in epoch 22 --- 
[2023-03-18 13:46:25] PRINT [03/18 13:46:25 graph]: Epoch 37: get test acc score:  0.710
[2023-03-18 13:46:25] PRINT [03/18 13:46:25 graph]: best_f1 0.713 at epoch 32
[2023-03-18 13:46:25] PRINT [03/18 13:46:25 graph]: start epoch 38.
[2023-03-18 13:46:25] PRINT [03/18 13:46:25 graph]: # Epoch 38: train_loss: 0.5489 | lr: 0.000226
[2023-03-18 13:46:25] PRINT [03/18 13:46:25 graph]: --- Testf1: 0.70100, Best Valacc: 0.70200 in epoch 30 --- 
[2023-03-18 13:46:26] PRINT [03/18 13:46:26 graph]: Epoch 38: get test acc score:  0.701
[2023-03-18 13:46:26] PRINT [03/18 13:46:26 graph]: best_f1 0.713 at epoch 32
[2023-03-18 13:46:26] PRINT [03/18 13:46:26 graph]: start epoch 39.
[2023-03-18 13:46:26] PRINT [03/18 13:46:26 graph]: # Epoch 39: train_loss: 0.5467 | lr: 0.000226
[2023-03-18 13:46:26] PRINT [03/18 13:46:26 graph]: --- Testf1: 0.71200, Best Valacc: 0.71000 in epoch 7 --- 
[2023-03-18 13:46:27] PRINT [03/18 13:46:27 graph]: Epoch 39: get test acc score:  0.712
[2023-03-18 13:46:27] PRINT [03/18 13:46:27 graph]: best_f1 0.713 at epoch 32
[2023-03-18 13:46:27] PRINT [03/18 13:46:27 graph]: start epoch 40.
[2023-03-18 13:46:27] PRINT [03/18 13:46:27 graph]: # Epoch 40: train_loss: 0.5443 | lr: 0.000226
[2023-03-18 13:46:27] PRINT [03/18 13:46:27 graph]: --- Testf1: 0.71300, Best Valacc: 0.71400 in epoch 7 --- 
[2023-03-18 13:46:28] PRINT [03/18 13:46:28 graph]: Epoch 40: get test acc score:  0.713
[2023-03-18 13:46:28] PRINT [03/18 13:46:28 graph]: best_f1 0.713 at epoch 32
[2023-03-18 13:46:28] PRINT [03/18 13:46:28 graph]: start epoch 41.
[2023-03-18 13:46:28] PRINT [03/18 13:46:28 graph]: # Epoch 41: train_loss: 0.5433 | lr: 0.000226
[2023-03-18 13:46:28] PRINT [03/18 13:46:28 graph]: --- Testf1: 0.72300, Best Valacc: 0.71800 in epoch 7 --- 
[2023-03-18 13:46:29] PRINT [03/18 13:46:29 graph]: Epoch 41: get test acc score:  0.723
[2023-03-18 13:46:29] PRINT [03/18 13:46:29 graph]: best_f1 0.723 at epoch 41
[2023-03-18 13:46:29] PRINT [03/18 13:46:29 graph]: start epoch 42.
[2023-03-18 13:46:29] PRINT [03/18 13:46:29 graph]: # Epoch 42: train_loss: 0.5408 | lr: 0.000226
[2023-03-18 13:46:29] PRINT [03/18 13:46:29 graph]: --- Testf1: 0.71100, Best Valacc: 0.71800 in epoch 7 --- 
[2023-03-18 13:46:30] PRINT [03/18 13:46:30 graph]: Epoch 42: get test acc score:  0.711
[2023-03-18 13:46:30] PRINT [03/18 13:46:30 graph]: best_f1 0.723 at epoch 41
[2023-03-18 13:46:30] PRINT [03/18 13:46:30 graph]: start epoch 43.
[2023-03-18 13:46:30] PRINT [03/18 13:46:30 graph]: # Epoch 43: train_loss: 0.5392 | lr: 0.000226
[2023-03-18 13:46:30] PRINT [03/18 13:46:30 graph]: --- Testf1: 0.70600, Best Valacc: 0.71000 in epoch 4 --- 
[2023-03-18 13:46:31] PRINT [03/18 13:46:31 graph]: Epoch 43: get test acc score:  0.706
[2023-03-18 13:46:31] PRINT [03/18 13:46:31 graph]: best_f1 0.723 at epoch 41
[2023-03-18 13:46:31] PRINT [03/18 13:46:31 graph]: start epoch 44.
[2023-03-18 13:46:31] PRINT [03/18 13:46:31 graph]: # Epoch 44: train_loss: 0.5382 | lr: 0.000226
[2023-03-18 13:46:31] PRINT [03/18 13:46:31 graph]: --- Testf1: 0.70100, Best Valacc: 0.72600 in epoch 6 --- 
[2023-03-18 13:46:32] PRINT [03/18 13:46:32 graph]: Epoch 44: get test acc score:  0.701
[2023-03-18 13:46:32] PRINT [03/18 13:46:32 graph]: best_f1 0.723 at epoch 41
[2023-03-18 13:46:32] PRINT [03/18 13:46:32 graph]: start epoch 45.
[2023-03-18 13:46:32] PRINT [03/18 13:46:32 graph]: # Epoch 45: train_loss: 0.5356 | lr: 0.000226
[2023-03-18 13:46:32] PRINT [03/18 13:46:32 graph]: --- Testf1: 0.71200, Best Valacc: 0.71000 in epoch 1 --- 
[2023-03-18 13:46:33] PRINT [03/18 13:46:33 graph]: Epoch 45: get test acc score:  0.712
[2023-03-18 13:46:33] PRINT [03/18 13:46:33 graph]: best_f1 0.723 at epoch 41
[2023-03-18 13:46:33] PRINT [03/18 13:46:33 graph]: start epoch 46.
[2023-03-18 13:46:33] PRINT [03/18 13:46:33 graph]: # Epoch 46: train_loss: 0.5345 | lr: 0.000226
[2023-03-18 13:46:33] PRINT [03/18 13:46:33 graph]: --- Testf1: 0.71700, Best Valacc: 0.70800 in epoch 4 --- 
[2023-03-18 13:46:34] PRINT [03/18 13:46:34 graph]: Epoch 46: get test acc score:  0.717
[2023-03-18 13:46:34] PRINT [03/18 13:46:34 graph]: best_f1 0.723 at epoch 41
[2023-03-18 13:46:34] PRINT [03/18 13:46:34 graph]: start epoch 47.
[2023-03-18 13:46:34] PRINT [03/18 13:46:34 graph]: # Epoch 47: train_loss: 0.5327 | lr: 0.000226
[2023-03-18 13:46:34] PRINT [03/18 13:46:34 graph]: --- Testf1: 0.70600, Best Valacc: 0.72200 in epoch 4 --- 
[2023-03-18 13:46:35] PRINT [03/18 13:46:35 graph]: Epoch 47: get test acc score:  0.706
[2023-03-18 13:46:35] PRINT [03/18 13:46:35 graph]: best_f1 0.723 at epoch 41
[2023-03-18 13:46:35] PRINT [03/18 13:46:35 graph]: start epoch 48.
[2023-03-18 13:46:35] PRINT [03/18 13:46:35 graph]: # Epoch 48: train_loss: 0.5318 | lr: 0.000226
[2023-03-18 13:46:35] PRINT [03/18 13:46:35 graph]: --- Testf1: 0.72200, Best Valacc: 0.71200 in epoch 3 --- 
[2023-03-18 13:46:35] PRINT [03/18 13:46:35 graph]: Epoch 48: get test acc score:  0.722
[2023-03-18 13:46:35] PRINT [03/18 13:46:35 graph]: best_f1 0.723 at epoch 41
[2023-03-18 13:46:35] PRINT [03/18 13:46:35 graph]: start epoch 49.
[2023-03-18 13:46:36] PRINT [03/18 13:46:36 graph]: # Epoch 49: train_loss: 0.5298 | lr: 0.000226
[2023-03-18 13:46:36] PRINT [03/18 13:46:36 graph]: --- Testf1: 0.72100, Best Valacc: 0.71400 in epoch 7 --- 
[2023-03-18 13:46:36] PRINT [03/18 13:46:36 graph]: Epoch 49: get test acc score:  0.721
[2023-03-18 13:46:36] PRINT [03/18 13:46:36 graph]: best_f1 0.723 at epoch 41
[2023-03-18 13:46:36] PRINT [03/18 13:46:36 graph]: start epoch 50.
[2023-03-18 13:46:36] PRINT [03/18 13:46:36 graph]: # Epoch 50: train_loss: 0.5286 | lr: 0.000226
[2023-03-18 13:46:37] PRINT [03/18 13:46:37 graph]: --- Testf1: 0.71100, Best Valacc: 0.71800 in epoch 2 --- 
[2023-03-18 13:46:37] PRINT [03/18 13:46:37 graph]: Epoch 50: get test acc score:  0.711
[2023-03-18 13:46:37] PRINT [03/18 13:46:37 graph]: best_f1 0.723 at epoch 41
[2023-03-18 13:46:37] PRINT [03/18 13:46:37 graph]: start epoch 51.
[2023-03-18 13:46:37] PRINT [03/18 13:46:37 graph]: # Epoch 51: train_loss: 0.5279 | lr: 0.000226
[2023-03-18 13:46:38] PRINT [03/18 13:46:38 graph]: --- Testf1: 0.71700, Best Valacc: 0.71200 in epoch 8 --- 
[2023-03-18 13:46:38] PRINT [03/18 13:46:38 graph]: Epoch 51: get test acc score:  0.717
[2023-03-18 13:46:38] PRINT [03/18 13:46:38 graph]: best_f1 0.723 at epoch 41
[2023-03-18 13:46:38] PRINT [03/18 13:46:38 graph]: start epoch 52.
[2023-03-18 13:46:38] PRINT [03/18 13:46:38 graph]: # Epoch 52: train_loss: 0.5248 | lr: 0.000226
[2023-03-18 13:46:39] PRINT [03/18 13:46:39 graph]: --- Testf1: 0.71600, Best Valacc: 0.72200 in epoch 4 --- 
[2023-03-18 13:46:39] PRINT [03/18 13:46:39 graph]: Epoch 52: get test acc score:  0.716
[2023-03-18 13:46:39] PRINT [03/18 13:46:39 graph]: best_f1 0.723 at epoch 41
[2023-03-18 13:46:39] PRINT [03/18 13:46:39 graph]: start epoch 53.
[2023-03-18 13:46:39] PRINT [03/18 13:46:39 graph]: # Epoch 53: train_loss: 0.5228 | lr: 0.000226
[2023-03-18 13:46:40] PRINT [03/18 13:46:40 graph]: --- Testf1: 0.71500, Best Valacc: 0.71200 in epoch 3 --- 
[2023-03-18 13:46:40] PRINT [03/18 13:46:40 graph]: Epoch 53: get test acc score:  0.715
[2023-03-18 13:46:40] PRINT [03/18 13:46:40 graph]: best_f1 0.723 at epoch 41
[2023-03-18 13:46:40] PRINT [03/18 13:46:40 graph]: start epoch 54.
[2023-03-18 13:46:40] PRINT [03/18 13:46:40 graph]: # Epoch 54: train_loss: 0.5217 | lr: 0.000226
[2023-03-18 13:46:41] PRINT [03/18 13:46:41 graph]: --- Testf1: 0.70900, Best Valacc: 0.72200 in epoch 6 --- 
[2023-03-18 13:46:41] PRINT [03/18 13:46:41 graph]: Epoch 54: get test acc score:  0.709
[2023-03-18 13:46:41] PRINT [03/18 13:46:41 graph]: best_f1 0.723 at epoch 41
[2023-03-18 13:46:41] PRINT [03/18 13:46:41 graph]: start epoch 55.
[2023-03-18 13:46:41] PRINT [03/18 13:46:41 graph]: # Epoch 55: train_loss: 0.5212 | lr: 0.000226
[2023-03-18 13:46:42] PRINT [03/18 13:46:42 graph]: --- Testf1: 0.71600, Best Valacc: 0.72200 in epoch 5 --- 
[2023-03-18 13:46:42] PRINT [03/18 13:46:42 graph]: Epoch 55: get test acc score:  0.716
[2023-03-18 13:46:42] PRINT [03/18 13:46:42 graph]: best_f1 0.723 at epoch 41
[2023-03-18 13:46:42] PRINT [03/18 13:46:42 graph]: start epoch 56.
[2023-03-18 13:46:42] PRINT [03/18 13:46:42 graph]: # Epoch 56: train_loss: 0.5187 | lr: 0.000226
[2023-03-18 13:46:43] PRINT [03/18 13:46:43 graph]: --- Testf1: 0.72200, Best Valacc: 0.72400 in epoch 2 --- 
[2023-03-18 13:46:43] PRINT [03/18 13:46:43 graph]: Epoch 56: get test acc score:  0.722
[2023-03-18 13:46:43] PRINT [03/18 13:46:43 graph]: best_f1 0.723 at epoch 41
[2023-03-18 13:46:43] PRINT [03/18 13:46:43 graph]: start epoch 57.
[2023-03-18 13:46:43] PRINT [03/18 13:46:43 graph]: # Epoch 57: train_loss: 0.5169 | lr: 0.000226
[2023-03-18 13:46:44] PRINT [03/18 13:46:44 graph]: --- Testf1: 0.71100, Best Valacc: 0.72400 in epoch 3 --- 
[2023-03-18 13:46:44] PRINT [03/18 13:46:44 graph]: Epoch 57: get test acc score:  0.711
[2023-03-18 13:46:44] PRINT [03/18 13:46:44 graph]: best_f1 0.723 at epoch 41
[2023-03-18 13:46:44] PRINT [03/18 13:46:44 graph]: start epoch 58.
[2023-03-18 13:46:44] PRINT [03/18 13:46:44 graph]: # Epoch 58: train_loss: 0.5161 | lr: 0.000226
[2023-03-18 13:46:45] PRINT [03/18 13:46:45 graph]: --- Testf1: 0.72100, Best Valacc: 0.71600 in epoch 6 --- 
[2023-03-18 13:46:45] PRINT [03/18 13:46:45 graph]: Epoch 58: get test acc score:  0.721
[2023-03-18 13:46:45] PRINT [03/18 13:46:45 graph]: best_f1 0.723 at epoch 41
[2023-03-18 13:46:45] PRINT [03/18 13:46:45 graph]: start epoch 59.
[2023-03-18 13:46:45] PRINT [03/18 13:46:45 graph]: # Epoch 59: train_loss: 0.5140 | lr: 0.000226
[2023-03-18 13:46:46] PRINT [03/18 13:46:46 graph]: --- Testf1: 0.71800, Best Valacc: 0.71800 in epoch 2 --- 
[2023-03-18 13:46:46] PRINT [03/18 13:46:46 graph]: Epoch 59: get test acc score:  0.718
[2023-03-18 13:46:46] PRINT [03/18 13:46:46 graph]: best_f1 0.723 at epoch 41
[2023-03-18 13:46:46] PRINT [03/18 13:46:46 graph]: start epoch 60.
[2023-03-18 13:46:46] PRINT [03/18 13:46:46 graph]: # Epoch 60: train_loss: 0.5141 | lr: 0.000226
[2023-03-18 13:46:47] PRINT [03/18 13:46:47 graph]: --- Testf1: 0.70800, Best Valacc: 0.70000 in epoch 2 --- 
[2023-03-18 13:46:47] PRINT [03/18 13:46:47 graph]: Epoch 60: get test acc score:  0.708
[2023-03-18 13:46:47] PRINT [03/18 13:46:47 graph]: best_f1 0.723 at epoch 41
[2023-03-18 13:46:47] PRINT [03/18 13:46:47 graph]: start epoch 61.
[2023-03-18 13:46:47] PRINT [03/18 13:46:47 graph]: # Epoch 61: train_loss: 0.5121 | lr: 0.000226
[2023-03-18 13:46:48] PRINT [03/18 13:46:48 graph]: --- Testf1: 0.69900, Best Valacc: 0.70400 in epoch 3 --- 
[2023-03-18 13:46:48] PRINT [03/18 13:46:48 graph]: Epoch 61: get test acc score:  0.699
[2023-03-18 13:46:48] PRINT [03/18 13:46:48 graph]: best_f1 0.723 at epoch 41
[2023-03-18 13:46:48] PRINT [03/18 13:46:48 graph]: start epoch 62.
[2023-03-18 13:46:48] PRINT [03/18 13:46:48 graph]: # Epoch 62: train_loss: 0.5102 | lr: 0.000226
[2023-03-18 13:46:49] PRINT [03/18 13:46:49 graph]: --- Testf1: 0.71300, Best Valacc: 0.70600 in epoch 1 --- 
[2023-03-18 13:46:49] PRINT [03/18 13:46:49 graph]: Epoch 62: get test acc score:  0.713
[2023-03-18 13:46:49] PRINT [03/18 13:46:49 graph]: best_f1 0.723 at epoch 41
[2023-03-18 13:46:49] PRINT [03/18 13:46:49 graph]: start epoch 63.
[2023-03-18 13:46:49] PRINT [03/18 13:46:49 graph]: # Epoch 63: train_loss: 0.5084 | lr: 0.000226
[2023-03-18 13:46:50] PRINT [03/18 13:46:50 graph]: --- Testf1: 0.70700, Best Valacc: 0.71600 in epoch 2 --- 
[2023-03-18 13:46:50] PRINT [03/18 13:46:50 graph]: Epoch 63: get test acc score:  0.707
[2023-03-18 13:46:50] PRINT [03/18 13:46:50 graph]: best_f1 0.723 at epoch 41
[2023-03-18 13:46:50] PRINT [03/18 13:46:50 graph]: start epoch 64.
[2023-03-18 13:46:50] PRINT [03/18 13:46:50 graph]: # Epoch 64: train_loss: 0.5065 | lr: 0.000226
[2023-03-18 13:46:51] PRINT [03/18 13:46:51 graph]: --- Testf1: 0.71800, Best Valacc: 0.70200 in epoch 6 --- 
[2023-03-18 13:46:51] PRINT [03/18 13:46:51 graph]: Epoch 64: get test acc score:  0.718
[2023-03-18 13:46:51] PRINT [03/18 13:46:51 graph]: best_f1 0.723 at epoch 41
[2023-03-18 13:46:51] PRINT [03/18 13:46:51 graph]: start epoch 65.
[2023-03-18 13:46:51] PRINT [03/18 13:46:51 graph]: # Epoch 65: train_loss: 0.5060 | lr: 0.000226
[2023-03-18 13:46:52] PRINT [03/18 13:46:52 graph]: --- Testf1: 0.71500, Best Valacc: 0.72600 in epoch 1 --- 
[2023-03-18 13:46:52] PRINT [03/18 13:46:52 graph]: Epoch 65: get test acc score:  0.715
[2023-03-18 13:46:52] PRINT [03/18 13:46:52 graph]: best_f1 0.723 at epoch 41
[2023-03-18 13:46:52] PRINT [03/18 13:46:52 graph]: start epoch 66.
[2023-03-18 13:46:52] PRINT [03/18 13:46:52 graph]: # Epoch 66: train_loss: 0.5033 | lr: 0.000226
[2023-03-18 13:46:53] PRINT [03/18 13:46:53 graph]: --- Testf1: 0.71200, Best Valacc: 0.72200 in epoch 1 --- 
[2023-03-18 13:46:53] PRINT [03/18 13:46:53 graph]: Epoch 66: get test acc score:  0.712
[2023-03-18 13:46:53] PRINT [03/18 13:46:53 graph]: best_f1 0.723 at epoch 41
[2023-03-18 13:46:53] PRINT [03/18 13:46:53 graph]: start epoch 67.
[2023-03-18 13:46:53] PRINT [03/18 13:46:53 graph]: # Epoch 67: train_loss: 0.5035 | lr: 0.000226
[2023-03-18 13:46:54] PRINT [03/18 13:46:54 graph]: --- Testf1: 0.71200, Best Valacc: 0.69600 in epoch 4 --- 
[2023-03-18 13:46:54] PRINT [03/18 13:46:54 graph]: Epoch 67: get test acc score:  0.712
[2023-03-18 13:46:54] PRINT [03/18 13:46:54 graph]: best_f1 0.723 at epoch 41
[2023-03-18 13:46:54] PRINT [03/18 13:46:54 graph]: start epoch 68.
[2023-03-18 13:46:54] PRINT [03/18 13:46:54 graph]: # Epoch 68: train_loss: 0.5016 | lr: 0.000226
[2023-03-18 13:46:55] PRINT [03/18 13:46:55 graph]: --- Testf1: 0.70700, Best Valacc: 0.69800 in epoch 2 --- 
[2023-03-18 13:46:55] PRINT [03/18 13:46:55 graph]: Epoch 68: get test acc score:  0.707
[2023-03-18 13:46:55] PRINT [03/18 13:46:55 graph]: best_f1 0.723 at epoch 41
[2023-03-18 13:46:55] PRINT [03/18 13:46:55 graph]: start epoch 69.
[2023-03-18 13:46:55] PRINT [03/18 13:46:55 graph]: # Epoch 69: train_loss: 0.4998 | lr: 0.000226
[2023-03-18 13:46:56] PRINT [03/18 13:46:56 graph]: --- Testf1: 0.70500, Best Valacc: 0.71200 in epoch 1 --- 
[2023-03-18 13:46:56] PRINT [03/18 13:46:56 graph]: Epoch 69: get test acc score:  0.705
[2023-03-18 13:46:56] PRINT [03/18 13:46:56 graph]: best_f1 0.723 at epoch 41
[2023-03-18 13:46:56] PRINT [03/18 13:46:56 graph]: start epoch 70.
[2023-03-18 13:46:56] PRINT [03/18 13:46:56 graph]: # Epoch 70: train_loss: 0.4981 | lr: 0.000226
[2023-03-18 13:46:57] PRINT [03/18 13:46:57 graph]: --- Testf1: 0.69400, Best Valacc: 0.70400 in epoch 1 --- 
[2023-03-18 13:46:57] PRINT [03/18 13:46:57 graph]: Epoch 70: get test acc score:  0.694
[2023-03-18 13:46:57] PRINT [03/18 13:46:57 graph]: best_f1 0.723 at epoch 41
[2023-03-18 13:46:57] PRINT [03/18 13:46:57 graph]: start epoch 71.
[2023-03-18 13:46:57] PRINT [03/18 13:46:57 graph]: # Epoch 71: train_loss: 0.4960 | lr: 0.000226
[2023-03-18 13:46:58] PRINT [03/18 13:46:58 graph]: --- Testf1: 0.70300, Best Valacc: 0.71400 in epoch 4 --- 
[2023-03-18 13:46:58] PRINT [03/18 13:46:58 graph]: Epoch 71: get test acc score:  0.703
[2023-03-18 13:46:58] PRINT [03/18 13:46:58 graph]: best_f1 0.723 at epoch 41
[2023-03-18 13:46:58] PRINT [03/18 13:46:58 graph]: start epoch 72.
[2023-03-18 13:46:58] PRINT [03/18 13:46:58 graph]: # Epoch 72: train_loss: 0.4943 | lr: 0.000226
[2023-03-18 13:46:59] PRINT [03/18 13:46:59 graph]: --- Testf1: 0.70600, Best Valacc: 0.71200 in epoch 3 --- 
[2023-03-18 13:46:59] PRINT [03/18 13:46:59 graph]: Epoch 72: get test acc score:  0.706
[2023-03-18 13:46:59] PRINT [03/18 13:46:59 graph]: best_f1 0.723 at epoch 41
[2023-03-18 13:46:59] PRINT [03/18 13:46:59 graph]: start epoch 73.
[2023-03-18 13:46:59] PRINT [03/18 13:46:59 graph]: # Epoch 73: train_loss: 0.4942 | lr: 0.000226
[2023-03-18 13:47:00] PRINT [03/18 13:47:00 graph]: --- Testf1: 0.70000, Best Valacc: 0.69400 in epoch 1 --- 
[2023-03-18 13:47:00] PRINT [03/18 13:47:00 graph]: Epoch 73: get test acc score:  0.700
[2023-03-18 13:47:00] PRINT [03/18 13:47:00 graph]: best_f1 0.723 at epoch 41
[2023-03-18 13:47:00] PRINT [03/18 13:47:00 graph]: start epoch 74.
[2023-03-18 13:47:00] PRINT [03/18 13:47:00 graph]: # Epoch 74: train_loss: 0.4938 | lr: 0.000226
[2023-03-18 13:47:00] PRINT [03/18 13:47:00 graph]: --- Testf1: 0.70400, Best Valacc: 0.69800 in epoch 3 --- 
[2023-03-18 13:47:01] PRINT [03/18 13:47:01 graph]: Epoch 74: get test acc score:  0.704
[2023-03-18 13:47:01] PRINT [03/18 13:47:01 graph]: best_f1 0.723 at epoch 41
[2023-03-18 13:47:01] PRINT [03/18 13:47:01 graph]: start epoch 75.
[2023-03-18 13:47:01] PRINT [03/18 13:47:01 graph]: # Epoch 75: train_loss: 0.4908 | lr: 0.000226
[2023-03-18 13:47:01] PRINT [03/18 13:47:01 graph]: --- Testf1: 0.70400, Best Valacc: 0.70000 in epoch 3 --- 
[2023-03-18 13:47:02] PRINT [03/18 13:47:02 graph]: Epoch 75: get test acc score:  0.704
[2023-03-18 13:47:02] PRINT [03/18 13:47:02 graph]: best_f1 0.723 at epoch 41
[2023-03-18 13:47:02] PRINT [03/18 13:47:02 graph]: start epoch 76.
[2023-03-18 13:47:02] PRINT [03/18 13:47:02 graph]: # Epoch 76: train_loss: 0.4893 | lr: 0.000226
[2023-03-18 13:47:03] PRINT [03/18 13:47:03 graph]: --- Testf1: 0.70800, Best Valacc: 0.71000 in epoch 1 --- 
[2023-03-18 13:47:03] PRINT [03/18 13:47:03 graph]: Epoch 76: get test acc score:  0.708
[2023-03-18 13:47:03] PRINT [03/18 13:47:03 graph]: best_f1 0.723 at epoch 41
[2023-03-18 13:47:03] PRINT [03/18 13:47:03 graph]: start epoch 77.
[2023-03-18 13:47:03] PRINT [03/18 13:47:03 graph]: # Epoch 77: train_loss: 0.4879 | lr: 0.000226
[2023-03-18 13:47:04] PRINT [03/18 13:47:04 graph]: --- Testf1: 0.70600, Best Valacc: 0.69800 in epoch 2 --- 
[2023-03-18 13:47:04] PRINT [03/18 13:47:04 graph]: Epoch 77: get test acc score:  0.706
[2023-03-18 13:47:04] PRINT [03/18 13:47:04 graph]: best_f1 0.723 at epoch 41
[2023-03-18 13:47:04] PRINT [03/18 13:47:04 graph]: start epoch 78.
[2023-03-18 13:47:04] PRINT [03/18 13:47:04 graph]: # Epoch 78: train_loss: 0.4876 | lr: 0.000226
[2023-03-18 13:47:05] PRINT [03/18 13:47:05 graph]: --- Testf1: 0.69600, Best Valacc: 0.70200 in epoch 3 --- 
[2023-03-18 13:47:05] PRINT [03/18 13:47:05 graph]: Epoch 78: get test acc score:  0.696
[2023-03-18 13:47:05] PRINT [03/18 13:47:05 graph]: best_f1 0.723 at epoch 41
[2023-03-18 13:47:05] PRINT [03/18 13:47:05 graph]: start epoch 79.
[2023-03-18 13:47:05] PRINT [03/18 13:47:05 graph]: # Epoch 79: train_loss: 0.4856 | lr: 0.000226
[2023-03-18 13:47:05] PRINT [03/18 13:47:05 graph]: --- Testf1: 0.70400, Best Valacc: 0.69600 in epoch 3 --- 
[2023-03-18 13:47:06] PRINT [03/18 13:47:06 graph]: Epoch 79: get test acc score:  0.704
[2023-03-18 13:47:06] PRINT [03/18 13:47:06 graph]: best_f1 0.723 at epoch 41
[2023-03-18 13:47:06] PRINT [03/18 13:47:06 graph]: start epoch 80.
[2023-03-18 13:47:06] PRINT [03/18 13:47:06 graph]: # Epoch 80: train_loss: 0.4842 | lr: 0.000226
[2023-03-18 13:47:06] PRINT [03/18 13:47:06 graph]: --- Testf1: 0.70700, Best Valacc: 0.70400 in epoch 1 --- 
[2023-03-18 13:47:07] PRINT [03/18 13:47:07 graph]: Epoch 80: get test acc score:  0.707
[2023-03-18 13:47:07] PRINT [03/18 13:47:07 graph]: best_f1 0.723 at epoch 41
[2023-03-18 13:47:07] PRINT [03/18 13:47:07 graph]: start epoch 81.
[2023-03-18 13:47:07] PRINT [03/18 13:47:07 graph]: # Epoch 81: train_loss: 0.4836 | lr: 0.000226
[2023-03-18 13:47:07] PRINT [03/18 13:47:07 graph]: --- Testf1: 0.70100, Best Valacc: 0.71400 in epoch 4 --- 
[2023-03-18 13:47:08] PRINT [03/18 13:47:08 graph]: Epoch 81: get test acc score:  0.701
[2023-03-18 13:47:08] PRINT [03/18 13:47:08 graph]: best_f1 0.723 at epoch 41
[2023-03-18 13:47:08] PRINT [03/18 13:47:08 graph]: start epoch 82.
[2023-03-18 13:47:08] PRINT [03/18 13:47:08 graph]: # Epoch 82: train_loss: 0.4809 | lr: 0.000226
[2023-03-18 13:47:08] PRINT [03/18 13:47:08 graph]: --- Testf1: 0.68800, Best Valacc: 0.71000 in epoch 2 --- 
[2023-03-18 13:47:09] PRINT [03/18 13:47:09 graph]: Epoch 82: get test acc score:  0.688
[2023-03-18 13:47:09] PRINT [03/18 13:47:09 graph]: best_f1 0.723 at epoch 41
[2023-03-18 13:47:09] PRINT [03/18 13:47:09 graph]: start epoch 83.
[2023-03-18 13:47:09] PRINT [03/18 13:47:09 graph]: # Epoch 83: train_loss: 0.4803 | lr: 0.000226
[2023-03-18 13:47:09] PRINT [03/18 13:47:09 graph]: --- Testf1: 0.69700, Best Valacc: 0.69000 in epoch 2 --- 
[2023-03-18 13:47:10] PRINT [03/18 13:47:10 graph]: Epoch 83: get test acc score:  0.697
[2023-03-18 13:47:10] PRINT [03/18 13:47:10 graph]: best_f1 0.723 at epoch 41
[2023-03-18 13:47:10] PRINT [03/18 13:47:10 graph]: start epoch 84.
[2023-03-18 13:47:10] PRINT [03/18 13:47:10 graph]: # Epoch 84: train_loss: 0.4769 | lr: 0.000226
[2023-03-18 13:47:10] PRINT [03/18 13:47:10 graph]: --- Testf1: 0.69700, Best Valacc: 0.70200 in epoch 2 --- 
[2023-03-18 13:47:11] PRINT [03/18 13:47:11 graph]: Epoch 84: get test acc score:  0.697
[2023-03-18 13:47:11] PRINT [03/18 13:47:11 graph]: best_f1 0.723 at epoch 41
[2023-03-18 13:47:11] PRINT [03/18 13:47:11 graph]: start epoch 85.
[2023-03-18 13:47:11] PRINT [03/18 13:47:11 graph]: # Epoch 85: train_loss: 0.4770 | lr: 0.000226
[2023-03-18 13:47:11] PRINT [03/18 13:47:11 graph]: --- Testf1: 0.68900, Best Valacc: 0.70400 in epoch 1 --- 
[2023-03-18 13:47:12] PRINT [03/18 13:47:12 graph]: Epoch 85: get test acc score:  0.689
[2023-03-18 13:47:12] PRINT [03/18 13:47:12 graph]: best_f1 0.723 at epoch 41
[2023-03-18 13:47:12] PRINT [03/18 13:47:12 graph]: start epoch 86.
[2023-03-18 13:47:12] PRINT [03/18 13:47:12 graph]: # Epoch 86: train_loss: 0.4756 | lr: 0.000226
[2023-03-18 13:47:12] PRINT [03/18 13:47:12 graph]: --- Testf1: 0.68500, Best Valacc: 0.68000 in epoch 2 --- 
[2023-03-18 13:47:13] PRINT [03/18 13:47:13 graph]: Epoch 86: get test acc score:  0.685
[2023-03-18 13:47:13] PRINT [03/18 13:47:13 graph]: best_f1 0.723 at epoch 41
[2023-03-18 13:47:13] PRINT [03/18 13:47:13 graph]: start epoch 87.
[2023-03-18 13:47:13] PRINT [03/18 13:47:13 graph]: # Epoch 87: train_loss: 0.4735 | lr: 0.000226
[2023-03-18 13:47:13] PRINT [03/18 13:47:13 graph]: --- Testf1: 0.68600, Best Valacc: 0.71000 in epoch 4 --- 
[2023-03-18 13:47:13] PRINT [03/18 13:47:13 graph]: Epoch 87: get test acc score:  0.686
[2023-03-18 13:47:13] PRINT [03/18 13:47:13 graph]: best_f1 0.723 at epoch 41
[2023-03-18 13:47:13] PRINT [03/18 13:47:13 graph]: start epoch 88.
[2023-03-18 13:47:14] PRINT [03/18 13:47:14 graph]: # Epoch 88: train_loss: 0.4740 | lr: 0.000226
[2023-03-18 13:47:14] PRINT [03/18 13:47:14 graph]: --- Testf1: 0.68600, Best Valacc: 0.68200 in epoch 5 --- 
[2023-03-18 13:47:14] PRINT [03/18 13:47:14 graph]: Epoch 88: get test acc score:  0.686
[2023-03-18 13:47:14] PRINT [03/18 13:47:14 graph]: best_f1 0.723 at epoch 41
[2023-03-18 13:47:14] PRINT [03/18 13:47:14 graph]: start epoch 89.
[2023-03-18 13:47:15] PRINT [03/18 13:47:15 graph]: # Epoch 89: train_loss: 0.4713 | lr: 0.000226
[2023-03-18 13:47:15] PRINT [03/18 13:47:15 graph]: --- Testf1: 0.67500, Best Valacc: 0.67400 in epoch 3 --- 
[2023-03-18 13:47:15] PRINT [03/18 13:47:15 graph]: Epoch 89: get test acc score:  0.675
[2023-03-18 13:47:15] PRINT [03/18 13:47:15 graph]: best_f1 0.723 at epoch 41
[2023-03-18 13:47:15] PRINT [03/18 13:47:15 graph]: start epoch 90.
[2023-03-18 13:47:16] PRINT [03/18 13:47:16 graph]: # Epoch 90: train_loss: 0.4705 | lr: 0.000226
[2023-03-18 13:47:16] PRINT [03/18 13:47:16 graph]: --- Testf1: 0.68500, Best Valacc: 0.69800 in epoch 2 --- 
[2023-03-18 13:47:16] PRINT [03/18 13:47:16 graph]: Epoch 90: get test acc score:  0.685
[2023-03-18 13:47:16] PRINT [03/18 13:47:16 graph]: best_f1 0.723 at epoch 41
[2023-03-18 13:47:16] PRINT [03/18 13:47:16 graph]: start epoch 91.
[2023-03-18 13:47:17] PRINT [03/18 13:47:17 graph]: # Epoch 91: train_loss: 0.4675 | lr: 0.000226
[2023-03-18 13:47:17] PRINT [03/18 13:47:17 graph]: --- Testf1: 0.67100, Best Valacc: 0.69400 in epoch 7 --- 
[2023-03-18 13:47:17] PRINT [03/18 13:47:17 graph]: Epoch 91: get test acc score:  0.671
[2023-03-18 13:47:17] PRINT [03/18 13:47:17 graph]: best_f1 0.723 at epoch 41
[2023-03-18 13:47:17] PRINT [03/18 13:47:17 graph]: start epoch 92.
[2023-03-18 13:47:18] PRINT [03/18 13:47:18 graph]: # Epoch 92: train_loss: 0.4697 | lr: 0.000226
[2023-03-18 13:47:18] PRINT [03/18 13:47:18 graph]: --- Testf1: 0.67000, Best Valacc: 0.69400 in epoch 7 --- 
[2023-03-18 13:47:18] PRINT [03/18 13:47:18 graph]: Epoch 92: get test acc score:  0.670
[2023-03-18 13:47:18] PRINT [03/18 13:47:18 graph]: best_f1 0.723 at epoch 41
[2023-03-18 13:47:18] PRINT [03/18 13:47:18 graph]: start epoch 93.
[2023-03-18 13:47:19] PRINT [03/18 13:47:19 graph]: # Epoch 93: train_loss: 0.4656 | lr: 0.000226
[2023-03-18 13:47:19] PRINT [03/18 13:47:19 graph]: --- Testf1: 0.67900, Best Valacc: 0.67600 in epoch 1 --- 
[2023-03-18 13:47:19] PRINT [03/18 13:47:19 graph]: Epoch 93: get test acc score:  0.679
[2023-03-18 13:47:19] PRINT [03/18 13:47:19 graph]: best_f1 0.723 at epoch 41
[2023-03-18 13:47:19] PRINT [03/18 13:47:19 graph]: start epoch 94.
[2023-03-18 13:47:19] PRINT [03/18 13:47:19 graph]: # Epoch 94: train_loss: 0.4637 | lr: 0.000226
[2023-03-18 13:47:20] PRINT [03/18 13:47:20 graph]: --- Testf1: 0.67300, Best Valacc: 0.69400 in epoch 5 --- 
[2023-03-18 13:47:20] PRINT [03/18 13:47:20 graph]: Epoch 94: get test acc score:  0.673
[2023-03-18 13:47:20] PRINT [03/18 13:47:20 graph]: best_f1 0.723 at epoch 41
[2023-03-18 13:47:20] PRINT [03/18 13:47:20 graph]: start epoch 95.
[2023-03-18 13:47:20] PRINT [03/18 13:47:20 graph]: # Epoch 95: train_loss: 0.4642 | lr: 0.000226
[2023-03-18 13:47:21] PRINT [03/18 13:47:21 graph]: --- Testf1: 0.67700, Best Valacc: 0.69000 in epoch 3 --- 
[2023-03-18 13:47:21] PRINT [03/18 13:47:21 graph]: Epoch 95: get test acc score:  0.677
[2023-03-18 13:47:21] PRINT [03/18 13:47:21 graph]: best_f1 0.723 at epoch 41
[2023-03-18 13:47:21] PRINT [03/18 13:47:21 graph]: start epoch 96.
[2023-03-18 13:47:21] PRINT [03/18 13:47:21 graph]: # Epoch 96: train_loss: 0.4633 | lr: 0.000226
[2023-03-18 13:47:22] PRINT [03/18 13:47:22 graph]: --- Testf1: 0.67000, Best Valacc: 0.69400 in epoch 4 --- 
[2023-03-18 13:47:22] PRINT [03/18 13:47:22 graph]: Epoch 96: get test acc score:  0.670
[2023-03-18 13:47:22] PRINT [03/18 13:47:22 graph]: best_f1 0.723 at epoch 41
[2023-03-18 13:47:22] PRINT [03/18 13:47:22 graph]: start epoch 97.
[2023-03-18 13:47:22] PRINT [03/18 13:47:22 graph]: # Epoch 97: train_loss: 0.4623 | lr: 0.000226
[2023-03-18 13:47:23] PRINT [03/18 13:47:23 graph]: --- Testf1: 0.67200, Best Valacc: 0.68600 in epoch 5 --- 
[2023-03-18 13:47:23] PRINT [03/18 13:47:23 graph]: Epoch 97: get test acc score:  0.672
[2023-03-18 13:47:23] PRINT [03/18 13:47:23 graph]: best_f1 0.723 at epoch 41
[2023-03-18 13:47:23] PRINT [03/18 13:47:23 graph]: start epoch 98.
[2023-03-18 13:47:23] PRINT [03/18 13:47:23 graph]: # Epoch 98: train_loss: 0.4611 | lr: 0.000226
[2023-03-18 13:47:24] PRINT [03/18 13:47:24 graph]: --- Testf1: 0.67600, Best Valacc: 0.67800 in epoch 3 --- 
[2023-03-18 13:47:24] PRINT [03/18 13:47:24 graph]: Epoch 98: get test acc score:  0.676
[2023-03-18 13:47:24] PRINT [03/18 13:47:24 graph]: best_f1 0.723 at epoch 41
[2023-03-18 13:47:24] PRINT [03/18 13:47:24 graph]: start epoch 99.
[2023-03-18 13:47:24] PRINT [03/18 13:47:24 graph]: # Epoch 99: train_loss: 0.4577 | lr: 0.000226
[2023-03-18 13:47:25] PRINT [03/18 13:47:25 graph]: --- Testf1: 0.68300, Best Valacc: 0.69200 in epoch 5 --- 
[2023-03-18 13:47:25] PRINT [03/18 13:47:25 graph]: Epoch 99: get test acc score:  0.683
[2023-03-18 13:47:25] PRINT [03/18 13:47:25 graph]: best_f1 0.723 at epoch 41
[2023-03-18 13:47:25] PRINT [03/18 13:47:25 graph]: # final_acc: 0.7230±0.0000
