[2023-03-22 02:22:52] PRINT ---new cfg------
[2023-03-22 02:22:52] PRINT {'DATA': {'data_name': 'comp'}, 'DATALOADER': {'NUM_WORKERS': 0}, 'MODEL': {'num_hidden': 512, 'num_layers': 2, 'nhead': 4, 'activation': 'prelu', 'attn_drop': 0.5, 'feat_drop': 0.4, 'norm': 'batchnorm', 'pooler': 'mean', 'beta_schedule': 'quad', 'beta_1': 0.0009058554178501281, 'beta_T': 0.08226569550593471, 'T': 357}, 'SOLVER': {'optim_type': 'adam', 'optim_type_f': 'adamw', 'alpha': 1, 'decay': 20, 'LR': 0.0003190518500007182, 'LR_f': 0.012332873258962951, 'weight_decay': 0, 'weight_decay_f': 2.986687871779094e-05, 'MAX_EPOCH': 100, 'max_epoch_f': 500}, 'DEVICE': 'cuda', 'seeds': [0], 'eval_T': [50, 100, 200], 'output_dir': '/ddm-nni/AmazonCoBuyComputerDataset¶/log', 'checkpoint_dir': '/ddm-nni/AmazonCoBuyComputerDataset¶/log/checkpoint'}
[2023-03-22 02:22:52] PRINT [03/22 02:22:52 graph]: Rank of current process: 0. World size: 1
[2023-03-22 02:22:56] PRINT [03/22 02:22:56 graph]: Environment info:
[2023-03-22 02:22:56] PRINT PyTorch version: 1.10.0+cu113
[2023-03-22 02:22:56] PRINT Is debug build: False
[2023-03-22 02:22:56] PRINT CUDA used to build PyTorch: 11.3
[2023-03-22 02:22:56] PRINT ROCM used to build PyTorch: N/A
[2023-03-22 02:22:56] PRINT 
[2023-03-22 02:22:56] PRINT OS: Ubuntu 20.04.3 LTS (x86_64)
[2023-03-22 02:22:56] PRINT GCC version: (Ubuntu 9.3.0-17ubuntu1~20.04) 9.3.0
[2023-03-22 02:22:56] PRINT Clang version: Could not collect
[2023-03-22 02:22:56] PRINT CMake version: version 3.16.3
[2023-03-22 02:22:56] PRINT Libc version: glibc-2.31
[2023-03-22 02:22:56] PRINT 
[2023-03-22 02:22:56] PRINT Python version: 3.8.10 (default, Jun  4 2021, 15:09:15)  [GCC 7.5.0] (64-bit runtime)
[2023-03-22 02:22:56] PRINT Python platform: Linux-5.4.0-90-generic-x86_64-with-glibc2.17
[2023-03-22 02:22:56] PRINT Is CUDA available: True
[2023-03-22 02:22:56] PRINT CUDA runtime version: 11.3.109
[2023-03-22 02:22:56] PRINT GPU models and configuration: GPU 0: NVIDIA GeForce RTX 3090
[2023-03-22 02:22:56] PRINT Nvidia driver version: 495.44
[2023-03-22 02:22:56] PRINT cuDNN version: Probably one of the following:
[2023-03-22 02:22:56] PRINT /usr/lib/x86_64-linux-gnu/libcudnn.so.8.2.0
[2023-03-22 02:22:56] PRINT /usr/lib/x86_64-linux-gnu/libcudnn_adv_infer.so.8.2.0
[2023-03-22 02:22:56] PRINT /usr/lib/x86_64-linux-gnu/libcudnn_adv_train.so.8.2.0
[2023-03-22 02:22:56] PRINT /usr/lib/x86_64-linux-gnu/libcudnn_cnn_infer.so.8.2.0
[2023-03-22 02:22:56] PRINT /usr/lib/x86_64-linux-gnu/libcudnn_cnn_train.so.8.2.0
[2023-03-22 02:22:56] PRINT /usr/lib/x86_64-linux-gnu/libcudnn_ops_infer.so.8.2.0
[2023-03-22 02:22:56] PRINT /usr/lib/x86_64-linux-gnu/libcudnn_ops_train.so.8.2.0
[2023-03-22 02:22:56] PRINT HIP runtime version: N/A
[2023-03-22 02:22:56] PRINT MIOpen runtime version: N/A
[2023-03-22 02:22:56] PRINT 
[2023-03-22 02:22:56] PRINT Versions of relevant libraries:
[2023-03-22 02:22:56] PRINT [pip3] numpy==1.23.5
[2023-03-22 02:22:56] PRINT [pip3] torch==1.10.0+cu113
[2023-03-22 02:22:56] PRINT [pip3] torchvision==0.11.1+cu113
[2023-03-22 02:22:56] PRINT [conda] blas                      1.0                         mkl    https://mirrors.ustc.edu.cn/anaconda/pkgs/main
[2023-03-22 02:22:56] PRINT [conda] mkl                       2021.4.0           h06a4308_640    https://mirrors.ustc.edu.cn/anaconda/pkgs/main
[2023-03-22 02:22:56] PRINT [conda] mkl-service               2.4.0            py38h7f8727e_0    https://mirrors.ustc.edu.cn/anaconda/pkgs/main
[2023-03-22 02:22:56] PRINT [conda] mkl_fft                   1.3.1            py38hd3c417c_0    https://mirrors.ustc.edu.cn/anaconda/pkgs/main
[2023-03-22 02:22:56] PRINT [conda] mkl_random                1.2.2            py38h51133e4_0    https://mirrors.ustc.edu.cn/anaconda/pkgs/main
[2023-03-22 02:22:56] PRINT [conda] numpy                     1.21.4                   pypi_0    pypi
[2023-03-22 02:22:56] PRINT [conda] numpy-base                1.23.5           py38h31eccc5_0    https://mirrors.ustc.edu.cn/anaconda/pkgs/main
[2023-03-22 02:22:56] PRINT [conda] torch                     1.10.0+cu113             pypi_0    pypi
[2023-03-22 02:22:56] PRINT [conda] torchvision               0.11.1+cu113             pypi_0    pypi
[2023-03-22 02:22:56] PRINT         Pillow (8.4.0)
[2023-03-22 02:22:56] PRINT [03/22 02:22:56 graph]: Command line arguments: Namespace(local_rank=0, resume=False, seed=1234, start_epoch=0)
[2023-03-22 02:22:56] PRINT [03/22 02:22:56 graph]: Run 0th for seed 0
[2023-03-22 02:22:56] PRINT [03/22 02:22:56 graph]: Total trainable params num : 7863811
[2023-03-22 02:23:01] PRINT [03/22 02:23:01 graph]: ----------Start Training----------
[2023-03-22 02:23:01] PRINT [03/22 02:23:01 graph]: start epoch 0.
[2023-03-22 02:23:01] PRINT [03/22 02:23:01 graph]: # Epoch 0: train_loss: 1.0225 | lr: 0.000319
[2023-03-22 02:23:01] PRINT [03/22 02:23:01 graph]: start epoch 1.
[2023-03-22 02:23:01] PRINT [03/22 02:23:01 graph]: # Epoch 1: train_loss: 0.8287 | lr: 0.000319
[2023-03-22 02:23:01] PRINT [03/22 02:23:01 graph]: start epoch 2.
[2023-03-22 02:23:02] PRINT [03/22 02:23:02 graph]: # Epoch 2: train_loss: 0.7280 | lr: 0.000319
[2023-03-22 02:23:02] PRINT [03/22 02:23:02 graph]: start epoch 3.
[2023-03-22 02:23:02] PRINT [03/22 02:23:02 graph]: # Epoch 3: train_loss: 0.6718 | lr: 0.000319
[2023-03-22 02:23:02] PRINT [03/22 02:23:02 graph]: start epoch 4.
[2023-03-22 02:23:02] PRINT [03/22 02:23:02 graph]: # Epoch 4: train_loss: 0.6340 | lr: 0.000319
[2023-03-22 02:23:02] PRINT [03/22 02:23:02 graph]: start epoch 5.
[2023-03-22 02:23:02] PRINT [03/22 02:23:02 graph]: # Epoch 5: train_loss: 0.6112 | lr: 0.000319
[2023-03-22 02:23:02] PRINT [03/22 02:23:02 graph]: start epoch 6.
[2023-03-22 02:23:02] PRINT [03/22 02:23:02 graph]: # Epoch 6: train_loss: 0.5977 | lr: 0.000319
[2023-03-22 02:23:02] PRINT [03/22 02:23:02 graph]: start epoch 7.
[2023-03-22 02:23:02] PRINT [03/22 02:23:02 graph]: # Epoch 7: train_loss: 0.5881 | lr: 0.000319
[2023-03-22 02:23:02] PRINT [03/22 02:23:02 graph]: start epoch 8.
[2023-03-22 02:23:02] PRINT [03/22 02:23:02 graph]: # Epoch 8: train_loss: 0.5818 | lr: 0.000319
[2023-03-22 02:23:02] PRINT [03/22 02:23:02 graph]: start epoch 9.
[2023-03-22 02:23:02] PRINT [03/22 02:23:02 graph]: # Epoch 9: train_loss: 0.5760 | lr: 0.000319
[2023-03-22 02:23:02] PRINT [03/22 02:23:02 graph]: start epoch 10.
[2023-03-22 02:23:02] PRINT [03/22 02:23:02 graph]: # Epoch 10: train_loss: 0.5719 | lr: 0.000319
[2023-03-22 02:23:02] PRINT [03/22 02:23:02 graph]: start epoch 11.
[2023-03-22 02:23:02] PRINT [03/22 02:23:02 graph]: # Epoch 11: train_loss: 0.5679 | lr: 0.000319
[2023-03-22 02:23:02] PRINT [03/22 02:23:02 graph]: start epoch 12.
[2023-03-22 02:23:02] PRINT [03/22 02:23:02 graph]: # Epoch 12: train_loss: 0.5642 | lr: 0.000319
[2023-03-22 02:23:02] PRINT [03/22 02:23:02 graph]: start epoch 13.
[2023-03-22 02:23:02] PRINT [03/22 02:23:02 graph]: # Epoch 13: train_loss: 0.5609 | lr: 0.000319
[2023-03-22 02:23:02] PRINT [03/22 02:23:02 graph]: start epoch 14.
[2023-03-22 02:23:02] PRINT [03/22 02:23:02 graph]: # Epoch 14: train_loss: 0.5576 | lr: 0.000319
[2023-03-22 02:23:02] PRINT [03/22 02:23:02 graph]: start epoch 15.
[2023-03-22 02:23:03] PRINT [03/22 02:23:03 graph]: # Epoch 15: train_loss: 0.5544 | lr: 0.000319
[2023-03-22 02:23:03] PRINT [03/22 02:23:03 graph]: start epoch 16.
[2023-03-22 02:23:03] PRINT [03/22 02:23:03 graph]: # Epoch 16: train_loss: 0.5507 | lr: 0.000319
[2023-03-22 02:23:03] PRINT [03/22 02:23:03 graph]: start epoch 17.
[2023-03-22 02:23:03] PRINT [03/22 02:23:03 graph]: # Epoch 17: train_loss: 0.5474 | lr: 0.000319
[2023-03-22 02:23:03] PRINT [03/22 02:23:03 graph]: start epoch 18.
[2023-03-22 02:23:03] PRINT [03/22 02:23:03 graph]: # Epoch 18: train_loss: 0.5438 | lr: 0.000319
[2023-03-22 02:23:03] PRINT [03/22 02:23:03 graph]: start epoch 19.
[2023-03-22 02:23:03] PRINT [03/22 02:23:03 graph]: # Epoch 19: train_loss: 0.5402 | lr: 0.000319
[2023-03-22 02:23:03] PRINT [03/22 02:23:03 graph]: start epoch 20.
[2023-03-22 02:23:03] PRINT [03/22 02:23:03 graph]: # Epoch 20: train_loss: 0.5364 | lr: 0.000319
[2023-03-22 02:23:03] PRINT [03/22 02:23:03 graph]: start epoch 21.
[2023-03-22 02:23:03] PRINT [03/22 02:23:03 graph]: # Epoch 21: train_loss: 0.5345 | lr: 0.000319
[2023-03-22 02:23:03] PRINT [03/22 02:23:03 graph]: start epoch 22.
[2023-03-22 02:23:03] PRINT [03/22 02:23:03 graph]: # Epoch 22: train_loss: 0.5314 | lr: 0.000319
[2023-03-22 02:23:03] PRINT [03/22 02:23:03 graph]: start epoch 23.
[2023-03-22 02:23:03] PRINT [03/22 02:23:03 graph]: # Epoch 23: train_loss: 0.5290 | lr: 0.000319
[2023-03-22 02:23:03] PRINT [03/22 02:23:03 graph]: start epoch 24.
[2023-03-22 02:23:03] PRINT [03/22 02:23:03 graph]: # Epoch 24: train_loss: 0.5267 | lr: 0.000319
[2023-03-22 02:23:03] PRINT [03/22 02:23:03 graph]: start epoch 25.
[2023-03-22 02:23:03] PRINT [03/22 02:23:03 graph]: # Epoch 25: train_loss: 0.5235 | lr: 0.000319
[2023-03-22 02:23:03] PRINT [03/22 02:23:03 graph]: start epoch 26.
[2023-03-22 02:23:03] PRINT [03/22 02:23:03 graph]: # Epoch 26: train_loss: 0.5211 | lr: 0.000319
[2023-03-22 02:23:03] PRINT [03/22 02:23:03 graph]: start epoch 27.
[2023-03-22 02:23:03] PRINT [03/22 02:23:03 graph]: # Epoch 27: train_loss: 0.5174 | lr: 0.000319
[2023-03-22 02:23:03] PRINT [03/22 02:23:03 graph]: start epoch 28.
[2023-03-22 02:23:03] PRINT [03/22 02:23:03 graph]: # Epoch 28: train_loss: 0.5144 | lr: 0.000319
[2023-03-22 02:23:03] PRINT [03/22 02:23:03 graph]: start epoch 29.
[2023-03-22 02:23:04] PRINT [03/22 02:23:04 graph]: # Epoch 29: train_loss: 0.5111 | lr: 0.000319
[2023-03-22 02:23:04] PRINT [03/22 02:23:04 graph]: start epoch 30.
[2023-03-22 02:23:04] PRINT [03/22 02:23:04 graph]: # Epoch 30: train_loss: 0.5093 | lr: 0.000319
[2023-03-22 02:23:04] PRINT [03/22 02:23:04 graph]: start epoch 31.
[2023-03-22 02:23:04] PRINT [03/22 02:23:04 graph]: # Epoch 31: train_loss: 0.5079 | lr: 0.000319
[2023-03-22 02:23:04] PRINT [03/22 02:23:04 graph]: start epoch 32.
[2023-03-22 02:23:04] PRINT [03/22 02:23:04 graph]: # Epoch 32: train_loss: 0.5048 | lr: 0.000319
[2023-03-22 02:23:04] PRINT [03/22 02:23:04 graph]: start epoch 33.
[2023-03-22 02:23:04] PRINT [03/22 02:23:04 graph]: # Epoch 33: train_loss: 0.5051 | lr: 0.000319
[2023-03-22 02:23:04] PRINT [03/22 02:23:04 graph]: start epoch 34.
[2023-03-22 02:23:04] PRINT [03/22 02:23:04 graph]: # Epoch 34: train_loss: 0.5062 | lr: 0.000319
[2023-03-22 02:23:04] PRINT [03/22 02:23:04 graph]: start epoch 35.
[2023-03-22 02:23:04] PRINT [03/22 02:23:04 graph]: # Epoch 35: train_loss: 0.5088 | lr: 0.000319
[2023-03-22 02:23:04] PRINT [03/22 02:23:04 graph]: start epoch 36.
[2023-03-22 02:23:04] PRINT [03/22 02:23:04 graph]: # Epoch 36: train_loss: 0.5039 | lr: 0.000319
[2023-03-22 02:23:04] PRINT [03/22 02:23:04 graph]: start epoch 37.
[2023-03-22 02:23:04] PRINT [03/22 02:23:04 graph]: # Epoch 37: train_loss: 0.4955 | lr: 0.000319
[2023-03-22 02:23:04] PRINT [03/22 02:23:04 graph]: start epoch 38.
[2023-03-22 02:23:04] PRINT [03/22 02:23:04 graph]: # Epoch 38: train_loss: 0.4960 | lr: 0.000319
[2023-03-22 02:23:04] PRINT [03/22 02:23:04 graph]: start epoch 39.
[2023-03-22 02:23:04] PRINT [03/22 02:23:04 graph]: # Epoch 39: train_loss: 0.4936 | lr: 0.000319
[2023-03-22 02:23:04] PRINT [03/22 02:23:04 graph]: start epoch 40.
[2023-03-22 02:23:04] PRINT [03/22 02:23:04 graph]: # Epoch 40: train_loss: 0.4907 | lr: 0.000319
[2023-03-22 02:23:04] PRINT [03/22 02:23:04 graph]: start epoch 41.
[2023-03-22 02:23:04] PRINT [03/22 02:23:04 graph]: # Epoch 41: train_loss: 0.4874 | lr: 0.000319
[2023-03-22 02:23:04] PRINT [03/22 02:23:04 graph]: start epoch 42.
[2023-03-22 02:23:05] PRINT [03/22 02:23:05 graph]: # Epoch 42: train_loss: 0.4871 | lr: 0.000319
[2023-03-22 02:23:05] PRINT [03/22 02:23:05 graph]: start epoch 43.
[2023-03-22 02:23:05] PRINT [03/22 02:23:05 graph]: # Epoch 43: train_loss: 0.4859 | lr: 0.000319
[2023-03-22 02:23:05] PRINT [03/22 02:23:05 graph]: start epoch 44.
[2023-03-22 02:23:05] PRINT [03/22 02:23:05 graph]: # Epoch 44: train_loss: 0.4814 | lr: 0.000319
[2023-03-22 02:23:05] PRINT [03/22 02:23:05 graph]: start epoch 45.
[2023-03-22 02:23:05] PRINT [03/22 02:23:05 graph]: # Epoch 45: train_loss: 0.4799 | lr: 0.000319
[2023-03-22 02:23:05] PRINT [03/22 02:23:05 graph]: start epoch 46.
[2023-03-22 02:23:05] PRINT [03/22 02:23:05 graph]: # Epoch 46: train_loss: 0.4802 | lr: 0.000319
[2023-03-22 02:23:05] PRINT [03/22 02:23:05 graph]: start epoch 47.
[2023-03-22 02:23:05] PRINT [03/22 02:23:05 graph]: # Epoch 47: train_loss: 0.4779 | lr: 0.000319
[2023-03-22 02:23:05] PRINT [03/22 02:23:05 graph]: start epoch 48.
[2023-03-22 02:23:05] PRINT [03/22 02:23:05 graph]: # Epoch 48: train_loss: 0.4754 | lr: 0.000319
[2023-03-22 02:23:05] PRINT [03/22 02:23:05 graph]: start epoch 49.
[2023-03-22 02:23:05] PRINT [03/22 02:23:05 graph]: # Epoch 49: train_loss: 0.4754 | lr: 0.000319
[2023-03-22 02:23:05] PRINT [03/22 02:23:05 graph]: start epoch 50.
[2023-03-22 02:23:05] PRINT [03/22 02:23:05 graph]: # Epoch 50: train_loss: 0.4742 | lr: 0.000319
[2023-03-22 02:23:05] PRINT [03/22 02:23:05 graph]: start epoch 51.
[2023-03-22 02:23:05] PRINT [03/22 02:23:05 graph]: # Epoch 51: train_loss: 0.4723 | lr: 0.000319
[2023-03-22 02:23:12] PRINT [03/22 02:23:12 graph]: --- Testf1: 0.88102, Best Valacc: 0.86255 in epoch 426 --- 
[2023-03-22 02:23:12] PRINT [03/22 02:23:12 graph]: Epoch 51: get test acc score:  0.88102
[2023-03-22 02:23:12] PRINT [03/22 02:23:12 graph]: best_f1 0.88102 at epoch 51
[2023-03-22 02:23:12] PRINT [03/22 02:23:12 graph]: start epoch 52.
[2023-03-22 02:23:13] PRINT [03/22 02:23:13 graph]: # Epoch 52: train_loss: 0.4705 | lr: 0.000319
[2023-03-22 02:23:20] PRINT [03/22 02:23:20 graph]: --- Testf1: 0.87184, Best Valacc: 0.86691 in epoch 380 --- 
[2023-03-22 02:23:20] PRINT [03/22 02:23:20 graph]: Epoch 52: get test acc score:  0.87184
[2023-03-22 02:23:20] PRINT [03/22 02:23:20 graph]: best_f1 0.88102 at epoch 51
[2023-03-22 02:23:20] PRINT [03/22 02:23:20 graph]: start epoch 53.
[2023-03-22 02:23:20] PRINT [03/22 02:23:20 graph]: # Epoch 53: train_loss: 0.4700 | lr: 0.000319
[2023-03-22 02:23:27] PRINT [03/22 02:23:27 graph]: --- Testf1: 0.87857, Best Valacc: 0.85964 in epoch 351 --- 
[2023-03-22 02:23:27] PRINT [03/22 02:23:27 graph]: Epoch 53: get test acc score:  0.87857
[2023-03-22 02:23:27] PRINT [03/22 02:23:27 graph]: best_f1 0.88102 at epoch 51
[2023-03-22 02:23:27] PRINT [03/22 02:23:27 graph]: start epoch 54.
[2023-03-22 02:23:27] PRINT [03/22 02:23:27 graph]: # Epoch 54: train_loss: 0.4690 | lr: 0.000319
[2023-03-22 02:23:34] PRINT [03/22 02:23:34 graph]: --- Testf1: 0.87566, Best Valacc: 0.85527 in epoch 362 --- 
[2023-03-22 02:23:35] PRINT [03/22 02:23:35 graph]: Epoch 54: get test acc score:  0.87566
[2023-03-22 02:23:35] PRINT [03/22 02:23:35 graph]: best_f1 0.88102 at epoch 51
[2023-03-22 02:23:35] PRINT [03/22 02:23:35 graph]: start epoch 55.
[2023-03-22 02:23:35] PRINT [03/22 02:23:35 graph]: # Epoch 55: train_loss: 0.4684 | lr: 0.000319
[2023-03-22 02:23:42] PRINT [03/22 02:23:42 graph]: --- Testf1: 0.87430, Best Valacc: 0.86327 in epoch 374 --- 
[2023-03-22 02:23:42] PRINT [03/22 02:23:42 graph]: Epoch 55: get test acc score:  0.87430
[2023-03-22 02:23:42] PRINT [03/22 02:23:42 graph]: best_f1 0.88102 at epoch 51
[2023-03-22 02:23:42] PRINT [03/22 02:23:42 graph]: start epoch 56.
[2023-03-22 02:23:42] PRINT [03/22 02:23:42 graph]: # Epoch 56: train_loss: 0.4671 | lr: 0.000319
[2023-03-22 02:23:49] PRINT [03/22 02:23:49 graph]: --- Testf1: 0.87975, Best Valacc: 0.86764 in epoch 494 --- 
[2023-03-22 02:23:49] PRINT [03/22 02:23:49 graph]: Epoch 56: get test acc score:  0.87975
[2023-03-22 02:23:49] PRINT [03/22 02:23:49 graph]: best_f1 0.88102 at epoch 51
[2023-03-22 02:23:49] PRINT [03/22 02:23:49 graph]: start epoch 57.
[2023-03-22 02:23:49] PRINT [03/22 02:23:49 graph]: # Epoch 57: train_loss: 0.4664 | lr: 0.000319
[2023-03-22 02:23:56] PRINT [03/22 02:23:56 graph]: --- Testf1: 0.87975, Best Valacc: 0.86545 in epoch 485 --- 
[2023-03-22 02:23:56] PRINT [03/22 02:23:56 graph]: Epoch 57: get test acc score:  0.87975
[2023-03-22 02:23:56] PRINT [03/22 02:23:56 graph]: best_f1 0.88102 at epoch 51
[2023-03-22 02:23:56] PRINT [03/22 02:23:56 graph]: start epoch 58.
[2023-03-22 02:23:56] PRINT [03/22 02:23:56 graph]: # Epoch 58: train_loss: 0.4657 | lr: 0.000319
[2023-03-22 02:24:04] PRINT [03/22 02:24:04 graph]: --- Testf1: 0.87857, Best Valacc: 0.86545 in epoch 212 --- 
[2023-03-22 02:24:04] PRINT [03/22 02:24:04 graph]: Epoch 58: get test acc score:  0.87857
[2023-03-22 02:24:04] PRINT [03/22 02:24:04 graph]: best_f1 0.88102 at epoch 51
[2023-03-22 02:24:04] PRINT [03/22 02:24:04 graph]: start epoch 59.
[2023-03-22 02:24:04] PRINT [03/22 02:24:04 graph]: # Epoch 59: train_loss: 0.4646 | lr: 0.000319
[2023-03-22 02:24:11] PRINT [03/22 02:24:11 graph]: --- Testf1: 0.87920, Best Valacc: 0.87345 in epoch 466 --- 
[2023-03-22 02:24:11] PRINT [03/22 02:24:11 graph]: Epoch 59: get test acc score:  0.87920
[2023-03-22 02:24:11] PRINT [03/22 02:24:11 graph]: best_f1 0.88102 at epoch 51
[2023-03-22 02:24:11] PRINT [03/22 02:24:11 graph]: start epoch 60.
[2023-03-22 02:24:11] PRINT [03/22 02:24:11 graph]: # Epoch 60: train_loss: 0.4639 | lr: 0.000319
[2023-03-22 02:24:18] PRINT [03/22 02:24:18 graph]: --- Testf1: 0.87948, Best Valacc: 0.86327 in epoch 305 --- 
[2023-03-22 02:24:18] PRINT [03/22 02:24:18 graph]: Epoch 60: get test acc score:  0.87948
[2023-03-22 02:24:18] PRINT [03/22 02:24:18 graph]: best_f1 0.88102 at epoch 51
[2023-03-22 02:24:18] PRINT [03/22 02:24:18 graph]: start epoch 61.
[2023-03-22 02:24:19] PRINT [03/22 02:24:19 graph]: # Epoch 61: train_loss: 0.4637 | lr: 0.000319
[2023-03-22 02:24:26] PRINT [03/22 02:24:26 graph]: --- Testf1: 0.88039, Best Valacc: 0.86400 in epoch 484 --- 
[2023-03-22 02:24:26] PRINT [03/22 02:24:26 graph]: Epoch 61: get test acc score:  0.88039
[2023-03-22 02:24:26] PRINT [03/22 02:24:26 graph]: best_f1 0.88102 at epoch 51
[2023-03-22 02:24:26] PRINT [03/22 02:24:26 graph]: start epoch 62.
[2023-03-22 02:24:26] PRINT [03/22 02:24:26 graph]: # Epoch 62: train_loss: 0.4625 | lr: 0.000319
[2023-03-22 02:24:33] PRINT [03/22 02:24:33 graph]: --- Testf1: 0.88166, Best Valacc: 0.87200 in epoch 440 --- 
[2023-03-22 02:24:33] PRINT [03/22 02:24:33 graph]: Epoch 62: get test acc score:  0.88166
[2023-03-22 02:24:33] PRINT [03/22 02:24:33 graph]: best_f1 0.88166 at epoch 62
[2023-03-22 02:24:33] PRINT [03/22 02:24:33 graph]: start epoch 63.
[2023-03-22 02:24:33] PRINT [03/22 02:24:33 graph]: # Epoch 63: train_loss: 0.4616 | lr: 0.000319
[2023-03-22 02:24:40] PRINT [03/22 02:24:40 graph]: --- Testf1: 0.88293, Best Valacc: 0.86764 in epoch 479 --- 
[2023-03-22 02:24:41] PRINT [03/22 02:24:41 graph]: Epoch 63: get test acc score:  0.88293
[2023-03-22 02:24:41] PRINT [03/22 02:24:41 graph]: best_f1 0.88293 at epoch 63
[2023-03-22 02:24:41] PRINT [03/22 02:24:41 graph]: start epoch 64.
[2023-03-22 02:24:41] PRINT [03/22 02:24:41 graph]: # Epoch 64: train_loss: 0.4614 | lr: 0.000319
[2023-03-22 02:24:48] PRINT [03/22 02:24:48 graph]: --- Testf1: 0.88429, Best Valacc: 0.86545 in epoch 395 --- 
[2023-03-22 02:24:48] PRINT [03/22 02:24:48 graph]: Epoch 64: get test acc score:  0.88429
[2023-03-22 02:24:48] PRINT [03/22 02:24:48 graph]: best_f1 0.88429 at epoch 64
[2023-03-22 02:24:48] PRINT [03/22 02:24:48 graph]: start epoch 65.
[2023-03-22 02:24:48] PRINT [03/22 02:24:48 graph]: # Epoch 65: train_loss: 0.4604 | lr: 0.000319
[2023-03-22 02:24:55] PRINT [03/22 02:24:55 graph]: --- Testf1: 0.88466, Best Valacc: 0.86618 in epoch 305 --- 
[2023-03-22 02:24:56] PRINT [03/22 02:24:56 graph]: Epoch 65: get test acc score:  0.88466
[2023-03-22 02:24:56] PRINT [03/22 02:24:56 graph]: best_f1 0.88466 at epoch 65
[2023-03-22 02:24:56] PRINT [03/22 02:24:56 graph]: start epoch 66.
[2023-03-22 02:24:56] PRINT [03/22 02:24:56 graph]: # Epoch 66: train_loss: 0.4593 | lr: 0.000319
[2023-03-22 02:25:03] PRINT [03/22 02:25:03 graph]: --- Testf1: 0.88111, Best Valacc: 0.86691 in epoch 319 --- 
[2023-03-22 02:25:03] PRINT [03/22 02:25:03 graph]: Epoch 66: get test acc score:  0.88111
[2023-03-22 02:25:03] PRINT [03/22 02:25:03 graph]: best_f1 0.88466 at epoch 65
[2023-03-22 02:25:03] PRINT [03/22 02:25:03 graph]: start epoch 67.
[2023-03-22 02:25:03] PRINT [03/22 02:25:03 graph]: # Epoch 67: train_loss: 0.4590 | lr: 0.000319
[2023-03-22 02:25:10] PRINT [03/22 02:25:10 graph]: --- Testf1: 0.88466, Best Valacc: 0.86909 in epoch 493 --- 
[2023-03-22 02:25:11] PRINT [03/22 02:25:11 graph]: Epoch 67: get test acc score:  0.88466
[2023-03-22 02:25:11] PRINT [03/22 02:25:11 graph]: best_f1 0.88466 at epoch 65
[2023-03-22 02:25:11] PRINT [03/22 02:25:11 graph]: start epoch 68.
[2023-03-22 02:25:11] PRINT [03/22 02:25:11 graph]: # Epoch 68: train_loss: 0.4584 | lr: 0.000319
[2023-03-22 02:25:18] PRINT [03/22 02:25:18 graph]: --- Testf1: 0.88684, Best Valacc: 0.87127 in epoch 462 --- 
[2023-03-22 02:25:18] PRINT [03/22 02:25:18 graph]: Epoch 68: get test acc score:  0.88684
[2023-03-22 02:25:18] PRINT [03/22 02:25:18 graph]: best_f1 0.88684 at epoch 68
[2023-03-22 02:25:18] PRINT [03/22 02:25:18 graph]: start epoch 69.
[2023-03-22 02:25:18] PRINT [03/22 02:25:18 graph]: # Epoch 69: train_loss: 0.4580 | lr: 0.000319
[2023-03-22 02:25:25] PRINT [03/22 02:25:25 graph]: --- Testf1: 0.88584, Best Valacc: 0.87200 in epoch 456 --- 
[2023-03-22 02:25:25] PRINT [03/22 02:25:25 graph]: Epoch 69: get test acc score:  0.88584
[2023-03-22 02:25:25] PRINT [03/22 02:25:25 graph]: best_f1 0.88684 at epoch 68
[2023-03-22 02:25:25] PRINT [03/22 02:25:25 graph]: start epoch 70.
[2023-03-22 02:25:25] PRINT [03/22 02:25:25 graph]: # Epoch 70: train_loss: 0.4573 | lr: 0.000319
[2023-03-22 02:25:33] PRINT [03/22 02:25:33 graph]: --- Testf1: 0.88511, Best Valacc: 0.87273 in epoch 375 --- 
[2023-03-22 02:25:33] PRINT [03/22 02:25:33 graph]: Epoch 70: get test acc score:  0.88511
[2023-03-22 02:25:33] PRINT [03/22 02:25:33 graph]: best_f1 0.88684 at epoch 68
[2023-03-22 02:25:33] PRINT [03/22 02:25:33 graph]: start epoch 71.
[2023-03-22 02:25:33] PRINT [03/22 02:25:33 graph]: # Epoch 71: train_loss: 0.4573 | lr: 0.000319
[2023-03-22 02:25:40] PRINT [03/22 02:25:40 graph]: --- Testf1: 0.88575, Best Valacc: 0.87345 in epoch 498 --- 
[2023-03-22 02:25:41] PRINT [03/22 02:25:41 graph]: Epoch 71: get test acc score:  0.88575
[2023-03-22 02:25:41] PRINT [03/22 02:25:41 graph]: best_f1 0.88684 at epoch 68
[2023-03-22 02:25:41] PRINT [03/22 02:25:41 graph]: start epoch 72.
[2023-03-22 02:25:41] PRINT [03/22 02:25:41 graph]: # Epoch 72: train_loss: 0.4585 | lr: 0.000319
[2023-03-22 02:25:48] PRINT [03/22 02:25:48 graph]: --- Testf1: 0.88466, Best Valacc: 0.87855 in epoch 462 --- 
[2023-03-22 02:25:48] PRINT [03/22 02:25:48 graph]: Epoch 72: get test acc score:  0.88466
[2023-03-22 02:25:48] PRINT [03/22 02:25:48 graph]: best_f1 0.88684 at epoch 68
[2023-03-22 02:25:48] PRINT [03/22 02:25:48 graph]: start epoch 73.
[2023-03-22 02:25:48] PRINT [03/22 02:25:48 graph]: # Epoch 73: train_loss: 0.4561 | lr: 0.000319
[2023-03-22 02:25:56] PRINT [03/22 02:25:56 graph]: --- Testf1: 0.88711, Best Valacc: 0.87636 in epoch 336 --- 
[2023-03-22 02:25:56] PRINT [03/22 02:25:56 graph]: Epoch 73: get test acc score:  0.88711
[2023-03-22 02:25:56] PRINT [03/22 02:25:56 graph]: best_f1 0.88711 at epoch 73
[2023-03-22 02:25:56] PRINT [03/22 02:25:56 graph]: start epoch 74.
[2023-03-22 02:25:56] PRINT [03/22 02:25:56 graph]: # Epoch 74: train_loss: 0.4619 | lr: 0.000319
[2023-03-22 02:26:02] PRINT [03/22 02:26:02 graph]: --- Testf1: 0.89011, Best Valacc: 0.87709 in epoch 495 --- 
[2023-03-22 02:26:02] PRINT [03/22 02:26:02 graph]: Epoch 74: get test acc score:  0.89011
[2023-03-22 02:26:02] PRINT [03/22 02:26:02 graph]: best_f1 0.89011 at epoch 74
[2023-03-22 02:26:02] PRINT [03/22 02:26:02 graph]: start epoch 75.
[2023-03-22 02:26:02] PRINT [03/22 02:26:02 graph]: # Epoch 75: train_loss: 0.4613 | lr: 0.000319
[2023-03-22 02:26:08] PRINT [03/22 02:26:08 graph]: --- Testf1: 0.88993, Best Valacc: 0.87200 in epoch 481 --- 
[2023-03-22 02:26:09] PRINT [03/22 02:26:09 graph]: Epoch 75: get test acc score:  0.88993
[2023-03-22 02:26:09] PRINT [03/22 02:26:09 graph]: best_f1 0.89011 at epoch 74
[2023-03-22 02:26:09] PRINT [03/22 02:26:09 graph]: start epoch 76.
[2023-03-22 02:26:09] PRINT [03/22 02:26:09 graph]: # Epoch 76: train_loss: 0.4657 | lr: 0.000319
[2023-03-22 02:26:14] PRINT [03/22 02:26:14 graph]: --- Testf1: 0.88711, Best Valacc: 0.86764 in epoch 493 --- 
[2023-03-22 02:26:15] PRINT [03/22 02:26:15 graph]: Epoch 76: get test acc score:  0.88711
[2023-03-22 02:26:15] PRINT [03/22 02:26:15 graph]: best_f1 0.89011 at epoch 74
[2023-03-22 02:26:15] PRINT [03/22 02:26:15 graph]: start epoch 77.
[2023-03-22 02:26:15] PRINT [03/22 02:26:15 graph]: # Epoch 77: train_loss: 0.4609 | lr: 0.000319
[2023-03-22 02:26:20] PRINT [03/22 02:26:20 graph]: --- Testf1: 0.88520, Best Valacc: 0.87345 in epoch 466 --- 
[2023-03-22 02:26:21] PRINT [03/22 02:26:21 graph]: Epoch 77: get test acc score:  0.88520
[2023-03-22 02:26:21] PRINT [03/22 02:26:21 graph]: best_f1 0.89011 at epoch 74
[2023-03-22 02:26:21] PRINT [03/22 02:26:21 graph]: start epoch 78.
[2023-03-22 02:26:21] PRINT [03/22 02:26:21 graph]: # Epoch 78: train_loss: 0.4554 | lr: 0.000319
[2023-03-22 02:26:31] PRINT [03/22 02:26:31 graph]: --- Testf1: 0.88738, Best Valacc: 0.87636 in epoch 373 --- 
[2023-03-22 02:26:31] PRINT [03/22 02:26:31 graph]: Epoch 78: get test acc score:  0.88738
[2023-03-22 02:26:31] PRINT [03/22 02:26:31 graph]: best_f1 0.89011 at epoch 74
[2023-03-22 02:26:31] PRINT [03/22 02:26:31 graph]: start epoch 79.
[2023-03-22 02:26:31] PRINT [03/22 02:26:31 graph]: # Epoch 79: train_loss: 0.4565 | lr: 0.000319
[2023-03-22 02:26:37] PRINT [03/22 02:26:37 graph]: --- Testf1: 0.88393, Best Valacc: 0.87127 in epoch 379 --- 
[2023-03-22 02:26:37] PRINT [03/22 02:26:37 graph]: Epoch 79: get test acc score:  0.88393
[2023-03-22 02:26:37] PRINT [03/22 02:26:37 graph]: best_f1 0.89011 at epoch 74
[2023-03-22 02:26:37] PRINT [03/22 02:26:37 graph]: start epoch 80.
[2023-03-22 02:26:37] PRINT [03/22 02:26:37 graph]: # Epoch 80: train_loss: 0.4581 | lr: 0.000319
[2023-03-22 02:26:43] PRINT [03/22 02:26:43 graph]: --- Testf1: 0.88557, Best Valacc: 0.86909 in epoch 185 --- 
[2023-03-22 02:26:44] PRINT [03/22 02:26:44 graph]: Epoch 80: get test acc score:  0.88557
[2023-03-22 02:26:44] PRINT [03/22 02:26:44 graph]: best_f1 0.89011 at epoch 74
[2023-03-22 02:26:44] PRINT [03/22 02:26:44 graph]: start epoch 81.
[2023-03-22 02:26:44] PRINT [03/22 02:26:44 graph]: # Epoch 81: train_loss: 0.4544 | lr: 0.000319
[2023-03-22 02:26:49] PRINT [03/22 02:26:49 graph]: --- Testf1: 0.88648, Best Valacc: 0.87418 in epoch 447 --- 
[2023-03-22 02:26:50] PRINT [03/22 02:26:50 graph]: Epoch 81: get test acc score:  0.88648
[2023-03-22 02:26:50] PRINT [03/22 02:26:50 graph]: best_f1 0.89011 at epoch 74
[2023-03-22 02:26:50] PRINT [03/22 02:26:50 graph]: start epoch 82.
[2023-03-22 02:26:50] PRINT [03/22 02:26:50 graph]: # Epoch 82: train_loss: 0.4527 | lr: 0.000319
[2023-03-22 02:26:55] PRINT [03/22 02:26:55 graph]: --- Testf1: 0.88529, Best Valacc: 0.86909 in epoch 451 --- 
[2023-03-22 02:26:56] PRINT [03/22 02:26:56 graph]: Epoch 82: get test acc score:  0.88529
[2023-03-22 02:26:56] PRINT [03/22 02:26:56 graph]: best_f1 0.89011 at epoch 74
[2023-03-22 02:26:56] PRINT [03/22 02:26:56 graph]: start epoch 83.
[2023-03-22 02:26:56] PRINT [03/22 02:26:56 graph]: # Epoch 83: train_loss: 0.4528 | lr: 0.000319
[2023-03-22 02:27:06] PRINT [03/22 02:27:06 graph]: --- Testf1: 0.88420, Best Valacc: 0.87273 in epoch 430 --- 
[2023-03-22 02:27:07] PRINT [03/22 02:27:07 graph]: Epoch 83: get test acc score:  0.88420
[2023-03-22 02:27:07] PRINT [03/22 02:27:07 graph]: best_f1 0.89011 at epoch 74
[2023-03-22 02:27:07] PRINT [03/22 02:27:07 graph]: start epoch 84.
[2023-03-22 02:27:07] PRINT [03/22 02:27:07 graph]: # Epoch 84: train_loss: 0.4531 | lr: 0.000319
[2023-03-22 02:27:14] PRINT [03/22 02:27:14 graph]: --- Testf1: 0.88566, Best Valacc: 0.87855 in epoch 430 --- 
[2023-03-22 02:27:14] PRINT [03/22 02:27:14 graph]: Epoch 84: get test acc score:  0.88566
[2023-03-22 02:27:14] PRINT [03/22 02:27:14 graph]: best_f1 0.89011 at epoch 74
[2023-03-22 02:27:14] PRINT [03/22 02:27:14 graph]: start epoch 85.
[2023-03-22 02:27:15] PRINT [03/22 02:27:15 graph]: # Epoch 85: train_loss: 0.4523 | lr: 0.000319
[2023-03-22 02:27:22] PRINT [03/22 02:27:22 graph]: --- Testf1: 0.88584, Best Valacc: 0.87127 in epoch 340 --- 
[2023-03-22 02:27:22] PRINT [03/22 02:27:22 graph]: Epoch 85: get test acc score:  0.88584
[2023-03-22 02:27:22] PRINT [03/22 02:27:22 graph]: best_f1 0.89011 at epoch 74
[2023-03-22 02:27:22] PRINT [03/22 02:27:22 graph]: start epoch 86.
[2023-03-22 02:27:22] PRINT [03/22 02:27:22 graph]: # Epoch 86: train_loss: 0.4515 | lr: 0.000319
[2023-03-22 02:27:30] PRINT [03/22 02:27:30 graph]: --- Testf1: 0.88838, Best Valacc: 0.86909 in epoch 448 --- 
[2023-03-22 02:27:30] PRINT [03/22 02:27:30 graph]: Epoch 86: get test acc score:  0.88838
[2023-03-22 02:27:30] PRINT [03/22 02:27:30 graph]: best_f1 0.89011 at epoch 74
[2023-03-22 02:27:30] PRINT [03/22 02:27:30 graph]: start epoch 87.
[2023-03-22 02:27:30] PRINT [03/22 02:27:30 graph]: # Epoch 87: train_loss: 0.4495 | lr: 0.000319
[2023-03-22 02:27:38] PRINT [03/22 02:27:38 graph]: --- Testf1: 0.88502, Best Valacc: 0.86764 in epoch 417 --- 
[2023-03-22 02:27:38] PRINT [03/22 02:27:38 graph]: Epoch 87: get test acc score:  0.88502
[2023-03-22 02:27:38] PRINT [03/22 02:27:38 graph]: best_f1 0.89011 at epoch 74
[2023-03-22 02:27:38] PRINT [03/22 02:27:38 graph]: start epoch 88.
[2023-03-22 02:27:38] PRINT [03/22 02:27:38 graph]: # Epoch 88: train_loss: 0.4498 | lr: 0.000319
[2023-03-22 02:27:46] PRINT [03/22 02:27:46 graph]: --- Testf1: 0.88566, Best Valacc: 0.86764 in epoch 417 --- 
[2023-03-22 02:27:46] PRINT [03/22 02:27:46 graph]: Epoch 88: get test acc score:  0.88566
[2023-03-22 02:27:46] PRINT [03/22 02:27:46 graph]: best_f1 0.89011 at epoch 74
[2023-03-22 02:27:46] PRINT [03/22 02:27:46 graph]: start epoch 89.
[2023-03-22 02:27:46] PRINT [03/22 02:27:46 graph]: # Epoch 89: train_loss: 0.4494 | lr: 0.000319
[2023-03-22 02:27:54] PRINT [03/22 02:27:54 graph]: --- Testf1: 0.88757, Best Valacc: 0.87418 in epoch 377 --- 
[2023-03-22 02:27:54] PRINT [03/22 02:27:54 graph]: Epoch 89: get test acc score:  0.88757
[2023-03-22 02:27:54] PRINT [03/22 02:27:54 graph]: best_f1 0.89011 at epoch 74
[2023-03-22 02:27:54] PRINT [03/22 02:27:54 graph]: start epoch 90.
[2023-03-22 02:27:54] PRINT [03/22 02:27:54 graph]: # Epoch 90: train_loss: 0.4489 | lr: 0.000319
[2023-03-22 02:28:02] PRINT [03/22 02:28:02 graph]: --- Testf1: 0.88575, Best Valacc: 0.87127 in epoch 236 --- 
[2023-03-22 02:28:02] PRINT [03/22 02:28:02 graph]: Epoch 90: get test acc score:  0.88575
[2023-03-22 02:28:02] PRINT [03/22 02:28:02 graph]: best_f1 0.89011 at epoch 74
[2023-03-22 02:28:02] PRINT [03/22 02:28:02 graph]: start epoch 91.
[2023-03-22 02:28:02] PRINT [03/22 02:28:02 graph]: # Epoch 91: train_loss: 0.4476 | lr: 0.000319
[2023-03-22 02:28:10] PRINT [03/22 02:28:10 graph]: --- Testf1: 0.88766, Best Valacc: 0.87636 in epoch 254 --- 
[2023-03-22 02:28:10] PRINT [03/22 02:28:10 graph]: Epoch 91: get test acc score:  0.88766
[2023-03-22 02:28:10] PRINT [03/22 02:28:10 graph]: best_f1 0.89011 at epoch 74
[2023-03-22 02:28:10] PRINT [03/22 02:28:10 graph]: start epoch 92.
[2023-03-22 02:28:10] PRINT [03/22 02:28:10 graph]: # Epoch 92: train_loss: 0.4482 | lr: 0.000319
[2023-03-22 02:28:17] PRINT [03/22 02:28:17 graph]: --- Testf1: 0.88648, Best Valacc: 0.87127 in epoch 462 --- 
[2023-03-22 02:28:18] PRINT [03/22 02:28:18 graph]: Epoch 92: get test acc score:  0.88648
[2023-03-22 02:28:18] PRINT [03/22 02:28:18 graph]: best_f1 0.89011 at epoch 74
[2023-03-22 02:28:18] PRINT [03/22 02:28:18 graph]: start epoch 93.
[2023-03-22 02:28:18] PRINT [03/22 02:28:18 graph]: # Epoch 93: train_loss: 0.4463 | lr: 0.000319
[2023-03-22 02:28:25] PRINT [03/22 02:28:25 graph]: --- Testf1: 0.88911, Best Valacc: 0.88509 in epoch 497 --- 
[2023-03-22 02:28:26] PRINT [03/22 02:28:26 graph]: Epoch 93: get test acc score:  0.88911
[2023-03-22 02:28:26] PRINT [03/22 02:28:26 graph]: best_f1 0.89011 at epoch 74
[2023-03-22 02:28:26] PRINT [03/22 02:28:26 graph]: start epoch 94.
[2023-03-22 02:28:26] PRINT [03/22 02:28:26 graph]: # Epoch 94: train_loss: 0.4467 | lr: 0.000319
[2023-03-22 02:28:33] PRINT [03/22 02:28:33 graph]: --- Testf1: 0.88993, Best Valacc: 0.87709 in epoch 336 --- 
[2023-03-22 02:28:33] PRINT [03/22 02:28:33 graph]: Epoch 94: get test acc score:  0.88993
[2023-03-22 02:28:33] PRINT [03/22 02:28:33 graph]: best_f1 0.89011 at epoch 74
[2023-03-22 02:28:33] PRINT [03/22 02:28:33 graph]: start epoch 95.
[2023-03-22 02:28:33] PRINT [03/22 02:28:33 graph]: # Epoch 95: train_loss: 0.4453 | lr: 0.000319
[2023-03-22 02:28:41] PRINT [03/22 02:28:41 graph]: --- Testf1: 0.88911, Best Valacc: 0.87418 in epoch 480 --- 
[2023-03-22 02:28:41] PRINT [03/22 02:28:41 graph]: Epoch 95: get test acc score:  0.88911
[2023-03-22 02:28:41] PRINT [03/22 02:28:41 graph]: best_f1 0.89011 at epoch 74
[2023-03-22 02:28:41] PRINT [03/22 02:28:41 graph]: start epoch 96.
[2023-03-22 02:28:41] PRINT [03/22 02:28:41 graph]: # Epoch 96: train_loss: 0.4448 | lr: 0.000319
[2023-03-22 02:28:48] PRINT [03/22 02:28:48 graph]: --- Testf1: 0.89029, Best Valacc: 0.87491 in epoch 435 --- 
[2023-03-22 02:28:49] PRINT [03/22 02:28:49 graph]: Epoch 96: get test acc score:  0.89029
[2023-03-22 02:28:49] PRINT [03/22 02:28:49 graph]: best_f1 0.89029 at epoch 96
[2023-03-22 02:28:49] PRINT [03/22 02:28:49 graph]: start epoch 97.
[2023-03-22 02:28:49] PRINT [03/22 02:28:49 graph]: # Epoch 97: train_loss: 0.4447 | lr: 0.000319
[2023-03-22 02:28:56] PRINT [03/22 02:28:56 graph]: --- Testf1: 0.89238, Best Valacc: 0.87636 in epoch 377 --- 
[2023-03-22 02:28:56] PRINT [03/22 02:28:56 graph]: Epoch 97: get test acc score:  0.89238
[2023-03-22 02:28:56] PRINT [03/22 02:28:56 graph]: best_f1 0.89238 at epoch 97
[2023-03-22 02:28:56] PRINT [03/22 02:28:56 graph]: start epoch 98.
[2023-03-22 02:28:56] PRINT [03/22 02:28:56 graph]: # Epoch 98: train_loss: 0.4446 | lr: 0.000319
[2023-03-22 02:29:03] PRINT [03/22 02:29:03 graph]: --- Testf1: 0.89157, Best Valacc: 0.87345 in epoch 488 --- 
[2023-03-22 02:29:04] PRINT [03/22 02:29:04 graph]: Epoch 98: get test acc score:  0.89157
[2023-03-22 02:29:04] PRINT [03/22 02:29:04 graph]: best_f1 0.89238 at epoch 97
[2023-03-22 02:29:04] PRINT [03/22 02:29:04 graph]: start epoch 99.
[2023-03-22 02:29:04] PRINT [03/22 02:29:04 graph]: # Epoch 99: train_loss: 0.4437 | lr: 0.000319
[2023-03-22 02:29:11] PRINT [03/22 02:29:11 graph]: --- Testf1: 0.89120, Best Valacc: 0.87127 in epoch 419 --- 
[2023-03-22 02:29:12] PRINT [03/22 02:29:12 graph]: Epoch 99: get test acc score:  0.89120
[2023-03-22 02:29:12] PRINT [03/22 02:29:12 graph]: best_f1 0.89238 at epoch 97
[2023-03-22 02:29:12] PRINT [03/22 02:29:12 graph]: # final_acc: 0.89238±0.00000
