[2023-03-06 21:48:58] PRINT ---new cfg------
[2023-03-06 21:48:58] PRINT {'DATA': {'data_name': 'IMDB-BINARY', 'deg4feat': True}, 'DATALOADER': {'NUM_WORKERS': 0, 'BATCH_SIZE': 32}, 'MODEL': {'num_hidden': 128, 'num_layers': 2, 'nhead': 2, 'activation': 'prelu', 'attn_drop': 0.1, 'feat_drop': 0.5, 'norm': 'batchnorm', 'pooler': 'mean', 'beta_schedule': 'quad', 'beta_1': 0.0007395614098586539, 'beta_T': 0.05873044658331904, 'T': 425}, 'SOLVER': {'optim_type': 'adamw', 'optim_type_f': 'adamw', 'alpha': 0.8, 'decay': 30, 'LR': 8.669455818142313e-05, 'weight_decay': 0.0005, 'MAX_EPOCH': 100}, 'DEVICE': 'cuda', 'seeds': [11], 'eval_T': [50, 100, 200], 'output_dir': '/ddm-nni/IMDB-B/log', 'checkpoint_dir': '/ddm-nni/IMDB-B/log/checkpoint'}
[2023-03-06 21:48:58] PRINT [03/06 21:48:58 graph]: Rank of current process: 0. World size: 1
[2023-03-06 21:49:02] PRINT [03/06 21:49:02 graph]: Environment info:
[2023-03-06 21:49:02] PRINT PyTorch version: 1.10.0+cu113
[2023-03-06 21:49:02] PRINT Is debug build: False
[2023-03-06 21:49:02] PRINT CUDA used to build PyTorch: 11.3
[2023-03-06 21:49:02] PRINT ROCM used to build PyTorch: N/A
[2023-03-06 21:49:02] PRINT 
[2023-03-06 21:49:02] PRINT OS: Ubuntu 20.04.3 LTS (x86_64)
[2023-03-06 21:49:02] PRINT GCC version: (Ubuntu 9.3.0-17ubuntu1~20.04) 9.3.0
[2023-03-06 21:49:02] PRINT Clang version: Could not collect
[2023-03-06 21:49:02] PRINT CMake version: version 3.16.3
[2023-03-06 21:49:02] PRINT Libc version: glibc-2.31
[2023-03-06 21:49:02] PRINT 
[2023-03-06 21:49:02] PRINT Python version: 3.8.10 (default, Jun  4 2021, 15:09:15)  [GCC 7.5.0] (64-bit runtime)
[2023-03-06 21:49:02] PRINT Python platform: Linux-5.4.0-90-generic-x86_64-with-glibc2.17
[2023-03-06 21:49:02] PRINT Is CUDA available: True
[2023-03-06 21:49:02] PRINT CUDA runtime version: 11.3.109
[2023-03-06 21:49:02] PRINT GPU models and configuration: GPU 0: NVIDIA GeForce RTX 3090
[2023-03-06 21:49:02] PRINT Nvidia driver version: 495.44
[2023-03-06 21:49:02] PRINT cuDNN version: Probably one of the following:
[2023-03-06 21:49:02] PRINT /usr/lib/x86_64-linux-gnu/libcudnn.so.8.2.0
[2023-03-06 21:49:02] PRINT /usr/lib/x86_64-linux-gnu/libcudnn_adv_infer.so.8.2.0
[2023-03-06 21:49:02] PRINT /usr/lib/x86_64-linux-gnu/libcudnn_adv_train.so.8.2.0
[2023-03-06 21:49:02] PRINT /usr/lib/x86_64-linux-gnu/libcudnn_cnn_infer.so.8.2.0
[2023-03-06 21:49:02] PRINT /usr/lib/x86_64-linux-gnu/libcudnn_cnn_train.so.8.2.0
[2023-03-06 21:49:02] PRINT /usr/lib/x86_64-linux-gnu/libcudnn_ops_infer.so.8.2.0
[2023-03-06 21:49:02] PRINT /usr/lib/x86_64-linux-gnu/libcudnn_ops_train.so.8.2.0
[2023-03-06 21:49:02] PRINT HIP runtime version: N/A
[2023-03-06 21:49:02] PRINT MIOpen runtime version: N/A
[2023-03-06 21:49:02] PRINT 
[2023-03-06 21:49:02] PRINT Versions of relevant libraries:
[2023-03-06 21:49:02] PRINT [pip3] numpy==1.23.5
[2023-03-06 21:49:02] PRINT [pip3] torch==1.10.0+cu113
[2023-03-06 21:49:02] PRINT [pip3] torchvision==0.11.1+cu113
[2023-03-06 21:49:02] PRINT [conda] blas                      1.0                         mkl    https://mirrors.ustc.edu.cn/anaconda/pkgs/main
[2023-03-06 21:49:02] PRINT [conda] mkl                       2021.4.0           h06a4308_640    https://mirrors.ustc.edu.cn/anaconda/pkgs/main
[2023-03-06 21:49:02] PRINT [conda] mkl-service               2.4.0            py38h7f8727e_0    https://mirrors.ustc.edu.cn/anaconda/pkgs/main
[2023-03-06 21:49:02] PRINT [conda] mkl_fft                   1.3.1            py38hd3c417c_0    https://mirrors.ustc.edu.cn/anaconda/pkgs/main
[2023-03-06 21:49:02] PRINT [conda] mkl_random                1.2.2            py38h51133e4_0    https://mirrors.ustc.edu.cn/anaconda/pkgs/main
[2023-03-06 21:49:02] PRINT [conda] numpy                     1.21.4                   pypi_0    pypi
[2023-03-06 21:49:02] PRINT [conda] numpy-base                1.23.5           py38h31eccc5_0    https://mirrors.ustc.edu.cn/anaconda/pkgs/main
[2023-03-06 21:49:02] PRINT [conda] torch                     1.10.0+cu113             pypi_0    pypi
[2023-03-06 21:49:02] PRINT [conda] torchvision               0.11.1+cu113             pypi_0    pypi
[2023-03-06 21:49:02] PRINT         Pillow (8.4.0)
[2023-03-06 21:49:02] PRINT [03/06 21:49:02 graph]: Command line arguments: Namespace(local_rank=0, resume=False, seed=1234, start_epoch=0)
[2023-03-06 21:49:02] PRINT Using degree as node features
[2023-03-06 21:49:03] PRINT ******** # Num Graphs: 1000, # Num Feat: 271, # Num Classes: 2 ********
[2023-03-06 21:49:03] PRINT [03/06 21:49:03 graph]: Run 0th for seed 11
[2023-03-06 21:49:03] PRINT [03/06 21:49:03 graph]: Total trainable params num : 679043
[2023-03-06 21:49:08] PRINT [03/06 21:49:08 graph]: ----------Start Training----------
[2023-03-06 21:49:09] PRINT [03/06 21:49:09 graph]: Epoch 0 | train_loss: 0.7001 | lr: 0.000087
[2023-03-06 21:49:09] PRINT [03/06 21:49:09 graph]: Epoch 1 | train_loss: 0.3211 | lr: 0.000087
[2023-03-06 21:49:10] PRINT [03/06 21:49:10 graph]: Epoch 2 | train_loss: 0.2131 | lr: 0.000087
[2023-03-06 21:49:17] PRINT [03/06 21:49:17 graph]: #Test_f1: 0.7330±0.0332
[2023-03-06 21:49:18] PRINT [03/06 21:49:18 graph]: Epoch 2: get test f1 score:  0.733
[2023-03-06 21:49:18] PRINT [03/06 21:49:18 graph]: best_f1 0.733 at epoch 2
[2023-03-06 21:49:18] PRINT [03/06 21:49:18 graph]: Epoch 3 | train_loss: 0.1847 | lr: 0.000087
[2023-03-06 21:49:26] PRINT [03/06 21:49:26 graph]: #Test_f1: 0.7380±0.0309
[2023-03-06 21:49:26] PRINT [03/06 21:49:26 graph]: Epoch 3: get test f1 score:  0.738
[2023-03-06 21:49:26] PRINT [03/06 21:49:26 graph]: best_f1 0.738 at epoch 3
[2023-03-06 21:49:27] PRINT [03/06 21:49:27 graph]: Epoch 4 | train_loss: 0.1666 | lr: 0.000087
[2023-03-06 21:49:33] PRINT [03/06 21:49:33 graph]: #Test_f1: 0.7340±0.0314
[2023-03-06 21:49:34] PRINT [03/06 21:49:34 graph]: Epoch 4: get test f1 score:  0.734
[2023-03-06 21:49:34] PRINT [03/06 21:49:34 graph]: best_f1 0.738 at epoch 3
[2023-03-06 21:49:34] PRINT [03/06 21:49:34 graph]: Epoch 5 | train_loss: 0.1606 | lr: 0.000087
[2023-03-06 21:49:41] PRINT [03/06 21:49:41 graph]: #Test_f1: 0.7350±0.0329
[2023-03-06 21:49:42] PRINT [03/06 21:49:42 graph]: Epoch 5: get test f1 score:  0.735
[2023-03-06 21:49:42] PRINT [03/06 21:49:42 graph]: best_f1 0.738 at epoch 3
[2023-03-06 21:49:42] PRINT [03/06 21:49:42 graph]: Epoch 6 | train_loss: 0.1513 | lr: 0.000087
[2023-03-06 21:49:50] PRINT [03/06 21:49:50 graph]: #Test_f1: 0.7270±0.0344
[2023-03-06 21:49:50] PRINT [03/06 21:49:50 graph]: Epoch 6: get test f1 score:  0.727
[2023-03-06 21:49:50] PRINT [03/06 21:49:50 graph]: best_f1 0.738 at epoch 3
[2023-03-06 21:49:51] PRINT [03/06 21:49:51 graph]: Epoch 7 | train_loss: 0.1499 | lr: 0.000087
[2023-03-06 21:49:58] PRINT [03/06 21:49:58 graph]: #Test_f1: 0.7330±0.0323
[2023-03-06 21:49:58] PRINT [03/06 21:49:58 graph]: Epoch 7: get test f1 score:  0.733
[2023-03-06 21:49:58] PRINT [03/06 21:49:58 graph]: best_f1 0.738 at epoch 3
[2023-03-06 21:49:59] PRINT [03/06 21:49:59 graph]: Epoch 8 | train_loss: 0.1461 | lr: 0.000087
[2023-03-06 21:50:06] PRINT [03/06 21:50:06 graph]: #Test_f1: 0.7370±0.0237
[2023-03-06 21:50:06] PRINT [03/06 21:50:06 graph]: Epoch 8: get test f1 score:  0.737
[2023-03-06 21:50:06] PRINT [03/06 21:50:06 graph]: best_f1 0.738 at epoch 3
[2023-03-06 21:50:07] PRINT [03/06 21:50:07 graph]: Epoch 9 | train_loss: 0.1407 | lr: 0.000087
[2023-03-06 21:50:14] PRINT [03/06 21:50:14 graph]: #Test_f1: 0.7280±0.0282
[2023-03-06 21:50:14] PRINT [03/06 21:50:14 graph]: Epoch 9: get test f1 score:  0.728
[2023-03-06 21:50:14] PRINT [03/06 21:50:14 graph]: best_f1 0.738 at epoch 3
[2023-03-06 21:50:15] PRINT [03/06 21:50:15 graph]: Epoch 10 | train_loss: 0.1377 | lr: 0.000087
[2023-03-06 21:50:22] PRINT [03/06 21:50:22 graph]: #Test_f1: 0.7320±0.0244
[2023-03-06 21:50:22] PRINT [03/06 21:50:22 graph]: Epoch 10: get test f1 score:  0.732
[2023-03-06 21:50:22] PRINT [03/06 21:50:22 graph]: best_f1 0.738 at epoch 3
[2023-03-06 21:50:23] PRINT [03/06 21:50:23 graph]: Epoch 11 | train_loss: 0.1390 | lr: 0.000087
[2023-03-06 21:50:30] PRINT [03/06 21:50:30 graph]: #Test_f1: 0.7320±0.0236
[2023-03-06 21:50:30] PRINT [03/06 21:50:30 graph]: Epoch 11: get test f1 score:  0.732
[2023-03-06 21:50:30] PRINT [03/06 21:50:30 graph]: best_f1 0.738 at epoch 3
[2023-03-06 21:50:31] PRINT [03/06 21:50:31 graph]: Epoch 12 | train_loss: 0.1377 | lr: 0.000087
[2023-03-06 21:50:38] PRINT [03/06 21:50:38 graph]: #Test_f1: 0.7280±0.0282
[2023-03-06 21:50:38] PRINT [03/06 21:50:38 graph]: Epoch 12: get test f1 score:  0.728
[2023-03-06 21:50:38] PRINT [03/06 21:50:38 graph]: best_f1 0.738 at epoch 3
[2023-03-06 21:50:39] PRINT [03/06 21:50:39 graph]: Epoch 13 | train_loss: 0.1327 | lr: 0.000087
[2023-03-06 21:50:46] PRINT [03/06 21:50:46 graph]: #Test_f1: 0.7310±0.0327
[2023-03-06 21:50:46] PRINT [03/06 21:50:46 graph]: Epoch 13: get test f1 score:  0.731
[2023-03-06 21:50:46] PRINT [03/06 21:50:46 graph]: best_f1 0.738 at epoch 3
[2023-03-06 21:50:47] PRINT [03/06 21:50:47 graph]: Epoch 14 | train_loss: 0.1331 | lr: 0.000087
[2023-03-06 21:50:54] PRINT [03/06 21:50:54 graph]: #Test_f1: 0.7360±0.0287
[2023-03-06 21:50:54] PRINT [03/06 21:50:54 graph]: Epoch 14: get test f1 score:  0.736
[2023-03-06 21:50:54] PRINT [03/06 21:50:54 graph]: best_f1 0.738 at epoch 3
[2023-03-06 21:50:55] PRINT [03/06 21:50:55 graph]: Epoch 15 | train_loss: 0.1332 | lr: 0.000087
[2023-03-06 21:51:01] PRINT [03/06 21:51:01 graph]: #Test_f1: 0.7410±0.0327
[2023-03-06 21:51:02] PRINT [03/06 21:51:02 graph]: Epoch 15: get test f1 score:  0.741
[2023-03-06 21:51:02] PRINT [03/06 21:51:02 graph]: best_f1 0.741 at epoch 15
[2023-03-06 21:51:02] PRINT [03/06 21:51:02 graph]: Epoch 16 | train_loss: 0.1305 | lr: 0.000087
[2023-03-06 21:51:10] PRINT [03/06 21:51:10 graph]: #Test_f1: 0.7390±0.0291
[2023-03-06 21:51:10] PRINT [03/06 21:51:10 graph]: Epoch 16: get test f1 score:  0.739
[2023-03-06 21:51:10] PRINT [03/06 21:51:10 graph]: best_f1 0.741 at epoch 15
[2023-03-06 21:51:11] PRINT [03/06 21:51:11 graph]: Epoch 17 | train_loss: 0.1294 | lr: 0.000087
[2023-03-06 21:51:18] PRINT [03/06 21:51:18 graph]: #Test_f1: 0.7340±0.0284
[2023-03-06 21:51:18] PRINT [03/06 21:51:18 graph]: Epoch 17: get test f1 score:  0.734
[2023-03-06 21:51:18] PRINT [03/06 21:51:18 graph]: best_f1 0.741 at epoch 15
[2023-03-06 21:51:18] PRINT [03/06 21:51:18 graph]: Epoch 18 | train_loss: 0.1281 | lr: 0.000087
[2023-03-06 21:51:26] PRINT [03/06 21:51:26 graph]: #Test_f1: 0.7320±0.0204
[2023-03-06 21:51:26] PRINT [03/06 21:51:26 graph]: Epoch 18: get test f1 score:  0.732
[2023-03-06 21:51:26] PRINT [03/06 21:51:26 graph]: best_f1 0.741 at epoch 15
[2023-03-06 21:51:27] PRINT [03/06 21:51:27 graph]: Epoch 19 | train_loss: 0.1260 | lr: 0.000087
[2023-03-06 21:51:34] PRINT [03/06 21:51:34 graph]: #Test_f1: 0.7410±0.0351
[2023-03-06 21:51:34] PRINT [03/06 21:51:34 graph]: Epoch 19: get test f1 score:  0.741
[2023-03-06 21:51:34] PRINT [03/06 21:51:34 graph]: best_f1 0.741 at epoch 15
[2023-03-06 21:51:35] PRINT [03/06 21:51:35 graph]: Epoch 20 | train_loss: 0.1243 | lr: 0.000087
[2023-03-06 21:51:42] PRINT [03/06 21:51:42 graph]: #Test_f1: 0.7490±0.0251
[2023-03-06 21:51:42] PRINT [03/06 21:51:42 graph]: Epoch 20: get test f1 score:  0.749
[2023-03-06 21:51:42] PRINT [03/06 21:51:42 graph]: best_f1 0.749 at epoch 20
[2023-03-06 21:51:43] PRINT [03/06 21:51:43 graph]: Epoch 21 | train_loss: 0.1226 | lr: 0.000087
[2023-03-06 21:51:50] PRINT [03/06 21:51:50 graph]: #Test_f1: 0.7350±0.0246
[2023-03-06 21:51:51] PRINT [03/06 21:51:51 graph]: Epoch 21: get test f1 score:  0.735
[2023-03-06 21:51:51] PRINT [03/06 21:51:51 graph]: best_f1 0.749 at epoch 20
[2023-03-06 21:51:51] PRINT [03/06 21:51:51 graph]: Epoch 22 | train_loss: 0.1223 | lr: 0.000087
[2023-03-06 21:51:58] PRINT [03/06 21:51:58 graph]: #Test_f1: 0.7320±0.0282
[2023-03-06 21:51:59] PRINT [03/06 21:51:59 graph]: Epoch 22: get test f1 score:  0.732
[2023-03-06 21:51:59] PRINT [03/06 21:51:59 graph]: best_f1 0.749 at epoch 20
[2023-03-06 21:51:59] PRINT [03/06 21:51:59 graph]: Epoch 23 | train_loss: 0.1200 | lr: 0.000087
[2023-03-06 21:52:06] PRINT [03/06 21:52:06 graph]: #Test_f1: 0.7360±0.0224
[2023-03-06 21:52:07] PRINT [03/06 21:52:07 graph]: Epoch 23: get test f1 score:  0.736
[2023-03-06 21:52:07] PRINT [03/06 21:52:07 graph]: best_f1 0.749 at epoch 20
[2023-03-06 21:52:07] PRINT [03/06 21:52:07 graph]: Epoch 24 | train_loss: 0.1182 | lr: 0.000087
[2023-03-06 21:52:14] PRINT [03/06 21:52:14 graph]: #Test_f1: 0.7360±0.0220
[2023-03-06 21:52:15] PRINT [03/06 21:52:15 graph]: Epoch 24: get test f1 score:  0.736
[2023-03-06 21:52:15] PRINT [03/06 21:52:15 graph]: best_f1 0.749 at epoch 20
[2023-03-06 21:52:15] PRINT [03/06 21:52:15 graph]: Epoch 25 | train_loss: 0.1202 | lr: 0.000087
[2023-03-06 21:52:23] PRINT [03/06 21:52:23 graph]: #Test_f1: 0.7290±0.0277
[2023-03-06 21:52:23] PRINT [03/06 21:52:23 graph]: Epoch 25: get test f1 score:  0.729
[2023-03-06 21:52:23] PRINT [03/06 21:52:23 graph]: best_f1 0.749 at epoch 20
[2023-03-06 21:52:24] PRINT [03/06 21:52:24 graph]: Epoch 26 | train_loss: 0.1179 | lr: 0.000087
[2023-03-06 21:52:31] PRINT [03/06 21:52:31 graph]: #Test_f1: 0.7350±0.0233
[2023-03-06 21:52:31] PRINT [03/06 21:52:31 graph]: Epoch 26: get test f1 score:  0.735
[2023-03-06 21:52:31] PRINT [03/06 21:52:31 graph]: best_f1 0.749 at epoch 20
[2023-03-06 21:52:31] PRINT [03/06 21:52:31 graph]: Epoch 27 | train_loss: 0.1157 | lr: 0.000087
[2023-03-06 21:52:39] PRINT [03/06 21:52:39 graph]: #Test_f1: 0.7300±0.0341
[2023-03-06 21:52:39] PRINT [03/06 21:52:39 graph]: Epoch 27: get test f1 score:  0.730
[2023-03-06 21:52:39] PRINT [03/06 21:52:39 graph]: best_f1 0.749 at epoch 20
[2023-03-06 21:52:40] PRINT [03/06 21:52:40 graph]: Epoch 28 | train_loss: 0.1156 | lr: 0.000087
[2023-03-06 21:52:47] PRINT [03/06 21:52:47 graph]: #Test_f1: 0.7370±0.0241
[2023-03-06 21:52:47] PRINT [03/06 21:52:47 graph]: Epoch 28: get test f1 score:  0.737
[2023-03-06 21:52:47] PRINT [03/06 21:52:47 graph]: best_f1 0.749 at epoch 20
[2023-03-06 21:52:48] PRINT [03/06 21:52:48 graph]: Epoch 29 | train_loss: 0.1154 | lr: 0.000087
[2023-03-06 21:52:55] PRINT [03/06 21:52:55 graph]: #Test_f1: 0.7360±0.0229
[2023-03-06 21:52:55] PRINT [03/06 21:52:55 graph]: Epoch 29: get test f1 score:  0.736
[2023-03-06 21:52:55] PRINT [03/06 21:52:55 graph]: best_f1 0.749 at epoch 20
[2023-03-06 21:52:55] PRINT [03/06 21:52:55 graph]: Epoch 30 | train_loss: 0.1125 | lr: 0.000069
[2023-03-06 21:53:02] PRINT [03/06 21:53:02 graph]: #Test_f1: 0.7310±0.0291
[2023-03-06 21:53:03] PRINT [03/06 21:53:03 graph]: Epoch 30: get test f1 score:  0.731
[2023-03-06 21:53:03] PRINT [03/06 21:53:03 graph]: best_f1 0.749 at epoch 20
[2023-03-06 21:53:03] PRINT [03/06 21:53:03 graph]: Epoch 31 | train_loss: 0.1131 | lr: 0.000069
[2023-03-06 21:53:10] PRINT [03/06 21:53:10 graph]: #Test_f1: 0.7360±0.0276
[2023-03-06 21:53:11] PRINT [03/06 21:53:11 graph]: Epoch 31: get test f1 score:  0.736
[2023-03-06 21:53:11] PRINT [03/06 21:53:11 graph]: best_f1 0.749 at epoch 20
[2023-03-06 21:53:11] PRINT [03/06 21:53:11 graph]: Epoch 32 | train_loss: 0.1092 | lr: 0.000069
[2023-03-06 21:53:18] PRINT [03/06 21:53:18 graph]: #Test_f1: 0.7420±0.0218
[2023-03-06 21:53:18] PRINT [03/06 21:53:18 graph]: Epoch 32: get test f1 score:  0.742
[2023-03-06 21:53:18] PRINT [03/06 21:53:18 graph]: best_f1 0.749 at epoch 20
[2023-03-06 21:53:19] PRINT [03/06 21:53:19 graph]: Epoch 33 | train_loss: 0.1079 | lr: 0.000069
[2023-03-06 21:53:26] PRINT [03/06 21:53:26 graph]: #Test_f1: 0.7410±0.0251
[2023-03-06 21:53:27] PRINT [03/06 21:53:27 graph]: Epoch 33: get test f1 score:  0.741
[2023-03-06 21:53:27] PRINT [03/06 21:53:27 graph]: best_f1 0.749 at epoch 20
[2023-03-06 21:53:27] PRINT [03/06 21:53:27 graph]: Epoch 34 | train_loss: 0.1064 | lr: 0.000069
[2023-03-06 21:53:35] PRINT [03/06 21:53:35 graph]: #Test_f1: 0.7400±0.0214
[2023-03-06 21:53:35] PRINT [03/06 21:53:35 graph]: Epoch 34: get test f1 score:  0.740
[2023-03-06 21:53:35] PRINT [03/06 21:53:35 graph]: best_f1 0.749 at epoch 20
[2023-03-06 21:53:36] PRINT [03/06 21:53:36 graph]: Epoch 35 | train_loss: 0.1082 | lr: 0.000069
[2023-03-06 21:53:43] PRINT [03/06 21:53:43 graph]: #Test_f1: 0.7400±0.0253
[2023-03-06 21:53:43] PRINT [03/06 21:53:43 graph]: Epoch 35: get test f1 score:  0.740
[2023-03-06 21:53:43] PRINT [03/06 21:53:43 graph]: best_f1 0.749 at epoch 20
[2023-03-06 21:53:44] PRINT [03/06 21:53:44 graph]: Epoch 36 | train_loss: 0.1074 | lr: 0.000069
[2023-03-06 21:53:51] PRINT [03/06 21:53:51 graph]: #Test_f1: 0.7440±0.0191
[2023-03-06 21:53:52] PRINT [03/06 21:53:52 graph]: Epoch 36: get test f1 score:  0.744
[2023-03-06 21:53:52] PRINT [03/06 21:53:52 graph]: best_f1 0.749 at epoch 20
[2023-03-06 21:53:52] PRINT [03/06 21:53:52 graph]: Epoch 37 | train_loss: 0.1046 | lr: 0.000069
[2023-03-06 21:53:59] PRINT [03/06 21:53:59 graph]: #Test_f1: 0.7420±0.0260
[2023-03-06 21:54:00] PRINT [03/06 21:54:00 graph]: Epoch 37: get test f1 score:  0.742
[2023-03-06 21:54:00] PRINT [03/06 21:54:00 graph]: best_f1 0.749 at epoch 20
[2023-03-06 21:54:00] PRINT [03/06 21:54:00 graph]: Epoch 38 | train_loss: 0.1058 | lr: 0.000069
[2023-03-06 21:54:08] PRINT [03/06 21:54:08 graph]: #Test_f1: 0.7470±0.0219
[2023-03-06 21:54:08] PRINT [03/06 21:54:08 graph]: Epoch 38: get test f1 score:  0.747
[2023-03-06 21:54:08] PRINT [03/06 21:54:08 graph]: best_f1 0.749 at epoch 20
[2023-03-06 21:54:08] PRINT [03/06 21:54:08 graph]: Epoch 39 | train_loss: 0.1032 | lr: 0.000069
[2023-03-06 21:54:16] PRINT [03/06 21:54:16 graph]: #Test_f1: 0.7410±0.0247
[2023-03-06 21:54:16] PRINT [03/06 21:54:16 graph]: Epoch 39: get test f1 score:  0.741
[2023-03-06 21:54:16] PRINT [03/06 21:54:16 graph]: best_f1 0.749 at epoch 20
[2023-03-06 21:54:17] PRINT [03/06 21:54:17 graph]: Epoch 40 | train_loss: 0.1053 | lr: 0.000069
[2023-03-06 21:54:24] PRINT [03/06 21:54:24 graph]: #Test_f1: 0.7410±0.0217
[2023-03-06 21:54:24] PRINT [03/06 21:54:24 graph]: Epoch 40: get test f1 score:  0.741
[2023-03-06 21:54:24] PRINT [03/06 21:54:24 graph]: best_f1 0.749 at epoch 20
[2023-03-06 21:54:25] PRINT [03/06 21:54:25 graph]: Epoch 41 | train_loss: 0.1021 | lr: 0.000069
[2023-03-06 21:54:32] PRINT [03/06 21:54:32 graph]: #Test_f1: 0.7450±0.0157
[2023-03-06 21:54:32] PRINT [03/06 21:54:32 graph]: Epoch 41: get test f1 score:  0.745
[2023-03-06 21:54:32] PRINT [03/06 21:54:32 graph]: best_f1 0.749 at epoch 20
[2023-03-06 21:54:33] PRINT [03/06 21:54:33 graph]: Epoch 42 | train_loss: 0.1017 | lr: 0.000069
[2023-03-06 21:54:40] PRINT [03/06 21:54:40 graph]: #Test_f1: 0.7450±0.0277
[2023-03-06 21:54:40] PRINT [03/06 21:54:40 graph]: Epoch 42: get test f1 score:  0.745
[2023-03-06 21:54:40] PRINT [03/06 21:54:40 graph]: best_f1 0.749 at epoch 20
[2023-03-06 21:54:41] PRINT [03/06 21:54:41 graph]: Epoch 43 | train_loss: 0.1043 | lr: 0.000069
[2023-03-06 21:54:48] PRINT [03/06 21:54:48 graph]: #Test_f1: 0.7440±0.0254
[2023-03-06 21:54:49] PRINT [03/06 21:54:49 graph]: Epoch 43: get test f1 score:  0.744
[2023-03-06 21:54:49] PRINT [03/06 21:54:49 graph]: best_f1 0.749 at epoch 20
[2023-03-06 21:54:49] PRINT [03/06 21:54:49 graph]: Epoch 44 | train_loss: 0.1024 | lr: 0.000069
[2023-03-06 21:54:56] PRINT [03/06 21:54:56 graph]: #Test_f1: 0.7370±0.0237
[2023-03-06 21:54:57] PRINT [03/06 21:54:57 graph]: Epoch 44: get test f1 score:  0.737
[2023-03-06 21:54:57] PRINT [03/06 21:54:57 graph]: best_f1 0.749 at epoch 20
[2023-03-06 21:54:57] PRINT [03/06 21:54:57 graph]: Epoch 45 | train_loss: 0.1029 | lr: 0.000069
[2023-03-06 21:55:04] PRINT [03/06 21:55:04 graph]: #Test_f1: 0.7410±0.0239
[2023-03-06 21:55:04] PRINT [03/06 21:55:04 graph]: Epoch 45: get test f1 score:  0.741
[2023-03-06 21:55:04] PRINT [03/06 21:55:04 graph]: best_f1 0.749 at epoch 20
[2023-03-06 21:55:05] PRINT [03/06 21:55:05 graph]: Epoch 46 | train_loss: 0.1015 | lr: 0.000069
[2023-03-06 21:55:12] PRINT [03/06 21:55:12 graph]: #Test_f1: 0.7450±0.0250
[2023-03-06 21:55:12] PRINT [03/06 21:55:12 graph]: Epoch 46: get test f1 score:  0.745
[2023-03-06 21:55:12] PRINT [03/06 21:55:12 graph]: best_f1 0.749 at epoch 20
[2023-03-06 21:55:13] PRINT [03/06 21:55:13 graph]: Epoch 47 | train_loss: 0.1029 | lr: 0.000069
[2023-03-06 21:55:20] PRINT [03/06 21:55:20 graph]: #Test_f1: 0.7410±0.0207
[2023-03-06 21:55:20] PRINT [03/06 21:55:20 graph]: Epoch 47: get test f1 score:  0.741
[2023-03-06 21:55:20] PRINT [03/06 21:55:20 graph]: best_f1 0.749 at epoch 20
[2023-03-06 21:55:21] PRINT [03/06 21:55:21 graph]: Epoch 48 | train_loss: 0.1008 | lr: 0.000069
[2023-03-06 21:55:28] PRINT [03/06 21:55:28 graph]: #Test_f1: 0.7450±0.0196
[2023-03-06 21:55:28] PRINT [03/06 21:55:28 graph]: Epoch 48: get test f1 score:  0.745
[2023-03-06 21:55:28] PRINT [03/06 21:55:28 graph]: best_f1 0.749 at epoch 20
[2023-03-06 21:55:29] PRINT [03/06 21:55:29 graph]: Epoch 49 | train_loss: 0.0990 | lr: 0.000069
[2023-03-06 21:55:36] PRINT [03/06 21:55:36 graph]: #Test_f1: 0.7410±0.0217
[2023-03-06 21:55:36] PRINT [03/06 21:55:36 graph]: Epoch 49: get test f1 score:  0.741
[2023-03-06 21:55:36] PRINT [03/06 21:55:36 graph]: best_f1 0.749 at epoch 20
[2023-03-06 21:55:37] PRINT [03/06 21:55:37 graph]: Epoch 50 | train_loss: 0.0986 | lr: 0.000069
[2023-03-06 21:55:44] PRINT [03/06 21:55:44 graph]: #Test_f1: 0.7520±0.0260
[2023-03-06 21:55:45] PRINT [03/06 21:55:45 graph]: Epoch 50: get test f1 score:  0.752
[2023-03-06 21:55:45] PRINT [03/06 21:55:45 graph]: best_f1 0.752 at epoch 50
[2023-03-06 21:55:45] PRINT [03/06 21:55:45 graph]: Epoch 51 | train_loss: 0.0987 | lr: 0.000069
[2023-03-06 21:55:53] PRINT [03/06 21:55:53 graph]: #Test_f1: 0.7380±0.0227
[2023-03-06 21:55:53] PRINT [03/06 21:55:53 graph]: Epoch 51: get test f1 score:  0.738
[2023-03-06 21:55:53] PRINT [03/06 21:55:53 graph]: best_f1 0.752 at epoch 50
[2023-03-06 21:55:53] PRINT [03/06 21:55:53 graph]: Epoch 52 | train_loss: 0.1001 | lr: 0.000069
[2023-03-06 21:56:00] PRINT [03/06 21:56:00 graph]: #Test_f1: 0.7470±0.0253
[2023-03-06 21:56:01] PRINT [03/06 21:56:01 graph]: Epoch 52: get test f1 score:  0.747
[2023-03-06 21:56:01] PRINT [03/06 21:56:01 graph]: best_f1 0.752 at epoch 50
[2023-03-06 21:56:01] PRINT [03/06 21:56:01 graph]: Epoch 53 | train_loss: 0.0974 | lr: 0.000069
[2023-03-06 21:56:09] PRINT [03/06 21:56:09 graph]: #Test_f1: 0.7420±0.0214
[2023-03-06 21:56:09] PRINT [03/06 21:56:09 graph]: Epoch 53: get test f1 score:  0.742
[2023-03-06 21:56:09] PRINT [03/06 21:56:09 graph]: best_f1 0.752 at epoch 50
[2023-03-06 21:56:10] PRINT [03/06 21:56:10 graph]: Epoch 54 | train_loss: 0.0983 | lr: 0.000069
[2023-03-06 21:56:17] PRINT [03/06 21:56:17 graph]: #Test_f1: 0.7500±0.0219
[2023-03-06 21:56:17] PRINT [03/06 21:56:17 graph]: Epoch 54: get test f1 score:  0.750
[2023-03-06 21:56:17] PRINT [03/06 21:56:17 graph]: best_f1 0.752 at epoch 50
[2023-03-06 21:56:18] PRINT [03/06 21:56:18 graph]: Epoch 55 | train_loss: 0.0962 | lr: 0.000069
[2023-03-06 21:56:25] PRINT [03/06 21:56:25 graph]: #Test_f1: 0.7430±0.0233
[2023-03-06 21:56:25] PRINT [03/06 21:56:25 graph]: Epoch 55: get test f1 score:  0.743
[2023-03-06 21:56:25] PRINT [03/06 21:56:25 graph]: best_f1 0.752 at epoch 50
[2023-03-06 21:56:26] PRINT [03/06 21:56:26 graph]: Epoch 56 | train_loss: 0.0951 | lr: 0.000069
[2023-03-06 21:56:33] PRINT [03/06 21:56:33 graph]: #Test_f1: 0.7470±0.0257
[2023-03-06 21:56:33] PRINT [03/06 21:56:33 graph]: Epoch 56: get test f1 score:  0.747
[2023-03-06 21:56:33] PRINT [03/06 21:56:33 graph]: best_f1 0.752 at epoch 50
[2023-03-06 21:56:34] PRINT [03/06 21:56:34 graph]: Epoch 57 | train_loss: 0.0955 | lr: 0.000069
[2023-03-06 21:56:41] PRINT [03/06 21:56:41 graph]: #Test_f1: 0.7510±0.0277
[2023-03-06 21:56:41] PRINT [03/06 21:56:41 graph]: Epoch 57: get test f1 score:  0.751
[2023-03-06 21:56:41] PRINT [03/06 21:56:41 graph]: best_f1 0.752 at epoch 50
[2023-03-06 21:56:42] PRINT [03/06 21:56:42 graph]: Epoch 58 | train_loss: 0.0949 | lr: 0.000069
[2023-03-06 21:56:49] PRINT [03/06 21:56:49 graph]: #Test_f1: 0.7490±0.0262
[2023-03-06 21:56:49] PRINT [03/06 21:56:49 graph]: Epoch 58: get test f1 score:  0.749
[2023-03-06 21:56:49] PRINT [03/06 21:56:49 graph]: best_f1 0.752 at epoch 50
[2023-03-06 21:56:50] PRINT [03/06 21:56:50 graph]: Epoch 59 | train_loss: 0.0926 | lr: 0.000069
[2023-03-06 21:56:57] PRINT [03/06 21:56:57 graph]: #Test_f1: 0.7490±0.0291
[2023-03-06 21:56:57] PRINT [03/06 21:56:57 graph]: Epoch 59: get test f1 score:  0.749
[2023-03-06 21:56:57] PRINT [03/06 21:56:57 graph]: best_f1 0.752 at epoch 50
[2023-03-06 21:56:58] PRINT [03/06 21:56:58 graph]: Epoch 60 | train_loss: 0.0936 | lr: 0.000055
[2023-03-06 21:57:05] PRINT [03/06 21:57:05 graph]: #Test_f1: 0.7500±0.0261
[2023-03-06 21:57:05] PRINT [03/06 21:57:05 graph]: Epoch 60: get test f1 score:  0.750
[2023-03-06 21:57:05] PRINT [03/06 21:57:05 graph]: best_f1 0.752 at epoch 50
[2023-03-06 21:57:06] PRINT [03/06 21:57:06 graph]: Epoch 61 | train_loss: 0.0936 | lr: 0.000055
[2023-03-06 21:57:13] PRINT [03/06 21:57:13 graph]: #Test_f1: 0.7440±0.0287
[2023-03-06 21:57:13] PRINT [03/06 21:57:13 graph]: Epoch 61: get test f1 score:  0.744
[2023-03-06 21:57:13] PRINT [03/06 21:57:13 graph]: best_f1 0.752 at epoch 50
[2023-03-06 21:57:14] PRINT [03/06 21:57:14 graph]: Epoch 62 | train_loss: 0.0912 | lr: 0.000055
[2023-03-06 21:57:21] PRINT [03/06 21:57:21 graph]: #Test_f1: 0.7480±0.0303
[2023-03-06 21:57:21] PRINT [03/06 21:57:21 graph]: Epoch 62: get test f1 score:  0.748
[2023-03-06 21:57:21] PRINT [03/06 21:57:21 graph]: best_f1 0.752 at epoch 50
[2023-03-06 21:57:22] PRINT [03/06 21:57:22 graph]: Epoch 63 | train_loss: 0.0921 | lr: 0.000055
[2023-03-06 21:57:29] PRINT [03/06 21:57:29 graph]: #Test_f1: 0.7550±0.0277
[2023-03-06 21:57:29] PRINT [03/06 21:57:29 graph]: Epoch 63: get test f1 score:  0.755
[2023-03-06 21:57:29] PRINT [03/06 21:57:29 graph]: best_f1 0.755 at epoch 63
[2023-03-06 21:57:30] PRINT [03/06 21:57:30 graph]: Epoch 64 | train_loss: 0.0913 | lr: 0.000055
[2023-03-06 21:57:37] PRINT [03/06 21:57:37 graph]: #Test_f1: 0.7500±0.0265
[2023-03-06 21:57:37] PRINT [03/06 21:57:37 graph]: Epoch 64: get test f1 score:  0.750
[2023-03-06 21:57:37] PRINT [03/06 21:57:37 graph]: best_f1 0.755 at epoch 63
[2023-03-06 21:57:38] PRINT [03/06 21:57:38 graph]: Epoch 65 | train_loss: 0.0904 | lr: 0.000055
[2023-03-06 21:57:45] PRINT [03/06 21:57:45 graph]: #Test_f1: 0.7470±0.0269
[2023-03-06 21:57:45] PRINT [03/06 21:57:45 graph]: Epoch 65: get test f1 score:  0.747
[2023-03-06 21:57:45] PRINT [03/06 21:57:45 graph]: best_f1 0.755 at epoch 63
[2023-03-06 21:57:46] PRINT [03/06 21:57:46 graph]: Epoch 66 | train_loss: 0.0929 | lr: 0.000055
[2023-03-06 21:57:53] PRINT [03/06 21:57:53 graph]: #Test_f1: 0.7480±0.0293
[2023-03-06 21:57:53] PRINT [03/06 21:57:53 graph]: Epoch 66: get test f1 score:  0.748
[2023-03-06 21:57:53] PRINT [03/06 21:57:53 graph]: best_f1 0.755 at epoch 63
[2023-03-06 21:57:54] PRINT [03/06 21:57:54 graph]: Epoch 67 | train_loss: 0.0898 | lr: 0.000055
[2023-03-06 21:58:01] PRINT [03/06 21:58:01 graph]: #Test_f1: 0.7470±0.0279
[2023-03-06 21:58:01] PRINT [03/06 21:58:01 graph]: Epoch 67: get test f1 score:  0.747
[2023-03-06 21:58:01] PRINT [03/06 21:58:01 graph]: best_f1 0.755 at epoch 63
[2023-03-06 21:58:02] PRINT [03/06 21:58:02 graph]: Epoch 68 | train_loss: 0.0893 | lr: 0.000055
[2023-03-06 21:58:09] PRINT [03/06 21:58:09 graph]: #Test_f1: 0.7470±0.0297
[2023-03-06 21:58:09] PRINT [03/06 21:58:09 graph]: Epoch 68: get test f1 score:  0.747
[2023-03-06 21:58:09] PRINT [03/06 21:58:09 graph]: best_f1 0.755 at epoch 63
[2023-03-06 21:58:10] PRINT [03/06 21:58:10 graph]: Epoch 69 | train_loss: 0.0884 | lr: 0.000055
[2023-03-06 21:58:17] PRINT [03/06 21:58:17 graph]: #Test_f1: 0.7490±0.0305
[2023-03-06 21:58:17] PRINT [03/06 21:58:17 graph]: Epoch 69: get test f1 score:  0.749
[2023-03-06 21:58:17] PRINT [03/06 21:58:17 graph]: best_f1 0.755 at epoch 63
[2023-03-06 21:58:18] PRINT [03/06 21:58:18 graph]: Epoch 70 | train_loss: 0.0903 | lr: 0.000055
[2023-03-06 21:58:25] PRINT [03/06 21:58:25 graph]: #Test_f1: 0.7450±0.0323
[2023-03-06 21:58:25] PRINT [03/06 21:58:25 graph]: Epoch 70: get test f1 score:  0.745
[2023-03-06 21:58:25] PRINT [03/06 21:58:25 graph]: best_f1 0.755 at epoch 63
[2023-03-06 21:58:26] PRINT [03/06 21:58:26 graph]: Epoch 71 | train_loss: 0.0878 | lr: 0.000055
[2023-03-06 21:58:33] PRINT [03/06 21:58:33 graph]: #Test_f1: 0.7490±0.0255
[2023-03-06 21:58:33] PRINT [03/06 21:58:33 graph]: Epoch 71: get test f1 score:  0.749
[2023-03-06 21:58:33] PRINT [03/06 21:58:33 graph]: best_f1 0.755 at epoch 63
[2023-03-06 21:58:34] PRINT [03/06 21:58:34 graph]: Epoch 72 | train_loss: 0.0878 | lr: 0.000055
[2023-03-06 21:58:41] PRINT [03/06 21:58:41 graph]: #Test_f1: 0.7490±0.0281
[2023-03-06 21:58:41] PRINT [03/06 21:58:41 graph]: Epoch 72: get test f1 score:  0.749
[2023-03-06 21:58:41] PRINT [03/06 21:58:41 graph]: best_f1 0.755 at epoch 63
[2023-03-06 21:58:42] PRINT [03/06 21:58:42 graph]: Epoch 73 | train_loss: 0.0887 | lr: 0.000055
[2023-03-06 21:58:49] PRINT [03/06 21:58:49 graph]: #Test_f1: 0.7440±0.0307
[2023-03-06 21:58:49] PRINT [03/06 21:58:49 graph]: Epoch 73: get test f1 score:  0.744
[2023-03-06 21:58:49] PRINT [03/06 21:58:49 graph]: best_f1 0.755 at epoch 63
[2023-03-06 21:58:50] PRINT [03/06 21:58:50 graph]: Epoch 74 | train_loss: 0.0886 | lr: 0.000055
[2023-03-06 21:58:57] PRINT [03/06 21:58:57 graph]: #Test_f1: 0.7430±0.0287
[2023-03-06 21:58:58] PRINT [03/06 21:58:58 graph]: Epoch 74: get test f1 score:  0.743
[2023-03-06 21:58:58] PRINT [03/06 21:58:58 graph]: best_f1 0.755 at epoch 63
[2023-03-06 21:58:58] PRINT [03/06 21:58:58 graph]: Epoch 75 | train_loss: 0.0868 | lr: 0.000055
[2023-03-06 21:59:06] PRINT [03/06 21:59:06 graph]: #Test_f1: 0.7480±0.0268
[2023-03-06 21:59:06] PRINT [03/06 21:59:06 graph]: Epoch 75: get test f1 score:  0.748
[2023-03-06 21:59:06] PRINT [03/06 21:59:06 graph]: best_f1 0.755 at epoch 63
[2023-03-06 21:59:07] PRINT [03/06 21:59:07 graph]: Epoch 76 | train_loss: 0.0876 | lr: 0.000055
[2023-03-06 21:59:14] PRINT [03/06 21:59:14 graph]: #Test_f1: 0.7490±0.0251
[2023-03-06 21:59:14] PRINT [03/06 21:59:14 graph]: Epoch 76: get test f1 score:  0.749
[2023-03-06 21:59:14] PRINT [03/06 21:59:14 graph]: best_f1 0.755 at epoch 63
[2023-03-06 21:59:15] PRINT [03/06 21:59:15 graph]: Epoch 77 | train_loss: 0.0873 | lr: 0.000055
[2023-03-06 21:59:22] PRINT [03/06 21:59:22 graph]: #Test_f1: 0.7460±0.0291
[2023-03-06 21:59:22] PRINT [03/06 21:59:22 graph]: Epoch 77: get test f1 score:  0.746
[2023-03-06 21:59:22] PRINT [03/06 21:59:22 graph]: best_f1 0.755 at epoch 63
[2023-03-06 21:59:23] PRINT [03/06 21:59:23 graph]: Epoch 78 | train_loss: 0.0846 | lr: 0.000055
[2023-03-06 21:59:30] PRINT [03/06 21:59:30 graph]: #Test_f1: 0.7500±0.0283
[2023-03-06 21:59:30] PRINT [03/06 21:59:30 graph]: Epoch 78: get test f1 score:  0.750
[2023-03-06 21:59:30] PRINT [03/06 21:59:30 graph]: best_f1 0.755 at epoch 63
[2023-03-06 21:59:31] PRINT [03/06 21:59:31 graph]: Epoch 79 | train_loss: 0.0874 | lr: 0.000055
[2023-03-06 21:59:37] PRINT [03/06 21:59:37 graph]: #Test_f1: 0.7510±0.0291
[2023-03-06 21:59:38] PRINT [03/06 21:59:38 graph]: Epoch 79: get test f1 score:  0.751
[2023-03-06 21:59:38] PRINT [03/06 21:59:38 graph]: best_f1 0.755 at epoch 63
[2023-03-06 21:59:38] PRINT [03/06 21:59:38 graph]: Epoch 80 | train_loss: 0.0876 | lr: 0.000055
[2023-03-06 21:59:45] PRINT [03/06 21:59:45 graph]: #Test_f1: 0.7510±0.0314
[2023-03-06 21:59:46] PRINT [03/06 21:59:46 graph]: Epoch 80: get test f1 score:  0.751
[2023-03-06 21:59:46] PRINT [03/06 21:59:46 graph]: best_f1 0.755 at epoch 63
[2023-03-06 21:59:46] PRINT [03/06 21:59:46 graph]: Epoch 81 | train_loss: 0.0861 | lr: 0.000055
[2023-03-06 21:59:53] PRINT [03/06 21:59:53 graph]: #Test_f1: 0.7460±0.0229
[2023-03-06 21:59:54] PRINT [03/06 21:59:54 graph]: Epoch 81: get test f1 score:  0.746
[2023-03-06 21:59:54] PRINT [03/06 21:59:54 graph]: best_f1 0.755 at epoch 63
[2023-03-06 21:59:54] PRINT [03/06 21:59:54 graph]: Epoch 82 | train_loss: 0.0860 | lr: 0.000055
[2023-03-06 22:00:02] PRINT [03/06 22:00:02 graph]: #Test_f1: 0.7430±0.0279
[2023-03-06 22:00:02] PRINT [03/06 22:00:02 graph]: Epoch 82: get test f1 score:  0.743
[2023-03-06 22:00:02] PRINT [03/06 22:00:02 graph]: best_f1 0.755 at epoch 63
[2023-03-06 22:00:03] PRINT [03/06 22:00:03 graph]: Epoch 83 | train_loss: 0.0835 | lr: 0.000055
[2023-03-06 22:00:10] PRINT [03/06 22:00:10 graph]: #Test_f1: 0.7420±0.0271
[2023-03-06 22:00:10] PRINT [03/06 22:00:10 graph]: Epoch 83: get test f1 score:  0.742
[2023-03-06 22:00:10] PRINT [03/06 22:00:10 graph]: best_f1 0.755 at epoch 63
[2023-03-06 22:00:11] PRINT [03/06 22:00:11 graph]: Epoch 84 | train_loss: 0.0835 | lr: 0.000055
[2023-03-06 22:00:18] PRINT [03/06 22:00:18 graph]: #Test_f1: 0.7460±0.0254
[2023-03-06 22:00:18] PRINT [03/06 22:00:18 graph]: Epoch 84: get test f1 score:  0.746
[2023-03-06 22:00:18] PRINT [03/06 22:00:18 graph]: best_f1 0.755 at epoch 63
[2023-03-06 22:00:18] PRINT [03/06 22:00:18 graph]: Epoch 85 | train_loss: 0.0834 | lr: 0.000055
[2023-03-06 22:00:25] PRINT [03/06 22:00:25 graph]: #Test_f1: 0.7460±0.0246
[2023-03-06 22:00:26] PRINT [03/06 22:00:26 graph]: Epoch 85: get test f1 score:  0.746
[2023-03-06 22:00:26] PRINT [03/06 22:00:26 graph]: best_f1 0.755 at epoch 63
[2023-03-06 22:00:26] PRINT [03/06 22:00:26 graph]: Epoch 86 | train_loss: 0.0859 | lr: 0.000055
[2023-03-06 22:00:33] PRINT [03/06 22:00:33 graph]: #Test_f1: 0.7510±0.0239
[2023-03-06 22:00:34] PRINT [03/06 22:00:34 graph]: Epoch 86: get test f1 score:  0.751
[2023-03-06 22:00:34] PRINT [03/06 22:00:34 graph]: best_f1 0.755 at epoch 63
[2023-03-06 22:00:34] PRINT [03/06 22:00:34 graph]: Epoch 87 | train_loss: 0.0845 | lr: 0.000055
[2023-03-06 22:00:41] PRINT [03/06 22:00:41 graph]: #Test_f1: 0.7410±0.0230
[2023-03-06 22:00:42] PRINT [03/06 22:00:42 graph]: Epoch 87: get test f1 score:  0.741
[2023-03-06 22:00:42] PRINT [03/06 22:00:42 graph]: best_f1 0.755 at epoch 63
[2023-03-06 22:00:42] PRINT [03/06 22:00:42 graph]: Epoch 88 | train_loss: 0.0824 | lr: 0.000055
[2023-03-06 22:00:49] PRINT [03/06 22:00:49 graph]: #Test_f1: 0.7480±0.0279
[2023-03-06 22:00:50] PRINT [03/06 22:00:50 graph]: Epoch 88: get test f1 score:  0.748
[2023-03-06 22:00:50] PRINT [03/06 22:00:50 graph]: best_f1 0.755 at epoch 63
[2023-03-06 22:00:50] PRINT [03/06 22:00:50 graph]: Epoch 89 | train_loss: 0.0833 | lr: 0.000055
[2023-03-06 22:00:57] PRINT [03/06 22:00:57 graph]: #Test_f1: 0.7490±0.0266
[2023-03-06 22:00:58] PRINT [03/06 22:00:58 graph]: Epoch 89: get test f1 score:  0.749
[2023-03-06 22:00:58] PRINT [03/06 22:00:58 graph]: best_f1 0.755 at epoch 63
[2023-03-06 22:00:58] PRINT [03/06 22:00:58 graph]: Epoch 90 | train_loss: 0.0809 | lr: 0.000044
[2023-03-06 22:01:05] PRINT [03/06 22:01:05 graph]: #Test_f1: 0.7520±0.0248
[2023-03-06 22:01:06] PRINT [03/06 22:01:06 graph]: Epoch 90: get test f1 score:  0.752
[2023-03-06 22:01:06] PRINT [03/06 22:01:06 graph]: best_f1 0.755 at epoch 63
[2023-03-06 22:01:06] PRINT [03/06 22:01:06 graph]: Epoch 91 | train_loss: 0.0810 | lr: 0.000044
[2023-03-06 22:01:13] PRINT [03/06 22:01:13 graph]: #Test_f1: 0.7450±0.0262
[2023-03-06 22:01:14] PRINT [03/06 22:01:14 graph]: Epoch 91: get test f1 score:  0.745
[2023-03-06 22:01:14] PRINT [03/06 22:01:14 graph]: best_f1 0.755 at epoch 63
[2023-03-06 22:01:14] PRINT [03/06 22:01:14 graph]: Epoch 92 | train_loss: 0.0803 | lr: 0.000044
[2023-03-06 22:01:21] PRINT [03/06 22:01:21 graph]: #Test_f1: 0.7490±0.0255
[2023-03-06 22:01:21] PRINT [03/06 22:01:21 graph]: Epoch 92: get test f1 score:  0.749
[2023-03-06 22:01:21] PRINT [03/06 22:01:21 graph]: best_f1 0.755 at epoch 63
[2023-03-06 22:01:22] PRINT [03/06 22:01:22 graph]: Epoch 93 | train_loss: 0.0815 | lr: 0.000044
[2023-03-06 22:01:29] PRINT [03/06 22:01:29 graph]: #Test_f1: 0.7460±0.0310
[2023-03-06 22:01:29] PRINT [03/06 22:01:29 graph]: Epoch 93: get test f1 score:  0.746
[2023-03-06 22:01:29] PRINT [03/06 22:01:29 graph]: best_f1 0.755 at epoch 63
[2023-03-06 22:01:30] PRINT [03/06 22:01:30 graph]: Epoch 94 | train_loss: 0.0798 | lr: 0.000044
[2023-03-06 22:01:37] PRINT [03/06 22:01:37 graph]: #Test_f1: 0.7430±0.0233
[2023-03-06 22:01:37] PRINT [03/06 22:01:37 graph]: Epoch 94: get test f1 score:  0.743
[2023-03-06 22:01:37] PRINT [03/06 22:01:37 graph]: best_f1 0.755 at epoch 63
[2023-03-06 22:01:38] PRINT [03/06 22:01:38 graph]: Epoch 95 | train_loss: 0.0817 | lr: 0.000044
[2023-03-06 22:01:45] PRINT [03/06 22:01:45 graph]: #Test_f1: 0.7440±0.0246
[2023-03-06 22:01:45] PRINT [03/06 22:01:45 graph]: Epoch 95: get test f1 score:  0.744
[2023-03-06 22:01:45] PRINT [03/06 22:01:45 graph]: best_f1 0.755 at epoch 63
[2023-03-06 22:01:46] PRINT [03/06 22:01:46 graph]: Epoch 96 | train_loss: 0.0805 | lr: 0.000044
[2023-03-06 22:01:53] PRINT [03/06 22:01:53 graph]: #Test_f1: 0.7440±0.0229
[2023-03-06 22:01:53] PRINT [03/06 22:01:53 graph]: Epoch 96: get test f1 score:  0.744
[2023-03-06 22:01:53] PRINT [03/06 22:01:53 graph]: best_f1 0.755 at epoch 63
[2023-03-06 22:01:54] PRINT [03/06 22:01:54 graph]: Epoch 97 | train_loss: 0.0786 | lr: 0.000044
[2023-03-06 22:02:01] PRINT [03/06 22:02:01 graph]: #Test_f1: 0.7470±0.0228
[2023-03-06 22:02:01] PRINT [03/06 22:02:01 graph]: Epoch 97: get test f1 score:  0.747
[2023-03-06 22:02:01] PRINT [03/06 22:02:01 graph]: best_f1 0.755 at epoch 63
[2023-03-06 22:02:02] PRINT [03/06 22:02:02 graph]: Epoch 98 | train_loss: 0.0778 | lr: 0.000044
[2023-03-06 22:02:09] PRINT [03/06 22:02:09 graph]: #Test_f1: 0.7460±0.0297
[2023-03-06 22:02:09] PRINT [03/06 22:02:09 graph]: Epoch 98: get test f1 score:  0.746
[2023-03-06 22:02:09] PRINT [03/06 22:02:09 graph]: best_f1 0.755 at epoch 63
[2023-03-06 22:02:10] PRINT [03/06 22:02:10 graph]: Epoch 99 | train_loss: 0.0792 | lr: 0.000044
[2023-03-06 22:02:16] PRINT [03/06 22:02:16 graph]: #Test_f1: 0.7550±0.0262
[2023-03-06 22:02:17] PRINT [03/06 22:02:17 graph]: Epoch 99: get test f1 score:  0.755
[2023-03-06 22:02:17] PRINT [03/06 22:02:17 graph]: best_f1 0.755 at epoch 63
[2023-03-06 22:02:17] PRINT [03/06 22:02:17 graph]: # final_acc: 0.7550±0.0000
