[2023-03-21 18:30:52] PRINT ---new cfg------
[2023-03-21 18:30:52] PRINT {'DATA': {'data_name': 'photo'}, 'DATALOADER': {'NUM_WORKERS': 0}, 'MODEL': {'num_hidden': 256, 'num_layers': 2, 'nhead': 4, 'activation': 'prelu', 'attn_drop': 0.30000000000000004, 'feat_drop': 0.30000000000000004, 'norm': 'batchnorm', 'pooler': 'mean', 'beta_schedule': 'sigmoid', 'beta_1': 0.0007376481568297754, 'beta_T': 0.006090178673822388, 'T': 338}, 'SOLVER': {'optim_type': 'adam', 'optim_type_f': 'adamw', 'alpha': 1, 'decay': 20, 'LR': 5.0787636299776344e-05, 'LR_f': 0.00011356372995078924, 'weight_decay': 0, 'weight_decay_f': 6.220254777148094e-05, 'MAX_EPOCH': 150, 'max_epoch_f': 100}, 'DEVICE': 'cuda', 'seeds': [0], 'eval_T': [50, 100, 200], 'output_dir': '/ddm-nni/AmazonCoBuyPhotoDataset/log', 'checkpoint_dir': '/ddm-nni/AmazonCoBuyPhotoDataset/log/checkpoint'}
[2023-03-21 18:30:52] PRINT [03/21 18:30:52 graph]: Rank of current process: 0. World size: 1
[2023-03-21 18:30:56] PRINT [03/21 18:30:56 graph]: Environment info:
[2023-03-21 18:30:56] PRINT PyTorch version: 1.10.0+cu113
[2023-03-21 18:30:56] PRINT Is debug build: False
[2023-03-21 18:30:56] PRINT CUDA used to build PyTorch: 11.3
[2023-03-21 18:30:56] PRINT ROCM used to build PyTorch: N/A
[2023-03-21 18:30:56] PRINT 
[2023-03-21 18:30:56] PRINT OS: Ubuntu 20.04.3 LTS (x86_64)
[2023-03-21 18:30:56] PRINT GCC version: (Ubuntu 9.3.0-17ubuntu1~20.04) 9.3.0
[2023-03-21 18:30:56] PRINT Clang version: Could not collect
[2023-03-21 18:30:56] PRINT CMake version: version 3.16.3
[2023-03-21 18:30:56] PRINT Libc version: glibc-2.31
[2023-03-21 18:30:56] PRINT 
[2023-03-21 18:30:56] PRINT Python version: 3.8.10 (default, Jun  4 2021, 15:09:15)  [GCC 7.5.0] (64-bit runtime)
[2023-03-21 18:30:56] PRINT Python platform: Linux-5.4.0-90-generic-x86_64-with-glibc2.17
[2023-03-21 18:30:56] PRINT Is CUDA available: True
[2023-03-21 18:30:56] PRINT CUDA runtime version: 11.3.109
[2023-03-21 18:30:56] PRINT GPU models and configuration: GPU 0: NVIDIA GeForce RTX 3090
[2023-03-21 18:30:56] PRINT Nvidia driver version: 495.44
[2023-03-21 18:30:56] PRINT cuDNN version: Probably one of the following:
[2023-03-21 18:30:56] PRINT /usr/lib/x86_64-linux-gnu/libcudnn.so.8.2.0
[2023-03-21 18:30:56] PRINT /usr/lib/x86_64-linux-gnu/libcudnn_adv_infer.so.8.2.0
[2023-03-21 18:30:56] PRINT /usr/lib/x86_64-linux-gnu/libcudnn_adv_train.so.8.2.0
[2023-03-21 18:30:56] PRINT /usr/lib/x86_64-linux-gnu/libcudnn_cnn_infer.so.8.2.0
[2023-03-21 18:30:56] PRINT /usr/lib/x86_64-linux-gnu/libcudnn_cnn_train.so.8.2.0
[2023-03-21 18:30:56] PRINT /usr/lib/x86_64-linux-gnu/libcudnn_ops_infer.so.8.2.0
[2023-03-21 18:30:56] PRINT /usr/lib/x86_64-linux-gnu/libcudnn_ops_train.so.8.2.0
[2023-03-21 18:30:56] PRINT HIP runtime version: N/A
[2023-03-21 18:30:56] PRINT MIOpen runtime version: N/A
[2023-03-21 18:30:56] PRINT 
[2023-03-21 18:30:56] PRINT Versions of relevant libraries:
[2023-03-21 18:30:56] PRINT [pip3] numpy==1.23.5
[2023-03-21 18:30:56] PRINT [pip3] torch==1.10.0+cu113
[2023-03-21 18:30:56] PRINT [pip3] torchvision==0.11.1+cu113
[2023-03-21 18:30:56] PRINT [conda] blas                      1.0                         mkl    https://mirrors.ustc.edu.cn/anaconda/pkgs/main
[2023-03-21 18:30:56] PRINT [conda] mkl                       2021.4.0           h06a4308_640    https://mirrors.ustc.edu.cn/anaconda/pkgs/main
[2023-03-21 18:30:56] PRINT [conda] mkl-service               2.4.0            py38h7f8727e_0    https://mirrors.ustc.edu.cn/anaconda/pkgs/main
[2023-03-21 18:30:56] PRINT [conda] mkl_fft                   1.3.1            py38hd3c417c_0    https://mirrors.ustc.edu.cn/anaconda/pkgs/main
[2023-03-21 18:30:56] PRINT [conda] mkl_random                1.2.2            py38h51133e4_0    https://mirrors.ustc.edu.cn/anaconda/pkgs/main
[2023-03-21 18:30:56] PRINT [conda] numpy                     1.21.4                   pypi_0    pypi
[2023-03-21 18:30:56] PRINT [conda] numpy-base                1.23.5           py38h31eccc5_0    https://mirrors.ustc.edu.cn/anaconda/pkgs/main
[2023-03-21 18:30:56] PRINT [conda] torch                     1.10.0+cu113             pypi_0    pypi
[2023-03-21 18:30:56] PRINT [conda] torchvision               0.11.1+cu113             pypi_0    pypi
[2023-03-21 18:30:56] PRINT         Pillow (8.4.0)
[2023-03-21 18:30:56] PRINT [03/21 18:30:56 graph]: Command line arguments: Namespace(local_rank=0, resume=False, seed=1234, start_epoch=0)
[2023-03-21 18:30:56] PRINT [03/21 18:30:56 graph]: Run 0th for seed 0
[2023-03-21 18:30:56] PRINT [03/21 18:30:56 graph]: Total trainable params num : 3515311
[2023-03-21 18:31:01] PRINT [03/21 18:31:01 graph]: ----------Start Training----------
[2023-03-21 18:31:01] PRINT [03/21 18:31:01 graph]: start epoch 0.
[2023-03-21 18:31:01] PRINT [03/21 18:31:01 graph]: # Epoch 0: train_loss: 1.0010 | lr: 0.000051
[2023-03-21 18:31:01] PRINT [03/21 18:31:01 graph]: start epoch 1.
[2023-03-21 18:31:01] PRINT [03/21 18:31:01 graph]: # Epoch 1: train_loss: 0.9497 | lr: 0.000051
[2023-03-21 18:31:01] PRINT [03/21 18:31:01 graph]: start epoch 2.
[2023-03-21 18:31:01] PRINT [03/21 18:31:01 graph]: # Epoch 2: train_loss: 0.9049 | lr: 0.000051
[2023-03-21 18:31:01] PRINT [03/21 18:31:01 graph]: start epoch 3.
[2023-03-21 18:31:01] PRINT [03/21 18:31:01 graph]: # Epoch 3: train_loss: 0.8665 | lr: 0.000051
[2023-03-21 18:31:01] PRINT [03/21 18:31:01 graph]: start epoch 4.
[2023-03-21 18:31:01] PRINT [03/21 18:31:01 graph]: # Epoch 4: train_loss: 0.8330 | lr: 0.000051
[2023-03-21 18:31:01] PRINT [03/21 18:31:01 graph]: start epoch 5.
[2023-03-21 18:31:01] PRINT [03/21 18:31:01 graph]: # Epoch 5: train_loss: 0.8048 | lr: 0.000051
[2023-03-21 18:31:01] PRINT [03/21 18:31:01 graph]: start epoch 6.
[2023-03-21 18:31:01] PRINT [03/21 18:31:01 graph]: # Epoch 6: train_loss: 0.7811 | lr: 0.000051
[2023-03-21 18:31:01] PRINT [03/21 18:31:01 graph]: start epoch 7.
[2023-03-21 18:31:01] PRINT [03/21 18:31:01 graph]: # Epoch 7: train_loss: 0.7583 | lr: 0.000051
[2023-03-21 18:31:01] PRINT [03/21 18:31:01 graph]: start epoch 8.
[2023-03-21 18:31:01] PRINT [03/21 18:31:01 graph]: # Epoch 8: train_loss: 0.7395 | lr: 0.000051
[2023-03-21 18:31:01] PRINT [03/21 18:31:01 graph]: start epoch 9.
[2023-03-21 18:31:02] PRINT [03/21 18:31:02 graph]: # Epoch 9: train_loss: 0.7220 | lr: 0.000051
[2023-03-21 18:31:02] PRINT [03/21 18:31:02 graph]: start epoch 10.
[2023-03-21 18:31:02] PRINT [03/21 18:31:02 graph]: # Epoch 10: train_loss: 0.7055 | lr: 0.000051
[2023-03-21 18:31:02] PRINT [03/21 18:31:02 graph]: start epoch 11.
[2023-03-21 18:31:02] PRINT [03/21 18:31:02 graph]: # Epoch 11: train_loss: 0.6902 | lr: 0.000051
[2023-03-21 18:31:02] PRINT [03/21 18:31:02 graph]: start epoch 12.
[2023-03-21 18:31:02] PRINT [03/21 18:31:02 graph]: # Epoch 12: train_loss: 0.6777 | lr: 0.000051
[2023-03-21 18:31:02] PRINT [03/21 18:31:02 graph]: start epoch 13.
[2023-03-21 18:31:02] PRINT [03/21 18:31:02 graph]: # Epoch 13: train_loss: 0.6642 | lr: 0.000051
[2023-03-21 18:31:02] PRINT [03/21 18:31:02 graph]: start epoch 14.
[2023-03-21 18:31:02] PRINT [03/21 18:31:02 graph]: # Epoch 14: train_loss: 0.6524 | lr: 0.000051
[2023-03-21 18:31:02] PRINT [03/21 18:31:02 graph]: start epoch 15.
[2023-03-21 18:31:02] PRINT [03/21 18:31:02 graph]: # Epoch 15: train_loss: 0.6409 | lr: 0.000051
[2023-03-21 18:31:02] PRINT [03/21 18:31:02 graph]: start epoch 16.
[2023-03-21 18:31:02] PRINT [03/21 18:31:02 graph]: # Epoch 16: train_loss: 0.6305 | lr: 0.000051
[2023-03-21 18:31:02] PRINT [03/21 18:31:02 graph]: start epoch 17.
[2023-03-21 18:31:02] PRINT [03/21 18:31:02 graph]: # Epoch 17: train_loss: 0.6210 | lr: 0.000051
[2023-03-21 18:31:02] PRINT [03/21 18:31:02 graph]: start epoch 18.
[2023-03-21 18:31:02] PRINT [03/21 18:31:02 graph]: # Epoch 18: train_loss: 0.6116 | lr: 0.000051
[2023-03-21 18:31:02] PRINT [03/21 18:31:02 graph]: start epoch 19.
[2023-03-21 18:31:02] PRINT [03/21 18:31:02 graph]: # Epoch 19: train_loss: 0.6033 | lr: 0.000051
[2023-03-21 18:31:02] PRINT [03/21 18:31:02 graph]: start epoch 20.
[2023-03-21 18:31:02] PRINT [03/21 18:31:02 graph]: # Epoch 20: train_loss: 0.5952 | lr: 0.000051
[2023-03-21 18:31:02] PRINT [03/21 18:31:02 graph]: start epoch 21.
[2023-03-21 18:31:02] PRINT [03/21 18:31:02 graph]: # Epoch 21: train_loss: 0.5882 | lr: 0.000051
[2023-03-21 18:31:02] PRINT [03/21 18:31:02 graph]: start epoch 22.
[2023-03-21 18:31:02] PRINT [03/21 18:31:02 graph]: # Epoch 22: train_loss: 0.5815 | lr: 0.000051
[2023-03-21 18:31:02] PRINT [03/21 18:31:02 graph]: start epoch 23.
[2023-03-21 18:31:02] PRINT [03/21 18:31:02 graph]: # Epoch 23: train_loss: 0.5756 | lr: 0.000051
[2023-03-21 18:31:02] PRINT [03/21 18:31:02 graph]: start epoch 24.
[2023-03-21 18:31:02] PRINT [03/21 18:31:02 graph]: # Epoch 24: train_loss: 0.5694 | lr: 0.000051
[2023-03-21 18:31:02] PRINT [03/21 18:31:02 graph]: start epoch 25.
[2023-03-21 18:31:02] PRINT [03/21 18:31:02 graph]: # Epoch 25: train_loss: 0.5646 | lr: 0.000051
[2023-03-21 18:31:02] PRINT [03/21 18:31:02 graph]: start epoch 26.
[2023-03-21 18:31:02] PRINT [03/21 18:31:02 graph]: # Epoch 26: train_loss: 0.5599 | lr: 0.000051
[2023-03-21 18:31:02] PRINT [03/21 18:31:02 graph]: start epoch 27.
[2023-03-21 18:31:02] PRINT [03/21 18:31:02 graph]: # Epoch 27: train_loss: 0.5550 | lr: 0.000051
[2023-03-21 18:31:02] PRINT [03/21 18:31:02 graph]: start epoch 28.
[2023-03-21 18:31:02] PRINT [03/21 18:31:02 graph]: # Epoch 28: train_loss: 0.5510 | lr: 0.000051
[2023-03-21 18:31:02] PRINT [03/21 18:31:02 graph]: start epoch 29.
[2023-03-21 18:31:02] PRINT [03/21 18:31:02 graph]: # Epoch 29: train_loss: 0.5471 | lr: 0.000051
[2023-03-21 18:31:02] PRINT [03/21 18:31:02 graph]: start epoch 30.
[2023-03-21 18:31:02] PRINT [03/21 18:31:02 graph]: # Epoch 30: train_loss: 0.5435 | lr: 0.000051
[2023-03-21 18:31:02] PRINT [03/21 18:31:02 graph]: start epoch 31.
[2023-03-21 18:31:02] PRINT [03/21 18:31:02 graph]: # Epoch 31: train_loss: 0.5398 | lr: 0.000051
[2023-03-21 18:31:02] PRINT [03/21 18:31:02 graph]: start epoch 32.
[2023-03-21 18:31:02] PRINT [03/21 18:31:02 graph]: # Epoch 32: train_loss: 0.5369 | lr: 0.000051
[2023-03-21 18:31:02] PRINT [03/21 18:31:02 graph]: start epoch 33.
[2023-03-21 18:31:02] PRINT [03/21 18:31:02 graph]: # Epoch 33: train_loss: 0.5334 | lr: 0.000051
[2023-03-21 18:31:02] PRINT [03/21 18:31:02 graph]: start epoch 34.
[2023-03-21 18:31:02] PRINT [03/21 18:31:02 graph]: # Epoch 34: train_loss: 0.5308 | lr: 0.000051
[2023-03-21 18:31:02] PRINT [03/21 18:31:02 graph]: start epoch 35.
[2023-03-21 18:31:02] PRINT [03/21 18:31:02 graph]: # Epoch 35: train_loss: 0.5272 | lr: 0.000051
[2023-03-21 18:31:02] PRINT [03/21 18:31:02 graph]: start epoch 36.
[2023-03-21 18:31:02] PRINT [03/21 18:31:02 graph]: # Epoch 36: train_loss: 0.5243 | lr: 0.000051
[2023-03-21 18:31:02] PRINT [03/21 18:31:02 graph]: start epoch 37.
[2023-03-21 18:31:02] PRINT [03/21 18:31:02 graph]: # Epoch 37: train_loss: 0.5223 | lr: 0.000051
[2023-03-21 18:31:02] PRINT [03/21 18:31:02 graph]: start epoch 38.
[2023-03-21 18:31:03] PRINT [03/21 18:31:03 graph]: # Epoch 38: train_loss: 0.5193 | lr: 0.000051
[2023-03-21 18:31:03] PRINT [03/21 18:31:03 graph]: start epoch 39.
[2023-03-21 18:31:03] PRINT [03/21 18:31:03 graph]: # Epoch 39: train_loss: 0.5165 | lr: 0.000051
[2023-03-21 18:31:03] PRINT [03/21 18:31:03 graph]: start epoch 40.
[2023-03-21 18:31:03] PRINT [03/21 18:31:03 graph]: # Epoch 40: train_loss: 0.5147 | lr: 0.000051
[2023-03-21 18:31:03] PRINT [03/21 18:31:03 graph]: start epoch 41.
[2023-03-21 18:31:03] PRINT [03/21 18:31:03 graph]: # Epoch 41: train_loss: 0.5125 | lr: 0.000051
[2023-03-21 18:31:03] PRINT [03/21 18:31:03 graph]: start epoch 42.
[2023-03-21 18:31:03] PRINT [03/21 18:31:03 graph]: # Epoch 42: train_loss: 0.5099 | lr: 0.000051
[2023-03-21 18:31:03] PRINT [03/21 18:31:03 graph]: start epoch 43.
[2023-03-21 18:31:03] PRINT [03/21 18:31:03 graph]: # Epoch 43: train_loss: 0.5080 | lr: 0.000051
[2023-03-21 18:31:03] PRINT [03/21 18:31:03 graph]: start epoch 44.
[2023-03-21 18:31:03] PRINT [03/21 18:31:03 graph]: # Epoch 44: train_loss: 0.5052 | lr: 0.000051
[2023-03-21 18:31:03] PRINT [03/21 18:31:03 graph]: start epoch 45.
[2023-03-21 18:31:03] PRINT [03/21 18:31:03 graph]: # Epoch 45: train_loss: 0.5027 | lr: 0.000051
[2023-03-21 18:31:03] PRINT [03/21 18:31:03 graph]: start epoch 46.
[2023-03-21 18:31:03] PRINT [03/21 18:31:03 graph]: # Epoch 46: train_loss: 0.5012 | lr: 0.000051
[2023-03-21 18:31:03] PRINT [03/21 18:31:03 graph]: start epoch 47.
[2023-03-21 18:31:03] PRINT [03/21 18:31:03 graph]: # Epoch 47: train_loss: 0.4993 | lr: 0.000051
[2023-03-21 18:31:03] PRINT [03/21 18:31:03 graph]: start epoch 48.
[2023-03-21 18:31:03] PRINT [03/21 18:31:03 graph]: # Epoch 48: train_loss: 0.4971 | lr: 0.000051
[2023-03-21 18:31:03] PRINT [03/21 18:31:03 graph]: start epoch 49.
[2023-03-21 18:31:03] PRINT [03/21 18:31:03 graph]: # Epoch 49: train_loss: 0.4953 | lr: 0.000051
[2023-03-21 18:31:03] PRINT [03/21 18:31:03 graph]: start epoch 50.
[2023-03-21 18:31:03] PRINT [03/21 18:31:03 graph]: # Epoch 50: train_loss: 0.4933 | lr: 0.000051
[2023-03-21 18:31:03] PRINT [03/21 18:31:03 graph]: start epoch 51.
[2023-03-21 18:31:03] PRINT [03/21 18:31:03 graph]: # Epoch 51: train_loss: 0.4910 | lr: 0.000051
[2023-03-21 18:31:03] PRINT [03/21 18:31:03 graph]: start epoch 52.
[2023-03-21 18:31:03] PRINT [03/21 18:31:03 graph]: # Epoch 52: train_loss: 0.4898 | lr: 0.000051
[2023-03-21 18:31:03] PRINT [03/21 18:31:03 graph]: start epoch 53.
[2023-03-21 18:31:03] PRINT [03/21 18:31:03 graph]: # Epoch 53: train_loss: 0.4886 | lr: 0.000051
[2023-03-21 18:31:03] PRINT [03/21 18:31:03 graph]: start epoch 54.
[2023-03-21 18:31:03] PRINT [03/21 18:31:03 graph]: # Epoch 54: train_loss: 0.4868 | lr: 0.000051
[2023-03-21 18:31:03] PRINT [03/21 18:31:03 graph]: start epoch 55.
[2023-03-21 18:31:03] PRINT [03/21 18:31:03 graph]: # Epoch 55: train_loss: 0.4849 | lr: 0.000051
[2023-03-21 18:31:03] PRINT [03/21 18:31:03 graph]: start epoch 56.
[2023-03-21 18:31:03] PRINT [03/21 18:31:03 graph]: # Epoch 56: train_loss: 0.4840 | lr: 0.000051
[2023-03-21 18:31:03] PRINT [03/21 18:31:03 graph]: start epoch 57.
[2023-03-21 18:31:03] PRINT [03/21 18:31:03 graph]: # Epoch 57: train_loss: 0.4822 | lr: 0.000051
[2023-03-21 18:31:03] PRINT [03/21 18:31:03 graph]: start epoch 58.
[2023-03-21 18:31:03] PRINT [03/21 18:31:03 graph]: # Epoch 58: train_loss: 0.4804 | lr: 0.000051
[2023-03-21 18:31:03] PRINT [03/21 18:31:03 graph]: start epoch 59.
[2023-03-21 18:31:03] PRINT [03/21 18:31:03 graph]: # Epoch 59: train_loss: 0.4794 | lr: 0.000051
[2023-03-21 18:31:03] PRINT [03/21 18:31:03 graph]: start epoch 60.
[2023-03-21 18:31:03] PRINT [03/21 18:31:03 graph]: # Epoch 60: train_loss: 0.4781 | lr: 0.000051
[2023-03-21 18:31:03] PRINT [03/21 18:31:03 graph]: start epoch 61.
[2023-03-21 18:31:03] PRINT [03/21 18:31:03 graph]: # Epoch 61: train_loss: 0.4763 | lr: 0.000051
[2023-03-21 18:31:03] PRINT [03/21 18:31:03 graph]: start epoch 62.
[2023-03-21 18:31:03] PRINT [03/21 18:31:03 graph]: # Epoch 62: train_loss: 0.4749 | lr: 0.000051
[2023-03-21 18:31:03] PRINT [03/21 18:31:03 graph]: start epoch 63.
[2023-03-21 18:31:03] PRINT [03/21 18:31:03 graph]: # Epoch 63: train_loss: 0.4741 | lr: 0.000051
[2023-03-21 18:31:03] PRINT [03/21 18:31:03 graph]: start epoch 64.
[2023-03-21 18:31:03] PRINT [03/21 18:31:03 graph]: # Epoch 64: train_loss: 0.4726 | lr: 0.000051
[2023-03-21 18:31:03] PRINT [03/21 18:31:03 graph]: start epoch 65.
[2023-03-21 18:31:03] PRINT [03/21 18:31:03 graph]: # Epoch 65: train_loss: 0.4714 | lr: 0.000051
[2023-03-21 18:31:03] PRINT [03/21 18:31:03 graph]: start epoch 66.
[2023-03-21 18:31:03] PRINT [03/21 18:31:03 graph]: # Epoch 66: train_loss: 0.4706 | lr: 0.000051
[2023-03-21 18:31:03] PRINT [03/21 18:31:03 graph]: start epoch 67.
[2023-03-21 18:31:03] PRINT [03/21 18:31:03 graph]: # Epoch 67: train_loss: 0.4692 | lr: 0.000051
[2023-03-21 18:31:03] PRINT [03/21 18:31:03 graph]: start epoch 68.
[2023-03-21 18:31:03] PRINT [03/21 18:31:03 graph]: # Epoch 68: train_loss: 0.4684 | lr: 0.000051
[2023-03-21 18:31:03] PRINT [03/21 18:31:03 graph]: start epoch 69.
[2023-03-21 18:31:04] PRINT [03/21 18:31:04 graph]: # Epoch 69: train_loss: 0.4669 | lr: 0.000051
[2023-03-21 18:31:04] PRINT [03/21 18:31:04 graph]: start epoch 70.
[2023-03-21 18:31:04] PRINT [03/21 18:31:04 graph]: # Epoch 70: train_loss: 0.4663 | lr: 0.000051
[2023-03-21 18:31:04] PRINT [03/21 18:31:04 graph]: start epoch 71.
[2023-03-21 18:31:04] PRINT [03/21 18:31:04 graph]: # Epoch 71: train_loss: 0.4653 | lr: 0.000051
[2023-03-21 18:31:04] PRINT [03/21 18:31:04 graph]: start epoch 72.
[2023-03-21 18:31:04] PRINT [03/21 18:31:04 graph]: # Epoch 72: train_loss: 0.4648 | lr: 0.000051
[2023-03-21 18:31:04] PRINT [03/21 18:31:04 graph]: start epoch 73.
[2023-03-21 18:31:04] PRINT [03/21 18:31:04 graph]: # Epoch 73: train_loss: 0.4632 | lr: 0.000051
[2023-03-21 18:31:04] PRINT [03/21 18:31:04 graph]: start epoch 74.
[2023-03-21 18:31:04] PRINT [03/21 18:31:04 graph]: # Epoch 74: train_loss: 0.4625 | lr: 0.000051
[2023-03-21 18:31:04] PRINT [03/21 18:31:04 graph]: start epoch 75.
[2023-03-21 18:31:04] PRINT [03/21 18:31:04 graph]: # Epoch 75: train_loss: 0.4617 | lr: 0.000051
[2023-03-21 18:31:04] PRINT [03/21 18:31:04 graph]: start epoch 76.
[2023-03-21 18:31:04] PRINT [03/21 18:31:04 graph]: # Epoch 76: train_loss: 0.4609 | lr: 0.000051
[2023-03-21 18:31:04] PRINT [03/21 18:31:04 graph]: start epoch 77.
[2023-03-21 18:31:04] PRINT [03/21 18:31:04 graph]: # Epoch 77: train_loss: 0.4597 | lr: 0.000051
[2023-03-21 18:31:04] PRINT [03/21 18:31:04 graph]: start epoch 78.
[2023-03-21 18:31:04] PRINT [03/21 18:31:04 graph]: # Epoch 78: train_loss: 0.4595 | lr: 0.000051
[2023-03-21 18:31:04] PRINT [03/21 18:31:04 graph]: start epoch 79.
[2023-03-21 18:31:04] PRINT [03/21 18:31:04 graph]: # Epoch 79: train_loss: 0.4580 | lr: 0.000051
[2023-03-21 18:31:04] PRINT [03/21 18:31:04 graph]: start epoch 80.
[2023-03-21 18:31:04] PRINT [03/21 18:31:04 graph]: # Epoch 80: train_loss: 0.4575 | lr: 0.000051
[2023-03-21 18:31:04] PRINT [03/21 18:31:04 graph]: start epoch 81.
[2023-03-21 18:31:04] PRINT [03/21 18:31:04 graph]: # Epoch 81: train_loss: 0.4573 | lr: 0.000051
[2023-03-21 18:31:04] PRINT [03/21 18:31:04 graph]: start epoch 82.
[2023-03-21 18:31:04] PRINT [03/21 18:31:04 graph]: # Epoch 82: train_loss: 0.4555 | lr: 0.000051
[2023-03-21 18:31:04] PRINT [03/21 18:31:04 graph]: start epoch 83.
[2023-03-21 18:31:04] PRINT [03/21 18:31:04 graph]: # Epoch 83: train_loss: 0.4551 | lr: 0.000051
[2023-03-21 18:31:04] PRINT [03/21 18:31:04 graph]: start epoch 84.
[2023-03-21 18:31:04] PRINT [03/21 18:31:04 graph]: # Epoch 84: train_loss: 0.4543 | lr: 0.000051
[2023-03-21 18:31:04] PRINT [03/21 18:31:04 graph]: start epoch 85.
[2023-03-21 18:31:04] PRINT [03/21 18:31:04 graph]: # Epoch 85: train_loss: 0.4534 | lr: 0.000051
[2023-03-21 18:31:04] PRINT [03/21 18:31:04 graph]: start epoch 86.
[2023-03-21 18:31:04] PRINT [03/21 18:31:04 graph]: # Epoch 86: train_loss: 0.4527 | lr: 0.000051
[2023-03-21 18:31:04] PRINT [03/21 18:31:04 graph]: start epoch 87.
[2023-03-21 18:31:04] PRINT [03/21 18:31:04 graph]: # Epoch 87: train_loss: 0.4521 | lr: 0.000051
[2023-03-21 18:31:04] PRINT [03/21 18:31:04 graph]: start epoch 88.
[2023-03-21 18:31:04] PRINT [03/21 18:31:04 graph]: # Epoch 88: train_loss: 0.4511 | lr: 0.000051
[2023-03-21 18:31:04] PRINT [03/21 18:31:04 graph]: start epoch 89.
[2023-03-21 18:31:04] PRINT [03/21 18:31:04 graph]: # Epoch 89: train_loss: 0.4503 | lr: 0.000051
[2023-03-21 18:31:04] PRINT [03/21 18:31:04 graph]: start epoch 90.
[2023-03-21 18:31:04] PRINT [03/21 18:31:04 graph]: # Epoch 90: train_loss: 0.4497 | lr: 0.000051
[2023-03-21 18:31:04] PRINT [03/21 18:31:04 graph]: start epoch 91.
[2023-03-21 18:31:04] PRINT [03/21 18:31:04 graph]: # Epoch 91: train_loss: 0.4493 | lr: 0.000051
[2023-03-21 18:31:04] PRINT [03/21 18:31:04 graph]: start epoch 92.
[2023-03-21 18:31:04] PRINT [03/21 18:31:04 graph]: # Epoch 92: train_loss: 0.4484 | lr: 0.000051
[2023-03-21 18:31:04] PRINT [03/21 18:31:04 graph]: start epoch 93.
[2023-03-21 18:31:04] PRINT [03/21 18:31:04 graph]: # Epoch 93: train_loss: 0.4481 | lr: 0.000051
[2023-03-21 18:31:04] PRINT [03/21 18:31:04 graph]: start epoch 94.
[2023-03-21 18:31:04] PRINT [03/21 18:31:04 graph]: # Epoch 94: train_loss: 0.4472 | lr: 0.000051
[2023-03-21 18:31:04] PRINT [03/21 18:31:04 graph]: start epoch 95.
[2023-03-21 18:31:04] PRINT [03/21 18:31:04 graph]: # Epoch 95: train_loss: 0.4463 | lr: 0.000051
[2023-03-21 18:31:04] PRINT [03/21 18:31:04 graph]: start epoch 96.
[2023-03-21 18:31:04] PRINT [03/21 18:31:04 graph]: # Epoch 96: train_loss: 0.4462 | lr: 0.000051
[2023-03-21 18:31:04] PRINT [03/21 18:31:04 graph]: start epoch 97.
[2023-03-21 18:31:04] PRINT [03/21 18:31:04 graph]: # Epoch 97: train_loss: 0.4455 | lr: 0.000051
[2023-03-21 18:31:04] PRINT [03/21 18:31:04 graph]: start epoch 98.
[2023-03-21 18:31:04] PRINT [03/21 18:31:04 graph]: # Epoch 98: train_loss: 0.4451 | lr: 0.000051
[2023-03-21 18:31:04] PRINT [03/21 18:31:04 graph]: start epoch 99.
[2023-03-21 18:31:05] PRINT [03/21 18:31:05 graph]: # Epoch 99: train_loss: 0.4445 | lr: 0.000051
[2023-03-21 18:31:05] PRINT [03/21 18:31:05 graph]: start epoch 100.
[2023-03-21 18:31:05] PRINT [03/21 18:31:05 graph]: # Epoch 100: train_loss: 0.4436 | lr: 0.000051
[2023-03-21 18:31:05] PRINT [03/21 18:31:05 graph]: start epoch 101.
[2023-03-21 18:31:05] PRINT [03/21 18:31:05 graph]: # Epoch 101: train_loss: 0.4435 | lr: 0.000051
[2023-03-21 18:31:06] PRINT [03/21 18:31:06 graph]: --- Testf1: 0.86258, Best Valacc: 0.82092 in epoch 99 --- 
[2023-03-21 18:31:07] PRINT [03/21 18:31:07 graph]: Epoch 101: get test acc score:  0.863
[2023-03-21 18:31:07] PRINT [03/21 18:31:07 graph]: best_f1 0.863 at epoch 101
[2023-03-21 18:31:07] PRINT [03/21 18:31:07 graph]: start epoch 102.
[2023-03-21 18:31:07] PRINT [03/21 18:31:07 graph]: # Epoch 102: train_loss: 0.4429 | lr: 0.000051
[2023-03-21 18:31:08] PRINT [03/21 18:31:08 graph]: --- Testf1: 0.86585, Best Valacc: 0.84575 in epoch 99 --- 
[2023-03-21 18:31:09] PRINT [03/21 18:31:09 graph]: Epoch 102: get test acc score:  0.866
[2023-03-21 18:31:09] PRINT [03/21 18:31:09 graph]: best_f1 0.866 at epoch 102
[2023-03-21 18:31:09] PRINT [03/21 18:31:09 graph]: start epoch 103.
[2023-03-21 18:31:09] PRINT [03/21 18:31:09 graph]: # Epoch 103: train_loss: 0.4425 | lr: 0.000051
[2023-03-21 18:31:10] PRINT [03/21 18:31:10 graph]: --- Testf1: 0.83856, Best Valacc: 0.81046 in epoch 99 --- 
[2023-03-21 18:31:11] PRINT [03/21 18:31:11 graph]: Epoch 103: get test acc score:  0.839
[2023-03-21 18:31:11] PRINT [03/21 18:31:11 graph]: best_f1 0.866 at epoch 102
[2023-03-21 18:31:11] PRINT [03/21 18:31:11 graph]: start epoch 104.
[2023-03-21 18:31:11] PRINT [03/21 18:31:11 graph]: # Epoch 104: train_loss: 0.4421 | lr: 0.000051
[2023-03-21 18:31:12] PRINT [03/21 18:31:12 graph]: --- Testf1: 0.85114, Best Valacc: 0.84967 in epoch 99 --- 
[2023-03-21 18:31:13] PRINT [03/21 18:31:13 graph]: Epoch 104: get test acc score:  0.851
[2023-03-21 18:31:13] PRINT [03/21 18:31:13 graph]: best_f1 0.866 at epoch 102
[2023-03-21 18:31:13] PRINT [03/21 18:31:13 graph]: start epoch 105.
[2023-03-21 18:31:13] PRINT [03/21 18:31:13 graph]: # Epoch 105: train_loss: 0.4413 | lr: 0.000051
[2023-03-21 18:31:14] PRINT [03/21 18:31:14 graph]: --- Testf1: 0.85327, Best Valacc: 0.84052 in epoch 99 --- 
[2023-03-21 18:31:14] PRINT [03/21 18:31:14 graph]: Epoch 105: get test acc score:  0.853
[2023-03-21 18:31:14] PRINT [03/21 18:31:14 graph]: best_f1 0.866 at epoch 102
[2023-03-21 18:31:14] PRINT [03/21 18:31:14 graph]: start epoch 106.
[2023-03-21 18:31:14] PRINT [03/21 18:31:14 graph]: # Epoch 106: train_loss: 0.4407 | lr: 0.000051
[2023-03-21 18:31:16] PRINT [03/21 18:31:16 graph]: --- Testf1: 0.87042, Best Valacc: 0.83922 in epoch 99 --- 
[2023-03-21 18:31:16] PRINT [03/21 18:31:16 graph]: Epoch 106: get test acc score:  0.870
[2023-03-21 18:31:16] PRINT [03/21 18:31:16 graph]: best_f1 0.870 at epoch 106
[2023-03-21 18:31:16] PRINT [03/21 18:31:16 graph]: start epoch 107.
[2023-03-21 18:31:16] PRINT [03/21 18:31:16 graph]: # Epoch 107: train_loss: 0.4401 | lr: 0.000051
[2023-03-21 18:31:18] PRINT [03/21 18:31:18 graph]: --- Testf1: 0.85915, Best Valacc: 0.81046 in epoch 99 --- 
[2023-03-21 18:31:18] PRINT [03/21 18:31:18 graph]: Epoch 107: get test acc score:  0.859
[2023-03-21 18:31:18] PRINT [03/21 18:31:18 graph]: best_f1 0.870 at epoch 106
[2023-03-21 18:31:18] PRINT [03/21 18:31:18 graph]: start epoch 108.
[2023-03-21 18:31:18] PRINT [03/21 18:31:18 graph]: # Epoch 108: train_loss: 0.4395 | lr: 0.000051
[2023-03-21 18:31:20] PRINT [03/21 18:31:20 graph]: --- Testf1: 0.87353, Best Valacc: 0.82614 in epoch 99 --- 
[2023-03-21 18:31:20] PRINT [03/21 18:31:20 graph]: Epoch 108: get test acc score:  0.874
[2023-03-21 18:31:20] PRINT [03/21 18:31:20 graph]: best_f1 0.874 at epoch 108
[2023-03-21 18:31:20] PRINT [03/21 18:31:20 graph]: start epoch 109.
[2023-03-21 18:31:20] PRINT [03/21 18:31:20 graph]: # Epoch 109: train_loss: 0.4394 | lr: 0.000051
[2023-03-21 18:31:22] PRINT [03/21 18:31:22 graph]: --- Testf1: 0.86209, Best Valacc: 0.85098 in epoch 99 --- 
[2023-03-21 18:31:22] PRINT [03/21 18:31:22 graph]: Epoch 109: get test acc score:  0.862
[2023-03-21 18:31:22] PRINT [03/21 18:31:22 graph]: best_f1 0.874 at epoch 108
[2023-03-21 18:31:22] PRINT [03/21 18:31:22 graph]: start epoch 110.
[2023-03-21 18:31:22] PRINT [03/21 18:31:22 graph]: # Epoch 110: train_loss: 0.4382 | lr: 0.000051
[2023-03-21 18:31:24] PRINT [03/21 18:31:24 graph]: --- Testf1: 0.84935, Best Valacc: 0.84837 in epoch 99 --- 
[2023-03-21 18:31:24] PRINT [03/21 18:31:24 graph]: Epoch 110: get test acc score:  0.849
[2023-03-21 18:31:24] PRINT [03/21 18:31:24 graph]: best_f1 0.874 at epoch 108
[2023-03-21 18:31:24] PRINT [03/21 18:31:24 graph]: start epoch 111.
[2023-03-21 18:31:24] PRINT [03/21 18:31:24 graph]: # Epoch 111: train_loss: 0.4384 | lr: 0.000051
[2023-03-21 18:31:26] PRINT [03/21 18:31:26 graph]: --- Testf1: 0.85196, Best Valacc: 0.84444 in epoch 75 --- 
[2023-03-21 18:31:26] PRINT [03/21 18:31:26 graph]: Epoch 111: get test acc score:  0.852
[2023-03-21 18:31:26] PRINT [03/21 18:31:26 graph]: best_f1 0.874 at epoch 108
[2023-03-21 18:31:26] PRINT [03/21 18:31:26 graph]: start epoch 112.
[2023-03-21 18:31:26] PRINT [03/21 18:31:26 graph]: # Epoch 112: train_loss: 0.4379 | lr: 0.000051
[2023-03-21 18:31:28] PRINT [03/21 18:31:28 graph]: --- Testf1: 0.85866, Best Valacc: 0.82222 in epoch 72 --- 
[2023-03-21 18:31:28] PRINT [03/21 18:31:28 graph]: Epoch 112: get test acc score:  0.859
[2023-03-21 18:31:28] PRINT [03/21 18:31:28 graph]: best_f1 0.874 at epoch 108
[2023-03-21 18:31:28] PRINT [03/21 18:31:28 graph]: start epoch 113.
[2023-03-21 18:31:28] PRINT [03/21 18:31:28 graph]: # Epoch 113: train_loss: 0.4372 | lr: 0.000051
[2023-03-21 18:31:30] PRINT [03/21 18:31:30 graph]: --- Testf1: 0.85425, Best Valacc: 0.85098 in epoch 99 --- 
[2023-03-21 18:31:30] PRINT [03/21 18:31:30 graph]: Epoch 113: get test acc score:  0.854
[2023-03-21 18:31:30] PRINT [03/21 18:31:30 graph]: best_f1 0.874 at epoch 108
[2023-03-21 18:31:30] PRINT [03/21 18:31:30 graph]: start epoch 114.
[2023-03-21 18:31:30] PRINT [03/21 18:31:30 graph]: # Epoch 114: train_loss: 0.4369 | lr: 0.000051
[2023-03-21 18:31:32] PRINT [03/21 18:31:32 graph]: --- Testf1: 0.86078, Best Valacc: 0.82614 in epoch 99 --- 
[2023-03-21 18:31:32] PRINT [03/21 18:31:32 graph]: Epoch 114: get test acc score:  0.861
[2023-03-21 18:31:32] PRINT [03/21 18:31:32 graph]: best_f1 0.874 at epoch 108
[2023-03-21 18:31:32] PRINT [03/21 18:31:32 graph]: start epoch 115.
[2023-03-21 18:31:32] PRINT [03/21 18:31:32 graph]: # Epoch 115: train_loss: 0.4364 | lr: 0.000051
[2023-03-21 18:31:34] PRINT [03/21 18:31:34 graph]: --- Testf1: 0.86536, Best Valacc: 0.85621 in epoch 99 --- 
[2023-03-21 18:31:34] PRINT [03/21 18:31:34 graph]: Epoch 115: get test acc score:  0.865
[2023-03-21 18:31:34] PRINT [03/21 18:31:34 graph]: best_f1 0.874 at epoch 108
[2023-03-21 18:31:34] PRINT [03/21 18:31:34 graph]: start epoch 116.
[2023-03-21 18:31:34] PRINT [03/21 18:31:34 graph]: # Epoch 116: train_loss: 0.4361 | lr: 0.000051
[2023-03-21 18:31:36] PRINT [03/21 18:31:36 graph]: --- Testf1: 0.84542, Best Valacc: 0.82353 in epoch 99 --- 
[2023-03-21 18:31:36] PRINT [03/21 18:31:36 graph]: Epoch 116: get test acc score:  0.845
[2023-03-21 18:31:36] PRINT [03/21 18:31:36 graph]: best_f1 0.874 at epoch 108
[2023-03-21 18:31:36] PRINT [03/21 18:31:36 graph]: start epoch 117.
[2023-03-21 18:31:37] PRINT [03/21 18:31:37 graph]: # Epoch 117: train_loss: 0.4358 | lr: 0.000051
[2023-03-21 18:31:38] PRINT [03/21 18:31:38 graph]: --- Testf1: 0.86258, Best Valacc: 0.85621 in epoch 99 --- 
[2023-03-21 18:31:39] PRINT [03/21 18:31:39 graph]: Epoch 117: get test acc score:  0.863
[2023-03-21 18:31:39] PRINT [03/21 18:31:39 graph]: best_f1 0.874 at epoch 108
[2023-03-21 18:31:39] PRINT [03/21 18:31:39 graph]: start epoch 118.
[2023-03-21 18:31:39] PRINT [03/21 18:31:39 graph]: # Epoch 118: train_loss: 0.4349 | lr: 0.000051
[2023-03-21 18:31:40] PRINT [03/21 18:31:40 graph]: --- Testf1: 0.86029, Best Valacc: 0.83660 in epoch 99 --- 
[2023-03-21 18:31:41] PRINT [03/21 18:31:41 graph]: Epoch 118: get test acc score:  0.860
[2023-03-21 18:31:41] PRINT [03/21 18:31:41 graph]: best_f1 0.874 at epoch 108
[2023-03-21 18:31:41] PRINT [03/21 18:31:41 graph]: start epoch 119.
[2023-03-21 18:31:41] PRINT [03/21 18:31:41 graph]: # Epoch 119: train_loss: 0.4348 | lr: 0.000051
[2023-03-21 18:31:42] PRINT [03/21 18:31:42 graph]: --- Testf1: 0.87418, Best Valacc: 0.84444 in epoch 89 --- 
[2023-03-21 18:31:43] PRINT [03/21 18:31:43 graph]: Epoch 119: get test acc score:  0.874
[2023-03-21 18:31:43] PRINT [03/21 18:31:43 graph]: best_f1 0.874 at epoch 119
[2023-03-21 18:31:43] PRINT [03/21 18:31:43 graph]: start epoch 120.
[2023-03-21 18:31:43] PRINT [03/21 18:31:43 graph]: # Epoch 120: train_loss: 0.4342 | lr: 0.000051
[2023-03-21 18:31:44] PRINT [03/21 18:31:44 graph]: --- Testf1: 0.84869, Best Valacc: 0.84444 in epoch 99 --- 
[2023-03-21 18:31:45] PRINT [03/21 18:31:45 graph]: Epoch 120: get test acc score:  0.849
[2023-03-21 18:31:45] PRINT [03/21 18:31:45 graph]: best_f1 0.874 at epoch 119
[2023-03-21 18:31:45] PRINT [03/21 18:31:45 graph]: start epoch 121.
[2023-03-21 18:31:45] PRINT [03/21 18:31:45 graph]: # Epoch 121: train_loss: 0.4340 | lr: 0.000051
[2023-03-21 18:31:46] PRINT [03/21 18:31:46 graph]: --- Testf1: 0.85392, Best Valacc: 0.84183 in epoch 99 --- 
[2023-03-21 18:31:46] PRINT [03/21 18:31:46 graph]: Epoch 121: get test acc score:  0.854
[2023-03-21 18:31:46] PRINT [03/21 18:31:46 graph]: best_f1 0.874 at epoch 119
[2023-03-21 18:31:46] PRINT [03/21 18:31:46 graph]: start epoch 122.
[2023-03-21 18:31:47] PRINT [03/21 18:31:47 graph]: # Epoch 122: train_loss: 0.4336 | lr: 0.000051
[2023-03-21 18:31:48] PRINT [03/21 18:31:48 graph]: --- Testf1: 0.84461, Best Valacc: 0.83137 in epoch 99 --- 
[2023-03-21 18:31:48] PRINT [03/21 18:31:48 graph]: Epoch 122: get test acc score:  0.845
[2023-03-21 18:31:48] PRINT [03/21 18:31:48 graph]: best_f1 0.874 at epoch 119
[2023-03-21 18:31:48] PRINT [03/21 18:31:48 graph]: start epoch 123.
[2023-03-21 18:31:48] PRINT [03/21 18:31:48 graph]: # Epoch 123: train_loss: 0.4326 | lr: 0.000051
[2023-03-21 18:31:49] PRINT [03/21 18:31:49 graph]: --- Testf1: 0.86340, Best Valacc: 0.83399 in epoch 99 --- 
[2023-03-21 18:31:50] PRINT [03/21 18:31:50 graph]: Epoch 123: get test acc score:  0.863
[2023-03-21 18:31:50] PRINT [03/21 18:31:50 graph]: best_f1 0.874 at epoch 119
[2023-03-21 18:31:50] PRINT [03/21 18:31:50 graph]: start epoch 124.
[2023-03-21 18:31:50] PRINT [03/21 18:31:50 graph]: # Epoch 124: train_loss: 0.4327 | lr: 0.000051
[2023-03-21 18:31:51] PRINT [03/21 18:31:51 graph]: --- Testf1: 0.85899, Best Valacc: 0.85882 in epoch 99 --- 
[2023-03-21 18:31:51] PRINT [03/21 18:31:51 graph]: Epoch 124: get test acc score:  0.859
[2023-03-21 18:31:51] PRINT [03/21 18:31:51 graph]: best_f1 0.874 at epoch 119
[2023-03-21 18:31:51] PRINT [03/21 18:31:51 graph]: start epoch 125.
[2023-03-21 18:31:51] PRINT [03/21 18:31:51 graph]: # Epoch 125: train_loss: 0.4328 | lr: 0.000051
[2023-03-21 18:31:53] PRINT [03/21 18:31:53 graph]: --- Testf1: 0.87173, Best Valacc: 0.84183 in epoch 92 --- 
[2023-03-21 18:31:53] PRINT [03/21 18:31:53 graph]: Epoch 125: get test acc score:  0.872
[2023-03-21 18:31:53] PRINT [03/21 18:31:53 graph]: best_f1 0.874 at epoch 119
[2023-03-21 18:31:53] PRINT [03/21 18:31:53 graph]: start epoch 126.
[2023-03-21 18:31:53] PRINT [03/21 18:31:53 graph]: # Epoch 126: train_loss: 0.4319 | lr: 0.000051
[2023-03-21 18:31:54] PRINT [03/21 18:31:54 graph]: --- Testf1: 0.87173, Best Valacc: 0.84706 in epoch 99 --- 
[2023-03-21 18:31:54] PRINT [03/21 18:31:54 graph]: Epoch 126: get test acc score:  0.872
[2023-03-21 18:31:54] PRINT [03/21 18:31:54 graph]: best_f1 0.874 at epoch 119
[2023-03-21 18:31:54] PRINT [03/21 18:31:54 graph]: start epoch 127.
[2023-03-21 18:31:54] PRINT [03/21 18:31:54 graph]: # Epoch 127: train_loss: 0.4317 | lr: 0.000051
[2023-03-21 18:31:56] PRINT [03/21 18:31:56 graph]: --- Testf1: 0.85310, Best Valacc: 0.85229 in epoch 99 --- 
[2023-03-21 18:31:56] PRINT [03/21 18:31:56 graph]: Epoch 127: get test acc score:  0.853
[2023-03-21 18:31:56] PRINT [03/21 18:31:56 graph]: best_f1 0.874 at epoch 119
[2023-03-21 18:31:56] PRINT [03/21 18:31:56 graph]: start epoch 128.
[2023-03-21 18:31:56] PRINT [03/21 18:31:56 graph]: # Epoch 128: train_loss: 0.4315 | lr: 0.000051
[2023-03-21 18:31:57] PRINT [03/21 18:31:57 graph]: --- Testf1: 0.86863, Best Valacc: 0.82876 in epoch 99 --- 
[2023-03-21 18:31:57] PRINT [03/21 18:31:57 graph]: Epoch 128: get test acc score:  0.869
[2023-03-21 18:31:57] PRINT [03/21 18:31:57 graph]: best_f1 0.874 at epoch 119
[2023-03-21 18:31:57] PRINT [03/21 18:31:57 graph]: start epoch 129.
[2023-03-21 18:31:57] PRINT [03/21 18:31:57 graph]: # Epoch 129: train_loss: 0.4311 | lr: 0.000051
[2023-03-21 18:31:59] PRINT [03/21 18:31:59 graph]: --- Testf1: 0.88513, Best Valacc: 0.87451 in epoch 86 --- 
[2023-03-21 18:31:59] PRINT [03/21 18:31:59 graph]: Epoch 129: get test acc score:  0.885
[2023-03-21 18:31:59] PRINT [03/21 18:31:59 graph]: best_f1 0.885 at epoch 129
[2023-03-21 18:31:59] PRINT [03/21 18:31:59 graph]: start epoch 130.
[2023-03-21 18:31:59] PRINT [03/21 18:31:59 graph]: # Epoch 130: train_loss: 0.4309 | lr: 0.000051
[2023-03-21 18:32:00] PRINT [03/21 18:32:00 graph]: --- Testf1: 0.86765, Best Valacc: 0.84575 in epoch 99 --- 
[2023-03-21 18:32:00] PRINT [03/21 18:32:00 graph]: Epoch 130: get test acc score:  0.868
[2023-03-21 18:32:00] PRINT [03/21 18:32:00 graph]: best_f1 0.885 at epoch 129
[2023-03-21 18:32:00] PRINT [03/21 18:32:00 graph]: start epoch 131.
[2023-03-21 18:32:00] PRINT [03/21 18:32:00 graph]: # Epoch 131: train_loss: 0.4301 | lr: 0.000051
[2023-03-21 18:32:02] PRINT [03/21 18:32:02 graph]: --- Testf1: 0.87614, Best Valacc: 0.84837 in epoch 99 --- 
[2023-03-21 18:32:02] PRINT [03/21 18:32:02 graph]: Epoch 131: get test acc score:  0.876
[2023-03-21 18:32:02] PRINT [03/21 18:32:02 graph]: best_f1 0.885 at epoch 129
[2023-03-21 18:32:02] PRINT [03/21 18:32:02 graph]: start epoch 132.
[2023-03-21 18:32:02] PRINT [03/21 18:32:02 graph]: # Epoch 132: train_loss: 0.4297 | lr: 0.000051
[2023-03-21 18:32:03] PRINT [03/21 18:32:03 graph]: --- Testf1: 0.86144, Best Valacc: 0.86928 in epoch 99 --- 
[2023-03-21 18:32:04] PRINT [03/21 18:32:04 graph]: Epoch 132: get test acc score:  0.861
[2023-03-21 18:32:04] PRINT [03/21 18:32:04 graph]: best_f1 0.885 at epoch 129
[2023-03-21 18:32:04] PRINT [03/21 18:32:04 graph]: start epoch 133.
[2023-03-21 18:32:04] PRINT [03/21 18:32:04 graph]: # Epoch 133: train_loss: 0.4295 | lr: 0.000051
[2023-03-21 18:32:05] PRINT [03/21 18:32:05 graph]: --- Testf1: 0.88219, Best Valacc: 0.85621 in epoch 99 --- 
[2023-03-21 18:32:05] PRINT [03/21 18:32:05 graph]: Epoch 133: get test acc score:  0.882
[2023-03-21 18:32:05] PRINT [03/21 18:32:05 graph]: best_f1 0.885 at epoch 129
[2023-03-21 18:32:05] PRINT [03/21 18:32:05 graph]: start epoch 134.
[2023-03-21 18:32:05] PRINT [03/21 18:32:05 graph]: # Epoch 134: train_loss: 0.4287 | lr: 0.000051
[2023-03-21 18:32:06] PRINT [03/21 18:32:06 graph]: --- Testf1: 0.86438, Best Valacc: 0.86536 in epoch 99 --- 
[2023-03-21 18:32:07] PRINT [03/21 18:32:07 graph]: Epoch 134: get test acc score:  0.864
[2023-03-21 18:32:07] PRINT [03/21 18:32:07 graph]: best_f1 0.885 at epoch 129
[2023-03-21 18:32:07] PRINT [03/21 18:32:07 graph]: start epoch 135.
[2023-03-21 18:32:07] PRINT [03/21 18:32:07 graph]: # Epoch 135: train_loss: 0.4285 | lr: 0.000051
[2023-03-21 18:32:08] PRINT [03/21 18:32:08 graph]: --- Testf1: 0.84134, Best Valacc: 0.82745 in epoch 84 --- 
[2023-03-21 18:32:08] PRINT [03/21 18:32:08 graph]: Epoch 135: get test acc score:  0.841
[2023-03-21 18:32:08] PRINT [03/21 18:32:08 graph]: best_f1 0.885 at epoch 129
[2023-03-21 18:32:08] PRINT [03/21 18:32:08 graph]: start epoch 136.
[2023-03-21 18:32:08] PRINT [03/21 18:32:08 graph]: # Epoch 136: train_loss: 0.4282 | lr: 0.000051
[2023-03-21 18:32:09] PRINT [03/21 18:32:09 graph]: --- Testf1: 0.87990, Best Valacc: 0.85490 in epoch 99 --- 
[2023-03-21 18:32:10] PRINT [03/21 18:32:10 graph]: Epoch 136: get test acc score:  0.880
[2023-03-21 18:32:10] PRINT [03/21 18:32:10 graph]: best_f1 0.885 at epoch 129
[2023-03-21 18:32:10] PRINT [03/21 18:32:10 graph]: start epoch 137.
[2023-03-21 18:32:10] PRINT [03/21 18:32:10 graph]: # Epoch 137: train_loss: 0.4279 | lr: 0.000051
[2023-03-21 18:32:11] PRINT [03/21 18:32:11 graph]: --- Testf1: 0.85196, Best Valacc: 0.85359 in epoch 98 --- 
[2023-03-21 18:32:11] PRINT [03/21 18:32:11 graph]: Epoch 137: get test acc score:  0.852
[2023-03-21 18:32:11] PRINT [03/21 18:32:11 graph]: best_f1 0.885 at epoch 129
[2023-03-21 18:32:11] PRINT [03/21 18:32:11 graph]: start epoch 138.
[2023-03-21 18:32:11] PRINT [03/21 18:32:11 graph]: # Epoch 138: train_loss: 0.4273 | lr: 0.000051
[2023-03-21 18:32:15] PRINT [03/21 18:32:15 graph]: --- Testf1: 0.88137, Best Valacc: 0.86667 in epoch 99 --- 
[2023-03-21 18:32:15] PRINT [03/21 18:32:15 graph]: Epoch 138: get test acc score:  0.881
[2023-03-21 18:32:15] PRINT [03/21 18:32:15 graph]: best_f1 0.885 at epoch 129
[2023-03-21 18:32:15] PRINT [03/21 18:32:15 graph]: start epoch 139.
[2023-03-21 18:32:15] PRINT [03/21 18:32:15 graph]: # Epoch 139: train_loss: 0.4273 | lr: 0.000051
[2023-03-21 18:32:17] PRINT [03/21 18:32:17 graph]: --- Testf1: 0.87092, Best Valacc: 0.84706 in epoch 99 --- 
[2023-03-21 18:32:17] PRINT [03/21 18:32:17 graph]: Epoch 139: get test acc score:  0.871
[2023-03-21 18:32:17] PRINT [03/21 18:32:17 graph]: best_f1 0.885 at epoch 129
[2023-03-21 18:32:17] PRINT [03/21 18:32:17 graph]: start epoch 140.
[2023-03-21 18:32:17] PRINT [03/21 18:32:17 graph]: # Epoch 140: train_loss: 0.4271 | lr: 0.000051
[2023-03-21 18:32:19] PRINT [03/21 18:32:19 graph]: --- Testf1: 0.86977, Best Valacc: 0.86144 in epoch 99 --- 
[2023-03-21 18:32:19] PRINT [03/21 18:32:19 graph]: Epoch 140: get test acc score:  0.870
[2023-03-21 18:32:19] PRINT [03/21 18:32:19 graph]: best_f1 0.885 at epoch 129
[2023-03-21 18:32:19] PRINT [03/21 18:32:19 graph]: start epoch 141.
[2023-03-21 18:32:19] PRINT [03/21 18:32:19 graph]: # Epoch 141: train_loss: 0.4268 | lr: 0.000051
[2023-03-21 18:32:21] PRINT [03/21 18:32:21 graph]: --- Testf1: 0.85588, Best Valacc: 0.86275 in epoch 94 --- 
[2023-03-21 18:32:21] PRINT [03/21 18:32:21 graph]: Epoch 141: get test acc score:  0.856
[2023-03-21 18:32:21] PRINT [03/21 18:32:21 graph]: best_f1 0.885 at epoch 129
[2023-03-21 18:32:21] PRINT [03/21 18:32:21 graph]: start epoch 142.
[2023-03-21 18:32:21] PRINT [03/21 18:32:21 graph]: # Epoch 142: train_loss: 0.4266 | lr: 0.000051
[2023-03-21 18:32:23] PRINT [03/21 18:32:23 graph]: --- Testf1: 0.85915, Best Valacc: 0.85621 in epoch 99 --- 
[2023-03-21 18:32:23] PRINT [03/21 18:32:23 graph]: Epoch 142: get test acc score:  0.859
[2023-03-21 18:32:23] PRINT [03/21 18:32:23 graph]: best_f1 0.885 at epoch 129
[2023-03-21 18:32:23] PRINT [03/21 18:32:23 graph]: start epoch 143.
[2023-03-21 18:32:23] PRINT [03/21 18:32:23 graph]: # Epoch 143: train_loss: 0.4263 | lr: 0.000051
[2023-03-21 18:32:24] PRINT [03/21 18:32:24 graph]: --- Testf1: 0.86471, Best Valacc: 0.84837 in epoch 99 --- 
[2023-03-21 18:32:25] PRINT [03/21 18:32:25 graph]: Epoch 143: get test acc score:  0.865
[2023-03-21 18:32:25] PRINT [03/21 18:32:25 graph]: best_f1 0.885 at epoch 129
[2023-03-21 18:32:25] PRINT [03/21 18:32:25 graph]: start epoch 144.
[2023-03-21 18:32:25] PRINT [03/21 18:32:25 graph]: # Epoch 144: train_loss: 0.4256 | lr: 0.000051
[2023-03-21 18:32:26] PRINT [03/21 18:32:26 graph]: --- Testf1: 0.87729, Best Valacc: 0.85490 in epoch 99 --- 
[2023-03-21 18:32:27] PRINT [03/21 18:32:27 graph]: Epoch 144: get test acc score:  0.877
[2023-03-21 18:32:27] PRINT [03/21 18:32:27 graph]: best_f1 0.885 at epoch 129
[2023-03-21 18:32:27] PRINT [03/21 18:32:27 graph]: start epoch 145.
[2023-03-21 18:32:27] PRINT [03/21 18:32:27 graph]: # Epoch 145: train_loss: 0.4254 | lr: 0.000051
[2023-03-21 18:32:28] PRINT [03/21 18:32:28 graph]: --- Testf1: 0.87190, Best Valacc: 0.85490 in epoch 99 --- 
[2023-03-21 18:32:29] PRINT [03/21 18:32:29 graph]: Epoch 145: get test acc score:  0.872
[2023-03-21 18:32:29] PRINT [03/21 18:32:29 graph]: best_f1 0.885 at epoch 129
[2023-03-21 18:32:29] PRINT [03/21 18:32:29 graph]: start epoch 146.
[2023-03-21 18:32:29] PRINT [03/21 18:32:29 graph]: # Epoch 146: train_loss: 0.4250 | lr: 0.000051
[2023-03-21 18:32:30] PRINT [03/21 18:32:30 graph]: --- Testf1: 0.85180, Best Valacc: 0.85752 in epoch 99 --- 
[2023-03-21 18:32:31] PRINT [03/21 18:32:31 graph]: Epoch 146: get test acc score:  0.852
[2023-03-21 18:32:31] PRINT [03/21 18:32:31 graph]: best_f1 0.885 at epoch 129
[2023-03-21 18:32:31] PRINT [03/21 18:32:31 graph]: start epoch 147.
[2023-03-21 18:32:31] PRINT [03/21 18:32:31 graph]: # Epoch 147: train_loss: 0.4245 | lr: 0.000051
[2023-03-21 18:32:32] PRINT [03/21 18:32:32 graph]: --- Testf1: 0.87141, Best Valacc: 0.85882 in epoch 99 --- 
[2023-03-21 18:32:32] PRINT [03/21 18:32:32 graph]: Epoch 147: get test acc score:  0.871
[2023-03-21 18:32:32] PRINT [03/21 18:32:32 graph]: best_f1 0.885 at epoch 129
[2023-03-21 18:32:32] PRINT [03/21 18:32:32 graph]: start epoch 148.
[2023-03-21 18:32:33] PRINT [03/21 18:32:33 graph]: # Epoch 148: train_loss: 0.4243 | lr: 0.000051
[2023-03-21 18:32:34] PRINT [03/21 18:32:34 graph]: --- Testf1: 0.88121, Best Valacc: 0.86667 in epoch 99 --- 
[2023-03-21 18:32:34] PRINT [03/21 18:32:34 graph]: Epoch 148: get test acc score:  0.881
[2023-03-21 18:32:34] PRINT [03/21 18:32:34 graph]: best_f1 0.885 at epoch 129
[2023-03-21 18:32:34] PRINT [03/21 18:32:34 graph]: start epoch 149.
[2023-03-21 18:32:34] PRINT [03/21 18:32:34 graph]: # Epoch 149: train_loss: 0.4237 | lr: 0.000051
[2023-03-21 18:32:36] PRINT [03/21 18:32:36 graph]: --- Testf1: 0.86209, Best Valacc: 0.86536 in epoch 97 --- 
[2023-03-21 18:32:36] PRINT [03/21 18:32:36 graph]: Epoch 149: get test acc score:  0.862
[2023-03-21 18:32:36] PRINT [03/21 18:32:36 graph]: best_f1 0.885 at epoch 129
[2023-03-21 18:32:36] PRINT [03/21 18:32:36 graph]: # final_acc: 0.8851±0.0000
