[2023-03-05 22:53:08] PRINT ---new cfg------
[2023-03-05 22:53:08] PRINT {'DATA': {'data_name': 'MUTAG', 'deg4feat': True}, 'DATALOADER': {'NUM_WORKERS': 0, 'BATCH_SIZE': 32}, 'MODEL': {'num_hidden': 512, 'num_layers': 2, 'nhead': 2, 'activation': 'prelu', 'attn_drop': 0.1, 'feat_drop': 0.30000000000000004, 'norm': 'batchnorm', 'pooler': 'mean', 'beta_schedule': 'linear', 'beta_1': 0.0002738087684506927, 'beta_T': 0.08879208177643744, 'T': 319}, 'SOLVER': {'optim_type': 'adamw', 'optim_type_f': 'adamw', 'alpha': 1, 'decay': 30, 'LR': 8.154805832022036e-05, 'weight_decay': 0.0005, 'MAX_EPOCH': 50}, 'DEVICE': 'cuda', 'seeds': [11], 'eval_T': [50, 100, 200], 'output_dir': '/root/autodl-tmp/ddm-nni/MUTAG/log', 'checkpoint_dir': '/root/autodl-tmp/ddm-nni/MUTAG/log/checkpoint'}
[2023-03-05 22:53:08] PRINT [03/05 22:53:08 graph]: Rank of current process: 0. World size: 1
[2023-03-05 22:53:11] PRINT [03/05 22:53:11 graph]: Environment info:
[2023-03-05 22:53:11] PRINT PyTorch version: 1.10.0+cu113
[2023-03-05 22:53:11] PRINT Is debug build: False
[2023-03-05 22:53:11] PRINT CUDA used to build PyTorch: 11.3
[2023-03-05 22:53:11] PRINT ROCM used to build PyTorch: N/A
[2023-03-05 22:53:11] PRINT 
[2023-03-05 22:53:11] PRINT OS: Ubuntu 20.04.3 LTS (x86_64)
[2023-03-05 22:53:11] PRINT GCC version: (Ubuntu 9.3.0-17ubuntu1~20.04) 9.3.0
[2023-03-05 22:53:11] PRINT Clang version: Could not collect
[2023-03-05 22:53:11] PRINT CMake version: version 3.16.3
[2023-03-05 22:53:11] PRINT Libc version: glibc-2.31
[2023-03-05 22:53:11] PRINT 
[2023-03-05 22:53:11] PRINT Python version: 3.8.10 (default, Jun  4 2021, 15:09:15)  [GCC 7.5.0] (64-bit runtime)
[2023-03-05 22:53:11] PRINT Python platform: Linux-5.4.0-90-generic-x86_64-with-glibc2.17
[2023-03-05 22:53:11] PRINT Is CUDA available: True
[2023-03-05 22:53:11] PRINT CUDA runtime version: 11.3.109
[2023-03-05 22:53:11] PRINT GPU models and configuration: GPU 0: NVIDIA GeForce RTX 3090
[2023-03-05 22:53:11] PRINT Nvidia driver version: 495.44
[2023-03-05 22:53:11] PRINT cuDNN version: Probably one of the following:
[2023-03-05 22:53:11] PRINT /usr/lib/x86_64-linux-gnu/libcudnn.so.8.2.0
[2023-03-05 22:53:11] PRINT /usr/lib/x86_64-linux-gnu/libcudnn_adv_infer.so.8.2.0
[2023-03-05 22:53:11] PRINT /usr/lib/x86_64-linux-gnu/libcudnn_adv_train.so.8.2.0
[2023-03-05 22:53:11] PRINT /usr/lib/x86_64-linux-gnu/libcudnn_cnn_infer.so.8.2.0
[2023-03-05 22:53:11] PRINT /usr/lib/x86_64-linux-gnu/libcudnn_cnn_train.so.8.2.0
[2023-03-05 22:53:11] PRINT /usr/lib/x86_64-linux-gnu/libcudnn_ops_infer.so.8.2.0
[2023-03-05 22:53:11] PRINT /usr/lib/x86_64-linux-gnu/libcudnn_ops_train.so.8.2.0
[2023-03-05 22:53:11] PRINT HIP runtime version: N/A
[2023-03-05 22:53:11] PRINT MIOpen runtime version: N/A
[2023-03-05 22:53:11] PRINT 
[2023-03-05 22:53:11] PRINT Versions of relevant libraries:
[2023-03-05 22:53:11] PRINT [pip3] numpy==1.23.5
[2023-03-05 22:53:11] PRINT [pip3] torch==1.10.0+cu113
[2023-03-05 22:53:11] PRINT [pip3] torchvision==0.11.1+cu113
[2023-03-05 22:53:11] PRINT [conda] blas                      1.0                         mkl    https://mirrors.ustc.edu.cn/anaconda/pkgs/main
[2023-03-05 22:53:11] PRINT [conda] mkl                       2021.4.0           h06a4308_640    https://mirrors.ustc.edu.cn/anaconda/pkgs/main
[2023-03-05 22:53:11] PRINT [conda] mkl-service               2.4.0            py38h7f8727e_0    https://mirrors.ustc.edu.cn/anaconda/pkgs/main
[2023-03-05 22:53:11] PRINT [conda] mkl_fft                   1.3.1            py38hd3c417c_0    https://mirrors.ustc.edu.cn/anaconda/pkgs/main
[2023-03-05 22:53:11] PRINT [conda] mkl_random                1.2.2            py38h51133e4_0    https://mirrors.ustc.edu.cn/anaconda/pkgs/main
[2023-03-05 22:53:11] PRINT [conda] numpy                     1.21.4                   pypi_0    pypi
[2023-03-05 22:53:11] PRINT [conda] numpy-base                1.23.5           py38h31eccc5_0    https://mirrors.ustc.edu.cn/anaconda/pkgs/main
[2023-03-05 22:53:11] PRINT [conda] torch                     1.10.0+cu113             pypi_0    pypi
[2023-03-05 22:53:11] PRINT [conda] torchvision               0.11.1+cu113             pypi_0    pypi
[2023-03-05 22:53:11] PRINT         Pillow (8.4.0)
[2023-03-05 22:53:11] PRINT [03/05 22:53:11 graph]: Command line arguments: Namespace(local_rank=0, resume=False, seed=1234, start_epoch=0)
[2023-03-05 22:53:11] PRINT Using degree as node features
[2023-03-05 22:53:11] PRINT ******** # Num Graphs: 188, # Num Feat: 5, # Num Classes: 2 ********
[2023-03-05 22:53:11] PRINT [03/05 22:53:11 graph]: Run 0th for seed 11
[2023-03-05 22:53:11] PRINT [03/05 22:53:11 graph]: Total trainable params num : 4904559
[2023-03-05 22:53:16] PRINT [03/05 22:53:16 graph]: ----------Start Training----------
[2023-03-05 22:53:16] PRINT [03/05 22:53:16 graph]: Epoch 0 | train_loss: 0.7505 | lr: 0.000082
[2023-03-05 22:53:16] PRINT [03/05 22:53:16 graph]: Epoch 1 | train_loss: 0.4656 | lr: 0.000082
[2023-03-05 22:53:17] PRINT [03/05 22:53:17 graph]: Epoch 2 | train_loss: 0.3964 | lr: 0.000082
[2023-03-05 22:53:19] PRINT [03/05 22:53:19 graph]: #Test_f1: 0.8506±0.0629
[2023-03-05 22:53:19] PRINT [03/05 22:53:19 graph]: Epoch 2: get test f1 score:  0.851
[2023-03-05 22:53:19] PRINT [03/05 22:53:19 graph]: best_f1 0.851 at epoch 2
[2023-03-05 22:53:20] PRINT [03/05 22:53:20 graph]: Epoch 3 | train_loss: 0.3559 | lr: 0.000082
[2023-03-05 22:53:22] PRINT [03/05 22:53:22 graph]: #Test_f1: 0.8190±0.0678
[2023-03-05 22:53:22] PRINT [03/05 22:53:22 graph]: Epoch 3: get test f1 score:  0.819
[2023-03-05 22:53:22] PRINT [03/05 22:53:22 graph]: best_f1 0.851 at epoch 2
[2023-03-05 22:53:23] PRINT [03/05 22:53:23 graph]: Epoch 4 | train_loss: 0.3312 | lr: 0.000082
[2023-03-05 22:53:25] PRINT [03/05 22:53:25 graph]: #Test_f1: 0.8243±0.0795
[2023-03-05 22:53:26] PRINT [03/05 22:53:26 graph]: Epoch 4: get test f1 score:  0.824
[2023-03-05 22:53:26] PRINT [03/05 22:53:26 graph]: best_f1 0.851 at epoch 2
[2023-03-05 22:53:26] PRINT [03/05 22:53:26 graph]: Epoch 5 | train_loss: 0.3124 | lr: 0.000082
[2023-03-05 22:53:28] PRINT [03/05 22:53:28 graph]: #Test_f1: 0.8354±0.0834
[2023-03-05 22:53:29] PRINT [03/05 22:53:29 graph]: Epoch 5: get test f1 score:  0.835
[2023-03-05 22:53:29] PRINT [03/05 22:53:29 graph]: best_f1 0.851 at epoch 2
[2023-03-05 22:53:29] PRINT [03/05 22:53:29 graph]: Epoch 6 | train_loss: 0.3056 | lr: 0.000082
[2023-03-05 22:53:31] PRINT [03/05 22:53:31 graph]: #Test_f1: 0.8506±0.0671
[2023-03-05 22:53:32] PRINT [03/05 22:53:32 graph]: Epoch 6: get test f1 score:  0.851
[2023-03-05 22:53:32] PRINT [03/05 22:53:32 graph]: best_f1 0.851 at epoch 2
[2023-03-05 22:53:32] PRINT [03/05 22:53:32 graph]: Epoch 7 | train_loss: 0.2958 | lr: 0.000082
[2023-03-05 22:53:35] PRINT [03/05 22:53:35 graph]: #Test_f1: 0.8518±0.0810
[2023-03-05 22:53:35] PRINT [03/05 22:53:35 graph]: Epoch 7: get test f1 score:  0.852
[2023-03-05 22:53:35] PRINT [03/05 22:53:35 graph]: best_f1 0.852 at epoch 7
[2023-03-05 22:53:35] PRINT [03/05 22:53:35 graph]: Epoch 8 | train_loss: 0.3011 | lr: 0.000082
[2023-03-05 22:53:38] PRINT [03/05 22:53:38 graph]: #Test_f1: 0.8348±0.0740
[2023-03-05 22:53:38] PRINT [03/05 22:53:38 graph]: Epoch 8: get test f1 score:  0.835
[2023-03-05 22:53:38] PRINT [03/05 22:53:38 graph]: best_f1 0.852 at epoch 7
[2023-03-05 22:53:38] PRINT [03/05 22:53:38 graph]: Epoch 9 | train_loss: 0.2875 | lr: 0.000082
[2023-03-05 22:53:41] PRINT [03/05 22:53:41 graph]: #Test_f1: 0.8082±0.0795
[2023-03-05 22:53:41] PRINT [03/05 22:53:41 graph]: Epoch 9: get test f1 score:  0.808
[2023-03-05 22:53:41] PRINT [03/05 22:53:41 graph]: best_f1 0.852 at epoch 7
[2023-03-05 22:53:41] PRINT [03/05 22:53:41 graph]: Epoch 10 | train_loss: 0.2821 | lr: 0.000082
[2023-03-05 22:53:44] PRINT [03/05 22:53:44 graph]: #Test_f1: 0.8453±0.0611
[2023-03-05 22:53:44] PRINT [03/05 22:53:44 graph]: Epoch 10: get test f1 score:  0.845
[2023-03-05 22:53:44] PRINT [03/05 22:53:44 graph]: best_f1 0.852 at epoch 7
[2023-03-05 22:53:44] PRINT [03/05 22:53:44 graph]: Epoch 11 | train_loss: 0.2680 | lr: 0.000082
[2023-03-05 22:53:46] PRINT [03/05 22:53:46 graph]: #Test_f1: 0.8453±0.0655
[2023-03-05 22:53:47] PRINT [03/05 22:53:47 graph]: Epoch 11: get test f1 score:  0.845
[2023-03-05 22:53:47] PRINT [03/05 22:53:47 graph]: best_f1 0.852 at epoch 7
[2023-03-05 22:53:47] PRINT [03/05 22:53:47 graph]: Epoch 12 | train_loss: 0.2680 | lr: 0.000082
[2023-03-05 22:53:50] PRINT [03/05 22:53:50 graph]: #Test_f1: 0.8298±0.0811
[2023-03-05 22:53:50] PRINT [03/05 22:53:50 graph]: Epoch 12: get test f1 score:  0.830
[2023-03-05 22:53:50] PRINT [03/05 22:53:50 graph]: best_f1 0.852 at epoch 7
[2023-03-05 22:53:50] PRINT [03/05 22:53:50 graph]: Epoch 13 | train_loss: 0.2649 | lr: 0.000082
[2023-03-05 22:53:53] PRINT [03/05 22:53:53 graph]: #Test_f1: 0.8357±0.0752
[2023-03-05 22:53:53] PRINT [03/05 22:53:53 graph]: Epoch 13: get test f1 score:  0.836
[2023-03-05 22:53:53] PRINT [03/05 22:53:53 graph]: best_f1 0.852 at epoch 7
[2023-03-05 22:53:53] PRINT [03/05 22:53:53 graph]: Epoch 14 | train_loss: 0.2663 | lr: 0.000082
[2023-03-05 22:53:56] PRINT [03/05 22:53:56 graph]: #Test_f1: 0.8515±0.0692
[2023-03-05 22:53:56] PRINT [03/05 22:53:56 graph]: Epoch 14: get test f1 score:  0.851
[2023-03-05 22:53:56] PRINT [03/05 22:53:56 graph]: best_f1 0.852 at epoch 7
[2023-03-05 22:53:56] PRINT [03/05 22:53:56 graph]: Epoch 15 | train_loss: 0.2609 | lr: 0.000082
[2023-03-05 22:53:59] PRINT [03/05 22:53:59 graph]: #Test_f1: 0.8728±0.0531
[2023-03-05 22:53:59] PRINT [03/05 22:53:59 graph]: Epoch 15: get test f1 score:  0.873
[2023-03-05 22:53:59] PRINT [03/05 22:53:59 graph]: best_f1 0.873 at epoch 15
[2023-03-05 22:53:59] PRINT [03/05 22:53:59 graph]: Epoch 16 | train_loss: 0.2558 | lr: 0.000082
[2023-03-05 22:54:02] PRINT [03/05 22:54:02 graph]: #Test_f1: 0.8459±0.0758
[2023-03-05 22:54:02] PRINT [03/05 22:54:02 graph]: Epoch 16: get test f1 score:  0.846
[2023-03-05 22:54:02] PRINT [03/05 22:54:02 graph]: best_f1 0.873 at epoch 15
[2023-03-05 22:54:02] PRINT [03/05 22:54:02 graph]: Epoch 17 | train_loss: 0.2553 | lr: 0.000082
[2023-03-05 22:54:05] PRINT [03/05 22:54:05 graph]: #Test_f1: 0.8509±0.0577
[2023-03-05 22:54:05] PRINT [03/05 22:54:05 graph]: Epoch 17: get test f1 score:  0.851
[2023-03-05 22:54:05] PRINT [03/05 22:54:05 graph]: best_f1 0.873 at epoch 15
[2023-03-05 22:54:05] PRINT [03/05 22:54:05 graph]: Epoch 18 | train_loss: 0.2495 | lr: 0.000082
[2023-03-05 22:54:08] PRINT [03/05 22:54:08 graph]: #Test_f1: 0.8512±0.0612
[2023-03-05 22:54:08] PRINT [03/05 22:54:08 graph]: Epoch 18: get test f1 score:  0.851
[2023-03-05 22:54:08] PRINT [03/05 22:54:08 graph]: best_f1 0.873 at epoch 15
[2023-03-05 22:54:08] PRINT [03/05 22:54:08 graph]: Epoch 19 | train_loss: 0.2452 | lr: 0.000082
[2023-03-05 22:54:11] PRINT [03/05 22:54:11 graph]: #Test_f1: 0.8246±0.0705
[2023-03-05 22:54:11] PRINT [03/05 22:54:11 graph]: Epoch 19: get test f1 score:  0.825
[2023-03-05 22:54:11] PRINT [03/05 22:54:11 graph]: best_f1 0.873 at epoch 15
[2023-03-05 22:54:12] PRINT [03/05 22:54:12 graph]: Epoch 20 | train_loss: 0.2410 | lr: 0.000082
[2023-03-05 22:54:14] PRINT [03/05 22:54:14 graph]: #Test_f1: 0.8351±0.0760
[2023-03-05 22:54:15] PRINT [03/05 22:54:15 graph]: Epoch 20: get test f1 score:  0.835
[2023-03-05 22:54:15] PRINT [03/05 22:54:15 graph]: best_f1 0.873 at epoch 15
[2023-03-05 22:54:15] PRINT [03/05 22:54:15 graph]: Epoch 21 | train_loss: 0.2279 | lr: 0.000082
[2023-03-05 22:54:17] PRINT [03/05 22:54:17 graph]: #Test_f1: 0.8673±0.0629
[2023-03-05 22:54:18] PRINT [03/05 22:54:18 graph]: Epoch 21: get test f1 score:  0.867
[2023-03-05 22:54:18] PRINT [03/05 22:54:18 graph]: best_f1 0.873 at epoch 15
[2023-03-05 22:54:18] PRINT [03/05 22:54:18 graph]: Epoch 22 | train_loss: 0.2395 | lr: 0.000082
[2023-03-05 22:54:20] PRINT [03/05 22:54:20 graph]: #Test_f1: 0.8564±0.0473
[2023-03-05 22:54:21] PRINT [03/05 22:54:21 graph]: Epoch 22: get test f1 score:  0.856
[2023-03-05 22:54:21] PRINT [03/05 22:54:21 graph]: best_f1 0.873 at epoch 15
[2023-03-05 22:54:21] PRINT [03/05 22:54:21 graph]: Epoch 23 | train_loss: 0.2356 | lr: 0.000082
[2023-03-05 22:54:23] PRINT [03/05 22:54:23 graph]: #Test_f1: 0.8406±0.0619
[2023-03-05 22:54:24] PRINT [03/05 22:54:24 graph]: Epoch 23: get test f1 score:  0.841
[2023-03-05 22:54:24] PRINT [03/05 22:54:24 graph]: best_f1 0.873 at epoch 15
[2023-03-05 22:54:24] PRINT [03/05 22:54:24 graph]: Epoch 24 | train_loss: 0.2312 | lr: 0.000082
[2023-03-05 22:54:27] PRINT [03/05 22:54:27 graph]: #Test_f1: 0.8292±0.0714
[2023-03-05 22:54:27] PRINT [03/05 22:54:27 graph]: Epoch 24: get test f1 score:  0.829
[2023-03-05 22:54:27] PRINT [03/05 22:54:27 graph]: best_f1 0.873 at epoch 15
[2023-03-05 22:54:27] PRINT [03/05 22:54:27 graph]: Epoch 25 | train_loss: 0.2264 | lr: 0.000082
[2023-03-05 22:54:30] PRINT [03/05 22:54:30 graph]: #Test_f1: 0.8512±0.0697
[2023-03-05 22:54:30] PRINT [03/05 22:54:30 graph]: Epoch 25: get test f1 score:  0.851
[2023-03-05 22:54:30] PRINT [03/05 22:54:30 graph]: best_f1 0.873 at epoch 15
[2023-03-05 22:54:30] PRINT [03/05 22:54:30 graph]: Epoch 26 | train_loss: 0.2277 | lr: 0.000082
[2023-03-05 22:54:33] PRINT [03/05 22:54:33 graph]: #Test_f1: 0.8670±0.0542
[2023-03-05 22:54:33] PRINT [03/05 22:54:33 graph]: Epoch 26: get test f1 score:  0.867
[2023-03-05 22:54:33] PRINT [03/05 22:54:33 graph]: best_f1 0.873 at epoch 15
[2023-03-05 22:54:33] PRINT [03/05 22:54:33 graph]: Epoch 27 | train_loss: 0.2246 | lr: 0.000082
[2023-03-05 22:54:36] PRINT [03/05 22:54:36 graph]: #Test_f1: 0.8351±0.0684
[2023-03-05 22:54:36] PRINT [03/05 22:54:36 graph]: Epoch 27: get test f1 score:  0.835
[2023-03-05 22:54:36] PRINT [03/05 22:54:36 graph]: best_f1 0.873 at epoch 15
[2023-03-05 22:54:36] PRINT [03/05 22:54:36 graph]: Epoch 28 | train_loss: 0.2197 | lr: 0.000082
[2023-03-05 22:54:39] PRINT [03/05 22:54:39 graph]: #Test_f1: 0.8401±0.0589
[2023-03-05 22:54:39] PRINT [03/05 22:54:39 graph]: Epoch 28: get test f1 score:  0.840
[2023-03-05 22:54:39] PRINT [03/05 22:54:39 graph]: best_f1 0.873 at epoch 15
[2023-03-05 22:54:39] PRINT [03/05 22:54:39 graph]: Epoch 29 | train_loss: 0.2208 | lr: 0.000082
[2023-03-05 22:54:42] PRINT [03/05 22:54:42 graph]: #Test_f1: 0.8345±0.0702
[2023-03-05 22:54:42] PRINT [03/05 22:54:42 graph]: Epoch 29: get test f1 score:  0.835
[2023-03-05 22:54:42] PRINT [03/05 22:54:42 graph]: best_f1 0.873 at epoch 15
[2023-03-05 22:54:42] PRINT [03/05 22:54:42 graph]: Epoch 30 | train_loss: 0.2210 | lr: 0.000082
[2023-03-05 22:54:45] PRINT [03/05 22:54:45 graph]: #Test_f1: 0.8462±0.0676
[2023-03-05 22:54:45] PRINT [03/05 22:54:45 graph]: Epoch 30: get test f1 score:  0.846
[2023-03-05 22:54:45] PRINT [03/05 22:54:45 graph]: best_f1 0.873 at epoch 15
[2023-03-05 22:54:46] PRINT [03/05 22:54:46 graph]: Epoch 31 | train_loss: 0.2217 | lr: 0.000082
[2023-03-05 22:54:48] PRINT [03/05 22:54:48 graph]: #Test_f1: 0.8509±0.0777
[2023-03-05 22:54:48] PRINT [03/05 22:54:48 graph]: Epoch 31: get test f1 score:  0.851
[2023-03-05 22:54:48] PRINT [03/05 22:54:48 graph]: best_f1 0.873 at epoch 15
[2023-03-05 22:54:49] PRINT [03/05 22:54:49 graph]: Epoch 32 | train_loss: 0.2164 | lr: 0.000082
[2023-03-05 22:54:51] PRINT [03/05 22:54:51 graph]: #Test_f1: 0.8406±0.0741
[2023-03-05 22:54:51] PRINT [03/05 22:54:51 graph]: Epoch 32: get test f1 score:  0.841
[2023-03-05 22:54:51] PRINT [03/05 22:54:51 graph]: best_f1 0.873 at epoch 15
[2023-03-05 22:54:52] PRINT [03/05 22:54:52 graph]: Epoch 33 | train_loss: 0.2147 | lr: 0.000082
[2023-03-05 22:54:54] PRINT [03/05 22:54:54 graph]: #Test_f1: 0.8456±0.0836
[2023-03-05 22:54:54] PRINT [03/05 22:54:54 graph]: Epoch 33: get test f1 score:  0.846
[2023-03-05 22:54:54] PRINT [03/05 22:54:54 graph]: best_f1 0.873 at epoch 15
[2023-03-05 22:54:55] PRINT [03/05 22:54:55 graph]: Epoch 34 | train_loss: 0.2121 | lr: 0.000082
[2023-03-05 22:54:57] PRINT [03/05 22:54:57 graph]: #Test_f1: 0.8298±0.0701
[2023-03-05 22:54:57] PRINT [03/05 22:54:57 graph]: Epoch 34: get test f1 score:  0.830
[2023-03-05 22:54:57] PRINT [03/05 22:54:57 graph]: best_f1 0.873 at epoch 15
[2023-03-05 22:54:58] PRINT [03/05 22:54:58 graph]: Epoch 35 | train_loss: 0.2124 | lr: 0.000082
[2023-03-05 22:55:00] PRINT [03/05 22:55:00 graph]: #Test_f1: 0.8518±0.0810
[2023-03-05 22:55:01] PRINT [03/05 22:55:01 graph]: Epoch 35: get test f1 score:  0.852
[2023-03-05 22:55:01] PRINT [03/05 22:55:01 graph]: best_f1 0.873 at epoch 15
[2023-03-05 22:55:01] PRINT [03/05 22:55:01 graph]: Epoch 36 | train_loss: 0.2056 | lr: 0.000082
[2023-03-05 22:55:04] PRINT [03/05 22:55:04 graph]: #Test_f1: 0.8246±0.0575
[2023-03-05 22:55:04] PRINT [03/05 22:55:04 graph]: Epoch 36: get test f1 score:  0.825
[2023-03-05 22:55:04] PRINT [03/05 22:55:04 graph]: best_f1 0.873 at epoch 15
[2023-03-05 22:55:04] PRINT [03/05 22:55:04 graph]: Epoch 37 | train_loss: 0.2092 | lr: 0.000082
[2023-03-05 22:55:07] PRINT [03/05 22:55:07 graph]: #Test_f1: 0.8354±0.0719
[2023-03-05 22:55:07] PRINT [03/05 22:55:07 graph]: Epoch 37: get test f1 score:  0.835
[2023-03-05 22:55:07] PRINT [03/05 22:55:07 graph]: best_f1 0.873 at epoch 15
[2023-03-05 22:55:07] PRINT [03/05 22:55:07 graph]: Epoch 38 | train_loss: 0.2026 | lr: 0.000082
[2023-03-05 22:55:10] PRINT [03/05 22:55:10 graph]: #Test_f1: 0.8351±0.0728
[2023-03-05 22:55:10] PRINT [03/05 22:55:10 graph]: Epoch 38: get test f1 score:  0.835
[2023-03-05 22:55:10] PRINT [03/05 22:55:10 graph]: best_f1 0.873 at epoch 15
[2023-03-05 22:55:10] PRINT [03/05 22:55:10 graph]: Epoch 39 | train_loss: 0.2048 | lr: 0.000082
[2023-03-05 22:55:13] PRINT [03/05 22:55:13 graph]: #Test_f1: 0.8564±0.0667
[2023-03-05 22:55:13] PRINT [03/05 22:55:13 graph]: Epoch 39: get test f1 score:  0.856
[2023-03-05 22:55:13] PRINT [03/05 22:55:13 graph]: best_f1 0.873 at epoch 15
[2023-03-05 22:55:14] PRINT [03/05 22:55:14 graph]: Epoch 40 | train_loss: 0.1998 | lr: 0.000082
[2023-03-05 22:55:16] PRINT [03/05 22:55:16 graph]: #Test_f1: 0.8456±0.0726
[2023-03-05 22:55:17] PRINT [03/05 22:55:17 graph]: Epoch 40: get test f1 score:  0.846
[2023-03-05 22:55:17] PRINT [03/05 22:55:17 graph]: best_f1 0.873 at epoch 15
[2023-03-05 22:55:17] PRINT [03/05 22:55:17 graph]: Epoch 41 | train_loss: 0.2053 | lr: 0.000082
[2023-03-05 22:55:19] PRINT [03/05 22:55:19 graph]: #Test_f1: 0.8351±0.0800
[2023-03-05 22:55:20] PRINT [03/05 22:55:20 graph]: Epoch 41: get test f1 score:  0.835
[2023-03-05 22:55:20] PRINT [03/05 22:55:20 graph]: best_f1 0.873 at epoch 15
[2023-03-05 22:55:20] PRINT [03/05 22:55:20 graph]: Epoch 42 | train_loss: 0.2020 | lr: 0.000082
[2023-03-05 22:55:23] PRINT [03/05 22:55:23 graph]: #Test_f1: 0.8404±0.0624
[2023-03-05 22:55:23] PRINT [03/05 22:55:23 graph]: Epoch 42: get test f1 score:  0.840
[2023-03-05 22:55:23] PRINT [03/05 22:55:23 graph]: best_f1 0.873 at epoch 15
[2023-03-05 22:55:23] PRINT [03/05 22:55:23 graph]: Epoch 43 | train_loss: 0.1932 | lr: 0.000082
[2023-03-05 22:55:26] PRINT [03/05 22:55:26 graph]: #Test_f1: 0.8453±0.0696
[2023-03-05 22:55:26] PRINT [03/05 22:55:26 graph]: Epoch 43: get test f1 score:  0.845
[2023-03-05 22:55:26] PRINT [03/05 22:55:26 graph]: best_f1 0.873 at epoch 15
[2023-03-05 22:55:26] PRINT [03/05 22:55:26 graph]: Epoch 44 | train_loss: 0.1977 | lr: 0.000082
[2023-03-05 22:55:29] PRINT [03/05 22:55:29 graph]: #Test_f1: 0.8404±0.0667
[2023-03-05 22:55:29] PRINT [03/05 22:55:29 graph]: Epoch 44: get test f1 score:  0.840
[2023-03-05 22:55:29] PRINT [03/05 22:55:29 graph]: best_f1 0.873 at epoch 15
[2023-03-05 22:55:29] PRINT [03/05 22:55:29 graph]: Epoch 45 | train_loss: 0.1951 | lr: 0.000082
[2023-03-05 22:55:32] PRINT [03/05 22:55:32 graph]: #Test_f1: 0.8456±0.0767
[2023-03-05 22:55:33] PRINT [03/05 22:55:33 graph]: Epoch 45: get test f1 score:  0.846
[2023-03-05 22:55:33] PRINT [03/05 22:55:33 graph]: best_f1 0.873 at epoch 15
[2023-03-05 22:55:33] PRINT [03/05 22:55:33 graph]: Epoch 46 | train_loss: 0.1935 | lr: 0.000082
[2023-03-05 22:55:35] PRINT [03/05 22:55:35 graph]: #Test_f1: 0.8348±0.0608
[2023-03-05 22:55:36] PRINT [03/05 22:55:36 graph]: Epoch 46: get test f1 score:  0.835
[2023-03-05 22:55:36] PRINT [03/05 22:55:36 graph]: best_f1 0.873 at epoch 15
[2023-03-05 22:55:36] PRINT [03/05 22:55:36 graph]: Epoch 47 | train_loss: 0.1851 | lr: 0.000082
[2023-03-05 22:55:38] PRINT [03/05 22:55:38 graph]: #Test_f1: 0.8509±0.0571
[2023-03-05 22:55:39] PRINT [03/05 22:55:39 graph]: Epoch 47: get test f1 score:  0.851
[2023-03-05 22:55:39] PRINT [03/05 22:55:39 graph]: best_f1 0.873 at epoch 15
[2023-03-05 22:55:39] PRINT [03/05 22:55:39 graph]: Epoch 48 | train_loss: 0.1835 | lr: 0.000082
[2023-03-05 22:55:41] PRINT [03/05 22:55:41 graph]: #Test_f1: 0.8725±0.0478
[2023-03-05 22:55:42] PRINT [03/05 22:55:42 graph]: Epoch 48: get test f1 score:  0.873
[2023-03-05 22:55:42] PRINT [03/05 22:55:42 graph]: best_f1 0.873 at epoch 15
[2023-03-05 22:55:42] PRINT [03/05 22:55:42 graph]: Epoch 49 | train_loss: 0.1977 | lr: 0.000082
[2023-03-05 22:55:44] PRINT [03/05 22:55:44 graph]: #Test_f1: 0.8404±0.0671
[2023-03-05 22:55:44] PRINT [03/05 22:55:44 graph]: Epoch 49: get test f1 score:  0.840
[2023-03-05 22:55:44] PRINT [03/05 22:55:44 graph]: best_f1 0.873 at epoch 15
[2023-03-05 22:55:45] PRINT [03/05 22:55:45 graph]: # final_acc: 0.8728±0.0000
