[2023-03-17 17:51:00] PRINT ---new cfg------
[2023-03-17 17:51:00] PRINT {'DATA': {'data_name': 'cora'}, 'DATALOADER': {'NUM_WORKERS': 0}, 'MODEL': {'num_hidden': 1024, 'num_layers': 2, 'nhead': 4, 'activation': 'prelu', 'attn_drop': 0.1, 'feat_drop': 0.3, 'norm': 'layernorm', 'pooler': 'mean', 'beta_schedule': 'sigmoid', 'beta_1': 0.0009906825333161808, 'beta_T': 0.02613647940344662, 'T': 930, 'alpha_l': 3}, 'SOLVER': {'optim_type': 'adam', 'optim_type_f': 'adamw', 'alpha': 1, 'decay': 30, 'LR': 0.00018563989357452273, 'LR_f': 0.00036649974419931605, 'weight_decay': 0, 'weight_decay_f': 0.0005593126009411492, 'MAX_EPOCH': 100, 'max_epoch_f': 100}, 'DEVICE': 'cuda', 'seeds': [0], 'eval_T': [50, 100, 200], 'output_dir': '/ddm-nni/Cora/log', 'checkpoint_dir': '/ddm-nni/Cora/log/checkpoint'}
[2023-03-17 17:51:00] PRINT [03/17 17:51:00 graph]: Rank of current process: 0. World size: 1
[2023-03-17 17:51:04] PRINT [03/17 17:51:04 graph]: Environment info:
[2023-03-17 17:51:04] PRINT PyTorch version: 1.10.0+cu113
[2023-03-17 17:51:04] PRINT Is debug build: False
[2023-03-17 17:51:04] PRINT CUDA used to build PyTorch: 11.3
[2023-03-17 17:51:04] PRINT ROCM used to build PyTorch: N/A
[2023-03-17 17:51:04] PRINT 
[2023-03-17 17:51:04] PRINT OS: Ubuntu 20.04.3 LTS (x86_64)
[2023-03-17 17:51:04] PRINT GCC version: (Ubuntu 9.3.0-17ubuntu1~20.04) 9.3.0
[2023-03-17 17:51:04] PRINT Clang version: Could not collect
[2023-03-17 17:51:04] PRINT CMake version: version 3.16.3
[2023-03-17 17:51:04] PRINT Libc version: glibc-2.31
[2023-03-17 17:51:04] PRINT 
[2023-03-17 17:51:04] PRINT Python version: 3.8.10 (default, Jun  4 2021, 15:09:15)  [GCC 7.5.0] (64-bit runtime)
[2023-03-17 17:51:04] PRINT Python platform: Linux-5.4.0-90-generic-x86_64-with-glibc2.17
[2023-03-17 17:51:04] PRINT Is CUDA available: True
[2023-03-17 17:51:04] PRINT CUDA runtime version: 11.3.109
[2023-03-17 17:51:04] PRINT GPU models and configuration: GPU 0: NVIDIA GeForce RTX 3090
[2023-03-17 17:51:04] PRINT Nvidia driver version: 495.44
[2023-03-17 17:51:04] PRINT cuDNN version: Probably one of the following:
[2023-03-17 17:51:04] PRINT /usr/lib/x86_64-linux-gnu/libcudnn.so.8.2.0
[2023-03-17 17:51:04] PRINT /usr/lib/x86_64-linux-gnu/libcudnn_adv_infer.so.8.2.0
[2023-03-17 17:51:04] PRINT /usr/lib/x86_64-linux-gnu/libcudnn_adv_train.so.8.2.0
[2023-03-17 17:51:04] PRINT /usr/lib/x86_64-linux-gnu/libcudnn_cnn_infer.so.8.2.0
[2023-03-17 17:51:04] PRINT /usr/lib/x86_64-linux-gnu/libcudnn_cnn_train.so.8.2.0
[2023-03-17 17:51:04] PRINT /usr/lib/x86_64-linux-gnu/libcudnn_ops_infer.so.8.2.0
[2023-03-17 17:51:04] PRINT /usr/lib/x86_64-linux-gnu/libcudnn_ops_train.so.8.2.0
[2023-03-17 17:51:04] PRINT HIP runtime version: N/A
[2023-03-17 17:51:04] PRINT MIOpen runtime version: N/A
[2023-03-17 17:51:04] PRINT 
[2023-03-17 17:51:04] PRINT Versions of relevant libraries:
[2023-03-17 17:51:04] PRINT [pip3] numpy==1.23.5
[2023-03-17 17:51:04] PRINT [pip3] torch==1.10.0+cu113
[2023-03-17 17:51:04] PRINT [pip3] torchvision==0.11.1+cu113
[2023-03-17 17:51:04] PRINT [conda] blas                      1.0                         mkl    https://mirrors.ustc.edu.cn/anaconda/pkgs/main
[2023-03-17 17:51:04] PRINT [conda] mkl                       2021.4.0           h06a4308_640    https://mirrors.ustc.edu.cn/anaconda/pkgs/main
[2023-03-17 17:51:04] PRINT [conda] mkl-service               2.4.0            py38h7f8727e_0    https://mirrors.ustc.edu.cn/anaconda/pkgs/main
[2023-03-17 17:51:04] PRINT [conda] mkl_fft                   1.3.1            py38hd3c417c_0    https://mirrors.ustc.edu.cn/anaconda/pkgs/main
[2023-03-17 17:51:04] PRINT [conda] mkl_random                1.2.2            py38h51133e4_0    https://mirrors.ustc.edu.cn/anaconda/pkgs/main
[2023-03-17 17:51:04] PRINT [conda] numpy                     1.21.4                   pypi_0    pypi
[2023-03-17 17:51:04] PRINT [conda] numpy-base                1.23.5           py38h31eccc5_0    https://mirrors.ustc.edu.cn/anaconda/pkgs/main
[2023-03-17 17:51:04] PRINT [conda] torch                     1.10.0+cu113             pypi_0    pypi
[2023-03-17 17:51:04] PRINT [conda] torchvision               0.11.1+cu113             pypi_0    pypi
[2023-03-17 17:51:04] PRINT         Pillow (8.4.0)
[2023-03-17 17:51:04] PRINT [03/17 17:51:04 graph]: Command line arguments: Namespace(local_rank=0, resume=False, seed=1234, start_epoch=0)
[2023-03-17 17:51:04] PRINT   NumNodes: 2708
[2023-03-17 17:51:04] PRINT   NumEdges: 10556
[2023-03-17 17:51:04] PRINT   NumFeats: 1433
[2023-03-17 17:51:04] PRINT   NumClasses: 7
[2023-03-17 17:51:04] PRINT   NumTrainingSamples: 140
[2023-03-17 17:51:04] PRINT   NumValidationSamples: 500
[2023-03-17 17:51:04] PRINT   NumTestSamples: 1000
[2023-03-17 17:51:04] PRINT Done loading data from cached files.
[2023-03-17 17:51:04] PRINT [03/17 17:51:04 graph]: Run 0th for seed 0
[2023-03-17 17:51:04] PRINT [03/17 17:51:04 graph]: Total trainable params num : 30427631
[2023-03-17 17:51:08] PRINT [03/17 17:51:08 graph]: ----------Start Training----------
[2023-03-17 17:51:09] PRINT [03/17 17:51:09 graph]: start epoch 0.
[2023-03-17 17:51:09] PRINT [03/17 17:51:09 graph]: # Epoch 0: train_loss: 1.0060 | lr: 0.000186
[2023-03-17 17:51:09] PRINT [03/17 17:51:09 graph]: start epoch 1.
[2023-03-17 17:51:09] PRINT [03/17 17:51:09 graph]: # Epoch 1: train_loss: 0.7547 | lr: 0.000186
[2023-03-17 17:51:09] PRINT [03/17 17:51:09 graph]: start epoch 2.
[2023-03-17 17:51:09] PRINT [03/17 17:51:09 graph]: # Epoch 2: train_loss: 0.6189 | lr: 0.000186
[2023-03-17 17:51:09] PRINT [03/17 17:51:09 graph]: start epoch 3.
[2023-03-17 17:51:09] PRINT [03/17 17:51:09 graph]: # Epoch 3: train_loss: 0.5604 | lr: 0.000186
[2023-03-17 17:51:09] PRINT [03/17 17:51:09 graph]: start epoch 4.
[2023-03-17 17:51:09] PRINT [03/17 17:51:09 graph]: # Epoch 4: train_loss: 0.5330 | lr: 0.000186
[2023-03-17 17:51:09] PRINT [03/17 17:51:09 graph]: start epoch 5.
[2023-03-17 17:51:09] PRINT [03/17 17:51:09 graph]: # Epoch 5: train_loss: 0.5201 | lr: 0.000186
[2023-03-17 17:51:09] PRINT [03/17 17:51:09 graph]: start epoch 6.
[2023-03-17 17:51:09] PRINT [03/17 17:51:09 graph]: # Epoch 6: train_loss: 0.5162 | lr: 0.000186
[2023-03-17 17:51:09] PRINT [03/17 17:51:09 graph]: start epoch 7.
[2023-03-17 17:51:09] PRINT [03/17 17:51:09 graph]: # Epoch 7: train_loss: 0.5149 | lr: 0.000186
[2023-03-17 17:51:09] PRINT [03/17 17:51:09 graph]: start epoch 8.
[2023-03-17 17:51:09] PRINT [03/17 17:51:09 graph]: # Epoch 8: train_loss: 0.5131 | lr: 0.000186
[2023-03-17 17:51:09] PRINT [03/17 17:51:09 graph]: start epoch 9.
[2023-03-17 17:51:09] PRINT [03/17 17:51:09 graph]: # Epoch 9: train_loss: 0.5110 | lr: 0.000186
[2023-03-17 17:51:09] PRINT [03/17 17:51:09 graph]: start epoch 10.
[2023-03-17 17:51:09] PRINT [03/17 17:51:09 graph]: # Epoch 10: train_loss: 0.5083 | lr: 0.000186
[2023-03-17 17:51:09] PRINT [03/17 17:51:09 graph]: start epoch 11.
[2023-03-17 17:51:09] PRINT [03/17 17:51:09 graph]: # Epoch 11: train_loss: 0.5057 | lr: 0.000186
[2023-03-17 17:51:10] PRINT [03/17 17:51:10 graph]: --- Testf1: 0.76700, Best Valacc: 0.73400 in epoch 99 --- 
[2023-03-17 17:51:11] PRINT [03/17 17:51:11 graph]: Epoch 11: get test acc score:  0.767
[2023-03-17 17:51:11] PRINT [03/17 17:51:11 graph]: best_f1 0.767 at epoch 11
[2023-03-17 17:51:11] PRINT [03/17 17:51:11 graph]: start epoch 12.
[2023-03-17 17:51:11] PRINT [03/17 17:51:11 graph]: # Epoch 12: train_loss: 0.5008 | lr: 0.000186
[2023-03-17 17:51:12] PRINT [03/17 17:51:12 graph]: --- Testf1: 0.77800, Best Valacc: 0.72200 in epoch 99 --- 
[2023-03-17 17:51:12] PRINT [03/17 17:51:12 graph]: Epoch 12: get test acc score:  0.778
[2023-03-17 17:51:12] PRINT [03/17 17:51:12 graph]: best_f1 0.778 at epoch 12
[2023-03-17 17:51:12] PRINT [03/17 17:51:12 graph]: start epoch 13.
[2023-03-17 17:51:12] PRINT [03/17 17:51:12 graph]: # Epoch 13: train_loss: 0.4924 | lr: 0.000186
[2023-03-17 17:51:13] PRINT [03/17 17:51:13 graph]: --- Testf1: 0.76700, Best Valacc: 0.74600 in epoch 64 --- 
[2023-03-17 17:51:13] PRINT [03/17 17:51:13 graph]: Epoch 13: get test acc score:  0.767
[2023-03-17 17:51:13] PRINT [03/17 17:51:13 graph]: best_f1 0.778 at epoch 12
[2023-03-17 17:51:13] PRINT [03/17 17:51:13 graph]: start epoch 14.
[2023-03-17 17:51:13] PRINT [03/17 17:51:13 graph]: # Epoch 14: train_loss: 0.5427 | lr: 0.000186
[2023-03-17 17:51:14] PRINT [03/17 17:51:14 graph]: --- Testf1: 0.75900, Best Valacc: 0.72000 in epoch 97 --- 
[2023-03-17 17:51:14] PRINT [03/17 17:51:14 graph]: Epoch 14: get test acc score:  0.759
[2023-03-17 17:51:14] PRINT [03/17 17:51:14 graph]: best_f1 0.778 at epoch 12
[2023-03-17 17:51:14] PRINT [03/17 17:51:14 graph]: start epoch 15.
[2023-03-17 17:51:14] PRINT [03/17 17:51:14 graph]: # Epoch 15: train_loss: 0.4949 | lr: 0.000186
[2023-03-17 17:51:15] PRINT [03/17 17:51:15 graph]: --- Testf1: 0.75300, Best Valacc: 0.71800 in epoch 81 --- 
[2023-03-17 17:51:16] PRINT [03/17 17:51:16 graph]: Epoch 15: get test acc score:  0.753
[2023-03-17 17:51:16] PRINT [03/17 17:51:16 graph]: best_f1 0.778 at epoch 12
[2023-03-17 17:51:16] PRINT [03/17 17:51:16 graph]: start epoch 16.
[2023-03-17 17:51:16] PRINT [03/17 17:51:16 graph]: # Epoch 16: train_loss: 0.5027 | lr: 0.000186
[2023-03-17 17:51:16] PRINT [03/17 17:51:16 graph]: --- Testf1: 0.73500, Best Valacc: 0.69000 in epoch 99 --- 
[2023-03-17 17:51:17] PRINT [03/17 17:51:17 graph]: Epoch 16: get test acc score:  0.735
[2023-03-17 17:51:17] PRINT [03/17 17:51:17 graph]: best_f1 0.778 at epoch 12
[2023-03-17 17:51:17] PRINT [03/17 17:51:17 graph]: start epoch 17.
[2023-03-17 17:51:17] PRINT [03/17 17:51:17 graph]: # Epoch 17: train_loss: 0.5048 | lr: 0.000186
[2023-03-17 17:51:18] PRINT [03/17 17:51:18 graph]: --- Testf1: 0.73800, Best Valacc: 0.68600 in epoch 99 --- 
[2023-03-17 17:51:18] PRINT [03/17 17:51:18 graph]: Epoch 17: get test acc score:  0.738
[2023-03-17 17:51:18] PRINT [03/17 17:51:18 graph]: best_f1 0.778 at epoch 12
[2023-03-17 17:51:18] PRINT [03/17 17:51:18 graph]: start epoch 18.
[2023-03-17 17:51:18] PRINT [03/17 17:51:18 graph]: # Epoch 18: train_loss: 0.5064 | lr: 0.000186
[2023-03-17 17:51:19] PRINT [03/17 17:51:19 graph]: --- Testf1: 0.72300, Best Valacc: 0.68800 in epoch 96 --- 
[2023-03-17 17:51:19] PRINT [03/17 17:51:19 graph]: Epoch 18: get test acc score:  0.723
[2023-03-17 17:51:19] PRINT [03/17 17:51:19 graph]: best_f1 0.778 at epoch 12
[2023-03-17 17:51:19] PRINT [03/17 17:51:19 graph]: start epoch 19.
[2023-03-17 17:51:19] PRINT [03/17 17:51:19 graph]: # Epoch 19: train_loss: 0.5068 | lr: 0.000186
[2023-03-17 17:51:20] PRINT [03/17 17:51:20 graph]: --- Testf1: 0.72100, Best Valacc: 0.66600 in epoch 95 --- 
[2023-03-17 17:51:21] PRINT [03/17 17:51:21 graph]: Epoch 19: get test acc score:  0.721
[2023-03-17 17:51:21] PRINT [03/17 17:51:21 graph]: best_f1 0.778 at epoch 12
[2023-03-17 17:51:21] PRINT [03/17 17:51:21 graph]: start epoch 20.
[2023-03-17 17:51:21] PRINT [03/17 17:51:21 graph]: # Epoch 20: train_loss: 0.5068 | lr: 0.000186
[2023-03-17 17:51:22] PRINT [03/17 17:51:22 graph]: --- Testf1: 0.73000, Best Valacc: 0.66800 in epoch 99 --- 
[2023-03-17 17:51:22] PRINT [03/17 17:51:22 graph]: Epoch 20: get test acc score:  0.730
[2023-03-17 17:51:22] PRINT [03/17 17:51:22 graph]: best_f1 0.778 at epoch 12
[2023-03-17 17:51:22] PRINT [03/17 17:51:22 graph]: start epoch 21.
[2023-03-17 17:51:22] PRINT [03/17 17:51:22 graph]: # Epoch 21: train_loss: 0.5064 | lr: 0.000186
[2023-03-17 17:51:23] PRINT [03/17 17:51:23 graph]: --- Testf1: 0.72700, Best Valacc: 0.68000 in epoch 99 --- 
[2023-03-17 17:51:23] PRINT [03/17 17:51:23 graph]: Epoch 21: get test acc score:  0.727
[2023-03-17 17:51:23] PRINT [03/17 17:51:23 graph]: best_f1 0.778 at epoch 12
[2023-03-17 17:51:23] PRINT [03/17 17:51:23 graph]: start epoch 22.
[2023-03-17 17:51:23] PRINT [03/17 17:51:23 graph]: # Epoch 22: train_loss: 0.5059 | lr: 0.000186
[2023-03-17 17:51:24] PRINT [03/17 17:51:24 graph]: --- Testf1: 0.70300, Best Valacc: 0.68400 in epoch 77 --- 
[2023-03-17 17:51:24] PRINT [03/17 17:51:24 graph]: Epoch 22: get test acc score:  0.703
[2023-03-17 17:51:24] PRINT [03/17 17:51:24 graph]: best_f1 0.778 at epoch 12
[2023-03-17 17:51:24] PRINT [03/17 17:51:24 graph]: start epoch 23.
[2023-03-17 17:51:24] PRINT [03/17 17:51:24 graph]: # Epoch 23: train_loss: 0.5049 | lr: 0.000186
[2023-03-17 17:51:25] PRINT [03/17 17:51:25 graph]: --- Testf1: 0.71100, Best Valacc: 0.65800 in epoch 99 --- 
[2023-03-17 17:51:26] PRINT [03/17 17:51:26 graph]: Epoch 23: get test acc score:  0.711
[2023-03-17 17:51:26] PRINT [03/17 17:51:26 graph]: best_f1 0.778 at epoch 12
[2023-03-17 17:51:26] PRINT [03/17 17:51:26 graph]: start epoch 24.
[2023-03-17 17:51:26] PRINT [03/17 17:51:26 graph]: # Epoch 24: train_loss: 0.5045 | lr: 0.000186
[2023-03-17 17:51:27] PRINT [03/17 17:51:27 graph]: --- Testf1: 0.70500, Best Valacc: 0.68400 in epoch 96 --- 
[2023-03-17 17:51:27] PRINT [03/17 17:51:27 graph]: Epoch 24: get test acc score:  0.705
[2023-03-17 17:51:27] PRINT [03/17 17:51:27 graph]: best_f1 0.778 at epoch 12
[2023-03-17 17:51:27] PRINT [03/17 17:51:27 graph]: start epoch 25.
[2023-03-17 17:51:27] PRINT [03/17 17:51:27 graph]: # Epoch 25: train_loss: 0.5037 | lr: 0.000186
[2023-03-17 17:51:28] PRINT [03/17 17:51:28 graph]: --- Testf1: 0.72900, Best Valacc: 0.68800 in epoch 99 --- 
[2023-03-17 17:51:28] PRINT [03/17 17:51:28 graph]: Epoch 25: get test acc score:  0.729
[2023-03-17 17:51:28] PRINT [03/17 17:51:28 graph]: best_f1 0.778 at epoch 12
[2023-03-17 17:51:28] PRINT [03/17 17:51:28 graph]: start epoch 26.
[2023-03-17 17:51:28] PRINT [03/17 17:51:28 graph]: # Epoch 26: train_loss: 0.5027 | lr: 0.000186
[2023-03-17 17:51:29] PRINT [03/17 17:51:29 graph]: --- Testf1: 0.71600, Best Valacc: 0.65600 in epoch 99 --- 
[2023-03-17 17:51:29] PRINT [03/17 17:51:29 graph]: Epoch 26: get test acc score:  0.716
[2023-03-17 17:51:29] PRINT [03/17 17:51:29 graph]: best_f1 0.778 at epoch 12
[2023-03-17 17:51:29] PRINT [03/17 17:51:29 graph]: start epoch 27.
[2023-03-17 17:51:29] PRINT [03/17 17:51:29 graph]: # Epoch 27: train_loss: 0.5004 | lr: 0.000186
[2023-03-17 17:51:30] PRINT [03/17 17:51:30 graph]: --- Testf1: 0.70800, Best Valacc: 0.66400 in epoch 97 --- 
[2023-03-17 17:51:31] PRINT [03/17 17:51:31 graph]: Epoch 27: get test acc score:  0.708
[2023-03-17 17:51:31] PRINT [03/17 17:51:31 graph]: best_f1 0.778 at epoch 12
[2023-03-17 17:51:31] PRINT [03/17 17:51:31 graph]: start epoch 28.
[2023-03-17 17:51:31] PRINT [03/17 17:51:31 graph]: # Epoch 28: train_loss: 0.4992 | lr: 0.000186
[2023-03-17 17:51:31] PRINT [03/17 17:51:31 graph]: --- Testf1: 0.72000, Best Valacc: 0.68800 in epoch 97 --- 
[2023-03-17 17:51:32] PRINT [03/17 17:51:32 graph]: Epoch 28: get test acc score:  0.720
[2023-03-17 17:51:32] PRINT [03/17 17:51:32 graph]: best_f1 0.778 at epoch 12
[2023-03-17 17:51:32] PRINT [03/17 17:51:32 graph]: start epoch 29.
[2023-03-17 17:51:32] PRINT [03/17 17:51:32 graph]: # Epoch 29: train_loss: 0.4979 | lr: 0.000186
[2023-03-17 17:51:33] PRINT [03/17 17:51:33 graph]: --- Testf1: 0.73500, Best Valacc: 0.68800 in epoch 95 --- 
[2023-03-17 17:51:33] PRINT [03/17 17:51:33 graph]: Epoch 29: get test acc score:  0.735
[2023-03-17 17:51:33] PRINT [03/17 17:51:33 graph]: best_f1 0.778 at epoch 12
[2023-03-17 17:51:33] PRINT [03/17 17:51:33 graph]: start epoch 30.
[2023-03-17 17:51:33] PRINT [03/17 17:51:33 graph]: # Epoch 30: train_loss: 0.4942 | lr: 0.000186
[2023-03-17 17:51:34] PRINT [03/17 17:51:34 graph]: --- Testf1: 0.73300, Best Valacc: 0.65600 in epoch 99 --- 
[2023-03-17 17:51:34] PRINT [03/17 17:51:34 graph]: Epoch 30: get test acc score:  0.733
[2023-03-17 17:51:34] PRINT [03/17 17:51:34 graph]: best_f1 0.778 at epoch 12
[2023-03-17 17:51:34] PRINT [03/17 17:51:34 graph]: start epoch 31.
[2023-03-17 17:51:34] PRINT [03/17 17:51:34 graph]: # Epoch 31: train_loss: 0.4908 | lr: 0.000186
[2023-03-17 17:51:35] PRINT [03/17 17:51:35 graph]: --- Testf1: 0.72600, Best Valacc: 0.68600 in epoch 95 --- 
[2023-03-17 17:51:35] PRINT [03/17 17:51:35 graph]: Epoch 31: get test acc score:  0.726
[2023-03-17 17:51:35] PRINT [03/17 17:51:35 graph]: best_f1 0.778 at epoch 12
[2023-03-17 17:51:35] PRINT [03/17 17:51:35 graph]: start epoch 32.
[2023-03-17 17:51:35] PRINT [03/17 17:51:35 graph]: # Epoch 32: train_loss: 0.4893 | lr: 0.000186
[2023-03-17 17:51:36] PRINT [03/17 17:51:36 graph]: --- Testf1: 0.73500, Best Valacc: 0.67600 in epoch 94 --- 
[2023-03-17 17:51:37] PRINT [03/17 17:51:37 graph]: Epoch 32: get test acc score:  0.735
[2023-03-17 17:51:37] PRINT [03/17 17:51:37 graph]: best_f1 0.778 at epoch 12
[2023-03-17 17:51:37] PRINT [03/17 17:51:37 graph]: start epoch 33.
[2023-03-17 17:51:37] PRINT [03/17 17:51:37 graph]: # Epoch 33: train_loss: 0.4866 | lr: 0.000186
[2023-03-17 17:51:38] PRINT [03/17 17:51:38 graph]: --- Testf1: 0.73500, Best Valacc: 0.68000 in epoch 99 --- 
[2023-03-17 17:51:38] PRINT [03/17 17:51:38 graph]: Epoch 33: get test acc score:  0.735
[2023-03-17 17:51:38] PRINT [03/17 17:51:38 graph]: best_f1 0.778 at epoch 12
[2023-03-17 17:51:38] PRINT [03/17 17:51:38 graph]: start epoch 34.
[2023-03-17 17:51:38] PRINT [03/17 17:51:38 graph]: # Epoch 34: train_loss: 0.4810 | lr: 0.000186
[2023-03-17 17:51:39] PRINT [03/17 17:51:39 graph]: --- Testf1: 0.73300, Best Valacc: 0.69000 in epoch 99 --- 
[2023-03-17 17:51:39] PRINT [03/17 17:51:39 graph]: Epoch 34: get test acc score:  0.733
[2023-03-17 17:51:39] PRINT [03/17 17:51:39 graph]: best_f1 0.778 at epoch 12
[2023-03-17 17:51:39] PRINT [03/17 17:51:39 graph]: start epoch 35.
[2023-03-17 17:51:39] PRINT [03/17 17:51:39 graph]: # Epoch 35: train_loss: 0.4779 | lr: 0.000186
[2023-03-17 17:51:40] PRINT [03/17 17:51:40 graph]: --- Testf1: 0.73400, Best Valacc: 0.68000 in epoch 96 --- 
[2023-03-17 17:51:40] PRINT [03/17 17:51:40 graph]: Epoch 35: get test acc score:  0.734
[2023-03-17 17:51:40] PRINT [03/17 17:51:40 graph]: best_f1 0.778 at epoch 12
[2023-03-17 17:51:40] PRINT [03/17 17:51:40 graph]: start epoch 36.
[2023-03-17 17:51:40] PRINT [03/17 17:51:40 graph]: # Epoch 36: train_loss: 0.4769 | lr: 0.000186
[2023-03-17 17:51:41] PRINT [03/17 17:51:41 graph]: --- Testf1: 0.74300, Best Valacc: 0.68800 in epoch 99 --- 
[2023-03-17 17:51:41] PRINT [03/17 17:51:41 graph]: Epoch 36: get test acc score:  0.743
[2023-03-17 17:51:41] PRINT [03/17 17:51:41 graph]: best_f1 0.778 at epoch 12
[2023-03-17 17:51:41] PRINT [03/17 17:51:41 graph]: start epoch 37.
[2023-03-17 17:51:42] PRINT [03/17 17:51:42 graph]: # Epoch 37: train_loss: 0.4731 | lr: 0.000186
[2023-03-17 17:51:42] PRINT [03/17 17:51:42 graph]: --- Testf1: 0.74800, Best Valacc: 0.70200 in epoch 99 --- 
[2023-03-17 17:51:43] PRINT [03/17 17:51:43 graph]: Epoch 37: get test acc score:  0.748
[2023-03-17 17:51:43] PRINT [03/17 17:51:43 graph]: best_f1 0.778 at epoch 12
[2023-03-17 17:51:43] PRINT [03/17 17:51:43 graph]: start epoch 38.
[2023-03-17 17:51:43] PRINT [03/17 17:51:43 graph]: # Epoch 38: train_loss: 0.4692 | lr: 0.000186
[2023-03-17 17:51:44] PRINT [03/17 17:51:44 graph]: --- Testf1: 0.75900, Best Valacc: 0.70200 in epoch 99 --- 
[2023-03-17 17:51:44] PRINT [03/17 17:51:44 graph]: Epoch 38: get test acc score:  0.759
[2023-03-17 17:51:44] PRINT [03/17 17:51:44 graph]: best_f1 0.778 at epoch 12
[2023-03-17 17:51:44] PRINT [03/17 17:51:44 graph]: start epoch 39.
[2023-03-17 17:51:44] PRINT [03/17 17:51:44 graph]: # Epoch 39: train_loss: 0.4685 | lr: 0.000186
[2023-03-17 17:51:45] PRINT [03/17 17:51:45 graph]: --- Testf1: 0.76000, Best Valacc: 0.72000 in epoch 86 --- 
[2023-03-17 17:51:45] PRINT [03/17 17:51:45 graph]: Epoch 39: get test acc score:  0.760
[2023-03-17 17:51:45] PRINT [03/17 17:51:45 graph]: best_f1 0.778 at epoch 12
[2023-03-17 17:51:45] PRINT [03/17 17:51:45 graph]: start epoch 40.
[2023-03-17 17:51:45] PRINT [03/17 17:51:45 graph]: # Epoch 40: train_loss: 0.4591 | lr: 0.000186
[2023-03-17 17:51:46] PRINT [03/17 17:51:46 graph]: --- Testf1: 0.76300, Best Valacc: 0.72000 in epoch 99 --- 
[2023-03-17 17:51:46] PRINT [03/17 17:51:46 graph]: Epoch 40: get test acc score:  0.763
[2023-03-17 17:51:46] PRINT [03/17 17:51:46 graph]: best_f1 0.778 at epoch 12
[2023-03-17 17:51:46] PRINT [03/17 17:51:46 graph]: start epoch 41.
[2023-03-17 17:51:46] PRINT [03/17 17:51:46 graph]: # Epoch 41: train_loss: 0.4549 | lr: 0.000186
[2023-03-17 17:51:47] PRINT [03/17 17:51:47 graph]: --- Testf1: 0.75800, Best Valacc: 0.73000 in epoch 98 --- 
[2023-03-17 17:51:48] PRINT [03/17 17:51:48 graph]: Epoch 41: get test acc score:  0.758
[2023-03-17 17:51:48] PRINT [03/17 17:51:48 graph]: best_f1 0.778 at epoch 12
[2023-03-17 17:51:48] PRINT [03/17 17:51:48 graph]: start epoch 42.
[2023-03-17 17:51:48] PRINT [03/17 17:51:48 graph]: # Epoch 42: train_loss: 0.4542 | lr: 0.000186
[2023-03-17 17:51:49] PRINT [03/17 17:51:49 graph]: --- Testf1: 0.74800, Best Valacc: 0.70800 in epoch 99 --- 
[2023-03-17 17:51:49] PRINT [03/17 17:51:49 graph]: Epoch 42: get test acc score:  0.748
[2023-03-17 17:51:49] PRINT [03/17 17:51:49 graph]: best_f1 0.778 at epoch 12
[2023-03-17 17:51:49] PRINT [03/17 17:51:49 graph]: start epoch 43.
[2023-03-17 17:51:49] PRINT [03/17 17:51:49 graph]: # Epoch 43: train_loss: 0.4503 | lr: 0.000186
[2023-03-17 17:51:50] PRINT [03/17 17:51:50 graph]: --- Testf1: 0.75400, Best Valacc: 0.71200 in epoch 99 --- 
[2023-03-17 17:51:50] PRINT [03/17 17:51:50 graph]: Epoch 43: get test acc score:  0.754
[2023-03-17 17:51:50] PRINT [03/17 17:51:50 graph]: best_f1 0.778 at epoch 12
[2023-03-17 17:51:50] PRINT [03/17 17:51:50 graph]: start epoch 44.
[2023-03-17 17:51:50] PRINT [03/17 17:51:50 graph]: # Epoch 44: train_loss: 0.4471 | lr: 0.000186
[2023-03-17 17:51:51] PRINT [03/17 17:51:51 graph]: --- Testf1: 0.75900, Best Valacc: 0.69800 in epoch 98 --- 
[2023-03-17 17:51:51] PRINT [03/17 17:51:51 graph]: Epoch 44: get test acc score:  0.759
[2023-03-17 17:51:51] PRINT [03/17 17:51:51 graph]: best_f1 0.778 at epoch 12
[2023-03-17 17:51:51] PRINT [03/17 17:51:51 graph]: start epoch 45.
[2023-03-17 17:51:51] PRINT [03/17 17:51:51 graph]: # Epoch 45: train_loss: 0.4403 | lr: 0.000186
[2023-03-17 17:51:52] PRINT [03/17 17:51:52 graph]: --- Testf1: 0.73600, Best Valacc: 0.68400 in epoch 99 --- 
[2023-03-17 17:51:53] PRINT [03/17 17:51:53 graph]: Epoch 45: get test acc score:  0.736
[2023-03-17 17:51:53] PRINT [03/17 17:51:53 graph]: best_f1 0.778 at epoch 12
[2023-03-17 17:51:53] PRINT [03/17 17:51:53 graph]: start epoch 46.
[2023-03-17 17:51:53] PRINT [03/17 17:51:53 graph]: # Epoch 46: train_loss: 0.4413 | lr: 0.000186
[2023-03-17 17:51:53] PRINT [03/17 17:51:53 graph]: --- Testf1: 0.77400, Best Valacc: 0.68600 in epoch 99 --- 
[2023-03-17 17:51:54] PRINT [03/17 17:51:54 graph]: Epoch 46: get test acc score:  0.774
[2023-03-17 17:51:54] PRINT [03/17 17:51:54 graph]: best_f1 0.778 at epoch 12
[2023-03-17 17:51:54] PRINT [03/17 17:51:54 graph]: start epoch 47.
[2023-03-17 17:51:54] PRINT [03/17 17:51:54 graph]: # Epoch 47: train_loss: 0.4364 | lr: 0.000186
[2023-03-17 17:51:55] PRINT [03/17 17:51:55 graph]: --- Testf1: 0.76600, Best Valacc: 0.69400 in epoch 96 --- 
[2023-03-17 17:51:55] PRINT [03/17 17:51:55 graph]: Epoch 47: get test acc score:  0.766
[2023-03-17 17:51:55] PRINT [03/17 17:51:55 graph]: best_f1 0.778 at epoch 12
[2023-03-17 17:51:55] PRINT [03/17 17:51:55 graph]: start epoch 48.
[2023-03-17 17:51:55] PRINT [03/17 17:51:55 graph]: # Epoch 48: train_loss: 0.4332 | lr: 0.000186
[2023-03-17 17:51:56] PRINT [03/17 17:51:56 graph]: --- Testf1: 0.76500, Best Valacc: 0.71600 in epoch 99 --- 
[2023-03-17 17:51:56] PRINT [03/17 17:51:56 graph]: Epoch 48: get test acc score:  0.765
[2023-03-17 17:51:56] PRINT [03/17 17:51:56 graph]: best_f1 0.778 at epoch 12
[2023-03-17 17:51:56] PRINT [03/17 17:51:56 graph]: start epoch 49.
[2023-03-17 17:51:56] PRINT [03/17 17:51:56 graph]: # Epoch 49: train_loss: 0.4292 | lr: 0.000186
[2023-03-17 17:51:57] PRINT [03/17 17:51:57 graph]: --- Testf1: 0.75200, Best Valacc: 0.70400 in epoch 89 --- 
[2023-03-17 17:51:57] PRINT [03/17 17:51:57 graph]: Epoch 49: get test acc score:  0.752
[2023-03-17 17:51:57] PRINT [03/17 17:51:57 graph]: best_f1 0.778 at epoch 12
[2023-03-17 17:51:57] PRINT [03/17 17:51:57 graph]: start epoch 50.
[2023-03-17 17:51:58] PRINT [03/17 17:51:58 graph]: # Epoch 50: train_loss: 0.4272 | lr: 0.000186
[2023-03-17 17:51:58] PRINT [03/17 17:51:58 graph]: --- Testf1: 0.76000, Best Valacc: 0.72000 in epoch 99 --- 
[2023-03-17 17:51:59] PRINT [03/17 17:51:59 graph]: Epoch 50: get test acc score:  0.760
[2023-03-17 17:51:59] PRINT [03/17 17:51:59 graph]: best_f1 0.778 at epoch 12
[2023-03-17 17:51:59] PRINT [03/17 17:51:59 graph]: start epoch 51.
[2023-03-17 17:51:59] PRINT [03/17 17:51:59 graph]: # Epoch 51: train_loss: 0.4226 | lr: 0.000186
[2023-03-17 17:52:00] PRINT [03/17 17:52:00 graph]: --- Testf1: 0.76900, Best Valacc: 0.71600 in epoch 89 --- 
[2023-03-17 17:52:00] PRINT [03/17 17:52:00 graph]: Epoch 51: get test acc score:  0.769
[2023-03-17 17:52:00] PRINT [03/17 17:52:00 graph]: best_f1 0.778 at epoch 12
[2023-03-17 17:52:00] PRINT [03/17 17:52:00 graph]: start epoch 52.
[2023-03-17 17:52:00] PRINT [03/17 17:52:00 graph]: # Epoch 52: train_loss: 0.4212 | lr: 0.000186
[2023-03-17 17:52:01] PRINT [03/17 17:52:01 graph]: --- Testf1: 0.76700, Best Valacc: 0.72400 in epoch 99 --- 
[2023-03-17 17:52:01] PRINT [03/17 17:52:01 graph]: Epoch 52: get test acc score:  0.767
[2023-03-17 17:52:01] PRINT [03/17 17:52:01 graph]: best_f1 0.778 at epoch 12
[2023-03-17 17:52:01] PRINT [03/17 17:52:01 graph]: start epoch 53.
[2023-03-17 17:52:01] PRINT [03/17 17:52:01 graph]: # Epoch 53: train_loss: 0.4172 | lr: 0.000186
[2023-03-17 17:52:02] PRINT [03/17 17:52:02 graph]: --- Testf1: 0.77800, Best Valacc: 0.71800 in epoch 99 --- 
[2023-03-17 17:52:02] PRINT [03/17 17:52:02 graph]: Epoch 53: get test acc score:  0.778
[2023-03-17 17:52:02] PRINT [03/17 17:52:02 graph]: best_f1 0.778 at epoch 12
[2023-03-17 17:52:02] PRINT [03/17 17:52:02 graph]: start epoch 54.
[2023-03-17 17:52:02] PRINT [03/17 17:52:02 graph]: # Epoch 54: train_loss: 0.4139 | lr: 0.000186
[2023-03-17 17:52:03] PRINT [03/17 17:52:03 graph]: --- Testf1: 0.77600, Best Valacc: 0.73000 in epoch 99 --- 
[2023-03-17 17:52:04] PRINT [03/17 17:52:04 graph]: Epoch 54: get test acc score:  0.776
[2023-03-17 17:52:04] PRINT [03/17 17:52:04 graph]: best_f1 0.778 at epoch 12
[2023-03-17 17:52:04] PRINT [03/17 17:52:04 graph]: start epoch 55.
[2023-03-17 17:52:04] PRINT [03/17 17:52:04 graph]: # Epoch 55: train_loss: 0.4137 | lr: 0.000186
[2023-03-17 17:52:04] PRINT [03/17 17:52:04 graph]: --- Testf1: 0.76800, Best Valacc: 0.72200 in epoch 99 --- 
[2023-03-17 17:52:05] PRINT [03/17 17:52:05 graph]: Epoch 55: get test acc score:  0.768
[2023-03-17 17:52:05] PRINT [03/17 17:52:05 graph]: best_f1 0.778 at epoch 12
[2023-03-17 17:52:05] PRINT [03/17 17:52:05 graph]: start epoch 56.
[2023-03-17 17:52:05] PRINT [03/17 17:52:05 graph]: # Epoch 56: train_loss: 0.4125 | lr: 0.000186
[2023-03-17 17:52:06] PRINT [03/17 17:52:06 graph]: --- Testf1: 0.76900, Best Valacc: 0.72000 in epoch 99 --- 
[2023-03-17 17:52:06] PRINT [03/17 17:52:06 graph]: Epoch 56: get test acc score:  0.769
[2023-03-17 17:52:06] PRINT [03/17 17:52:06 graph]: best_f1 0.778 at epoch 12
[2023-03-17 17:52:06] PRINT [03/17 17:52:06 graph]: start epoch 57.
[2023-03-17 17:52:06] PRINT [03/17 17:52:06 graph]: # Epoch 57: train_loss: 0.4071 | lr: 0.000186
[2023-03-17 17:52:07] PRINT [03/17 17:52:07 graph]: --- Testf1: 0.77000, Best Valacc: 0.71800 in epoch 89 --- 
[2023-03-17 17:52:07] PRINT [03/17 17:52:07 graph]: Epoch 57: get test acc score:  0.770
[2023-03-17 17:52:07] PRINT [03/17 17:52:07 graph]: best_f1 0.778 at epoch 12
[2023-03-17 17:52:07] PRINT [03/17 17:52:07 graph]: start epoch 58.
[2023-03-17 17:52:07] PRINT [03/17 17:52:07 graph]: # Epoch 58: train_loss: 0.4098 | lr: 0.000186
[2023-03-17 17:52:08] PRINT [03/17 17:52:08 graph]: --- Testf1: 0.78200, Best Valacc: 0.72800 in epoch 79 --- 
[2023-03-17 17:52:08] PRINT [03/17 17:52:08 graph]: Epoch 58: get test acc score:  0.782
[2023-03-17 17:52:08] PRINT [03/17 17:52:08 graph]: best_f1 0.782 at epoch 58
[2023-03-17 17:52:08] PRINT [03/17 17:52:08 graph]: start epoch 59.
[2023-03-17 17:52:09] PRINT [03/17 17:52:09 graph]: # Epoch 59: train_loss: 0.4047 | lr: 0.000186
[2023-03-17 17:52:09] PRINT [03/17 17:52:09 graph]: --- Testf1: 0.78100, Best Valacc: 0.74800 in epoch 98 --- 
[2023-03-17 17:52:10] PRINT [03/17 17:52:10 graph]: Epoch 59: get test acc score:  0.781
[2023-03-17 17:52:10] PRINT [03/17 17:52:10 graph]: best_f1 0.782 at epoch 58
[2023-03-17 17:52:10] PRINT [03/17 17:52:10 graph]: start epoch 60.
[2023-03-17 17:52:10] PRINT [03/17 17:52:10 graph]: # Epoch 60: train_loss: 0.4075 | lr: 0.000186
[2023-03-17 17:52:11] PRINT [03/17 17:52:11 graph]: --- Testf1: 0.78200, Best Valacc: 0.74600 in epoch 60 --- 
[2023-03-17 17:52:11] PRINT [03/17 17:52:11 graph]: Epoch 60: get test acc score:  0.782
[2023-03-17 17:52:11] PRINT [03/17 17:52:11 graph]: best_f1 0.782 at epoch 58
[2023-03-17 17:52:11] PRINT [03/17 17:52:11 graph]: start epoch 61.
[2023-03-17 17:52:11] PRINT [03/17 17:52:11 graph]: # Epoch 61: train_loss: 0.4009 | lr: 0.000186
[2023-03-17 17:52:12] PRINT [03/17 17:52:12 graph]: --- Testf1: 0.77500, Best Valacc: 0.75200 in epoch 75 --- 
[2023-03-17 17:52:12] PRINT [03/17 17:52:12 graph]: Epoch 61: get test acc score:  0.775
[2023-03-17 17:52:12] PRINT [03/17 17:52:12 graph]: best_f1 0.782 at epoch 58
[2023-03-17 17:52:12] PRINT [03/17 17:52:12 graph]: start epoch 62.
[2023-03-17 17:52:12] PRINT [03/17 17:52:12 graph]: # Epoch 62: train_loss: 0.4024 | lr: 0.000186
[2023-03-17 17:52:13] PRINT [03/17 17:52:13 graph]: --- Testf1: 0.79200, Best Valacc: 0.74200 in epoch 77 --- 
[2023-03-17 17:52:13] PRINT [03/17 17:52:13 graph]: Epoch 62: get test acc score:  0.792
[2023-03-17 17:52:13] PRINT [03/17 17:52:13 graph]: best_f1 0.792 at epoch 62
[2023-03-17 17:52:13] PRINT [03/17 17:52:13 graph]: start epoch 63.
[2023-03-17 17:52:13] PRINT [03/17 17:52:13 graph]: # Epoch 63: train_loss: 0.3985 | lr: 0.000186
[2023-03-17 17:52:14] PRINT [03/17 17:52:14 graph]: --- Testf1: 0.78500, Best Valacc: 0.75200 in epoch 98 --- 
[2023-03-17 17:52:15] PRINT [03/17 17:52:15 graph]: Epoch 63: get test acc score:  0.785
[2023-03-17 17:52:15] PRINT [03/17 17:52:15 graph]: best_f1 0.792 at epoch 62
[2023-03-17 17:52:15] PRINT [03/17 17:52:15 graph]: start epoch 64.
[2023-03-17 17:52:15] PRINT [03/17 17:52:15 graph]: # Epoch 64: train_loss: 0.3964 | lr: 0.000186
[2023-03-17 17:52:15] PRINT [03/17 17:52:15 graph]: --- Testf1: 0.78300, Best Valacc: 0.73400 in epoch 91 --- 
[2023-03-17 17:52:16] PRINT [03/17 17:52:16 graph]: Epoch 64: get test acc score:  0.783
[2023-03-17 17:52:16] PRINT [03/17 17:52:16 graph]: best_f1 0.792 at epoch 62
[2023-03-17 17:52:16] PRINT [03/17 17:52:16 graph]: start epoch 65.
[2023-03-17 17:52:16] PRINT [03/17 17:52:16 graph]: # Epoch 65: train_loss: 0.3964 | lr: 0.000186
[2023-03-17 17:52:17] PRINT [03/17 17:52:17 graph]: --- Testf1: 0.79100, Best Valacc: 0.74800 in epoch 63 --- 
[2023-03-17 17:52:17] PRINT [03/17 17:52:17 graph]: Epoch 65: get test acc score:  0.791
[2023-03-17 17:52:17] PRINT [03/17 17:52:17 graph]: best_f1 0.792 at epoch 62
[2023-03-17 17:52:17] PRINT [03/17 17:52:17 graph]: start epoch 66.
[2023-03-17 17:52:17] PRINT [03/17 17:52:17 graph]: # Epoch 66: train_loss: 0.3931 | lr: 0.000186
[2023-03-17 17:52:18] PRINT [03/17 17:52:18 graph]: --- Testf1: 0.78600, Best Valacc: 0.73400 in epoch 51 --- 
[2023-03-17 17:52:18] PRINT [03/17 17:52:18 graph]: Epoch 66: get test acc score:  0.786
[2023-03-17 17:52:18] PRINT [03/17 17:52:18 graph]: best_f1 0.792 at epoch 62
[2023-03-17 17:52:18] PRINT [03/17 17:52:18 graph]: start epoch 67.
[2023-03-17 17:52:18] PRINT [03/17 17:52:18 graph]: # Epoch 67: train_loss: 0.3938 | lr: 0.000186
[2023-03-17 17:52:19] PRINT [03/17 17:52:19 graph]: --- Testf1: 0.79600, Best Valacc: 0.72800 in epoch 81 --- 
[2023-03-17 17:52:19] PRINT [03/17 17:52:19 graph]: Epoch 67: get test acc score:  0.796
[2023-03-17 17:52:19] PRINT [03/17 17:52:19 graph]: best_f1 0.796 at epoch 67
[2023-03-17 17:52:19] PRINT [03/17 17:52:19 graph]: start epoch 68.
[2023-03-17 17:52:19] PRINT [03/17 17:52:19 graph]: # Epoch 68: train_loss: 0.3892 | lr: 0.000186
[2023-03-17 17:52:20] PRINT [03/17 17:52:20 graph]: --- Testf1: 0.79900, Best Valacc: 0.73800 in epoch 53 --- 
[2023-03-17 17:52:21] PRINT [03/17 17:52:21 graph]: Epoch 68: get test acc score:  0.799
[2023-03-17 17:52:21] PRINT [03/17 17:52:21 graph]: best_f1 0.799 at epoch 68
[2023-03-17 17:52:21] PRINT [03/17 17:52:21 graph]: start epoch 69.
[2023-03-17 17:52:21] PRINT [03/17 17:52:21 graph]: # Epoch 69: train_loss: 0.3883 | lr: 0.000186
[2023-03-17 17:52:21] PRINT [03/17 17:52:21 graph]: --- Testf1: 0.79100, Best Valacc: 0.74800 in epoch 70 --- 
[2023-03-17 17:52:22] PRINT [03/17 17:52:22 graph]: Epoch 69: get test acc score:  0.791
[2023-03-17 17:52:22] PRINT [03/17 17:52:22 graph]: best_f1 0.799 at epoch 68
[2023-03-17 17:52:22] PRINT [03/17 17:52:22 graph]: start epoch 70.
[2023-03-17 17:52:22] PRINT [03/17 17:52:22 graph]: # Epoch 70: train_loss: 0.3838 | lr: 0.000186
[2023-03-17 17:52:23] PRINT [03/17 17:52:23 graph]: --- Testf1: 0.80300, Best Valacc: 0.74200 in epoch 64 --- 
[2023-03-17 17:52:23] PRINT [03/17 17:52:23 graph]: Epoch 70: get test acc score:  0.803
[2023-03-17 17:52:23] PRINT [03/17 17:52:23 graph]: best_f1 0.803 at epoch 70
[2023-03-17 17:52:23] PRINT [03/17 17:52:23 graph]: start epoch 71.
[2023-03-17 17:52:23] PRINT [03/17 17:52:23 graph]: # Epoch 71: train_loss: 0.3876 | lr: 0.000186
[2023-03-17 17:52:24] PRINT [03/17 17:52:24 graph]: --- Testf1: 0.80100, Best Valacc: 0.73400 in epoch 29 --- 
[2023-03-17 17:52:24] PRINT [03/17 17:52:24 graph]: Epoch 71: get test acc score:  0.801
[2023-03-17 17:52:24] PRINT [03/17 17:52:24 graph]: best_f1 0.803 at epoch 70
[2023-03-17 17:52:24] PRINT [03/17 17:52:24 graph]: start epoch 72.
[2023-03-17 17:52:24] PRINT [03/17 17:52:24 graph]: # Epoch 72: train_loss: 0.3866 | lr: 0.000186
[2023-03-17 17:52:25] PRINT [03/17 17:52:25 graph]: --- Testf1: 0.78300, Best Valacc: 0.74400 in epoch 84 --- 
[2023-03-17 17:52:25] PRINT [03/17 17:52:25 graph]: Epoch 72: get test acc score:  0.783
[2023-03-17 17:52:25] PRINT [03/17 17:52:25 graph]: best_f1 0.803 at epoch 70
[2023-03-17 17:52:25] PRINT [03/17 17:52:25 graph]: start epoch 73.
[2023-03-17 17:52:25] PRINT [03/17 17:52:25 graph]: # Epoch 73: train_loss: 0.3775 | lr: 0.000186
[2023-03-17 17:52:26] PRINT [03/17 17:52:26 graph]: --- Testf1: 0.78400, Best Valacc: 0.73800 in epoch 99 --- 
[2023-03-17 17:52:26] PRINT [03/17 17:52:26 graph]: Epoch 73: get test acc score:  0.784
[2023-03-17 17:52:26] PRINT [03/17 17:52:26 graph]: best_f1 0.803 at epoch 70
[2023-03-17 17:52:26] PRINT [03/17 17:52:26 graph]: start epoch 74.
[2023-03-17 17:52:26] PRINT [03/17 17:52:26 graph]: # Epoch 74: train_loss: 0.3786 | lr: 0.000186
[2023-03-17 17:52:27] PRINT [03/17 17:52:27 graph]: --- Testf1: 0.80100, Best Valacc: 0.72200 in epoch 55 --- 
[2023-03-17 17:52:28] PRINT [03/17 17:52:28 graph]: Epoch 74: get test acc score:  0.801
[2023-03-17 17:52:28] PRINT [03/17 17:52:28 graph]: best_f1 0.803 at epoch 70
[2023-03-17 17:52:28] PRINT [03/17 17:52:28 graph]: start epoch 75.
[2023-03-17 17:52:28] PRINT [03/17 17:52:28 graph]: # Epoch 75: train_loss: 0.3766 | lr: 0.000186
[2023-03-17 17:52:28] PRINT [03/17 17:52:28 graph]: --- Testf1: 0.80100, Best Valacc: 0.75000 in epoch 62 --- 
[2023-03-17 17:52:29] PRINT [03/17 17:52:29 graph]: Epoch 75: get test acc score:  0.801
[2023-03-17 17:52:29] PRINT [03/17 17:52:29 graph]: best_f1 0.803 at epoch 70
[2023-03-17 17:52:29] PRINT [03/17 17:52:29 graph]: start epoch 76.
[2023-03-17 17:52:29] PRINT [03/17 17:52:29 graph]: # Epoch 76: train_loss: 0.3740 | lr: 0.000186
[2023-03-17 17:52:30] PRINT [03/17 17:52:30 graph]: --- Testf1: 0.79500, Best Valacc: 0.74400 in epoch 39 --- 
[2023-03-17 17:52:30] PRINT [03/17 17:52:30 graph]: Epoch 76: get test acc score:  0.795
[2023-03-17 17:52:30] PRINT [03/17 17:52:30 graph]: best_f1 0.803 at epoch 70
[2023-03-17 17:52:30] PRINT [03/17 17:52:30 graph]: start epoch 77.
[2023-03-17 17:52:30] PRINT [03/17 17:52:30 graph]: # Epoch 77: train_loss: 0.3724 | lr: 0.000186
[2023-03-17 17:52:31] PRINT [03/17 17:52:31 graph]: --- Testf1: 0.78500, Best Valacc: 0.73600 in epoch 44 --- 
[2023-03-17 17:52:31] PRINT [03/17 17:52:31 graph]: Epoch 77: get test acc score:  0.785
[2023-03-17 17:52:31] PRINT [03/17 17:52:31 graph]: best_f1 0.803 at epoch 70
[2023-03-17 17:52:31] PRINT [03/17 17:52:31 graph]: start epoch 78.
[2023-03-17 17:52:31] PRINT [03/17 17:52:31 graph]: # Epoch 78: train_loss: 0.3671 | lr: 0.000186
[2023-03-17 17:52:32] PRINT [03/17 17:52:32 graph]: --- Testf1: 0.80100, Best Valacc: 0.75000 in epoch 67 --- 
[2023-03-17 17:52:32] PRINT [03/17 17:52:32 graph]: Epoch 78: get test acc score:  0.801
[2023-03-17 17:52:32] PRINT [03/17 17:52:32 graph]: best_f1 0.803 at epoch 70
[2023-03-17 17:52:32] PRINT [03/17 17:52:32 graph]: start epoch 79.
[2023-03-17 17:52:32] PRINT [03/17 17:52:32 graph]: # Epoch 79: train_loss: 0.3644 | lr: 0.000186
[2023-03-17 17:52:33] PRINT [03/17 17:52:33 graph]: --- Testf1: 0.79300, Best Valacc: 0.74600 in epoch 37 --- 
[2023-03-17 17:52:34] PRINT [03/17 17:52:34 graph]: Epoch 79: get test acc score:  0.793
[2023-03-17 17:52:34] PRINT [03/17 17:52:34 graph]: best_f1 0.803 at epoch 70
[2023-03-17 17:52:34] PRINT [03/17 17:52:34 graph]: start epoch 80.
[2023-03-17 17:52:34] PRINT [03/17 17:52:34 graph]: # Epoch 80: train_loss: 0.3647 | lr: 0.000186
[2023-03-17 17:52:34] PRINT [03/17 17:52:34 graph]: --- Testf1: 0.79000, Best Valacc: 0.75200 in epoch 25 --- 
[2023-03-17 17:52:35] PRINT [03/17 17:52:35 graph]: Epoch 80: get test acc score:  0.790
[2023-03-17 17:52:35] PRINT [03/17 17:52:35 graph]: best_f1 0.803 at epoch 70
[2023-03-17 17:52:35] PRINT [03/17 17:52:35 graph]: start epoch 81.
[2023-03-17 17:52:35] PRINT [03/17 17:52:35 graph]: # Epoch 81: train_loss: 0.3625 | lr: 0.000186
[2023-03-17 17:52:36] PRINT [03/17 17:52:36 graph]: --- Testf1: 0.78800, Best Valacc: 0.73600 in epoch 46 --- 
[2023-03-17 17:52:36] PRINT [03/17 17:52:36 graph]: Epoch 81: get test acc score:  0.788
[2023-03-17 17:52:36] PRINT [03/17 17:52:36 graph]: best_f1 0.803 at epoch 70
[2023-03-17 17:52:36] PRINT [03/17 17:52:36 graph]: start epoch 82.
[2023-03-17 17:52:36] PRINT [03/17 17:52:36 graph]: # Epoch 82: train_loss: 0.3573 | lr: 0.000186
[2023-03-17 17:52:37] PRINT [03/17 17:52:37 graph]: --- Testf1: 0.80000, Best Valacc: 0.75000 in epoch 49 --- 
[2023-03-17 17:52:37] PRINT [03/17 17:52:37 graph]: Epoch 82: get test acc score:  0.800
[2023-03-17 17:52:37] PRINT [03/17 17:52:37 graph]: best_f1 0.803 at epoch 70
[2023-03-17 17:52:37] PRINT [03/17 17:52:37 graph]: start epoch 83.
[2023-03-17 17:52:37] PRINT [03/17 17:52:37 graph]: # Epoch 83: train_loss: 0.3541 | lr: 0.000186
[2023-03-17 17:52:38] PRINT [03/17 17:52:38 graph]: --- Testf1: 0.79600, Best Valacc: 0.75000 in epoch 68 --- 
[2023-03-17 17:52:38] PRINT [03/17 17:52:38 graph]: Epoch 83: get test acc score:  0.796
[2023-03-17 17:52:38] PRINT [03/17 17:52:38 graph]: best_f1 0.803 at epoch 70
[2023-03-17 17:52:38] PRINT [03/17 17:52:38 graph]: start epoch 84.
[2023-03-17 17:52:38] PRINT [03/17 17:52:38 graph]: # Epoch 84: train_loss: 0.3537 | lr: 0.000186
[2023-03-17 17:52:39] PRINT [03/17 17:52:39 graph]: --- Testf1: 0.79500, Best Valacc: 0.77000 in epoch 87 --- 
[2023-03-17 17:52:40] PRINT [03/17 17:52:40 graph]: Epoch 84: get test acc score:  0.795
[2023-03-17 17:52:40] PRINT [03/17 17:52:40 graph]: best_f1 0.803 at epoch 70
[2023-03-17 17:52:40] PRINT [03/17 17:52:40 graph]: start epoch 85.
[2023-03-17 17:52:40] PRINT [03/17 17:52:40 graph]: # Epoch 85: train_loss: 0.3539 | lr: 0.000186
[2023-03-17 17:52:41] PRINT [03/17 17:52:41 graph]: --- Testf1: 0.79300, Best Valacc: 0.73400 in epoch 44 --- 
[2023-03-17 17:52:41] PRINT [03/17 17:52:41 graph]: Epoch 85: get test acc score:  0.793
[2023-03-17 17:52:41] PRINT [03/17 17:52:41 graph]: best_f1 0.803 at epoch 70
[2023-03-17 17:52:41] PRINT [03/17 17:52:41 graph]: start epoch 86.
[2023-03-17 17:52:41] PRINT [03/17 17:52:41 graph]: # Epoch 86: train_loss: 0.3466 | lr: 0.000186
[2023-03-17 17:52:42] PRINT [03/17 17:52:42 graph]: --- Testf1: 0.80000, Best Valacc: 0.74400 in epoch 33 --- 
[2023-03-17 17:52:42] PRINT [03/17 17:52:42 graph]: Epoch 86: get test acc score:  0.800
[2023-03-17 17:52:42] PRINT [03/17 17:52:42 graph]: best_f1 0.803 at epoch 70
[2023-03-17 17:52:42] PRINT [03/17 17:52:42 graph]: start epoch 87.
[2023-03-17 17:52:42] PRINT [03/17 17:52:42 graph]: # Epoch 87: train_loss: 0.3448 | lr: 0.000186
[2023-03-17 17:52:43] PRINT [03/17 17:52:43 graph]: --- Testf1: 0.79200, Best Valacc: 0.75400 in epoch 19 --- 
[2023-03-17 17:52:43] PRINT [03/17 17:52:43 graph]: Epoch 87: get test acc score:  0.792
[2023-03-17 17:52:43] PRINT [03/17 17:52:43 graph]: best_f1 0.803 at epoch 70
[2023-03-17 17:52:43] PRINT [03/17 17:52:43 graph]: start epoch 88.
[2023-03-17 17:52:43] PRINT [03/17 17:52:43 graph]: # Epoch 88: train_loss: 0.3422 | lr: 0.000186
[2023-03-17 17:52:44] PRINT [03/17 17:52:44 graph]: --- Testf1: 0.78800, Best Valacc: 0.74800 in epoch 22 --- 
[2023-03-17 17:52:44] PRINT [03/17 17:52:44 graph]: Epoch 88: get test acc score:  0.788
[2023-03-17 17:52:44] PRINT [03/17 17:52:44 graph]: best_f1 0.803 at epoch 70
[2023-03-17 17:52:44] PRINT [03/17 17:52:44 graph]: start epoch 89.
[2023-03-17 17:52:44] PRINT [03/17 17:52:44 graph]: # Epoch 89: train_loss: 0.3408 | lr: 0.000186
[2023-03-17 17:52:45] PRINT [03/17 17:52:45 graph]: --- Testf1: 0.80200, Best Valacc: 0.74800 in epoch 96 --- 
[2023-03-17 17:52:46] PRINT [03/17 17:52:46 graph]: Epoch 89: get test acc score:  0.802
[2023-03-17 17:52:46] PRINT [03/17 17:52:46 graph]: best_f1 0.803 at epoch 70
[2023-03-17 17:52:46] PRINT [03/17 17:52:46 graph]: start epoch 90.
[2023-03-17 17:52:46] PRINT [03/17 17:52:46 graph]: # Epoch 90: train_loss: 0.3338 | lr: 0.000186
[2023-03-17 17:52:47] PRINT [03/17 17:52:47 graph]: --- Testf1: 0.79500, Best Valacc: 0.75200 in epoch 87 --- 
[2023-03-17 17:52:47] PRINT [03/17 17:52:47 graph]: Epoch 90: get test acc score:  0.795
[2023-03-17 17:52:47] PRINT [03/17 17:52:47 graph]: best_f1 0.803 at epoch 70
[2023-03-17 17:52:47] PRINT [03/17 17:52:47 graph]: start epoch 91.
[2023-03-17 17:52:47] PRINT [03/17 17:52:47 graph]: # Epoch 91: train_loss: 0.3382 | lr: 0.000186
[2023-03-17 17:52:48] PRINT [03/17 17:52:48 graph]: --- Testf1: 0.79900, Best Valacc: 0.76200 in epoch 50 --- 
[2023-03-17 17:52:48] PRINT [03/17 17:52:48 graph]: Epoch 91: get test acc score:  0.799
[2023-03-17 17:52:48] PRINT [03/17 17:52:48 graph]: best_f1 0.803 at epoch 70
[2023-03-17 17:52:48] PRINT [03/17 17:52:48 graph]: start epoch 92.
[2023-03-17 17:52:48] PRINT [03/17 17:52:48 graph]: # Epoch 92: train_loss: 0.3499 | lr: 0.000186
[2023-03-17 17:52:49] PRINT [03/17 17:52:49 graph]: --- Testf1: 0.79700, Best Valacc: 0.75000 in epoch 55 --- 
[2023-03-17 17:52:49] PRINT [03/17 17:52:49 graph]: Epoch 92: get test acc score:  0.797
[2023-03-17 17:52:49] PRINT [03/17 17:52:49 graph]: best_f1 0.803 at epoch 70
[2023-03-17 17:52:49] PRINT [03/17 17:52:49 graph]: start epoch 93.
[2023-03-17 17:52:49] PRINT [03/17 17:52:49 graph]: # Epoch 93: train_loss: 0.3458 | lr: 0.000186
[2023-03-17 17:52:50] PRINT [03/17 17:52:50 graph]: --- Testf1: 0.80500, Best Valacc: 0.76600 in epoch 41 --- 
[2023-03-17 17:52:50] PRINT [03/17 17:52:50 graph]: Epoch 93: get test acc score:  0.805
[2023-03-17 17:52:50] PRINT [03/17 17:52:50 graph]: best_f1 0.805 at epoch 93
[2023-03-17 17:52:50] PRINT [03/17 17:52:50 graph]: start epoch 94.
[2023-03-17 17:52:51] PRINT [03/17 17:52:51 graph]: # Epoch 94: train_loss: 0.3381 | lr: 0.000186
[2023-03-17 17:52:51] PRINT [03/17 17:52:51 graph]: --- Testf1: 0.80200, Best Valacc: 0.76400 in epoch 58 --- 
[2023-03-17 17:52:52] PRINT [03/17 17:52:52 graph]: Epoch 94: get test acc score:  0.802
[2023-03-17 17:52:52] PRINT [03/17 17:52:52 graph]: best_f1 0.805 at epoch 93
[2023-03-17 17:52:52] PRINT [03/17 17:52:52 graph]: start epoch 95.
[2023-03-17 17:52:52] PRINT [03/17 17:52:52 graph]: # Epoch 95: train_loss: 0.3330 | lr: 0.000186
[2023-03-17 17:52:53] PRINT [03/17 17:52:53 graph]: --- Testf1: 0.79700, Best Valacc: 0.74600 in epoch 51 --- 
[2023-03-17 17:52:53] PRINT [03/17 17:52:53 graph]: Epoch 95: get test acc score:  0.797
[2023-03-17 17:52:53] PRINT [03/17 17:52:53 graph]: best_f1 0.805 at epoch 93
[2023-03-17 17:52:53] PRINT [03/17 17:52:53 graph]: start epoch 96.
[2023-03-17 17:52:53] PRINT [03/17 17:52:53 graph]: # Epoch 96: train_loss: 0.3316 | lr: 0.000186
[2023-03-17 17:52:54] PRINT [03/17 17:52:54 graph]: --- Testf1: 0.80300, Best Valacc: 0.74800 in epoch 19 --- 
[2023-03-17 17:52:54] PRINT [03/17 17:52:54 graph]: Epoch 96: get test acc score:  0.803
[2023-03-17 17:52:54] PRINT [03/17 17:52:54 graph]: best_f1 0.805 at epoch 93
[2023-03-17 17:52:54] PRINT [03/17 17:52:54 graph]: start epoch 97.
[2023-03-17 17:52:54] PRINT [03/17 17:52:54 graph]: # Epoch 97: train_loss: 0.3307 | lr: 0.000186
[2023-03-17 17:52:55] PRINT [03/17 17:52:55 graph]: --- Testf1: 0.79900, Best Valacc: 0.74200 in epoch 66 --- 
[2023-03-17 17:52:55] PRINT [03/17 17:52:55 graph]: Epoch 97: get test acc score:  0.799
[2023-03-17 17:52:55] PRINT [03/17 17:52:55 graph]: best_f1 0.805 at epoch 93
[2023-03-17 17:52:55] PRINT [03/17 17:52:55 graph]: start epoch 98.
[2023-03-17 17:52:55] PRINT [03/17 17:52:55 graph]: # Epoch 98: train_loss: 0.3255 | lr: 0.000186
[2023-03-17 17:52:56] PRINT [03/17 17:52:56 graph]: --- Testf1: 0.79500, Best Valacc: 0.74600 in epoch 68 --- 
[2023-03-17 17:52:56] PRINT [03/17 17:52:56 graph]: Epoch 98: get test acc score:  0.795
[2023-03-17 17:52:56] PRINT [03/17 17:52:56 graph]: best_f1 0.805 at epoch 93
[2023-03-17 17:52:56] PRINT [03/17 17:52:56 graph]: start epoch 99.
[2023-03-17 17:52:57] PRINT [03/17 17:52:57 graph]: # Epoch 99: train_loss: 0.3212 | lr: 0.000186
[2023-03-17 17:52:57] PRINT [03/17 17:52:57 graph]: --- Testf1: 0.79400, Best Valacc: 0.75400 in epoch 36 --- 
[2023-03-17 17:52:58] PRINT [03/17 17:52:58 graph]: Epoch 99: get test acc score:  0.794
[2023-03-17 17:52:58] PRINT [03/17 17:52:58 graph]: best_f1 0.805 at epoch 93
[2023-03-17 17:52:58] PRINT [03/17 17:52:58 graph]: # final_acc: 0.8050±0.0000
