[2023-03-22 11:19:48] PRINT ---new cfg------
[2023-03-22 11:19:48] PRINT {'DATA': {'data_name': 'comp'}, 'DATALOADER': {'NUM_WORKERS': 0}, 'MODEL': {'num_hidden': 512, 'num_layers': 2, 'nhead': 4, 'activation': 'prelu', 'attn_drop': 0.2, 'feat_drop': 0.4, 'norm': 'batchnorm', 'pooler': 'mean', 'beta_schedule': 'quad', 'beta_1': 0.000616242669384635, 'beta_T': 0.010326285376119106, 'T': 418}, 'SOLVER': {'optim_type': 'adam', 'optim_type_f': 'adamw', 'alpha': 1, 'decay': 20, 'LR': 0.0001724012730423252, 'LR_f': 0.06953850214325913, 'weight_decay': 0, 'weight_decay_f': 0.0008911186620805514, 'MAX_EPOCH': 100, 'max_epoch_f': 500}, 'DEVICE': 'cuda', 'seeds': [0], 'eval_T': [50, 100, 200], 'output_dir': '/ddm-nni/AmazonCoBuyComputerDataset¶/log', 'checkpoint_dir': '/ddm-nni/AmazonCoBuyComputerDataset¶/log/checkpoint'}
[2023-03-22 11:19:48] PRINT [03/22 11:19:48 graph]: Rank of current process: 0. World size: 1
[2023-03-22 11:19:52] PRINT [03/22 11:19:52 graph]: Environment info:
[2023-03-22 11:19:52] PRINT PyTorch version: 1.10.0+cu113
[2023-03-22 11:19:52] PRINT Is debug build: False
[2023-03-22 11:19:52] PRINT CUDA used to build PyTorch: 11.3
[2023-03-22 11:19:52] PRINT ROCM used to build PyTorch: N/A
[2023-03-22 11:19:52] PRINT 
[2023-03-22 11:19:52] PRINT OS: Ubuntu 20.04.3 LTS (x86_64)
[2023-03-22 11:19:52] PRINT GCC version: (Ubuntu 9.3.0-17ubuntu1~20.04) 9.3.0
[2023-03-22 11:19:52] PRINT Clang version: Could not collect
[2023-03-22 11:19:52] PRINT CMake version: version 3.16.3
[2023-03-22 11:19:52] PRINT Libc version: glibc-2.31
[2023-03-22 11:19:52] PRINT 
[2023-03-22 11:19:52] PRINT Python version: 3.8.10 (default, Jun  4 2021, 15:09:15)  [GCC 7.5.0] (64-bit runtime)
[2023-03-22 11:19:52] PRINT Python platform: Linux-5.4.0-90-generic-x86_64-with-glibc2.17
[2023-03-22 11:19:52] PRINT Is CUDA available: True
[2023-03-22 11:19:52] PRINT CUDA runtime version: 11.3.109
[2023-03-22 11:19:52] PRINT GPU models and configuration: GPU 0: NVIDIA GeForce RTX 3090
[2023-03-22 11:19:52] PRINT Nvidia driver version: 495.44
[2023-03-22 11:19:52] PRINT cuDNN version: Probably one of the following:
[2023-03-22 11:19:52] PRINT /usr/lib/x86_64-linux-gnu/libcudnn.so.8.2.0
[2023-03-22 11:19:52] PRINT /usr/lib/x86_64-linux-gnu/libcudnn_adv_infer.so.8.2.0
[2023-03-22 11:19:52] PRINT /usr/lib/x86_64-linux-gnu/libcudnn_adv_train.so.8.2.0
[2023-03-22 11:19:52] PRINT /usr/lib/x86_64-linux-gnu/libcudnn_cnn_infer.so.8.2.0
[2023-03-22 11:19:52] PRINT /usr/lib/x86_64-linux-gnu/libcudnn_cnn_train.so.8.2.0
[2023-03-22 11:19:52] PRINT /usr/lib/x86_64-linux-gnu/libcudnn_ops_infer.so.8.2.0
[2023-03-22 11:19:52] PRINT /usr/lib/x86_64-linux-gnu/libcudnn_ops_train.so.8.2.0
[2023-03-22 11:19:52] PRINT HIP runtime version: N/A
[2023-03-22 11:19:52] PRINT MIOpen runtime version: N/A
[2023-03-22 11:19:52] PRINT 
[2023-03-22 11:19:52] PRINT Versions of relevant libraries:
[2023-03-22 11:19:52] PRINT [pip3] numpy==1.23.5
[2023-03-22 11:19:52] PRINT [pip3] torch==1.10.0+cu113
[2023-03-22 11:19:52] PRINT [pip3] torchvision==0.11.1+cu113
[2023-03-22 11:19:52] PRINT [conda] blas                      1.0                         mkl    https://mirrors.ustc.edu.cn/anaconda/pkgs/main
[2023-03-22 11:19:52] PRINT [conda] mkl                       2021.4.0           h06a4308_640    https://mirrors.ustc.edu.cn/anaconda/pkgs/main
[2023-03-22 11:19:52] PRINT [conda] mkl-service               2.4.0            py38h7f8727e_0    https://mirrors.ustc.edu.cn/anaconda/pkgs/main
[2023-03-22 11:19:52] PRINT [conda] mkl_fft                   1.3.1            py38hd3c417c_0    https://mirrors.ustc.edu.cn/anaconda/pkgs/main
[2023-03-22 11:19:52] PRINT [conda] mkl_random                1.2.2            py38h51133e4_0    https://mirrors.ustc.edu.cn/anaconda/pkgs/main
[2023-03-22 11:19:52] PRINT [conda] numpy                     1.21.4                   pypi_0    pypi
[2023-03-22 11:19:52] PRINT [conda] numpy-base                1.23.5           py38h31eccc5_0    https://mirrors.ustc.edu.cn/anaconda/pkgs/main
[2023-03-22 11:19:52] PRINT [conda] torch                     1.10.0+cu113             pypi_0    pypi
[2023-03-22 11:19:52] PRINT [conda] torchvision               0.11.1+cu113             pypi_0    pypi
[2023-03-22 11:19:52] PRINT         Pillow (8.4.0)
[2023-03-22 11:19:52] PRINT [03/22 11:19:52 graph]: Command line arguments: Namespace(local_rank=0, resume=False, seed=1234, start_epoch=0)
[2023-03-22 11:19:52] PRINT [03/22 11:19:52 graph]: Run 0th for seed 0
[2023-03-22 11:19:52] PRINT [03/22 11:19:52 graph]: Total trainable params num : 7895043
[2023-03-22 11:19:56] PRINT [03/22 11:19:56 graph]: ----------Start Training----------
[2023-03-22 11:19:57] PRINT [03/22 11:19:57 graph]: start epoch 0.
[2023-03-22 11:19:57] PRINT [03/22 11:19:57 graph]: # Epoch 0: train_loss: 1.0204 | lr: 0.000172
[2023-03-22 11:19:57] PRINT [03/22 11:19:57 graph]: start epoch 1.
[2023-03-22 11:19:57] PRINT [03/22 11:19:57 graph]: # Epoch 1: train_loss: 0.8459 | lr: 0.000172
[2023-03-22 11:19:57] PRINT [03/22 11:19:57 graph]: start epoch 2.
[2023-03-22 11:19:57] PRINT [03/22 11:19:57 graph]: # Epoch 2: train_loss: 0.7624 | lr: 0.000172
[2023-03-22 11:19:57] PRINT [03/22 11:19:57 graph]: start epoch 3.
[2023-03-22 11:19:57] PRINT [03/22 11:19:57 graph]: # Epoch 3: train_loss: 0.7057 | lr: 0.000172
[2023-03-22 11:19:57] PRINT [03/22 11:19:57 graph]: start epoch 4.
[2023-03-22 11:19:57] PRINT [03/22 11:19:57 graph]: # Epoch 4: train_loss: 0.6652 | lr: 0.000172
[2023-03-22 11:19:57] PRINT [03/22 11:19:57 graph]: start epoch 5.
[2023-03-22 11:19:57] PRINT [03/22 11:19:57 graph]: # Epoch 5: train_loss: 0.6357 | lr: 0.000172
[2023-03-22 11:19:57] PRINT [03/22 11:19:57 graph]: start epoch 6.
[2023-03-22 11:19:57] PRINT [03/22 11:19:57 graph]: # Epoch 6: train_loss: 0.6142 | lr: 0.000172
[2023-03-22 11:19:57] PRINT [03/22 11:19:57 graph]: start epoch 7.
[2023-03-22 11:19:58] PRINT [03/22 11:19:58 graph]: # Epoch 7: train_loss: 0.5976 | lr: 0.000172
[2023-03-22 11:19:58] PRINT [03/22 11:19:58 graph]: start epoch 8.
[2023-03-22 11:19:58] PRINT [03/22 11:19:58 graph]: # Epoch 8: train_loss: 0.5847 | lr: 0.000172
[2023-03-22 11:19:58] PRINT [03/22 11:19:58 graph]: start epoch 9.
[2023-03-22 11:19:58] PRINT [03/22 11:19:58 graph]: # Epoch 9: train_loss: 0.5727 | lr: 0.000172
[2023-03-22 11:19:58] PRINT [03/22 11:19:58 graph]: start epoch 10.
[2023-03-22 11:19:58] PRINT [03/22 11:19:58 graph]: # Epoch 10: train_loss: 0.5620 | lr: 0.000172
[2023-03-22 11:19:58] PRINT [03/22 11:19:58 graph]: start epoch 11.
[2023-03-22 11:19:58] PRINT [03/22 11:19:58 graph]: # Epoch 11: train_loss: 0.5524 | lr: 0.000172
[2023-03-22 11:19:58] PRINT [03/22 11:19:58 graph]: start epoch 12.
[2023-03-22 11:19:58] PRINT [03/22 11:19:58 graph]: # Epoch 12: train_loss: 0.5446 | lr: 0.000172
[2023-03-22 11:19:58] PRINT [03/22 11:19:58 graph]: start epoch 13.
[2023-03-22 11:19:58] PRINT [03/22 11:19:58 graph]: # Epoch 13: train_loss: 0.5375 | lr: 0.000172
[2023-03-22 11:19:58] PRINT [03/22 11:19:58 graph]: start epoch 14.
[2023-03-22 11:19:58] PRINT [03/22 11:19:58 graph]: # Epoch 14: train_loss: 0.5309 | lr: 0.000172
[2023-03-22 11:19:58] PRINT [03/22 11:19:58 graph]: start epoch 15.
[2023-03-22 11:19:58] PRINT [03/22 11:19:58 graph]: # Epoch 15: train_loss: 0.5251 | lr: 0.000172
[2023-03-22 11:19:58] PRINT [03/22 11:19:58 graph]: start epoch 16.
[2023-03-22 11:19:58] PRINT [03/22 11:19:58 graph]: # Epoch 16: train_loss: 0.5201 | lr: 0.000172
[2023-03-22 11:19:58] PRINT [03/22 11:19:58 graph]: start epoch 17.
[2023-03-22 11:19:58] PRINT [03/22 11:19:58 graph]: # Epoch 17: train_loss: 0.5154 | lr: 0.000172
[2023-03-22 11:19:58] PRINT [03/22 11:19:58 graph]: start epoch 18.
[2023-03-22 11:19:58] PRINT [03/22 11:19:58 graph]: # Epoch 18: train_loss: 0.5106 | lr: 0.000172
[2023-03-22 11:19:58] PRINT [03/22 11:19:58 graph]: start epoch 19.
[2023-03-22 11:19:58] PRINT [03/22 11:19:58 graph]: # Epoch 19: train_loss: 0.5063 | lr: 0.000172
[2023-03-22 11:19:58] PRINT [03/22 11:19:58 graph]: start epoch 20.
[2023-03-22 11:19:58] PRINT [03/22 11:19:58 graph]: # Epoch 20: train_loss: 0.5021 | lr: 0.000172
[2023-03-22 11:19:58] PRINT [03/22 11:19:58 graph]: start epoch 21.
[2023-03-22 11:19:59] PRINT [03/22 11:19:59 graph]: # Epoch 21: train_loss: 0.4982 | lr: 0.000172
[2023-03-22 11:19:59] PRINT [03/22 11:19:59 graph]: start epoch 22.
[2023-03-22 11:19:59] PRINT [03/22 11:19:59 graph]: # Epoch 22: train_loss: 0.4948 | lr: 0.000172
[2023-03-22 11:19:59] PRINT [03/22 11:19:59 graph]: start epoch 23.
[2023-03-22 11:19:59] PRINT [03/22 11:19:59 graph]: # Epoch 23: train_loss: 0.4916 | lr: 0.000172
[2023-03-22 11:19:59] PRINT [03/22 11:19:59 graph]: start epoch 24.
[2023-03-22 11:19:59] PRINT [03/22 11:19:59 graph]: # Epoch 24: train_loss: 0.4884 | lr: 0.000172
[2023-03-22 11:19:59] PRINT [03/22 11:19:59 graph]: start epoch 25.
[2023-03-22 11:19:59] PRINT [03/22 11:19:59 graph]: # Epoch 25: train_loss: 0.4858 | lr: 0.000172
[2023-03-22 11:19:59] PRINT [03/22 11:19:59 graph]: start epoch 26.
[2023-03-22 11:19:59] PRINT [03/22 11:19:59 graph]: # Epoch 26: train_loss: 0.4830 | lr: 0.000172
[2023-03-22 11:19:59] PRINT [03/22 11:19:59 graph]: start epoch 27.
[2023-03-22 11:19:59] PRINT [03/22 11:19:59 graph]: # Epoch 27: train_loss: 0.4805 | lr: 0.000172
[2023-03-22 11:19:59] PRINT [03/22 11:19:59 graph]: start epoch 28.
[2023-03-22 11:19:59] PRINT [03/22 11:19:59 graph]: # Epoch 28: train_loss: 0.4778 | lr: 0.000172
[2023-03-22 11:19:59] PRINT [03/22 11:19:59 graph]: start epoch 29.
[2023-03-22 11:19:59] PRINT [03/22 11:19:59 graph]: # Epoch 29: train_loss: 0.4758 | lr: 0.000172
[2023-03-22 11:19:59] PRINT [03/22 11:19:59 graph]: start epoch 30.
[2023-03-22 11:19:59] PRINT [03/22 11:19:59 graph]: # Epoch 30: train_loss: 0.4735 | lr: 0.000172
[2023-03-22 11:19:59] PRINT [03/22 11:19:59 graph]: start epoch 31.
[2023-03-22 11:19:59] PRINT [03/22 11:19:59 graph]: # Epoch 31: train_loss: 0.4715 | lr: 0.000172
[2023-03-22 11:19:59] PRINT [03/22 11:19:59 graph]: start epoch 32.
[2023-03-22 11:19:59] PRINT [03/22 11:19:59 graph]: # Epoch 32: train_loss: 0.4695 | lr: 0.000172
[2023-03-22 11:19:59] PRINT [03/22 11:19:59 graph]: start epoch 33.
[2023-03-22 11:19:59] PRINT [03/22 11:19:59 graph]: # Epoch 33: train_loss: 0.4674 | lr: 0.000172
[2023-03-22 11:19:59] PRINT [03/22 11:19:59 graph]: start epoch 34.
[2023-03-22 11:19:59] PRINT [03/22 11:19:59 graph]: # Epoch 34: train_loss: 0.4653 | lr: 0.000172
[2023-03-22 11:19:59] PRINT [03/22 11:19:59 graph]: start epoch 35.
[2023-03-22 11:20:00] PRINT [03/22 11:20:00 graph]: # Epoch 35: train_loss: 0.4637 | lr: 0.000172
[2023-03-22 11:20:00] PRINT [03/22 11:20:00 graph]: start epoch 36.
[2023-03-22 11:20:00] PRINT [03/22 11:20:00 graph]: # Epoch 36: train_loss: 0.4616 | lr: 0.000172
[2023-03-22 11:20:00] PRINT [03/22 11:20:00 graph]: start epoch 37.
[2023-03-22 11:20:00] PRINT [03/22 11:20:00 graph]: # Epoch 37: train_loss: 0.4601 | lr: 0.000172
[2023-03-22 11:20:00] PRINT [03/22 11:20:00 graph]: start epoch 38.
[2023-03-22 11:20:00] PRINT [03/22 11:20:00 graph]: # Epoch 38: train_loss: 0.4581 | lr: 0.000172
[2023-03-22 11:20:00] PRINT [03/22 11:20:00 graph]: start epoch 39.
[2023-03-22 11:20:00] PRINT [03/22 11:20:00 graph]: # Epoch 39: train_loss: 0.4565 | lr: 0.000172
[2023-03-22 11:20:00] PRINT [03/22 11:20:00 graph]: start epoch 40.
[2023-03-22 11:20:00] PRINT [03/22 11:20:00 graph]: # Epoch 40: train_loss: 0.4553 | lr: 0.000172
[2023-03-22 11:20:00] PRINT [03/22 11:20:00 graph]: start epoch 41.
[2023-03-22 11:20:00] PRINT [03/22 11:20:00 graph]: # Epoch 41: train_loss: 0.4540 | lr: 0.000172
[2023-03-22 11:20:00] PRINT [03/22 11:20:00 graph]: start epoch 42.
[2023-03-22 11:20:00] PRINT [03/22 11:20:00 graph]: # Epoch 42: train_loss: 0.4524 | lr: 0.000172
[2023-03-22 11:20:00] PRINT [03/22 11:20:00 graph]: start epoch 43.
[2023-03-22 11:20:00] PRINT [03/22 11:20:00 graph]: # Epoch 43: train_loss: 0.4508 | lr: 0.000172
[2023-03-22 11:20:00] PRINT [03/22 11:20:00 graph]: start epoch 44.
[2023-03-22 11:20:00] PRINT [03/22 11:20:00 graph]: # Epoch 44: train_loss: 0.4501 | lr: 0.000172
[2023-03-22 11:20:00] PRINT [03/22 11:20:00 graph]: start epoch 45.
[2023-03-22 11:20:00] PRINT [03/22 11:20:00 graph]: # Epoch 45: train_loss: 0.4482 | lr: 0.000172
[2023-03-22 11:20:00] PRINT [03/22 11:20:00 graph]: start epoch 46.
[2023-03-22 11:20:00] PRINT [03/22 11:20:00 graph]: # Epoch 46: train_loss: 0.4472 | lr: 0.000172
[2023-03-22 11:20:00] PRINT [03/22 11:20:00 graph]: start epoch 47.
[2023-03-22 11:20:00] PRINT [03/22 11:20:00 graph]: # Epoch 47: train_loss: 0.4464 | lr: 0.000172
[2023-03-22 11:20:00] PRINT [03/22 11:20:00 graph]: start epoch 48.
[2023-03-22 11:20:00] PRINT [03/22 11:20:00 graph]: # Epoch 48: train_loss: 0.4448 | lr: 0.000172
[2023-03-22 11:20:00] PRINT [03/22 11:20:00 graph]: start epoch 49.
[2023-03-22 11:20:01] PRINT [03/22 11:20:01 graph]: # Epoch 49: train_loss: 0.4432 | lr: 0.000172
[2023-03-22 11:20:01] PRINT [03/22 11:20:01 graph]: start epoch 50.
[2023-03-22 11:20:01] PRINT [03/22 11:20:01 graph]: # Epoch 50: train_loss: 0.4442 | lr: 0.000172
[2023-03-22 11:20:01] PRINT [03/22 11:20:01 graph]: start epoch 51.
[2023-03-22 11:20:01] PRINT [03/22 11:20:01 graph]: # Epoch 51: train_loss: 0.4416 | lr: 0.000172
[2023-03-22 11:20:06] PRINT [03/22 11:20:06 graph]: --- Testf1: 0.88620, Best Valacc: 0.87345 in epoch 439 --- 
[2023-03-22 11:20:06] PRINT [03/22 11:20:06 graph]: Epoch 51: get test acc score:  0.88620
[2023-03-22 11:20:06] PRINT [03/22 11:20:06 graph]: best_f1 0.8862 at epoch 51
[2023-03-22 11:20:06] PRINT [03/22 11:20:06 graph]: start epoch 52.
[2023-03-22 11:20:07] PRINT [03/22 11:20:07 graph]: # Epoch 52: train_loss: 0.4405 | lr: 0.000172
[2023-03-22 11:20:12] PRINT [03/22 11:20:12 graph]: --- Testf1: 0.88784, Best Valacc: 0.87418 in epoch 368 --- 
[2023-03-22 11:20:12] PRINT [03/22 11:20:12 graph]: Epoch 52: get test acc score:  0.88784
[2023-03-22 11:20:12] PRINT [03/22 11:20:12 graph]: best_f1 0.88784 at epoch 52
[2023-03-22 11:20:12] PRINT [03/22 11:20:12 graph]: start epoch 53.
[2023-03-22 11:20:12] PRINT [03/22 11:20:12 graph]: # Epoch 53: train_loss: 0.4407 | lr: 0.000172
[2023-03-22 11:20:19] PRINT [03/22 11:20:19 graph]: --- Testf1: 0.88911, Best Valacc: 0.87273 in epoch 421 --- 
[2023-03-22 11:20:19] PRINT [03/22 11:20:19 graph]: Epoch 53: get test acc score:  0.88911
[2023-03-22 11:20:19] PRINT [03/22 11:20:19 graph]: best_f1 0.88911 at epoch 53
[2023-03-22 11:20:19] PRINT [03/22 11:20:19 graph]: start epoch 54.
[2023-03-22 11:20:20] PRINT [03/22 11:20:20 graph]: # Epoch 54: train_loss: 0.4391 | lr: 0.000172
[2023-03-22 11:20:28] PRINT [03/22 11:20:28 graph]: --- Testf1: 0.88693, Best Valacc: 0.87855 in epoch 422 --- 
[2023-03-22 11:20:28] PRINT [03/22 11:20:28 graph]: Epoch 54: get test acc score:  0.88693
[2023-03-22 11:20:28] PRINT [03/22 11:20:28 graph]: best_f1 0.88911 at epoch 53
[2023-03-22 11:20:28] PRINT [03/22 11:20:28 graph]: start epoch 55.
[2023-03-22 11:20:28] PRINT [03/22 11:20:28 graph]: # Epoch 55: train_loss: 0.4374 | lr: 0.000172
[2023-03-22 11:20:36] PRINT [03/22 11:20:36 graph]: --- Testf1: 0.89147, Best Valacc: 0.87782 in epoch 353 --- 
[2023-03-22 11:20:36] PRINT [03/22 11:20:36 graph]: Epoch 55: get test acc score:  0.89147
[2023-03-22 11:20:36] PRINT [03/22 11:20:36 graph]: best_f1 0.89147 at epoch 55
[2023-03-22 11:20:36] PRINT [03/22 11:20:36 graph]: start epoch 56.
[2023-03-22 11:20:36] PRINT [03/22 11:20:36 graph]: # Epoch 56: train_loss: 0.4367 | lr: 0.000172
[2023-03-22 11:20:43] PRINT [03/22 11:20:43 graph]: --- Testf1: 0.88893, Best Valacc: 0.87636 in epoch 463 --- 
[2023-03-22 11:20:43] PRINT [03/22 11:20:43 graph]: Epoch 56: get test acc score:  0.88893
[2023-03-22 11:20:43] PRINT [03/22 11:20:43 graph]: best_f1 0.89147 at epoch 55
[2023-03-22 11:20:43] PRINT [03/22 11:20:43 graph]: start epoch 57.
[2023-03-22 11:20:44] PRINT [03/22 11:20:44 graph]: # Epoch 57: train_loss: 0.4362 | lr: 0.000172
[2023-03-22 11:20:51] PRINT [03/22 11:20:51 graph]: --- Testf1: 0.88893, Best Valacc: 0.87200 in epoch 394 --- 
[2023-03-22 11:20:51] PRINT [03/22 11:20:51 graph]: Epoch 57: get test acc score:  0.88893
[2023-03-22 11:20:51] PRINT [03/22 11:20:51 graph]: best_f1 0.89147 at epoch 55
[2023-03-22 11:20:51] PRINT [03/22 11:20:51 graph]: start epoch 58.
[2023-03-22 11:20:51] PRINT [03/22 11:20:51 graph]: # Epoch 58: train_loss: 0.4351 | lr: 0.000172
[2023-03-22 11:20:58] PRINT [03/22 11:20:58 graph]: --- Testf1: 0.88920, Best Valacc: 0.88145 in epoch 481 --- 
[2023-03-22 11:20:59] PRINT [03/22 11:20:59 graph]: Epoch 58: get test acc score:  0.88920
[2023-03-22 11:20:59] PRINT [03/22 11:20:59 graph]: best_f1 0.89147 at epoch 55
[2023-03-22 11:20:59] PRINT [03/22 11:20:59 graph]: start epoch 59.
[2023-03-22 11:20:59] PRINT [03/22 11:20:59 graph]: # Epoch 59: train_loss: 0.4345 | lr: 0.000172
[2023-03-22 11:21:06] PRINT [03/22 11:21:06 graph]: --- Testf1: 0.88929, Best Valacc: 0.87855 in epoch 496 --- 
[2023-03-22 11:21:06] PRINT [03/22 11:21:06 graph]: Epoch 59: get test acc score:  0.88929
[2023-03-22 11:21:06] PRINT [03/22 11:21:06 graph]: best_f1 0.89147 at epoch 55
[2023-03-22 11:21:06] PRINT [03/22 11:21:06 graph]: start epoch 60.
[2023-03-22 11:21:06] PRINT [03/22 11:21:06 graph]: # Epoch 60: train_loss: 0.4329 | lr: 0.000172
[2023-03-22 11:21:14] PRINT [03/22 11:21:14 graph]: --- Testf1: 0.88966, Best Valacc: 0.88582 in epoch 309 --- 
[2023-03-22 11:21:14] PRINT [03/22 11:21:14 graph]: Epoch 60: get test acc score:  0.88966
[2023-03-22 11:21:14] PRINT [03/22 11:21:14 graph]: best_f1 0.89147 at epoch 55
[2023-03-22 11:21:14] PRINT [03/22 11:21:14 graph]: start epoch 61.
[2023-03-22 11:21:14] PRINT [03/22 11:21:14 graph]: # Epoch 61: train_loss: 0.4327 | lr: 0.000172
[2023-03-22 11:21:21] PRINT [03/22 11:21:21 graph]: --- Testf1: 0.88966, Best Valacc: 0.87855 in epoch 225 --- 
[2023-03-22 11:21:22] PRINT [03/22 11:21:22 graph]: Epoch 61: get test acc score:  0.88966
[2023-03-22 11:21:22] PRINT [03/22 11:21:22 graph]: best_f1 0.89147 at epoch 55
[2023-03-22 11:21:22] PRINT [03/22 11:21:22 graph]: start epoch 62.
[2023-03-22 11:21:22] PRINT [03/22 11:21:22 graph]: # Epoch 62: train_loss: 0.4317 | lr: 0.000172
[2023-03-22 11:21:29] PRINT [03/22 11:21:29 graph]: --- Testf1: 0.89502, Best Valacc: 0.88364 in epoch 327 --- 
[2023-03-22 11:21:29] PRINT [03/22 11:21:29 graph]: Epoch 62: get test acc score:  0.89502
[2023-03-22 11:21:29] PRINT [03/22 11:21:29 graph]: best_f1 0.89502 at epoch 62
[2023-03-22 11:21:29] PRINT [03/22 11:21:29 graph]: start epoch 63.
[2023-03-22 11:21:29] PRINT [03/22 11:21:29 graph]: # Epoch 63: train_loss: 0.4307 | lr: 0.000172
[2023-03-22 11:21:35] PRINT [03/22 11:21:35 graph]: --- Testf1: 0.89229, Best Valacc: 0.88145 in epoch 337 --- 
[2023-03-22 11:21:35] PRINT [03/22 11:21:35 graph]: Epoch 63: get test acc score:  0.89229
[2023-03-22 11:21:35] PRINT [03/22 11:21:35 graph]: best_f1 0.89502 at epoch 62
[2023-03-22 11:21:35] PRINT [03/22 11:21:35 graph]: start epoch 64.
[2023-03-22 11:21:36] PRINT [03/22 11:21:36 graph]: # Epoch 64: train_loss: 0.4305 | lr: 0.000172
[2023-03-22 11:21:41] PRINT [03/22 11:21:41 graph]: --- Testf1: 0.89238, Best Valacc: 0.87782 in epoch 289 --- 
[2023-03-22 11:21:42] PRINT [03/22 11:21:42 graph]: Epoch 64: get test acc score:  0.89238
[2023-03-22 11:21:42] PRINT [03/22 11:21:42 graph]: best_f1 0.89502 at epoch 62
[2023-03-22 11:21:42] PRINT [03/22 11:21:42 graph]: start epoch 65.
[2023-03-22 11:21:42] PRINT [03/22 11:21:42 graph]: # Epoch 65: train_loss: 0.4293 | lr: 0.000172
[2023-03-22 11:21:48] PRINT [03/22 11:21:48 graph]: --- Testf1: 0.89247, Best Valacc: 0.88073 in epoch 215 --- 
[2023-03-22 11:21:48] PRINT [03/22 11:21:48 graph]: Epoch 65: get test acc score:  0.89247
[2023-03-22 11:21:48] PRINT [03/22 11:21:48 graph]: best_f1 0.89502 at epoch 62
[2023-03-22 11:21:48] PRINT [03/22 11:21:48 graph]: start epoch 66.
[2023-03-22 11:21:48] PRINT [03/22 11:21:48 graph]: # Epoch 66: train_loss: 0.4295 | lr: 0.000172
[2023-03-22 11:21:57] PRINT [03/22 11:21:57 graph]: --- Testf1: 0.89111, Best Valacc: 0.87782 in epoch 401 --- 
[2023-03-22 11:21:57] PRINT [03/22 11:21:57 graph]: Epoch 66: get test acc score:  0.89111
[2023-03-22 11:21:57] PRINT [03/22 11:21:57 graph]: best_f1 0.89502 at epoch 62
[2023-03-22 11:21:57] PRINT [03/22 11:21:57 graph]: start epoch 67.
[2023-03-22 11:21:57] PRINT [03/22 11:21:57 graph]: # Epoch 67: train_loss: 0.4285 | lr: 0.000172
[2023-03-22 11:22:04] PRINT [03/22 11:22:04 graph]: --- Testf1: 0.88884, Best Valacc: 0.87782 in epoch 412 --- 
[2023-03-22 11:22:05] PRINT [03/22 11:22:05 graph]: Epoch 67: get test acc score:  0.88884
[2023-03-22 11:22:05] PRINT [03/22 11:22:05 graph]: best_f1 0.89502 at epoch 62
[2023-03-22 11:22:05] PRINT [03/22 11:22:05 graph]: start epoch 68.
[2023-03-22 11:22:05] PRINT [03/22 11:22:05 graph]: # Epoch 68: train_loss: 0.4272 | lr: 0.000172
[2023-03-22 11:22:12] PRINT [03/22 11:22:12 graph]: --- Testf1: 0.89865, Best Valacc: 0.87927 in epoch 175 --- 
[2023-03-22 11:22:12] PRINT [03/22 11:22:12 graph]: Epoch 68: get test acc score:  0.89865
[2023-03-22 11:22:12] PRINT [03/22 11:22:12 graph]: best_f1 0.89865 at epoch 68
[2023-03-22 11:22:12] PRINT [03/22 11:22:12 graph]: start epoch 69.
[2023-03-22 11:22:12] PRINT [03/22 11:22:12 graph]: # Epoch 69: train_loss: 0.4282 | lr: 0.000172
[2023-03-22 11:22:19] PRINT [03/22 11:22:19 graph]: --- Testf1: 0.89157, Best Valacc: 0.88073 in epoch 239 --- 
[2023-03-22 11:22:20] PRINT [03/22 11:22:20 graph]: Epoch 69: get test acc score:  0.89157
[2023-03-22 11:22:20] PRINT [03/22 11:22:20 graph]: best_f1 0.89865 at epoch 68
[2023-03-22 11:22:20] PRINT [03/22 11:22:20 graph]: start epoch 70.
[2023-03-22 11:22:20] PRINT [03/22 11:22:20 graph]: # Epoch 70: train_loss: 0.4293 | lr: 0.000172
[2023-03-22 11:22:27] PRINT [03/22 11:22:27 graph]: --- Testf1: 0.88829, Best Valacc: 0.88218 in epoch 378 --- 
[2023-03-22 11:22:27] PRINT [03/22 11:22:27 graph]: Epoch 70: get test acc score:  0.88829
[2023-03-22 11:22:27] PRINT [03/22 11:22:27 graph]: best_f1 0.89865 at epoch 68
[2023-03-22 11:22:27] PRINT [03/22 11:22:27 graph]: start epoch 71.
[2023-03-22 11:22:27] PRINT [03/22 11:22:27 graph]: # Epoch 71: train_loss: 0.4264 | lr: 0.000172
[2023-03-22 11:22:34] PRINT [03/22 11:22:34 graph]: --- Testf1: 0.89229, Best Valacc: 0.88073 in epoch 465 --- 
[2023-03-22 11:22:35] PRINT [03/22 11:22:35 graph]: Epoch 71: get test acc score:  0.89229
[2023-03-22 11:22:35] PRINT [03/22 11:22:35 graph]: best_f1 0.89865 at epoch 68
[2023-03-22 11:22:35] PRINT [03/22 11:22:35 graph]: start epoch 72.
[2023-03-22 11:22:35] PRINT [03/22 11:22:35 graph]: # Epoch 72: train_loss: 0.4277 | lr: 0.000172
[2023-03-22 11:22:42] PRINT [03/22 11:22:42 graph]: --- Testf1: 0.89075, Best Valacc: 0.87927 in epoch 396 --- 
[2023-03-22 11:22:42] PRINT [03/22 11:22:42 graph]: Epoch 72: get test acc score:  0.89075
[2023-03-22 11:22:42] PRINT [03/22 11:22:42 graph]: best_f1 0.89865 at epoch 68
[2023-03-22 11:22:42] PRINT [03/22 11:22:42 graph]: start epoch 73.
[2023-03-22 11:22:42] PRINT [03/22 11:22:42 graph]: # Epoch 73: train_loss: 0.4276 | lr: 0.000172
[2023-03-22 11:22:49] PRINT [03/22 11:22:49 graph]: --- Testf1: 0.89347, Best Valacc: 0.88364 in epoch 404 --- 
[2023-03-22 11:22:50] PRINT [03/22 11:22:50 graph]: Epoch 73: get test acc score:  0.89347
[2023-03-22 11:22:50] PRINT [03/22 11:22:50 graph]: best_f1 0.89865 at epoch 68
[2023-03-22 11:22:50] PRINT [03/22 11:22:50 graph]: start epoch 74.
[2023-03-22 11:22:50] PRINT [03/22 11:22:50 graph]: # Epoch 74: train_loss: 0.4249 | lr: 0.000172
[2023-03-22 11:22:57] PRINT [03/22 11:22:57 graph]: --- Testf1: 0.89329, Best Valacc: 0.88145 in epoch 262 --- 
[2023-03-22 11:22:57] PRINT [03/22 11:22:57 graph]: Epoch 74: get test acc score:  0.89329
[2023-03-22 11:22:57] PRINT [03/22 11:22:57 graph]: best_f1 0.89865 at epoch 68
[2023-03-22 11:22:57] PRINT [03/22 11:22:57 graph]: start epoch 75.
[2023-03-22 11:22:57] PRINT [03/22 11:22:57 graph]: # Epoch 75: train_loss: 0.4280 | lr: 0.000172
[2023-03-22 11:23:04] PRINT [03/22 11:23:04 graph]: --- Testf1: 0.89229, Best Valacc: 0.87927 in epoch 385 --- 
[2023-03-22 11:23:04] PRINT [03/22 11:23:04 graph]: Epoch 75: get test acc score:  0.89229
[2023-03-22 11:23:04] PRINT [03/22 11:23:04 graph]: best_f1 0.89865 at epoch 68
[2023-03-22 11:23:04] PRINT [03/22 11:23:04 graph]: start epoch 76.
[2023-03-22 11:23:05] PRINT [03/22 11:23:05 graph]: # Epoch 76: train_loss: 0.4244 | lr: 0.000172
[2023-03-22 11:23:12] PRINT [03/22 11:23:12 graph]: --- Testf1: 0.89493, Best Valacc: 0.88291 in epoch 225 --- 
[2023-03-22 11:23:12] PRINT [03/22 11:23:12 graph]: Epoch 76: get test acc score:  0.89493
[2023-03-22 11:23:12] PRINT [03/22 11:23:12 graph]: best_f1 0.89865 at epoch 68
[2023-03-22 11:23:12] PRINT [03/22 11:23:12 graph]: start epoch 77.
[2023-03-22 11:23:12] PRINT [03/22 11:23:12 graph]: # Epoch 77: train_loss: 0.4256 | lr: 0.000172
[2023-03-22 11:23:19] PRINT [03/22 11:23:19 graph]: --- Testf1: 0.89475, Best Valacc: 0.88291 in epoch 374 --- 
[2023-03-22 11:23:20] PRINT [03/22 11:23:20 graph]: Epoch 77: get test acc score:  0.89475
[2023-03-22 11:23:20] PRINT [03/22 11:23:20 graph]: best_f1 0.89865 at epoch 68
[2023-03-22 11:23:20] PRINT [03/22 11:23:20 graph]: start epoch 78.
[2023-03-22 11:23:20] PRINT [03/22 11:23:20 graph]: # Epoch 78: train_loss: 0.4224 | lr: 0.000172
[2023-03-22 11:23:27] PRINT [03/22 11:23:27 graph]: --- Testf1: 0.89438, Best Valacc: 0.88436 in epoch 180 --- 
[2023-03-22 11:23:27] PRINT [03/22 11:23:27 graph]: Epoch 78: get test acc score:  0.89438
[2023-03-22 11:23:27] PRINT [03/22 11:23:27 graph]: best_f1 0.89865 at epoch 68
[2023-03-22 11:23:27] PRINT [03/22 11:23:27 graph]: start epoch 79.
[2023-03-22 11:23:27] PRINT [03/22 11:23:27 graph]: # Epoch 79: train_loss: 0.4227 | lr: 0.000172
[2023-03-22 11:23:34] PRINT [03/22 11:23:34 graph]: --- Testf1: 0.89293, Best Valacc: 0.88000 in epoch 295 --- 
[2023-03-22 11:23:34] PRINT [03/22 11:23:34 graph]: Epoch 79: get test acc score:  0.89293
[2023-03-22 11:23:34] PRINT [03/22 11:23:34 graph]: best_f1 0.89865 at epoch 68
[2023-03-22 11:23:34] PRINT [03/22 11:23:34 graph]: start epoch 80.
[2023-03-22 11:23:34] PRINT [03/22 11:23:34 graph]: # Epoch 80: train_loss: 0.4222 | lr: 0.000172
[2023-03-22 11:23:42] PRINT [03/22 11:23:42 graph]: --- Testf1: 0.89356, Best Valacc: 0.87782 in epoch 358 --- 
[2023-03-22 11:23:42] PRINT [03/22 11:23:42 graph]: Epoch 80: get test acc score:  0.89356
[2023-03-22 11:23:42] PRINT [03/22 11:23:42 graph]: best_f1 0.89865 at epoch 68
[2023-03-22 11:23:42] PRINT [03/22 11:23:42 graph]: start epoch 81.
[2023-03-22 11:23:42] PRINT [03/22 11:23:42 graph]: # Epoch 81: train_loss: 0.4221 | lr: 0.000172
[2023-03-22 11:23:49] PRINT [03/22 11:23:49 graph]: --- Testf1: 0.89247, Best Valacc: 0.87927 in epoch 478 --- 
[2023-03-22 11:23:49] PRINT [03/22 11:23:49 graph]: Epoch 81: get test acc score:  0.89247
[2023-03-22 11:23:49] PRINT [03/22 11:23:49 graph]: best_f1 0.89865 at epoch 68
[2023-03-22 11:23:49] PRINT [03/22 11:23:49 graph]: start epoch 82.
[2023-03-22 11:23:49] PRINT [03/22 11:23:49 graph]: # Epoch 82: train_loss: 0.4201 | lr: 0.000172
[2023-03-22 11:23:57] PRINT [03/22 11:23:57 graph]: --- Testf1: 0.89393, Best Valacc: 0.88218 in epoch 312 --- 
[2023-03-22 11:23:57] PRINT [03/22 11:23:57 graph]: Epoch 82: get test acc score:  0.89393
[2023-03-22 11:23:57] PRINT [03/22 11:23:57 graph]: best_f1 0.89865 at epoch 68
[2023-03-22 11:23:57] PRINT [03/22 11:23:57 graph]: start epoch 83.
[2023-03-22 11:23:57] PRINT [03/22 11:23:57 graph]: # Epoch 83: train_loss: 0.4206 | lr: 0.000172
[2023-03-22 11:24:04] PRINT [03/22 11:24:04 graph]: --- Testf1: 0.89220, Best Valacc: 0.88000 in epoch 395 --- 
[2023-03-22 11:24:05] PRINT [03/22 11:24:04 graph]: Epoch 83: get test acc score:  0.89220
[2023-03-22 11:24:05] PRINT [03/22 11:24:05 graph]: best_f1 0.89865 at epoch 68
[2023-03-22 11:24:05] PRINT [03/22 11:24:05 graph]: start epoch 84.
[2023-03-22 11:24:05] PRINT [03/22 11:24:05 graph]: # Epoch 84: train_loss: 0.4185 | lr: 0.000172
[2023-03-22 11:24:12] PRINT [03/22 11:24:12 graph]: --- Testf1: 0.88993, Best Valacc: 0.87855 in epoch 329 --- 
[2023-03-22 11:24:12] PRINT [03/22 11:24:12 graph]: Epoch 84: get test acc score:  0.88993
[2023-03-22 11:24:12] PRINT [03/22 11:24:12 graph]: best_f1 0.89865 at epoch 68
[2023-03-22 11:24:12] PRINT [03/22 11:24:12 graph]: start epoch 85.
[2023-03-22 11:24:12] PRINT [03/22 11:24:12 graph]: # Epoch 85: train_loss: 0.4189 | lr: 0.000172
[2023-03-22 11:24:19] PRINT [03/22 11:24:19 graph]: --- Testf1: 0.89347, Best Valacc: 0.88655 in epoch 269 --- 
[2023-03-22 11:24:20] PRINT [03/22 11:24:20 graph]: Epoch 85: get test acc score:  0.89347
[2023-03-22 11:24:20] PRINT [03/22 11:24:20 graph]: best_f1 0.89865 at epoch 68
[2023-03-22 11:24:20] PRINT [03/22 11:24:20 graph]: start epoch 86.
[2023-03-22 11:24:20] PRINT [03/22 11:24:20 graph]: # Epoch 86: train_loss: 0.4190 | lr: 0.000172
[2023-03-22 11:24:27] PRINT [03/22 11:24:27 graph]: --- Testf1: 0.88929, Best Valacc: 0.88145 in epoch 404 --- 
[2023-03-22 11:24:27] PRINT [03/22 11:24:27 graph]: Epoch 86: get test acc score:  0.88929
[2023-03-22 11:24:27] PRINT [03/22 11:24:27 graph]: best_f1 0.89865 at epoch 68
[2023-03-22 11:24:27] PRINT [03/22 11:24:27 graph]: start epoch 87.
[2023-03-22 11:24:27] PRINT [03/22 11:24:27 graph]: # Epoch 87: train_loss: 0.4176 | lr: 0.000172
[2023-03-22 11:24:34] PRINT [03/22 11:24:34 graph]: --- Testf1: 0.89493, Best Valacc: 0.88436 in epoch 373 --- 
[2023-03-22 11:24:34] PRINT [03/22 11:24:34 graph]: Epoch 87: get test acc score:  0.89493
[2023-03-22 11:24:34] PRINT [03/22 11:24:34 graph]: best_f1 0.89865 at epoch 68
[2023-03-22 11:24:34] PRINT [03/22 11:24:34 graph]: start epoch 88.
[2023-03-22 11:24:35] PRINT [03/22 11:24:35 graph]: # Epoch 88: train_loss: 0.4180 | lr: 0.000172
[2023-03-22 11:24:42] PRINT [03/22 11:24:42 graph]: --- Testf1: 0.89466, Best Valacc: 0.88291 in epoch 392 --- 
[2023-03-22 11:24:42] PRINT [03/22 11:24:42 graph]: Epoch 88: get test acc score:  0.89466
[2023-03-22 11:24:42] PRINT [03/22 11:24:42 graph]: best_f1 0.89865 at epoch 68
[2023-03-22 11:24:42] PRINT [03/22 11:24:42 graph]: start epoch 89.
[2023-03-22 11:24:42] PRINT [03/22 11:24:42 graph]: # Epoch 89: train_loss: 0.4172 | lr: 0.000172
[2023-03-22 11:24:49] PRINT [03/22 11:24:49 graph]: --- Testf1: 0.89275, Best Valacc: 0.88509 in epoch 398 --- 
[2023-03-22 11:24:49] PRINT [03/22 11:24:49 graph]: Epoch 89: get test acc score:  0.89275
[2023-03-22 11:24:49] PRINT [03/22 11:24:49 graph]: best_f1 0.89865 at epoch 68
[2023-03-22 11:24:49] PRINT [03/22 11:24:49 graph]: start epoch 90.
[2023-03-22 11:24:49] PRINT [03/22 11:24:49 graph]: # Epoch 90: train_loss: 0.4170 | lr: 0.000172
[2023-03-22 11:24:57] PRINT [03/22 11:24:57 graph]: --- Testf1: 0.89057, Best Valacc: 0.88291 in epoch 394 --- 
[2023-03-22 11:24:57] PRINT [03/22 11:24:57 graph]: Epoch 90: get test acc score:  0.89057
[2023-03-22 11:24:57] PRINT [03/22 11:24:57 graph]: best_f1 0.89865 at epoch 68
[2023-03-22 11:24:57] PRINT [03/22 11:24:57 graph]: start epoch 91.
[2023-03-22 11:24:57] PRINT [03/22 11:24:57 graph]: # Epoch 91: train_loss: 0.4161 | lr: 0.000172
[2023-03-22 11:25:04] PRINT [03/22 11:25:04 graph]: --- Testf1: 0.89438, Best Valacc: 0.88436 in epoch 478 --- 
[2023-03-22 11:25:04] PRINT [03/22 11:25:04 graph]: Epoch 91: get test acc score:  0.89438
[2023-03-22 11:25:04] PRINT [03/22 11:25:04 graph]: best_f1 0.89865 at epoch 68
[2023-03-22 11:25:04] PRINT [03/22 11:25:04 graph]: start epoch 92.
[2023-03-22 11:25:04] PRINT [03/22 11:25:04 graph]: # Epoch 92: train_loss: 0.4161 | lr: 0.000172
[2023-03-22 11:25:12] PRINT [03/22 11:25:12 graph]: --- Testf1: 0.89384, Best Valacc: 0.88655 in epoch 466 --- 
[2023-03-22 11:25:12] PRINT [03/22 11:25:12 graph]: Epoch 92: get test acc score:  0.89384
[2023-03-22 11:25:12] PRINT [03/22 11:25:12 graph]: best_f1 0.89865 at epoch 68
[2023-03-22 11:25:12] PRINT [03/22 11:25:12 graph]: start epoch 93.
[2023-03-22 11:25:12] PRINT [03/22 11:25:12 graph]: # Epoch 93: train_loss: 0.4146 | lr: 0.000172
[2023-03-22 11:25:19] PRINT [03/22 11:25:19 graph]: --- Testf1: 0.89166, Best Valacc: 0.88145 in epoch 474 --- 
[2023-03-22 11:25:19] PRINT [03/22 11:25:19 graph]: Epoch 93: get test acc score:  0.89166
[2023-03-22 11:25:19] PRINT [03/22 11:25:19 graph]: best_f1 0.89865 at epoch 68
[2023-03-22 11:25:19] PRINT [03/22 11:25:19 graph]: start epoch 94.
[2023-03-22 11:25:19] PRINT [03/22 11:25:19 graph]: # Epoch 94: train_loss: 0.4151 | lr: 0.000172
[2023-03-22 11:25:27] PRINT [03/22 11:25:27 graph]: --- Testf1: 0.89656, Best Valacc: 0.87782 in epoch 460 --- 
[2023-03-22 11:25:27] PRINT [03/22 11:25:27 graph]: Epoch 94: get test acc score:  0.89656
[2023-03-22 11:25:27] PRINT [03/22 11:25:27 graph]: best_f1 0.89865 at epoch 68
[2023-03-22 11:25:27] PRINT [03/22 11:25:27 graph]: start epoch 95.
[2023-03-22 11:25:27] PRINT [03/22 11:25:27 graph]: # Epoch 95: train_loss: 0.4150 | lr: 0.000172
[2023-03-22 11:25:34] PRINT [03/22 11:25:34 graph]: --- Testf1: 0.89647, Best Valacc: 0.88145 in epoch 183 --- 
[2023-03-22 11:25:34] PRINT [03/22 11:25:34 graph]: Epoch 95: get test acc score:  0.89647
[2023-03-22 11:25:34] PRINT [03/22 11:25:34 graph]: best_f1 0.89865 at epoch 68
[2023-03-22 11:25:34] PRINT [03/22 11:25:34 graph]: start epoch 96.
[2023-03-22 11:25:34] PRINT [03/22 11:25:34 graph]: # Epoch 96: train_loss: 0.4132 | lr: 0.000172
[2023-03-22 11:25:42] PRINT [03/22 11:25:42 graph]: --- Testf1: 0.89656, Best Valacc: 0.88364 in epoch 477 --- 
[2023-03-22 11:25:42] PRINT [03/22 11:25:42 graph]: Epoch 96: get test acc score:  0.89656
[2023-03-22 11:25:42] PRINT [03/22 11:25:42 graph]: best_f1 0.89865 at epoch 68
[2023-03-22 11:25:42] PRINT [03/22 11:25:42 graph]: start epoch 97.
[2023-03-22 11:25:42] PRINT [03/22 11:25:42 graph]: # Epoch 97: train_loss: 0.4141 | lr: 0.000172
[2023-03-22 11:25:49] PRINT [03/22 11:25:49 graph]: --- Testf1: 0.89666, Best Valacc: 0.88436 in epoch 494 --- 
[2023-03-22 11:25:49] PRINT [03/22 11:25:49 graph]: Epoch 97: get test acc score:  0.89666
[2023-03-22 11:25:49] PRINT [03/22 11:25:49 graph]: best_f1 0.89865 at epoch 68
[2023-03-22 11:25:49] PRINT [03/22 11:25:49 graph]: start epoch 98.
[2023-03-22 11:25:49] PRINT [03/22 11:25:49 graph]: # Epoch 98: train_loss: 0.4134 | lr: 0.000172
[2023-03-22 11:25:57] PRINT [03/22 11:25:57 graph]: --- Testf1: 0.89484, Best Valacc: 0.87782 in epoch 295 --- 
[2023-03-22 11:25:57] PRINT [03/22 11:25:57 graph]: Epoch 98: get test acc score:  0.89484
[2023-03-22 11:25:57] PRINT [03/22 11:25:57 graph]: best_f1 0.89865 at epoch 68
[2023-03-22 11:25:57] PRINT [03/22 11:25:57 graph]: start epoch 99.
[2023-03-22 11:25:57] PRINT [03/22 11:25:57 graph]: # Epoch 99: train_loss: 0.4128 | lr: 0.000172
[2023-03-22 11:26:04] PRINT [03/22 11:26:04 graph]: --- Testf1: 0.89320, Best Valacc: 0.88727 in epoch 370 --- 
[2023-03-22 11:26:04] PRINT [03/22 11:26:04 graph]: Epoch 99: get test acc score:  0.89320
[2023-03-22 11:26:04] PRINT [03/22 11:26:04 graph]: best_f1 0.89865 at epoch 68
[2023-03-22 11:26:04] PRINT [03/22 11:26:04 graph]: # final_acc: 0.89865±0.00000
