[2023-04-06 18:05:50] PRINT ---new cfg------
[2023-04-06 18:05:50] PRINT {'DATA': {'data_name': 'REDDIT-BINARY', 'deg4feat': False}, 'DATALOADER': {'NUM_WORKERS': 0, 'BATCH_SIZE': 32}, 'MODEL': {'num_hidden': 256, 'num_layers': 2, 'nhead': 4, 'activation': 'prelu', 'attn_drop': 0.5, 'feat_drop': 0.2, 'norm': 'batchnorm', 'pooler': 'mean', 'beta_schedule': 'sigmoid', 'beta_1': 0.00023855230822733678, 'beta_T': 0.07961881071565909, 'T': 654}, 'SOLVER': {'optim_type': 'adamw', 'optim_type_f': 'adamw', 'alpha': 0.8, 'decay': 10, 'LR': 0.0003719199701416511, 'weight_decay': 0.0005, 'MAX_EPOCH': 50}, 'DEVICE': 'cuda', 'seeds': [11], 'eval_T': [50, 100, 200], 'output_dir': '/ddm-nni/REDDIT-B/log', 'checkpoint_dir': '/ddm-nni/REDDIT-B/log/checkpoint'}
[2023-04-06 18:05:50] PRINT [04/06 18:05:50 graph]: Rank of current process: 0. World size: 1
[2023-04-06 18:05:53] PRINT [04/06 18:05:53 graph]: Environment info:
[2023-04-06 18:05:53] PRINT PyTorch version: 1.10.0+cu113
[2023-04-06 18:05:53] PRINT Is debug build: False
[2023-04-06 18:05:53] PRINT CUDA used to build PyTorch: 11.3
[2023-04-06 18:05:53] PRINT ROCM used to build PyTorch: N/A
[2023-04-06 18:05:53] PRINT 
[2023-04-06 18:05:53] PRINT OS: Ubuntu 20.04.3 LTS (x86_64)
[2023-04-06 18:05:53] PRINT GCC version: (Ubuntu 9.3.0-17ubuntu1~20.04) 9.3.0
[2023-04-06 18:05:53] PRINT Clang version: Could not collect
[2023-04-06 18:05:53] PRINT CMake version: version 3.16.3
[2023-04-06 18:05:53] PRINT Libc version: glibc-2.31
[2023-04-06 18:05:53] PRINT 
[2023-04-06 18:05:53] PRINT Python version: 3.8.10 (default, Jun  4 2021, 15:09:15)  [GCC 7.5.0] (64-bit runtime)
[2023-04-06 18:05:53] PRINT Python platform: Linux-5.4.0-90-generic-x86_64-with-glibc2.17
[2023-04-06 18:05:53] PRINT Is CUDA available: True
[2023-04-06 18:05:53] PRINT CUDA runtime version: 11.3.109
[2023-04-06 18:05:53] PRINT GPU models and configuration: GPU 0: NVIDIA GeForce RTX 3090
[2023-04-06 18:05:53] PRINT Nvidia driver version: 495.44
[2023-04-06 18:05:53] PRINT cuDNN version: Probably one of the following:
[2023-04-06 18:05:53] PRINT /usr/lib/x86_64-linux-gnu/libcudnn.so.8.2.0
[2023-04-06 18:05:53] PRINT /usr/lib/x86_64-linux-gnu/libcudnn_adv_infer.so.8.2.0
[2023-04-06 18:05:53] PRINT /usr/lib/x86_64-linux-gnu/libcudnn_adv_train.so.8.2.0
[2023-04-06 18:05:53] PRINT /usr/lib/x86_64-linux-gnu/libcudnn_cnn_infer.so.8.2.0
[2023-04-06 18:05:53] PRINT /usr/lib/x86_64-linux-gnu/libcudnn_cnn_train.so.8.2.0
[2023-04-06 18:05:53] PRINT /usr/lib/x86_64-linux-gnu/libcudnn_ops_infer.so.8.2.0
[2023-04-06 18:05:53] PRINT /usr/lib/x86_64-linux-gnu/libcudnn_ops_train.so.8.2.0
[2023-04-06 18:05:53] PRINT HIP runtime version: N/A
[2023-04-06 18:05:53] PRINT MIOpen runtime version: N/A
[2023-04-06 18:05:53] PRINT 
[2023-04-06 18:05:53] PRINT Versions of relevant libraries:
[2023-04-06 18:05:53] PRINT [pip3] numpy==1.23.5
[2023-04-06 18:05:53] PRINT [pip3] torch==1.10.0+cu113
[2023-04-06 18:05:53] PRINT [pip3] torchvision==0.11.1+cu113
[2023-04-06 18:05:53] PRINT [conda] blas                      1.0                         mkl    https://mirrors.ustc.edu.cn/anaconda/pkgs/main
[2023-04-06 18:05:53] PRINT [conda] mkl                       2021.4.0           h06a4308_640    https://mirrors.ustc.edu.cn/anaconda/pkgs/main
[2023-04-06 18:05:53] PRINT [conda] mkl-service               2.4.0            py38h7f8727e_0    https://mirrors.ustc.edu.cn/anaconda/pkgs/main
[2023-04-06 18:05:53] PRINT [conda] mkl_fft                   1.3.1            py38hd3c417c_0    https://mirrors.ustc.edu.cn/anaconda/pkgs/main
[2023-04-06 18:05:53] PRINT [conda] mkl_random                1.2.2            py38h51133e4_0    https://mirrors.ustc.edu.cn/anaconda/pkgs/main
[2023-04-06 18:05:53] PRINT [conda] numpy                     1.21.4                   pypi_0    pypi
[2023-04-06 18:05:53] PRINT [conda] numpy-base                1.23.5           py38h31eccc5_0    https://mirrors.ustc.edu.cn/anaconda/pkgs/main
[2023-04-06 18:05:53] PRINT [conda] torch                     1.10.0+cu113             pypi_0    pypi
[2023-04-06 18:05:53] PRINT [conda] torchvision               0.11.1+cu113             pypi_0    pypi
[2023-04-06 18:05:53] PRINT         Pillow (8.4.0)
[2023-04-06 18:05:53] PRINT [04/06 18:05:53 graph]: Command line arguments: Namespace(local_rank=0, resume=False, seed=1234, start_epoch=0)
[2023-04-06 18:05:54] PRINT Using degree as node features
[2023-04-06 18:06:00] PRINT ******** # Num Graphs: 2000, # Num Feat: 401, # Num Classes: 2 ********
[2023-04-06 18:06:00] PRINT [04/06 18:06:00 graph]: Run 0th for seed 11
[2023-04-06 18:06:00] PRINT [04/06 18:06:00 graph]: Total trainable params num : 2147279
[2023-04-06 18:06:04] PRINT [04/06 18:06:04 graph]: ----------Start Training----------
[2023-04-06 18:06:07] PRINT [04/06 18:06:07 graph]: Epoch 0 | train_loss: 0.4033 | lr: 0.000372
[2023-04-06 18:06:09] PRINT [04/06 18:06:09 graph]: Epoch 1 | train_loss: 0.2604 | lr: 0.000372
[2023-04-06 18:06:12] PRINT [04/06 18:06:12 graph]: Epoch 2 | train_loss: 0.2147 | lr: 0.000372
[2023-04-06 18:06:42] PRINT [04/06 18:06:42 graph]: #Test_f1: 0.8425±0.0249
[2023-04-06 18:06:42] PRINT [04/06 18:06:42 graph]: Epoch 2: get test f1 score:  0.842
[2023-04-06 18:06:42] PRINT [04/06 18:06:42 graph]: best_f1 0.842 at epoch 2
[2023-04-06 18:06:45] PRINT [04/06 18:06:45 graph]: Epoch 3 | train_loss: 0.1933 | lr: 0.000372
[2023-04-06 18:07:16] PRINT [04/06 18:07:16 graph]: #Test_f1: 0.8350±0.0266
[2023-04-06 18:07:16] PRINT [04/06 18:07:16 graph]: Epoch 3: get test f1 score:  0.835
[2023-04-06 18:07:16] PRINT [04/06 18:07:16 graph]: best_f1 0.842 at epoch 2
[2023-04-06 18:07:19] PRINT [04/06 18:07:19 graph]: Epoch 4 | train_loss: 0.1858 | lr: 0.000372
[2023-04-06 18:07:50] PRINT [04/06 18:07:50 graph]: #Test_f1: 0.8430±0.0232
[2023-04-06 18:07:51] PRINT [04/06 18:07:51 graph]: Epoch 4: get test f1 score:  0.843
[2023-04-06 18:07:51] PRINT [04/06 18:07:51 graph]: best_f1 0.843 at epoch 4
[2023-04-06 18:07:53] PRINT [04/06 18:07:53 graph]: Epoch 5 | train_loss: 0.1639 | lr: 0.000372
[2023-04-06 18:08:24] PRINT [04/06 18:08:24 graph]: #Test_f1: 0.8485±0.0260
[2023-04-06 18:08:24] PRINT [04/06 18:08:24 graph]: Epoch 5: get test f1 score:  0.848
[2023-04-06 18:08:24] PRINT [04/06 18:08:24 graph]: best_f1 0.848 at epoch 5
[2023-04-06 18:08:27] PRINT [04/06 18:08:27 graph]: Epoch 6 | train_loss: 0.1613 | lr: 0.000372
[2023-04-06 18:08:59] PRINT [04/06 18:08:59 graph]: #Test_f1: 0.8445±0.0251
[2023-04-06 18:08:59] PRINT [04/06 18:08:59 graph]: Epoch 6: get test f1 score:  0.845
[2023-04-06 18:08:59] PRINT [04/06 18:08:59 graph]: best_f1 0.848 at epoch 5
[2023-04-06 18:09:01] PRINT [04/06 18:09:01 graph]: Epoch 7 | train_loss: 0.1813 | lr: 0.000372
[2023-04-06 18:09:32] PRINT [04/06 18:09:32 graph]: #Test_f1: 0.8455±0.0319
[2023-04-06 18:09:33] PRINT [04/06 18:09:33 graph]: Epoch 7: get test f1 score:  0.846
[2023-04-06 18:09:33] PRINT [04/06 18:09:33 graph]: best_f1 0.848 at epoch 5
[2023-04-06 18:09:35] PRINT [04/06 18:09:35 graph]: Epoch 8 | train_loss: 0.1413 | lr: 0.000372
[2023-04-06 18:10:05] PRINT [04/06 18:10:05 graph]: #Test_f1: 0.8550±0.0233
[2023-04-06 18:10:06] PRINT [04/06 18:10:06 graph]: Epoch 8: get test f1 score:  0.855
[2023-04-06 18:10:06] PRINT [04/06 18:10:06 graph]: best_f1 0.855 at epoch 8
[2023-04-06 18:10:08] PRINT [04/06 18:10:08 graph]: Epoch 9 | train_loss: 0.1210 | lr: 0.000372
[2023-04-06 18:10:38] PRINT [04/06 18:10:38 graph]: #Test_f1: 0.8535±0.0217
[2023-04-06 18:10:38] PRINT [04/06 18:10:38 graph]: Epoch 9: get test f1 score:  0.854
[2023-04-06 18:10:38] PRINT [04/06 18:10:38 graph]: best_f1 0.855 at epoch 8
[2023-04-06 18:10:41] PRINT [04/06 18:10:41 graph]: Epoch 10 | train_loss: 0.1350 | lr: 0.000298
[2023-04-06 18:11:11] PRINT [04/06 18:11:11 graph]: #Test_f1: 0.8575±0.0247
[2023-04-06 18:11:11] PRINT [04/06 18:11:11 graph]: Epoch 10: get test f1 score:  0.857
[2023-04-06 18:11:11] PRINT [04/06 18:11:11 graph]: best_f1 0.857 at epoch 10
[2023-04-06 18:11:14] PRINT [04/06 18:11:14 graph]: Epoch 11 | train_loss: 0.1487 | lr: 0.000298
[2023-04-06 18:11:43] PRINT [04/06 18:11:43 graph]: #Test_f1: 0.8580±0.0223
[2023-04-06 18:11:44] PRINT [04/06 18:11:44 graph]: Epoch 11: get test f1 score:  0.858
[2023-04-06 18:11:44] PRINT [04/06 18:11:44 graph]: best_f1 0.858 at epoch 11
[2023-04-06 18:11:46] PRINT [04/06 18:11:46 graph]: Epoch 12 | train_loss: 0.1333 | lr: 0.000298
[2023-04-06 18:12:16] PRINT [04/06 18:12:16 graph]: #Test_f1: 0.8580±0.0263
[2023-04-06 18:12:16] PRINT [04/06 18:12:16 graph]: Epoch 12: get test f1 score:  0.858
[2023-04-06 18:12:16] PRINT [04/06 18:12:16 graph]: best_f1 0.858 at epoch 12
[2023-04-06 18:12:19] PRINT [04/06 18:12:19 graph]: Epoch 13 | train_loss: 0.2015 | lr: 0.000298
[2023-04-06 18:12:51] PRINT [04/06 18:12:51 graph]: #Test_f1: 0.8535±0.0245
[2023-04-06 18:12:51] PRINT [04/06 18:12:51 graph]: Epoch 13: get test f1 score:  0.854
[2023-04-06 18:12:51] PRINT [04/06 18:12:51 graph]: best_f1 0.858 at epoch 12
[2023-04-06 18:12:53] PRINT [04/06 18:12:53 graph]: Epoch 14 | train_loss: 0.1459 | lr: 0.000298
[2023-04-06 18:13:25] PRINT [04/06 18:13:25 graph]: #Test_f1: 0.8550±0.0248
[2023-04-06 18:13:25] PRINT [04/06 18:13:25 graph]: Epoch 14: get test f1 score:  0.855
[2023-04-06 18:13:25] PRINT [04/06 18:13:25 graph]: best_f1 0.858 at epoch 12
[2023-04-06 18:13:27] PRINT [04/06 18:13:27 graph]: Epoch 15 | train_loss: 0.1382 | lr: 0.000298
[2023-04-06 18:13:58] PRINT [04/06 18:13:58 graph]: #Test_f1: 0.8595±0.0314
[2023-04-06 18:13:58] PRINT [04/06 18:13:58 graph]: Epoch 15: get test f1 score:  0.860
[2023-04-06 18:13:58] PRINT [04/06 18:13:58 graph]: best_f1 0.860 at epoch 15
[2023-04-06 18:14:01] PRINT [04/06 18:14:01 graph]: Epoch 16 | train_loss: 0.1340 | lr: 0.000298
[2023-04-06 18:14:31] PRINT [04/06 18:14:31 graph]: #Test_f1: 0.8610±0.0239
[2023-04-06 18:14:31] PRINT [04/06 18:14:31 graph]: Epoch 16: get test f1 score:  0.861
[2023-04-06 18:14:31] PRINT [04/06 18:14:31 graph]: best_f1 0.861 at epoch 16
[2023-04-06 18:14:34] PRINT [04/06 18:14:34 graph]: Epoch 17 | train_loss: 0.1304 | lr: 0.000298
[2023-04-06 18:15:03] PRINT [04/06 18:15:03 graph]: #Test_f1: 0.8595±0.0234
[2023-04-06 18:15:03] PRINT [04/06 18:15:03 graph]: Epoch 17: get test f1 score:  0.859
[2023-04-06 18:15:03] PRINT [04/06 18:15:03 graph]: best_f1 0.861 at epoch 16
[2023-04-06 18:15:06] PRINT [04/06 18:15:06 graph]: Epoch 18 | train_loss: 0.1264 | lr: 0.000298
[2023-04-06 18:15:35] PRINT [04/06 18:15:35 graph]: #Test_f1: 0.8630±0.0208
[2023-04-06 18:15:35] PRINT [04/06 18:15:35 graph]: Epoch 18: get test f1 score:  0.863
[2023-04-06 18:15:35] PRINT [04/06 18:15:35 graph]: best_f1 0.863 at epoch 18
[2023-04-06 18:15:38] PRINT [04/06 18:15:38 graph]: Epoch 19 | train_loss: 0.1089 | lr: 0.000298
[2023-04-06 18:16:08] PRINT [04/06 18:16:08 graph]: #Test_f1: 0.8615±0.0218
[2023-04-06 18:16:08] PRINT [04/06 18:16:08 graph]: Epoch 19: get test f1 score:  0.862
[2023-04-06 18:16:08] PRINT [04/06 18:16:08 graph]: best_f1 0.863 at epoch 18
[2023-04-06 18:16:11] PRINT [04/06 18:16:11 graph]: Epoch 20 | train_loss: 0.1041 | lr: 0.000238
[2023-04-06 18:16:41] PRINT [04/06 18:16:41 graph]: #Test_f1: 0.8590±0.0229
[2023-04-06 18:16:42] PRINT [04/06 18:16:42 graph]: Epoch 20: get test f1 score:  0.859
[2023-04-06 18:16:42] PRINT [04/06 18:16:42 graph]: best_f1 0.863 at epoch 18
[2023-04-06 18:16:44] PRINT [04/06 18:16:44 graph]: Epoch 21 | train_loss: 0.1057 | lr: 0.000238
[2023-04-06 18:17:15] PRINT [04/06 18:17:15 graph]: #Test_f1: 0.8600±0.0194
[2023-04-06 18:17:15] PRINT [04/06 18:17:15 graph]: Epoch 21: get test f1 score:  0.860
[2023-04-06 18:17:15] PRINT [04/06 18:17:15 graph]: best_f1 0.863 at epoch 18
[2023-04-06 18:17:17] PRINT [04/06 18:17:17 graph]: Epoch 22 | train_loss: 0.1001 | lr: 0.000238
[2023-04-06 18:17:48] PRINT [04/06 18:17:48 graph]: #Test_f1: 0.8625±0.0205
[2023-04-06 18:17:48] PRINT [04/06 18:17:48 graph]: Epoch 22: get test f1 score:  0.863
[2023-04-06 18:17:48] PRINT [04/06 18:17:48 graph]: best_f1 0.863 at epoch 18
[2023-04-06 18:17:51] PRINT [04/06 18:17:51 graph]: Epoch 23 | train_loss: 0.1113 | lr: 0.000238
[2023-04-06 18:18:21] PRINT [04/06 18:18:21 graph]: #Test_f1: 0.8615±0.0218
[2023-04-06 18:18:21] PRINT [04/06 18:18:21 graph]: Epoch 23: get test f1 score:  0.862
[2023-04-06 18:18:21] PRINT [04/06 18:18:21 graph]: best_f1 0.863 at epoch 18
[2023-04-06 18:18:23] PRINT [04/06 18:18:23 graph]: Epoch 24 | train_loss: 0.0994 | lr: 0.000238
[2023-04-06 18:18:53] PRINT [04/06 18:18:53 graph]: #Test_f1: 0.8590±0.0196
[2023-04-06 18:18:53] PRINT [04/06 18:18:53 graph]: Epoch 24: get test f1 score:  0.859
[2023-04-06 18:18:53] PRINT [04/06 18:18:53 graph]: best_f1 0.863 at epoch 18
[2023-04-06 18:18:56] PRINT [04/06 18:18:56 graph]: Epoch 25 | train_loss: 0.1072 | lr: 0.000238
[2023-04-06 18:19:26] PRINT [04/06 18:19:26 graph]: #Test_f1: 0.8585±0.0188
[2023-04-06 18:19:26] PRINT [04/06 18:19:26 graph]: Epoch 25: get test f1 score:  0.859
[2023-04-06 18:19:26] PRINT [04/06 18:19:26 graph]: best_f1 0.863 at epoch 18
[2023-04-06 18:19:29] PRINT [04/06 18:19:29 graph]: Epoch 26 | train_loss: 0.1094 | lr: 0.000238
[2023-04-06 18:20:00] PRINT [04/06 18:20:00 graph]: #Test_f1: 0.8590±0.0261
[2023-04-06 18:20:00] PRINT [04/06 18:20:00 graph]: Epoch 26: get test f1 score:  0.859
[2023-04-06 18:20:00] PRINT [04/06 18:20:00 graph]: best_f1 0.863 at epoch 18
[2023-04-06 18:20:02] PRINT [04/06 18:20:02 graph]: Epoch 27 | train_loss: 0.1257 | lr: 0.000238
[2023-04-06 18:20:33] PRINT [04/06 18:20:33 graph]: #Test_f1: 0.8620±0.0249
[2023-04-06 18:20:34] PRINT [04/06 18:20:34 graph]: Epoch 27: get test f1 score:  0.862
[2023-04-06 18:20:34] PRINT [04/06 18:20:34 graph]: best_f1 0.863 at epoch 18
[2023-04-06 18:20:36] PRINT [04/06 18:20:36 graph]: Epoch 28 | train_loss: 0.1014 | lr: 0.000238
[2023-04-06 18:21:07] PRINT [04/06 18:21:07 graph]: #Test_f1: 0.8640±0.0264
[2023-04-06 18:21:07] PRINT [04/06 18:21:07 graph]: Epoch 28: get test f1 score:  0.864
[2023-04-06 18:21:07] PRINT [04/06 18:21:07 graph]: best_f1 0.864 at epoch 28
[2023-04-06 18:21:09] PRINT [04/06 18:21:09 graph]: Epoch 29 | train_loss: 0.1167 | lr: 0.000238
[2023-04-06 18:21:41] PRINT [04/06 18:21:41 graph]: #Test_f1: 0.8670±0.0253
[2023-04-06 18:21:41] PRINT [04/06 18:21:41 graph]: Epoch 29: get test f1 score:  0.867
[2023-04-06 18:21:41] PRINT [04/06 18:21:41 graph]: best_f1 0.867 at epoch 29
[2023-04-06 18:21:44] PRINT [04/06 18:21:44 graph]: Epoch 30 | train_loss: 0.1160 | lr: 0.000190
[2023-04-06 18:22:15] PRINT [04/06 18:22:15 graph]: #Test_f1: 0.8630±0.0210
[2023-04-06 18:22:16] PRINT [04/06 18:22:16 graph]: Epoch 30: get test f1 score:  0.863
[2023-04-06 18:22:16] PRINT [04/06 18:22:16 graph]: best_f1 0.867 at epoch 29
[2023-04-06 18:22:18] PRINT [04/06 18:22:18 graph]: Epoch 31 | train_loss: 0.1030 | lr: 0.000190
[2023-04-06 18:22:49] PRINT [04/06 18:22:49 graph]: #Test_f1: 0.8670±0.0214
[2023-04-06 18:22:49] PRINT [04/06 18:22:49 graph]: Epoch 31: get test f1 score:  0.867
[2023-04-06 18:22:49] PRINT [04/06 18:22:49 graph]: best_f1 0.867 at epoch 31
[2023-04-06 18:22:52] PRINT [04/06 18:22:52 graph]: Epoch 32 | train_loss: 0.0974 | lr: 0.000190
[2023-04-06 18:23:22] PRINT [04/06 18:23:22 graph]: #Test_f1: 0.8645±0.0236
[2023-04-06 18:23:23] PRINT [04/06 18:23:23 graph]: Epoch 32: get test f1 score:  0.864
[2023-04-06 18:23:23] PRINT [04/06 18:23:23 graph]: best_f1 0.867 at epoch 31
[2023-04-06 18:23:25] PRINT [04/06 18:23:25 graph]: Epoch 33 | train_loss: 0.1291 | lr: 0.000190
[2023-04-06 18:23:57] PRINT [04/06 18:23:57 graph]: #Test_f1: 0.8580±0.0286
[2023-04-06 18:23:57] PRINT [04/06 18:23:57 graph]: Epoch 33: get test f1 score:  0.858
[2023-04-06 18:23:57] PRINT [04/06 18:23:57 graph]: best_f1 0.867 at epoch 31
[2023-04-06 18:23:59] PRINT [04/06 18:23:59 graph]: Epoch 34 | train_loss: 0.1162 | lr: 0.000190
[2023-04-06 18:24:30] PRINT [04/06 18:24:30 graph]: #Test_f1: 0.8585±0.0231
[2023-04-06 18:24:31] PRINT [04/06 18:24:31 graph]: Epoch 34: get test f1 score:  0.858
[2023-04-06 18:24:31] PRINT [04/06 18:24:31 graph]: best_f1 0.867 at epoch 31
[2023-04-06 18:24:33] PRINT [04/06 18:24:33 graph]: Epoch 35 | train_loss: 0.1133 | lr: 0.000190
[2023-04-06 18:25:03] PRINT [04/06 18:25:03 graph]: #Test_f1: 0.8625±0.0217
[2023-04-06 18:25:04] PRINT [04/06 18:25:04 graph]: Epoch 35: get test f1 score:  0.863
[2023-04-06 18:25:04] PRINT [04/06 18:25:04 graph]: best_f1 0.867 at epoch 31
[2023-04-06 18:25:06] PRINT [04/06 18:25:06 graph]: Epoch 36 | train_loss: 0.1435 | lr: 0.000190
[2023-04-06 18:25:36] PRINT [04/06 18:25:36 graph]: #Test_f1: 0.8585±0.0281
[2023-04-06 18:25:37] PRINT [04/06 18:25:37 graph]: Epoch 36: get test f1 score:  0.858
[2023-04-06 18:25:37] PRINT [04/06 18:25:37 graph]: best_f1 0.867 at epoch 31
[2023-04-06 18:25:39] PRINT [04/06 18:25:39 graph]: Epoch 37 | train_loss: 0.1080 | lr: 0.000190
[2023-04-06 18:26:08] PRINT [04/06 18:26:08 graph]: #Test_f1: 0.8625±0.0263
[2023-04-06 18:26:08] PRINT [04/06 18:26:08 graph]: Epoch 37: get test f1 score:  0.863
[2023-04-06 18:26:08] PRINT [04/06 18:26:08 graph]: best_f1 0.867 at epoch 31
[2023-04-06 18:26:11] PRINT [04/06 18:26:11 graph]: Epoch 38 | train_loss: 0.1021 | lr: 0.000190
[2023-04-06 18:26:41] PRINT [04/06 18:26:41 graph]: #Test_f1: 0.8665±0.0225
[2023-04-06 18:26:41] PRINT [04/06 18:26:41 graph]: Epoch 38: get test f1 score:  0.866
[2023-04-06 18:26:41] PRINT [04/06 18:26:41 graph]: best_f1 0.867 at epoch 31
[2023-04-06 18:26:44] PRINT [04/06 18:26:44 graph]: Epoch 39 | train_loss: 0.0943 | lr: 0.000190
[2023-04-06 18:27:15] PRINT [04/06 18:27:15 graph]: #Test_f1: 0.8605±0.0254
[2023-04-06 18:27:15] PRINT [04/06 18:27:15 graph]: Epoch 39: get test f1 score:  0.861
[2023-04-06 18:27:15] PRINT [04/06 18:27:15 graph]: best_f1 0.867 at epoch 31
[2023-04-06 18:27:17] PRINT [04/06 18:27:17 graph]: Epoch 40 | train_loss: 0.1155 | lr: 0.000152
[2023-04-06 18:27:47] PRINT [04/06 18:27:47 graph]: #Test_f1: 0.8580±0.0189
[2023-04-06 18:27:47] PRINT [04/06 18:27:47 graph]: Epoch 40: get test f1 score:  0.858
[2023-04-06 18:27:47] PRINT [04/06 18:27:47 graph]: best_f1 0.867 at epoch 31
[2023-04-06 18:27:50] PRINT [04/06 18:27:50 graph]: Epoch 41 | train_loss: 0.1012 | lr: 0.000152
[2023-04-06 18:28:21] PRINT [04/06 18:28:21 graph]: #Test_f1: 0.8635±0.0206
[2023-04-06 18:28:21] PRINT [04/06 18:28:21 graph]: Epoch 41: get test f1 score:  0.863
[2023-04-06 18:28:21] PRINT [04/06 18:28:21 graph]: best_f1 0.867 at epoch 31
[2023-04-06 18:28:24] PRINT [04/06 18:28:24 graph]: Epoch 42 | train_loss: 0.0954 | lr: 0.000152
[2023-04-06 18:28:54] PRINT [04/06 18:28:54 graph]: #Test_f1: 0.8620±0.0237
[2023-04-06 18:28:55] PRINT [04/06 18:28:55 graph]: Epoch 42: get test f1 score:  0.862
[2023-04-06 18:28:55] PRINT [04/06 18:28:55 graph]: best_f1 0.867 at epoch 31
[2023-04-06 18:28:57] PRINT [04/06 18:28:57 graph]: Epoch 43 | train_loss: 0.0939 | lr: 0.000152
[2023-04-06 18:29:27] PRINT [04/06 18:29:27 graph]: #Test_f1: 0.8635±0.0245
[2023-04-06 18:29:27] PRINT [04/06 18:29:27 graph]: Epoch 43: get test f1 score:  0.863
[2023-04-06 18:29:27] PRINT [04/06 18:29:27 graph]: best_f1 0.867 at epoch 31
[2023-04-06 18:29:29] PRINT [04/06 18:29:29 graph]: Epoch 44 | train_loss: 0.0956 | lr: 0.000152
[2023-04-06 18:30:00] PRINT [04/06 18:30:00 graph]: #Test_f1: 0.8625±0.0218
[2023-04-06 18:30:01] PRINT [04/06 18:30:01 graph]: Epoch 44: get test f1 score:  0.863
[2023-04-06 18:30:01] PRINT [04/06 18:30:01 graph]: best_f1 0.867 at epoch 31
[2023-04-06 18:30:03] PRINT [04/06 18:30:03 graph]: Epoch 45 | train_loss: 0.0905 | lr: 0.000152
[2023-04-06 18:30:33] PRINT [04/06 18:30:33 graph]: #Test_f1: 0.8610±0.0228
[2023-04-06 18:30:33] PRINT [04/06 18:30:33 graph]: Epoch 45: get test f1 score:  0.861
[2023-04-06 18:30:33] PRINT [04/06 18:30:33 graph]: best_f1 0.867 at epoch 31
[2023-04-06 18:30:36] PRINT [04/06 18:30:36 graph]: Epoch 46 | train_loss: 0.0887 | lr: 0.000152
[2023-04-06 18:31:06] PRINT [04/06 18:31:06 graph]: #Test_f1: 0.8620±0.0274
[2023-04-06 18:31:07] PRINT [04/06 18:31:07 graph]: Epoch 46: get test f1 score:  0.862
[2023-04-06 18:31:07] PRINT [04/06 18:31:07 graph]: best_f1 0.867 at epoch 31
[2023-04-06 18:31:09] PRINT [04/06 18:31:09 graph]: Epoch 47 | train_loss: 0.1805 | lr: 0.000152
[2023-04-06 18:31:40] PRINT [04/06 18:31:40 graph]: #Test_f1: 0.8600±0.0311
[2023-04-06 18:31:40] PRINT [04/06 18:31:40 graph]: Epoch 47: get test f1 score:  0.860
[2023-04-06 18:31:40] PRINT [04/06 18:31:40 graph]: best_f1 0.867 at epoch 31
[2023-04-06 18:31:42] PRINT [04/06 18:31:42 graph]: Epoch 48 | train_loss: 0.1089 | lr: 0.000152
[2023-04-06 18:32:13] PRINT [04/06 18:32:13 graph]: #Test_f1: 0.8620±0.0285
[2023-04-06 18:32:13] PRINT [04/06 18:32:13 graph]: Epoch 48: get test f1 score:  0.862
[2023-04-06 18:32:13] PRINT [04/06 18:32:13 graph]: best_f1 0.867 at epoch 31
[2023-04-06 18:32:15] PRINT [04/06 18:32:15 graph]: Epoch 49 | train_loss: 0.1222 | lr: 0.000152
[2023-04-06 18:32:45] PRINT [04/06 18:32:45 graph]: #Test_f1: 0.8645±0.0256
[2023-04-06 18:32:46] PRINT [04/06 18:32:46 graph]: Epoch 49: get test f1 score:  0.864
[2023-04-06 18:32:46] PRINT [04/06 18:32:46 graph]: best_f1 0.867 at epoch 31
[2023-04-06 18:32:46] PRINT [04/06 18:32:46 graph]: # final_acc: 0.8670±0.0000
