[2023-03-06 09:39:04] PRINT ---new cfg------
[2023-03-06 09:39:04] PRINT {'DATA': {'data_name': 'MUTAG', 'deg4feat': True}, 'DATALOADER': {'NUM_WORKERS': 0, 'BATCH_SIZE': 32}, 'MODEL': {'num_hidden': 512, 'num_layers': 2, 'nhead': 4, 'activation': 'prelu', 'attn_drop': 0.1, 'feat_drop': 0.2, 'norm': 'layernorm', 'pooler': 'mean', 'beta_schedule': 'sigmoid', 'beta_1': 0.0002989640517636647, 'beta_T': 0.04105419988409161, 'T': 591}, 'SOLVER': {'optim_type': 'adamw', 'optim_type_f': 'adamw', 'alpha': 1, 'decay': 20, 'LR': 6.671306568248385e-05, 'weight_decay': 0.0005, 'MAX_EPOCH': 50}, 'DEVICE': 'cuda', 'seeds': [11], 'eval_T': [50, 100, 200], 'output_dir': '/ddm-nni/MUTAG/log', 'checkpoint_dir': '/ddm-nni/MUTAG/log/checkpoint'}
[2023-03-06 09:39:04] PRINT [03/06 09:39:04 graph]: Rank of current process: 0. World size: 1
[2023-03-06 09:39:08] PRINT [03/06 09:39:08 graph]: Environment info:
[2023-03-06 09:39:08] PRINT PyTorch version: 1.10.0+cu113
[2023-03-06 09:39:08] PRINT Is debug build: False
[2023-03-06 09:39:08] PRINT CUDA used to build PyTorch: 11.3
[2023-03-06 09:39:08] PRINT ROCM used to build PyTorch: N/A
[2023-03-06 09:39:08] PRINT 
[2023-03-06 09:39:08] PRINT OS: Ubuntu 20.04.3 LTS (x86_64)
[2023-03-06 09:39:08] PRINT GCC version: (Ubuntu 9.3.0-17ubuntu1~20.04) 9.3.0
[2023-03-06 09:39:08] PRINT Clang version: Could not collect
[2023-03-06 09:39:08] PRINT CMake version: version 3.16.3
[2023-03-06 09:39:08] PRINT Libc version: glibc-2.31
[2023-03-06 09:39:08] PRINT 
[2023-03-06 09:39:08] PRINT Python version: 3.8.10 (default, Jun  4 2021, 15:09:15)  [GCC 7.5.0] (64-bit runtime)
[2023-03-06 09:39:08] PRINT Python platform: Linux-5.4.0-90-generic-x86_64-with-glibc2.17
[2023-03-06 09:39:08] PRINT Is CUDA available: True
[2023-03-06 09:39:08] PRINT CUDA runtime version: 11.3.109
[2023-03-06 09:39:08] PRINT GPU models and configuration: GPU 0: NVIDIA GeForce RTX 3090
[2023-03-06 09:39:08] PRINT Nvidia driver version: 495.44
[2023-03-06 09:39:08] PRINT cuDNN version: Probably one of the following:
[2023-03-06 09:39:08] PRINT /usr/lib/x86_64-linux-gnu/libcudnn.so.8.2.0
[2023-03-06 09:39:08] PRINT /usr/lib/x86_64-linux-gnu/libcudnn_adv_infer.so.8.2.0
[2023-03-06 09:39:08] PRINT /usr/lib/x86_64-linux-gnu/libcudnn_adv_train.so.8.2.0
[2023-03-06 09:39:08] PRINT /usr/lib/x86_64-linux-gnu/libcudnn_cnn_infer.so.8.2.0
[2023-03-06 09:39:08] PRINT /usr/lib/x86_64-linux-gnu/libcudnn_cnn_train.so.8.2.0
[2023-03-06 09:39:08] PRINT /usr/lib/x86_64-linux-gnu/libcudnn_ops_infer.so.8.2.0
[2023-03-06 09:39:08] PRINT /usr/lib/x86_64-linux-gnu/libcudnn_ops_train.so.8.2.0
[2023-03-06 09:39:08] PRINT HIP runtime version: N/A
[2023-03-06 09:39:08] PRINT MIOpen runtime version: N/A
[2023-03-06 09:39:08] PRINT 
[2023-03-06 09:39:08] PRINT Versions of relevant libraries:
[2023-03-06 09:39:08] PRINT [pip3] numpy==1.23.5
[2023-03-06 09:39:08] PRINT [pip3] torch==1.10.0+cu113
[2023-03-06 09:39:08] PRINT [pip3] torchvision==0.11.1+cu113
[2023-03-06 09:39:08] PRINT [conda] blas                      1.0                         mkl    https://mirrors.ustc.edu.cn/anaconda/pkgs/main
[2023-03-06 09:39:08] PRINT [conda] mkl                       2021.4.0           h06a4308_640    https://mirrors.ustc.edu.cn/anaconda/pkgs/main
[2023-03-06 09:39:08] PRINT [conda] mkl-service               2.4.0            py38h7f8727e_0    https://mirrors.ustc.edu.cn/anaconda/pkgs/main
[2023-03-06 09:39:08] PRINT [conda] mkl_fft                   1.3.1            py38hd3c417c_0    https://mirrors.ustc.edu.cn/anaconda/pkgs/main
[2023-03-06 09:39:08] PRINT [conda] mkl_random                1.2.2            py38h51133e4_0    https://mirrors.ustc.edu.cn/anaconda/pkgs/main
[2023-03-06 09:39:08] PRINT [conda] numpy                     1.21.4                   pypi_0    pypi
[2023-03-06 09:39:08] PRINT [conda] numpy-base                1.23.5           py38h31eccc5_0    https://mirrors.ustc.edu.cn/anaconda/pkgs/main
[2023-03-06 09:39:08] PRINT [conda] torch                     1.10.0+cu113             pypi_0    pypi
[2023-03-06 09:39:08] PRINT [conda] torchvision               0.11.1+cu113             pypi_0    pypi
[2023-03-06 09:39:08] PRINT         Pillow (8.4.0)
[2023-03-06 09:39:08] PRINT [03/06 09:39:08 graph]: Command line arguments: Namespace(local_rank=0, resume=False, seed=1234, start_epoch=0)
[2023-03-06 09:39:08] PRINT Using degree as node features
[2023-03-06 09:39:08] PRINT ******** # Num Graphs: 188, # Num Feat: 5, # Num Classes: 2 ********
[2023-03-06 09:39:08] PRINT [03/06 09:39:08 graph]: Run 0th for seed 11
[2023-03-06 09:39:08] PRINT [03/06 09:39:08 graph]: Total trainable params num : 5043823
[2023-03-06 09:39:12] PRINT [03/06 09:39:12 graph]: ----------Start Training----------
[2023-03-06 09:39:13] PRINT [03/06 09:39:13 graph]: Epoch 0 | train_loss: 0.7633 | lr: 0.000067
[2023-03-06 09:39:13] PRINT [03/06 09:39:13 graph]: Epoch 1 | train_loss: 0.4647 | lr: 0.000067
[2023-03-06 09:39:13] PRINT [03/06 09:39:13 graph]: Epoch 2 | train_loss: 0.3742 | lr: 0.000067
[2023-03-06 09:39:16] PRINT [03/06 09:39:16 graph]: #Test_f1: 0.8240±0.0601
[2023-03-06 09:39:16] PRINT [03/06 09:39:16 graph]: Epoch 2: get test f1 score:  0.824
[2023-03-06 09:39:16] PRINT [03/06 09:39:16 graph]: best_f1 0.824 at epoch 2
[2023-03-06 09:39:16] PRINT [03/06 09:39:16 graph]: Epoch 3 | train_loss: 0.3419 | lr: 0.000067
[2023-03-06 09:39:19] PRINT [03/06 09:39:19 graph]: #Test_f1: 0.8295±0.0575
[2023-03-06 09:39:19] PRINT [03/06 09:39:19 graph]: Epoch 3: get test f1 score:  0.830
[2023-03-06 09:39:19] PRINT [03/06 09:39:19 graph]: best_f1 0.830 at epoch 3
[2023-03-06 09:39:20] PRINT [03/06 09:39:20 graph]: Epoch 4 | train_loss: 0.3176 | lr: 0.000067
[2023-03-06 09:39:23] PRINT [03/06 09:39:23 graph]: #Test_f1: 0.8301±0.0651
[2023-03-06 09:39:23] PRINT [03/06 09:39:23 graph]: Epoch 4: get test f1 score:  0.830
[2023-03-06 09:39:23] PRINT [03/06 09:39:23 graph]: best_f1 0.830 at epoch 4
[2023-03-06 09:39:23] PRINT [03/06 09:39:23 graph]: Epoch 5 | train_loss: 0.2937 | lr: 0.000067
[2023-03-06 09:39:26] PRINT [03/06 09:39:26 graph]: #Test_f1: 0.8509±0.0666
[2023-03-06 09:39:26] PRINT [03/06 09:39:26 graph]: Epoch 5: get test f1 score:  0.851
[2023-03-06 09:39:26] PRINT [03/06 09:39:26 graph]: best_f1 0.851 at epoch 5
[2023-03-06 09:39:27] PRINT [03/06 09:39:27 graph]: Epoch 6 | train_loss: 0.2818 | lr: 0.000067
[2023-03-06 09:39:30] PRINT [03/06 09:39:30 graph]: #Test_f1: 0.8184±0.0659
[2023-03-06 09:39:30] PRINT [03/06 09:39:30 graph]: Epoch 6: get test f1 score:  0.818
[2023-03-06 09:39:30] PRINT [03/06 09:39:30 graph]: best_f1 0.851 at epoch 5
[2023-03-06 09:39:30] PRINT [03/06 09:39:30 graph]: Epoch 7 | train_loss: 0.2771 | lr: 0.000067
[2023-03-06 09:39:33] PRINT [03/06 09:39:33 graph]: #Test_f1: 0.8295±0.0575
[2023-03-06 09:39:33] PRINT [03/06 09:39:33 graph]: Epoch 7: get test f1 score:  0.830
[2023-03-06 09:39:33] PRINT [03/06 09:39:33 graph]: best_f1 0.851 at epoch 5
[2023-03-06 09:39:34] PRINT [03/06 09:39:34 graph]: Epoch 8 | train_loss: 0.2693 | lr: 0.000067
[2023-03-06 09:39:36] PRINT [03/06 09:39:36 graph]: #Test_f1: 0.8351±0.0555
[2023-03-06 09:39:37] PRINT [03/06 09:39:37 graph]: Epoch 8: get test f1 score:  0.835
[2023-03-06 09:39:37] PRINT [03/06 09:39:37 graph]: best_f1 0.851 at epoch 5
[2023-03-06 09:39:37] PRINT [03/06 09:39:37 graph]: Epoch 9 | train_loss: 0.2630 | lr: 0.000067
[2023-03-06 09:39:40] PRINT [03/06 09:39:40 graph]: #Test_f1: 0.8132±0.0659
[2023-03-06 09:39:40] PRINT [03/06 09:39:40 graph]: Epoch 9: get test f1 score:  0.813
[2023-03-06 09:39:40] PRINT [03/06 09:39:40 graph]: best_f1 0.851 at epoch 5
[2023-03-06 09:39:40] PRINT [03/06 09:39:40 graph]: Epoch 10 | train_loss: 0.2509 | lr: 0.000067
[2023-03-06 09:39:43] PRINT [03/06 09:39:43 graph]: #Test_f1: 0.8351±0.0642
[2023-03-06 09:39:43] PRINT [03/06 09:39:43 graph]: Epoch 10: get test f1 score:  0.835
[2023-03-06 09:39:43] PRINT [03/06 09:39:43 graph]: best_f1 0.851 at epoch 5
[2023-03-06 09:39:43] PRINT [03/06 09:39:43 graph]: Epoch 11 | train_loss: 0.2373 | lr: 0.000067
[2023-03-06 09:39:46] PRINT [03/06 09:39:46 graph]: #Test_f1: 0.8135±0.0650
[2023-03-06 09:39:46] PRINT [03/06 09:39:46 graph]: Epoch 11: get test f1 score:  0.813
[2023-03-06 09:39:46] PRINT [03/06 09:39:46 graph]: best_f1 0.851 at epoch 5
[2023-03-06 09:39:47] PRINT [03/06 09:39:47 graph]: Epoch 12 | train_loss: 0.2283 | lr: 0.000067
[2023-03-06 09:39:50] PRINT [03/06 09:39:50 graph]: #Test_f1: 0.8348±0.0560
[2023-03-06 09:39:50] PRINT [03/06 09:39:50 graph]: Epoch 12: get test f1 score:  0.835
[2023-03-06 09:39:50] PRINT [03/06 09:39:50 graph]: best_f1 0.851 at epoch 5
[2023-03-06 09:39:50] PRINT [03/06 09:39:50 graph]: Epoch 13 | train_loss: 0.2302 | lr: 0.000067
[2023-03-06 09:39:53] PRINT [03/06 09:39:53 graph]: #Test_f1: 0.8292±0.0636
[2023-03-06 09:39:53] PRINT [03/06 09:39:53 graph]: Epoch 13: get test f1 score:  0.829
[2023-03-06 09:39:53] PRINT [03/06 09:39:53 graph]: best_f1 0.851 at epoch 5
[2023-03-06 09:39:53] PRINT [03/06 09:39:53 graph]: Epoch 14 | train_loss: 0.2197 | lr: 0.000067
[2023-03-06 09:39:56] PRINT [03/06 09:39:56 graph]: #Test_f1: 0.8348±0.0508
[2023-03-06 09:39:57] PRINT [03/06 09:39:57 graph]: Epoch 14: get test f1 score:  0.835
[2023-03-06 09:39:57] PRINT [03/06 09:39:57 graph]: best_f1 0.851 at epoch 5
[2023-03-06 09:39:57] PRINT [03/06 09:39:57 graph]: Epoch 15 | train_loss: 0.2198 | lr: 0.000067
[2023-03-06 09:40:00] PRINT [03/06 09:40:00 graph]: #Test_f1: 0.8512±0.0456
[2023-03-06 09:40:00] PRINT [03/06 09:40:00 graph]: Epoch 15: get test f1 score:  0.851
[2023-03-06 09:40:00] PRINT [03/06 09:40:00 graph]: best_f1 0.851 at epoch 15
[2023-03-06 09:40:00] PRINT [03/06 09:40:00 graph]: Epoch 16 | train_loss: 0.2093 | lr: 0.000067
[2023-03-06 09:40:03] PRINT [03/06 09:40:03 graph]: #Test_f1: 0.8348±0.0560
[2023-03-06 09:40:03] PRINT [03/06 09:40:03 graph]: Epoch 16: get test f1 score:  0.835
[2023-03-06 09:40:03] PRINT [03/06 09:40:03 graph]: best_f1 0.851 at epoch 15
[2023-03-06 09:40:03] PRINT [03/06 09:40:03 graph]: Epoch 17 | train_loss: 0.2116 | lr: 0.000067
[2023-03-06 09:40:06] PRINT [03/06 09:40:06 graph]: #Test_f1: 0.8237±0.0654
[2023-03-06 09:40:07] PRINT [03/06 09:40:07 graph]: Epoch 17: get test f1 score:  0.824
[2023-03-06 09:40:07] PRINT [03/06 09:40:07 graph]: best_f1 0.851 at epoch 15
[2023-03-06 09:40:07] PRINT [03/06 09:40:07 graph]: Epoch 18 | train_loss: 0.2028 | lr: 0.000067
[2023-03-06 09:40:10] PRINT [03/06 09:40:10 graph]: #Test_f1: 0.8401±0.0589
[2023-03-06 09:40:10] PRINT [03/06 09:40:10 graph]: Epoch 18: get test f1 score:  0.840
[2023-03-06 09:40:10] PRINT [03/06 09:40:10 graph]: best_f1 0.851 at epoch 15
[2023-03-06 09:40:10] PRINT [03/06 09:40:10 graph]: Epoch 19 | train_loss: 0.2022 | lr: 0.000067
[2023-03-06 09:40:13] PRINT [03/06 09:40:13 graph]: #Test_f1: 0.8512±0.0565
[2023-03-06 09:40:13] PRINT [03/06 09:40:13 graph]: Epoch 19: get test f1 score:  0.851
[2023-03-06 09:40:13] PRINT [03/06 09:40:13 graph]: best_f1 0.851 at epoch 15
[2023-03-06 09:40:13] PRINT [03/06 09:40:13 graph]: Epoch 20 | train_loss: 0.2001 | lr: 0.000067
[2023-03-06 09:40:16] PRINT [03/06 09:40:16 graph]: #Test_f1: 0.8456±0.0600
[2023-03-06 09:40:17] PRINT [03/06 09:40:17 graph]: Epoch 20: get test f1 score:  0.846
[2023-03-06 09:40:17] PRINT [03/06 09:40:17 graph]: best_f1 0.851 at epoch 15
[2023-03-06 09:40:17] PRINT [03/06 09:40:17 graph]: Epoch 21 | train_loss: 0.1907 | lr: 0.000067
[2023-03-06 09:40:20] PRINT [03/06 09:40:20 graph]: #Test_f1: 0.8509±0.0520
[2023-03-06 09:40:20] PRINT [03/06 09:40:20 graph]: Epoch 21: get test f1 score:  0.851
[2023-03-06 09:40:20] PRINT [03/06 09:40:20 graph]: best_f1 0.851 at epoch 15
[2023-03-06 09:40:20] PRINT [03/06 09:40:20 graph]: Epoch 22 | train_loss: 0.1913 | lr: 0.000067
[2023-03-06 09:40:23] PRINT [03/06 09:40:23 graph]: #Test_f1: 0.8404±0.0749
[2023-03-06 09:40:23] PRINT [03/06 09:40:23 graph]: Epoch 22: get test f1 score:  0.840
[2023-03-06 09:40:23] PRINT [03/06 09:40:23 graph]: best_f1 0.851 at epoch 15
[2023-03-06 09:40:23] PRINT [03/06 09:40:23 graph]: Epoch 23 | train_loss: 0.1795 | lr: 0.000067
[2023-03-06 09:40:26] PRINT [03/06 09:40:26 graph]: #Test_f1: 0.8509±0.0520
[2023-03-06 09:40:27] PRINT [03/06 09:40:27 graph]: Epoch 23: get test f1 score:  0.851
[2023-03-06 09:40:27] PRINT [03/06 09:40:27 graph]: best_f1 0.851 at epoch 15
[2023-03-06 09:40:27] PRINT [03/06 09:40:27 graph]: Epoch 24 | train_loss: 0.1867 | lr: 0.000067
[2023-03-06 09:40:30] PRINT [03/06 09:40:30 graph]: #Test_f1: 0.8506±0.0629
[2023-03-06 09:40:30] PRINT [03/06 09:40:30 graph]: Epoch 24: get test f1 score:  0.851
[2023-03-06 09:40:30] PRINT [03/06 09:40:30 graph]: best_f1 0.851 at epoch 15
[2023-03-06 09:40:30] PRINT [03/06 09:40:30 graph]: Epoch 25 | train_loss: 0.1788 | lr: 0.000067
[2023-03-06 09:40:33] PRINT [03/06 09:40:33 graph]: #Test_f1: 0.8456±0.0441
[2023-03-06 09:40:33] PRINT [03/06 09:40:33 graph]: Epoch 25: get test f1 score:  0.846
[2023-03-06 09:40:33] PRINT [03/06 09:40:33 graph]: best_f1 0.851 at epoch 15
[2023-03-06 09:40:33] PRINT [03/06 09:40:33 graph]: Epoch 26 | train_loss: 0.1841 | lr: 0.000067
[2023-03-06 09:40:36] PRINT [03/06 09:40:36 graph]: #Test_f1: 0.8509±0.0661
[2023-03-06 09:40:36] PRINT [03/06 09:40:36 graph]: Epoch 26: get test f1 score:  0.851
[2023-03-06 09:40:36] PRINT [03/06 09:40:36 graph]: best_f1 0.851 at epoch 15
[2023-03-06 09:40:37] PRINT [03/06 09:40:37 graph]: Epoch 27 | train_loss: 0.1656 | lr: 0.000067
[2023-03-06 09:40:39] PRINT [03/06 09:40:39 graph]: #Test_f1: 0.8295±0.0743
[2023-03-06 09:40:40] PRINT [03/06 09:40:40 graph]: Epoch 27: get test f1 score:  0.830
[2023-03-06 09:40:40] PRINT [03/06 09:40:40 graph]: best_f1 0.851 at epoch 15
[2023-03-06 09:40:40] PRINT [03/06 09:40:40 graph]: Epoch 28 | train_loss: 0.1702 | lr: 0.000067
[2023-03-06 09:40:43] PRINT [03/06 09:40:43 graph]: #Test_f1: 0.8401±0.0676
[2023-03-06 09:40:43] PRINT [03/06 09:40:43 graph]: Epoch 28: get test f1 score:  0.840
[2023-03-06 09:40:43] PRINT [03/06 09:40:43 graph]: best_f1 0.851 at epoch 15
[2023-03-06 09:40:43] PRINT [03/06 09:40:43 graph]: Epoch 29 | train_loss: 0.1720 | lr: 0.000067
[2023-03-06 09:40:46] PRINT [03/06 09:40:46 graph]: #Test_f1: 0.8295±0.0743
[2023-03-06 09:40:46] PRINT [03/06 09:40:46 graph]: Epoch 29: get test f1 score:  0.830
[2023-03-06 09:40:46] PRINT [03/06 09:40:46 graph]: best_f1 0.851 at epoch 15
[2023-03-06 09:40:47] PRINT [03/06 09:40:47 graph]: Epoch 30 | train_loss: 0.1657 | lr: 0.000067
[2023-03-06 09:40:49] PRINT [03/06 09:40:49 graph]: #Test_f1: 0.8453±0.0655
[2023-03-06 09:40:50] PRINT [03/06 09:40:50 graph]: Epoch 30: get test f1 score:  0.845
[2023-03-06 09:40:50] PRINT [03/06 09:40:50 graph]: best_f1 0.851 at epoch 15
[2023-03-06 09:40:50] PRINT [03/06 09:40:50 graph]: Epoch 31 | train_loss: 0.1628 | lr: 0.000067
[2023-03-06 09:40:53] PRINT [03/06 09:40:53 graph]: #Test_f1: 0.8561±0.0630
[2023-03-06 09:40:53] PRINT [03/06 09:40:53 graph]: Epoch 31: get test f1 score:  0.856
[2023-03-06 09:40:53] PRINT [03/06 09:40:53 graph]: best_f1 0.856 at epoch 31
[2023-03-06 09:40:53] PRINT [03/06 09:40:53 graph]: Epoch 32 | train_loss: 0.1625 | lr: 0.000067
[2023-03-06 09:40:56] PRINT [03/06 09:40:56 graph]: #Test_f1: 0.8295±0.0743
[2023-03-06 09:40:56] PRINT [03/06 09:40:56 graph]: Epoch 32: get test f1 score:  0.830
[2023-03-06 09:40:56] PRINT [03/06 09:40:56 graph]: best_f1 0.856 at epoch 31
[2023-03-06 09:40:56] PRINT [03/06 09:40:56 graph]: Epoch 33 | train_loss: 0.1646 | lr: 0.000067
[2023-03-06 09:40:59] PRINT [03/06 09:40:59 graph]: #Test_f1: 0.8509±0.0661
[2023-03-06 09:41:00] PRINT [03/06 09:41:00 graph]: Epoch 33: get test f1 score:  0.851
[2023-03-06 09:41:00] PRINT [03/06 09:41:00 graph]: best_f1 0.856 at epoch 31
[2023-03-06 09:41:00] PRINT [03/06 09:41:00 graph]: Epoch 34 | train_loss: 0.1532 | lr: 0.000067
[2023-03-06 09:41:03] PRINT [03/06 09:41:03 graph]: #Test_f1: 0.8401±0.0716
[2023-03-06 09:41:03] PRINT [03/06 09:41:03 graph]: Epoch 34: get test f1 score:  0.840
[2023-03-06 09:41:03] PRINT [03/06 09:41:03 graph]: best_f1 0.856 at epoch 31
[2023-03-06 09:41:03] PRINT [03/06 09:41:03 graph]: Epoch 35 | train_loss: 0.1598 | lr: 0.000067
[2023-03-06 09:41:06] PRINT [03/06 09:41:06 graph]: #Test_f1: 0.8401±0.0716
[2023-03-06 09:41:06] PRINT [03/06 09:41:06 graph]: Epoch 35: get test f1 score:  0.840
[2023-03-06 09:41:06] PRINT [03/06 09:41:06 graph]: best_f1 0.856 at epoch 31
[2023-03-06 09:41:06] PRINT [03/06 09:41:06 graph]: Epoch 36 | train_loss: 0.1537 | lr: 0.000067
[2023-03-06 09:41:09] PRINT [03/06 09:41:09 graph]: #Test_f1: 0.8348±0.0769
[2023-03-06 09:41:09] PRINT [03/06 09:41:09 graph]: Epoch 36: get test f1 score:  0.835
[2023-03-06 09:41:09] PRINT [03/06 09:41:09 graph]: best_f1 0.856 at epoch 31
[2023-03-06 09:41:10] PRINT [03/06 09:41:10 graph]: Epoch 37 | train_loss: 0.1511 | lr: 0.000067
[2023-03-06 09:41:12] PRINT [03/06 09:41:12 graph]: #Test_f1: 0.8348±0.0769
[2023-03-06 09:41:13] PRINT [03/06 09:41:13 graph]: Epoch 37: get test f1 score:  0.835
[2023-03-06 09:41:13] PRINT [03/06 09:41:13 graph]: best_f1 0.856 at epoch 31
[2023-03-06 09:41:13] PRINT [03/06 09:41:13 graph]: Epoch 38 | train_loss: 0.1536 | lr: 0.000067
[2023-03-06 09:41:16] PRINT [03/06 09:41:16 graph]: #Test_f1: 0.8295±0.0743
[2023-03-06 09:41:16] PRINT [03/06 09:41:16 graph]: Epoch 38: get test f1 score:  0.830
[2023-03-06 09:41:16] PRINT [03/06 09:41:16 graph]: best_f1 0.856 at epoch 31
[2023-03-06 09:41:16] PRINT [03/06 09:41:16 graph]: Epoch 39 | train_loss: 0.1484 | lr: 0.000067
[2023-03-06 09:41:19] PRINT [03/06 09:41:19 graph]: #Test_f1: 0.8456±0.0650
[2023-03-06 09:41:19] PRINT [03/06 09:41:19 graph]: Epoch 39: get test f1 score:  0.846
[2023-03-06 09:41:19] PRINT [03/06 09:41:19 graph]: best_f1 0.856 at epoch 31
[2023-03-06 09:41:19] PRINT [03/06 09:41:19 graph]: Epoch 40 | train_loss: 0.1527 | lr: 0.000067
[2023-03-06 09:41:22] PRINT [03/06 09:41:22 graph]: #Test_f1: 0.8348±0.0769
[2023-03-06 09:41:22] PRINT [03/06 09:41:22 graph]: Epoch 40: get test f1 score:  0.835
[2023-03-06 09:41:22] PRINT [03/06 09:41:22 graph]: best_f1 0.856 at epoch 31
[2023-03-06 09:41:23] PRINT [03/06 09:41:23 graph]: Epoch 41 | train_loss: 0.1469 | lr: 0.000067
[2023-03-06 09:41:26] PRINT [03/06 09:41:26 graph]: #Test_f1: 0.8509±0.0623
[2023-03-06 09:41:26] PRINT [03/06 09:41:26 graph]: Epoch 41: get test f1 score:  0.851
[2023-03-06 09:41:26] PRINT [03/06 09:41:26 graph]: best_f1 0.856 at epoch 31
[2023-03-06 09:41:26] PRINT [03/06 09:41:26 graph]: Epoch 42 | train_loss: 0.1479 | lr: 0.000067
[2023-03-06 09:41:29] PRINT [03/06 09:41:29 graph]: #Test_f1: 0.8617±0.0538
[2023-03-06 09:41:29] PRINT [03/06 09:41:29 graph]: Epoch 42: get test f1 score:  0.862
[2023-03-06 09:41:29] PRINT [03/06 09:41:29 graph]: best_f1 0.862 at epoch 42
[2023-03-06 09:41:29] PRINT [03/06 09:41:29 graph]: Epoch 43 | train_loss: 0.1573 | lr: 0.000067
[2023-03-06 09:41:32] PRINT [03/06 09:41:32 graph]: #Test_f1: 0.8670±0.0726
[2023-03-06 09:41:32] PRINT [03/06 09:41:32 graph]: Epoch 43: get test f1 score:  0.867
[2023-03-06 09:41:32] PRINT [03/06 09:41:32 graph]: best_f1 0.867 at epoch 43
[2023-03-06 09:41:33] PRINT [03/06 09:41:33 graph]: Epoch 44 | train_loss: 0.1465 | lr: 0.000067
[2023-03-06 09:41:36] PRINT [03/06 09:41:36 graph]: #Test_f1: 0.8617±0.0483
[2023-03-06 09:41:36] PRINT [03/06 09:41:36 graph]: Epoch 44: get test f1 score:  0.862
[2023-03-06 09:41:36] PRINT [03/06 09:41:36 graph]: best_f1 0.867 at epoch 43
[2023-03-06 09:41:36] PRINT [03/06 09:41:36 graph]: Epoch 45 | train_loss: 0.1491 | lr: 0.000067
[2023-03-06 09:41:39] PRINT [03/06 09:41:39 graph]: #Test_f1: 0.8719±0.0435
[2023-03-06 09:41:39] PRINT [03/06 09:41:39 graph]: Epoch 45: get test f1 score:  0.872
[2023-03-06 09:41:39] PRINT [03/06 09:41:39 graph]: best_f1 0.872 at epoch 45
[2023-03-06 09:41:40] PRINT [03/06 09:41:40 graph]: Epoch 46 | train_loss: 0.1362 | lr: 0.000067
[2023-03-06 09:41:42] PRINT [03/06 09:41:42 graph]: #Test_f1: 0.8561±0.0678
[2023-03-06 09:41:43] PRINT [03/06 09:41:43 graph]: Epoch 46: get test f1 score:  0.856
[2023-03-06 09:41:43] PRINT [03/06 09:41:43 graph]: best_f1 0.872 at epoch 45
[2023-03-06 09:41:43] PRINT [03/06 09:41:43 graph]: Epoch 47 | train_loss: 0.1460 | lr: 0.000067
[2023-03-06 09:41:46] PRINT [03/06 09:41:46 graph]: #Test_f1: 0.8667±0.0597
[2023-03-06 09:41:46] PRINT [03/06 09:41:46 graph]: Epoch 47: get test f1 score:  0.867
[2023-03-06 09:41:46] PRINT [03/06 09:41:46 graph]: best_f1 0.872 at epoch 45
[2023-03-06 09:41:46] PRINT [03/06 09:41:46 graph]: Epoch 48 | train_loss: 0.1303 | lr: 0.000067
[2023-03-06 09:41:49] PRINT [03/06 09:41:49 graph]: #Test_f1: 0.8667±0.0642
[2023-03-06 09:41:50] PRINT [03/06 09:41:50 graph]: Epoch 48: get test f1 score:  0.867
[2023-03-06 09:41:50] PRINT [03/06 09:41:50 graph]: best_f1 0.872 at epoch 45
[2023-03-06 09:41:50] PRINT [03/06 09:41:50 graph]: Epoch 49 | train_loss: 0.1428 | lr: 0.000067
[2023-03-06 09:41:53] PRINT [03/06 09:41:53 graph]: #Test_f1: 0.8772±0.0548
[2023-03-06 09:41:53] PRINT [03/06 09:41:53 graph]: Epoch 49: get test f1 score:  0.877
[2023-03-06 09:41:53] PRINT [03/06 09:41:53 graph]: best_f1 0.877 at epoch 49
[2023-03-06 09:41:53] PRINT [03/06 09:41:53 graph]: # final_acc: 0.8772±0.0000
