[2023-03-12 17:46:34] PRINT ---new cfg------
[2023-03-12 17:46:34] PRINT {'DATA': {'data_name': 'cora'}, 'DATALOADER': {'NUM_WORKERS': 0}, 'MODEL': {'num_hidden': 1024, 'num_layers': 2, 'nhead': 4, 'activation': 'prelu', 'attn_drop': 0.2, 'feat_drop': 0.4, 'norm': 'batchnorm', 'pooler': 'mean', 'beta_schedule': 'sigmoid', 'beta_1': 0.000875963343824483, 'beta_T': 0.07785177390134036, 'T': 284}, 'SOLVER': {'optim_type': 'adam', 'optim_type_f': 'adamw', 'alpha': 0.4, 'decay': 30, 'LR': 0.0001638672523248123, 'LR_f': 0.007875652202913658, 'weight_decay': 0, 'weight_decay_f': 1.568691385483396e-05, 'MAX_EPOCH': 100, 'max_epoch_f': 100}, 'DEVICE': 'cuda', 'seeds': [0], 'eval_T': [50, 100, 200], 'output_dir': '/ddm-nni/Cora/log', 'checkpoint_dir': '/ddm-nni/Cora/log/checkpoint'}
[2023-03-12 17:46:34] PRINT [03/12 17:46:34 graph]: Rank of current process: 0. World size: 1
[2023-03-12 17:46:37] PRINT [03/12 17:46:37 graph]: Environment info:
[2023-03-12 17:46:37] PRINT PyTorch version: 1.10.0+cu113
[2023-03-12 17:46:37] PRINT Is debug build: False
[2023-03-12 17:46:37] PRINT CUDA used to build PyTorch: 11.3
[2023-03-12 17:46:37] PRINT ROCM used to build PyTorch: N/A
[2023-03-12 17:46:37] PRINT 
[2023-03-12 17:46:37] PRINT OS: Ubuntu 20.04.3 LTS (x86_64)
[2023-03-12 17:46:37] PRINT GCC version: (Ubuntu 9.3.0-17ubuntu1~20.04) 9.3.0
[2023-03-12 17:46:37] PRINT Clang version: Could not collect
[2023-03-12 17:46:37] PRINT CMake version: version 3.16.3
[2023-03-12 17:46:37] PRINT Libc version: glibc-2.31
[2023-03-12 17:46:37] PRINT 
[2023-03-12 17:46:37] PRINT Python version: 3.8.10 (default, Jun  4 2021, 15:09:15)  [GCC 7.5.0] (64-bit runtime)
[2023-03-12 17:46:37] PRINT Python platform: Linux-5.4.0-90-generic-x86_64-with-glibc2.17
[2023-03-12 17:46:37] PRINT Is CUDA available: True
[2023-03-12 17:46:37] PRINT CUDA runtime version: 11.3.109
[2023-03-12 17:46:37] PRINT GPU models and configuration: GPU 0: NVIDIA GeForce RTX 3090
[2023-03-12 17:46:37] PRINT Nvidia driver version: 495.44
[2023-03-12 17:46:37] PRINT cuDNN version: Probably one of the following:
[2023-03-12 17:46:37] PRINT /usr/lib/x86_64-linux-gnu/libcudnn.so.8.2.0
[2023-03-12 17:46:37] PRINT /usr/lib/x86_64-linux-gnu/libcudnn_adv_infer.so.8.2.0
[2023-03-12 17:46:37] PRINT /usr/lib/x86_64-linux-gnu/libcudnn_adv_train.so.8.2.0
[2023-03-12 17:46:37] PRINT /usr/lib/x86_64-linux-gnu/libcudnn_cnn_infer.so.8.2.0
[2023-03-12 17:46:37] PRINT /usr/lib/x86_64-linux-gnu/libcudnn_cnn_train.so.8.2.0
[2023-03-12 17:46:37] PRINT /usr/lib/x86_64-linux-gnu/libcudnn_ops_infer.so.8.2.0
[2023-03-12 17:46:37] PRINT /usr/lib/x86_64-linux-gnu/libcudnn_ops_train.so.8.2.0
[2023-03-12 17:46:37] PRINT HIP runtime version: N/A
[2023-03-12 17:46:37] PRINT MIOpen runtime version: N/A
[2023-03-12 17:46:37] PRINT 
[2023-03-12 17:46:37] PRINT Versions of relevant libraries:
[2023-03-12 17:46:37] PRINT [pip3] numpy==1.23.5
[2023-03-12 17:46:37] PRINT [pip3] torch==1.10.0+cu113
[2023-03-12 17:46:37] PRINT [pip3] torchvision==0.11.1+cu113
[2023-03-12 17:46:37] PRINT [conda] blas                      1.0                         mkl    https://mirrors.ustc.edu.cn/anaconda/pkgs/main
[2023-03-12 17:46:37] PRINT [conda] mkl                       2021.4.0           h06a4308_640    https://mirrors.ustc.edu.cn/anaconda/pkgs/main
[2023-03-12 17:46:37] PRINT [conda] mkl-service               2.4.0            py38h7f8727e_0    https://mirrors.ustc.edu.cn/anaconda/pkgs/main
[2023-03-12 17:46:37] PRINT [conda] mkl_fft                   1.3.1            py38hd3c417c_0    https://mirrors.ustc.edu.cn/anaconda/pkgs/main
[2023-03-12 17:46:37] PRINT [conda] mkl_random                1.2.2            py38h51133e4_0    https://mirrors.ustc.edu.cn/anaconda/pkgs/main
[2023-03-12 17:46:37] PRINT [conda] numpy                     1.21.4                   pypi_0    pypi
[2023-03-12 17:46:37] PRINT [conda] numpy-base                1.23.5           py38h31eccc5_0    https://mirrors.ustc.edu.cn/anaconda/pkgs/main
[2023-03-12 17:46:37] PRINT [conda] torch                     1.10.0+cu113             pypi_0    pypi
[2023-03-12 17:46:37] PRINT [conda] torchvision               0.11.1+cu113             pypi_0    pypi
[2023-03-12 17:46:37] PRINT         Pillow (8.4.0)
[2023-03-12 17:46:37] PRINT [03/12 17:46:37 graph]: Command line arguments: Namespace(local_rank=0, resume=False, seed=1234, start_epoch=0)
[2023-03-12 17:46:37] PRINT   NumNodes: 2708
[2023-03-12 17:46:37] PRINT   NumEdges: 10556
[2023-03-12 17:46:37] PRINT   NumFeats: 1433
[2023-03-12 17:46:37] PRINT   NumClasses: 7
[2023-03-12 17:46:37] PRINT   NumTrainingSamples: 140
[2023-03-12 17:46:37] PRINT   NumValidationSamples: 500
[2023-03-12 17:46:37] PRINT   NumTestSamples: 1000
[2023-03-12 17:46:37] PRINT Done loading data from cached files.
[2023-03-12 17:46:37] PRINT [03/12 17:46:37 graph]: Run 0th for seed 0
[2023-03-12 17:46:38] PRINT [03/12 17:46:38 graph]: Total trainable params num : 29766127
[2023-03-12 17:46:42] PRINT [03/12 17:46:42 graph]: ----------Start Training----------
[2023-03-12 17:46:42] PRINT [03/12 17:46:42 graph]: start epoch 0.
[2023-03-12 17:46:43] PRINT [03/12 17:46:43 graph]: # Epoch 0: train_loss: 0.9991 | lr: 0.000164
[2023-03-12 17:46:43] PRINT [03/12 17:46:43 graph]: start epoch 1.
[2023-03-12 17:46:43] PRINT [03/12 17:46:43 graph]: # Epoch 1: train_loss: 0.8275 | lr: 0.000164
[2023-03-12 17:46:43] PRINT [03/12 17:46:43 graph]: start epoch 2.
[2023-03-12 17:46:43] PRINT [03/12 17:46:43 graph]: # Epoch 2: train_loss: 0.7416 | lr: 0.000164
[2023-03-12 17:46:43] PRINT [03/12 17:46:43 graph]: start epoch 3.
[2023-03-12 17:46:43] PRINT [03/12 17:46:43 graph]: # Epoch 3: train_loss: 0.6858 | lr: 0.000164
[2023-03-12 17:46:43] PRINT [03/12 17:46:43 graph]: start epoch 4.
[2023-03-12 17:46:43] PRINT [03/12 17:46:43 graph]: # Epoch 4: train_loss: 0.6550 | lr: 0.000164
[2023-03-12 17:46:43] PRINT [03/12 17:46:43 graph]: start epoch 5.
[2023-03-12 17:46:43] PRINT [03/12 17:46:43 graph]: # Epoch 5: train_loss: 0.6380 | lr: 0.000164
[2023-03-12 17:46:43] PRINT [03/12 17:46:43 graph]: start epoch 6.
[2023-03-12 17:46:43] PRINT [03/12 17:46:43 graph]: # Epoch 6: train_loss: 0.6304 | lr: 0.000164
[2023-03-12 17:46:43] PRINT [03/12 17:46:43 graph]: start epoch 7.
[2023-03-12 17:46:43] PRINT [03/12 17:46:43 graph]: # Epoch 7: train_loss: 0.6249 | lr: 0.000164
[2023-03-12 17:46:43] PRINT [03/12 17:46:43 graph]: start epoch 8.
[2023-03-12 17:46:43] PRINT [03/12 17:46:43 graph]: # Epoch 8: train_loss: 0.6198 | lr: 0.000164
[2023-03-12 17:46:43] PRINT [03/12 17:46:43 graph]: start epoch 9.
[2023-03-12 17:46:43] PRINT [03/12 17:46:43 graph]: # Epoch 9: train_loss: 0.6125 | lr: 0.000164
[2023-03-12 17:46:43] PRINT [03/12 17:46:43 graph]: start epoch 10.
[2023-03-12 17:46:43] PRINT [03/12 17:46:43 graph]: # Epoch 10: train_loss: 0.6013 | lr: 0.000164
[2023-03-12 17:46:43] PRINT [03/12 17:46:43 graph]: start epoch 11.
[2023-03-12 17:46:43] PRINT [03/12 17:46:43 graph]: # Epoch 11: train_loss: 0.5891 | lr: 0.000164
[2023-03-12 17:46:44] PRINT [03/12 17:46:44 graph]: --- Testf1: 0.76500, Best Valacc: 0.63600 in epoch 88 --- 
[2023-03-12 17:46:44] PRINT [03/12 17:46:44 graph]: Epoch 11: get test acc score:  0.765
[2023-03-12 17:46:44] PRINT [03/12 17:46:44 graph]: best_f1 0.765 at epoch 11
[2023-03-12 17:46:44] PRINT [03/12 17:46:44 graph]: start epoch 12.
[2023-03-12 17:46:44] PRINT [03/12 17:46:44 graph]: # Epoch 12: train_loss: 0.5903 | lr: 0.000164
[2023-03-12 17:46:45] PRINT [03/12 17:46:45 graph]: --- Testf1: 0.75600, Best Valacc: 0.63400 in epoch 61 --- 
[2023-03-12 17:46:45] PRINT [03/12 17:46:45 graph]: Epoch 12: get test acc score:  0.756
[2023-03-12 17:46:45] PRINT [03/12 17:46:45 graph]: best_f1 0.765 at epoch 11
[2023-03-12 17:46:45] PRINT [03/12 17:46:45 graph]: start epoch 13.
[2023-03-12 17:46:45] PRINT [03/12 17:46:45 graph]: # Epoch 13: train_loss: 0.5740 | lr: 0.000164
[2023-03-12 17:46:46] PRINT [03/12 17:46:46 graph]: --- Testf1: 0.75100, Best Valacc: 0.64800 in epoch 98 --- 
[2023-03-12 17:46:46] PRINT [03/12 17:46:46 graph]: Epoch 13: get test acc score:  0.751
[2023-03-12 17:46:46] PRINT [03/12 17:46:46 graph]: best_f1 0.765 at epoch 11
[2023-03-12 17:46:46] PRINT [03/12 17:46:46 graph]: start epoch 14.
[2023-03-12 17:46:46] PRINT [03/12 17:46:46 graph]: # Epoch 14: train_loss: 0.5709 | lr: 0.000164
[2023-03-12 17:46:47] PRINT [03/12 17:46:47 graph]: --- Testf1: 0.76300, Best Valacc: 0.65000 in epoch 56 --- 
[2023-03-12 17:46:48] PRINT [03/12 17:46:48 graph]: Epoch 14: get test acc score:  0.763
[2023-03-12 17:46:48] PRINT [03/12 17:46:48 graph]: best_f1 0.765 at epoch 11
[2023-03-12 17:46:48] PRINT [03/12 17:46:48 graph]: start epoch 15.
[2023-03-12 17:46:48] PRINT [03/12 17:46:48 graph]: # Epoch 15: train_loss: 0.5665 | lr: 0.000164
[2023-03-12 17:46:49] PRINT [03/12 17:46:49 graph]: --- Testf1: 0.75500, Best Valacc: 0.63200 in epoch 85 --- 
[2023-03-12 17:46:49] PRINT [03/12 17:46:49 graph]: Epoch 15: get test acc score:  0.755
[2023-03-12 17:46:49] PRINT [03/12 17:46:49 graph]: best_f1 0.765 at epoch 11
[2023-03-12 17:46:49] PRINT [03/12 17:46:49 graph]: start epoch 16.
[2023-03-12 17:46:49] PRINT [03/12 17:46:49 graph]: # Epoch 16: train_loss: 0.5565 | lr: 0.000164
[2023-03-12 17:46:50] PRINT [03/12 17:46:50 graph]: --- Testf1: 0.74400, Best Valacc: 0.66000 in epoch 99 --- 
[2023-03-12 17:46:50] PRINT [03/12 17:46:50 graph]: Epoch 16: get test acc score:  0.744
[2023-03-12 17:46:50] PRINT [03/12 17:46:50 graph]: best_f1 0.765 at epoch 11
[2023-03-12 17:46:50] PRINT [03/12 17:46:50 graph]: start epoch 17.
[2023-03-12 17:46:50] PRINT [03/12 17:46:50 graph]: # Epoch 17: train_loss: 0.5522 | lr: 0.000164
[2023-03-12 17:46:51] PRINT [03/12 17:46:51 graph]: --- Testf1: 0.76900, Best Valacc: 0.63600 in epoch 72 --- 
[2023-03-12 17:46:51] PRINT [03/12 17:46:51 graph]: Epoch 17: get test acc score:  0.769
[2023-03-12 17:46:51] PRINT [03/12 17:46:51 graph]: best_f1 0.769 at epoch 17
[2023-03-12 17:46:51] PRINT [03/12 17:46:51 graph]: start epoch 18.
[2023-03-12 17:46:51] PRINT [03/12 17:46:51 graph]: # Epoch 18: train_loss: 0.5468 | lr: 0.000164
[2023-03-12 17:46:52] PRINT [03/12 17:46:52 graph]: --- Testf1: 0.75800, Best Valacc: 0.64400 in epoch 56 --- 
[2023-03-12 17:46:52] PRINT [03/12 17:46:52 graph]: Epoch 18: get test acc score:  0.758
[2023-03-12 17:46:52] PRINT [03/12 17:46:52 graph]: best_f1 0.769 at epoch 17
[2023-03-12 17:46:52] PRINT [03/12 17:46:52 graph]: start epoch 19.
[2023-03-12 17:46:52] PRINT [03/12 17:46:52 graph]: # Epoch 19: train_loss: 0.5407 | lr: 0.000164
[2023-03-12 17:46:53] PRINT [03/12 17:46:53 graph]: --- Testf1: 0.75700, Best Valacc: 0.60800 in epoch 35 --- 
[2023-03-12 17:46:54] PRINT [03/12 17:46:54 graph]: Epoch 19: get test acc score:  0.757
[2023-03-12 17:46:54] PRINT [03/12 17:46:54 graph]: best_f1 0.769 at epoch 17
[2023-03-12 17:46:54] PRINT [03/12 17:46:54 graph]: start epoch 20.
[2023-03-12 17:46:54] PRINT [03/12 17:46:54 graph]: # Epoch 20: train_loss: 0.5371 | lr: 0.000164
[2023-03-12 17:46:54] PRINT [03/12 17:46:54 graph]: --- Testf1: 0.75600, Best Valacc: 0.62600 in epoch 63 --- 
[2023-03-12 17:46:55] PRINT [03/12 17:46:55 graph]: Epoch 20: get test acc score:  0.756
[2023-03-12 17:46:55] PRINT [03/12 17:46:55 graph]: best_f1 0.769 at epoch 17
[2023-03-12 17:46:55] PRINT [03/12 17:46:55 graph]: start epoch 21.
[2023-03-12 17:46:55] PRINT [03/12 17:46:55 graph]: # Epoch 21: train_loss: 0.5318 | lr: 0.000164
[2023-03-12 17:46:56] PRINT [03/12 17:46:56 graph]: --- Testf1: 0.75200, Best Valacc: 0.64000 in epoch 99 --- 
[2023-03-12 17:46:56] PRINT [03/12 17:46:56 graph]: Epoch 21: get test acc score:  0.752
[2023-03-12 17:46:56] PRINT [03/12 17:46:56 graph]: best_f1 0.769 at epoch 17
[2023-03-12 17:46:56] PRINT [03/12 17:46:56 graph]: start epoch 22.
[2023-03-12 17:46:56] PRINT [03/12 17:46:56 graph]: # Epoch 22: train_loss: 0.5278 | lr: 0.000164
[2023-03-12 17:46:57] PRINT [03/12 17:46:57 graph]: --- Testf1: 0.76900, Best Valacc: 0.59800 in epoch 41 --- 
[2023-03-12 17:46:57] PRINT [03/12 17:46:57 graph]: Epoch 22: get test acc score:  0.769
[2023-03-12 17:46:57] PRINT [03/12 17:46:57 graph]: best_f1 0.769 at epoch 17
[2023-03-12 17:46:57] PRINT [03/12 17:46:57 graph]: start epoch 23.
[2023-03-12 17:46:57] PRINT [03/12 17:46:57 graph]: # Epoch 23: train_loss: 0.5240 | lr: 0.000164
[2023-03-12 17:46:58] PRINT [03/12 17:46:58 graph]: --- Testf1: 0.76400, Best Valacc: 0.59800 in epoch 60 --- 
[2023-03-12 17:46:58] PRINT [03/12 17:46:58 graph]: Epoch 23: get test acc score:  0.764
[2023-03-12 17:46:58] PRINT [03/12 17:46:58 graph]: best_f1 0.769 at epoch 17
[2023-03-12 17:46:58] PRINT [03/12 17:46:58 graph]: start epoch 24.
[2023-03-12 17:46:58] PRINT [03/12 17:46:58 graph]: # Epoch 24: train_loss: 0.5186 | lr: 0.000164
[2023-03-12 17:46:59] PRINT [03/12 17:46:59 graph]: --- Testf1: 0.77200, Best Valacc: 0.57200 in epoch 85 --- 
[2023-03-12 17:46:59] PRINT [03/12 17:46:59 graph]: Epoch 24: get test acc score:  0.772
[2023-03-12 17:46:59] PRINT [03/12 17:46:59 graph]: best_f1 0.772 at epoch 24
[2023-03-12 17:46:59] PRINT [03/12 17:46:59 graph]: start epoch 25.
[2023-03-12 17:46:59] PRINT [03/12 17:46:59 graph]: # Epoch 25: train_loss: 0.5157 | lr: 0.000164
[2023-03-12 17:47:00] PRINT [03/12 17:47:00 graph]: --- Testf1: 0.76600, Best Valacc: 0.61600 in epoch 31 --- 
[2023-03-12 17:47:00] PRINT [03/12 17:47:00 graph]: Epoch 25: get test acc score:  0.766
[2023-03-12 17:47:00] PRINT [03/12 17:47:00 graph]: best_f1 0.772 at epoch 24
[2023-03-12 17:47:00] PRINT [03/12 17:47:00 graph]: start epoch 26.
[2023-03-12 17:47:01] PRINT [03/12 17:47:01 graph]: # Epoch 26: train_loss: 0.5108 | lr: 0.000164
[2023-03-12 17:47:01] PRINT [03/12 17:47:01 graph]: --- Testf1: 0.74900, Best Valacc: 0.62000 in epoch 73 --- 
[2023-03-12 17:47:02] PRINT [03/12 17:47:02 graph]: Epoch 26: get test acc score:  0.749
[2023-03-12 17:47:02] PRINT [03/12 17:47:02 graph]: best_f1 0.772 at epoch 24
[2023-03-12 17:47:02] PRINT [03/12 17:47:02 graph]: start epoch 27.
[2023-03-12 17:47:02] PRINT [03/12 17:47:02 graph]: # Epoch 27: train_loss: 0.5048 | lr: 0.000164
[2023-03-12 17:47:03] PRINT [03/12 17:47:03 graph]: --- Testf1: 0.76300, Best Valacc: 0.61000 in epoch 76 --- 
[2023-03-12 17:47:03] PRINT [03/12 17:47:03 graph]: Epoch 27: get test acc score:  0.763
[2023-03-12 17:47:03] PRINT [03/12 17:47:03 graph]: best_f1 0.772 at epoch 24
[2023-03-12 17:47:03] PRINT [03/12 17:47:03 graph]: start epoch 28.
[2023-03-12 17:47:03] PRINT [03/12 17:47:03 graph]: # Epoch 28: train_loss: 0.5011 | lr: 0.000164
[2023-03-12 17:47:04] PRINT [03/12 17:47:04 graph]: --- Testf1: 0.75600, Best Valacc: 0.58200 in epoch 46 --- 
[2023-03-12 17:47:04] PRINT [03/12 17:47:04 graph]: Epoch 28: get test acc score:  0.756
[2023-03-12 17:47:04] PRINT [03/12 17:47:04 graph]: best_f1 0.772 at epoch 24
[2023-03-12 17:47:04] PRINT [03/12 17:47:04 graph]: start epoch 29.
[2023-03-12 17:47:04] PRINT [03/12 17:47:04 graph]: # Epoch 29: train_loss: 0.4967 | lr: 0.000164
[2023-03-12 17:47:05] PRINT [03/12 17:47:05 graph]: --- Testf1: 0.76400, Best Valacc: 0.59400 in epoch 40 --- 
[2023-03-12 17:47:05] PRINT [03/12 17:47:05 graph]: Epoch 29: get test acc score:  0.764
[2023-03-12 17:47:05] PRINT [03/12 17:47:05 graph]: best_f1 0.772 at epoch 24
[2023-03-12 17:47:05] PRINT [03/12 17:47:05 graph]: start epoch 30.
[2023-03-12 17:47:05] PRINT [03/12 17:47:05 graph]: # Epoch 30: train_loss: 0.4915 | lr: 0.000066
[2023-03-12 17:47:06] PRINT [03/12 17:47:06 graph]: --- Testf1: 0.76800, Best Valacc: 0.63800 in epoch 72 --- 
[2023-03-12 17:47:06] PRINT [03/12 17:47:06 graph]: Epoch 30: get test acc score:  0.768
[2023-03-12 17:47:06] PRINT [03/12 17:47:06 graph]: best_f1 0.772 at epoch 24
[2023-03-12 17:47:06] PRINT [03/12 17:47:06 graph]: start epoch 31.
[2023-03-12 17:47:06] PRINT [03/12 17:47:06 graph]: # Epoch 31: train_loss: 0.4882 | lr: 0.000066
[2023-03-12 17:47:07] PRINT [03/12 17:47:07 graph]: --- Testf1: 0.76300, Best Valacc: 0.58800 in epoch 99 --- 
[2023-03-12 17:47:08] PRINT [03/12 17:47:08 graph]: Epoch 31: get test acc score:  0.763
[2023-03-12 17:47:08] PRINT [03/12 17:47:08 graph]: best_f1 0.772 at epoch 24
[2023-03-12 17:47:08] PRINT [03/12 17:47:08 graph]: start epoch 32.
[2023-03-12 17:47:08] PRINT [03/12 17:47:08 graph]: # Epoch 32: train_loss: 0.4875 | lr: 0.000066
[2023-03-12 17:47:08] PRINT [03/12 17:47:08 graph]: --- Testf1: 0.76200, Best Valacc: 0.58000 in epoch 76 --- 
[2023-03-12 17:47:09] PRINT [03/12 17:47:09 graph]: Epoch 32: get test acc score:  0.762
[2023-03-12 17:47:09] PRINT [03/12 17:47:09 graph]: best_f1 0.772 at epoch 24
[2023-03-12 17:47:09] PRINT [03/12 17:47:09 graph]: start epoch 33.
[2023-03-12 17:47:09] PRINT [03/12 17:47:09 graph]: # Epoch 33: train_loss: 0.4840 | lr: 0.000066
[2023-03-12 17:47:10] PRINT [03/12 17:47:10 graph]: --- Testf1: 0.77000, Best Valacc: 0.57200 in epoch 77 --- 
[2023-03-12 17:47:10] PRINT [03/12 17:47:10 graph]: Epoch 33: get test acc score:  0.770
[2023-03-12 17:47:10] PRINT [03/12 17:47:10 graph]: best_f1 0.772 at epoch 24
[2023-03-12 17:47:10] PRINT [03/12 17:47:10 graph]: start epoch 34.
[2023-03-12 17:47:10] PRINT [03/12 17:47:10 graph]: # Epoch 34: train_loss: 0.4823 | lr: 0.000066
[2023-03-12 17:47:11] PRINT [03/12 17:47:11 graph]: --- Testf1: 0.76200, Best Valacc: 0.61000 in epoch 99 --- 
[2023-03-12 17:47:11] PRINT [03/12 17:47:11 graph]: Epoch 34: get test acc score:  0.762
[2023-03-12 17:47:11] PRINT [03/12 17:47:11 graph]: best_f1 0.772 at epoch 24
[2023-03-12 17:47:11] PRINT [03/12 17:47:11 graph]: start epoch 35.
[2023-03-12 17:47:11] PRINT [03/12 17:47:11 graph]: # Epoch 35: train_loss: 0.4791 | lr: 0.000066
[2023-03-12 17:47:12] PRINT [03/12 17:47:12 graph]: --- Testf1: 0.76600, Best Valacc: 0.60600 in epoch 99 --- 
[2023-03-12 17:47:12] PRINT [03/12 17:47:12 graph]: Epoch 35: get test acc score:  0.766
[2023-03-12 17:47:12] PRINT [03/12 17:47:12 graph]: best_f1 0.772 at epoch 24
[2023-03-12 17:47:12] PRINT [03/12 17:47:12 graph]: start epoch 36.
[2023-03-12 17:47:12] PRINT [03/12 17:47:12 graph]: # Epoch 36: train_loss: 0.4757 | lr: 0.000066
[2023-03-12 17:47:13] PRINT [03/12 17:47:13 graph]: --- Testf1: 0.78700, Best Valacc: 0.59200 in epoch 70 --- 
[2023-03-12 17:47:13] PRINT [03/12 17:47:13 graph]: Epoch 36: get test acc score:  0.787
[2023-03-12 17:47:13] PRINT [03/12 17:47:13 graph]: best_f1 0.787 at epoch 36
[2023-03-12 17:47:13] PRINT [03/12 17:47:13 graph]: start epoch 37.
[2023-03-12 17:47:13] PRINT [03/12 17:47:13 graph]: # Epoch 37: train_loss: 0.4743 | lr: 0.000066
[2023-03-12 17:47:14] PRINT [03/12 17:47:14 graph]: --- Testf1: 0.78000, Best Valacc: 0.60800 in epoch 81 --- 
[2023-03-12 17:47:14] PRINT [03/12 17:47:14 graph]: Epoch 37: get test acc score:  0.780
[2023-03-12 17:47:14] PRINT [03/12 17:47:14 graph]: best_f1 0.787 at epoch 36
[2023-03-12 17:47:14] PRINT [03/12 17:47:14 graph]: start epoch 38.
[2023-03-12 17:47:15] PRINT [03/12 17:47:15 graph]: # Epoch 38: train_loss: 0.4715 | lr: 0.000066
[2023-03-12 17:47:15] PRINT [03/12 17:47:15 graph]: --- Testf1: 0.76000, Best Valacc: 0.59000 in epoch 68 --- 
[2023-03-12 17:47:16] PRINT [03/12 17:47:16 graph]: Epoch 38: get test acc score:  0.760
[2023-03-12 17:47:16] PRINT [03/12 17:47:16 graph]: best_f1 0.787 at epoch 36
[2023-03-12 17:47:16] PRINT [03/12 17:47:16 graph]: start epoch 39.
[2023-03-12 17:47:16] PRINT [03/12 17:47:16 graph]: # Epoch 39: train_loss: 0.4694 | lr: 0.000066
[2023-03-12 17:47:16] PRINT [03/12 17:47:16 graph]: --- Testf1: 0.78300, Best Valacc: 0.56600 in epoch 75 --- 
[2023-03-12 17:47:17] PRINT [03/12 17:47:17 graph]: Epoch 39: get test acc score:  0.783
[2023-03-12 17:47:17] PRINT [03/12 17:47:17 graph]: best_f1 0.787 at epoch 36
[2023-03-12 17:47:17] PRINT [03/12 17:47:17 graph]: start epoch 40.
[2023-03-12 17:47:17] PRINT [03/12 17:47:17 graph]: # Epoch 40: train_loss: 0.4657 | lr: 0.000066
[2023-03-12 17:47:18] PRINT [03/12 17:47:18 graph]: --- Testf1: 0.76300, Best Valacc: 0.59800 in epoch 99 --- 
[2023-03-12 17:47:18] PRINT [03/12 17:47:18 graph]: Epoch 40: get test acc score:  0.763
[2023-03-12 17:47:18] PRINT [03/12 17:47:18 graph]: best_f1 0.787 at epoch 36
[2023-03-12 17:47:18] PRINT [03/12 17:47:18 graph]: start epoch 41.
[2023-03-12 17:47:18] PRINT [03/12 17:47:18 graph]: # Epoch 41: train_loss: 0.4640 | lr: 0.000066
[2023-03-12 17:47:19] PRINT [03/12 17:47:19 graph]: --- Testf1: 0.77200, Best Valacc: 0.58800 in epoch 47 --- 
[2023-03-12 17:47:19] PRINT [03/12 17:47:19 graph]: Epoch 41: get test acc score:  0.772
[2023-03-12 17:47:19] PRINT [03/12 17:47:19 graph]: best_f1 0.787 at epoch 36
[2023-03-12 17:47:19] PRINT [03/12 17:47:19 graph]: start epoch 42.
[2023-03-12 17:47:19] PRINT [03/12 17:47:19 graph]: # Epoch 42: train_loss: 0.4610 | lr: 0.000066
[2023-03-12 17:47:20] PRINT [03/12 17:47:20 graph]: --- Testf1: 0.76100, Best Valacc: 0.56400 in epoch 99 --- 
[2023-03-12 17:47:20] PRINT [03/12 17:47:20 graph]: Epoch 42: get test acc score:  0.761
[2023-03-12 17:47:20] PRINT [03/12 17:47:20 graph]: best_f1 0.787 at epoch 36
[2023-03-12 17:47:20] PRINT [03/12 17:47:20 graph]: start epoch 43.
[2023-03-12 17:47:20] PRINT [03/12 17:47:20 graph]: # Epoch 43: train_loss: 0.4605 | lr: 0.000066
[2023-03-12 17:47:21] PRINT [03/12 17:47:21 graph]: --- Testf1: 0.77100, Best Valacc: 0.60000 in epoch 81 --- 
[2023-03-12 17:47:21] PRINT [03/12 17:47:21 graph]: Epoch 43: get test acc score:  0.771
[2023-03-12 17:47:21] PRINT [03/12 17:47:21 graph]: best_f1 0.787 at epoch 36
[2023-03-12 17:47:21] PRINT [03/12 17:47:21 graph]: start epoch 44.
[2023-03-12 17:47:21] PRINT [03/12 17:47:21 graph]: # Epoch 44: train_loss: 0.4565 | lr: 0.000066
[2023-03-12 17:47:22] PRINT [03/12 17:47:22 graph]: --- Testf1: 0.77700, Best Valacc: 0.56000 in epoch 98 --- 
[2023-03-12 17:47:23] PRINT [03/12 17:47:23 graph]: Epoch 44: get test acc score:  0.777
[2023-03-12 17:47:23] PRINT [03/12 17:47:23 graph]: best_f1 0.787 at epoch 36
[2023-03-12 17:47:23] PRINT [03/12 17:47:23 graph]: start epoch 45.
[2023-03-12 17:47:23] PRINT [03/12 17:47:23 graph]: # Epoch 45: train_loss: 0.4541 | lr: 0.000066
[2023-03-12 17:47:23] PRINT [03/12 17:47:23 graph]: --- Testf1: 0.77500, Best Valacc: 0.58600 in epoch 32 --- 
[2023-03-12 17:47:24] PRINT [03/12 17:47:24 graph]: Epoch 45: get test acc score:  0.775
[2023-03-12 17:47:24] PRINT [03/12 17:47:24 graph]: best_f1 0.787 at epoch 36
[2023-03-12 17:47:24] PRINT [03/12 17:47:24 graph]: start epoch 46.
[2023-03-12 17:47:24] PRINT [03/12 17:47:24 graph]: # Epoch 46: train_loss: 0.4520 | lr: 0.000066
[2023-03-12 17:47:25] PRINT [03/12 17:47:25 graph]: --- Testf1: 0.77700, Best Valacc: 0.61200 in epoch 37 --- 
[2023-03-12 17:47:25] PRINT [03/12 17:47:25 graph]: Epoch 46: get test acc score:  0.777
[2023-03-12 17:47:25] PRINT [03/12 17:47:25 graph]: best_f1 0.787 at epoch 36
[2023-03-12 17:47:25] PRINT [03/12 17:47:25 graph]: start epoch 47.
[2023-03-12 17:47:25] PRINT [03/12 17:47:25 graph]: # Epoch 47: train_loss: 0.4498 | lr: 0.000066
[2023-03-12 17:47:26] PRINT [03/12 17:47:26 graph]: --- Testf1: 0.77800, Best Valacc: 0.59000 in epoch 39 --- 
[2023-03-12 17:47:26] PRINT [03/12 17:47:26 graph]: Epoch 47: get test acc score:  0.778
[2023-03-12 17:47:26] PRINT [03/12 17:47:26 graph]: best_f1 0.787 at epoch 36
[2023-03-12 17:47:26] PRINT [03/12 17:47:26 graph]: start epoch 48.
[2023-03-12 17:47:26] PRINT [03/12 17:47:26 graph]: # Epoch 48: train_loss: 0.4465 | lr: 0.000066
[2023-03-12 17:47:27] PRINT [03/12 17:47:27 graph]: --- Testf1: 0.78500, Best Valacc: 0.61400 in epoch 99 --- 
[2023-03-12 17:47:27] PRINT [03/12 17:47:27 graph]: Epoch 48: get test acc score:  0.785
[2023-03-12 17:47:27] PRINT [03/12 17:47:27 graph]: best_f1 0.787 at epoch 36
[2023-03-12 17:47:27] PRINT [03/12 17:47:27 graph]: start epoch 49.
[2023-03-12 17:47:27] PRINT [03/12 17:47:27 graph]: # Epoch 49: train_loss: 0.4458 | lr: 0.000066
[2023-03-12 17:47:28] PRINT [03/12 17:47:28 graph]: --- Testf1: 0.79000, Best Valacc: 0.60600 in epoch 27 --- 
[2023-03-12 17:47:28] PRINT [03/12 17:47:28 graph]: Epoch 49: get test acc score:  0.790
[2023-03-12 17:47:28] PRINT [03/12 17:47:28 graph]: best_f1 0.790 at epoch 49
[2023-03-12 17:47:28] PRINT [03/12 17:47:28 graph]: start epoch 50.
[2023-03-12 17:47:28] PRINT [03/12 17:47:28 graph]: # Epoch 50: train_loss: 0.4435 | lr: 0.000066
[2023-03-12 17:47:29] PRINT [03/12 17:47:29 graph]: --- Testf1: 0.78800, Best Valacc: 0.59400 in epoch 33 --- 
[2023-03-12 17:47:29] PRINT [03/12 17:47:29 graph]: Epoch 50: get test acc score:  0.788
[2023-03-12 17:47:29] PRINT [03/12 17:47:29 graph]: best_f1 0.790 at epoch 49
[2023-03-12 17:47:29] PRINT [03/12 17:47:29 graph]: start epoch 51.
[2023-03-12 17:47:29] PRINT [03/12 17:47:29 graph]: # Epoch 51: train_loss: 0.4421 | lr: 0.000066
[2023-03-12 17:47:30] PRINT [03/12 17:47:30 graph]: --- Testf1: 0.78200, Best Valacc: 0.59600 in epoch 24 --- 
[2023-03-12 17:47:31] PRINT [03/12 17:47:31 graph]: Epoch 51: get test acc score:  0.782
[2023-03-12 17:47:31] PRINT [03/12 17:47:31 graph]: best_f1 0.790 at epoch 49
[2023-03-12 17:47:31] PRINT [03/12 17:47:31 graph]: start epoch 52.
[2023-03-12 17:47:31] PRINT [03/12 17:47:31 graph]: # Epoch 52: train_loss: 0.4399 | lr: 0.000066
[2023-03-12 17:47:31] PRINT [03/12 17:47:31 graph]: --- Testf1: 0.77000, Best Valacc: 0.56200 in epoch 99 --- 
[2023-03-12 17:47:32] PRINT [03/12 17:47:32 graph]: Epoch 52: get test acc score:  0.770
[2023-03-12 17:47:32] PRINT [03/12 17:47:32 graph]: best_f1 0.790 at epoch 49
[2023-03-12 17:47:32] PRINT [03/12 17:47:32 graph]: start epoch 53.
[2023-03-12 17:47:32] PRINT [03/12 17:47:32 graph]: # Epoch 53: train_loss: 0.4363 | lr: 0.000066
[2023-03-12 17:47:33] PRINT [03/12 17:47:33 graph]: --- Testf1: 0.77100, Best Valacc: 0.57400 in epoch 40 --- 
[2023-03-12 17:47:33] PRINT [03/12 17:47:33 graph]: Epoch 53: get test acc score:  0.771
[2023-03-12 17:47:33] PRINT [03/12 17:47:33 graph]: best_f1 0.790 at epoch 49
[2023-03-12 17:47:33] PRINT [03/12 17:47:33 graph]: start epoch 54.
[2023-03-12 17:47:33] PRINT [03/12 17:47:33 graph]: # Epoch 54: train_loss: 0.4341 | lr: 0.000066
[2023-03-12 17:47:34] PRINT [03/12 17:47:34 graph]: --- Testf1: 0.75600, Best Valacc: 0.58000 in epoch 45 --- 
[2023-03-12 17:47:34] PRINT [03/12 17:47:34 graph]: Epoch 54: get test acc score:  0.756
[2023-03-12 17:47:34] PRINT [03/12 17:47:34 graph]: best_f1 0.790 at epoch 49
[2023-03-12 17:47:34] PRINT [03/12 17:47:34 graph]: start epoch 55.
[2023-03-12 17:47:34] PRINT [03/12 17:47:34 graph]: # Epoch 55: train_loss: 0.4334 | lr: 0.000066
[2023-03-12 17:47:35] PRINT [03/12 17:47:35 graph]: --- Testf1: 0.79000, Best Valacc: 0.58600 in epoch 92 --- 
[2023-03-12 17:47:35] PRINT [03/12 17:47:35 graph]: Epoch 55: get test acc score:  0.790
[2023-03-12 17:47:35] PRINT [03/12 17:47:35 graph]: best_f1 0.790 at epoch 49
[2023-03-12 17:47:35] PRINT [03/12 17:47:35 graph]: start epoch 56.
[2023-03-12 17:47:35] PRINT [03/12 17:47:35 graph]: # Epoch 56: train_loss: 0.4315 | lr: 0.000066
[2023-03-12 17:47:36] PRINT [03/12 17:47:36 graph]: --- Testf1: 0.79300, Best Valacc: 0.60800 in epoch 7 --- 
[2023-03-12 17:47:36] PRINT [03/12 17:47:36 graph]: Epoch 56: get test acc score:  0.793
[2023-03-12 17:47:36] PRINT [03/12 17:47:36 graph]: best_f1 0.793 at epoch 56
[2023-03-12 17:47:36] PRINT [03/12 17:47:36 graph]: start epoch 57.
[2023-03-12 17:47:36] PRINT [03/12 17:47:36 graph]: # Epoch 57: train_loss: 0.4273 | lr: 0.000066
[2023-03-12 17:47:37] PRINT [03/12 17:47:37 graph]: --- Testf1: 0.77800, Best Valacc: 0.60800 in epoch 53 --- 
[2023-03-12 17:47:37] PRINT [03/12 17:47:37 graph]: Epoch 57: get test acc score:  0.778
[2023-03-12 17:47:37] PRINT [03/12 17:47:37 graph]: best_f1 0.793 at epoch 56
[2023-03-12 17:47:37] PRINT [03/12 17:47:37 graph]: start epoch 58.
[2023-03-12 17:47:37] PRINT [03/12 17:47:37 graph]: # Epoch 58: train_loss: 0.4251 | lr: 0.000066
[2023-03-12 17:47:38] PRINT [03/12 17:47:38 graph]: --- Testf1: 0.77900, Best Valacc: 0.54200 in epoch 44 --- 
[2023-03-12 17:47:38] PRINT [03/12 17:47:38 graph]: Epoch 58: get test acc score:  0.779
[2023-03-12 17:47:38] PRINT [03/12 17:47:38 graph]: best_f1 0.793 at epoch 56
[2023-03-12 17:47:38] PRINT [03/12 17:47:38 graph]: start epoch 59.
[2023-03-12 17:47:39] PRINT [03/12 17:47:39 graph]: # Epoch 59: train_loss: 0.4262 | lr: 0.000066
[2023-03-12 17:47:39] PRINT [03/12 17:47:39 graph]: --- Testf1: 0.78400, Best Valacc: 0.57200 in epoch 46 --- 
[2023-03-12 17:47:40] PRINT [03/12 17:47:40 graph]: Epoch 59: get test acc score:  0.784
[2023-03-12 17:47:40] PRINT [03/12 17:47:40 graph]: best_f1 0.793 at epoch 56
[2023-03-12 17:47:40] PRINT [03/12 17:47:40 graph]: start epoch 60.
[2023-03-12 17:47:40] PRINT [03/12 17:47:40 graph]: # Epoch 60: train_loss: 0.4243 | lr: 0.000026
[2023-03-12 17:47:41] PRINT [03/12 17:47:41 graph]: --- Testf1: 0.78700, Best Valacc: 0.58600 in epoch 28 --- 
[2023-03-12 17:47:41] PRINT [03/12 17:47:41 graph]: Epoch 60: get test acc score:  0.787
[2023-03-12 17:47:41] PRINT [03/12 17:47:41 graph]: best_f1 0.793 at epoch 56
[2023-03-12 17:47:41] PRINT [03/12 17:47:41 graph]: start epoch 61.
[2023-03-12 17:47:41] PRINT [03/12 17:47:41 graph]: # Epoch 61: train_loss: 0.4212 | lr: 0.000026
[2023-03-12 17:47:42] PRINT [03/12 17:47:42 graph]: --- Testf1: 0.76800, Best Valacc: 0.61200 in epoch 42 --- 
[2023-03-12 17:47:42] PRINT [03/12 17:47:42 graph]: Epoch 61: get test acc score:  0.768
[2023-03-12 17:47:42] PRINT [03/12 17:47:42 graph]: best_f1 0.793 at epoch 56
[2023-03-12 17:47:42] PRINT [03/12 17:47:42 graph]: start epoch 62.
[2023-03-12 17:47:42] PRINT [03/12 17:47:42 graph]: # Epoch 62: train_loss: 0.4218 | lr: 0.000026
[2023-03-12 17:47:43] PRINT [03/12 17:47:43 graph]: --- Testf1: 0.79100, Best Valacc: 0.60400 in epoch 59 --- 
[2023-03-12 17:47:43] PRINT [03/12 17:47:43 graph]: Epoch 62: get test acc score:  0.791
[2023-03-12 17:47:43] PRINT [03/12 17:47:43 graph]: best_f1 0.793 at epoch 56
[2023-03-12 17:47:43] PRINT [03/12 17:47:43 graph]: start epoch 63.
[2023-03-12 17:47:43] PRINT [03/12 17:47:43 graph]: # Epoch 63: train_loss: 0.4220 | lr: 0.000026
[2023-03-12 17:47:44] PRINT [03/12 17:47:44 graph]: --- Testf1: 0.79900, Best Valacc: 0.61600 in epoch 6 --- 
[2023-03-12 17:47:44] PRINT [03/12 17:47:44 graph]: Epoch 63: get test acc score:  0.799
[2023-03-12 17:47:44] PRINT [03/12 17:47:44 graph]: best_f1 0.799 at epoch 63
[2023-03-12 17:47:44] PRINT [03/12 17:47:44 graph]: start epoch 64.
[2023-03-12 17:47:44] PRINT [03/12 17:47:44 graph]: # Epoch 64: train_loss: 0.4195 | lr: 0.000026
[2023-03-12 17:47:45] PRINT [03/12 17:47:45 graph]: --- Testf1: 0.76400, Best Valacc: 0.57400 in epoch 26 --- 
[2023-03-12 17:47:45] PRINT [03/12 17:47:45 graph]: Epoch 64: get test acc score:  0.764
[2023-03-12 17:47:45] PRINT [03/12 17:47:45 graph]: best_f1 0.799 at epoch 63
[2023-03-12 17:47:45] PRINT [03/12 17:47:45 graph]: start epoch 65.
[2023-03-12 17:47:45] PRINT [03/12 17:47:45 graph]: # Epoch 65: train_loss: 0.4179 | lr: 0.000026
[2023-03-12 17:47:46] PRINT [03/12 17:47:46 graph]: --- Testf1: 0.77900, Best Valacc: 0.60600 in epoch 36 --- 
[2023-03-12 17:47:47] PRINT [03/12 17:47:47 graph]: Epoch 65: get test acc score:  0.779
[2023-03-12 17:47:47] PRINT [03/12 17:47:47 graph]: best_f1 0.799 at epoch 63
[2023-03-12 17:47:47] PRINT [03/12 17:47:47 graph]: start epoch 66.
[2023-03-12 17:47:47] PRINT [03/12 17:47:47 graph]: # Epoch 66: train_loss: 0.4180 | lr: 0.000026
[2023-03-12 17:47:47] PRINT [03/12 17:47:47 graph]: --- Testf1: 0.76800, Best Valacc: 0.57600 in epoch 99 --- 
[2023-03-12 17:47:48] PRINT [03/12 17:47:48 graph]: Epoch 66: get test acc score:  0.768
[2023-03-12 17:47:48] PRINT [03/12 17:47:48 graph]: best_f1 0.799 at epoch 63
[2023-03-12 17:47:48] PRINT [03/12 17:47:48 graph]: start epoch 67.
[2023-03-12 17:47:48] PRINT [03/12 17:47:48 graph]: # Epoch 67: train_loss: 0.4154 | lr: 0.000026
[2023-03-12 17:47:49] PRINT [03/12 17:47:49 graph]: --- Testf1: 0.77900, Best Valacc: 0.60000 in epoch 16 --- 
[2023-03-12 17:47:49] PRINT [03/12 17:47:49 graph]: Epoch 67: get test acc score:  0.779
[2023-03-12 17:47:49] PRINT [03/12 17:47:49 graph]: best_f1 0.799 at epoch 63
[2023-03-12 17:47:49] PRINT [03/12 17:47:49 graph]: start epoch 68.
[2023-03-12 17:47:49] PRINT [03/12 17:47:49 graph]: # Epoch 68: train_loss: 0.4172 | lr: 0.000026
[2023-03-12 17:47:50] PRINT [03/12 17:47:50 graph]: --- Testf1: 0.76200, Best Valacc: 0.60200 in epoch 42 --- 
[2023-03-12 17:47:50] PRINT [03/12 17:47:50 graph]: Epoch 68: get test acc score:  0.762
[2023-03-12 17:47:50] PRINT [03/12 17:47:50 graph]: best_f1 0.799 at epoch 63
[2023-03-12 17:47:50] PRINT [03/12 17:47:50 graph]: start epoch 69.
[2023-03-12 17:47:50] PRINT [03/12 17:47:50 graph]: # Epoch 69: train_loss: 0.4145 | lr: 0.000026
[2023-03-12 17:47:51] PRINT [03/12 17:47:51 graph]: --- Testf1: 0.75300, Best Valacc: 0.60000 in epoch 31 --- 
[2023-03-12 17:47:51] PRINT [03/12 17:47:51 graph]: Epoch 69: get test acc score:  0.753
[2023-03-12 17:47:51] PRINT [03/12 17:47:51 graph]: best_f1 0.799 at epoch 63
[2023-03-12 17:47:51] PRINT [03/12 17:47:51 graph]: start epoch 70.
[2023-03-12 17:47:51] PRINT [03/12 17:47:51 graph]: # Epoch 70: train_loss: 0.4132 | lr: 0.000026
[2023-03-12 17:47:52] PRINT [03/12 17:47:52 graph]: --- Testf1: 0.77900, Best Valacc: 0.58600 in epoch 15 --- 
[2023-03-12 17:47:52] PRINT [03/12 17:47:52 graph]: Epoch 70: get test acc score:  0.779
[2023-03-12 17:47:52] PRINT [03/12 17:47:52 graph]: best_f1 0.799 at epoch 63
[2023-03-12 17:47:52] PRINT [03/12 17:47:52 graph]: start epoch 71.
[2023-03-12 17:47:52] PRINT [03/12 17:47:52 graph]: # Epoch 71: train_loss: 0.4130 | lr: 0.000026
[2023-03-12 17:47:53] PRINT [03/12 17:47:53 graph]: --- Testf1: 0.78000, Best Valacc: 0.60000 in epoch 10 --- 
[2023-03-12 17:47:53] PRINT [03/12 17:47:53 graph]: Epoch 71: get test acc score:  0.780
[2023-03-12 17:47:53] PRINT [03/12 17:47:53 graph]: best_f1 0.799 at epoch 63
[2023-03-12 17:47:53] PRINT [03/12 17:47:53 graph]: start epoch 72.
[2023-03-12 17:47:53] PRINT [03/12 17:47:53 graph]: # Epoch 72: train_loss: 0.4123 | lr: 0.000026
[2023-03-12 17:47:54] PRINT [03/12 17:47:54 graph]: --- Testf1: 0.78100, Best Valacc: 0.57800 in epoch 29 --- 
[2023-03-12 17:47:55] PRINT [03/12 17:47:55 graph]: Epoch 72: get test acc score:  0.781
[2023-03-12 17:47:55] PRINT [03/12 17:47:55 graph]: best_f1 0.799 at epoch 63
[2023-03-12 17:47:55] PRINT [03/12 17:47:55 graph]: start epoch 73.
[2023-03-12 17:47:55] PRINT [03/12 17:47:55 graph]: # Epoch 73: train_loss: 0.4125 | lr: 0.000026
[2023-03-12 17:47:55] PRINT [03/12 17:47:55 graph]: --- Testf1: 0.76100, Best Valacc: 0.58200 in epoch 6 --- 
[2023-03-12 17:47:56] PRINT [03/12 17:47:56 graph]: Epoch 73: get test acc score:  0.761
[2023-03-12 17:47:56] PRINT [03/12 17:47:56 graph]: best_f1 0.799 at epoch 63
[2023-03-12 17:47:56] PRINT [03/12 17:47:56 graph]: start epoch 74.
[2023-03-12 17:47:56] PRINT [03/12 17:47:56 graph]: # Epoch 74: train_loss: 0.4105 | lr: 0.000026
[2023-03-12 17:47:57] PRINT [03/12 17:47:57 graph]: --- Testf1: 0.77000, Best Valacc: 0.55800 in epoch 45 --- 
[2023-03-12 17:47:57] PRINT [03/12 17:47:57 graph]: Epoch 74: get test acc score:  0.770
[2023-03-12 17:47:57] PRINT [03/12 17:47:57 graph]: best_f1 0.799 at epoch 63
[2023-03-12 17:47:57] PRINT [03/12 17:47:57 graph]: start epoch 75.
[2023-03-12 17:47:57] PRINT [03/12 17:47:57 graph]: # Epoch 75: train_loss: 0.4094 | lr: 0.000026
[2023-03-12 17:47:58] PRINT [03/12 17:47:58 graph]: --- Testf1: 0.77100, Best Valacc: 0.56800 in epoch 4 --- 
[2023-03-12 17:47:58] PRINT [03/12 17:47:58 graph]: Epoch 75: get test acc score:  0.771
[2023-03-12 17:47:58] PRINT [03/12 17:47:58 graph]: best_f1 0.799 at epoch 63
[2023-03-12 17:47:58] PRINT [03/12 17:47:58 graph]: start epoch 76.
[2023-03-12 17:47:58] PRINT [03/12 17:47:58 graph]: # Epoch 76: train_loss: 0.4115 | lr: 0.000026
[2023-03-12 17:47:59] PRINT [03/12 17:47:59 graph]: --- Testf1: 0.79100, Best Valacc: 0.58600 in epoch 11 --- 
[2023-03-12 17:47:59] PRINT [03/12 17:47:59 graph]: Epoch 76: get test acc score:  0.791
[2023-03-12 17:47:59] PRINT [03/12 17:47:59 graph]: best_f1 0.799 at epoch 63
[2023-03-12 17:47:59] PRINT [03/12 17:47:59 graph]: start epoch 77.
[2023-03-12 17:47:59] PRINT [03/12 17:47:59 graph]: # Epoch 77: train_loss: 0.4092 | lr: 0.000026
[2023-03-12 17:48:00] PRINT [03/12 17:48:00 graph]: --- Testf1: 0.76300, Best Valacc: 0.60400 in epoch 39 --- 
[2023-03-12 17:48:00] PRINT [03/12 17:48:00 graph]: Epoch 77: get test acc score:  0.763
[2023-03-12 17:48:00] PRINT [03/12 17:48:00 graph]: best_f1 0.799 at epoch 63
[2023-03-12 17:48:00] PRINT [03/12 17:48:00 graph]: start epoch 78.
[2023-03-12 17:48:00] PRINT [03/12 17:48:00 graph]: # Epoch 78: train_loss: 0.4071 | lr: 0.000026
[2023-03-12 17:48:01] PRINT [03/12 17:48:01 graph]: --- Testf1: 0.76700, Best Valacc: 0.59800 in epoch 86 --- 
[2023-03-12 17:48:01] PRINT [03/12 17:48:01 graph]: Epoch 78: get test acc score:  0.767
[2023-03-12 17:48:01] PRINT [03/12 17:48:01 graph]: best_f1 0.799 at epoch 63
[2023-03-12 17:48:01] PRINT [03/12 17:48:01 graph]: start epoch 79.
[2023-03-12 17:48:01] PRINT [03/12 17:48:01 graph]: # Epoch 79: train_loss: 0.4065 | lr: 0.000026
[2023-03-12 17:48:02] PRINT [03/12 17:48:02 graph]: --- Testf1: 0.78600, Best Valacc: 0.61200 in epoch 49 --- 
[2023-03-12 17:48:02] PRINT [03/12 17:48:02 graph]: Epoch 79: get test acc score:  0.786
[2023-03-12 17:48:02] PRINT [03/12 17:48:02 graph]: best_f1 0.799 at epoch 63
[2023-03-12 17:48:02] PRINT [03/12 17:48:02 graph]: start epoch 80.
[2023-03-12 17:48:03] PRINT [03/12 17:48:03 graph]: # Epoch 80: train_loss: 0.4055 | lr: 0.000026
[2023-03-12 17:48:03] PRINT [03/12 17:48:03 graph]: --- Testf1: 0.75200, Best Valacc: 0.56000 in epoch 57 --- 
[2023-03-12 17:48:04] PRINT [03/12 17:48:04 graph]: Epoch 80: get test acc score:  0.752
[2023-03-12 17:48:04] PRINT [03/12 17:48:04 graph]: best_f1 0.799 at epoch 63
[2023-03-12 17:48:04] PRINT [03/12 17:48:04 graph]: start epoch 81.
[2023-03-12 17:48:04] PRINT [03/12 17:48:04 graph]: # Epoch 81: train_loss: 0.4053 | lr: 0.000026
[2023-03-12 17:48:04] PRINT [03/12 17:48:04 graph]: --- Testf1: 0.78200, Best Valacc: 0.57200 in epoch 2 --- 
[2023-03-12 17:48:05] PRINT [03/12 17:48:05 graph]: Epoch 81: get test acc score:  0.782
[2023-03-12 17:48:05] PRINT [03/12 17:48:05 graph]: best_f1 0.799 at epoch 63
[2023-03-12 17:48:05] PRINT [03/12 17:48:05 graph]: start epoch 82.
[2023-03-12 17:48:05] PRINT [03/12 17:48:05 graph]: # Epoch 82: train_loss: 0.4069 | lr: 0.000026
[2023-03-12 17:48:06] PRINT [03/12 17:48:06 graph]: --- Testf1: 0.77700, Best Valacc: 0.59800 in epoch 57 --- 
[2023-03-12 17:48:06] PRINT [03/12 17:48:06 graph]: Epoch 82: get test acc score:  0.777
[2023-03-12 17:48:06] PRINT [03/12 17:48:06 graph]: best_f1 0.799 at epoch 63
[2023-03-12 17:48:06] PRINT [03/12 17:48:06 graph]: start epoch 83.
[2023-03-12 17:48:06] PRINT [03/12 17:48:06 graph]: # Epoch 83: train_loss: 0.4039 | lr: 0.000026
[2023-03-12 17:48:07] PRINT [03/12 17:48:07 graph]: --- Testf1: 0.75700, Best Valacc: 0.58600 in epoch 24 --- 
[2023-03-12 17:48:07] PRINT [03/12 17:48:07 graph]: Epoch 83: get test acc score:  0.757
[2023-03-12 17:48:07] PRINT [03/12 17:48:07 graph]: best_f1 0.799 at epoch 63
[2023-03-12 17:48:07] PRINT [03/12 17:48:07 graph]: start epoch 84.
[2023-03-12 17:48:07] PRINT [03/12 17:48:07 graph]: # Epoch 84: train_loss: 0.4025 | lr: 0.000026
[2023-03-12 17:48:08] PRINT [03/12 17:48:08 graph]: --- Testf1: 0.75500, Best Valacc: 0.59000 in epoch 18 --- 
[2023-03-12 17:48:08] PRINT [03/12 17:48:08 graph]: Epoch 84: get test acc score:  0.755
[2023-03-12 17:48:08] PRINT [03/12 17:48:08 graph]: best_f1 0.799 at epoch 63
[2023-03-12 17:48:08] PRINT [03/12 17:48:08 graph]: start epoch 85.
[2023-03-12 17:48:08] PRINT [03/12 17:48:08 graph]: # Epoch 85: train_loss: 0.4036 | lr: 0.000026
[2023-03-12 17:48:09] PRINT [03/12 17:48:09 graph]: --- Testf1: 0.76900, Best Valacc: 0.59000 in epoch 9 --- 
[2023-03-12 17:48:09] PRINT [03/12 17:48:09 graph]: Epoch 85: get test acc score:  0.769
[2023-03-12 17:48:09] PRINT [03/12 17:48:09 graph]: best_f1 0.799 at epoch 63
[2023-03-12 17:48:09] PRINT [03/12 17:48:09 graph]: start epoch 86.
[2023-03-12 17:48:09] PRINT [03/12 17:48:09 graph]: # Epoch 86: train_loss: 0.4028 | lr: 0.000026
[2023-03-12 17:48:10] PRINT [03/12 17:48:10 graph]: --- Testf1: 0.76600, Best Valacc: 0.58000 in epoch 55 --- 
[2023-03-12 17:48:11] PRINT [03/12 17:48:11 graph]: Epoch 86: get test acc score:  0.766
[2023-03-12 17:48:11] PRINT [03/12 17:48:11 graph]: best_f1 0.799 at epoch 63
[2023-03-12 17:48:11] PRINT [03/12 17:48:11 graph]: start epoch 87.
[2023-03-12 17:48:11] PRINT [03/12 17:48:11 graph]: # Epoch 87: train_loss: 0.4023 | lr: 0.000026
[2023-03-12 17:48:11] PRINT [03/12 17:48:11 graph]: --- Testf1: 0.77000, Best Valacc: 0.58400 in epoch 4 --- 
[2023-03-12 17:48:12] PRINT [03/12 17:48:12 graph]: Epoch 87: get test acc score:  0.770
[2023-03-12 17:48:12] PRINT [03/12 17:48:12 graph]: best_f1 0.799 at epoch 63
[2023-03-12 17:48:12] PRINT [03/12 17:48:12 graph]: start epoch 88.
[2023-03-12 17:48:12] PRINT [03/12 17:48:12 graph]: # Epoch 88: train_loss: 0.4002 | lr: 0.000026
[2023-03-12 17:48:13] PRINT [03/12 17:48:13 graph]: --- Testf1: 0.75000, Best Valacc: 0.55800 in epoch 15 --- 
[2023-03-12 17:48:13] PRINT [03/12 17:48:13 graph]: Epoch 88: get test acc score:  0.750
[2023-03-12 17:48:13] PRINT [03/12 17:48:13 graph]: best_f1 0.799 at epoch 63
[2023-03-12 17:48:13] PRINT [03/12 17:48:13 graph]: start epoch 89.
[2023-03-12 17:48:13] PRINT [03/12 17:48:13 graph]: # Epoch 89: train_loss: 0.4002 | lr: 0.000026
[2023-03-12 17:48:14] PRINT [03/12 17:48:14 graph]: --- Testf1: 0.75000, Best Valacc: 0.61000 in epoch 73 --- 
[2023-03-12 17:48:14] PRINT [03/12 17:48:14 graph]: Epoch 89: get test acc score:  0.750
[2023-03-12 17:48:14] PRINT [03/12 17:48:14 graph]: best_f1 0.799 at epoch 63
[2023-03-12 17:48:14] PRINT [03/12 17:48:14 graph]: start epoch 90.
[2023-03-12 17:48:14] PRINT [03/12 17:48:14 graph]: # Epoch 90: train_loss: 0.4007 | lr: 0.000010
[2023-03-12 17:48:15] PRINT [03/12 17:48:15 graph]: --- Testf1: 0.77000, Best Valacc: 0.64000 in epoch 35 --- 
[2023-03-12 17:48:15] PRINT [03/12 17:48:15 graph]: Epoch 90: get test acc score:  0.770
[2023-03-12 17:48:15] PRINT [03/12 17:48:15 graph]: best_f1 0.799 at epoch 63
[2023-03-12 17:48:15] PRINT [03/12 17:48:15 graph]: start epoch 91.
[2023-03-12 17:48:15] PRINT [03/12 17:48:15 graph]: # Epoch 91: train_loss: 0.3992 | lr: 0.000010
[2023-03-12 17:48:16] PRINT [03/12 17:48:16 graph]: --- Testf1: 0.76000, Best Valacc: 0.61200 in epoch 4 --- 
[2023-03-12 17:48:16] PRINT [03/12 17:48:16 graph]: Epoch 91: get test acc score:  0.760
[2023-03-12 17:48:16] PRINT [03/12 17:48:16 graph]: best_f1 0.799 at epoch 63
[2023-03-12 17:48:16] PRINT [03/12 17:48:16 graph]: start epoch 92.
[2023-03-12 17:48:16] PRINT [03/12 17:48:16 graph]: # Epoch 92: train_loss: 0.3989 | lr: 0.000010
[2023-03-12 17:48:17] PRINT [03/12 17:48:17 graph]: --- Testf1: 0.77600, Best Valacc: 0.61000 in epoch 25 --- 
[2023-03-12 17:48:17] PRINT [03/12 17:48:17 graph]: Epoch 92: get test acc score:  0.776
[2023-03-12 17:48:17] PRINT [03/12 17:48:17 graph]: best_f1 0.799 at epoch 63
[2023-03-12 17:48:17] PRINT [03/12 17:48:17 graph]: start epoch 93.
[2023-03-12 17:48:18] PRINT [03/12 17:48:18 graph]: # Epoch 93: train_loss: 0.3981 | lr: 0.000010
[2023-03-12 17:48:18] PRINT [03/12 17:48:18 graph]: --- Testf1: 0.75900, Best Valacc: 0.58200 in epoch 13 --- 
[2023-03-12 17:48:19] PRINT [03/12 17:48:19 graph]: Epoch 93: get test acc score:  0.759
[2023-03-12 17:48:19] PRINT [03/12 17:48:19 graph]: best_f1 0.799 at epoch 63
[2023-03-12 17:48:19] PRINT [03/12 17:48:19 graph]: start epoch 94.
[2023-03-12 17:48:19] PRINT [03/12 17:48:19 graph]: # Epoch 94: train_loss: 0.3968 | lr: 0.000010
[2023-03-12 17:48:19] PRINT [03/12 17:48:19 graph]: --- Testf1: 0.76200, Best Valacc: 0.59600 in epoch 18 --- 
[2023-03-12 17:48:20] PRINT [03/12 17:48:20 graph]: Epoch 94: get test acc score:  0.762
[2023-03-12 17:48:20] PRINT [03/12 17:48:20 graph]: best_f1 0.799 at epoch 63
[2023-03-12 17:48:20] PRINT [03/12 17:48:20 graph]: start epoch 95.
[2023-03-12 17:48:20] PRINT [03/12 17:48:20 graph]: # Epoch 95: train_loss: 0.3972 | lr: 0.000010
[2023-03-12 17:48:21] PRINT [03/12 17:48:21 graph]: --- Testf1: 0.77300, Best Valacc: 0.57000 in epoch 64 --- 
[2023-03-12 17:48:21] PRINT [03/12 17:48:21 graph]: Epoch 95: get test acc score:  0.773
[2023-03-12 17:48:21] PRINT [03/12 17:48:21 graph]: best_f1 0.799 at epoch 63
[2023-03-12 17:48:21] PRINT [03/12 17:48:21 graph]: start epoch 96.
[2023-03-12 17:48:21] PRINT [03/12 17:48:21 graph]: # Epoch 96: train_loss: 0.3951 | lr: 0.000010
[2023-03-12 17:48:22] PRINT [03/12 17:48:22 graph]: --- Testf1: 0.78000, Best Valacc: 0.62200 in epoch 50 --- 
[2023-03-12 17:48:22] PRINT [03/12 17:48:22 graph]: Epoch 96: get test acc score:  0.780
[2023-03-12 17:48:22] PRINT [03/12 17:48:22 graph]: best_f1 0.799 at epoch 63
[2023-03-12 17:48:22] PRINT [03/12 17:48:22 graph]: start epoch 97.
[2023-03-12 17:48:22] PRINT [03/12 17:48:22 graph]: # Epoch 97: train_loss: 0.3978 | lr: 0.000010
[2023-03-12 17:48:23] PRINT [03/12 17:48:23 graph]: --- Testf1: 0.77000, Best Valacc: 0.56600 in epoch 4 --- 
[2023-03-12 17:48:23] PRINT [03/12 17:48:23 graph]: Epoch 97: get test acc score:  0.770
[2023-03-12 17:48:23] PRINT [03/12 17:48:23 graph]: best_f1 0.799 at epoch 63
[2023-03-12 17:48:23] PRINT [03/12 17:48:23 graph]: start epoch 98.
[2023-03-12 17:48:23] PRINT [03/12 17:48:23 graph]: # Epoch 98: train_loss: 0.3972 | lr: 0.000010
[2023-03-12 17:48:24] PRINT [03/12 17:48:24 graph]: --- Testf1: 0.75900, Best Valacc: 0.56800 in epoch 6 --- 
[2023-03-12 17:48:24] PRINT [03/12 17:48:24 graph]: Epoch 98: get test acc score:  0.759
[2023-03-12 17:48:24] PRINT [03/12 17:48:24 graph]: best_f1 0.799 at epoch 63
[2023-03-12 17:48:24] PRINT [03/12 17:48:24 graph]: start epoch 99.
[2023-03-12 17:48:24] PRINT [03/12 17:48:24 graph]: # Epoch 99: train_loss: 0.3951 | lr: 0.000010
[2023-03-12 17:48:25] PRINT [03/12 17:48:25 graph]: --- Testf1: 0.76300, Best Valacc: 0.58800 in epoch 4 --- 
[2023-03-12 17:48:26] PRINT [03/12 17:48:26 graph]: Epoch 99: get test acc score:  0.763
[2023-03-12 17:48:26] PRINT [03/12 17:48:26 graph]: best_f1 0.799 at epoch 63
[2023-03-12 17:48:26] PRINT [03/12 17:48:26 graph]: # final_acc: 0.7990±0.0000
