[2023-03-06 04:22:20] PRINT ---new cfg------
[2023-03-06 04:22:20] PRINT {'DATA': {'data_name': 'MUTAG', 'deg4feat': True}, 'DATALOADER': {'NUM_WORKERS': 0, 'BATCH_SIZE': 32}, 'MODEL': {'num_hidden': 512, 'num_layers': 2, 'nhead': 4, 'activation': 'prelu', 'attn_drop': 0.2, 'feat_drop': 0.4, 'norm': 'layernorm', 'pooler': 'mean', 'beta_schedule': 'const', 'beta_1': 0.0002045723264098066, 'beta_T': 0.03299661581797922, 'T': 796}, 'SOLVER': {'optim_type': 'adamw', 'optim_type_f': 'adamw', 'alpha': 1, 'decay': 40, 'LR': 0.00014935673139191124, 'weight_decay': 0.0005, 'MAX_EPOCH': 50}, 'DEVICE': 'cuda', 'seeds': [11], 'eval_T': [50, 100, 200], 'output_dir': '/ddm-nni/MUTAG/log', 'checkpoint_dir': '/ddm-nni/MUTAG/log/checkpoint'}
[2023-03-06 04:22:20] PRINT [03/06 04:22:20 graph]: Rank of current process: 0. World size: 1
[2023-03-06 04:22:24] PRINT [03/06 04:22:24 graph]: Environment info:
[2023-03-06 04:22:24] PRINT PyTorch version: 1.10.0+cu113
[2023-03-06 04:22:24] PRINT Is debug build: False
[2023-03-06 04:22:24] PRINT CUDA used to build PyTorch: 11.3
[2023-03-06 04:22:24] PRINT ROCM used to build PyTorch: N/A
[2023-03-06 04:22:24] PRINT 
[2023-03-06 04:22:24] PRINT OS: Ubuntu 20.04.3 LTS (x86_64)
[2023-03-06 04:22:24] PRINT GCC version: (Ubuntu 9.3.0-17ubuntu1~20.04) 9.3.0
[2023-03-06 04:22:24] PRINT Clang version: Could not collect
[2023-03-06 04:22:24] PRINT CMake version: version 3.16.3
[2023-03-06 04:22:24] PRINT Libc version: glibc-2.31
[2023-03-06 04:22:24] PRINT 
[2023-03-06 04:22:24] PRINT Python version: 3.8.10 (default, Jun  4 2021, 15:09:15)  [GCC 7.5.0] (64-bit runtime)
[2023-03-06 04:22:24] PRINT Python platform: Linux-5.4.0-90-generic-x86_64-with-glibc2.17
[2023-03-06 04:22:24] PRINT Is CUDA available: True
[2023-03-06 04:22:24] PRINT CUDA runtime version: 11.3.109
[2023-03-06 04:22:24] PRINT GPU models and configuration: GPU 0: NVIDIA GeForce RTX 3090
[2023-03-06 04:22:24] PRINT Nvidia driver version: 495.44
[2023-03-06 04:22:24] PRINT cuDNN version: Probably one of the following:
[2023-03-06 04:22:24] PRINT /usr/lib/x86_64-linux-gnu/libcudnn.so.8.2.0
[2023-03-06 04:22:24] PRINT /usr/lib/x86_64-linux-gnu/libcudnn_adv_infer.so.8.2.0
[2023-03-06 04:22:24] PRINT /usr/lib/x86_64-linux-gnu/libcudnn_adv_train.so.8.2.0
[2023-03-06 04:22:24] PRINT /usr/lib/x86_64-linux-gnu/libcudnn_cnn_infer.so.8.2.0
[2023-03-06 04:22:24] PRINT /usr/lib/x86_64-linux-gnu/libcudnn_cnn_train.so.8.2.0
[2023-03-06 04:22:24] PRINT /usr/lib/x86_64-linux-gnu/libcudnn_ops_infer.so.8.2.0
[2023-03-06 04:22:24] PRINT /usr/lib/x86_64-linux-gnu/libcudnn_ops_train.so.8.2.0
[2023-03-06 04:22:24] PRINT HIP runtime version: N/A
[2023-03-06 04:22:24] PRINT MIOpen runtime version: N/A
[2023-03-06 04:22:24] PRINT 
[2023-03-06 04:22:24] PRINT Versions of relevant libraries:
[2023-03-06 04:22:24] PRINT [pip3] numpy==1.23.5
[2023-03-06 04:22:24] PRINT [pip3] torch==1.10.0+cu113
[2023-03-06 04:22:24] PRINT [pip3] torchvision==0.11.1+cu113
[2023-03-06 04:22:24] PRINT [conda] blas                      1.0                         mkl    https://mirrors.ustc.edu.cn/anaconda/pkgs/main
[2023-03-06 04:22:24] PRINT [conda] mkl                       2021.4.0           h06a4308_640    https://mirrors.ustc.edu.cn/anaconda/pkgs/main
[2023-03-06 04:22:24] PRINT [conda] mkl-service               2.4.0            py38h7f8727e_0    https://mirrors.ustc.edu.cn/anaconda/pkgs/main
[2023-03-06 04:22:24] PRINT [conda] mkl_fft                   1.3.1            py38hd3c417c_0    https://mirrors.ustc.edu.cn/anaconda/pkgs/main
[2023-03-06 04:22:24] PRINT [conda] mkl_random                1.2.2            py38h51133e4_0    https://mirrors.ustc.edu.cn/anaconda/pkgs/main
[2023-03-06 04:22:24] PRINT [conda] numpy                     1.21.4                   pypi_0    pypi
[2023-03-06 04:22:24] PRINT [conda] numpy-base                1.23.5           py38h31eccc5_0    https://mirrors.ustc.edu.cn/anaconda/pkgs/main
[2023-03-06 04:22:24] PRINT [conda] torch                     1.10.0+cu113             pypi_0    pypi
[2023-03-06 04:22:24] PRINT [conda] torchvision               0.11.1+cu113             pypi_0    pypi
[2023-03-06 04:22:24] PRINT         Pillow (8.4.0)
[2023-03-06 04:22:24] PRINT [03/06 04:22:24 graph]: Command line arguments: Namespace(local_rank=0, resume=False, seed=1234, start_epoch=0)
[2023-03-06 04:22:24] PRINT Using degree as node features
[2023-03-06 04:22:24] PRINT ******** # Num Graphs: 188, # Num Feat: 5, # Num Classes: 2 ********
[2023-03-06 04:22:24] PRINT [03/06 04:22:24 graph]: Run 0th for seed 11
[2023-03-06 04:22:24] PRINT [03/06 04:22:24 graph]: Total trainable params num : 5148783
[2023-03-06 04:22:29] PRINT [03/06 04:22:29 graph]: ----------Start Training----------
[2023-03-06 04:22:29] PRINT [03/06 04:22:29 graph]: Epoch 0 | train_loss: 0.7828 | lr: 0.000149
[2023-03-06 04:22:29] PRINT [03/06 04:22:29 graph]: Epoch 1 | train_loss: 0.5421 | lr: 0.000149
[2023-03-06 04:22:30] PRINT [03/06 04:22:30 graph]: Epoch 2 | train_loss: 0.4560 | lr: 0.000149
[2023-03-06 04:22:32] PRINT [03/06 04:22:32 graph]: #Test_f1: 0.8292±0.0631
[2023-03-06 04:22:33] PRINT [03/06 04:22:33 graph]: Epoch 2: get test f1 score:  0.829
[2023-03-06 04:22:33] PRINT [03/06 04:22:33 graph]: best_f1 0.829 at epoch 2
[2023-03-06 04:22:33] PRINT [03/06 04:22:33 graph]: Epoch 3 | train_loss: 0.4190 | lr: 0.000149
[2023-03-06 04:22:36] PRINT [03/06 04:22:36 graph]: #Test_f1: 0.8298±0.0612
[2023-03-06 04:22:36] PRINT [03/06 04:22:36 graph]: Epoch 3: get test f1 score:  0.830
[2023-03-06 04:22:36] PRINT [03/06 04:22:36 graph]: best_f1 0.830 at epoch 3
[2023-03-06 04:22:37] PRINT [03/06 04:22:37 graph]: Epoch 4 | train_loss: 0.4122 | lr: 0.000149
[2023-03-06 04:22:39] PRINT [03/06 04:22:39 graph]: #Test_f1: 0.8298±0.0701
[2023-03-06 04:22:40] PRINT [03/06 04:22:40 graph]: Epoch 4: get test f1 score:  0.830
[2023-03-06 04:22:40] PRINT [03/06 04:22:40 graph]: best_f1 0.830 at epoch 4
[2023-03-06 04:22:40] PRINT [03/06 04:22:40 graph]: Epoch 5 | train_loss: 0.3839 | lr: 0.000149
[2023-03-06 04:22:43] PRINT [03/06 04:22:43 graph]: #Test_f1: 0.8404±0.0578
[2023-03-06 04:22:43] PRINT [03/06 04:22:43 graph]: Epoch 5: get test f1 score:  0.840
[2023-03-06 04:22:43] PRINT [03/06 04:22:43 graph]: best_f1 0.840 at epoch 5
[2023-03-06 04:22:44] PRINT [03/06 04:22:44 graph]: Epoch 6 | train_loss: 0.3637 | lr: 0.000149
[2023-03-06 04:22:46] PRINT [03/06 04:22:46 graph]: #Test_f1: 0.8398±0.0644
[2023-03-06 04:22:47] PRINT [03/06 04:22:47 graph]: Epoch 6: get test f1 score:  0.840
[2023-03-06 04:22:47] PRINT [03/06 04:22:47 graph]: best_f1 0.840 at epoch 5
[2023-03-06 04:22:47] PRINT [03/06 04:22:47 graph]: Epoch 7 | train_loss: 0.3383 | lr: 0.000149
[2023-03-06 04:22:50] PRINT [03/06 04:22:50 graph]: #Test_f1: 0.8462±0.0758
[2023-03-06 04:22:50] PRINT [03/06 04:22:50 graph]: Epoch 7: get test f1 score:  0.846
[2023-03-06 04:22:50] PRINT [03/06 04:22:50 graph]: best_f1 0.846 at epoch 7
[2023-03-06 04:22:50] PRINT [03/06 04:22:50 graph]: Epoch 8 | train_loss: 0.3354 | lr: 0.000149
[2023-03-06 04:22:53] PRINT [03/06 04:22:53 graph]: #Test_f1: 0.8135±0.0606
[2023-03-06 04:22:54] PRINT [03/06 04:22:54 graph]: Epoch 8: get test f1 score:  0.813
[2023-03-06 04:22:54] PRINT [03/06 04:22:54 graph]: best_f1 0.846 at epoch 7
[2023-03-06 04:22:54] PRINT [03/06 04:22:54 graph]: Epoch 9 | train_loss: 0.3257 | lr: 0.000149
[2023-03-06 04:22:57] PRINT [03/06 04:22:57 graph]: #Test_f1: 0.7918±0.0888
[2023-03-06 04:22:57] PRINT [03/06 04:22:57 graph]: Epoch 9: get test f1 score:  0.792
[2023-03-06 04:22:57] PRINT [03/06 04:22:57 graph]: best_f1 0.846 at epoch 7
[2023-03-06 04:22:57] PRINT [03/06 04:22:57 graph]: Epoch 10 | train_loss: 0.3121 | lr: 0.000149
[2023-03-06 04:23:00] PRINT [03/06 04:23:00 graph]: #Test_f1: 0.8404±0.0629
[2023-03-06 04:23:01] PRINT [03/06 04:23:01 graph]: Epoch 10: get test f1 score:  0.840
[2023-03-06 04:23:01] PRINT [03/06 04:23:01 graph]: best_f1 0.846 at epoch 7
[2023-03-06 04:23:01] PRINT [03/06 04:23:01 graph]: Epoch 11 | train_loss: 0.3197 | lr: 0.000149
[2023-03-06 04:23:04] PRINT [03/06 04:23:04 graph]: #Test_f1: 0.8351±0.0647
[2023-03-06 04:23:04] PRINT [03/06 04:23:04 graph]: Epoch 11: get test f1 score:  0.835
[2023-03-06 04:23:04] PRINT [03/06 04:23:04 graph]: best_f1 0.846 at epoch 7
[2023-03-06 04:23:04] PRINT [03/06 04:23:04 graph]: Epoch 12 | train_loss: 0.3050 | lr: 0.000149
[2023-03-06 04:23:07] PRINT [03/06 04:23:07 graph]: #Test_f1: 0.8351±0.0647
[2023-03-06 04:23:07] PRINT [03/06 04:23:07 graph]: Epoch 12: get test f1 score:  0.835
[2023-03-06 04:23:07] PRINT [03/06 04:23:07 graph]: best_f1 0.846 at epoch 7
[2023-03-06 04:23:07] PRINT [03/06 04:23:07 graph]: Epoch 13 | train_loss: 0.3116 | lr: 0.000149
[2023-03-06 04:23:10] PRINT [03/06 04:23:10 graph]: #Test_f1: 0.8187±0.0847
[2023-03-06 04:23:11] PRINT [03/06 04:23:11 graph]: Epoch 13: get test f1 score:  0.819
[2023-03-06 04:23:11] PRINT [03/06 04:23:11 graph]: best_f1 0.846 at epoch 7
[2023-03-06 04:23:11] PRINT [03/06 04:23:11 graph]: Epoch 14 | train_loss: 0.3003 | lr: 0.000149
[2023-03-06 04:23:14] PRINT [03/06 04:23:14 graph]: #Test_f1: 0.8187±0.0686
[2023-03-06 04:23:14] PRINT [03/06 04:23:14 graph]: Epoch 14: get test f1 score:  0.819
[2023-03-06 04:23:14] PRINT [03/06 04:23:14 graph]: best_f1 0.846 at epoch 7
[2023-03-06 04:23:14] PRINT [03/06 04:23:14 graph]: Epoch 15 | train_loss: 0.2937 | lr: 0.000149
[2023-03-06 04:23:17] PRINT [03/06 04:23:17 graph]: #Test_f1: 0.8512±0.0391
[2023-03-06 04:23:17] PRINT [03/06 04:23:17 graph]: Epoch 15: get test f1 score:  0.851
[2023-03-06 04:23:17] PRINT [03/06 04:23:17 graph]: best_f1 0.851 at epoch 15
[2023-03-06 04:23:18] PRINT [03/06 04:23:18 graph]: Epoch 16 | train_loss: 0.2899 | lr: 0.000149
[2023-03-06 04:23:21] PRINT [03/06 04:23:21 graph]: #Test_f1: 0.8295±0.0622
[2023-03-06 04:23:21] PRINT [03/06 04:23:21 graph]: Epoch 16: get test f1 score:  0.830
[2023-03-06 04:23:21] PRINT [03/06 04:23:21 graph]: best_f1 0.851 at epoch 15
[2023-03-06 04:23:21] PRINT [03/06 04:23:21 graph]: Epoch 17 | train_loss: 0.2835 | lr: 0.000149
[2023-03-06 04:23:24] PRINT [03/06 04:23:24 graph]: #Test_f1: 0.8301±0.0870
[2023-03-06 04:23:24] PRINT [03/06 04:23:24 graph]: Epoch 17: get test f1 score:  0.830
[2023-03-06 04:23:24] PRINT [03/06 04:23:24 graph]: best_f1 0.851 at epoch 15
[2023-03-06 04:23:25] PRINT [03/06 04:23:25 graph]: Epoch 18 | train_loss: 0.2775 | lr: 0.000149
[2023-03-06 04:23:27] PRINT [03/06 04:23:27 graph]: #Test_f1: 0.8190±0.0799
[2023-03-06 04:23:27] PRINT [03/06 04:23:27 graph]: Epoch 18: get test f1 score:  0.819
[2023-03-06 04:23:27] PRINT [03/06 04:23:27 graph]: best_f1 0.851 at epoch 15
[2023-03-06 04:23:28] PRINT [03/06 04:23:28 graph]: Epoch 19 | train_loss: 0.2812 | lr: 0.000149
[2023-03-06 04:23:31] PRINT [03/06 04:23:31 graph]: #Test_f1: 0.8298±0.0807
[2023-03-06 04:23:31] PRINT [03/06 04:23:31 graph]: Epoch 19: get test f1 score:  0.830
[2023-03-06 04:23:31] PRINT [03/06 04:23:31 graph]: best_f1 0.851 at epoch 15
[2023-03-06 04:23:31] PRINT [03/06 04:23:31 graph]: Epoch 20 | train_loss: 0.2617 | lr: 0.000149
[2023-03-06 04:23:34] PRINT [03/06 04:23:34 graph]: #Test_f1: 0.8292±0.0714
[2023-03-06 04:23:34] PRINT [03/06 04:23:34 graph]: Epoch 20: get test f1 score:  0.829
[2023-03-06 04:23:34] PRINT [03/06 04:23:34 graph]: best_f1 0.851 at epoch 15
[2023-03-06 04:23:34] PRINT [03/06 04:23:34 graph]: Epoch 21 | train_loss: 0.2657 | lr: 0.000149
[2023-03-06 04:23:37] PRINT [03/06 04:23:37 graph]: #Test_f1: 0.8398±0.0551
[2023-03-06 04:23:37] PRINT [03/06 04:23:37 graph]: Epoch 21: get test f1 score:  0.840
[2023-03-06 04:23:37] PRINT [03/06 04:23:37 graph]: best_f1 0.851 at epoch 15
[2023-03-06 04:23:38] PRINT [03/06 04:23:38 graph]: Epoch 22 | train_loss: 0.2518 | lr: 0.000149
[2023-03-06 04:23:41] PRINT [03/06 04:23:41 graph]: #Test_f1: 0.8351±0.0555
[2023-03-06 04:23:41] PRINT [03/06 04:23:41 graph]: Epoch 22: get test f1 score:  0.835
[2023-03-06 04:23:41] PRINT [03/06 04:23:41 graph]: best_f1 0.851 at epoch 15
[2023-03-06 04:23:41] PRINT [03/06 04:23:41 graph]: Epoch 23 | train_loss: 0.2567 | lr: 0.000149
[2023-03-06 04:23:44] PRINT [03/06 04:23:44 graph]: #Test_f1: 0.8243±0.0641
[2023-03-06 04:23:44] PRINT [03/06 04:23:44 graph]: Epoch 23: get test f1 score:  0.824
[2023-03-06 04:23:44] PRINT [03/06 04:23:44 graph]: best_f1 0.851 at epoch 15
[2023-03-06 04:23:45] PRINT [03/06 04:23:45 graph]: Epoch 24 | train_loss: 0.2487 | lr: 0.000149
[2023-03-06 04:23:47] PRINT [03/06 04:23:47 graph]: #Test_f1: 0.8345±0.0908
[2023-03-06 04:23:48] PRINT [03/06 04:23:48 graph]: Epoch 24: get test f1 score:  0.835
[2023-03-06 04:23:48] PRINT [03/06 04:23:48 graph]: best_f1 0.851 at epoch 15
[2023-03-06 04:23:48] PRINT [03/06 04:23:48 graph]: Epoch 25 | train_loss: 0.2469 | lr: 0.000149
[2023-03-06 04:23:51] PRINT [03/06 04:23:51 graph]: #Test_f1: 0.8406±0.0662
[2023-03-06 04:23:51] PRINT [03/06 04:23:51 graph]: Epoch 25: get test f1 score:  0.841
[2023-03-06 04:23:51] PRINT [03/06 04:23:51 graph]: best_f1 0.851 at epoch 15
[2023-03-06 04:23:51] PRINT [03/06 04:23:51 graph]: Epoch 26 | train_loss: 0.2382 | lr: 0.000149
[2023-03-06 04:23:54] PRINT [03/06 04:23:54 graph]: #Test_f1: 0.8354±0.0867
[2023-03-06 04:23:54] PRINT [03/06 04:23:54 graph]: Epoch 26: get test f1 score:  0.835
[2023-03-06 04:23:54] PRINT [03/06 04:23:54 graph]: best_f1 0.851 at epoch 15
[2023-03-06 04:23:55] PRINT [03/06 04:23:55 graph]: Epoch 27 | train_loss: 0.2378 | lr: 0.000149
[2023-03-06 04:23:57] PRINT [03/06 04:23:57 graph]: #Test_f1: 0.8406±0.0777
[2023-03-06 04:23:58] PRINT [03/06 04:23:58 graph]: Epoch 27: get test f1 score:  0.841
[2023-03-06 04:23:58] PRINT [03/06 04:23:58 graph]: best_f1 0.851 at epoch 15
[2023-03-06 04:23:58] PRINT [03/06 04:23:58 graph]: Epoch 28 | train_loss: 0.2347 | lr: 0.000149
[2023-03-06 04:24:01] PRINT [03/06 04:24:01 graph]: #Test_f1: 0.8351±0.0603
[2023-03-06 04:24:01] PRINT [03/06 04:24:01 graph]: Epoch 28: get test f1 score:  0.835
[2023-03-06 04:24:01] PRINT [03/06 04:24:01 graph]: best_f1 0.851 at epoch 15
[2023-03-06 04:24:01] PRINT [03/06 04:24:01 graph]: Epoch 29 | train_loss: 0.2263 | lr: 0.000149
[2023-03-06 04:24:04] PRINT [03/06 04:24:04 graph]: #Test_f1: 0.8401±0.0716
[2023-03-06 04:24:05] PRINT [03/06 04:24:05 graph]: Epoch 29: get test f1 score:  0.840
[2023-03-06 04:24:05] PRINT [03/06 04:24:05 graph]: best_f1 0.851 at epoch 15
[2023-03-06 04:24:05] PRINT [03/06 04:24:05 graph]: Epoch 30 | train_loss: 0.2228 | lr: 0.000149
[2023-03-06 04:24:08] PRINT [03/06 04:24:08 graph]: #Test_f1: 0.8240±0.0687
[2023-03-06 04:24:08] PRINT [03/06 04:24:08 graph]: Epoch 30: get test f1 score:  0.824
[2023-03-06 04:24:08] PRINT [03/06 04:24:08 graph]: best_f1 0.851 at epoch 15
[2023-03-06 04:24:08] PRINT [03/06 04:24:08 graph]: Epoch 31 | train_loss: 0.2248 | lr: 0.000149
[2023-03-06 04:24:11] PRINT [03/06 04:24:11 graph]: #Test_f1: 0.8623±0.0625
[2023-03-06 04:24:11] PRINT [03/06 04:24:11 graph]: Epoch 31: get test f1 score:  0.862
[2023-03-06 04:24:11] PRINT [03/06 04:24:11 graph]: best_f1 0.862 at epoch 31
[2023-03-06 04:24:12] PRINT [03/06 04:24:12 graph]: Epoch 32 | train_loss: 0.2258 | lr: 0.000149
[2023-03-06 04:24:14] PRINT [03/06 04:24:14 graph]: #Test_f1: 0.8567±0.0577
[2023-03-06 04:24:15] PRINT [03/06 04:24:15 graph]: Epoch 32: get test f1 score:  0.857
[2023-03-06 04:24:15] PRINT [03/06 04:24:15 graph]: best_f1 0.862 at epoch 31
[2023-03-06 04:24:15] PRINT [03/06 04:24:15 graph]: Epoch 33 | train_loss: 0.2200 | lr: 0.000149
[2023-03-06 04:24:18] PRINT [03/06 04:24:18 graph]: #Test_f1: 0.8406±0.0465
[2023-03-06 04:24:18] PRINT [03/06 04:24:18 graph]: Epoch 33: get test f1 score:  0.841
[2023-03-06 04:24:18] PRINT [03/06 04:24:18 graph]: best_f1 0.862 at epoch 31
[2023-03-06 04:24:18] PRINT [03/06 04:24:18 graph]: Epoch 34 | train_loss: 0.2132 | lr: 0.000149
[2023-03-06 04:24:21] PRINT [03/06 04:24:21 graph]: #Test_f1: 0.8135±0.0691
[2023-03-06 04:24:21] PRINT [03/06 04:24:21 graph]: Epoch 34: get test f1 score:  0.813
[2023-03-06 04:24:21] PRINT [03/06 04:24:21 graph]: best_f1 0.862 at epoch 31
[2023-03-06 04:24:22] PRINT [03/06 04:24:22 graph]: Epoch 35 | train_loss: 0.2110 | lr: 0.000149
[2023-03-06 04:24:25] PRINT [03/06 04:24:25 graph]: #Test_f1: 0.8029±0.0675
[2023-03-06 04:24:25] PRINT [03/06 04:24:25 graph]: Epoch 35: get test f1 score:  0.803
[2023-03-06 04:24:25] PRINT [03/06 04:24:25 graph]: best_f1 0.862 at epoch 31
[2023-03-06 04:24:25] PRINT [03/06 04:24:25 graph]: Epoch 36 | train_loss: 0.2172 | lr: 0.000149
[2023-03-06 04:24:28] PRINT [03/06 04:24:28 graph]: #Test_f1: 0.8345±0.0623
[2023-03-06 04:24:28] PRINT [03/06 04:24:28 graph]: Epoch 36: get test f1 score:  0.835
[2023-03-06 04:24:28] PRINT [03/06 04:24:28 graph]: best_f1 0.862 at epoch 31
[2023-03-06 04:24:29] PRINT [03/06 04:24:29 graph]: Epoch 37 | train_loss: 0.2133 | lr: 0.000149
[2023-03-06 04:24:31] PRINT [03/06 04:24:31 graph]: #Test_f1: 0.8249±0.0570
[2023-03-06 04:24:32] PRINT [03/06 04:24:32 graph]: Epoch 37: get test f1 score:  0.825
[2023-03-06 04:24:32] PRINT [03/06 04:24:32 graph]: best_f1 0.862 at epoch 31
[2023-03-06 04:24:32] PRINT [03/06 04:24:32 graph]: Epoch 38 | train_loss: 0.2088 | lr: 0.000149
[2023-03-06 04:24:35] PRINT [03/06 04:24:35 graph]: #Test_f1: 0.8193±0.0531
[2023-03-06 04:24:35] PRINT [03/06 04:24:35 graph]: Epoch 38: get test f1 score:  0.819
[2023-03-06 04:24:35] PRINT [03/06 04:24:35 graph]: best_f1 0.862 at epoch 31
[2023-03-06 04:24:35] PRINT [03/06 04:24:35 graph]: Epoch 39 | train_loss: 0.2107 | lr: 0.000149
[2023-03-06 04:24:38] PRINT [03/06 04:24:38 graph]: #Test_f1: 0.8298±0.0776
[2023-03-06 04:24:39] PRINT [03/06 04:24:39 graph]: Epoch 39: get test f1 score:  0.830
[2023-03-06 04:24:39] PRINT [03/06 04:24:39 graph]: best_f1 0.862 at epoch 31
[2023-03-06 04:24:39] PRINT [03/06 04:24:39 graph]: Epoch 40 | train_loss: 0.2073 | lr: 0.000149
[2023-03-06 04:24:42] PRINT [03/06 04:24:42 graph]: #Test_f1: 0.8564±0.0667
[2023-03-06 04:24:42] PRINT [03/06 04:24:42 graph]: Epoch 40: get test f1 score:  0.856
[2023-03-06 04:24:42] PRINT [03/06 04:24:42 graph]: best_f1 0.862 at epoch 31
[2023-03-06 04:24:42] PRINT [03/06 04:24:42 graph]: Epoch 41 | train_loss: 0.2077 | lr: 0.000149
[2023-03-06 04:24:45] PRINT [03/06 04:24:45 graph]: #Test_f1: 0.8351±0.0728
[2023-03-06 04:24:45] PRINT [03/06 04:24:45 graph]: Epoch 41: get test f1 score:  0.835
[2023-03-06 04:24:45] PRINT [03/06 04:24:45 graph]: best_f1 0.862 at epoch 31
[2023-03-06 04:24:46] PRINT [03/06 04:24:46 graph]: Epoch 42 | train_loss: 0.1991 | lr: 0.000149
[2023-03-06 04:24:48] PRINT [03/06 04:24:48 graph]: #Test_f1: 0.8187±0.0506
[2023-03-06 04:24:49] PRINT [03/06 04:24:49 graph]: Epoch 42: get test f1 score:  0.819
[2023-03-06 04:24:49] PRINT [03/06 04:24:49 graph]: best_f1 0.862 at epoch 31
[2023-03-06 04:24:49] PRINT [03/06 04:24:49 graph]: Epoch 43 | train_loss: 0.1959 | lr: 0.000149
[2023-03-06 04:24:52] PRINT [03/06 04:24:52 graph]: #Test_f1: 0.8351±0.0728
[2023-03-06 04:24:52] PRINT [03/06 04:24:52 graph]: Epoch 43: get test f1 score:  0.835
[2023-03-06 04:24:52] PRINT [03/06 04:24:52 graph]: best_f1 0.862 at epoch 31
[2023-03-06 04:24:52] PRINT [03/06 04:24:52 graph]: Epoch 44 | train_loss: 0.1978 | lr: 0.000149
[2023-03-06 04:24:55] PRINT [03/06 04:24:55 graph]: #Test_f1: 0.8190±0.0488
[2023-03-06 04:24:55] PRINT [03/06 04:24:55 graph]: Epoch 44: get test f1 score:  0.819
[2023-03-06 04:24:55] PRINT [03/06 04:24:55 graph]: best_f1 0.862 at epoch 31
[2023-03-06 04:24:55] PRINT [03/06 04:24:55 graph]: Epoch 45 | train_loss: 0.2005 | lr: 0.000149
[2023-03-06 04:24:58] PRINT [03/06 04:24:58 graph]: #Test_f1: 0.8503±0.0546
[2023-03-06 04:24:59] PRINT [03/06 04:24:59 graph]: Epoch 45: get test f1 score:  0.850
[2023-03-06 04:24:59] PRINT [03/06 04:24:59 graph]: best_f1 0.862 at epoch 31
[2023-03-06 04:24:59] PRINT [03/06 04:24:59 graph]: Epoch 46 | train_loss: 0.1878 | lr: 0.000149
[2023-03-06 04:25:02] PRINT [03/06 04:25:02 graph]: #Test_f1: 0.8029±0.0753
[2023-03-06 04:25:02] PRINT [03/06 04:25:02 graph]: Epoch 46: get test f1 score:  0.803
[2023-03-06 04:25:02] PRINT [03/06 04:25:02 graph]: best_f1 0.862 at epoch 31
[2023-03-06 04:25:02] PRINT [03/06 04:25:02 graph]: Epoch 47 | train_loss: 0.1975 | lr: 0.000149
[2023-03-06 04:25:05] PRINT [03/06 04:25:05 graph]: #Test_f1: 0.8354±0.0826
[2023-03-06 04:25:06] PRINT [03/06 04:25:06 graph]: Epoch 47: get test f1 score:  0.835
[2023-03-06 04:25:06] PRINT [03/06 04:25:06 graph]: best_f1 0.862 at epoch 31
[2023-03-06 04:25:06] PRINT [03/06 04:25:06 graph]: Epoch 48 | train_loss: 0.2015 | lr: 0.000149
[2023-03-06 04:25:09] PRINT [03/06 04:25:09 graph]: #Test_f1: 0.8243±0.0673
[2023-03-06 04:25:09] PRINT [03/06 04:25:09 graph]: Epoch 48: get test f1 score:  0.824
[2023-03-06 04:25:09] PRINT [03/06 04:25:09 graph]: best_f1 0.862 at epoch 31
[2023-03-06 04:25:09] PRINT [03/06 04:25:09 graph]: Epoch 49 | train_loss: 0.1964 | lr: 0.000149
[2023-03-06 04:25:12] PRINT [03/06 04:25:12 graph]: #Test_f1: 0.8292±0.0636
[2023-03-06 04:25:12] PRINT [03/06 04:25:12 graph]: Epoch 49: get test f1 score:  0.829
[2023-03-06 04:25:12] PRINT [03/06 04:25:12 graph]: best_f1 0.862 at epoch 31
[2023-03-06 04:25:12] PRINT [03/06 04:25:12 graph]: # final_acc: 0.8623±0.0000
