[2023-03-18 11:42:33] PRINT ---new cfg------
[2023-03-18 11:42:33] PRINT {'DATA': {'data_name': 'citeseer'}, 'DATALOADER': {'NUM_WORKERS': 0}, 'MODEL': {'num_hidden': 128, 'num_layers': 2, 'nhead': 2, 'activation': 'prelu', 'attn_drop': 0.4, 'feat_drop': 0.30000000000000004, 'norm': 'layernorm', 'pooler': 'mean', 'beta_schedule': 'sigmoid', 'beta_1': 0.0006959879700490717, 'beta_T': 0.05376962755001204, 'T': 997, 'alpha_l': 2}, 'SOLVER': {'optim_type': 'adam', 'optim_type_f': 'adamw', 'alpha': 1, 'decay': 20, 'LR': 0.00026914743590582534, 'LR_f': 0.007177391626407239, 'weight_decay': 0, 'weight_decay_f': 0.00011130268256726604, 'MAX_EPOCH': 100, 'max_epoch_f': 100}, 'DEVICE': 'cuda', 'seeds': [0], 'eval_T': [50, 100, 200], 'output_dir': '/ddm-nni/Citeseer/log', 'checkpoint_dir': '/ddm-nni/Citeseer/log/checkpoint'}
[2023-03-18 11:42:33] PRINT [03/18 11:42:33 graph]: Rank of current process: 0. World size: 1
[2023-03-18 11:42:37] PRINT [03/18 11:42:37 graph]: Environment info:
[2023-03-18 11:42:37] PRINT PyTorch version: 1.10.0+cu113
[2023-03-18 11:42:37] PRINT Is debug build: False
[2023-03-18 11:42:37] PRINT CUDA used to build PyTorch: 11.3
[2023-03-18 11:42:37] PRINT ROCM used to build PyTorch: N/A
[2023-03-18 11:42:37] PRINT 
[2023-03-18 11:42:37] PRINT OS: Ubuntu 20.04.3 LTS (x86_64)
[2023-03-18 11:42:37] PRINT GCC version: (Ubuntu 9.3.0-17ubuntu1~20.04) 9.3.0
[2023-03-18 11:42:37] PRINT Clang version: Could not collect
[2023-03-18 11:42:37] PRINT CMake version: version 3.16.3
[2023-03-18 11:42:37] PRINT Libc version: glibc-2.31
[2023-03-18 11:42:37] PRINT 
[2023-03-18 11:42:37] PRINT Python version: 3.8.10 (default, Jun  4 2021, 15:09:15)  [GCC 7.5.0] (64-bit runtime)
[2023-03-18 11:42:37] PRINT Python platform: Linux-5.4.0-90-generic-x86_64-with-glibc2.17
[2023-03-18 11:42:37] PRINT Is CUDA available: True
[2023-03-18 11:42:37] PRINT CUDA runtime version: 11.3.109
[2023-03-18 11:42:37] PRINT GPU models and configuration: GPU 0: NVIDIA GeForce RTX 3090
[2023-03-18 11:42:37] PRINT Nvidia driver version: 495.44
[2023-03-18 11:42:37] PRINT cuDNN version: Probably one of the following:
[2023-03-18 11:42:37] PRINT /usr/lib/x86_64-linux-gnu/libcudnn.so.8.2.0
[2023-03-18 11:42:37] PRINT /usr/lib/x86_64-linux-gnu/libcudnn_adv_infer.so.8.2.0
[2023-03-18 11:42:37] PRINT /usr/lib/x86_64-linux-gnu/libcudnn_adv_train.so.8.2.0
[2023-03-18 11:42:37] PRINT /usr/lib/x86_64-linux-gnu/libcudnn_cnn_infer.so.8.2.0
[2023-03-18 11:42:37] PRINT /usr/lib/x86_64-linux-gnu/libcudnn_cnn_train.so.8.2.0
[2023-03-18 11:42:37] PRINT /usr/lib/x86_64-linux-gnu/libcudnn_ops_infer.so.8.2.0
[2023-03-18 11:42:37] PRINT /usr/lib/x86_64-linux-gnu/libcudnn_ops_train.so.8.2.0
[2023-03-18 11:42:37] PRINT HIP runtime version: N/A
[2023-03-18 11:42:37] PRINT MIOpen runtime version: N/A
[2023-03-18 11:42:37] PRINT 
[2023-03-18 11:42:37] PRINT Versions of relevant libraries:
[2023-03-18 11:42:37] PRINT [pip3] numpy==1.23.5
[2023-03-18 11:42:37] PRINT [pip3] torch==1.10.0+cu113
[2023-03-18 11:42:37] PRINT [pip3] torchvision==0.11.1+cu113
[2023-03-18 11:42:37] PRINT [conda] blas                      1.0                         mkl    https://mirrors.ustc.edu.cn/anaconda/pkgs/main
[2023-03-18 11:42:37] PRINT [conda] mkl                       2021.4.0           h06a4308_640    https://mirrors.ustc.edu.cn/anaconda/pkgs/main
[2023-03-18 11:42:37] PRINT [conda] mkl-service               2.4.0            py38h7f8727e_0    https://mirrors.ustc.edu.cn/anaconda/pkgs/main
[2023-03-18 11:42:37] PRINT [conda] mkl_fft                   1.3.1            py38hd3c417c_0    https://mirrors.ustc.edu.cn/anaconda/pkgs/main
[2023-03-18 11:42:37] PRINT [conda] mkl_random                1.2.2            py38h51133e4_0    https://mirrors.ustc.edu.cn/anaconda/pkgs/main
[2023-03-18 11:42:37] PRINT [conda] numpy                     1.21.4                   pypi_0    pypi
[2023-03-18 11:42:37] PRINT [conda] numpy-base                1.23.5           py38h31eccc5_0    https://mirrors.ustc.edu.cn/anaconda/pkgs/main
[2023-03-18 11:42:37] PRINT [conda] torch                     1.10.0+cu113             pypi_0    pypi
[2023-03-18 11:42:37] PRINT [conda] torchvision               0.11.1+cu113             pypi_0    pypi
[2023-03-18 11:42:37] PRINT         Pillow (8.4.0)
[2023-03-18 11:42:37] PRINT [03/18 11:42:37 graph]: Command line arguments: Namespace(local_rank=0, resume=False, seed=1234, start_epoch=0)
[2023-03-18 11:42:37] PRINT   NumNodes: 3327
[2023-03-18 11:42:37] PRINT   NumEdges: 9228
[2023-03-18 11:42:37] PRINT   NumFeats: 3703
[2023-03-18 11:42:37] PRINT   NumClasses: 6
[2023-03-18 11:42:37] PRINT   NumTrainingSamples: 120
[2023-03-18 11:42:37] PRINT   NumValidationSamples: 500
[2023-03-18 11:42:37] PRINT   NumTestSamples: 1000
[2023-03-18 11:42:37] PRINT Done loading data from cached files.
[2023-03-18 11:42:37] PRINT [03/18 11:42:37 graph]: Run 0th for seed 0
[2023-03-18 11:42:37] PRINT [03/18 11:42:37 graph]: Total trainable params num : 43007043
[2023-03-18 11:42:42] PRINT [03/18 11:42:42 graph]: ----------Start Training----------
[2023-03-18 11:42:42] PRINT [03/18 11:42:42 graph]: start epoch 0.
[2023-03-18 11:42:42] PRINT [03/18 11:42:42 graph]: # Epoch 0: train_loss: 0.9262 | lr: 0.000269
[2023-03-18 11:42:42] PRINT [03/18 11:42:42 graph]: start epoch 1.
[2023-03-18 11:42:42] PRINT [03/18 11:42:42 graph]: # Epoch 1: train_loss: 0.7458 | lr: 0.000269
[2023-03-18 11:42:42] PRINT [03/18 11:42:42 graph]: start epoch 2.
[2023-03-18 11:42:42] PRINT [03/18 11:42:42 graph]: # Epoch 2: train_loss: 0.6660 | lr: 0.000269
[2023-03-18 11:42:42] PRINT [03/18 11:42:42 graph]: start epoch 3.
[2023-03-18 11:42:42] PRINT [03/18 11:42:42 graph]: # Epoch 3: train_loss: 0.6442 | lr: 0.000269
[2023-03-18 11:42:42] PRINT [03/18 11:42:42 graph]: start epoch 4.
[2023-03-18 11:42:42] PRINT [03/18 11:42:42 graph]: # Epoch 4: train_loss: 0.6413 | lr: 0.000269
[2023-03-18 11:42:42] PRINT [03/18 11:42:42 graph]: start epoch 5.
[2023-03-18 11:42:42] PRINT [03/18 11:42:42 graph]: # Epoch 5: train_loss: 0.6380 | lr: 0.000269
[2023-03-18 11:42:42] PRINT [03/18 11:42:42 graph]: start epoch 6.
[2023-03-18 11:42:42] PRINT [03/18 11:42:42 graph]: # Epoch 6: train_loss: 0.6345 | lr: 0.000269
[2023-03-18 11:42:42] PRINT [03/18 11:42:42 graph]: start epoch 7.
[2023-03-18 11:42:43] PRINT [03/18 11:42:43 graph]: # Epoch 7: train_loss: 0.6320 | lr: 0.000269
[2023-03-18 11:42:43] PRINT [03/18 11:42:43 graph]: start epoch 8.
[2023-03-18 11:42:43] PRINT [03/18 11:42:43 graph]: # Epoch 8: train_loss: 0.6297 | lr: 0.000269
[2023-03-18 11:42:43] PRINT [03/18 11:42:43 graph]: start epoch 9.
[2023-03-18 11:42:43] PRINT [03/18 11:42:43 graph]: # Epoch 9: train_loss: 0.6272 | lr: 0.000269
[2023-03-18 11:42:43] PRINT [03/18 11:42:43 graph]: start epoch 10.
[2023-03-18 11:42:43] PRINT [03/18 11:42:43 graph]: # Epoch 10: train_loss: 0.6255 | lr: 0.000269
[2023-03-18 11:42:43] PRINT [03/18 11:42:43 graph]: start epoch 11.
[2023-03-18 11:42:43] PRINT [03/18 11:42:43 graph]: # Epoch 11: train_loss: 0.6225 | lr: 0.000269
[2023-03-18 11:42:43] PRINT [03/18 11:42:43 graph]: --- Testf1: 0.62800, Best Valacc: 0.64800 in epoch 58 --- 
[2023-03-18 11:42:44] PRINT [03/18 11:42:44 graph]: Epoch 11: get test acc score:  0.628
[2023-03-18 11:42:44] PRINT [03/18 11:42:44 graph]: best_f1 0.628 at epoch 11
[2023-03-18 11:42:44] PRINT [03/18 11:42:44 graph]: start epoch 12.
[2023-03-18 11:42:44] PRINT [03/18 11:42:44 graph]: # Epoch 12: train_loss: 0.6200 | lr: 0.000269
[2023-03-18 11:42:44] PRINT [03/18 11:42:44 graph]: --- Testf1: 0.65000, Best Valacc: 0.66600 in epoch 31 --- 
[2023-03-18 11:42:45] PRINT [03/18 11:42:45 graph]: Epoch 12: get test acc score:  0.650
[2023-03-18 11:42:45] PRINT [03/18 11:42:45 graph]: best_f1 0.650 at epoch 12
[2023-03-18 11:42:45] PRINT [03/18 11:42:45 graph]: start epoch 13.
[2023-03-18 11:42:45] PRINT [03/18 11:42:45 graph]: # Epoch 13: train_loss: 0.6163 | lr: 0.000269
[2023-03-18 11:42:45] PRINT [03/18 11:42:45 graph]: --- Testf1: 0.63700, Best Valacc: 0.65200 in epoch 40 --- 
[2023-03-18 11:42:46] PRINT [03/18 11:42:46 graph]: Epoch 13: get test acc score:  0.637
[2023-03-18 11:42:46] PRINT [03/18 11:42:46 graph]: best_f1 0.650 at epoch 12
[2023-03-18 11:42:46] PRINT [03/18 11:42:46 graph]: start epoch 14.
[2023-03-18 11:42:46] PRINT [03/18 11:42:46 graph]: # Epoch 14: train_loss: 0.6130 | lr: 0.000269
[2023-03-18 11:42:46] PRINT [03/18 11:42:46 graph]: --- Testf1: 0.65300, Best Valacc: 0.68600 in epoch 15 --- 
[2023-03-18 11:42:47] PRINT [03/18 11:42:47 graph]: Epoch 14: get test acc score:  0.653
[2023-03-18 11:42:47] PRINT [03/18 11:42:47 graph]: best_f1 0.653 at epoch 14
[2023-03-18 11:42:47] PRINT [03/18 11:42:47 graph]: start epoch 15.
[2023-03-18 11:42:47] PRINT [03/18 11:42:47 graph]: # Epoch 15: train_loss: 0.6102 | lr: 0.000269
[2023-03-18 11:42:47] PRINT [03/18 11:42:47 graph]: --- Testf1: 0.66400, Best Valacc: 0.67400 in epoch 27 --- 
[2023-03-18 11:42:48] PRINT [03/18 11:42:48 graph]: Epoch 15: get test acc score:  0.664
[2023-03-18 11:42:48] PRINT [03/18 11:42:48 graph]: best_f1 0.664 at epoch 15
[2023-03-18 11:42:48] PRINT [03/18 11:42:48 graph]: start epoch 16.
[2023-03-18 11:42:48] PRINT [03/18 11:42:48 graph]: # Epoch 16: train_loss: 0.6070 | lr: 0.000269
[2023-03-18 11:42:48] PRINT [03/18 11:42:48 graph]: --- Testf1: 0.67300, Best Valacc: 0.68800 in epoch 33 --- 
[2023-03-18 11:42:49] PRINT [03/18 11:42:49 graph]: Epoch 16: get test acc score:  0.673
[2023-03-18 11:42:49] PRINT [03/18 11:42:49 graph]: best_f1 0.673 at epoch 16
[2023-03-18 11:42:49] PRINT [03/18 11:42:49 graph]: start epoch 17.
[2023-03-18 11:42:49] PRINT [03/18 11:42:49 graph]: # Epoch 17: train_loss: 0.6050 | lr: 0.000269
[2023-03-18 11:42:49] PRINT [03/18 11:42:49 graph]: --- Testf1: 0.68100, Best Valacc: 0.67200 in epoch 16 --- 
[2023-03-18 11:42:50] PRINT [03/18 11:42:50 graph]: Epoch 17: get test acc score:  0.681
[2023-03-18 11:42:50] PRINT [03/18 11:42:50 graph]: best_f1 0.681 at epoch 17
[2023-03-18 11:42:50] PRINT [03/18 11:42:50 graph]: start epoch 18.
[2023-03-18 11:42:50] PRINT [03/18 11:42:50 graph]: # Epoch 18: train_loss: 0.6035 | lr: 0.000269
[2023-03-18 11:42:50] PRINT [03/18 11:42:50 graph]: --- Testf1: 0.68700, Best Valacc: 0.66600 in epoch 22 --- 
[2023-03-18 11:42:51] PRINT [03/18 11:42:51 graph]: Epoch 18: get test acc score:  0.687
[2023-03-18 11:42:51] PRINT [03/18 11:42:51 graph]: best_f1 0.687 at epoch 18
[2023-03-18 11:42:51] PRINT [03/18 11:42:51 graph]: start epoch 19.
[2023-03-18 11:42:51] PRINT [03/18 11:42:51 graph]: # Epoch 19: train_loss: 0.6018 | lr: 0.000269
[2023-03-18 11:42:51] PRINT [03/18 11:42:51 graph]: --- Testf1: 0.68200, Best Valacc: 0.66200 in epoch 25 --- 
[2023-03-18 11:42:52] PRINT [03/18 11:42:52 graph]: Epoch 19: get test acc score:  0.682
[2023-03-18 11:42:52] PRINT [03/18 11:42:52 graph]: best_f1 0.687 at epoch 18
[2023-03-18 11:42:52] PRINT [03/18 11:42:52 graph]: start epoch 20.
[2023-03-18 11:42:52] PRINT [03/18 11:42:52 graph]: # Epoch 20: train_loss: 0.6010 | lr: 0.000269
[2023-03-18 11:42:52] PRINT [03/18 11:42:52 graph]: --- Testf1: 0.68900, Best Valacc: 0.69800 in epoch 47 --- 
[2023-03-18 11:42:53] PRINT [03/18 11:42:53 graph]: Epoch 20: get test acc score:  0.689
[2023-03-18 11:42:53] PRINT [03/18 11:42:53 graph]: best_f1 0.689 at epoch 20
[2023-03-18 11:42:53] PRINT [03/18 11:42:53 graph]: start epoch 21.
[2023-03-18 11:42:53] PRINT [03/18 11:42:53 graph]: # Epoch 21: train_loss: 0.5992 | lr: 0.000269
[2023-03-18 11:42:53] PRINT [03/18 11:42:53 graph]: --- Testf1: 0.69300, Best Valacc: 0.71800 in epoch 21 --- 
[2023-03-18 11:42:54] PRINT [03/18 11:42:54 graph]: Epoch 21: get test acc score:  0.693
[2023-03-18 11:42:54] PRINT [03/18 11:42:54 graph]: best_f1 0.693 at epoch 21
[2023-03-18 11:42:54] PRINT [03/18 11:42:54 graph]: start epoch 22.
[2023-03-18 11:42:54] PRINT [03/18 11:42:54 graph]: # Epoch 22: train_loss: 0.5967 | lr: 0.000269
[2023-03-18 11:42:54] PRINT [03/18 11:42:54 graph]: --- Testf1: 0.67800, Best Valacc: 0.69000 in epoch 43 --- 
[2023-03-18 11:42:55] PRINT [03/18 11:42:55 graph]: Epoch 22: get test acc score:  0.678
[2023-03-18 11:42:55] PRINT [03/18 11:42:55 graph]: best_f1 0.693 at epoch 21
[2023-03-18 11:42:55] PRINT [03/18 11:42:55 graph]: start epoch 23.
[2023-03-18 11:42:55] PRINT [03/18 11:42:55 graph]: # Epoch 23: train_loss: 0.5947 | lr: 0.000269
[2023-03-18 11:42:55] PRINT [03/18 11:42:55 graph]: --- Testf1: 0.70600, Best Valacc: 0.68400 in epoch 22 --- 
[2023-03-18 11:42:56] PRINT [03/18 11:42:56 graph]: Epoch 23: get test acc score:  0.706
[2023-03-18 11:42:56] PRINT [03/18 11:42:56 graph]: best_f1 0.706 at epoch 23
[2023-03-18 11:42:56] PRINT [03/18 11:42:56 graph]: start epoch 24.
[2023-03-18 11:42:56] PRINT [03/18 11:42:56 graph]: # Epoch 24: train_loss: 0.5927 | lr: 0.000269
[2023-03-18 11:42:56] PRINT [03/18 11:42:56 graph]: --- Testf1: 0.70400, Best Valacc: 0.69800 in epoch 49 --- 
[2023-03-18 11:42:57] PRINT [03/18 11:42:57 graph]: Epoch 24: get test acc score:  0.704
[2023-03-18 11:42:57] PRINT [03/18 11:42:57 graph]: best_f1 0.706 at epoch 23
[2023-03-18 11:42:57] PRINT [03/18 11:42:57 graph]: start epoch 25.
[2023-03-18 11:42:57] PRINT [03/18 11:42:57 graph]: # Epoch 25: train_loss: 0.5894 | lr: 0.000269
[2023-03-18 11:42:57] PRINT [03/18 11:42:57 graph]: --- Testf1: 0.69200, Best Valacc: 0.68800 in epoch 3 --- 
[2023-03-18 11:42:58] PRINT [03/18 11:42:58 graph]: Epoch 25: get test acc score:  0.692
[2023-03-18 11:42:58] PRINT [03/18 11:42:58 graph]: best_f1 0.706 at epoch 23
[2023-03-18 11:42:58] PRINT [03/18 11:42:58 graph]: start epoch 26.
[2023-03-18 11:42:58] PRINT [03/18 11:42:58 graph]: # Epoch 26: train_loss: 0.5869 | lr: 0.000269
[2023-03-18 11:42:58] PRINT [03/18 11:42:58 graph]: --- Testf1: 0.69700, Best Valacc: 0.68800 in epoch 26 --- 
[2023-03-18 11:42:59] PRINT [03/18 11:42:59 graph]: Epoch 26: get test acc score:  0.697
[2023-03-18 11:42:59] PRINT [03/18 11:42:59 graph]: best_f1 0.706 at epoch 23
[2023-03-18 11:42:59] PRINT [03/18 11:42:59 graph]: start epoch 27.
[2023-03-18 11:42:59] PRINT [03/18 11:42:59 graph]: # Epoch 27: train_loss: 0.5849 | lr: 0.000269
[2023-03-18 11:42:59] PRINT [03/18 11:42:59 graph]: --- Testf1: 0.70000, Best Valacc: 0.69800 in epoch 46 --- 
[2023-03-18 11:43:00] PRINT [03/18 11:43:00 graph]: Epoch 27: get test acc score:  0.700
[2023-03-18 11:43:00] PRINT [03/18 11:43:00 graph]: best_f1 0.706 at epoch 23
[2023-03-18 11:43:00] PRINT [03/18 11:43:00 graph]: start epoch 28.
[2023-03-18 11:43:00] PRINT [03/18 11:43:00 graph]: # Epoch 28: train_loss: 0.5839 | lr: 0.000269
[2023-03-18 11:43:00] PRINT [03/18 11:43:00 graph]: --- Testf1: 0.70500, Best Valacc: 0.71000 in epoch 34 --- 
[2023-03-18 11:43:01] PRINT [03/18 11:43:01 graph]: Epoch 28: get test acc score:  0.705
[2023-03-18 11:43:01] PRINT [03/18 11:43:01 graph]: best_f1 0.706 at epoch 23
[2023-03-18 11:43:01] PRINT [03/18 11:43:01 graph]: start epoch 29.
[2023-03-18 11:43:01] PRINT [03/18 11:43:01 graph]: # Epoch 29: train_loss: 0.5814 | lr: 0.000269
[2023-03-18 11:43:01] PRINT [03/18 11:43:01 graph]: --- Testf1: 0.70300, Best Valacc: 0.70800 in epoch 36 --- 
[2023-03-18 11:43:02] PRINT [03/18 11:43:02 graph]: Epoch 29: get test acc score:  0.703
[2023-03-18 11:43:02] PRINT [03/18 11:43:02 graph]: best_f1 0.706 at epoch 23
[2023-03-18 11:43:02] PRINT [03/18 11:43:02 graph]: start epoch 30.
[2023-03-18 11:43:02] PRINT [03/18 11:43:02 graph]: # Epoch 30: train_loss: 0.5787 | lr: 0.000269
[2023-03-18 11:43:02] PRINT [03/18 11:43:02 graph]: --- Testf1: 0.69900, Best Valacc: 0.71000 in epoch 32 --- 
[2023-03-18 11:43:03] PRINT [03/18 11:43:03 graph]: Epoch 30: get test acc score:  0.699
[2023-03-18 11:43:03] PRINT [03/18 11:43:03 graph]: best_f1 0.706 at epoch 23
[2023-03-18 11:43:03] PRINT [03/18 11:43:03 graph]: start epoch 31.
[2023-03-18 11:43:03] PRINT [03/18 11:43:03 graph]: # Epoch 31: train_loss: 0.5753 | lr: 0.000269
[2023-03-18 11:43:03] PRINT [03/18 11:43:03 graph]: --- Testf1: 0.69400, Best Valacc: 0.70600 in epoch 40 --- 
[2023-03-18 11:43:04] PRINT [03/18 11:43:04 graph]: Epoch 31: get test acc score:  0.694
[2023-03-18 11:43:04] PRINT [03/18 11:43:04 graph]: best_f1 0.706 at epoch 23
[2023-03-18 11:43:04] PRINT [03/18 11:43:04 graph]: start epoch 32.
[2023-03-18 11:43:04] PRINT [03/18 11:43:04 graph]: # Epoch 32: train_loss: 0.5726 | lr: 0.000269
[2023-03-18 11:43:04] PRINT [03/18 11:43:04 graph]: --- Testf1: 0.70900, Best Valacc: 0.70400 in epoch 26 --- 
[2023-03-18 11:43:05] PRINT [03/18 11:43:05 graph]: Epoch 32: get test acc score:  0.709
[2023-03-18 11:43:05] PRINT [03/18 11:43:05 graph]: best_f1 0.709 at epoch 32
[2023-03-18 11:43:05] PRINT [03/18 11:43:05 graph]: start epoch 33.
[2023-03-18 11:43:05] PRINT [03/18 11:43:05 graph]: # Epoch 33: train_loss: 0.5711 | lr: 0.000269
[2023-03-18 11:43:05] PRINT [03/18 11:43:05 graph]: --- Testf1: 0.69600, Best Valacc: 0.73200 in epoch 37 --- 
[2023-03-18 11:43:06] PRINT [03/18 11:43:06 graph]: Epoch 33: get test acc score:  0.696
[2023-03-18 11:43:06] PRINT [03/18 11:43:06 graph]: best_f1 0.709 at epoch 32
[2023-03-18 11:43:06] PRINT [03/18 11:43:06 graph]: start epoch 34.
[2023-03-18 11:43:06] PRINT [03/18 11:43:06 graph]: # Epoch 34: train_loss: 0.5680 | lr: 0.000269
[2023-03-18 11:43:06] PRINT [03/18 11:43:06 graph]: --- Testf1: 0.69900, Best Valacc: 0.70800 in epoch 35 --- 
[2023-03-18 11:43:06] PRINT [03/18 11:43:06 graph]: Epoch 34: get test acc score:  0.699
[2023-03-18 11:43:06] PRINT [03/18 11:43:06 graph]: best_f1 0.709 at epoch 32
[2023-03-18 11:43:06] PRINT [03/18 11:43:06 graph]: start epoch 35.
[2023-03-18 11:43:07] PRINT [03/18 11:43:07 graph]: # Epoch 35: train_loss: 0.5667 | lr: 0.000269
[2023-03-18 11:43:07] PRINT [03/18 11:43:07 graph]: --- Testf1: 0.69700, Best Valacc: 0.70000 in epoch 42 --- 
[2023-03-18 11:43:07] PRINT [03/18 11:43:07 graph]: Epoch 35: get test acc score:  0.697
[2023-03-18 11:43:07] PRINT [03/18 11:43:07 graph]: best_f1 0.709 at epoch 32
[2023-03-18 11:43:07] PRINT [03/18 11:43:07 graph]: start epoch 36.
[2023-03-18 11:43:08] PRINT [03/18 11:43:08 graph]: # Epoch 36: train_loss: 0.5641 | lr: 0.000269
[2023-03-18 11:43:08] PRINT [03/18 11:43:08 graph]: --- Testf1: 0.71300, Best Valacc: 0.72600 in epoch 22 --- 
[2023-03-18 11:43:08] PRINT [03/18 11:43:08 graph]: Epoch 36: get test acc score:  0.713
[2023-03-18 11:43:08] PRINT [03/18 11:43:08 graph]: best_f1 0.713 at epoch 36
[2023-03-18 11:43:08] PRINT [03/18 11:43:08 graph]: start epoch 37.
[2023-03-18 11:43:08] PRINT [03/18 11:43:08 graph]: # Epoch 37: train_loss: 0.5626 | lr: 0.000269
[2023-03-18 11:43:09] PRINT [03/18 11:43:09 graph]: --- Testf1: 0.69900, Best Valacc: 0.71400 in epoch 55 --- 
[2023-03-18 11:43:09] PRINT [03/18 11:43:09 graph]: Epoch 37: get test acc score:  0.699
[2023-03-18 11:43:09] PRINT [03/18 11:43:09 graph]: best_f1 0.713 at epoch 36
[2023-03-18 11:43:09] PRINT [03/18 11:43:09 graph]: start epoch 38.
[2023-03-18 11:43:09] PRINT [03/18 11:43:09 graph]: # Epoch 38: train_loss: 0.5616 | lr: 0.000269
[2023-03-18 11:43:10] PRINT [03/18 11:43:10 graph]: --- Testf1: 0.70000, Best Valacc: 0.71200 in epoch 31 --- 
[2023-03-18 11:43:10] PRINT [03/18 11:43:10 graph]: Epoch 38: get test acc score:  0.700
[2023-03-18 11:43:10] PRINT [03/18 11:43:10 graph]: best_f1 0.713 at epoch 36
[2023-03-18 11:43:10] PRINT [03/18 11:43:10 graph]: start epoch 39.
[2023-03-18 11:43:10] PRINT [03/18 11:43:10 graph]: # Epoch 39: train_loss: 0.5589 | lr: 0.000269
[2023-03-18 11:43:11] PRINT [03/18 11:43:11 graph]: --- Testf1: 0.70000, Best Valacc: 0.69600 in epoch 86 --- 
[2023-03-18 11:43:11] PRINT [03/18 11:43:11 graph]: Epoch 39: get test acc score:  0.700
[2023-03-18 11:43:11] PRINT [03/18 11:43:11 graph]: best_f1 0.713 at epoch 36
[2023-03-18 11:43:11] PRINT [03/18 11:43:11 graph]: start epoch 40.
[2023-03-18 11:43:11] PRINT [03/18 11:43:11 graph]: # Epoch 40: train_loss: 0.5573 | lr: 0.000269
[2023-03-18 11:43:12] PRINT [03/18 11:43:12 graph]: --- Testf1: 0.70400, Best Valacc: 0.71800 in epoch 19 --- 
[2023-03-18 11:43:12] PRINT [03/18 11:43:12 graph]: Epoch 40: get test acc score:  0.704
[2023-03-18 11:43:12] PRINT [03/18 11:43:12 graph]: best_f1 0.713 at epoch 36
[2023-03-18 11:43:12] PRINT [03/18 11:43:12 graph]: start epoch 41.
[2023-03-18 11:43:12] PRINT [03/18 11:43:12 graph]: # Epoch 41: train_loss: 0.5554 | lr: 0.000269
[2023-03-18 11:43:13] PRINT [03/18 11:43:13 graph]: --- Testf1: 0.69000, Best Valacc: 0.69800 in epoch 25 --- 
[2023-03-18 11:43:13] PRINT [03/18 11:43:13 graph]: Epoch 41: get test acc score:  0.690
[2023-03-18 11:43:13] PRINT [03/18 11:43:13 graph]: best_f1 0.713 at epoch 36
[2023-03-18 11:43:13] PRINT [03/18 11:43:13 graph]: start epoch 42.
[2023-03-18 11:43:13] PRINT [03/18 11:43:13 graph]: # Epoch 42: train_loss: 0.5525 | lr: 0.000269
[2023-03-18 11:43:14] PRINT [03/18 11:43:14 graph]: --- Testf1: 0.70300, Best Valacc: 0.70400 in epoch 49 --- 
[2023-03-18 11:43:14] PRINT [03/18 11:43:14 graph]: Epoch 42: get test acc score:  0.703
[2023-03-18 11:43:14] PRINT [03/18 11:43:14 graph]: best_f1 0.713 at epoch 36
[2023-03-18 11:43:14] PRINT [03/18 11:43:14 graph]: start epoch 43.
[2023-03-18 11:43:14] PRINT [03/18 11:43:14 graph]: # Epoch 43: train_loss: 0.5512 | lr: 0.000269
[2023-03-18 11:43:15] PRINT [03/18 11:43:15 graph]: --- Testf1: 0.69900, Best Valacc: 0.71800 in epoch 46 --- 
[2023-03-18 11:43:15] PRINT [03/18 11:43:15 graph]: Epoch 43: get test acc score:  0.699
[2023-03-18 11:43:15] PRINT [03/18 11:43:15 graph]: best_f1 0.713 at epoch 36
[2023-03-18 11:43:15] PRINT [03/18 11:43:15 graph]: start epoch 44.
[2023-03-18 11:43:15] PRINT [03/18 11:43:15 graph]: # Epoch 44: train_loss: 0.5500 | lr: 0.000269
[2023-03-18 11:43:16] PRINT [03/18 11:43:16 graph]: --- Testf1: 0.70300, Best Valacc: 0.71000 in epoch 25 --- 
[2023-03-18 11:43:16] PRINT [03/18 11:43:16 graph]: Epoch 44: get test acc score:  0.703
[2023-03-18 11:43:16] PRINT [03/18 11:43:16 graph]: best_f1 0.713 at epoch 36
[2023-03-18 11:43:16] PRINT [03/18 11:43:16 graph]: start epoch 45.
[2023-03-18 11:43:16] PRINT [03/18 11:43:16 graph]: # Epoch 45: train_loss: 0.5473 | lr: 0.000269
[2023-03-18 11:43:17] PRINT [03/18 11:43:17 graph]: --- Testf1: 0.71500, Best Valacc: 0.70600 in epoch 4 --- 
[2023-03-18 11:43:17] PRINT [03/18 11:43:17 graph]: Epoch 45: get test acc score:  0.715
[2023-03-18 11:43:17] PRINT [03/18 11:43:17 graph]: best_f1 0.715 at epoch 45
[2023-03-18 11:43:17] PRINT [03/18 11:43:17 graph]: start epoch 46.
[2023-03-18 11:43:17] PRINT [03/18 11:43:17 graph]: # Epoch 46: train_loss: 0.5458 | lr: 0.000269
[2023-03-18 11:43:18] PRINT [03/18 11:43:18 graph]: --- Testf1: 0.70100, Best Valacc: 0.71200 in epoch 22 --- 
[2023-03-18 11:43:18] PRINT [03/18 11:43:18 graph]: Epoch 46: get test acc score:  0.701
[2023-03-18 11:43:18] PRINT [03/18 11:43:18 graph]: best_f1 0.715 at epoch 45
[2023-03-18 11:43:18] PRINT [03/18 11:43:18 graph]: start epoch 47.
[2023-03-18 11:43:18] PRINT [03/18 11:43:18 graph]: # Epoch 47: train_loss: 0.5450 | lr: 0.000269
[2023-03-18 11:43:19] PRINT [03/18 11:43:19 graph]: --- Testf1: 0.68500, Best Valacc: 0.70200 in epoch 47 --- 
[2023-03-18 11:43:19] PRINT [03/18 11:43:19 graph]: Epoch 47: get test acc score:  0.685
[2023-03-18 11:43:19] PRINT [03/18 11:43:19 graph]: best_f1 0.715 at epoch 45
[2023-03-18 11:43:19] PRINT [03/18 11:43:19 graph]: start epoch 48.
[2023-03-18 11:43:19] PRINT [03/18 11:43:19 graph]: # Epoch 48: train_loss: 0.5440 | lr: 0.000269
[2023-03-18 11:43:20] PRINT [03/18 11:43:20 graph]: --- Testf1: 0.69800, Best Valacc: 0.72200 in epoch 59 --- 
[2023-03-18 11:43:20] PRINT [03/18 11:43:20 graph]: Epoch 48: get test acc score:  0.698
[2023-03-18 11:43:20] PRINT [03/18 11:43:20 graph]: best_f1 0.715 at epoch 45
[2023-03-18 11:43:20] PRINT [03/18 11:43:20 graph]: start epoch 49.
[2023-03-18 11:43:20] PRINT [03/18 11:43:20 graph]: # Epoch 49: train_loss: 0.5422 | lr: 0.000269
[2023-03-18 11:43:21] PRINT [03/18 11:43:21 graph]: --- Testf1: 0.70100, Best Valacc: 0.71200 in epoch 48 --- 
[2023-03-18 11:43:21] PRINT [03/18 11:43:21 graph]: Epoch 49: get test acc score:  0.701
[2023-03-18 11:43:21] PRINT [03/18 11:43:21 graph]: best_f1 0.715 at epoch 45
[2023-03-18 11:43:21] PRINT [03/18 11:43:21 graph]: start epoch 50.
[2023-03-18 11:43:21] PRINT [03/18 11:43:21 graph]: # Epoch 50: train_loss: 0.5404 | lr: 0.000269
[2023-03-18 11:43:22] PRINT [03/18 11:43:22 graph]: --- Testf1: 0.71700, Best Valacc: 0.71000 in epoch 19 --- 
[2023-03-18 11:43:22] PRINT [03/18 11:43:22 graph]: Epoch 50: get test acc score:  0.717
[2023-03-18 11:43:22] PRINT [03/18 11:43:22 graph]: best_f1 0.717 at epoch 50
[2023-03-18 11:43:22] PRINT [03/18 11:43:22 graph]: start epoch 51.
[2023-03-18 11:43:22] PRINT [03/18 11:43:22 graph]: # Epoch 51: train_loss: 0.5397 | lr: 0.000269
[2023-03-18 11:43:23] PRINT [03/18 11:43:23 graph]: --- Testf1: 0.72200, Best Valacc: 0.71200 in epoch 54 --- 
[2023-03-18 11:43:23] PRINT [03/18 11:43:23 graph]: Epoch 51: get test acc score:  0.722
[2023-03-18 11:43:23] PRINT [03/18 11:43:23 graph]: best_f1 0.722 at epoch 51
[2023-03-18 11:43:23] PRINT [03/18 11:43:23 graph]: start epoch 52.
[2023-03-18 11:43:23] PRINT [03/18 11:43:23 graph]: # Epoch 52: train_loss: 0.5391 | lr: 0.000269
[2023-03-18 11:43:24] PRINT [03/18 11:43:24 graph]: --- Testf1: 0.72500, Best Valacc: 0.72400 in epoch 12 --- 
[2023-03-18 11:43:24] PRINT [03/18 11:43:24 graph]: Epoch 52: get test acc score:  0.725
[2023-03-18 11:43:24] PRINT [03/18 11:43:24 graph]: best_f1 0.725 at epoch 52
[2023-03-18 11:43:24] PRINT [03/18 11:43:24 graph]: start epoch 53.
[2023-03-18 11:43:24] PRINT [03/18 11:43:24 graph]: # Epoch 53: train_loss: 0.5374 | lr: 0.000269
[2023-03-18 11:43:25] PRINT [03/18 11:43:25 graph]: --- Testf1: 0.72800, Best Valacc: 0.70800 in epoch 7 --- 
[2023-03-18 11:43:25] PRINT [03/18 11:43:25 graph]: Epoch 53: get test acc score:  0.728
[2023-03-18 11:43:25] PRINT [03/18 11:43:25 graph]: best_f1 0.728 at epoch 53
[2023-03-18 11:43:25] PRINT [03/18 11:43:25 graph]: start epoch 54.
[2023-03-18 11:43:25] PRINT [03/18 11:43:25 graph]: # Epoch 54: train_loss: 0.5360 | lr: 0.000269
[2023-03-18 11:43:26] PRINT [03/18 11:43:26 graph]: --- Testf1: 0.73700, Best Valacc: 0.72200 in epoch 7 --- 
[2023-03-18 11:43:26] PRINT [03/18 11:43:26 graph]: Epoch 54: get test acc score:  0.737
[2023-03-18 11:43:26] PRINT [03/18 11:43:26 graph]: best_f1 0.737 at epoch 54
[2023-03-18 11:43:26] PRINT [03/18 11:43:26 graph]: start epoch 55.
[2023-03-18 11:43:26] PRINT [03/18 11:43:26 graph]: # Epoch 55: train_loss: 0.5350 | lr: 0.000269
[2023-03-18 11:43:27] PRINT [03/18 11:43:27 graph]: --- Testf1: 0.72300, Best Valacc: 0.72000 in epoch 17 --- 
[2023-03-18 11:43:27] PRINT [03/18 11:43:27 graph]: Epoch 55: get test acc score:  0.723
[2023-03-18 11:43:27] PRINT [03/18 11:43:27 graph]: best_f1 0.737 at epoch 54
[2023-03-18 11:43:27] PRINT [03/18 11:43:27 graph]: start epoch 56.
[2023-03-18 11:43:27] PRINT [03/18 11:43:27 graph]: # Epoch 56: train_loss: 0.5333 | lr: 0.000269
[2023-03-18 11:43:28] PRINT [03/18 11:43:28 graph]: --- Testf1: 0.72900, Best Valacc: 0.72600 in epoch 13 --- 
[2023-03-18 11:43:28] PRINT [03/18 11:43:28 graph]: Epoch 56: get test acc score:  0.729
[2023-03-18 11:43:28] PRINT [03/18 11:43:28 graph]: best_f1 0.737 at epoch 54
[2023-03-18 11:43:28] PRINT [03/18 11:43:28 graph]: start epoch 57.
[2023-03-18 11:43:28] PRINT [03/18 11:43:28 graph]: # Epoch 57: train_loss: 0.5323 | lr: 0.000269
[2023-03-18 11:43:29] PRINT [03/18 11:43:29 graph]: --- Testf1: 0.73400, Best Valacc: 0.71600 in epoch 3 --- 
[2023-03-18 11:43:29] PRINT [03/18 11:43:29 graph]: Epoch 57: get test acc score:  0.734
[2023-03-18 11:43:29] PRINT [03/18 11:43:29 graph]: best_f1 0.737 at epoch 54
[2023-03-18 11:43:29] PRINT [03/18 11:43:29 graph]: start epoch 58.
[2023-03-18 11:43:29] PRINT [03/18 11:43:29 graph]: # Epoch 58: train_loss: 0.5316 | lr: 0.000269
[2023-03-18 11:43:30] PRINT [03/18 11:43:30 graph]: --- Testf1: 0.72500, Best Valacc: 0.71600 in epoch 5 --- 
[2023-03-18 11:43:30] PRINT [03/18 11:43:30 graph]: Epoch 58: get test acc score:  0.725
[2023-03-18 11:43:30] PRINT [03/18 11:43:30 graph]: best_f1 0.737 at epoch 54
[2023-03-18 11:43:30] PRINT [03/18 11:43:30 graph]: start epoch 59.
[2023-03-18 11:43:30] PRINT [03/18 11:43:30 graph]: # Epoch 59: train_loss: 0.5302 | lr: 0.000269
[2023-03-18 11:43:30] PRINT [03/18 11:43:30 graph]: --- Testf1: 0.72200, Best Valacc: 0.71400 in epoch 23 --- 
[2023-03-18 11:43:31] PRINT [03/18 11:43:31 graph]: Epoch 59: get test acc score:  0.722
[2023-03-18 11:43:31] PRINT [03/18 11:43:31 graph]: best_f1 0.737 at epoch 54
[2023-03-18 11:43:31] PRINT [03/18 11:43:31 graph]: start epoch 60.
[2023-03-18 11:43:31] PRINT [03/18 11:43:31 graph]: # Epoch 60: train_loss: 0.5297 | lr: 0.000269
[2023-03-18 11:43:31] PRINT [03/18 11:43:31 graph]: --- Testf1: 0.71800, Best Valacc: 0.70400 in epoch 57 --- 
[2023-03-18 11:43:32] PRINT [03/18 11:43:32 graph]: Epoch 60: get test acc score:  0.718
[2023-03-18 11:43:32] PRINT [03/18 11:43:32 graph]: best_f1 0.737 at epoch 54
[2023-03-18 11:43:32] PRINT [03/18 11:43:32 graph]: start epoch 61.
[2023-03-18 11:43:32] PRINT [03/18 11:43:32 graph]: # Epoch 61: train_loss: 0.5278 | lr: 0.000269
[2023-03-18 11:43:32] PRINT [03/18 11:43:32 graph]: --- Testf1: 0.70400, Best Valacc: 0.70800 in epoch 8 --- 
[2023-03-18 11:43:33] PRINT [03/18 11:43:33 graph]: Epoch 61: get test acc score:  0.704
[2023-03-18 11:43:33] PRINT [03/18 11:43:33 graph]: best_f1 0.737 at epoch 54
[2023-03-18 11:43:33] PRINT [03/18 11:43:33 graph]: start epoch 62.
[2023-03-18 11:43:33] PRINT [03/18 11:43:33 graph]: # Epoch 62: train_loss: 0.5264 | lr: 0.000269
[2023-03-18 11:43:33] PRINT [03/18 11:43:33 graph]: --- Testf1: 0.72800, Best Valacc: 0.72200 in epoch 31 --- 
[2023-03-18 11:43:34] PRINT [03/18 11:43:34 graph]: Epoch 62: get test acc score:  0.728
[2023-03-18 11:43:34] PRINT [03/18 11:43:34 graph]: best_f1 0.737 at epoch 54
[2023-03-18 11:43:34] PRINT [03/18 11:43:34 graph]: start epoch 63.
[2023-03-18 11:43:34] PRINT [03/18 11:43:34 graph]: # Epoch 63: train_loss: 0.5256 | lr: 0.000269
[2023-03-18 11:43:34] PRINT [03/18 11:43:34 graph]: --- Testf1: 0.73200, Best Valacc: 0.73600 in epoch 2 --- 
[2023-03-18 11:43:35] PRINT [03/18 11:43:35 graph]: Epoch 63: get test acc score:  0.732
[2023-03-18 11:43:35] PRINT [03/18 11:43:35 graph]: best_f1 0.737 at epoch 54
[2023-03-18 11:43:35] PRINT [03/18 11:43:35 graph]: start epoch 64.
[2023-03-18 11:43:35] PRINT [03/18 11:43:35 graph]: # Epoch 64: train_loss: 0.5231 | lr: 0.000269
[2023-03-18 11:43:35] PRINT [03/18 11:43:35 graph]: --- Testf1: 0.71700, Best Valacc: 0.70800 in epoch 12 --- 
[2023-03-18 11:43:36] PRINT [03/18 11:43:36 graph]: Epoch 64: get test acc score:  0.717
[2023-03-18 11:43:36] PRINT [03/18 11:43:36 graph]: best_f1 0.737 at epoch 54
[2023-03-18 11:43:36] PRINT [03/18 11:43:36 graph]: start epoch 65.
[2023-03-18 11:43:36] PRINT [03/18 11:43:36 graph]: # Epoch 65: train_loss: 0.5233 | lr: 0.000269
[2023-03-18 11:43:36] PRINT [03/18 11:43:36 graph]: --- Testf1: 0.71100, Best Valacc: 0.72000 in epoch 4 --- 
[2023-03-18 11:43:37] PRINT [03/18 11:43:37 graph]: Epoch 65: get test acc score:  0.711
[2023-03-18 11:43:37] PRINT [03/18 11:43:37 graph]: best_f1 0.737 at epoch 54
[2023-03-18 11:43:37] PRINT [03/18 11:43:37 graph]: start epoch 66.
[2023-03-18 11:43:37] PRINT [03/18 11:43:37 graph]: # Epoch 66: train_loss: 0.5214 | lr: 0.000269
[2023-03-18 11:43:37] PRINT [03/18 11:43:37 graph]: --- Testf1: 0.70900, Best Valacc: 0.71400 in epoch 3 --- 
[2023-03-18 11:43:38] PRINT [03/18 11:43:38 graph]: Epoch 66: get test acc score:  0.709
[2023-03-18 11:43:38] PRINT [03/18 11:43:38 graph]: best_f1 0.737 at epoch 54
[2023-03-18 11:43:38] PRINT [03/18 11:43:38 graph]: start epoch 67.
[2023-03-18 11:43:38] PRINT [03/18 11:43:38 graph]: # Epoch 67: train_loss: 0.5212 | lr: 0.000269
[2023-03-18 11:43:38] PRINT [03/18 11:43:38 graph]: --- Testf1: 0.72200, Best Valacc: 0.73600 in epoch 3 --- 
[2023-03-18 11:43:38] PRINT [03/18 11:43:38 graph]: Epoch 67: get test acc score:  0.722
[2023-03-18 11:43:38] PRINT [03/18 11:43:38 graph]: best_f1 0.737 at epoch 54
[2023-03-18 11:43:38] PRINT [03/18 11:43:38 graph]: start epoch 68.
[2023-03-18 11:43:38] PRINT [03/18 11:43:38 graph]: # Epoch 68: train_loss: 0.5195 | lr: 0.000269
[2023-03-18 11:43:39] PRINT [03/18 11:43:39 graph]: --- Testf1: 0.71900, Best Valacc: 0.71200 in epoch 9 --- 
[2023-03-18 11:43:39] PRINT [03/18 11:43:39 graph]: Epoch 68: get test acc score:  0.719
[2023-03-18 11:43:39] PRINT [03/18 11:43:39 graph]: best_f1 0.737 at epoch 54
[2023-03-18 11:43:39] PRINT [03/18 11:43:39 graph]: start epoch 69.
[2023-03-18 11:43:39] PRINT [03/18 11:43:39 graph]: # Epoch 69: train_loss: 0.5184 | lr: 0.000269
[2023-03-18 11:43:40] PRINT [03/18 11:43:40 graph]: --- Testf1: 0.71300, Best Valacc: 0.70600 in epoch 5 --- 
[2023-03-18 11:43:40] PRINT [03/18 11:43:40 graph]: Epoch 69: get test acc score:  0.713
[2023-03-18 11:43:40] PRINT [03/18 11:43:40 graph]: best_f1 0.737 at epoch 54
[2023-03-18 11:43:40] PRINT [03/18 11:43:40 graph]: start epoch 70.
[2023-03-18 11:43:40] PRINT [03/18 11:43:40 graph]: # Epoch 70: train_loss: 0.5165 | lr: 0.000269
[2023-03-18 11:43:41] PRINT [03/18 11:43:41 graph]: --- Testf1: 0.71200, Best Valacc: 0.71400 in epoch 6 --- 
[2023-03-18 11:43:41] PRINT [03/18 11:43:41 graph]: Epoch 70: get test acc score:  0.712
[2023-03-18 11:43:41] PRINT [03/18 11:43:41 graph]: best_f1 0.737 at epoch 54
[2023-03-18 11:43:41] PRINT [03/18 11:43:41 graph]: start epoch 71.
[2023-03-18 11:43:41] PRINT [03/18 11:43:41 graph]: # Epoch 71: train_loss: 0.5141 | lr: 0.000269
[2023-03-18 11:43:42] PRINT [03/18 11:43:42 graph]: --- Testf1: 0.72200, Best Valacc: 0.71600 in epoch 8 --- 
[2023-03-18 11:43:42] PRINT [03/18 11:43:42 graph]: Epoch 71: get test acc score:  0.722
[2023-03-18 11:43:42] PRINT [03/18 11:43:42 graph]: best_f1 0.737 at epoch 54
[2023-03-18 11:43:42] PRINT [03/18 11:43:42 graph]: start epoch 72.
[2023-03-18 11:43:42] PRINT [03/18 11:43:42 graph]: # Epoch 72: train_loss: 0.5138 | lr: 0.000269
[2023-03-18 11:43:43] PRINT [03/18 11:43:43 graph]: --- Testf1: 0.72300, Best Valacc: 0.74000 in epoch 4 --- 
[2023-03-18 11:43:43] PRINT [03/18 11:43:43 graph]: Epoch 72: get test acc score:  0.723
[2023-03-18 11:43:43] PRINT [03/18 11:43:43 graph]: best_f1 0.737 at epoch 54
[2023-03-18 11:43:43] PRINT [03/18 11:43:43 graph]: start epoch 73.
[2023-03-18 11:43:43] PRINT [03/18 11:43:43 graph]: # Epoch 73: train_loss: 0.5133 | lr: 0.000269
[2023-03-18 11:43:44] PRINT [03/18 11:43:44 graph]: --- Testf1: 0.73000, Best Valacc: 0.71200 in epoch 3 --- 
[2023-03-18 11:43:44] PRINT [03/18 11:43:44 graph]: Epoch 73: get test acc score:  0.730
[2023-03-18 11:43:44] PRINT [03/18 11:43:44 graph]: best_f1 0.737 at epoch 54
[2023-03-18 11:43:44] PRINT [03/18 11:43:44 graph]: start epoch 74.
[2023-03-18 11:43:44] PRINT [03/18 11:43:44 graph]: # Epoch 74: train_loss: 0.5126 | lr: 0.000269
[2023-03-18 11:43:45] PRINT [03/18 11:43:45 graph]: --- Testf1: 0.71900, Best Valacc: 0.70800 in epoch 13 --- 
[2023-03-18 11:43:45] PRINT [03/18 11:43:45 graph]: Epoch 74: get test acc score:  0.719
[2023-03-18 11:43:45] PRINT [03/18 11:43:45 graph]: best_f1 0.737 at epoch 54
[2023-03-18 11:43:45] PRINT [03/18 11:43:45 graph]: start epoch 75.
[2023-03-18 11:43:45] PRINT [03/18 11:43:45 graph]: # Epoch 75: train_loss: 0.5092 | lr: 0.000269
[2023-03-18 11:43:46] PRINT [03/18 11:43:46 graph]: --- Testf1: 0.71300, Best Valacc: 0.71000 in epoch 6 --- 
[2023-03-18 11:43:46] PRINT [03/18 11:43:46 graph]: Epoch 75: get test acc score:  0.713
[2023-03-18 11:43:46] PRINT [03/18 11:43:46 graph]: best_f1 0.737 at epoch 54
[2023-03-18 11:43:46] PRINT [03/18 11:43:46 graph]: start epoch 76.
[2023-03-18 11:43:46] PRINT [03/18 11:43:46 graph]: # Epoch 76: train_loss: 0.5090 | lr: 0.000269
[2023-03-18 11:43:47] PRINT [03/18 11:43:47 graph]: --- Testf1: 0.71900, Best Valacc: 0.70800 in epoch 3 --- 
[2023-03-18 11:43:47] PRINT [03/18 11:43:47 graph]: Epoch 76: get test acc score:  0.719
[2023-03-18 11:43:47] PRINT [03/18 11:43:47 graph]: best_f1 0.737 at epoch 54
[2023-03-18 11:43:47] PRINT [03/18 11:43:47 graph]: start epoch 77.
[2023-03-18 11:43:47] PRINT [03/18 11:43:47 graph]: # Epoch 77: train_loss: 0.5075 | lr: 0.000269
[2023-03-18 11:43:48] PRINT [03/18 11:43:48 graph]: --- Testf1: 0.70700, Best Valacc: 0.70800 in epoch 3 --- 
[2023-03-18 11:43:48] PRINT [03/18 11:43:48 graph]: Epoch 77: get test acc score:  0.707
[2023-03-18 11:43:48] PRINT [03/18 11:43:48 graph]: best_f1 0.737 at epoch 54
[2023-03-18 11:43:48] PRINT [03/18 11:43:48 graph]: start epoch 78.
[2023-03-18 11:43:48] PRINT [03/18 11:43:48 graph]: # Epoch 78: train_loss: 0.5067 | lr: 0.000269
[2023-03-18 11:43:49] PRINT [03/18 11:43:49 graph]: --- Testf1: 0.71100, Best Valacc: 0.71800 in epoch 7 --- 
[2023-03-18 11:43:49] PRINT [03/18 11:43:49 graph]: Epoch 78: get test acc score:  0.711
[2023-03-18 11:43:49] PRINT [03/18 11:43:49 graph]: best_f1 0.737 at epoch 54
[2023-03-18 11:43:49] PRINT [03/18 11:43:49 graph]: start epoch 79.
[2023-03-18 11:43:49] PRINT [03/18 11:43:49 graph]: # Epoch 79: train_loss: 0.5053 | lr: 0.000269
[2023-03-18 11:43:50] PRINT [03/18 11:43:50 graph]: --- Testf1: 0.71100, Best Valacc: 0.71000 in epoch 3 --- 
[2023-03-18 11:43:50] PRINT [03/18 11:43:50 graph]: Epoch 79: get test acc score:  0.711
[2023-03-18 11:43:50] PRINT [03/18 11:43:50 graph]: best_f1 0.737 at epoch 54
[2023-03-18 11:43:50] PRINT [03/18 11:43:50 graph]: start epoch 80.
[2023-03-18 11:43:50] PRINT [03/18 11:43:50 graph]: # Epoch 80: train_loss: 0.5048 | lr: 0.000269
[2023-03-18 11:43:51] PRINT [03/18 11:43:51 graph]: --- Testf1: 0.70400, Best Valacc: 0.69200 in epoch 11 --- 
[2023-03-18 11:43:51] PRINT [03/18 11:43:51 graph]: Epoch 80: get test acc score:  0.704
[2023-03-18 11:43:51] PRINT [03/18 11:43:51 graph]: best_f1 0.737 at epoch 54
[2023-03-18 11:43:51] PRINT [03/18 11:43:51 graph]: start epoch 81.
[2023-03-18 11:43:51] PRINT [03/18 11:43:51 graph]: # Epoch 81: train_loss: 0.5036 | lr: 0.000269
[2023-03-18 11:43:52] PRINT [03/18 11:43:52 graph]: --- Testf1: 0.71500, Best Valacc: 0.71400 in epoch 8 --- 
[2023-03-18 11:43:52] PRINT [03/18 11:43:52 graph]: Epoch 81: get test acc score:  0.715
[2023-03-18 11:43:52] PRINT [03/18 11:43:52 graph]: best_f1 0.737 at epoch 54
[2023-03-18 11:43:52] PRINT [03/18 11:43:52 graph]: start epoch 82.
[2023-03-18 11:43:52] PRINT [03/18 11:43:52 graph]: # Epoch 82: train_loss: 0.5023 | lr: 0.000269
[2023-03-18 11:43:53] PRINT [03/18 11:43:53 graph]: --- Testf1: 0.70600, Best Valacc: 0.69200 in epoch 36 --- 
[2023-03-18 11:43:53] PRINT [03/18 11:43:53 graph]: Epoch 82: get test acc score:  0.706
[2023-03-18 11:43:53] PRINT [03/18 11:43:53 graph]: best_f1 0.737 at epoch 54
[2023-03-18 11:43:53] PRINT [03/18 11:43:53 graph]: start epoch 83.
[2023-03-18 11:43:53] PRINT [03/18 11:43:53 graph]: # Epoch 83: train_loss: 0.5013 | lr: 0.000269
[2023-03-18 11:43:54] PRINT [03/18 11:43:54 graph]: --- Testf1: 0.71200, Best Valacc: 0.70200 in epoch 29 --- 
[2023-03-18 11:43:54] PRINT [03/18 11:43:54 graph]: Epoch 83: get test acc score:  0.712
[2023-03-18 11:43:54] PRINT [03/18 11:43:54 graph]: best_f1 0.737 at epoch 54
[2023-03-18 11:43:54] PRINT [03/18 11:43:54 graph]: start epoch 84.
[2023-03-18 11:43:54] PRINT [03/18 11:43:54 graph]: # Epoch 84: train_loss: 0.4984 | lr: 0.000269
[2023-03-18 11:43:55] PRINT [03/18 11:43:55 graph]: --- Testf1: 0.71300, Best Valacc: 0.70800 in epoch 3 --- 
[2023-03-18 11:43:55] PRINT [03/18 11:43:55 graph]: Epoch 84: get test acc score:  0.713
[2023-03-18 11:43:55] PRINT [03/18 11:43:55 graph]: best_f1 0.737 at epoch 54
[2023-03-18 11:43:55] PRINT [03/18 11:43:55 graph]: start epoch 85.
[2023-03-18 11:43:55] PRINT [03/18 11:43:55 graph]: # Epoch 85: train_loss: 0.4979 | lr: 0.000269
[2023-03-18 11:43:56] PRINT [03/18 11:43:56 graph]: --- Testf1: 0.71400, Best Valacc: 0.69400 in epoch 3 --- 
[2023-03-18 11:43:56] PRINT [03/18 11:43:56 graph]: Epoch 85: get test acc score:  0.714
[2023-03-18 11:43:56] PRINT [03/18 11:43:56 graph]: best_f1 0.737 at epoch 54
[2023-03-18 11:43:56] PRINT [03/18 11:43:56 graph]: start epoch 86.
[2023-03-18 11:43:56] PRINT [03/18 11:43:56 graph]: # Epoch 86: train_loss: 0.4975 | lr: 0.000269
[2023-03-18 11:43:57] PRINT [03/18 11:43:57 graph]: --- Testf1: 0.69600, Best Valacc: 0.68200 in epoch 35 --- 
[2023-03-18 11:43:57] PRINT [03/18 11:43:57 graph]: Epoch 86: get test acc score:  0.696
[2023-03-18 11:43:57] PRINT [03/18 11:43:57 graph]: best_f1 0.737 at epoch 54
[2023-03-18 11:43:57] PRINT [03/18 11:43:57 graph]: start epoch 87.
[2023-03-18 11:43:57] PRINT [03/18 11:43:57 graph]: # Epoch 87: train_loss: 0.4972 | lr: 0.000269
[2023-03-18 11:43:57] PRINT [03/18 11:43:57 graph]: --- Testf1: 0.71300, Best Valacc: 0.70000 in epoch 6 --- 
[2023-03-18 11:43:58] PRINT [03/18 11:43:58 graph]: Epoch 87: get test acc score:  0.713
[2023-03-18 11:43:58] PRINT [03/18 11:43:58 graph]: best_f1 0.737 at epoch 54
[2023-03-18 11:43:58] PRINT [03/18 11:43:58 graph]: start epoch 88.
[2023-03-18 11:43:58] PRINT [03/18 11:43:58 graph]: # Epoch 88: train_loss: 0.4952 | lr: 0.000269
[2023-03-18 11:43:59] PRINT [03/18 11:43:59 graph]: --- Testf1: 0.70400, Best Valacc: 0.70400 in epoch 31 --- 
[2023-03-18 11:43:59] PRINT [03/18 11:43:59 graph]: Epoch 88: get test acc score:  0.704
[2023-03-18 11:43:59] PRINT [03/18 11:43:59 graph]: best_f1 0.737 at epoch 54
[2023-03-18 11:43:59] PRINT [03/18 11:43:59 graph]: start epoch 89.
[2023-03-18 11:43:59] PRINT [03/18 11:43:59 graph]: # Epoch 89: train_loss: 0.4938 | lr: 0.000269
[2023-03-18 11:43:59] PRINT [03/18 11:43:59 graph]: --- Testf1: 0.71600, Best Valacc: 0.70400 in epoch 3 --- 
[2023-03-18 11:44:00] PRINT [03/18 11:44:00 graph]: Epoch 89: get test acc score:  0.716
[2023-03-18 11:44:00] PRINT [03/18 11:44:00 graph]: best_f1 0.737 at epoch 54
[2023-03-18 11:44:00] PRINT [03/18 11:44:00 graph]: start epoch 90.
[2023-03-18 11:44:00] PRINT [03/18 11:44:00 graph]: # Epoch 90: train_loss: 0.4927 | lr: 0.000269
[2023-03-18 11:44:00] PRINT [03/18 11:44:00 graph]: --- Testf1: 0.69800, Best Valacc: 0.72800 in epoch 4 --- 
[2023-03-18 11:44:01] PRINT [03/18 11:44:01 graph]: Epoch 90: get test acc score:  0.698
[2023-03-18 11:44:01] PRINT [03/18 11:44:01 graph]: best_f1 0.737 at epoch 54
[2023-03-18 11:44:01] PRINT [03/18 11:44:01 graph]: start epoch 91.
[2023-03-18 11:44:01] PRINT [03/18 11:44:01 graph]: # Epoch 91: train_loss: 0.4907 | lr: 0.000269
[2023-03-18 11:44:01] PRINT [03/18 11:44:01 graph]: --- Testf1: 0.69800, Best Valacc: 0.70400 in epoch 31 --- 
[2023-03-18 11:44:02] PRINT [03/18 11:44:02 graph]: Epoch 91: get test acc score:  0.698
[2023-03-18 11:44:02] PRINT [03/18 11:44:02 graph]: best_f1 0.737 at epoch 54
[2023-03-18 11:44:02] PRINT [03/18 11:44:02 graph]: start epoch 92.
[2023-03-18 11:44:02] PRINT [03/18 11:44:02 graph]: # Epoch 92: train_loss: 0.4906 | lr: 0.000269
[2023-03-18 11:44:02] PRINT [03/18 11:44:02 graph]: --- Testf1: 0.70300, Best Valacc: 0.71800 in epoch 21 --- 
[2023-03-18 11:44:03] PRINT [03/18 11:44:03 graph]: Epoch 92: get test acc score:  0.703
[2023-03-18 11:44:03] PRINT [03/18 11:44:03 graph]: best_f1 0.737 at epoch 54
[2023-03-18 11:44:03] PRINT [03/18 11:44:03 graph]: start epoch 93.
[2023-03-18 11:44:03] PRINT [03/18 11:44:03 graph]: # Epoch 93: train_loss: 0.4895 | lr: 0.000269
[2023-03-18 11:44:03] PRINT [03/18 11:44:03 graph]: --- Testf1: 0.69700, Best Valacc: 0.69400 in epoch 45 --- 
[2023-03-18 11:44:04] PRINT [03/18 11:44:04 graph]: Epoch 93: get test acc score:  0.697
[2023-03-18 11:44:04] PRINT [03/18 11:44:04 graph]: best_f1 0.737 at epoch 54
[2023-03-18 11:44:04] PRINT [03/18 11:44:04 graph]: start epoch 94.
[2023-03-18 11:44:04] PRINT [03/18 11:44:04 graph]: # Epoch 94: train_loss: 0.4873 | lr: 0.000269
[2023-03-18 11:44:04] PRINT [03/18 11:44:04 graph]: --- Testf1: 0.69300, Best Valacc: 0.70200 in epoch 29 --- 
[2023-03-18 11:44:05] PRINT [03/18 11:44:05 graph]: Epoch 94: get test acc score:  0.693
[2023-03-18 11:44:05] PRINT [03/18 11:44:05 graph]: best_f1 0.737 at epoch 54
[2023-03-18 11:44:05] PRINT [03/18 11:44:05 graph]: start epoch 95.
[2023-03-18 11:44:05] PRINT [03/18 11:44:05 graph]: # Epoch 95: train_loss: 0.4873 | lr: 0.000269
[2023-03-18 11:44:05] PRINT [03/18 11:44:05 graph]: --- Testf1: 0.69900, Best Valacc: 0.70600 in epoch 9 --- 
[2023-03-18 11:44:06] PRINT [03/18 11:44:06 graph]: Epoch 95: get test acc score:  0.699
[2023-03-18 11:44:06] PRINT [03/18 11:44:06 graph]: best_f1 0.737 at epoch 54
[2023-03-18 11:44:06] PRINT [03/18 11:44:06 graph]: start epoch 96.
[2023-03-18 11:44:06] PRINT [03/18 11:44:06 graph]: # Epoch 96: train_loss: 0.4857 | lr: 0.000269
[2023-03-18 11:44:06] PRINT [03/18 11:44:06 graph]: --- Testf1: 0.68600, Best Valacc: 0.68400 in epoch 7 --- 
[2023-03-18 11:44:07] PRINT [03/18 11:44:07 graph]: Epoch 96: get test acc score:  0.686
[2023-03-18 11:44:07] PRINT [03/18 11:44:07 graph]: best_f1 0.737 at epoch 54
[2023-03-18 11:44:07] PRINT [03/18 11:44:07 graph]: start epoch 97.
[2023-03-18 11:44:07] PRINT [03/18 11:44:07 graph]: # Epoch 97: train_loss: 0.4851 | lr: 0.000269
[2023-03-18 11:44:07] PRINT [03/18 11:44:07 graph]: --- Testf1: 0.70300, Best Valacc: 0.70200 in epoch 9 --- 
[2023-03-18 11:44:08] PRINT [03/18 11:44:08 graph]: Epoch 97: get test acc score:  0.703
[2023-03-18 11:44:08] PRINT [03/18 11:44:08 graph]: best_f1 0.737 at epoch 54
[2023-03-18 11:44:08] PRINT [03/18 11:44:08 graph]: start epoch 98.
[2023-03-18 11:44:08] PRINT [03/18 11:44:08 graph]: # Epoch 98: train_loss: 0.4828 | lr: 0.000269
[2023-03-18 11:44:08] PRINT [03/18 11:44:08 graph]: --- Testf1: 0.70300, Best Valacc: 0.69000 in epoch 16 --- 
[2023-03-18 11:44:09] PRINT [03/18 11:44:09 graph]: Epoch 98: get test acc score:  0.703
[2023-03-18 11:44:09] PRINT [03/18 11:44:09 graph]: best_f1 0.737 at epoch 54
[2023-03-18 11:44:09] PRINT [03/18 11:44:09 graph]: start epoch 99.
[2023-03-18 11:44:09] PRINT [03/18 11:44:09 graph]: # Epoch 99: train_loss: 0.4823 | lr: 0.000269
[2023-03-18 11:44:09] PRINT [03/18 11:44:09 graph]: --- Testf1: 0.69900, Best Valacc: 0.69800 in epoch 25 --- 
[2023-03-18 11:44:09] PRINT [03/18 11:44:09 graph]: Epoch 99: get test acc score:  0.699
[2023-03-18 11:44:09] PRINT [03/18 11:44:09 graph]: best_f1 0.737 at epoch 54
[2023-03-18 11:44:09] PRINT [03/18 11:44:09 graph]: # final_acc: 0.7370±0.0000
