[2023-04-06 13:39:33] PRINT ---new cfg------
[2023-04-06 13:39:33] PRINT {'DATA': {'data_name': 'REDDIT-BINARY', 'deg4feat': False}, 'DATALOADER': {'NUM_WORKERS': 0, 'BATCH_SIZE': 32}, 'MODEL': {'num_hidden': 64, 'num_layers': 2, 'nhead': 8, 'activation': 'prelu', 'attn_drop': 0.4, 'feat_drop': 0.30000000000000004, 'norm': 'layernorm', 'pooler': 'mean', 'beta_schedule': 'linear', 'beta_1': 6.495307706137643e-05, 'beta_T': 0.04199717430554965, 'T': 762}, 'SOLVER': {'optim_type': 'adamw', 'optim_type_f': 'adamw', 'alpha': 1, 'decay': 20, 'LR': 1.038281767358084e-05, 'weight_decay': 0.0005, 'MAX_EPOCH': 50}, 'DEVICE': 'cuda', 'seeds': [11], 'eval_T': [50, 100, 200], 'output_dir': '/ddm-nni/REDDIT-B/log', 'checkpoint_dir': '/ddm-nni/REDDIT-B/log/checkpoint'}
[2023-04-06 13:39:33] PRINT [04/06 13:39:33 graph]: Rank of current process: 0. World size: 1
[2023-04-06 13:39:36] PRINT [04/06 13:39:36 graph]: Environment info:
[2023-04-06 13:39:36] PRINT PyTorch version: 1.10.0+cu113
[2023-04-06 13:39:36] PRINT Is debug build: False
[2023-04-06 13:39:36] PRINT CUDA used to build PyTorch: 11.3
[2023-04-06 13:39:36] PRINT ROCM used to build PyTorch: N/A
[2023-04-06 13:39:36] PRINT 
[2023-04-06 13:39:36] PRINT OS: Ubuntu 20.04.3 LTS (x86_64)
[2023-04-06 13:39:36] PRINT GCC version: (Ubuntu 9.3.0-17ubuntu1~20.04) 9.3.0
[2023-04-06 13:39:36] PRINT Clang version: Could not collect
[2023-04-06 13:39:36] PRINT CMake version: version 3.16.3
[2023-04-06 13:39:36] PRINT Libc version: glibc-2.31
[2023-04-06 13:39:36] PRINT 
[2023-04-06 13:39:36] PRINT Python version: 3.8.10 (default, Jun  4 2021, 15:09:15)  [GCC 7.5.0] (64-bit runtime)
[2023-04-06 13:39:36] PRINT Python platform: Linux-5.4.0-90-generic-x86_64-with-glibc2.17
[2023-04-06 13:39:36] PRINT Is CUDA available: True
[2023-04-06 13:39:36] PRINT CUDA runtime version: 11.3.109
[2023-04-06 13:39:36] PRINT GPU models and configuration: GPU 0: NVIDIA GeForce RTX 3090
[2023-04-06 13:39:36] PRINT Nvidia driver version: 495.44
[2023-04-06 13:39:36] PRINT cuDNN version: Probably one of the following:
[2023-04-06 13:39:36] PRINT /usr/lib/x86_64-linux-gnu/libcudnn.so.8.2.0
[2023-04-06 13:39:36] PRINT /usr/lib/x86_64-linux-gnu/libcudnn_adv_infer.so.8.2.0
[2023-04-06 13:39:36] PRINT /usr/lib/x86_64-linux-gnu/libcudnn_adv_train.so.8.2.0
[2023-04-06 13:39:36] PRINT /usr/lib/x86_64-linux-gnu/libcudnn_cnn_infer.so.8.2.0
[2023-04-06 13:39:36] PRINT /usr/lib/x86_64-linux-gnu/libcudnn_cnn_train.so.8.2.0
[2023-04-06 13:39:36] PRINT /usr/lib/x86_64-linux-gnu/libcudnn_ops_infer.so.8.2.0
[2023-04-06 13:39:36] PRINT /usr/lib/x86_64-linux-gnu/libcudnn_ops_train.so.8.2.0
[2023-04-06 13:39:36] PRINT HIP runtime version: N/A
[2023-04-06 13:39:36] PRINT MIOpen runtime version: N/A
[2023-04-06 13:39:36] PRINT 
[2023-04-06 13:39:36] PRINT Versions of relevant libraries:
[2023-04-06 13:39:36] PRINT [pip3] numpy==1.23.5
[2023-04-06 13:39:36] PRINT [pip3] torch==1.10.0+cu113
[2023-04-06 13:39:36] PRINT [pip3] torchvision==0.11.1+cu113
[2023-04-06 13:39:36] PRINT [conda] blas                      1.0                         mkl    https://mirrors.ustc.edu.cn/anaconda/pkgs/main
[2023-04-06 13:39:36] PRINT [conda] mkl                       2021.4.0           h06a4308_640    https://mirrors.ustc.edu.cn/anaconda/pkgs/main
[2023-04-06 13:39:36] PRINT [conda] mkl-service               2.4.0            py38h7f8727e_0    https://mirrors.ustc.edu.cn/anaconda/pkgs/main
[2023-04-06 13:39:36] PRINT [conda] mkl_fft                   1.3.1            py38hd3c417c_0    https://mirrors.ustc.edu.cn/anaconda/pkgs/main
[2023-04-06 13:39:36] PRINT [conda] mkl_random                1.2.2            py38h51133e4_0    https://mirrors.ustc.edu.cn/anaconda/pkgs/main
[2023-04-06 13:39:36] PRINT [conda] numpy                     1.21.4                   pypi_0    pypi
[2023-04-06 13:39:36] PRINT [conda] numpy-base                1.23.5           py38h31eccc5_0    https://mirrors.ustc.edu.cn/anaconda/pkgs/main
[2023-04-06 13:39:36] PRINT [conda] torch                     1.10.0+cu113             pypi_0    pypi
[2023-04-06 13:39:36] PRINT [conda] torchvision               0.11.1+cu113             pypi_0    pypi
[2023-04-06 13:39:36] PRINT         Pillow (8.4.0)
[2023-04-06 13:39:36] PRINT [04/06 13:39:36 graph]: Command line arguments: Namespace(local_rank=0, resume=False, seed=1234, start_epoch=0)
[2023-04-06 13:39:36] PRINT Using degree as node features
[2023-04-06 13:39:43] PRINT ******** # Num Graphs: 2000, # Num Feat: 401, # Num Classes: 2 ********
[2023-04-06 13:39:43] PRINT [04/06 13:39:43 graph]: Run 0th for seed 11
[2023-04-06 13:39:43] PRINT [04/06 13:39:43 graph]: Total trainable params num : 686159
[2023-04-06 13:39:47] PRINT [04/06 13:39:47 graph]: ----------Start Training----------
[2023-04-06 13:39:50] PRINT [04/06 13:39:50 graph]: Epoch 0 | train_loss: 0.8704 | lr: 0.000010
[2023-04-06 13:39:52] PRINT [04/06 13:39:52 graph]: Epoch 1 | train_loss: 0.6850 | lr: 0.000010
[2023-04-06 13:39:55] PRINT [04/06 13:39:55 graph]: Epoch 2 | train_loss: 0.6003 | lr: 0.000010
[2023-04-06 13:40:11] PRINT [04/06 13:40:11 graph]: #Test_f1: 0.6960±0.0329
[2023-04-06 13:40:11] PRINT [04/06 13:40:11 graph]: Epoch 2: get test f1 score:  0.696
[2023-04-06 13:40:11] PRINT [04/06 13:40:11 graph]: best_f1 0.696 at epoch 2
[2023-04-06 13:40:14] PRINT [04/06 13:40:14 graph]: Epoch 3 | train_loss: 0.5390 | lr: 0.000010
[2023-04-06 13:40:30] PRINT [04/06 13:40:30 graph]: #Test_f1: 0.6990±0.0351
[2023-04-06 13:40:30] PRINT [04/06 13:40:30 graph]: Epoch 3: get test f1 score:  0.699
[2023-04-06 13:40:30] PRINT [04/06 13:40:30 graph]: best_f1 0.699 at epoch 3
[2023-04-06 13:40:33] PRINT [04/06 13:40:33 graph]: Epoch 4 | train_loss: 0.4994 | lr: 0.000010
[2023-04-06 13:40:49] PRINT [04/06 13:40:49 graph]: #Test_f1: 0.7000±0.0356
[2023-04-06 13:40:49] PRINT [04/06 13:40:49 graph]: Epoch 4: get test f1 score:  0.700
[2023-04-06 13:40:49] PRINT [04/06 13:40:49 graph]: best_f1 0.700 at epoch 4
[2023-04-06 13:40:51] PRINT [04/06 13:40:51 graph]: Epoch 5 | train_loss: 0.4727 | lr: 0.000010
[2023-04-06 13:41:07] PRINT [04/06 13:41:07 graph]: #Test_f1: 0.7095±0.0345
[2023-04-06 13:41:08] PRINT [04/06 13:41:08 graph]: Epoch 5: get test f1 score:  0.710
[2023-04-06 13:41:08] PRINT [04/06 13:41:08 graph]: best_f1 0.710 at epoch 5
[2023-04-06 13:41:10] PRINT [04/06 13:41:10 graph]: Epoch 6 | train_loss: 0.4467 | lr: 0.000010
[2023-04-06 13:41:26] PRINT [04/06 13:41:26 graph]: #Test_f1: 0.7130±0.0393
[2023-04-06 13:41:27] PRINT [04/06 13:41:27 graph]: Epoch 6: get test f1 score:  0.713
[2023-04-06 13:41:27] PRINT [04/06 13:41:27 graph]: best_f1 0.713 at epoch 6
[2023-04-06 13:41:29] PRINT [04/06 13:41:29 graph]: Epoch 7 | train_loss: 0.4229 | lr: 0.000010
[2023-04-06 13:41:45] PRINT [04/06 13:41:45 graph]: #Test_f1: 0.7255±0.0317
[2023-04-06 13:41:46] PRINT [04/06 13:41:46 graph]: Epoch 7: get test f1 score:  0.726
[2023-04-06 13:41:46] PRINT [04/06 13:41:46 graph]: best_f1 0.726 at epoch 7
[2023-04-06 13:41:48] PRINT [04/06 13:41:48 graph]: Epoch 8 | train_loss: 0.3992 | lr: 0.000010
[2023-04-06 13:42:04] PRINT [04/06 13:42:04 graph]: #Test_f1: 0.7330±0.0290
[2023-04-06 13:42:04] PRINT [04/06 13:42:04 graph]: Epoch 8: get test f1 score:  0.733
[2023-04-06 13:42:04] PRINT [04/06 13:42:04 graph]: best_f1 0.733 at epoch 8
[2023-04-06 13:42:06] PRINT [04/06 13:42:06 graph]: Epoch 9 | train_loss: 0.3830 | lr: 0.000010
[2023-04-06 13:42:23] PRINT [04/06 13:42:23 graph]: #Test_f1: 0.7460±0.0328
[2023-04-06 13:42:23] PRINT [04/06 13:42:23 graph]: Epoch 9: get test f1 score:  0.746
[2023-04-06 13:42:23] PRINT [04/06 13:42:23 graph]: best_f1 0.746 at epoch 9
[2023-04-06 13:42:25] PRINT [04/06 13:42:25 graph]: Epoch 10 | train_loss: 0.3656 | lr: 0.000010
[2023-04-06 13:42:42] PRINT [04/06 13:42:42 graph]: #Test_f1: 0.7510±0.0357
[2023-04-06 13:42:42] PRINT [04/06 13:42:42 graph]: Epoch 10: get test f1 score:  0.751
[2023-04-06 13:42:42] PRINT [04/06 13:42:42 graph]: best_f1 0.751 at epoch 10
[2023-04-06 13:42:44] PRINT [04/06 13:42:44 graph]: Epoch 11 | train_loss: 0.3509 | lr: 0.000010
[2023-04-06 13:43:01] PRINT [04/06 13:43:01 graph]: #Test_f1: 0.7505±0.0368
[2023-04-06 13:43:01] PRINT [04/06 13:43:01 graph]: Epoch 11: get test f1 score:  0.750
[2023-04-06 13:43:01] PRINT [04/06 13:43:01 graph]: best_f1 0.751 at epoch 10
[2023-04-06 13:43:03] PRINT [04/06 13:43:03 graph]: Epoch 12 | train_loss: 0.3412 | lr: 0.000010
[2023-04-06 13:43:19] PRINT [04/06 13:43:19 graph]: #Test_f1: 0.7565±0.0388
[2023-04-06 13:43:20] PRINT [04/06 13:43:20 graph]: Epoch 12: get test f1 score:  0.756
[2023-04-06 13:43:20] PRINT [04/06 13:43:20 graph]: best_f1 0.756 at epoch 12
[2023-04-06 13:43:22] PRINT [04/06 13:43:22 graph]: Epoch 13 | train_loss: 0.3298 | lr: 0.000010
[2023-04-06 13:43:38] PRINT [04/06 13:43:38 graph]: #Test_f1: 0.7650±0.0354
[2023-04-06 13:43:38] PRINT [04/06 13:43:38 graph]: Epoch 13: get test f1 score:  0.765
[2023-04-06 13:43:38] PRINT [04/06 13:43:38 graph]: best_f1 0.765 at epoch 13
[2023-04-06 13:43:40] PRINT [04/06 13:43:40 graph]: Epoch 14 | train_loss: 0.3175 | lr: 0.000010
[2023-04-06 13:43:56] PRINT [04/06 13:43:56 graph]: #Test_f1: 0.7810±0.0369
[2023-04-06 13:43:56] PRINT [04/06 13:43:56 graph]: Epoch 14: get test f1 score:  0.781
[2023-04-06 13:43:56] PRINT [04/06 13:43:56 graph]: best_f1 0.781 at epoch 14
[2023-04-06 13:43:58] PRINT [04/06 13:43:58 graph]: Epoch 15 | train_loss: 0.3087 | lr: 0.000010
[2023-04-06 13:44:14] PRINT [04/06 13:44:14 graph]: #Test_f1: 0.7770±0.0368
[2023-04-06 13:44:15] PRINT [04/06 13:44:15 graph]: Epoch 15: get test f1 score:  0.777
[2023-04-06 13:44:15] PRINT [04/06 13:44:15 graph]: best_f1 0.781 at epoch 14
[2023-04-06 13:44:17] PRINT [04/06 13:44:17 graph]: Epoch 16 | train_loss: 0.2984 | lr: 0.000010
[2023-04-06 13:44:33] PRINT [04/06 13:44:33 graph]: #Test_f1: 0.7800±0.0347
[2023-04-06 13:44:33] PRINT [04/06 13:44:33 graph]: Epoch 16: get test f1 score:  0.780
[2023-04-06 13:44:33] PRINT [04/06 13:44:33 graph]: best_f1 0.781 at epoch 14
[2023-04-06 13:44:35] PRINT [04/06 13:44:35 graph]: Epoch 17 | train_loss: 0.2900 | lr: 0.000010
[2023-04-06 13:44:51] PRINT [04/06 13:44:51 graph]: #Test_f1: 0.7780±0.0396
[2023-04-06 13:44:52] PRINT [04/06 13:44:52 graph]: Epoch 17: get test f1 score:  0.778
[2023-04-06 13:44:52] PRINT [04/06 13:44:52 graph]: best_f1 0.781 at epoch 14
[2023-04-06 13:44:54] PRINT [04/06 13:44:54 graph]: Epoch 18 | train_loss: 0.2827 | lr: 0.000010
[2023-04-06 13:45:09] PRINT [04/06 13:45:09 graph]: #Test_f1: 0.7830±0.0368
[2023-04-06 13:45:10] PRINT [04/06 13:45:10 graph]: Epoch 18: get test f1 score:  0.783
[2023-04-06 13:45:10] PRINT [04/06 13:45:10 graph]: best_f1 0.783 at epoch 18
[2023-04-06 13:45:12] PRINT [04/06 13:45:12 graph]: Epoch 19 | train_loss: 0.2770 | lr: 0.000010
[2023-04-06 13:45:28] PRINT [04/06 13:45:28 graph]: #Test_f1: 0.7815±0.0319
[2023-04-06 13:45:28] PRINT [04/06 13:45:28 graph]: Epoch 19: get test f1 score:  0.782
[2023-04-06 13:45:28] PRINT [04/06 13:45:28 graph]: best_f1 0.783 at epoch 18
[2023-04-06 13:45:30] PRINT [04/06 13:45:30 graph]: Epoch 20 | train_loss: 0.2717 | lr: 0.000010
[2023-04-06 13:45:46] PRINT [04/06 13:45:46 graph]: #Test_f1: 0.7865±0.0348
[2023-04-06 13:45:46] PRINT [04/06 13:45:46 graph]: Epoch 20: get test f1 score:  0.786
[2023-04-06 13:45:46] PRINT [04/06 13:45:46 graph]: best_f1 0.786 at epoch 20
[2023-04-06 13:45:49] PRINT [04/06 13:45:49 graph]: Epoch 21 | train_loss: 0.2665 | lr: 0.000010
[2023-04-06 13:46:04] PRINT [04/06 13:46:04 graph]: #Test_f1: 0.7885±0.0329
[2023-04-06 13:46:05] PRINT [04/06 13:46:05 graph]: Epoch 21: get test f1 score:  0.788
[2023-04-06 13:46:05] PRINT [04/06 13:46:05 graph]: best_f1 0.788 at epoch 21
[2023-04-06 13:46:07] PRINT [04/06 13:46:07 graph]: Epoch 22 | train_loss: 0.2636 | lr: 0.000010
[2023-04-06 13:46:22] PRINT [04/06 13:46:22 graph]: #Test_f1: 0.7890±0.0399
[2023-04-06 13:46:23] PRINT [04/06 13:46:23 graph]: Epoch 22: get test f1 score:  0.789
[2023-04-06 13:46:23] PRINT [04/06 13:46:23 graph]: best_f1 0.789 at epoch 22
[2023-04-06 13:46:25] PRINT [04/06 13:46:25 graph]: Epoch 23 | train_loss: 0.2578 | lr: 0.000010
[2023-04-06 13:46:40] PRINT [04/06 13:46:40 graph]: #Test_f1: 0.7900±0.0367
[2023-04-06 13:46:40] PRINT [04/06 13:46:40 graph]: Epoch 23: get test f1 score:  0.790
[2023-04-06 13:46:40] PRINT [04/06 13:46:40 graph]: best_f1 0.790 at epoch 23
[2023-04-06 13:46:42] PRINT [04/06 13:46:42 graph]: Epoch 24 | train_loss: 0.2565 | lr: 0.000010
[2023-04-06 13:46:58] PRINT [04/06 13:46:58 graph]: #Test_f1: 0.7915±0.0358
[2023-04-06 13:46:58] PRINT [04/06 13:46:58 graph]: Epoch 24: get test f1 score:  0.791
[2023-04-06 13:46:58] PRINT [04/06 13:46:58 graph]: best_f1 0.791 at epoch 24
[2023-04-06 13:47:00] PRINT [04/06 13:47:00 graph]: Epoch 25 | train_loss: 0.2523 | lr: 0.000010
[2023-04-06 13:47:16] PRINT [04/06 13:47:16 graph]: #Test_f1: 0.7935±0.0311
[2023-04-06 13:47:16] PRINT [04/06 13:47:16 graph]: Epoch 25: get test f1 score:  0.793
[2023-04-06 13:47:16] PRINT [04/06 13:47:16 graph]: best_f1 0.793 at epoch 25
[2023-04-06 13:47:19] PRINT [04/06 13:47:19 graph]: Epoch 26 | train_loss: 0.2498 | lr: 0.000010
[2023-04-06 13:47:34] PRINT [04/06 13:47:34 graph]: #Test_f1: 0.7930±0.0292
[2023-04-06 13:47:34] PRINT [04/06 13:47:34 graph]: Epoch 26: get test f1 score:  0.793
[2023-04-06 13:47:34] PRINT [04/06 13:47:34 graph]: best_f1 0.793 at epoch 25
[2023-04-06 13:47:36] PRINT [04/06 13:47:36 graph]: Epoch 27 | train_loss: 0.2452 | lr: 0.000010
[2023-04-06 13:47:52] PRINT [04/06 13:47:52 graph]: #Test_f1: 0.7845±0.0359
[2023-04-06 13:47:52] PRINT [04/06 13:47:52 graph]: Epoch 27: get test f1 score:  0.784
[2023-04-06 13:47:52] PRINT [04/06 13:47:52 graph]: best_f1 0.793 at epoch 25
[2023-04-06 13:47:55] PRINT [04/06 13:47:55 graph]: Epoch 28 | train_loss: 0.2442 | lr: 0.000010
[2023-04-06 13:48:11] PRINT [04/06 13:48:11 graph]: #Test_f1: 0.7960±0.0323
[2023-04-06 13:48:11] PRINT [04/06 13:48:11 graph]: Epoch 28: get test f1 score:  0.796
[2023-04-06 13:48:11] PRINT [04/06 13:48:11 graph]: best_f1 0.796 at epoch 28
[2023-04-06 13:48:13] PRINT [04/06 13:48:13 graph]: Epoch 29 | train_loss: 0.2392 | lr: 0.000010
[2023-04-06 13:48:29] PRINT [04/06 13:48:29 graph]: #Test_f1: 0.7940±0.0292
[2023-04-06 13:48:29] PRINT [04/06 13:48:29 graph]: Epoch 29: get test f1 score:  0.794
[2023-04-06 13:48:29] PRINT [04/06 13:48:29 graph]: best_f1 0.796 at epoch 28
[2023-04-06 13:48:31] PRINT [04/06 13:48:31 graph]: Epoch 30 | train_loss: 0.2395 | lr: 0.000010
[2023-04-06 13:48:47] PRINT [04/06 13:48:47 graph]: #Test_f1: 0.7965±0.0383
[2023-04-06 13:48:48] PRINT [04/06 13:48:48 graph]: Epoch 30: get test f1 score:  0.797
[2023-04-06 13:48:48] PRINT [04/06 13:48:48 graph]: best_f1 0.797 at epoch 30
[2023-04-06 13:48:50] PRINT [04/06 13:48:50 graph]: Epoch 31 | train_loss: 0.2321 | lr: 0.000010
[2023-04-06 13:49:06] PRINT [04/06 13:49:06 graph]: #Test_f1: 0.7890±0.0369
[2023-04-06 13:49:06] PRINT [04/06 13:49:06 graph]: Epoch 31: get test f1 score:  0.789
[2023-04-06 13:49:06] PRINT [04/06 13:49:06 graph]: best_f1 0.797 at epoch 30
[2023-04-06 13:49:08] PRINT [04/06 13:49:08 graph]: Epoch 32 | train_loss: 0.2322 | lr: 0.000010
[2023-04-06 13:49:24] PRINT [04/06 13:49:24 graph]: #Test_f1: 0.7895±0.0362
[2023-04-06 13:49:24] PRINT [04/06 13:49:24 graph]: Epoch 32: get test f1 score:  0.789
[2023-04-06 13:49:24] PRINT [04/06 13:49:24 graph]: best_f1 0.797 at epoch 30
[2023-04-06 13:49:26] PRINT [04/06 13:49:26 graph]: Epoch 33 | train_loss: 0.2300 | lr: 0.000010
[2023-04-06 13:49:42] PRINT [04/06 13:49:42 graph]: #Test_f1: 0.7965±0.0329
[2023-04-06 13:49:43] PRINT [04/06 13:49:43 graph]: Epoch 33: get test f1 score:  0.796
[2023-04-06 13:49:43] PRINT [04/06 13:49:43 graph]: best_f1 0.797 at epoch 30
[2023-04-06 13:49:45] PRINT [04/06 13:49:45 graph]: Epoch 34 | train_loss: 0.2267 | lr: 0.000010
[2023-04-06 13:50:01] PRINT [04/06 13:50:01 graph]: #Test_f1: 0.7905±0.0366
[2023-04-06 13:50:01] PRINT [04/06 13:50:01 graph]: Epoch 34: get test f1 score:  0.790
[2023-04-06 13:50:01] PRINT [04/06 13:50:01 graph]: best_f1 0.797 at epoch 30
[2023-04-06 13:50:03] PRINT [04/06 13:50:03 graph]: Epoch 35 | train_loss: 0.2238 | lr: 0.000010
[2023-04-06 13:50:19] PRINT [04/06 13:50:19 graph]: #Test_f1: 0.7910±0.0358
[2023-04-06 13:50:19] PRINT [04/06 13:50:19 graph]: Epoch 35: get test f1 score:  0.791
[2023-04-06 13:50:19] PRINT [04/06 13:50:19 graph]: best_f1 0.797 at epoch 30
[2023-04-06 13:50:21] PRINT [04/06 13:50:21 graph]: Epoch 36 | train_loss: 0.2224 | lr: 0.000010
[2023-04-06 13:50:37] PRINT [04/06 13:50:37 graph]: #Test_f1: 0.7930±0.0372
[2023-04-06 13:50:37] PRINT [04/06 13:50:37 graph]: Epoch 36: get test f1 score:  0.793
[2023-04-06 13:50:37] PRINT [04/06 13:50:37 graph]: best_f1 0.797 at epoch 30
[2023-04-06 13:50:39] PRINT [04/06 13:50:39 graph]: Epoch 37 | train_loss: 0.2202 | lr: 0.000010
[2023-04-06 13:50:56] PRINT [04/06 13:50:56 graph]: #Test_f1: 0.7930±0.0334
[2023-04-06 13:50:56] PRINT [04/06 13:50:56 graph]: Epoch 37: get test f1 score:  0.793
[2023-04-06 13:50:56] PRINT [04/06 13:50:56 graph]: best_f1 0.797 at epoch 30
[2023-04-06 13:50:58] PRINT [04/06 13:50:58 graph]: Epoch 38 | train_loss: 0.2174 | lr: 0.000010
[2023-04-06 13:51:14] PRINT [04/06 13:51:14 graph]: #Test_f1: 0.7955±0.0343
[2023-04-06 13:51:15] PRINT [04/06 13:51:15 graph]: Epoch 38: get test f1 score:  0.795
[2023-04-06 13:51:15] PRINT [04/06 13:51:15 graph]: best_f1 0.797 at epoch 30
[2023-04-06 13:51:17] PRINT [04/06 13:51:17 graph]: Epoch 39 | train_loss: 0.2162 | lr: 0.000010
[2023-04-06 13:51:32] PRINT [04/06 13:51:32 graph]: #Test_f1: 0.7990±0.0331
[2023-04-06 13:51:33] PRINT [04/06 13:51:33 graph]: Epoch 39: get test f1 score:  0.799
[2023-04-06 13:51:33] PRINT [04/06 13:51:33 graph]: best_f1 0.799 at epoch 39
[2023-04-06 13:51:35] PRINT [04/06 13:51:35 graph]: Epoch 40 | train_loss: 0.2146 | lr: 0.000010
[2023-04-06 13:51:50] PRINT [04/06 13:51:50 graph]: #Test_f1: 0.7955±0.0315
[2023-04-06 13:51:51] PRINT [04/06 13:51:51 graph]: Epoch 40: get test f1 score:  0.795
[2023-04-06 13:51:51] PRINT [04/06 13:51:51 graph]: best_f1 0.799 at epoch 39
[2023-04-06 13:51:53] PRINT [04/06 13:51:53 graph]: Epoch 41 | train_loss: 0.2126 | lr: 0.000010
[2023-04-06 13:52:09] PRINT [04/06 13:52:09 graph]: #Test_f1: 0.7975±0.0299
[2023-04-06 13:52:09] PRINT [04/06 13:52:09 graph]: Epoch 41: get test f1 score:  0.797
[2023-04-06 13:52:09] PRINT [04/06 13:52:09 graph]: best_f1 0.799 at epoch 39
[2023-04-06 13:52:11] PRINT [04/06 13:52:11 graph]: Epoch 42 | train_loss: 0.2106 | lr: 0.000010
[2023-04-06 13:52:27] PRINT [04/06 13:52:27 graph]: #Test_f1: 0.7995±0.0304
[2023-04-06 13:52:27] PRINT [04/06 13:52:27 graph]: Epoch 42: get test f1 score:  0.799
[2023-04-06 13:52:27] PRINT [04/06 13:52:27 graph]: best_f1 0.799 at epoch 42
[2023-04-06 13:52:29] PRINT [04/06 13:52:29 graph]: Epoch 43 | train_loss: 0.2088 | lr: 0.000010
[2023-04-06 13:52:45] PRINT [04/06 13:52:45 graph]: #Test_f1: 0.7980±0.0291
[2023-04-06 13:52:45] PRINT [04/06 13:52:45 graph]: Epoch 43: get test f1 score:  0.798
[2023-04-06 13:52:45] PRINT [04/06 13:52:45 graph]: best_f1 0.799 at epoch 42
[2023-04-06 13:52:47] PRINT [04/06 13:52:47 graph]: Epoch 44 | train_loss: 0.2118 | lr: 0.000010
[2023-04-06 13:53:03] PRINT [04/06 13:53:03 graph]: #Test_f1: 0.7945±0.0374
[2023-04-06 13:53:03] PRINT [04/06 13:53:03 graph]: Epoch 44: get test f1 score:  0.794
[2023-04-06 13:53:03] PRINT [04/06 13:53:03 graph]: best_f1 0.799 at epoch 42
[2023-04-06 13:53:06] PRINT [04/06 13:53:06 graph]: Epoch 45 | train_loss: 0.2074 | lr: 0.000010
[2023-04-06 13:53:21] PRINT [04/06 13:53:21 graph]: #Test_f1: 0.8000±0.0310
[2023-04-06 13:53:22] PRINT [04/06 13:53:22 graph]: Epoch 45: get test f1 score:  0.800
[2023-04-06 13:53:22] PRINT [04/06 13:53:22 graph]: best_f1 0.800 at epoch 45
[2023-04-06 13:53:24] PRINT [04/06 13:53:24 graph]: Epoch 46 | train_loss: 0.2048 | lr: 0.000010
[2023-04-06 13:53:40] PRINT [04/06 13:53:40 graph]: #Test_f1: 0.7995±0.0323
[2023-04-06 13:53:40] PRINT [04/06 13:53:40 graph]: Epoch 46: get test f1 score:  0.799
[2023-04-06 13:53:40] PRINT [04/06 13:53:40 graph]: best_f1 0.800 at epoch 45
[2023-04-06 13:53:42] PRINT [04/06 13:53:42 graph]: Epoch 47 | train_loss: 0.2024 | lr: 0.000010
[2023-04-06 13:53:58] PRINT [04/06 13:53:58 graph]: #Test_f1: 0.8030±0.0301
[2023-04-06 13:53:58] PRINT [04/06 13:53:58 graph]: Epoch 47: get test f1 score:  0.803
[2023-04-06 13:53:58] PRINT [04/06 13:53:58 graph]: best_f1 0.803 at epoch 47
[2023-04-06 13:54:01] PRINT [04/06 13:54:01 graph]: Epoch 48 | train_loss: 0.2014 | lr: 0.000010
[2023-04-06 13:54:16] PRINT [04/06 13:54:16 graph]: #Test_f1: 0.7975±0.0350
[2023-04-06 13:54:17] PRINT [04/06 13:54:17 graph]: Epoch 48: get test f1 score:  0.798
[2023-04-06 13:54:17] PRINT [04/06 13:54:17 graph]: best_f1 0.803 at epoch 47
[2023-04-06 13:54:19] PRINT [04/06 13:54:19 graph]: Epoch 49 | train_loss: 0.1990 | lr: 0.000010
[2023-04-06 13:54:35] PRINT [04/06 13:54:35 graph]: #Test_f1: 0.8010±0.0251
[2023-04-06 13:54:35] PRINT [04/06 13:54:35 graph]: Epoch 49: get test f1 score:  0.801
[2023-04-06 13:54:35] PRINT [04/06 13:54:35 graph]: best_f1 0.803 at epoch 47
[2023-04-06 13:54:35] PRINT [04/06 13:54:35 graph]: # final_acc: 0.8030±0.0000
