[2023-03-06 05:24:47] PRINT ---new cfg------
[2023-03-06 05:24:47] PRINT {'DATA': {'data_name': 'MUTAG', 'deg4feat': True}, 'DATALOADER': {'NUM_WORKERS': 0, 'BATCH_SIZE': 32}, 'MODEL': {'num_hidden': 512, 'num_layers': 2, 'nhead': 4, 'activation': 'prelu', 'attn_drop': 0.2, 'feat_drop': 0.4, 'norm': 'layernorm', 'pooler': 'mean', 'beta_schedule': 'sigmoid', 'beta_1': 0.0002734421889232133, 'beta_T': 0.03181692563321342, 'T': 717}, 'SOLVER': {'optim_type': 'adamw', 'optim_type_f': 'adamw', 'alpha': 1, 'decay': 40, 'LR': 7.15049251011888e-05, 'weight_decay': 0.0005, 'MAX_EPOCH': 50}, 'DEVICE': 'cuda', 'seeds': [11], 'eval_T': [50, 100, 200], 'output_dir': '/ddm-nni/MUTAG/log', 'checkpoint_dir': '/ddm-nni/MUTAG/log/checkpoint'}
[2023-03-06 05:24:47] PRINT [03/06 05:24:47 graph]: Rank of current process: 0. World size: 1
[2023-03-06 05:24:51] PRINT [03/06 05:24:51 graph]: Environment info:
[2023-03-06 05:24:51] PRINT PyTorch version: 1.10.0+cu113
[2023-03-06 05:24:51] PRINT Is debug build: False
[2023-03-06 05:24:51] PRINT CUDA used to build PyTorch: 11.3
[2023-03-06 05:24:51] PRINT ROCM used to build PyTorch: N/A
[2023-03-06 05:24:51] PRINT 
[2023-03-06 05:24:51] PRINT OS: Ubuntu 20.04.3 LTS (x86_64)
[2023-03-06 05:24:51] PRINT GCC version: (Ubuntu 9.3.0-17ubuntu1~20.04) 9.3.0
[2023-03-06 05:24:51] PRINT Clang version: Could not collect
[2023-03-06 05:24:51] PRINT CMake version: version 3.16.3
[2023-03-06 05:24:51] PRINT Libc version: glibc-2.31
[2023-03-06 05:24:51] PRINT 
[2023-03-06 05:24:51] PRINT Python version: 3.8.10 (default, Jun  4 2021, 15:09:15)  [GCC 7.5.0] (64-bit runtime)
[2023-03-06 05:24:51] PRINT Python platform: Linux-5.4.0-90-generic-x86_64-with-glibc2.17
[2023-03-06 05:24:51] PRINT Is CUDA available: True
[2023-03-06 05:24:51] PRINT CUDA runtime version: 11.3.109
[2023-03-06 05:24:51] PRINT GPU models and configuration: GPU 0: NVIDIA GeForce RTX 3090
[2023-03-06 05:24:51] PRINT Nvidia driver version: 495.44
[2023-03-06 05:24:51] PRINT cuDNN version: Probably one of the following:
[2023-03-06 05:24:51] PRINT /usr/lib/x86_64-linux-gnu/libcudnn.so.8.2.0
[2023-03-06 05:24:51] PRINT /usr/lib/x86_64-linux-gnu/libcudnn_adv_infer.so.8.2.0
[2023-03-06 05:24:51] PRINT /usr/lib/x86_64-linux-gnu/libcudnn_adv_train.so.8.2.0
[2023-03-06 05:24:51] PRINT /usr/lib/x86_64-linux-gnu/libcudnn_cnn_infer.so.8.2.0
[2023-03-06 05:24:51] PRINT /usr/lib/x86_64-linux-gnu/libcudnn_cnn_train.so.8.2.0
[2023-03-06 05:24:51] PRINT /usr/lib/x86_64-linux-gnu/libcudnn_ops_infer.so.8.2.0
[2023-03-06 05:24:51] PRINT /usr/lib/x86_64-linux-gnu/libcudnn_ops_train.so.8.2.0
[2023-03-06 05:24:51] PRINT HIP runtime version: N/A
[2023-03-06 05:24:51] PRINT MIOpen runtime version: N/A
[2023-03-06 05:24:51] PRINT 
[2023-03-06 05:24:51] PRINT Versions of relevant libraries:
[2023-03-06 05:24:51] PRINT [pip3] numpy==1.23.5
[2023-03-06 05:24:51] PRINT [pip3] torch==1.10.0+cu113
[2023-03-06 05:24:51] PRINT [pip3] torchvision==0.11.1+cu113
[2023-03-06 05:24:51] PRINT [conda] blas                      1.0                         mkl    https://mirrors.ustc.edu.cn/anaconda/pkgs/main
[2023-03-06 05:24:51] PRINT [conda] mkl                       2021.4.0           h06a4308_640    https://mirrors.ustc.edu.cn/anaconda/pkgs/main
[2023-03-06 05:24:51] PRINT [conda] mkl-service               2.4.0            py38h7f8727e_0    https://mirrors.ustc.edu.cn/anaconda/pkgs/main
[2023-03-06 05:24:51] PRINT [conda] mkl_fft                   1.3.1            py38hd3c417c_0    https://mirrors.ustc.edu.cn/anaconda/pkgs/main
[2023-03-06 05:24:51] PRINT [conda] mkl_random                1.2.2            py38h51133e4_0    https://mirrors.ustc.edu.cn/anaconda/pkgs/main
[2023-03-06 05:24:51] PRINT [conda] numpy                     1.21.4                   pypi_0    pypi
[2023-03-06 05:24:51] PRINT [conda] numpy-base                1.23.5           py38h31eccc5_0    https://mirrors.ustc.edu.cn/anaconda/pkgs/main
[2023-03-06 05:24:51] PRINT [conda] torch                     1.10.0+cu113             pypi_0    pypi
[2023-03-06 05:24:51] PRINT [conda] torchvision               0.11.1+cu113             pypi_0    pypi
[2023-03-06 05:24:51] PRINT         Pillow (8.4.0)
[2023-03-06 05:24:51] PRINT [03/06 05:24:51 graph]: Command line arguments: Namespace(local_rank=0, resume=False, seed=1234, start_epoch=0)
[2023-03-06 05:24:51] PRINT Using degree as node features
[2023-03-06 05:24:51] PRINT ******** # Num Graphs: 188, # Num Feat: 5, # Num Classes: 2 ********
[2023-03-06 05:24:51] PRINT [03/06 05:24:51 graph]: Run 0th for seed 11
[2023-03-06 05:24:51] PRINT [03/06 05:24:51 graph]: Total trainable params num : 5108335
[2023-03-06 05:24:55] PRINT [03/06 05:24:55 graph]: ----------Start Training----------
[2023-03-06 05:24:56] PRINT [03/06 05:24:56 graph]: Epoch 0 | train_loss: 0.7702 | lr: 0.000072
[2023-03-06 05:24:56] PRINT [03/06 05:24:56 graph]: Epoch 1 | train_loss: 0.5090 | lr: 0.000072
[2023-03-06 05:24:56] PRINT [03/06 05:24:56 graph]: Epoch 2 | train_loss: 0.4597 | lr: 0.000072
[2023-03-06 05:24:59] PRINT [03/06 05:24:59 graph]: #Test_f1: 0.8240±0.0645
[2023-03-06 05:24:59] PRINT [03/06 05:24:59 graph]: Epoch 2: get test f1 score:  0.824
[2023-03-06 05:24:59] PRINT [03/06 05:24:59 graph]: best_f1 0.824 at epoch 2
[2023-03-06 05:24:59] PRINT [03/06 05:24:59 graph]: Epoch 3 | train_loss: 0.4240 | lr: 0.000072
[2023-03-06 05:25:02] PRINT [03/06 05:25:02 graph]: #Test_f1: 0.8351±0.0496
[2023-03-06 05:25:02] PRINT [03/06 05:25:02 graph]: Epoch 3: get test f1 score:  0.835
[2023-03-06 05:25:02] PRINT [03/06 05:25:02 graph]: best_f1 0.835 at epoch 3
[2023-03-06 05:25:03] PRINT [03/06 05:25:03 graph]: Epoch 4 | train_loss: 0.4033 | lr: 0.000072
[2023-03-06 05:25:06] PRINT [03/06 05:25:06 graph]: #Test_f1: 0.8298±0.0565
[2023-03-06 05:25:06] PRINT [03/06 05:25:06 graph]: Epoch 4: get test f1 score:  0.830
[2023-03-06 05:25:06] PRINT [03/06 05:25:06 graph]: best_f1 0.835 at epoch 3
[2023-03-06 05:25:06] PRINT [03/06 05:25:06 graph]: Epoch 5 | train_loss: 0.3845 | lr: 0.000072
[2023-03-06 05:25:09] PRINT [03/06 05:25:09 graph]: #Test_f1: 0.8295±0.0575
[2023-03-06 05:25:09] PRINT [03/06 05:25:09 graph]: Epoch 5: get test f1 score:  0.830
[2023-03-06 05:25:09] PRINT [03/06 05:25:09 graph]: best_f1 0.835 at epoch 3
[2023-03-06 05:25:09] PRINT [03/06 05:25:09 graph]: Epoch 6 | train_loss: 0.3687 | lr: 0.000072
[2023-03-06 05:25:12] PRINT [03/06 05:25:12 graph]: #Test_f1: 0.8398±0.0729
[2023-03-06 05:25:13] PRINT [03/06 05:25:13 graph]: Epoch 6: get test f1 score:  0.840
[2023-03-06 05:25:13] PRINT [03/06 05:25:13 graph]: best_f1 0.840 at epoch 6
[2023-03-06 05:25:13] PRINT [03/06 05:25:13 graph]: Epoch 7 | train_loss: 0.3554 | lr: 0.000072
[2023-03-06 05:25:16] PRINT [03/06 05:25:16 graph]: #Test_f1: 0.8453±0.0564
[2023-03-06 05:25:16] PRINT [03/06 05:25:16 graph]: Epoch 7: get test f1 score:  0.845
[2023-03-06 05:25:16] PRINT [03/06 05:25:16 graph]: best_f1 0.845 at epoch 7
[2023-03-06 05:25:17] PRINT [03/06 05:25:17 graph]: Epoch 8 | train_loss: 0.3547 | lr: 0.000072
[2023-03-06 05:25:19] PRINT [03/06 05:25:19 graph]: #Test_f1: 0.8401±0.0644
[2023-03-06 05:25:20] PRINT [03/06 05:25:20 graph]: Epoch 8: get test f1 score:  0.840
[2023-03-06 05:25:20] PRINT [03/06 05:25:20 graph]: best_f1 0.845 at epoch 7
[2023-03-06 05:25:20] PRINT [03/06 05:25:20 graph]: Epoch 9 | train_loss: 0.3430 | lr: 0.000072
[2023-03-06 05:25:23] PRINT [03/06 05:25:23 graph]: #Test_f1: 0.8348±0.0608
[2023-03-06 05:25:23] PRINT [03/06 05:25:23 graph]: Epoch 9: get test f1 score:  0.835
[2023-03-06 05:25:23] PRINT [03/06 05:25:23 graph]: best_f1 0.845 at epoch 7
[2023-03-06 05:25:23] PRINT [03/06 05:25:23 graph]: Epoch 10 | train_loss: 0.3316 | lr: 0.000072
[2023-03-06 05:25:26] PRINT [03/06 05:25:26 graph]: #Test_f1: 0.8512±0.0565
[2023-03-06 05:25:27] PRINT [03/06 05:25:27 graph]: Epoch 10: get test f1 score:  0.851
[2023-03-06 05:25:27] PRINT [03/06 05:25:27 graph]: best_f1 0.851 at epoch 10
[2023-03-06 05:25:27] PRINT [03/06 05:25:27 graph]: Epoch 11 | train_loss: 0.3241 | lr: 0.000072
[2023-03-06 05:25:30] PRINT [03/06 05:25:30 graph]: #Test_f1: 0.8406±0.0572
[2023-03-06 05:25:30] PRINT [03/06 05:25:30 graph]: Epoch 11: get test f1 score:  0.841
[2023-03-06 05:25:30] PRINT [03/06 05:25:30 graph]: best_f1 0.851 at epoch 10
[2023-03-06 05:25:30] PRINT [03/06 05:25:30 graph]: Epoch 12 | train_loss: 0.3189 | lr: 0.000072
[2023-03-06 05:25:33] PRINT [03/06 05:25:33 graph]: #Test_f1: 0.8406±0.0572
[2023-03-06 05:25:33] PRINT [03/06 05:25:33 graph]: Epoch 12: get test f1 score:  0.841
[2023-03-06 05:25:33] PRINT [03/06 05:25:33 graph]: best_f1 0.851 at epoch 10
[2023-03-06 05:25:34] PRINT [03/06 05:25:34 graph]: Epoch 13 | train_loss: 0.3171 | lr: 0.000072
[2023-03-06 05:25:37] PRINT [03/06 05:25:37 graph]: #Test_f1: 0.8564±0.0624
[2023-03-06 05:25:37] PRINT [03/06 05:25:37 graph]: Epoch 13: get test f1 score:  0.856
[2023-03-06 05:25:37] PRINT [03/06 05:25:37 graph]: best_f1 0.856 at epoch 13
[2023-03-06 05:25:37] PRINT [03/06 05:25:37 graph]: Epoch 14 | train_loss: 0.3075 | lr: 0.000072
[2023-03-06 05:25:40] PRINT [03/06 05:25:40 graph]: #Test_f1: 0.8459±0.0493
[2023-03-06 05:25:40] PRINT [03/06 05:25:40 graph]: Epoch 14: get test f1 score:  0.846
[2023-03-06 05:25:40] PRINT [03/06 05:25:40 graph]: best_f1 0.856 at epoch 13
[2023-03-06 05:25:41] PRINT [03/06 05:25:41 graph]: Epoch 15 | train_loss: 0.3168 | lr: 0.000072
[2023-03-06 05:25:43] PRINT [03/06 05:25:43 graph]: #Test_f1: 0.8564±0.0528
[2023-03-06 05:25:44] PRINT [03/06 05:25:44 graph]: Epoch 15: get test f1 score:  0.856
[2023-03-06 05:25:44] PRINT [03/06 05:25:44 graph]: best_f1 0.856 at epoch 15
[2023-03-06 05:25:44] PRINT [03/06 05:25:44 graph]: Epoch 16 | train_loss: 0.2977 | lr: 0.000072
[2023-03-06 05:25:47] PRINT [03/06 05:25:47 graph]: #Test_f1: 0.8246±0.0705
[2023-03-06 05:25:47] PRINT [03/06 05:25:47 graph]: Epoch 16: get test f1 score:  0.825
[2023-03-06 05:25:47] PRINT [03/06 05:25:47 graph]: best_f1 0.856 at epoch 15
[2023-03-06 05:25:47] PRINT [03/06 05:25:47 graph]: Epoch 17 | train_loss: 0.2841 | lr: 0.000072
[2023-03-06 05:25:50] PRINT [03/06 05:25:50 graph]: #Test_f1: 0.8354±0.0756
[2023-03-06 05:25:50] PRINT [03/06 05:25:50 graph]: Epoch 17: get test f1 score:  0.835
[2023-03-06 05:25:50] PRINT [03/06 05:25:50 graph]: best_f1 0.856 at epoch 15
[2023-03-06 05:25:51] PRINT [03/06 05:25:51 graph]: Epoch 18 | train_loss: 0.2933 | lr: 0.000072
[2023-03-06 05:25:54] PRINT [03/06 05:25:54 graph]: #Test_f1: 0.8401±0.0762
[2023-03-06 05:25:54] PRINT [03/06 05:25:54 graph]: Epoch 18: get test f1 score:  0.840
[2023-03-06 05:25:54] PRINT [03/06 05:25:54 graph]: best_f1 0.856 at epoch 15
[2023-03-06 05:25:54] PRINT [03/06 05:25:54 graph]: Epoch 19 | train_loss: 0.2936 | lr: 0.000072
[2023-03-06 05:25:57] PRINT [03/06 05:25:57 graph]: #Test_f1: 0.8406±0.0812
[2023-03-06 05:25:57] PRINT [03/06 05:25:57 graph]: Epoch 19: get test f1 score:  0.841
[2023-03-06 05:25:57] PRINT [03/06 05:25:57 graph]: best_f1 0.856 at epoch 15
[2023-03-06 05:25:58] PRINT [03/06 05:25:58 graph]: Epoch 20 | train_loss: 0.2941 | lr: 0.000072
[2023-03-06 05:26:00] PRINT [03/06 05:26:00 graph]: #Test_f1: 0.8456±0.0558
[2023-03-06 05:26:01] PRINT [03/06 05:26:01 graph]: Epoch 20: get test f1 score:  0.846
[2023-03-06 05:26:01] PRINT [03/06 05:26:01 graph]: best_f1 0.856 at epoch 15
[2023-03-06 05:26:01] PRINT [03/06 05:26:01 graph]: Epoch 21 | train_loss: 0.2737 | lr: 0.000072
[2023-03-06 05:26:04] PRINT [03/06 05:26:04 graph]: #Test_f1: 0.8515±0.0507
[2023-03-06 05:26:04] PRINT [03/06 05:26:04 graph]: Epoch 21: get test f1 score:  0.851
[2023-03-06 05:26:04] PRINT [03/06 05:26:04 graph]: best_f1 0.856 at epoch 15
[2023-03-06 05:26:05] PRINT [03/06 05:26:05 graph]: Epoch 22 | train_loss: 0.2860 | lr: 0.000072
[2023-03-06 05:26:07] PRINT [03/06 05:26:07 graph]: #Test_f1: 0.8409±0.0613
[2023-03-06 05:26:08] PRINT [03/06 05:26:08 graph]: Epoch 22: get test f1 score:  0.841
[2023-03-06 05:26:08] PRINT [03/06 05:26:08 graph]: best_f1 0.856 at epoch 15
[2023-03-06 05:26:08] PRINT [03/06 05:26:08 graph]: Epoch 23 | train_loss: 0.2785 | lr: 0.000072
[2023-03-06 05:26:11] PRINT [03/06 05:26:11 graph]: #Test_f1: 0.8462±0.0676
[2023-03-06 05:26:11] PRINT [03/06 05:26:11 graph]: Epoch 23: get test f1 score:  0.846
[2023-03-06 05:26:11] PRINT [03/06 05:26:11 graph]: best_f1 0.856 at epoch 15
[2023-03-06 05:26:12] PRINT [03/06 05:26:12 graph]: Epoch 24 | train_loss: 0.2636 | lr: 0.000072
[2023-03-06 05:26:14] PRINT [03/06 05:26:14 graph]: #Test_f1: 0.8509±0.0666
[2023-03-06 05:26:15] PRINT [03/06 05:26:15 graph]: Epoch 24: get test f1 score:  0.851
[2023-03-06 05:26:15] PRINT [03/06 05:26:15 graph]: best_f1 0.856 at epoch 15
[2023-03-06 05:26:15] PRINT [03/06 05:26:15 graph]: Epoch 25 | train_loss: 0.2694 | lr: 0.000072
[2023-03-06 05:26:18] PRINT [03/06 05:26:18 graph]: #Test_f1: 0.8570±0.0740
[2023-03-06 05:26:18] PRINT [03/06 05:26:18 graph]: Epoch 25: get test f1 score:  0.857
[2023-03-06 05:26:18] PRINT [03/06 05:26:18 graph]: best_f1 0.857 at epoch 25
[2023-03-06 05:26:18] PRINT [03/06 05:26:18 graph]: Epoch 26 | train_loss: 0.2642 | lr: 0.000072
[2023-03-06 05:26:21] PRINT [03/06 05:26:21 graph]: #Test_f1: 0.8512±0.0656
[2023-03-06 05:26:22] PRINT [03/06 05:26:22 graph]: Epoch 26: get test f1 score:  0.851
[2023-03-06 05:26:22] PRINT [03/06 05:26:22 graph]: best_f1 0.857 at epoch 25
[2023-03-06 05:26:22] PRINT [03/06 05:26:22 graph]: Epoch 27 | train_loss: 0.2632 | lr: 0.000072
[2023-03-06 05:26:25] PRINT [03/06 05:26:25 graph]: #Test_f1: 0.8675±0.0671
[2023-03-06 05:26:25] PRINT [03/06 05:26:25 graph]: Epoch 27: get test f1 score:  0.868
[2023-03-06 05:26:25] PRINT [03/06 05:26:25 graph]: best_f1 0.868 at epoch 27
[2023-03-06 05:26:25] PRINT [03/06 05:26:25 graph]: Epoch 28 | train_loss: 0.2577 | lr: 0.000072
[2023-03-06 05:26:28] PRINT [03/06 05:26:28 graph]: #Test_f1: 0.8561±0.0713
[2023-03-06 05:26:28] PRINT [03/06 05:26:28 graph]: Epoch 28: get test f1 score:  0.856
[2023-03-06 05:26:28] PRINT [03/06 05:26:28 graph]: best_f1 0.868 at epoch 27
[2023-03-06 05:26:28] PRINT [03/06 05:26:28 graph]: Epoch 29 | train_loss: 0.2662 | lr: 0.000072
[2023-03-06 05:26:31] PRINT [03/06 05:26:31 graph]: #Test_f1: 0.8456±0.0767
[2023-03-06 05:26:32] PRINT [03/06 05:26:32 graph]: Epoch 29: get test f1 score:  0.846
[2023-03-06 05:26:32] PRINT [03/06 05:26:32 graph]: best_f1 0.868 at epoch 27
[2023-03-06 05:26:32] PRINT [03/06 05:26:32 graph]: Epoch 30 | train_loss: 0.2566 | lr: 0.000072
[2023-03-06 05:26:35] PRINT [03/06 05:26:35 graph]: #Test_f1: 0.8617±0.0632
[2023-03-06 05:26:35] PRINT [03/06 05:26:35 graph]: Epoch 30: get test f1 score:  0.862
[2023-03-06 05:26:35] PRINT [03/06 05:26:35 graph]: best_f1 0.868 at epoch 27
[2023-03-06 05:26:35] PRINT [03/06 05:26:35 graph]: Epoch 31 | train_loss: 0.2548 | lr: 0.000072
[2023-03-06 05:26:38] PRINT [03/06 05:26:38 graph]: #Test_f1: 0.8673±0.0712
[2023-03-06 05:26:38] PRINT [03/06 05:26:38 graph]: Epoch 31: get test f1 score:  0.867
[2023-03-06 05:26:38] PRINT [03/06 05:26:38 graph]: best_f1 0.868 at epoch 27
[2023-03-06 05:26:39] PRINT [03/06 05:26:39 graph]: Epoch 32 | train_loss: 0.2497 | lr: 0.000072
[2023-03-06 05:26:42] PRINT [03/06 05:26:42 graph]: #Test_f1: 0.8512±0.0735
[2023-03-06 05:26:42] PRINT [03/06 05:26:42 graph]: Epoch 32: get test f1 score:  0.851
[2023-03-06 05:26:42] PRINT [03/06 05:26:42 graph]: best_f1 0.868 at epoch 27
[2023-03-06 05:26:42] PRINT [03/06 05:26:42 graph]: Epoch 33 | train_loss: 0.2505 | lr: 0.000072
[2023-03-06 05:26:45] PRINT [03/06 05:26:45 graph]: #Test_f1: 0.8404±0.0578
[2023-03-06 05:26:45] PRINT [03/06 05:26:45 graph]: Epoch 33: get test f1 score:  0.840
[2023-03-06 05:26:45] PRINT [03/06 05:26:45 graph]: best_f1 0.868 at epoch 27
[2023-03-06 05:26:46] PRINT [03/06 05:26:46 graph]: Epoch 34 | train_loss: 0.2407 | lr: 0.000072
[2023-03-06 05:26:48] PRINT [03/06 05:26:48 graph]: #Test_f1: 0.8456±0.0686
[2023-03-06 05:26:49] PRINT [03/06 05:26:49 graph]: Epoch 34: get test f1 score:  0.846
[2023-03-06 05:26:49] PRINT [03/06 05:26:49 graph]: best_f1 0.868 at epoch 27
[2023-03-06 05:26:49] PRINT [03/06 05:26:49 graph]: Epoch 35 | train_loss: 0.2388 | lr: 0.000072
[2023-03-06 05:26:52] PRINT [03/06 05:26:52 graph]: #Test_f1: 0.8456±0.0645
[2023-03-06 05:26:52] PRINT [03/06 05:26:52 graph]: Epoch 35: get test f1 score:  0.846
[2023-03-06 05:26:52] PRINT [03/06 05:26:52 graph]: best_f1 0.868 at epoch 27
[2023-03-06 05:26:52] PRINT [03/06 05:26:52 graph]: Epoch 36 | train_loss: 0.2377 | lr: 0.000072
[2023-03-06 05:26:55] PRINT [03/06 05:26:55 graph]: #Test_f1: 0.8354±0.0756
[2023-03-06 05:26:55] PRINT [03/06 05:26:55 graph]: Epoch 36: get test f1 score:  0.835
[2023-03-06 05:26:55] PRINT [03/06 05:26:55 graph]: best_f1 0.868 at epoch 27
[2023-03-06 05:26:56] PRINT [03/06 05:26:56 graph]: Epoch 37 | train_loss: 0.2294 | lr: 0.000072
[2023-03-06 05:26:58] PRINT [03/06 05:26:58 graph]: #Test_f1: 0.8459±0.0640
[2023-03-06 05:26:59] PRINT [03/06 05:26:59 graph]: Epoch 37: get test f1 score:  0.846
[2023-03-06 05:26:59] PRINT [03/06 05:26:59 graph]: best_f1 0.868 at epoch 27
[2023-03-06 05:26:59] PRINT [03/06 05:26:59 graph]: Epoch 38 | train_loss: 0.2413 | lr: 0.000072
[2023-03-06 05:27:02] PRINT [03/06 05:27:02 graph]: #Test_f1: 0.8404±0.0745
[2023-03-06 05:27:02] PRINT [03/06 05:27:02 graph]: Epoch 38: get test f1 score:  0.840
[2023-03-06 05:27:02] PRINT [03/06 05:27:02 graph]: best_f1 0.868 at epoch 27
[2023-03-06 05:27:02] PRINT [03/06 05:27:02 graph]: Epoch 39 | train_loss: 0.2234 | lr: 0.000072
[2023-03-06 05:27:05] PRINT [03/06 05:27:05 graph]: #Test_f1: 0.8459±0.0758
[2023-03-06 05:27:06] PRINT [03/06 05:27:06 graph]: Epoch 39: get test f1 score:  0.846
[2023-03-06 05:27:06] PRINT [03/06 05:27:06 graph]: best_f1 0.868 at epoch 27
[2023-03-06 05:27:06] PRINT [03/06 05:27:06 graph]: Epoch 40 | train_loss: 0.2332 | lr: 0.000072
[2023-03-06 05:27:09] PRINT [03/06 05:27:09 graph]: #Test_f1: 0.8295±0.0815
[2023-03-06 05:27:09] PRINT [03/06 05:27:09 graph]: Epoch 40: get test f1 score:  0.830
[2023-03-06 05:27:09] PRINT [03/06 05:27:09 graph]: best_f1 0.868 at epoch 27
[2023-03-06 05:27:09] PRINT [03/06 05:27:09 graph]: Epoch 41 | train_loss: 0.2316 | lr: 0.000072
[2023-03-06 05:27:12] PRINT [03/06 05:27:12 graph]: #Test_f1: 0.8187±0.0691
[2023-03-06 05:27:12] PRINT [03/06 05:27:12 graph]: Epoch 41: get test f1 score:  0.819
[2023-03-06 05:27:12] PRINT [03/06 05:27:12 graph]: best_f1 0.868 at epoch 27
[2023-03-06 05:27:12] PRINT [03/06 05:27:12 graph]: Epoch 42 | train_loss: 0.2243 | lr: 0.000072
[2023-03-06 05:27:15] PRINT [03/06 05:27:15 graph]: #Test_f1: 0.8456±0.0767
[2023-03-06 05:27:16] PRINT [03/06 05:27:16 graph]: Epoch 42: get test f1 score:  0.846
[2023-03-06 05:27:16] PRINT [03/06 05:27:16 graph]: best_f1 0.868 at epoch 27
[2023-03-06 05:27:16] PRINT [03/06 05:27:16 graph]: Epoch 43 | train_loss: 0.2225 | lr: 0.000072
[2023-03-06 05:27:19] PRINT [03/06 05:27:19 graph]: #Test_f1: 0.8453±0.0696
[2023-03-06 05:27:19] PRINT [03/06 05:27:19 graph]: Epoch 43: get test f1 score:  0.845
[2023-03-06 05:27:19] PRINT [03/06 05:27:19 graph]: best_f1 0.868 at epoch 27
[2023-03-06 05:27:19] PRINT [03/06 05:27:19 graph]: Epoch 44 | train_loss: 0.2194 | lr: 0.000072
[2023-03-06 05:27:22] PRINT [03/06 05:27:22 graph]: #Test_f1: 0.8243±0.0751
[2023-03-06 05:27:23] PRINT [03/06 05:27:23 graph]: Epoch 44: get test f1 score:  0.824
[2023-03-06 05:27:23] PRINT [03/06 05:27:23 graph]: best_f1 0.868 at epoch 27
[2023-03-06 05:27:23] PRINT [03/06 05:27:23 graph]: Epoch 45 | train_loss: 0.2274 | lr: 0.000072
[2023-03-06 05:27:26] PRINT [03/06 05:27:26 graph]: #Test_f1: 0.8509±0.0571
[2023-03-06 05:27:26] PRINT [03/06 05:27:26 graph]: Epoch 45: get test f1 score:  0.851
[2023-03-06 05:27:26] PRINT [03/06 05:27:26 graph]: best_f1 0.868 at epoch 27
[2023-03-06 05:27:26] PRINT [03/06 05:27:26 graph]: Epoch 46 | train_loss: 0.2262 | lr: 0.000072
[2023-03-06 05:27:29] PRINT [03/06 05:27:29 graph]: #Test_f1: 0.8295±0.0575
[2023-03-06 05:27:29] PRINT [03/06 05:27:29 graph]: Epoch 46: get test f1 score:  0.830
[2023-03-06 05:27:29] PRINT [03/06 05:27:29 graph]: best_f1 0.868 at epoch 27
[2023-03-06 05:27:29] PRINT [03/06 05:27:29 graph]: Epoch 47 | train_loss: 0.2183 | lr: 0.000072
[2023-03-06 05:27:32] PRINT [03/06 05:27:32 graph]: #Test_f1: 0.8351±0.0684
[2023-03-06 05:27:32] PRINT [03/06 05:27:32 graph]: Epoch 47: get test f1 score:  0.835
[2023-03-06 05:27:32] PRINT [03/06 05:27:32 graph]: best_f1 0.868 at epoch 27
[2023-03-06 05:27:33] PRINT [03/06 05:27:33 graph]: Epoch 48 | train_loss: 0.2116 | lr: 0.000072
[2023-03-06 05:27:36] PRINT [03/06 05:27:36 graph]: #Test_f1: 0.8456±0.0606
[2023-03-06 05:27:36] PRINT [03/06 05:27:36 graph]: Epoch 48: get test f1 score:  0.846
[2023-03-06 05:27:36] PRINT [03/06 05:27:36 graph]: best_f1 0.868 at epoch 27
[2023-03-06 05:27:36] PRINT [03/06 05:27:36 graph]: Epoch 49 | train_loss: 0.2140 | lr: 0.000072
[2023-03-06 05:27:39] PRINT [03/06 05:27:39 graph]: #Test_f1: 0.8135±0.0730
[2023-03-06 05:27:39] PRINT [03/06 05:27:39 graph]: Epoch 49: get test f1 score:  0.813
[2023-03-06 05:27:39] PRINT [03/06 05:27:39 graph]: best_f1 0.868 at epoch 27
[2023-03-06 05:27:39] PRINT [03/06 05:27:39 graph]: # final_acc: 0.8675±0.0000
