[2023-04-07 17:05:00] PRINT ---new cfg------
[2023-04-07 17:05:00] PRINT {'DATA': {'data_name': 'REDDIT-BINARY', 'deg4feat': False}, 'DATALOADER': {'NUM_WORKERS': 0, 'BATCH_SIZE': 32}, 'MODEL': {'num_hidden': 512, 'num_layers': 2, 'nhead': 8, 'activation': 'prelu', 'attn_drop': 0.30000000000000004, 'feat_drop': 0.2, 'norm': 'batchnorm', 'pooler': 'mean', 'beta_schedule': 'quad', 'beta_1': 0.0005750963814383043, 'beta_T': 0.04169671876185128, 'T': 632}, 'SOLVER': {'optim_type': 'adamw', 'optim_type_f': 'adamw', 'alpha': 1, 'decay': 40, 'LR': 0.0003836927018721636, 'weight_decay': 0.0005, 'MAX_EPOCH': 50}, 'DEVICE': 'cuda', 'seeds': [11], 'eval_T': [50, 100, 200], 'output_dir': '/ddm-nni/REDDIT-B/log', 'checkpoint_dir': '/ddm-nni/REDDIT-B/log/checkpoint'}
[2023-04-07 17:05:00] PRINT [04/07 17:05:00 graph]: Rank of current process: 0. World size: 1
[2023-04-07 17:05:04] PRINT [04/07 17:05:04 graph]: Environment info:
[2023-04-07 17:05:04] PRINT PyTorch version: 1.10.0+cu113
[2023-04-07 17:05:04] PRINT Is debug build: False
[2023-04-07 17:05:04] PRINT CUDA used to build PyTorch: 11.3
[2023-04-07 17:05:04] PRINT ROCM used to build PyTorch: N/A
[2023-04-07 17:05:04] PRINT 
[2023-04-07 17:05:04] PRINT OS: Ubuntu 20.04.3 LTS (x86_64)
[2023-04-07 17:05:04] PRINT GCC version: (Ubuntu 9.3.0-17ubuntu1~20.04) 9.3.0
[2023-04-07 17:05:04] PRINT Clang version: Could not collect
[2023-04-07 17:05:04] PRINT CMake version: version 3.16.3
[2023-04-07 17:05:04] PRINT Libc version: glibc-2.31
[2023-04-07 17:05:04] PRINT 
[2023-04-07 17:05:04] PRINT Python version: 3.8.10 (default, Jun  4 2021, 15:09:15)  [GCC 7.5.0] (64-bit runtime)
[2023-04-07 17:05:04] PRINT Python platform: Linux-5.4.0-90-generic-x86_64-with-glibc2.17
[2023-04-07 17:05:04] PRINT Is CUDA available: True
[2023-04-07 17:05:04] PRINT CUDA runtime version: 11.3.109
[2023-04-07 17:05:04] PRINT GPU models and configuration: GPU 0: NVIDIA GeForce RTX 3090
[2023-04-07 17:05:04] PRINT Nvidia driver version: 495.44
[2023-04-07 17:05:04] PRINT cuDNN version: Probably one of the following:
[2023-04-07 17:05:04] PRINT /usr/lib/x86_64-linux-gnu/libcudnn.so.8.2.0
[2023-04-07 17:05:04] PRINT /usr/lib/x86_64-linux-gnu/libcudnn_adv_infer.so.8.2.0
[2023-04-07 17:05:04] PRINT /usr/lib/x86_64-linux-gnu/libcudnn_adv_train.so.8.2.0
[2023-04-07 17:05:04] PRINT /usr/lib/x86_64-linux-gnu/libcudnn_cnn_infer.so.8.2.0
[2023-04-07 17:05:04] PRINT /usr/lib/x86_64-linux-gnu/libcudnn_cnn_train.so.8.2.0
[2023-04-07 17:05:04] PRINT /usr/lib/x86_64-linux-gnu/libcudnn_ops_infer.so.8.2.0
[2023-04-07 17:05:04] PRINT /usr/lib/x86_64-linux-gnu/libcudnn_ops_train.so.8.2.0
[2023-04-07 17:05:04] PRINT HIP runtime version: N/A
[2023-04-07 17:05:04] PRINT MIOpen runtime version: N/A
[2023-04-07 17:05:04] PRINT 
[2023-04-07 17:05:04] PRINT Versions of relevant libraries:
[2023-04-07 17:05:04] PRINT [pip3] numpy==1.23.5
[2023-04-07 17:05:04] PRINT [pip3] torch==1.10.0+cu113
[2023-04-07 17:05:04] PRINT [pip3] torchvision==0.11.1+cu113
[2023-04-07 17:05:04] PRINT [conda] blas                      1.0                         mkl    https://mirrors.ustc.edu.cn/anaconda/pkgs/main
[2023-04-07 17:05:04] PRINT [conda] mkl                       2021.4.0           h06a4308_640    https://mirrors.ustc.edu.cn/anaconda/pkgs/main
[2023-04-07 17:05:04] PRINT [conda] mkl-service               2.4.0            py38h7f8727e_0    https://mirrors.ustc.edu.cn/anaconda/pkgs/main
[2023-04-07 17:05:04] PRINT [conda] mkl_fft                   1.3.1            py38hd3c417c_0    https://mirrors.ustc.edu.cn/anaconda/pkgs/main
[2023-04-07 17:05:04] PRINT [conda] mkl_random                1.2.2            py38h51133e4_0    https://mirrors.ustc.edu.cn/anaconda/pkgs/main
[2023-04-07 17:05:04] PRINT [conda] numpy                     1.21.4                   pypi_0    pypi
[2023-04-07 17:05:04] PRINT [conda] numpy-base                1.23.5           py38h31eccc5_0    https://mirrors.ustc.edu.cn/anaconda/pkgs/main
[2023-04-07 17:05:04] PRINT [conda] torch                     1.10.0+cu113             pypi_0    pypi
[2023-04-07 17:05:04] PRINT [conda] torchvision               0.11.1+cu113             pypi_0    pypi
[2023-04-07 17:05:04] PRINT         Pillow (8.4.0)
[2023-04-07 17:05:04] PRINT [04/07 17:05:04 graph]: Command line arguments: Namespace(local_rank=0, resume=False, seed=1234, start_epoch=0)
[2023-04-07 17:05:04] PRINT Using degree as node features
[2023-04-07 17:05:10] PRINT ******** # Num Graphs: 2000, # Num Feat: 401, # Num Classes: 2 ********
[2023-04-07 17:05:10] PRINT [04/07 17:05:10 graph]: Run 0th for seed 11
[2023-04-07 17:05:10] PRINT [04/07 17:05:10 graph]: Total trainable params num : 6157775
[2023-04-07 17:05:14] PRINT [04/07 17:05:14 graph]: ----------Start Training----------
[2023-04-07 17:05:19] PRINT [04/07 17:05:19 graph]: Epoch 0 | train_loss: 0.3263 | lr: 0.000384
[2023-04-07 17:05:22] PRINT [04/07 17:05:22 graph]: Epoch 1 | train_loss: 0.1617 | lr: 0.000384
[2023-04-07 17:05:25] PRINT [04/07 17:05:25 graph]: Epoch 2 | train_loss: 0.1366 | lr: 0.000384
[2023-04-07 17:06:23] PRINT [04/07 17:06:23 graph]: #Test_f1: 0.8305±0.0314
[2023-04-07 17:06:23] PRINT [04/07 17:06:23 graph]: Epoch 2: get test f1 score:  0.831
[2023-04-07 17:06:23] PRINT [04/07 17:06:23 graph]: best_f1 0.831 at epoch 2
[2023-04-07 17:06:27] PRINT [04/07 17:06:27 graph]: Epoch 3 | train_loss: 0.1276 | lr: 0.000384
[2023-04-07 17:07:22] PRINT [04/07 17:07:22 graph]: #Test_f1: 0.8420±0.0276
[2023-04-07 17:07:22] PRINT [04/07 17:07:22 graph]: Epoch 3: get test f1 score:  0.842
[2023-04-07 17:07:22] PRINT [04/07 17:07:22 graph]: best_f1 0.842 at epoch 3
[2023-04-07 17:07:26] PRINT [04/07 17:07:26 graph]: Epoch 4 | train_loss: 0.1193 | lr: 0.000384
[2023-04-07 17:08:21] PRINT [04/07 17:08:21 graph]: #Test_f1: 0.8410±0.0239
[2023-04-07 17:08:21] PRINT [04/07 17:08:21 graph]: Epoch 4: get test f1 score:  0.841
[2023-04-07 17:08:21] PRINT [04/07 17:08:21 graph]: best_f1 0.842 at epoch 3
[2023-04-07 17:08:25] PRINT [04/07 17:08:25 graph]: Epoch 5 | train_loss: 0.1136 | lr: 0.000384
[2023-04-07 17:09:18] PRINT [04/07 17:09:18 graph]: #Test_f1: 0.8530±0.0222
[2023-04-07 17:09:18] PRINT [04/07 17:09:18 graph]: Epoch 5: get test f1 score:  0.853
[2023-04-07 17:09:18] PRINT [04/07 17:09:18 graph]: best_f1 0.853 at epoch 5
[2023-04-07 17:09:22] PRINT [04/07 17:09:22 graph]: Epoch 6 | train_loss: 0.1101 | lr: 0.000384
[2023-04-07 17:10:16] PRINT [04/07 17:10:16 graph]: #Test_f1: 0.8505±0.0224
[2023-04-07 17:10:16] PRINT [04/07 17:10:16 graph]: Epoch 6: get test f1 score:  0.850
[2023-04-07 17:10:16] PRINT [04/07 17:10:16 graph]: best_f1 0.853 at epoch 5
[2023-04-07 17:10:20] PRINT [04/07 17:10:20 graph]: Epoch 7 | train_loss: 0.1029 | lr: 0.000384
[2023-04-07 17:11:13] PRINT [04/07 17:11:13 graph]: #Test_f1: 0.8500±0.0265
[2023-04-07 17:11:14] PRINT [04/07 17:11:14 graph]: Epoch 7: get test f1 score:  0.850
[2023-04-07 17:11:14] PRINT [04/07 17:11:14 graph]: best_f1 0.853 at epoch 5
[2023-04-07 17:11:17] PRINT [04/07 17:11:17 graph]: Epoch 8 | train_loss: 0.0998 | lr: 0.000384
[2023-04-07 17:12:12] PRINT [04/07 17:12:12 graph]: #Test_f1: 0.8540±0.0189
[2023-04-07 17:12:12] PRINT [04/07 17:12:12 graph]: Epoch 8: get test f1 score:  0.854
[2023-04-07 17:12:12] PRINT [04/07 17:12:12 graph]: best_f1 0.854 at epoch 8
[2023-04-07 17:12:16] PRINT [04/07 17:12:16 graph]: Epoch 9 | train_loss: 0.0961 | lr: 0.000384
[2023-04-07 17:13:10] PRINT [04/07 17:13:10 graph]: #Test_f1: 0.8525±0.0203
[2023-04-07 17:13:10] PRINT [04/07 17:13:10 graph]: Epoch 9: get test f1 score:  0.853
[2023-04-07 17:13:10] PRINT [04/07 17:13:10 graph]: best_f1 0.854 at epoch 8
[2023-04-07 17:13:14] PRINT [04/07 17:13:14 graph]: Epoch 10 | train_loss: 0.0934 | lr: 0.000384
[2023-04-07 17:14:07] PRINT [04/07 17:14:07 graph]: #Test_f1: 0.8530±0.0201
[2023-04-07 17:14:08] PRINT [04/07 17:14:08 graph]: Epoch 10: get test f1 score:  0.853
[2023-04-07 17:14:08] PRINT [04/07 17:14:08 graph]: best_f1 0.854 at epoch 8
[2023-04-07 17:14:11] PRINT [04/07 17:14:11 graph]: Epoch 11 | train_loss: 0.0898 | lr: 0.000384
[2023-04-07 17:15:05] PRINT [04/07 17:15:05 graph]: #Test_f1: 0.8560±0.0237
[2023-04-07 17:15:05] PRINT [04/07 17:15:05 graph]: Epoch 11: get test f1 score:  0.856
[2023-04-07 17:15:05] PRINT [04/07 17:15:05 graph]: best_f1 0.856 at epoch 11
[2023-04-07 17:15:09] PRINT [04/07 17:15:09 graph]: Epoch 12 | train_loss: 0.0865 | lr: 0.000384
[2023-04-07 17:16:07] PRINT [04/07 17:16:07 graph]: #Test_f1: 0.8615±0.0242
[2023-04-07 17:16:07] PRINT [04/07 17:16:07 graph]: Epoch 12: get test f1 score:  0.862
[2023-04-07 17:16:07] PRINT [04/07 17:16:07 graph]: best_f1 0.862 at epoch 12
[2023-04-07 17:16:11] PRINT [04/07 17:16:11 graph]: Epoch 13 | train_loss: 0.0806 | lr: 0.000384
[2023-04-07 17:17:08] PRINT [04/07 17:17:08 graph]: #Test_f1: 0.8610±0.0239
[2023-04-07 17:17:09] PRINT [04/07 17:17:09 graph]: Epoch 13: get test f1 score:  0.861
[2023-04-07 17:17:09] PRINT [04/07 17:17:09 graph]: best_f1 0.862 at epoch 12
[2023-04-07 17:17:12] PRINT [04/07 17:17:12 graph]: Epoch 14 | train_loss: 0.0694 | lr: 0.000384
[2023-04-07 17:18:11] PRINT [04/07 17:18:11 graph]: #Test_f1: 0.8650±0.0259
[2023-04-07 17:18:12] PRINT [04/07 17:18:12 graph]: Epoch 14: get test f1 score:  0.865
[2023-04-07 17:18:12] PRINT [04/07 17:18:12 graph]: best_f1 0.865 at epoch 14
[2023-04-07 17:18:16] PRINT [04/07 17:18:16 graph]: Epoch 15 | train_loss: 0.0697 | lr: 0.000384
[2023-04-07 17:19:12] PRINT [04/07 17:19:12 graph]: #Test_f1: 0.8630±0.0234
[2023-04-07 17:19:12] PRINT [04/07 17:19:12 graph]: Epoch 15: get test f1 score:  0.863
[2023-04-07 17:19:12] PRINT [04/07 17:19:12 graph]: best_f1 0.865 at epoch 14
[2023-04-07 17:19:16] PRINT [04/07 17:19:16 graph]: Epoch 16 | train_loss: 0.0598 | lr: 0.000384
[2023-04-07 17:20:10] PRINT [04/07 17:20:10 graph]: #Test_f1: 0.8685±0.0248
[2023-04-07 17:20:11] PRINT [04/07 17:20:11 graph]: Epoch 16: get test f1 score:  0.868
[2023-04-07 17:20:11] PRINT [04/07 17:20:11 graph]: best_f1 0.868 at epoch 16
[2023-04-07 17:20:15] PRINT [04/07 17:20:15 graph]: Epoch 17 | train_loss: 0.0570 | lr: 0.000384
[2023-04-07 17:21:12] PRINT [04/07 17:21:12 graph]: #Test_f1: 0.8635±0.0261
[2023-04-07 17:21:13] PRINT [04/07 17:21:13 graph]: Epoch 17: get test f1 score:  0.863
[2023-04-07 17:21:13] PRINT [04/07 17:21:13 graph]: best_f1 0.868 at epoch 16
[2023-04-07 17:21:17] PRINT [04/07 17:21:17 graph]: Epoch 18 | train_loss: 0.0530 | lr: 0.000384
[2023-04-07 17:22:13] PRINT [04/07 17:22:13 graph]: #Test_f1: 0.8610±0.0271
[2023-04-07 17:22:14] PRINT [04/07 17:22:14 graph]: Epoch 18: get test f1 score:  0.861
[2023-04-07 17:22:14] PRINT [04/07 17:22:14 graph]: best_f1 0.868 at epoch 16
[2023-04-07 17:22:18] PRINT [04/07 17:22:18 graph]: Epoch 19 | train_loss: 0.0499 | lr: 0.000384
[2023-04-07 17:23:15] PRINT [04/07 17:23:15 graph]: #Test_f1: 0.8650±0.0194
[2023-04-07 17:23:16] PRINT [04/07 17:23:16 graph]: Epoch 19: get test f1 score:  0.865
[2023-04-07 17:23:16] PRINT [04/07 17:23:16 graph]: best_f1 0.868 at epoch 16
[2023-04-07 17:23:20] PRINT [04/07 17:23:20 graph]: Epoch 20 | train_loss: 0.0643 | lr: 0.000384
[2023-04-07 17:24:15] PRINT [04/07 17:24:15 graph]: #Test_f1: 0.8685±0.0200
[2023-04-07 17:24:16] PRINT [04/07 17:24:16 graph]: Epoch 20: get test f1 score:  0.869
[2023-04-07 17:24:16] PRINT [04/07 17:24:16 graph]: best_f1 0.869 at epoch 20
[2023-04-07 17:24:20] PRINT [04/07 17:24:20 graph]: Epoch 21 | train_loss: 0.0549 | lr: 0.000384
[2023-04-07 17:25:15] PRINT [04/07 17:25:15 graph]: #Test_f1: 0.8595±0.0213
[2023-04-07 17:25:15] PRINT [04/07 17:25:15 graph]: Epoch 21: get test f1 score:  0.859
[2023-04-07 17:25:15] PRINT [04/07 17:25:15 graph]: best_f1 0.869 at epoch 20
[2023-04-07 17:25:19] PRINT [04/07 17:25:19 graph]: Epoch 22 | train_loss: 0.0529 | lr: 0.000384
[2023-04-07 17:26:13] PRINT [04/07 17:26:13 graph]: #Test_f1: 0.8625±0.0248
[2023-04-07 17:26:13] PRINT [04/07 17:26:13 graph]: Epoch 22: get test f1 score:  0.862
[2023-04-07 17:26:13] PRINT [04/07 17:26:13 graph]: best_f1 0.869 at epoch 20
[2023-04-07 17:26:17] PRINT [04/07 17:26:17 graph]: Epoch 23 | train_loss: 0.0627 | lr: 0.000384
[2023-04-07 17:27:11] PRINT [04/07 17:27:11 graph]: #Test_f1: 0.8710±0.0212
[2023-04-07 17:27:12] PRINT [04/07 17:27:12 graph]: Epoch 23: get test f1 score:  0.871
[2023-04-07 17:27:12] PRINT [04/07 17:27:12 graph]: best_f1 0.871 at epoch 23
[2023-04-07 17:27:15] PRINT [04/07 17:27:15 graph]: Epoch 24 | train_loss: 0.0484 | lr: 0.000384
[2023-04-07 17:28:09] PRINT [04/07 17:28:09 graph]: #Test_f1: 0.8680±0.0214
[2023-04-07 17:28:09] PRINT [04/07 17:28:09 graph]: Epoch 24: get test f1 score:  0.868
[2023-04-07 17:28:09] PRINT [04/07 17:28:09 graph]: best_f1 0.871 at epoch 23
[2023-04-07 17:28:13] PRINT [04/07 17:28:13 graph]: Epoch 25 | train_loss: 0.0413 | lr: 0.000384
[2023-04-07 17:29:06] PRINT [04/07 17:29:06 graph]: #Test_f1: 0.8680±0.0185
[2023-04-07 17:29:07] PRINT [04/07 17:29:07 graph]: Epoch 25: get test f1 score:  0.868
[2023-04-07 17:29:07] PRINT [04/07 17:29:07 graph]: best_f1 0.871 at epoch 23
[2023-04-07 17:29:10] PRINT [04/07 17:29:10 graph]: Epoch 26 | train_loss: 0.0389 | lr: 0.000384
[2023-04-07 17:30:03] PRINT [04/07 17:30:03 graph]: #Test_f1: 0.8665±0.0217
[2023-04-07 17:30:03] PRINT [04/07 17:30:03 graph]: Epoch 26: get test f1 score:  0.866
[2023-04-07 17:30:03] PRINT [04/07 17:30:03 graph]: best_f1 0.871 at epoch 23
[2023-04-07 17:30:07] PRINT [04/07 17:30:07 graph]: Epoch 27 | train_loss: 0.0364 | lr: 0.000384
[2023-04-07 17:31:00] PRINT [04/07 17:31:00 graph]: #Test_f1: 0.8710±0.0214
[2023-04-07 17:31:00] PRINT [04/07 17:31:00 graph]: Epoch 27: get test f1 score:  0.871
[2023-04-07 17:31:00] PRINT [04/07 17:31:00 graph]: best_f1 0.871 at epoch 27
[2023-04-07 17:31:04] PRINT [04/07 17:31:04 graph]: Epoch 28 | train_loss: 0.0498 | lr: 0.000384
[2023-04-07 17:31:57] PRINT [04/07 17:31:57 graph]: #Test_f1: 0.8610±0.0203
[2023-04-07 17:31:57] PRINT [04/07 17:31:57 graph]: Epoch 28: get test f1 score:  0.861
[2023-04-07 17:31:57] PRINT [04/07 17:31:57 graph]: best_f1 0.871 at epoch 27
[2023-04-07 17:32:01] PRINT [04/07 17:32:01 graph]: Epoch 29 | train_loss: 0.0556 | lr: 0.000384
[2023-04-07 17:32:55] PRINT [04/07 17:32:55 graph]: #Test_f1: 0.8605±0.0199
[2023-04-07 17:32:56] PRINT [04/07 17:32:56 graph]: Epoch 29: get test f1 score:  0.860
[2023-04-07 17:32:56] PRINT [04/07 17:32:56 graph]: best_f1 0.871 at epoch 27
[2023-04-07 17:32:59] PRINT [04/07 17:32:59 graph]: Epoch 30 | train_loss: 0.0428 | lr: 0.000384
[2023-04-07 17:33:54] PRINT [04/07 17:33:54 graph]: #Test_f1: 0.8660±0.0219
[2023-04-07 17:33:54] PRINT [04/07 17:33:54 graph]: Epoch 30: get test f1 score:  0.866
[2023-04-07 17:33:54] PRINT [04/07 17:33:54 graph]: best_f1 0.871 at epoch 27
[2023-04-07 17:33:57] PRINT [04/07 17:33:57 graph]: Epoch 31 | train_loss: 0.0419 | lr: 0.000384
[2023-04-07 17:34:52] PRINT [04/07 17:34:52 graph]: #Test_f1: 0.8625±0.0221
[2023-04-07 17:34:52] PRINT [04/07 17:34:52 graph]: Epoch 31: get test f1 score:  0.863
[2023-04-07 17:34:52] PRINT [04/07 17:34:52 graph]: best_f1 0.871 at epoch 27
[2023-04-07 17:34:56] PRINT [04/07 17:34:56 graph]: Epoch 32 | train_loss: 0.0427 | lr: 0.000384
[2023-04-07 17:35:51] PRINT [04/07 17:35:51 graph]: #Test_f1: 0.8670±0.0176
[2023-04-07 17:35:51] PRINT [04/07 17:35:51 graph]: Epoch 32: get test f1 score:  0.867
[2023-04-07 17:35:51] PRINT [04/07 17:35:51 graph]: best_f1 0.871 at epoch 27
[2023-04-07 17:35:54] PRINT [04/07 17:35:54 graph]: Epoch 33 | train_loss: 0.0371 | lr: 0.000384
[2023-04-07 17:36:49] PRINT [04/07 17:36:49 graph]: #Test_f1: 0.8665±0.0196
[2023-04-07 17:36:49] PRINT [04/07 17:36:49 graph]: Epoch 33: get test f1 score:  0.866
[2023-04-07 17:36:49] PRINT [04/07 17:36:49 graph]: best_f1 0.871 at epoch 27
[2023-04-07 17:36:52] PRINT [04/07 17:36:52 graph]: Epoch 34 | train_loss: 0.0365 | lr: 0.000384
[2023-04-07 17:37:46] PRINT [04/07 17:37:46 graph]: #Test_f1: 0.8690±0.0200
[2023-04-07 17:37:46] PRINT [04/07 17:37:46 graph]: Epoch 34: get test f1 score:  0.869
[2023-04-07 17:37:46] PRINT [04/07 17:37:46 graph]: best_f1 0.871 at epoch 27
[2023-04-07 17:37:49] PRINT [04/07 17:37:49 graph]: Epoch 35 | train_loss: 0.0348 | lr: 0.000384
[2023-04-07 17:38:43] PRINT [04/07 17:38:43 graph]: #Test_f1: 0.8710±0.0208
[2023-04-07 17:38:44] PRINT [04/07 17:38:44 graph]: Epoch 35: get test f1 score:  0.871
[2023-04-07 17:38:44] PRINT [04/07 17:38:44 graph]: best_f1 0.871 at epoch 27
[2023-04-07 17:38:47] PRINT [04/07 17:38:47 graph]: Epoch 36 | train_loss: 0.0338 | lr: 0.000384
[2023-04-07 17:39:42] PRINT [04/07 17:39:42 graph]: #Test_f1: 0.8690±0.0180
[2023-04-07 17:39:42] PRINT [04/07 17:39:42 graph]: Epoch 36: get test f1 score:  0.869
[2023-04-07 17:39:42] PRINT [04/07 17:39:42 graph]: best_f1 0.871 at epoch 27
[2023-04-07 17:39:46] PRINT [04/07 17:39:46 graph]: Epoch 37 | train_loss: 0.0391 | lr: 0.000384
[2023-04-07 17:40:39] PRINT [04/07 17:40:39 graph]: #Test_f1: 0.8700±0.0219
[2023-04-07 17:40:40] PRINT [04/07 17:40:40 graph]: Epoch 37: get test f1 score:  0.870
[2023-04-07 17:40:40] PRINT [04/07 17:40:40 graph]: best_f1 0.871 at epoch 27
[2023-04-07 17:40:43] PRINT [04/07 17:40:43 graph]: Epoch 38 | train_loss: 0.0368 | lr: 0.000384
[2023-04-07 17:41:36] PRINT [04/07 17:41:36 graph]: #Test_f1: 0.8685±0.0196
[2023-04-07 17:41:36] PRINT [04/07 17:41:36 graph]: Epoch 38: get test f1 score:  0.869
[2023-04-07 17:41:36] PRINT [04/07 17:41:36 graph]: best_f1 0.871 at epoch 27
[2023-04-07 17:41:40] PRINT [04/07 17:41:40 graph]: Epoch 39 | train_loss: 0.0382 | lr: 0.000384
[2023-04-07 17:42:33] PRINT [04/07 17:42:33 graph]: #Test_f1: 0.8720±0.0183
[2023-04-07 17:42:33] PRINT [04/07 17:42:33 graph]: Epoch 39: get test f1 score:  0.872
[2023-04-07 17:42:33] PRINT [04/07 17:42:33 graph]: best_f1 0.872 at epoch 39
[2023-04-07 17:42:37] PRINT [04/07 17:42:37 graph]: Epoch 40 | train_loss: 0.0338 | lr: 0.000384
[2023-04-07 17:43:30] PRINT [04/07 17:43:30 graph]: #Test_f1: 0.8745±0.0205
[2023-04-07 17:43:30] PRINT [04/07 17:43:30 graph]: Epoch 40: get test f1 score:  0.875
[2023-04-07 17:43:30] PRINT [04/07 17:43:30 graph]: best_f1 0.875 at epoch 40
[2023-04-07 17:43:34] PRINT [04/07 17:43:34 graph]: Epoch 41 | train_loss: 0.0320 | lr: 0.000384
[2023-04-07 17:44:27] PRINT [04/07 17:44:27 graph]: #Test_f1: 0.8750±0.0241
[2023-04-07 17:44:27] PRINT [04/07 17:44:27 graph]: Epoch 41: get test f1 score:  0.875
[2023-04-07 17:44:27] PRINT [04/07 17:44:27 graph]: best_f1 0.875 at epoch 41
[2023-04-07 17:44:31] PRINT [04/07 17:44:31 graph]: Epoch 42 | train_loss: 0.0315 | lr: 0.000384
[2023-04-07 17:45:24] PRINT [04/07 17:45:24 graph]: #Test_f1: 0.8700±0.0194
[2023-04-07 17:45:24] PRINT [04/07 17:45:24 graph]: Epoch 42: get test f1 score:  0.870
[2023-04-07 17:45:24] PRINT [04/07 17:45:24 graph]: best_f1 0.875 at epoch 41
[2023-04-07 17:45:28] PRINT [04/07 17:45:28 graph]: Epoch 43 | train_loss: 0.0310 | lr: 0.000384
[2023-04-07 17:46:21] PRINT [04/07 17:46:21 graph]: #Test_f1: 0.8740±0.0150
[2023-04-07 17:46:22] PRINT [04/07 17:46:22 graph]: Epoch 43: get test f1 score:  0.874
[2023-04-07 17:46:22] PRINT [04/07 17:46:22 graph]: best_f1 0.875 at epoch 41
[2023-04-07 17:46:25] PRINT [04/07 17:46:25 graph]: Epoch 44 | train_loss: 0.0310 | lr: 0.000384
[2023-04-07 17:47:19] PRINT [04/07 17:47:19 graph]: #Test_f1: 0.8715±0.0155
[2023-04-07 17:47:19] PRINT [04/07 17:47:19 graph]: Epoch 44: get test f1 score:  0.871
[2023-04-07 17:47:19] PRINT [04/07 17:47:19 graph]: best_f1 0.875 at epoch 41
[2023-04-07 17:47:22] PRINT [04/07 17:47:22 graph]: Epoch 45 | train_loss: 0.0303 | lr: 0.000384
[2023-04-07 17:48:15] PRINT [04/07 17:48:15 graph]: #Test_f1: 0.8720±0.0183
[2023-04-07 17:48:16] PRINT [04/07 17:48:16 graph]: Epoch 45: get test f1 score:  0.872
[2023-04-07 17:48:16] PRINT [04/07 17:48:16 graph]: best_f1 0.875 at epoch 41
[2023-04-07 17:48:19] PRINT [04/07 17:48:19 graph]: Epoch 46 | train_loss: 0.0300 | lr: 0.000384
[2023-04-07 17:49:12] PRINT [04/07 17:49:12 graph]: #Test_f1: 0.8685±0.0123
[2023-04-07 17:49:12] PRINT [04/07 17:49:12 graph]: Epoch 46: get test f1 score:  0.869
[2023-04-07 17:49:12] PRINT [04/07 17:49:12 graph]: best_f1 0.875 at epoch 41
[2023-04-07 17:49:16] PRINT [04/07 17:49:16 graph]: Epoch 47 | train_loss: 0.0291 | lr: 0.000384
[2023-04-07 17:50:09] PRINT [04/07 17:50:09 graph]: #Test_f1: 0.8735±0.0187
[2023-04-07 17:50:09] PRINT [04/07 17:50:09 graph]: Epoch 47: get test f1 score:  0.873
[2023-04-07 17:50:09] PRINT [04/07 17:50:09 graph]: best_f1 0.875 at epoch 41
[2023-04-07 17:50:12] PRINT [04/07 17:50:12 graph]: Epoch 48 | train_loss: 0.0293 | lr: 0.000384
[2023-04-07 17:51:05] PRINT [04/07 17:51:05 graph]: #Test_f1: 0.8775±0.0176
[2023-04-07 17:51:05] PRINT [04/07 17:51:05 graph]: Epoch 48: get test f1 score:  0.877
[2023-04-07 17:51:05] PRINT [04/07 17:51:05 graph]: best_f1 0.877 at epoch 48
[2023-04-07 17:51:09] PRINT [04/07 17:51:09 graph]: Epoch 49 | train_loss: 0.0325 | lr: 0.000384
[2023-04-07 17:52:02] PRINT [04/07 17:52:02 graph]: #Test_f1: 0.8725±0.0204
[2023-04-07 17:52:03] PRINT [04/07 17:52:03 graph]: Epoch 49: get test f1 score:  0.872
[2023-04-07 17:52:03] PRINT [04/07 17:52:03 graph]: best_f1 0.877 at epoch 48
[2023-04-07 17:52:03] PRINT [04/07 17:52:03 graph]: # final_acc: 0.8775±0.0000
