[2023-03-21 16:32:55] PRINT ---new cfg------
[2023-03-21 16:32:55] PRINT {'DATA': {'data_name': 'pubmed'}, 'DATALOADER': {'NUM_WORKERS': 0}, 'MODEL': {'num_hidden': 1024, 'num_layers': 2, 'nhead': 4, 'activation': 'prelu', 'attn_drop': 0.30000000000000004, 'feat_drop': 0.1, 'norm': 'layernorm', 'pooler': 'mean', 'beta_schedule': 'const', 'beta_1': 0.0002900110121927038, 'beta_T': 0.09999287524496314, 'T': 594}, 'SOLVER': {'optim_type': 'adam', 'optim_type_f': 'adamw', 'alpha': 0, 'decay': 10, 'LR': 0.00048268300876265675, 'LR_f': 0.000317278962048723, 'weight_decay': 0, 'weight_decay_f': 8.499794091698877e-06, 'MAX_EPOCH': 100, 'max_epoch_f': 100}, 'DEVICE': 'cuda', 'seeds': [0], 'eval_T': [50, 100, 200], 'output_dir': '/ddm-nni/PubMed/log', 'checkpoint_dir': '/ddm-nni/PubMed/log/checkpoint'}
[2023-03-21 16:32:55] PRINT [03/21 16:32:55 graph]: Rank of current process: 0. World size: 1
[2023-03-21 16:32:58] PRINT [03/21 16:32:58 graph]: Environment info:
[2023-03-21 16:32:58] PRINT PyTorch version: 1.10.0+cu113
[2023-03-21 16:32:58] PRINT Is debug build: False
[2023-03-21 16:32:58] PRINT CUDA used to build PyTorch: 11.3
[2023-03-21 16:32:58] PRINT ROCM used to build PyTorch: N/A
[2023-03-21 16:32:58] PRINT 
[2023-03-21 16:32:58] PRINT OS: Ubuntu 20.04.3 LTS (x86_64)
[2023-03-21 16:32:58] PRINT GCC version: (Ubuntu 9.3.0-17ubuntu1~20.04) 9.3.0
[2023-03-21 16:32:58] PRINT Clang version: Could not collect
[2023-03-21 16:32:58] PRINT CMake version: version 3.16.3
[2023-03-21 16:32:58] PRINT Libc version: glibc-2.31
[2023-03-21 16:32:58] PRINT 
[2023-03-21 16:32:58] PRINT Python version: 3.8.10 (default, Jun  4 2021, 15:09:15)  [GCC 7.5.0] (64-bit runtime)
[2023-03-21 16:32:58] PRINT Python platform: Linux-5.4.0-90-generic-x86_64-with-glibc2.17
[2023-03-21 16:32:58] PRINT Is CUDA available: True
[2023-03-21 16:32:58] PRINT CUDA runtime version: 11.3.109
[2023-03-21 16:32:58] PRINT GPU models and configuration: GPU 0: NVIDIA GeForce RTX 3090
[2023-03-21 16:32:58] PRINT Nvidia driver version: 495.44
[2023-03-21 16:32:58] PRINT cuDNN version: Probably one of the following:
[2023-03-21 16:32:58] PRINT /usr/lib/x86_64-linux-gnu/libcudnn.so.8.2.0
[2023-03-21 16:32:58] PRINT /usr/lib/x86_64-linux-gnu/libcudnn_adv_infer.so.8.2.0
[2023-03-21 16:32:58] PRINT /usr/lib/x86_64-linux-gnu/libcudnn_adv_train.so.8.2.0
[2023-03-21 16:32:58] PRINT /usr/lib/x86_64-linux-gnu/libcudnn_cnn_infer.so.8.2.0
[2023-03-21 16:32:58] PRINT /usr/lib/x86_64-linux-gnu/libcudnn_cnn_train.so.8.2.0
[2023-03-21 16:32:58] PRINT /usr/lib/x86_64-linux-gnu/libcudnn_ops_infer.so.8.2.0
[2023-03-21 16:32:58] PRINT /usr/lib/x86_64-linux-gnu/libcudnn_ops_train.so.8.2.0
[2023-03-21 16:32:58] PRINT HIP runtime version: N/A
[2023-03-21 16:32:58] PRINT MIOpen runtime version: N/A
[2023-03-21 16:32:58] PRINT 
[2023-03-21 16:32:58] PRINT Versions of relevant libraries:
[2023-03-21 16:32:58] PRINT [pip3] numpy==1.23.5
[2023-03-21 16:32:58] PRINT [pip3] torch==1.10.0+cu113
[2023-03-21 16:32:58] PRINT [pip3] torchvision==0.11.1+cu113
[2023-03-21 16:32:58] PRINT [conda] blas                      1.0                         mkl    https://mirrors.ustc.edu.cn/anaconda/pkgs/main
[2023-03-21 16:32:58] PRINT [conda] mkl                       2021.4.0           h06a4308_640    https://mirrors.ustc.edu.cn/anaconda/pkgs/main
[2023-03-21 16:32:58] PRINT [conda] mkl-service               2.4.0            py38h7f8727e_0    https://mirrors.ustc.edu.cn/anaconda/pkgs/main
[2023-03-21 16:32:58] PRINT [conda] mkl_fft                   1.3.1            py38hd3c417c_0    https://mirrors.ustc.edu.cn/anaconda/pkgs/main
[2023-03-21 16:32:58] PRINT [conda] mkl_random                1.2.2            py38h51133e4_0    https://mirrors.ustc.edu.cn/anaconda/pkgs/main
[2023-03-21 16:32:58] PRINT [conda] numpy                     1.21.4                   pypi_0    pypi
[2023-03-21 16:32:58] PRINT [conda] numpy-base                1.23.5           py38h31eccc5_0    https://mirrors.ustc.edu.cn/anaconda/pkgs/main
[2023-03-21 16:32:58] PRINT [conda] torch                     1.10.0+cu113             pypi_0    pypi
[2023-03-21 16:32:58] PRINT [conda] torchvision               0.11.1+cu113             pypi_0    pypi
[2023-03-21 16:32:58] PRINT         Pillow (8.4.0)
[2023-03-21 16:32:58] PRINT [03/21 16:32:58 graph]: Command line arguments: Namespace(local_rank=0, resume=False, seed=1234, start_epoch=0)
[2023-03-21 16:32:59] PRINT   NumNodes: 19717
[2023-03-21 16:32:59] PRINT   NumEdges: 88651
[2023-03-21 16:32:59] PRINT   NumFeats: 500
[2023-03-21 16:32:59] PRINT   NumClasses: 3
[2023-03-21 16:32:59] PRINT   NumTrainingSamples: 60
[2023-03-21 16:32:59] PRINT   NumValidationSamples: 500
[2023-03-21 16:32:59] PRINT   NumTestSamples: 1000
[2023-03-21 16:32:59] PRINT Done loading data from cached files.
[2023-03-21 16:32:59] PRINT [03/21 16:32:59 graph]: Run 0th for seed 0
[2023-03-21 16:32:59] PRINT [03/21 16:32:59 graph]: Total trainable params num : 21801326
[2023-03-21 16:33:03] PRINT [03/21 16:33:03 graph]: ----------Start Training----------
[2023-03-21 16:33:04] PRINT [03/21 16:33:04 graph]: start epoch 0.
[2023-03-21 16:33:04] PRINT [03/21 16:33:04 graph]: # Epoch 0: train_loss: 0.9971 | lr: 0.000483
[2023-03-21 16:33:04] PRINT [03/21 16:33:04 graph]: start epoch 1.
[2023-03-21 16:33:04] PRINT [03/21 16:33:04 graph]: # Epoch 1: train_loss: 0.8609 | lr: 0.000483
[2023-03-21 16:33:04] PRINT [03/21 16:33:04 graph]: start epoch 2.
[2023-03-21 16:33:04] PRINT [03/21 16:33:04 graph]: # Epoch 2: train_loss: 0.8029 | lr: 0.000483
[2023-03-21 16:33:04] PRINT [03/21 16:33:04 graph]: start epoch 3.
[2023-03-21 16:33:04] PRINT [03/21 16:33:04 graph]: # Epoch 3: train_loss: 0.7798 | lr: 0.000483
[2023-03-21 16:33:04] PRINT [03/21 16:33:04 graph]: start epoch 4.
[2023-03-21 16:33:04] PRINT [03/21 16:33:04 graph]: # Epoch 4: train_loss: 0.7669 | lr: 0.000483
[2023-03-21 16:33:04] PRINT [03/21 16:33:04 graph]: start epoch 5.
[2023-03-21 16:33:05] PRINT [03/21 16:33:05 graph]: # Epoch 5: train_loss: 0.7562 | lr: 0.000483
[2023-03-21 16:33:05] PRINT [03/21 16:33:05 graph]: start epoch 6.
[2023-03-21 16:33:05] PRINT [03/21 16:33:05 graph]: # Epoch 6: train_loss: 0.7316 | lr: 0.000483
[2023-03-21 16:33:05] PRINT [03/21 16:33:05 graph]: start epoch 7.
[2023-03-21 16:33:05] PRINT [03/21 16:33:05 graph]: # Epoch 7: train_loss: 0.9717 | lr: 0.000483
[2023-03-21 16:33:05] PRINT [03/21 16:33:05 graph]: start epoch 8.
[2023-03-21 16:33:05] PRINT [03/21 16:33:05 graph]: # Epoch 8: train_loss: 0.7894 | lr: 0.000483
[2023-03-21 16:33:05] PRINT [03/21 16:33:05 graph]: start epoch 9.
[2023-03-21 16:33:05] PRINT [03/21 16:33:05 graph]: # Epoch 9: train_loss: 0.7802 | lr: 0.000483
[2023-03-21 16:33:05] PRINT [03/21 16:33:05 graph]: start epoch 10.
[2023-03-21 16:33:05] PRINT [03/21 16:33:05 graph]: # Epoch 10: train_loss: 0.7722 | lr: 0.000000
[2023-03-21 16:33:05] PRINT [03/21 16:33:05 graph]: start epoch 11.
[2023-03-21 16:33:05] PRINT [03/21 16:33:05 graph]: # Epoch 11: train_loss: 0.7716 | lr: 0.000000
[2023-03-21 16:33:06] PRINT [03/21 16:33:06 graph]: --- Testf1: 0.67000, Best Valacc: 0.65400 in epoch 96 --- 
[2023-03-21 16:33:07] PRINT [03/21 16:33:07 graph]: Epoch 11: get test acc score:  0.670
[2023-03-21 16:33:07] PRINT [03/21 16:33:07 graph]: best_f1 0.670 at epoch 11
[2023-03-21 16:33:07] PRINT [03/21 16:33:07 graph]: start epoch 12.
[2023-03-21 16:33:07] PRINT [03/21 16:33:07 graph]: # Epoch 12: train_loss: 0.7719 | lr: 0.000000
[2023-03-21 16:33:08] PRINT [03/21 16:33:08 graph]: --- Testf1: 0.68200, Best Valacc: 0.66400 in epoch 79 --- 
[2023-03-21 16:33:08] PRINT [03/21 16:33:08 graph]: Epoch 12: get test acc score:  0.682
[2023-03-21 16:33:08] PRINT [03/21 16:33:08 graph]: best_f1 0.682 at epoch 12
[2023-03-21 16:33:08] PRINT [03/21 16:33:08 graph]: start epoch 13.
[2023-03-21 16:33:08] PRINT [03/21 16:33:08 graph]: # Epoch 13: train_loss: 0.7720 | lr: 0.000000
[2023-03-21 16:33:09] PRINT [03/21 16:33:09 graph]: --- Testf1: 0.68800, Best Valacc: 0.69000 in epoch 81 --- 
[2023-03-21 16:33:09] PRINT [03/21 16:33:09 graph]: Epoch 13: get test acc score:  0.688
[2023-03-21 16:33:09] PRINT [03/21 16:33:09 graph]: best_f1 0.688 at epoch 13
[2023-03-21 16:33:09] PRINT [03/21 16:33:09 graph]: start epoch 14.
[2023-03-21 16:33:10] PRINT [03/21 16:33:10 graph]: # Epoch 14: train_loss: 0.7721 | lr: 0.000000
[2023-03-21 16:33:12] PRINT [03/21 16:33:12 graph]: --- Testf1: 0.68200, Best Valacc: 0.69200 in epoch 98 --- 
[2023-03-21 16:33:12] PRINT [03/21 16:33:12 graph]: Epoch 14: get test acc score:  0.682
[2023-03-21 16:33:12] PRINT [03/21 16:33:12 graph]: best_f1 0.688 at epoch 13
[2023-03-21 16:33:12] PRINT [03/21 16:33:12 graph]: start epoch 15.
[2023-03-21 16:33:12] PRINT [03/21 16:33:12 graph]: # Epoch 15: train_loss: 0.7720 | lr: 0.000000
[2023-03-21 16:33:14] PRINT [03/21 16:33:14 graph]: --- Testf1: 0.69000, Best Valacc: 0.69000 in epoch 84 --- 
[2023-03-21 16:33:14] PRINT [03/21 16:33:14 graph]: Epoch 15: get test acc score:  0.690
[2023-03-21 16:33:14] PRINT [03/21 16:33:14 graph]: best_f1 0.690 at epoch 15
[2023-03-21 16:33:14] PRINT [03/21 16:33:14 graph]: start epoch 16.
[2023-03-21 16:33:14] PRINT [03/21 16:33:14 graph]: # Epoch 16: train_loss: 0.7723 | lr: 0.000000
[2023-03-21 16:33:16] PRINT [03/21 16:33:16 graph]: --- Testf1: 0.67600, Best Valacc: 0.67000 in epoch 65 --- 
[2023-03-21 16:33:16] PRINT [03/21 16:33:16 graph]: Epoch 16: get test acc score:  0.676
[2023-03-21 16:33:16] PRINT [03/21 16:33:16 graph]: best_f1 0.690 at epoch 15
[2023-03-21 16:33:16] PRINT [03/21 16:33:16 graph]: start epoch 17.
[2023-03-21 16:33:16] PRINT [03/21 16:33:16 graph]: # Epoch 17: train_loss: 0.7718 | lr: 0.000000
[2023-03-21 16:33:17] PRINT [03/21 16:33:17 graph]: --- Testf1: 0.66700, Best Valacc: 0.67000 in epoch 85 --- 
[2023-03-21 16:33:18] PRINT [03/21 16:33:18 graph]: Epoch 17: get test acc score:  0.667
[2023-03-21 16:33:18] PRINT [03/21 16:33:18 graph]: best_f1 0.690 at epoch 15
[2023-03-21 16:33:18] PRINT [03/21 16:33:18 graph]: start epoch 18.
[2023-03-21 16:33:18] PRINT [03/21 16:33:18 graph]: # Epoch 18: train_loss: 0.7720 | lr: 0.000000
[2023-03-21 16:33:19] PRINT [03/21 16:33:19 graph]: --- Testf1: 0.66000, Best Valacc: 0.69600 in epoch 91 --- 
[2023-03-21 16:33:19] PRINT [03/21 16:33:19 graph]: Epoch 18: get test acc score:  0.660
[2023-03-21 16:33:19] PRINT [03/21 16:33:19 graph]: best_f1 0.690 at epoch 15
[2023-03-21 16:33:19] PRINT [03/21 16:33:19 graph]: start epoch 19.
[2023-03-21 16:33:19] PRINT [03/21 16:33:19 graph]: # Epoch 19: train_loss: 0.7722 | lr: 0.000000
[2023-03-21 16:33:21] PRINT [03/21 16:33:21 graph]: --- Testf1: 0.67300, Best Valacc: 0.70800 in epoch 73 --- 
[2023-03-21 16:33:21] PRINT [03/21 16:33:21 graph]: Epoch 19: get test acc score:  0.673
[2023-03-21 16:33:21] PRINT [03/21 16:33:21 graph]: best_f1 0.690 at epoch 15
[2023-03-21 16:33:21] PRINT [03/21 16:33:21 graph]: start epoch 20.
[2023-03-21 16:33:21] PRINT [03/21 16:33:21 graph]: # Epoch 20: train_loss: 0.7720 | lr: 0.000000
[2023-03-21 16:33:22] PRINT [03/21 16:33:22 graph]: --- Testf1: 0.67000, Best Valacc: 0.69200 in epoch 73 --- 
[2023-03-21 16:33:23] PRINT [03/21 16:33:23 graph]: Epoch 20: get test acc score:  0.670
[2023-03-21 16:33:23] PRINT [03/21 16:33:23 graph]: best_f1 0.690 at epoch 15
[2023-03-21 16:33:23] PRINT [03/21 16:33:23 graph]: start epoch 21.
[2023-03-21 16:33:23] PRINT [03/21 16:33:23 graph]: # Epoch 21: train_loss: 0.7719 | lr: 0.000000
[2023-03-21 16:33:24] PRINT [03/21 16:33:24 graph]: --- Testf1: 0.67400, Best Valacc: 0.66400 in epoch 98 --- 
[2023-03-21 16:33:24] PRINT [03/21 16:33:24 graph]: Epoch 21: get test acc score:  0.674
[2023-03-21 16:33:24] PRINT [03/21 16:33:24 graph]: best_f1 0.690 at epoch 15
[2023-03-21 16:33:24] PRINT [03/21 16:33:24 graph]: start epoch 22.
[2023-03-21 16:33:24] PRINT [03/21 16:33:24 graph]: # Epoch 22: train_loss: 0.7720 | lr: 0.000000
[2023-03-21 16:33:26] PRINT [03/21 16:33:26 graph]: --- Testf1: 0.66300, Best Valacc: 0.66400 in epoch 94 --- 
[2023-03-21 16:33:26] PRINT [03/21 16:33:26 graph]: Epoch 22: get test acc score:  0.663
[2023-03-21 16:33:26] PRINT [03/21 16:33:26 graph]: best_f1 0.690 at epoch 15
[2023-03-21 16:33:26] PRINT [03/21 16:33:26 graph]: start epoch 23.
[2023-03-21 16:33:26] PRINT [03/21 16:33:26 graph]: # Epoch 23: train_loss: 0.7725 | lr: 0.000000
[2023-03-21 16:33:27] PRINT [03/21 16:33:27 graph]: --- Testf1: 0.67700, Best Valacc: 0.68000 in epoch 57 --- 
[2023-03-21 16:33:28] PRINT [03/21 16:33:28 graph]: Epoch 23: get test acc score:  0.677
[2023-03-21 16:33:28] PRINT [03/21 16:33:28 graph]: best_f1 0.690 at epoch 15
[2023-03-21 16:33:28] PRINT [03/21 16:33:28 graph]: start epoch 24.
[2023-03-21 16:33:28] PRINT [03/21 16:33:28 graph]: # Epoch 24: train_loss: 0.7721 | lr: 0.000000
[2023-03-21 16:33:29] PRINT [03/21 16:33:29 graph]: --- Testf1: 0.66600, Best Valacc: 0.69200 in epoch 94 --- 
[2023-03-21 16:33:30] PRINT [03/21 16:33:30 graph]: Epoch 24: get test acc score:  0.666
[2023-03-21 16:33:30] PRINT [03/21 16:33:30 graph]: best_f1 0.690 at epoch 15
[2023-03-21 16:33:30] PRINT [03/21 16:33:30 graph]: start epoch 25.
[2023-03-21 16:33:30] PRINT [03/21 16:33:30 graph]: # Epoch 25: train_loss: 0.7719 | lr: 0.000000
[2023-03-21 16:33:31] PRINT [03/21 16:33:31 graph]: --- Testf1: 0.67200, Best Valacc: 0.69600 in epoch 66 --- 
[2023-03-21 16:33:32] PRINT [03/21 16:33:32 graph]: Epoch 25: get test acc score:  0.672
[2023-03-21 16:33:32] PRINT [03/21 16:33:32 graph]: best_f1 0.690 at epoch 15
[2023-03-21 16:33:32] PRINT [03/21 16:33:32 graph]: start epoch 26.
[2023-03-21 16:33:32] PRINT [03/21 16:33:32 graph]: # Epoch 26: train_loss: 0.7720 | lr: 0.000000
[2023-03-21 16:33:33] PRINT [03/21 16:33:33 graph]: --- Testf1: 0.65500, Best Valacc: 0.68800 in epoch 93 --- 
[2023-03-21 16:33:34] PRINT [03/21 16:33:34 graph]: Epoch 26: get test acc score:  0.655
[2023-03-21 16:33:34] PRINT [03/21 16:33:34 graph]: best_f1 0.690 at epoch 15
[2023-03-21 16:33:34] PRINT [03/21 16:33:34 graph]: start epoch 27.
[2023-03-21 16:33:34] PRINT [03/21 16:33:34 graph]: # Epoch 27: train_loss: 0.7718 | lr: 0.000000
[2023-03-21 16:33:35] PRINT [03/21 16:33:35 graph]: --- Testf1: 0.68200, Best Valacc: 0.68400 in epoch 48 --- 
[2023-03-21 16:33:35] PRINT [03/21 16:33:35 graph]: Epoch 27: get test acc score:  0.682
[2023-03-21 16:33:35] PRINT [03/21 16:33:35 graph]: best_f1 0.690 at epoch 15
[2023-03-21 16:33:35] PRINT [03/21 16:33:35 graph]: start epoch 28.
[2023-03-21 16:33:36] PRINT [03/21 16:33:36 graph]: # Epoch 28: train_loss: 0.7719 | lr: 0.000000
[2023-03-21 16:33:37] PRINT [03/21 16:33:37 graph]: --- Testf1: 0.68600, Best Valacc: 0.67600 in epoch 68 --- 
[2023-03-21 16:33:37] PRINT [03/21 16:33:37 graph]: Epoch 28: get test acc score:  0.686
[2023-03-21 16:33:37] PRINT [03/21 16:33:37 graph]: best_f1 0.690 at epoch 15
[2023-03-21 16:33:37] PRINT [03/21 16:33:37 graph]: start epoch 29.
[2023-03-21 16:33:38] PRINT [03/21 16:33:38 graph]: # Epoch 29: train_loss: 0.7720 | lr: 0.000000
[2023-03-21 16:33:39] PRINT [03/21 16:33:39 graph]: --- Testf1: 0.67100, Best Valacc: 0.68000 in epoch 74 --- 
[2023-03-21 16:33:39] PRINT [03/21 16:33:39 graph]: Epoch 29: get test acc score:  0.671
[2023-03-21 16:33:39] PRINT [03/21 16:33:39 graph]: best_f1 0.690 at epoch 15
[2023-03-21 16:33:39] PRINT [03/21 16:33:39 graph]: start epoch 30.
[2023-03-21 16:33:39] PRINT [03/21 16:33:39 graph]: # Epoch 30: train_loss: 0.7720 | lr: 0.000000
[2023-03-21 16:33:41] PRINT [03/21 16:33:41 graph]: --- Testf1: 0.68100, Best Valacc: 0.68400 in epoch 94 --- 
[2023-03-21 16:33:41] PRINT [03/21 16:33:41 graph]: Epoch 30: get test acc score:  0.681
[2023-03-21 16:33:41] PRINT [03/21 16:33:41 graph]: best_f1 0.690 at epoch 15
[2023-03-21 16:33:41] PRINT [03/21 16:33:41 graph]: start epoch 31.
[2023-03-21 16:33:41] PRINT [03/21 16:33:41 graph]: # Epoch 31: train_loss: 0.7720 | lr: 0.000000
[2023-03-21 16:33:43] PRINT [03/21 16:33:43 graph]: --- Testf1: 0.65500, Best Valacc: 0.65400 in epoch 68 --- 
[2023-03-21 16:33:43] PRINT [03/21 16:33:43 graph]: Epoch 31: get test acc score:  0.655
[2023-03-21 16:33:43] PRINT [03/21 16:33:43 graph]: best_f1 0.690 at epoch 15
[2023-03-21 16:33:43] PRINT [03/21 16:33:43 graph]: start epoch 32.
[2023-03-21 16:33:43] PRINT [03/21 16:33:43 graph]: # Epoch 32: train_loss: 0.7717 | lr: 0.000000
[2023-03-21 16:33:44] PRINT [03/21 16:33:44 graph]: --- Testf1: 0.67600, Best Valacc: 0.70200 in epoch 93 --- 
[2023-03-21 16:33:45] PRINT [03/21 16:33:45 graph]: Epoch 32: get test acc score:  0.676
[2023-03-21 16:33:45] PRINT [03/21 16:33:45 graph]: best_f1 0.690 at epoch 15
[2023-03-21 16:33:45] PRINT [03/21 16:33:45 graph]: start epoch 33.
[2023-03-21 16:33:45] PRINT [03/21 16:33:45 graph]: # Epoch 33: train_loss: 0.7723 | lr: 0.000000
[2023-03-21 16:33:46] PRINT [03/21 16:33:46 graph]: --- Testf1: 0.66500, Best Valacc: 0.66400 in epoch 86 --- 
[2023-03-21 16:33:47] PRINT [03/21 16:33:47 graph]: Epoch 33: get test acc score:  0.665
[2023-03-21 16:33:47] PRINT [03/21 16:33:47 graph]: best_f1 0.690 at epoch 15
[2023-03-21 16:33:47] PRINT [03/21 16:33:47 graph]: start epoch 34.
[2023-03-21 16:33:47] PRINT [03/21 16:33:47 graph]: # Epoch 34: train_loss: 0.7719 | lr: 0.000000
[2023-03-21 16:33:48] PRINT [03/21 16:33:48 graph]: --- Testf1: 0.68700, Best Valacc: 0.68800 in epoch 99 --- 
[2023-03-21 16:33:48] PRINT [03/21 16:33:48 graph]: Epoch 34: get test acc score:  0.687
[2023-03-21 16:33:48] PRINT [03/21 16:33:48 graph]: best_f1 0.690 at epoch 15
[2023-03-21 16:33:48] PRINT [03/21 16:33:48 graph]: start epoch 35.
[2023-03-21 16:33:48] PRINT [03/21 16:33:48 graph]: # Epoch 35: train_loss: 0.7720 | lr: 0.000000
[2023-03-21 16:33:50] PRINT [03/21 16:33:50 graph]: --- Testf1: 0.65400, Best Valacc: 0.65200 in epoch 99 --- 
[2023-03-21 16:33:50] PRINT [03/21 16:33:50 graph]: Epoch 35: get test acc score:  0.654
[2023-03-21 16:33:50] PRINT [03/21 16:33:50 graph]: best_f1 0.690 at epoch 15
[2023-03-21 16:33:50] PRINT [03/21 16:33:50 graph]: start epoch 36.
[2023-03-21 16:33:50] PRINT [03/21 16:33:50 graph]: # Epoch 36: train_loss: 0.7723 | lr: 0.000000
[2023-03-21 16:33:52] PRINT [03/21 16:33:52 graph]: --- Testf1: 0.64800, Best Valacc: 0.65800 in epoch 96 --- 
[2023-03-21 16:33:52] PRINT [03/21 16:33:52 graph]: Epoch 36: get test acc score:  0.648
[2023-03-21 16:33:52] PRINT [03/21 16:33:52 graph]: best_f1 0.690 at epoch 15
[2023-03-21 16:33:52] PRINT [03/21 16:33:52 graph]: start epoch 37.
[2023-03-21 16:33:52] PRINT [03/21 16:33:52 graph]: # Epoch 37: train_loss: 0.7721 | lr: 0.000000
[2023-03-21 16:33:54] PRINT [03/21 16:33:54 graph]: --- Testf1: 0.66500, Best Valacc: 0.68000 in epoch 97 --- 
[2023-03-21 16:33:54] PRINT [03/21 16:33:54 graph]: Epoch 37: get test acc score:  0.665
[2023-03-21 16:33:54] PRINT [03/21 16:33:54 graph]: best_f1 0.690 at epoch 15
[2023-03-21 16:33:54] PRINT [03/21 16:33:54 graph]: start epoch 38.
[2023-03-21 16:33:54] PRINT [03/21 16:33:54 graph]: # Epoch 38: train_loss: 0.7721 | lr: 0.000000
[2023-03-21 16:33:55] PRINT [03/21 16:33:55 graph]: --- Testf1: 0.66400, Best Valacc: 0.69200 in epoch 80 --- 
[2023-03-21 16:33:56] PRINT [03/21 16:33:56 graph]: Epoch 38: get test acc score:  0.664
[2023-03-21 16:33:56] PRINT [03/21 16:33:56 graph]: best_f1 0.690 at epoch 15
[2023-03-21 16:33:56] PRINT [03/21 16:33:56 graph]: start epoch 39.
[2023-03-21 16:33:56] PRINT [03/21 16:33:56 graph]: # Epoch 39: train_loss: 0.7720 | lr: 0.000000
[2023-03-21 16:33:57] PRINT [03/21 16:33:57 graph]: --- Testf1: 0.68000, Best Valacc: 0.70600 in epoch 68 --- 
[2023-03-21 16:33:58] PRINT [03/21 16:33:58 graph]: Epoch 39: get test acc score:  0.680
[2023-03-21 16:33:58] PRINT [03/21 16:33:58 graph]: best_f1 0.690 at epoch 15
[2023-03-21 16:33:58] PRINT [03/21 16:33:58 graph]: start epoch 40.
[2023-03-21 16:33:58] PRINT [03/21 16:33:58 graph]: # Epoch 40: train_loss: 0.7722 | lr: 0.000000
[2023-03-21 16:33:59] PRINT [03/21 16:33:59 graph]: --- Testf1: 0.68500, Best Valacc: 0.69800 in epoch 95 --- 
[2023-03-21 16:33:59] PRINT [03/21 16:33:59 graph]: Epoch 40: get test acc score:  0.685
[2023-03-21 16:33:59] PRINT [03/21 16:33:59 graph]: best_f1 0.690 at epoch 15
[2023-03-21 16:33:59] PRINT [03/21 16:33:59 graph]: start epoch 41.
[2023-03-21 16:34:00] PRINT [03/21 16:34:00 graph]: # Epoch 41: train_loss: 0.7720 | lr: 0.000000
[2023-03-21 16:34:01] PRINT [03/21 16:34:01 graph]: --- Testf1: 0.68500, Best Valacc: 0.70800 in epoch 41 --- 
[2023-03-21 16:34:01] PRINT [03/21 16:34:01 graph]: Epoch 41: get test acc score:  0.685
[2023-03-21 16:34:01] PRINT [03/21 16:34:01 graph]: best_f1 0.690 at epoch 15
[2023-03-21 16:34:01] PRINT [03/21 16:34:01 graph]: start epoch 42.
[2023-03-21 16:34:01] PRINT [03/21 16:34:01 graph]: # Epoch 42: train_loss: 0.7721 | lr: 0.000000
[2023-03-21 16:34:03] PRINT [03/21 16:34:03 graph]: --- Testf1: 0.67900, Best Valacc: 0.68200 in epoch 86 --- 
[2023-03-21 16:34:03] PRINT [03/21 16:34:03 graph]: Epoch 42: get test acc score:  0.679
[2023-03-21 16:34:03] PRINT [03/21 16:34:03 graph]: best_f1 0.690 at epoch 15
[2023-03-21 16:34:03] PRINT [03/21 16:34:03 graph]: start epoch 43.
[2023-03-21 16:34:03] PRINT [03/21 16:34:03 graph]: # Epoch 43: train_loss: 0.7722 | lr: 0.000000
[2023-03-21 16:34:05] PRINT [03/21 16:34:05 graph]: --- Testf1: 0.67300, Best Valacc: 0.67800 in epoch 95 --- 
[2023-03-21 16:34:05] PRINT [03/21 16:34:05 graph]: Epoch 43: get test acc score:  0.673
[2023-03-21 16:34:05] PRINT [03/21 16:34:05 graph]: best_f1 0.690 at epoch 15
[2023-03-21 16:34:05] PRINT [03/21 16:34:05 graph]: start epoch 44.
[2023-03-21 16:34:05] PRINT [03/21 16:34:05 graph]: # Epoch 44: train_loss: 0.7716 | lr: 0.000000
[2023-03-21 16:34:06] PRINT [03/21 16:34:06 graph]: --- Testf1: 0.68500, Best Valacc: 0.68400 in epoch 66 --- 
[2023-03-21 16:34:07] PRINT [03/21 16:34:07 graph]: Epoch 44: get test acc score:  0.685
[2023-03-21 16:34:07] PRINT [03/21 16:34:07 graph]: best_f1 0.690 at epoch 15
[2023-03-21 16:34:07] PRINT [03/21 16:34:07 graph]: start epoch 45.
[2023-03-21 16:34:07] PRINT [03/21 16:34:07 graph]: # Epoch 45: train_loss: 0.7721 | lr: 0.000000
[2023-03-21 16:34:08] PRINT [03/21 16:34:08 graph]: --- Testf1: 0.66700, Best Valacc: 0.68400 in epoch 96 --- 
[2023-03-21 16:34:09] PRINT [03/21 16:34:09 graph]: Epoch 45: get test acc score:  0.667
[2023-03-21 16:34:09] PRINT [03/21 16:34:09 graph]: best_f1 0.690 at epoch 15
[2023-03-21 16:34:09] PRINT [03/21 16:34:09 graph]: start epoch 46.
[2023-03-21 16:34:09] PRINT [03/21 16:34:09 graph]: # Epoch 46: train_loss: 0.7721 | lr: 0.000000
[2023-03-21 16:34:10] PRINT [03/21 16:34:10 graph]: --- Testf1: 0.66800, Best Valacc: 0.66800 in epoch 91 --- 
[2023-03-21 16:34:10] PRINT [03/21 16:34:10 graph]: Epoch 46: get test acc score:  0.668
[2023-03-21 16:34:10] PRINT [03/21 16:34:10 graph]: best_f1 0.690 at epoch 15
[2023-03-21 16:34:10] PRINT [03/21 16:34:10 graph]: start epoch 47.
[2023-03-21 16:34:11] PRINT [03/21 16:34:11 graph]: # Epoch 47: train_loss: 0.7720 | lr: 0.000000
[2023-03-21 16:34:12] PRINT [03/21 16:34:12 graph]: --- Testf1: 0.67400, Best Valacc: 0.69000 in epoch 86 --- 
[2023-03-21 16:34:12] PRINT [03/21 16:34:12 graph]: Epoch 47: get test acc score:  0.674
[2023-03-21 16:34:12] PRINT [03/21 16:34:12 graph]: best_f1 0.690 at epoch 15
[2023-03-21 16:34:12] PRINT [03/21 16:34:12 graph]: start epoch 48.
[2023-03-21 16:34:12] PRINT [03/21 16:34:12 graph]: # Epoch 48: train_loss: 0.7719 | lr: 0.000000
[2023-03-21 16:34:14] PRINT [03/21 16:34:14 graph]: --- Testf1: 0.65900, Best Valacc: 0.65800 in epoch 98 --- 
[2023-03-21 16:34:14] PRINT [03/21 16:34:14 graph]: Epoch 48: get test acc score:  0.659
[2023-03-21 16:34:14] PRINT [03/21 16:34:14 graph]: best_f1 0.690 at epoch 15
[2023-03-21 16:34:14] PRINT [03/21 16:34:14 graph]: start epoch 49.
[2023-03-21 16:34:14] PRINT [03/21 16:34:14 graph]: # Epoch 49: train_loss: 0.7722 | lr: 0.000000
[2023-03-21 16:34:16] PRINT [03/21 16:34:16 graph]: --- Testf1: 0.68100, Best Valacc: 0.69200 in epoch 91 --- 
[2023-03-21 16:34:16] PRINT [03/21 16:34:16 graph]: Epoch 49: get test acc score:  0.681
[2023-03-21 16:34:16] PRINT [03/21 16:34:16 graph]: best_f1 0.690 at epoch 15
[2023-03-21 16:34:16] PRINT [03/21 16:34:16 graph]: start epoch 50.
[2023-03-21 16:34:16] PRINT [03/21 16:34:16 graph]: # Epoch 50: train_loss: 0.7720 | lr: 0.000000
[2023-03-21 16:34:17] PRINT [03/21 16:34:17 graph]: --- Testf1: 0.67700, Best Valacc: 0.68000 in epoch 82 --- 
[2023-03-21 16:34:18] PRINT [03/21 16:34:18 graph]: Epoch 50: get test acc score:  0.677
[2023-03-21 16:34:18] PRINT [03/21 16:34:18 graph]: best_f1 0.690 at epoch 15
[2023-03-21 16:34:18] PRINT [03/21 16:34:18 graph]: start epoch 51.
[2023-03-21 16:34:18] PRINT [03/21 16:34:18 graph]: # Epoch 51: train_loss: 0.7722 | lr: 0.000000
[2023-03-21 16:34:19] PRINT [03/21 16:34:19 graph]: --- Testf1: 0.68100, Best Valacc: 0.66800 in epoch 93 --- 
[2023-03-21 16:34:20] PRINT [03/21 16:34:20 graph]: Epoch 51: get test acc score:  0.681
[2023-03-21 16:34:20] PRINT [03/21 16:34:20 graph]: best_f1 0.690 at epoch 15
[2023-03-21 16:34:20] PRINT [03/21 16:34:20 graph]: start epoch 52.
[2023-03-21 16:34:20] PRINT [03/21 16:34:20 graph]: # Epoch 52: train_loss: 0.7720 | lr: 0.000000
[2023-03-21 16:34:21] PRINT [03/21 16:34:21 graph]: --- Testf1: 0.68500, Best Valacc: 0.68800 in epoch 91 --- 
[2023-03-21 16:34:21] PRINT [03/21 16:34:21 graph]: Epoch 52: get test acc score:  0.685
[2023-03-21 16:34:21] PRINT [03/21 16:34:21 graph]: best_f1 0.690 at epoch 15
[2023-03-21 16:34:21] PRINT [03/21 16:34:21 graph]: start epoch 53.
[2023-03-21 16:34:22] PRINT [03/21 16:34:22 graph]: # Epoch 53: train_loss: 0.7720 | lr: 0.000000
[2023-03-21 16:34:23] PRINT [03/21 16:34:23 graph]: --- Testf1: 0.66200, Best Valacc: 0.66400 in epoch 99 --- 
[2023-03-21 16:34:23] PRINT [03/21 16:34:23 graph]: Epoch 53: get test acc score:  0.662
[2023-03-21 16:34:23] PRINT [03/21 16:34:23 graph]: best_f1 0.690 at epoch 15
[2023-03-21 16:34:23] PRINT [03/21 16:34:23 graph]: start epoch 54.
[2023-03-21 16:34:23] PRINT [03/21 16:34:23 graph]: # Epoch 54: train_loss: 0.7720 | lr: 0.000000
[2023-03-21 16:34:25] PRINT [03/21 16:34:25 graph]: --- Testf1: 0.67800, Best Valacc: 0.65400 in epoch 79 --- 
[2023-03-21 16:34:25] PRINT [03/21 16:34:25 graph]: Epoch 54: get test acc score:  0.678
[2023-03-21 16:34:25] PRINT [03/21 16:34:25 graph]: best_f1 0.690 at epoch 15
[2023-03-21 16:34:25] PRINT [03/21 16:34:25 graph]: start epoch 55.
[2023-03-21 16:34:25] PRINT [03/21 16:34:25 graph]: # Epoch 55: train_loss: 0.7721 | lr: 0.000000
[2023-03-21 16:34:27] PRINT [03/21 16:34:27 graph]: --- Testf1: 0.68000, Best Valacc: 0.69800 in epoch 94 --- 
[2023-03-21 16:34:27] PRINT [03/21 16:34:27 graph]: Epoch 55: get test acc score:  0.680
[2023-03-21 16:34:27] PRINT [03/21 16:34:27 graph]: best_f1 0.690 at epoch 15
[2023-03-21 16:34:27] PRINT [03/21 16:34:27 graph]: start epoch 56.
[2023-03-21 16:34:27] PRINT [03/21 16:34:27 graph]: # Epoch 56: train_loss: 0.7720 | lr: 0.000000
[2023-03-21 16:34:28] PRINT [03/21 16:34:28 graph]: --- Testf1: 0.66000, Best Valacc: 0.64400 in epoch 96 --- 
[2023-03-21 16:34:29] PRINT [03/21 16:34:29 graph]: Epoch 56: get test acc score:  0.660
[2023-03-21 16:34:29] PRINT [03/21 16:34:29 graph]: best_f1 0.690 at epoch 15
[2023-03-21 16:34:29] PRINT [03/21 16:34:29 graph]: start epoch 57.
[2023-03-21 16:34:29] PRINT [03/21 16:34:29 graph]: # Epoch 57: train_loss: 0.7720 | lr: 0.000000
[2023-03-21 16:34:30] PRINT [03/21 16:34:30 graph]: --- Testf1: 0.68400, Best Valacc: 0.70000 in epoch 59 --- 
[2023-03-21 16:34:31] PRINT [03/21 16:34:31 graph]: Epoch 57: get test acc score:  0.684
[2023-03-21 16:34:31] PRINT [03/21 16:34:31 graph]: best_f1 0.690 at epoch 15
[2023-03-21 16:34:31] PRINT [03/21 16:34:31 graph]: start epoch 58.
[2023-03-21 16:34:31] PRINT [03/21 16:34:31 graph]: # Epoch 58: train_loss: 0.7720 | lr: 0.000000
[2023-03-21 16:34:32] PRINT [03/21 16:34:32 graph]: --- Testf1: 0.68800, Best Valacc: 0.69200 in epoch 55 --- 
[2023-03-21 16:34:32] PRINT [03/21 16:34:32 graph]: Epoch 58: get test acc score:  0.688
[2023-03-21 16:34:32] PRINT [03/21 16:34:32 graph]: best_f1 0.690 at epoch 15
[2023-03-21 16:34:32] PRINT [03/21 16:34:32 graph]: start epoch 59.
[2023-03-21 16:34:33] PRINT [03/21 16:34:33 graph]: # Epoch 59: train_loss: 0.7721 | lr: 0.000000
[2023-03-21 16:34:34] PRINT [03/21 16:34:34 graph]: --- Testf1: 0.66800, Best Valacc: 0.67800 in epoch 68 --- 
[2023-03-21 16:34:34] PRINT [03/21 16:34:34 graph]: Epoch 59: get test acc score:  0.668
[2023-03-21 16:34:34] PRINT [03/21 16:34:34 graph]: best_f1 0.690 at epoch 15
[2023-03-21 16:34:34] PRINT [03/21 16:34:34 graph]: start epoch 60.
[2023-03-21 16:34:34] PRINT [03/21 16:34:34 graph]: # Epoch 60: train_loss: 0.7718 | lr: 0.000000
[2023-03-21 16:34:36] PRINT [03/21 16:34:36 graph]: --- Testf1: 0.68000, Best Valacc: 0.69200 in epoch 99 --- 
[2023-03-21 16:34:36] PRINT [03/21 16:34:36 graph]: Epoch 60: get test acc score:  0.680
[2023-03-21 16:34:36] PRINT [03/21 16:34:36 graph]: best_f1 0.690 at epoch 15
[2023-03-21 16:34:36] PRINT [03/21 16:34:36 graph]: start epoch 61.
[2023-03-21 16:34:36] PRINT [03/21 16:34:36 graph]: # Epoch 61: train_loss: 0.7718 | lr: 0.000000
[2023-03-21 16:34:38] PRINT [03/21 16:34:38 graph]: --- Testf1: 0.66800, Best Valacc: 0.68800 in epoch 81 --- 
[2023-03-21 16:34:38] PRINT [03/21 16:34:38 graph]: Epoch 61: get test acc score:  0.668
[2023-03-21 16:34:38] PRINT [03/21 16:34:38 graph]: best_f1 0.690 at epoch 15
[2023-03-21 16:34:38] PRINT [03/21 16:34:38 graph]: start epoch 62.
[2023-03-21 16:34:38] PRINT [03/21 16:34:38 graph]: # Epoch 62: train_loss: 0.7720 | lr: 0.000000
[2023-03-21 16:34:40] PRINT [03/21 16:34:40 graph]: --- Testf1: 0.68000, Best Valacc: 0.68200 in epoch 89 --- 
[2023-03-21 16:34:40] PRINT [03/21 16:34:40 graph]: Epoch 62: get test acc score:  0.680
[2023-03-21 16:34:40] PRINT [03/21 16:34:40 graph]: best_f1 0.690 at epoch 15
[2023-03-21 16:34:40] PRINT [03/21 16:34:40 graph]: start epoch 63.
[2023-03-21 16:34:40] PRINT [03/21 16:34:40 graph]: # Epoch 63: train_loss: 0.7719 | lr: 0.000000
[2023-03-21 16:34:41] PRINT [03/21 16:34:41 graph]: --- Testf1: 0.67000, Best Valacc: 0.68400 in epoch 99 --- 
[2023-03-21 16:34:42] PRINT [03/21 16:34:42 graph]: Epoch 63: get test acc score:  0.670
[2023-03-21 16:34:42] PRINT [03/21 16:34:42 graph]: best_f1 0.690 at epoch 15
[2023-03-21 16:34:42] PRINT [03/21 16:34:42 graph]: start epoch 64.
[2023-03-21 16:34:42] PRINT [03/21 16:34:42 graph]: # Epoch 64: train_loss: 0.7716 | lr: 0.000000
[2023-03-21 16:34:43] PRINT [03/21 16:34:43 graph]: --- Testf1: 0.66200, Best Valacc: 0.69400 in epoch 69 --- 
[2023-03-21 16:34:44] PRINT [03/21 16:34:44 graph]: Epoch 64: get test acc score:  0.662
[2023-03-21 16:34:44] PRINT [03/21 16:34:44 graph]: best_f1 0.690 at epoch 15
[2023-03-21 16:34:44] PRINT [03/21 16:34:44 graph]: start epoch 65.
[2023-03-21 16:34:44] PRINT [03/21 16:34:44 graph]: # Epoch 65: train_loss: 0.7719 | lr: 0.000000
[2023-03-21 16:34:45] PRINT [03/21 16:34:45 graph]: --- Testf1: 0.66200, Best Valacc: 0.68000 in epoch 76 --- 
[2023-03-21 16:34:45] PRINT [03/21 16:34:45 graph]: Epoch 65: get test acc score:  0.662
[2023-03-21 16:34:45] PRINT [03/21 16:34:45 graph]: best_f1 0.690 at epoch 15
[2023-03-21 16:34:45] PRINT [03/21 16:34:45 graph]: start epoch 66.
[2023-03-21 16:34:46] PRINT [03/21 16:34:46 graph]: # Epoch 66: train_loss: 0.7721 | lr: 0.000000
[2023-03-21 16:34:47] PRINT [03/21 16:34:47 graph]: --- Testf1: 0.68400, Best Valacc: 0.68000 in epoch 90 --- 
[2023-03-21 16:34:47] PRINT [03/21 16:34:47 graph]: Epoch 66: get test acc score:  0.684
[2023-03-21 16:34:47] PRINT [03/21 16:34:47 graph]: best_f1 0.690 at epoch 15
[2023-03-21 16:34:47] PRINT [03/21 16:34:47 graph]: start epoch 67.
[2023-03-21 16:34:47] PRINT [03/21 16:34:47 graph]: # Epoch 67: train_loss: 0.7722 | lr: 0.000000
[2023-03-21 16:34:49] PRINT [03/21 16:34:49 graph]: --- Testf1: 0.67700, Best Valacc: 0.68800 in epoch 66 --- 
[2023-03-21 16:34:49] PRINT [03/21 16:34:49 graph]: Epoch 67: get test acc score:  0.677
[2023-03-21 16:34:49] PRINT [03/21 16:34:49 graph]: best_f1 0.690 at epoch 15
[2023-03-21 16:34:49] PRINT [03/21 16:34:49 graph]: start epoch 68.
[2023-03-21 16:34:49] PRINT [03/21 16:34:49 graph]: # Epoch 68: train_loss: 0.7721 | lr: 0.000000
[2023-03-21 16:34:51] PRINT [03/21 16:34:51 graph]: --- Testf1: 0.67000, Best Valacc: 0.68400 in epoch 60 --- 
[2023-03-21 16:34:51] PRINT [03/21 16:34:51 graph]: Epoch 68: get test acc score:  0.670
[2023-03-21 16:34:51] PRINT [03/21 16:34:51 graph]: best_f1 0.690 at epoch 15
[2023-03-21 16:34:51] PRINT [03/21 16:34:51 graph]: start epoch 69.
[2023-03-21 16:34:51] PRINT [03/21 16:34:51 graph]: # Epoch 69: train_loss: 0.7721 | lr: 0.000000
[2023-03-21 16:34:52] PRINT [03/21 16:34:52 graph]: --- Testf1: 0.67600, Best Valacc: 0.68800 in epoch 64 --- 
[2023-03-21 16:34:53] PRINT [03/21 16:34:53 graph]: Epoch 69: get test acc score:  0.676
[2023-03-21 16:34:53] PRINT [03/21 16:34:53 graph]: best_f1 0.690 at epoch 15
[2023-03-21 16:34:53] PRINT [03/21 16:34:53 graph]: start epoch 70.
[2023-03-21 16:34:53] PRINT [03/21 16:34:53 graph]: # Epoch 70: train_loss: 0.7722 | lr: 0.000000
[2023-03-21 16:34:54] PRINT [03/21 16:34:54 graph]: --- Testf1: 0.68100, Best Valacc: 0.66800 in epoch 66 --- 
[2023-03-21 16:34:55] PRINT [03/21 16:34:55 graph]: Epoch 70: get test acc score:  0.681
[2023-03-21 16:34:55] PRINT [03/21 16:34:55 graph]: best_f1 0.690 at epoch 15
[2023-03-21 16:34:55] PRINT [03/21 16:34:55 graph]: start epoch 71.
[2023-03-21 16:34:55] PRINT [03/21 16:34:55 graph]: # Epoch 71: train_loss: 0.7720 | lr: 0.000000
[2023-03-21 16:34:56] PRINT [03/21 16:34:56 graph]: --- Testf1: 0.66800, Best Valacc: 0.67200 in epoch 92 --- 
[2023-03-21 16:34:56] PRINT [03/21 16:34:56 graph]: Epoch 71: get test acc score:  0.668
[2023-03-21 16:34:56] PRINT [03/21 16:34:56 graph]: best_f1 0.690 at epoch 15
[2023-03-21 16:34:56] PRINT [03/21 16:34:56 graph]: start epoch 72.
[2023-03-21 16:34:57] PRINT [03/21 16:34:57 graph]: # Epoch 72: train_loss: 0.7721 | lr: 0.000000
[2023-03-21 16:34:58] PRINT [03/21 16:34:58 graph]: --- Testf1: 0.66600, Best Valacc: 0.67200 in epoch 68 --- 
[2023-03-21 16:34:58] PRINT [03/21 16:34:58 graph]: Epoch 72: get test acc score:  0.666
[2023-03-21 16:34:58] PRINT [03/21 16:34:58 graph]: best_f1 0.690 at epoch 15
[2023-03-21 16:34:58] PRINT [03/21 16:34:58 graph]: start epoch 73.
[2023-03-21 16:34:58] PRINT [03/21 16:34:58 graph]: # Epoch 73: train_loss: 0.7718 | lr: 0.000000
[2023-03-21 16:35:00] PRINT [03/21 16:35:00 graph]: --- Testf1: 0.67200, Best Valacc: 0.68600 in epoch 98 --- 
[2023-03-21 16:35:00] PRINT [03/21 16:35:00 graph]: Epoch 73: get test acc score:  0.672
[2023-03-21 16:35:00] PRINT [03/21 16:35:00 graph]: best_f1 0.690 at epoch 15
[2023-03-21 16:35:00] PRINT [03/21 16:35:00 graph]: start epoch 74.
[2023-03-21 16:35:00] PRINT [03/21 16:35:00 graph]: # Epoch 74: train_loss: 0.7722 | lr: 0.000000
[2023-03-21 16:35:02] PRINT [03/21 16:35:02 graph]: --- Testf1: 0.67200, Best Valacc: 0.69000 in epoch 90 --- 
[2023-03-21 16:35:02] PRINT [03/21 16:35:02 graph]: Epoch 74: get test acc score:  0.672
[2023-03-21 16:35:02] PRINT [03/21 16:35:02 graph]: best_f1 0.690 at epoch 15
[2023-03-21 16:35:02] PRINT [03/21 16:35:02 graph]: start epoch 75.
[2023-03-21 16:35:02] PRINT [03/21 16:35:02 graph]: # Epoch 75: train_loss: 0.7721 | lr: 0.000000
[2023-03-21 16:35:03] PRINT [03/21 16:35:03 graph]: --- Testf1: 0.67100, Best Valacc: 0.69400 in epoch 80 --- 
[2023-03-21 16:35:04] PRINT [03/21 16:35:04 graph]: Epoch 75: get test acc score:  0.671
[2023-03-21 16:35:04] PRINT [03/21 16:35:04 graph]: best_f1 0.690 at epoch 15
[2023-03-21 16:35:04] PRINT [03/21 16:35:04 graph]: start epoch 76.
[2023-03-21 16:35:04] PRINT [03/21 16:35:04 graph]: # Epoch 76: train_loss: 0.7721 | lr: 0.000000
[2023-03-21 16:35:05] PRINT [03/21 16:35:05 graph]: --- Testf1: 0.67300, Best Valacc: 0.67600 in epoch 99 --- 
[2023-03-21 16:35:06] PRINT [03/21 16:35:06 graph]: Epoch 76: get test acc score:  0.673
[2023-03-21 16:35:06] PRINT [03/21 16:35:06 graph]: best_f1 0.690 at epoch 15
[2023-03-21 16:35:06] PRINT [03/21 16:35:06 graph]: start epoch 77.
[2023-03-21 16:35:06] PRINT [03/21 16:35:06 graph]: # Epoch 77: train_loss: 0.7722 | lr: 0.000000
[2023-03-21 16:35:07] PRINT [03/21 16:35:07 graph]: --- Testf1: 0.67800, Best Valacc: 0.69600 in epoch 99 --- 
[2023-03-21 16:35:07] PRINT [03/21 16:35:07 graph]: Epoch 77: get test acc score:  0.678
[2023-03-21 16:35:07] PRINT [03/21 16:35:07 graph]: best_f1 0.690 at epoch 15
[2023-03-21 16:35:07] PRINT [03/21 16:35:07 graph]: start epoch 78.
[2023-03-21 16:35:08] PRINT [03/21 16:35:08 graph]: # Epoch 78: train_loss: 0.7717 | lr: 0.000000
[2023-03-21 16:35:09] PRINT [03/21 16:35:09 graph]: --- Testf1: 0.66000, Best Valacc: 0.67000 in epoch 89 --- 
[2023-03-21 16:35:09] PRINT [03/21 16:35:09 graph]: Epoch 78: get test acc score:  0.660
[2023-03-21 16:35:09] PRINT [03/21 16:35:09 graph]: best_f1 0.690 at epoch 15
[2023-03-21 16:35:09] PRINT [03/21 16:35:09 graph]: start epoch 79.
[2023-03-21 16:35:09] PRINT [03/21 16:35:09 graph]: # Epoch 79: train_loss: 0.7719 | lr: 0.000000
[2023-03-21 16:35:11] PRINT [03/21 16:35:11 graph]: --- Testf1: 0.66200, Best Valacc: 0.69200 in epoch 91 --- 
[2023-03-21 16:35:11] PRINT [03/21 16:35:11 graph]: Epoch 79: get test acc score:  0.662
[2023-03-21 16:35:11] PRINT [03/21 16:35:11 graph]: best_f1 0.690 at epoch 15
[2023-03-21 16:35:11] PRINT [03/21 16:35:11 graph]: start epoch 80.
[2023-03-21 16:35:11] PRINT [03/21 16:35:11 graph]: # Epoch 80: train_loss: 0.7722 | lr: 0.000000
[2023-03-21 16:35:13] PRINT [03/21 16:35:13 graph]: --- Testf1: 0.67400, Best Valacc: 0.68800 in epoch 97 --- 
[2023-03-21 16:35:13] PRINT [03/21 16:35:13 graph]: Epoch 80: get test acc score:  0.674
[2023-03-21 16:35:13] PRINT [03/21 16:35:13 graph]: best_f1 0.690 at epoch 15
[2023-03-21 16:35:13] PRINT [03/21 16:35:13 graph]: start epoch 81.
[2023-03-21 16:35:13] PRINT [03/21 16:35:13 graph]: # Epoch 81: train_loss: 0.7716 | lr: 0.000000
[2023-03-21 16:35:15] PRINT [03/21 16:35:15 graph]: --- Testf1: 0.68700, Best Valacc: 0.68000 in epoch 96 --- 
[2023-03-21 16:35:15] PRINT [03/21 16:35:15 graph]: Epoch 81: get test acc score:  0.687
[2023-03-21 16:35:15] PRINT [03/21 16:35:15 graph]: best_f1 0.690 at epoch 15
[2023-03-21 16:35:15] PRINT [03/21 16:35:15 graph]: start epoch 82.
[2023-03-21 16:35:15] PRINT [03/21 16:35:15 graph]: # Epoch 82: train_loss: 0.7721 | lr: 0.000000
[2023-03-21 16:35:16] PRINT [03/21 16:35:16 graph]: --- Testf1: 0.65500, Best Valacc: 0.70000 in epoch 96 --- 
[2023-03-21 16:35:17] PRINT [03/21 16:35:17 graph]: Epoch 82: get test acc score:  0.655
[2023-03-21 16:35:17] PRINT [03/21 16:35:17 graph]: best_f1 0.690 at epoch 15
[2023-03-21 16:35:17] PRINT [03/21 16:35:17 graph]: start epoch 83.
[2023-03-21 16:35:17] PRINT [03/21 16:35:17 graph]: # Epoch 83: train_loss: 0.7720 | lr: 0.000000
[2023-03-21 16:35:18] PRINT [03/21 16:35:18 graph]: --- Testf1: 0.65600, Best Valacc: 0.67200 in epoch 99 --- 
[2023-03-21 16:35:18] PRINT [03/21 16:35:18 graph]: Epoch 83: get test acc score:  0.656
[2023-03-21 16:35:18] PRINT [03/21 16:35:18 graph]: best_f1 0.690 at epoch 15
[2023-03-21 16:35:18] PRINT [03/21 16:35:18 graph]: start epoch 84.
[2023-03-21 16:35:19] PRINT [03/21 16:35:19 graph]: # Epoch 84: train_loss: 0.7722 | lr: 0.000000
[2023-03-21 16:35:20] PRINT [03/21 16:35:20 graph]: --- Testf1: 0.68600, Best Valacc: 0.68400 in epoch 83 --- 
[2023-03-21 16:35:20] PRINT [03/21 16:35:20 graph]: Epoch 84: get test acc score:  0.686
[2023-03-21 16:35:20] PRINT [03/21 16:35:20 graph]: best_f1 0.690 at epoch 15
[2023-03-21 16:35:20] PRINT [03/21 16:35:20 graph]: start epoch 85.
[2023-03-21 16:35:21] PRINT [03/21 16:35:21 graph]: # Epoch 85: train_loss: 0.7723 | lr: 0.000000
[2023-03-21 16:35:22] PRINT [03/21 16:35:22 graph]: --- Testf1: 0.68000, Best Valacc: 0.68800 in epoch 98 --- 
[2023-03-21 16:35:22] PRINT [03/21 16:35:22 graph]: Epoch 85: get test acc score:  0.680
[2023-03-21 16:35:22] PRINT [03/21 16:35:22 graph]: best_f1 0.690 at epoch 15
[2023-03-21 16:35:22] PRINT [03/21 16:35:22 graph]: start epoch 86.
[2023-03-21 16:35:22] PRINT [03/21 16:35:22 graph]: # Epoch 86: train_loss: 0.7717 | lr: 0.000000
[2023-03-21 16:35:24] PRINT [03/21 16:35:24 graph]: --- Testf1: 0.65800, Best Valacc: 0.67200 in epoch 89 --- 
[2023-03-21 16:35:24] PRINT [03/21 16:35:24 graph]: Epoch 86: get test acc score:  0.658
[2023-03-21 16:35:24] PRINT [03/21 16:35:24 graph]: best_f1 0.690 at epoch 15
[2023-03-21 16:35:24] PRINT [03/21 16:35:24 graph]: start epoch 87.
[2023-03-21 16:35:24] PRINT [03/21 16:35:24 graph]: # Epoch 87: train_loss: 0.7719 | lr: 0.000000
[2023-03-21 16:35:26] PRINT [03/21 16:35:26 graph]: --- Testf1: 0.68600, Best Valacc: 0.71400 in epoch 98 --- 
[2023-03-21 16:35:26] PRINT [03/21 16:35:26 graph]: Epoch 87: get test acc score:  0.686
[2023-03-21 16:35:26] PRINT [03/21 16:35:26 graph]: best_f1 0.690 at epoch 15
[2023-03-21 16:35:26] PRINT [03/21 16:35:26 graph]: start epoch 88.
[2023-03-21 16:35:26] PRINT [03/21 16:35:26 graph]: # Epoch 88: train_loss: 0.7721 | lr: 0.000000
[2023-03-21 16:35:27] PRINT [03/21 16:35:27 graph]: --- Testf1: 0.69400, Best Valacc: 0.68000 in epoch 97 --- 
[2023-03-21 16:35:28] PRINT [03/21 16:35:28 graph]: Epoch 88: get test acc score:  0.694
[2023-03-21 16:35:28] PRINT [03/21 16:35:28 graph]: best_f1 0.694 at epoch 88
[2023-03-21 16:35:28] PRINT [03/21 16:35:28 graph]: start epoch 89.
[2023-03-21 16:35:28] PRINT [03/21 16:35:28 graph]: # Epoch 89: train_loss: 0.7706 | lr: 0.000000
[2023-03-21 16:35:29] PRINT [03/21 16:35:29 graph]: --- Testf1: 0.67800, Best Valacc: 0.67400 in epoch 85 --- 
[2023-03-21 16:35:30] PRINT [03/21 16:35:30 graph]: Epoch 89: get test acc score:  0.678
[2023-03-21 16:35:30] PRINT [03/21 16:35:30 graph]: best_f1 0.694 at epoch 88
[2023-03-21 16:35:30] PRINT [03/21 16:35:30 graph]: start epoch 90.
[2023-03-21 16:35:30] PRINT [03/21 16:35:30 graph]: # Epoch 90: train_loss: 0.7720 | lr: 0.000000
[2023-03-21 16:35:31] PRINT [03/21 16:35:31 graph]: --- Testf1: 0.67400, Best Valacc: 0.69400 in epoch 96 --- 
[2023-03-21 16:35:31] PRINT [03/21 16:35:31 graph]: Epoch 90: get test acc score:  0.674
[2023-03-21 16:35:31] PRINT [03/21 16:35:31 graph]: best_f1 0.694 at epoch 88
[2023-03-21 16:35:31] PRINT [03/21 16:35:31 graph]: start epoch 91.
[2023-03-21 16:35:31] PRINT [03/21 16:35:31 graph]: # Epoch 91: train_loss: 0.7720 | lr: 0.000000
[2023-03-21 16:35:33] PRINT [03/21 16:35:33 graph]: --- Testf1: 0.68400, Best Valacc: 0.67800 in epoch 82 --- 
[2023-03-21 16:35:33] PRINT [03/21 16:35:33 graph]: Epoch 91: get test acc score:  0.684
[2023-03-21 16:35:33] PRINT [03/21 16:35:33 graph]: best_f1 0.694 at epoch 88
[2023-03-21 16:35:33] PRINT [03/21 16:35:33 graph]: start epoch 92.
[2023-03-21 16:35:33] PRINT [03/21 16:35:33 graph]: # Epoch 92: train_loss: 0.7722 | lr: 0.000000
[2023-03-21 16:35:35] PRINT [03/21 16:35:35 graph]: --- Testf1: 0.66900, Best Valacc: 0.67000 in epoch 89 --- 
[2023-03-21 16:35:35] PRINT [03/21 16:35:35 graph]: Epoch 92: get test acc score:  0.669
[2023-03-21 16:35:35] PRINT [03/21 16:35:35 graph]: best_f1 0.694 at epoch 88
[2023-03-21 16:35:35] PRINT [03/21 16:35:35 graph]: start epoch 93.
[2023-03-21 16:35:35] PRINT [03/21 16:35:35 graph]: # Epoch 93: train_loss: 0.7719 | lr: 0.000000
[2023-03-21 16:35:37] PRINT [03/21 16:35:37 graph]: --- Testf1: 0.67200, Best Valacc: 0.66600 in epoch 99 --- 
[2023-03-21 16:35:37] PRINT [03/21 16:35:37 graph]: Epoch 93: get test acc score:  0.672
[2023-03-21 16:35:37] PRINT [03/21 16:35:37 graph]: best_f1 0.694 at epoch 88
[2023-03-21 16:35:37] PRINT [03/21 16:35:37 graph]: start epoch 94.
[2023-03-21 16:35:37] PRINT [03/21 16:35:37 graph]: # Epoch 94: train_loss: 0.7718 | lr: 0.000000
[2023-03-21 16:35:38] PRINT [03/21 16:35:38 graph]: --- Testf1: 0.66700, Best Valacc: 0.69600 in epoch 83 --- 
[2023-03-21 16:35:39] PRINT [03/21 16:35:39 graph]: Epoch 94: get test acc score:  0.667
[2023-03-21 16:35:39] PRINT [03/21 16:35:39 graph]: best_f1 0.694 at epoch 88
[2023-03-21 16:35:39] PRINT [03/21 16:35:39 graph]: start epoch 95.
[2023-03-21 16:35:39] PRINT [03/21 16:35:39 graph]: # Epoch 95: train_loss: 0.7722 | lr: 0.000000
[2023-03-21 16:35:40] PRINT [03/21 16:35:40 graph]: --- Testf1: 0.64700, Best Valacc: 0.65400 in epoch 97 --- 
[2023-03-21 16:35:40] PRINT [03/21 16:35:40 graph]: Epoch 95: get test acc score:  0.647
[2023-03-21 16:35:40] PRINT [03/21 16:35:40 graph]: best_f1 0.694 at epoch 88
[2023-03-21 16:35:40] PRINT [03/21 16:35:40 graph]: start epoch 96.
[2023-03-21 16:35:41] PRINT [03/21 16:35:41 graph]: # Epoch 96: train_loss: 0.7722 | lr: 0.000000
[2023-03-21 16:35:42] PRINT [03/21 16:35:42 graph]: --- Testf1: 0.65100, Best Valacc: 0.65600 in epoch 94 --- 
[2023-03-21 16:35:42] PRINT [03/21 16:35:42 graph]: Epoch 96: get test acc score:  0.651
[2023-03-21 16:35:42] PRINT [03/21 16:35:42 graph]: best_f1 0.694 at epoch 88
[2023-03-21 16:35:42] PRINT [03/21 16:35:42 graph]: start epoch 97.
[2023-03-21 16:35:42] PRINT [03/21 16:35:42 graph]: # Epoch 97: train_loss: 0.7718 | lr: 0.000000
[2023-03-21 16:35:44] PRINT [03/21 16:35:44 graph]: --- Testf1: 0.66600, Best Valacc: 0.67000 in epoch 95 --- 
[2023-03-21 16:35:44] PRINT [03/21 16:35:44 graph]: Epoch 97: get test acc score:  0.666
[2023-03-21 16:35:44] PRINT [03/21 16:35:44 graph]: best_f1 0.694 at epoch 88
[2023-03-21 16:35:44] PRINT [03/21 16:35:44 graph]: start epoch 98.
[2023-03-21 16:35:44] PRINT [03/21 16:35:44 graph]: # Epoch 98: train_loss: 0.7720 | lr: 0.000000
[2023-03-21 16:35:45] PRINT [03/21 16:35:45 graph]: --- Testf1: 0.65200, Best Valacc: 0.68200 in epoch 82 --- 
[2023-03-21 16:35:46] PRINT [03/21 16:35:46 graph]: Epoch 98: get test acc score:  0.652
[2023-03-21 16:35:46] PRINT [03/21 16:35:46 graph]: best_f1 0.694 at epoch 88
[2023-03-21 16:35:46] PRINT [03/21 16:35:46 graph]: start epoch 99.
[2023-03-21 16:35:46] PRINT [03/21 16:35:46 graph]: # Epoch 99: train_loss: 0.7717 | lr: 0.000000
[2023-03-21 16:35:47] PRINT [03/21 16:35:47 graph]: --- Testf1: 0.67700, Best Valacc: 0.66000 in epoch 54 --- 
[2023-03-21 16:35:48] PRINT [03/21 16:35:48 graph]: Epoch 99: get test acc score:  0.677
[2023-03-21 16:35:48] PRINT [03/21 16:35:48 graph]: best_f1 0.694 at epoch 88
[2023-03-21 16:35:48] PRINT [03/21 16:35:48 graph]: # final_acc: 0.6940±0.0000
