[2023-03-22 07:32:33] PRINT ---new cfg------
[2023-03-22 07:32:33] PRINT {'DATA': {'data_name': 'comp'}, 'DATALOADER': {'NUM_WORKERS': 0}, 'MODEL': {'num_hidden': 512, 'num_layers': 2, 'nhead': 4, 'activation': 'prelu', 'attn_drop': 0.2, 'feat_drop': 0.2, 'norm': 'layernorm', 'pooler': 'mean', 'beta_schedule': 'linear', 'beta_1': 0.0005218249226059899, 'beta_T': 0.05065416396045178, 'T': 696}, 'SOLVER': {'optim_type': 'adam', 'optim_type_f': 'adamw', 'alpha': 1, 'decay': 30, 'LR': 0.00010356293650455081, 'LR_f': 0.4867180370538187, 'weight_decay': 0, 'weight_decay_f': 0.00010083091511934183, 'MAX_EPOCH': 100, 'max_epoch_f': 500}, 'DEVICE': 'cuda', 'seeds': [0], 'eval_T': [50, 100, 200], 'output_dir': '/ddm-nni/AmazonCoBuyComputerDataset¶/log', 'checkpoint_dir': '/ddm-nni/AmazonCoBuyComputerDataset¶/log/checkpoint'}
[2023-03-22 07:32:33] PRINT [03/22 07:32:33 graph]: Rank of current process: 0. World size: 1
[2023-03-22 07:32:37] PRINT [03/22 07:32:37 graph]: Environment info:
[2023-03-22 07:32:37] PRINT PyTorch version: 1.10.0+cu113
[2023-03-22 07:32:37] PRINT Is debug build: False
[2023-03-22 07:32:37] PRINT CUDA used to build PyTorch: 11.3
[2023-03-22 07:32:37] PRINT ROCM used to build PyTorch: N/A
[2023-03-22 07:32:37] PRINT 
[2023-03-22 07:32:37] PRINT OS: Ubuntu 20.04.3 LTS (x86_64)
[2023-03-22 07:32:37] PRINT GCC version: (Ubuntu 9.3.0-17ubuntu1~20.04) 9.3.0
[2023-03-22 07:32:37] PRINT Clang version: Could not collect
[2023-03-22 07:32:37] PRINT CMake version: version 3.16.3
[2023-03-22 07:32:37] PRINT Libc version: glibc-2.31
[2023-03-22 07:32:37] PRINT 
[2023-03-22 07:32:37] PRINT Python version: 3.8.10 (default, Jun  4 2021, 15:09:15)  [GCC 7.5.0] (64-bit runtime)
[2023-03-22 07:32:37] PRINT Python platform: Linux-5.4.0-90-generic-x86_64-with-glibc2.17
[2023-03-22 07:32:37] PRINT Is CUDA available: True
[2023-03-22 07:32:37] PRINT CUDA runtime version: 11.3.109
[2023-03-22 07:32:37] PRINT GPU models and configuration: GPU 0: NVIDIA GeForce RTX 3090
[2023-03-22 07:32:37] PRINT Nvidia driver version: 495.44
[2023-03-22 07:32:37] PRINT cuDNN version: Probably one of the following:
[2023-03-22 07:32:37] PRINT /usr/lib/x86_64-linux-gnu/libcudnn.so.8.2.0
[2023-03-22 07:32:37] PRINT /usr/lib/x86_64-linux-gnu/libcudnn_adv_infer.so.8.2.0
[2023-03-22 07:32:37] PRINT /usr/lib/x86_64-linux-gnu/libcudnn_adv_train.so.8.2.0
[2023-03-22 07:32:37] PRINT /usr/lib/x86_64-linux-gnu/libcudnn_cnn_infer.so.8.2.0
[2023-03-22 07:32:37] PRINT /usr/lib/x86_64-linux-gnu/libcudnn_cnn_train.so.8.2.0
[2023-03-22 07:32:37] PRINT /usr/lib/x86_64-linux-gnu/libcudnn_ops_infer.so.8.2.0
[2023-03-22 07:32:37] PRINT /usr/lib/x86_64-linux-gnu/libcudnn_ops_train.so.8.2.0
[2023-03-22 07:32:37] PRINT HIP runtime version: N/A
[2023-03-22 07:32:37] PRINT MIOpen runtime version: N/A
[2023-03-22 07:32:37] PRINT 
[2023-03-22 07:32:37] PRINT Versions of relevant libraries:
[2023-03-22 07:32:37] PRINT [pip3] numpy==1.23.5
[2023-03-22 07:32:37] PRINT [pip3] torch==1.10.0+cu113
[2023-03-22 07:32:37] PRINT [pip3] torchvision==0.11.1+cu113
[2023-03-22 07:32:37] PRINT [conda] blas                      1.0                         mkl    https://mirrors.ustc.edu.cn/anaconda/pkgs/main
[2023-03-22 07:32:37] PRINT [conda] mkl                       2021.4.0           h06a4308_640    https://mirrors.ustc.edu.cn/anaconda/pkgs/main
[2023-03-22 07:32:37] PRINT [conda] mkl-service               2.4.0            py38h7f8727e_0    https://mirrors.ustc.edu.cn/anaconda/pkgs/main
[2023-03-22 07:32:37] PRINT [conda] mkl_fft                   1.3.1            py38hd3c417c_0    https://mirrors.ustc.edu.cn/anaconda/pkgs/main
[2023-03-22 07:32:37] PRINT [conda] mkl_random                1.2.2            py38h51133e4_0    https://mirrors.ustc.edu.cn/anaconda/pkgs/main
[2023-03-22 07:32:37] PRINT [conda] numpy                     1.21.4                   pypi_0    pypi
[2023-03-22 07:32:37] PRINT [conda] numpy-base                1.23.5           py38h31eccc5_0    https://mirrors.ustc.edu.cn/anaconda/pkgs/main
[2023-03-22 07:32:37] PRINT [conda] torch                     1.10.0+cu113             pypi_0    pypi
[2023-03-22 07:32:37] PRINT [conda] torchvision               0.11.1+cu113             pypi_0    pypi
[2023-03-22 07:32:37] PRINT         Pillow (8.4.0)
[2023-03-22 07:32:37] PRINT [03/22 07:32:37 graph]: Command line arguments: Namespace(local_rank=0, resume=False, seed=1234, start_epoch=0)
[2023-03-22 07:32:37] PRINT [03/22 07:32:37 graph]: Run 0th for seed 0
[2023-03-22 07:32:37] PRINT [03/22 07:32:37 graph]: Total trainable params num : 8037379
[2023-03-22 07:32:41] PRINT [03/22 07:32:41 graph]: ----------Start Training----------
[2023-03-22 07:32:42] PRINT [03/22 07:32:42 graph]: start epoch 0.
[2023-03-22 07:32:42] PRINT [03/22 07:32:42 graph]: # Epoch 0: train_loss: 1.0222 | lr: 0.000104
[2023-03-22 07:32:42] PRINT [03/22 07:32:42 graph]: start epoch 1.
[2023-03-22 07:32:42] PRINT [03/22 07:32:42 graph]: # Epoch 1: train_loss: 0.8597 | lr: 0.000104
[2023-03-22 07:32:42] PRINT [03/22 07:32:42 graph]: start epoch 2.
[2023-03-22 07:32:42] PRINT [03/22 07:32:42 graph]: # Epoch 2: train_loss: 0.7872 | lr: 0.000104
[2023-03-22 07:32:42] PRINT [03/22 07:32:42 graph]: start epoch 3.
[2023-03-22 07:32:42] PRINT [03/22 07:32:42 graph]: # Epoch 3: train_loss: 0.7367 | lr: 0.000104
[2023-03-22 07:32:42] PRINT [03/22 07:32:42 graph]: start epoch 4.
[2023-03-22 07:32:42] PRINT [03/22 07:32:42 graph]: # Epoch 4: train_loss: 0.6992 | lr: 0.000104
[2023-03-22 07:32:42] PRINT [03/22 07:32:42 graph]: start epoch 5.
[2023-03-22 07:32:42] PRINT [03/22 07:32:42 graph]: # Epoch 5: train_loss: 0.6725 | lr: 0.000104
[2023-03-22 07:32:42] PRINT [03/22 07:32:42 graph]: start epoch 6.
[2023-03-22 07:32:43] PRINT [03/22 07:32:43 graph]: # Epoch 6: train_loss: 0.6516 | lr: 0.000104
[2023-03-22 07:32:43] PRINT [03/22 07:32:43 graph]: start epoch 7.
[2023-03-22 07:32:43] PRINT [03/22 07:32:43 graph]: # Epoch 7: train_loss: 0.6364 | lr: 0.000104
[2023-03-22 07:32:43] PRINT [03/22 07:32:43 graph]: start epoch 8.
[2023-03-22 07:32:43] PRINT [03/22 07:32:43 graph]: # Epoch 8: train_loss: 0.6235 | lr: 0.000104
[2023-03-22 07:32:43] PRINT [03/22 07:32:43 graph]: start epoch 9.
[2023-03-22 07:32:43] PRINT [03/22 07:32:43 graph]: # Epoch 9: train_loss: 0.6125 | lr: 0.000104
[2023-03-22 07:32:43] PRINT [03/22 07:32:43 graph]: start epoch 10.
[2023-03-22 07:32:43] PRINT [03/22 07:32:43 graph]: # Epoch 10: train_loss: 0.6033 | lr: 0.000104
[2023-03-22 07:32:43] PRINT [03/22 07:32:43 graph]: start epoch 11.
[2023-03-22 07:32:43] PRINT [03/22 07:32:43 graph]: # Epoch 11: train_loss: 0.5958 | lr: 0.000104
[2023-03-22 07:32:43] PRINT [03/22 07:32:43 graph]: start epoch 12.
[2023-03-22 07:32:43] PRINT [03/22 07:32:43 graph]: # Epoch 12: train_loss: 0.5904 | lr: 0.000104
[2023-03-22 07:32:43] PRINT [03/22 07:32:43 graph]: start epoch 13.
[2023-03-22 07:32:43] PRINT [03/22 07:32:43 graph]: # Epoch 13: train_loss: 0.5851 | lr: 0.000104
[2023-03-22 07:32:43] PRINT [03/22 07:32:43 graph]: start epoch 14.
[2023-03-22 07:32:43] PRINT [03/22 07:32:43 graph]: # Epoch 14: train_loss: 0.5811 | lr: 0.000104
[2023-03-22 07:32:43] PRINT [03/22 07:32:43 graph]: start epoch 15.
[2023-03-22 07:32:43] PRINT [03/22 07:32:43 graph]: # Epoch 15: train_loss: 0.5771 | lr: 0.000104
[2023-03-22 07:32:43] PRINT [03/22 07:32:43 graph]: start epoch 16.
[2023-03-22 07:32:43] PRINT [03/22 07:32:43 graph]: # Epoch 16: train_loss: 0.5733 | lr: 0.000104
[2023-03-22 07:32:43] PRINT [03/22 07:32:43 graph]: start epoch 17.
[2023-03-22 07:32:43] PRINT [03/22 07:32:43 graph]: # Epoch 17: train_loss: 0.5705 | lr: 0.000104
[2023-03-22 07:32:43] PRINT [03/22 07:32:43 graph]: start epoch 18.
[2023-03-22 07:32:43] PRINT [03/22 07:32:43 graph]: # Epoch 18: train_loss: 0.5679 | lr: 0.000104
[2023-03-22 07:32:43] PRINT [03/22 07:32:43 graph]: start epoch 19.
[2023-03-22 07:32:43] PRINT [03/22 07:32:43 graph]: # Epoch 19: train_loss: 0.5654 | lr: 0.000104
[2023-03-22 07:32:43] PRINT [03/22 07:32:43 graph]: start epoch 20.
[2023-03-22 07:32:43] PRINT [03/22 07:32:43 graph]: # Epoch 20: train_loss: 0.5628 | lr: 0.000104
[2023-03-22 07:32:43] PRINT [03/22 07:32:43 graph]: start epoch 21.
[2023-03-22 07:32:44] PRINT [03/22 07:32:44 graph]: # Epoch 21: train_loss: 0.5608 | lr: 0.000104
[2023-03-22 07:32:44] PRINT [03/22 07:32:44 graph]: start epoch 22.
[2023-03-22 07:32:44] PRINT [03/22 07:32:44 graph]: # Epoch 22: train_loss: 0.5587 | lr: 0.000104
[2023-03-22 07:32:44] PRINT [03/22 07:32:44 graph]: start epoch 23.
[2023-03-22 07:32:44] PRINT [03/22 07:32:44 graph]: # Epoch 23: train_loss: 0.5567 | lr: 0.000104
[2023-03-22 07:32:44] PRINT [03/22 07:32:44 graph]: start epoch 24.
[2023-03-22 07:32:44] PRINT [03/22 07:32:44 graph]: # Epoch 24: train_loss: 0.5551 | lr: 0.000104
[2023-03-22 07:32:44] PRINT [03/22 07:32:44 graph]: start epoch 25.
[2023-03-22 07:32:44] PRINT [03/22 07:32:44 graph]: # Epoch 25: train_loss: 0.5531 | lr: 0.000104
[2023-03-22 07:32:44] PRINT [03/22 07:32:44 graph]: start epoch 26.
[2023-03-22 07:32:44] PRINT [03/22 07:32:44 graph]: # Epoch 26: train_loss: 0.5517 | lr: 0.000104
[2023-03-22 07:32:44] PRINT [03/22 07:32:44 graph]: start epoch 27.
[2023-03-22 07:32:44] PRINT [03/22 07:32:44 graph]: # Epoch 27: train_loss: 0.5507 | lr: 0.000104
[2023-03-22 07:32:44] PRINT [03/22 07:32:44 graph]: start epoch 28.
[2023-03-22 07:32:44] PRINT [03/22 07:32:44 graph]: # Epoch 28: train_loss: 0.5492 | lr: 0.000104
[2023-03-22 07:32:44] PRINT [03/22 07:32:44 graph]: start epoch 29.
[2023-03-22 07:32:44] PRINT [03/22 07:32:44 graph]: # Epoch 29: train_loss: 0.5485 | lr: 0.000104
[2023-03-22 07:32:44] PRINT [03/22 07:32:44 graph]: start epoch 30.
[2023-03-22 07:32:44] PRINT [03/22 07:32:44 graph]: # Epoch 30: train_loss: 0.5474 | lr: 0.000104
[2023-03-22 07:32:44] PRINT [03/22 07:32:44 graph]: start epoch 31.
[2023-03-22 07:32:44] PRINT [03/22 07:32:44 graph]: # Epoch 31: train_loss: 0.5468 | lr: 0.000104
[2023-03-22 07:32:44] PRINT [03/22 07:32:44 graph]: start epoch 32.
[2023-03-22 07:32:44] PRINT [03/22 07:32:44 graph]: # Epoch 32: train_loss: 0.5456 | lr: 0.000104
[2023-03-22 07:32:44] PRINT [03/22 07:32:44 graph]: start epoch 33.
[2023-03-22 07:32:44] PRINT [03/22 07:32:44 graph]: # Epoch 33: train_loss: 0.5446 | lr: 0.000104
[2023-03-22 07:32:44] PRINT [03/22 07:32:44 graph]: start epoch 34.
[2023-03-22 07:32:44] PRINT [03/22 07:32:44 graph]: # Epoch 34: train_loss: 0.5436 | lr: 0.000104
[2023-03-22 07:32:44] PRINT [03/22 07:32:44 graph]: start epoch 35.
[2023-03-22 07:32:45] PRINT [03/22 07:32:45 graph]: # Epoch 35: train_loss: 0.5427 | lr: 0.000104
[2023-03-22 07:32:45] PRINT [03/22 07:32:45 graph]: start epoch 36.
[2023-03-22 07:32:45] PRINT [03/22 07:32:45 graph]: # Epoch 36: train_loss: 0.5413 | lr: 0.000104
[2023-03-22 07:32:45] PRINT [03/22 07:32:45 graph]: start epoch 37.
[2023-03-22 07:32:45] PRINT [03/22 07:32:45 graph]: # Epoch 37: train_loss: 0.5403 | lr: 0.000104
[2023-03-22 07:32:45] PRINT [03/22 07:32:45 graph]: start epoch 38.
[2023-03-22 07:32:45] PRINT [03/22 07:32:45 graph]: # Epoch 38: train_loss: 0.5391 | lr: 0.000104
[2023-03-22 07:32:45] PRINT [03/22 07:32:45 graph]: start epoch 39.
[2023-03-22 07:32:45] PRINT [03/22 07:32:45 graph]: # Epoch 39: train_loss: 0.5375 | lr: 0.000104
[2023-03-22 07:32:45] PRINT [03/22 07:32:45 graph]: start epoch 40.
[2023-03-22 07:32:45] PRINT [03/22 07:32:45 graph]: # Epoch 40: train_loss: 0.5368 | lr: 0.000104
[2023-03-22 07:32:45] PRINT [03/22 07:32:45 graph]: start epoch 41.
[2023-03-22 07:32:45] PRINT [03/22 07:32:45 graph]: # Epoch 41: train_loss: 0.5352 | lr: 0.000104
[2023-03-22 07:32:45] PRINT [03/22 07:32:45 graph]: start epoch 42.
[2023-03-22 07:32:45] PRINT [03/22 07:32:45 graph]: # Epoch 42: train_loss: 0.5341 | lr: 0.000104
[2023-03-22 07:32:45] PRINT [03/22 07:32:45 graph]: start epoch 43.
[2023-03-22 07:32:45] PRINT [03/22 07:32:45 graph]: # Epoch 43: train_loss: 0.5327 | lr: 0.000104
[2023-03-22 07:32:45] PRINT [03/22 07:32:45 graph]: start epoch 44.
[2023-03-22 07:32:45] PRINT [03/22 07:32:45 graph]: # Epoch 44: train_loss: 0.5313 | lr: 0.000104
[2023-03-22 07:32:45] PRINT [03/22 07:32:45 graph]: start epoch 45.
[2023-03-22 07:32:45] PRINT [03/22 07:32:45 graph]: # Epoch 45: train_loss: 0.5305 | lr: 0.000104
[2023-03-22 07:32:45] PRINT [03/22 07:32:45 graph]: start epoch 46.
[2023-03-22 07:32:45] PRINT [03/22 07:32:45 graph]: # Epoch 46: train_loss: 0.5289 | lr: 0.000104
[2023-03-22 07:32:45] PRINT [03/22 07:32:45 graph]: start epoch 47.
[2023-03-22 07:32:45] PRINT [03/22 07:32:45 graph]: # Epoch 47: train_loss: 0.5270 | lr: 0.000104
[2023-03-22 07:32:45] PRINT [03/22 07:32:45 graph]: start epoch 48.
[2023-03-22 07:32:45] PRINT [03/22 07:32:45 graph]: # Epoch 48: train_loss: 0.5265 | lr: 0.000104
[2023-03-22 07:32:45] PRINT [03/22 07:32:45 graph]: start epoch 49.
[2023-03-22 07:32:45] PRINT [03/22 07:32:45 graph]: # Epoch 49: train_loss: 0.5240 | lr: 0.000104
[2023-03-22 07:32:45] PRINT [03/22 07:32:45 graph]: start epoch 50.
[2023-03-22 07:32:46] PRINT [03/22 07:32:46 graph]: # Epoch 50: train_loss: 0.5230 | lr: 0.000104
[2023-03-22 07:32:46] PRINT [03/22 07:32:46 graph]: start epoch 51.
[2023-03-22 07:32:46] PRINT [03/22 07:32:46 graph]: # Epoch 51: train_loss: 0.5210 | lr: 0.000104
[2023-03-22 07:32:51] PRINT [03/22 07:32:51 graph]: --- Testf1: 0.87430, Best Valacc: 0.84873 in epoch 280 --- 
[2023-03-22 07:32:51] PRINT [03/22 07:32:51 graph]: Epoch 51: get test acc score:  0.87430
[2023-03-22 07:32:51] PRINT [03/22 07:32:51 graph]: best_f1 0.8743 at epoch 51
[2023-03-22 07:32:51] PRINT [03/22 07:32:51 graph]: start epoch 52.
[2023-03-22 07:32:51] PRINT [03/22 07:32:51 graph]: # Epoch 52: train_loss: 0.5192 | lr: 0.000104
[2023-03-22 07:32:57] PRINT [03/22 07:32:57 graph]: --- Testf1: 0.86984, Best Valacc: 0.85600 in epoch 488 --- 
[2023-03-22 07:32:57] PRINT [03/22 07:32:57 graph]: Epoch 52: get test acc score:  0.86984
[2023-03-22 07:32:57] PRINT [03/22 07:32:57 graph]: best_f1 0.8743 at epoch 51
[2023-03-22 07:32:57] PRINT [03/22 07:32:57 graph]: start epoch 53.
[2023-03-22 07:32:58] PRINT [03/22 07:32:58 graph]: # Epoch 53: train_loss: 0.5192 | lr: 0.000104
[2023-03-22 07:33:08] PRINT [03/22 07:33:08 graph]: --- Testf1: 0.86648, Best Valacc: 0.85455 in epoch 417 --- 
[2023-03-22 07:33:08] PRINT [03/22 07:33:08 graph]: Epoch 53: get test acc score:  0.86648
[2023-03-22 07:33:08] PRINT [03/22 07:33:08 graph]: best_f1 0.8743 at epoch 51
[2023-03-22 07:33:08] PRINT [03/22 07:33:08 graph]: start epoch 54.
[2023-03-22 07:33:08] PRINT [03/22 07:33:08 graph]: # Epoch 54: train_loss: 0.5157 | lr: 0.000104
[2023-03-22 07:33:15] PRINT [03/22 07:33:15 graph]: --- Testf1: 0.87111, Best Valacc: 0.85745 in epoch 327 --- 
[2023-03-22 07:33:16] PRINT [03/22 07:33:16 graph]: Epoch 54: get test acc score:  0.87111
[2023-03-22 07:33:16] PRINT [03/22 07:33:16 graph]: best_f1 0.8743 at epoch 51
[2023-03-22 07:33:16] PRINT [03/22 07:33:16 graph]: start epoch 55.
[2023-03-22 07:33:16] PRINT [03/22 07:33:16 graph]: # Epoch 55: train_loss: 0.5151 | lr: 0.000104
[2023-03-22 07:33:23] PRINT [03/22 07:33:23 graph]: --- Testf1: 0.87048, Best Valacc: 0.85673 in epoch 94 --- 
[2023-03-22 07:33:23] PRINT [03/22 07:33:23 graph]: Epoch 55: get test acc score:  0.87048
[2023-03-22 07:33:23] PRINT [03/22 07:33:23 graph]: best_f1 0.8743 at epoch 51
[2023-03-22 07:33:23] PRINT [03/22 07:33:23 graph]: start epoch 56.
[2023-03-22 07:33:23] PRINT [03/22 07:33:23 graph]: # Epoch 56: train_loss: 0.5128 | lr: 0.000104
[2023-03-22 07:33:31] PRINT [03/22 07:33:31 graph]: --- Testf1: 0.87011, Best Valacc: 0.86473 in epoch 332 --- 
[2023-03-22 07:33:31] PRINT [03/22 07:33:31 graph]: Epoch 56: get test acc score:  0.87011
[2023-03-22 07:33:31] PRINT [03/22 07:33:31 graph]: best_f1 0.8743 at epoch 51
[2023-03-22 07:33:31] PRINT [03/22 07:33:31 graph]: start epoch 57.
[2023-03-22 07:33:31] PRINT [03/22 07:33:31 graph]: # Epoch 57: train_loss: 0.5112 | lr: 0.000104
[2023-03-22 07:33:38] PRINT [03/22 07:33:38 graph]: --- Testf1: 0.87357, Best Valacc: 0.85455 in epoch 247 --- 
[2023-03-22 07:33:39] PRINT [03/22 07:33:39 graph]: Epoch 57: get test acc score:  0.87357
[2023-03-22 07:33:39] PRINT [03/22 07:33:39 graph]: best_f1 0.8743 at epoch 51
[2023-03-22 07:33:39] PRINT [03/22 07:33:39 graph]: start epoch 58.
[2023-03-22 07:33:39] PRINT [03/22 07:33:39 graph]: # Epoch 58: train_loss: 0.5095 | lr: 0.000104
[2023-03-22 07:33:46] PRINT [03/22 07:33:46 graph]: --- Testf1: 0.87184, Best Valacc: 0.85236 in epoch 349 --- 
[2023-03-22 07:33:46] PRINT [03/22 07:33:46 graph]: Epoch 58: get test acc score:  0.87184
[2023-03-22 07:33:46] PRINT [03/22 07:33:46 graph]: best_f1 0.8743 at epoch 51
[2023-03-22 07:33:46] PRINT [03/22 07:33:46 graph]: start epoch 59.
[2023-03-22 07:33:46] PRINT [03/22 07:33:46 graph]: # Epoch 59: train_loss: 0.5082 | lr: 0.000104
[2023-03-22 07:33:54] PRINT [03/22 07:33:54 graph]: --- Testf1: 0.86811, Best Valacc: 0.85600 in epoch 425 --- 
[2023-03-22 07:33:54] PRINT [03/22 07:33:54 graph]: Epoch 59: get test acc score:  0.86811
[2023-03-22 07:33:54] PRINT [03/22 07:33:54 graph]: best_f1 0.8743 at epoch 51
[2023-03-22 07:33:54] PRINT [03/22 07:33:54 graph]: start epoch 60.
[2023-03-22 07:33:54] PRINT [03/22 07:33:54 graph]: # Epoch 60: train_loss: 0.5062 | lr: 0.000104
[2023-03-22 07:34:01] PRINT [03/22 07:34:01 graph]: --- Testf1: 0.86793, Best Valacc: 0.85745 in epoch 399 --- 
[2023-03-22 07:34:02] PRINT [03/22 07:34:02 graph]: Epoch 60: get test acc score:  0.86793
[2023-03-22 07:34:02] PRINT [03/22 07:34:02 graph]: best_f1 0.8743 at epoch 51
[2023-03-22 07:34:02] PRINT [03/22 07:34:02 graph]: start epoch 61.
[2023-03-22 07:34:02] PRINT [03/22 07:34:02 graph]: # Epoch 61: train_loss: 0.5047 | lr: 0.000104
[2023-03-22 07:34:09] PRINT [03/22 07:34:09 graph]: --- Testf1: 0.86766, Best Valacc: 0.85164 in epoch 364 --- 
[2023-03-22 07:34:09] PRINT [03/22 07:34:09 graph]: Epoch 61: get test acc score:  0.86766
[2023-03-22 07:34:09] PRINT [03/22 07:34:09 graph]: best_f1 0.8743 at epoch 51
[2023-03-22 07:34:09] PRINT [03/22 07:34:09 graph]: start epoch 62.
[2023-03-22 07:34:09] PRINT [03/22 07:34:09 graph]: # Epoch 62: train_loss: 0.5035 | lr: 0.000104
[2023-03-22 07:34:16] PRINT [03/22 07:34:16 graph]: --- Testf1: 0.87548, Best Valacc: 0.85891 in epoch 434 --- 
[2023-03-22 07:34:16] PRINT [03/22 07:34:16 graph]: Epoch 62: get test acc score:  0.87548
[2023-03-22 07:34:16] PRINT [03/22 07:34:16 graph]: best_f1 0.87548 at epoch 62
[2023-03-22 07:34:16] PRINT [03/22 07:34:16 graph]: start epoch 63.
[2023-03-22 07:34:17] PRINT [03/22 07:34:17 graph]: # Epoch 63: train_loss: 0.5017 | lr: 0.000104
[2023-03-22 07:34:23] PRINT [03/22 07:34:23 graph]: --- Testf1: 0.87193, Best Valacc: 0.86327 in epoch 374 --- 
[2023-03-22 07:34:23] PRINT [03/22 07:34:23 graph]: Epoch 63: get test acc score:  0.87193
[2023-03-22 07:34:23] PRINT [03/22 07:34:23 graph]: best_f1 0.87548 at epoch 62
[2023-03-22 07:34:23] PRINT [03/22 07:34:23 graph]: start epoch 64.
[2023-03-22 07:34:24] PRINT [03/22 07:34:24 graph]: # Epoch 64: train_loss: 0.5011 | lr: 0.000104
[2023-03-22 07:34:30] PRINT [03/22 07:34:30 graph]: --- Testf1: 0.87539, Best Valacc: 0.85745 in epoch 358 --- 
[2023-03-22 07:34:31] PRINT [03/22 07:34:31 graph]: Epoch 64: get test acc score:  0.87539
[2023-03-22 07:34:31] PRINT [03/22 07:34:31 graph]: best_f1 0.87548 at epoch 62
[2023-03-22 07:34:31] PRINT [03/22 07:34:31 graph]: start epoch 65.
[2023-03-22 07:34:31] PRINT [03/22 07:34:31 graph]: # Epoch 65: train_loss: 0.5014 | lr: 0.000104
[2023-03-22 07:34:38] PRINT [03/22 07:34:38 graph]: --- Testf1: 0.87548, Best Valacc: 0.86036 in epoch 421 --- 
[2023-03-22 07:34:38] PRINT [03/22 07:34:38 graph]: Epoch 65: get test acc score:  0.87548
[2023-03-22 07:34:38] PRINT [03/22 07:34:38 graph]: best_f1 0.87548 at epoch 62
[2023-03-22 07:34:38] PRINT [03/22 07:34:38 graph]: start epoch 66.
[2023-03-22 07:34:38] PRINT [03/22 07:34:38 graph]: # Epoch 66: train_loss: 0.4972 | lr: 0.000104
[2023-03-22 07:34:45] PRINT [03/22 07:34:45 graph]: --- Testf1: 0.87384, Best Valacc: 0.85527 in epoch 215 --- 
[2023-03-22 07:34:45] PRINT [03/22 07:34:45 graph]: Epoch 66: get test acc score:  0.87384
[2023-03-22 07:34:45] PRINT [03/22 07:34:45 graph]: best_f1 0.87548 at epoch 62
[2023-03-22 07:34:45] PRINT [03/22 07:34:45 graph]: start epoch 67.
[2023-03-22 07:34:46] PRINT [03/22 07:34:46 graph]: # Epoch 67: train_loss: 0.4964 | lr: 0.000104
[2023-03-22 07:34:52] PRINT [03/22 07:34:52 graph]: --- Testf1: 0.87148, Best Valacc: 0.86400 in epoch 392 --- 
[2023-03-22 07:34:53] PRINT [03/22 07:34:53 graph]: Epoch 67: get test acc score:  0.87148
[2023-03-22 07:34:53] PRINT [03/22 07:34:53 graph]: best_f1 0.87548 at epoch 62
[2023-03-22 07:34:53] PRINT [03/22 07:34:53 graph]: start epoch 68.
[2023-03-22 07:34:53] PRINT [03/22 07:34:53 graph]: # Epoch 68: train_loss: 0.4959 | lr: 0.000104
[2023-03-22 07:35:00] PRINT [03/22 07:35:00 graph]: --- Testf1: 0.87320, Best Valacc: 0.85527 in epoch 418 --- 
[2023-03-22 07:35:00] PRINT [03/22 07:35:00 graph]: Epoch 68: get test acc score:  0.87320
[2023-03-22 07:35:00] PRINT [03/22 07:35:00 graph]: best_f1 0.87548 at epoch 62
[2023-03-22 07:35:00] PRINT [03/22 07:35:00 graph]: start epoch 69.
[2023-03-22 07:35:00] PRINT [03/22 07:35:00 graph]: # Epoch 69: train_loss: 0.4961 | lr: 0.000104
[2023-03-22 07:35:07] PRINT [03/22 07:35:07 graph]: --- Testf1: 0.87748, Best Valacc: 0.85309 in epoch 295 --- 
[2023-03-22 07:35:07] PRINT [03/22 07:35:07 graph]: Epoch 69: get test acc score:  0.87748
[2023-03-22 07:35:07] PRINT [03/22 07:35:07 graph]: best_f1 0.87748 at epoch 69
[2023-03-22 07:35:07] PRINT [03/22 07:35:07 graph]: start epoch 70.
[2023-03-22 07:35:08] PRINT [03/22 07:35:08 graph]: # Epoch 70: train_loss: 0.4933 | lr: 0.000104
[2023-03-22 07:35:14] PRINT [03/22 07:35:14 graph]: --- Testf1: 0.87530, Best Valacc: 0.85745 in epoch 405 --- 
[2023-03-22 07:35:15] PRINT [03/22 07:35:15 graph]: Epoch 70: get test acc score:  0.87530
[2023-03-22 07:35:15] PRINT [03/22 07:35:15 graph]: best_f1 0.87748 at epoch 69
[2023-03-22 07:35:15] PRINT [03/22 07:35:15 graph]: start epoch 71.
[2023-03-22 07:35:15] PRINT [03/22 07:35:15 graph]: # Epoch 71: train_loss: 0.4923 | lr: 0.000104
[2023-03-22 07:35:22] PRINT [03/22 07:35:22 graph]: --- Testf1: 0.86802, Best Valacc: 0.85164 in epoch 438 --- 
[2023-03-22 07:35:22] PRINT [03/22 07:35:22 graph]: Epoch 71: get test acc score:  0.86802
[2023-03-22 07:35:22] PRINT [03/22 07:35:22 graph]: best_f1 0.87748 at epoch 69
[2023-03-22 07:35:22] PRINT [03/22 07:35:22 graph]: start epoch 72.
[2023-03-22 07:35:22] PRINT [03/22 07:35:22 graph]: # Epoch 72: train_loss: 0.4901 | lr: 0.000104
[2023-03-22 07:35:29] PRINT [03/22 07:35:29 graph]: --- Testf1: 0.87530, Best Valacc: 0.86473 in epoch 458 --- 
[2023-03-22 07:35:29] PRINT [03/22 07:35:29 graph]: Epoch 72: get test acc score:  0.87530
[2023-03-22 07:35:29] PRINT [03/22 07:35:29 graph]: best_f1 0.87748 at epoch 69
[2023-03-22 07:35:29] PRINT [03/22 07:35:29 graph]: start epoch 73.
[2023-03-22 07:35:29] PRINT [03/22 07:35:29 graph]: # Epoch 73: train_loss: 0.4889 | lr: 0.000104
[2023-03-22 07:35:36] PRINT [03/22 07:35:36 graph]: --- Testf1: 0.87639, Best Valacc: 0.85891 in epoch 375 --- 
[2023-03-22 07:35:36] PRINT [03/22 07:35:36 graph]: Epoch 73: get test acc score:  0.87639
[2023-03-22 07:35:36] PRINT [03/22 07:35:36 graph]: best_f1 0.87748 at epoch 69
[2023-03-22 07:35:36] PRINT [03/22 07:35:36 graph]: start epoch 74.
[2023-03-22 07:35:36] PRINT [03/22 07:35:36 graph]: # Epoch 74: train_loss: 0.4879 | lr: 0.000104
[2023-03-22 07:35:43] PRINT [03/22 07:35:43 graph]: --- Testf1: 0.87275, Best Valacc: 0.85964 in epoch 433 --- 
[2023-03-22 07:35:44] PRINT [03/22 07:35:44 graph]: Epoch 74: get test acc score:  0.87275
[2023-03-22 07:35:44] PRINT [03/22 07:35:44 graph]: best_f1 0.87748 at epoch 69
[2023-03-22 07:35:44] PRINT [03/22 07:35:44 graph]: start epoch 75.
[2023-03-22 07:35:44] PRINT [03/22 07:35:44 graph]: # Epoch 75: train_loss: 0.4864 | lr: 0.000104
[2023-03-22 07:35:51] PRINT [03/22 07:35:51 graph]: --- Testf1: 0.87902, Best Valacc: 0.86400 in epoch 378 --- 
[2023-03-22 07:35:51] PRINT [03/22 07:35:51 graph]: Epoch 75: get test acc score:  0.87902
[2023-03-22 07:35:51] PRINT [03/22 07:35:51 graph]: best_f1 0.87902 at epoch 75
[2023-03-22 07:35:51] PRINT [03/22 07:35:51 graph]: start epoch 76.
[2023-03-22 07:35:51] PRINT [03/22 07:35:51 graph]: # Epoch 76: train_loss: 0.4857 | lr: 0.000104
[2023-03-22 07:35:58] PRINT [03/22 07:35:58 graph]: --- Testf1: 0.87466, Best Valacc: 0.86109 in epoch 299 --- 
[2023-03-22 07:35:58] PRINT [03/22 07:35:58 graph]: Epoch 76: get test acc score:  0.87466
[2023-03-22 07:35:58] PRINT [03/22 07:35:58 graph]: best_f1 0.87902 at epoch 75
[2023-03-22 07:35:58] PRINT [03/22 07:35:58 graph]: start epoch 77.
[2023-03-22 07:35:58] PRINT [03/22 07:35:58 graph]: # Epoch 77: train_loss: 0.4855 | lr: 0.000104
[2023-03-22 07:36:06] PRINT [03/22 07:36:06 graph]: --- Testf1: 0.87330, Best Valacc: 0.85745 in epoch 358 --- 
[2023-03-22 07:36:06] PRINT [03/22 07:36:06 graph]: Epoch 77: get test acc score:  0.87330
[2023-03-22 07:36:06] PRINT [03/22 07:36:06 graph]: best_f1 0.87902 at epoch 75
[2023-03-22 07:36:06] PRINT [03/22 07:36:06 graph]: start epoch 78.
[2023-03-22 07:36:06] PRINT [03/22 07:36:06 graph]: # Epoch 78: train_loss: 0.4821 | lr: 0.000104
[2023-03-22 07:36:13] PRINT [03/22 07:36:13 graph]: --- Testf1: 0.87066, Best Valacc: 0.86764 in epoch 251 --- 
[2023-03-22 07:36:13] PRINT [03/22 07:36:13 graph]: Epoch 78: get test acc score:  0.87066
[2023-03-22 07:36:13] PRINT [03/22 07:36:13 graph]: best_f1 0.87902 at epoch 75
[2023-03-22 07:36:13] PRINT [03/22 07:36:13 graph]: start epoch 79.
[2023-03-22 07:36:13] PRINT [03/22 07:36:13 graph]: # Epoch 79: train_loss: 0.4819 | lr: 0.000104
[2023-03-22 07:36:20] PRINT [03/22 07:36:20 graph]: --- Testf1: 0.87402, Best Valacc: 0.86327 in epoch 378 --- 
[2023-03-22 07:36:21] PRINT [03/22 07:36:21 graph]: Epoch 79: get test acc score:  0.87402
[2023-03-22 07:36:21] PRINT [03/22 07:36:21 graph]: best_f1 0.87902 at epoch 75
[2023-03-22 07:36:21] PRINT [03/22 07:36:21 graph]: start epoch 80.
[2023-03-22 07:36:21] PRINT [03/22 07:36:21 graph]: # Epoch 80: train_loss: 0.4825 | lr: 0.000104
[2023-03-22 07:36:28] PRINT [03/22 07:36:28 graph]: --- Testf1: 0.87493, Best Valacc: 0.86836 in epoch 490 --- 
[2023-03-22 07:36:28] PRINT [03/22 07:36:28 graph]: Epoch 80: get test acc score:  0.87493
[2023-03-22 07:36:28] PRINT [03/22 07:36:28 graph]: best_f1 0.87902 at epoch 75
[2023-03-22 07:36:28] PRINT [03/22 07:36:28 graph]: start epoch 81.
[2023-03-22 07:36:28] PRINT [03/22 07:36:28 graph]: # Epoch 81: train_loss: 0.4798 | lr: 0.000104
[2023-03-22 07:36:36] PRINT [03/22 07:36:36 graph]: --- Testf1: 0.87711, Best Valacc: 0.86109 in epoch 315 --- 
[2023-03-22 07:36:36] PRINT [03/22 07:36:36 graph]: Epoch 81: get test acc score:  0.87711
[2023-03-22 07:36:36] PRINT [03/22 07:36:36 graph]: best_f1 0.87902 at epoch 75
[2023-03-22 07:36:36] PRINT [03/22 07:36:36 graph]: start epoch 82.
[2023-03-22 07:36:36] PRINT [03/22 07:36:36 graph]: # Epoch 82: train_loss: 0.4820 | lr: 0.000104
[2023-03-22 07:36:43] PRINT [03/22 07:36:43 graph]: --- Testf1: 0.87411, Best Valacc: 0.85164 in epoch 497 --- 
[2023-03-22 07:36:44] PRINT [03/22 07:36:44 graph]: Epoch 82: get test acc score:  0.87411
[2023-03-22 07:36:44] PRINT [03/22 07:36:44 graph]: best_f1 0.87902 at epoch 75
[2023-03-22 07:36:44] PRINT [03/22 07:36:44 graph]: start epoch 83.
[2023-03-22 07:36:44] PRINT [03/22 07:36:44 graph]: # Epoch 83: train_loss: 0.4849 | lr: 0.000104
[2023-03-22 07:36:51] PRINT [03/22 07:36:51 graph]: --- Testf1: 0.87493, Best Valacc: 0.86109 in epoch 429 --- 
[2023-03-22 07:36:51] PRINT [03/22 07:36:51 graph]: Epoch 83: get test acc score:  0.87493
[2023-03-22 07:36:51] PRINT [03/22 07:36:51 graph]: best_f1 0.87902 at epoch 75
[2023-03-22 07:36:51] PRINT [03/22 07:36:51 graph]: start epoch 84.
[2023-03-22 07:36:51] PRINT [03/22 07:36:51 graph]: # Epoch 84: train_loss: 0.4782 | lr: 0.000104
[2023-03-22 07:36:59] PRINT [03/22 07:36:59 graph]: --- Testf1: 0.87866, Best Valacc: 0.85964 in epoch 373 --- 
[2023-03-22 07:36:59] PRINT [03/22 07:36:59 graph]: Epoch 84: get test acc score:  0.87866
[2023-03-22 07:36:59] PRINT [03/22 07:36:59 graph]: best_f1 0.87902 at epoch 75
[2023-03-22 07:36:59] PRINT [03/22 07:36:59 graph]: start epoch 85.
[2023-03-22 07:36:59] PRINT [03/22 07:36:59 graph]: # Epoch 85: train_loss: 0.4832 | lr: 0.000104
[2023-03-22 07:37:06] PRINT [03/22 07:37:06 graph]: --- Testf1: 0.87530, Best Valacc: 0.86109 in epoch 316 --- 
[2023-03-22 07:37:06] PRINT [03/22 07:37:06 graph]: Epoch 85: get test acc score:  0.87530
[2023-03-22 07:37:06] PRINT [03/22 07:37:06 graph]: best_f1 0.87902 at epoch 75
[2023-03-22 07:37:06] PRINT [03/22 07:37:06 graph]: start epoch 86.
[2023-03-22 07:37:07] PRINT [03/22 07:37:07 graph]: # Epoch 86: train_loss: 0.4758 | lr: 0.000104
[2023-03-22 07:37:14] PRINT [03/22 07:37:14 graph]: --- Testf1: 0.87557, Best Valacc: 0.85527 in epoch 206 --- 
[2023-03-22 07:37:14] PRINT [03/22 07:37:14 graph]: Epoch 86: get test acc score:  0.87557
[2023-03-22 07:37:14] PRINT [03/22 07:37:14 graph]: best_f1 0.87902 at epoch 75
[2023-03-22 07:37:14] PRINT [03/22 07:37:14 graph]: start epoch 87.
[2023-03-22 07:37:14] PRINT [03/22 07:37:14 graph]: # Epoch 87: train_loss: 0.4789 | lr: 0.000104
[2023-03-22 07:37:21] PRINT [03/22 07:37:21 graph]: --- Testf1: 0.87730, Best Valacc: 0.86545 in epoch 239 --- 
[2023-03-22 07:37:21] PRINT [03/22 07:37:21 graph]: Epoch 87: get test acc score:  0.87730
[2023-03-22 07:37:21] PRINT [03/22 07:37:21 graph]: best_f1 0.87902 at epoch 75
[2023-03-22 07:37:21] PRINT [03/22 07:37:21 graph]: start epoch 88.
[2023-03-22 07:37:21] PRINT [03/22 07:37:21 graph]: # Epoch 88: train_loss: 0.4743 | lr: 0.000104
[2023-03-22 07:37:27] PRINT [03/22 07:37:27 graph]: --- Testf1: 0.87693, Best Valacc: 0.86764 in epoch 337 --- 
[2023-03-22 07:37:27] PRINT [03/22 07:37:27 graph]: Epoch 88: get test acc score:  0.87693
[2023-03-22 07:37:27] PRINT [03/22 07:37:27 graph]: best_f1 0.87902 at epoch 75
[2023-03-22 07:37:27] PRINT [03/22 07:37:27 graph]: start epoch 89.
[2023-03-22 07:37:27] PRINT [03/22 07:37:27 graph]: # Epoch 89: train_loss: 0.4761 | lr: 0.000104
[2023-03-22 07:37:33] PRINT [03/22 07:37:33 graph]: --- Testf1: 0.88366, Best Valacc: 0.87636 in epoch 400 --- 
[2023-03-22 07:37:33] PRINT [03/22 07:37:33 graph]: Epoch 89: get test acc score:  0.88366
[2023-03-22 07:37:33] PRINT [03/22 07:37:33 graph]: best_f1 0.88366 at epoch 89
[2023-03-22 07:37:33] PRINT [03/22 07:37:33 graph]: start epoch 90.
[2023-03-22 07:37:33] PRINT [03/22 07:37:33 graph]: # Epoch 90: train_loss: 0.4739 | lr: 0.000104
[2023-03-22 07:37:38] PRINT [03/22 07:37:38 graph]: --- Testf1: 0.87511, Best Valacc: 0.86691 in epoch 458 --- 
[2023-03-22 07:37:39] PRINT [03/22 07:37:39 graph]: Epoch 90: get test acc score:  0.87511
[2023-03-22 07:37:39] PRINT [03/22 07:37:39 graph]: best_f1 0.88366 at epoch 89
[2023-03-22 07:37:39] PRINT [03/22 07:37:39 graph]: start epoch 91.
[2023-03-22 07:37:39] PRINT [03/22 07:37:39 graph]: # Epoch 91: train_loss: 0.4724 | lr: 0.000104
[2023-03-22 07:37:47] PRINT [03/22 07:37:47 graph]: --- Testf1: 0.87620, Best Valacc: 0.86473 in epoch 226 --- 
[2023-03-22 07:37:48] PRINT [03/22 07:37:48 graph]: Epoch 91: get test acc score:  0.87620
[2023-03-22 07:37:48] PRINT [03/22 07:37:48 graph]: best_f1 0.88366 at epoch 89
[2023-03-22 07:37:48] PRINT [03/22 07:37:48 graph]: start epoch 92.
[2023-03-22 07:37:48] PRINT [03/22 07:37:48 graph]: # Epoch 92: train_loss: 0.4747 | lr: 0.000104
[2023-03-22 07:37:55] PRINT [03/22 07:37:55 graph]: --- Testf1: 0.87948, Best Valacc: 0.86473 in epoch 259 --- 
[2023-03-22 07:37:55] PRINT [03/22 07:37:55 graph]: Epoch 92: get test acc score:  0.87948
[2023-03-22 07:37:55] PRINT [03/22 07:37:55 graph]: best_f1 0.88366 at epoch 89
[2023-03-22 07:37:55] PRINT [03/22 07:37:55 graph]: start epoch 93.
[2023-03-22 07:37:55] PRINT [03/22 07:37:55 graph]: # Epoch 93: train_loss: 0.4708 | lr: 0.000104
[2023-03-22 07:38:02] PRINT [03/22 07:38:02 graph]: --- Testf1: 0.87493, Best Valacc: 0.85673 in epoch 356 --- 
[2023-03-22 07:38:02] PRINT [03/22 07:38:02 graph]: Epoch 93: get test acc score:  0.87493
[2023-03-22 07:38:02] PRINT [03/22 07:38:02 graph]: best_f1 0.88366 at epoch 89
[2023-03-22 07:38:02] PRINT [03/22 07:38:02 graph]: start epoch 94.
[2023-03-22 07:38:02] PRINT [03/22 07:38:02 graph]: # Epoch 94: train_loss: 0.4726 | lr: 0.000104
[2023-03-22 07:38:10] PRINT [03/22 07:38:10 graph]: --- Testf1: 0.88266, Best Valacc: 0.86691 in epoch 243 --- 
[2023-03-22 07:38:10] PRINT [03/22 07:38:10 graph]: Epoch 94: get test acc score:  0.88266
[2023-03-22 07:38:10] PRINT [03/22 07:38:10 graph]: best_f1 0.88366 at epoch 89
[2023-03-22 07:38:10] PRINT [03/22 07:38:10 graph]: start epoch 95.
[2023-03-22 07:38:10] PRINT [03/22 07:38:10 graph]: # Epoch 95: train_loss: 0.4705 | lr: 0.000104
[2023-03-22 07:38:17] PRINT [03/22 07:38:17 graph]: --- Testf1: 0.88166, Best Valacc: 0.86473 in epoch 238 --- 
[2023-03-22 07:38:17] PRINT [03/22 07:38:17 graph]: Epoch 95: get test acc score:  0.88166
[2023-03-22 07:38:17] PRINT [03/22 07:38:17 graph]: best_f1 0.88366 at epoch 89
[2023-03-22 07:38:17] PRINT [03/22 07:38:17 graph]: start epoch 96.
[2023-03-22 07:38:17] PRINT [03/22 07:38:17 graph]: # Epoch 96: train_loss: 0.4685 | lr: 0.000104
[2023-03-22 07:38:25] PRINT [03/22 07:38:25 graph]: --- Testf1: 0.88093, Best Valacc: 0.86473 in epoch 402 --- 
[2023-03-22 07:38:25] PRINT [03/22 07:38:25 graph]: Epoch 96: get test acc score:  0.88093
[2023-03-22 07:38:25] PRINT [03/22 07:38:25 graph]: best_f1 0.88366 at epoch 89
[2023-03-22 07:38:25] PRINT [03/22 07:38:25 graph]: start epoch 97.
[2023-03-22 07:38:25] PRINT [03/22 07:38:25 graph]: # Epoch 97: train_loss: 0.4704 | lr: 0.000104
[2023-03-22 07:38:32] PRINT [03/22 07:38:32 graph]: --- Testf1: 0.87820, Best Valacc: 0.86109 in epoch 492 --- 
[2023-03-22 07:38:33] PRINT [03/22 07:38:33 graph]: Epoch 97: get test acc score:  0.87820
[2023-03-22 07:38:33] PRINT [03/22 07:38:33 graph]: best_f1 0.88366 at epoch 89
[2023-03-22 07:38:33] PRINT [03/22 07:38:33 graph]: start epoch 98.
[2023-03-22 07:38:33] PRINT [03/22 07:38:33 graph]: # Epoch 98: train_loss: 0.4681 | lr: 0.000104
[2023-03-22 07:38:40] PRINT [03/22 07:38:40 graph]: --- Testf1: 0.87966, Best Valacc: 0.85745 in epoch 271 --- 
[2023-03-22 07:38:40] PRINT [03/22 07:38:40 graph]: Epoch 98: get test acc score:  0.87966
[2023-03-22 07:38:40] PRINT [03/22 07:38:40 graph]: best_f1 0.88366 at epoch 89
[2023-03-22 07:38:40] PRINT [03/22 07:38:40 graph]: start epoch 99.
[2023-03-22 07:38:40] PRINT [03/22 07:38:40 graph]: # Epoch 99: train_loss: 0.4678 | lr: 0.000104
[2023-03-22 07:38:47] PRINT [03/22 07:38:47 graph]: --- Testf1: 0.88084, Best Valacc: 0.86036 in epoch 376 --- 
[2023-03-22 07:38:48] PRINT [03/22 07:38:48 graph]: Epoch 99: get test acc score:  0.88084
[2023-03-22 07:38:48] PRINT [03/22 07:38:48 graph]: best_f1 0.88366 at epoch 89
[2023-03-22 07:38:48] PRINT [03/22 07:38:48 graph]: # final_acc: 0.88366±0.00000
