[2023-03-06 05:31:12] PRINT ---new cfg------
[2023-03-06 05:31:12] PRINT {'DATA': {'data_name': 'MUTAG', 'deg4feat': True}, 'DATALOADER': {'NUM_WORKERS': 0, 'BATCH_SIZE': 32}, 'MODEL': {'num_hidden': 512, 'num_layers': 2, 'nhead': 4, 'activation': 'prelu', 'attn_drop': 0.1, 'feat_drop': 0.2, 'norm': 'layernorm', 'pooler': 'mean', 'beta_schedule': 'linear', 'beta_1': 0.0004787944536189879, 'beta_T': 0.04238969344487559, 'T': 784}, 'SOLVER': {'optim_type': 'adamw', 'optim_type_f': 'adamw', 'alpha': 1, 'decay': 40, 'LR': 0.00015799297817894865, 'weight_decay': 0.0005, 'MAX_EPOCH': 50}, 'DEVICE': 'cuda', 'seeds': [11], 'eval_T': [50, 100, 200], 'output_dir': '/ddm-nni/MUTAG/log', 'checkpoint_dir': '/ddm-nni/MUTAG/log/checkpoint'}
[2023-03-06 05:31:12] PRINT [03/06 05:31:12 graph]: Rank of current process: 0. World size: 1
[2023-03-06 05:31:16] PRINT [03/06 05:31:16 graph]: Environment info:
[2023-03-06 05:31:16] PRINT PyTorch version: 1.10.0+cu113
[2023-03-06 05:31:16] PRINT Is debug build: False
[2023-03-06 05:31:16] PRINT CUDA used to build PyTorch: 11.3
[2023-03-06 05:31:16] PRINT ROCM used to build PyTorch: N/A
[2023-03-06 05:31:16] PRINT 
[2023-03-06 05:31:16] PRINT OS: Ubuntu 20.04.3 LTS (x86_64)
[2023-03-06 05:31:16] PRINT GCC version: (Ubuntu 9.3.0-17ubuntu1~20.04) 9.3.0
[2023-03-06 05:31:16] PRINT Clang version: Could not collect
[2023-03-06 05:31:16] PRINT CMake version: version 3.16.3
[2023-03-06 05:31:16] PRINT Libc version: glibc-2.31
[2023-03-06 05:31:16] PRINT 
[2023-03-06 05:31:16] PRINT Python version: 3.8.10 (default, Jun  4 2021, 15:09:15)  [GCC 7.5.0] (64-bit runtime)
[2023-03-06 05:31:16] PRINT Python platform: Linux-5.4.0-90-generic-x86_64-with-glibc2.17
[2023-03-06 05:31:16] PRINT Is CUDA available: True
[2023-03-06 05:31:16] PRINT CUDA runtime version: 11.3.109
[2023-03-06 05:31:16] PRINT GPU models and configuration: GPU 0: NVIDIA GeForce RTX 3090
[2023-03-06 05:31:16] PRINT Nvidia driver version: 495.44
[2023-03-06 05:31:16] PRINT cuDNN version: Probably one of the following:
[2023-03-06 05:31:16] PRINT /usr/lib/x86_64-linux-gnu/libcudnn.so.8.2.0
[2023-03-06 05:31:16] PRINT /usr/lib/x86_64-linux-gnu/libcudnn_adv_infer.so.8.2.0
[2023-03-06 05:31:16] PRINT /usr/lib/x86_64-linux-gnu/libcudnn_adv_train.so.8.2.0
[2023-03-06 05:31:16] PRINT /usr/lib/x86_64-linux-gnu/libcudnn_cnn_infer.so.8.2.0
[2023-03-06 05:31:16] PRINT /usr/lib/x86_64-linux-gnu/libcudnn_cnn_train.so.8.2.0
[2023-03-06 05:31:16] PRINT /usr/lib/x86_64-linux-gnu/libcudnn_ops_infer.so.8.2.0
[2023-03-06 05:31:16] PRINT /usr/lib/x86_64-linux-gnu/libcudnn_ops_train.so.8.2.0
[2023-03-06 05:31:16] PRINT HIP runtime version: N/A
[2023-03-06 05:31:16] PRINT MIOpen runtime version: N/A
[2023-03-06 05:31:16] PRINT 
[2023-03-06 05:31:16] PRINT Versions of relevant libraries:
[2023-03-06 05:31:16] PRINT [pip3] numpy==1.23.5
[2023-03-06 05:31:16] PRINT [pip3] torch==1.10.0+cu113
[2023-03-06 05:31:16] PRINT [pip3] torchvision==0.11.1+cu113
[2023-03-06 05:31:16] PRINT [conda] blas                      1.0                         mkl    https://mirrors.ustc.edu.cn/anaconda/pkgs/main
[2023-03-06 05:31:16] PRINT [conda] mkl                       2021.4.0           h06a4308_640    https://mirrors.ustc.edu.cn/anaconda/pkgs/main
[2023-03-06 05:31:16] PRINT [conda] mkl-service               2.4.0            py38h7f8727e_0    https://mirrors.ustc.edu.cn/anaconda/pkgs/main
[2023-03-06 05:31:16] PRINT [conda] mkl_fft                   1.3.1            py38hd3c417c_0    https://mirrors.ustc.edu.cn/anaconda/pkgs/main
[2023-03-06 05:31:16] PRINT [conda] mkl_random                1.2.2            py38h51133e4_0    https://mirrors.ustc.edu.cn/anaconda/pkgs/main
[2023-03-06 05:31:16] PRINT [conda] numpy                     1.21.4                   pypi_0    pypi
[2023-03-06 05:31:16] PRINT [conda] numpy-base                1.23.5           py38h31eccc5_0    https://mirrors.ustc.edu.cn/anaconda/pkgs/main
[2023-03-06 05:31:16] PRINT [conda] torch                     1.10.0+cu113             pypi_0    pypi
[2023-03-06 05:31:16] PRINT [conda] torchvision               0.11.1+cu113             pypi_0    pypi
[2023-03-06 05:31:16] PRINT         Pillow (8.4.0)
[2023-03-06 05:31:16] PRINT [03/06 05:31:16 graph]: Command line arguments: Namespace(local_rank=0, resume=False, seed=1234, start_epoch=0)
[2023-03-06 05:31:16] PRINT Using degree as node features
[2023-03-06 05:31:16] PRINT ******** # Num Graphs: 188, # Num Feat: 5, # Num Classes: 2 ********
[2023-03-06 05:31:16] PRINT [03/06 05:31:16 graph]: Run 0th for seed 11
[2023-03-06 05:31:16] PRINT [03/06 05:31:16 graph]: Total trainable params num : 5142639
[2023-03-06 05:31:20] PRINT [03/06 05:31:20 graph]: ----------Start Training----------
[2023-03-06 05:31:21] PRINT [03/06 05:31:21 graph]: Epoch 0 | train_loss: 0.7255 | lr: 0.000158
[2023-03-06 05:31:21] PRINT [03/06 05:31:21 graph]: Epoch 1 | train_loss: 0.4151 | lr: 0.000158
[2023-03-06 05:31:21] PRINT [03/06 05:31:21 graph]: Epoch 2 | train_loss: 0.3593 | lr: 0.000158
[2023-03-06 05:31:24] PRINT [03/06 05:31:24 graph]: #Test_f1: 0.8298±0.0701
[2023-03-06 05:31:24] PRINT [03/06 05:31:24 graph]: Epoch 2: get test f1 score:  0.830
[2023-03-06 05:31:24] PRINT [03/06 05:31:24 graph]: best_f1 0.830 at epoch 2
[2023-03-06 05:31:24] PRINT [03/06 05:31:24 graph]: Epoch 3 | train_loss: 0.3261 | lr: 0.000158
[2023-03-06 05:31:27] PRINT [03/06 05:31:27 graph]: #Test_f1: 0.8240±0.0759
[2023-03-06 05:31:27] PRINT [03/06 05:31:27 graph]: Epoch 3: get test f1 score:  0.824
[2023-03-06 05:31:27] PRINT [03/06 05:31:27 graph]: best_f1 0.830 at epoch 2
[2023-03-06 05:31:28] PRINT [03/06 05:31:28 graph]: Epoch 4 | train_loss: 0.2932 | lr: 0.000158
[2023-03-06 05:31:31] PRINT [03/06 05:31:31 graph]: #Test_f1: 0.8515±0.0735
[2023-03-06 05:31:31] PRINT [03/06 05:31:31 graph]: Epoch 4: get test f1 score:  0.851
[2023-03-06 05:31:31] PRINT [03/06 05:31:31 graph]: best_f1 0.851 at epoch 4
[2023-03-06 05:31:31] PRINT [03/06 05:31:31 graph]: Epoch 5 | train_loss: 0.2840 | lr: 0.000158
[2023-03-06 05:31:34] PRINT [03/06 05:31:34 graph]: #Test_f1: 0.8512±0.0744
[2023-03-06 05:31:34] PRINT [03/06 05:31:34 graph]: Epoch 5: get test f1 score:  0.851
[2023-03-06 05:31:34] PRINT [03/06 05:31:34 graph]: best_f1 0.851 at epoch 4
[2023-03-06 05:31:34] PRINT [03/06 05:31:34 graph]: Epoch 6 | train_loss: 0.2655 | lr: 0.000158
[2023-03-06 05:31:37] PRINT [03/06 05:31:37 graph]: #Test_f1: 0.8558±0.0641
[2023-03-06 05:31:38] PRINT [03/06 05:31:38 graph]: Epoch 6: get test f1 score:  0.856
[2023-03-06 05:31:38] PRINT [03/06 05:31:38 graph]: best_f1 0.856 at epoch 6
[2023-03-06 05:31:38] PRINT [03/06 05:31:38 graph]: Epoch 7 | train_loss: 0.2556 | lr: 0.000158
[2023-03-06 05:31:41] PRINT [03/06 05:31:41 graph]: #Test_f1: 0.8406±0.0662
[2023-03-06 05:31:41] PRINT [03/06 05:31:41 graph]: Epoch 7: get test f1 score:  0.841
[2023-03-06 05:31:41] PRINT [03/06 05:31:41 graph]: best_f1 0.856 at epoch 6
[2023-03-06 05:31:41] PRINT [03/06 05:31:41 graph]: Epoch 8 | train_loss: 0.2457 | lr: 0.000158
[2023-03-06 05:31:44] PRINT [03/06 05:31:44 graph]: #Test_f1: 0.8243±0.0683
[2023-03-06 05:31:44] PRINT [03/06 05:31:44 graph]: Epoch 8: get test f1 score:  0.824
[2023-03-06 05:31:44] PRINT [03/06 05:31:44 graph]: best_f1 0.856 at epoch 6
[2023-03-06 05:31:45] PRINT [03/06 05:31:45 graph]: Epoch 9 | train_loss: 0.2361 | lr: 0.000158
[2023-03-06 05:31:48] PRINT [03/06 05:31:48 graph]: #Test_f1: 0.8132±0.0738
[2023-03-06 05:31:48] PRINT [03/06 05:31:48 graph]: Epoch 9: get test f1 score:  0.813
[2023-03-06 05:31:48] PRINT [03/06 05:31:48 graph]: best_f1 0.856 at epoch 6
[2023-03-06 05:31:48] PRINT [03/06 05:31:48 graph]: Epoch 10 | train_loss: 0.2307 | lr: 0.000158
[2023-03-06 05:31:51] PRINT [03/06 05:31:51 graph]: #Test_f1: 0.8135±0.0645
[2023-03-06 05:31:52] PRINT [03/06 05:31:52 graph]: Epoch 10: get test f1 score:  0.813
[2023-03-06 05:31:52] PRINT [03/06 05:31:52 graph]: best_f1 0.856 at epoch 6
[2023-03-06 05:31:52] PRINT [03/06 05:31:52 graph]: Epoch 11 | train_loss: 0.2163 | lr: 0.000158
[2023-03-06 05:31:55] PRINT [03/06 05:31:55 graph]: #Test_f1: 0.8137±0.0636
[2023-03-06 05:31:55] PRINT [03/06 05:31:55 graph]: Epoch 11: get test f1 score:  0.814
[2023-03-06 05:31:55] PRINT [03/06 05:31:55 graph]: best_f1 0.856 at epoch 6
[2023-03-06 05:31:55] PRINT [03/06 05:31:55 graph]: Epoch 12 | train_loss: 0.2072 | lr: 0.000158
[2023-03-06 05:31:58] PRINT [03/06 05:31:58 graph]: #Test_f1: 0.8348±0.0652
[2023-03-06 05:31:58] PRINT [03/06 05:31:58 graph]: Epoch 12: get test f1 score:  0.835
[2023-03-06 05:31:58] PRINT [03/06 05:31:58 graph]: best_f1 0.856 at epoch 6
[2023-03-06 05:31:59] PRINT [03/06 05:31:59 graph]: Epoch 13 | train_loss: 0.2020 | lr: 0.000158
[2023-03-06 05:32:01] PRINT [03/06 05:32:01 graph]: #Test_f1: 0.8237±0.0734
[2023-03-06 05:32:02] PRINT [03/06 05:32:02 graph]: Epoch 13: get test f1 score:  0.824
[2023-03-06 05:32:02] PRINT [03/06 05:32:02 graph]: best_f1 0.856 at epoch 6
[2023-03-06 05:32:02] PRINT [03/06 05:32:02 graph]: Epoch 14 | train_loss: 0.1902 | lr: 0.000158
[2023-03-06 05:32:05] PRINT [03/06 05:32:05 graph]: #Test_f1: 0.8132±0.0738
[2023-03-06 05:32:05] PRINT [03/06 05:32:05 graph]: Epoch 14: get test f1 score:  0.813
[2023-03-06 05:32:05] PRINT [03/06 05:32:05 graph]: best_f1 0.856 at epoch 6
[2023-03-06 05:32:05] PRINT [03/06 05:32:05 graph]: Epoch 15 | train_loss: 0.1929 | lr: 0.000158
[2023-03-06 05:32:08] PRINT [03/06 05:32:08 graph]: #Test_f1: 0.8456±0.0650
[2023-03-06 05:32:09] PRINT [03/06 05:32:09 graph]: Epoch 15: get test f1 score:  0.846
[2023-03-06 05:32:09] PRINT [03/06 05:32:09 graph]: best_f1 0.856 at epoch 6
[2023-03-06 05:32:09] PRINT [03/06 05:32:09 graph]: Epoch 16 | train_loss: 0.1841 | lr: 0.000158
[2023-03-06 05:32:12] PRINT [03/06 05:32:12 graph]: #Test_f1: 0.8243±0.0536
[2023-03-06 05:32:12] PRINT [03/06 05:32:12 graph]: Epoch 16: get test f1 score:  0.824
[2023-03-06 05:32:12] PRINT [03/06 05:32:12 graph]: best_f1 0.856 at epoch 6
[2023-03-06 05:32:12] PRINT [03/06 05:32:12 graph]: Epoch 17 | train_loss: 0.1861 | lr: 0.000158
[2023-03-06 05:32:15] PRINT [03/06 05:32:15 graph]: #Test_f1: 0.8345±0.0661
[2023-03-06 05:32:15] PRINT [03/06 05:32:15 graph]: Epoch 17: get test f1 score:  0.835
[2023-03-06 05:32:15] PRINT [03/06 05:32:15 graph]: best_f1 0.856 at epoch 6
[2023-03-06 05:32:16] PRINT [03/06 05:32:16 graph]: Epoch 18 | train_loss: 0.1742 | lr: 0.000158
[2023-03-06 05:32:18] PRINT [03/06 05:32:18 graph]: #Test_f1: 0.8456±0.0500
[2023-03-06 05:32:19] PRINT [03/06 05:32:19 graph]: Epoch 18: get test f1 score:  0.846
[2023-03-06 05:32:19] PRINT [03/06 05:32:19 graph]: best_f1 0.856 at epoch 6
[2023-03-06 05:32:19] PRINT [03/06 05:32:19 graph]: Epoch 19 | train_loss: 0.1642 | lr: 0.000158
[2023-03-06 05:32:22] PRINT [03/06 05:32:22 graph]: #Test_f1: 0.8509±0.0571
[2023-03-06 05:32:22] PRINT [03/06 05:32:22 graph]: Epoch 19: get test f1 score:  0.851
[2023-03-06 05:32:22] PRINT [03/06 05:32:22 graph]: best_f1 0.856 at epoch 6
[2023-03-06 05:32:22] PRINT [03/06 05:32:22 graph]: Epoch 20 | train_loss: 0.1624 | lr: 0.000158
[2023-03-06 05:32:25] PRINT [03/06 05:32:25 graph]: #Test_f1: 0.8456±0.0600
[2023-03-06 05:32:25] PRINT [03/06 05:32:25 graph]: Epoch 20: get test f1 score:  0.846
[2023-03-06 05:32:25] PRINT [03/06 05:32:25 graph]: best_f1 0.856 at epoch 6
[2023-03-06 05:32:25] PRINT [03/06 05:32:25 graph]: Epoch 21 | train_loss: 0.1553 | lr: 0.000158
[2023-03-06 05:32:28] PRINT [03/06 05:32:28 graph]: #Test_f1: 0.8456±0.0600
[2023-03-06 05:32:28] PRINT [03/06 05:32:28 graph]: Epoch 21: get test f1 score:  0.846
[2023-03-06 05:32:28] PRINT [03/06 05:32:28 graph]: best_f1 0.856 at epoch 6
[2023-03-06 05:32:28] PRINT [03/06 05:32:28 graph]: Epoch 22 | train_loss: 0.1581 | lr: 0.000158
[2023-03-06 05:32:31] PRINT [03/06 05:32:31 graph]: #Test_f1: 0.8401±0.0634
[2023-03-06 05:32:31] PRINT [03/06 05:32:31 graph]: Epoch 22: get test f1 score:  0.840
[2023-03-06 05:32:31] PRINT [03/06 05:32:31 graph]: best_f1 0.856 at epoch 6
[2023-03-06 05:32:32] PRINT [03/06 05:32:32 graph]: Epoch 23 | train_loss: 0.1550 | lr: 0.000158
[2023-03-06 05:32:34] PRINT [03/06 05:32:34 graph]: #Test_f1: 0.8351±0.0597
[2023-03-06 05:32:35] PRINT [03/06 05:32:35 graph]: Epoch 23: get test f1 score:  0.835
[2023-03-06 05:32:35] PRINT [03/06 05:32:35 graph]: best_f1 0.856 at epoch 6
[2023-03-06 05:32:35] PRINT [03/06 05:32:35 graph]: Epoch 24 | train_loss: 0.1475 | lr: 0.000158
[2023-03-06 05:32:38] PRINT [03/06 05:32:38 graph]: #Test_f1: 0.8401±0.0634
[2023-03-06 05:32:38] PRINT [03/06 05:32:38 graph]: Epoch 24: get test f1 score:  0.840
[2023-03-06 05:32:38] PRINT [03/06 05:32:38 graph]: best_f1 0.856 at epoch 6
[2023-03-06 05:32:38] PRINT [03/06 05:32:38 graph]: Epoch 25 | train_loss: 0.1431 | lr: 0.000158
[2023-03-06 05:32:41] PRINT [03/06 05:32:41 graph]: #Test_f1: 0.8453±0.0564
[2023-03-06 05:32:41] PRINT [03/06 05:32:41 graph]: Epoch 25: get test f1 score:  0.845
[2023-03-06 05:32:41] PRINT [03/06 05:32:41 graph]: best_f1 0.856 at epoch 6
[2023-03-06 05:32:42] PRINT [03/06 05:32:42 graph]: Epoch 26 | train_loss: 0.1452 | lr: 0.000158
[2023-03-06 05:32:44] PRINT [03/06 05:32:44 graph]: #Test_f1: 0.8401±0.0589
[2023-03-06 05:32:45] PRINT [03/06 05:32:45 graph]: Epoch 26: get test f1 score:  0.840
[2023-03-06 05:32:45] PRINT [03/06 05:32:45 graph]: best_f1 0.856 at epoch 6
[2023-03-06 05:32:45] PRINT [03/06 05:32:45 graph]: Epoch 27 | train_loss: 0.1380 | lr: 0.000158
[2023-03-06 05:32:48] PRINT [03/06 05:32:48 graph]: #Test_f1: 0.8453±0.0513
[2023-03-06 05:32:48] PRINT [03/06 05:32:48 graph]: Epoch 27: get test f1 score:  0.845
[2023-03-06 05:32:48] PRINT [03/06 05:32:48 graph]: best_f1 0.856 at epoch 6
[2023-03-06 05:32:48] PRINT [03/06 05:32:48 graph]: Epoch 28 | train_loss: 0.1471 | lr: 0.000158
[2023-03-06 05:32:51] PRINT [03/06 05:32:51 graph]: #Test_f1: 0.8614±0.0593
[2023-03-06 05:32:51] PRINT [03/06 05:32:51 graph]: Epoch 28: get test f1 score:  0.861
[2023-03-06 05:32:51] PRINT [03/06 05:32:51 graph]: best_f1 0.861 at epoch 28
[2023-03-06 05:32:52] PRINT [03/06 05:32:52 graph]: Epoch 29 | train_loss: 0.1424 | lr: 0.000158
[2023-03-06 05:32:54] PRINT [03/06 05:32:54 graph]: #Test_f1: 0.8506±0.0583
[2023-03-06 05:32:55] PRINT [03/06 05:32:55 graph]: Epoch 29: get test f1 score:  0.851
[2023-03-06 05:32:55] PRINT [03/06 05:32:55 graph]: best_f1 0.861 at epoch 28
[2023-03-06 05:32:55] PRINT [03/06 05:32:55 graph]: Epoch 30 | train_loss: 0.1408 | lr: 0.000158
[2023-03-06 05:32:58] PRINT [03/06 05:32:58 graph]: #Test_f1: 0.8453±0.0564
[2023-03-06 05:32:58] PRINT [03/06 05:32:58 graph]: Epoch 30: get test f1 score:  0.845
[2023-03-06 05:32:58] PRINT [03/06 05:32:58 graph]: best_f1 0.861 at epoch 28
[2023-03-06 05:32:58] PRINT [03/06 05:32:58 graph]: Epoch 31 | train_loss: 0.1358 | lr: 0.000158
[2023-03-06 05:33:01] PRINT [03/06 05:33:01 graph]: #Test_f1: 0.8614±0.0491
[2023-03-06 05:33:01] PRINT [03/06 05:33:01 graph]: Epoch 31: get test f1 score:  0.861
[2023-03-06 05:33:01] PRINT [03/06 05:33:01 graph]: best_f1 0.861 at epoch 28
[2023-03-06 05:33:02] PRINT [03/06 05:33:02 graph]: Epoch 32 | train_loss: 0.1422 | lr: 0.000158
[2023-03-06 05:33:05] PRINT [03/06 05:33:05 graph]: #Test_f1: 0.8558±0.0495
[2023-03-06 05:33:05] PRINT [03/06 05:33:05 graph]: Epoch 32: get test f1 score:  0.856
[2023-03-06 05:33:05] PRINT [03/06 05:33:05 graph]: best_f1 0.861 at epoch 28
[2023-03-06 05:33:05] PRINT [03/06 05:33:05 graph]: Epoch 33 | train_loss: 0.1426 | lr: 0.000158
[2023-03-06 05:33:08] PRINT [03/06 05:33:08 graph]: #Test_f1: 0.8667±0.0496
[2023-03-06 05:33:08] PRINT [03/06 05:33:08 graph]: Epoch 33: get test f1 score:  0.867
[2023-03-06 05:33:08] PRINT [03/06 05:33:08 graph]: best_f1 0.867 at epoch 33
[2023-03-06 05:33:08] PRINT [03/06 05:33:08 graph]: Epoch 34 | train_loss: 0.1359 | lr: 0.000158
[2023-03-06 05:33:11] PRINT [03/06 05:33:11 graph]: #Test_f1: 0.8453±0.0564
[2023-03-06 05:33:12] PRINT [03/06 05:33:12 graph]: Epoch 34: get test f1 score:  0.845
[2023-03-06 05:33:12] PRINT [03/06 05:33:12 graph]: best_f1 0.867 at epoch 33
[2023-03-06 05:33:12] PRINT [03/06 05:33:12 graph]: Epoch 35 | train_loss: 0.1405 | lr: 0.000158
[2023-03-06 05:33:15] PRINT [03/06 05:33:15 graph]: #Test_f1: 0.8506±0.0416
[2023-03-06 05:33:15] PRINT [03/06 05:33:15 graph]: Epoch 35: get test f1 score:  0.851
[2023-03-06 05:33:15] PRINT [03/06 05:33:15 graph]: best_f1 0.867 at epoch 33
[2023-03-06 05:33:15] PRINT [03/06 05:33:15 graph]: Epoch 36 | train_loss: 0.1387 | lr: 0.000158
[2023-03-06 05:33:18] PRINT [03/06 05:33:18 graph]: #Test_f1: 0.8561±0.0427
[2023-03-06 05:33:18] PRINT [03/06 05:33:18 graph]: Epoch 36: get test f1 score:  0.856
[2023-03-06 05:33:18] PRINT [03/06 05:33:18 graph]: best_f1 0.867 at epoch 33
[2023-03-06 05:33:19] PRINT [03/06 05:33:19 graph]: Epoch 37 | train_loss: 0.1327 | lr: 0.000158
[2023-03-06 05:33:22] PRINT [03/06 05:33:22 graph]: #Test_f1: 0.8561±0.0481
[2023-03-06 05:33:22] PRINT [03/06 05:33:22 graph]: Epoch 37: get test f1 score:  0.856
[2023-03-06 05:33:22] PRINT [03/06 05:33:22 graph]: best_f1 0.867 at epoch 33
[2023-03-06 05:33:22] PRINT [03/06 05:33:22 graph]: Epoch 38 | train_loss: 0.1302 | lr: 0.000158
[2023-03-06 05:33:25] PRINT [03/06 05:33:25 graph]: #Test_f1: 0.8506±0.0583
[2023-03-06 05:33:25] PRINT [03/06 05:33:25 graph]: Epoch 38: get test f1 score:  0.851
[2023-03-06 05:33:25] PRINT [03/06 05:33:25 graph]: best_f1 0.867 at epoch 33
[2023-03-06 05:33:25] PRINT [03/06 05:33:25 graph]: Epoch 39 | train_loss: 0.1375 | lr: 0.000158
[2023-03-06 05:33:28] PRINT [03/06 05:33:28 graph]: #Test_f1: 0.8453±0.0611
[2023-03-06 05:33:29] PRINT [03/06 05:33:29 graph]: Epoch 39: get test f1 score:  0.845
[2023-03-06 05:33:29] PRINT [03/06 05:33:29 graph]: best_f1 0.867 at epoch 33
[2023-03-06 05:33:29] PRINT [03/06 05:33:29 graph]: Epoch 40 | train_loss: 0.1358 | lr: 0.000158
[2023-03-06 05:33:32] PRINT [03/06 05:33:32 graph]: #Test_f1: 0.8453±0.0564
[2023-03-06 05:33:32] PRINT [03/06 05:33:32 graph]: Epoch 40: get test f1 score:  0.845
[2023-03-06 05:33:32] PRINT [03/06 05:33:32 graph]: best_f1 0.867 at epoch 33
[2023-03-06 05:33:32] PRINT [03/06 05:33:32 graph]: Epoch 41 | train_loss: 0.1360 | lr: 0.000158
[2023-03-06 05:33:35] PRINT [03/06 05:33:35 graph]: #Test_f1: 0.8506±0.0533
[2023-03-06 05:33:35] PRINT [03/06 05:33:35 graph]: Epoch 41: get test f1 score:  0.851
[2023-03-06 05:33:35] PRINT [03/06 05:33:35 graph]: best_f1 0.867 at epoch 33
[2023-03-06 05:33:36] PRINT [03/06 05:33:36 graph]: Epoch 42 | train_loss: 0.1350 | lr: 0.000158
[2023-03-06 05:33:38] PRINT [03/06 05:33:38 graph]: #Test_f1: 0.8506±0.0533
[2023-03-06 05:33:39] PRINT [03/06 05:33:39 graph]: Epoch 42: get test f1 score:  0.851
[2023-03-06 05:33:39] PRINT [03/06 05:33:39 graph]: best_f1 0.867 at epoch 33
[2023-03-06 05:33:39] PRINT [03/06 05:33:39 graph]: Epoch 43 | train_loss: 0.1252 | lr: 0.000158
[2023-03-06 05:33:42] PRINT [03/06 05:33:42 graph]: #Test_f1: 0.8453±0.0513
[2023-03-06 05:33:42] PRINT [03/06 05:33:42 graph]: Epoch 43: get test f1 score:  0.845
[2023-03-06 05:33:42] PRINT [03/06 05:33:42 graph]: best_f1 0.867 at epoch 33
[2023-03-06 05:33:42] PRINT [03/06 05:33:42 graph]: Epoch 44 | train_loss: 0.1325 | lr: 0.000158
[2023-03-06 05:33:45] PRINT [03/06 05:33:45 graph]: #Test_f1: 0.8561±0.0419
[2023-03-06 05:33:45] PRINT [03/06 05:33:45 graph]: Epoch 44: get test f1 score:  0.856
[2023-03-06 05:33:45] PRINT [03/06 05:33:45 graph]: best_f1 0.867 at epoch 33
[2023-03-06 05:33:46] PRINT [03/06 05:33:46 graph]: Epoch 45 | train_loss: 0.1282 | lr: 0.000158
[2023-03-06 05:33:48] PRINT [03/06 05:33:48 graph]: #Test_f1: 0.8772±0.0542
[2023-03-06 05:33:49] PRINT [03/06 05:33:49 graph]: Epoch 45: get test f1 score:  0.877
[2023-03-06 05:33:49] PRINT [03/06 05:33:49 graph]: best_f1 0.877 at epoch 45
[2023-03-06 05:33:49] PRINT [03/06 05:33:49 graph]: Epoch 46 | train_loss: 0.1311 | lr: 0.000158
[2023-03-06 05:33:52] PRINT [03/06 05:33:52 graph]: #Test_f1: 0.8561±0.0541
[2023-03-06 05:33:52] PRINT [03/06 05:33:52 graph]: Epoch 46: get test f1 score:  0.856
[2023-03-06 05:33:52] PRINT [03/06 05:33:52 graph]: best_f1 0.877 at epoch 45
[2023-03-06 05:33:53] PRINT [03/06 05:33:53 graph]: Epoch 47 | train_loss: 0.1268 | lr: 0.000158
[2023-03-06 05:33:55] PRINT [03/06 05:33:55 graph]: #Test_f1: 0.8667±0.0368
[2023-03-06 05:33:55] PRINT [03/06 05:33:55 graph]: Epoch 47: get test f1 score:  0.867
[2023-03-06 05:33:55] PRINT [03/06 05:33:55 graph]: best_f1 0.877 at epoch 45
[2023-03-06 05:33:56] PRINT [03/06 05:33:56 graph]: Epoch 48 | train_loss: 0.1274 | lr: 0.000158
[2023-03-06 05:33:59] PRINT [03/06 05:33:59 graph]: #Test_f1: 0.8719±0.0596
[2023-03-06 05:33:59] PRINT [03/06 05:33:59 graph]: Epoch 48: get test f1 score:  0.872
[2023-03-06 05:33:59] PRINT [03/06 05:33:59 graph]: best_f1 0.877 at epoch 45
[2023-03-06 05:33:59] PRINT [03/06 05:33:59 graph]: Epoch 49 | train_loss: 0.1327 | lr: 0.000158
[2023-03-06 05:34:02] PRINT [03/06 05:34:02 graph]: #Test_f1: 0.8664±0.0453
[2023-03-06 05:34:02] PRINT [03/06 05:34:02 graph]: Epoch 49: get test f1 score:  0.866
[2023-03-06 05:34:02] PRINT [03/06 05:34:02 graph]: best_f1 0.877 at epoch 45
[2023-03-06 05:34:02] PRINT [03/06 05:34:02 graph]: # final_acc: 0.8772±0.0000
