[2023-03-22 09:48:56] PRINT ---new cfg------
[2023-03-22 09:48:56] PRINT {'DATA': {'data_name': 'comp'}, 'DATALOADER': {'NUM_WORKERS': 0}, 'MODEL': {'num_hidden': 512, 'num_layers': 2, 'nhead': 4, 'activation': 'prelu', 'attn_drop': 0.2, 'feat_drop': 0.4, 'norm': 'batchnorm', 'pooler': 'mean', 'beta_schedule': 'quad', 'beta_1': 0.0003113950174435851, 'beta_T': 0.007714386823144415, 'T': 589}, 'SOLVER': {'optim_type': 'adam', 'optim_type_f': 'adamw', 'alpha': 1, 'decay': 30, 'LR': 0.00018908073271393493, 'LR_f': 0.05946354447953048, 'weight_decay': 0, 'weight_decay_f': 0.0007512417504547636, 'MAX_EPOCH': 100, 'max_epoch_f': 500}, 'DEVICE': 'cuda', 'seeds': [0], 'eval_T': [50, 100, 200], 'output_dir': '/ddm-nni/AmazonCoBuyComputerDataset¶/log', 'checkpoint_dir': '/ddm-nni/AmazonCoBuyComputerDataset¶/log/checkpoint'}
[2023-03-22 09:48:56] PRINT [03/22 09:48:56 graph]: Rank of current process: 0. World size: 1
[2023-03-22 09:49:00] PRINT [03/22 09:49:00 graph]: Environment info:
[2023-03-22 09:49:00] PRINT PyTorch version: 1.10.0+cu113
[2023-03-22 09:49:00] PRINT Is debug build: False
[2023-03-22 09:49:00] PRINT CUDA used to build PyTorch: 11.3
[2023-03-22 09:49:00] PRINT ROCM used to build PyTorch: N/A
[2023-03-22 09:49:00] PRINT 
[2023-03-22 09:49:00] PRINT OS: Ubuntu 20.04.3 LTS (x86_64)
[2023-03-22 09:49:00] PRINT GCC version: (Ubuntu 9.3.0-17ubuntu1~20.04) 9.3.0
[2023-03-22 09:49:00] PRINT Clang version: Could not collect
[2023-03-22 09:49:00] PRINT CMake version: version 3.16.3
[2023-03-22 09:49:00] PRINT Libc version: glibc-2.31
[2023-03-22 09:49:00] PRINT 
[2023-03-22 09:49:00] PRINT Python version: 3.8.10 (default, Jun  4 2021, 15:09:15)  [GCC 7.5.0] (64-bit runtime)
[2023-03-22 09:49:00] PRINT Python platform: Linux-5.4.0-90-generic-x86_64-with-glibc2.17
[2023-03-22 09:49:00] PRINT Is CUDA available: True
[2023-03-22 09:49:00] PRINT CUDA runtime version: 11.3.109
[2023-03-22 09:49:00] PRINT GPU models and configuration: GPU 0: NVIDIA GeForce RTX 3090
[2023-03-22 09:49:00] PRINT Nvidia driver version: 495.44
[2023-03-22 09:49:00] PRINT cuDNN version: Probably one of the following:
[2023-03-22 09:49:00] PRINT /usr/lib/x86_64-linux-gnu/libcudnn.so.8.2.0
[2023-03-22 09:49:00] PRINT /usr/lib/x86_64-linux-gnu/libcudnn_adv_infer.so.8.2.0
[2023-03-22 09:49:00] PRINT /usr/lib/x86_64-linux-gnu/libcudnn_adv_train.so.8.2.0
[2023-03-22 09:49:00] PRINT /usr/lib/x86_64-linux-gnu/libcudnn_cnn_infer.so.8.2.0
[2023-03-22 09:49:00] PRINT /usr/lib/x86_64-linux-gnu/libcudnn_cnn_train.so.8.2.0
[2023-03-22 09:49:00] PRINT /usr/lib/x86_64-linux-gnu/libcudnn_ops_infer.so.8.2.0
[2023-03-22 09:49:00] PRINT /usr/lib/x86_64-linux-gnu/libcudnn_ops_train.so.8.2.0
[2023-03-22 09:49:00] PRINT HIP runtime version: N/A
[2023-03-22 09:49:00] PRINT MIOpen runtime version: N/A
[2023-03-22 09:49:00] PRINT 
[2023-03-22 09:49:00] PRINT Versions of relevant libraries:
[2023-03-22 09:49:00] PRINT [pip3] numpy==1.23.5
[2023-03-22 09:49:00] PRINT [pip3] torch==1.10.0+cu113
[2023-03-22 09:49:00] PRINT [pip3] torchvision==0.11.1+cu113
[2023-03-22 09:49:00] PRINT [conda] blas                      1.0                         mkl    https://mirrors.ustc.edu.cn/anaconda/pkgs/main
[2023-03-22 09:49:00] PRINT [conda] mkl                       2021.4.0           h06a4308_640    https://mirrors.ustc.edu.cn/anaconda/pkgs/main
[2023-03-22 09:49:00] PRINT [conda] mkl-service               2.4.0            py38h7f8727e_0    https://mirrors.ustc.edu.cn/anaconda/pkgs/main
[2023-03-22 09:49:00] PRINT [conda] mkl_fft                   1.3.1            py38hd3c417c_0    https://mirrors.ustc.edu.cn/anaconda/pkgs/main
[2023-03-22 09:49:00] PRINT [conda] mkl_random                1.2.2            py38h51133e4_0    https://mirrors.ustc.edu.cn/anaconda/pkgs/main
[2023-03-22 09:49:00] PRINT [conda] numpy                     1.21.4                   pypi_0    pypi
[2023-03-22 09:49:00] PRINT [conda] numpy-base                1.23.5           py38h31eccc5_0    https://mirrors.ustc.edu.cn/anaconda/pkgs/main
[2023-03-22 09:49:00] PRINT [conda] torch                     1.10.0+cu113             pypi_0    pypi
[2023-03-22 09:49:00] PRINT [conda] torchvision               0.11.1+cu113             pypi_0    pypi
[2023-03-22 09:49:00] PRINT         Pillow (8.4.0)
[2023-03-22 09:49:00] PRINT [03/22 09:49:00 graph]: Command line arguments: Namespace(local_rank=0, resume=False, seed=1234, start_epoch=0)
[2023-03-22 09:49:00] PRINT [03/22 09:49:00 graph]: Run 0th for seed 0
[2023-03-22 09:49:00] PRINT [03/22 09:49:00 graph]: Total trainable params num : 7982595
[2023-03-22 09:49:04] PRINT [03/22 09:49:04 graph]: ----------Start Training----------
[2023-03-22 09:49:04] PRINT [03/22 09:49:04 graph]: start epoch 0.
[2023-03-22 09:49:04] PRINT [03/22 09:49:04 graph]: # Epoch 0: train_loss: 1.0204 | lr: 0.000189
[2023-03-22 09:49:04] PRINT [03/22 09:49:04 graph]: start epoch 1.
[2023-03-22 09:49:05] PRINT [03/22 09:49:05 graph]: # Epoch 1: train_loss: 0.8399 | lr: 0.000189
[2023-03-22 09:49:05] PRINT [03/22 09:49:05 graph]: start epoch 2.
[2023-03-22 09:49:05] PRINT [03/22 09:49:05 graph]: # Epoch 2: train_loss: 0.7541 | lr: 0.000189
[2023-03-22 09:49:05] PRINT [03/22 09:49:05 graph]: start epoch 3.
[2023-03-22 09:49:05] PRINT [03/22 09:49:05 graph]: # Epoch 3: train_loss: 0.6968 | lr: 0.000189
[2023-03-22 09:49:05] PRINT [03/22 09:49:05 graph]: start epoch 4.
[2023-03-22 09:49:05] PRINT [03/22 09:49:05 graph]: # Epoch 4: train_loss: 0.6564 | lr: 0.000189
[2023-03-22 09:49:05] PRINT [03/22 09:49:05 graph]: start epoch 5.
[2023-03-22 09:49:05] PRINT [03/22 09:49:05 graph]: # Epoch 5: train_loss: 0.6277 | lr: 0.000189
[2023-03-22 09:49:05] PRINT [03/22 09:49:05 graph]: start epoch 6.
[2023-03-22 09:49:05] PRINT [03/22 09:49:05 graph]: # Epoch 6: train_loss: 0.6074 | lr: 0.000189
[2023-03-22 09:49:05] PRINT [03/22 09:49:05 graph]: start epoch 7.
[2023-03-22 09:49:05] PRINT [03/22 09:49:05 graph]: # Epoch 7: train_loss: 0.5915 | lr: 0.000189
[2023-03-22 09:49:05] PRINT [03/22 09:49:05 graph]: start epoch 8.
[2023-03-22 09:49:05] PRINT [03/22 09:49:05 graph]: # Epoch 8: train_loss: 0.5791 | lr: 0.000189
[2023-03-22 09:49:05] PRINT [03/22 09:49:05 graph]: start epoch 9.
[2023-03-22 09:49:05] PRINT [03/22 09:49:05 graph]: # Epoch 9: train_loss: 0.5673 | lr: 0.000189
[2023-03-22 09:49:05] PRINT [03/22 09:49:05 graph]: start epoch 10.
[2023-03-22 09:49:05] PRINT [03/22 09:49:05 graph]: # Epoch 10: train_loss: 0.5568 | lr: 0.000189
[2023-03-22 09:49:05] PRINT [03/22 09:49:05 graph]: start epoch 11.
[2023-03-22 09:49:05] PRINT [03/22 09:49:05 graph]: # Epoch 11: train_loss: 0.5474 | lr: 0.000189
[2023-03-22 09:49:05] PRINT [03/22 09:49:05 graph]: start epoch 12.
[2023-03-22 09:49:05] PRINT [03/22 09:49:05 graph]: # Epoch 12: train_loss: 0.5398 | lr: 0.000189
[2023-03-22 09:49:05] PRINT [03/22 09:49:05 graph]: start epoch 13.
[2023-03-22 09:49:05] PRINT [03/22 09:49:05 graph]: # Epoch 13: train_loss: 0.5331 | lr: 0.000189
[2023-03-22 09:49:05] PRINT [03/22 09:49:05 graph]: start epoch 14.
[2023-03-22 09:49:05] PRINT [03/22 09:49:05 graph]: # Epoch 14: train_loss: 0.5266 | lr: 0.000189
[2023-03-22 09:49:05] PRINT [03/22 09:49:05 graph]: start epoch 15.
[2023-03-22 09:49:06] PRINT [03/22 09:49:06 graph]: # Epoch 15: train_loss: 0.5210 | lr: 0.000189
[2023-03-22 09:49:06] PRINT [03/22 09:49:06 graph]: start epoch 16.
[2023-03-22 09:49:06] PRINT [03/22 09:49:06 graph]: # Epoch 16: train_loss: 0.5162 | lr: 0.000189
[2023-03-22 09:49:06] PRINT [03/22 09:49:06 graph]: start epoch 17.
[2023-03-22 09:49:06] PRINT [03/22 09:49:06 graph]: # Epoch 17: train_loss: 0.5112 | lr: 0.000189
[2023-03-22 09:49:06] PRINT [03/22 09:49:06 graph]: start epoch 18.
[2023-03-22 09:49:06] PRINT [03/22 09:49:06 graph]: # Epoch 18: train_loss: 0.5065 | lr: 0.000189
[2023-03-22 09:49:06] PRINT [03/22 09:49:06 graph]: start epoch 19.
[2023-03-22 09:49:06] PRINT [03/22 09:49:06 graph]: # Epoch 19: train_loss: 0.5022 | lr: 0.000189
[2023-03-22 09:49:06] PRINT [03/22 09:49:06 graph]: start epoch 20.
[2023-03-22 09:49:06] PRINT [03/22 09:49:06 graph]: # Epoch 20: train_loss: 0.4981 | lr: 0.000189
[2023-03-22 09:49:06] PRINT [03/22 09:49:06 graph]: start epoch 21.
[2023-03-22 09:49:06] PRINT [03/22 09:49:06 graph]: # Epoch 21: train_loss: 0.4944 | lr: 0.000189
[2023-03-22 09:49:06] PRINT [03/22 09:49:06 graph]: start epoch 22.
[2023-03-22 09:49:06] PRINT [03/22 09:49:06 graph]: # Epoch 22: train_loss: 0.4912 | lr: 0.000189
[2023-03-22 09:49:06] PRINT [03/22 09:49:06 graph]: start epoch 23.
[2023-03-22 09:49:06] PRINT [03/22 09:49:06 graph]: # Epoch 23: train_loss: 0.4881 | lr: 0.000189
[2023-03-22 09:49:06] PRINT [03/22 09:49:06 graph]: start epoch 24.
[2023-03-22 09:49:06] PRINT [03/22 09:49:06 graph]: # Epoch 24: train_loss: 0.4851 | lr: 0.000189
[2023-03-22 09:49:06] PRINT [03/22 09:49:06 graph]: start epoch 25.
[2023-03-22 09:49:06] PRINT [03/22 09:49:06 graph]: # Epoch 25: train_loss: 0.4826 | lr: 0.000189
[2023-03-22 09:49:06] PRINT [03/22 09:49:06 graph]: start epoch 26.
[2023-03-22 09:49:06] PRINT [03/22 09:49:06 graph]: # Epoch 26: train_loss: 0.4797 | lr: 0.000189
[2023-03-22 09:49:06] PRINT [03/22 09:49:06 graph]: start epoch 27.
[2023-03-22 09:49:06] PRINT [03/22 09:49:06 graph]: # Epoch 27: train_loss: 0.4772 | lr: 0.000189
[2023-03-22 09:49:06] PRINT [03/22 09:49:06 graph]: start epoch 28.
[2023-03-22 09:49:06] PRINT [03/22 09:49:06 graph]: # Epoch 28: train_loss: 0.4747 | lr: 0.000189
[2023-03-22 09:49:06] PRINT [03/22 09:49:06 graph]: start epoch 29.
[2023-03-22 09:49:06] PRINT [03/22 09:49:06 graph]: # Epoch 29: train_loss: 0.4727 | lr: 0.000189
[2023-03-22 09:49:06] PRINT [03/22 09:49:06 graph]: start epoch 30.
[2023-03-22 09:49:07] PRINT [03/22 09:49:07 graph]: # Epoch 30: train_loss: 0.4705 | lr: 0.000189
[2023-03-22 09:49:07] PRINT [03/22 09:49:07 graph]: start epoch 31.
[2023-03-22 09:49:07] PRINT [03/22 09:49:07 graph]: # Epoch 31: train_loss: 0.4682 | lr: 0.000189
[2023-03-22 09:49:07] PRINT [03/22 09:49:07 graph]: start epoch 32.
[2023-03-22 09:49:07] PRINT [03/22 09:49:07 graph]: # Epoch 32: train_loss: 0.4664 | lr: 0.000189
[2023-03-22 09:49:07] PRINT [03/22 09:49:07 graph]: start epoch 33.
[2023-03-22 09:49:07] PRINT [03/22 09:49:07 graph]: # Epoch 33: train_loss: 0.4643 | lr: 0.000189
[2023-03-22 09:49:07] PRINT [03/22 09:49:07 graph]: start epoch 34.
[2023-03-22 09:49:07] PRINT [03/22 09:49:07 graph]: # Epoch 34: train_loss: 0.4622 | lr: 0.000189
[2023-03-22 09:49:07] PRINT [03/22 09:49:07 graph]: start epoch 35.
[2023-03-22 09:49:07] PRINT [03/22 09:49:07 graph]: # Epoch 35: train_loss: 0.4606 | lr: 0.000189
[2023-03-22 09:49:07] PRINT [03/22 09:49:07 graph]: start epoch 36.
[2023-03-22 09:49:07] PRINT [03/22 09:49:07 graph]: # Epoch 36: train_loss: 0.4587 | lr: 0.000189
[2023-03-22 09:49:07] PRINT [03/22 09:49:07 graph]: start epoch 37.
[2023-03-22 09:49:07] PRINT [03/22 09:49:07 graph]: # Epoch 37: train_loss: 0.4573 | lr: 0.000189
[2023-03-22 09:49:07] PRINT [03/22 09:49:07 graph]: start epoch 38.
[2023-03-22 09:49:07] PRINT [03/22 09:49:07 graph]: # Epoch 38: train_loss: 0.4559 | lr: 0.000189
[2023-03-22 09:49:07] PRINT [03/22 09:49:07 graph]: start epoch 39.
[2023-03-22 09:49:07] PRINT [03/22 09:49:07 graph]: # Epoch 39: train_loss: 0.4539 | lr: 0.000189
[2023-03-22 09:49:07] PRINT [03/22 09:49:07 graph]: start epoch 40.
[2023-03-22 09:49:07] PRINT [03/22 09:49:07 graph]: # Epoch 40: train_loss: 0.4525 | lr: 0.000189
[2023-03-22 09:49:07] PRINT [03/22 09:49:07 graph]: start epoch 41.
[2023-03-22 09:49:07] PRINT [03/22 09:49:07 graph]: # Epoch 41: train_loss: 0.4515 | lr: 0.000189
[2023-03-22 09:49:07] PRINT [03/22 09:49:07 graph]: start epoch 42.
[2023-03-22 09:49:07] PRINT [03/22 09:49:07 graph]: # Epoch 42: train_loss: 0.4505 | lr: 0.000189
[2023-03-22 09:49:07] PRINT [03/22 09:49:07 graph]: start epoch 43.
[2023-03-22 09:49:07] PRINT [03/22 09:49:07 graph]: # Epoch 43: train_loss: 0.4496 | lr: 0.000189
[2023-03-22 09:49:07] PRINT [03/22 09:49:07 graph]: start epoch 44.
[2023-03-22 09:49:08] PRINT [03/22 09:49:08 graph]: # Epoch 44: train_loss: 0.4475 | lr: 0.000189
[2023-03-22 09:49:08] PRINT [03/22 09:49:08 graph]: start epoch 45.
[2023-03-22 09:49:08] PRINT [03/22 09:49:08 graph]: # Epoch 45: train_loss: 0.4491 | lr: 0.000189
[2023-03-22 09:49:08] PRINT [03/22 09:49:08 graph]: start epoch 46.
[2023-03-22 09:49:08] PRINT [03/22 09:49:08 graph]: # Epoch 46: train_loss: 0.4491 | lr: 0.000189
[2023-03-22 09:49:08] PRINT [03/22 09:49:08 graph]: start epoch 47.
[2023-03-22 09:49:08] PRINT [03/22 09:49:08 graph]: # Epoch 47: train_loss: 0.4482 | lr: 0.000189
[2023-03-22 09:49:08] PRINT [03/22 09:49:08 graph]: start epoch 48.
[2023-03-22 09:49:08] PRINT [03/22 09:49:08 graph]: # Epoch 48: train_loss: 0.4429 | lr: 0.000189
[2023-03-22 09:49:08] PRINT [03/22 09:49:08 graph]: start epoch 49.
[2023-03-22 09:49:08] PRINT [03/22 09:49:08 graph]: # Epoch 49: train_loss: 0.4489 | lr: 0.000189
[2023-03-22 09:49:08] PRINT [03/22 09:49:08 graph]: start epoch 50.
[2023-03-22 09:49:08] PRINT [03/22 09:49:08 graph]: # Epoch 50: train_loss: 0.4426 | lr: 0.000189
[2023-03-22 09:49:08] PRINT [03/22 09:49:08 graph]: start epoch 51.
[2023-03-22 09:49:08] PRINT [03/22 09:49:08 graph]: # Epoch 51: train_loss: 0.4461 | lr: 0.000189
[2023-03-22 09:49:13] PRINT [03/22 09:49:13 graph]: --- Testf1: 0.88775, Best Valacc: 0.88655 in epoch 446 --- 
[2023-03-22 09:49:14] PRINT [03/22 09:49:14 graph]: Epoch 51: get test acc score:  0.88775
[2023-03-22 09:49:14] PRINT [03/22 09:49:14 graph]: best_f1 0.88775 at epoch 51
[2023-03-22 09:49:14] PRINT [03/22 09:49:14 graph]: start epoch 52.
[2023-03-22 09:49:14] PRINT [03/22 09:49:14 graph]: # Epoch 52: train_loss: 0.4428 | lr: 0.000189
[2023-03-22 09:49:23] PRINT [03/22 09:49:23 graph]: --- Testf1: 0.89356, Best Valacc: 0.88582 in epoch 301 --- 
[2023-03-22 09:49:24] PRINT [03/22 09:49:24 graph]: Epoch 52: get test acc score:  0.89356
[2023-03-22 09:49:24] PRINT [03/22 09:49:24 graph]: best_f1 0.89356 at epoch 52
[2023-03-22 09:49:24] PRINT [03/22 09:49:24 graph]: start epoch 53.
[2023-03-22 09:49:24] PRINT [03/22 09:49:24 graph]: # Epoch 53: train_loss: 0.4389 | lr: 0.000189
[2023-03-22 09:49:31] PRINT [03/22 09:49:31 graph]: --- Testf1: 0.88838, Best Valacc: 0.88509 in epoch 229 --- 
[2023-03-22 09:49:31] PRINT [03/22 09:49:31 graph]: Epoch 53: get test acc score:  0.88838
[2023-03-22 09:49:31] PRINT [03/22 09:49:31 graph]: best_f1 0.89356 at epoch 52
[2023-03-22 09:49:31] PRINT [03/22 09:49:31 graph]: start epoch 54.
[2023-03-22 09:49:31] PRINT [03/22 09:49:31 graph]: # Epoch 54: train_loss: 0.4419 | lr: 0.000189
[2023-03-22 09:49:38] PRINT [03/22 09:49:38 graph]: --- Testf1: 0.89266, Best Valacc: 0.88873 in epoch 267 --- 
[2023-03-22 09:49:39] PRINT [03/22 09:49:39 graph]: Epoch 54: get test acc score:  0.89266
[2023-03-22 09:49:39] PRINT [03/22 09:49:39 graph]: best_f1 0.89356 at epoch 52
[2023-03-22 09:49:39] PRINT [03/22 09:49:39 graph]: start epoch 55.
[2023-03-22 09:49:39] PRINT [03/22 09:49:39 graph]: # Epoch 55: train_loss: 0.4385 | lr: 0.000189
[2023-03-22 09:49:46] PRINT [03/22 09:49:46 graph]: --- Testf1: 0.88875, Best Valacc: 0.88364 in epoch 469 --- 
[2023-03-22 09:49:46] PRINT [03/22 09:49:46 graph]: Epoch 55: get test acc score:  0.88875
[2023-03-22 09:49:46] PRINT [03/22 09:49:46 graph]: best_f1 0.89356 at epoch 52
[2023-03-22 09:49:46] PRINT [03/22 09:49:46 graph]: start epoch 56.
[2023-03-22 09:49:46] PRINT [03/22 09:49:46 graph]: # Epoch 56: train_loss: 0.4371 | lr: 0.000189
[2023-03-22 09:49:53] PRINT [03/22 09:49:53 graph]: --- Testf1: 0.89229, Best Valacc: 0.88509 in epoch 382 --- 
[2023-03-22 09:49:54] PRINT [03/22 09:49:54 graph]: Epoch 56: get test acc score:  0.89229
[2023-03-22 09:49:54] PRINT [03/22 09:49:54 graph]: best_f1 0.89356 at epoch 52
[2023-03-22 09:49:54] PRINT [03/22 09:49:54 graph]: start epoch 57.
[2023-03-22 09:49:54] PRINT [03/22 09:49:54 graph]: # Epoch 57: train_loss: 0.4385 | lr: 0.000189
[2023-03-22 09:50:01] PRINT [03/22 09:50:01 graph]: --- Testf1: 0.89102, Best Valacc: 0.88655 in epoch 355 --- 
[2023-03-22 09:50:01] PRINT [03/22 09:50:01 graph]: Epoch 57: get test acc score:  0.89102
[2023-03-22 09:50:01] PRINT [03/22 09:50:01 graph]: best_f1 0.89356 at epoch 52
[2023-03-22 09:50:01] PRINT [03/22 09:50:01 graph]: start epoch 58.
[2023-03-22 09:50:01] PRINT [03/22 09:50:01 graph]: # Epoch 58: train_loss: 0.4365 | lr: 0.000189
[2023-03-22 09:50:08] PRINT [03/22 09:50:08 graph]: --- Testf1: 0.89347, Best Valacc: 0.88655 in epoch 468 --- 
[2023-03-22 09:50:08] PRINT [03/22 09:50:08 graph]: Epoch 58: get test acc score:  0.89347
[2023-03-22 09:50:08] PRINT [03/22 09:50:08 graph]: best_f1 0.89356 at epoch 52
[2023-03-22 09:50:08] PRINT [03/22 09:50:08 graph]: start epoch 59.
[2023-03-22 09:50:08] PRINT [03/22 09:50:08 graph]: # Epoch 59: train_loss: 0.4340 | lr: 0.000189
[2023-03-22 09:50:15] PRINT [03/22 09:50:15 graph]: --- Testf1: 0.89238, Best Valacc: 0.88436 in epoch 423 --- 
[2023-03-22 09:50:16] PRINT [03/22 09:50:16 graph]: Epoch 59: get test acc score:  0.89238
[2023-03-22 09:50:16] PRINT [03/22 09:50:16 graph]: best_f1 0.89356 at epoch 52
[2023-03-22 09:50:16] PRINT [03/22 09:50:16 graph]: start epoch 60.
[2023-03-22 09:50:16] PRINT [03/22 09:50:16 graph]: # Epoch 60: train_loss: 0.4344 | lr: 0.000189
[2023-03-22 09:50:23] PRINT [03/22 09:50:23 graph]: --- Testf1: 0.89275, Best Valacc: 0.88873 in epoch 426 --- 
[2023-03-22 09:50:23] PRINT [03/22 09:50:23 graph]: Epoch 60: get test acc score:  0.89275
[2023-03-22 09:50:23] PRINT [03/22 09:50:23 graph]: best_f1 0.89356 at epoch 52
[2023-03-22 09:50:23] PRINT [03/22 09:50:23 graph]: start epoch 61.
[2023-03-22 09:50:23] PRINT [03/22 09:50:23 graph]: # Epoch 61: train_loss: 0.4339 | lr: 0.000189
[2023-03-22 09:50:30] PRINT [03/22 09:50:30 graph]: --- Testf1: 0.88975, Best Valacc: 0.88364 in epoch 336 --- 
[2023-03-22 09:50:30] PRINT [03/22 09:50:30 graph]: Epoch 61: get test acc score:  0.88975
[2023-03-22 09:50:30] PRINT [03/22 09:50:30 graph]: best_f1 0.89356 at epoch 52
[2023-03-22 09:50:30] PRINT [03/22 09:50:30 graph]: start epoch 62.
[2023-03-22 09:50:30] PRINT [03/22 09:50:30 graph]: # Epoch 62: train_loss: 0.4318 | lr: 0.000189
[2023-03-22 09:50:37] PRINT [03/22 09:50:37 graph]: --- Testf1: 0.89147, Best Valacc: 0.88727 in epoch 480 --- 
[2023-03-22 09:50:37] PRINT [03/22 09:50:37 graph]: Epoch 62: get test acc score:  0.89147
[2023-03-22 09:50:37] PRINT [03/22 09:50:37 graph]: best_f1 0.89356 at epoch 52
[2023-03-22 09:50:37] PRINT [03/22 09:50:37 graph]: start epoch 63.
[2023-03-22 09:50:37] PRINT [03/22 09:50:37 graph]: # Epoch 63: train_loss: 0.4323 | lr: 0.000189
[2023-03-22 09:50:44] PRINT [03/22 09:50:44 graph]: --- Testf1: 0.89075, Best Valacc: 0.88436 in epoch 467 --- 
[2023-03-22 09:50:45] PRINT [03/22 09:50:45 graph]: Epoch 63: get test acc score:  0.89075
[2023-03-22 09:50:45] PRINT [03/22 09:50:45 graph]: best_f1 0.89356 at epoch 52
[2023-03-22 09:50:45] PRINT [03/22 09:50:45 graph]: start epoch 64.
[2023-03-22 09:50:45] PRINT [03/22 09:50:45 graph]: # Epoch 64: train_loss: 0.4313 | lr: 0.000189
[2023-03-22 09:50:52] PRINT [03/22 09:50:52 graph]: --- Testf1: 0.89493, Best Valacc: 0.88873 in epoch 419 --- 
[2023-03-22 09:50:52] PRINT [03/22 09:50:52 graph]: Epoch 64: get test acc score:  0.89493
[2023-03-22 09:50:52] PRINT [03/22 09:50:52 graph]: best_f1 0.89493 at epoch 64
[2023-03-22 09:50:52] PRINT [03/22 09:50:52 graph]: start epoch 65.
[2023-03-22 09:50:52] PRINT [03/22 09:50:52 graph]: # Epoch 65: train_loss: 0.4296 | lr: 0.000189
[2023-03-22 09:50:59] PRINT [03/22 09:50:59 graph]: --- Testf1: 0.89475, Best Valacc: 0.88873 in epoch 185 --- 
[2023-03-22 09:50:59] PRINT [03/22 09:50:59 graph]: Epoch 65: get test acc score:  0.89475
[2023-03-22 09:50:59] PRINT [03/22 09:50:59 graph]: best_f1 0.89493 at epoch 64
[2023-03-22 09:50:59] PRINT [03/22 09:50:59 graph]: start epoch 66.
[2023-03-22 09:50:59] PRINT [03/22 09:50:59 graph]: # Epoch 66: train_loss: 0.4293 | lr: 0.000189
[2023-03-22 09:51:07] PRINT [03/22 09:51:07 graph]: --- Testf1: 0.89566, Best Valacc: 0.88582 in epoch 404 --- 
[2023-03-22 09:51:07] PRINT [03/22 09:51:07 graph]: Epoch 66: get test acc score:  0.89566
[2023-03-22 09:51:07] PRINT [03/22 09:51:07 graph]: best_f1 0.89566 at epoch 66
[2023-03-22 09:51:07] PRINT [03/22 09:51:07 graph]: start epoch 67.
[2023-03-22 09:51:07] PRINT [03/22 09:51:07 graph]: # Epoch 67: train_loss: 0.4289 | lr: 0.000189
[2023-03-22 09:51:12] PRINT [03/22 09:51:12 graph]: --- Testf1: 0.89166, Best Valacc: 0.88945 in epoch 362 --- 
[2023-03-22 09:51:12] PRINT [03/22 09:51:12 graph]: Epoch 67: get test acc score:  0.89166
[2023-03-22 09:51:12] PRINT [03/22 09:51:12 graph]: best_f1 0.89566 at epoch 66
[2023-03-22 09:51:12] PRINT [03/22 09:51:12 graph]: start epoch 68.
[2023-03-22 09:51:12] PRINT [03/22 09:51:12 graph]: # Epoch 68: train_loss: 0.4277 | lr: 0.000189
[2023-03-22 09:51:18] PRINT [03/22 09:51:18 graph]: --- Testf1: 0.88684, Best Valacc: 0.88800 in epoch 451 --- 
[2023-03-22 09:51:18] PRINT [03/22 09:51:18 graph]: Epoch 68: get test acc score:  0.88684
[2023-03-22 09:51:18] PRINT [03/22 09:51:18 graph]: best_f1 0.89566 at epoch 66
[2023-03-22 09:51:18] PRINT [03/22 09:51:18 graph]: start epoch 69.
[2023-03-22 09:51:18] PRINT [03/22 09:51:18 graph]: # Epoch 69: train_loss: 0.4271 | lr: 0.000189
[2023-03-22 09:51:24] PRINT [03/22 09:51:24 graph]: --- Testf1: 0.89702, Best Valacc: 0.88727 in epoch 454 --- 
[2023-03-22 09:51:24] PRINT [03/22 09:51:24 graph]: Epoch 69: get test acc score:  0.89702
[2023-03-22 09:51:24] PRINT [03/22 09:51:24 graph]: best_f1 0.89702 at epoch 69
[2023-03-22 09:51:24] PRINT [03/22 09:51:24 graph]: start epoch 70.
[2023-03-22 09:51:24] PRINT [03/22 09:51:24 graph]: # Epoch 70: train_loss: 0.4266 | lr: 0.000189
[2023-03-22 09:51:29] PRINT [03/22 09:51:29 graph]: --- Testf1: 0.89547, Best Valacc: 0.88873 in epoch 455 --- 
[2023-03-22 09:51:30] PRINT [03/22 09:51:30 graph]: Epoch 70: get test acc score:  0.89547
[2023-03-22 09:51:30] PRINT [03/22 09:51:30 graph]: best_f1 0.89702 at epoch 69
[2023-03-22 09:51:30] PRINT [03/22 09:51:30 graph]: start epoch 71.
[2023-03-22 09:51:30] PRINT [03/22 09:51:30 graph]: # Epoch 71: train_loss: 0.4258 | lr: 0.000189
[2023-03-22 09:51:40] PRINT [03/22 09:51:40 graph]: --- Testf1: 0.89084, Best Valacc: 0.88582 in epoch 212 --- 
[2023-03-22 09:51:40] PRINT [03/22 09:51:40 graph]: Epoch 71: get test acc score:  0.89084
[2023-03-22 09:51:40] PRINT [03/22 09:51:40 graph]: best_f1 0.89702 at epoch 69
[2023-03-22 09:51:40] PRINT [03/22 09:51:40 graph]: start epoch 72.
[2023-03-22 09:51:40] PRINT [03/22 09:51:40 graph]: # Epoch 72: train_loss: 0.4249 | lr: 0.000189
[2023-03-22 09:51:47] PRINT [03/22 09:51:47 graph]: --- Testf1: 0.89338, Best Valacc: 0.88800 in epoch 493 --- 
[2023-03-22 09:51:47] PRINT [03/22 09:51:47 graph]: Epoch 72: get test acc score:  0.89338
[2023-03-22 09:51:47] PRINT [03/22 09:51:47 graph]: best_f1 0.89702 at epoch 69
[2023-03-22 09:51:47] PRINT [03/22 09:51:47 graph]: start epoch 73.
[2023-03-22 09:51:47] PRINT [03/22 09:51:47 graph]: # Epoch 73: train_loss: 0.4241 | lr: 0.000189
[2023-03-22 09:51:54] PRINT [03/22 09:51:54 graph]: --- Testf1: 0.89438, Best Valacc: 0.88945 in epoch 271 --- 
[2023-03-22 09:51:55] PRINT [03/22 09:51:55 graph]: Epoch 73: get test acc score:  0.89438
[2023-03-22 09:51:55] PRINT [03/22 09:51:55 graph]: best_f1 0.89702 at epoch 69
[2023-03-22 09:51:55] PRINT [03/22 09:51:55 graph]: start epoch 74.
[2023-03-22 09:51:55] PRINT [03/22 09:51:55 graph]: # Epoch 74: train_loss: 0.4241 | lr: 0.000189
[2023-03-22 09:52:02] PRINT [03/22 09:52:02 graph]: --- Testf1: 0.89629, Best Valacc: 0.88800 in epoch 418 --- 
[2023-03-22 09:52:02] PRINT [03/22 09:52:02 graph]: Epoch 74: get test acc score:  0.89629
[2023-03-22 09:52:02] PRINT [03/22 09:52:02 graph]: best_f1 0.89702 at epoch 69
[2023-03-22 09:52:02] PRINT [03/22 09:52:02 graph]: start epoch 75.
[2023-03-22 09:52:02] PRINT [03/22 09:52:02 graph]: # Epoch 75: train_loss: 0.4235 | lr: 0.000189
[2023-03-22 09:52:09] PRINT [03/22 09:52:09 graph]: --- Testf1: 0.89693, Best Valacc: 0.89164 in epoch 191 --- 
[2023-03-22 09:52:09] PRINT [03/22 09:52:09 graph]: Epoch 75: get test acc score:  0.89693
[2023-03-22 09:52:09] PRINT [03/22 09:52:09 graph]: best_f1 0.89702 at epoch 69
[2023-03-22 09:52:09] PRINT [03/22 09:52:09 graph]: start epoch 76.
[2023-03-22 09:52:09] PRINT [03/22 09:52:09 graph]: # Epoch 76: train_loss: 0.4227 | lr: 0.000189
[2023-03-22 09:52:16] PRINT [03/22 09:52:16 graph]: --- Testf1: 0.89529, Best Valacc: 0.89018 in epoch 429 --- 
[2023-03-22 09:52:16] PRINT [03/22 09:52:16 graph]: Epoch 76: get test acc score:  0.89529
[2023-03-22 09:52:16] PRINT [03/22 09:52:16 graph]: best_f1 0.89702 at epoch 69
[2023-03-22 09:52:16] PRINT [03/22 09:52:16 graph]: start epoch 77.
[2023-03-22 09:52:16] PRINT [03/22 09:52:16 graph]: # Epoch 77: train_loss: 0.4223 | lr: 0.000189
[2023-03-22 09:52:23] PRINT [03/22 09:52:23 graph]: --- Testf1: 0.89575, Best Valacc: 0.89164 in epoch 303 --- 
[2023-03-22 09:52:24] PRINT [03/22 09:52:24 graph]: Epoch 77: get test acc score:  0.89575
[2023-03-22 09:52:24] PRINT [03/22 09:52:24 graph]: best_f1 0.89702 at epoch 69
[2023-03-22 09:52:24] PRINT [03/22 09:52:24 graph]: start epoch 78.
[2023-03-22 09:52:24] PRINT [03/22 09:52:24 graph]: # Epoch 78: train_loss: 0.4214 | lr: 0.000189
[2023-03-22 09:52:31] PRINT [03/22 09:52:31 graph]: --- Testf1: 0.89729, Best Valacc: 0.89309 in epoch 262 --- 
[2023-03-22 09:52:31] PRINT [03/22 09:52:31 graph]: Epoch 78: get test acc score:  0.89729
[2023-03-22 09:52:31] PRINT [03/22 09:52:31 graph]: best_f1 0.89729 at epoch 78
[2023-03-22 09:52:31] PRINT [03/22 09:52:31 graph]: start epoch 79.
[2023-03-22 09:52:31] PRINT [03/22 09:52:31 graph]: # Epoch 79: train_loss: 0.4211 | lr: 0.000189
[2023-03-22 09:52:38] PRINT [03/22 09:52:38 graph]: --- Testf1: 0.89711, Best Valacc: 0.89091 in epoch 412 --- 
[2023-03-22 09:52:38] PRINT [03/22 09:52:38 graph]: Epoch 79: get test acc score:  0.89711
[2023-03-22 09:52:38] PRINT [03/22 09:52:38 graph]: best_f1 0.89729 at epoch 78
[2023-03-22 09:52:38] PRINT [03/22 09:52:38 graph]: start epoch 80.
[2023-03-22 09:52:38] PRINT [03/22 09:52:38 graph]: # Epoch 80: train_loss: 0.4207 | lr: 0.000189
[2023-03-22 09:52:45] PRINT [03/22 09:52:45 graph]: --- Testf1: 0.89702, Best Valacc: 0.88873 in epoch 406 --- 
[2023-03-22 09:52:45] PRINT [03/22 09:52:45 graph]: Epoch 80: get test acc score:  0.89702
[2023-03-22 09:52:45] PRINT [03/22 09:52:45 graph]: best_f1 0.89729 at epoch 78
[2023-03-22 09:52:45] PRINT [03/22 09:52:45 graph]: start epoch 81.
[2023-03-22 09:52:46] PRINT [03/22 09:52:46 graph]: # Epoch 81: train_loss: 0.4199 | lr: 0.000189
[2023-03-22 09:52:52] PRINT [03/22 09:52:52 graph]: --- Testf1: 0.89629, Best Valacc: 0.89164 in epoch 495 --- 
[2023-03-22 09:52:53] PRINT [03/22 09:52:53 graph]: Epoch 81: get test acc score:  0.89629
[2023-03-22 09:52:53] PRINT [03/22 09:52:53 graph]: best_f1 0.89729 at epoch 78
[2023-03-22 09:52:53] PRINT [03/22 09:52:53 graph]: start epoch 82.
[2023-03-22 09:52:53] PRINT [03/22 09:52:53 graph]: # Epoch 82: train_loss: 0.4202 | lr: 0.000189
[2023-03-22 09:53:00] PRINT [03/22 09:53:00 graph]: --- Testf1: 0.89656, Best Valacc: 0.88945 in epoch 408 --- 
[2023-03-22 09:53:00] PRINT [03/22 09:53:00 graph]: Epoch 82: get test acc score:  0.89656
[2023-03-22 09:53:00] PRINT [03/22 09:53:00 graph]: best_f1 0.89729 at epoch 78
[2023-03-22 09:53:00] PRINT [03/22 09:53:00 graph]: start epoch 83.
[2023-03-22 09:53:00] PRINT [03/22 09:53:00 graph]: # Epoch 83: train_loss: 0.4186 | lr: 0.000189
[2023-03-22 09:53:07] PRINT [03/22 09:53:07 graph]: --- Testf1: 0.89402, Best Valacc: 0.88945 in epoch 197 --- 
[2023-03-22 09:53:07] PRINT [03/22 09:53:07 graph]: Epoch 83: get test acc score:  0.89402
[2023-03-22 09:53:07] PRINT [03/22 09:53:07 graph]: best_f1 0.89729 at epoch 78
[2023-03-22 09:53:07] PRINT [03/22 09:53:07 graph]: start epoch 84.
[2023-03-22 09:53:07] PRINT [03/22 09:53:07 graph]: # Epoch 84: train_loss: 0.4189 | lr: 0.000189
[2023-03-22 09:53:14] PRINT [03/22 09:53:14 graph]: --- Testf1: 0.89429, Best Valacc: 0.89382 in epoch 439 --- 
[2023-03-22 09:53:14] PRINT [03/22 09:53:14 graph]: Epoch 84: get test acc score:  0.89429
[2023-03-22 09:53:14] PRINT [03/22 09:53:14 graph]: best_f1 0.89729 at epoch 78
[2023-03-22 09:53:14] PRINT [03/22 09:53:14 graph]: start epoch 85.
[2023-03-22 09:53:15] PRINT [03/22 09:53:15 graph]: # Epoch 85: train_loss: 0.4179 | lr: 0.000189
[2023-03-22 09:53:21] PRINT [03/22 09:53:21 graph]: --- Testf1: 0.89711, Best Valacc: 0.89164 in epoch 374 --- 
[2023-03-22 09:53:22] PRINT [03/22 09:53:22 graph]: Epoch 85: get test acc score:  0.89711
[2023-03-22 09:53:22] PRINT [03/22 09:53:22 graph]: best_f1 0.89729 at epoch 78
[2023-03-22 09:53:22] PRINT [03/22 09:53:22 graph]: start epoch 86.
[2023-03-22 09:53:22] PRINT [03/22 09:53:22 graph]: # Epoch 86: train_loss: 0.4171 | lr: 0.000189
[2023-03-22 09:53:29] PRINT [03/22 09:53:29 graph]: --- Testf1: 0.89784, Best Valacc: 0.89091 in epoch 291 --- 
[2023-03-22 09:53:29] PRINT [03/22 09:53:29 graph]: Epoch 86: get test acc score:  0.89784
[2023-03-22 09:53:29] PRINT [03/22 09:53:29 graph]: best_f1 0.89784 at epoch 86
[2023-03-22 09:53:29] PRINT [03/22 09:53:29 graph]: start epoch 87.
[2023-03-22 09:53:29] PRINT [03/22 09:53:29 graph]: # Epoch 87: train_loss: 0.4169 | lr: 0.000189
[2023-03-22 09:53:36] PRINT [03/22 09:53:36 graph]: --- Testf1: 0.89666, Best Valacc: 0.89309 in epoch 239 --- 
[2023-03-22 09:53:36] PRINT [03/22 09:53:36 graph]: Epoch 87: get test acc score:  0.89666
[2023-03-22 09:53:36] PRINT [03/22 09:53:36 graph]: best_f1 0.89784 at epoch 86
[2023-03-22 09:53:36] PRINT [03/22 09:53:36 graph]: start epoch 88.
[2023-03-22 09:53:36] PRINT [03/22 09:53:36 graph]: # Epoch 88: train_loss: 0.4164 | lr: 0.000189
[2023-03-22 09:53:43] PRINT [03/22 09:53:43 graph]: --- Testf1: 0.89784, Best Valacc: 0.89018 in epoch 159 --- 
[2023-03-22 09:53:44] PRINT [03/22 09:53:44 graph]: Epoch 88: get test acc score:  0.89784
[2023-03-22 09:53:44] PRINT [03/22 09:53:44 graph]: best_f1 0.89784 at epoch 86
[2023-03-22 09:53:44] PRINT [03/22 09:53:44 graph]: start epoch 89.
[2023-03-22 09:53:44] PRINT [03/22 09:53:44 graph]: # Epoch 89: train_loss: 0.4161 | lr: 0.000189
[2023-03-22 09:53:51] PRINT [03/22 09:53:51 graph]: --- Testf1: 0.89838, Best Valacc: 0.88800 in epoch 405 --- 
[2023-03-22 09:53:51] PRINT [03/22 09:53:51 graph]: Epoch 89: get test acc score:  0.89838
[2023-03-22 09:53:51] PRINT [03/22 09:53:51 graph]: best_f1 0.89838 at epoch 89
[2023-03-22 09:53:51] PRINT [03/22 09:53:51 graph]: start epoch 90.
[2023-03-22 09:53:51] PRINT [03/22 09:53:51 graph]: # Epoch 90: train_loss: 0.4153 | lr: 0.000189
[2023-03-22 09:53:58] PRINT [03/22 09:53:58 graph]: --- Testf1: 0.89466, Best Valacc: 0.89673 in epoch 240 --- 
[2023-03-22 09:53:58] PRINT [03/22 09:53:58 graph]: Epoch 90: get test acc score:  0.89466
[2023-03-22 09:53:58] PRINT [03/22 09:53:58 graph]: best_f1 0.89838 at epoch 89
[2023-03-22 09:53:58] PRINT [03/22 09:53:58 graph]: start epoch 91.
[2023-03-22 09:53:58] PRINT [03/22 09:53:58 graph]: # Epoch 91: train_loss: 0.4159 | lr: 0.000189
[2023-03-22 09:54:05] PRINT [03/22 09:54:05 graph]: --- Testf1: 0.89684, Best Valacc: 0.89382 in epoch 366 --- 
[2023-03-22 09:54:06] PRINT [03/22 09:54:06 graph]: Epoch 91: get test acc score:  0.89684
[2023-03-22 09:54:06] PRINT [03/22 09:54:06 graph]: best_f1 0.89838 at epoch 89
[2023-03-22 09:54:06] PRINT [03/22 09:54:06 graph]: start epoch 92.
[2023-03-22 09:54:06] PRINT [03/22 09:54:06 graph]: # Epoch 92: train_loss: 0.4144 | lr: 0.000189
[2023-03-22 09:54:13] PRINT [03/22 09:54:13 graph]: --- Testf1: 0.89656, Best Valacc: 0.89382 in epoch 168 --- 
[2023-03-22 09:54:13] PRINT [03/22 09:54:13 graph]: Epoch 92: get test acc score:  0.89656
[2023-03-22 09:54:13] PRINT [03/22 09:54:13 graph]: best_f1 0.89838 at epoch 89
[2023-03-22 09:54:13] PRINT [03/22 09:54:13 graph]: start epoch 93.
[2023-03-22 09:54:13] PRINT [03/22 09:54:13 graph]: # Epoch 93: train_loss: 0.4139 | lr: 0.000189
[2023-03-22 09:54:20] PRINT [03/22 09:54:20 graph]: --- Testf1: 0.89656, Best Valacc: 0.89091 in epoch 486 --- 
[2023-03-22 09:54:20] PRINT [03/22 09:54:20 graph]: Epoch 93: get test acc score:  0.89656
[2023-03-22 09:54:20] PRINT [03/22 09:54:20 graph]: best_f1 0.89838 at epoch 89
[2023-03-22 09:54:20] PRINT [03/22 09:54:20 graph]: start epoch 94.
[2023-03-22 09:54:20] PRINT [03/22 09:54:20 graph]: # Epoch 94: train_loss: 0.4138 | lr: 0.000189
[2023-03-22 09:54:28] PRINT [03/22 09:54:28 graph]: --- Testf1: 0.89620, Best Valacc: 0.89309 in epoch 399 --- 
[2023-03-22 09:54:28] PRINT [03/22 09:54:28 graph]: Epoch 94: get test acc score:  0.89620
[2023-03-22 09:54:28] PRINT [03/22 09:54:28 graph]: best_f1 0.89838 at epoch 89
[2023-03-22 09:54:28] PRINT [03/22 09:54:28 graph]: start epoch 95.
[2023-03-22 09:54:28] PRINT [03/22 09:54:28 graph]: # Epoch 95: train_loss: 0.4131 | lr: 0.000189
[2023-03-22 09:54:35] PRINT [03/22 09:54:35 graph]: --- Testf1: 0.89447, Best Valacc: 0.89236 in epoch 463 --- 
[2023-03-22 09:54:35] PRINT [03/22 09:54:35 graph]: Epoch 95: get test acc score:  0.89447
[2023-03-22 09:54:35] PRINT [03/22 09:54:35 graph]: best_f1 0.89838 at epoch 89
[2023-03-22 09:54:35] PRINT [03/22 09:54:35 graph]: start epoch 96.
[2023-03-22 09:54:35] PRINT [03/22 09:54:35 graph]: # Epoch 96: train_loss: 0.4126 | lr: 0.000189
[2023-03-22 09:54:43] PRINT [03/22 09:54:43 graph]: --- Testf1: 0.89620, Best Valacc: 0.89382 in epoch 386 --- 
[2023-03-22 09:54:43] PRINT [03/22 09:54:43 graph]: Epoch 96: get test acc score:  0.89620
[2023-03-22 09:54:43] PRINT [03/22 09:54:43 graph]: best_f1 0.89838 at epoch 89
[2023-03-22 09:54:43] PRINT [03/22 09:54:43 graph]: start epoch 97.
[2023-03-22 09:54:43] PRINT [03/22 09:54:43 graph]: # Epoch 97: train_loss: 0.4124 | lr: 0.000189
[2023-03-22 09:54:50] PRINT [03/22 09:54:50 graph]: --- Testf1: 0.89638, Best Valacc: 0.89527 in epoch 318 --- 
[2023-03-22 09:54:50] PRINT [03/22 09:54:50 graph]: Epoch 97: get test acc score:  0.89638
[2023-03-22 09:54:50] PRINT [03/22 09:54:50 graph]: best_f1 0.89838 at epoch 89
[2023-03-22 09:54:50] PRINT [03/22 09:54:50 graph]: start epoch 98.
[2023-03-22 09:54:51] PRINT [03/22 09:54:51 graph]: # Epoch 98: train_loss: 0.4120 | lr: 0.000189
[2023-03-22 09:54:58] PRINT [03/22 09:54:58 graph]: --- Testf1: 0.89775, Best Valacc: 0.89164 in epoch 219 --- 
[2023-03-22 09:54:58] PRINT [03/22 09:54:58 graph]: Epoch 98: get test acc score:  0.89775
[2023-03-22 09:54:58] PRINT [03/22 09:54:58 graph]: best_f1 0.89838 at epoch 89
[2023-03-22 09:54:58] PRINT [03/22 09:54:58 graph]: start epoch 99.
[2023-03-22 09:54:58] PRINT [03/22 09:54:58 graph]: # Epoch 99: train_loss: 0.4113 | lr: 0.000189
[2023-03-22 09:55:05] PRINT [03/22 09:55:05 graph]: --- Testf1: 0.89793, Best Valacc: 0.89527 in epoch 333 --- 
[2023-03-22 09:55:05] PRINT [03/22 09:55:05 graph]: Epoch 99: get test acc score:  0.89793
[2023-03-22 09:55:05] PRINT [03/22 09:55:05 graph]: best_f1 0.89838 at epoch 89
[2023-03-22 09:55:05] PRINT [03/22 09:55:05 graph]: # final_acc: 0.89838±0.00000
