[2023-03-21 18:56:18] PRINT ---new cfg------
[2023-03-21 18:56:18] PRINT {'DATA': {'data_name': 'photo'}, 'DATALOADER': {'NUM_WORKERS': 0}, 'MODEL': {'num_hidden': 1024, 'num_layers': 2, 'nhead': 4, 'activation': 'prelu', 'attn_drop': 0.4, 'feat_drop': 0.2, 'norm': 'batchnorm', 'pooler': 'mean', 'beta_schedule': 'const', 'beta_1': 0.00031795289178178924, 'beta_T': 0.09931543131614905, 'T': 573}, 'SOLVER': {'optim_type': 'adam', 'optim_type_f': 'adamw', 'alpha': 1, 'decay': 10, 'LR': 0.000152101781658939, 'LR_f': 0.0002699766143474751, 'weight_decay': 0, 'weight_decay_f': 3.23610129425874e-05, 'MAX_EPOCH': 150, 'max_epoch_f': 100}, 'DEVICE': 'cuda', 'seeds': [0], 'eval_T': [50, 100, 200], 'output_dir': '/ddm-nni/AmazonCoBuyPhotoDataset/log', 'checkpoint_dir': '/ddm-nni/AmazonCoBuyPhotoDataset/log/checkpoint'}
[2023-03-21 18:56:18] PRINT [03/21 18:56:18 graph]: Rank of current process: 0. World size: 1
[2023-03-21 18:56:21] PRINT [03/21 18:56:21 graph]: Environment info:
[2023-03-21 18:56:21] PRINT PyTorch version: 1.10.0+cu113
[2023-03-21 18:56:21] PRINT Is debug build: False
[2023-03-21 18:56:21] PRINT CUDA used to build PyTorch: 11.3
[2023-03-21 18:56:21] PRINT ROCM used to build PyTorch: N/A
[2023-03-21 18:56:21] PRINT 
[2023-03-21 18:56:21] PRINT OS: Ubuntu 20.04.3 LTS (x86_64)
[2023-03-21 18:56:21] PRINT GCC version: (Ubuntu 9.3.0-17ubuntu1~20.04) 9.3.0
[2023-03-21 18:56:21] PRINT Clang version: Could not collect
[2023-03-21 18:56:21] PRINT CMake version: version 3.16.3
[2023-03-21 18:56:21] PRINT Libc version: glibc-2.31
[2023-03-21 18:56:21] PRINT 
[2023-03-21 18:56:21] PRINT Python version: 3.8.10 (default, Jun  4 2021, 15:09:15)  [GCC 7.5.0] (64-bit runtime)
[2023-03-21 18:56:21] PRINT Python platform: Linux-5.4.0-90-generic-x86_64-with-glibc2.17
[2023-03-21 18:56:21] PRINT Is CUDA available: True
[2023-03-21 18:56:21] PRINT CUDA runtime version: 11.3.109
[2023-03-21 18:56:21] PRINT GPU models and configuration: GPU 0: NVIDIA GeForce RTX 3090
[2023-03-21 18:56:21] PRINT Nvidia driver version: 495.44
[2023-03-21 18:56:21] PRINT cuDNN version: Probably one of the following:
[2023-03-21 18:56:21] PRINT /usr/lib/x86_64-linux-gnu/libcudnn.so.8.2.0
[2023-03-21 18:56:21] PRINT /usr/lib/x86_64-linux-gnu/libcudnn_adv_infer.so.8.2.0
[2023-03-21 18:56:21] PRINT /usr/lib/x86_64-linux-gnu/libcudnn_adv_train.so.8.2.0
[2023-03-21 18:56:21] PRINT /usr/lib/x86_64-linux-gnu/libcudnn_cnn_infer.so.8.2.0
[2023-03-21 18:56:21] PRINT /usr/lib/x86_64-linux-gnu/libcudnn_cnn_train.so.8.2.0
[2023-03-21 18:56:21] PRINT /usr/lib/x86_64-linux-gnu/libcudnn_ops_infer.so.8.2.0
[2023-03-21 18:56:21] PRINT /usr/lib/x86_64-linux-gnu/libcudnn_ops_train.so.8.2.0
[2023-03-21 18:56:21] PRINT HIP runtime version: N/A
[2023-03-21 18:56:21] PRINT MIOpen runtime version: N/A
[2023-03-21 18:56:21] PRINT 
[2023-03-21 18:56:21] PRINT Versions of relevant libraries:
[2023-03-21 18:56:21] PRINT [pip3] numpy==1.23.5
[2023-03-21 18:56:21] PRINT [pip3] torch==1.10.0+cu113
[2023-03-21 18:56:21] PRINT [pip3] torchvision==0.11.1+cu113
[2023-03-21 18:56:21] PRINT [conda] blas                      1.0                         mkl    https://mirrors.ustc.edu.cn/anaconda/pkgs/main
[2023-03-21 18:56:21] PRINT [conda] mkl                       2021.4.0           h06a4308_640    https://mirrors.ustc.edu.cn/anaconda/pkgs/main
[2023-03-21 18:56:21] PRINT [conda] mkl-service               2.4.0            py38h7f8727e_0    https://mirrors.ustc.edu.cn/anaconda/pkgs/main
[2023-03-21 18:56:21] PRINT [conda] mkl_fft                   1.3.1            py38hd3c417c_0    https://mirrors.ustc.edu.cn/anaconda/pkgs/main
[2023-03-21 18:56:21] PRINT [conda] mkl_random                1.2.2            py38h51133e4_0    https://mirrors.ustc.edu.cn/anaconda/pkgs/main
[2023-03-21 18:56:21] PRINT [conda] numpy                     1.21.4                   pypi_0    pypi
[2023-03-21 18:56:21] PRINT [conda] numpy-base                1.23.5           py38h31eccc5_0    https://mirrors.ustc.edu.cn/anaconda/pkgs/main
[2023-03-21 18:56:21] PRINT [conda] torch                     1.10.0+cu113             pypi_0    pypi
[2023-03-21 18:56:21] PRINT [conda] torchvision               0.11.1+cu113             pypi_0    pypi
[2023-03-21 18:56:21] PRINT         Pillow (8.4.0)
[2023-03-21 18:56:21] PRINT [03/21 18:56:21 graph]: Command line arguments: Namespace(local_rank=0, resume=False, seed=1234, start_epoch=0)
[2023-03-21 18:56:21] PRINT [03/21 18:56:21 graph]: Run 0th for seed 0
[2023-03-21 18:56:22] PRINT [03/21 18:56:22 graph]: Total trainable params num : 23449007
[2023-03-21 18:56:26] PRINT [03/21 18:56:26 graph]: ----------Start Training----------
[2023-03-21 18:56:27] PRINT [03/21 18:56:27 graph]: start epoch 0.
[2023-03-21 18:56:27] PRINT [03/21 18:56:27 graph]: # Epoch 0: train_loss: 0.9848 | lr: 0.000152
[2023-03-21 18:56:27] PRINT [03/21 18:56:27 graph]: start epoch 1.
[2023-03-21 18:56:27] PRINT [03/21 18:56:27 graph]: # Epoch 1: train_loss: 0.7763 | lr: 0.000152
[2023-03-21 18:56:27] PRINT [03/21 18:56:27 graph]: start epoch 2.
[2023-03-21 18:56:27] PRINT [03/21 18:56:27 graph]: # Epoch 2: train_loss: 0.6894 | lr: 0.000152
[2023-03-21 18:56:27] PRINT [03/21 18:56:27 graph]: start epoch 3.
[2023-03-21 18:56:27] PRINT [03/21 18:56:27 graph]: # Epoch 3: train_loss: 0.6419 | lr: 0.000152
[2023-03-21 18:56:27] PRINT [03/21 18:56:27 graph]: start epoch 4.
[2023-03-21 18:56:27] PRINT [03/21 18:56:27 graph]: # Epoch 4: train_loss: 0.6134 | lr: 0.000152
[2023-03-21 18:56:27] PRINT [03/21 18:56:27 graph]: start epoch 5.
[2023-03-21 18:56:27] PRINT [03/21 18:56:27 graph]: # Epoch 5: train_loss: 0.5929 | lr: 0.000152
[2023-03-21 18:56:27] PRINT [03/21 18:56:27 graph]: start epoch 6.
[2023-03-21 18:56:27] PRINT [03/21 18:56:27 graph]: # Epoch 6: train_loss: 0.5773 | lr: 0.000152
[2023-03-21 18:56:27] PRINT [03/21 18:56:27 graph]: start epoch 7.
[2023-03-21 18:56:27] PRINT [03/21 18:56:27 graph]: # Epoch 7: train_loss: 0.5643 | lr: 0.000152
[2023-03-21 18:56:27] PRINT [03/21 18:56:27 graph]: start epoch 8.
[2023-03-21 18:56:27] PRINT [03/21 18:56:27 graph]: # Epoch 8: train_loss: 0.5543 | lr: 0.000152
[2023-03-21 18:56:27] PRINT [03/21 18:56:27 graph]: start epoch 9.
[2023-03-21 18:56:28] PRINT [03/21 18:56:28 graph]: # Epoch 9: train_loss: 0.5446 | lr: 0.000152
[2023-03-21 18:56:28] PRINT [03/21 18:56:28 graph]: start epoch 10.
[2023-03-21 18:56:28] PRINT [03/21 18:56:28 graph]: # Epoch 10: train_loss: 0.5365 | lr: 0.000152
[2023-03-21 18:56:28] PRINT [03/21 18:56:28 graph]: start epoch 11.
[2023-03-21 18:56:28] PRINT [03/21 18:56:28 graph]: # Epoch 11: train_loss: 0.5288 | lr: 0.000152
[2023-03-21 18:56:28] PRINT [03/21 18:56:28 graph]: start epoch 12.
[2023-03-21 18:56:28] PRINT [03/21 18:56:28 graph]: # Epoch 12: train_loss: 0.5229 | lr: 0.000152
[2023-03-21 18:56:28] PRINT [03/21 18:56:28 graph]: start epoch 13.
[2023-03-21 18:56:28] PRINT [03/21 18:56:28 graph]: # Epoch 13: train_loss: 0.5177 | lr: 0.000152
[2023-03-21 18:56:28] PRINT [03/21 18:56:28 graph]: start epoch 14.
[2023-03-21 18:56:28] PRINT [03/21 18:56:28 graph]: # Epoch 14: train_loss: 0.5128 | lr: 0.000152
[2023-03-21 18:56:28] PRINT [03/21 18:56:28 graph]: start epoch 15.
[2023-03-21 18:56:28] PRINT [03/21 18:56:28 graph]: # Epoch 15: train_loss: 0.5076 | lr: 0.000152
[2023-03-21 18:56:28] PRINT [03/21 18:56:28 graph]: start epoch 16.
[2023-03-21 18:56:28] PRINT [03/21 18:56:28 graph]: # Epoch 16: train_loss: 0.5031 | lr: 0.000152
[2023-03-21 18:56:28] PRINT [03/21 18:56:28 graph]: start epoch 17.
[2023-03-21 18:56:28] PRINT [03/21 18:56:28 graph]: # Epoch 17: train_loss: 0.4991 | lr: 0.000152
[2023-03-21 18:56:28] PRINT [03/21 18:56:28 graph]: start epoch 18.
[2023-03-21 18:56:28] PRINT [03/21 18:56:28 graph]: # Epoch 18: train_loss: 0.4949 | lr: 0.000152
[2023-03-21 18:56:28] PRINT [03/21 18:56:28 graph]: start epoch 19.
[2023-03-21 18:56:28] PRINT [03/21 18:56:28 graph]: # Epoch 19: train_loss: 0.4917 | lr: 0.000152
[2023-03-21 18:56:28] PRINT [03/21 18:56:28 graph]: start epoch 20.
[2023-03-21 18:56:28] PRINT [03/21 18:56:28 graph]: # Epoch 20: train_loss: 0.4890 | lr: 0.000152
[2023-03-21 18:56:28] PRINT [03/21 18:56:28 graph]: start epoch 21.
[2023-03-21 18:56:28] PRINT [03/21 18:56:28 graph]: # Epoch 21: train_loss: 0.4856 | lr: 0.000152
[2023-03-21 18:56:28] PRINT [03/21 18:56:28 graph]: start epoch 22.
[2023-03-21 18:56:29] PRINT [03/21 18:56:29 graph]: # Epoch 22: train_loss: 0.4827 | lr: 0.000152
[2023-03-21 18:56:29] PRINT [03/21 18:56:29 graph]: start epoch 23.
[2023-03-21 18:56:29] PRINT [03/21 18:56:29 graph]: # Epoch 23: train_loss: 0.4795 | lr: 0.000152
[2023-03-21 18:56:29] PRINT [03/21 18:56:29 graph]: start epoch 24.
[2023-03-21 18:56:29] PRINT [03/21 18:56:29 graph]: # Epoch 24: train_loss: 0.4767 | lr: 0.000152
[2023-03-21 18:56:29] PRINT [03/21 18:56:29 graph]: start epoch 25.
[2023-03-21 18:56:29] PRINT [03/21 18:56:29 graph]: # Epoch 25: train_loss: 0.4738 | lr: 0.000152
[2023-03-21 18:56:29] PRINT [03/21 18:56:29 graph]: start epoch 26.
[2023-03-21 18:56:29] PRINT [03/21 18:56:29 graph]: # Epoch 26: train_loss: 0.4710 | lr: 0.000152
[2023-03-21 18:56:29] PRINT [03/21 18:56:29 graph]: start epoch 27.
[2023-03-21 18:56:29] PRINT [03/21 18:56:29 graph]: # Epoch 27: train_loss: 0.4691 | lr: 0.000152
[2023-03-21 18:56:29] PRINT [03/21 18:56:29 graph]: start epoch 28.
[2023-03-21 18:56:29] PRINT [03/21 18:56:29 graph]: # Epoch 28: train_loss: 0.4668 | lr: 0.000152
[2023-03-21 18:56:29] PRINT [03/21 18:56:29 graph]: start epoch 29.
[2023-03-21 18:56:29] PRINT [03/21 18:56:29 graph]: # Epoch 29: train_loss: 0.4653 | lr: 0.000152
[2023-03-21 18:56:29] PRINT [03/21 18:56:29 graph]: start epoch 30.
[2023-03-21 18:56:29] PRINT [03/21 18:56:29 graph]: # Epoch 30: train_loss: 0.4633 | lr: 0.000152
[2023-03-21 18:56:29] PRINT [03/21 18:56:29 graph]: start epoch 31.
[2023-03-21 18:56:29] PRINT [03/21 18:56:29 graph]: # Epoch 31: train_loss: 0.4613 | lr: 0.000152
[2023-03-21 18:56:29] PRINT [03/21 18:56:29 graph]: start epoch 32.
[2023-03-21 18:56:29] PRINT [03/21 18:56:29 graph]: # Epoch 32: train_loss: 0.4596 | lr: 0.000152
[2023-03-21 18:56:29] PRINT [03/21 18:56:29 graph]: start epoch 33.
[2023-03-21 18:56:29] PRINT [03/21 18:56:29 graph]: # Epoch 33: train_loss: 0.4578 | lr: 0.000152
[2023-03-21 18:56:29] PRINT [03/21 18:56:29 graph]: start epoch 34.
[2023-03-21 18:56:29] PRINT [03/21 18:56:29 graph]: # Epoch 34: train_loss: 0.4561 | lr: 0.000152
[2023-03-21 18:56:29] PRINT [03/21 18:56:29 graph]: start epoch 35.
[2023-03-21 18:56:29] PRINT [03/21 18:56:29 graph]: # Epoch 35: train_loss: 0.4547 | lr: 0.000152
[2023-03-21 18:56:29] PRINT [03/21 18:56:29 graph]: start epoch 36.
[2023-03-21 18:56:30] PRINT [03/21 18:56:30 graph]: # Epoch 36: train_loss: 0.4531 | lr: 0.000152
[2023-03-21 18:56:30] PRINT [03/21 18:56:30 graph]: start epoch 37.
[2023-03-21 18:56:30] PRINT [03/21 18:56:30 graph]: # Epoch 37: train_loss: 0.4515 | lr: 0.000152
[2023-03-21 18:56:30] PRINT [03/21 18:56:30 graph]: start epoch 38.
[2023-03-21 18:56:30] PRINT [03/21 18:56:30 graph]: # Epoch 38: train_loss: 0.4500 | lr: 0.000152
[2023-03-21 18:56:30] PRINT [03/21 18:56:30 graph]: start epoch 39.
[2023-03-21 18:56:30] PRINT [03/21 18:56:30 graph]: # Epoch 39: train_loss: 0.4488 | lr: 0.000152
[2023-03-21 18:56:30] PRINT [03/21 18:56:30 graph]: start epoch 40.
[2023-03-21 18:56:30] PRINT [03/21 18:56:30 graph]: # Epoch 40: train_loss: 0.4477 | lr: 0.000152
[2023-03-21 18:56:30] PRINT [03/21 18:56:30 graph]: start epoch 41.
[2023-03-21 18:56:30] PRINT [03/21 18:56:30 graph]: # Epoch 41: train_loss: 0.4464 | lr: 0.000152
[2023-03-21 18:56:30] PRINT [03/21 18:56:30 graph]: start epoch 42.
[2023-03-21 18:56:30] PRINT [03/21 18:56:30 graph]: # Epoch 42: train_loss: 0.4455 | lr: 0.000152
[2023-03-21 18:56:30] PRINT [03/21 18:56:30 graph]: start epoch 43.
[2023-03-21 18:56:30] PRINT [03/21 18:56:30 graph]: # Epoch 43: train_loss: 0.4440 | lr: 0.000152
[2023-03-21 18:56:30] PRINT [03/21 18:56:30 graph]: start epoch 44.
[2023-03-21 18:56:30] PRINT [03/21 18:56:30 graph]: # Epoch 44: train_loss: 0.4431 | lr: 0.000152
[2023-03-21 18:56:30] PRINT [03/21 18:56:30 graph]: start epoch 45.
[2023-03-21 18:56:30] PRINT [03/21 18:56:30 graph]: # Epoch 45: train_loss: 0.4414 | lr: 0.000152
[2023-03-21 18:56:30] PRINT [03/21 18:56:30 graph]: start epoch 46.
[2023-03-21 18:56:30] PRINT [03/21 18:56:30 graph]: # Epoch 46: train_loss: 0.4412 | lr: 0.000152
[2023-03-21 18:56:30] PRINT [03/21 18:56:30 graph]: start epoch 47.
[2023-03-21 18:56:30] PRINT [03/21 18:56:30 graph]: # Epoch 47: train_loss: 0.4406 | lr: 0.000152
[2023-03-21 18:56:30] PRINT [03/21 18:56:30 graph]: start epoch 48.
[2023-03-21 18:56:30] PRINT [03/21 18:56:30 graph]: # Epoch 48: train_loss: 0.4396 | lr: 0.000152
[2023-03-21 18:56:30] PRINT [03/21 18:56:30 graph]: start epoch 49.
[2023-03-21 18:56:30] PRINT [03/21 18:56:30 graph]: # Epoch 49: train_loss: 0.4387 | lr: 0.000152
[2023-03-21 18:56:30] PRINT [03/21 18:56:30 graph]: start epoch 50.
[2023-03-21 18:56:31] PRINT [03/21 18:56:31 graph]: # Epoch 50: train_loss: 0.4363 | lr: 0.000152
[2023-03-21 18:56:31] PRINT [03/21 18:56:31 graph]: start epoch 51.
[2023-03-21 18:56:31] PRINT [03/21 18:56:31 graph]: # Epoch 51: train_loss: 0.4367 | lr: 0.000152
[2023-03-21 18:56:31] PRINT [03/21 18:56:31 graph]: start epoch 52.
[2023-03-21 18:56:31] PRINT [03/21 18:56:31 graph]: # Epoch 52: train_loss: 0.4387 | lr: 0.000152
[2023-03-21 18:56:31] PRINT [03/21 18:56:31 graph]: start epoch 53.
[2023-03-21 18:56:31] PRINT [03/21 18:56:31 graph]: # Epoch 53: train_loss: 0.4344 | lr: 0.000152
[2023-03-21 18:56:31] PRINT [03/21 18:56:31 graph]: start epoch 54.
[2023-03-21 18:56:31] PRINT [03/21 18:56:31 graph]: # Epoch 54: train_loss: 0.4392 | lr: 0.000152
[2023-03-21 18:56:31] PRINT [03/21 18:56:31 graph]: start epoch 55.
[2023-03-21 18:56:31] PRINT [03/21 18:56:31 graph]: # Epoch 55: train_loss: 0.4364 | lr: 0.000152
[2023-03-21 18:56:31] PRINT [03/21 18:56:31 graph]: start epoch 56.
[2023-03-21 18:56:31] PRINT [03/21 18:56:31 graph]: # Epoch 56: train_loss: 0.4383 | lr: 0.000152
[2023-03-21 18:56:31] PRINT [03/21 18:56:31 graph]: start epoch 57.
[2023-03-21 18:56:31] PRINT [03/21 18:56:31 graph]: # Epoch 57: train_loss: 0.4318 | lr: 0.000152
[2023-03-21 18:56:31] PRINT [03/21 18:56:31 graph]: start epoch 58.
[2023-03-21 18:56:31] PRINT [03/21 18:56:31 graph]: # Epoch 58: train_loss: 0.4355 | lr: 0.000152
[2023-03-21 18:56:31] PRINT [03/21 18:56:31 graph]: start epoch 59.
[2023-03-21 18:56:31] PRINT [03/21 18:56:31 graph]: # Epoch 59: train_loss: 0.4308 | lr: 0.000152
[2023-03-21 18:56:31] PRINT [03/21 18:56:31 graph]: start epoch 60.
[2023-03-21 18:56:31] PRINT [03/21 18:56:31 graph]: # Epoch 60: train_loss: 0.4309 | lr: 0.000152
[2023-03-21 18:56:31] PRINT [03/21 18:56:31 graph]: start epoch 61.
[2023-03-21 18:56:31] PRINT [03/21 18:56:31 graph]: # Epoch 61: train_loss: 0.4313 | lr: 0.000152
[2023-03-21 18:56:31] PRINT [03/21 18:56:31 graph]: start epoch 62.
[2023-03-21 18:56:31] PRINT [03/21 18:56:31 graph]: # Epoch 62: train_loss: 0.4286 | lr: 0.000152
[2023-03-21 18:56:31] PRINT [03/21 18:56:31 graph]: start epoch 63.
[2023-03-21 18:56:32] PRINT [03/21 18:56:32 graph]: # Epoch 63: train_loss: 0.4278 | lr: 0.000152
[2023-03-21 18:56:32] PRINT [03/21 18:56:32 graph]: start epoch 64.
[2023-03-21 18:56:32] PRINT [03/21 18:56:32 graph]: # Epoch 64: train_loss: 0.4278 | lr: 0.000152
[2023-03-21 18:56:32] PRINT [03/21 18:56:32 graph]: start epoch 65.
[2023-03-21 18:56:32] PRINT [03/21 18:56:32 graph]: # Epoch 65: train_loss: 0.4267 | lr: 0.000152
[2023-03-21 18:56:32] PRINT [03/21 18:56:32 graph]: start epoch 66.
[2023-03-21 18:56:32] PRINT [03/21 18:56:32 graph]: # Epoch 66: train_loss: 0.4251 | lr: 0.000152
[2023-03-21 18:56:32] PRINT [03/21 18:56:32 graph]: start epoch 67.
[2023-03-21 18:56:32] PRINT [03/21 18:56:32 graph]: # Epoch 67: train_loss: 0.4252 | lr: 0.000152
[2023-03-21 18:56:32] PRINT [03/21 18:56:32 graph]: start epoch 68.
[2023-03-21 18:56:32] PRINT [03/21 18:56:32 graph]: # Epoch 68: train_loss: 0.4238 | lr: 0.000152
[2023-03-21 18:56:32] PRINT [03/21 18:56:32 graph]: start epoch 69.
[2023-03-21 18:56:32] PRINT [03/21 18:56:32 graph]: # Epoch 69: train_loss: 0.4226 | lr: 0.000152
[2023-03-21 18:56:32] PRINT [03/21 18:56:32 graph]: start epoch 70.
[2023-03-21 18:56:32] PRINT [03/21 18:56:32 graph]: # Epoch 70: train_loss: 0.4228 | lr: 0.000152
[2023-03-21 18:56:32] PRINT [03/21 18:56:32 graph]: start epoch 71.
[2023-03-21 18:56:32] PRINT [03/21 18:56:32 graph]: # Epoch 71: train_loss: 0.4220 | lr: 0.000152
[2023-03-21 18:56:32] PRINT [03/21 18:56:32 graph]: start epoch 72.
[2023-03-21 18:56:32] PRINT [03/21 18:56:32 graph]: # Epoch 72: train_loss: 0.4206 | lr: 0.000152
[2023-03-21 18:56:32] PRINT [03/21 18:56:32 graph]: start epoch 73.
[2023-03-21 18:56:32] PRINT [03/21 18:56:32 graph]: # Epoch 73: train_loss: 0.4204 | lr: 0.000152
[2023-03-21 18:56:32] PRINT [03/21 18:56:32 graph]: start epoch 74.
[2023-03-21 18:56:32] PRINT [03/21 18:56:32 graph]: # Epoch 74: train_loss: 0.4197 | lr: 0.000152
[2023-03-21 18:56:32] PRINT [03/21 18:56:32 graph]: start epoch 75.
[2023-03-21 18:56:32] PRINT [03/21 18:56:32 graph]: # Epoch 75: train_loss: 0.4193 | lr: 0.000152
[2023-03-21 18:56:32] PRINT [03/21 18:56:32 graph]: start epoch 76.
[2023-03-21 18:56:33] PRINT [03/21 18:56:33 graph]: # Epoch 76: train_loss: 0.4184 | lr: 0.000152
[2023-03-21 18:56:33] PRINT [03/21 18:56:33 graph]: start epoch 77.
[2023-03-21 18:56:33] PRINT [03/21 18:56:33 graph]: # Epoch 77: train_loss: 0.4182 | lr: 0.000152
[2023-03-21 18:56:33] PRINT [03/21 18:56:33 graph]: start epoch 78.
[2023-03-21 18:56:33] PRINT [03/21 18:56:33 graph]: # Epoch 78: train_loss: 0.4173 | lr: 0.000152
[2023-03-21 18:56:33] PRINT [03/21 18:56:33 graph]: start epoch 79.
[2023-03-21 18:56:33] PRINT [03/21 18:56:33 graph]: # Epoch 79: train_loss: 0.4167 | lr: 0.000152
[2023-03-21 18:56:33] PRINT [03/21 18:56:33 graph]: start epoch 80.
[2023-03-21 18:56:33] PRINT [03/21 18:56:33 graph]: # Epoch 80: train_loss: 0.4160 | lr: 0.000152
[2023-03-21 18:56:33] PRINT [03/21 18:56:33 graph]: start epoch 81.
[2023-03-21 18:56:33] PRINT [03/21 18:56:33 graph]: # Epoch 81: train_loss: 0.4157 | lr: 0.000152
[2023-03-21 18:56:33] PRINT [03/21 18:56:33 graph]: start epoch 82.
[2023-03-21 18:56:33] PRINT [03/21 18:56:33 graph]: # Epoch 82: train_loss: 0.4148 | lr: 0.000152
[2023-03-21 18:56:33] PRINT [03/21 18:56:33 graph]: start epoch 83.
[2023-03-21 18:56:33] PRINT [03/21 18:56:33 graph]: # Epoch 83: train_loss: 0.4145 | lr: 0.000152
[2023-03-21 18:56:33] PRINT [03/21 18:56:33 graph]: start epoch 84.
[2023-03-21 18:56:33] PRINT [03/21 18:56:33 graph]: # Epoch 84: train_loss: 0.4142 | lr: 0.000152
[2023-03-21 18:56:33] PRINT [03/21 18:56:33 graph]: start epoch 85.
[2023-03-21 18:56:33] PRINT [03/21 18:56:33 graph]: # Epoch 85: train_loss: 0.4133 | lr: 0.000152
[2023-03-21 18:56:33] PRINT [03/21 18:56:33 graph]: start epoch 86.
[2023-03-21 18:56:33] PRINT [03/21 18:56:33 graph]: # Epoch 86: train_loss: 0.4127 | lr: 0.000152
[2023-03-21 18:56:33] PRINT [03/21 18:56:33 graph]: start epoch 87.
[2023-03-21 18:56:33] PRINT [03/21 18:56:33 graph]: # Epoch 87: train_loss: 0.4120 | lr: 0.000152
[2023-03-21 18:56:33] PRINT [03/21 18:56:33 graph]: start epoch 88.
[2023-03-21 18:56:33] PRINT [03/21 18:56:33 graph]: # Epoch 88: train_loss: 0.4120 | lr: 0.000152
[2023-03-21 18:56:33] PRINT [03/21 18:56:33 graph]: start epoch 89.
[2023-03-21 18:56:33] PRINT [03/21 18:56:33 graph]: # Epoch 89: train_loss: 0.4120 | lr: 0.000152
[2023-03-21 18:56:33] PRINT [03/21 18:56:33 graph]: start epoch 90.
[2023-03-21 18:56:34] PRINT [03/21 18:56:34 graph]: # Epoch 90: train_loss: 0.4114 | lr: 0.000152
[2023-03-21 18:56:34] PRINT [03/21 18:56:34 graph]: start epoch 91.
[2023-03-21 18:56:34] PRINT [03/21 18:56:34 graph]: # Epoch 91: train_loss: 0.4108 | lr: 0.000152
[2023-03-21 18:56:34] PRINT [03/21 18:56:34 graph]: start epoch 92.
[2023-03-21 18:56:34] PRINT [03/21 18:56:34 graph]: # Epoch 92: train_loss: 0.4101 | lr: 0.000152
[2023-03-21 18:56:34] PRINT [03/21 18:56:34 graph]: start epoch 93.
[2023-03-21 18:56:34] PRINT [03/21 18:56:34 graph]: # Epoch 93: train_loss: 0.4098 | lr: 0.000152
[2023-03-21 18:56:34] PRINT [03/21 18:56:34 graph]: start epoch 94.
[2023-03-21 18:56:34] PRINT [03/21 18:56:34 graph]: # Epoch 94: train_loss: 0.4092 | lr: 0.000152
[2023-03-21 18:56:34] PRINT [03/21 18:56:34 graph]: start epoch 95.
[2023-03-21 18:56:34] PRINT [03/21 18:56:34 graph]: # Epoch 95: train_loss: 0.4083 | lr: 0.000152
[2023-03-21 18:56:34] PRINT [03/21 18:56:34 graph]: start epoch 96.
[2023-03-21 18:56:34] PRINT [03/21 18:56:34 graph]: # Epoch 96: train_loss: 0.4078 | lr: 0.000152
[2023-03-21 18:56:34] PRINT [03/21 18:56:34 graph]: start epoch 97.
[2023-03-21 18:56:34] PRINT [03/21 18:56:34 graph]: # Epoch 97: train_loss: 0.4086 | lr: 0.000152
[2023-03-21 18:56:34] PRINT [03/21 18:56:34 graph]: start epoch 98.
[2023-03-21 18:56:34] PRINT [03/21 18:56:34 graph]: # Epoch 98: train_loss: 0.4083 | lr: 0.000152
[2023-03-21 18:56:34] PRINT [03/21 18:56:34 graph]: start epoch 99.
[2023-03-21 18:56:34] PRINT [03/21 18:56:34 graph]: # Epoch 99: train_loss: 0.4065 | lr: 0.000152
[2023-03-21 18:56:34] PRINT [03/21 18:56:34 graph]: start epoch 100.
[2023-03-21 18:56:34] PRINT [03/21 18:56:34 graph]: # Epoch 100: train_loss: 0.4069 | lr: 0.000152
[2023-03-21 18:56:34] PRINT [03/21 18:56:34 graph]: start epoch 101.
[2023-03-21 18:56:34] PRINT [03/21 18:56:34 graph]: # Epoch 101: train_loss: 0.4061 | lr: 0.000152
[2023-03-21 18:56:36] PRINT [03/21 18:56:36 graph]: --- Testf1: 0.92451, Best Valacc: 0.94248 in epoch 89 --- 
[2023-03-21 18:56:36] PRINT [03/21 18:56:36 graph]: Epoch 101: get test acc score:  0.925
[2023-03-21 18:56:36] PRINT [03/21 18:56:36 graph]: best_f1 0.925 at epoch 101
[2023-03-21 18:56:36] PRINT [03/21 18:56:36 graph]: start epoch 102.
[2023-03-21 18:56:37] PRINT [03/21 18:56:37 graph]: # Epoch 102: train_loss: 0.4057 | lr: 0.000152
[2023-03-21 18:56:39] PRINT [03/21 18:56:39 graph]: --- Testf1: 0.92631, Best Valacc: 0.93987 in epoch 99 --- 
[2023-03-21 18:56:39] PRINT [03/21 18:56:39 graph]: Epoch 102: get test acc score:  0.926
[2023-03-21 18:56:39] PRINT [03/21 18:56:39 graph]: best_f1 0.926 at epoch 102
[2023-03-21 18:56:39] PRINT [03/21 18:56:39 graph]: start epoch 103.
[2023-03-21 18:56:39] PRINT [03/21 18:56:39 graph]: # Epoch 103: train_loss: 0.4060 | lr: 0.000152
[2023-03-21 18:56:41] PRINT [03/21 18:56:41 graph]: --- Testf1: 0.92696, Best Valacc: 0.94118 in epoch 87 --- 
[2023-03-21 18:56:41] PRINT [03/21 18:56:41 graph]: Epoch 103: get test acc score:  0.927
[2023-03-21 18:56:41] PRINT [03/21 18:56:41 graph]: best_f1 0.927 at epoch 103
[2023-03-21 18:56:41] PRINT [03/21 18:56:41 graph]: start epoch 104.
[2023-03-21 18:56:41] PRINT [03/21 18:56:41 graph]: # Epoch 104: train_loss: 0.4067 | lr: 0.000152
[2023-03-21 18:56:43] PRINT [03/21 18:56:43 graph]: --- Testf1: 0.92451, Best Valacc: 0.94248 in epoch 99 --- 
[2023-03-21 18:56:43] PRINT [03/21 18:56:43 graph]: Epoch 104: get test acc score:  0.925
[2023-03-21 18:56:43] PRINT [03/21 18:56:43 graph]: best_f1 0.927 at epoch 103
[2023-03-21 18:56:43] PRINT [03/21 18:56:43 graph]: start epoch 105.
[2023-03-21 18:56:43] PRINT [03/21 18:56:43 graph]: # Epoch 105: train_loss: 0.4045 | lr: 0.000152
[2023-03-21 18:56:45] PRINT [03/21 18:56:45 graph]: --- Testf1: 0.91912, Best Valacc: 0.93725 in epoch 32 --- 
[2023-03-21 18:56:46] PRINT [03/21 18:56:46 graph]: Epoch 105: get test acc score:  0.919
[2023-03-21 18:56:46] PRINT [03/21 18:56:46 graph]: best_f1 0.927 at epoch 103
[2023-03-21 18:56:46] PRINT [03/21 18:56:46 graph]: start epoch 106.
[2023-03-21 18:56:46] PRINT [03/21 18:56:46 graph]: # Epoch 106: train_loss: 0.4061 | lr: 0.000152
[2023-03-21 18:56:47] PRINT [03/21 18:56:47 graph]: --- Testf1: 0.92533, Best Valacc: 0.93856 in epoch 99 --- 
[2023-03-21 18:56:47] PRINT [03/21 18:56:47 graph]: Epoch 106: get test acc score:  0.925
[2023-03-21 18:56:47] PRINT [03/21 18:56:47 graph]: best_f1 0.927 at epoch 103
[2023-03-21 18:56:47] PRINT [03/21 18:56:47 graph]: start epoch 107.
[2023-03-21 18:56:47] PRINT [03/21 18:56:47 graph]: # Epoch 107: train_loss: 0.4043 | lr: 0.000152
[2023-03-21 18:56:49] PRINT [03/21 18:56:49 graph]: --- Testf1: 0.92467, Best Valacc: 0.93856 in epoch 40 --- 
[2023-03-21 18:56:49] PRINT [03/21 18:56:49 graph]: Epoch 107: get test acc score:  0.925
[2023-03-21 18:56:49] PRINT [03/21 18:56:49 graph]: best_f1 0.927 at epoch 103
[2023-03-21 18:56:49] PRINT [03/21 18:56:49 graph]: start epoch 108.
[2023-03-21 18:56:49] PRINT [03/21 18:56:49 graph]: # Epoch 108: train_loss: 0.4039 | lr: 0.000152
[2023-03-21 18:56:50] PRINT [03/21 18:56:50 graph]: --- Testf1: 0.92451, Best Valacc: 0.93725 in epoch 34 --- 
[2023-03-21 18:56:51] PRINT [03/21 18:56:51 graph]: Epoch 108: get test acc score:  0.925
[2023-03-21 18:56:51] PRINT [03/21 18:56:51 graph]: best_f1 0.927 at epoch 103
[2023-03-21 18:56:51] PRINT [03/21 18:56:51 graph]: start epoch 109.
[2023-03-21 18:56:51] PRINT [03/21 18:56:51 graph]: # Epoch 109: train_loss: 0.4041 | lr: 0.000152
[2023-03-21 18:56:52] PRINT [03/21 18:56:52 graph]: --- Testf1: 0.92663, Best Valacc: 0.93333 in epoch 99 --- 
[2023-03-21 18:56:52] PRINT [03/21 18:56:52 graph]: Epoch 109: get test acc score:  0.927
[2023-03-21 18:56:52] PRINT [03/21 18:56:52 graph]: best_f1 0.927 at epoch 103
[2023-03-21 18:56:52] PRINT [03/21 18:56:52 graph]: start epoch 110.
[2023-03-21 18:56:53] PRINT [03/21 18:56:53 graph]: # Epoch 110: train_loss: 0.4027 | lr: 0.000152
[2023-03-21 18:56:54] PRINT [03/21 18:56:54 graph]: --- Testf1: 0.92810, Best Valacc: 0.94248 in epoch 86 --- 
[2023-03-21 18:56:54] PRINT [03/21 18:56:54 graph]: Epoch 110: get test acc score:  0.928
[2023-03-21 18:56:54] PRINT [03/21 18:56:54 graph]: best_f1 0.928 at epoch 110
[2023-03-21 18:56:54] PRINT [03/21 18:56:54 graph]: start epoch 111.
[2023-03-21 18:56:54] PRINT [03/21 18:56:54 graph]: # Epoch 111: train_loss: 0.4029 | lr: 0.000152
[2023-03-21 18:56:56] PRINT [03/21 18:56:56 graph]: --- Testf1: 0.92958, Best Valacc: 0.94248 in epoch 74 --- 
[2023-03-21 18:56:56] PRINT [03/21 18:56:56 graph]: Epoch 111: get test acc score:  0.930
[2023-03-21 18:56:56] PRINT [03/21 18:56:56 graph]: best_f1 0.930 at epoch 111
[2023-03-21 18:56:56] PRINT [03/21 18:56:56 graph]: start epoch 112.
[2023-03-21 18:56:56] PRINT [03/21 18:56:56 graph]: # Epoch 112: train_loss: 0.4024 | lr: 0.000152
[2023-03-21 18:56:57] PRINT [03/21 18:56:57 graph]: --- Testf1: 0.92647, Best Valacc: 0.94248 in epoch 68 --- 
[2023-03-21 18:56:58] PRINT [03/21 18:56:58 graph]: Epoch 112: get test acc score:  0.926
[2023-03-21 18:56:58] PRINT [03/21 18:56:58 graph]: best_f1 0.930 at epoch 111
[2023-03-21 18:56:58] PRINT [03/21 18:56:58 graph]: start epoch 113.
[2023-03-21 18:56:58] PRINT [03/21 18:56:58 graph]: # Epoch 113: train_loss: 0.4012 | lr: 0.000152
[2023-03-21 18:56:59] PRINT [03/21 18:56:59 graph]: --- Testf1: 0.92631, Best Valacc: 0.93987 in epoch 99 --- 
[2023-03-21 18:56:59] PRINT [03/21 18:56:59 graph]: Epoch 113: get test acc score:  0.926
[2023-03-21 18:56:59] PRINT [03/21 18:56:59 graph]: best_f1 0.930 at epoch 111
[2023-03-21 18:56:59] PRINT [03/21 18:56:59 graph]: start epoch 114.
[2023-03-21 18:57:00] PRINT [03/21 18:57:00 graph]: # Epoch 114: train_loss: 0.4013 | lr: 0.000152
[2023-03-21 18:57:01] PRINT [03/21 18:57:01 graph]: --- Testf1: 0.92778, Best Valacc: 0.94379 in epoch 99 --- 
[2023-03-21 18:57:01] PRINT [03/21 18:57:01 graph]: Epoch 114: get test acc score:  0.928
[2023-03-21 18:57:01] PRINT [03/21 18:57:01 graph]: best_f1 0.930 at epoch 111
[2023-03-21 18:57:01] PRINT [03/21 18:57:01 graph]: start epoch 115.
[2023-03-21 18:57:01] PRINT [03/21 18:57:01 graph]: # Epoch 115: train_loss: 0.4009 | lr: 0.000152
[2023-03-21 18:57:03] PRINT [03/21 18:57:03 graph]: --- Testf1: 0.92500, Best Valacc: 0.94248 in epoch 46 --- 
[2023-03-21 18:57:03] PRINT [03/21 18:57:03 graph]: Epoch 115: get test acc score:  0.925
[2023-03-21 18:57:03] PRINT [03/21 18:57:03 graph]: best_f1 0.930 at epoch 111
[2023-03-21 18:57:03] PRINT [03/21 18:57:03 graph]: start epoch 116.
[2023-03-21 18:57:03] PRINT [03/21 18:57:03 graph]: # Epoch 116: train_loss: 0.4008 | lr: 0.000152
[2023-03-21 18:57:05] PRINT [03/21 18:57:05 graph]: --- Testf1: 0.92712, Best Valacc: 0.93725 in epoch 99 --- 
[2023-03-21 18:57:05] PRINT [03/21 18:57:05 graph]: Epoch 116: get test acc score:  0.927
[2023-03-21 18:57:05] PRINT [03/21 18:57:05 graph]: best_f1 0.930 at epoch 111
[2023-03-21 18:57:05] PRINT [03/21 18:57:05 graph]: start epoch 117.
[2023-03-21 18:57:05] PRINT [03/21 18:57:05 graph]: # Epoch 117: train_loss: 0.3995 | lr: 0.000152
[2023-03-21 18:57:06] PRINT [03/21 18:57:06 graph]: --- Testf1: 0.92647, Best Valacc: 0.94248 in epoch 99 --- 
[2023-03-21 18:57:07] PRINT [03/21 18:57:07 graph]: Epoch 117: get test acc score:  0.926
[2023-03-21 18:57:07] PRINT [03/21 18:57:07 graph]: best_f1 0.930 at epoch 111
[2023-03-21 18:57:07] PRINT [03/21 18:57:07 graph]: start epoch 118.
[2023-03-21 18:57:07] PRINT [03/21 18:57:07 graph]: # Epoch 118: train_loss: 0.4000 | lr: 0.000152
[2023-03-21 18:57:08] PRINT [03/21 18:57:08 graph]: --- Testf1: 0.92712, Best Valacc: 0.94510 in epoch 99 --- 
[2023-03-21 18:57:09] PRINT [03/21 18:57:09 graph]: Epoch 118: get test acc score:  0.927
[2023-03-21 18:57:09] PRINT [03/21 18:57:09 graph]: best_f1 0.930 at epoch 111
[2023-03-21 18:57:09] PRINT [03/21 18:57:09 graph]: start epoch 119.
[2023-03-21 18:57:09] PRINT [03/21 18:57:09 graph]: # Epoch 119: train_loss: 0.3994 | lr: 0.000152
[2023-03-21 18:57:16] PRINT [03/21 18:57:16 graph]: --- Testf1: 0.92631, Best Valacc: 0.94248 in epoch 83 --- 
[2023-03-21 18:57:17] PRINT [03/21 18:57:17 graph]: Epoch 119: get test acc score:  0.926
[2023-03-21 18:57:17] PRINT [03/21 18:57:17 graph]: best_f1 0.930 at epoch 111
[2023-03-21 18:57:17] PRINT [03/21 18:57:17 graph]: start epoch 120.
[2023-03-21 18:57:17] PRINT [03/21 18:57:17 graph]: # Epoch 120: train_loss: 0.3984 | lr: 0.000152
[2023-03-21 18:57:19] PRINT [03/21 18:57:19 graph]: --- Testf1: 0.92761, Best Valacc: 0.94379 in epoch 97 --- 
[2023-03-21 18:57:19] PRINT [03/21 18:57:19 graph]: Epoch 120: get test acc score:  0.928
[2023-03-21 18:57:19] PRINT [03/21 18:57:19 graph]: best_f1 0.930 at epoch 111
[2023-03-21 18:57:19] PRINT [03/21 18:57:19 graph]: start epoch 121.
[2023-03-21 18:57:19] PRINT [03/21 18:57:19 graph]: # Epoch 121: train_loss: 0.3997 | lr: 0.000152
[2023-03-21 18:57:21] PRINT [03/21 18:57:21 graph]: --- Testf1: 0.92484, Best Valacc: 0.94118 in epoch 97 --- 
[2023-03-21 18:57:21] PRINT [03/21 18:57:21 graph]: Epoch 121: get test acc score:  0.925
[2023-03-21 18:57:21] PRINT [03/21 18:57:21 graph]: best_f1 0.930 at epoch 111
[2023-03-21 18:57:21] PRINT [03/21 18:57:21 graph]: start epoch 122.
[2023-03-21 18:57:22] PRINT [03/21 18:57:22 graph]: # Epoch 122: train_loss: 0.3997 | lr: 0.000152
[2023-03-21 18:57:24] PRINT [03/21 18:57:24 graph]: --- Testf1: 0.92827, Best Valacc: 0.94510 in epoch 81 --- 
[2023-03-21 18:57:24] PRINT [03/21 18:57:24 graph]: Epoch 122: get test acc score:  0.928
[2023-03-21 18:57:24] PRINT [03/21 18:57:24 graph]: best_f1 0.930 at epoch 111
[2023-03-21 18:57:24] PRINT [03/21 18:57:24 graph]: start epoch 123.
[2023-03-21 18:57:24] PRINT [03/21 18:57:24 graph]: # Epoch 123: train_loss: 0.3981 | lr: 0.000152
[2023-03-21 18:57:26] PRINT [03/21 18:57:26 graph]: --- Testf1: 0.92876, Best Valacc: 0.94510 in epoch 45 --- 
[2023-03-21 18:57:26] PRINT [03/21 18:57:26 graph]: Epoch 123: get test acc score:  0.929
[2023-03-21 18:57:26] PRINT [03/21 18:57:26 graph]: best_f1 0.930 at epoch 111
[2023-03-21 18:57:26] PRINT [03/21 18:57:26 graph]: start epoch 124.
[2023-03-21 18:57:26] PRINT [03/21 18:57:26 graph]: # Epoch 124: train_loss: 0.3989 | lr: 0.000152
[2023-03-21 18:57:28] PRINT [03/21 18:57:28 graph]: --- Testf1: 0.92729, Best Valacc: 0.94118 in epoch 49 --- 
[2023-03-21 18:57:28] PRINT [03/21 18:57:28 graph]: Epoch 124: get test acc score:  0.927
[2023-03-21 18:57:28] PRINT [03/21 18:57:28 graph]: best_f1 0.930 at epoch 111
[2023-03-21 18:57:28] PRINT [03/21 18:57:28 graph]: start epoch 125.
[2023-03-21 18:57:28] PRINT [03/21 18:57:28 graph]: # Epoch 125: train_loss: 0.3978 | lr: 0.000152
[2023-03-21 18:57:30] PRINT [03/21 18:57:30 graph]: --- Testf1: 0.92729, Best Valacc: 0.94379 in epoch 99 --- 
[2023-03-21 18:57:31] PRINT [03/21 18:57:31 graph]: Epoch 125: get test acc score:  0.927
[2023-03-21 18:57:31] PRINT [03/21 18:57:31 graph]: best_f1 0.930 at epoch 111
[2023-03-21 18:57:31] PRINT [03/21 18:57:31 graph]: start epoch 126.
[2023-03-21 18:57:31] PRINT [03/21 18:57:31 graph]: # Epoch 126: train_loss: 0.3978 | lr: 0.000152
[2023-03-21 18:57:33] PRINT [03/21 18:57:33 graph]: --- Testf1: 0.92484, Best Valacc: 0.93987 in epoch 99 --- 
[2023-03-21 18:57:33] PRINT [03/21 18:57:33 graph]: Epoch 126: get test acc score:  0.925
[2023-03-21 18:57:33] PRINT [03/21 18:57:33 graph]: best_f1 0.930 at epoch 111
[2023-03-21 18:57:33] PRINT [03/21 18:57:33 graph]: start epoch 127.
[2023-03-21 18:57:33] PRINT [03/21 18:57:33 graph]: # Epoch 127: train_loss: 0.3970 | lr: 0.000152
[2023-03-21 18:57:35] PRINT [03/21 18:57:35 graph]: --- Testf1: 0.92696, Best Valacc: 0.94118 in epoch 87 --- 
[2023-03-21 18:57:35] PRINT [03/21 18:57:35 graph]: Epoch 127: get test acc score:  0.927
[2023-03-21 18:57:35] PRINT [03/21 18:57:35 graph]: best_f1 0.930 at epoch 111
[2023-03-21 18:57:35] PRINT [03/21 18:57:35 graph]: start epoch 128.
[2023-03-21 18:57:35] PRINT [03/21 18:57:35 graph]: # Epoch 128: train_loss: 0.3957 | lr: 0.000152
[2023-03-21 18:57:37] PRINT [03/21 18:57:37 graph]: --- Testf1: 0.92810, Best Valacc: 0.93856 in epoch 99 --- 
[2023-03-21 18:57:37] PRINT [03/21 18:57:37 graph]: Epoch 128: get test acc score:  0.928
[2023-03-21 18:57:37] PRINT [03/21 18:57:37 graph]: best_f1 0.930 at epoch 111
[2023-03-21 18:57:37] PRINT [03/21 18:57:37 graph]: start epoch 129.
[2023-03-21 18:57:37] PRINT [03/21 18:57:37 graph]: # Epoch 129: train_loss: 0.3958 | lr: 0.000152
[2023-03-21 18:57:39] PRINT [03/21 18:57:39 graph]: --- Testf1: 0.92598, Best Valacc: 0.94379 in epoch 99 --- 
[2023-03-21 18:57:39] PRINT [03/21 18:57:39 graph]: Epoch 129: get test acc score:  0.926
[2023-03-21 18:57:39] PRINT [03/21 18:57:39 graph]: best_f1 0.930 at epoch 111
[2023-03-21 18:57:39] PRINT [03/21 18:57:39 graph]: start epoch 130.
[2023-03-21 18:57:40] PRINT [03/21 18:57:40 graph]: # Epoch 130: train_loss: 0.3953 | lr: 0.000152
[2023-03-21 18:57:41] PRINT [03/21 18:57:41 graph]: --- Testf1: 0.92484, Best Valacc: 0.94248 in epoch 99 --- 
[2023-03-21 18:57:42] PRINT [03/21 18:57:42 graph]: Epoch 130: get test acc score:  0.925
[2023-03-21 18:57:42] PRINT [03/21 18:57:42 graph]: best_f1 0.930 at epoch 111
[2023-03-21 18:57:42] PRINT [03/21 18:57:42 graph]: start epoch 131.
[2023-03-21 18:57:42] PRINT [03/21 18:57:42 graph]: # Epoch 131: train_loss: 0.3945 | lr: 0.000152
[2023-03-21 18:57:44] PRINT [03/21 18:57:44 graph]: --- Testf1: 0.92843, Best Valacc: 0.93856 in epoch 99 --- 
[2023-03-21 18:57:44] PRINT [03/21 18:57:44 graph]: Epoch 131: get test acc score:  0.928
[2023-03-21 18:57:44] PRINT [03/21 18:57:44 graph]: best_f1 0.930 at epoch 111
[2023-03-21 18:57:44] PRINT [03/21 18:57:44 graph]: start epoch 132.
[2023-03-21 18:57:44] PRINT [03/21 18:57:44 graph]: # Epoch 132: train_loss: 0.3947 | lr: 0.000152
[2023-03-21 18:57:46] PRINT [03/21 18:57:46 graph]: --- Testf1: 0.92680, Best Valacc: 0.93725 in epoch 99 --- 
[2023-03-21 18:57:46] PRINT [03/21 18:57:46 graph]: Epoch 132: get test acc score:  0.927
[2023-03-21 18:57:46] PRINT [03/21 18:57:46 graph]: best_f1 0.930 at epoch 111
[2023-03-21 18:57:46] PRINT [03/21 18:57:46 graph]: start epoch 133.
[2023-03-21 18:57:46] PRINT [03/21 18:57:46 graph]: # Epoch 133: train_loss: 0.3953 | lr: 0.000152
[2023-03-21 18:57:48] PRINT [03/21 18:57:48 graph]: --- Testf1: 0.92827, Best Valacc: 0.94248 in epoch 99 --- 
[2023-03-21 18:57:48] PRINT [03/21 18:57:48 graph]: Epoch 133: get test acc score:  0.928
[2023-03-21 18:57:48] PRINT [03/21 18:57:48 graph]: best_f1 0.930 at epoch 111
[2023-03-21 18:57:48] PRINT [03/21 18:57:48 graph]: start epoch 134.
[2023-03-21 18:57:48] PRINT [03/21 18:57:48 graph]: # Epoch 134: train_loss: 0.3932 | lr: 0.000152
[2023-03-21 18:57:50] PRINT [03/21 18:57:50 graph]: --- Testf1: 0.93039, Best Valacc: 0.93987 in epoch 99 --- 
[2023-03-21 18:57:50] PRINT [03/21 18:57:50 graph]: Epoch 134: get test acc score:  0.930
[2023-03-21 18:57:50] PRINT [03/21 18:57:50 graph]: best_f1 0.930 at epoch 134
[2023-03-21 18:57:50] PRINT [03/21 18:57:50 graph]: start epoch 135.
[2023-03-21 18:57:51] PRINT [03/21 18:57:51 graph]: # Epoch 135: train_loss: 0.3939 | lr: 0.000152
[2023-03-21 18:57:52] PRINT [03/21 18:57:52 graph]: --- Testf1: 0.92778, Best Valacc: 0.94118 in epoch 99 --- 
[2023-03-21 18:57:53] PRINT [03/21 18:57:53 graph]: Epoch 135: get test acc score:  0.928
[2023-03-21 18:57:53] PRINT [03/21 18:57:53 graph]: best_f1 0.930 at epoch 134
[2023-03-21 18:57:53] PRINT [03/21 18:57:53 graph]: start epoch 136.
[2023-03-21 18:57:53] PRINT [03/21 18:57:53 graph]: # Epoch 136: train_loss: 0.3929 | lr: 0.000152
[2023-03-21 18:57:55] PRINT [03/21 18:57:55 graph]: --- Testf1: 0.92696, Best Valacc: 0.94641 in epoch 93 --- 
[2023-03-21 18:57:55] PRINT [03/21 18:57:55 graph]: Epoch 136: get test acc score:  0.927
[2023-03-21 18:57:55] PRINT [03/21 18:57:55 graph]: best_f1 0.930 at epoch 134
[2023-03-21 18:57:55] PRINT [03/21 18:57:55 graph]: start epoch 137.
[2023-03-21 18:57:55] PRINT [03/21 18:57:55 graph]: # Epoch 137: train_loss: 0.3927 | lr: 0.000152
[2023-03-21 18:57:57] PRINT [03/21 18:57:57 graph]: --- Testf1: 0.92696, Best Valacc: 0.93595 in epoch 99 --- 
[2023-03-21 18:57:57] PRINT [03/21 18:57:57 graph]: Epoch 137: get test acc score:  0.927
[2023-03-21 18:57:57] PRINT [03/21 18:57:57 graph]: best_f1 0.930 at epoch 134
[2023-03-21 18:57:57] PRINT [03/21 18:57:57 graph]: start epoch 138.
[2023-03-21 18:57:57] PRINT [03/21 18:57:57 graph]: # Epoch 138: train_loss: 0.3925 | lr: 0.000152
[2023-03-21 18:57:59] PRINT [03/21 18:57:59 graph]: --- Testf1: 0.92827, Best Valacc: 0.93725 in epoch 99 --- 
[2023-03-21 18:58:00] PRINT [03/21 18:58:00 graph]: Epoch 138: get test acc score:  0.928
[2023-03-21 18:58:00] PRINT [03/21 18:58:00 graph]: best_f1 0.930 at epoch 134
[2023-03-21 18:58:00] PRINT [03/21 18:58:00 graph]: start epoch 139.
[2023-03-21 18:58:00] PRINT [03/21 18:58:00 graph]: # Epoch 139: train_loss: 0.3918 | lr: 0.000152
[2023-03-21 18:58:02] PRINT [03/21 18:58:02 graph]: --- Testf1: 0.92859, Best Valacc: 0.94510 in epoch 34 --- 
[2023-03-21 18:58:02] PRINT [03/21 18:58:02 graph]: Epoch 139: get test acc score:  0.929
[2023-03-21 18:58:02] PRINT [03/21 18:58:02 graph]: best_f1 0.930 at epoch 134
[2023-03-21 18:58:02] PRINT [03/21 18:58:02 graph]: start epoch 140.
[2023-03-21 18:58:02] PRINT [03/21 18:58:02 graph]: # Epoch 140: train_loss: 0.3920 | lr: 0.000152
[2023-03-21 18:58:04] PRINT [03/21 18:58:04 graph]: --- Testf1: 0.92582, Best Valacc: 0.93725 in epoch 66 --- 
[2023-03-21 18:58:04] PRINT [03/21 18:58:04 graph]: Epoch 140: get test acc score:  0.926
[2023-03-21 18:58:04] PRINT [03/21 18:58:04 graph]: best_f1 0.930 at epoch 134
[2023-03-21 18:58:04] PRINT [03/21 18:58:04 graph]: start epoch 141.
[2023-03-21 18:58:04] PRINT [03/21 18:58:04 graph]: # Epoch 141: train_loss: 0.3912 | lr: 0.000152
[2023-03-21 18:58:06] PRINT [03/21 18:58:06 graph]: --- Testf1: 0.92729, Best Valacc: 0.93987 in epoch 99 --- 
[2023-03-21 18:58:06] PRINT [03/21 18:58:06 graph]: Epoch 141: get test acc score:  0.927
[2023-03-21 18:58:06] PRINT [03/21 18:58:06 graph]: best_f1 0.930 at epoch 134
[2023-03-21 18:58:06] PRINT [03/21 18:58:06 graph]: start epoch 142.
[2023-03-21 18:58:06] PRINT [03/21 18:58:06 graph]: # Epoch 142: train_loss: 0.3913 | lr: 0.000152
[2023-03-21 18:58:08] PRINT [03/21 18:58:08 graph]: --- Testf1: 0.92876, Best Valacc: 0.94379 in epoch 99 --- 
[2023-03-21 18:58:09] PRINT [03/21 18:58:09 graph]: Epoch 142: get test acc score:  0.929
[2023-03-21 18:58:09] PRINT [03/21 18:58:09 graph]: best_f1 0.930 at epoch 134
[2023-03-21 18:58:09] PRINT [03/21 18:58:09 graph]: start epoch 143.
[2023-03-21 18:58:09] PRINT [03/21 18:58:09 graph]: # Epoch 143: train_loss: 0.3907 | lr: 0.000152
[2023-03-21 18:58:10] PRINT [03/21 18:58:10 graph]: --- Testf1: 0.92778, Best Valacc: 0.93987 in epoch 99 --- 
[2023-03-21 18:58:11] PRINT [03/21 18:58:11 graph]: Epoch 143: get test acc score:  0.928
[2023-03-21 18:58:11] PRINT [03/21 18:58:11 graph]: best_f1 0.930 at epoch 134
[2023-03-21 18:58:11] PRINT [03/21 18:58:11 graph]: start epoch 144.
[2023-03-21 18:58:11] PRINT [03/21 18:58:11 graph]: # Epoch 144: train_loss: 0.3903 | lr: 0.000152
[2023-03-21 18:58:13] PRINT [03/21 18:58:13 graph]: --- Testf1: 0.92941, Best Valacc: 0.93595 in epoch 99 --- 
[2023-03-21 18:58:13] PRINT [03/21 18:58:13 graph]: Epoch 144: get test acc score:  0.929
[2023-03-21 18:58:13] PRINT [03/21 18:58:13 graph]: best_f1 0.930 at epoch 134
[2023-03-21 18:58:13] PRINT [03/21 18:58:13 graph]: start epoch 145.
[2023-03-21 18:58:13] PRINT [03/21 18:58:13 graph]: # Epoch 145: train_loss: 0.3899 | lr: 0.000152
[2023-03-21 18:58:15] PRINT [03/21 18:58:15 graph]: --- Testf1: 0.92941, Best Valacc: 0.93987 in epoch 99 --- 
[2023-03-21 18:58:15] PRINT [03/21 18:58:15 graph]: Epoch 145: get test acc score:  0.929
[2023-03-21 18:58:15] PRINT [03/21 18:58:15 graph]: best_f1 0.930 at epoch 134
[2023-03-21 18:58:15] PRINT [03/21 18:58:15 graph]: start epoch 146.
[2023-03-21 18:58:15] PRINT [03/21 18:58:15 graph]: # Epoch 146: train_loss: 0.3904 | lr: 0.000152
[2023-03-21 18:58:17] PRINT [03/21 18:58:17 graph]: --- Testf1: 0.92663, Best Valacc: 0.93856 in epoch 99 --- 
[2023-03-21 18:58:18] PRINT [03/21 18:58:18 graph]: Epoch 146: get test acc score:  0.927
[2023-03-21 18:58:18] PRINT [03/21 18:58:18 graph]: best_f1 0.930 at epoch 134
[2023-03-21 18:58:18] PRINT [03/21 18:58:18 graph]: start epoch 147.
[2023-03-21 18:58:18] PRINT [03/21 18:58:18 graph]: # Epoch 147: train_loss: 0.3900 | lr: 0.000152
[2023-03-21 18:58:20] PRINT [03/21 18:58:20 graph]: --- Testf1: 0.92778, Best Valacc: 0.94379 in epoch 99 --- 
[2023-03-21 18:58:20] PRINT [03/21 18:58:20 graph]: Epoch 147: get test acc score:  0.928
[2023-03-21 18:58:20] PRINT [03/21 18:58:20 graph]: best_f1 0.930 at epoch 134
[2023-03-21 18:58:20] PRINT [03/21 18:58:20 graph]: start epoch 148.
[2023-03-21 18:58:20] PRINT [03/21 18:58:20 graph]: # Epoch 148: train_loss: 0.3892 | lr: 0.000152
[2023-03-21 18:58:22] PRINT [03/21 18:58:22 graph]: --- Testf1: 0.92990, Best Valacc: 0.93856 in epoch 99 --- 
[2023-03-21 18:58:22] PRINT [03/21 18:58:22 graph]: Epoch 148: get test acc score:  0.930
[2023-03-21 18:58:22] PRINT [03/21 18:58:22 graph]: best_f1 0.930 at epoch 134
[2023-03-21 18:58:22] PRINT [03/21 18:58:22 graph]: start epoch 149.
[2023-03-21 18:58:22] PRINT [03/21 18:58:22 graph]: # Epoch 149: train_loss: 0.3902 | lr: 0.000152
[2023-03-21 18:58:24] PRINT [03/21 18:58:24 graph]: --- Testf1: 0.92729, Best Valacc: 0.94379 in epoch 99 --- 
[2023-03-21 18:58:24] PRINT [03/21 18:58:24 graph]: Epoch 149: get test acc score:  0.927
[2023-03-21 18:58:24] PRINT [03/21 18:58:24 graph]: best_f1 0.930 at epoch 134
[2023-03-21 18:58:24] PRINT [03/21 18:58:24 graph]: # final_acc: 0.9304±0.0000
