[2023-03-06 03:40:49] PRINT ---new cfg------
[2023-03-06 03:40:49] PRINT {'DATA': {'data_name': 'MUTAG', 'deg4feat': True}, 'DATALOADER': {'NUM_WORKERS': 0, 'BATCH_SIZE': 32}, 'MODEL': {'num_hidden': 512, 'num_layers': 2, 'nhead': 4, 'activation': 'prelu', 'attn_drop': 0.1, 'feat_drop': 0.1, 'norm': 'layernorm', 'pooler': 'mean', 'beta_schedule': 'sigmoid', 'beta_1': 0.0005246455121986373, 'beta_T': 0.03830619687289956, 'T': 789}, 'SOLVER': {'optim_type': 'adamw', 'optim_type_f': 'adamw', 'alpha': 1, 'decay': 40, 'LR': 0.00038208449399446625, 'weight_decay': 0.0005, 'MAX_EPOCH': 50}, 'DEVICE': 'cuda', 'seeds': [11], 'eval_T': [50, 100, 200], 'output_dir': '/ddm-nni/MUTAG/log', 'checkpoint_dir': '/ddm-nni/MUTAG/log/checkpoint'}
[2023-03-06 03:40:49] PRINT [03/06 03:40:49 graph]: Rank of current process: 0. World size: 1
[2023-03-06 03:40:53] PRINT [03/06 03:40:53 graph]: Environment info:
[2023-03-06 03:40:53] PRINT PyTorch version: 1.10.0+cu113
[2023-03-06 03:40:53] PRINT Is debug build: False
[2023-03-06 03:40:53] PRINT CUDA used to build PyTorch: 11.3
[2023-03-06 03:40:53] PRINT ROCM used to build PyTorch: N/A
[2023-03-06 03:40:53] PRINT 
[2023-03-06 03:40:53] PRINT OS: Ubuntu 20.04.3 LTS (x86_64)
[2023-03-06 03:40:53] PRINT GCC version: (Ubuntu 9.3.0-17ubuntu1~20.04) 9.3.0
[2023-03-06 03:40:53] PRINT Clang version: Could not collect
[2023-03-06 03:40:53] PRINT CMake version: version 3.16.3
[2023-03-06 03:40:53] PRINT Libc version: glibc-2.31
[2023-03-06 03:40:53] PRINT 
[2023-03-06 03:40:53] PRINT Python version: 3.8.10 (default, Jun  4 2021, 15:09:15)  [GCC 7.5.0] (64-bit runtime)
[2023-03-06 03:40:53] PRINT Python platform: Linux-5.4.0-90-generic-x86_64-with-glibc2.17
[2023-03-06 03:40:53] PRINT Is CUDA available: True
[2023-03-06 03:40:53] PRINT CUDA runtime version: 11.3.109
[2023-03-06 03:40:53] PRINT GPU models and configuration: GPU 0: NVIDIA GeForce RTX 3090
[2023-03-06 03:40:53] PRINT Nvidia driver version: 495.44
[2023-03-06 03:40:53] PRINT cuDNN version: Probably one of the following:
[2023-03-06 03:40:53] PRINT /usr/lib/x86_64-linux-gnu/libcudnn.so.8.2.0
[2023-03-06 03:40:53] PRINT /usr/lib/x86_64-linux-gnu/libcudnn_adv_infer.so.8.2.0
[2023-03-06 03:40:53] PRINT /usr/lib/x86_64-linux-gnu/libcudnn_adv_train.so.8.2.0
[2023-03-06 03:40:53] PRINT /usr/lib/x86_64-linux-gnu/libcudnn_cnn_infer.so.8.2.0
[2023-03-06 03:40:53] PRINT /usr/lib/x86_64-linux-gnu/libcudnn_cnn_train.so.8.2.0
[2023-03-06 03:40:53] PRINT /usr/lib/x86_64-linux-gnu/libcudnn_ops_infer.so.8.2.0
[2023-03-06 03:40:53] PRINT /usr/lib/x86_64-linux-gnu/libcudnn_ops_train.so.8.2.0
[2023-03-06 03:40:53] PRINT HIP runtime version: N/A
[2023-03-06 03:40:53] PRINT MIOpen runtime version: N/A
[2023-03-06 03:40:53] PRINT 
[2023-03-06 03:40:53] PRINT Versions of relevant libraries:
[2023-03-06 03:40:53] PRINT [pip3] numpy==1.23.5
[2023-03-06 03:40:53] PRINT [pip3] torch==1.10.0+cu113
[2023-03-06 03:40:53] PRINT [pip3] torchvision==0.11.1+cu113
[2023-03-06 03:40:53] PRINT [conda] blas                      1.0                         mkl    https://mirrors.ustc.edu.cn/anaconda/pkgs/main
[2023-03-06 03:40:53] PRINT [conda] mkl                       2021.4.0           h06a4308_640    https://mirrors.ustc.edu.cn/anaconda/pkgs/main
[2023-03-06 03:40:53] PRINT [conda] mkl-service               2.4.0            py38h7f8727e_0    https://mirrors.ustc.edu.cn/anaconda/pkgs/main
[2023-03-06 03:40:53] PRINT [conda] mkl_fft                   1.3.1            py38hd3c417c_0    https://mirrors.ustc.edu.cn/anaconda/pkgs/main
[2023-03-06 03:40:53] PRINT [conda] mkl_random                1.2.2            py38h51133e4_0    https://mirrors.ustc.edu.cn/anaconda/pkgs/main
[2023-03-06 03:40:53] PRINT [conda] numpy                     1.21.4                   pypi_0    pypi
[2023-03-06 03:40:53] PRINT [conda] numpy-base                1.23.5           py38h31eccc5_0    https://mirrors.ustc.edu.cn/anaconda/pkgs/main
[2023-03-06 03:40:53] PRINT [conda] torch                     1.10.0+cu113             pypi_0    pypi
[2023-03-06 03:40:53] PRINT [conda] torchvision               0.11.1+cu113             pypi_0    pypi
[2023-03-06 03:40:53] PRINT         Pillow (8.4.0)
[2023-03-06 03:40:53] PRINT [03/06 03:40:53 graph]: Command line arguments: Namespace(local_rank=0, resume=False, seed=1234, start_epoch=0)
[2023-03-06 03:40:53] PRINT Using degree as node features
[2023-03-06 03:40:53] PRINT ******** # Num Graphs: 188, # Num Feat: 5, # Num Classes: 2 ********
[2023-03-06 03:40:53] PRINT [03/06 03:40:53 graph]: Run 0th for seed 11
[2023-03-06 03:40:53] PRINT [03/06 03:40:53 graph]: Total trainable params num : 5145199
[2023-03-06 03:40:58] PRINT [03/06 03:40:58 graph]: ----------Start Training----------
[2023-03-06 03:40:58] PRINT [03/06 03:40:58 graph]: Epoch 0 | train_loss: 0.7301 | lr: 0.000382
[2023-03-06 03:40:58] PRINT [03/06 03:40:58 graph]: Epoch 1 | train_loss: 0.3856 | lr: 0.000382
[2023-03-06 03:40:59] PRINT [03/06 03:40:59 graph]: Epoch 2 | train_loss: 0.3259 | lr: 0.000382
[2023-03-06 03:41:01] PRINT [03/06 03:41:01 graph]: #Test_f1: 0.8567±0.0577
[2023-03-06 03:41:02] PRINT [03/06 03:41:02 graph]: Epoch 2: get test f1 score:  0.857
[2023-03-06 03:41:02] PRINT [03/06 03:41:02 graph]: best_f1 0.857 at epoch 2
[2023-03-06 03:41:02] PRINT [03/06 03:41:02 graph]: Epoch 3 | train_loss: 0.2886 | lr: 0.000382
[2023-03-06 03:41:05] PRINT [03/06 03:41:05 graph]: #Test_f1: 0.8722±0.0686
[2023-03-06 03:41:05] PRINT [03/06 03:41:05 graph]: Epoch 3: get test f1 score:  0.872
[2023-03-06 03:41:05] PRINT [03/06 03:41:05 graph]: best_f1 0.872 at epoch 3
[2023-03-06 03:41:05] PRINT [03/06 03:41:05 graph]: Epoch 4 | train_loss: 0.2567 | lr: 0.000382
[2023-03-06 03:41:08] PRINT [03/06 03:41:08 graph]: #Test_f1: 0.8775±0.0681
[2023-03-06 03:41:08] PRINT [03/06 03:41:08 graph]: Epoch 4: get test f1 score:  0.877
[2023-03-06 03:41:08] PRINT [03/06 03:41:08 graph]: best_f1 0.877 at epoch 4
[2023-03-06 03:41:09] PRINT [03/06 03:41:09 graph]: Epoch 5 | train_loss: 0.2449 | lr: 0.000382
[2023-03-06 03:41:11] PRINT [03/06 03:41:11 graph]: #Test_f1: 0.8617±0.0549
[2023-03-06 03:41:12] PRINT [03/06 03:41:12 graph]: Epoch 5: get test f1 score:  0.862
[2023-03-06 03:41:12] PRINT [03/06 03:41:12 graph]: best_f1 0.877 at epoch 4
[2023-03-06 03:41:12] PRINT [03/06 03:41:12 graph]: Epoch 6 | train_loss: 0.2301 | lr: 0.000382
[2023-03-06 03:41:15] PRINT [03/06 03:41:15 graph]: #Test_f1: 0.8827±0.0750
[2023-03-06 03:41:15] PRINT [03/06 03:41:15 graph]: Epoch 6: get test f1 score:  0.883
[2023-03-06 03:41:15] PRINT [03/06 03:41:15 graph]: best_f1 0.883 at epoch 6
[2023-03-06 03:41:15] PRINT [03/06 03:41:15 graph]: Epoch 7 | train_loss: 0.2238 | lr: 0.000382
[2023-03-06 03:41:18] PRINT [03/06 03:41:18 graph]: #Test_f1: 0.8833±0.0563
[2023-03-06 03:41:19] PRINT [03/06 03:41:19 graph]: Epoch 7: get test f1 score:  0.883
[2023-03-06 03:41:19] PRINT [03/06 03:41:19 graph]: best_f1 0.883 at epoch 7
[2023-03-06 03:41:19] PRINT [03/06 03:41:19 graph]: Epoch 8 | train_loss: 0.2155 | lr: 0.000382
[2023-03-06 03:41:22] PRINT [03/06 03:41:22 graph]: #Test_f1: 0.9041±0.0575
[2023-03-06 03:41:22] PRINT [03/06 03:41:22 graph]: Epoch 8: get test f1 score:  0.904
[2023-03-06 03:41:22] PRINT [03/06 03:41:22 graph]: best_f1 0.904 at epoch 8
[2023-03-06 03:41:23] PRINT [03/06 03:41:23 graph]: Epoch 9 | train_loss: 0.2069 | lr: 0.000382
[2023-03-06 03:41:26] PRINT [03/06 03:41:26 graph]: #Test_f1: 0.8936±0.0671
[2023-03-06 03:41:26] PRINT [03/06 03:41:26 graph]: Epoch 9: get test f1 score:  0.894
[2023-03-06 03:41:26] PRINT [03/06 03:41:26 graph]: best_f1 0.904 at epoch 8
[2023-03-06 03:41:26] PRINT [03/06 03:41:26 graph]: Epoch 10 | train_loss: 0.1987 | lr: 0.000382
[2023-03-06 03:41:29] PRINT [03/06 03:41:29 graph]: #Test_f1: 0.8827±0.0584
[2023-03-06 03:41:29] PRINT [03/06 03:41:29 graph]: Epoch 10: get test f1 score:  0.883
[2023-03-06 03:41:29] PRINT [03/06 03:41:29 graph]: best_f1 0.904 at epoch 8
[2023-03-06 03:41:29] PRINT [03/06 03:41:29 graph]: Epoch 11 | train_loss: 0.1936 | lr: 0.000382
[2023-03-06 03:41:32] PRINT [03/06 03:41:32 graph]: #Test_f1: 0.8933±0.0596
[2023-03-06 03:41:33] PRINT [03/06 03:41:33 graph]: Epoch 11: get test f1 score:  0.893
[2023-03-06 03:41:33] PRINT [03/06 03:41:33 graph]: best_f1 0.904 at epoch 8
[2023-03-06 03:41:33] PRINT [03/06 03:41:33 graph]: Epoch 12 | train_loss: 0.1867 | lr: 0.000382
[2023-03-06 03:41:35] PRINT [03/06 03:41:35 graph]: #Test_f1: 0.8877±0.0571
[2023-03-06 03:41:36] PRINT [03/06 03:41:36 graph]: Epoch 12: get test f1 score:  0.888
[2023-03-06 03:41:36] PRINT [03/06 03:41:36 graph]: best_f1 0.904 at epoch 8
[2023-03-06 03:41:36] PRINT [03/06 03:41:36 graph]: Epoch 13 | train_loss: 0.1771 | lr: 0.000382
[2023-03-06 03:41:39] PRINT [03/06 03:41:39 graph]: #Test_f1: 0.8930±0.0774
[2023-03-06 03:41:39] PRINT [03/06 03:41:39 graph]: Epoch 13: get test f1 score:  0.893
[2023-03-06 03:41:39] PRINT [03/06 03:41:39 graph]: best_f1 0.904 at epoch 8
[2023-03-06 03:41:39] PRINT [03/06 03:41:39 graph]: Epoch 14 | train_loss: 0.1825 | lr: 0.000382
[2023-03-06 03:41:42] PRINT [03/06 03:41:42 graph]: #Test_f1: 0.8827±0.0821
[2023-03-06 03:41:42] PRINT [03/06 03:41:42 graph]: Epoch 14: get test f1 score:  0.883
[2023-03-06 03:41:42] PRINT [03/06 03:41:42 graph]: best_f1 0.904 at epoch 8
[2023-03-06 03:41:43] PRINT [03/06 03:41:43 graph]: Epoch 15 | train_loss: 0.1799 | lr: 0.000382
[2023-03-06 03:41:45] PRINT [03/06 03:41:45 graph]: #Test_f1: 0.8936±0.0671
[2023-03-06 03:41:46] PRINT [03/06 03:41:46 graph]: Epoch 15: get test f1 score:  0.894
[2023-03-06 03:41:46] PRINT [03/06 03:41:46 graph]: best_f1 0.904 at epoch 8
[2023-03-06 03:41:46] PRINT [03/06 03:41:46 graph]: Epoch 16 | train_loss: 0.1682 | lr: 0.000382
[2023-03-06 03:41:49] PRINT [03/06 03:41:49 graph]: #Test_f1: 0.9038±0.0677
[2023-03-06 03:41:49] PRINT [03/06 03:41:49 graph]: Epoch 16: get test f1 score:  0.904
[2023-03-06 03:41:49] PRINT [03/06 03:41:49 graph]: best_f1 0.904 at epoch 8
[2023-03-06 03:41:49] PRINT [03/06 03:41:49 graph]: Epoch 17 | train_loss: 0.1642 | lr: 0.000382
[2023-03-06 03:41:52] PRINT [03/06 03:41:52 graph]: #Test_f1: 0.8933±0.0596
[2023-03-06 03:41:52] PRINT [03/06 03:41:52 graph]: Epoch 17: get test f1 score:  0.893
[2023-03-06 03:41:52] PRINT [03/06 03:41:52 graph]: best_f1 0.904 at epoch 8
[2023-03-06 03:41:52] PRINT [03/06 03:41:52 graph]: Epoch 18 | train_loss: 0.1562 | lr: 0.000382
[2023-03-06 03:41:55] PRINT [03/06 03:41:55 graph]: #Test_f1: 0.9038±0.0635
[2023-03-06 03:41:55] PRINT [03/06 03:41:55 graph]: Epoch 18: get test f1 score:  0.904
[2023-03-06 03:41:55] PRINT [03/06 03:41:55 graph]: best_f1 0.904 at epoch 8
[2023-03-06 03:41:56] PRINT [03/06 03:41:56 graph]: Epoch 19 | train_loss: 0.1580 | lr: 0.000382
[2023-03-06 03:41:59] PRINT [03/06 03:41:59 graph]: #Test_f1: 0.9038±0.0635
[2023-03-06 03:41:59] PRINT [03/06 03:41:59 graph]: Epoch 19: get test f1 score:  0.904
[2023-03-06 03:41:59] PRINT [03/06 03:41:59 graph]: best_f1 0.904 at epoch 8
[2023-03-06 03:41:59] PRINT [03/06 03:41:59 graph]: Epoch 20 | train_loss: 0.1568 | lr: 0.000382
[2023-03-06 03:42:02] PRINT [03/06 03:42:02 graph]: #Test_f1: 0.8985±0.0661
[2023-03-06 03:42:02] PRINT [03/06 03:42:02 graph]: Epoch 20: get test f1 score:  0.899
[2023-03-06 03:42:02] PRINT [03/06 03:42:02 graph]: best_f1 0.904 at epoch 8
[2023-03-06 03:42:02] PRINT [03/06 03:42:02 graph]: Epoch 21 | train_loss: 0.1561 | lr: 0.000382
[2023-03-06 03:42:05] PRINT [03/06 03:42:05 graph]: #Test_f1: 0.9038±0.0635
[2023-03-06 03:42:05] PRINT [03/06 03:42:05 graph]: Epoch 21: get test f1 score:  0.904
[2023-03-06 03:42:05] PRINT [03/06 03:42:05 graph]: best_f1 0.904 at epoch 8
[2023-03-06 03:42:06] PRINT [03/06 03:42:06 graph]: Epoch 22 | train_loss: 0.1539 | lr: 0.000382
[2023-03-06 03:42:08] PRINT [03/06 03:42:08 graph]: #Test_f1: 0.8988±0.0663
[2023-03-06 03:42:09] PRINT [03/06 03:42:09 graph]: Epoch 22: get test f1 score:  0.899
[2023-03-06 03:42:09] PRINT [03/06 03:42:09 graph]: best_f1 0.904 at epoch 8
[2023-03-06 03:42:09] PRINT [03/06 03:42:09 graph]: Epoch 23 | train_loss: 0.1512 | lr: 0.000382
[2023-03-06 03:42:12] PRINT [03/06 03:42:12 graph]: #Test_f1: 0.8880±0.0700
[2023-03-06 03:42:12] PRINT [03/06 03:42:12 graph]: Epoch 23: get test f1 score:  0.888
[2023-03-06 03:42:12] PRINT [03/06 03:42:12 graph]: best_f1 0.904 at epoch 8
[2023-03-06 03:42:12] PRINT [03/06 03:42:12 graph]: Epoch 24 | train_loss: 0.1485 | lr: 0.000382
[2023-03-06 03:42:15] PRINT [03/06 03:42:15 graph]: #Test_f1: 0.8936±0.0533
[2023-03-06 03:42:16] PRINT [03/06 03:42:16 graph]: Epoch 24: get test f1 score:  0.894
[2023-03-06 03:42:16] PRINT [03/06 03:42:16 graph]: best_f1 0.904 at epoch 8
[2023-03-06 03:42:16] PRINT [03/06 03:42:16 graph]: Epoch 25 | train_loss: 0.1432 | lr: 0.000382
[2023-03-06 03:42:18] PRINT [03/06 03:42:18 graph]: #Test_f1: 0.8933±0.0683
[2023-03-06 03:42:19] PRINT [03/06 03:42:19 graph]: Epoch 25: get test f1 score:  0.893
[2023-03-06 03:42:19] PRINT [03/06 03:42:19 graph]: best_f1 0.904 at epoch 8
[2023-03-06 03:42:19] PRINT [03/06 03:42:19 graph]: Epoch 26 | train_loss: 0.1466 | lr: 0.000382
[2023-03-06 03:42:22] PRINT [03/06 03:42:22 graph]: #Test_f1: 0.8933±0.0596
[2023-03-06 03:42:22] PRINT [03/06 03:42:22 graph]: Epoch 26: get test f1 score:  0.893
[2023-03-06 03:42:22] PRINT [03/06 03:42:22 graph]: best_f1 0.904 at epoch 8
[2023-03-06 03:42:22] PRINT [03/06 03:42:22 graph]: Epoch 27 | train_loss: 0.1471 | lr: 0.000382
[2023-03-06 03:42:25] PRINT [03/06 03:42:25 graph]: #Test_f1: 0.8985±0.0571
[2023-03-06 03:42:25] PRINT [03/06 03:42:25 graph]: Epoch 27: get test f1 score:  0.899
[2023-03-06 03:42:25] PRINT [03/06 03:42:25 graph]: best_f1 0.904 at epoch 8
[2023-03-06 03:42:25] PRINT [03/06 03:42:25 graph]: Epoch 28 | train_loss: 0.1409 | lr: 0.000382
[2023-03-06 03:42:28] PRINT [03/06 03:42:28 graph]: #Test_f1: 0.8933±0.0683
[2023-03-06 03:42:29] PRINT [03/06 03:42:29 graph]: Epoch 28: get test f1 score:  0.893
[2023-03-06 03:42:29] PRINT [03/06 03:42:29 graph]: best_f1 0.904 at epoch 8
[2023-03-06 03:42:29] PRINT [03/06 03:42:29 graph]: Epoch 29 | train_loss: 0.1454 | lr: 0.000382
[2023-03-06 03:42:32] PRINT [03/06 03:42:32 graph]: #Test_f1: 0.8930±0.0643
[2023-03-06 03:42:32] PRINT [03/06 03:42:32 graph]: Epoch 29: get test f1 score:  0.893
[2023-03-06 03:42:32] PRINT [03/06 03:42:32 graph]: best_f1 0.904 at epoch 8
[2023-03-06 03:42:32] PRINT [03/06 03:42:32 graph]: Epoch 30 | train_loss: 0.1458 | lr: 0.000382
[2023-03-06 03:42:35] PRINT [03/06 03:42:35 graph]: #Test_f1: 0.8880±0.0505
[2023-03-06 03:42:36] PRINT [03/06 03:42:36 graph]: Epoch 30: get test f1 score:  0.888
[2023-03-06 03:42:36] PRINT [03/06 03:42:36 graph]: best_f1 0.904 at epoch 8
[2023-03-06 03:42:36] PRINT [03/06 03:42:36 graph]: Epoch 31 | train_loss: 0.1454 | lr: 0.000382
[2023-03-06 03:42:39] PRINT [03/06 03:42:39 graph]: #Test_f1: 0.8880±0.0557
[2023-03-06 03:42:39] PRINT [03/06 03:42:39 graph]: Epoch 31: get test f1 score:  0.888
[2023-03-06 03:42:39] PRINT [03/06 03:42:39 graph]: best_f1 0.904 at epoch 8
[2023-03-06 03:42:39] PRINT [03/06 03:42:39 graph]: Epoch 32 | train_loss: 0.1411 | lr: 0.000382
[2023-03-06 03:42:42] PRINT [03/06 03:42:42 graph]: #Test_f1: 0.8988±0.0742
[2023-03-06 03:42:43] PRINT [03/06 03:42:43 graph]: Epoch 32: get test f1 score:  0.899
[2023-03-06 03:42:43] PRINT [03/06 03:42:43 graph]: best_f1 0.904 at epoch 8
[2023-03-06 03:42:43] PRINT [03/06 03:42:43 graph]: Epoch 33 | train_loss: 0.1379 | lr: 0.000382
[2023-03-06 03:42:46] PRINT [03/06 03:42:46 graph]: #Test_f1: 0.9041±0.0575
[2023-03-06 03:42:46] PRINT [03/06 03:42:46 graph]: Epoch 33: get test f1 score:  0.904
[2023-03-06 03:42:46] PRINT [03/06 03:42:46 graph]: best_f1 0.904 at epoch 8
[2023-03-06 03:42:46] PRINT [03/06 03:42:46 graph]: Epoch 34 | train_loss: 0.1407 | lr: 0.000382
[2023-03-06 03:42:49] PRINT [03/06 03:42:49 graph]: #Test_f1: 0.8988±0.0663
[2023-03-06 03:42:50] PRINT [03/06 03:42:50 graph]: Epoch 34: get test f1 score:  0.899
[2023-03-06 03:42:50] PRINT [03/06 03:42:50 graph]: best_f1 0.904 at epoch 8
[2023-03-06 03:42:50] PRINT [03/06 03:42:50 graph]: Epoch 35 | train_loss: 0.1457 | lr: 0.000382
[2023-03-06 03:42:53] PRINT [03/06 03:42:53 graph]: #Test_f1: 0.8830±0.0661
[2023-03-06 03:42:53] PRINT [03/06 03:42:53 graph]: Epoch 35: get test f1 score:  0.883
[2023-03-06 03:42:53] PRINT [03/06 03:42:53 graph]: best_f1 0.904 at epoch 8
[2023-03-06 03:42:53] PRINT [03/06 03:42:53 graph]: Epoch 36 | train_loss: 0.1353 | lr: 0.000382
[2023-03-06 03:42:56] PRINT [03/06 03:42:56 graph]: #Test_f1: 0.8827±0.0672
[2023-03-06 03:42:56] PRINT [03/06 03:42:56 graph]: Epoch 36: get test f1 score:  0.883
[2023-03-06 03:42:56] PRINT [03/06 03:42:56 graph]: best_f1 0.904 at epoch 8
[2023-03-06 03:42:57] PRINT [03/06 03:42:57 graph]: Epoch 37 | train_loss: 0.1340 | lr: 0.000382
[2023-03-06 03:42:59] PRINT [03/06 03:42:59 graph]: #Test_f1: 0.8936±0.0628
[2023-03-06 03:43:00] PRINT [03/06 03:43:00 graph]: Epoch 37: get test f1 score:  0.894
[2023-03-06 03:43:00] PRINT [03/06 03:43:00 graph]: best_f1 0.904 at epoch 8
[2023-03-06 03:43:00] PRINT [03/06 03:43:00 graph]: Epoch 38 | train_loss: 0.1308 | lr: 0.000382
[2023-03-06 03:43:03] PRINT [03/06 03:43:03 graph]: #Test_f1: 0.8933±0.0596
[2023-03-06 03:43:03] PRINT [03/06 03:43:03 graph]: Epoch 38: get test f1 score:  0.893
[2023-03-06 03:43:03] PRINT [03/06 03:43:03 graph]: best_f1 0.904 at epoch 8
[2023-03-06 03:43:03] PRINT [03/06 03:43:03 graph]: Epoch 39 | train_loss: 0.1368 | lr: 0.000382
[2023-03-06 03:43:06] PRINT [03/06 03:43:06 graph]: #Test_f1: 0.8827±0.0630
[2023-03-06 03:43:06] PRINT [03/06 03:43:06 graph]: Epoch 39: get test f1 score:  0.883
[2023-03-06 03:43:06] PRINT [03/06 03:43:06 graph]: best_f1 0.904 at epoch 8
[2023-03-06 03:43:07] PRINT [03/06 03:43:07 graph]: Epoch 40 | train_loss: 0.1290 | lr: 0.000382
[2023-03-06 03:43:09] PRINT [03/06 03:43:09 graph]: #Test_f1: 0.8778±0.0532
[2023-03-06 03:43:09] PRINT [03/06 03:43:09 graph]: Epoch 40: get test f1 score:  0.878
[2023-03-06 03:43:09] PRINT [03/06 03:43:09 graph]: best_f1 0.904 at epoch 8
[2023-03-06 03:43:10] PRINT [03/06 03:43:10 graph]: Epoch 41 | train_loss: 0.1389 | lr: 0.000382
[2023-03-06 03:43:12] PRINT [03/06 03:43:12 graph]: #Test_f1: 0.8985±0.0618
[2023-03-06 03:43:13] PRINT [03/06 03:43:13 graph]: Epoch 41: get test f1 score:  0.899
[2023-03-06 03:43:13] PRINT [03/06 03:43:13 graph]: best_f1 0.904 at epoch 8
[2023-03-06 03:43:13] PRINT [03/06 03:43:13 graph]: Epoch 42 | train_loss: 0.1316 | lr: 0.000382
[2023-03-06 03:43:16] PRINT [03/06 03:43:16 graph]: #Test_f1: 0.8933±0.0683
[2023-03-06 03:43:16] PRINT [03/06 03:43:16 graph]: Epoch 42: get test f1 score:  0.893
[2023-03-06 03:43:16] PRINT [03/06 03:43:16 graph]: best_f1 0.904 at epoch 8
[2023-03-06 03:43:16] PRINT [03/06 03:43:16 graph]: Epoch 43 | train_loss: 0.1235 | lr: 0.000382
[2023-03-06 03:43:19] PRINT [03/06 03:43:19 graph]: #Test_f1: 0.8880±0.0615
[2023-03-06 03:43:19] PRINT [03/06 03:43:19 graph]: Epoch 43: get test f1 score:  0.888
[2023-03-06 03:43:19] PRINT [03/06 03:43:19 graph]: best_f1 0.904 at epoch 8
[2023-03-06 03:43:19] PRINT [03/06 03:43:19 graph]: Epoch 44 | train_loss: 0.1346 | lr: 0.000382
[2023-03-06 03:43:22] PRINT [03/06 03:43:22 graph]: #Test_f1: 0.8827±0.0630
[2023-03-06 03:43:22] PRINT [03/06 03:43:22 graph]: Epoch 44: get test f1 score:  0.883
[2023-03-06 03:43:22] PRINT [03/06 03:43:22 graph]: best_f1 0.904 at epoch 8
[2023-03-06 03:43:23] PRINT [03/06 03:43:23 graph]: Epoch 45 | train_loss: 0.1256 | lr: 0.000382
[2023-03-06 03:43:25] PRINT [03/06 03:43:25 graph]: #Test_f1: 0.8985±0.0702
[2023-03-06 03:43:26] PRINT [03/06 03:43:26 graph]: Epoch 45: get test f1 score:  0.899
[2023-03-06 03:43:26] PRINT [03/06 03:43:26 graph]: best_f1 0.904 at epoch 8
[2023-03-06 03:43:26] PRINT [03/06 03:43:26 graph]: Epoch 46 | train_loss: 0.1245 | lr: 0.000382
[2023-03-06 03:43:29] PRINT [03/06 03:43:29 graph]: #Test_f1: 0.8933±0.0683
[2023-03-06 03:43:29] PRINT [03/06 03:43:29 graph]: Epoch 46: get test f1 score:  0.893
[2023-03-06 03:43:29] PRINT [03/06 03:43:29 graph]: best_f1 0.904 at epoch 8
[2023-03-06 03:43:29] PRINT [03/06 03:43:29 graph]: Epoch 47 | train_loss: 0.1259 | lr: 0.000382
[2023-03-06 03:43:32] PRINT [03/06 03:43:32 graph]: #Test_f1: 0.8827±0.0630
[2023-03-06 03:43:32] PRINT [03/06 03:43:32 graph]: Epoch 47: get test f1 score:  0.883
[2023-03-06 03:43:32] PRINT [03/06 03:43:32 graph]: best_f1 0.904 at epoch 8
[2023-03-06 03:43:33] PRINT [03/06 03:43:33 graph]: Epoch 48 | train_loss: 0.1280 | lr: 0.000382
[2023-03-06 03:43:36] PRINT [03/06 03:43:36 graph]: #Test_f1: 0.8775±0.0594
[2023-03-06 03:43:36] PRINT [03/06 03:43:36 graph]: Epoch 48: get test f1 score:  0.877
[2023-03-06 03:43:36] PRINT [03/06 03:43:36 graph]: best_f1 0.904 at epoch 8
[2023-03-06 03:43:36] PRINT [03/06 03:43:36 graph]: Epoch 49 | train_loss: 0.1355 | lr: 0.000382
[2023-03-06 03:43:39] PRINT [03/06 03:43:39 graph]: #Test_f1: 0.8880±0.0615
[2023-03-06 03:43:39] PRINT [03/06 03:43:39 graph]: Epoch 49: get test f1 score:  0.888
[2023-03-06 03:43:39] PRINT [03/06 03:43:39 graph]: best_f1 0.904 at epoch 8
[2023-03-06 03:43:40] PRINT [03/06 03:43:40 graph]: # final_acc: 0.9041±0.0000
