[2023-03-13 01:59:39] PRINT ---new cfg------
[2023-03-13 01:59:39] PRINT {'DATA': {'data_name': 'cora'}, 'DATALOADER': {'NUM_WORKERS': 0}, 'MODEL': {'num_hidden': 1024, 'num_layers': 2, 'nhead': 4, 'activation': 'prelu', 'attn_drop': 0.4, 'feat_drop': 0.1, 'norm': 'layernorm', 'pooler': 'mean', 'beta_schedule': 'sigmoid', 'beta_1': 0.00031546933686505535, 'beta_T': 0.049497103498571046, 'T': 900}, 'SOLVER': {'optim_type': 'adam', 'optim_type_f': 'adamw', 'alpha': 1, 'decay': 40, 'LR': 5.513254706611462e-05, 'LR_f': 0.0015749575188687113, 'weight_decay': 0, 'weight_decay_f': 1.0979657985819221e-05, 'MAX_EPOCH': 100, 'max_epoch_f': 100}, 'DEVICE': 'cuda', 'seeds': [0], 'eval_T': [50, 100, 200], 'output_dir': '/ddm-nni/Cora/log', 'checkpoint_dir': '/ddm-nni/Cora/log/checkpoint'}
[2023-03-13 01:59:39] PRINT [03/13 01:59:39 graph]: Rank of current process: 0. World size: 1
[2023-03-13 01:59:42] PRINT [03/13 01:59:42 graph]: Environment info:
[2023-03-13 01:59:42] PRINT PyTorch version: 1.10.0+cu113
[2023-03-13 01:59:42] PRINT Is debug build: False
[2023-03-13 01:59:42] PRINT CUDA used to build PyTorch: 11.3
[2023-03-13 01:59:42] PRINT ROCM used to build PyTorch: N/A
[2023-03-13 01:59:42] PRINT 
[2023-03-13 01:59:42] PRINT OS: Ubuntu 20.04.3 LTS (x86_64)
[2023-03-13 01:59:42] PRINT GCC version: (Ubuntu 9.3.0-17ubuntu1~20.04) 9.3.0
[2023-03-13 01:59:42] PRINT Clang version: Could not collect
[2023-03-13 01:59:42] PRINT CMake version: version 3.16.3
[2023-03-13 01:59:42] PRINT Libc version: glibc-2.31
[2023-03-13 01:59:42] PRINT 
[2023-03-13 01:59:42] PRINT Python version: 3.8.10 (default, Jun  4 2021, 15:09:15)  [GCC 7.5.0] (64-bit runtime)
[2023-03-13 01:59:42] PRINT Python platform: Linux-5.4.0-90-generic-x86_64-with-glibc2.17
[2023-03-13 01:59:42] PRINT Is CUDA available: True
[2023-03-13 01:59:42] PRINT CUDA runtime version: 11.3.109
[2023-03-13 01:59:42] PRINT GPU models and configuration: GPU 0: NVIDIA GeForce RTX 3090
[2023-03-13 01:59:42] PRINT Nvidia driver version: 495.44
[2023-03-13 01:59:42] PRINT cuDNN version: Probably one of the following:
[2023-03-13 01:59:42] PRINT /usr/lib/x86_64-linux-gnu/libcudnn.so.8.2.0
[2023-03-13 01:59:42] PRINT /usr/lib/x86_64-linux-gnu/libcudnn_adv_infer.so.8.2.0
[2023-03-13 01:59:42] PRINT /usr/lib/x86_64-linux-gnu/libcudnn_adv_train.so.8.2.0
[2023-03-13 01:59:42] PRINT /usr/lib/x86_64-linux-gnu/libcudnn_cnn_infer.so.8.2.0
[2023-03-13 01:59:42] PRINT /usr/lib/x86_64-linux-gnu/libcudnn_cnn_train.so.8.2.0
[2023-03-13 01:59:42] PRINT /usr/lib/x86_64-linux-gnu/libcudnn_ops_infer.so.8.2.0
[2023-03-13 01:59:42] PRINT /usr/lib/x86_64-linux-gnu/libcudnn_ops_train.so.8.2.0
[2023-03-13 01:59:42] PRINT HIP runtime version: N/A
[2023-03-13 01:59:42] PRINT MIOpen runtime version: N/A
[2023-03-13 01:59:42] PRINT 
[2023-03-13 01:59:42] PRINT Versions of relevant libraries:
[2023-03-13 01:59:42] PRINT [pip3] numpy==1.23.5
[2023-03-13 01:59:42] PRINT [pip3] torch==1.10.0+cu113
[2023-03-13 01:59:42] PRINT [pip3] torchvision==0.11.1+cu113
[2023-03-13 01:59:42] PRINT [conda] blas                      1.0                         mkl    https://mirrors.ustc.edu.cn/anaconda/pkgs/main
[2023-03-13 01:59:42] PRINT [conda] mkl                       2021.4.0           h06a4308_640    https://mirrors.ustc.edu.cn/anaconda/pkgs/main
[2023-03-13 01:59:42] PRINT [conda] mkl-service               2.4.0            py38h7f8727e_0    https://mirrors.ustc.edu.cn/anaconda/pkgs/main
[2023-03-13 01:59:42] PRINT [conda] mkl_fft                   1.3.1            py38hd3c417c_0    https://mirrors.ustc.edu.cn/anaconda/pkgs/main
[2023-03-13 01:59:42] PRINT [conda] mkl_random                1.2.2            py38h51133e4_0    https://mirrors.ustc.edu.cn/anaconda/pkgs/main
[2023-03-13 01:59:42] PRINT [conda] numpy                     1.21.4                   pypi_0    pypi
[2023-03-13 01:59:42] PRINT [conda] numpy-base                1.23.5           py38h31eccc5_0    https://mirrors.ustc.edu.cn/anaconda/pkgs/main
[2023-03-13 01:59:42] PRINT [conda] torch                     1.10.0+cu113             pypi_0    pypi
[2023-03-13 01:59:42] PRINT [conda] torchvision               0.11.1+cu113             pypi_0    pypi
[2023-03-13 01:59:42] PRINT         Pillow (8.4.0)
[2023-03-13 01:59:42] PRINT [03/13 01:59:42 graph]: Command line arguments: Namespace(local_rank=0, resume=False, seed=1234, start_epoch=0)
[2023-03-13 01:59:42] PRINT   NumNodes: 2708
[2023-03-13 01:59:42] PRINT   NumEdges: 10556
[2023-03-13 01:59:42] PRINT   NumFeats: 1433
[2023-03-13 01:59:42] PRINT   NumClasses: 7
[2023-03-13 01:59:42] PRINT   NumTrainingSamples: 140
[2023-03-13 01:59:42] PRINT   NumValidationSamples: 500
[2023-03-13 01:59:42] PRINT   NumTestSamples: 1000
[2023-03-13 01:59:42] PRINT Done loading data from cached files.
[2023-03-13 01:59:42] PRINT [03/13 01:59:42 graph]: Run 0th for seed 0
[2023-03-13 01:59:43] PRINT [03/13 01:59:43 graph]: Total trainable params num : 30396911
[2023-03-13 01:59:47] PRINT [03/13 01:59:47 graph]: ----------Start Training----------
[2023-03-13 01:59:47] PRINT [03/13 01:59:47 graph]: start epoch 0.
[2023-03-13 01:59:47] PRINT [03/13 01:59:47 graph]: # Epoch 0: train_loss: 1.0033 | lr: 0.000055
[2023-03-13 01:59:47] PRINT [03/13 01:59:47 graph]: start epoch 1.
[2023-03-13 01:59:48] PRINT [03/13 01:59:48 graph]: # Epoch 1: train_loss: 0.8661 | lr: 0.000055
[2023-03-13 01:59:48] PRINT [03/13 01:59:48 graph]: start epoch 2.
[2023-03-13 01:59:48] PRINT [03/13 01:59:48 graph]: # Epoch 2: train_loss: 0.8005 | lr: 0.000055
[2023-03-13 01:59:48] PRINT [03/13 01:59:48 graph]: start epoch 3.
[2023-03-13 01:59:48] PRINT [03/13 01:59:48 graph]: # Epoch 3: train_loss: 0.7571 | lr: 0.000055
[2023-03-13 01:59:48] PRINT [03/13 01:59:48 graph]: start epoch 4.
[2023-03-13 01:59:48] PRINT [03/13 01:59:48 graph]: # Epoch 4: train_loss: 0.7250 | lr: 0.000055
[2023-03-13 01:59:48] PRINT [03/13 01:59:48 graph]: start epoch 5.
[2023-03-13 01:59:48] PRINT [03/13 01:59:48 graph]: # Epoch 5: train_loss: 0.6987 | lr: 0.000055
[2023-03-13 01:59:48] PRINT [03/13 01:59:48 graph]: start epoch 6.
[2023-03-13 01:59:48] PRINT [03/13 01:59:48 graph]: # Epoch 6: train_loss: 0.6796 | lr: 0.000055
[2023-03-13 01:59:48] PRINT [03/13 01:59:48 graph]: start epoch 7.
[2023-03-13 01:59:48] PRINT [03/13 01:59:48 graph]: # Epoch 7: train_loss: 0.6649 | lr: 0.000055
[2023-03-13 01:59:48] PRINT [03/13 01:59:48 graph]: start epoch 8.
[2023-03-13 01:59:48] PRINT [03/13 01:59:48 graph]: # Epoch 8: train_loss: 0.6537 | lr: 0.000055
[2023-03-13 01:59:48] PRINT [03/13 01:59:48 graph]: start epoch 9.
[2023-03-13 01:59:48] PRINT [03/13 01:59:48 graph]: # Epoch 9: train_loss: 0.6449 | lr: 0.000055
[2023-03-13 01:59:48] PRINT [03/13 01:59:48 graph]: start epoch 10.
[2023-03-13 01:59:48] PRINT [03/13 01:59:48 graph]: # Epoch 10: train_loss: 0.6380 | lr: 0.000055
[2023-03-13 01:59:48] PRINT [03/13 01:59:48 graph]: start epoch 11.
[2023-03-13 01:59:48] PRINT [03/13 01:59:48 graph]: # Epoch 11: train_loss: 0.6336 | lr: 0.000055
[2023-03-13 01:59:49] PRINT [03/13 01:59:49 graph]: --- Testf1: 0.78900, Best Valacc: 0.75400 in epoch 33 --- 
[2023-03-13 01:59:49] PRINT [03/13 01:59:49 graph]: Epoch 11: get test acc score:  0.789
[2023-03-13 01:59:49] PRINT [03/13 01:59:49 graph]: best_f1 0.789 at epoch 11
[2023-03-13 01:59:49] PRINT [03/13 01:59:49 graph]: start epoch 12.
[2023-03-13 01:59:49] PRINT [03/13 01:59:49 graph]: # Epoch 12: train_loss: 0.6300 | lr: 0.000055
[2023-03-13 01:59:50] PRINT [03/13 01:59:50 graph]: --- Testf1: 0.78400, Best Valacc: 0.75800 in epoch 26 --- 
[2023-03-13 01:59:50] PRINT [03/13 01:59:50 graph]: Epoch 12: get test acc score:  0.784
[2023-03-13 01:59:50] PRINT [03/13 01:59:50 graph]: best_f1 0.789 at epoch 11
[2023-03-13 01:59:50] PRINT [03/13 01:59:50 graph]: start epoch 13.
[2023-03-13 01:59:50] PRINT [03/13 01:59:50 graph]: # Epoch 13: train_loss: 0.6266 | lr: 0.000055
[2023-03-13 01:59:51] PRINT [03/13 01:59:51 graph]: --- Testf1: 0.78400, Best Valacc: 0.75600 in epoch 58 --- 
[2023-03-13 01:59:51] PRINT [03/13 01:59:51 graph]: Epoch 13: get test acc score:  0.784
[2023-03-13 01:59:51] PRINT [03/13 01:59:51 graph]: best_f1 0.789 at epoch 11
[2023-03-13 01:59:51] PRINT [03/13 01:59:51 graph]: start epoch 14.
[2023-03-13 01:59:51] PRINT [03/13 01:59:51 graph]: # Epoch 14: train_loss: 0.6221 | lr: 0.000055
[2023-03-13 01:59:52] PRINT [03/13 01:59:52 graph]: --- Testf1: 0.78400, Best Valacc: 0.75400 in epoch 58 --- 
[2023-03-13 01:59:53] PRINT [03/13 01:59:53 graph]: Epoch 14: get test acc score:  0.784
[2023-03-13 01:59:53] PRINT [03/13 01:59:53 graph]: best_f1 0.789 at epoch 11
[2023-03-13 01:59:53] PRINT [03/13 01:59:53 graph]: start epoch 15.
[2023-03-13 01:59:53] PRINT [03/13 01:59:53 graph]: # Epoch 15: train_loss: 0.6197 | lr: 0.000055
[2023-03-13 01:59:53] PRINT [03/13 01:59:53 graph]: --- Testf1: 0.78400, Best Valacc: 0.75200 in epoch 26 --- 
[2023-03-13 01:59:54] PRINT [03/13 01:59:54 graph]: Epoch 15: get test acc score:  0.784
[2023-03-13 01:59:54] PRINT [03/13 01:59:54 graph]: best_f1 0.789 at epoch 11
[2023-03-13 01:59:54] PRINT [03/13 01:59:54 graph]: start epoch 16.
[2023-03-13 01:59:54] PRINT [03/13 01:59:54 graph]: # Epoch 16: train_loss: 0.6154 | lr: 0.000055
[2023-03-13 01:59:55] PRINT [03/13 01:59:55 graph]: --- Testf1: 0.79400, Best Valacc: 0.75600 in epoch 30 --- 
[2023-03-13 01:59:55] PRINT [03/13 01:59:55 graph]: Epoch 16: get test acc score:  0.794
[2023-03-13 01:59:55] PRINT [03/13 01:59:55 graph]: best_f1 0.794 at epoch 16
[2023-03-13 01:59:55] PRINT [03/13 01:59:55 graph]: start epoch 17.
[2023-03-13 01:59:55] PRINT [03/13 01:59:55 graph]: # Epoch 17: train_loss: 0.6080 | lr: 0.000055
[2023-03-13 01:59:56] PRINT [03/13 01:59:56 graph]: --- Testf1: 0.78800, Best Valacc: 0.75800 in epoch 29 --- 
[2023-03-13 01:59:56] PRINT [03/13 01:59:56 graph]: Epoch 17: get test acc score:  0.788
[2023-03-13 01:59:56] PRINT [03/13 01:59:56 graph]: best_f1 0.794 at epoch 16
[2023-03-13 01:59:56] PRINT [03/13 01:59:56 graph]: start epoch 18.
[2023-03-13 01:59:56] PRINT [03/13 01:59:56 graph]: # Epoch 18: train_loss: 0.6023 | lr: 0.000055
[2023-03-13 01:59:57] PRINT [03/13 01:59:57 graph]: --- Testf1: 0.79200, Best Valacc: 0.76000 in epoch 99 --- 
[2023-03-13 01:59:57] PRINT [03/13 01:59:57 graph]: Epoch 18: get test acc score:  0.792
[2023-03-13 01:59:57] PRINT [03/13 01:59:57 graph]: best_f1 0.794 at epoch 16
[2023-03-13 01:59:57] PRINT [03/13 01:59:57 graph]: start epoch 19.
[2023-03-13 01:59:57] PRINT [03/13 01:59:57 graph]: # Epoch 19: train_loss: 0.5964 | lr: 0.000055
[2023-03-13 01:59:58] PRINT [03/13 01:59:58 graph]: --- Testf1: 0.79100, Best Valacc: 0.75000 in epoch 98 --- 
[2023-03-13 01:59:58] PRINT [03/13 01:59:58 graph]: Epoch 19: get test acc score:  0.791
[2023-03-13 01:59:58] PRINT [03/13 01:59:58 graph]: best_f1 0.794 at epoch 16
[2023-03-13 01:59:58] PRINT [03/13 01:59:58 graph]: start epoch 20.
[2023-03-13 01:59:59] PRINT [03/13 01:59:59 graph]: # Epoch 20: train_loss: 0.5904 | lr: 0.000055
[2023-03-13 01:59:59] PRINT [03/13 01:59:59 graph]: --- Testf1: 0.79300, Best Valacc: 0.75200 in epoch 47 --- 
[2023-03-13 02:00:00] PRINT [03/13 02:00:00 graph]: Epoch 20: get test acc score:  0.793
[2023-03-13 02:00:00] PRINT [03/13 02:00:00 graph]: best_f1 0.794 at epoch 16
[2023-03-13 02:00:00] PRINT [03/13 02:00:00 graph]: start epoch 21.
[2023-03-13 02:00:00] PRINT [03/13 02:00:00 graph]: # Epoch 21: train_loss: 0.5870 | lr: 0.000055
[2023-03-13 02:00:01] PRINT [03/13 02:00:01 graph]: --- Testf1: 0.78900, Best Valacc: 0.75600 in epoch 64 --- 
[2023-03-13 02:00:01] PRINT [03/13 02:00:01 graph]: Epoch 21: get test acc score:  0.789
[2023-03-13 02:00:01] PRINT [03/13 02:00:01 graph]: best_f1 0.794 at epoch 16
[2023-03-13 02:00:01] PRINT [03/13 02:00:01 graph]: start epoch 22.
[2023-03-13 02:00:01] PRINT [03/13 02:00:01 graph]: # Epoch 22: train_loss: 0.5802 | lr: 0.000055
[2023-03-13 02:00:02] PRINT [03/13 02:00:02 graph]: --- Testf1: 0.80200, Best Valacc: 0.75200 in epoch 37 --- 
[2023-03-13 02:00:02] PRINT [03/13 02:00:02 graph]: Epoch 22: get test acc score:  0.802
[2023-03-13 02:00:02] PRINT [03/13 02:00:02 graph]: best_f1 0.802 at epoch 22
[2023-03-13 02:00:02] PRINT [03/13 02:00:02 graph]: start epoch 23.
[2023-03-13 02:00:02] PRINT [03/13 02:00:02 graph]: # Epoch 23: train_loss: 0.5754 | lr: 0.000055
[2023-03-13 02:00:03] PRINT [03/13 02:00:03 graph]: --- Testf1: 0.79800, Best Valacc: 0.76800 in epoch 32 --- 
[2023-03-13 02:00:03] PRINT [03/13 02:00:03 graph]: Epoch 23: get test acc score:  0.798
[2023-03-13 02:00:03] PRINT [03/13 02:00:03 graph]: best_f1 0.802 at epoch 22
[2023-03-13 02:00:03] PRINT [03/13 02:00:03 graph]: start epoch 24.
[2023-03-13 02:00:03] PRINT [03/13 02:00:03 graph]: # Epoch 24: train_loss: 0.5715 | lr: 0.000055
[2023-03-13 02:00:04] PRINT [03/13 02:00:04 graph]: --- Testf1: 0.79800, Best Valacc: 0.76000 in epoch 55 --- 
[2023-03-13 02:00:05] PRINT [03/13 02:00:04 graph]: Epoch 24: get test acc score:  0.798
[2023-03-13 02:00:05] PRINT [03/13 02:00:05 graph]: best_f1 0.802 at epoch 22
[2023-03-13 02:00:05] PRINT [03/13 02:00:05 graph]: start epoch 25.
[2023-03-13 02:00:05] PRINT [03/13 02:00:05 graph]: # Epoch 25: train_loss: 0.5674 | lr: 0.000055
[2023-03-13 02:00:05] PRINT [03/13 02:00:05 graph]: --- Testf1: 0.79700, Best Valacc: 0.78200 in epoch 50 --- 
[2023-03-13 02:00:06] PRINT [03/13 02:00:06 graph]: Epoch 25: get test acc score:  0.797
[2023-03-13 02:00:06] PRINT [03/13 02:00:06 graph]: best_f1 0.802 at epoch 22
[2023-03-13 02:00:06] PRINT [03/13 02:00:06 graph]: start epoch 26.
[2023-03-13 02:00:06] PRINT [03/13 02:00:06 graph]: # Epoch 26: train_loss: 0.5620 | lr: 0.000055
[2023-03-13 02:00:07] PRINT [03/13 02:00:07 graph]: --- Testf1: 0.79400, Best Valacc: 0.76400 in epoch 75 --- 
[2023-03-13 02:00:07] PRINT [03/13 02:00:07 graph]: Epoch 26: get test acc score:  0.794
[2023-03-13 02:00:07] PRINT [03/13 02:00:07 graph]: best_f1 0.802 at epoch 22
[2023-03-13 02:00:07] PRINT [03/13 02:00:07 graph]: start epoch 27.
[2023-03-13 02:00:07] PRINT [03/13 02:00:07 graph]: # Epoch 27: train_loss: 0.5569 | lr: 0.000055
[2023-03-13 02:00:08] PRINT [03/13 02:00:08 graph]: --- Testf1: 0.80000, Best Valacc: 0.74800 in epoch 65 --- 
[2023-03-13 02:00:08] PRINT [03/13 02:00:08 graph]: Epoch 27: get test acc score:  0.800
[2023-03-13 02:00:08] PRINT [03/13 02:00:08 graph]: best_f1 0.802 at epoch 22
[2023-03-13 02:00:08] PRINT [03/13 02:00:08 graph]: start epoch 28.
[2023-03-13 02:00:08] PRINT [03/13 02:00:08 graph]: # Epoch 28: train_loss: 0.5547 | lr: 0.000055
[2023-03-13 02:00:09] PRINT [03/13 02:00:09 graph]: --- Testf1: 0.80400, Best Valacc: 0.75800 in epoch 35 --- 
[2023-03-13 02:00:09] PRINT [03/13 02:00:09 graph]: Epoch 28: get test acc score:  0.804
[2023-03-13 02:00:09] PRINT [03/13 02:00:09 graph]: best_f1 0.804 at epoch 28
[2023-03-13 02:00:09] PRINT [03/13 02:00:09 graph]: start epoch 29.
[2023-03-13 02:00:09] PRINT [03/13 02:00:09 graph]: # Epoch 29: train_loss: 0.5495 | lr: 0.000055
[2023-03-13 02:00:10] PRINT [03/13 02:00:10 graph]: --- Testf1: 0.80200, Best Valacc: 0.76200 in epoch 47 --- 
[2023-03-13 02:00:11] PRINT [03/13 02:00:11 graph]: Epoch 29: get test acc score:  0.802
[2023-03-13 02:00:11] PRINT [03/13 02:00:11 graph]: best_f1 0.804 at epoch 28
[2023-03-13 02:00:11] PRINT [03/13 02:00:11 graph]: start epoch 30.
[2023-03-13 02:00:11] PRINT [03/13 02:00:11 graph]: # Epoch 30: train_loss: 0.5458 | lr: 0.000055
[2023-03-13 02:00:11] PRINT [03/13 02:00:11 graph]: --- Testf1: 0.80100, Best Valacc: 0.75000 in epoch 27 --- 
[2023-03-13 02:00:12] PRINT [03/13 02:00:12 graph]: Epoch 30: get test acc score:  0.801
[2023-03-13 02:00:12] PRINT [03/13 02:00:12 graph]: best_f1 0.804 at epoch 28
[2023-03-13 02:00:12] PRINT [03/13 02:00:12 graph]: start epoch 31.
[2023-03-13 02:00:12] PRINT [03/13 02:00:12 graph]: # Epoch 31: train_loss: 0.5417 | lr: 0.000055
[2023-03-13 02:00:13] PRINT [03/13 02:00:13 graph]: --- Testf1: 0.80500, Best Valacc: 0.75800 in epoch 32 --- 
[2023-03-13 02:00:13] PRINT [03/13 02:00:13 graph]: Epoch 31: get test acc score:  0.805
[2023-03-13 02:00:13] PRINT [03/13 02:00:13 graph]: best_f1 0.805 at epoch 31
[2023-03-13 02:00:13] PRINT [03/13 02:00:13 graph]: start epoch 32.
[2023-03-13 02:00:13] PRINT [03/13 02:00:13 graph]: # Epoch 32: train_loss: 0.5382 | lr: 0.000055
[2023-03-13 02:00:14] PRINT [03/13 02:00:14 graph]: --- Testf1: 0.79300, Best Valacc: 0.76600 in epoch 43 --- 
[2023-03-13 02:00:14] PRINT [03/13 02:00:14 graph]: Epoch 32: get test acc score:  0.793
[2023-03-13 02:00:14] PRINT [03/13 02:00:14 graph]: best_f1 0.805 at epoch 31
[2023-03-13 02:00:14] PRINT [03/13 02:00:14 graph]: start epoch 33.
[2023-03-13 02:00:14] PRINT [03/13 02:00:14 graph]: # Epoch 33: train_loss: 0.5348 | lr: 0.000055
[2023-03-13 02:00:15] PRINT [03/13 02:00:15 graph]: --- Testf1: 0.80700, Best Valacc: 0.76400 in epoch 27 --- 
[2023-03-13 02:00:15] PRINT [03/13 02:00:15 graph]: Epoch 33: get test acc score:  0.807
[2023-03-13 02:00:15] PRINT [03/13 02:00:15 graph]: best_f1 0.807 at epoch 33
[2023-03-13 02:00:15] PRINT [03/13 02:00:15 graph]: start epoch 34.
[2023-03-13 02:00:15] PRINT [03/13 02:00:15 graph]: # Epoch 34: train_loss: 0.5319 | lr: 0.000055
[2023-03-13 02:00:16] PRINT [03/13 02:00:16 graph]: --- Testf1: 0.79500, Best Valacc: 0.75400 in epoch 26 --- 
[2023-03-13 02:00:16] PRINT [03/13 02:00:16 graph]: Epoch 34: get test acc score:  0.795
[2023-03-13 02:00:16] PRINT [03/13 02:00:16 graph]: best_f1 0.807 at epoch 33
[2023-03-13 02:00:16] PRINT [03/13 02:00:16 graph]: start epoch 35.
[2023-03-13 02:00:16] PRINT [03/13 02:00:16 graph]: # Epoch 35: train_loss: 0.5284 | lr: 0.000055
[2023-03-13 02:00:17] PRINT [03/13 02:00:17 graph]: --- Testf1: 0.80000, Best Valacc: 0.75400 in epoch 78 --- 
[2023-03-13 02:00:18] PRINT [03/13 02:00:18 graph]: Epoch 35: get test acc score:  0.800
[2023-03-13 02:00:18] PRINT [03/13 02:00:18 graph]: best_f1 0.807 at epoch 33
[2023-03-13 02:00:18] PRINT [03/13 02:00:18 graph]: start epoch 36.
[2023-03-13 02:00:18] PRINT [03/13 02:00:18 graph]: # Epoch 36: train_loss: 0.5247 | lr: 0.000055
[2023-03-13 02:00:19] PRINT [03/13 02:00:19 graph]: --- Testf1: 0.79800, Best Valacc: 0.76400 in epoch 17 --- 
[2023-03-13 02:00:19] PRINT [03/13 02:00:19 graph]: Epoch 36: get test acc score:  0.798
[2023-03-13 02:00:19] PRINT [03/13 02:00:19 graph]: best_f1 0.807 at epoch 33
[2023-03-13 02:00:19] PRINT [03/13 02:00:19 graph]: start epoch 37.
[2023-03-13 02:00:19] PRINT [03/13 02:00:19 graph]: # Epoch 37: train_loss: 0.5216 | lr: 0.000055
[2023-03-13 02:00:20] PRINT [03/13 02:00:20 graph]: --- Testf1: 0.79700, Best Valacc: 0.75800 in epoch 39 --- 
[2023-03-13 02:00:20] PRINT [03/13 02:00:20 graph]: Epoch 37: get test acc score:  0.797
[2023-03-13 02:00:20] PRINT [03/13 02:00:20 graph]: best_f1 0.807 at epoch 33
[2023-03-13 02:00:20] PRINT [03/13 02:00:20 graph]: start epoch 38.
[2023-03-13 02:00:20] PRINT [03/13 02:00:20 graph]: # Epoch 38: train_loss: 0.5176 | lr: 0.000055
[2023-03-13 02:00:21] PRINT [03/13 02:00:21 graph]: --- Testf1: 0.79800, Best Valacc: 0.76600 in epoch 92 --- 
[2023-03-13 02:00:21] PRINT [03/13 02:00:21 graph]: Epoch 38: get test acc score:  0.798
[2023-03-13 02:00:21] PRINT [03/13 02:00:21 graph]: best_f1 0.807 at epoch 33
[2023-03-13 02:00:21] PRINT [03/13 02:00:21 graph]: start epoch 39.
[2023-03-13 02:00:21] PRINT [03/13 02:00:21 graph]: # Epoch 39: train_loss: 0.5155 | lr: 0.000055
[2023-03-13 02:00:22] PRINT [03/13 02:00:22 graph]: --- Testf1: 0.79700, Best Valacc: 0.78000 in epoch 40 --- 
[2023-03-13 02:00:22] PRINT [03/13 02:00:22 graph]: Epoch 39: get test acc score:  0.797
[2023-03-13 02:00:22] PRINT [03/13 02:00:22 graph]: best_f1 0.807 at epoch 33
[2023-03-13 02:00:22] PRINT [03/13 02:00:22 graph]: start epoch 40.
[2023-03-13 02:00:22] PRINT [03/13 02:00:22 graph]: # Epoch 40: train_loss: 0.5106 | lr: 0.000055
[2023-03-13 02:00:23] PRINT [03/13 02:00:23 graph]: --- Testf1: 0.79800, Best Valacc: 0.79000 in epoch 32 --- 
[2023-03-13 02:00:24] PRINT [03/13 02:00:24 graph]: Epoch 40: get test acc score:  0.798
[2023-03-13 02:00:24] PRINT [03/13 02:00:24 graph]: best_f1 0.807 at epoch 33
[2023-03-13 02:00:24] PRINT [03/13 02:00:24 graph]: start epoch 41.
[2023-03-13 02:00:24] PRINT [03/13 02:00:24 graph]: # Epoch 41: train_loss: 0.5075 | lr: 0.000055
[2023-03-13 02:00:25] PRINT [03/13 02:00:25 graph]: --- Testf1: 0.79300, Best Valacc: 0.77600 in epoch 28 --- 
[2023-03-13 02:00:25] PRINT [03/13 02:00:25 graph]: Epoch 41: get test acc score:  0.793
[2023-03-13 02:00:25] PRINT [03/13 02:00:25 graph]: best_f1 0.807 at epoch 33
[2023-03-13 02:00:25] PRINT [03/13 02:00:25 graph]: start epoch 42.
[2023-03-13 02:00:25] PRINT [03/13 02:00:25 graph]: # Epoch 42: train_loss: 0.5038 | lr: 0.000055
[2023-03-13 02:00:26] PRINT [03/13 02:00:26 graph]: --- Testf1: 0.79600, Best Valacc: 0.76000 in epoch 33 --- 
[2023-03-13 02:00:26] PRINT [03/13 02:00:26 graph]: Epoch 42: get test acc score:  0.796
[2023-03-13 02:00:26] PRINT [03/13 02:00:26 graph]: best_f1 0.807 at epoch 33
[2023-03-13 02:00:26] PRINT [03/13 02:00:26 graph]: start epoch 43.
[2023-03-13 02:00:26] PRINT [03/13 02:00:26 graph]: # Epoch 43: train_loss: 0.5033 | lr: 0.000055
[2023-03-13 02:00:27] PRINT [03/13 02:00:27 graph]: --- Testf1: 0.79600, Best Valacc: 0.77200 in epoch 37 --- 
[2023-03-13 02:00:27] PRINT [03/13 02:00:27 graph]: Epoch 43: get test acc score:  0.796
[2023-03-13 02:00:27] PRINT [03/13 02:00:27 graph]: best_f1 0.807 at epoch 33
[2023-03-13 02:00:27] PRINT [03/13 02:00:27 graph]: start epoch 44.
[2023-03-13 02:00:27] PRINT [03/13 02:00:27 graph]: # Epoch 44: train_loss: 0.4991 | lr: 0.000055
[2023-03-13 02:00:28] PRINT [03/13 02:00:28 graph]: --- Testf1: 0.80300, Best Valacc: 0.77400 in epoch 37 --- 
[2023-03-13 02:00:28] PRINT [03/13 02:00:28 graph]: Epoch 44: get test acc score:  0.803
[2023-03-13 02:00:28] PRINT [03/13 02:00:28 graph]: best_f1 0.807 at epoch 33
[2023-03-13 02:00:28] PRINT [03/13 02:00:28 graph]: start epoch 45.
[2023-03-13 02:00:28] PRINT [03/13 02:00:28 graph]: # Epoch 45: train_loss: 0.4941 | lr: 0.000055
[2023-03-13 02:00:29] PRINT [03/13 02:00:29 graph]: --- Testf1: 0.80400, Best Valacc: 0.77800 in epoch 10 --- 
[2023-03-13 02:00:29] PRINT [03/13 02:00:29 graph]: Epoch 45: get test acc score:  0.804
[2023-03-13 02:00:29] PRINT [03/13 02:00:29 graph]: best_f1 0.807 at epoch 33
[2023-03-13 02:00:29] PRINT [03/13 02:00:29 graph]: start epoch 46.
[2023-03-13 02:00:29] PRINT [03/13 02:00:29 graph]: # Epoch 46: train_loss: 0.4934 | lr: 0.000055
[2023-03-13 02:00:30] PRINT [03/13 02:00:30 graph]: --- Testf1: 0.79200, Best Valacc: 0.77800 in epoch 11 --- 
[2023-03-13 02:00:31] PRINT [03/13 02:00:31 graph]: Epoch 46: get test acc score:  0.792
[2023-03-13 02:00:31] PRINT [03/13 02:00:31 graph]: best_f1 0.807 at epoch 33
[2023-03-13 02:00:31] PRINT [03/13 02:00:31 graph]: start epoch 47.
[2023-03-13 02:00:31] PRINT [03/13 02:00:31 graph]: # Epoch 47: train_loss: 0.4875 | lr: 0.000055
[2023-03-13 02:00:31] PRINT [03/13 02:00:31 graph]: --- Testf1: 0.79800, Best Valacc: 0.78600 in epoch 28 --- 
[2023-03-13 02:00:32] PRINT [03/13 02:00:32 graph]: Epoch 47: get test acc score:  0.798
[2023-03-13 02:00:32] PRINT [03/13 02:00:32 graph]: best_f1 0.807 at epoch 33
[2023-03-13 02:00:32] PRINT [03/13 02:00:32 graph]: start epoch 48.
[2023-03-13 02:00:32] PRINT [03/13 02:00:32 graph]: # Epoch 48: train_loss: 0.4889 | lr: 0.000055
[2023-03-13 02:00:33] PRINT [03/13 02:00:33 graph]: --- Testf1: 0.81300, Best Valacc: 0.78200 in epoch 8 --- 
[2023-03-13 02:00:33] PRINT [03/13 02:00:33 graph]: Epoch 48: get test acc score:  0.813
[2023-03-13 02:00:33] PRINT [03/13 02:00:33 graph]: best_f1 0.813 at epoch 48
[2023-03-13 02:00:33] PRINT [03/13 02:00:33 graph]: start epoch 49.
[2023-03-13 02:00:33] PRINT [03/13 02:00:33 graph]: # Epoch 49: train_loss: 0.4848 | lr: 0.000055
[2023-03-13 02:00:34] PRINT [03/13 02:00:34 graph]: --- Testf1: 0.80200, Best Valacc: 0.77600 in epoch 10 --- 
[2023-03-13 02:00:34] PRINT [03/13 02:00:34 graph]: Epoch 49: get test acc score:  0.802
[2023-03-13 02:00:34] PRINT [03/13 02:00:34 graph]: best_f1 0.813 at epoch 48
[2023-03-13 02:00:34] PRINT [03/13 02:00:34 graph]: start epoch 50.
[2023-03-13 02:00:34] PRINT [03/13 02:00:34 graph]: # Epoch 50: train_loss: 0.4816 | lr: 0.000055
[2023-03-13 02:00:35] PRINT [03/13 02:00:35 graph]: --- Testf1: 0.80200, Best Valacc: 0.77800 in epoch 26 --- 
[2023-03-13 02:00:35] PRINT [03/13 02:00:35 graph]: Epoch 50: get test acc score:  0.802
[2023-03-13 02:00:35] PRINT [03/13 02:00:35 graph]: best_f1 0.813 at epoch 48
[2023-03-13 02:00:35] PRINT [03/13 02:00:35 graph]: start epoch 51.
[2023-03-13 02:00:35] PRINT [03/13 02:00:35 graph]: # Epoch 51: train_loss: 0.4811 | lr: 0.000055
[2023-03-13 02:00:36] PRINT [03/13 02:00:36 graph]: --- Testf1: 0.80500, Best Valacc: 0.76000 in epoch 9 --- 
[2023-03-13 02:00:36] PRINT [03/13 02:00:36 graph]: Epoch 51: get test acc score:  0.805
[2023-03-13 02:00:36] PRINT [03/13 02:00:36 graph]: best_f1 0.813 at epoch 48
[2023-03-13 02:00:36] PRINT [03/13 02:00:36 graph]: start epoch 52.
[2023-03-13 02:00:36] PRINT [03/13 02:00:36 graph]: # Epoch 52: train_loss: 0.4795 | lr: 0.000055
[2023-03-13 02:00:37] PRINT [03/13 02:00:37 graph]: --- Testf1: 0.80200, Best Valacc: 0.77400 in epoch 6 --- 
[2023-03-13 02:00:37] PRINT [03/13 02:00:37 graph]: Epoch 52: get test acc score:  0.802
[2023-03-13 02:00:37] PRINT [03/13 02:00:37 graph]: best_f1 0.813 at epoch 48
[2023-03-13 02:00:37] PRINT [03/13 02:00:37 graph]: start epoch 53.
[2023-03-13 02:00:37] PRINT [03/13 02:00:37 graph]: # Epoch 53: train_loss: 0.4745 | lr: 0.000055
[2023-03-13 02:00:38] PRINT [03/13 02:00:38 graph]: --- Testf1: 0.81000, Best Valacc: 0.77600 in epoch 11 --- 
[2023-03-13 02:00:39] PRINT [03/13 02:00:39 graph]: Epoch 53: get test acc score:  0.810
[2023-03-13 02:00:39] PRINT [03/13 02:00:39 graph]: best_f1 0.813 at epoch 48
[2023-03-13 02:00:39] PRINT [03/13 02:00:39 graph]: start epoch 54.
[2023-03-13 02:00:39] PRINT [03/13 02:00:39 graph]: # Epoch 54: train_loss: 0.4722 | lr: 0.000055
[2023-03-13 02:00:40] PRINT [03/13 02:00:40 graph]: --- Testf1: 0.80400, Best Valacc: 0.77000 in epoch 8 --- 
[2023-03-13 02:00:40] PRINT [03/13 02:00:40 graph]: Epoch 54: get test acc score:  0.804
[2023-03-13 02:00:40] PRINT [03/13 02:00:40 graph]: best_f1 0.813 at epoch 48
[2023-03-13 02:00:40] PRINT [03/13 02:00:40 graph]: start epoch 55.
[2023-03-13 02:00:40] PRINT [03/13 02:00:40 graph]: # Epoch 55: train_loss: 0.4664 | lr: 0.000055
[2023-03-13 02:00:41] PRINT [03/13 02:00:41 graph]: --- Testf1: 0.80300, Best Valacc: 0.77800 in epoch 18 --- 
[2023-03-13 02:00:41] PRINT [03/13 02:00:41 graph]: Epoch 55: get test acc score:  0.803
[2023-03-13 02:00:41] PRINT [03/13 02:00:41 graph]: best_f1 0.813 at epoch 48
[2023-03-13 02:00:41] PRINT [03/13 02:00:41 graph]: start epoch 56.
[2023-03-13 02:00:41] PRINT [03/13 02:00:41 graph]: # Epoch 56: train_loss: 0.4697 | lr: 0.000055
[2023-03-13 02:00:42] PRINT [03/13 02:00:42 graph]: --- Testf1: 0.80800, Best Valacc: 0.78200 in epoch 11 --- 
[2023-03-13 02:00:42] PRINT [03/13 02:00:42 graph]: Epoch 56: get test acc score:  0.808
[2023-03-13 02:00:42] PRINT [03/13 02:00:42 graph]: best_f1 0.813 at epoch 48
[2023-03-13 02:00:42] PRINT [03/13 02:00:42 graph]: start epoch 57.
[2023-03-13 02:00:42] PRINT [03/13 02:00:42 graph]: # Epoch 57: train_loss: 0.4631 | lr: 0.000055
[2023-03-13 02:00:43] PRINT [03/13 02:00:43 graph]: --- Testf1: 0.81200, Best Valacc: 0.78800 in epoch 7 --- 
[2023-03-13 02:00:43] PRINT [03/13 02:00:43 graph]: Epoch 57: get test acc score:  0.812
[2023-03-13 02:00:43] PRINT [03/13 02:00:43 graph]: best_f1 0.813 at epoch 48
[2023-03-13 02:00:43] PRINT [03/13 02:00:43 graph]: start epoch 58.
[2023-03-13 02:00:43] PRINT [03/13 02:00:43 graph]: # Epoch 58: train_loss: 0.4628 | lr: 0.000055
[2023-03-13 02:00:44] PRINT [03/13 02:00:44 graph]: --- Testf1: 0.81000, Best Valacc: 0.78200 in epoch 9 --- 
[2023-03-13 02:00:44] PRINT [03/13 02:00:44 graph]: Epoch 58: get test acc score:  0.810
[2023-03-13 02:00:44] PRINT [03/13 02:00:44 graph]: best_f1 0.813 at epoch 48
[2023-03-13 02:00:44] PRINT [03/13 02:00:44 graph]: start epoch 59.
[2023-03-13 02:00:44] PRINT [03/13 02:00:44 graph]: # Epoch 59: train_loss: 0.4600 | lr: 0.000055
[2023-03-13 02:00:45] PRINT [03/13 02:00:45 graph]: --- Testf1: 0.80200, Best Valacc: 0.77800 in epoch 19 --- 
[2023-03-13 02:00:46] PRINT [03/13 02:00:46 graph]: Epoch 59: get test acc score:  0.802
[2023-03-13 02:00:46] PRINT [03/13 02:00:46 graph]: best_f1 0.813 at epoch 48
[2023-03-13 02:00:46] PRINT [03/13 02:00:46 graph]: start epoch 60.
[2023-03-13 02:00:46] PRINT [03/13 02:00:46 graph]: # Epoch 60: train_loss: 0.4573 | lr: 0.000055
[2023-03-13 02:00:46] PRINT [03/13 02:00:46 graph]: --- Testf1: 0.80800, Best Valacc: 0.77800 in epoch 10 --- 
[2023-03-13 02:00:47] PRINT [03/13 02:00:47 graph]: Epoch 60: get test acc score:  0.808
[2023-03-13 02:00:47] PRINT [03/13 02:00:47 graph]: best_f1 0.813 at epoch 48
[2023-03-13 02:00:47] PRINT [03/13 02:00:47 graph]: start epoch 61.
[2023-03-13 02:00:47] PRINT [03/13 02:00:47 graph]: # Epoch 61: train_loss: 0.4542 | lr: 0.000055
[2023-03-13 02:00:48] PRINT [03/13 02:00:48 graph]: --- Testf1: 0.81800, Best Valacc: 0.79000 in epoch 25 --- 
[2023-03-13 02:00:48] PRINT [03/13 02:00:48 graph]: Epoch 61: get test acc score:  0.818
[2023-03-13 02:00:48] PRINT [03/13 02:00:48 graph]: best_f1 0.818 at epoch 61
[2023-03-13 02:00:48] PRINT [03/13 02:00:48 graph]: start epoch 62.
[2023-03-13 02:00:48] PRINT [03/13 02:00:48 graph]: # Epoch 62: train_loss: 0.4534 | lr: 0.000055
[2023-03-13 02:00:49] PRINT [03/13 02:00:49 graph]: --- Testf1: 0.80900, Best Valacc: 0.78200 in epoch 16 --- 
[2023-03-13 02:00:49] PRINT [03/13 02:00:49 graph]: Epoch 62: get test acc score:  0.809
[2023-03-13 02:00:49] PRINT [03/13 02:00:49 graph]: best_f1 0.818 at epoch 61
[2023-03-13 02:00:49] PRINT [03/13 02:00:49 graph]: start epoch 63.
[2023-03-13 02:00:49] PRINT [03/13 02:00:49 graph]: # Epoch 63: train_loss: 0.4507 | lr: 0.000055
[2023-03-13 02:00:50] PRINT [03/13 02:00:50 graph]: --- Testf1: 0.80800, Best Valacc: 0.78200 in epoch 5 --- 
[2023-03-13 02:00:50] PRINT [03/13 02:00:50 graph]: Epoch 63: get test acc score:  0.808
[2023-03-13 02:00:50] PRINT [03/13 02:00:50 graph]: best_f1 0.818 at epoch 61
[2023-03-13 02:00:50] PRINT [03/13 02:00:50 graph]: start epoch 64.
[2023-03-13 02:00:50] PRINT [03/13 02:00:50 graph]: # Epoch 64: train_loss: 0.4494 | lr: 0.000055
[2023-03-13 02:00:51] PRINT [03/13 02:00:51 graph]: --- Testf1: 0.80600, Best Valacc: 0.76600 in epoch 20 --- 
[2023-03-13 02:00:51] PRINT [03/13 02:00:51 graph]: Epoch 64: get test acc score:  0.806
[2023-03-13 02:00:51] PRINT [03/13 02:00:51 graph]: best_f1 0.818 at epoch 61
[2023-03-13 02:00:51] PRINT [03/13 02:00:51 graph]: start epoch 65.
[2023-03-13 02:00:51] PRINT [03/13 02:00:51 graph]: # Epoch 65: train_loss: 0.4467 | lr: 0.000055
[2023-03-13 02:00:52] PRINT [03/13 02:00:52 graph]: --- Testf1: 0.80500, Best Valacc: 0.78000 in epoch 8 --- 
[2023-03-13 02:00:53] PRINT [03/13 02:00:53 graph]: Epoch 65: get test acc score:  0.805
[2023-03-13 02:00:53] PRINT [03/13 02:00:53 graph]: best_f1 0.818 at epoch 61
[2023-03-13 02:00:53] PRINT [03/13 02:00:53 graph]: start epoch 66.
[2023-03-13 02:00:53] PRINT [03/13 02:00:53 graph]: # Epoch 66: train_loss: 0.4441 | lr: 0.000055
[2023-03-13 02:00:54] PRINT [03/13 02:00:54 graph]: --- Testf1: 0.80300, Best Valacc: 0.78000 in epoch 46 --- 
[2023-03-13 02:00:54] PRINT [03/13 02:00:54 graph]: Epoch 66: get test acc score:  0.803
[2023-03-13 02:00:54] PRINT [03/13 02:00:54 graph]: best_f1 0.818 at epoch 61
[2023-03-13 02:00:54] PRINT [03/13 02:00:54 graph]: start epoch 67.
[2023-03-13 02:00:54] PRINT [03/13 02:00:54 graph]: # Epoch 67: train_loss: 0.4432 | lr: 0.000055
[2023-03-13 02:00:55] PRINT [03/13 02:00:55 graph]: --- Testf1: 0.80700, Best Valacc: 0.77400 in epoch 23 --- 
[2023-03-13 02:00:55] PRINT [03/13 02:00:55 graph]: Epoch 67: get test acc score:  0.807
[2023-03-13 02:00:55] PRINT [03/13 02:00:55 graph]: best_f1 0.818 at epoch 61
[2023-03-13 02:00:55] PRINT [03/13 02:00:55 graph]: start epoch 68.
[2023-03-13 02:00:55] PRINT [03/13 02:00:55 graph]: # Epoch 68: train_loss: 0.4411 | lr: 0.000055
[2023-03-13 02:00:56] PRINT [03/13 02:00:56 graph]: --- Testf1: 0.80000, Best Valacc: 0.77400 in epoch 41 --- 
[2023-03-13 02:00:56] PRINT [03/13 02:00:56 graph]: Epoch 68: get test acc score:  0.800
[2023-03-13 02:00:56] PRINT [03/13 02:00:56 graph]: best_f1 0.818 at epoch 61
[2023-03-13 02:00:56] PRINT [03/13 02:00:56 graph]: start epoch 69.
[2023-03-13 02:00:56] PRINT [03/13 02:00:56 graph]: # Epoch 69: train_loss: 0.4381 | lr: 0.000055
[2023-03-13 02:00:57] PRINT [03/13 02:00:57 graph]: --- Testf1: 0.80000, Best Valacc: 0.78000 in epoch 24 --- 
[2023-03-13 02:00:57] PRINT [03/13 02:00:57 graph]: Epoch 69: get test acc score:  0.800
[2023-03-13 02:00:57] PRINT [03/13 02:00:57 graph]: best_f1 0.818 at epoch 61
[2023-03-13 02:00:57] PRINT [03/13 02:00:57 graph]: start epoch 70.
[2023-03-13 02:00:57] PRINT [03/13 02:00:57 graph]: # Epoch 70: train_loss: 0.4352 | lr: 0.000055
[2023-03-13 02:00:58] PRINT [03/13 02:00:58 graph]: --- Testf1: 0.80300, Best Valacc: 0.77600 in epoch 50 --- 
[2023-03-13 02:00:58] PRINT [03/13 02:00:58 graph]: Epoch 70: get test acc score:  0.803
[2023-03-13 02:00:58] PRINT [03/13 02:00:58 graph]: best_f1 0.818 at epoch 61
[2023-03-13 02:00:58] PRINT [03/13 02:00:58 graph]: start epoch 71.
[2023-03-13 02:00:58] PRINT [03/13 02:00:58 graph]: # Epoch 71: train_loss: 0.4347 | lr: 0.000055
[2023-03-13 02:00:59] PRINT [03/13 02:00:59 graph]: --- Testf1: 0.81200, Best Valacc: 0.77400 in epoch 26 --- 
[2023-03-13 02:01:00] PRINT [03/13 02:01:00 graph]: Epoch 71: get test acc score:  0.812
[2023-03-13 02:01:00] PRINT [03/13 02:01:00 graph]: best_f1 0.818 at epoch 61
[2023-03-13 02:01:00] PRINT [03/13 02:01:00 graph]: start epoch 72.
[2023-03-13 02:01:00] PRINT [03/13 02:01:00 graph]: # Epoch 72: train_loss: 0.4339 | lr: 0.000055
[2023-03-13 02:01:00] PRINT [03/13 02:01:00 graph]: --- Testf1: 0.80600, Best Valacc: 0.78200 in epoch 9 --- 
[2023-03-13 02:01:01] PRINT [03/13 02:01:01 graph]: Epoch 72: get test acc score:  0.806
[2023-03-13 02:01:01] PRINT [03/13 02:01:01 graph]: best_f1 0.818 at epoch 61
[2023-03-13 02:01:01] PRINT [03/13 02:01:01 graph]: start epoch 73.
[2023-03-13 02:01:01] PRINT [03/13 02:01:01 graph]: # Epoch 73: train_loss: 0.4328 | lr: 0.000055
[2023-03-13 02:01:02] PRINT [03/13 02:01:02 graph]: --- Testf1: 0.80700, Best Valacc: 0.77600 in epoch 8 --- 
[2023-03-13 02:01:02] PRINT [03/13 02:01:02 graph]: Epoch 73: get test acc score:  0.807
[2023-03-13 02:01:02] PRINT [03/13 02:01:02 graph]: best_f1 0.818 at epoch 61
[2023-03-13 02:01:02] PRINT [03/13 02:01:02 graph]: start epoch 74.
[2023-03-13 02:01:02] PRINT [03/13 02:01:02 graph]: # Epoch 74: train_loss: 0.4297 | lr: 0.000055
[2023-03-13 02:01:03] PRINT [03/13 02:01:03 graph]: --- Testf1: 0.79900, Best Valacc: 0.77400 in epoch 29 --- 
[2023-03-13 02:01:03] PRINT [03/13 02:01:03 graph]: Epoch 74: get test acc score:  0.799
[2023-03-13 02:01:03] PRINT [03/13 02:01:03 graph]: best_f1 0.818 at epoch 61
[2023-03-13 02:01:03] PRINT [03/13 02:01:03 graph]: start epoch 75.
[2023-03-13 02:01:03] PRINT [03/13 02:01:03 graph]: # Epoch 75: train_loss: 0.4311 | lr: 0.000055
[2023-03-13 02:01:04] PRINT [03/13 02:01:04 graph]: --- Testf1: 0.81400, Best Valacc: 0.78400 in epoch 11 --- 
[2023-03-13 02:01:04] PRINT [03/13 02:01:04 graph]: Epoch 75: get test acc score:  0.814
[2023-03-13 02:01:04] PRINT [03/13 02:01:04 graph]: best_f1 0.818 at epoch 61
[2023-03-13 02:01:04] PRINT [03/13 02:01:04 graph]: start epoch 76.
[2023-03-13 02:01:04] PRINT [03/13 02:01:04 graph]: # Epoch 76: train_loss: 0.4273 | lr: 0.000055
[2023-03-13 02:01:05] PRINT [03/13 02:01:05 graph]: --- Testf1: 0.80200, Best Valacc: 0.77200 in epoch 3 --- 
[2023-03-13 02:01:05] PRINT [03/13 02:01:05 graph]: Epoch 76: get test acc score:  0.802
[2023-03-13 02:01:05] PRINT [03/13 02:01:05 graph]: best_f1 0.818 at epoch 61
[2023-03-13 02:01:05] PRINT [03/13 02:01:05 graph]: start epoch 77.
[2023-03-13 02:01:05] PRINT [03/13 02:01:05 graph]: # Epoch 77: train_loss: 0.4260 | lr: 0.000055
[2023-03-13 02:01:06] PRINT [03/13 02:01:06 graph]: --- Testf1: 0.80500, Best Valacc: 0.78400 in epoch 21 --- 
[2023-03-13 02:01:07] PRINT [03/13 02:01:07 graph]: Epoch 77: get test acc score:  0.805
[2023-03-13 02:01:07] PRINT [03/13 02:01:07 graph]: best_f1 0.818 at epoch 61
[2023-03-13 02:01:07] PRINT [03/13 02:01:07 graph]: start epoch 78.
[2023-03-13 02:01:07] PRINT [03/13 02:01:07 graph]: # Epoch 78: train_loss: 0.4236 | lr: 0.000055
[2023-03-13 02:01:07] PRINT [03/13 02:01:07 graph]: --- Testf1: 0.80300, Best Valacc: 0.77600 in epoch 22 --- 
[2023-03-13 02:01:08] PRINT [03/13 02:01:08 graph]: Epoch 78: get test acc score:  0.803
[2023-03-13 02:01:08] PRINT [03/13 02:01:08 graph]: best_f1 0.818 at epoch 61
[2023-03-13 02:01:08] PRINT [03/13 02:01:08 graph]: start epoch 79.
[2023-03-13 02:01:08] PRINT [03/13 02:01:08 graph]: # Epoch 79: train_loss: 0.4220 | lr: 0.000055
[2023-03-13 02:01:09] PRINT [03/13 02:01:09 graph]: --- Testf1: 0.79300, Best Valacc: 0.78600 in epoch 24 --- 
[2023-03-13 02:01:09] PRINT [03/13 02:01:09 graph]: Epoch 79: get test acc score:  0.793
[2023-03-13 02:01:09] PRINT [03/13 02:01:09 graph]: best_f1 0.818 at epoch 61
[2023-03-13 02:01:09] PRINT [03/13 02:01:09 graph]: start epoch 80.
[2023-03-13 02:01:09] PRINT [03/13 02:01:09 graph]: # Epoch 80: train_loss: 0.4229 | lr: 0.000055
[2023-03-13 02:01:10] PRINT [03/13 02:01:10 graph]: --- Testf1: 0.80300, Best Valacc: 0.76800 in epoch 23 --- 
[2023-03-13 02:01:10] PRINT [03/13 02:01:10 graph]: Epoch 80: get test acc score:  0.803
[2023-03-13 02:01:10] PRINT [03/13 02:01:10 graph]: best_f1 0.818 at epoch 61
[2023-03-13 02:01:10] PRINT [03/13 02:01:10 graph]: start epoch 81.
[2023-03-13 02:01:10] PRINT [03/13 02:01:10 graph]: # Epoch 81: train_loss: 0.4227 | lr: 0.000055
[2023-03-13 02:01:11] PRINT [03/13 02:01:11 graph]: --- Testf1: 0.79800, Best Valacc: 0.78000 in epoch 25 --- 
[2023-03-13 02:01:11] PRINT [03/13 02:01:11 graph]: Epoch 81: get test acc score:  0.798
[2023-03-13 02:01:11] PRINT [03/13 02:01:11 graph]: best_f1 0.818 at epoch 61
[2023-03-13 02:01:11] PRINT [03/13 02:01:11 graph]: start epoch 82.
[2023-03-13 02:01:11] PRINT [03/13 02:01:11 graph]: # Epoch 82: train_loss: 0.4223 | lr: 0.000055
[2023-03-13 02:01:12] PRINT [03/13 02:01:12 graph]: --- Testf1: 0.79300, Best Valacc: 0.78200 in epoch 54 --- 
[2023-03-13 02:01:12] PRINT [03/13 02:01:12 graph]: Epoch 82: get test acc score:  0.793
[2023-03-13 02:01:12] PRINT [03/13 02:01:12 graph]: best_f1 0.818 at epoch 61
[2023-03-13 02:01:12] PRINT [03/13 02:01:12 graph]: start epoch 83.
[2023-03-13 02:01:12] PRINT [03/13 02:01:12 graph]: # Epoch 83: train_loss: 0.4193 | lr: 0.000055
[2023-03-13 02:01:13] PRINT [03/13 02:01:13 graph]: --- Testf1: 0.79400, Best Valacc: 0.78000 in epoch 7 --- 
[2023-03-13 02:01:13] PRINT [03/13 02:01:13 graph]: Epoch 83: get test acc score:  0.794
[2023-03-13 02:01:13] PRINT [03/13 02:01:13 graph]: best_f1 0.818 at epoch 61
[2023-03-13 02:01:13] PRINT [03/13 02:01:13 graph]: start epoch 84.
[2023-03-13 02:01:13] PRINT [03/13 02:01:13 graph]: # Epoch 84: train_loss: 0.4165 | lr: 0.000055
[2023-03-13 02:01:14] PRINT [03/13 02:01:14 graph]: --- Testf1: 0.79200, Best Valacc: 0.79400 in epoch 34 --- 
[2023-03-13 02:01:15] PRINT [03/13 02:01:15 graph]: Epoch 84: get test acc score:  0.792
[2023-03-13 02:01:15] PRINT [03/13 02:01:15 graph]: best_f1 0.818 at epoch 61
[2023-03-13 02:01:15] PRINT [03/13 02:01:15 graph]: start epoch 85.
[2023-03-13 02:01:15] PRINT [03/13 02:01:15 graph]: # Epoch 85: train_loss: 0.4155 | lr: 0.000055
[2023-03-13 02:01:15] PRINT [03/13 02:01:15 graph]: --- Testf1: 0.79400, Best Valacc: 0.78200 in epoch 15 --- 
[2023-03-13 02:01:16] PRINT [03/13 02:01:16 graph]: Epoch 85: get test acc score:  0.794
[2023-03-13 02:01:16] PRINT [03/13 02:01:16 graph]: best_f1 0.818 at epoch 61
[2023-03-13 02:01:16] PRINT [03/13 02:01:16 graph]: start epoch 86.
[2023-03-13 02:01:16] PRINT [03/13 02:01:16 graph]: # Epoch 86: train_loss: 0.4119 | lr: 0.000055
[2023-03-13 02:01:17] PRINT [03/13 02:01:17 graph]: --- Testf1: 0.81400, Best Valacc: 0.78400 in epoch 9 --- 
[2023-03-13 02:01:17] PRINT [03/13 02:01:17 graph]: Epoch 86: get test acc score:  0.814
[2023-03-13 02:01:17] PRINT [03/13 02:01:17 graph]: best_f1 0.818 at epoch 61
[2023-03-13 02:01:17] PRINT [03/13 02:01:17 graph]: start epoch 87.
[2023-03-13 02:01:17] PRINT [03/13 02:01:17 graph]: # Epoch 87: train_loss: 0.4107 | lr: 0.000055
[2023-03-13 02:01:18] PRINT [03/13 02:01:18 graph]: --- Testf1: 0.79200, Best Valacc: 0.78000 in epoch 41 --- 
[2023-03-13 02:01:18] PRINT [03/13 02:01:18 graph]: Epoch 87: get test acc score:  0.792
[2023-03-13 02:01:18] PRINT [03/13 02:01:18 graph]: best_f1 0.818 at epoch 61
[2023-03-13 02:01:18] PRINT [03/13 02:01:18 graph]: start epoch 88.
[2023-03-13 02:01:18] PRINT [03/13 02:01:18 graph]: # Epoch 88: train_loss: 0.4111 | lr: 0.000055
[2023-03-13 02:01:19] PRINT [03/13 02:01:19 graph]: --- Testf1: 0.79600, Best Valacc: 0.78400 in epoch 6 --- 
[2023-03-13 02:01:19] PRINT [03/13 02:01:19 graph]: Epoch 88: get test acc score:  0.796
[2023-03-13 02:01:19] PRINT [03/13 02:01:19 graph]: best_f1 0.818 at epoch 61
[2023-03-13 02:01:19] PRINT [03/13 02:01:19 graph]: start epoch 89.
[2023-03-13 02:01:19] PRINT [03/13 02:01:19 graph]: # Epoch 89: train_loss: 0.4089 | lr: 0.000055
[2023-03-13 02:01:20] PRINT [03/13 02:01:20 graph]: --- Testf1: 0.81300, Best Valacc: 0.77800 in epoch 17 --- 
[2023-03-13 02:01:20] PRINT [03/13 02:01:20 graph]: Epoch 89: get test acc score:  0.813
[2023-03-13 02:01:20] PRINT [03/13 02:01:20 graph]: best_f1 0.818 at epoch 61
[2023-03-13 02:01:20] PRINT [03/13 02:01:20 graph]: start epoch 90.
[2023-03-13 02:01:20] PRINT [03/13 02:01:20 graph]: # Epoch 90: train_loss: 0.4081 | lr: 0.000055
[2023-03-13 02:01:21] PRINT [03/13 02:01:21 graph]: --- Testf1: 0.81900, Best Valacc: 0.77600 in epoch 27 --- 
[2023-03-13 02:01:22] PRINT [03/13 02:01:22 graph]: Epoch 90: get test acc score:  0.819
[2023-03-13 02:01:22] PRINT [03/13 02:01:22 graph]: best_f1 0.819 at epoch 90
[2023-03-13 02:01:22] PRINT [03/13 02:01:22 graph]: start epoch 91.
[2023-03-13 02:01:22] PRINT [03/13 02:01:22 graph]: # Epoch 91: train_loss: 0.4075 | lr: 0.000055
[2023-03-13 02:01:22] PRINT [03/13 02:01:22 graph]: --- Testf1: 0.81000, Best Valacc: 0.79400 in epoch 8 --- 
[2023-03-13 02:01:23] PRINT [03/13 02:01:23 graph]: Epoch 91: get test acc score:  0.810
[2023-03-13 02:01:23] PRINT [03/13 02:01:23 graph]: best_f1 0.819 at epoch 90
[2023-03-13 02:01:23] PRINT [03/13 02:01:23 graph]: start epoch 92.
[2023-03-13 02:01:23] PRINT [03/13 02:01:23 graph]: # Epoch 92: train_loss: 0.4083 | lr: 0.000055
[2023-03-13 02:01:24] PRINT [03/13 02:01:24 graph]: --- Testf1: 0.81600, Best Valacc: 0.77800 in epoch 6 --- 
[2023-03-13 02:01:24] PRINT [03/13 02:01:24 graph]: Epoch 92: get test acc score:  0.816
[2023-03-13 02:01:24] PRINT [03/13 02:01:24 graph]: best_f1 0.819 at epoch 90
[2023-03-13 02:01:24] PRINT [03/13 02:01:24 graph]: start epoch 93.
[2023-03-13 02:01:24] PRINT [03/13 02:01:24 graph]: # Epoch 93: train_loss: 0.4028 | lr: 0.000055
[2023-03-13 02:01:25] PRINT [03/13 02:01:25 graph]: --- Testf1: 0.80900, Best Valacc: 0.78000 in epoch 7 --- 
[2023-03-13 02:01:25] PRINT [03/13 02:01:25 graph]: Epoch 93: get test acc score:  0.809
[2023-03-13 02:01:25] PRINT [03/13 02:01:25 graph]: best_f1 0.819 at epoch 90
[2023-03-13 02:01:25] PRINT [03/13 02:01:25 graph]: start epoch 94.
[2023-03-13 02:01:25] PRINT [03/13 02:01:25 graph]: # Epoch 94: train_loss: 0.4025 | lr: 0.000055
[2023-03-13 02:01:26] PRINT [03/13 02:01:26 graph]: --- Testf1: 0.81100, Best Valacc: 0.78600 in epoch 8 --- 
[2023-03-13 02:01:26] PRINT [03/13 02:01:26 graph]: Epoch 94: get test acc score:  0.811
[2023-03-13 02:01:26] PRINT [03/13 02:01:26 graph]: best_f1 0.819 at epoch 90
[2023-03-13 02:01:26] PRINT [03/13 02:01:26 graph]: start epoch 95.
[2023-03-13 02:01:26] PRINT [03/13 02:01:26 graph]: # Epoch 95: train_loss: 0.3987 | lr: 0.000055
[2023-03-13 02:01:27] PRINT [03/13 02:01:27 graph]: --- Testf1: 0.82300, Best Valacc: 0.78400 in epoch 9 --- 
[2023-03-13 02:01:27] PRINT [03/13 02:01:27 graph]: Epoch 95: get test acc score:  0.823
[2023-03-13 02:01:27] PRINT [03/13 02:01:27 graph]: best_f1 0.823 at epoch 95
[2023-03-13 02:01:27] PRINT [03/13 02:01:27 graph]: start epoch 96.
[2023-03-13 02:01:27] PRINT [03/13 02:01:27 graph]: # Epoch 96: train_loss: 0.3996 | lr: 0.000055
[2023-03-13 02:01:28] PRINT [03/13 02:01:28 graph]: --- Testf1: 0.82100, Best Valacc: 0.78400 in epoch 5 --- 
[2023-03-13 02:01:28] PRINT [03/13 02:01:28 graph]: Epoch 96: get test acc score:  0.821
[2023-03-13 02:01:28] PRINT [03/13 02:01:28 graph]: best_f1 0.823 at epoch 95
[2023-03-13 02:01:28] PRINT [03/13 02:01:28 graph]: start epoch 97.
[2023-03-13 02:01:28] PRINT [03/13 02:01:28 graph]: # Epoch 97: train_loss: 0.3992 | lr: 0.000055
[2023-03-13 02:01:29] PRINT [03/13 02:01:29 graph]: --- Testf1: 0.81100, Best Valacc: 0.78200 in epoch 18 --- 
[2023-03-13 02:01:29] PRINT [03/13 02:01:29 graph]: Epoch 97: get test acc score:  0.811
[2023-03-13 02:01:29] PRINT [03/13 02:01:29 graph]: best_f1 0.823 at epoch 95
[2023-03-13 02:01:29] PRINT [03/13 02:01:29 graph]: start epoch 98.
[2023-03-13 02:01:30] PRINT [03/13 02:01:30 graph]: # Epoch 98: train_loss: 0.3988 | lr: 0.000055
[2023-03-13 02:01:30] PRINT [03/13 02:01:30 graph]: --- Testf1: 0.80900, Best Valacc: 0.78000 in epoch 8 --- 
[2023-03-13 02:01:31] PRINT [03/13 02:01:31 graph]: Epoch 98: get test acc score:  0.809
[2023-03-13 02:01:31] PRINT [03/13 02:01:31 graph]: best_f1 0.823 at epoch 95
[2023-03-13 02:01:31] PRINT [03/13 02:01:31 graph]: start epoch 99.
[2023-03-13 02:01:31] PRINT [03/13 02:01:31 graph]: # Epoch 99: train_loss: 0.3954 | lr: 0.000055
[2023-03-13 02:01:31] PRINT [03/13 02:01:31 graph]: --- Testf1: 0.80200, Best Valacc: 0.78800 in epoch 17 --- 
[2023-03-13 02:01:32] PRINT [03/13 02:01:32 graph]: Epoch 99: get test acc score:  0.802
[2023-03-13 02:01:32] PRINT [03/13 02:01:32 graph]: best_f1 0.823 at epoch 95
[2023-03-13 02:01:32] PRINT [03/13 02:01:32 graph]: # final_acc: 0.8230±0.0000
