[2023-03-22 09:03:40] PRINT ---new cfg------
[2023-03-22 09:03:40] PRINT {'DATA': {'data_name': 'comp'}, 'DATALOADER': {'NUM_WORKERS': 0}, 'MODEL': {'num_hidden': 512, 'num_layers': 2, 'nhead': 4, 'activation': 'prelu', 'attn_drop': 0.30000000000000004, 'feat_drop': 0.4, 'norm': 'batchnorm', 'pooler': 'mean', 'beta_schedule': 'quad', 'beta_1': 0.00020192611808600598, 'beta_T': 0.09476647348996328, 'T': 890}, 'SOLVER': {'optim_type': 'adam', 'optim_type_f': 'adamw', 'alpha': 1, 'decay': 20, 'LR': 0.000492256720333175, 'LR_f': 0.01784063795460547, 'weight_decay': 0, 'weight_decay_f': 0.0008888231369494819, 'MAX_EPOCH': 100, 'max_epoch_f': 500}, 'DEVICE': 'cuda', 'seeds': [0], 'eval_T': [50, 100, 200], 'output_dir': '/ddm-nni/AmazonCoBuyComputerDataset¶/log', 'checkpoint_dir': '/ddm-nni/AmazonCoBuyComputerDataset¶/log/checkpoint'}
[2023-03-22 09:03:40] PRINT [03/22 09:03:40 graph]: Rank of current process: 0. World size: 1
[2023-03-22 09:03:44] PRINT [03/22 09:03:44 graph]: Environment info:
[2023-03-22 09:03:44] PRINT PyTorch version: 1.10.0+cu113
[2023-03-22 09:03:44] PRINT Is debug build: False
[2023-03-22 09:03:44] PRINT CUDA used to build PyTorch: 11.3
[2023-03-22 09:03:44] PRINT ROCM used to build PyTorch: N/A
[2023-03-22 09:03:44] PRINT 
[2023-03-22 09:03:44] PRINT OS: Ubuntu 20.04.3 LTS (x86_64)
[2023-03-22 09:03:44] PRINT GCC version: (Ubuntu 9.3.0-17ubuntu1~20.04) 9.3.0
[2023-03-22 09:03:44] PRINT Clang version: Could not collect
[2023-03-22 09:03:44] PRINT CMake version: version 3.16.3
[2023-03-22 09:03:44] PRINT Libc version: glibc-2.31
[2023-03-22 09:03:44] PRINT 
[2023-03-22 09:03:44] PRINT Python version: 3.8.10 (default, Jun  4 2021, 15:09:15)  [GCC 7.5.0] (64-bit runtime)
[2023-03-22 09:03:44] PRINT Python platform: Linux-5.4.0-90-generic-x86_64-with-glibc2.17
[2023-03-22 09:03:44] PRINT Is CUDA available: True
[2023-03-22 09:03:44] PRINT CUDA runtime version: 11.3.109
[2023-03-22 09:03:44] PRINT GPU models and configuration: GPU 0: NVIDIA GeForce RTX 3090
[2023-03-22 09:03:44] PRINT Nvidia driver version: 495.44
[2023-03-22 09:03:44] PRINT cuDNN version: Probably one of the following:
[2023-03-22 09:03:44] PRINT /usr/lib/x86_64-linux-gnu/libcudnn.so.8.2.0
[2023-03-22 09:03:44] PRINT /usr/lib/x86_64-linux-gnu/libcudnn_adv_infer.so.8.2.0
[2023-03-22 09:03:44] PRINT /usr/lib/x86_64-linux-gnu/libcudnn_adv_train.so.8.2.0
[2023-03-22 09:03:44] PRINT /usr/lib/x86_64-linux-gnu/libcudnn_cnn_infer.so.8.2.0
[2023-03-22 09:03:44] PRINT /usr/lib/x86_64-linux-gnu/libcudnn_cnn_train.so.8.2.0
[2023-03-22 09:03:44] PRINT /usr/lib/x86_64-linux-gnu/libcudnn_ops_infer.so.8.2.0
[2023-03-22 09:03:44] PRINT /usr/lib/x86_64-linux-gnu/libcudnn_ops_train.so.8.2.0
[2023-03-22 09:03:44] PRINT HIP runtime version: N/A
[2023-03-22 09:03:44] PRINT MIOpen runtime version: N/A
[2023-03-22 09:03:44] PRINT 
[2023-03-22 09:03:44] PRINT Versions of relevant libraries:
[2023-03-22 09:03:44] PRINT [pip3] numpy==1.23.5
[2023-03-22 09:03:44] PRINT [pip3] torch==1.10.0+cu113
[2023-03-22 09:03:44] PRINT [pip3] torchvision==0.11.1+cu113
[2023-03-22 09:03:44] PRINT [conda] blas                      1.0                         mkl    https://mirrors.ustc.edu.cn/anaconda/pkgs/main
[2023-03-22 09:03:44] PRINT [conda] mkl                       2021.4.0           h06a4308_640    https://mirrors.ustc.edu.cn/anaconda/pkgs/main
[2023-03-22 09:03:44] PRINT [conda] mkl-service               2.4.0            py38h7f8727e_0    https://mirrors.ustc.edu.cn/anaconda/pkgs/main
[2023-03-22 09:03:44] PRINT [conda] mkl_fft                   1.3.1            py38hd3c417c_0    https://mirrors.ustc.edu.cn/anaconda/pkgs/main
[2023-03-22 09:03:44] PRINT [conda] mkl_random                1.2.2            py38h51133e4_0    https://mirrors.ustc.edu.cn/anaconda/pkgs/main
[2023-03-22 09:03:44] PRINT [conda] numpy                     1.21.4                   pypi_0    pypi
[2023-03-22 09:03:44] PRINT [conda] numpy-base                1.23.5           py38h31eccc5_0    https://mirrors.ustc.edu.cn/anaconda/pkgs/main
[2023-03-22 09:03:44] PRINT [conda] torch                     1.10.0+cu113             pypi_0    pypi
[2023-03-22 09:03:44] PRINT [conda] torchvision               0.11.1+cu113             pypi_0    pypi
[2023-03-22 09:03:44] PRINT         Pillow (8.4.0)
[2023-03-22 09:03:44] PRINT [03/22 09:03:44 graph]: Command line arguments: Namespace(local_rank=0, resume=False, seed=1234, start_epoch=0)
[2023-03-22 09:03:44] PRINT [03/22 09:03:44 graph]: Run 0th for seed 0
[2023-03-22 09:03:44] PRINT [03/22 09:03:44 graph]: Total trainable params num : 8136707
[2023-03-22 09:03:49] PRINT [03/22 09:03:49 graph]: ----------Start Training----------
[2023-03-22 09:03:49] PRINT [03/22 09:03:49 graph]: start epoch 0.
[2023-03-22 09:03:50] PRINT [03/22 09:03:50 graph]: # Epoch 0: train_loss: 1.0235 | lr: 0.000492
[2023-03-22 09:03:50] PRINT [03/22 09:03:50 graph]: start epoch 1.
[2023-03-22 09:03:50] PRINT [03/22 09:03:50 graph]: # Epoch 1: train_loss: 0.8099 | lr: 0.000492
[2023-03-22 09:03:50] PRINT [03/22 09:03:50 graph]: start epoch 2.
[2023-03-22 09:03:50] PRINT [03/22 09:03:50 graph]: # Epoch 2: train_loss: 0.6891 | lr: 0.000492
[2023-03-22 09:03:50] PRINT [03/22 09:03:50 graph]: start epoch 3.
[2023-03-22 09:03:50] PRINT [03/22 09:03:50 graph]: # Epoch 3: train_loss: 0.6362 | lr: 0.000492
[2023-03-22 09:03:50] PRINT [03/22 09:03:50 graph]: start epoch 4.
[2023-03-22 09:03:50] PRINT [03/22 09:03:50 graph]: # Epoch 4: train_loss: 0.6075 | lr: 0.000492
[2023-03-22 09:03:50] PRINT [03/22 09:03:50 graph]: start epoch 5.
[2023-03-22 09:03:50] PRINT [03/22 09:03:50 graph]: # Epoch 5: train_loss: 0.5922 | lr: 0.000492
[2023-03-22 09:03:50] PRINT [03/22 09:03:50 graph]: start epoch 6.
[2023-03-22 09:03:50] PRINT [03/22 09:03:50 graph]: # Epoch 6: train_loss: 0.5839 | lr: 0.000492
[2023-03-22 09:03:50] PRINT [03/22 09:03:50 graph]: start epoch 7.
[2023-03-22 09:03:50] PRINT [03/22 09:03:50 graph]: # Epoch 7: train_loss: 0.5779 | lr: 0.000492
[2023-03-22 09:03:50] PRINT [03/22 09:03:50 graph]: start epoch 8.
[2023-03-22 09:03:51] PRINT [03/22 09:03:51 graph]: # Epoch 8: train_loss: 0.5737 | lr: 0.000492
[2023-03-22 09:03:51] PRINT [03/22 09:03:51 graph]: start epoch 9.
[2023-03-22 09:03:51] PRINT [03/22 09:03:51 graph]: # Epoch 9: train_loss: 0.5693 | lr: 0.000492
[2023-03-22 09:03:51] PRINT [03/22 09:03:51 graph]: start epoch 10.
[2023-03-22 09:03:51] PRINT [03/22 09:03:51 graph]: # Epoch 10: train_loss: 0.5662 | lr: 0.000492
[2023-03-22 09:03:51] PRINT [03/22 09:03:51 graph]: start epoch 11.
[2023-03-22 09:03:51] PRINT [03/22 09:03:51 graph]: # Epoch 11: train_loss: 0.5629 | lr: 0.000492
[2023-03-22 09:03:51] PRINT [03/22 09:03:51 graph]: start epoch 12.
[2023-03-22 09:03:51] PRINT [03/22 09:03:51 graph]: # Epoch 12: train_loss: 0.5599 | lr: 0.000492
[2023-03-22 09:03:51] PRINT [03/22 09:03:51 graph]: start epoch 13.
[2023-03-22 09:03:51] PRINT [03/22 09:03:51 graph]: # Epoch 13: train_loss: 0.5570 | lr: 0.000492
[2023-03-22 09:03:51] PRINT [03/22 09:03:51 graph]: start epoch 14.
[2023-03-22 09:03:51] PRINT [03/22 09:03:51 graph]: # Epoch 14: train_loss: 0.5546 | lr: 0.000492
[2023-03-22 09:03:51] PRINT [03/22 09:03:51 graph]: start epoch 15.
[2023-03-22 09:03:51] PRINT [03/22 09:03:51 graph]: # Epoch 15: train_loss: 0.5524 | lr: 0.000492
[2023-03-22 09:03:51] PRINT [03/22 09:03:51 graph]: start epoch 16.
[2023-03-22 09:03:51] PRINT [03/22 09:03:51 graph]: # Epoch 16: train_loss: 0.5508 | lr: 0.000492
[2023-03-22 09:03:51] PRINT [03/22 09:03:51 graph]: start epoch 17.
[2023-03-22 09:03:51] PRINT [03/22 09:03:51 graph]: # Epoch 17: train_loss: 0.5496 | lr: 0.000492
[2023-03-22 09:03:51] PRINT [03/22 09:03:51 graph]: start epoch 18.
[2023-03-22 09:03:51] PRINT [03/22 09:03:51 graph]: # Epoch 18: train_loss: 0.5486 | lr: 0.000492
[2023-03-22 09:03:51] PRINT [03/22 09:03:51 graph]: start epoch 19.
[2023-03-22 09:03:51] PRINT [03/22 09:03:51 graph]: # Epoch 19: train_loss: 0.5479 | lr: 0.000492
[2023-03-22 09:03:51] PRINT [03/22 09:03:51 graph]: start epoch 20.
[2023-03-22 09:03:51] PRINT [03/22 09:03:51 graph]: # Epoch 20: train_loss: 0.5472 | lr: 0.000492
[2023-03-22 09:03:51] PRINT [03/22 09:03:51 graph]: start epoch 21.
[2023-03-22 09:03:52] PRINT [03/22 09:03:52 graph]: # Epoch 21: train_loss: 0.5465 | lr: 0.000492
[2023-03-22 09:03:52] PRINT [03/22 09:03:52 graph]: start epoch 22.
[2023-03-22 09:03:52] PRINT [03/22 09:03:52 graph]: # Epoch 22: train_loss: 0.5455 | lr: 0.000492
[2023-03-22 09:03:52] PRINT [03/22 09:03:52 graph]: start epoch 23.
[2023-03-22 09:03:52] PRINT [03/22 09:03:52 graph]: # Epoch 23: train_loss: 0.5441 | lr: 0.000492
[2023-03-22 09:03:52] PRINT [03/22 09:03:52 graph]: start epoch 24.
[2023-03-22 09:03:52] PRINT [03/22 09:03:52 graph]: # Epoch 24: train_loss: 0.5418 | lr: 0.000492
[2023-03-22 09:03:52] PRINT [03/22 09:03:52 graph]: start epoch 25.
[2023-03-22 09:03:52] PRINT [03/22 09:03:52 graph]: # Epoch 25: train_loss: 0.5405 | lr: 0.000492
[2023-03-22 09:03:52] PRINT [03/22 09:03:52 graph]: start epoch 26.
[2023-03-22 09:03:52] PRINT [03/22 09:03:52 graph]: # Epoch 26: train_loss: 0.5376 | lr: 0.000492
[2023-03-22 09:03:52] PRINT [03/22 09:03:52 graph]: start epoch 27.
[2023-03-22 09:03:52] PRINT [03/22 09:03:52 graph]: # Epoch 27: train_loss: 0.5361 | lr: 0.000492
[2023-03-22 09:03:52] PRINT [03/22 09:03:52 graph]: start epoch 28.
[2023-03-22 09:03:52] PRINT [03/22 09:03:52 graph]: # Epoch 28: train_loss: 0.5325 | lr: 0.000492
[2023-03-22 09:03:52] PRINT [03/22 09:03:52 graph]: start epoch 29.
[2023-03-22 09:03:52] PRINT [03/22 09:03:52 graph]: # Epoch 29: train_loss: 0.5297 | lr: 0.000492
[2023-03-22 09:03:52] PRINT [03/22 09:03:52 graph]: start epoch 30.
[2023-03-22 09:03:52] PRINT [03/22 09:03:52 graph]: # Epoch 30: train_loss: 0.5285 | lr: 0.000492
[2023-03-22 09:03:52] PRINT [03/22 09:03:52 graph]: start epoch 31.
[2023-03-22 09:03:52] PRINT [03/22 09:03:52 graph]: # Epoch 31: train_loss: 0.5323 | lr: 0.000492
[2023-03-22 09:03:52] PRINT [03/22 09:03:52 graph]: start epoch 32.
[2023-03-22 09:03:52] PRINT [03/22 09:03:52 graph]: # Epoch 32: train_loss: 0.5352 | lr: 0.000492
[2023-03-22 09:03:52] PRINT [03/22 09:03:52 graph]: start epoch 33.
[2023-03-22 09:03:52] PRINT [03/22 09:03:52 graph]: # Epoch 33: train_loss: 0.5343 | lr: 0.000492
[2023-03-22 09:03:52] PRINT [03/22 09:03:52 graph]: start epoch 34.
[2023-03-22 09:03:52] PRINT [03/22 09:03:52 graph]: # Epoch 34: train_loss: 0.5318 | lr: 0.000492
[2023-03-22 09:03:52] PRINT [03/22 09:03:52 graph]: start epoch 35.
[2023-03-22 09:03:53] PRINT [03/22 09:03:53 graph]: # Epoch 35: train_loss: 0.5281 | lr: 0.000492
[2023-03-22 09:03:53] PRINT [03/22 09:03:53 graph]: start epoch 36.
[2023-03-22 09:03:53] PRINT [03/22 09:03:53 graph]: # Epoch 36: train_loss: 0.5231 | lr: 0.000492
[2023-03-22 09:03:53] PRINT [03/22 09:03:53 graph]: start epoch 37.
[2023-03-22 09:03:53] PRINT [03/22 09:03:53 graph]: # Epoch 37: train_loss: 0.5209 | lr: 0.000492
[2023-03-22 09:03:53] PRINT [03/22 09:03:53 graph]: start epoch 38.
[2023-03-22 09:03:53] PRINT [03/22 09:03:53 graph]: # Epoch 38: train_loss: 0.5265 | lr: 0.000492
[2023-03-22 09:03:53] PRINT [03/22 09:03:53 graph]: start epoch 39.
[2023-03-22 09:03:53] PRINT [03/22 09:03:53 graph]: # Epoch 39: train_loss: 0.5245 | lr: 0.000492
[2023-03-22 09:03:53] PRINT [03/22 09:03:53 graph]: start epoch 40.
[2023-03-22 09:03:53] PRINT [03/22 09:03:53 graph]: # Epoch 40: train_loss: 0.5163 | lr: 0.000492
[2023-03-22 09:03:53] PRINT [03/22 09:03:53 graph]: start epoch 41.
[2023-03-22 09:03:53] PRINT [03/22 09:03:53 graph]: # Epoch 41: train_loss: 0.5192 | lr: 0.000492
[2023-03-22 09:03:53] PRINT [03/22 09:03:53 graph]: start epoch 42.
[2023-03-22 09:03:53] PRINT [03/22 09:03:53 graph]: # Epoch 42: train_loss: 0.5176 | lr: 0.000492
[2023-03-22 09:03:53] PRINT [03/22 09:03:53 graph]: start epoch 43.
[2023-03-22 09:03:53] PRINT [03/22 09:03:53 graph]: # Epoch 43: train_loss: 0.5135 | lr: 0.000492
[2023-03-22 09:03:53] PRINT [03/22 09:03:53 graph]: start epoch 44.
[2023-03-22 09:03:53] PRINT [03/22 09:03:53 graph]: # Epoch 44: train_loss: 0.5108 | lr: 0.000492
[2023-03-22 09:03:53] PRINT [03/22 09:03:53 graph]: start epoch 45.
[2023-03-22 09:03:53] PRINT [03/22 09:03:53 graph]: # Epoch 45: train_loss: 0.5130 | lr: 0.000492
[2023-03-22 09:03:53] PRINT [03/22 09:03:53 graph]: start epoch 46.
[2023-03-22 09:03:53] PRINT [03/22 09:03:53 graph]: # Epoch 46: train_loss: 0.5065 | lr: 0.000492
[2023-03-22 09:03:53] PRINT [03/22 09:03:53 graph]: start epoch 47.
[2023-03-22 09:03:53] PRINT [03/22 09:03:53 graph]: # Epoch 47: train_loss: 0.5054 | lr: 0.000492
[2023-03-22 09:03:53] PRINT [03/22 09:03:53 graph]: start epoch 48.
[2023-03-22 09:03:54] PRINT [03/22 09:03:54 graph]: # Epoch 48: train_loss: 0.5047 | lr: 0.000492
[2023-03-22 09:03:54] PRINT [03/22 09:03:54 graph]: start epoch 49.
[2023-03-22 09:03:54] PRINT [03/22 09:03:54 graph]: # Epoch 49: train_loss: 0.5032 | lr: 0.000492
[2023-03-22 09:03:54] PRINT [03/22 09:03:54 graph]: start epoch 50.
[2023-03-22 09:03:54] PRINT [03/22 09:03:54 graph]: # Epoch 50: train_loss: 0.5005 | lr: 0.000492
[2023-03-22 09:03:54] PRINT [03/22 09:03:54 graph]: start epoch 51.
[2023-03-22 09:03:54] PRINT [03/22 09:03:54 graph]: # Epoch 51: train_loss: 0.4990 | lr: 0.000492
[2023-03-22 09:04:01] PRINT [03/22 09:04:01 graph]: --- Testf1: 0.84339, Best Valacc: 0.86182 in epoch 491 --- 
[2023-03-22 09:04:01] PRINT [03/22 09:04:01 graph]: Epoch 51: get test acc score:  0.84339
[2023-03-22 09:04:01] PRINT [03/22 09:04:01 graph]: best_f1 0.84339 at epoch 51
[2023-03-22 09:04:01] PRINT [03/22 09:04:01 graph]: start epoch 52.
[2023-03-22 09:04:01] PRINT [03/22 09:04:01 graph]: # Epoch 52: train_loss: 0.4988 | lr: 0.000492
[2023-03-22 09:04:09] PRINT [03/22 09:04:09 graph]: --- Testf1: 0.84103, Best Valacc: 0.85600 in epoch 429 --- 
[2023-03-22 09:04:09] PRINT [03/22 09:04:09 graph]: Epoch 52: get test acc score:  0.84103
[2023-03-22 09:04:09] PRINT [03/22 09:04:09 graph]: best_f1 0.84339 at epoch 51
[2023-03-22 09:04:09] PRINT [03/22 09:04:09 graph]: start epoch 53.
[2023-03-22 09:04:09] PRINT [03/22 09:04:09 graph]: # Epoch 53: train_loss: 0.4952 | lr: 0.000492
[2023-03-22 09:04:16] PRINT [03/22 09:04:16 graph]: --- Testf1: 0.84821, Best Valacc: 0.85964 in epoch 478 --- 
[2023-03-22 09:04:17] PRINT [03/22 09:04:17 graph]: Epoch 53: get test acc score:  0.84821
[2023-03-22 09:04:17] PRINT [03/22 09:04:17 graph]: best_f1 0.84821 at epoch 53
[2023-03-22 09:04:17] PRINT [03/22 09:04:17 graph]: start epoch 54.
[2023-03-22 09:04:17] PRINT [03/22 09:04:17 graph]: # Epoch 54: train_loss: 0.4946 | lr: 0.000492
[2023-03-22 09:04:24] PRINT [03/22 09:04:24 graph]: --- Testf1: 0.84766, Best Valacc: 0.85018 in epoch 332 --- 
[2023-03-22 09:04:24] PRINT [03/22 09:04:24 graph]: Epoch 54: get test acc score:  0.84766
[2023-03-22 09:04:24] PRINT [03/22 09:04:24 graph]: best_f1 0.84821 at epoch 53
[2023-03-22 09:04:24] PRINT [03/22 09:04:24 graph]: start epoch 55.
[2023-03-22 09:04:24] PRINT [03/22 09:04:24 graph]: # Epoch 55: train_loss: 0.4939 | lr: 0.000492
[2023-03-22 09:04:31] PRINT [03/22 09:04:31 graph]: --- Testf1: 0.84830, Best Valacc: 0.87055 in epoch 464 --- 
[2023-03-22 09:04:31] PRINT [03/22 09:04:31 graph]: Epoch 55: get test acc score:  0.84830
[2023-03-22 09:04:31] PRINT [03/22 09:04:31 graph]: best_f1 0.8483 at epoch 55
[2023-03-22 09:04:31] PRINT [03/22 09:04:31 graph]: start epoch 56.
[2023-03-22 09:04:32] PRINT [03/22 09:04:32 graph]: # Epoch 56: train_loss: 0.4914 | lr: 0.000492
[2023-03-22 09:04:39] PRINT [03/22 09:04:39 graph]: --- Testf1: 0.85039, Best Valacc: 0.86255 in epoch 471 --- 
[2023-03-22 09:04:39] PRINT [03/22 09:04:39 graph]: Epoch 56: get test acc score:  0.85039
[2023-03-22 09:04:39] PRINT [03/22 09:04:39 graph]: best_f1 0.85039 at epoch 56
[2023-03-22 09:04:39] PRINT [03/22 09:04:39 graph]: start epoch 57.
[2023-03-22 09:04:39] PRINT [03/22 09:04:39 graph]: # Epoch 57: train_loss: 0.4890 | lr: 0.000492
[2023-03-22 09:04:46] PRINT [03/22 09:04:46 graph]: --- Testf1: 0.84875, Best Valacc: 0.87200 in epoch 459 --- 
[2023-03-22 09:04:46] PRINT [03/22 09:04:46 graph]: Epoch 57: get test acc score:  0.84875
[2023-03-22 09:04:46] PRINT [03/22 09:04:46 graph]: best_f1 0.85039 at epoch 56
[2023-03-22 09:04:46] PRINT [03/22 09:04:46 graph]: start epoch 58.
[2023-03-22 09:04:47] PRINT [03/22 09:04:47 graph]: # Epoch 58: train_loss: 0.4870 | lr: 0.000492
[2023-03-22 09:04:54] PRINT [03/22 09:04:54 graph]: --- Testf1: 0.85103, Best Valacc: 0.86182 in epoch 487 --- 
[2023-03-22 09:04:54] PRINT [03/22 09:04:54 graph]: Epoch 58: get test acc score:  0.85103
[2023-03-22 09:04:54] PRINT [03/22 09:04:54 graph]: best_f1 0.85103 at epoch 58
[2023-03-22 09:04:54] PRINT [03/22 09:04:54 graph]: start epoch 59.
[2023-03-22 09:04:54] PRINT [03/22 09:04:54 graph]: # Epoch 59: train_loss: 0.4856 | lr: 0.000492
[2023-03-22 09:05:01] PRINT [03/22 09:05:01 graph]: --- Testf1: 0.84712, Best Valacc: 0.86327 in epoch 233 --- 
[2023-03-22 09:05:01] PRINT [03/22 09:05:01 graph]: Epoch 59: get test acc score:  0.84712
[2023-03-22 09:05:01] PRINT [03/22 09:05:01 graph]: best_f1 0.85103 at epoch 58
[2023-03-22 09:05:01] PRINT [03/22 09:05:01 graph]: start epoch 60.
[2023-03-22 09:05:01] PRINT [03/22 09:05:01 graph]: # Epoch 60: train_loss: 0.4860 | lr: 0.000492
[2023-03-22 09:05:08] PRINT [03/22 09:05:08 graph]: --- Testf1: 0.85148, Best Valacc: 0.86836 in epoch 425 --- 
[2023-03-22 09:05:09] PRINT [03/22 09:05:09 graph]: Epoch 60: get test acc score:  0.85148
[2023-03-22 09:05:09] PRINT [03/22 09:05:09 graph]: best_f1 0.85148 at epoch 60
[2023-03-22 09:05:09] PRINT [03/22 09:05:09 graph]: start epoch 61.
[2023-03-22 09:05:09] PRINT [03/22 09:05:09 graph]: # Epoch 61: train_loss: 0.4847 | lr: 0.000492
[2023-03-22 09:05:16] PRINT [03/22 09:05:16 graph]: --- Testf1: 0.85648, Best Valacc: 0.87055 in epoch 471 --- 
[2023-03-22 09:05:16] PRINT [03/22 09:05:16 graph]: Epoch 61: get test acc score:  0.85648
[2023-03-22 09:05:16] PRINT [03/22 09:05:16 graph]: best_f1 0.85648 at epoch 61
[2023-03-22 09:05:16] PRINT [03/22 09:05:16 graph]: start epoch 62.
[2023-03-22 09:05:16] PRINT [03/22 09:05:16 graph]: # Epoch 62: train_loss: 0.4830 | lr: 0.000492
[2023-03-22 09:05:23] PRINT [03/22 09:05:23 graph]: --- Testf1: 0.85793, Best Valacc: 0.87564 in epoch 339 --- 
[2023-03-22 09:05:24] PRINT [03/22 09:05:24 graph]: Epoch 62: get test acc score:  0.85793
[2023-03-22 09:05:24] PRINT [03/22 09:05:24 graph]: best_f1 0.85793 at epoch 62
[2023-03-22 09:05:24] PRINT [03/22 09:05:24 graph]: start epoch 63.
[2023-03-22 09:05:24] PRINT [03/22 09:05:24 graph]: # Epoch 63: train_loss: 0.4820 | lr: 0.000492
[2023-03-22 09:05:31] PRINT [03/22 09:05:31 graph]: --- Testf1: 0.86121, Best Valacc: 0.87782 in epoch 437 --- 
[2023-03-22 09:05:31] PRINT [03/22 09:05:31 graph]: Epoch 63: get test acc score:  0.86121
[2023-03-22 09:05:31] PRINT [03/22 09:05:31 graph]: best_f1 0.86121 at epoch 63
[2023-03-22 09:05:31] PRINT [03/22 09:05:31 graph]: start epoch 64.
[2023-03-22 09:05:31] PRINT [03/22 09:05:31 graph]: # Epoch 64: train_loss: 0.4791 | lr: 0.000492
[2023-03-22 09:05:38] PRINT [03/22 09:05:38 graph]: --- Testf1: 0.86139, Best Valacc: 0.87636 in epoch 499 --- 
[2023-03-22 09:05:39] PRINT [03/22 09:05:39 graph]: Epoch 64: get test acc score:  0.86139
[2023-03-22 09:05:39] PRINT [03/22 09:05:39 graph]: best_f1 0.86139 at epoch 64
[2023-03-22 09:05:39] PRINT [03/22 09:05:39 graph]: start epoch 65.
[2023-03-22 09:05:39] PRINT [03/22 09:05:39 graph]: # Epoch 65: train_loss: 0.4764 | lr: 0.000492
[2023-03-22 09:05:46] PRINT [03/22 09:05:46 graph]: --- Testf1: 0.86112, Best Valacc: 0.87855 in epoch 405 --- 
[2023-03-22 09:05:46] PRINT [03/22 09:05:46 graph]: Epoch 65: get test acc score:  0.86112
[2023-03-22 09:05:46] PRINT [03/22 09:05:46 graph]: best_f1 0.86139 at epoch 64
[2023-03-22 09:05:46] PRINT [03/22 09:05:46 graph]: start epoch 66.
[2023-03-22 09:05:46] PRINT [03/22 09:05:46 graph]: # Epoch 66: train_loss: 0.4770 | lr: 0.000492
[2023-03-22 09:05:53] PRINT [03/22 09:05:53 graph]: --- Testf1: 0.86348, Best Valacc: 0.86909 in epoch 474 --- 
[2023-03-22 09:05:53] PRINT [03/22 09:05:53 graph]: Epoch 66: get test acc score:  0.86348
[2023-03-22 09:05:53] PRINT [03/22 09:05:53 graph]: best_f1 0.86348 at epoch 66
[2023-03-22 09:05:53] PRINT [03/22 09:05:53 graph]: start epoch 67.
[2023-03-22 09:05:54] PRINT [03/22 09:05:54 graph]: # Epoch 67: train_loss: 0.4742 | lr: 0.000492
[2023-03-22 09:06:01] PRINT [03/22 09:06:01 graph]: --- Testf1: 0.86039, Best Valacc: 0.87418 in epoch 397 --- 
[2023-03-22 09:06:01] PRINT [03/22 09:06:01 graph]: Epoch 67: get test acc score:  0.86039
[2023-03-22 09:06:01] PRINT [03/22 09:06:01 graph]: best_f1 0.86348 at epoch 66
[2023-03-22 09:06:01] PRINT [03/22 09:06:01 graph]: start epoch 68.
[2023-03-22 09:06:01] PRINT [03/22 09:06:01 graph]: # Epoch 68: train_loss: 0.4731 | lr: 0.000492
[2023-03-22 09:06:08] PRINT [03/22 09:06:08 graph]: --- Testf1: 0.85594, Best Valacc: 0.87855 in epoch 349 --- 
[2023-03-22 09:06:08] PRINT [03/22 09:06:08 graph]: Epoch 68: get test acc score:  0.85594
[2023-03-22 09:06:08] PRINT [03/22 09:06:08 graph]: best_f1 0.86348 at epoch 66
[2023-03-22 09:06:08] PRINT [03/22 09:06:08 graph]: start epoch 69.
[2023-03-22 09:06:09] PRINT [03/22 09:06:09 graph]: # Epoch 69: train_loss: 0.4757 | lr: 0.000492
[2023-03-22 09:06:16] PRINT [03/22 09:06:16 graph]: --- Testf1: 0.85684, Best Valacc: 0.87418 in epoch 431 --- 
[2023-03-22 09:06:16] PRINT [03/22 09:06:16 graph]: Epoch 69: get test acc score:  0.85684
[2023-03-22 09:06:16] PRINT [03/22 09:06:16 graph]: best_f1 0.86348 at epoch 66
[2023-03-22 09:06:16] PRINT [03/22 09:06:16 graph]: start epoch 70.
[2023-03-22 09:06:16] PRINT [03/22 09:06:16 graph]: # Epoch 70: train_loss: 0.4721 | lr: 0.000492
[2023-03-22 09:06:22] PRINT [03/22 09:06:22 graph]: --- Testf1: 0.85666, Best Valacc: 0.87709 in epoch 363 --- 
[2023-03-22 09:06:22] PRINT [03/22 09:06:22 graph]: Epoch 70: get test acc score:  0.85666
[2023-03-22 09:06:22] PRINT [03/22 09:06:22 graph]: best_f1 0.86348 at epoch 66
[2023-03-22 09:06:22] PRINT [03/22 09:06:22 graph]: start epoch 71.
[2023-03-22 09:06:22] PRINT [03/22 09:06:22 graph]: # Epoch 71: train_loss: 0.4724 | lr: 0.000492
[2023-03-22 09:06:28] PRINT [03/22 09:06:28 graph]: --- Testf1: 0.85339, Best Valacc: 0.87127 in epoch 306 --- 
[2023-03-22 09:06:28] PRINT [03/22 09:06:28 graph]: Epoch 71: get test acc score:  0.85339
[2023-03-22 09:06:28] PRINT [03/22 09:06:28 graph]: best_f1 0.86348 at epoch 66
[2023-03-22 09:06:28] PRINT [03/22 09:06:28 graph]: start epoch 72.
[2023-03-22 09:06:28] PRINT [03/22 09:06:28 graph]: # Epoch 72: train_loss: 0.4698 | lr: 0.000492
[2023-03-22 09:06:34] PRINT [03/22 09:06:34 graph]: --- Testf1: 0.85839, Best Valacc: 0.86545 in epoch 451 --- 
[2023-03-22 09:06:34] PRINT [03/22 09:06:34 graph]: Epoch 72: get test acc score:  0.85839
[2023-03-22 09:06:34] PRINT [03/22 09:06:34 graph]: best_f1 0.86348 at epoch 66
[2023-03-22 09:06:34] PRINT [03/22 09:06:34 graph]: start epoch 73.
[2023-03-22 09:06:34] PRINT [03/22 09:06:34 graph]: # Epoch 73: train_loss: 0.4698 | lr: 0.000492
[2023-03-22 09:06:40] PRINT [03/22 09:06:40 graph]: --- Testf1: 0.85966, Best Valacc: 0.87418 in epoch 460 --- 
[2023-03-22 09:06:40] PRINT [03/22 09:06:40 graph]: Epoch 73: get test acc score:  0.85966
[2023-03-22 09:06:40] PRINT [03/22 09:06:40 graph]: best_f1 0.86348 at epoch 66
[2023-03-22 09:06:40] PRINT [03/22 09:06:40 graph]: start epoch 74.
[2023-03-22 09:06:40] PRINT [03/22 09:06:40 graph]: # Epoch 74: train_loss: 0.4681 | lr: 0.000492
[2023-03-22 09:06:49] PRINT [03/22 09:06:49 graph]: --- Testf1: 0.86839, Best Valacc: 0.87345 in epoch 402 --- 
[2023-03-22 09:06:49] PRINT [03/22 09:06:49 graph]: Epoch 74: get test acc score:  0.86839
[2023-03-22 09:06:49] PRINT [03/22 09:06:49 graph]: best_f1 0.86839 at epoch 74
[2023-03-22 09:06:49] PRINT [03/22 09:06:49 graph]: start epoch 75.
[2023-03-22 09:06:49] PRINT [03/22 09:06:49 graph]: # Epoch 75: train_loss: 0.4666 | lr: 0.000492
[2023-03-22 09:06:56] PRINT [03/22 09:06:56 graph]: --- Testf1: 0.86339, Best Valacc: 0.87709 in epoch 488 --- 
[2023-03-22 09:06:56] PRINT [03/22 09:06:56 graph]: Epoch 75: get test acc score:  0.86339
[2023-03-22 09:06:56] PRINT [03/22 09:06:56 graph]: best_f1 0.86839 at epoch 74
[2023-03-22 09:06:56] PRINT [03/22 09:06:56 graph]: start epoch 76.
[2023-03-22 09:06:57] PRINT [03/22 09:06:57 graph]: # Epoch 76: train_loss: 0.4675 | lr: 0.000492
[2023-03-22 09:07:04] PRINT [03/22 09:07:04 graph]: --- Testf1: 0.86193, Best Valacc: 0.86836 in epoch 344 --- 
[2023-03-22 09:07:04] PRINT [03/22 09:07:04 graph]: Epoch 76: get test acc score:  0.86193
[2023-03-22 09:07:04] PRINT [03/22 09:07:04 graph]: best_f1 0.86839 at epoch 74
[2023-03-22 09:07:04] PRINT [03/22 09:07:04 graph]: start epoch 77.
[2023-03-22 09:07:04] PRINT [03/22 09:07:04 graph]: # Epoch 77: train_loss: 0.4647 | lr: 0.000492
[2023-03-22 09:07:11] PRINT [03/22 09:07:11 graph]: --- Testf1: 0.86693, Best Valacc: 0.86982 in epoch 363 --- 
[2023-03-22 09:07:12] PRINT [03/22 09:07:12 graph]: Epoch 77: get test acc score:  0.86693
[2023-03-22 09:07:12] PRINT [03/22 09:07:12 graph]: best_f1 0.86839 at epoch 74
[2023-03-22 09:07:12] PRINT [03/22 09:07:12 graph]: start epoch 78.
[2023-03-22 09:07:12] PRINT [03/22 09:07:12 graph]: # Epoch 78: train_loss: 0.4646 | lr: 0.000492
[2023-03-22 09:07:19] PRINT [03/22 09:07:19 graph]: --- Testf1: 0.86221, Best Valacc: 0.87127 in epoch 390 --- 
[2023-03-22 09:07:19] PRINT [03/22 09:07:19 graph]: Epoch 78: get test acc score:  0.86221
[2023-03-22 09:07:19] PRINT [03/22 09:07:19 graph]: best_f1 0.86839 at epoch 74
[2023-03-22 09:07:19] PRINT [03/22 09:07:19 graph]: start epoch 79.
[2023-03-22 09:07:19] PRINT [03/22 09:07:19 graph]: # Epoch 79: train_loss: 0.4642 | lr: 0.000492
[2023-03-22 09:07:26] PRINT [03/22 09:07:26 graph]: --- Testf1: 0.86330, Best Valacc: 0.87927 in epoch 463 --- 
[2023-03-22 09:07:26] PRINT [03/22 09:07:26 graph]: Epoch 79: get test acc score:  0.86330
[2023-03-22 09:07:26] PRINT [03/22 09:07:26 graph]: best_f1 0.86839 at epoch 74
[2023-03-22 09:07:26] PRINT [03/22 09:07:26 graph]: start epoch 80.
[2023-03-22 09:07:26] PRINT [03/22 09:07:26 graph]: # Epoch 80: train_loss: 0.4629 | lr: 0.000492
[2023-03-22 09:07:34] PRINT [03/22 09:07:34 graph]: --- Testf1: 0.86766, Best Valacc: 0.87273 in epoch 320 --- 
[2023-03-22 09:07:34] PRINT [03/22 09:07:34 graph]: Epoch 80: get test acc score:  0.86766
[2023-03-22 09:07:34] PRINT [03/22 09:07:34 graph]: best_f1 0.86839 at epoch 74
[2023-03-22 09:07:34] PRINT [03/22 09:07:34 graph]: start epoch 81.
[2023-03-22 09:07:34] PRINT [03/22 09:07:34 graph]: # Epoch 81: train_loss: 0.4620 | lr: 0.000492
[2023-03-22 09:07:41] PRINT [03/22 09:07:41 graph]: --- Testf1: 0.86475, Best Valacc: 0.87636 in epoch 405 --- 
[2023-03-22 09:07:41] PRINT [03/22 09:07:41 graph]: Epoch 81: get test acc score:  0.86475
[2023-03-22 09:07:41] PRINT [03/22 09:07:41 graph]: best_f1 0.86839 at epoch 74
[2023-03-22 09:07:41] PRINT [03/22 09:07:41 graph]: start epoch 82.
[2023-03-22 09:07:41] PRINT [03/22 09:07:41 graph]: # Epoch 82: train_loss: 0.4626 | lr: 0.000492
[2023-03-22 09:07:48] PRINT [03/22 09:07:48 graph]: --- Testf1: 0.86430, Best Valacc: 0.87055 in epoch 293 --- 
[2023-03-22 09:07:48] PRINT [03/22 09:07:48 graph]: Epoch 82: get test acc score:  0.86430
[2023-03-22 09:07:48] PRINT [03/22 09:07:48 graph]: best_f1 0.86839 at epoch 74
[2023-03-22 09:07:48] PRINT [03/22 09:07:48 graph]: start epoch 83.
[2023-03-22 09:07:48] PRINT [03/22 09:07:48 graph]: # Epoch 83: train_loss: 0.4614 | lr: 0.000492
[2023-03-22 09:07:56] PRINT [03/22 09:07:56 graph]: --- Testf1: 0.87002, Best Valacc: 0.87636 in epoch 480 --- 
[2023-03-22 09:07:56] PRINT [03/22 09:07:56 graph]: Epoch 83: get test acc score:  0.87002
[2023-03-22 09:07:56] PRINT [03/22 09:07:56 graph]: best_f1 0.87002 at epoch 83
[2023-03-22 09:07:56] PRINT [03/22 09:07:56 graph]: start epoch 84.
[2023-03-22 09:07:56] PRINT [03/22 09:07:56 graph]: # Epoch 84: train_loss: 0.4612 | lr: 0.000492
[2023-03-22 09:08:03] PRINT [03/22 09:08:03 graph]: --- Testf1: 0.86775, Best Valacc: 0.87345 in epoch 386 --- 
[2023-03-22 09:08:03] PRINT [03/22 09:08:03 graph]: Epoch 84: get test acc score:  0.86775
[2023-03-22 09:08:03] PRINT [03/22 09:08:03 graph]: best_f1 0.87002 at epoch 83
[2023-03-22 09:08:03] PRINT [03/22 09:08:03 graph]: start epoch 85.
[2023-03-22 09:08:03] PRINT [03/22 09:08:03 graph]: # Epoch 85: train_loss: 0.4603 | lr: 0.000492
[2023-03-22 09:08:10] PRINT [03/22 09:08:10 graph]: --- Testf1: 0.86121, Best Valacc: 0.87273 in epoch 499 --- 
[2023-03-22 09:08:11] PRINT [03/22 09:08:11 graph]: Epoch 85: get test acc score:  0.86121
[2023-03-22 09:08:11] PRINT [03/22 09:08:11 graph]: best_f1 0.87002 at epoch 83
[2023-03-22 09:08:11] PRINT [03/22 09:08:11 graph]: start epoch 86.
[2023-03-22 09:08:11] PRINT [03/22 09:08:11 graph]: # Epoch 86: train_loss: 0.4599 | lr: 0.000492
[2023-03-22 09:08:18] PRINT [03/22 09:08:18 graph]: --- Testf1: 0.86975, Best Valacc: 0.88145 in epoch 443 --- 
[2023-03-22 09:08:18] PRINT [03/22 09:08:18 graph]: Epoch 86: get test acc score:  0.86975
[2023-03-22 09:08:18] PRINT [03/22 09:08:18 graph]: best_f1 0.87002 at epoch 83
[2023-03-22 09:08:18] PRINT [03/22 09:08:18 graph]: start epoch 87.
[2023-03-22 09:08:18] PRINT [03/22 09:08:18 graph]: # Epoch 87: train_loss: 0.4591 | lr: 0.000492
[2023-03-22 09:08:25] PRINT [03/22 09:08:25 graph]: --- Testf1: 0.86575, Best Valacc: 0.88000 in epoch 418 --- 
[2023-03-22 09:08:26] PRINT [03/22 09:08:26 graph]: Epoch 87: get test acc score:  0.86575
[2023-03-22 09:08:26] PRINT [03/22 09:08:26 graph]: best_f1 0.87002 at epoch 83
[2023-03-22 09:08:26] PRINT [03/22 09:08:26 graph]: start epoch 88.
[2023-03-22 09:08:26] PRINT [03/22 09:08:26 graph]: # Epoch 88: train_loss: 0.4587 | lr: 0.000492
[2023-03-22 09:08:33] PRINT [03/22 09:08:33 graph]: --- Testf1: 0.86593, Best Valacc: 0.88436 in epoch 480 --- 
[2023-03-22 09:08:33] PRINT [03/22 09:08:33 graph]: Epoch 88: get test acc score:  0.86593
[2023-03-22 09:08:33] PRINT [03/22 09:08:33 graph]: best_f1 0.87002 at epoch 83
[2023-03-22 09:08:33] PRINT [03/22 09:08:33 graph]: start epoch 89.
[2023-03-22 09:08:33] PRINT [03/22 09:08:33 graph]: # Epoch 89: train_loss: 0.4578 | lr: 0.000492
[2023-03-22 09:08:41] PRINT [03/22 09:08:41 graph]: --- Testf1: 0.87175, Best Valacc: 0.88800 in epoch 283 --- 
[2023-03-22 09:08:41] PRINT [03/22 09:08:41 graph]: Epoch 89: get test acc score:  0.87175
[2023-03-22 09:08:41] PRINT [03/22 09:08:41 graph]: best_f1 0.87175 at epoch 89
[2023-03-22 09:08:41] PRINT [03/22 09:08:41 graph]: start epoch 90.
[2023-03-22 09:08:41] PRINT [03/22 09:08:41 graph]: # Epoch 90: train_loss: 0.4588 | lr: 0.000492
[2023-03-22 09:08:48] PRINT [03/22 09:08:48 graph]: --- Testf1: 0.86612, Best Valacc: 0.87927 in epoch 379 --- 
[2023-03-22 09:08:48] PRINT [03/22 09:08:48 graph]: Epoch 90: get test acc score:  0.86612
[2023-03-22 09:08:48] PRINT [03/22 09:08:48 graph]: best_f1 0.87175 at epoch 89
[2023-03-22 09:08:48] PRINT [03/22 09:08:48 graph]: start epoch 91.
[2023-03-22 09:08:49] PRINT [03/22 09:08:49 graph]: # Epoch 91: train_loss: 0.4581 | lr: 0.000492
[2023-03-22 09:08:56] PRINT [03/22 09:08:56 graph]: --- Testf1: 0.86721, Best Valacc: 0.88291 in epoch 479 --- 
[2023-03-22 09:08:56] PRINT [03/22 09:08:56 graph]: Epoch 91: get test acc score:  0.86721
[2023-03-22 09:08:56] PRINT [03/22 09:08:56 graph]: best_f1 0.87175 at epoch 89
[2023-03-22 09:08:56] PRINT [03/22 09:08:56 graph]: start epoch 92.
[2023-03-22 09:08:56] PRINT [03/22 09:08:56 graph]: # Epoch 92: train_loss: 0.4576 | lr: 0.000492
[2023-03-22 09:09:04] PRINT [03/22 09:09:04 graph]: --- Testf1: 0.86384, Best Valacc: 0.88218 in epoch 415 --- 
[2023-03-22 09:09:04] PRINT [03/22 09:09:04 graph]: Epoch 92: get test acc score:  0.86384
[2023-03-22 09:09:04] PRINT [03/22 09:09:04 graph]: best_f1 0.87175 at epoch 89
[2023-03-22 09:09:04] PRINT [03/22 09:09:04 graph]: start epoch 93.
[2023-03-22 09:09:04] PRINT [03/22 09:09:04 graph]: # Epoch 93: train_loss: 0.4569 | lr: 0.000492
[2023-03-22 09:09:11] PRINT [03/22 09:09:11 graph]: --- Testf1: 0.87420, Best Valacc: 0.88145 in epoch 471 --- 
[2023-03-22 09:09:12] PRINT [03/22 09:09:12 graph]: Epoch 93: get test acc score:  0.87420
[2023-03-22 09:09:12] PRINT [03/22 09:09:12 graph]: best_f1 0.8742 at epoch 93
[2023-03-22 09:09:12] PRINT [03/22 09:09:12 graph]: start epoch 94.
[2023-03-22 09:09:12] PRINT [03/22 09:09:12 graph]: # Epoch 94: train_loss: 0.4555 | lr: 0.000492
[2023-03-22 09:09:19] PRINT [03/22 09:09:19 graph]: --- Testf1: 0.86439, Best Valacc: 0.88073 in epoch 179 --- 
[2023-03-22 09:09:19] PRINT [03/22 09:09:19 graph]: Epoch 94: get test acc score:  0.86439
[2023-03-22 09:09:19] PRINT [03/22 09:09:19 graph]: best_f1 0.8742 at epoch 93
[2023-03-22 09:09:19] PRINT [03/22 09:09:19 graph]: start epoch 95.
[2023-03-22 09:09:19] PRINT [03/22 09:09:19 graph]: # Epoch 95: train_loss: 0.4581 | lr: 0.000492
[2023-03-22 09:09:27] PRINT [03/22 09:09:27 graph]: --- Testf1: 0.87121, Best Valacc: 0.87782 in epoch 429 --- 
[2023-03-22 09:09:27] PRINT [03/22 09:09:27 graph]: Epoch 95: get test acc score:  0.87121
[2023-03-22 09:09:27] PRINT [03/22 09:09:27 graph]: best_f1 0.8742 at epoch 93
[2023-03-22 09:09:27] PRINT [03/22 09:09:27 graph]: start epoch 96.
[2023-03-22 09:09:27] PRINT [03/22 09:09:27 graph]: # Epoch 96: train_loss: 0.4551 | lr: 0.000492
[2023-03-22 09:09:34] PRINT [03/22 09:09:34 graph]: --- Testf1: 0.87411, Best Valacc: 0.87927 in epoch 260 --- 
[2023-03-22 09:09:34] PRINT [03/22 09:09:34 graph]: Epoch 96: get test acc score:  0.87411
[2023-03-22 09:09:34] PRINT [03/22 09:09:34 graph]: best_f1 0.8742 at epoch 93
[2023-03-22 09:09:34] PRINT [03/22 09:09:34 graph]: start epoch 97.
[2023-03-22 09:09:34] PRINT [03/22 09:09:34 graph]: # Epoch 97: train_loss: 0.4559 | lr: 0.000492
[2023-03-22 09:09:42] PRINT [03/22 09:09:42 graph]: --- Testf1: 0.86021, Best Valacc: 0.88218 in epoch 332 --- 
[2023-03-22 09:09:42] PRINT [03/22 09:09:42 graph]: Epoch 97: get test acc score:  0.86021
[2023-03-22 09:09:42] PRINT [03/22 09:09:42 graph]: best_f1 0.8742 at epoch 93
[2023-03-22 09:09:42] PRINT [03/22 09:09:42 graph]: start epoch 98.
[2023-03-22 09:09:42] PRINT [03/22 09:09:42 graph]: # Epoch 98: train_loss: 0.4557 | lr: 0.000492
[2023-03-22 09:09:49] PRINT [03/22 09:09:49 graph]: --- Testf1: 0.86639, Best Valacc: 0.88291 in epoch 375 --- 
[2023-03-22 09:09:49] PRINT [03/22 09:09:49 graph]: Epoch 98: get test acc score:  0.86639
[2023-03-22 09:09:49] PRINT [03/22 09:09:49 graph]: best_f1 0.8742 at epoch 93
[2023-03-22 09:09:49] PRINT [03/22 09:09:49 graph]: start epoch 99.
[2023-03-22 09:09:49] PRINT [03/22 09:09:49 graph]: # Epoch 99: train_loss: 0.4549 | lr: 0.000492
[2023-03-22 09:09:55] PRINT [03/22 09:09:55 graph]: --- Testf1: 0.87330, Best Valacc: 0.87345 in epoch 270 --- 
[2023-03-22 09:09:55] PRINT [03/22 09:09:55 graph]: Epoch 99: get test acc score:  0.87330
[2023-03-22 09:09:55] PRINT [03/22 09:09:55 graph]: best_f1 0.8742 at epoch 93
[2023-03-22 09:09:55] PRINT [03/22 09:09:55 graph]: # final_acc: 0.87420±0.00000
