[2023-03-22 07:00:23] PRINT ---new cfg------
[2023-03-22 07:00:23] PRINT {'DATA': {'data_name': 'comp'}, 'DATALOADER': {'NUM_WORKERS': 0}, 'MODEL': {'num_hidden': 512, 'num_layers': 2, 'nhead': 4, 'activation': 'prelu', 'attn_drop': 0.30000000000000004, 'feat_drop': 0.1, 'norm': 'layernorm', 'pooler': 'mean', 'beta_schedule': 'linear', 'beta_1': 0.00010867671603634697, 'beta_T': 0.005112397077670801, 'T': 748}, 'SOLVER': {'optim_type': 'adam', 'optim_type_f': 'adamw', 'alpha': 1, 'decay': 40, 'LR': 0.0001860191462282772, 'LR_f': 0.13942641010246365, 'weight_decay': 0, 'weight_decay_f': 6.497841913499425e-06, 'MAX_EPOCH': 100, 'max_epoch_f': 500}, 'DEVICE': 'cuda', 'seeds': [0], 'eval_T': [50, 100, 200], 'output_dir': '/ddm-nni/AmazonCoBuyComputerDataset¶/log', 'checkpoint_dir': '/ddm-nni/AmazonCoBuyComputerDataset¶/log/checkpoint'}
[2023-03-22 07:00:23] PRINT [03/22 07:00:23 graph]: Rank of current process: 0. World size: 1
[2023-03-22 07:00:26] PRINT [03/22 07:00:26 graph]: Environment info:
[2023-03-22 07:00:26] PRINT PyTorch version: 1.10.0+cu113
[2023-03-22 07:00:26] PRINT Is debug build: False
[2023-03-22 07:00:26] PRINT CUDA used to build PyTorch: 11.3
[2023-03-22 07:00:26] PRINT ROCM used to build PyTorch: N/A
[2023-03-22 07:00:26] PRINT 
[2023-03-22 07:00:26] PRINT OS: Ubuntu 20.04.3 LTS (x86_64)
[2023-03-22 07:00:26] PRINT GCC version: (Ubuntu 9.3.0-17ubuntu1~20.04) 9.3.0
[2023-03-22 07:00:26] PRINT Clang version: Could not collect
[2023-03-22 07:00:26] PRINT CMake version: version 3.16.3
[2023-03-22 07:00:26] PRINT Libc version: glibc-2.31
[2023-03-22 07:00:26] PRINT 
[2023-03-22 07:00:26] PRINT Python version: 3.8.10 (default, Jun  4 2021, 15:09:15)  [GCC 7.5.0] (64-bit runtime)
[2023-03-22 07:00:26] PRINT Python platform: Linux-5.4.0-90-generic-x86_64-with-glibc2.17
[2023-03-22 07:00:26] PRINT Is CUDA available: True
[2023-03-22 07:00:26] PRINT CUDA runtime version: 11.3.109
[2023-03-22 07:00:26] PRINT GPU models and configuration: GPU 0: NVIDIA GeForce RTX 3090
[2023-03-22 07:00:26] PRINT Nvidia driver version: 495.44
[2023-03-22 07:00:26] PRINT cuDNN version: Probably one of the following:
[2023-03-22 07:00:26] PRINT /usr/lib/x86_64-linux-gnu/libcudnn.so.8.2.0
[2023-03-22 07:00:26] PRINT /usr/lib/x86_64-linux-gnu/libcudnn_adv_infer.so.8.2.0
[2023-03-22 07:00:26] PRINT /usr/lib/x86_64-linux-gnu/libcudnn_adv_train.so.8.2.0
[2023-03-22 07:00:26] PRINT /usr/lib/x86_64-linux-gnu/libcudnn_cnn_infer.so.8.2.0
[2023-03-22 07:00:26] PRINT /usr/lib/x86_64-linux-gnu/libcudnn_cnn_train.so.8.2.0
[2023-03-22 07:00:26] PRINT /usr/lib/x86_64-linux-gnu/libcudnn_ops_infer.so.8.2.0
[2023-03-22 07:00:26] PRINT /usr/lib/x86_64-linux-gnu/libcudnn_ops_train.so.8.2.0
[2023-03-22 07:00:26] PRINT HIP runtime version: N/A
[2023-03-22 07:00:26] PRINT MIOpen runtime version: N/A
[2023-03-22 07:00:26] PRINT 
[2023-03-22 07:00:26] PRINT Versions of relevant libraries:
[2023-03-22 07:00:26] PRINT [pip3] numpy==1.23.5
[2023-03-22 07:00:26] PRINT [pip3] torch==1.10.0+cu113
[2023-03-22 07:00:26] PRINT [pip3] torchvision==0.11.1+cu113
[2023-03-22 07:00:26] PRINT [conda] blas                      1.0                         mkl    https://mirrors.ustc.edu.cn/anaconda/pkgs/main
[2023-03-22 07:00:26] PRINT [conda] mkl                       2021.4.0           h06a4308_640    https://mirrors.ustc.edu.cn/anaconda/pkgs/main
[2023-03-22 07:00:26] PRINT [conda] mkl-service               2.4.0            py38h7f8727e_0    https://mirrors.ustc.edu.cn/anaconda/pkgs/main
[2023-03-22 07:00:26] PRINT [conda] mkl_fft                   1.3.1            py38hd3c417c_0    https://mirrors.ustc.edu.cn/anaconda/pkgs/main
[2023-03-22 07:00:26] PRINT [conda] mkl_random                1.2.2            py38h51133e4_0    https://mirrors.ustc.edu.cn/anaconda/pkgs/main
[2023-03-22 07:00:26] PRINT [conda] numpy                     1.21.4                   pypi_0    pypi
[2023-03-22 07:00:26] PRINT [conda] numpy-base                1.23.5           py38h31eccc5_0    https://mirrors.ustc.edu.cn/anaconda/pkgs/main
[2023-03-22 07:00:26] PRINT [conda] torch                     1.10.0+cu113             pypi_0    pypi
[2023-03-22 07:00:26] PRINT [conda] torchvision               0.11.1+cu113             pypi_0    pypi
[2023-03-22 07:00:26] PRINT         Pillow (8.4.0)
[2023-03-22 07:00:26] PRINT [03/22 07:00:26 graph]: Command line arguments: Namespace(local_rank=0, resume=False, seed=1234, start_epoch=0)
[2023-03-22 07:00:26] PRINT [03/22 07:00:26 graph]: Run 0th for seed 0
[2023-03-22 07:00:26] PRINT [03/22 07:00:26 graph]: Total trainable params num : 8064003
[2023-03-22 07:00:31] PRINT [03/22 07:00:31 graph]: ----------Start Training----------
[2023-03-22 07:00:31] PRINT [03/22 07:00:31 graph]: start epoch 0.
[2023-03-22 07:00:32] PRINT [03/22 07:00:32 graph]: # Epoch 0: train_loss: 1.0201 | lr: 0.000186
[2023-03-22 07:00:32] PRINT [03/22 07:00:32 graph]: start epoch 1.
[2023-03-22 07:00:32] PRINT [03/22 07:00:32 graph]: # Epoch 1: train_loss: 0.8399 | lr: 0.000186
[2023-03-22 07:00:32] PRINT [03/22 07:00:32 graph]: start epoch 2.
[2023-03-22 07:00:32] PRINT [03/22 07:00:32 graph]: # Epoch 2: train_loss: 0.7496 | lr: 0.000186
[2023-03-22 07:00:32] PRINT [03/22 07:00:32 graph]: start epoch 3.
[2023-03-22 07:00:32] PRINT [03/22 07:00:32 graph]: # Epoch 3: train_loss: 0.6892 | lr: 0.000186
[2023-03-22 07:00:32] PRINT [03/22 07:00:32 graph]: start epoch 4.
[2023-03-22 07:00:32] PRINT [03/22 07:00:32 graph]: # Epoch 4: train_loss: 0.6521 | lr: 0.000186
[2023-03-22 07:00:32] PRINT [03/22 07:00:32 graph]: start epoch 5.
[2023-03-22 07:00:32] PRINT [03/22 07:00:32 graph]: # Epoch 5: train_loss: 0.6275 | lr: 0.000186
[2023-03-22 07:00:32] PRINT [03/22 07:00:32 graph]: start epoch 6.
[2023-03-22 07:00:32] PRINT [03/22 07:00:32 graph]: # Epoch 6: train_loss: 0.6101 | lr: 0.000186
[2023-03-22 07:00:32] PRINT [03/22 07:00:32 graph]: start epoch 7.
[2023-03-22 07:00:32] PRINT [03/22 07:00:32 graph]: # Epoch 7: train_loss: 0.5975 | lr: 0.000186
[2023-03-22 07:00:32] PRINT [03/22 07:00:32 graph]: start epoch 8.
[2023-03-22 07:00:32] PRINT [03/22 07:00:32 graph]: # Epoch 8: train_loss: 0.5873 | lr: 0.000186
[2023-03-22 07:00:32] PRINT [03/22 07:00:32 graph]: start epoch 9.
[2023-03-22 07:00:32] PRINT [03/22 07:00:32 graph]: # Epoch 9: train_loss: 0.5795 | lr: 0.000186
[2023-03-22 07:00:32] PRINT [03/22 07:00:32 graph]: start epoch 10.
[2023-03-22 07:00:32] PRINT [03/22 07:00:32 graph]: # Epoch 10: train_loss: 0.5732 | lr: 0.000186
[2023-03-22 07:00:32] PRINT [03/22 07:00:32 graph]: start epoch 11.
[2023-03-22 07:00:33] PRINT [03/22 07:00:33 graph]: # Epoch 11: train_loss: 0.5671 | lr: 0.000186
[2023-03-22 07:00:33] PRINT [03/22 07:00:33 graph]: start epoch 12.
[2023-03-22 07:00:33] PRINT [03/22 07:00:33 graph]: # Epoch 12: train_loss: 0.5617 | lr: 0.000186
[2023-03-22 07:00:33] PRINT [03/22 07:00:33 graph]: start epoch 13.
[2023-03-22 07:00:33] PRINT [03/22 07:00:33 graph]: # Epoch 13: train_loss: 0.5570 | lr: 0.000186
[2023-03-22 07:00:33] PRINT [03/22 07:00:33 graph]: start epoch 14.
[2023-03-22 07:00:33] PRINT [03/22 07:00:33 graph]: # Epoch 14: train_loss: 0.5530 | lr: 0.000186
[2023-03-22 07:00:33] PRINT [03/22 07:00:33 graph]: start epoch 15.
[2023-03-22 07:00:33] PRINT [03/22 07:00:33 graph]: # Epoch 15: train_loss: 0.5485 | lr: 0.000186
[2023-03-22 07:00:33] PRINT [03/22 07:00:33 graph]: start epoch 16.
[2023-03-22 07:00:33] PRINT [03/22 07:00:33 graph]: # Epoch 16: train_loss: 0.5446 | lr: 0.000186
[2023-03-22 07:00:33] PRINT [03/22 07:00:33 graph]: start epoch 17.
[2023-03-22 07:00:33] PRINT [03/22 07:00:33 graph]: # Epoch 17: train_loss: 0.5408 | lr: 0.000186
[2023-03-22 07:00:33] PRINT [03/22 07:00:33 graph]: start epoch 18.
[2023-03-22 07:00:33] PRINT [03/22 07:00:33 graph]: # Epoch 18: train_loss: 0.5374 | lr: 0.000186
[2023-03-22 07:00:33] PRINT [03/22 07:00:33 graph]: start epoch 19.
[2023-03-22 07:00:33] PRINT [03/22 07:00:33 graph]: # Epoch 19: train_loss: 0.5339 | lr: 0.000186
[2023-03-22 07:00:33] PRINT [03/22 07:00:33 graph]: start epoch 20.
[2023-03-22 07:00:33] PRINT [03/22 07:00:33 graph]: # Epoch 20: train_loss: 0.5306 | lr: 0.000186
[2023-03-22 07:00:33] PRINT [03/22 07:00:33 graph]: start epoch 21.
[2023-03-22 07:00:33] PRINT [03/22 07:00:33 graph]: # Epoch 21: train_loss: 0.5277 | lr: 0.000186
[2023-03-22 07:00:33] PRINT [03/22 07:00:33 graph]: start epoch 22.
[2023-03-22 07:00:33] PRINT [03/22 07:00:33 graph]: # Epoch 22: train_loss: 0.5248 | lr: 0.000186
[2023-03-22 07:00:33] PRINT [03/22 07:00:33 graph]: start epoch 23.
[2023-03-22 07:00:33] PRINT [03/22 07:00:33 graph]: # Epoch 23: train_loss: 0.5215 | lr: 0.000186
[2023-03-22 07:00:33] PRINT [03/22 07:00:33 graph]: start epoch 24.
[2023-03-22 07:00:34] PRINT [03/22 07:00:34 graph]: # Epoch 24: train_loss: 0.5184 | lr: 0.000186
[2023-03-22 07:00:34] PRINT [03/22 07:00:34 graph]: start epoch 25.
[2023-03-22 07:00:34] PRINT [03/22 07:00:34 graph]: # Epoch 25: train_loss: 0.5149 | lr: 0.000186
[2023-03-22 07:00:34] PRINT [03/22 07:00:34 graph]: start epoch 26.
[2023-03-22 07:00:34] PRINT [03/22 07:00:34 graph]: # Epoch 26: train_loss: 0.5120 | lr: 0.000186
[2023-03-22 07:00:34] PRINT [03/22 07:00:34 graph]: start epoch 27.
[2023-03-22 07:00:34] PRINT [03/22 07:00:34 graph]: # Epoch 27: train_loss: 0.5090 | lr: 0.000186
[2023-03-22 07:00:34] PRINT [03/22 07:00:34 graph]: start epoch 28.
[2023-03-22 07:00:34] PRINT [03/22 07:00:34 graph]: # Epoch 28: train_loss: 0.5065 | lr: 0.000186
[2023-03-22 07:00:34] PRINT [03/22 07:00:34 graph]: start epoch 29.
[2023-03-22 07:00:34] PRINT [03/22 07:00:34 graph]: # Epoch 29: train_loss: 0.5039 | lr: 0.000186
[2023-03-22 07:00:34] PRINT [03/22 07:00:34 graph]: start epoch 30.
[2023-03-22 07:00:34] PRINT [03/22 07:00:34 graph]: # Epoch 30: train_loss: 0.5011 | lr: 0.000186
[2023-03-22 07:00:34] PRINT [03/22 07:00:34 graph]: start epoch 31.
[2023-03-22 07:00:34] PRINT [03/22 07:00:34 graph]: # Epoch 31: train_loss: 0.4985 | lr: 0.000186
[2023-03-22 07:00:34] PRINT [03/22 07:00:34 graph]: start epoch 32.
[2023-03-22 07:00:34] PRINT [03/22 07:00:34 graph]: # Epoch 32: train_loss: 0.4959 | lr: 0.000186
[2023-03-22 07:00:34] PRINT [03/22 07:00:34 graph]: start epoch 33.
[2023-03-22 07:00:34] PRINT [03/22 07:00:34 graph]: # Epoch 33: train_loss: 0.4936 | lr: 0.000186
[2023-03-22 07:00:34] PRINT [03/22 07:00:34 graph]: start epoch 34.
[2023-03-22 07:00:34] PRINT [03/22 07:00:34 graph]: # Epoch 34: train_loss: 0.4913 | lr: 0.000186
[2023-03-22 07:00:34] PRINT [03/22 07:00:34 graph]: start epoch 35.
[2023-03-22 07:00:34] PRINT [03/22 07:00:34 graph]: # Epoch 35: train_loss: 0.4891 | lr: 0.000186
[2023-03-22 07:00:34] PRINT [03/22 07:00:34 graph]: start epoch 36.
[2023-03-22 07:00:35] PRINT [03/22 07:00:35 graph]: # Epoch 36: train_loss: 0.4872 | lr: 0.000186
[2023-03-22 07:00:35] PRINT [03/22 07:00:35 graph]: start epoch 37.
[2023-03-22 07:00:35] PRINT [03/22 07:00:35 graph]: # Epoch 37: train_loss: 0.4848 | lr: 0.000186
[2023-03-22 07:00:35] PRINT [03/22 07:00:35 graph]: start epoch 38.
[2023-03-22 07:00:35] PRINT [03/22 07:00:35 graph]: # Epoch 38: train_loss: 0.4825 | lr: 0.000186
[2023-03-22 07:00:35] PRINT [03/22 07:00:35 graph]: start epoch 39.
[2023-03-22 07:00:35] PRINT [03/22 07:00:35 graph]: # Epoch 39: train_loss: 0.4807 | lr: 0.000186
[2023-03-22 07:00:35] PRINT [03/22 07:00:35 graph]: start epoch 40.
[2023-03-22 07:00:35] PRINT [03/22 07:00:35 graph]: # Epoch 40: train_loss: 0.4791 | lr: 0.000186
[2023-03-22 07:00:35] PRINT [03/22 07:00:35 graph]: start epoch 41.
[2023-03-22 07:00:35] PRINT [03/22 07:00:35 graph]: # Epoch 41: train_loss: 0.4774 | lr: 0.000186
[2023-03-22 07:00:35] PRINT [03/22 07:00:35 graph]: start epoch 42.
[2023-03-22 07:00:35] PRINT [03/22 07:00:35 graph]: # Epoch 42: train_loss: 0.4755 | lr: 0.000186
[2023-03-22 07:00:35] PRINT [03/22 07:00:35 graph]: start epoch 43.
[2023-03-22 07:00:35] PRINT [03/22 07:00:35 graph]: # Epoch 43: train_loss: 0.4740 | lr: 0.000186
[2023-03-22 07:00:35] PRINT [03/22 07:00:35 graph]: start epoch 44.
[2023-03-22 07:00:35] PRINT [03/22 07:00:35 graph]: # Epoch 44: train_loss: 0.4726 | lr: 0.000186
[2023-03-22 07:00:35] PRINT [03/22 07:00:35 graph]: start epoch 45.
[2023-03-22 07:00:35] PRINT [03/22 07:00:35 graph]: # Epoch 45: train_loss: 0.4708 | lr: 0.000186
[2023-03-22 07:00:35] PRINT [03/22 07:00:35 graph]: start epoch 46.
[2023-03-22 07:00:35] PRINT [03/22 07:00:35 graph]: # Epoch 46: train_loss: 0.4691 | lr: 0.000186
[2023-03-22 07:00:35] PRINT [03/22 07:00:35 graph]: start epoch 47.
[2023-03-22 07:00:35] PRINT [03/22 07:00:35 graph]: # Epoch 47: train_loss: 0.4675 | lr: 0.000186
[2023-03-22 07:00:35] PRINT [03/22 07:00:35 graph]: start epoch 48.
[2023-03-22 07:00:35] PRINT [03/22 07:00:35 graph]: # Epoch 48: train_loss: 0.4664 | lr: 0.000186
[2023-03-22 07:00:35] PRINT [03/22 07:00:35 graph]: start epoch 49.
[2023-03-22 07:00:36] PRINT [03/22 07:00:36 graph]: # Epoch 49: train_loss: 0.4646 | lr: 0.000186
[2023-03-22 07:00:36] PRINT [03/22 07:00:36 graph]: start epoch 50.
[2023-03-22 07:00:36] PRINT [03/22 07:00:36 graph]: # Epoch 50: train_loss: 0.4636 | lr: 0.000186
[2023-03-22 07:00:36] PRINT [03/22 07:00:36 graph]: start epoch 51.
[2023-03-22 07:00:36] PRINT [03/22 07:00:36 graph]: # Epoch 51: train_loss: 0.4629 | lr: 0.000186
[2023-03-22 07:00:43] PRINT [03/22 07:00:43 graph]: --- Testf1: 0.87766, Best Valacc: 0.87782 in epoch 458 --- 
[2023-03-22 07:00:43] PRINT [03/22 07:00:43 graph]: Epoch 51: get test acc score:  0.87766
[2023-03-22 07:00:43] PRINT [03/22 07:00:43 graph]: best_f1 0.87766 at epoch 51
[2023-03-22 07:00:43] PRINT [03/22 07:00:43 graph]: start epoch 52.
[2023-03-22 07:00:43] PRINT [03/22 07:00:43 graph]: # Epoch 52: train_loss: 0.4625 | lr: 0.000186
[2023-03-22 07:00:51] PRINT [03/22 07:00:51 graph]: --- Testf1: 0.88084, Best Valacc: 0.87709 in epoch 438 --- 
[2023-03-22 07:00:51] PRINT [03/22 07:00:51 graph]: Epoch 52: get test acc score:  0.88084
[2023-03-22 07:00:51] PRINT [03/22 07:00:51 graph]: best_f1 0.88084 at epoch 52
[2023-03-22 07:00:51] PRINT [03/22 07:00:51 graph]: start epoch 53.
[2023-03-22 07:00:51] PRINT [03/22 07:00:51 graph]: # Epoch 53: train_loss: 0.4604 | lr: 0.000186
[2023-03-22 07:00:58] PRINT [03/22 07:00:58 graph]: --- Testf1: 0.88093, Best Valacc: 0.87927 in epoch 287 --- 
[2023-03-22 07:00:59] PRINT [03/22 07:00:59 graph]: Epoch 53: get test acc score:  0.88093
[2023-03-22 07:00:59] PRINT [03/22 07:00:59 graph]: best_f1 0.88093 at epoch 53
[2023-03-22 07:00:59] PRINT [03/22 07:00:59 graph]: start epoch 54.
[2023-03-22 07:00:59] PRINT [03/22 07:00:59 graph]: # Epoch 54: train_loss: 0.4587 | lr: 0.000186
[2023-03-22 07:01:06] PRINT [03/22 07:01:06 graph]: --- Testf1: 0.88657, Best Valacc: 0.88000 in epoch 328 --- 
[2023-03-22 07:01:06] PRINT [03/22 07:01:06 graph]: Epoch 54: get test acc score:  0.88657
[2023-03-22 07:01:06] PRINT [03/22 07:01:06 graph]: best_f1 0.88657 at epoch 54
[2023-03-22 07:01:06] PRINT [03/22 07:01:06 graph]: start epoch 55.
[2023-03-22 07:01:06] PRINT [03/22 07:01:06 graph]: # Epoch 55: train_loss: 0.4573 | lr: 0.000186
[2023-03-22 07:01:14] PRINT [03/22 07:01:14 graph]: --- Testf1: 0.88302, Best Valacc: 0.88582 in epoch 456 --- 
[2023-03-22 07:01:14] PRINT [03/22 07:01:14 graph]: Epoch 55: get test acc score:  0.88302
[2023-03-22 07:01:14] PRINT [03/22 07:01:14 graph]: best_f1 0.88657 at epoch 54
[2023-03-22 07:01:14] PRINT [03/22 07:01:14 graph]: start epoch 56.
[2023-03-22 07:01:14] PRINT [03/22 07:01:14 graph]: # Epoch 56: train_loss: 0.4572 | lr: 0.000186
[2023-03-22 07:01:22] PRINT [03/22 07:01:22 graph]: --- Testf1: 0.88048, Best Valacc: 0.88073 in epoch 475 --- 
[2023-03-22 07:01:22] PRINT [03/22 07:01:22 graph]: Epoch 56: get test acc score:  0.88048
[2023-03-22 07:01:22] PRINT [03/22 07:01:22 graph]: best_f1 0.88657 at epoch 54
[2023-03-22 07:01:22] PRINT [03/22 07:01:22 graph]: start epoch 57.
[2023-03-22 07:01:22] PRINT [03/22 07:01:22 graph]: # Epoch 57: train_loss: 0.4568 | lr: 0.000186
[2023-03-22 07:01:29] PRINT [03/22 07:01:29 graph]: --- Testf1: 0.87793, Best Valacc: 0.87782 in epoch 342 --- 
[2023-03-22 07:01:30] PRINT [03/22 07:01:30 graph]: Epoch 57: get test acc score:  0.87793
[2023-03-22 07:01:30] PRINT [03/22 07:01:30 graph]: best_f1 0.88657 at epoch 54
[2023-03-22 07:01:30] PRINT [03/22 07:01:30 graph]: start epoch 58.
[2023-03-22 07:01:30] PRINT [03/22 07:01:30 graph]: # Epoch 58: train_loss: 0.4568 | lr: 0.000186
[2023-03-22 07:01:37] PRINT [03/22 07:01:37 graph]: --- Testf1: 0.88048, Best Valacc: 0.88145 in epoch 431 --- 
[2023-03-22 07:01:37] PRINT [03/22 07:01:37 graph]: Epoch 58: get test acc score:  0.88048
[2023-03-22 07:01:37] PRINT [03/22 07:01:37 graph]: best_f1 0.88657 at epoch 54
[2023-03-22 07:01:37] PRINT [03/22 07:01:37 graph]: start epoch 59.
[2023-03-22 07:01:37] PRINT [03/22 07:01:37 graph]: # Epoch 59: train_loss: 0.4564 | lr: 0.000186
[2023-03-22 07:01:44] PRINT [03/22 07:01:44 graph]: --- Testf1: 0.88384, Best Valacc: 0.87709 in epoch 334 --- 
[2023-03-22 07:01:44] PRINT [03/22 07:01:44 graph]: Epoch 59: get test acc score:  0.88384
[2023-03-22 07:01:44] PRINT [03/22 07:01:44 graph]: best_f1 0.88657 at epoch 54
[2023-03-22 07:01:44] PRINT [03/22 07:01:44 graph]: start epoch 60.
[2023-03-22 07:01:45] PRINT [03/22 07:01:45 graph]: # Epoch 60: train_loss: 0.4525 | lr: 0.000186
[2023-03-22 07:01:51] PRINT [03/22 07:01:51 graph]: --- Testf1: 0.88438, Best Valacc: 0.88218 in epoch 425 --- 
[2023-03-22 07:01:52] PRINT [03/22 07:01:52 graph]: Epoch 60: get test acc score:  0.88438
[2023-03-22 07:01:52] PRINT [03/22 07:01:52 graph]: best_f1 0.88657 at epoch 54
[2023-03-22 07:01:52] PRINT [03/22 07:01:52 graph]: start epoch 61.
[2023-03-22 07:01:52] PRINT [03/22 07:01:52 graph]: # Epoch 61: train_loss: 0.4552 | lr: 0.000186
[2023-03-22 07:01:59] PRINT [03/22 07:01:59 graph]: --- Testf1: 0.88011, Best Valacc: 0.88873 in epoch 376 --- 
[2023-03-22 07:01:59] PRINT [03/22 07:01:59 graph]: Epoch 61: get test acc score:  0.88011
[2023-03-22 07:01:59] PRINT [03/22 07:01:59 graph]: best_f1 0.88657 at epoch 54
[2023-03-22 07:01:59] PRINT [03/22 07:01:59 graph]: start epoch 62.
[2023-03-22 07:01:59] PRINT [03/22 07:01:59 graph]: # Epoch 62: train_loss: 0.4533 | lr: 0.000186
[2023-03-22 07:02:06] PRINT [03/22 07:02:06 graph]: --- Testf1: 0.88020, Best Valacc: 0.88582 in epoch 276 --- 
[2023-03-22 07:02:06] PRINT [03/22 07:02:06 graph]: Epoch 62: get test acc score:  0.88020
[2023-03-22 07:02:06] PRINT [03/22 07:02:06 graph]: best_f1 0.88657 at epoch 54
[2023-03-22 07:02:06] PRINT [03/22 07:02:06 graph]: start epoch 63.
[2023-03-22 07:02:06] PRINT [03/22 07:02:06 graph]: # Epoch 63: train_loss: 0.4514 | lr: 0.000186
[2023-03-22 07:02:13] PRINT [03/22 07:02:13 graph]: --- Testf1: 0.88175, Best Valacc: 0.87709 in epoch 297 --- 
[2023-03-22 07:02:14] PRINT [03/22 07:02:14 graph]: Epoch 63: get test acc score:  0.88175
[2023-03-22 07:02:14] PRINT [03/22 07:02:14 graph]: best_f1 0.88657 at epoch 54
[2023-03-22 07:02:14] PRINT [03/22 07:02:14 graph]: start epoch 64.
[2023-03-22 07:02:14] PRINT [03/22 07:02:14 graph]: # Epoch 64: train_loss: 0.4514 | lr: 0.000186
[2023-03-22 07:02:21] PRINT [03/22 07:02:21 graph]: --- Testf1: 0.88348, Best Valacc: 0.88145 in epoch 404 --- 
[2023-03-22 07:02:21] PRINT [03/22 07:02:21 graph]: Epoch 64: get test acc score:  0.88348
[2023-03-22 07:02:21] PRINT [03/22 07:02:21 graph]: best_f1 0.88657 at epoch 54
[2023-03-22 07:02:21] PRINT [03/22 07:02:21 graph]: start epoch 65.
[2023-03-22 07:02:22] PRINT [03/22 07:02:22 graph]: # Epoch 65: train_loss: 0.4503 | lr: 0.000186
[2023-03-22 07:02:29] PRINT [03/22 07:02:29 graph]: --- Testf1: 0.88566, Best Valacc: 0.88436 in epoch 386 --- 
[2023-03-22 07:02:29] PRINT [03/22 07:02:29 graph]: Epoch 65: get test acc score:  0.88566
[2023-03-22 07:02:29] PRINT [03/22 07:02:29 graph]: best_f1 0.88657 at epoch 54
[2023-03-22 07:02:29] PRINT [03/22 07:02:29 graph]: start epoch 66.
[2023-03-22 07:02:29] PRINT [03/22 07:02:29 graph]: # Epoch 66: train_loss: 0.4481 | lr: 0.000186
[2023-03-22 07:02:36] PRINT [03/22 07:02:36 graph]: --- Testf1: 0.88638, Best Valacc: 0.88364 in epoch 402 --- 
[2023-03-22 07:02:37] PRINT [03/22 07:02:37 graph]: Epoch 66: get test acc score:  0.88638
[2023-03-22 07:02:37] PRINT [03/22 07:02:37 graph]: best_f1 0.88657 at epoch 54
[2023-03-22 07:02:37] PRINT [03/22 07:02:37 graph]: start epoch 67.
[2023-03-22 07:02:37] PRINT [03/22 07:02:37 graph]: # Epoch 67: train_loss: 0.4483 | lr: 0.000186
[2023-03-22 07:02:44] PRINT [03/22 07:02:44 graph]: --- Testf1: 0.88693, Best Valacc: 0.88800 in epoch 482 --- 
[2023-03-22 07:02:45] PRINT [03/22 07:02:45 graph]: Epoch 67: get test acc score:  0.88693
[2023-03-22 07:02:45] PRINT [03/22 07:02:45 graph]: best_f1 0.88693 at epoch 67
[2023-03-22 07:02:45] PRINT [03/22 07:02:45 graph]: start epoch 68.
[2023-03-22 07:02:45] PRINT [03/22 07:02:45 graph]: # Epoch 68: train_loss: 0.4464 | lr: 0.000186
[2023-03-22 07:02:52] PRINT [03/22 07:02:52 graph]: --- Testf1: 0.88702, Best Valacc: 0.88509 in epoch 413 --- 
[2023-03-22 07:02:52] PRINT [03/22 07:02:52 graph]: Epoch 68: get test acc score:  0.88702
[2023-03-22 07:02:52] PRINT [03/22 07:02:52 graph]: best_f1 0.88702 at epoch 68
[2023-03-22 07:02:52] PRINT [03/22 07:02:52 graph]: start epoch 69.
[2023-03-22 07:02:52] PRINT [03/22 07:02:52 graph]: # Epoch 69: train_loss: 0.4462 | lr: 0.000186
[2023-03-22 07:03:00] PRINT [03/22 07:03:00 graph]: --- Testf1: 0.88239, Best Valacc: 0.88364 in epoch 213 --- 
[2023-03-22 07:03:00] PRINT [03/22 07:03:00 graph]: Epoch 69: get test acc score:  0.88239
[2023-03-22 07:03:00] PRINT [03/22 07:03:00 graph]: best_f1 0.88702 at epoch 68
[2023-03-22 07:03:00] PRINT [03/22 07:03:00 graph]: start epoch 70.
[2023-03-22 07:03:00] PRINT [03/22 07:03:00 graph]: # Epoch 70: train_loss: 0.4458 | lr: 0.000186
[2023-03-22 07:03:07] PRINT [03/22 07:03:07 graph]: --- Testf1: 0.88575, Best Valacc: 0.88727 in epoch 434 --- 
[2023-03-22 07:03:08] PRINT [03/22 07:03:08 graph]: Epoch 70: get test acc score:  0.88575
[2023-03-22 07:03:08] PRINT [03/22 07:03:08 graph]: best_f1 0.88702 at epoch 68
[2023-03-22 07:03:08] PRINT [03/22 07:03:08 graph]: start epoch 71.
[2023-03-22 07:03:08] PRINT [03/22 07:03:08 graph]: # Epoch 71: train_loss: 0.4458 | lr: 0.000186
[2023-03-22 07:03:15] PRINT [03/22 07:03:15 graph]: --- Testf1: 0.88466, Best Valacc: 0.88800 in epoch 450 --- 
[2023-03-22 07:03:15] PRINT [03/22 07:03:15 graph]: Epoch 71: get test acc score:  0.88466
[2023-03-22 07:03:15] PRINT [03/22 07:03:15 graph]: best_f1 0.88702 at epoch 68
[2023-03-22 07:03:15] PRINT [03/22 07:03:15 graph]: start epoch 72.
[2023-03-22 07:03:16] PRINT [03/22 07:03:16 graph]: # Epoch 72: train_loss: 0.4449 | lr: 0.000186
[2023-03-22 07:03:23] PRINT [03/22 07:03:23 graph]: --- Testf1: 0.88520, Best Valacc: 0.88436 in epoch 316 --- 
[2023-03-22 07:03:23] PRINT [03/22 07:03:23 graph]: Epoch 72: get test acc score:  0.88520
[2023-03-22 07:03:23] PRINT [03/22 07:03:23 graph]: best_f1 0.88702 at epoch 68
[2023-03-22 07:03:23] PRINT [03/22 07:03:23 graph]: start epoch 73.
[2023-03-22 07:03:23] PRINT [03/22 07:03:23 graph]: # Epoch 73: train_loss: 0.4424 | lr: 0.000186
[2023-03-22 07:03:30] PRINT [03/22 07:03:30 graph]: --- Testf1: 0.88975, Best Valacc: 0.89018 in epoch 463 --- 
[2023-03-22 07:03:31] PRINT [03/22 07:03:31 graph]: Epoch 73: get test acc score:  0.88975
[2023-03-22 07:03:31] PRINT [03/22 07:03:31 graph]: best_f1 0.88975 at epoch 73
[2023-03-22 07:03:31] PRINT [03/22 07:03:31 graph]: start epoch 74.
[2023-03-22 07:03:31] PRINT [03/22 07:03:31 graph]: # Epoch 74: train_loss: 0.4441 | lr: 0.000186
[2023-03-22 07:03:38] PRINT [03/22 07:03:38 graph]: --- Testf1: 0.88729, Best Valacc: 0.88800 in epoch 396 --- 
[2023-03-22 07:03:39] PRINT [03/22 07:03:39 graph]: Epoch 74: get test acc score:  0.88729
[2023-03-22 07:03:39] PRINT [03/22 07:03:39 graph]: best_f1 0.88975 at epoch 73
[2023-03-22 07:03:39] PRINT [03/22 07:03:39 graph]: start epoch 75.
[2023-03-22 07:03:39] PRINT [03/22 07:03:39 graph]: # Epoch 75: train_loss: 0.4416 | lr: 0.000186
[2023-03-22 07:03:46] PRINT [03/22 07:03:46 graph]: --- Testf1: 0.88829, Best Valacc: 0.88800 in epoch 496 --- 
[2023-03-22 07:03:46] PRINT [03/22 07:03:46 graph]: Epoch 75: get test acc score:  0.88829
[2023-03-22 07:03:46] PRINT [03/22 07:03:46 graph]: best_f1 0.88975 at epoch 73
[2023-03-22 07:03:46] PRINT [03/22 07:03:46 graph]: start epoch 76.
[2023-03-22 07:03:46] PRINT [03/22 07:03:46 graph]: # Epoch 76: train_loss: 0.4414 | lr: 0.000186
[2023-03-22 07:03:54] PRINT [03/22 07:03:54 graph]: --- Testf1: 0.88511, Best Valacc: 0.88364 in epoch 471 --- 
[2023-03-22 07:03:54] PRINT [03/22 07:03:54 graph]: Epoch 76: get test acc score:  0.88511
[2023-03-22 07:03:54] PRINT [03/22 07:03:54 graph]: best_f1 0.88975 at epoch 73
[2023-03-22 07:03:54] PRINT [03/22 07:03:54 graph]: start epoch 77.
[2023-03-22 07:03:54] PRINT [03/22 07:03:54 graph]: # Epoch 77: train_loss: 0.4401 | lr: 0.000186
[2023-03-22 07:04:01] PRINT [03/22 07:04:01 graph]: --- Testf1: 0.88766, Best Valacc: 0.88727 in epoch 440 --- 
[2023-03-22 07:04:02] PRINT [03/22 07:04:02 graph]: Epoch 77: get test acc score:  0.88766
[2023-03-22 07:04:02] PRINT [03/22 07:04:02 graph]: best_f1 0.88975 at epoch 73
[2023-03-22 07:04:02] PRINT [03/22 07:04:02 graph]: start epoch 78.
[2023-03-22 07:04:02] PRINT [03/22 07:04:02 graph]: # Epoch 78: train_loss: 0.4396 | lr: 0.000186
[2023-03-22 07:04:09] PRINT [03/22 07:04:09 graph]: --- Testf1: 0.88420, Best Valacc: 0.88727 in epoch 348 --- 
[2023-03-22 07:04:10] PRINT [03/22 07:04:10 graph]: Epoch 78: get test acc score:  0.88420
[2023-03-22 07:04:10] PRINT [03/22 07:04:10 graph]: best_f1 0.88975 at epoch 73
[2023-03-22 07:04:10] PRINT [03/22 07:04:10 graph]: start epoch 79.
[2023-03-22 07:04:10] PRINT [03/22 07:04:10 graph]: # Epoch 79: train_loss: 0.4388 | lr: 0.000186
[2023-03-22 07:04:17] PRINT [03/22 07:04:17 graph]: --- Testf1: 0.88693, Best Valacc: 0.89091 in epoch 451 --- 
[2023-03-22 07:04:17] PRINT [03/22 07:04:17 graph]: Epoch 79: get test acc score:  0.88693
[2023-03-22 07:04:17] PRINT [03/22 07:04:17 graph]: best_f1 0.88975 at epoch 73
[2023-03-22 07:04:17] PRINT [03/22 07:04:17 graph]: start epoch 80.
[2023-03-22 07:04:17] PRINT [03/22 07:04:17 graph]: # Epoch 80: train_loss: 0.4377 | lr: 0.000186
[2023-03-22 07:04:24] PRINT [03/22 07:04:24 graph]: --- Testf1: 0.88648, Best Valacc: 0.89018 in epoch 416 --- 
[2023-03-22 07:04:25] PRINT [03/22 07:04:25 graph]: Epoch 80: get test acc score:  0.88648
[2023-03-22 07:04:25] PRINT [03/22 07:04:25 graph]: best_f1 0.88975 at epoch 73
[2023-03-22 07:04:25] PRINT [03/22 07:04:25 graph]: start epoch 81.
[2023-03-22 07:04:25] PRINT [03/22 07:04:25 graph]: # Epoch 81: train_loss: 0.4371 | lr: 0.000186
[2023-03-22 07:04:32] PRINT [03/22 07:04:32 graph]: --- Testf1: 0.88702, Best Valacc: 0.88727 in epoch 472 --- 
[2023-03-22 07:04:33] PRINT [03/22 07:04:33 graph]: Epoch 81: get test acc score:  0.88702
[2023-03-22 07:04:33] PRINT [03/22 07:04:33 graph]: best_f1 0.88975 at epoch 73
[2023-03-22 07:04:33] PRINT [03/22 07:04:33 graph]: start epoch 82.
[2023-03-22 07:04:33] PRINT [03/22 07:04:33 graph]: # Epoch 82: train_loss: 0.4361 | lr: 0.000186
[2023-03-22 07:04:38] PRINT [03/22 07:04:38 graph]: --- Testf1: 0.88893, Best Valacc: 0.89236 in epoch 244 --- 
[2023-03-22 07:04:39] PRINT [03/22 07:04:39 graph]: Epoch 82: get test acc score:  0.88893
[2023-03-22 07:04:39] PRINT [03/22 07:04:39 graph]: best_f1 0.88975 at epoch 73
[2023-03-22 07:04:39] PRINT [03/22 07:04:39 graph]: start epoch 83.
[2023-03-22 07:04:39] PRINT [03/22 07:04:39 graph]: # Epoch 83: train_loss: 0.4359 | lr: 0.000186
[2023-03-22 07:04:44] PRINT [03/22 07:04:44 graph]: --- Testf1: 0.88775, Best Valacc: 0.89527 in epoch 374 --- 
[2023-03-22 07:04:45] PRINT [03/22 07:04:45 graph]: Epoch 83: get test acc score:  0.88775
[2023-03-22 07:04:45] PRINT [03/22 07:04:45 graph]: best_f1 0.88975 at epoch 73
[2023-03-22 07:04:45] PRINT [03/22 07:04:45 graph]: start epoch 84.
[2023-03-22 07:04:45] PRINT [03/22 07:04:45 graph]: # Epoch 84: train_loss: 0.4356 | lr: 0.000186
[2023-03-22 07:04:50] PRINT [03/22 07:04:50 graph]: --- Testf1: 0.88438, Best Valacc: 0.88873 in epoch 255 --- 
[2023-03-22 07:04:51] PRINT [03/22 07:04:51 graph]: Epoch 84: get test acc score:  0.88438
[2023-03-22 07:04:51] PRINT [03/22 07:04:51 graph]: best_f1 0.88975 at epoch 73
[2023-03-22 07:04:51] PRINT [03/22 07:04:51 graph]: start epoch 85.
[2023-03-22 07:04:51] PRINT [03/22 07:04:51 graph]: # Epoch 85: train_loss: 0.4353 | lr: 0.000186
[2023-03-22 07:05:00] PRINT [03/22 07:05:00 graph]: --- Testf1: 0.89193, Best Valacc: 0.89018 in epoch 380 --- 
[2023-03-22 07:05:00] PRINT [03/22 07:05:00 graph]: Epoch 85: get test acc score:  0.89193
[2023-03-22 07:05:00] PRINT [03/22 07:05:00 graph]: best_f1 0.89193 at epoch 85
[2023-03-22 07:05:00] PRINT [03/22 07:05:00 graph]: start epoch 86.
[2023-03-22 07:05:00] PRINT [03/22 07:05:00 graph]: # Epoch 86: train_loss: 0.4349 | lr: 0.000186
[2023-03-22 07:05:07] PRINT [03/22 07:05:07 graph]: --- Testf1: 0.89020, Best Valacc: 0.88873 in epoch 317 --- 
[2023-03-22 07:05:08] PRINT [03/22 07:05:08 graph]: Epoch 86: get test acc score:  0.89020
[2023-03-22 07:05:08] PRINT [03/22 07:05:08 graph]: best_f1 0.89193 at epoch 85
[2023-03-22 07:05:08] PRINT [03/22 07:05:08 graph]: start epoch 87.
[2023-03-22 07:05:08] PRINT [03/22 07:05:08 graph]: # Epoch 87: train_loss: 0.4335 | lr: 0.000186
[2023-03-22 07:05:15] PRINT [03/22 07:05:15 graph]: --- Testf1: 0.88684, Best Valacc: 0.89091 in epoch 499 --- 
[2023-03-22 07:05:16] PRINT [03/22 07:05:16 graph]: Epoch 87: get test acc score:  0.88684
[2023-03-22 07:05:16] PRINT [03/22 07:05:16 graph]: best_f1 0.89193 at epoch 85
[2023-03-22 07:05:16] PRINT [03/22 07:05:16 graph]: start epoch 88.
[2023-03-22 07:05:16] PRINT [03/22 07:05:16 graph]: # Epoch 88: train_loss: 0.4329 | lr: 0.000186
[2023-03-22 07:05:23] PRINT [03/22 07:05:23 graph]: --- Testf1: 0.88866, Best Valacc: 0.89673 in epoch 472 --- 
[2023-03-22 07:05:23] PRINT [03/22 07:05:23 graph]: Epoch 88: get test acc score:  0.88866
[2023-03-22 07:05:23] PRINT [03/22 07:05:23 graph]: best_f1 0.89193 at epoch 85
[2023-03-22 07:05:23] PRINT [03/22 07:05:23 graph]: start epoch 89.
[2023-03-22 07:05:23] PRINT [03/22 07:05:23 graph]: # Epoch 89: train_loss: 0.4325 | lr: 0.000186
[2023-03-22 07:05:31] PRINT [03/22 07:05:31 graph]: --- Testf1: 0.88557, Best Valacc: 0.89164 in epoch 409 --- 
[2023-03-22 07:05:31] PRINT [03/22 07:05:31 graph]: Epoch 89: get test acc score:  0.88557
[2023-03-22 07:05:31] PRINT [03/22 07:05:31 graph]: best_f1 0.89193 at epoch 85
[2023-03-22 07:05:31] PRINT [03/22 07:05:31 graph]: start epoch 90.
[2023-03-22 07:05:31] PRINT [03/22 07:05:31 graph]: # Epoch 90: train_loss: 0.4327 | lr: 0.000186
[2023-03-22 07:05:39] PRINT [03/22 07:05:39 graph]: --- Testf1: 0.89002, Best Valacc: 0.88873 in epoch 453 --- 
[2023-03-22 07:05:39] PRINT [03/22 07:05:39 graph]: Epoch 90: get test acc score:  0.89002
[2023-03-22 07:05:39] PRINT [03/22 07:05:39 graph]: best_f1 0.89193 at epoch 85
[2023-03-22 07:05:39] PRINT [03/22 07:05:39 graph]: start epoch 91.
[2023-03-22 07:05:39] PRINT [03/22 07:05:39 graph]: # Epoch 91: train_loss: 0.4338 | lr: 0.000186
[2023-03-22 07:05:46] PRINT [03/22 07:05:46 graph]: --- Testf1: 0.88311, Best Valacc: 0.88655 in epoch 396 --- 
[2023-03-22 07:05:47] PRINT [03/22 07:05:47 graph]: Epoch 91: get test acc score:  0.88311
[2023-03-22 07:05:47] PRINT [03/22 07:05:47 graph]: best_f1 0.89193 at epoch 85
[2023-03-22 07:05:47] PRINT [03/22 07:05:47 graph]: start epoch 92.
[2023-03-22 07:05:47] PRINT [03/22 07:05:47 graph]: # Epoch 92: train_loss: 0.4310 | lr: 0.000186
[2023-03-22 07:05:54] PRINT [03/22 07:05:54 graph]: --- Testf1: 0.88857, Best Valacc: 0.88945 in epoch 276 --- 
[2023-03-22 07:05:55] PRINT [03/22 07:05:55 graph]: Epoch 92: get test acc score:  0.88857
[2023-03-22 07:05:55] PRINT [03/22 07:05:55 graph]: best_f1 0.89193 at epoch 85
[2023-03-22 07:05:55] PRINT [03/22 07:05:55 graph]: start epoch 93.
[2023-03-22 07:05:55] PRINT [03/22 07:05:55 graph]: # Epoch 93: train_loss: 0.4304 | lr: 0.000186
[2023-03-22 07:06:02] PRINT [03/22 07:06:02 graph]: --- Testf1: 0.88929, Best Valacc: 0.89382 in epoch 485 --- 
[2023-03-22 07:06:03] PRINT [03/22 07:06:03 graph]: Epoch 93: get test acc score:  0.88929
[2023-03-22 07:06:03] PRINT [03/22 07:06:03 graph]: best_f1 0.89193 at epoch 85
[2023-03-22 07:06:03] PRINT [03/22 07:06:03 graph]: start epoch 94.
[2023-03-22 07:06:03] PRINT [03/22 07:06:03 graph]: # Epoch 94: train_loss: 0.4309 | lr: 0.000186
[2023-03-22 07:06:10] PRINT [03/22 07:06:10 graph]: --- Testf1: 0.89102, Best Valacc: 0.88727 in epoch 408 --- 
[2023-03-22 07:06:10] PRINT [03/22 07:06:10 graph]: Epoch 94: get test acc score:  0.89102
[2023-03-22 07:06:10] PRINT [03/22 07:06:10 graph]: best_f1 0.89193 at epoch 85
[2023-03-22 07:06:10] PRINT [03/22 07:06:10 graph]: start epoch 95.
[2023-03-22 07:06:11] PRINT [03/22 07:06:11 graph]: # Epoch 95: train_loss: 0.4301 | lr: 0.000186
[2023-03-22 07:06:18] PRINT [03/22 07:06:18 graph]: --- Testf1: 0.88838, Best Valacc: 0.88945 in epoch 452 --- 
[2023-03-22 07:06:18] PRINT [03/22 07:06:18 graph]: Epoch 95: get test acc score:  0.88838
[2023-03-22 07:06:18] PRINT [03/22 07:06:18 graph]: best_f1 0.89193 at epoch 85
[2023-03-22 07:06:18] PRINT [03/22 07:06:18 graph]: start epoch 96.
[2023-03-22 07:06:18] PRINT [03/22 07:06:18 graph]: # Epoch 96: train_loss: 0.4287 | lr: 0.000186
[2023-03-22 07:06:25] PRINT [03/22 07:06:25 graph]: --- Testf1: 0.89320, Best Valacc: 0.89673 in epoch 308 --- 
[2023-03-22 07:06:26] PRINT [03/22 07:06:26 graph]: Epoch 96: get test acc score:  0.89320
[2023-03-22 07:06:26] PRINT [03/22 07:06:26 graph]: best_f1 0.8932 at epoch 96
[2023-03-22 07:06:26] PRINT [03/22 07:06:26 graph]: start epoch 97.
[2023-03-22 07:06:26] PRINT [03/22 07:06:26 graph]: # Epoch 97: train_loss: 0.4290 | lr: 0.000186
[2023-03-22 07:06:33] PRINT [03/22 07:06:33 graph]: --- Testf1: 0.88620, Best Valacc: 0.89164 in epoch 418 --- 
[2023-03-22 07:06:33] PRINT [03/22 07:06:33 graph]: Epoch 97: get test acc score:  0.88620
[2023-03-22 07:06:33] PRINT [03/22 07:06:33 graph]: best_f1 0.8932 at epoch 96
[2023-03-22 07:06:33] PRINT [03/22 07:06:33 graph]: start epoch 98.
[2023-03-22 07:06:33] PRINT [03/22 07:06:33 graph]: # Epoch 98: train_loss: 0.4281 | lr: 0.000186
[2023-03-22 07:06:39] PRINT [03/22 07:06:39 graph]: --- Testf1: 0.88938, Best Valacc: 0.89382 in epoch 352 --- 
[2023-03-22 07:06:39] PRINT [03/22 07:06:39 graph]: Epoch 98: get test acc score:  0.88938
[2023-03-22 07:06:39] PRINT [03/22 07:06:39 graph]: best_f1 0.8932 at epoch 96
[2023-03-22 07:06:39] PRINT [03/22 07:06:39 graph]: start epoch 99.
[2023-03-22 07:06:39] PRINT [03/22 07:06:39 graph]: # Epoch 99: train_loss: 0.4292 | lr: 0.000186
[2023-03-22 07:06:44] PRINT [03/22 07:06:44 graph]: --- Testf1: 0.88666, Best Valacc: 0.89309 in epoch 411 --- 
[2023-03-22 07:06:45] PRINT [03/22 07:06:45 graph]: Epoch 99: get test acc score:  0.88666
[2023-03-22 07:06:45] PRINT [03/22 07:06:45 graph]: best_f1 0.8932 at epoch 96
[2023-03-22 07:06:45] PRINT [03/22 07:06:45 graph]: # final_acc: 0.89320±0.00000
