[2023-04-05 23:56:21] INFO (main) Start NNI manager
[2023-04-05 23:56:21] INFO (NNIDataStore) Datastore initialization done
[2023-04-05 23:56:21] INFO (RestServer) Starting REST server at port 6006, URL prefix: "/"
[2023-04-05 23:56:21] INFO (RestServer) REST server started.
[2023-04-05 23:56:22] INFO (NNIManager) Starting experiment: s0b1a6mi
[2023-04-05 23:56:22] INFO (NNIManager) Setup training service...
[2023-04-05 23:56:22] INFO (LocalTrainingService) Construct local machine training service.
[2023-04-05 23:56:22] INFO (NNIManager) Setup tuner...
[2023-04-05 23:56:22] INFO (NNIManager) Change NNIManager status from: INITIALIZED to: RUNNING
[2023-04-05 23:56:22] INFO (NNIManager) Add event listeners
[2023-04-05 23:56:22] INFO (LocalTrainingService) Run local machine training service.
[2023-04-05 23:56:22] INFO (NNIManager) NNIManager received command from dispatcher: ID, 
[2023-04-05 23:56:22] INFO (NNIManager) NNIManager received command from dispatcher: TR, {"parameter_id": 0, "parameter_source": "algorithm", "parameters": {"feat_drop": 0.4, "attn_drop": 0.2, "nhead": 2, "num_hidden": 128, "LR": 0.00015531139328646423, "alpha": 0.8, "decay": 20.0, "norm": "batchnorm", "beta_schedule": "sigmoid", "beta_1": 0.0004365176733816251, "beta_T": 0.022844627486676344, "T": 406.7639734354252}, "parameter_index": 0}
[2023-04-05 23:56:27] INFO (NNIManager) submitTrialJob: form: {
  sequenceId: 0,
  hyperParameters: {
    value: '{"parameter_id": 0, "parameter_source": "algorithm", "parameters": {"feat_drop": 0.4, "attn_drop": 0.2, "nhead": 2, "num_hidden": 128, "LR": 0.00015531139328646423, "alpha": 0.8, "decay": 20.0, "norm": "batchnorm", "beta_schedule": "sigmoid", "beta_1": 0.0004365176733816251, "beta_T": 0.022844627486676344, "T": 406.7639734354252}, "parameter_index": 0}',
    index: 0
  },
  placementConstraint: { type: 'None', gpus: [] }
}
[2023-04-05 23:56:32] INFO (NNIManager) NNIManager received command from dispatcher: TR, {"parameter_id": 1, "parameter_source": "algorithm", "parameters": {"feat_drop": 0.1, "attn_drop": 0.4, "nhead": 4, "num_hidden": 256, "LR": 3.129263693007686e-05, "alpha": 1, "decay": 10.0, "norm": "batchnorm", "beta_schedule": "linear", "beta_1": 0.0003002454275599834, "beta_T": 0.015162425998990054, "T": 502.9567669463621}, "parameter_index": 0}
[2023-04-05 23:56:37] INFO (NNIManager) Trial job phQ84 status changed from WAITING to RUNNING
[2023-04-05 23:56:37] INFO (NNIManager) submitTrialJob: form: {
  sequenceId: 1,
  hyperParameters: {
    value: '{"parameter_id": 1, "parameter_source": "algorithm", "parameters": {"feat_drop": 0.1, "attn_drop": 0.4, "nhead": 4, "num_hidden": 256, "LR": 3.129263693007686e-05, "alpha": 1, "decay": 10.0, "norm": "batchnorm", "beta_schedule": "linear", "beta_1": 0.0003002454275599834, "beta_T": 0.015162425998990054, "T": 502.9567669463621}, "parameter_index": 0}',
    index: 0
  },
  placementConstraint: { type: 'None', gpus: [] }
}
[2023-04-05 23:56:42] INFO (NNIManager) Trial job Vsm5T status changed from WAITING to RUNNING
[2023-04-05 23:57:22] INFO (NNIManager) Trial job Vsm5T status changed from RUNNING to FAILED
[2023-04-05 23:57:22] INFO (NNIManager) NNIManager received command from dispatcher: TR, {"parameter_id": 2, "parameter_source": "algorithm", "parameters": {"feat_drop": 0.4, "attn_drop": 0.4, "nhead": 8, "num_hidden": 64, "LR": 0.0007863497543303194, "alpha": 1, "decay": 30.0, "norm": "layernorm", "beta_schedule": "const", "beta_1": 0.00010685634814560444, "beta_T": 0.05189684201934151, "T": 453.2462725990315}, "parameter_index": 0}
[2023-04-05 23:57:27] INFO (NNIManager) submitTrialJob: form: {
  sequenceId: 2,
  hyperParameters: {
    value: '{"parameter_id": 2, "parameter_source": "algorithm", "parameters": {"feat_drop": 0.4, "attn_drop": 0.4, "nhead": 8, "num_hidden": 64, "LR": 0.0007863497543303194, "alpha": 1, "decay": 30.0, "norm": "layernorm", "beta_schedule": "const", "beta_1": 0.00010685634814560444, "beta_T": 0.05189684201934151, "T": 453.2462725990315}, "parameter_index": 0}',
    index: 0
  },
  placementConstraint: { type: 'None', gpus: [] }
}
[2023-04-05 23:57:32] INFO (NNIManager) Trial job yZ1ry status changed from WAITING to RUNNING
[2023-04-05 23:58:12] INFO (NNIManager) Trial job yZ1ry status changed from RUNNING to FAILED
[2023-04-06 00:16:29] INFO (NNIManager) Trial job phQ84 status changed from RUNNING to SUCCEEDED
[2023-04-06 00:16:29] INFO (NNIManager) submitTrialJob: form: {
  sequenceId: 3,
  hyperParameters: {
    value: '{"parameter_id":null,"parameter_source":"customized","parameters":{"feat_drop":0.1,"attn_drop":0.4,"nhead":4,"num_hidden":256,"LR":0.00003129263693007686,"alpha":1,"decay":10,"norm":"batchnorm","beta_schedule":"linear","beta_1":0.0003002454275599834,"beta_T":0.015162425998990054,"T":502.9567669463621}}',
    index: 0
  }
}
[2023-04-06 00:16:29] INFO (NNIManager) NNIManager received command from dispatcher: TR, {"parameter_id": 3, "parameter_source": "algorithm", "parameters": {"feat_drop": 0.30000000000000004, "attn_drop": 0.30000000000000004, "nhead": 2, "num_hidden": 128, "LR": 0.00011066256580818789, "alpha": 1, "decay": 30.0, "norm": "layernorm", "beta_schedule": "quad", "beta_1": 0.0007692905399454999, "beta_T": 0.06630755459445369, "T": 855.5456096244734}, "parameter_index": 0}
[2023-04-06 00:16:34] INFO (NNIManager) Trial job GY6VL status changed from WAITING to RUNNING
[2023-04-06 00:18:08] ERROR (tuner_command_channel.WebSocketChannel) Error: Error: tuner_command_channel: Tuner closed connection
    at WebSocket.handleWsClose (/root/miniconda3/envs/nni/lib/python3.8/site-packages/nni_node/core/tuner_command_channel/websocket_channel.js:83:26)
    at WebSocket.emit (node:events:538:35)
    at WebSocket.emitClose (/root/miniconda3/envs/nni/lib/python3.8/site-packages/nni_node/node_modules/express-ws/node_modules/ws/lib/websocket.js:246:10)
    at Socket.socketOnClose (/root/miniconda3/envs/nni/lib/python3.8/site-packages/nni_node/node_modules/express-ws/node_modules/ws/lib/websocket.js:1127:15)
    at Socket.emit (node:events:526:28)
    at TCP.<anonymous> (node:net:687:12)
