[2023-03-06 05:21:42] PRINT ---new cfg------
[2023-03-06 05:21:42] PRINT {'DATA': {'data_name': 'MUTAG', 'deg4feat': True}, 'DATALOADER': {'NUM_WORKERS': 0, 'BATCH_SIZE': 32}, 'MODEL': {'num_hidden': 512, 'num_layers': 2, 'nhead': 4, 'activation': 'prelu', 'attn_drop': 0.1, 'feat_drop': 0.2, 'norm': 'batchnorm', 'pooler': 'mean', 'beta_schedule': 'sigmoid', 'beta_1': 0.0005887401579509951, 'beta_T': 0.05022720069604979, 'T': 650}, 'SOLVER': {'optim_type': 'adamw', 'optim_type_f': 'adamw', 'alpha': 0.8, 'decay': 40, 'LR': 0.00019482810941365852, 'weight_decay': 0.0005, 'MAX_EPOCH': 50}, 'DEVICE': 'cuda', 'seeds': [11], 'eval_T': [50, 100, 200], 'output_dir': '/ddm-nni/MUTAG/log', 'checkpoint_dir': '/ddm-nni/MUTAG/log/checkpoint'}
[2023-03-06 05:21:42] PRINT [03/06 05:21:42 graph]: Rank of current process: 0. World size: 1
[2023-03-06 05:21:46] PRINT [03/06 05:21:46 graph]: Environment info:
[2023-03-06 05:21:46] PRINT PyTorch version: 1.10.0+cu113
[2023-03-06 05:21:46] PRINT Is debug build: False
[2023-03-06 05:21:46] PRINT CUDA used to build PyTorch: 11.3
[2023-03-06 05:21:46] PRINT ROCM used to build PyTorch: N/A
[2023-03-06 05:21:46] PRINT 
[2023-03-06 05:21:46] PRINT OS: Ubuntu 20.04.3 LTS (x86_64)
[2023-03-06 05:21:46] PRINT GCC version: (Ubuntu 9.3.0-17ubuntu1~20.04) 9.3.0
[2023-03-06 05:21:46] PRINT Clang version: Could not collect
[2023-03-06 05:21:46] PRINT CMake version: version 3.16.3
[2023-03-06 05:21:46] PRINT Libc version: glibc-2.31
[2023-03-06 05:21:46] PRINT 
[2023-03-06 05:21:46] PRINT Python version: 3.8.10 (default, Jun  4 2021, 15:09:15)  [GCC 7.5.0] (64-bit runtime)
[2023-03-06 05:21:46] PRINT Python platform: Linux-5.4.0-90-generic-x86_64-with-glibc2.17
[2023-03-06 05:21:46] PRINT Is CUDA available: True
[2023-03-06 05:21:46] PRINT CUDA runtime version: 11.3.109
[2023-03-06 05:21:46] PRINT GPU models and configuration: GPU 0: NVIDIA GeForce RTX 3090
[2023-03-06 05:21:46] PRINT Nvidia driver version: 495.44
[2023-03-06 05:21:46] PRINT cuDNN version: Probably one of the following:
[2023-03-06 05:21:46] PRINT /usr/lib/x86_64-linux-gnu/libcudnn.so.8.2.0
[2023-03-06 05:21:46] PRINT /usr/lib/x86_64-linux-gnu/libcudnn_adv_infer.so.8.2.0
[2023-03-06 05:21:46] PRINT /usr/lib/x86_64-linux-gnu/libcudnn_adv_train.so.8.2.0
[2023-03-06 05:21:46] PRINT /usr/lib/x86_64-linux-gnu/libcudnn_cnn_infer.so.8.2.0
[2023-03-06 05:21:46] PRINT /usr/lib/x86_64-linux-gnu/libcudnn_cnn_train.so.8.2.0
[2023-03-06 05:21:46] PRINT /usr/lib/x86_64-linux-gnu/libcudnn_ops_infer.so.8.2.0
[2023-03-06 05:21:46] PRINT /usr/lib/x86_64-linux-gnu/libcudnn_ops_train.so.8.2.0
[2023-03-06 05:21:46] PRINT HIP runtime version: N/A
[2023-03-06 05:21:46] PRINT MIOpen runtime version: N/A
[2023-03-06 05:21:46] PRINT 
[2023-03-06 05:21:46] PRINT Versions of relevant libraries:
[2023-03-06 05:21:46] PRINT [pip3] numpy==1.23.5
[2023-03-06 05:21:46] PRINT [pip3] torch==1.10.0+cu113
[2023-03-06 05:21:46] PRINT [pip3] torchvision==0.11.1+cu113
[2023-03-06 05:21:46] PRINT [conda] blas                      1.0                         mkl    https://mirrors.ustc.edu.cn/anaconda/pkgs/main
[2023-03-06 05:21:46] PRINT [conda] mkl                       2021.4.0           h06a4308_640    https://mirrors.ustc.edu.cn/anaconda/pkgs/main
[2023-03-06 05:21:46] PRINT [conda] mkl-service               2.4.0            py38h7f8727e_0    https://mirrors.ustc.edu.cn/anaconda/pkgs/main
[2023-03-06 05:21:46] PRINT [conda] mkl_fft                   1.3.1            py38hd3c417c_0    https://mirrors.ustc.edu.cn/anaconda/pkgs/main
[2023-03-06 05:21:46] PRINT [conda] mkl_random                1.2.2            py38h51133e4_0    https://mirrors.ustc.edu.cn/anaconda/pkgs/main
[2023-03-06 05:21:46] PRINT [conda] numpy                     1.21.4                   pypi_0    pypi
[2023-03-06 05:21:46] PRINT [conda] numpy-base                1.23.5           py38h31eccc5_0    https://mirrors.ustc.edu.cn/anaconda/pkgs/main
[2023-03-06 05:21:46] PRINT [conda] torch                     1.10.0+cu113             pypi_0    pypi
[2023-03-06 05:21:46] PRINT [conda] torchvision               0.11.1+cu113             pypi_0    pypi
[2023-03-06 05:21:46] PRINT         Pillow (8.4.0)
[2023-03-06 05:21:46] PRINT [03/06 05:21:46 graph]: Command line arguments: Namespace(local_rank=0, resume=False, seed=1234, start_epoch=0)
[2023-03-06 05:21:46] PRINT Using degree as node features
[2023-03-06 05:21:46] PRINT ******** # Num Graphs: 188, # Num Feat: 5, # Num Classes: 2 ********
[2023-03-06 05:21:46] PRINT [03/06 05:21:46 graph]: Run 0th for seed 11
[2023-03-06 05:21:46] PRINT [03/06 05:21:46 graph]: Total trainable params num : 5074031
[2023-03-06 05:21:50] PRINT [03/06 05:21:50 graph]: ----------Start Training----------
[2023-03-06 05:21:51] PRINT [03/06 05:21:51 graph]: Epoch 0 | train_loss: 0.7411 | lr: 0.000195
[2023-03-06 05:21:51] PRINT [03/06 05:21:51 graph]: Epoch 1 | train_loss: 0.4188 | lr: 0.000195
[2023-03-06 05:21:51] PRINT [03/06 05:21:51 graph]: Epoch 2 | train_loss: 0.3527 | lr: 0.000195
[2023-03-06 05:21:54] PRINT [03/06 05:21:54 graph]: #Test_f1: 0.8295±0.0575
[2023-03-06 05:21:54] PRINT [03/06 05:21:54 graph]: Epoch 2: get test f1 score:  0.830
[2023-03-06 05:21:54] PRINT [03/06 05:21:54 graph]: best_f1 0.830 at epoch 2
[2023-03-06 05:21:54] PRINT [03/06 05:21:54 graph]: Epoch 3 | train_loss: 0.3212 | lr: 0.000195
[2023-03-06 05:21:57] PRINT [03/06 05:21:57 graph]: #Test_f1: 0.8351±0.0496
[2023-03-06 05:21:57] PRINT [03/06 05:21:57 graph]: Epoch 3: get test f1 score:  0.835
[2023-03-06 05:21:57] PRINT [03/06 05:21:57 graph]: best_f1 0.835 at epoch 3
[2023-03-06 05:21:58] PRINT [03/06 05:21:58 graph]: Epoch 4 | train_loss: 0.2900 | lr: 0.000195
[2023-03-06 05:22:01] PRINT [03/06 05:22:01 graph]: #Test_f1: 0.8295±0.0743
[2023-03-06 05:22:01] PRINT [03/06 05:22:01 graph]: Epoch 4: get test f1 score:  0.830
[2023-03-06 05:22:01] PRINT [03/06 05:22:01 graph]: best_f1 0.835 at epoch 3
[2023-03-06 05:22:01] PRINT [03/06 05:22:01 graph]: Epoch 5 | train_loss: 0.2755 | lr: 0.000195
[2023-03-06 05:22:04] PRINT [03/06 05:22:04 graph]: #Test_f1: 0.8292±0.0586
[2023-03-06 05:22:04] PRINT [03/06 05:22:04 graph]: Epoch 5: get test f1 score:  0.829
[2023-03-06 05:22:04] PRINT [03/06 05:22:04 graph]: best_f1 0.835 at epoch 3
[2023-03-06 05:22:05] PRINT [03/06 05:22:05 graph]: Epoch 6 | train_loss: 0.2637 | lr: 0.000195
[2023-03-06 05:22:07] PRINT [03/06 05:22:07 graph]: #Test_f1: 0.8500±0.0695
[2023-03-06 05:22:08] PRINT [03/06 05:22:08 graph]: Epoch 6: get test f1 score:  0.850
[2023-03-06 05:22:08] PRINT [03/06 05:22:08 graph]: best_f1 0.850 at epoch 6
[2023-03-06 05:22:08] PRINT [03/06 05:22:08 graph]: Epoch 7 | train_loss: 0.2584 | lr: 0.000195
[2023-03-06 05:22:11] PRINT [03/06 05:22:11 graph]: #Test_f1: 0.8459±0.0546
[2023-03-06 05:22:11] PRINT [03/06 05:22:11 graph]: Epoch 7: get test f1 score:  0.846
[2023-03-06 05:22:11] PRINT [03/06 05:22:11 graph]: best_f1 0.850 at epoch 6
[2023-03-06 05:22:11] PRINT [03/06 05:22:11 graph]: Epoch 8 | train_loss: 0.2423 | lr: 0.000195
[2023-03-06 05:22:14] PRINT [03/06 05:22:14 graph]: #Test_f1: 0.8456±0.0506
[2023-03-06 05:22:15] PRINT [03/06 05:22:15 graph]: Epoch 8: get test f1 score:  0.846
[2023-03-06 05:22:15] PRINT [03/06 05:22:15 graph]: best_f1 0.850 at epoch 6
[2023-03-06 05:22:15] PRINT [03/06 05:22:15 graph]: Epoch 9 | train_loss: 0.2348 | lr: 0.000195
[2023-03-06 05:22:18] PRINT [03/06 05:22:18 graph]: #Test_f1: 0.8187±0.0600
[2023-03-06 05:22:18] PRINT [03/06 05:22:18 graph]: Epoch 9: get test f1 score:  0.819
[2023-03-06 05:22:18] PRINT [03/06 05:22:18 graph]: best_f1 0.850 at epoch 6
[2023-03-06 05:22:18] PRINT [03/06 05:22:18 graph]: Epoch 10 | train_loss: 0.2271 | lr: 0.000195
[2023-03-06 05:22:21] PRINT [03/06 05:22:21 graph]: #Test_f1: 0.8404±0.0624
[2023-03-06 05:22:22] PRINT [03/06 05:22:22 graph]: Epoch 10: get test f1 score:  0.840
[2023-03-06 05:22:22] PRINT [03/06 05:22:22 graph]: best_f1 0.850 at epoch 6
[2023-03-06 05:22:22] PRINT [03/06 05:22:22 graph]: Epoch 11 | train_loss: 0.2148 | lr: 0.000195
[2023-03-06 05:22:24] PRINT [03/06 05:22:24 graph]: #Test_f1: 0.8404±0.0624
[2023-03-06 05:22:25] PRINT [03/06 05:22:25 graph]: Epoch 11: get test f1 score:  0.840
[2023-03-06 05:22:25] PRINT [03/06 05:22:25 graph]: best_f1 0.850 at epoch 6
[2023-03-06 05:22:25] PRINT [03/06 05:22:25 graph]: Epoch 12 | train_loss: 0.2113 | lr: 0.000195
[2023-03-06 05:22:28] PRINT [03/06 05:22:28 graph]: #Test_f1: 0.8512±0.0514
[2023-03-06 05:22:28] PRINT [03/06 05:22:28 graph]: Epoch 12: get test f1 score:  0.851
[2023-03-06 05:22:28] PRINT [03/06 05:22:28 graph]: best_f1 0.851 at epoch 12
[2023-03-06 05:22:28] PRINT [03/06 05:22:28 graph]: Epoch 13 | train_loss: 0.2028 | lr: 0.000195
[2023-03-06 05:22:31] PRINT [03/06 05:22:31 graph]: #Test_f1: 0.8348±0.0652
[2023-03-06 05:22:32] PRINT [03/06 05:22:32 graph]: Epoch 13: get test f1 score:  0.835
[2023-03-06 05:22:32] PRINT [03/06 05:22:32 graph]: best_f1 0.851 at epoch 12
[2023-03-06 05:22:32] PRINT [03/06 05:22:32 graph]: Epoch 14 | train_loss: 0.2041 | lr: 0.000195
[2023-03-06 05:22:35] PRINT [03/06 05:22:35 graph]: #Test_f1: 0.8456±0.0650
[2023-03-06 05:22:35] PRINT [03/06 05:22:35 graph]: Epoch 14: get test f1 score:  0.846
[2023-03-06 05:22:35] PRINT [03/06 05:22:35 graph]: best_f1 0.851 at epoch 12
[2023-03-06 05:22:35] PRINT [03/06 05:22:35 graph]: Epoch 15 | train_loss: 0.1941 | lr: 0.000195
[2023-03-06 05:22:38] PRINT [03/06 05:22:38 graph]: #Test_f1: 0.8670±0.0591
[2023-03-06 05:22:39] PRINT [03/06 05:22:39 graph]: Epoch 15: get test f1 score:  0.867
[2023-03-06 05:22:39] PRINT [03/06 05:22:39 graph]: best_f1 0.867 at epoch 15
[2023-03-06 05:22:39] PRINT [03/06 05:22:39 graph]: Epoch 16 | train_loss: 0.1895 | lr: 0.000195
[2023-03-06 05:22:42] PRINT [03/06 05:22:42 graph]: #Test_f1: 0.8509±0.0666
[2023-03-06 05:22:42] PRINT [03/06 05:22:42 graph]: Epoch 16: get test f1 score:  0.851
[2023-03-06 05:22:42] PRINT [03/06 05:22:42 graph]: best_f1 0.867 at epoch 15
[2023-03-06 05:22:42] PRINT [03/06 05:22:42 graph]: Epoch 17 | train_loss: 0.1811 | lr: 0.000195
[2023-03-06 05:22:45] PRINT [03/06 05:22:45 graph]: #Test_f1: 0.8401±0.0676
[2023-03-06 05:22:45] PRINT [03/06 05:22:45 graph]: Epoch 17: get test f1 score:  0.840
[2023-03-06 05:22:45] PRINT [03/06 05:22:45 graph]: best_f1 0.867 at epoch 15
[2023-03-06 05:22:46] PRINT [03/06 05:22:46 graph]: Epoch 18 | train_loss: 0.1794 | lr: 0.000195
[2023-03-06 05:22:48] PRINT [03/06 05:22:48 graph]: #Test_f1: 0.8509±0.0618
[2023-03-06 05:22:49] PRINT [03/06 05:22:49 graph]: Epoch 18: get test f1 score:  0.851
[2023-03-06 05:22:49] PRINT [03/06 05:22:49 graph]: best_f1 0.867 at epoch 15
[2023-03-06 05:22:49] PRINT [03/06 05:22:49 graph]: Epoch 19 | train_loss: 0.1733 | lr: 0.000195
[2023-03-06 05:22:52] PRINT [03/06 05:22:52 graph]: #Test_f1: 0.8617±0.0587
[2023-03-06 05:22:52] PRINT [03/06 05:22:52 graph]: Epoch 19: get test f1 score:  0.862
[2023-03-06 05:22:52] PRINT [03/06 05:22:52 graph]: best_f1 0.867 at epoch 15
[2023-03-06 05:22:52] PRINT [03/06 05:22:52 graph]: Epoch 20 | train_loss: 0.1692 | lr: 0.000195
[2023-03-06 05:22:55] PRINT [03/06 05:22:55 graph]: #Test_f1: 0.8509±0.0571
[2023-03-06 05:22:56] PRINT [03/06 05:22:56 graph]: Epoch 20: get test f1 score:  0.851
[2023-03-06 05:22:56] PRINT [03/06 05:22:56 graph]: best_f1 0.867 at epoch 15
[2023-03-06 05:22:56] PRINT [03/06 05:22:56 graph]: Epoch 21 | train_loss: 0.1625 | lr: 0.000195
[2023-03-06 05:22:58] PRINT [03/06 05:22:58 graph]: #Test_f1: 0.8459±0.0640
[2023-03-06 05:22:59] PRINT [03/06 05:22:59 graph]: Epoch 21: get test f1 score:  0.846
[2023-03-06 05:22:59] PRINT [03/06 05:22:59 graph]: best_f1 0.867 at epoch 15
[2023-03-06 05:22:59] PRINT [03/06 05:22:59 graph]: Epoch 22 | train_loss: 0.1682 | lr: 0.000195
[2023-03-06 05:23:02] PRINT [03/06 05:23:02 graph]: #Test_f1: 0.8614±0.0491
[2023-03-06 05:23:02] PRINT [03/06 05:23:02 graph]: Epoch 22: get test f1 score:  0.861
[2023-03-06 05:23:02] PRINT [03/06 05:23:02 graph]: best_f1 0.867 at epoch 15
[2023-03-06 05:23:02] PRINT [03/06 05:23:02 graph]: Epoch 23 | train_loss: 0.1662 | lr: 0.000195
[2023-03-06 05:23:05] PRINT [03/06 05:23:05 graph]: #Test_f1: 0.8558±0.0435
[2023-03-06 05:23:05] PRINT [03/06 05:23:05 graph]: Epoch 23: get test f1 score:  0.856
[2023-03-06 05:23:05] PRINT [03/06 05:23:05 graph]: best_f1 0.867 at epoch 15
[2023-03-06 05:23:06] PRINT [03/06 05:23:06 graph]: Epoch 24 | train_loss: 0.1583 | lr: 0.000195
[2023-03-06 05:23:09] PRINT [03/06 05:23:09 graph]: #Test_f1: 0.8506±0.0478
[2023-03-06 05:23:09] PRINT [03/06 05:23:09 graph]: Epoch 24: get test f1 score:  0.851
[2023-03-06 05:23:09] PRINT [03/06 05:23:09 graph]: best_f1 0.867 at epoch 15
[2023-03-06 05:23:09] PRINT [03/06 05:23:09 graph]: Epoch 25 | train_loss: 0.1579 | lr: 0.000195
[2023-03-06 05:23:12] PRINT [03/06 05:23:12 graph]: #Test_f1: 0.8453±0.0455
[2023-03-06 05:23:12] PRINT [03/06 05:23:12 graph]: Epoch 25: get test f1 score:  0.845
[2023-03-06 05:23:12] PRINT [03/06 05:23:12 graph]: best_f1 0.867 at epoch 15
[2023-03-06 05:23:12] PRINT [03/06 05:23:12 graph]: Epoch 26 | train_loss: 0.1546 | lr: 0.000195
[2023-03-06 05:23:15] PRINT [03/06 05:23:15 graph]: #Test_f1: 0.8509±0.0400
[2023-03-06 05:23:15] PRINT [03/06 05:23:15 graph]: Epoch 26: get test f1 score:  0.851
[2023-03-06 05:23:15] PRINT [03/06 05:23:15 graph]: best_f1 0.867 at epoch 15
[2023-03-06 05:23:16] PRINT [03/06 05:23:16 graph]: Epoch 27 | train_loss: 0.1547 | lr: 0.000195
[2023-03-06 05:23:19] PRINT [03/06 05:23:19 graph]: #Test_f1: 0.8509±0.0222
[2023-03-06 05:23:19] PRINT [03/06 05:23:19 graph]: Epoch 27: get test f1 score:  0.851
[2023-03-06 05:23:19] PRINT [03/06 05:23:19 graph]: best_f1 0.867 at epoch 15
[2023-03-06 05:23:19] PRINT [03/06 05:23:19 graph]: Epoch 28 | train_loss: 0.1428 | lr: 0.000195
[2023-03-06 05:23:22] PRINT [03/06 05:23:22 graph]: #Test_f1: 0.8509±0.0323
[2023-03-06 05:23:22] PRINT [03/06 05:23:22 graph]: Epoch 28: get test f1 score:  0.851
[2023-03-06 05:23:22] PRINT [03/06 05:23:22 graph]: best_f1 0.867 at epoch 15
[2023-03-06 05:23:22] PRINT [03/06 05:23:22 graph]: Epoch 29 | train_loss: 0.1501 | lr: 0.000195
[2023-03-06 05:23:25] PRINT [03/06 05:23:25 graph]: #Test_f1: 0.8561±0.0255
[2023-03-06 05:23:25] PRINT [03/06 05:23:25 graph]: Epoch 29: get test f1 score:  0.856
[2023-03-06 05:23:25] PRINT [03/06 05:23:25 graph]: best_f1 0.867 at epoch 15
[2023-03-06 05:23:26] PRINT [03/06 05:23:26 graph]: Epoch 30 | train_loss: 0.1464 | lr: 0.000195
[2023-03-06 05:23:29] PRINT [03/06 05:23:29 graph]: #Test_f1: 0.8614±0.0361
[2023-03-06 05:23:29] PRINT [03/06 05:23:29 graph]: Epoch 30: get test f1 score:  0.861
[2023-03-06 05:23:29] PRINT [03/06 05:23:29 graph]: best_f1 0.867 at epoch 15
[2023-03-06 05:23:29] PRINT [03/06 05:23:29 graph]: Epoch 31 | train_loss: 0.1480 | lr: 0.000195
[2023-03-06 05:23:32] PRINT [03/06 05:23:32 graph]: #Test_f1: 0.8614±0.0361
[2023-03-06 05:23:32] PRINT [03/06 05:23:32 graph]: Epoch 31: get test f1 score:  0.861
[2023-03-06 05:23:32] PRINT [03/06 05:23:32 graph]: best_f1 0.867 at epoch 15
[2023-03-06 05:23:32] PRINT [03/06 05:23:32 graph]: Epoch 32 | train_loss: 0.1384 | lr: 0.000195
[2023-03-06 05:23:35] PRINT [03/06 05:23:35 graph]: #Test_f1: 0.8509±0.0323
[2023-03-06 05:23:36] PRINT [03/06 05:23:36 graph]: Epoch 32: get test f1 score:  0.851
[2023-03-06 05:23:36] PRINT [03/06 05:23:36 graph]: best_f1 0.867 at epoch 15
[2023-03-06 05:23:36] PRINT [03/06 05:23:36 graph]: Epoch 33 | train_loss: 0.1461 | lr: 0.000195
[2023-03-06 05:23:39] PRINT [03/06 05:23:39 graph]: #Test_f1: 0.8667±0.0282
[2023-03-06 05:23:39] PRINT [03/06 05:23:39 graph]: Epoch 33: get test f1 score:  0.867
[2023-03-06 05:23:39] PRINT [03/06 05:23:39 graph]: best_f1 0.867 at epoch 15
[2023-03-06 05:23:39] PRINT [03/06 05:23:39 graph]: Epoch 34 | train_loss: 0.1432 | lr: 0.000195
[2023-03-06 05:23:42] PRINT [03/06 05:23:42 graph]: #Test_f1: 0.8506±0.0533
[2023-03-06 05:23:42] PRINT [03/06 05:23:42 graph]: Epoch 34: get test f1 score:  0.851
[2023-03-06 05:23:42] PRINT [03/06 05:23:42 graph]: best_f1 0.867 at epoch 15
[2023-03-06 05:23:42] PRINT [03/06 05:23:42 graph]: Epoch 35 | train_loss: 0.1336 | lr: 0.000195
[2023-03-06 05:23:45] PRINT [03/06 05:23:45 graph]: #Test_f1: 0.8561±0.0347
[2023-03-06 05:23:45] PRINT [03/06 05:23:45 graph]: Epoch 35: get test f1 score:  0.856
[2023-03-06 05:23:45] PRINT [03/06 05:23:45 graph]: best_f1 0.867 at epoch 15
[2023-03-06 05:23:46] PRINT [03/06 05:23:46 graph]: Epoch 36 | train_loss: 0.1362 | lr: 0.000195
[2023-03-06 05:23:48] PRINT [03/06 05:23:48 graph]: #Test_f1: 0.8667±0.0282
[2023-03-06 05:23:49] PRINT [03/06 05:23:49 graph]: Epoch 36: get test f1 score:  0.867
[2023-03-06 05:23:49] PRINT [03/06 05:23:49 graph]: best_f1 0.867 at epoch 15
[2023-03-06 05:23:49] PRINT [03/06 05:23:49 graph]: Epoch 37 | train_loss: 0.1386 | lr: 0.000195
[2023-03-06 05:23:52] PRINT [03/06 05:23:52 graph]: #Test_f1: 0.8561±0.0347
[2023-03-06 05:23:52] PRINT [03/06 05:23:52 graph]: Epoch 37: get test f1 score:  0.856
[2023-03-06 05:23:52] PRINT [03/06 05:23:52 graph]: best_f1 0.867 at epoch 15
[2023-03-06 05:23:52] PRINT [03/06 05:23:52 graph]: Epoch 38 | train_loss: 0.1336 | lr: 0.000195
[2023-03-06 05:23:55] PRINT [03/06 05:23:55 graph]: #Test_f1: 0.8614±0.0361
[2023-03-06 05:23:55] PRINT [03/06 05:23:55 graph]: Epoch 38: get test f1 score:  0.861
[2023-03-06 05:23:55] PRINT [03/06 05:23:55 graph]: best_f1 0.867 at epoch 15
[2023-03-06 05:23:56] PRINT [03/06 05:23:56 graph]: Epoch 39 | train_loss: 0.1354 | lr: 0.000195
[2023-03-06 05:23:59] PRINT [03/06 05:23:59 graph]: #Test_f1: 0.8772±0.0357
[2023-03-06 05:23:59] PRINT [03/06 05:23:59 graph]: Epoch 39: get test f1 score:  0.877
[2023-03-06 05:23:59] PRINT [03/06 05:23:59 graph]: best_f1 0.877 at epoch 39
[2023-03-06 05:23:59] PRINT [03/06 05:23:59 graph]: Epoch 40 | train_loss: 0.1367 | lr: 0.000156
[2023-03-06 05:24:02] PRINT [03/06 05:24:02 graph]: #Test_f1: 0.8561±0.0419
[2023-03-06 05:24:02] PRINT [03/06 05:24:02 graph]: Epoch 40: get test f1 score:  0.856
[2023-03-06 05:24:02] PRINT [03/06 05:24:02 graph]: best_f1 0.877 at epoch 39
[2023-03-06 05:24:03] PRINT [03/06 05:24:03 graph]: Epoch 41 | train_loss: 0.1358 | lr: 0.000156
[2023-03-06 05:24:06] PRINT [03/06 05:24:06 graph]: #Test_f1: 0.8561±0.0347
[2023-03-06 05:24:06] PRINT [03/06 05:24:06 graph]: Epoch 41: get test f1 score:  0.856
[2023-03-06 05:24:06] PRINT [03/06 05:24:06 graph]: best_f1 0.877 at epoch 39
[2023-03-06 05:24:06] PRINT [03/06 05:24:06 graph]: Epoch 42 | train_loss: 0.1307 | lr: 0.000156
[2023-03-06 05:24:09] PRINT [03/06 05:24:09 graph]: #Test_f1: 0.8825±0.0414
[2023-03-06 05:24:09] PRINT [03/06 05:24:09 graph]: Epoch 42: get test f1 score:  0.882
[2023-03-06 05:24:09] PRINT [03/06 05:24:09 graph]: best_f1 0.882 at epoch 42
[2023-03-06 05:24:10] PRINT [03/06 05:24:10 graph]: Epoch 43 | train_loss: 0.1347 | lr: 0.000156
[2023-03-06 05:24:13] PRINT [03/06 05:24:13 graph]: #Test_f1: 0.8561±0.0347
[2023-03-06 05:24:13] PRINT [03/06 05:24:13 graph]: Epoch 43: get test f1 score:  0.856
[2023-03-06 05:24:13] PRINT [03/06 05:24:13 graph]: best_f1 0.882 at epoch 42
[2023-03-06 05:24:13] PRINT [03/06 05:24:13 graph]: Epoch 44 | train_loss: 0.1293 | lr: 0.000156
[2023-03-06 05:24:16] PRINT [03/06 05:24:16 graph]: #Test_f1: 0.8614±0.0361
[2023-03-06 05:24:16] PRINT [03/06 05:24:16 graph]: Epoch 44: get test f1 score:  0.861
[2023-03-06 05:24:16] PRINT [03/06 05:24:16 graph]: best_f1 0.882 at epoch 42
[2023-03-06 05:24:17] PRINT [03/06 05:24:17 graph]: Epoch 45 | train_loss: 0.1257 | lr: 0.000156
[2023-03-06 05:24:20] PRINT [03/06 05:24:20 graph]: #Test_f1: 0.8719±0.0281
[2023-03-06 05:24:20] PRINT [03/06 05:24:20 graph]: Epoch 45: get test f1 score:  0.872
[2023-03-06 05:24:20] PRINT [03/06 05:24:20 graph]: best_f1 0.882 at epoch 42
[2023-03-06 05:24:20] PRINT [03/06 05:24:20 graph]: Epoch 46 | train_loss: 0.1325 | lr: 0.000156
[2023-03-06 05:24:23] PRINT [03/06 05:24:23 graph]: #Test_f1: 0.8719±0.0366
[2023-03-06 05:24:23] PRINT [03/06 05:24:23 graph]: Epoch 46: get test f1 score:  0.872
[2023-03-06 05:24:23] PRINT [03/06 05:24:23 graph]: best_f1 0.882 at epoch 42
[2023-03-06 05:24:23] PRINT [03/06 05:24:23 graph]: Epoch 47 | train_loss: 0.1358 | lr: 0.000156
[2023-03-06 05:24:26] PRINT [03/06 05:24:26 graph]: #Test_f1: 0.8561±0.0347
[2023-03-06 05:24:27] PRINT [03/06 05:24:27 graph]: Epoch 47: get test f1 score:  0.856
[2023-03-06 05:24:27] PRINT [03/06 05:24:27 graph]: best_f1 0.882 at epoch 42
[2023-03-06 05:24:27] PRINT [03/06 05:24:27 graph]: Epoch 48 | train_loss: 0.1328 | lr: 0.000156
[2023-03-06 05:24:30] PRINT [03/06 05:24:30 graph]: #Test_f1: 0.8561±0.0347
[2023-03-06 05:24:30] PRINT [03/06 05:24:30 graph]: Epoch 48: get test f1 score:  0.856
[2023-03-06 05:24:30] PRINT [03/06 05:24:30 graph]: best_f1 0.882 at epoch 42
[2023-03-06 05:24:30] PRINT [03/06 05:24:30 graph]: Epoch 49 | train_loss: 0.1208 | lr: 0.000156
[2023-03-06 05:24:33] PRINT [03/06 05:24:33 graph]: #Test_f1: 0.8825±0.0414
[2023-03-06 05:24:33] PRINT [03/06 05:24:33 graph]: Epoch 49: get test f1 score:  0.882
[2023-03-06 05:24:33] PRINT [03/06 05:24:33 graph]: best_f1 0.882 at epoch 42
[2023-03-06 05:24:33] PRINT [03/06 05:24:33 graph]: # final_acc: 0.8825±0.0000
