[2023-03-06 11:05:45] PRINT ---new cfg------
[2023-03-06 11:05:45] PRINT {'DATA': {'data_name': 'MUTAG', 'deg4feat': True}, 'DATALOADER': {'NUM_WORKERS': 0, 'BATCH_SIZE': 32}, 'MODEL': {'num_hidden': 512, 'num_layers': 2, 'nhead': 4, 'activation': 'prelu', 'attn_drop': 0.1, 'feat_drop': 0.30000000000000004, 'norm': 'layernorm', 'pooler': 'mean', 'beta_schedule': 'sigmoid', 'beta_1': 0.00023330742051676888, 'beta_T': 0.01919127710741254, 'T': 911}, 'SOLVER': {'optim_type': 'adamw', 'optim_type_f': 'adamw', 'alpha': 1, 'decay': 40, 'LR': 0.0002246460237722035, 'weight_decay': 0.0005, 'MAX_EPOCH': 50}, 'DEVICE': 'cuda', 'seeds': [11], 'eval_T': [50, 100, 200], 'output_dir': '/ddm-nni/MUTAG/log', 'checkpoint_dir': '/ddm-nni/MUTAG/log/checkpoint'}
[2023-03-06 11:05:45] PRINT [03/06 11:05:45 graph]: Rank of current process: 0. World size: 1
[2023-03-06 11:05:49] PRINT [03/06 11:05:49 graph]: Environment info:
[2023-03-06 11:05:49] PRINT PyTorch version: 1.10.0+cu113
[2023-03-06 11:05:49] PRINT Is debug build: False
[2023-03-06 11:05:49] PRINT CUDA used to build PyTorch: 11.3
[2023-03-06 11:05:49] PRINT ROCM used to build PyTorch: N/A
[2023-03-06 11:05:49] PRINT 
[2023-03-06 11:05:49] PRINT OS: Ubuntu 20.04.3 LTS (x86_64)
[2023-03-06 11:05:49] PRINT GCC version: (Ubuntu 9.3.0-17ubuntu1~20.04) 9.3.0
[2023-03-06 11:05:49] PRINT Clang version: Could not collect
[2023-03-06 11:05:49] PRINT CMake version: version 3.16.3
[2023-03-06 11:05:49] PRINT Libc version: glibc-2.31
[2023-03-06 11:05:49] PRINT 
[2023-03-06 11:05:49] PRINT Python version: 3.8.10 (default, Jun  4 2021, 15:09:15)  [GCC 7.5.0] (64-bit runtime)
[2023-03-06 11:05:49] PRINT Python platform: Linux-5.4.0-90-generic-x86_64-with-glibc2.17
[2023-03-06 11:05:49] PRINT Is CUDA available: True
[2023-03-06 11:05:49] PRINT CUDA runtime version: 11.3.109
[2023-03-06 11:05:49] PRINT GPU models and configuration: GPU 0: NVIDIA GeForce RTX 3090
[2023-03-06 11:05:49] PRINT Nvidia driver version: 495.44
[2023-03-06 11:05:49] PRINT cuDNN version: Probably one of the following:
[2023-03-06 11:05:49] PRINT /usr/lib/x86_64-linux-gnu/libcudnn.so.8.2.0
[2023-03-06 11:05:49] PRINT /usr/lib/x86_64-linux-gnu/libcudnn_adv_infer.so.8.2.0
[2023-03-06 11:05:49] PRINT /usr/lib/x86_64-linux-gnu/libcudnn_adv_train.so.8.2.0
[2023-03-06 11:05:49] PRINT /usr/lib/x86_64-linux-gnu/libcudnn_cnn_infer.so.8.2.0
[2023-03-06 11:05:49] PRINT /usr/lib/x86_64-linux-gnu/libcudnn_cnn_train.so.8.2.0
[2023-03-06 11:05:49] PRINT /usr/lib/x86_64-linux-gnu/libcudnn_ops_infer.so.8.2.0
[2023-03-06 11:05:49] PRINT /usr/lib/x86_64-linux-gnu/libcudnn_ops_train.so.8.2.0
[2023-03-06 11:05:49] PRINT HIP runtime version: N/A
[2023-03-06 11:05:49] PRINT MIOpen runtime version: N/A
[2023-03-06 11:05:49] PRINT 
[2023-03-06 11:05:49] PRINT Versions of relevant libraries:
[2023-03-06 11:05:49] PRINT [pip3] numpy==1.23.5
[2023-03-06 11:05:49] PRINT [pip3] torch==1.10.0+cu113
[2023-03-06 11:05:49] PRINT [pip3] torchvision==0.11.1+cu113
[2023-03-06 11:05:49] PRINT [conda] blas                      1.0                         mkl    https://mirrors.ustc.edu.cn/anaconda/pkgs/main
[2023-03-06 11:05:49] PRINT [conda] mkl                       2021.4.0           h06a4308_640    https://mirrors.ustc.edu.cn/anaconda/pkgs/main
[2023-03-06 11:05:49] PRINT [conda] mkl-service               2.4.0            py38h7f8727e_0    https://mirrors.ustc.edu.cn/anaconda/pkgs/main
[2023-03-06 11:05:49] PRINT [conda] mkl_fft                   1.3.1            py38hd3c417c_0    https://mirrors.ustc.edu.cn/anaconda/pkgs/main
[2023-03-06 11:05:49] PRINT [conda] mkl_random                1.2.2            py38h51133e4_0    https://mirrors.ustc.edu.cn/anaconda/pkgs/main
[2023-03-06 11:05:49] PRINT [conda] numpy                     1.21.4                   pypi_0    pypi
[2023-03-06 11:05:49] PRINT [conda] numpy-base                1.23.5           py38h31eccc5_0    https://mirrors.ustc.edu.cn/anaconda/pkgs/main
[2023-03-06 11:05:49] PRINT [conda] torch                     1.10.0+cu113             pypi_0    pypi
[2023-03-06 11:05:49] PRINT [conda] torchvision               0.11.1+cu113             pypi_0    pypi
[2023-03-06 11:05:49] PRINT         Pillow (8.4.0)
[2023-03-06 11:05:49] PRINT [03/06 11:05:49 graph]: Command line arguments: Namespace(local_rank=0, resume=False, seed=1234, start_epoch=0)
[2023-03-06 11:05:49] PRINT Using degree as node features
[2023-03-06 11:05:49] PRINT ******** # Num Graphs: 188, # Num Feat: 5, # Num Classes: 2 ********
[2023-03-06 11:05:49] PRINT [03/06 11:05:49 graph]: Run 0th for seed 11
[2023-03-06 11:05:49] PRINT [03/06 11:05:49 graph]: Total trainable params num : 5207663
[2023-03-06 11:05:53] PRINT [03/06 11:05:53 graph]: ----------Start Training----------
[2023-03-06 11:05:54] PRINT [03/06 11:05:54 graph]: Epoch 0 | train_loss: 0.7366 | lr: 0.000225
[2023-03-06 11:05:54] PRINT [03/06 11:05:54 graph]: Epoch 1 | train_loss: 0.4632 | lr: 0.000225
[2023-03-06 11:05:54] PRINT [03/06 11:05:54 graph]: Epoch 2 | train_loss: 0.3779 | lr: 0.000225
[2023-03-06 11:05:57] PRINT [03/06 11:05:57 graph]: #Test_f1: 0.8725±0.0753
[2023-03-06 11:05:57] PRINT [03/06 11:05:57 graph]: Epoch 2: get test f1 score:  0.873
[2023-03-06 11:05:57] PRINT [03/06 11:05:57 graph]: best_f1 0.873 at epoch 2
[2023-03-06 11:05:58] PRINT [03/06 11:05:58 graph]: Epoch 3 | train_loss: 0.3526 | lr: 0.000225
[2023-03-06 11:06:00] PRINT [03/06 11:06:00 graph]: #Test_f1: 0.8883±0.0602
[2023-03-06 11:06:01] PRINT [03/06 11:06:01 graph]: Epoch 3: get test f1 score:  0.888
[2023-03-06 11:06:01] PRINT [03/06 11:06:01 graph]: best_f1 0.888 at epoch 3
[2023-03-06 11:06:01] PRINT [03/06 11:06:01 graph]: Epoch 4 | train_loss: 0.3130 | lr: 0.000225
[2023-03-06 11:06:04] PRINT [03/06 11:06:04 graph]: #Test_f1: 0.8673±0.0634
[2023-03-06 11:06:04] PRINT [03/06 11:06:04 graph]: Epoch 4: get test f1 score:  0.867
[2023-03-06 11:06:04] PRINT [03/06 11:06:04 graph]: best_f1 0.888 at epoch 3
[2023-03-06 11:06:04] PRINT [03/06 11:06:04 graph]: Epoch 5 | train_loss: 0.2958 | lr: 0.000225
[2023-03-06 11:06:07] PRINT [03/06 11:06:07 graph]: #Test_f1: 0.8781±0.0585
[2023-03-06 11:06:07] PRINT [03/06 11:06:07 graph]: Epoch 5: get test f1 score:  0.878
[2023-03-06 11:06:07] PRINT [03/06 11:06:07 graph]: best_f1 0.888 at epoch 3
[2023-03-06 11:06:08] PRINT [03/06 11:06:08 graph]: Epoch 6 | train_loss: 0.2856 | lr: 0.000225
[2023-03-06 11:06:11] PRINT [03/06 11:06:11 graph]: #Test_f1: 0.8670±0.0636
[2023-03-06 11:06:11] PRINT [03/06 11:06:11 graph]: Epoch 6: get test f1 score:  0.867
[2023-03-06 11:06:11] PRINT [03/06 11:06:11 graph]: best_f1 0.888 at epoch 3
[2023-03-06 11:06:11] PRINT [03/06 11:06:11 graph]: Epoch 7 | train_loss: 0.2655 | lr: 0.000225
[2023-03-06 11:06:14] PRINT [03/06 11:06:14 graph]: #Test_f1: 0.8778±0.0407
[2023-03-06 11:06:14] PRINT [03/06 11:06:14 graph]: Epoch 7: get test f1 score:  0.878
[2023-03-06 11:06:14] PRINT [03/06 11:06:14 graph]: best_f1 0.888 at epoch 3
[2023-03-06 11:06:14] PRINT [03/06 11:06:14 graph]: Epoch 8 | train_loss: 0.2622 | lr: 0.000225
[2023-03-06 11:06:17] PRINT [03/06 11:06:17 graph]: #Test_f1: 0.8830±0.0457
[2023-03-06 11:06:17] PRINT [03/06 11:06:17 graph]: Epoch 8: get test f1 score:  0.883
[2023-03-06 11:06:17] PRINT [03/06 11:06:17 graph]: best_f1 0.888 at epoch 3
[2023-03-06 11:06:17] PRINT [03/06 11:06:17 graph]: Epoch 9 | train_loss: 0.2372 | lr: 0.000225
[2023-03-06 11:06:20] PRINT [03/06 11:06:20 graph]: #Test_f1: 0.8772±0.0488
[2023-03-06 11:06:20] PRINT [03/06 11:06:20 graph]: Epoch 9: get test f1 score:  0.877
[2023-03-06 11:06:20] PRINT [03/06 11:06:20 graph]: best_f1 0.888 at epoch 3
[2023-03-06 11:06:21] PRINT [03/06 11:06:21 graph]: Epoch 10 | train_loss: 0.2423 | lr: 0.000225
[2023-03-06 11:06:24] PRINT [03/06 11:06:24 graph]: #Test_f1: 0.8880±0.0380
[2023-03-06 11:06:24] PRINT [03/06 11:06:24 graph]: Epoch 10: get test f1 score:  0.888
[2023-03-06 11:06:24] PRINT [03/06 11:06:24 graph]: best_f1 0.888 at epoch 3
[2023-03-06 11:06:24] PRINT [03/06 11:06:24 graph]: Epoch 11 | train_loss: 0.2280 | lr: 0.000225
[2023-03-06 11:06:27] PRINT [03/06 11:06:27 graph]: #Test_f1: 0.8936±0.0471
[2023-03-06 11:06:27] PRINT [03/06 11:06:27 graph]: Epoch 11: get test f1 score:  0.894
[2023-03-06 11:06:27] PRINT [03/06 11:06:27 graph]: best_f1 0.894 at epoch 11
[2023-03-06 11:06:27] PRINT [03/06 11:06:27 graph]: Epoch 12 | train_loss: 0.2213 | lr: 0.000225
[2023-03-06 11:06:30] PRINT [03/06 11:06:30 graph]: #Test_f1: 0.8933±0.0420
[2023-03-06 11:06:31] PRINT [03/06 11:06:31 graph]: Epoch 12: get test f1 score:  0.893
[2023-03-06 11:06:31] PRINT [03/06 11:06:31 graph]: best_f1 0.894 at epoch 11
[2023-03-06 11:06:31] PRINT [03/06 11:06:31 graph]: Epoch 13 | train_loss: 0.2216 | lr: 0.000225
[2023-03-06 11:06:33] PRINT [03/06 11:06:33 graph]: #Test_f1: 0.8936±0.0577
[2023-03-06 11:06:34] PRINT [03/06 11:06:34 graph]: Epoch 13: get test f1 score:  0.894
[2023-03-06 11:06:34] PRINT [03/06 11:06:34 graph]: best_f1 0.894 at epoch 11
[2023-03-06 11:06:34] PRINT [03/06 11:06:34 graph]: Epoch 14 | train_loss: 0.2192 | lr: 0.000225
[2023-03-06 11:06:37] PRINT [03/06 11:06:37 graph]: #Test_f1: 0.8827±0.0403
[2023-03-06 11:06:37] PRINT [03/06 11:06:37 graph]: Epoch 14: get test f1 score:  0.883
[2023-03-06 11:06:37] PRINT [03/06 11:06:37 graph]: best_f1 0.894 at epoch 11
[2023-03-06 11:06:37] PRINT [03/06 11:06:37 graph]: Epoch 15 | train_loss: 0.2076 | lr: 0.000225
[2023-03-06 11:06:40] PRINT [03/06 11:06:40 graph]: #Test_f1: 0.9099±0.0414
[2023-03-06 11:06:40] PRINT [03/06 11:06:40 graph]: Epoch 15: get test f1 score:  0.910
[2023-03-06 11:06:40] PRINT [03/06 11:06:40 graph]: best_f1 0.910 at epoch 15
[2023-03-06 11:06:41] PRINT [03/06 11:06:41 graph]: Epoch 16 | train_loss: 0.1981 | lr: 0.000225
[2023-03-06 11:06:43] PRINT [03/06 11:06:43 graph]: #Test_f1: 0.8936±0.0334
[2023-03-06 11:06:44] PRINT [03/06 11:06:44 graph]: Epoch 16: get test f1 score:  0.894
[2023-03-06 11:06:44] PRINT [03/06 11:06:44 graph]: best_f1 0.910 at epoch 15
[2023-03-06 11:06:44] PRINT [03/06 11:06:44 graph]: Epoch 17 | train_loss: 0.1955 | lr: 0.000225
[2023-03-06 11:06:47] PRINT [03/06 11:06:47 graph]: #Test_f1: 0.8719±0.0366
[2023-03-06 11:06:47] PRINT [03/06 11:06:47 graph]: Epoch 17: get test f1 score:  0.872
[2023-03-06 11:06:47] PRINT [03/06 11:06:47 graph]: best_f1 0.910 at epoch 15
[2023-03-06 11:06:47] PRINT [03/06 11:06:47 graph]: Epoch 18 | train_loss: 0.1985 | lr: 0.000225
[2023-03-06 11:06:50] PRINT [03/06 11:06:50 graph]: #Test_f1: 0.8880±0.0380
[2023-03-06 11:06:50] PRINT [03/06 11:06:50 graph]: Epoch 18: get test f1 score:  0.888
[2023-03-06 11:06:50] PRINT [03/06 11:06:50 graph]: best_f1 0.910 at epoch 15
[2023-03-06 11:06:51] PRINT [03/06 11:06:51 graph]: Epoch 19 | train_loss: 0.1936 | lr: 0.000225
[2023-03-06 11:06:53] PRINT [03/06 11:06:53 graph]: #Test_f1: 0.8827±0.0403
[2023-03-06 11:06:54] PRINT [03/06 11:06:54 graph]: Epoch 19: get test f1 score:  0.883
[2023-03-06 11:06:54] PRINT [03/06 11:06:54 graph]: best_f1 0.910 at epoch 15
[2023-03-06 11:06:54] PRINT [03/06 11:06:54 graph]: Epoch 20 | train_loss: 0.1899 | lr: 0.000225
[2023-03-06 11:06:57] PRINT [03/06 11:06:57 graph]: #Test_f1: 0.9041±0.0406
[2023-03-06 11:06:57] PRINT [03/06 11:06:57 graph]: Epoch 20: get test f1 score:  0.904
[2023-03-06 11:06:57] PRINT [03/06 11:06:57 graph]: best_f1 0.910 at epoch 15
[2023-03-06 11:06:57] PRINT [03/06 11:06:57 graph]: Epoch 21 | train_loss: 0.1822 | lr: 0.000225
[2023-03-06 11:07:00] PRINT [03/06 11:07:00 graph]: #Test_f1: 0.9041±0.0406
[2023-03-06 11:07:00] PRINT [03/06 11:07:00 graph]: Epoch 21: get test f1 score:  0.904
[2023-03-06 11:07:00] PRINT [03/06 11:07:00 graph]: best_f1 0.910 at epoch 15
[2023-03-06 11:07:00] PRINT [03/06 11:07:00 graph]: Epoch 22 | train_loss: 0.1746 | lr: 0.000225
[2023-03-06 11:07:03] PRINT [03/06 11:07:03 graph]: #Test_f1: 0.8985±0.0384
[2023-03-06 11:07:03] PRINT [03/06 11:07:03 graph]: Epoch 22: get test f1 score:  0.899
[2023-03-06 11:07:03] PRINT [03/06 11:07:03 graph]: best_f1 0.910 at epoch 15
[2023-03-06 11:07:04] PRINT [03/06 11:07:04 graph]: Epoch 23 | train_loss: 0.1755 | lr: 0.000225
[2023-03-06 11:07:06] PRINT [03/06 11:07:06 graph]: #Test_f1: 0.8883±0.0602
[2023-03-06 11:07:07] PRINT [03/06 11:07:07 graph]: Epoch 23: get test f1 score:  0.888
[2023-03-06 11:07:07] PRINT [03/06 11:07:07 graph]: best_f1 0.910 at epoch 15
[2023-03-06 11:07:07] PRINT [03/06 11:07:07 graph]: Epoch 24 | train_loss: 0.1785 | lr: 0.000225
[2023-03-06 11:07:10] PRINT [03/06 11:07:10 graph]: #Test_f1: 0.8775±0.0584
[2023-03-06 11:07:10] PRINT [03/06 11:07:10 graph]: Epoch 24: get test f1 score:  0.877
[2023-03-06 11:07:10] PRINT [03/06 11:07:10 graph]: best_f1 0.910 at epoch 15
[2023-03-06 11:07:10] PRINT [03/06 11:07:10 graph]: Epoch 25 | train_loss: 0.1719 | lr: 0.000225
[2023-03-06 11:07:13] PRINT [03/06 11:07:13 graph]: #Test_f1: 0.8827±0.0573
[2023-03-06 11:07:13] PRINT [03/06 11:07:13 graph]: Epoch 25: get test f1 score:  0.883
[2023-03-06 11:07:13] PRINT [03/06 11:07:13 graph]: best_f1 0.910 at epoch 15
[2023-03-06 11:07:14] PRINT [03/06 11:07:14 graph]: Epoch 26 | train_loss: 0.1665 | lr: 0.000225
[2023-03-06 11:07:16] PRINT [03/06 11:07:16 graph]: #Test_f1: 0.8827±0.0573
[2023-03-06 11:07:17] PRINT [03/06 11:07:17 graph]: Epoch 26: get test f1 score:  0.883
[2023-03-06 11:07:17] PRINT [03/06 11:07:17 graph]: best_f1 0.910 at epoch 15
[2023-03-06 11:07:17] PRINT [03/06 11:07:17 graph]: Epoch 27 | train_loss: 0.1741 | lr: 0.000225
[2023-03-06 11:07:20] PRINT [03/06 11:07:20 graph]: #Test_f1: 0.8775±0.0584
[2023-03-06 11:07:20] PRINT [03/06 11:07:20 graph]: Epoch 27: get test f1 score:  0.877
[2023-03-06 11:07:20] PRINT [03/06 11:07:20 graph]: best_f1 0.910 at epoch 15
[2023-03-06 11:07:20] PRINT [03/06 11:07:20 graph]: Epoch 28 | train_loss: 0.1646 | lr: 0.000225
[2023-03-06 11:07:23] PRINT [03/06 11:07:23 graph]: #Test_f1: 0.8830±0.0656
[2023-03-06 11:07:23] PRINT [03/06 11:07:23 graph]: Epoch 28: get test f1 score:  0.883
[2023-03-06 11:07:23] PRINT [03/06 11:07:23 graph]: best_f1 0.910 at epoch 15
[2023-03-06 11:07:24] PRINT [03/06 11:07:24 graph]: Epoch 29 | train_loss: 0.1749 | lr: 0.000225
[2023-03-06 11:07:26] PRINT [03/06 11:07:26 graph]: #Test_f1: 0.8827±0.0573
[2023-03-06 11:07:27] PRINT [03/06 11:07:27 graph]: Epoch 29: get test f1 score:  0.883
[2023-03-06 11:07:27] PRINT [03/06 11:07:27 graph]: best_f1 0.910 at epoch 15
[2023-03-06 11:07:27] PRINT [03/06 11:07:27 graph]: Epoch 30 | train_loss: 0.1714 | lr: 0.000225
[2023-03-06 11:07:30] PRINT [03/06 11:07:30 graph]: #Test_f1: 0.8827±0.0573
[2023-03-06 11:07:30] PRINT [03/06 11:07:30 graph]: Epoch 30: get test f1 score:  0.883
[2023-03-06 11:07:30] PRINT [03/06 11:07:30 graph]: best_f1 0.910 at epoch 15
[2023-03-06 11:07:30] PRINT [03/06 11:07:30 graph]: Epoch 31 | train_loss: 0.1666 | lr: 0.000225
[2023-03-06 11:07:33] PRINT [03/06 11:07:33 graph]: #Test_f1: 0.8880±0.0505
[2023-03-06 11:07:33] PRINT [03/06 11:07:33 graph]: Epoch 31: get test f1 score:  0.888
[2023-03-06 11:07:33] PRINT [03/06 11:07:33 graph]: best_f1 0.910 at epoch 15
[2023-03-06 11:07:34] PRINT [03/06 11:07:34 graph]: Epoch 32 | train_loss: 0.1600 | lr: 0.000225
[2023-03-06 11:07:36] PRINT [03/06 11:07:36 graph]: #Test_f1: 0.8827±0.0522
[2023-03-06 11:07:37] PRINT [03/06 11:07:37 graph]: Epoch 32: get test f1 score:  0.883
[2023-03-06 11:07:37] PRINT [03/06 11:07:37 graph]: best_f1 0.910 at epoch 15
[2023-03-06 11:07:37] PRINT [03/06 11:07:37 graph]: Epoch 33 | train_loss: 0.1589 | lr: 0.000225
[2023-03-06 11:07:40] PRINT [03/06 11:07:40 graph]: #Test_f1: 0.8827±0.0466
[2023-03-06 11:07:40] PRINT [03/06 11:07:40 graph]: Epoch 33: get test f1 score:  0.883
[2023-03-06 11:07:40] PRINT [03/06 11:07:40 graph]: best_f1 0.910 at epoch 15
[2023-03-06 11:07:40] PRINT [03/06 11:07:40 graph]: Epoch 34 | train_loss: 0.1560 | lr: 0.000225
[2023-03-06 11:07:43] PRINT [03/06 11:07:43 graph]: #Test_f1: 0.8772±0.0591
[2023-03-06 11:07:43] PRINT [03/06 11:07:43 graph]: Epoch 34: get test f1 score:  0.877
[2023-03-06 11:07:43] PRINT [03/06 11:07:43 graph]: best_f1 0.910 at epoch 15
[2023-03-06 11:07:44] PRINT [03/06 11:07:44 graph]: Epoch 35 | train_loss: 0.1550 | lr: 0.000225
[2023-03-06 11:07:46] PRINT [03/06 11:07:46 graph]: #Test_f1: 0.8775±0.0479
[2023-03-06 11:07:47] PRINT [03/06 11:07:47 graph]: Epoch 35: get test f1 score:  0.877
[2023-03-06 11:07:47] PRINT [03/06 11:07:47 graph]: best_f1 0.910 at epoch 15
[2023-03-06 11:07:47] PRINT [03/06 11:07:47 graph]: Epoch 36 | train_loss: 0.1556 | lr: 0.000225
[2023-03-06 11:07:50] PRINT [03/06 11:07:50 graph]: #Test_f1: 0.8617±0.0632
[2023-03-06 11:07:50] PRINT [03/06 11:07:50 graph]: Epoch 36: get test f1 score:  0.862
[2023-03-06 11:07:50] PRINT [03/06 11:07:50 graph]: best_f1 0.910 at epoch 15
[2023-03-06 11:07:50] PRINT [03/06 11:07:50 graph]: Epoch 37 | train_loss: 0.1475 | lr: 0.000225
[2023-03-06 11:07:53] PRINT [03/06 11:07:53 graph]: #Test_f1: 0.8830±0.0661
[2023-03-06 11:07:53] PRINT [03/06 11:07:53 graph]: Epoch 37: get test f1 score:  0.883
[2023-03-06 11:07:53] PRINT [03/06 11:07:53 graph]: best_f1 0.910 at epoch 15
[2023-03-06 11:07:53] PRINT [03/06 11:07:53 graph]: Epoch 38 | train_loss: 0.1519 | lr: 0.000225
[2023-03-06 11:07:56] PRINT [03/06 11:07:56 graph]: #Test_f1: 0.8722±0.0540
[2023-03-06 11:07:56] PRINT [03/06 11:07:56 graph]: Epoch 38: get test f1 score:  0.872
[2023-03-06 11:07:56] PRINT [03/06 11:07:56 graph]: best_f1 0.910 at epoch 15
[2023-03-06 11:07:57] PRINT [03/06 11:07:57 graph]: Epoch 39 | train_loss: 0.1538 | lr: 0.000225
[2023-03-06 11:07:59] PRINT [03/06 11:07:59 graph]: #Test_f1: 0.8883±0.0549
[2023-03-06 11:07:59] PRINT [03/06 11:07:59 graph]: Epoch 39: get test f1 score:  0.888
[2023-03-06 11:07:59] PRINT [03/06 11:07:59 graph]: best_f1 0.910 at epoch 15
[2023-03-06 11:08:00] PRINT [03/06 11:08:00 graph]: Epoch 40 | train_loss: 0.1541 | lr: 0.000225
[2023-03-06 11:08:02] PRINT [03/06 11:08:02 graph]: #Test_f1: 0.8883±0.0502
[2023-03-06 11:08:03] PRINT [03/06 11:08:03 graph]: Epoch 40: get test f1 score:  0.888
[2023-03-06 11:08:03] PRINT [03/06 11:08:03 graph]: best_f1 0.910 at epoch 15
[2023-03-06 11:08:03] PRINT [03/06 11:08:03 graph]: Epoch 41 | train_loss: 0.1501 | lr: 0.000225
[2023-03-06 11:08:06] PRINT [03/06 11:08:06 graph]: #Test_f1: 0.8827±0.0522
[2023-03-06 11:08:06] PRINT [03/06 11:08:06 graph]: Epoch 41: get test f1 score:  0.883
[2023-03-06 11:08:06] PRINT [03/06 11:08:06 graph]: best_f1 0.910 at epoch 15
[2023-03-06 11:08:06] PRINT [03/06 11:08:06 graph]: Epoch 42 | train_loss: 0.1560 | lr: 0.000225
[2023-03-06 11:08:09] PRINT [03/06 11:08:09 graph]: #Test_f1: 0.8617±0.0483
[2023-03-06 11:08:09] PRINT [03/06 11:08:09 graph]: Epoch 42: get test f1 score:  0.862
[2023-03-06 11:08:09] PRINT [03/06 11:08:09 graph]: best_f1 0.910 at epoch 15
[2023-03-06 11:08:10] PRINT [03/06 11:08:10 graph]: Epoch 43 | train_loss: 0.1515 | lr: 0.000225
[2023-03-06 11:08:12] PRINT [03/06 11:08:12 graph]: #Test_f1: 0.8670±0.0488
[2023-03-06 11:08:13] PRINT [03/06 11:08:13 graph]: Epoch 43: get test f1 score:  0.867
[2023-03-06 11:08:13] PRINT [03/06 11:08:13 graph]: best_f1 0.910 at epoch 15
[2023-03-06 11:08:13] PRINT [03/06 11:08:13 graph]: Epoch 44 | train_loss: 0.1478 | lr: 0.000225
[2023-03-06 11:08:16] PRINT [03/06 11:08:16 graph]: #Test_f1: 0.8614±0.0491
[2023-03-06 11:08:16] PRINT [03/06 11:08:16 graph]: Epoch 44: get test f1 score:  0.861
[2023-03-06 11:08:16] PRINT [03/06 11:08:16 graph]: best_f1 0.910 at epoch 15
[2023-03-06 11:08:16] PRINT [03/06 11:08:16 graph]: Epoch 45 | train_loss: 0.1478 | lr: 0.000225
[2023-03-06 11:08:19] PRINT [03/06 11:08:19 graph]: #Test_f1: 0.8614±0.0491
[2023-03-06 11:08:19] PRINT [03/06 11:08:19 graph]: Epoch 45: get test f1 score:  0.861
[2023-03-06 11:08:19] PRINT [03/06 11:08:19 graph]: best_f1 0.910 at epoch 15
[2023-03-06 11:08:20] PRINT [03/06 11:08:20 graph]: Epoch 46 | train_loss: 0.1462 | lr: 0.000225
[2023-03-06 11:08:22] PRINT [03/06 11:08:22 graph]: #Test_f1: 0.8456±0.0500
[2023-03-06 11:08:22] PRINT [03/06 11:08:22 graph]: Epoch 46: get test f1 score:  0.846
[2023-03-06 11:08:22] PRINT [03/06 11:08:22 graph]: best_f1 0.910 at epoch 15
[2023-03-06 11:08:23] PRINT [03/06 11:08:23 graph]: Epoch 47 | train_loss: 0.1433 | lr: 0.000225
[2023-03-06 11:08:25] PRINT [03/06 11:08:25 graph]: #Test_f1: 0.8614±0.0593
[2023-03-06 11:08:26] PRINT [03/06 11:08:26 graph]: Epoch 47: get test f1 score:  0.861
[2023-03-06 11:08:26] PRINT [03/06 11:08:26 graph]: best_f1 0.910 at epoch 15
[2023-03-06 11:08:26] PRINT [03/06 11:08:26 graph]: Epoch 48 | train_loss: 0.1461 | lr: 0.000225
[2023-03-06 11:08:29] PRINT [03/06 11:08:29 graph]: #Test_f1: 0.8512±0.0665
[2023-03-06 11:08:29] PRINT [03/06 11:08:29 graph]: Epoch 48: get test f1 score:  0.851
[2023-03-06 11:08:29] PRINT [03/06 11:08:29 graph]: best_f1 0.910 at epoch 15
[2023-03-06 11:08:29] PRINT [03/06 11:08:29 graph]: Epoch 49 | train_loss: 0.1459 | lr: 0.000225
[2023-03-06 11:08:32] PRINT [03/06 11:08:32 graph]: #Test_f1: 0.8567±0.0667
[2023-03-06 11:08:32] PRINT [03/06 11:08:32 graph]: Epoch 49: get test f1 score:  0.857
[2023-03-06 11:08:32] PRINT [03/06 11:08:32 graph]: best_f1 0.910 at epoch 15
[2023-03-06 11:08:32] PRINT [03/06 11:08:32 graph]: # final_acc: 0.9099±0.0000
