[2023-03-22 16:08:48] PRINT ---new cfg------
[2023-03-22 16:08:48] PRINT {'DATA': {'data_name': 'comp'}, 'DATALOADER': {'NUM_WORKERS': 0}, 'MODEL': {'num_hidden': 512, 'num_layers': 2, 'nhead': 4, 'activation': 'prelu', 'attn_drop': 0.1, 'feat_drop': 0.4, 'norm': 'batchnorm', 'pooler': 'mean', 'beta_schedule': 'const', 'beta_1': 0.0005296654003456924, 'beta_T': 0.02433489772913653, 'T': 519}, 'SOLVER': {'optim_type': 'adam', 'optim_type_f': 'adamw', 'alpha': 0, 'decay': 20, 'LR': 0.00032927907105569055, 'LR_f': 0.03741904268909175, 'weight_decay': 0, 'weight_decay_f': 0.00022953515425054775, 'MAX_EPOCH': 100, 'max_epoch_f': 500}, 'DEVICE': 'cuda', 'seeds': [0], 'eval_T': [50, 100, 200], 'output_dir': '/ddm-nni/AmazonCoBuyComputerDataset¶/log', 'checkpoint_dir': '/ddm-nni/AmazonCoBuyComputerDataset¶/log/checkpoint'}
[2023-03-22 16:08:48] PRINT [03/22 16:08:48 graph]: Rank of current process: 0. World size: 1
[2023-03-22 16:08:52] PRINT [03/22 16:08:52 graph]: Environment info:
[2023-03-22 16:08:52] PRINT PyTorch version: 1.10.0+cu113
[2023-03-22 16:08:52] PRINT Is debug build: False
[2023-03-22 16:08:52] PRINT CUDA used to build PyTorch: 11.3
[2023-03-22 16:08:52] PRINT ROCM used to build PyTorch: N/A
[2023-03-22 16:08:52] PRINT 
[2023-03-22 16:08:52] PRINT OS: Ubuntu 20.04.3 LTS (x86_64)
[2023-03-22 16:08:52] PRINT GCC version: (Ubuntu 9.3.0-17ubuntu1~20.04) 9.3.0
[2023-03-22 16:08:52] PRINT Clang version: Could not collect
[2023-03-22 16:08:52] PRINT CMake version: version 3.16.3
[2023-03-22 16:08:52] PRINT Libc version: glibc-2.31
[2023-03-22 16:08:52] PRINT 
[2023-03-22 16:08:52] PRINT Python version: 3.8.10 (default, Jun  4 2021, 15:09:15)  [GCC 7.5.0] (64-bit runtime)
[2023-03-22 16:08:52] PRINT Python platform: Linux-5.4.0-90-generic-x86_64-with-glibc2.17
[2023-03-22 16:08:52] PRINT Is CUDA available: True
[2023-03-22 16:08:52] PRINT CUDA runtime version: 11.3.109
[2023-03-22 16:08:52] PRINT GPU models and configuration: GPU 0: NVIDIA GeForce RTX 3090
[2023-03-22 16:08:52] PRINT Nvidia driver version: 495.44
[2023-03-22 16:08:52] PRINT cuDNN version: Probably one of the following:
[2023-03-22 16:08:52] PRINT /usr/lib/x86_64-linux-gnu/libcudnn.so.8.2.0
[2023-03-22 16:08:52] PRINT /usr/lib/x86_64-linux-gnu/libcudnn_adv_infer.so.8.2.0
[2023-03-22 16:08:52] PRINT /usr/lib/x86_64-linux-gnu/libcudnn_adv_train.so.8.2.0
[2023-03-22 16:08:52] PRINT /usr/lib/x86_64-linux-gnu/libcudnn_cnn_infer.so.8.2.0
[2023-03-22 16:08:52] PRINT /usr/lib/x86_64-linux-gnu/libcudnn_cnn_train.so.8.2.0
[2023-03-22 16:08:52] PRINT /usr/lib/x86_64-linux-gnu/libcudnn_ops_infer.so.8.2.0
[2023-03-22 16:08:52] PRINT /usr/lib/x86_64-linux-gnu/libcudnn_ops_train.so.8.2.0
[2023-03-22 16:08:52] PRINT HIP runtime version: N/A
[2023-03-22 16:08:52] PRINT MIOpen runtime version: N/A
[2023-03-22 16:08:52] PRINT 
[2023-03-22 16:08:52] PRINT Versions of relevant libraries:
[2023-03-22 16:08:52] PRINT [pip3] numpy==1.23.5
[2023-03-22 16:08:52] PRINT [pip3] torch==1.10.0+cu113
[2023-03-22 16:08:52] PRINT [pip3] torchvision==0.11.1+cu113
[2023-03-22 16:08:52] PRINT [conda] blas                      1.0                         mkl    https://mirrors.ustc.edu.cn/anaconda/pkgs/main
[2023-03-22 16:08:52] PRINT [conda] mkl                       2021.4.0           h06a4308_640    https://mirrors.ustc.edu.cn/anaconda/pkgs/main
[2023-03-22 16:08:52] PRINT [conda] mkl-service               2.4.0            py38h7f8727e_0    https://mirrors.ustc.edu.cn/anaconda/pkgs/main
[2023-03-22 16:08:52] PRINT [conda] mkl_fft                   1.3.1            py38hd3c417c_0    https://mirrors.ustc.edu.cn/anaconda/pkgs/main
[2023-03-22 16:08:52] PRINT [conda] mkl_random                1.2.2            py38h51133e4_0    https://mirrors.ustc.edu.cn/anaconda/pkgs/main
[2023-03-22 16:08:52] PRINT [conda] numpy                     1.21.4                   pypi_0    pypi
[2023-03-22 16:08:52] PRINT [conda] numpy-base                1.23.5           py38h31eccc5_0    https://mirrors.ustc.edu.cn/anaconda/pkgs/main
[2023-03-22 16:08:52] PRINT [conda] torch                     1.10.0+cu113             pypi_0    pypi
[2023-03-22 16:08:52] PRINT [conda] torchvision               0.11.1+cu113             pypi_0    pypi
[2023-03-22 16:08:52] PRINT         Pillow (8.4.0)
[2023-03-22 16:08:52] PRINT [03/22 16:08:52 graph]: Command line arguments: Namespace(local_rank=0, resume=False, seed=1234, start_epoch=0)
[2023-03-22 16:08:52] PRINT [03/22 16:08:52 graph]: Run 0th for seed 0
[2023-03-22 16:08:52] PRINT [03/22 16:08:52 graph]: Total trainable params num : 7946755
[2023-03-22 16:08:56] PRINT [03/22 16:08:56 graph]: ----------Start Training----------
[2023-03-22 16:08:57] PRINT [03/22 16:08:57 graph]: start epoch 0.
[2023-03-22 16:08:57] PRINT [03/22 16:08:57 graph]: # Epoch 0: train_loss: 1.0247 | lr: 0.000329
[2023-03-22 16:08:57] PRINT [03/22 16:08:57 graph]: start epoch 1.
[2023-03-22 16:08:57] PRINT [03/22 16:08:57 graph]: # Epoch 1: train_loss: 0.8207 | lr: 0.000329
[2023-03-22 16:08:57] PRINT [03/22 16:08:57 graph]: start epoch 2.
[2023-03-22 16:08:57] PRINT [03/22 16:08:57 graph]: # Epoch 2: train_loss: 0.7163 | lr: 0.000329
[2023-03-22 16:08:57] PRINT [03/22 16:08:57 graph]: start epoch 3.
[2023-03-22 16:08:57] PRINT [03/22 16:08:57 graph]: # Epoch 3: train_loss: 0.6601 | lr: 0.000329
[2023-03-22 16:08:57] PRINT [03/22 16:08:57 graph]: start epoch 4.
[2023-03-22 16:08:57] PRINT [03/22 16:08:57 graph]: # Epoch 4: train_loss: 0.6275 | lr: 0.000329
[2023-03-22 16:08:57] PRINT [03/22 16:08:57 graph]: start epoch 5.
[2023-03-22 16:08:58] PRINT [03/22 16:08:58 graph]: # Epoch 5: train_loss: 0.6080 | lr: 0.000329
[2023-03-22 16:08:58] PRINT [03/22 16:08:58 graph]: start epoch 6.
[2023-03-22 16:08:58] PRINT [03/22 16:08:58 graph]: # Epoch 6: train_loss: 0.5960 | lr: 0.000329
[2023-03-22 16:08:58] PRINT [03/22 16:08:58 graph]: start epoch 7.
[2023-03-22 16:08:58] PRINT [03/22 16:08:58 graph]: # Epoch 7: train_loss: 0.5877 | lr: 0.000329
[2023-03-22 16:08:58] PRINT [03/22 16:08:58 graph]: start epoch 8.
[2023-03-22 16:08:58] PRINT [03/22 16:08:58 graph]: # Epoch 8: train_loss: 0.5818 | lr: 0.000329
[2023-03-22 16:08:58] PRINT [03/22 16:08:58 graph]: start epoch 9.
[2023-03-22 16:08:58] PRINT [03/22 16:08:58 graph]: # Epoch 9: train_loss: 0.5765 | lr: 0.000329
[2023-03-22 16:08:58] PRINT [03/22 16:08:58 graph]: start epoch 10.
[2023-03-22 16:08:58] PRINT [03/22 16:08:58 graph]: # Epoch 10: train_loss: 0.5727 | lr: 0.000329
[2023-03-22 16:08:58] PRINT [03/22 16:08:58 graph]: start epoch 11.
[2023-03-22 16:08:58] PRINT [03/22 16:08:58 graph]: # Epoch 11: train_loss: 0.5690 | lr: 0.000329
[2023-03-22 16:08:58] PRINT [03/22 16:08:58 graph]: start epoch 12.
[2023-03-22 16:08:58] PRINT [03/22 16:08:58 graph]: # Epoch 12: train_loss: 0.5661 | lr: 0.000329
[2023-03-22 16:08:58] PRINT [03/22 16:08:58 graph]: start epoch 13.
[2023-03-22 16:08:58] PRINT [03/22 16:08:58 graph]: # Epoch 13: train_loss: 0.5631 | lr: 0.000329
[2023-03-22 16:08:58] PRINT [03/22 16:08:58 graph]: start epoch 14.
[2023-03-22 16:08:58] PRINT [03/22 16:08:58 graph]: # Epoch 14: train_loss: 0.5604 | lr: 0.000329
[2023-03-22 16:08:58] PRINT [03/22 16:08:58 graph]: start epoch 15.
[2023-03-22 16:08:58] PRINT [03/22 16:08:58 graph]: # Epoch 15: train_loss: 0.5582 | lr: 0.000329
[2023-03-22 16:08:58] PRINT [03/22 16:08:58 graph]: start epoch 16.
[2023-03-22 16:08:58] PRINT [03/22 16:08:58 graph]: # Epoch 16: train_loss: 0.5557 | lr: 0.000329
[2023-03-22 16:08:58] PRINT [03/22 16:08:58 graph]: start epoch 17.
[2023-03-22 16:08:58] PRINT [03/22 16:08:58 graph]: # Epoch 17: train_loss: 0.5541 | lr: 0.000329
[2023-03-22 16:08:58] PRINT [03/22 16:08:58 graph]: start epoch 18.
[2023-03-22 16:08:59] PRINT [03/22 16:08:59 graph]: # Epoch 18: train_loss: 0.5523 | lr: 0.000329
[2023-03-22 16:08:59] PRINT [03/22 16:08:59 graph]: start epoch 19.
[2023-03-22 16:08:59] PRINT [03/22 16:08:59 graph]: # Epoch 19: train_loss: 0.5513 | lr: 0.000329
[2023-03-22 16:08:59] PRINT [03/22 16:08:59 graph]: start epoch 20.
[2023-03-22 16:08:59] PRINT [03/22 16:08:59 graph]: # Epoch 20: train_loss: 0.5500 | lr: 0.000000
[2023-03-22 16:08:59] PRINT [03/22 16:08:59 graph]: start epoch 21.
[2023-03-22 16:08:59] PRINT [03/22 16:08:59 graph]: # Epoch 21: train_loss: 0.5500 | lr: 0.000000
[2023-03-22 16:08:59] PRINT [03/22 16:08:59 graph]: start epoch 22.
[2023-03-22 16:08:59] PRINT [03/22 16:08:59 graph]: # Epoch 22: train_loss: 0.5501 | lr: 0.000000
[2023-03-22 16:08:59] PRINT [03/22 16:08:59 graph]: start epoch 23.
[2023-03-22 16:08:59] PRINT [03/22 16:08:59 graph]: # Epoch 23: train_loss: 0.5500 | lr: 0.000000
[2023-03-22 16:08:59] PRINT [03/22 16:08:59 graph]: start epoch 24.
[2023-03-22 16:08:59] PRINT [03/22 16:08:59 graph]: # Epoch 24: train_loss: 0.5501 | lr: 0.000000
[2023-03-22 16:08:59] PRINT [03/22 16:08:59 graph]: start epoch 25.
[2023-03-22 16:08:59] PRINT [03/22 16:08:59 graph]: # Epoch 25: train_loss: 0.5499 | lr: 0.000000
[2023-03-22 16:08:59] PRINT [03/22 16:08:59 graph]: start epoch 26.
[2023-03-22 16:08:59] PRINT [03/22 16:08:59 graph]: # Epoch 26: train_loss: 0.5498 | lr: 0.000000
[2023-03-22 16:08:59] PRINT [03/22 16:08:59 graph]: start epoch 27.
[2023-03-22 16:08:59] PRINT [03/22 16:08:59 graph]: # Epoch 27: train_loss: 0.5502 | lr: 0.000000
[2023-03-22 16:08:59] PRINT [03/22 16:08:59 graph]: start epoch 28.
[2023-03-22 16:08:59] PRINT [03/22 16:08:59 graph]: # Epoch 28: train_loss: 0.5500 | lr: 0.000000
[2023-03-22 16:08:59] PRINT [03/22 16:08:59 graph]: start epoch 29.
[2023-03-22 16:08:59] PRINT [03/22 16:08:59 graph]: # Epoch 29: train_loss: 0.5498 | lr: 0.000000
[2023-03-22 16:08:59] PRINT [03/22 16:08:59 graph]: start epoch 30.
[2023-03-22 16:08:59] PRINT [03/22 16:08:59 graph]: # Epoch 30: train_loss: 0.5500 | lr: 0.000000
[2023-03-22 16:08:59] PRINT [03/22 16:08:59 graph]: start epoch 31.
[2023-03-22 16:09:00] PRINT [03/22 16:09:00 graph]: # Epoch 31: train_loss: 0.5499 | lr: 0.000000
[2023-03-22 16:09:00] PRINT [03/22 16:09:00 graph]: start epoch 32.
[2023-03-22 16:09:00] PRINT [03/22 16:09:00 graph]: # Epoch 32: train_loss: 0.5502 | lr: 0.000000
[2023-03-22 16:09:00] PRINT [03/22 16:09:00 graph]: start epoch 33.
[2023-03-22 16:09:00] PRINT [03/22 16:09:00 graph]: # Epoch 33: train_loss: 0.5503 | lr: 0.000000
[2023-03-22 16:09:00] PRINT [03/22 16:09:00 graph]: start epoch 34.
[2023-03-22 16:09:00] PRINT [03/22 16:09:00 graph]: # Epoch 34: train_loss: 0.5501 | lr: 0.000000
[2023-03-22 16:09:00] PRINT [03/22 16:09:00 graph]: start epoch 35.
[2023-03-22 16:09:00] PRINT [03/22 16:09:00 graph]: # Epoch 35: train_loss: 0.5503 | lr: 0.000000
[2023-03-22 16:09:00] PRINT [03/22 16:09:00 graph]: start epoch 36.
[2023-03-22 16:09:00] PRINT [03/22 16:09:00 graph]: # Epoch 36: train_loss: 0.5499 | lr: 0.000000
[2023-03-22 16:09:00] PRINT [03/22 16:09:00 graph]: start epoch 37.
[2023-03-22 16:09:00] PRINT [03/22 16:09:00 graph]: # Epoch 37: train_loss: 0.5499 | lr: 0.000000
[2023-03-22 16:09:00] PRINT [03/22 16:09:00 graph]: start epoch 38.
[2023-03-22 16:09:00] PRINT [03/22 16:09:00 graph]: # Epoch 38: train_loss: 0.5500 | lr: 0.000000
[2023-03-22 16:09:00] PRINT [03/22 16:09:00 graph]: start epoch 39.
[2023-03-22 16:09:00] PRINT [03/22 16:09:00 graph]: # Epoch 39: train_loss: 0.5498 | lr: 0.000000
[2023-03-22 16:09:00] PRINT [03/22 16:09:00 graph]: start epoch 40.
[2023-03-22 16:09:00] PRINT [03/22 16:09:00 graph]: # Epoch 40: train_loss: 0.5499 | lr: 0.000000
[2023-03-22 16:09:00] PRINT [03/22 16:09:00 graph]: start epoch 41.
[2023-03-22 16:09:00] PRINT [03/22 16:09:00 graph]: # Epoch 41: train_loss: 0.5501 | lr: 0.000000
[2023-03-22 16:09:00] PRINT [03/22 16:09:00 graph]: start epoch 42.
[2023-03-22 16:09:00] PRINT [03/22 16:09:00 graph]: # Epoch 42: train_loss: 0.5500 | lr: 0.000000
[2023-03-22 16:09:00] PRINT [03/22 16:09:00 graph]: start epoch 43.
[2023-03-22 16:09:00] PRINT [03/22 16:09:00 graph]: # Epoch 43: train_loss: 0.5501 | lr: 0.000000
[2023-03-22 16:09:00] PRINT [03/22 16:09:00 graph]: start epoch 44.
[2023-03-22 16:09:01] PRINT [03/22 16:09:01 graph]: # Epoch 44: train_loss: 0.5502 | lr: 0.000000
[2023-03-22 16:09:01] PRINT [03/22 16:09:01 graph]: start epoch 45.
[2023-03-22 16:09:01] PRINT [03/22 16:09:01 graph]: # Epoch 45: train_loss: 0.5500 | lr: 0.000000
[2023-03-22 16:09:01] PRINT [03/22 16:09:01 graph]: start epoch 46.
[2023-03-22 16:09:01] PRINT [03/22 16:09:01 graph]: # Epoch 46: train_loss: 0.5501 | lr: 0.000000
[2023-03-22 16:09:01] PRINT [03/22 16:09:01 graph]: start epoch 47.
[2023-03-22 16:09:01] PRINT [03/22 16:09:01 graph]: # Epoch 47: train_loss: 0.5499 | lr: 0.000000
[2023-03-22 16:09:01] PRINT [03/22 16:09:01 graph]: start epoch 48.
[2023-03-22 16:09:01] PRINT [03/22 16:09:01 graph]: # Epoch 48: train_loss: 0.5503 | lr: 0.000000
[2023-03-22 16:09:01] PRINT [03/22 16:09:01 graph]: start epoch 49.
[2023-03-22 16:09:01] PRINT [03/22 16:09:01 graph]: # Epoch 49: train_loss: 0.5500 | lr: 0.000000
[2023-03-22 16:09:01] PRINT [03/22 16:09:01 graph]: start epoch 50.
[2023-03-22 16:09:01] PRINT [03/22 16:09:01 graph]: # Epoch 50: train_loss: 0.5500 | lr: 0.000000
[2023-03-22 16:09:01] PRINT [03/22 16:09:01 graph]: start epoch 51.
[2023-03-22 16:09:01] PRINT [03/22 16:09:01 graph]: # Epoch 51: train_loss: 0.5499 | lr: 0.000000
[2023-03-22 16:09:08] PRINT [03/22 16:09:08 graph]: --- Testf1: 0.83594, Best Valacc: 0.84291 in epoch 496 --- 
[2023-03-22 16:09:09] PRINT [03/22 16:09:09 graph]: Epoch 51: get test acc score:  0.83594
[2023-03-22 16:09:09] PRINT [03/22 16:09:09 graph]: best_f1 0.83594 at epoch 51
[2023-03-22 16:09:09] PRINT [03/22 16:09:09 graph]: start epoch 52.
[2023-03-22 16:09:09] PRINT [03/22 16:09:09 graph]: # Epoch 52: train_loss: 0.5498 | lr: 0.000000
[2023-03-22 16:09:16] PRINT [03/22 16:09:16 graph]: --- Testf1: 0.82549, Best Valacc: 0.81745 in epoch 311 --- 
[2023-03-22 16:09:16] PRINT [03/22 16:09:16 graph]: Epoch 52: get test acc score:  0.82549
[2023-03-22 16:09:16] PRINT [03/22 16:09:16 graph]: best_f1 0.83594 at epoch 51
[2023-03-22 16:09:16] PRINT [03/22 16:09:16 graph]: start epoch 53.
[2023-03-22 16:09:16] PRINT [03/22 16:09:16 graph]: # Epoch 53: train_loss: 0.5501 | lr: 0.000000
[2023-03-22 16:09:23] PRINT [03/22 16:09:23 graph]: --- Testf1: 0.83585, Best Valacc: 0.82982 in epoch 309 --- 
[2023-03-22 16:09:23] PRINT [03/22 16:09:23 graph]: Epoch 53: get test acc score:  0.83585
[2023-03-22 16:09:23] PRINT [03/22 16:09:23 graph]: best_f1 0.83594 at epoch 51
[2023-03-22 16:09:23] PRINT [03/22 16:09:23 graph]: start epoch 54.
[2023-03-22 16:09:24] PRINT [03/22 16:09:24 graph]: # Epoch 54: train_loss: 0.5500 | lr: 0.000000
[2023-03-22 16:09:30] PRINT [03/22 16:09:30 graph]: --- Testf1: 0.82485, Best Valacc: 0.82327 in epoch 357 --- 
[2023-03-22 16:09:31] PRINT [03/22 16:09:31 graph]: Epoch 54: get test acc score:  0.82485
[2023-03-22 16:09:31] PRINT [03/22 16:09:31 graph]: best_f1 0.83594 at epoch 51
[2023-03-22 16:09:31] PRINT [03/22 16:09:31 graph]: start epoch 55.
[2023-03-22 16:09:31] PRINT [03/22 16:09:31 graph]: # Epoch 55: train_loss: 0.5496 | lr: 0.000000
[2023-03-22 16:09:38] PRINT [03/22 16:09:38 graph]: --- Testf1: 0.83203, Best Valacc: 0.83345 in epoch 352 --- 
[2023-03-22 16:09:38] PRINT [03/22 16:09:38 graph]: Epoch 55: get test acc score:  0.83203
[2023-03-22 16:09:38] PRINT [03/22 16:09:38 graph]: best_f1 0.83594 at epoch 51
[2023-03-22 16:09:38] PRINT [03/22 16:09:38 graph]: start epoch 56.
[2023-03-22 16:09:38] PRINT [03/22 16:09:38 graph]: # Epoch 56: train_loss: 0.5500 | lr: 0.000000
[2023-03-22 16:09:45] PRINT [03/22 16:09:45 graph]: --- Testf1: 0.82394, Best Valacc: 0.81527 in epoch 313 --- 
[2023-03-22 16:09:45] PRINT [03/22 16:09:45 graph]: Epoch 56: get test acc score:  0.82394
[2023-03-22 16:09:45] PRINT [03/22 16:09:45 graph]: best_f1 0.83594 at epoch 51
[2023-03-22 16:09:45] PRINT [03/22 16:09:45 graph]: start epoch 57.
[2023-03-22 16:09:45] PRINT [03/22 16:09:45 graph]: # Epoch 57: train_loss: 0.5499 | lr: 0.000000
[2023-03-22 16:09:53] PRINT [03/22 16:09:53 graph]: --- Testf1: 0.83321, Best Valacc: 0.83491 in epoch 374 --- 
[2023-03-22 16:09:53] PRINT [03/22 16:09:53 graph]: Epoch 57: get test acc score:  0.83321
[2023-03-22 16:09:53] PRINT [03/22 16:09:53 graph]: best_f1 0.83594 at epoch 51
[2023-03-22 16:09:53] PRINT [03/22 16:09:53 graph]: start epoch 58.
[2023-03-22 16:09:53] PRINT [03/22 16:09:53 graph]: # Epoch 58: train_loss: 0.5500 | lr: 0.000000
[2023-03-22 16:10:00] PRINT [03/22 16:10:00 graph]: --- Testf1: 0.82640, Best Valacc: 0.82618 in epoch 488 --- 
[2023-03-22 16:10:00] PRINT [03/22 16:10:00 graph]: Epoch 58: get test acc score:  0.82640
[2023-03-22 16:10:00] PRINT [03/22 16:10:00 graph]: best_f1 0.83594 at epoch 51
[2023-03-22 16:10:00] PRINT [03/22 16:10:00 graph]: start epoch 59.
[2023-03-22 16:10:00] PRINT [03/22 16:10:00 graph]: # Epoch 59: train_loss: 0.5500 | lr: 0.000000
[2023-03-22 16:10:07] PRINT [03/22 16:10:07 graph]: --- Testf1: 0.83139, Best Valacc: 0.81673 in epoch 449 --- 
[2023-03-22 16:10:07] PRINT [03/22 16:10:07 graph]: Epoch 59: get test acc score:  0.83139
[2023-03-22 16:10:07] PRINT [03/22 16:10:07 graph]: best_f1 0.83594 at epoch 51
[2023-03-22 16:10:07] PRINT [03/22 16:10:07 graph]: start epoch 60.
[2023-03-22 16:10:08] PRINT [03/22 16:10:08 graph]: # Epoch 60: train_loss: 0.5501 | lr: 0.000000
[2023-03-22 16:10:15] PRINT [03/22 16:10:15 graph]: --- Testf1: 0.83167, Best Valacc: 0.83636 in epoch 350 --- 
[2023-03-22 16:10:15] PRINT [03/22 16:10:15 graph]: Epoch 60: get test acc score:  0.83167
[2023-03-22 16:10:15] PRINT [03/22 16:10:15 graph]: best_f1 0.83594 at epoch 51
[2023-03-22 16:10:15] PRINT [03/22 16:10:15 graph]: start epoch 61.
[2023-03-22 16:10:15] PRINT [03/22 16:10:15 graph]: # Epoch 61: train_loss: 0.5500 | lr: 0.000000
[2023-03-22 16:10:22] PRINT [03/22 16:10:22 graph]: --- Testf1: 0.83376, Best Valacc: 0.82473 in epoch 355 --- 
[2023-03-22 16:10:22] PRINT [03/22 16:10:22 graph]: Epoch 61: get test acc score:  0.83376
[2023-03-22 16:10:22] PRINT [03/22 16:10:22 graph]: best_f1 0.83594 at epoch 51
[2023-03-22 16:10:22] PRINT [03/22 16:10:22 graph]: start epoch 62.
[2023-03-22 16:10:22] PRINT [03/22 16:10:22 graph]: # Epoch 62: train_loss: 0.5498 | lr: 0.000000
[2023-03-22 16:10:29] PRINT [03/22 16:10:29 graph]: --- Testf1: 0.82949, Best Valacc: 0.83200 in epoch 376 --- 
[2023-03-22 16:10:30] PRINT [03/22 16:10:30 graph]: Epoch 62: get test acc score:  0.82949
[2023-03-22 16:10:30] PRINT [03/22 16:10:30 graph]: best_f1 0.83594 at epoch 51
[2023-03-22 16:10:30] PRINT [03/22 16:10:30 graph]: start epoch 63.
[2023-03-22 16:10:30] PRINT [03/22 16:10:30 graph]: # Epoch 63: train_loss: 0.5500 | lr: 0.000000
[2023-03-22 16:10:37] PRINT [03/22 16:10:37 graph]: --- Testf1: 0.82685, Best Valacc: 0.82473 in epoch 416 --- 
[2023-03-22 16:10:37] PRINT [03/22 16:10:37 graph]: Epoch 63: get test acc score:  0.82685
[2023-03-22 16:10:37] PRINT [03/22 16:10:37 graph]: best_f1 0.83594 at epoch 51
[2023-03-22 16:10:37] PRINT [03/22 16:10:37 graph]: start epoch 64.
[2023-03-22 16:10:37] PRINT [03/22 16:10:37 graph]: # Epoch 64: train_loss: 0.5500 | lr: 0.000000
[2023-03-22 16:10:44] PRINT [03/22 16:10:44 graph]: --- Testf1: 0.83512, Best Valacc: 0.82182 in epoch 444 --- 
[2023-03-22 16:10:44] PRINT [03/22 16:10:44 graph]: Epoch 64: get test acc score:  0.83512
[2023-03-22 16:10:44] PRINT [03/22 16:10:44 graph]: best_f1 0.83594 at epoch 51
[2023-03-22 16:10:44] PRINT [03/22 16:10:44 graph]: start epoch 65.
[2023-03-22 16:10:44] PRINT [03/22 16:10:44 graph]: # Epoch 65: train_loss: 0.5499 | lr: 0.000000
[2023-03-22 16:10:51] PRINT [03/22 16:10:51 graph]: --- Testf1: 0.81976, Best Valacc: 0.82764 in epoch 499 --- 
[2023-03-22 16:10:52] PRINT [03/22 16:10:52 graph]: Epoch 65: get test acc score:  0.81976
[2023-03-22 16:10:52] PRINT [03/22 16:10:52 graph]: best_f1 0.83594 at epoch 51
[2023-03-22 16:10:52] PRINT [03/22 16:10:52 graph]: start epoch 66.
[2023-03-22 16:10:52] PRINT [03/22 16:10:52 graph]: # Epoch 66: train_loss: 0.5498 | lr: 0.000000
[2023-03-22 16:10:59] PRINT [03/22 16:10:59 graph]: --- Testf1: 0.83294, Best Valacc: 0.83345 in epoch 485 --- 
[2023-03-22 16:10:59] PRINT [03/22 16:10:59 graph]: Epoch 66: get test acc score:  0.83294
[2023-03-22 16:10:59] PRINT [03/22 16:10:59 graph]: best_f1 0.83594 at epoch 51
[2023-03-22 16:10:59] PRINT [03/22 16:10:59 graph]: start epoch 67.
[2023-03-22 16:10:59] PRINT [03/22 16:10:59 graph]: # Epoch 67: train_loss: 0.5501 | lr: 0.000000
[2023-03-22 16:11:06] PRINT [03/22 16:11:06 graph]: --- Testf1: 0.83539, Best Valacc: 0.83855 in epoch 443 --- 
[2023-03-22 16:11:06] PRINT [03/22 16:11:06 graph]: Epoch 67: get test acc score:  0.83539
[2023-03-22 16:11:06] PRINT [03/22 16:11:06 graph]: best_f1 0.83594 at epoch 51
[2023-03-22 16:11:06] PRINT [03/22 16:11:06 graph]: start epoch 68.
[2023-03-22 16:11:06] PRINT [03/22 16:11:06 graph]: # Epoch 68: train_loss: 0.5499 | lr: 0.000000
[2023-03-22 16:11:14] PRINT [03/22 16:11:14 graph]: --- Testf1: 0.83176, Best Valacc: 0.83782 in epoch 473 --- 
[2023-03-22 16:11:14] PRINT [03/22 16:11:14 graph]: Epoch 68: get test acc score:  0.83176
[2023-03-22 16:11:14] PRINT [03/22 16:11:14 graph]: best_f1 0.83594 at epoch 51
[2023-03-22 16:11:14] PRINT [03/22 16:11:14 graph]: start epoch 69.
[2023-03-22 16:11:14] PRINT [03/22 16:11:14 graph]: # Epoch 69: train_loss: 0.5501 | lr: 0.000000
[2023-03-22 16:11:21] PRINT [03/22 16:11:21 graph]: --- Testf1: 0.82303, Best Valacc: 0.82327 in epoch 488 --- 
[2023-03-22 16:11:22] PRINT [03/22 16:11:22 graph]: Epoch 69: get test acc score:  0.82303
[2023-03-22 16:11:22] PRINT [03/22 16:11:22 graph]: best_f1 0.83594 at epoch 51
[2023-03-22 16:11:22] PRINT [03/22 16:11:22 graph]: start epoch 70.
[2023-03-22 16:11:22] PRINT [03/22 16:11:22 graph]: # Epoch 70: train_loss: 0.5500 | lr: 0.000000
[2023-03-22 16:11:29] PRINT [03/22 16:11:29 graph]: --- Testf1: 0.83249, Best Valacc: 0.84218 in epoch 468 --- 
[2023-03-22 16:11:29] PRINT [03/22 16:11:29 graph]: Epoch 70: get test acc score:  0.83249
[2023-03-22 16:11:29] PRINT [03/22 16:11:29 graph]: best_f1 0.83594 at epoch 51
[2023-03-22 16:11:29] PRINT [03/22 16:11:29 graph]: start epoch 71.
[2023-03-22 16:11:29] PRINT [03/22 16:11:29 graph]: # Epoch 71: train_loss: 0.5498 | lr: 0.000000
[2023-03-22 16:11:36] PRINT [03/22 16:11:36 graph]: --- Testf1: 0.82494, Best Valacc: 0.82982 in epoch 364 --- 
[2023-03-22 16:11:36] PRINT [03/22 16:11:36 graph]: Epoch 71: get test acc score:  0.82494
[2023-03-22 16:11:36] PRINT [03/22 16:11:36 graph]: best_f1 0.83594 at epoch 51
[2023-03-22 16:11:36] PRINT [03/22 16:11:36 graph]: start epoch 72.
[2023-03-22 16:11:36] PRINT [03/22 16:11:36 graph]: # Epoch 72: train_loss: 0.5498 | lr: 0.000000
[2023-03-22 16:11:43] PRINT [03/22 16:11:43 graph]: --- Testf1: 0.82858, Best Valacc: 0.83927 in epoch 434 --- 
[2023-03-22 16:11:44] PRINT [03/22 16:11:44 graph]: Epoch 72: get test acc score:  0.82858
[2023-03-22 16:11:44] PRINT [03/22 16:11:44 graph]: best_f1 0.83594 at epoch 51
[2023-03-22 16:11:44] PRINT [03/22 16:11:44 graph]: start epoch 73.
[2023-03-22 16:11:44] PRINT [03/22 16:11:44 graph]: # Epoch 73: train_loss: 0.5499 | lr: 0.000000
[2023-03-22 16:11:51] PRINT [03/22 16:11:51 graph]: --- Testf1: 0.83003, Best Valacc: 0.82255 in epoch 388 --- 
[2023-03-22 16:11:51] PRINT [03/22 16:11:51 graph]: Epoch 73: get test acc score:  0.83003
[2023-03-22 16:11:51] PRINT [03/22 16:11:51 graph]: best_f1 0.83594 at epoch 51
[2023-03-22 16:11:51] PRINT [03/22 16:11:51 graph]: start epoch 74.
[2023-03-22 16:11:51] PRINT [03/22 16:11:51 graph]: # Epoch 74: train_loss: 0.5500 | lr: 0.000000
[2023-03-22 16:11:58] PRINT [03/22 16:11:58 graph]: --- Testf1: 0.83412, Best Valacc: 0.84655 in epoch 476 --- 
[2023-03-22 16:11:58] PRINT [03/22 16:11:58 graph]: Epoch 74: get test acc score:  0.83412
[2023-03-22 16:11:58] PRINT [03/22 16:11:58 graph]: best_f1 0.83594 at epoch 51
[2023-03-22 16:11:58] PRINT [03/22 16:11:58 graph]: start epoch 75.
[2023-03-22 16:11:58] PRINT [03/22 16:11:58 graph]: # Epoch 75: train_loss: 0.5498 | lr: 0.000000
[2023-03-22 16:12:06] PRINT [03/22 16:12:06 graph]: --- Testf1: 0.82749, Best Valacc: 0.80509 in epoch 403 --- 
[2023-03-22 16:12:06] PRINT [03/22 16:12:06 graph]: Epoch 75: get test acc score:  0.82749
[2023-03-22 16:12:06] PRINT [03/22 16:12:06 graph]: best_f1 0.83594 at epoch 51
[2023-03-22 16:12:06] PRINT [03/22 16:12:06 graph]: start epoch 76.
[2023-03-22 16:12:06] PRINT [03/22 16:12:06 graph]: # Epoch 76: train_loss: 0.5499 | lr: 0.000000
[2023-03-22 16:12:13] PRINT [03/22 16:12:13 graph]: --- Testf1: 0.83094, Best Valacc: 0.82764 in epoch 469 --- 
[2023-03-22 16:12:13] PRINT [03/22 16:12:13 graph]: Epoch 76: get test acc score:  0.83094
[2023-03-22 16:12:13] PRINT [03/22 16:12:13 graph]: best_f1 0.83594 at epoch 51
[2023-03-22 16:12:13] PRINT [03/22 16:12:13 graph]: start epoch 77.
[2023-03-22 16:12:14] PRINT [03/22 16:12:14 graph]: # Epoch 77: train_loss: 0.5500 | lr: 0.000000
[2023-03-22 16:12:20] PRINT [03/22 16:12:20 graph]: --- Testf1: 0.82421, Best Valacc: 0.85018 in epoch 490 --- 
[2023-03-22 16:12:21] PRINT [03/22 16:12:21 graph]: Epoch 77: get test acc score:  0.82421
[2023-03-22 16:12:21] PRINT [03/22 16:12:21 graph]: best_f1 0.83594 at epoch 51
[2023-03-22 16:12:21] PRINT [03/22 16:12:21 graph]: start epoch 78.
[2023-03-22 16:12:21] PRINT [03/22 16:12:21 graph]: # Epoch 78: train_loss: 0.5499 | lr: 0.000000
[2023-03-22 16:12:25] PRINT [03/22 16:12:25 graph]: --- Testf1: 0.82839, Best Valacc: 0.84073 in epoch 485 --- 
[2023-03-22 16:12:25] PRINT [03/22 16:12:25 graph]: Epoch 78: get test acc score:  0.82839
[2023-03-22 16:12:25] PRINT [03/22 16:12:25 graph]: best_f1 0.83594 at epoch 51
[2023-03-22 16:12:25] PRINT [03/22 16:12:25 graph]: start epoch 79.
[2023-03-22 16:12:25] PRINT [03/22 16:12:25 graph]: # Epoch 79: train_loss: 0.5500 | lr: 0.000000
[2023-03-22 16:12:29] PRINT [03/22 16:12:29 graph]: --- Testf1: 0.83039, Best Valacc: 0.82473 in epoch 489 --- 
[2023-03-22 16:12:30] PRINT [03/22 16:12:30 graph]: Epoch 79: get test acc score:  0.83039
[2023-03-22 16:12:30] PRINT [03/22 16:12:30 graph]: best_f1 0.83594 at epoch 51
[2023-03-22 16:12:30] PRINT [03/22 16:12:30 graph]: start epoch 80.
[2023-03-22 16:12:30] PRINT [03/22 16:12:30 graph]: # Epoch 80: train_loss: 0.5501 | lr: 0.000000
[2023-03-22 16:12:34] PRINT [03/22 16:12:34 graph]: --- Testf1: 0.83221, Best Valacc: 0.84582 in epoch 443 --- 
[2023-03-22 16:12:34] PRINT [03/22 16:12:34 graph]: Epoch 80: get test acc score:  0.83221
[2023-03-22 16:12:34] PRINT [03/22 16:12:34 graph]: best_f1 0.83594 at epoch 51
[2023-03-22 16:12:34] PRINT [03/22 16:12:34 graph]: start epoch 81.
[2023-03-22 16:12:34] PRINT [03/22 16:12:34 graph]: # Epoch 81: train_loss: 0.5500 | lr: 0.000000
[2023-03-22 16:12:42] PRINT [03/22 16:12:42 graph]: --- Testf1: 0.82885, Best Valacc: 0.84509 in epoch 316 --- 
[2023-03-22 16:12:42] PRINT [03/22 16:12:42 graph]: Epoch 81: get test acc score:  0.82885
[2023-03-22 16:12:42] PRINT [03/22 16:12:42 graph]: best_f1 0.83594 at epoch 51
[2023-03-22 16:12:42] PRINT [03/22 16:12:42 graph]: start epoch 82.
[2023-03-22 16:12:42] PRINT [03/22 16:12:42 graph]: # Epoch 82: train_loss: 0.5500 | lr: 0.000000
[2023-03-22 16:12:51] PRINT [03/22 16:12:51 graph]: --- Testf1: 0.83094, Best Valacc: 0.82182 in epoch 465 --- 
[2023-03-22 16:12:51] PRINT [03/22 16:12:51 graph]: Epoch 82: get test acc score:  0.83094
[2023-03-22 16:12:51] PRINT [03/22 16:12:51 graph]: best_f1 0.83594 at epoch 51
[2023-03-22 16:12:51] PRINT [03/22 16:12:51 graph]: start epoch 83.
[2023-03-22 16:12:51] PRINT [03/22 16:12:51 graph]: # Epoch 83: train_loss: 0.5498 | lr: 0.000000
[2023-03-22 16:12:59] PRINT [03/22 16:12:59 graph]: --- Testf1: 0.82585, Best Valacc: 0.81673 in epoch 287 --- 
[2023-03-22 16:12:59] PRINT [03/22 16:12:59 graph]: Epoch 83: get test acc score:  0.82585
[2023-03-22 16:12:59] PRINT [03/22 16:12:59 graph]: best_f1 0.83594 at epoch 51
[2023-03-22 16:12:59] PRINT [03/22 16:12:59 graph]: start epoch 84.
[2023-03-22 16:12:59] PRINT [03/22 16:12:59 graph]: # Epoch 84: train_loss: 0.5500 | lr: 0.000000
[2023-03-22 16:13:06] PRINT [03/22 16:13:06 graph]: --- Testf1: 0.83285, Best Valacc: 0.84800 in epoch 494 --- 
[2023-03-22 16:13:06] PRINT [03/22 16:13:06 graph]: Epoch 84: get test acc score:  0.83285
[2023-03-22 16:13:06] PRINT [03/22 16:13:06 graph]: best_f1 0.83594 at epoch 51
[2023-03-22 16:13:06] PRINT [03/22 16:13:06 graph]: start epoch 85.
[2023-03-22 16:13:06] PRINT [03/22 16:13:06 graph]: # Epoch 85: train_loss: 0.5502 | lr: 0.000000
[2023-03-22 16:13:14] PRINT [03/22 16:13:14 graph]: --- Testf1: 0.83348, Best Valacc: 0.82982 in epoch 408 --- 
[2023-03-22 16:13:14] PRINT [03/22 16:13:14 graph]: Epoch 85: get test acc score:  0.83348
[2023-03-22 16:13:14] PRINT [03/22 16:13:14 graph]: best_f1 0.83594 at epoch 51
[2023-03-22 16:13:14] PRINT [03/22 16:13:14 graph]: start epoch 86.
[2023-03-22 16:13:14] PRINT [03/22 16:13:14 graph]: # Epoch 86: train_loss: 0.5498 | lr: 0.000000
[2023-03-22 16:13:21] PRINT [03/22 16:13:21 graph]: --- Testf1: 0.83103, Best Valacc: 0.82473 in epoch 492 --- 
[2023-03-22 16:13:21] PRINT [03/22 16:13:21 graph]: Epoch 86: get test acc score:  0.83103
[2023-03-22 16:13:21] PRINT [03/22 16:13:21 graph]: best_f1 0.83594 at epoch 51
[2023-03-22 16:13:21] PRINT [03/22 16:13:21 graph]: start epoch 87.
[2023-03-22 16:13:22] PRINT [03/22 16:13:22 graph]: # Epoch 87: train_loss: 0.5499 | lr: 0.000000
[2023-03-22 16:13:29] PRINT [03/22 16:13:29 graph]: --- Testf1: 0.82412, Best Valacc: 0.83709 in epoch 348 --- 
[2023-03-22 16:13:29] PRINT [03/22 16:13:29 graph]: Epoch 87: get test acc score:  0.82412
[2023-03-22 16:13:29] PRINT [03/22 16:13:29 graph]: best_f1 0.83594 at epoch 51
[2023-03-22 16:13:29] PRINT [03/22 16:13:29 graph]: start epoch 88.
[2023-03-22 16:13:29] PRINT [03/22 16:13:29 graph]: # Epoch 88: train_loss: 0.5499 | lr: 0.000000
[2023-03-22 16:13:36] PRINT [03/22 16:13:36 graph]: --- Testf1: 0.82467, Best Valacc: 0.82836 in epoch 470 --- 
[2023-03-22 16:13:36] PRINT [03/22 16:13:36 graph]: Epoch 88: get test acc score:  0.82467
[2023-03-22 16:13:36] PRINT [03/22 16:13:36 graph]: best_f1 0.83594 at epoch 51
[2023-03-22 16:13:36] PRINT [03/22 16:13:36 graph]: start epoch 89.
[2023-03-22 16:13:36] PRINT [03/22 16:13:36 graph]: # Epoch 89: train_loss: 0.5498 | lr: 0.000000
[2023-03-22 16:13:44] PRINT [03/22 16:13:44 graph]: --- Testf1: 0.82867, Best Valacc: 0.83418 in epoch 431 --- 
[2023-03-22 16:13:44] PRINT [03/22 16:13:44 graph]: Epoch 89: get test acc score:  0.82867
[2023-03-22 16:13:44] PRINT [03/22 16:13:44 graph]: best_f1 0.83594 at epoch 51
[2023-03-22 16:13:44] PRINT [03/22 16:13:44 graph]: start epoch 90.
[2023-03-22 16:13:44] PRINT [03/22 16:13:44 graph]: # Epoch 90: train_loss: 0.5500 | lr: 0.000000
[2023-03-22 16:13:51] PRINT [03/22 16:13:51 graph]: --- Testf1: 0.82349, Best Valacc: 0.81527 in epoch 482 --- 
[2023-03-22 16:13:51] PRINT [03/22 16:13:51 graph]: Epoch 90: get test acc score:  0.82349
[2023-03-22 16:13:51] PRINT [03/22 16:13:51 graph]: best_f1 0.83594 at epoch 51
[2023-03-22 16:13:51] PRINT [03/22 16:13:51 graph]: start epoch 91.
[2023-03-22 16:13:51] PRINT [03/22 16:13:51 graph]: # Epoch 91: train_loss: 0.5499 | lr: 0.000000
[2023-03-22 16:13:58] PRINT [03/22 16:13:58 graph]: --- Testf1: 0.82912, Best Valacc: 0.82982 in epoch 422 --- 
[2023-03-22 16:13:59] PRINT [03/22 16:13:59 graph]: Epoch 91: get test acc score:  0.82912
[2023-03-22 16:13:59] PRINT [03/22 16:13:59 graph]: best_f1 0.83594 at epoch 51
[2023-03-22 16:13:59] PRINT [03/22 16:13:59 graph]: start epoch 92.
[2023-03-22 16:13:59] PRINT [03/22 16:13:59 graph]: # Epoch 92: train_loss: 0.5499 | lr: 0.000000
[2023-03-22 16:14:06] PRINT [03/22 16:14:06 graph]: --- Testf1: 0.83139, Best Valacc: 0.82909 in epoch 492 --- 
[2023-03-22 16:14:06] PRINT [03/22 16:14:06 graph]: Epoch 92: get test acc score:  0.83139
[2023-03-22 16:14:06] PRINT [03/22 16:14:06 graph]: best_f1 0.83594 at epoch 51
[2023-03-22 16:14:06] PRINT [03/22 16:14:06 graph]: start epoch 93.
[2023-03-22 16:14:06] PRINT [03/22 16:14:06 graph]: # Epoch 93: train_loss: 0.5497 | lr: 0.000000
[2023-03-22 16:14:13] PRINT [03/22 16:14:13 graph]: --- Testf1: 0.82421, Best Valacc: 0.82327 in epoch 354 --- 
[2023-03-22 16:14:13] PRINT [03/22 16:14:13 graph]: Epoch 93: get test acc score:  0.82421
[2023-03-22 16:14:13] PRINT [03/22 16:14:13 graph]: best_f1 0.83594 at epoch 51
[2023-03-22 16:14:13] PRINT [03/22 16:14:13 graph]: start epoch 94.
[2023-03-22 16:14:14] PRINT [03/22 16:14:14 graph]: # Epoch 94: train_loss: 0.5497 | lr: 0.000000
[2023-03-22 16:14:21] PRINT [03/22 16:14:21 graph]: --- Testf1: 0.83458, Best Valacc: 0.84727 in epoch 423 --- 
[2023-03-22 16:14:21] PRINT [03/22 16:14:21 graph]: Epoch 94: get test acc score:  0.83458
[2023-03-22 16:14:21] PRINT [03/22 16:14:21 graph]: best_f1 0.83594 at epoch 51
[2023-03-22 16:14:21] PRINT [03/22 16:14:21 graph]: start epoch 95.
[2023-03-22 16:14:21] PRINT [03/22 16:14:21 graph]: # Epoch 95: train_loss: 0.5501 | lr: 0.000000
[2023-03-22 16:14:28] PRINT [03/22 16:14:28 graph]: --- Testf1: 0.83494, Best Valacc: 0.82182 in epoch 449 --- 
[2023-03-22 16:14:28] PRINT [03/22 16:14:28 graph]: Epoch 95: get test acc score:  0.83494
[2023-03-22 16:14:28] PRINT [03/22 16:14:28 graph]: best_f1 0.83594 at epoch 51
[2023-03-22 16:14:28] PRINT [03/22 16:14:28 graph]: start epoch 96.
[2023-03-22 16:14:28] PRINT [03/22 16:14:28 graph]: # Epoch 96: train_loss: 0.5500 | lr: 0.000000
[2023-03-22 16:14:35] PRINT [03/22 16:14:35 graph]: --- Testf1: 0.82658, Best Valacc: 0.84436 in epoch 498 --- 
[2023-03-22 16:14:36] PRINT [03/22 16:14:36 graph]: Epoch 96: get test acc score:  0.82658
[2023-03-22 16:14:36] PRINT [03/22 16:14:36 graph]: best_f1 0.83594 at epoch 51
[2023-03-22 16:14:36] PRINT [03/22 16:14:36 graph]: start epoch 97.
[2023-03-22 16:14:36] PRINT [03/22 16:14:36 graph]: # Epoch 97: train_loss: 0.5499 | lr: 0.000000
[2023-03-22 16:14:43] PRINT [03/22 16:14:43 graph]: --- Testf1: 0.83249, Best Valacc: 0.83200 in epoch 403 --- 
[2023-03-22 16:14:43] PRINT [03/22 16:14:43 graph]: Epoch 97: get test acc score:  0.83249
[2023-03-22 16:14:43] PRINT [03/22 16:14:43 graph]: best_f1 0.83594 at epoch 51
[2023-03-22 16:14:43] PRINT [03/22 16:14:43 graph]: start epoch 98.
[2023-03-22 16:14:43] PRINT [03/22 16:14:43 graph]: # Epoch 98: train_loss: 0.5501 | lr: 0.000000
[2023-03-22 16:14:51] PRINT [03/22 16:14:51 graph]: --- Testf1: 0.82721, Best Valacc: 0.82327 in epoch 370 --- 
[2023-03-22 16:14:51] PRINT [03/22 16:14:51 graph]: Epoch 98: get test acc score:  0.82721
[2023-03-22 16:14:51] PRINT [03/22 16:14:51 graph]: best_f1 0.83594 at epoch 51
[2023-03-22 16:14:51] PRINT [03/22 16:14:51 graph]: start epoch 99.
[2023-03-22 16:14:51] PRINT [03/22 16:14:51 graph]: # Epoch 99: train_loss: 0.5500 | lr: 0.000000
[2023-03-22 16:14:58] PRINT [03/22 16:14:58 graph]: --- Testf1: 0.81703, Best Valacc: 0.82836 in epoch 422 --- 
[2023-03-22 16:14:58] PRINT [03/22 16:14:58 graph]: Epoch 99: get test acc score:  0.81703
[2023-03-22 16:14:58] PRINT [03/22 16:14:58 graph]: best_f1 0.83594 at epoch 51
[2023-03-22 16:14:58] PRINT [03/22 16:14:58 graph]: # final_acc: 0.83594±0.00000
