[2023-03-13 03:50:06] PRINT ---new cfg------
[2023-03-13 03:50:06] PRINT {'DATA': {'data_name': 'cora'}, 'DATALOADER': {'NUM_WORKERS': 0}, 'MODEL': {'num_hidden': 1024, 'num_layers': 2, 'nhead': 4, 'activation': 'prelu', 'attn_drop': 0.4, 'feat_drop': 0.1, 'norm': 'layernorm', 'pooler': 'mean', 'beta_schedule': 'quad', 'beta_1': 0.00023796212130083508, 'beta_T': 0.0683615651275853, 'T': 913}, 'SOLVER': {'optim_type': 'adam', 'optim_type_f': 'adamw', 'alpha': 0.8, 'decay': 30, 'LR': 0.0001704232051523184, 'LR_f': 0.0006389849377482043, 'weight_decay': 0, 'weight_decay_f': 2.4577224038387763e-06, 'MAX_EPOCH': 100, 'max_epoch_f': 100}, 'DEVICE': 'cuda', 'seeds': [0], 'eval_T': [50, 100, 200], 'output_dir': '/ddm-nni/Cora/log', 'checkpoint_dir': '/ddm-nni/Cora/log/checkpoint'}
[2023-03-13 03:50:06] PRINT [03/13 03:50:06 graph]: Rank of current process: 0. World size: 1
[2023-03-13 03:50:10] PRINT [03/13 03:50:10 graph]: Environment info:
[2023-03-13 03:50:10] PRINT PyTorch version: 1.10.0+cu113
[2023-03-13 03:50:10] PRINT Is debug build: False
[2023-03-13 03:50:10] PRINT CUDA used to build PyTorch: 11.3
[2023-03-13 03:50:10] PRINT ROCM used to build PyTorch: N/A
[2023-03-13 03:50:10] PRINT 
[2023-03-13 03:50:10] PRINT OS: Ubuntu 20.04.3 LTS (x86_64)
[2023-03-13 03:50:10] PRINT GCC version: (Ubuntu 9.3.0-17ubuntu1~20.04) 9.3.0
[2023-03-13 03:50:10] PRINT Clang version: Could not collect
[2023-03-13 03:50:10] PRINT CMake version: version 3.16.3
[2023-03-13 03:50:10] PRINT Libc version: glibc-2.31
[2023-03-13 03:50:10] PRINT 
[2023-03-13 03:50:10] PRINT Python version: 3.8.10 (default, Jun  4 2021, 15:09:15)  [GCC 7.5.0] (64-bit runtime)
[2023-03-13 03:50:10] PRINT Python platform: Linux-5.4.0-90-generic-x86_64-with-glibc2.17
[2023-03-13 03:50:10] PRINT Is CUDA available: True
[2023-03-13 03:50:10] PRINT CUDA runtime version: 11.3.109
[2023-03-13 03:50:10] PRINT GPU models and configuration: GPU 0: NVIDIA GeForce RTX 3090
[2023-03-13 03:50:10] PRINT Nvidia driver version: 495.44
[2023-03-13 03:50:10] PRINT cuDNN version: Probably one of the following:
[2023-03-13 03:50:10] PRINT /usr/lib/x86_64-linux-gnu/libcudnn.so.8.2.0
[2023-03-13 03:50:10] PRINT /usr/lib/x86_64-linux-gnu/libcudnn_adv_infer.so.8.2.0
[2023-03-13 03:50:10] PRINT /usr/lib/x86_64-linux-gnu/libcudnn_adv_train.so.8.2.0
[2023-03-13 03:50:10] PRINT /usr/lib/x86_64-linux-gnu/libcudnn_cnn_infer.so.8.2.0
[2023-03-13 03:50:10] PRINT /usr/lib/x86_64-linux-gnu/libcudnn_cnn_train.so.8.2.0
[2023-03-13 03:50:10] PRINT /usr/lib/x86_64-linux-gnu/libcudnn_ops_infer.so.8.2.0
[2023-03-13 03:50:10] PRINT /usr/lib/x86_64-linux-gnu/libcudnn_ops_train.so.8.2.0
[2023-03-13 03:50:10] PRINT HIP runtime version: N/A
[2023-03-13 03:50:10] PRINT MIOpen runtime version: N/A
[2023-03-13 03:50:10] PRINT 
[2023-03-13 03:50:10] PRINT Versions of relevant libraries:
[2023-03-13 03:50:10] PRINT [pip3] numpy==1.23.5
[2023-03-13 03:50:10] PRINT [pip3] torch==1.10.0+cu113
[2023-03-13 03:50:10] PRINT [pip3] torchvision==0.11.1+cu113
[2023-03-13 03:50:10] PRINT [conda] blas                      1.0                         mkl    https://mirrors.ustc.edu.cn/anaconda/pkgs/main
[2023-03-13 03:50:10] PRINT [conda] mkl                       2021.4.0           h06a4308_640    https://mirrors.ustc.edu.cn/anaconda/pkgs/main
[2023-03-13 03:50:10] PRINT [conda] mkl-service               2.4.0            py38h7f8727e_0    https://mirrors.ustc.edu.cn/anaconda/pkgs/main
[2023-03-13 03:50:10] PRINT [conda] mkl_fft                   1.3.1            py38hd3c417c_0    https://mirrors.ustc.edu.cn/anaconda/pkgs/main
[2023-03-13 03:50:10] PRINT [conda] mkl_random                1.2.2            py38h51133e4_0    https://mirrors.ustc.edu.cn/anaconda/pkgs/main
[2023-03-13 03:50:10] PRINT [conda] numpy                     1.21.4                   pypi_0    pypi
[2023-03-13 03:50:10] PRINT [conda] numpy-base                1.23.5           py38h31eccc5_0    https://mirrors.ustc.edu.cn/anaconda/pkgs/main
[2023-03-13 03:50:10] PRINT [conda] torch                     1.10.0+cu113             pypi_0    pypi
[2023-03-13 03:50:10] PRINT [conda] torchvision               0.11.1+cu113             pypi_0    pypi
[2023-03-13 03:50:10] PRINT         Pillow (8.4.0)
[2023-03-13 03:50:10] PRINT [03/13 03:50:10 graph]: Command line arguments: Namespace(local_rank=0, resume=False, seed=1234, start_epoch=0)
[2023-03-13 03:50:10] PRINT   NumNodes: 2708
[2023-03-13 03:50:10] PRINT   NumEdges: 10556
[2023-03-13 03:50:10] PRINT   NumFeats: 1433
[2023-03-13 03:50:10] PRINT   NumClasses: 7
[2023-03-13 03:50:10] PRINT   NumTrainingSamples: 140
[2023-03-13 03:50:10] PRINT   NumValidationSamples: 500
[2023-03-13 03:50:10] PRINT   NumTestSamples: 1000
[2023-03-13 03:50:10] PRINT Done loading data from cached files.
[2023-03-13 03:50:10] PRINT [03/13 03:50:10 graph]: Run 0th for seed 0
[2023-03-13 03:50:10] PRINT [03/13 03:50:10 graph]: Total trainable params num : 30410223
[2023-03-13 03:50:15] PRINT [03/13 03:50:15 graph]: ----------Start Training----------
[2023-03-13 03:50:15] PRINT [03/13 03:50:15 graph]: start epoch 0.
[2023-03-13 03:50:15] PRINT [03/13 03:50:15 graph]: # Epoch 0: train_loss: 1.0027 | lr: 0.000170
[2023-03-13 03:50:15] PRINT [03/13 03:50:15 graph]: start epoch 1.
[2023-03-13 03:50:15] PRINT [03/13 03:50:15 graph]: # Epoch 1: train_loss: 0.8314 | lr: 0.000170
[2023-03-13 03:50:15] PRINT [03/13 03:50:15 graph]: start epoch 2.
[2023-03-13 03:50:15] PRINT [03/13 03:50:15 graph]: # Epoch 2: train_loss: 0.7292 | lr: 0.000170
[2023-03-13 03:50:15] PRINT [03/13 03:50:15 graph]: start epoch 3.
[2023-03-13 03:50:15] PRINT [03/13 03:50:15 graph]: # Epoch 3: train_loss: 0.6799 | lr: 0.000170
[2023-03-13 03:50:15] PRINT [03/13 03:50:15 graph]: start epoch 4.
[2023-03-13 03:50:15] PRINT [03/13 03:50:15 graph]: # Epoch 4: train_loss: 0.6539 | lr: 0.000170
[2023-03-13 03:50:15] PRINT [03/13 03:50:15 graph]: start epoch 5.
[2023-03-13 03:50:16] PRINT [03/13 03:50:16 graph]: # Epoch 5: train_loss: 0.6415 | lr: 0.000170
[2023-03-13 03:50:16] PRINT [03/13 03:50:16 graph]: start epoch 6.
[2023-03-13 03:50:16] PRINT [03/13 03:50:16 graph]: # Epoch 6: train_loss: 0.6371 | lr: 0.000170
[2023-03-13 03:50:16] PRINT [03/13 03:50:16 graph]: start epoch 7.
[2023-03-13 03:50:16] PRINT [03/13 03:50:16 graph]: # Epoch 7: train_loss: 0.6352 | lr: 0.000170
[2023-03-13 03:50:16] PRINT [03/13 03:50:16 graph]: start epoch 8.
[2023-03-13 03:50:16] PRINT [03/13 03:50:16 graph]: # Epoch 8: train_loss: 0.6341 | lr: 0.000170
[2023-03-13 03:50:16] PRINT [03/13 03:50:16 graph]: start epoch 9.
[2023-03-13 03:50:16] PRINT [03/13 03:50:16 graph]: # Epoch 9: train_loss: 0.6326 | lr: 0.000170
[2023-03-13 03:50:16] PRINT [03/13 03:50:16 graph]: start epoch 10.
[2023-03-13 03:50:16] PRINT [03/13 03:50:16 graph]: # Epoch 10: train_loss: 0.6316 | lr: 0.000170
[2023-03-13 03:50:16] PRINT [03/13 03:50:16 graph]: start epoch 11.
[2023-03-13 03:50:16] PRINT [03/13 03:50:16 graph]: # Epoch 11: train_loss: 0.6297 | lr: 0.000170
[2023-03-13 03:50:17] PRINT [03/13 03:50:17 graph]: --- Testf1: 0.77000, Best Valacc: 0.73200 in epoch 95 --- 
[2023-03-13 03:50:17] PRINT [03/13 03:50:17 graph]: Epoch 11: get test acc score:  0.770
[2023-03-13 03:50:17] PRINT [03/13 03:50:17 graph]: best_f1 0.770 at epoch 11
[2023-03-13 03:50:17] PRINT [03/13 03:50:17 graph]: start epoch 12.
[2023-03-13 03:50:17] PRINT [03/13 03:50:17 graph]: # Epoch 12: train_loss: 0.6281 | lr: 0.000170
[2023-03-13 03:50:18] PRINT [03/13 03:50:18 graph]: --- Testf1: 0.78200, Best Valacc: 0.72200 in epoch 65 --- 
[2023-03-13 03:50:18] PRINT [03/13 03:50:18 graph]: Epoch 12: get test acc score:  0.782
[2023-03-13 03:50:18] PRINT [03/13 03:50:18 graph]: best_f1 0.782 at epoch 12
[2023-03-13 03:50:18] PRINT [03/13 03:50:18 graph]: start epoch 13.
[2023-03-13 03:50:18] PRINT [03/13 03:50:18 graph]: # Epoch 13: train_loss: 0.6245 | lr: 0.000170
[2023-03-13 03:50:19] PRINT [03/13 03:50:19 graph]: --- Testf1: 0.77800, Best Valacc: 0.73400 in epoch 91 --- 
[2023-03-13 03:50:19] PRINT [03/13 03:50:19 graph]: Epoch 13: get test acc score:  0.778
[2023-03-13 03:50:19] PRINT [03/13 03:50:19 graph]: best_f1 0.782 at epoch 12
[2023-03-13 03:50:19] PRINT [03/13 03:50:19 graph]: start epoch 14.
[2023-03-13 03:50:19] PRINT [03/13 03:50:19 graph]: # Epoch 14: train_loss: 0.6198 | lr: 0.000170
[2023-03-13 03:50:20] PRINT [03/13 03:50:20 graph]: --- Testf1: 0.77200, Best Valacc: 0.73200 in epoch 99 --- 
[2023-03-13 03:50:21] PRINT [03/13 03:50:21 graph]: Epoch 14: get test acc score:  0.772
[2023-03-13 03:50:21] PRINT [03/13 03:50:21 graph]: best_f1 0.782 at epoch 12
[2023-03-13 03:50:21] PRINT [03/13 03:50:21 graph]: start epoch 15.
[2023-03-13 03:50:21] PRINT [03/13 03:50:21 graph]: # Epoch 15: train_loss: 0.6125 | lr: 0.000170
[2023-03-13 03:50:22] PRINT [03/13 03:50:22 graph]: --- Testf1: 0.77700, Best Valacc: 0.72400 in epoch 47 --- 
[2023-03-13 03:50:22] PRINT [03/13 03:50:22 graph]: Epoch 15: get test acc score:  0.777
[2023-03-13 03:50:22] PRINT [03/13 03:50:22 graph]: best_f1 0.782 at epoch 12
[2023-03-13 03:50:22] PRINT [03/13 03:50:22 graph]: start epoch 16.
[2023-03-13 03:50:22] PRINT [03/13 03:50:22 graph]: # Epoch 16: train_loss: 0.6474 | lr: 0.000170
[2023-03-13 03:50:23] PRINT [03/13 03:50:23 graph]: --- Testf1: 0.77800, Best Valacc: 0.71400 in epoch 62 --- 
[2023-03-13 03:50:23] PRINT [03/13 03:50:23 graph]: Epoch 16: get test acc score:  0.778
[2023-03-13 03:50:23] PRINT [03/13 03:50:23 graph]: best_f1 0.782 at epoch 12
[2023-03-13 03:50:23] PRINT [03/13 03:50:23 graph]: start epoch 17.
[2023-03-13 03:50:23] PRINT [03/13 03:50:23 graph]: # Epoch 17: train_loss: 0.6112 | lr: 0.000170
[2023-03-13 03:50:24] PRINT [03/13 03:50:24 graph]: --- Testf1: 0.77800, Best Valacc: 0.73400 in epoch 97 --- 
[2023-03-13 03:50:24] PRINT [03/13 03:50:24 graph]: Epoch 17: get test acc score:  0.778
[2023-03-13 03:50:24] PRINT [03/13 03:50:24 graph]: best_f1 0.782 at epoch 12
[2023-03-13 03:50:24] PRINT [03/13 03:50:24 graph]: start epoch 18.
[2023-03-13 03:50:24] PRINT [03/13 03:50:24 graph]: # Epoch 18: train_loss: 0.6175 | lr: 0.000170
[2023-03-13 03:50:25] PRINT [03/13 03:50:25 graph]: --- Testf1: 0.77400, Best Valacc: 0.71400 in epoch 98 --- 
[2023-03-13 03:50:25] PRINT [03/13 03:50:25 graph]: Epoch 18: get test acc score:  0.774
[2023-03-13 03:50:25] PRINT [03/13 03:50:25 graph]: best_f1 0.782 at epoch 12
[2023-03-13 03:50:25] PRINT [03/13 03:50:25 graph]: start epoch 19.
[2023-03-13 03:50:26] PRINT [03/13 03:50:26 graph]: # Epoch 19: train_loss: 0.6201 | lr: 0.000170
[2023-03-13 03:50:26] PRINT [03/13 03:50:26 graph]: --- Testf1: 0.77100, Best Valacc: 0.70800 in epoch 92 --- 
[2023-03-13 03:50:27] PRINT [03/13 03:50:27 graph]: Epoch 19: get test acc score:  0.771
[2023-03-13 03:50:27] PRINT [03/13 03:50:27 graph]: best_f1 0.782 at epoch 12
[2023-03-13 03:50:27] PRINT [03/13 03:50:27 graph]: start epoch 20.
[2023-03-13 03:50:27] PRINT [03/13 03:50:27 graph]: # Epoch 20: train_loss: 0.6198 | lr: 0.000170
[2023-03-13 03:50:28] PRINT [03/13 03:50:28 graph]: --- Testf1: 0.76200, Best Valacc: 0.71000 in epoch 99 --- 
[2023-03-13 03:50:28] PRINT [03/13 03:50:28 graph]: Epoch 20: get test acc score:  0.762
[2023-03-13 03:50:28] PRINT [03/13 03:50:28 graph]: best_f1 0.782 at epoch 12
[2023-03-13 03:50:28] PRINT [03/13 03:50:28 graph]: start epoch 21.
[2023-03-13 03:50:28] PRINT [03/13 03:50:28 graph]: # Epoch 21: train_loss: 0.6185 | lr: 0.000170
[2023-03-13 03:50:29] PRINT [03/13 03:50:29 graph]: --- Testf1: 0.75400, Best Valacc: 0.70000 in epoch 99 --- 
[2023-03-13 03:50:29] PRINT [03/13 03:50:29 graph]: Epoch 21: get test acc score:  0.754
[2023-03-13 03:50:29] PRINT [03/13 03:50:29 graph]: best_f1 0.782 at epoch 12
[2023-03-13 03:50:29] PRINT [03/13 03:50:29 graph]: start epoch 22.
[2023-03-13 03:50:29] PRINT [03/13 03:50:29 graph]: # Epoch 22: train_loss: 0.6197 | lr: 0.000170
[2023-03-13 03:50:30] PRINT [03/13 03:50:30 graph]: --- Testf1: 0.75100, Best Valacc: 0.69000 in epoch 98 --- 
[2023-03-13 03:50:30] PRINT [03/13 03:50:30 graph]: Epoch 22: get test acc score:  0.751
[2023-03-13 03:50:30] PRINT [03/13 03:50:30 graph]: best_f1 0.782 at epoch 12
[2023-03-13 03:50:30] PRINT [03/13 03:50:30 graph]: start epoch 23.
[2023-03-13 03:50:30] PRINT [03/13 03:50:30 graph]: # Epoch 23: train_loss: 0.6168 | lr: 0.000170
[2023-03-13 03:50:31] PRINT [03/13 03:50:31 graph]: --- Testf1: 0.74700, Best Valacc: 0.68600 in epoch 98 --- 
[2023-03-13 03:50:32] PRINT [03/13 03:50:32 graph]: Epoch 23: get test acc score:  0.747
[2023-03-13 03:50:32] PRINT [03/13 03:50:32 graph]: best_f1 0.782 at epoch 12
[2023-03-13 03:50:32] PRINT [03/13 03:50:32 graph]: start epoch 24.
[2023-03-13 03:50:32] PRINT [03/13 03:50:32 graph]: # Epoch 24: train_loss: 0.6170 | lr: 0.000170
[2023-03-13 03:50:32] PRINT [03/13 03:50:32 graph]: --- Testf1: 0.75500, Best Valacc: 0.68400 in epoch 88 --- 
[2023-03-13 03:50:33] PRINT [03/13 03:50:33 graph]: Epoch 24: get test acc score:  0.755
[2023-03-13 03:50:33] PRINT [03/13 03:50:33 graph]: best_f1 0.782 at epoch 12
[2023-03-13 03:50:33] PRINT [03/13 03:50:33 graph]: start epoch 25.
[2023-03-13 03:50:33] PRINT [03/13 03:50:33 graph]: # Epoch 25: train_loss: 0.6132 | lr: 0.000170
[2023-03-13 03:50:34] PRINT [03/13 03:50:34 graph]: --- Testf1: 0.74900, Best Valacc: 0.69200 in epoch 99 --- 
[2023-03-13 03:50:34] PRINT [03/13 03:50:34 graph]: Epoch 25: get test acc score:  0.749
[2023-03-13 03:50:34] PRINT [03/13 03:50:34 graph]: best_f1 0.782 at epoch 12
[2023-03-13 03:50:34] PRINT [03/13 03:50:34 graph]: start epoch 26.
[2023-03-13 03:50:34] PRINT [03/13 03:50:34 graph]: # Epoch 26: train_loss: 0.6106 | lr: 0.000170
[2023-03-13 03:50:35] PRINT [03/13 03:50:35 graph]: --- Testf1: 0.75500, Best Valacc: 0.67600 in epoch 84 --- 
[2023-03-13 03:50:35] PRINT [03/13 03:50:35 graph]: Epoch 26: get test acc score:  0.755
[2023-03-13 03:50:35] PRINT [03/13 03:50:35 graph]: best_f1 0.782 at epoch 12
[2023-03-13 03:50:35] PRINT [03/13 03:50:35 graph]: start epoch 27.
[2023-03-13 03:50:35] PRINT [03/13 03:50:35 graph]: # Epoch 27: train_loss: 0.6069 | lr: 0.000170
[2023-03-13 03:50:36] PRINT [03/13 03:50:36 graph]: --- Testf1: 0.75000, Best Valacc: 0.68200 in epoch 88 --- 
[2023-03-13 03:50:36] PRINT [03/13 03:50:36 graph]: Epoch 27: get test acc score:  0.750
[2023-03-13 03:50:36] PRINT [03/13 03:50:36 graph]: best_f1 0.782 at epoch 12
[2023-03-13 03:50:36] PRINT [03/13 03:50:36 graph]: start epoch 28.
[2023-03-13 03:50:36] PRINT [03/13 03:50:36 graph]: # Epoch 28: train_loss: 0.6036 | lr: 0.000170
[2023-03-13 03:50:37] PRINT [03/13 03:50:37 graph]: --- Testf1: 0.76100, Best Valacc: 0.70800 in epoch 96 --- 
[2023-03-13 03:50:38] PRINT [03/13 03:50:38 graph]: Epoch 28: get test acc score:  0.761
[2023-03-13 03:50:38] PRINT [03/13 03:50:38 graph]: best_f1 0.782 at epoch 12
[2023-03-13 03:50:38] PRINT [03/13 03:50:38 graph]: start epoch 29.
[2023-03-13 03:50:38] PRINT [03/13 03:50:38 graph]: # Epoch 29: train_loss: 0.5994 | lr: 0.000170
[2023-03-13 03:50:38] PRINT [03/13 03:50:38 graph]: --- Testf1: 0.76100, Best Valacc: 0.70400 in epoch 99 --- 
[2023-03-13 03:50:39] PRINT [03/13 03:50:39 graph]: Epoch 29: get test acc score:  0.761
[2023-03-13 03:50:39] PRINT [03/13 03:50:39 graph]: best_f1 0.782 at epoch 12
[2023-03-13 03:50:39] PRINT [03/13 03:50:39 graph]: start epoch 30.
[2023-03-13 03:50:39] PRINT [03/13 03:50:39 graph]: # Epoch 30: train_loss: 0.5975 | lr: 0.000136
[2023-03-13 03:50:40] PRINT [03/13 03:50:40 graph]: --- Testf1: 0.76800, Best Valacc: 0.69800 in epoch 92 --- 
[2023-03-13 03:50:40] PRINT [03/13 03:50:40 graph]: Epoch 30: get test acc score:  0.768
[2023-03-13 03:50:40] PRINT [03/13 03:50:40 graph]: best_f1 0.782 at epoch 12
[2023-03-13 03:50:40] PRINT [03/13 03:50:40 graph]: start epoch 31.
[2023-03-13 03:50:40] PRINT [03/13 03:50:40 graph]: # Epoch 31: train_loss: 0.5918 | lr: 0.000136
[2023-03-13 03:50:41] PRINT [03/13 03:50:41 graph]: --- Testf1: 0.75400, Best Valacc: 0.70600 in epoch 99 --- 
[2023-03-13 03:50:41] PRINT [03/13 03:50:41 graph]: Epoch 31: get test acc score:  0.754
[2023-03-13 03:50:41] PRINT [03/13 03:50:41 graph]: best_f1 0.782 at epoch 12
[2023-03-13 03:50:41] PRINT [03/13 03:50:41 graph]: start epoch 32.
[2023-03-13 03:50:41] PRINT [03/13 03:50:41 graph]: # Epoch 32: train_loss: 0.5949 | lr: 0.000136
[2023-03-13 03:50:42] PRINT [03/13 03:50:42 graph]: --- Testf1: 0.78200, Best Valacc: 0.72000 in epoch 99 --- 
[2023-03-13 03:50:42] PRINT [03/13 03:50:42 graph]: Epoch 32: get test acc score:  0.782
[2023-03-13 03:50:42] PRINT [03/13 03:50:42 graph]: best_f1 0.782 at epoch 12
[2023-03-13 03:50:42] PRINT [03/13 03:50:42 graph]: start epoch 33.
[2023-03-13 03:50:42] PRINT [03/13 03:50:42 graph]: # Epoch 33: train_loss: 0.5894 | lr: 0.000136
[2023-03-13 03:50:43] PRINT [03/13 03:50:43 graph]: --- Testf1: 0.78800, Best Valacc: 0.69400 in epoch 97 --- 
[2023-03-13 03:50:44] PRINT [03/13 03:50:44 graph]: Epoch 33: get test acc score:  0.788
[2023-03-13 03:50:44] PRINT [03/13 03:50:44 graph]: best_f1 0.788 at epoch 33
[2023-03-13 03:50:44] PRINT [03/13 03:50:44 graph]: start epoch 34.
[2023-03-13 03:50:44] PRINT [03/13 03:50:44 graph]: # Epoch 34: train_loss: 0.5882 | lr: 0.000136
[2023-03-13 03:50:44] PRINT [03/13 03:50:44 graph]: --- Testf1: 0.78400, Best Valacc: 0.70000 in epoch 91 --- 
[2023-03-13 03:50:45] PRINT [03/13 03:50:45 graph]: Epoch 34: get test acc score:  0.784
[2023-03-13 03:50:45] PRINT [03/13 03:50:45 graph]: best_f1 0.788 at epoch 33
[2023-03-13 03:50:45] PRINT [03/13 03:50:45 graph]: start epoch 35.
[2023-03-13 03:50:45] PRINT [03/13 03:50:45 graph]: # Epoch 35: train_loss: 0.5852 | lr: 0.000136
[2023-03-13 03:50:46] PRINT [03/13 03:50:46 graph]: --- Testf1: 0.76800, Best Valacc: 0.67600 in epoch 91 --- 
[2023-03-13 03:50:46] PRINT [03/13 03:50:46 graph]: Epoch 35: get test acc score:  0.768
[2023-03-13 03:50:46] PRINT [03/13 03:50:46 graph]: best_f1 0.788 at epoch 33
[2023-03-13 03:50:46] PRINT [03/13 03:50:46 graph]: start epoch 36.
[2023-03-13 03:50:46] PRINT [03/13 03:50:46 graph]: # Epoch 36: train_loss: 0.5834 | lr: 0.000136
[2023-03-13 03:50:47] PRINT [03/13 03:50:47 graph]: --- Testf1: 0.78300, Best Valacc: 0.71600 in epoch 98 --- 
[2023-03-13 03:50:47] PRINT [03/13 03:50:47 graph]: Epoch 36: get test acc score:  0.783
[2023-03-13 03:50:47] PRINT [03/13 03:50:47 graph]: best_f1 0.788 at epoch 33
[2023-03-13 03:50:47] PRINT [03/13 03:50:47 graph]: start epoch 37.
[2023-03-13 03:50:47] PRINT [03/13 03:50:47 graph]: # Epoch 37: train_loss: 0.5801 | lr: 0.000136
[2023-03-13 03:50:48] PRINT [03/13 03:50:48 graph]: --- Testf1: 0.78400, Best Valacc: 0.69600 in epoch 99 --- 
[2023-03-13 03:50:48] PRINT [03/13 03:50:48 graph]: Epoch 37: get test acc score:  0.784
[2023-03-13 03:50:48] PRINT [03/13 03:50:48 graph]: best_f1 0.788 at epoch 33
[2023-03-13 03:50:48] PRINT [03/13 03:50:48 graph]: start epoch 38.
[2023-03-13 03:50:48] PRINT [03/13 03:50:48 graph]: # Epoch 38: train_loss: 0.5752 | lr: 0.000136
[2023-03-13 03:50:49] PRINT [03/13 03:50:49 graph]: --- Testf1: 0.78500, Best Valacc: 0.69600 in epoch 99 --- 
[2023-03-13 03:50:50] PRINT [03/13 03:50:50 graph]: Epoch 38: get test acc score:  0.785
[2023-03-13 03:50:50] PRINT [03/13 03:50:50 graph]: best_f1 0.788 at epoch 33
[2023-03-13 03:50:50] PRINT [03/13 03:50:50 graph]: start epoch 39.
[2023-03-13 03:50:50] PRINT [03/13 03:50:50 graph]: # Epoch 39: train_loss: 0.5744 | lr: 0.000136
[2023-03-13 03:50:50] PRINT [03/13 03:50:50 graph]: --- Testf1: 0.77300, Best Valacc: 0.71200 in epoch 83 --- 
[2023-03-13 03:50:51] PRINT [03/13 03:50:51 graph]: Epoch 39: get test acc score:  0.773
[2023-03-13 03:50:51] PRINT [03/13 03:50:51 graph]: best_f1 0.788 at epoch 33
[2023-03-13 03:50:51] PRINT [03/13 03:50:51 graph]: start epoch 40.
[2023-03-13 03:50:51] PRINT [03/13 03:50:51 graph]: # Epoch 40: train_loss: 0.5705 | lr: 0.000136
[2023-03-13 03:50:52] PRINT [03/13 03:50:52 graph]: --- Testf1: 0.78000, Best Valacc: 0.71200 in epoch 79 --- 
[2023-03-13 03:50:52] PRINT [03/13 03:50:52 graph]: Epoch 40: get test acc score:  0.780
[2023-03-13 03:50:52] PRINT [03/13 03:50:52 graph]: best_f1 0.788 at epoch 33
[2023-03-13 03:50:52] PRINT [03/13 03:50:52 graph]: start epoch 41.
[2023-03-13 03:50:52] PRINT [03/13 03:50:52 graph]: # Epoch 41: train_loss: 0.5677 | lr: 0.000136
[2023-03-13 03:50:53] PRINT [03/13 03:50:53 graph]: --- Testf1: 0.77700, Best Valacc: 0.71800 in epoch 86 --- 
[2023-03-13 03:50:53] PRINT [03/13 03:50:53 graph]: Epoch 41: get test acc score:  0.777
[2023-03-13 03:50:53] PRINT [03/13 03:50:53 graph]: best_f1 0.788 at epoch 33
[2023-03-13 03:50:53] PRINT [03/13 03:50:53 graph]: start epoch 42.
[2023-03-13 03:50:53] PRINT [03/13 03:50:53 graph]: # Epoch 42: train_loss: 0.5654 | lr: 0.000136
[2023-03-13 03:50:54] PRINT [03/13 03:50:54 graph]: --- Testf1: 0.77300, Best Valacc: 0.68800 in epoch 99 --- 
[2023-03-13 03:50:54] PRINT [03/13 03:50:54 graph]: Epoch 42: get test acc score:  0.773
[2023-03-13 03:50:54] PRINT [03/13 03:50:54 graph]: best_f1 0.788 at epoch 33
[2023-03-13 03:50:54] PRINT [03/13 03:50:54 graph]: start epoch 43.
[2023-03-13 03:50:54] PRINT [03/13 03:50:54 graph]: # Epoch 43: train_loss: 0.5632 | lr: 0.000136
[2023-03-13 03:50:55] PRINT [03/13 03:50:55 graph]: --- Testf1: 0.77800, Best Valacc: 0.70200 in epoch 96 --- 
[2023-03-13 03:50:56] PRINT [03/13 03:50:56 graph]: Epoch 43: get test acc score:  0.778
[2023-03-13 03:50:56] PRINT [03/13 03:50:56 graph]: best_f1 0.788 at epoch 33
[2023-03-13 03:50:56] PRINT [03/13 03:50:56 graph]: start epoch 44.
[2023-03-13 03:50:56] PRINT [03/13 03:50:56 graph]: # Epoch 44: train_loss: 0.5591 | lr: 0.000136
[2023-03-13 03:50:56] PRINT [03/13 03:50:56 graph]: --- Testf1: 0.77400, Best Valacc: 0.69000 in epoch 59 --- 
[2023-03-13 03:50:57] PRINT [03/13 03:50:57 graph]: Epoch 44: get test acc score:  0.774
[2023-03-13 03:50:57] PRINT [03/13 03:50:57 graph]: best_f1 0.788 at epoch 33
[2023-03-13 03:50:57] PRINT [03/13 03:50:57 graph]: start epoch 45.
[2023-03-13 03:50:57] PRINT [03/13 03:50:57 graph]: # Epoch 45: train_loss: 0.5571 | lr: 0.000136
[2023-03-13 03:50:58] PRINT [03/13 03:50:58 graph]: --- Testf1: 0.78300, Best Valacc: 0.71200 in epoch 88 --- 
[2023-03-13 03:50:58] PRINT [03/13 03:50:58 graph]: Epoch 45: get test acc score:  0.783
[2023-03-13 03:50:58] PRINT [03/13 03:50:58 graph]: best_f1 0.788 at epoch 33
[2023-03-13 03:50:58] PRINT [03/13 03:50:58 graph]: start epoch 46.
[2023-03-13 03:50:58] PRINT [03/13 03:50:58 graph]: # Epoch 46: train_loss: 0.5559 | lr: 0.000136
[2023-03-13 03:50:59] PRINT [03/13 03:50:59 graph]: --- Testf1: 0.76700, Best Valacc: 0.70400 in epoch 79 --- 
[2023-03-13 03:50:59] PRINT [03/13 03:50:59 graph]: Epoch 46: get test acc score:  0.767
[2023-03-13 03:50:59] PRINT [03/13 03:50:59 graph]: best_f1 0.788 at epoch 33
[2023-03-13 03:50:59] PRINT [03/13 03:50:59 graph]: start epoch 47.
[2023-03-13 03:50:59] PRINT [03/13 03:50:59 graph]: # Epoch 47: train_loss: 0.5503 | lr: 0.000136
[2023-03-13 03:51:00] PRINT [03/13 03:51:00 graph]: --- Testf1: 0.77700, Best Valacc: 0.72200 in epoch 54 --- 
[2023-03-13 03:51:00] PRINT [03/13 03:51:00 graph]: Epoch 47: get test acc score:  0.777
[2023-03-13 03:51:00] PRINT [03/13 03:51:00 graph]: best_f1 0.788 at epoch 33
[2023-03-13 03:51:00] PRINT [03/13 03:51:00 graph]: start epoch 48.
[2023-03-13 03:51:00] PRINT [03/13 03:51:00 graph]: # Epoch 48: train_loss: 0.5525 | lr: 0.000136
[2023-03-13 03:51:01] PRINT [03/13 03:51:01 graph]: --- Testf1: 0.77000, Best Valacc: 0.70400 in epoch 98 --- 
[2023-03-13 03:51:02] PRINT [03/13 03:51:02 graph]: Epoch 48: get test acc score:  0.770
[2023-03-13 03:51:02] PRINT [03/13 03:51:02 graph]: best_f1 0.788 at epoch 33
[2023-03-13 03:51:02] PRINT [03/13 03:51:02 graph]: start epoch 49.
[2023-03-13 03:51:02] PRINT [03/13 03:51:02 graph]: # Epoch 49: train_loss: 0.5468 | lr: 0.000136
[2023-03-13 03:51:02] PRINT [03/13 03:51:02 graph]: --- Testf1: 0.76900, Best Valacc: 0.70600 in epoch 98 --- 
[2023-03-13 03:51:03] PRINT [03/13 03:51:03 graph]: Epoch 49: get test acc score:  0.769
[2023-03-13 03:51:03] PRINT [03/13 03:51:03 graph]: best_f1 0.788 at epoch 33
[2023-03-13 03:51:03] PRINT [03/13 03:51:03 graph]: start epoch 50.
[2023-03-13 03:51:03] PRINT [03/13 03:51:03 graph]: # Epoch 50: train_loss: 0.5482 | lr: 0.000136
[2023-03-13 03:51:04] PRINT [03/13 03:51:04 graph]: --- Testf1: 0.76600, Best Valacc: 0.72800 in epoch 99 --- 
[2023-03-13 03:51:04] PRINT [03/13 03:51:04 graph]: Epoch 50: get test acc score:  0.766
[2023-03-13 03:51:04] PRINT [03/13 03:51:04 graph]: best_f1 0.788 at epoch 33
[2023-03-13 03:51:04] PRINT [03/13 03:51:04 graph]: start epoch 51.
[2023-03-13 03:51:04] PRINT [03/13 03:51:04 graph]: # Epoch 51: train_loss: 0.5451 | lr: 0.000136
[2023-03-13 03:51:05] PRINT [03/13 03:51:05 graph]: --- Testf1: 0.77800, Best Valacc: 0.71800 in epoch 80 --- 
[2023-03-13 03:51:05] PRINT [03/13 03:51:05 graph]: Epoch 51: get test acc score:  0.778
[2023-03-13 03:51:05] PRINT [03/13 03:51:05 graph]: best_f1 0.788 at epoch 33
[2023-03-13 03:51:05] PRINT [03/13 03:51:05 graph]: start epoch 52.
[2023-03-13 03:51:05] PRINT [03/13 03:51:05 graph]: # Epoch 52: train_loss: 0.5446 | lr: 0.000136
[2023-03-13 03:51:06] PRINT [03/13 03:51:06 graph]: --- Testf1: 0.77100, Best Valacc: 0.72000 in epoch 84 --- 
[2023-03-13 03:51:06] PRINT [03/13 03:51:06 graph]: Epoch 52: get test acc score:  0.771
[2023-03-13 03:51:06] PRINT [03/13 03:51:06 graph]: best_f1 0.788 at epoch 33
[2023-03-13 03:51:06] PRINT [03/13 03:51:06 graph]: start epoch 53.
[2023-03-13 03:51:06] PRINT [03/13 03:51:06 graph]: # Epoch 53: train_loss: 0.5429 | lr: 0.000136
[2023-03-13 03:51:07] PRINT [03/13 03:51:07 graph]: --- Testf1: 0.78200, Best Valacc: 0.72800 in epoch 82 --- 
[2023-03-13 03:51:08] PRINT [03/13 03:51:08 graph]: Epoch 53: get test acc score:  0.782
[2023-03-13 03:51:08] PRINT [03/13 03:51:08 graph]: best_f1 0.788 at epoch 33
[2023-03-13 03:51:08] PRINT [03/13 03:51:08 graph]: start epoch 54.
[2023-03-13 03:51:08] PRINT [03/13 03:51:08 graph]: # Epoch 54: train_loss: 0.5395 | lr: 0.000136
[2023-03-13 03:51:08] PRINT [03/13 03:51:08 graph]: --- Testf1: 0.77500, Best Valacc: 0.71800 in epoch 63 --- 
[2023-03-13 03:51:09] PRINT [03/13 03:51:09 graph]: Epoch 54: get test acc score:  0.775
[2023-03-13 03:51:09] PRINT [03/13 03:51:09 graph]: best_f1 0.788 at epoch 33
[2023-03-13 03:51:09] PRINT [03/13 03:51:09 graph]: start epoch 55.
[2023-03-13 03:51:09] PRINT [03/13 03:51:09 graph]: # Epoch 55: train_loss: 0.5392 | lr: 0.000136
[2023-03-13 03:51:10] PRINT [03/13 03:51:10 graph]: --- Testf1: 0.78400, Best Valacc: 0.73000 in epoch 56 --- 
[2023-03-13 03:51:10] PRINT [03/13 03:51:10 graph]: Epoch 55: get test acc score:  0.784
[2023-03-13 03:51:10] PRINT [03/13 03:51:10 graph]: best_f1 0.788 at epoch 33
[2023-03-13 03:51:10] PRINT [03/13 03:51:10 graph]: start epoch 56.
[2023-03-13 03:51:10] PRINT [03/13 03:51:10 graph]: # Epoch 56: train_loss: 0.5372 | lr: 0.000136
[2023-03-13 03:51:11] PRINT [03/13 03:51:11 graph]: --- Testf1: 0.78500, Best Valacc: 0.73000 in epoch 99 --- 
[2023-03-13 03:51:11] PRINT [03/13 03:51:11 graph]: Epoch 56: get test acc score:  0.785
[2023-03-13 03:51:11] PRINT [03/13 03:51:11 graph]: best_f1 0.788 at epoch 33
[2023-03-13 03:51:11] PRINT [03/13 03:51:11 graph]: start epoch 57.
[2023-03-13 03:51:11] PRINT [03/13 03:51:11 graph]: # Epoch 57: train_loss: 0.5374 | lr: 0.000136
[2023-03-13 03:51:12] PRINT [03/13 03:51:12 graph]: --- Testf1: 0.78500, Best Valacc: 0.73000 in epoch 99 --- 
[2023-03-13 03:51:12] PRINT [03/13 03:51:12 graph]: Epoch 57: get test acc score:  0.785
[2023-03-13 03:51:12] PRINT [03/13 03:51:12 graph]: best_f1 0.788 at epoch 33
[2023-03-13 03:51:12] PRINT [03/13 03:51:12 graph]: start epoch 58.
[2023-03-13 03:51:12] PRINT [03/13 03:51:12 graph]: # Epoch 58: train_loss: 0.5341 | lr: 0.000136
[2023-03-13 03:51:13] PRINT [03/13 03:51:13 graph]: --- Testf1: 0.79500, Best Valacc: 0.71800 in epoch 61 --- 
[2023-03-13 03:51:14] PRINT [03/13 03:51:14 graph]: Epoch 58: get test acc score:  0.795
[2023-03-13 03:51:14] PRINT [03/13 03:51:14 graph]: best_f1 0.795 at epoch 58
[2023-03-13 03:51:14] PRINT [03/13 03:51:14 graph]: start epoch 59.
[2023-03-13 03:51:14] PRINT [03/13 03:51:14 graph]: # Epoch 59: train_loss: 0.5386 | lr: 0.000136
[2023-03-13 03:51:14] PRINT [03/13 03:51:14 graph]: --- Testf1: 0.79200, Best Valacc: 0.73400 in epoch 87 --- 
[2023-03-13 03:51:15] PRINT [03/13 03:51:15 graph]: Epoch 59: get test acc score:  0.792
[2023-03-13 03:51:15] PRINT [03/13 03:51:15 graph]: best_f1 0.795 at epoch 58
[2023-03-13 03:51:15] PRINT [03/13 03:51:15 graph]: start epoch 60.
[2023-03-13 03:51:15] PRINT [03/13 03:51:15 graph]: # Epoch 60: train_loss: 0.5358 | lr: 0.000109
[2023-03-13 03:51:16] PRINT [03/13 03:51:16 graph]: --- Testf1: 0.80200, Best Valacc: 0.72600 in epoch 67 --- 
[2023-03-13 03:51:16] PRINT [03/13 03:51:16 graph]: Epoch 60: get test acc score:  0.802
[2023-03-13 03:51:16] PRINT [03/13 03:51:16 graph]: best_f1 0.802 at epoch 60
[2023-03-13 03:51:16] PRINT [03/13 03:51:16 graph]: start epoch 61.
[2023-03-13 03:51:16] PRINT [03/13 03:51:16 graph]: # Epoch 61: train_loss: 0.5331 | lr: 0.000109
[2023-03-13 03:51:17] PRINT [03/13 03:51:17 graph]: --- Testf1: 0.79300, Best Valacc: 0.73800 in epoch 39 --- 
[2023-03-13 03:51:17] PRINT [03/13 03:51:17 graph]: Epoch 61: get test acc score:  0.793
[2023-03-13 03:51:17] PRINT [03/13 03:51:17 graph]: best_f1 0.802 at epoch 60
[2023-03-13 03:51:17] PRINT [03/13 03:51:17 graph]: start epoch 62.
[2023-03-13 03:51:17] PRINT [03/13 03:51:17 graph]: # Epoch 62: train_loss: 0.5329 | lr: 0.000109
[2023-03-13 03:51:18] PRINT [03/13 03:51:18 graph]: --- Testf1: 0.79200, Best Valacc: 0.71200 in epoch 93 --- 
[2023-03-13 03:51:18] PRINT [03/13 03:51:18 graph]: Epoch 62: get test acc score:  0.792
[2023-03-13 03:51:18] PRINT [03/13 03:51:18 graph]: best_f1 0.802 at epoch 60
[2023-03-13 03:51:18] PRINT [03/13 03:51:18 graph]: start epoch 63.
[2023-03-13 03:51:18] PRINT [03/13 03:51:18 graph]: # Epoch 63: train_loss: 0.5295 | lr: 0.000109
[2023-03-13 03:51:19] PRINT [03/13 03:51:19 graph]: --- Testf1: 0.79400, Best Valacc: 0.71400 in epoch 99 --- 
[2023-03-13 03:51:20] PRINT [03/13 03:51:20 graph]: Epoch 63: get test acc score:  0.794
[2023-03-13 03:51:20] PRINT [03/13 03:51:20 graph]: best_f1 0.802 at epoch 60
[2023-03-13 03:51:20] PRINT [03/13 03:51:20 graph]: start epoch 64.
[2023-03-13 03:51:20] PRINT [03/13 03:51:20 graph]: # Epoch 64: train_loss: 0.5317 | lr: 0.000109
[2023-03-13 03:51:20] PRINT [03/13 03:51:20 graph]: --- Testf1: 0.79000, Best Valacc: 0.72400 in epoch 99 --- 
[2023-03-13 03:51:21] PRINT [03/13 03:51:21 graph]: Epoch 64: get test acc score:  0.790
[2023-03-13 03:51:21] PRINT [03/13 03:51:21 graph]: best_f1 0.802 at epoch 60
[2023-03-13 03:51:21] PRINT [03/13 03:51:21 graph]: start epoch 65.
[2023-03-13 03:51:21] PRINT [03/13 03:51:21 graph]: # Epoch 65: train_loss: 0.5274 | lr: 0.000109
[2023-03-13 03:51:22] PRINT [03/13 03:51:22 graph]: --- Testf1: 0.79800, Best Valacc: 0.72000 in epoch 24 --- 
[2023-03-13 03:51:22] PRINT [03/13 03:51:22 graph]: Epoch 65: get test acc score:  0.798
[2023-03-13 03:51:22] PRINT [03/13 03:51:22 graph]: best_f1 0.802 at epoch 60
[2023-03-13 03:51:22] PRINT [03/13 03:51:22 graph]: start epoch 66.
[2023-03-13 03:51:22] PRINT [03/13 03:51:22 graph]: # Epoch 66: train_loss: 0.5287 | lr: 0.000109
[2023-03-13 03:51:23] PRINT [03/13 03:51:23 graph]: --- Testf1: 0.79900, Best Valacc: 0.73600 in epoch 84 --- 
[2023-03-13 03:51:23] PRINT [03/13 03:51:23 graph]: Epoch 66: get test acc score:  0.799
[2023-03-13 03:51:23] PRINT [03/13 03:51:23 graph]: best_f1 0.802 at epoch 60
[2023-03-13 03:51:23] PRINT [03/13 03:51:23 graph]: start epoch 67.
[2023-03-13 03:51:23] PRINT [03/13 03:51:23 graph]: # Epoch 67: train_loss: 0.5241 | lr: 0.000109
[2023-03-13 03:51:24] PRINT [03/13 03:51:24 graph]: --- Testf1: 0.79200, Best Valacc: 0.72400 in epoch 97 --- 
[2023-03-13 03:51:25] PRINT [03/13 03:51:25 graph]: Epoch 67: get test acc score:  0.792
[2023-03-13 03:51:25] PRINT [03/13 03:51:25 graph]: best_f1 0.802 at epoch 60
[2023-03-13 03:51:25] PRINT [03/13 03:51:25 graph]: start epoch 68.
[2023-03-13 03:51:25] PRINT [03/13 03:51:25 graph]: # Epoch 68: train_loss: 0.5270 | lr: 0.000109
[2023-03-13 03:51:25] PRINT [03/13 03:51:25 graph]: --- Testf1: 0.78900, Best Valacc: 0.72600 in epoch 99 --- 
[2023-03-13 03:51:26] PRINT [03/13 03:51:26 graph]: Epoch 68: get test acc score:  0.789
[2023-03-13 03:51:26] PRINT [03/13 03:51:26 graph]: best_f1 0.802 at epoch 60
[2023-03-13 03:51:26] PRINT [03/13 03:51:26 graph]: start epoch 69.
[2023-03-13 03:51:26] PRINT [03/13 03:51:26 graph]: # Epoch 69: train_loss: 0.5217 | lr: 0.000109
[2023-03-13 03:51:27] PRINT [03/13 03:51:27 graph]: --- Testf1: 0.79500, Best Valacc: 0.71400 in epoch 41 --- 
[2023-03-13 03:51:27] PRINT [03/13 03:51:27 graph]: Epoch 69: get test acc score:  0.795
[2023-03-13 03:51:27] PRINT [03/13 03:51:27 graph]: best_f1 0.802 at epoch 60
[2023-03-13 03:51:27] PRINT [03/13 03:51:27 graph]: start epoch 70.
[2023-03-13 03:51:27] PRINT [03/13 03:51:27 graph]: # Epoch 70: train_loss: 0.5190 | lr: 0.000109
[2023-03-13 03:51:28] PRINT [03/13 03:51:28 graph]: --- Testf1: 0.79100, Best Valacc: 0.73600 in epoch 99 --- 
[2023-03-13 03:51:28] PRINT [03/13 03:51:28 graph]: Epoch 70: get test acc score:  0.791
[2023-03-13 03:51:28] PRINT [03/13 03:51:28 graph]: best_f1 0.802 at epoch 60
[2023-03-13 03:51:28] PRINT [03/13 03:51:28 graph]: start epoch 71.
[2023-03-13 03:51:28] PRINT [03/13 03:51:28 graph]: # Epoch 71: train_loss: 0.5192 | lr: 0.000109
[2023-03-13 03:51:29] PRINT [03/13 03:51:29 graph]: --- Testf1: 0.79600, Best Valacc: 0.75800 in epoch 54 --- 
[2023-03-13 03:51:29] PRINT [03/13 03:51:29 graph]: Epoch 71: get test acc score:  0.796
[2023-03-13 03:51:29] PRINT [03/13 03:51:29 graph]: best_f1 0.802 at epoch 60
[2023-03-13 03:51:29] PRINT [03/13 03:51:29 graph]: start epoch 72.
[2023-03-13 03:51:29] PRINT [03/13 03:51:29 graph]: # Epoch 72: train_loss: 0.5174 | lr: 0.000109
[2023-03-13 03:51:30] PRINT [03/13 03:51:30 graph]: --- Testf1: 0.78800, Best Valacc: 0.73400 in epoch 28 --- 
[2023-03-13 03:51:31] PRINT [03/13 03:51:31 graph]: Epoch 72: get test acc score:  0.788
[2023-03-13 03:51:31] PRINT [03/13 03:51:31 graph]: best_f1 0.802 at epoch 60
[2023-03-13 03:51:31] PRINT [03/13 03:51:31 graph]: start epoch 73.
[2023-03-13 03:51:31] PRINT [03/13 03:51:31 graph]: # Epoch 73: train_loss: 0.5153 | lr: 0.000109
[2023-03-13 03:51:31] PRINT [03/13 03:51:31 graph]: --- Testf1: 0.79700, Best Valacc: 0.74200 in epoch 40 --- 
[2023-03-13 03:51:32] PRINT [03/13 03:51:32 graph]: Epoch 73: get test acc score:  0.797
[2023-03-13 03:51:32] PRINT [03/13 03:51:32 graph]: best_f1 0.802 at epoch 60
[2023-03-13 03:51:32] PRINT [03/13 03:51:32 graph]: start epoch 74.
[2023-03-13 03:51:32] PRINT [03/13 03:51:32 graph]: # Epoch 74: train_loss: 0.5131 | lr: 0.000109
[2023-03-13 03:51:33] PRINT [03/13 03:51:33 graph]: --- Testf1: 0.79600, Best Valacc: 0.71600 in epoch 41 --- 
[2023-03-13 03:51:33] PRINT [03/13 03:51:33 graph]: Epoch 74: get test acc score:  0.796
[2023-03-13 03:51:33] PRINT [03/13 03:51:33 graph]: best_f1 0.802 at epoch 60
[2023-03-13 03:51:33] PRINT [03/13 03:51:33 graph]: start epoch 75.
[2023-03-13 03:51:33] PRINT [03/13 03:51:33 graph]: # Epoch 75: train_loss: 0.5113 | lr: 0.000109
[2023-03-13 03:51:34] PRINT [03/13 03:51:34 graph]: --- Testf1: 0.79500, Best Valacc: 0.73000 in epoch 39 --- 
[2023-03-13 03:51:34] PRINT [03/13 03:51:34 graph]: Epoch 75: get test acc score:  0.795
[2023-03-13 03:51:34] PRINT [03/13 03:51:34 graph]: best_f1 0.802 at epoch 60
[2023-03-13 03:51:34] PRINT [03/13 03:51:34 graph]: start epoch 76.
[2023-03-13 03:51:34] PRINT [03/13 03:51:34 graph]: # Epoch 76: train_loss: 0.5117 | lr: 0.000109
[2023-03-13 03:51:35] PRINT [03/13 03:51:35 graph]: --- Testf1: 0.80000, Best Valacc: 0.72400 in epoch 71 --- 
[2023-03-13 03:51:35] PRINT [03/13 03:51:35 graph]: Epoch 76: get test acc score:  0.800
[2023-03-13 03:51:35] PRINT [03/13 03:51:35 graph]: best_f1 0.802 at epoch 60
[2023-03-13 03:51:35] PRINT [03/13 03:51:35 graph]: start epoch 77.
[2023-03-13 03:51:35] PRINT [03/13 03:51:35 graph]: # Epoch 77: train_loss: 0.5097 | lr: 0.000109
[2023-03-13 03:51:36] PRINT [03/13 03:51:36 graph]: --- Testf1: 0.79600, Best Valacc: 0.75200 in epoch 83 --- 
[2023-03-13 03:51:36] PRINT [03/13 03:51:36 graph]: Epoch 77: get test acc score:  0.796
[2023-03-13 03:51:36] PRINT [03/13 03:51:36 graph]: best_f1 0.802 at epoch 60
[2023-03-13 03:51:36] PRINT [03/13 03:51:36 graph]: start epoch 78.
[2023-03-13 03:51:36] PRINT [03/13 03:51:36 graph]: # Epoch 78: train_loss: 0.5071 | lr: 0.000109
[2023-03-13 03:51:37] PRINT [03/13 03:51:37 graph]: --- Testf1: 0.80000, Best Valacc: 0.74000 in epoch 34 --- 
[2023-03-13 03:51:38] PRINT [03/13 03:51:38 graph]: Epoch 78: get test acc score:  0.800
[2023-03-13 03:51:38] PRINT [03/13 03:51:38 graph]: best_f1 0.802 at epoch 60
[2023-03-13 03:51:38] PRINT [03/13 03:51:38 graph]: start epoch 79.
[2023-03-13 03:51:38] PRINT [03/13 03:51:38 graph]: # Epoch 79: train_loss: 0.5058 | lr: 0.000109
[2023-03-13 03:51:39] PRINT [03/13 03:51:39 graph]: --- Testf1: 0.79100, Best Valacc: 0.73800 in epoch 26 --- 
[2023-03-13 03:51:39] PRINT [03/13 03:51:39 graph]: Epoch 79: get test acc score:  0.791
[2023-03-13 03:51:39] PRINT [03/13 03:51:39 graph]: best_f1 0.802 at epoch 60
[2023-03-13 03:51:39] PRINT [03/13 03:51:39 graph]: start epoch 80.
[2023-03-13 03:51:39] PRINT [03/13 03:51:39 graph]: # Epoch 80: train_loss: 0.5033 | lr: 0.000109
[2023-03-13 03:51:40] PRINT [03/13 03:51:40 graph]: --- Testf1: 0.79200, Best Valacc: 0.73800 in epoch 74 --- 
[2023-03-13 03:51:40] PRINT [03/13 03:51:40 graph]: Epoch 80: get test acc score:  0.792
[2023-03-13 03:51:40] PRINT [03/13 03:51:40 graph]: best_f1 0.802 at epoch 60
[2023-03-13 03:51:40] PRINT [03/13 03:51:40 graph]: start epoch 81.
[2023-03-13 03:51:40] PRINT [03/13 03:51:40 graph]: # Epoch 81: train_loss: 0.5082 | lr: 0.000109
[2023-03-13 03:51:41] PRINT [03/13 03:51:41 graph]: --- Testf1: 0.79900, Best Valacc: 0.72400 in epoch 72 --- 
[2023-03-13 03:51:41] PRINT [03/13 03:51:41 graph]: Epoch 81: get test acc score:  0.799
[2023-03-13 03:51:41] PRINT [03/13 03:51:41 graph]: best_f1 0.802 at epoch 60
[2023-03-13 03:51:41] PRINT [03/13 03:51:41 graph]: start epoch 82.
[2023-03-13 03:51:41] PRINT [03/13 03:51:41 graph]: # Epoch 82: train_loss: 0.5021 | lr: 0.000109
[2023-03-13 03:51:42] PRINT [03/13 03:51:42 graph]: --- Testf1: 0.79800, Best Valacc: 0.74400 in epoch 90 --- 
[2023-03-13 03:51:43] PRINT [03/13 03:51:43 graph]: Epoch 82: get test acc score:  0.798
[2023-03-13 03:51:43] PRINT [03/13 03:51:43 graph]: best_f1 0.802 at epoch 60
[2023-03-13 03:51:43] PRINT [03/13 03:51:43 graph]: start epoch 83.
[2023-03-13 03:51:43] PRINT [03/13 03:51:43 graph]: # Epoch 83: train_loss: 0.5006 | lr: 0.000109
[2023-03-13 03:51:44] PRINT [03/13 03:51:44 graph]: --- Testf1: 0.79700, Best Valacc: 0.74000 in epoch 98 --- 
[2023-03-13 03:51:44] PRINT [03/13 03:51:44 graph]: Epoch 83: get test acc score:  0.797
[2023-03-13 03:51:44] PRINT [03/13 03:51:44 graph]: best_f1 0.802 at epoch 60
[2023-03-13 03:51:44] PRINT [03/13 03:51:44 graph]: start epoch 84.
[2023-03-13 03:51:44] PRINT [03/13 03:51:44 graph]: # Epoch 84: train_loss: 0.4962 | lr: 0.000109
[2023-03-13 03:51:45] PRINT [03/13 03:51:45 graph]: --- Testf1: 0.79200, Best Valacc: 0.76600 in epoch 84 --- 
[2023-03-13 03:51:45] PRINT [03/13 03:51:45 graph]: Epoch 84: get test acc score:  0.792
[2023-03-13 03:51:45] PRINT [03/13 03:51:45 graph]: best_f1 0.802 at epoch 60
[2023-03-13 03:51:45] PRINT [03/13 03:51:45 graph]: start epoch 85.
[2023-03-13 03:51:45] PRINT [03/13 03:51:45 graph]: # Epoch 85: train_loss: 0.4948 | lr: 0.000109
[2023-03-13 03:51:46] PRINT [03/13 03:51:46 graph]: --- Testf1: 0.79900, Best Valacc: 0.76400 in epoch 43 --- 
[2023-03-13 03:51:46] PRINT [03/13 03:51:46 graph]: Epoch 85: get test acc score:  0.799
[2023-03-13 03:51:46] PRINT [03/13 03:51:46 graph]: best_f1 0.802 at epoch 60
[2023-03-13 03:51:46] PRINT [03/13 03:51:46 graph]: start epoch 86.
[2023-03-13 03:51:46] PRINT [03/13 03:51:46 graph]: # Epoch 86: train_loss: 0.4937 | lr: 0.000109
[2023-03-13 03:51:47] PRINT [03/13 03:51:47 graph]: --- Testf1: 0.79300, Best Valacc: 0.74000 in epoch 34 --- 
[2023-03-13 03:51:47] PRINT [03/13 03:51:47 graph]: Epoch 86: get test acc score:  0.793
[2023-03-13 03:51:47] PRINT [03/13 03:51:47 graph]: best_f1 0.802 at epoch 60
[2023-03-13 03:51:47] PRINT [03/13 03:51:47 graph]: start epoch 87.
[2023-03-13 03:51:47] PRINT [03/13 03:51:47 graph]: # Epoch 87: train_loss: 0.4893 | lr: 0.000109
[2023-03-13 03:51:48] PRINT [03/13 03:51:48 graph]: --- Testf1: 0.79000, Best Valacc: 0.74000 in epoch 55 --- 
[2023-03-13 03:51:49] PRINT [03/13 03:51:49 graph]: Epoch 87: get test acc score:  0.790
[2023-03-13 03:51:49] PRINT [03/13 03:51:49 graph]: best_f1 0.802 at epoch 60
[2023-03-13 03:51:49] PRINT [03/13 03:51:49 graph]: start epoch 88.
[2023-03-13 03:51:49] PRINT [03/13 03:51:49 graph]: # Epoch 88: train_loss: 0.4914 | lr: 0.000109
[2023-03-13 03:51:50] PRINT [03/13 03:51:50 graph]: --- Testf1: 0.79200, Best Valacc: 0.73800 in epoch 86 --- 
[2023-03-13 03:51:50] PRINT [03/13 03:51:50 graph]: Epoch 88: get test acc score:  0.792
[2023-03-13 03:51:50] PRINT [03/13 03:51:50 graph]: best_f1 0.802 at epoch 60
[2023-03-13 03:51:50] PRINT [03/13 03:51:50 graph]: start epoch 89.
[2023-03-13 03:51:50] PRINT [03/13 03:51:50 graph]: # Epoch 89: train_loss: 0.4857 | lr: 0.000109
[2023-03-13 03:51:51] PRINT [03/13 03:51:51 graph]: --- Testf1: 0.79700, Best Valacc: 0.75400 in epoch 27 --- 
[2023-03-13 03:51:51] PRINT [03/13 03:51:51 graph]: Epoch 89: get test acc score:  0.797
[2023-03-13 03:51:51] PRINT [03/13 03:51:51 graph]: best_f1 0.802 at epoch 60
[2023-03-13 03:51:51] PRINT [03/13 03:51:51 graph]: start epoch 90.
[2023-03-13 03:51:51] PRINT [03/13 03:51:51 graph]: # Epoch 90: train_loss: 0.4854 | lr: 0.000087
[2023-03-13 03:51:52] PRINT [03/13 03:51:52 graph]: --- Testf1: 0.79200, Best Valacc: 0.74400 in epoch 28 --- 
[2023-03-13 03:51:52] PRINT [03/13 03:51:52 graph]: Epoch 90: get test acc score:  0.792
[2023-03-13 03:51:52] PRINT [03/13 03:51:52 graph]: best_f1 0.802 at epoch 60
[2023-03-13 03:51:52] PRINT [03/13 03:51:52 graph]: start epoch 91.
[2023-03-13 03:51:52] PRINT [03/13 03:51:52 graph]: # Epoch 91: train_loss: 0.4843 | lr: 0.000087
[2023-03-13 03:51:53] PRINT [03/13 03:51:53 graph]: --- Testf1: 0.80500, Best Valacc: 0.74400 in epoch 85 --- 
[2023-03-13 03:51:53] PRINT [03/13 03:51:53 graph]: Epoch 91: get test acc score:  0.805
[2023-03-13 03:51:53] PRINT [03/13 03:51:53 graph]: best_f1 0.805 at epoch 91
[2023-03-13 03:51:53] PRINT [03/13 03:51:53 graph]: start epoch 92.
[2023-03-13 03:51:53] PRINT [03/13 03:51:53 graph]: # Epoch 92: train_loss: 0.4835 | lr: 0.000087
[2023-03-13 03:51:54] PRINT [03/13 03:51:54 graph]: --- Testf1: 0.79400, Best Valacc: 0.73600 in epoch 41 --- 
[2023-03-13 03:51:55] PRINT [03/13 03:51:55 graph]: Epoch 92: get test acc score:  0.794
[2023-03-13 03:51:55] PRINT [03/13 03:51:55 graph]: best_f1 0.805 at epoch 91
[2023-03-13 03:51:55] PRINT [03/13 03:51:55 graph]: start epoch 93.
[2023-03-13 03:51:55] PRINT [03/13 03:51:55 graph]: # Epoch 93: train_loss: 0.4810 | lr: 0.000087
[2023-03-13 03:51:55] PRINT [03/13 03:51:55 graph]: --- Testf1: 0.79800, Best Valacc: 0.76800 in epoch 17 --- 
[2023-03-13 03:51:56] PRINT [03/13 03:51:56 graph]: Epoch 93: get test acc score:  0.798
[2023-03-13 03:51:56] PRINT [03/13 03:51:56 graph]: best_f1 0.805 at epoch 91
[2023-03-13 03:51:56] PRINT [03/13 03:51:56 graph]: start epoch 94.
[2023-03-13 03:51:56] PRINT [03/13 03:51:56 graph]: # Epoch 94: train_loss: 0.4779 | lr: 0.000087
[2023-03-13 03:51:57] PRINT [03/13 03:51:57 graph]: --- Testf1: 0.79700, Best Valacc: 0.76400 in epoch 52 --- 
[2023-03-13 03:51:57] PRINT [03/13 03:51:57 graph]: Epoch 94: get test acc score:  0.797
[2023-03-13 03:51:57] PRINT [03/13 03:51:57 graph]: best_f1 0.805 at epoch 91
[2023-03-13 03:51:57] PRINT [03/13 03:51:57 graph]: start epoch 95.
[2023-03-13 03:51:57] PRINT [03/13 03:51:57 graph]: # Epoch 95: train_loss: 0.4782 | lr: 0.000087
[2023-03-13 03:51:58] PRINT [03/13 03:51:58 graph]: --- Testf1: 0.80100, Best Valacc: 0.74600 in epoch 37 --- 
[2023-03-13 03:51:58] PRINT [03/13 03:51:58 graph]: Epoch 95: get test acc score:  0.801
[2023-03-13 03:51:58] PRINT [03/13 03:51:58 graph]: best_f1 0.805 at epoch 91
[2023-03-13 03:51:58] PRINT [03/13 03:51:58 graph]: start epoch 96.
[2023-03-13 03:51:58] PRINT [03/13 03:51:58 graph]: # Epoch 96: train_loss: 0.4731 | lr: 0.000087
[2023-03-13 03:51:59] PRINT [03/13 03:51:59 graph]: --- Testf1: 0.80100, Best Valacc: 0.75000 in epoch 94 --- 
[2023-03-13 03:51:59] PRINT [03/13 03:51:59 graph]: Epoch 96: get test acc score:  0.801
[2023-03-13 03:51:59] PRINT [03/13 03:51:59 graph]: best_f1 0.805 at epoch 91
[2023-03-13 03:51:59] PRINT [03/13 03:51:59 graph]: start epoch 97.
[2023-03-13 03:51:59] PRINT [03/13 03:51:59 graph]: # Epoch 97: train_loss: 0.4705 | lr: 0.000087
[2023-03-13 03:52:00] PRINT [03/13 03:52:00 graph]: --- Testf1: 0.79600, Best Valacc: 0.75200 in epoch 47 --- 
[2023-03-13 03:52:00] PRINT [03/13 03:52:00 graph]: Epoch 97: get test acc score:  0.796
[2023-03-13 03:52:00] PRINT [03/13 03:52:00 graph]: best_f1 0.805 at epoch 91
[2023-03-13 03:52:00] PRINT [03/13 03:52:00 graph]: start epoch 98.
[2023-03-13 03:52:01] PRINT [03/13 03:52:01 graph]: # Epoch 98: train_loss: 0.4724 | lr: 0.000087
[2023-03-13 03:52:01] PRINT [03/13 03:52:01 graph]: --- Testf1: 0.79900, Best Valacc: 0.75400 in epoch 44 --- 
[2023-03-13 03:52:02] PRINT [03/13 03:52:02 graph]: Epoch 98: get test acc score:  0.799
[2023-03-13 03:52:02] PRINT [03/13 03:52:02 graph]: best_f1 0.805 at epoch 91
[2023-03-13 03:52:02] PRINT [03/13 03:52:02 graph]: start epoch 99.
[2023-03-13 03:52:02] PRINT [03/13 03:52:02 graph]: # Epoch 99: train_loss: 0.4694 | lr: 0.000087
[2023-03-13 03:52:03] PRINT [03/13 03:52:03 graph]: --- Testf1: 0.79100, Best Valacc: 0.76000 in epoch 64 --- 
[2023-03-13 03:52:03] PRINT [03/13 03:52:03 graph]: Epoch 99: get test acc score:  0.791
[2023-03-13 03:52:03] PRINT [03/13 03:52:03 graph]: best_f1 0.805 at epoch 91
[2023-03-13 03:52:03] PRINT [03/13 03:52:03 graph]: # final_acc: 0.8050±0.0000
