[2023-03-06 11:21:51] PRINT ---new cfg------
[2023-03-06 11:21:51] PRINT {'DATA': {'data_name': 'MUTAG', 'deg4feat': True}, 'DATALOADER': {'NUM_WORKERS': 0, 'BATCH_SIZE': 32}, 'MODEL': {'num_hidden': 512, 'num_layers': 2, 'nhead': 4, 'activation': 'prelu', 'attn_drop': 0.1, 'feat_drop': 0.30000000000000004, 'norm': 'batchnorm', 'pooler': 'mean', 'beta_schedule': 'sigmoid', 'beta_1': 0.00014431084309461588, 'beta_T': 0.04357644358282957, 'T': 901}, 'SOLVER': {'optim_type': 'adamw', 'optim_type_f': 'adamw', 'alpha': 1, 'decay': 20, 'LR': 8.302669592992296e-05, 'weight_decay': 0.0005, 'MAX_EPOCH': 50}, 'DEVICE': 'cuda', 'seeds': [11], 'eval_T': [50, 100, 200], 'output_dir': '/ddm-nni/MUTAG/log', 'checkpoint_dir': '/ddm-nni/MUTAG/log/checkpoint'}
[2023-03-06 11:21:51] PRINT [03/06 11:21:51 graph]: Rank of current process: 0. World size: 1
[2023-03-06 11:21:55] PRINT [03/06 11:21:55 graph]: Environment info:
[2023-03-06 11:21:55] PRINT PyTorch version: 1.10.0+cu113
[2023-03-06 11:21:55] PRINT Is debug build: False
[2023-03-06 11:21:55] PRINT CUDA used to build PyTorch: 11.3
[2023-03-06 11:21:55] PRINT ROCM used to build PyTorch: N/A
[2023-03-06 11:21:55] PRINT 
[2023-03-06 11:21:55] PRINT OS: Ubuntu 20.04.3 LTS (x86_64)
[2023-03-06 11:21:55] PRINT GCC version: (Ubuntu 9.3.0-17ubuntu1~20.04) 9.3.0
[2023-03-06 11:21:55] PRINT Clang version: Could not collect
[2023-03-06 11:21:55] PRINT CMake version: version 3.16.3
[2023-03-06 11:21:55] PRINT Libc version: glibc-2.31
[2023-03-06 11:21:55] PRINT 
[2023-03-06 11:21:55] PRINT Python version: 3.8.10 (default, Jun  4 2021, 15:09:15)  [GCC 7.5.0] (64-bit runtime)
[2023-03-06 11:21:55] PRINT Python platform: Linux-5.4.0-90-generic-x86_64-with-glibc2.17
[2023-03-06 11:21:55] PRINT Is CUDA available: True
[2023-03-06 11:21:55] PRINT CUDA runtime version: 11.3.109
[2023-03-06 11:21:55] PRINT GPU models and configuration: GPU 0: NVIDIA GeForce RTX 3090
[2023-03-06 11:21:55] PRINT Nvidia driver version: 495.44
[2023-03-06 11:21:55] PRINT cuDNN version: Probably one of the following:
[2023-03-06 11:21:55] PRINT /usr/lib/x86_64-linux-gnu/libcudnn.so.8.2.0
[2023-03-06 11:21:55] PRINT /usr/lib/x86_64-linux-gnu/libcudnn_adv_infer.so.8.2.0
[2023-03-06 11:21:55] PRINT /usr/lib/x86_64-linux-gnu/libcudnn_adv_train.so.8.2.0
[2023-03-06 11:21:55] PRINT /usr/lib/x86_64-linux-gnu/libcudnn_cnn_infer.so.8.2.0
[2023-03-06 11:21:55] PRINT /usr/lib/x86_64-linux-gnu/libcudnn_cnn_train.so.8.2.0
[2023-03-06 11:21:55] PRINT /usr/lib/x86_64-linux-gnu/libcudnn_ops_infer.so.8.2.0
[2023-03-06 11:21:55] PRINT /usr/lib/x86_64-linux-gnu/libcudnn_ops_train.so.8.2.0
[2023-03-06 11:21:55] PRINT HIP runtime version: N/A
[2023-03-06 11:21:55] PRINT MIOpen runtime version: N/A
[2023-03-06 11:21:55] PRINT 
[2023-03-06 11:21:55] PRINT Versions of relevant libraries:
[2023-03-06 11:21:55] PRINT [pip3] numpy==1.23.5
[2023-03-06 11:21:55] PRINT [pip3] torch==1.10.0+cu113
[2023-03-06 11:21:55] PRINT [pip3] torchvision==0.11.1+cu113
[2023-03-06 11:21:55] PRINT [conda] blas                      1.0                         mkl    https://mirrors.ustc.edu.cn/anaconda/pkgs/main
[2023-03-06 11:21:55] PRINT [conda] mkl                       2021.4.0           h06a4308_640    https://mirrors.ustc.edu.cn/anaconda/pkgs/main
[2023-03-06 11:21:55] PRINT [conda] mkl-service               2.4.0            py38h7f8727e_0    https://mirrors.ustc.edu.cn/anaconda/pkgs/main
[2023-03-06 11:21:55] PRINT [conda] mkl_fft                   1.3.1            py38hd3c417c_0    https://mirrors.ustc.edu.cn/anaconda/pkgs/main
[2023-03-06 11:21:55] PRINT [conda] mkl_random                1.2.2            py38h51133e4_0    https://mirrors.ustc.edu.cn/anaconda/pkgs/main
[2023-03-06 11:21:55] PRINT [conda] numpy                     1.21.4                   pypi_0    pypi
[2023-03-06 11:21:55] PRINT [conda] numpy-base                1.23.5           py38h31eccc5_0    https://mirrors.ustc.edu.cn/anaconda/pkgs/main
[2023-03-06 11:21:55] PRINT [conda] torch                     1.10.0+cu113             pypi_0    pypi
[2023-03-06 11:21:55] PRINT [conda] torchvision               0.11.1+cu113             pypi_0    pypi
[2023-03-06 11:21:55] PRINT         Pillow (8.4.0)
[2023-03-06 11:21:55] PRINT [03/06 11:21:55 graph]: Command line arguments: Namespace(local_rank=0, resume=False, seed=1234, start_epoch=0)
[2023-03-06 11:21:55] PRINT Using degree as node features
[2023-03-06 11:21:55] PRINT ******** # Num Graphs: 188, # Num Feat: 5, # Num Classes: 2 ********
[2023-03-06 11:21:55] PRINT [03/06 11:21:55 graph]: Run 0th for seed 11
[2023-03-06 11:21:55] PRINT [03/06 11:21:55 graph]: Total trainable params num : 5202543
[2023-03-06 11:21:59] PRINT [03/06 11:21:59 graph]: ----------Start Training----------
[2023-03-06 11:22:00] PRINT [03/06 11:22:00 graph]: Epoch 0 | train_loss: 0.7246 | lr: 0.000083
[2023-03-06 11:22:00] PRINT [03/06 11:22:00 graph]: Epoch 1 | train_loss: 0.4379 | lr: 0.000083
[2023-03-06 11:22:00] PRINT [03/06 11:22:00 graph]: Epoch 2 | train_loss: 0.3894 | lr: 0.000083
[2023-03-06 11:22:03] PRINT [03/06 11:22:03 graph]: #Test_f1: 0.8345±0.0571
[2023-03-06 11:22:03] PRINT [03/06 11:22:03 graph]: Epoch 2: get test f1 score:  0.835
[2023-03-06 11:22:03] PRINT [03/06 11:22:03 graph]: best_f1 0.835 at epoch 2
[2023-03-06 11:22:04] PRINT [03/06 11:22:04 graph]: Epoch 3 | train_loss: 0.3418 | lr: 0.000083
[2023-03-06 11:22:06] PRINT [03/06 11:22:06 graph]: #Test_f1: 0.8348±0.0608
[2023-03-06 11:22:06] PRINT [03/06 11:22:06 graph]: Epoch 3: get test f1 score:  0.835
[2023-03-06 11:22:06] PRINT [03/06 11:22:06 graph]: best_f1 0.835 at epoch 3
[2023-03-06 11:22:07] PRINT [03/06 11:22:07 graph]: Epoch 4 | train_loss: 0.3335 | lr: 0.000083
[2023-03-06 11:22:10] PRINT [03/06 11:22:10 graph]: #Test_f1: 0.8404±0.0671
[2023-03-06 11:22:10] PRINT [03/06 11:22:10 graph]: Epoch 4: get test f1 score:  0.840
[2023-03-06 11:22:10] PRINT [03/06 11:22:10 graph]: best_f1 0.840 at epoch 4
[2023-03-06 11:22:10] PRINT [03/06 11:22:10 graph]: Epoch 5 | train_loss: 0.3194 | lr: 0.000083
[2023-03-06 11:22:13] PRINT [03/06 11:22:13 graph]: #Test_f1: 0.8348±0.0608
[2023-03-06 11:22:13] PRINT [03/06 11:22:13 graph]: Epoch 5: get test f1 score:  0.835
[2023-03-06 11:22:13] PRINT [03/06 11:22:13 graph]: best_f1 0.840 at epoch 4
[2023-03-06 11:22:14] PRINT [03/06 11:22:14 graph]: Epoch 6 | train_loss: 0.3030 | lr: 0.000083
[2023-03-06 11:22:16] PRINT [03/06 11:22:16 graph]: #Test_f1: 0.8079±0.0695
[2023-03-06 11:22:17] PRINT [03/06 11:22:17 graph]: Epoch 6: get test f1 score:  0.808
[2023-03-06 11:22:17] PRINT [03/06 11:22:17 graph]: best_f1 0.840 at epoch 4
[2023-03-06 11:22:17] PRINT [03/06 11:22:17 graph]: Epoch 7 | train_loss: 0.2970 | lr: 0.000083
[2023-03-06 11:22:19] PRINT [03/06 11:22:19 graph]: #Test_f1: 0.8351±0.0777
[2023-03-06 11:22:20] PRINT [03/06 11:22:20 graph]: Epoch 7: get test f1 score:  0.835
[2023-03-06 11:22:20] PRINT [03/06 11:22:20 graph]: best_f1 0.840 at epoch 4
[2023-03-06 11:22:20] PRINT [03/06 11:22:20 graph]: Epoch 8 | train_loss: 0.2873 | lr: 0.000083
[2023-03-06 11:22:23] PRINT [03/06 11:22:23 graph]: #Test_f1: 0.8345±0.0666
[2023-03-06 11:22:23] PRINT [03/06 11:22:23 graph]: Epoch 8: get test f1 score:  0.835
[2023-03-06 11:22:23] PRINT [03/06 11:22:23 graph]: best_f1 0.840 at epoch 4
[2023-03-06 11:22:24] PRINT [03/06 11:22:24 graph]: Epoch 9 | train_loss: 0.2773 | lr: 0.000083
[2023-03-06 11:22:26] PRINT [03/06 11:22:26 graph]: #Test_f1: 0.8240±0.0595
[2023-03-06 11:22:27] PRINT [03/06 11:22:27 graph]: Epoch 9: get test f1 score:  0.824
[2023-03-06 11:22:27] PRINT [03/06 11:22:27 graph]: best_f1 0.840 at epoch 4
[2023-03-06 11:22:27] PRINT [03/06 11:22:27 graph]: Epoch 10 | train_loss: 0.2656 | lr: 0.000083
[2023-03-06 11:22:29] PRINT [03/06 11:22:29 graph]: #Test_f1: 0.8292±0.0586
[2023-03-06 11:22:30] PRINT [03/06 11:22:30 graph]: Epoch 10: get test f1 score:  0.829
[2023-03-06 11:22:30] PRINT [03/06 11:22:30 graph]: best_f1 0.840 at epoch 4
[2023-03-06 11:22:30] PRINT [03/06 11:22:30 graph]: Epoch 11 | train_loss: 0.2635 | lr: 0.000083
[2023-03-06 11:22:33] PRINT [03/06 11:22:33 graph]: #Test_f1: 0.8292±0.0636
[2023-03-06 11:22:33] PRINT [03/06 11:22:33 graph]: Epoch 11: get test f1 score:  0.829
[2023-03-06 11:22:33] PRINT [03/06 11:22:33 graph]: best_f1 0.840 at epoch 4
[2023-03-06 11:22:33] PRINT [03/06 11:22:33 graph]: Epoch 12 | train_loss: 0.2491 | lr: 0.000083
[2023-03-06 11:22:36] PRINT [03/06 11:22:36 graph]: #Test_f1: 0.8345±0.0623
[2023-03-06 11:22:36] PRINT [03/06 11:22:36 graph]: Epoch 12: get test f1 score:  0.835
[2023-03-06 11:22:36] PRINT [03/06 11:22:36 graph]: best_f1 0.840 at epoch 4
[2023-03-06 11:22:37] PRINT [03/06 11:22:37 graph]: Epoch 13 | train_loss: 0.2504 | lr: 0.000083
[2023-03-06 11:22:39] PRINT [03/06 11:22:39 graph]: #Test_f1: 0.8401±0.0539
[2023-03-06 11:22:39] PRINT [03/06 11:22:39 graph]: Epoch 13: get test f1 score:  0.840
[2023-03-06 11:22:39] PRINT [03/06 11:22:39 graph]: best_f1 0.840 at epoch 4
[2023-03-06 11:22:40] PRINT [03/06 11:22:40 graph]: Epoch 14 | train_loss: 0.2461 | lr: 0.000083
[2023-03-06 11:22:42] PRINT [03/06 11:22:42 graph]: #Test_f1: 0.8401±0.0485
[2023-03-06 11:22:43] PRINT [03/06 11:22:43 graph]: Epoch 14: get test f1 score:  0.840
[2023-03-06 11:22:43] PRINT [03/06 11:22:43 graph]: best_f1 0.840 at epoch 4
[2023-03-06 11:22:43] PRINT [03/06 11:22:43 graph]: Epoch 15 | train_loss: 0.2460 | lr: 0.000083
[2023-03-06 11:22:46] PRINT [03/06 11:22:46 graph]: #Test_f1: 0.8243±0.0585
[2023-03-06 11:22:46] PRINT [03/06 11:22:46 graph]: Epoch 15: get test f1 score:  0.824
[2023-03-06 11:22:46] PRINT [03/06 11:22:46 graph]: best_f1 0.840 at epoch 4
[2023-03-06 11:22:46] PRINT [03/06 11:22:46 graph]: Epoch 16 | train_loss: 0.2483 | lr: 0.000083
[2023-03-06 11:22:49] PRINT [03/06 11:22:49 graph]: #Test_f1: 0.8401±0.0539
[2023-03-06 11:22:50] PRINT [03/06 11:22:50 graph]: Epoch 16: get test f1 score:  0.840
[2023-03-06 11:22:50] PRINT [03/06 11:22:50 graph]: best_f1 0.840 at epoch 4
[2023-03-06 11:22:50] PRINT [03/06 11:22:50 graph]: Epoch 17 | train_loss: 0.2308 | lr: 0.000083
[2023-03-06 11:22:52] PRINT [03/06 11:22:52 graph]: #Test_f1: 0.8298±0.0617
[2023-03-06 11:22:53] PRINT [03/06 11:22:53 graph]: Epoch 17: get test f1 score:  0.830
[2023-03-06 11:22:53] PRINT [03/06 11:22:53 graph]: best_f1 0.840 at epoch 4
[2023-03-06 11:22:53] PRINT [03/06 11:22:53 graph]: Epoch 18 | train_loss: 0.2345 | lr: 0.000083
[2023-03-06 11:22:56] PRINT [03/06 11:22:56 graph]: #Test_f1: 0.8450±0.0525
[2023-03-06 11:22:56] PRINT [03/06 11:22:56 graph]: Epoch 18: get test f1 score:  0.845
[2023-03-06 11:22:56] PRINT [03/06 11:22:56 graph]: best_f1 0.845 at epoch 18
[2023-03-06 11:22:56] PRINT [03/06 11:22:56 graph]: Epoch 19 | train_loss: 0.2328 | lr: 0.000083
[2023-03-06 11:22:59] PRINT [03/06 11:22:59 graph]: #Test_f1: 0.8401±0.0539
[2023-03-06 11:22:59] PRINT [03/06 11:22:59 graph]: Epoch 19: get test f1 score:  0.840
[2023-03-06 11:22:59] PRINT [03/06 11:22:59 graph]: best_f1 0.845 at epoch 18
[2023-03-06 11:23:00] PRINT [03/06 11:23:00 graph]: Epoch 20 | train_loss: 0.2224 | lr: 0.000083
[2023-03-06 11:23:02] PRINT [03/06 11:23:02 graph]: #Test_f1: 0.8348±0.0508
[2023-03-06 11:23:03] PRINT [03/06 11:23:03 graph]: Epoch 20: get test f1 score:  0.835
[2023-03-06 11:23:03] PRINT [03/06 11:23:03 graph]: best_f1 0.845 at epoch 18
[2023-03-06 11:23:03] PRINT [03/06 11:23:03 graph]: Epoch 21 | train_loss: 0.2228 | lr: 0.000083
[2023-03-06 11:23:05] PRINT [03/06 11:23:05 graph]: #Test_f1: 0.8401±0.0539
[2023-03-06 11:23:06] PRINT [03/06 11:23:06 graph]: Epoch 21: get test f1 score:  0.840
[2023-03-06 11:23:06] PRINT [03/06 11:23:06 graph]: best_f1 0.845 at epoch 18
[2023-03-06 11:23:06] PRINT [03/06 11:23:06 graph]: Epoch 22 | train_loss: 0.2092 | lr: 0.000083
[2023-03-06 11:23:08] PRINT [03/06 11:23:08 graph]: #Test_f1: 0.8456±0.0606
[2023-03-06 11:23:09] PRINT [03/06 11:23:09 graph]: Epoch 22: get test f1 score:  0.846
[2023-03-06 11:23:09] PRINT [03/06 11:23:09 graph]: best_f1 0.846 at epoch 22
[2023-03-06 11:23:09] PRINT [03/06 11:23:09 graph]: Epoch 23 | train_loss: 0.2077 | lr: 0.000083
[2023-03-06 11:23:12] PRINT [03/06 11:23:12 graph]: #Test_f1: 0.8456±0.0558
[2023-03-06 11:23:12] PRINT [03/06 11:23:12 graph]: Epoch 23: get test f1 score:  0.846
[2023-03-06 11:23:12] PRINT [03/06 11:23:12 graph]: best_f1 0.846 at epoch 22
[2023-03-06 11:23:12] PRINT [03/06 11:23:12 graph]: Epoch 24 | train_loss: 0.2038 | lr: 0.000083
[2023-03-06 11:23:15] PRINT [03/06 11:23:15 graph]: #Test_f1: 0.8345±0.0666
[2023-03-06 11:23:15] PRINT [03/06 11:23:15 graph]: Epoch 24: get test f1 score:  0.835
[2023-03-06 11:23:15] PRINT [03/06 11:23:15 graph]: best_f1 0.846 at epoch 22
[2023-03-06 11:23:15] PRINT [03/06 11:23:15 graph]: Epoch 25 | train_loss: 0.2060 | lr: 0.000083
[2023-03-06 11:23:18] PRINT [03/06 11:23:18 graph]: #Test_f1: 0.8456±0.0606
[2023-03-06 11:23:19] PRINT [03/06 11:23:19 graph]: Epoch 25: get test f1 score:  0.846
[2023-03-06 11:23:19] PRINT [03/06 11:23:19 graph]: best_f1 0.846 at epoch 22
[2023-03-06 11:23:19] PRINT [03/06 11:23:19 graph]: Epoch 26 | train_loss: 0.2073 | lr: 0.000083
[2023-03-06 11:23:21] PRINT [03/06 11:23:21 graph]: #Test_f1: 0.8345±0.0666
[2023-03-06 11:23:22] PRINT [03/06 11:23:22 graph]: Epoch 26: get test f1 score:  0.835
[2023-03-06 11:23:22] PRINT [03/06 11:23:22 graph]: best_f1 0.846 at epoch 22
[2023-03-06 11:23:22] PRINT [03/06 11:23:22 graph]: Epoch 27 | train_loss: 0.1988 | lr: 0.000083
[2023-03-06 11:23:25] PRINT [03/06 11:23:25 graph]: #Test_f1: 0.8398±0.0599
[2023-03-06 11:23:25] PRINT [03/06 11:23:25 graph]: Epoch 27: get test f1 score:  0.840
[2023-03-06 11:23:25] PRINT [03/06 11:23:25 graph]: best_f1 0.846 at epoch 22
[2023-03-06 11:23:25] PRINT [03/06 11:23:25 graph]: Epoch 28 | train_loss: 0.2011 | lr: 0.000083
[2023-03-06 11:23:28] PRINT [03/06 11:23:28 graph]: #Test_f1: 0.8401±0.0634
[2023-03-06 11:23:28] PRINT [03/06 11:23:28 graph]: Epoch 28: get test f1 score:  0.840
[2023-03-06 11:23:28] PRINT [03/06 11:23:28 graph]: best_f1 0.846 at epoch 22
[2023-03-06 11:23:29] PRINT [03/06 11:23:29 graph]: Epoch 29 | train_loss: 0.1935 | lr: 0.000083
[2023-03-06 11:23:31] PRINT [03/06 11:23:31 graph]: #Test_f1: 0.8292±0.0542
[2023-03-06 11:23:31] PRINT [03/06 11:23:31 graph]: Epoch 29: get test f1 score:  0.829
[2023-03-06 11:23:31] PRINT [03/06 11:23:31 graph]: best_f1 0.846 at epoch 22
[2023-03-06 11:23:32] PRINT [03/06 11:23:32 graph]: Epoch 30 | train_loss: 0.1986 | lr: 0.000083
[2023-03-06 11:23:34] PRINT [03/06 11:23:34 graph]: #Test_f1: 0.8132±0.0615
[2023-03-06 11:23:34] PRINT [03/06 11:23:34 graph]: Epoch 30: get test f1 score:  0.813
[2023-03-06 11:23:34] PRINT [03/06 11:23:34 graph]: best_f1 0.846 at epoch 22
[2023-03-06 11:23:35] PRINT [03/06 11:23:35 graph]: Epoch 31 | train_loss: 0.1958 | lr: 0.000083
[2023-03-06 11:23:37] PRINT [03/06 11:23:37 graph]: #Test_f1: 0.8401±0.0589
[2023-03-06 11:23:38] PRINT [03/06 11:23:38 graph]: Epoch 31: get test f1 score:  0.840
[2023-03-06 11:23:38] PRINT [03/06 11:23:38 graph]: best_f1 0.846 at epoch 22
[2023-03-06 11:23:38] PRINT [03/06 11:23:38 graph]: Epoch 32 | train_loss: 0.1908 | lr: 0.000083
[2023-03-06 11:23:41] PRINT [03/06 11:23:41 graph]: #Test_f1: 0.8351±0.0647
[2023-03-06 11:23:41] PRINT [03/06 11:23:41 graph]: Epoch 32: get test f1 score:  0.835
[2023-03-06 11:23:41] PRINT [03/06 11:23:41 graph]: best_f1 0.846 at epoch 22
[2023-03-06 11:23:41] PRINT [03/06 11:23:41 graph]: Epoch 33 | train_loss: 0.1883 | lr: 0.000083
[2023-03-06 11:23:44] PRINT [03/06 11:23:44 graph]: #Test_f1: 0.8456±0.0500
[2023-03-06 11:23:44] PRINT [03/06 11:23:44 graph]: Epoch 33: get test f1 score:  0.846
[2023-03-06 11:23:44] PRINT [03/06 11:23:44 graph]: best_f1 0.846 at epoch 22
[2023-03-06 11:23:44] PRINT [03/06 11:23:44 graph]: Epoch 34 | train_loss: 0.1781 | lr: 0.000083
[2023-03-06 11:23:47] PRINT [03/06 11:23:47 graph]: #Test_f1: 0.8240±0.0645
[2023-03-06 11:23:47] PRINT [03/06 11:23:47 graph]: Epoch 34: get test f1 score:  0.824
[2023-03-06 11:23:47] PRINT [03/06 11:23:47 graph]: best_f1 0.846 at epoch 22
[2023-03-06 11:23:48] PRINT [03/06 11:23:48 graph]: Epoch 35 | train_loss: 0.1806 | lr: 0.000083
[2023-03-06 11:23:50] PRINT [03/06 11:23:50 graph]: #Test_f1: 0.8292±0.0636
[2023-03-06 11:23:51] PRINT [03/06 11:23:51 graph]: Epoch 35: get test f1 score:  0.829
[2023-03-06 11:23:51] PRINT [03/06 11:23:51 graph]: best_f1 0.846 at epoch 22
[2023-03-06 11:23:51] PRINT [03/06 11:23:51 graph]: Epoch 36 | train_loss: 0.1757 | lr: 0.000083
[2023-03-06 11:23:54] PRINT [03/06 11:23:54 graph]: #Test_f1: 0.8401±0.0589
[2023-03-06 11:23:54] PRINT [03/06 11:23:54 graph]: Epoch 36: get test f1 score:  0.840
[2023-03-06 11:23:54] PRINT [03/06 11:23:54 graph]: best_f1 0.846 at epoch 22
[2023-03-06 11:23:54] PRINT [03/06 11:23:54 graph]: Epoch 37 | train_loss: 0.1757 | lr: 0.000083
[2023-03-06 11:23:57] PRINT [03/06 11:23:57 graph]: #Test_f1: 0.8404±0.0583
[2023-03-06 11:23:57] PRINT [03/06 11:23:57 graph]: Epoch 37: get test f1 score:  0.840
[2023-03-06 11:23:57] PRINT [03/06 11:23:57 graph]: best_f1 0.846 at epoch 22
[2023-03-06 11:23:57] PRINT [03/06 11:23:57 graph]: Epoch 38 | train_loss: 0.1686 | lr: 0.000083
[2023-03-06 11:24:00] PRINT [03/06 11:24:00 graph]: #Test_f1: 0.8243±0.0631
[2023-03-06 11:24:00] PRINT [03/06 11:24:00 graph]: Epoch 38: get test f1 score:  0.824
[2023-03-06 11:24:00] PRINT [03/06 11:24:00 graph]: best_f1 0.846 at epoch 22
[2023-03-06 11:24:00] PRINT [03/06 11:24:00 graph]: Epoch 39 | train_loss: 0.1768 | lr: 0.000083
[2023-03-06 11:24:03] PRINT [03/06 11:24:03 graph]: #Test_f1: 0.8401±0.0589
[2023-03-06 11:24:03] PRINT [03/06 11:24:03 graph]: Epoch 39: get test f1 score:  0.840
[2023-03-06 11:24:03] PRINT [03/06 11:24:03 graph]: best_f1 0.846 at epoch 22
[2023-03-06 11:24:04] PRINT [03/06 11:24:04 graph]: Epoch 40 | train_loss: 0.1694 | lr: 0.000083
[2023-03-06 11:24:06] PRINT [03/06 11:24:06 graph]: #Test_f1: 0.8398±0.0690
[2023-03-06 11:24:07] PRINT [03/06 11:24:07 graph]: Epoch 40: get test f1 score:  0.840
[2023-03-06 11:24:07] PRINT [03/06 11:24:07 graph]: best_f1 0.846 at epoch 22
[2023-03-06 11:24:07] PRINT [03/06 11:24:07 graph]: Epoch 41 | train_loss: 0.1680 | lr: 0.000083
[2023-03-06 11:24:10] PRINT [03/06 11:24:10 graph]: #Test_f1: 0.8240±0.0645
[2023-03-06 11:24:10] PRINT [03/06 11:24:10 graph]: Epoch 41: get test f1 score:  0.824
[2023-03-06 11:24:10] PRINT [03/06 11:24:10 graph]: best_f1 0.846 at epoch 22
[2023-03-06 11:24:11] PRINT [03/06 11:24:11 graph]: Epoch 42 | train_loss: 0.1672 | lr: 0.000083
[2023-03-06 11:24:13] PRINT [03/06 11:24:13 graph]: #Test_f1: 0.8240±0.0645
[2023-03-06 11:24:14] PRINT [03/06 11:24:14 graph]: Epoch 42: get test f1 score:  0.824
[2023-03-06 11:24:14] PRINT [03/06 11:24:14 graph]: best_f1 0.846 at epoch 22
[2023-03-06 11:24:14] PRINT [03/06 11:24:14 graph]: Epoch 43 | train_loss: 0.1681 | lr: 0.000083
[2023-03-06 11:24:17] PRINT [03/06 11:24:17 graph]: #Test_f1: 0.8401±0.0425
[2023-03-06 11:24:17] PRINT [03/06 11:24:17 graph]: Epoch 43: get test f1 score:  0.840
[2023-03-06 11:24:17] PRINT [03/06 11:24:17 graph]: best_f1 0.846 at epoch 22
[2023-03-06 11:24:17] PRINT [03/06 11:24:17 graph]: Epoch 44 | train_loss: 0.1641 | lr: 0.000083
[2023-03-06 11:24:20] PRINT [03/06 11:24:20 graph]: #Test_f1: 0.8295±0.0632
[2023-03-06 11:24:20] PRINT [03/06 11:24:20 graph]: Epoch 44: get test f1 score:  0.830
[2023-03-06 11:24:20] PRINT [03/06 11:24:20 graph]: best_f1 0.846 at epoch 22
[2023-03-06 11:24:21] PRINT [03/06 11:24:21 graph]: Epoch 45 | train_loss: 0.1586 | lr: 0.000083
[2023-03-06 11:24:23] PRINT [03/06 11:24:23 graph]: #Test_f1: 0.8453±0.0564
[2023-03-06 11:24:24] PRINT [03/06 11:24:24 graph]: Epoch 45: get test f1 score:  0.845
[2023-03-06 11:24:24] PRINT [03/06 11:24:24 graph]: best_f1 0.846 at epoch 22
[2023-03-06 11:24:24] PRINT [03/06 11:24:24 graph]: Epoch 46 | train_loss: 0.1633 | lr: 0.000083
[2023-03-06 11:24:27] PRINT [03/06 11:24:27 graph]: #Test_f1: 0.8240±0.0601
[2023-03-06 11:24:27] PRINT [03/06 11:24:27 graph]: Epoch 46: get test f1 score:  0.824
[2023-03-06 11:24:27] PRINT [03/06 11:24:27 graph]: best_f1 0.846 at epoch 22
[2023-03-06 11:24:27] PRINT [03/06 11:24:27 graph]: Epoch 47 | train_loss: 0.1610 | lr: 0.000083
[2023-03-06 11:24:30] PRINT [03/06 11:24:30 graph]: #Test_f1: 0.8620±0.0764
[2023-03-06 11:24:30] PRINT [03/06 11:24:30 graph]: Epoch 47: get test f1 score:  0.862
[2023-03-06 11:24:30] PRINT [03/06 11:24:30 graph]: best_f1 0.862 at epoch 47
[2023-03-06 11:24:31] PRINT [03/06 11:24:31 graph]: Epoch 48 | train_loss: 0.1556 | lr: 0.000083
[2023-03-06 11:24:33] PRINT [03/06 11:24:33 graph]: #Test_f1: 0.8354±0.0543
[2023-03-06 11:24:34] PRINT [03/06 11:24:34 graph]: Epoch 48: get test f1 score:  0.835
[2023-03-06 11:24:34] PRINT [03/06 11:24:34 graph]: best_f1 0.862 at epoch 47
[2023-03-06 11:24:34] PRINT [03/06 11:24:34 graph]: Epoch 49 | train_loss: 0.1558 | lr: 0.000083
[2023-03-06 11:24:37] PRINT [03/06 11:24:37 graph]: #Test_f1: 0.8295±0.0632
[2023-03-06 11:24:37] PRINT [03/06 11:24:37 graph]: Epoch 49: get test f1 score:  0.830
[2023-03-06 11:24:37] PRINT [03/06 11:24:37 graph]: best_f1 0.862 at epoch 47
[2023-03-06 11:24:37] PRINT [03/06 11:24:37 graph]: # final_acc: 0.8620±0.0000
