[2023-04-08 00:31:52] PRINT ---new cfg------
[2023-04-08 00:31:52] PRINT {'DATA': {'data_name': 'REDDIT-BINARY', 'deg4feat': False}, 'DATALOADER': {'NUM_WORKERS': 0, 'BATCH_SIZE': 32}, 'MODEL': {'num_hidden': 512, 'num_layers': 2, 'nhead': 8, 'activation': 'prelu', 'attn_drop': 0.4, 'feat_drop': 0.2, 'norm': 'batchnorm', 'pooler': 'mean', 'beta_schedule': 'quad', 'beta_1': 0.00014649438772383969, 'beta_T': 0.03210447114050844, 'T': 679}, 'SOLVER': {'optim_type': 'adamw', 'optim_type_f': 'adamw', 'alpha': 1, 'decay': 20, 'LR': 0.0006343737515077249, 'weight_decay': 0.0005, 'MAX_EPOCH': 50}, 'DEVICE': 'cuda', 'seeds': [11], 'eval_T': [50, 100, 200], 'output_dir': '/ddm-nni/REDDIT-B/log', 'checkpoint_dir': '/ddm-nni/REDDIT-B/log/checkpoint'}
[2023-04-08 00:31:52] PRINT [04/08 00:31:52 graph]: Rank of current process: 0. World size: 1
[2023-04-08 00:31:55] PRINT [04/08 00:31:55 graph]: Environment info:
[2023-04-08 00:31:55] PRINT PyTorch version: 1.10.0+cu113
[2023-04-08 00:31:55] PRINT Is debug build: False
[2023-04-08 00:31:55] PRINT CUDA used to build PyTorch: 11.3
[2023-04-08 00:31:55] PRINT ROCM used to build PyTorch: N/A
[2023-04-08 00:31:55] PRINT 
[2023-04-08 00:31:55] PRINT OS: Ubuntu 20.04.3 LTS (x86_64)
[2023-04-08 00:31:55] PRINT GCC version: (Ubuntu 9.3.0-17ubuntu1~20.04) 9.3.0
[2023-04-08 00:31:55] PRINT Clang version: Could not collect
[2023-04-08 00:31:55] PRINT CMake version: version 3.16.3
[2023-04-08 00:31:55] PRINT Libc version: glibc-2.31
[2023-04-08 00:31:55] PRINT 
[2023-04-08 00:31:55] PRINT Python version: 3.8.10 (default, Jun  4 2021, 15:09:15)  [GCC 7.5.0] (64-bit runtime)
[2023-04-08 00:31:55] PRINT Python platform: Linux-5.4.0-90-generic-x86_64-with-glibc2.17
[2023-04-08 00:31:55] PRINT Is CUDA available: True
[2023-04-08 00:31:55] PRINT CUDA runtime version: 11.3.109
[2023-04-08 00:31:55] PRINT GPU models and configuration: GPU 0: NVIDIA GeForce RTX 3090
[2023-04-08 00:31:55] PRINT Nvidia driver version: 495.44
[2023-04-08 00:31:55] PRINT cuDNN version: Probably one of the following:
[2023-04-08 00:31:55] PRINT /usr/lib/x86_64-linux-gnu/libcudnn.so.8.2.0
[2023-04-08 00:31:55] PRINT /usr/lib/x86_64-linux-gnu/libcudnn_adv_infer.so.8.2.0
[2023-04-08 00:31:55] PRINT /usr/lib/x86_64-linux-gnu/libcudnn_adv_train.so.8.2.0
[2023-04-08 00:31:55] PRINT /usr/lib/x86_64-linux-gnu/libcudnn_cnn_infer.so.8.2.0
[2023-04-08 00:31:55] PRINT /usr/lib/x86_64-linux-gnu/libcudnn_cnn_train.so.8.2.0
[2023-04-08 00:31:55] PRINT /usr/lib/x86_64-linux-gnu/libcudnn_ops_infer.so.8.2.0
[2023-04-08 00:31:55] PRINT /usr/lib/x86_64-linux-gnu/libcudnn_ops_train.so.8.2.0
[2023-04-08 00:31:55] PRINT HIP runtime version: N/A
[2023-04-08 00:31:55] PRINT MIOpen runtime version: N/A
[2023-04-08 00:31:55] PRINT 
[2023-04-08 00:31:55] PRINT Versions of relevant libraries:
[2023-04-08 00:31:55] PRINT [pip3] numpy==1.23.5
[2023-04-08 00:31:55] PRINT [pip3] torch==1.10.0+cu113
[2023-04-08 00:31:55] PRINT [pip3] torchvision==0.11.1+cu113
[2023-04-08 00:31:55] PRINT [conda] blas                      1.0                         mkl    https://mirrors.ustc.edu.cn/anaconda/pkgs/main
[2023-04-08 00:31:55] PRINT [conda] mkl                       2021.4.0           h06a4308_640    https://mirrors.ustc.edu.cn/anaconda/pkgs/main
[2023-04-08 00:31:55] PRINT [conda] mkl-service               2.4.0            py38h7f8727e_0    https://mirrors.ustc.edu.cn/anaconda/pkgs/main
[2023-04-08 00:31:55] PRINT [conda] mkl_fft                   1.3.1            py38hd3c417c_0    https://mirrors.ustc.edu.cn/anaconda/pkgs/main
[2023-04-08 00:31:55] PRINT [conda] mkl_random                1.2.2            py38h51133e4_0    https://mirrors.ustc.edu.cn/anaconda/pkgs/main
[2023-04-08 00:31:55] PRINT [conda] numpy                     1.21.4                   pypi_0    pypi
[2023-04-08 00:31:55] PRINT [conda] numpy-base                1.23.5           py38h31eccc5_0    https://mirrors.ustc.edu.cn/anaconda/pkgs/main
[2023-04-08 00:31:55] PRINT [conda] torch                     1.10.0+cu113             pypi_0    pypi
[2023-04-08 00:31:55] PRINT [conda] torchvision               0.11.1+cu113             pypi_0    pypi
[2023-04-08 00:31:55] PRINT         Pillow (8.4.0)
[2023-04-08 00:31:55] PRINT [04/08 00:31:55 graph]: Command line arguments: Namespace(local_rank=0, resume=False, seed=1234, start_epoch=0)
[2023-04-08 00:31:56] PRINT Using degree as node features
[2023-04-08 00:32:05] PRINT ******** # Num Graphs: 2000, # Num Feat: 401, # Num Classes: 2 ********
[2023-04-08 00:32:05] PRINT [04/08 00:32:05 graph]: Run 0th for seed 11
[2023-04-08 00:32:05] PRINT [04/08 00:32:05 graph]: Total trainable params num : 6181839
[2023-04-08 00:32:09] PRINT [04/08 00:32:09 graph]: ----------Start Training----------
[2023-04-08 00:32:14] PRINT [04/08 00:32:14 graph]: Epoch 0 | train_loss: 0.3890 | lr: 0.000634
[2023-04-08 00:32:17] PRINT [04/08 00:32:17 graph]: Epoch 1 | train_loss: 0.2513 | lr: 0.000634
[2023-04-08 00:32:20] PRINT [04/08 00:32:20 graph]: Epoch 2 | train_loss: 0.1893 | lr: 0.000634
[2023-04-08 00:33:26] PRINT [04/08 00:33:26 graph]: #Test_f1: 0.8080±0.0260
[2023-04-08 00:33:27] PRINT [04/08 00:33:27 graph]: Epoch 2: get test f1 score:  0.808
[2023-04-08 00:33:27] PRINT [04/08 00:33:27 graph]: best_f1 0.808 at epoch 2
[2023-04-08 00:33:30] PRINT [04/08 00:33:30 graph]: Epoch 3 | train_loss: 0.1688 | lr: 0.000634
[2023-04-08 00:34:33] PRINT [04/08 00:34:33 graph]: #Test_f1: 0.8230±0.0311
[2023-04-08 00:34:33] PRINT [04/08 00:34:33 graph]: Epoch 3: get test f1 score:  0.823
[2023-04-08 00:34:33] PRINT [04/08 00:34:33 graph]: best_f1 0.823 at epoch 3
[2023-04-08 00:34:37] PRINT [04/08 00:34:37 graph]: Epoch 4 | train_loss: 0.1604 | lr: 0.000634
[2023-04-08 00:35:40] PRINT [04/08 00:35:40 graph]: #Test_f1: 0.8345±0.0249
[2023-04-08 00:35:40] PRINT [04/08 00:35:40 graph]: Epoch 4: get test f1 score:  0.835
[2023-04-08 00:35:40] PRINT [04/08 00:35:40 graph]: best_f1 0.835 at epoch 4
[2023-04-08 00:35:43] PRINT [04/08 00:35:43 graph]: Epoch 5 | train_loss: 0.1512 | lr: 0.000634
[2023-04-08 00:36:46] PRINT [04/08 00:36:46 graph]: #Test_f1: 0.8430±0.0233
[2023-04-08 00:36:46] PRINT [04/08 00:36:46 graph]: Epoch 5: get test f1 score:  0.843
[2023-04-08 00:36:46] PRINT [04/08 00:36:46 graph]: best_f1 0.843 at epoch 5
[2023-04-08 00:36:50] PRINT [04/08 00:36:50 graph]: Epoch 6 | train_loss: 0.1472 | lr: 0.000634
[2023-04-08 00:37:51] PRINT [04/08 00:37:51 graph]: #Test_f1: 0.8435±0.0274
[2023-04-08 00:37:51] PRINT [04/08 00:37:51 graph]: Epoch 6: get test f1 score:  0.844
[2023-04-08 00:37:51] PRINT [04/08 00:37:51 graph]: best_f1 0.844 at epoch 6
[2023-04-08 00:37:55] PRINT [04/08 00:37:55 graph]: Epoch 7 | train_loss: 0.1413 | lr: 0.000634
[2023-04-08 00:38:57] PRINT [04/08 00:38:57 graph]: #Test_f1: 0.8425±0.0253
[2023-04-08 00:38:57] PRINT [04/08 00:38:57 graph]: Epoch 7: get test f1 score:  0.842
[2023-04-08 00:38:57] PRINT [04/08 00:38:57 graph]: best_f1 0.844 at epoch 6
[2023-04-08 00:39:01] PRINT [04/08 00:39:01 graph]: Epoch 8 | train_loss: 0.1377 | lr: 0.000634
[2023-04-08 00:40:03] PRINT [04/08 00:40:03 graph]: #Test_f1: 0.8470±0.0269
[2023-04-08 00:40:03] PRINT [04/08 00:40:03 graph]: Epoch 8: get test f1 score:  0.847
[2023-04-08 00:40:03] PRINT [04/08 00:40:03 graph]: best_f1 0.847 at epoch 8
[2023-04-08 00:40:07] PRINT [04/08 00:40:07 graph]: Epoch 9 | train_loss: 0.1330 | lr: 0.000634
[2023-04-08 00:41:07] PRINT [04/08 00:41:07 graph]: #Test_f1: 0.8515±0.0252
[2023-04-08 00:41:07] PRINT [04/08 00:41:07 graph]: Epoch 9: get test f1 score:  0.851
[2023-04-08 00:41:07] PRINT [04/08 00:41:07 graph]: best_f1 0.851 at epoch 9
[2023-04-08 00:41:11] PRINT [04/08 00:41:11 graph]: Epoch 10 | train_loss: 0.1288 | lr: 0.000634
[2023-04-08 00:42:12] PRINT [04/08 00:42:12 graph]: #Test_f1: 0.8550±0.0298
[2023-04-08 00:42:13] PRINT [04/08 00:42:13 graph]: Epoch 10: get test f1 score:  0.855
[2023-04-08 00:42:13] PRINT [04/08 00:42:13 graph]: best_f1 0.855 at epoch 10
[2023-04-08 00:42:16] PRINT [04/08 00:42:16 graph]: Epoch 11 | train_loss: 0.1205 | lr: 0.000634
[2023-04-08 00:43:15] PRINT [04/08 00:43:15 graph]: #Test_f1: 0.8630±0.0260
[2023-04-08 00:43:16] PRINT [04/08 00:43:16 graph]: Epoch 11: get test f1 score:  0.863
[2023-04-08 00:43:16] PRINT [04/08 00:43:16 graph]: best_f1 0.863 at epoch 11
[2023-04-08 00:43:19] PRINT [04/08 00:43:19 graph]: Epoch 12 | train_loss: 0.1157 | lr: 0.000634
[2023-04-08 00:44:20] PRINT [04/08 00:44:20 graph]: #Test_f1: 0.8585±0.0289
[2023-04-08 00:44:20] PRINT [04/08 00:44:20 graph]: Epoch 12: get test f1 score:  0.858
[2023-04-08 00:44:20] PRINT [04/08 00:44:20 graph]: best_f1 0.863 at epoch 11
[2023-04-08 00:44:23] PRINT [04/08 00:44:23 graph]: Epoch 13 | train_loss: 0.1129 | lr: 0.000634
[2023-04-08 00:45:22] PRINT [04/08 00:45:22 graph]: #Test_f1: 0.8515±0.0313
[2023-04-08 00:45:22] PRINT [04/08 00:45:22 graph]: Epoch 13: get test f1 score:  0.852
[2023-04-08 00:45:22] PRINT [04/08 00:45:22 graph]: best_f1 0.863 at epoch 11
[2023-04-08 00:45:26] PRINT [04/08 00:45:26 graph]: Epoch 14 | train_loss: 0.1115 | lr: 0.000634
[2023-04-08 00:46:25] PRINT [04/08 00:46:25 graph]: #Test_f1: 0.8590±0.0300
[2023-04-08 00:46:25] PRINT [04/08 00:46:25 graph]: Epoch 14: get test f1 score:  0.859
[2023-04-08 00:46:25] PRINT [04/08 00:46:25 graph]: best_f1 0.863 at epoch 11
[2023-04-08 00:46:29] PRINT [04/08 00:46:29 graph]: Epoch 15 | train_loss: 0.1136 | lr: 0.000634
[2023-04-08 00:47:28] PRINT [04/08 00:47:28 graph]: #Test_f1: 0.8625±0.0336
[2023-04-08 00:47:28] PRINT [04/08 00:47:28 graph]: Epoch 15: get test f1 score:  0.863
[2023-04-08 00:47:28] PRINT [04/08 00:47:28 graph]: best_f1 0.863 at epoch 11
[2023-04-08 00:47:31] PRINT [04/08 00:47:31 graph]: Epoch 16 | train_loss: 0.1106 | lr: 0.000634
[2023-04-08 00:48:30] PRINT [04/08 00:48:30 graph]: #Test_f1: 0.8635±0.0277
[2023-04-08 00:48:30] PRINT [04/08 00:48:30 graph]: Epoch 16: get test f1 score:  0.863
[2023-04-08 00:48:30] PRINT [04/08 00:48:30 graph]: best_f1 0.863 at epoch 16
[2023-04-08 00:48:34] PRINT [04/08 00:48:34 graph]: Epoch 17 | train_loss: 0.1034 | lr: 0.000634
[2023-04-08 00:49:32] PRINT [04/08 00:49:32 graph]: #Test_f1: 0.8605±0.0278
[2023-04-08 00:49:32] PRINT [04/08 00:49:32 graph]: Epoch 17: get test f1 score:  0.861
[2023-04-08 00:49:32] PRINT [04/08 00:49:32 graph]: best_f1 0.863 at epoch 16
[2023-04-08 00:49:35] PRINT [04/08 00:49:35 graph]: Epoch 18 | train_loss: 0.0925 | lr: 0.000634
[2023-04-08 00:50:34] PRINT [04/08 00:50:34 graph]: #Test_f1: 0.8520±0.0290
[2023-04-08 00:50:35] PRINT [04/08 00:50:35 graph]: Epoch 18: get test f1 score:  0.852
[2023-04-08 00:50:35] PRINT [04/08 00:50:35 graph]: best_f1 0.863 at epoch 16
[2023-04-08 00:50:38] PRINT [04/08 00:50:38 graph]: Epoch 19 | train_loss: 0.1038 | lr: 0.000634
[2023-04-08 00:51:36] PRINT [04/08 00:51:36 graph]: #Test_f1: 0.8595±0.0250
[2023-04-08 00:51:37] PRINT [04/08 00:51:37 graph]: Epoch 19: get test f1 score:  0.859
[2023-04-08 00:51:37] PRINT [04/08 00:51:37 graph]: best_f1 0.863 at epoch 16
[2023-04-08 00:51:40] PRINT [04/08 00:51:40 graph]: Epoch 20 | train_loss: 0.1394 | lr: 0.000634
[2023-04-08 00:52:41] PRINT [04/08 00:52:41 graph]: #Test_f1: 0.8505±0.0267
[2023-04-08 00:52:41] PRINT [04/08 00:52:41 graph]: Epoch 20: get test f1 score:  0.850
[2023-04-08 00:52:41] PRINT [04/08 00:52:41 graph]: best_f1 0.863 at epoch 16
[2023-04-08 00:52:45] PRINT [04/08 00:52:45 graph]: Epoch 21 | train_loss: 0.1173 | lr: 0.000634
[2023-04-08 00:53:45] PRINT [04/08 00:53:45 graph]: #Test_f1: 0.8570±0.0263
[2023-04-08 00:53:45] PRINT [04/08 00:53:45 graph]: Epoch 21: get test f1 score:  0.857
[2023-04-08 00:53:45] PRINT [04/08 00:53:45 graph]: best_f1 0.863 at epoch 16
[2023-04-08 00:53:49] PRINT [04/08 00:53:49 graph]: Epoch 22 | train_loss: 0.0985 | lr: 0.000634
[2023-04-08 00:54:48] PRINT [04/08 00:54:48 graph]: #Test_f1: 0.8545±0.0324
[2023-04-08 00:54:48] PRINT [04/08 00:54:48 graph]: Epoch 22: get test f1 score:  0.855
[2023-04-08 00:54:48] PRINT [04/08 00:54:48 graph]: best_f1 0.863 at epoch 16
[2023-04-08 00:54:52] PRINT [04/08 00:54:52 graph]: Epoch 23 | train_loss: 0.1168 | lr: 0.000634
[2023-04-08 00:55:53] PRINT [04/08 00:55:53 graph]: #Test_f1: 0.8640±0.0262
[2023-04-08 00:55:53] PRINT [04/08 00:55:53 graph]: Epoch 23: get test f1 score:  0.864
[2023-04-08 00:55:53] PRINT [04/08 00:55:53 graph]: best_f1 0.864 at epoch 23
[2023-04-08 00:55:56] PRINT [04/08 00:55:56 graph]: Epoch 24 | train_loss: 0.0984 | lr: 0.000634
[2023-04-08 00:56:55] PRINT [04/08 00:56:55 graph]: #Test_f1: 0.8610±0.0262
[2023-04-08 00:56:55] PRINT [04/08 00:56:55 graph]: Epoch 24: get test f1 score:  0.861
[2023-04-08 00:56:55] PRINT [04/08 00:56:55 graph]: best_f1 0.864 at epoch 23
[2023-04-08 00:56:59] PRINT [04/08 00:56:59 graph]: Epoch 25 | train_loss: 0.0872 | lr: 0.000634
[2023-04-08 00:57:58] PRINT [04/08 00:57:58 graph]: #Test_f1: 0.8615±0.0273
[2023-04-08 00:57:59] PRINT [04/08 00:57:59 graph]: Epoch 25: get test f1 score:  0.862
[2023-04-08 00:57:59] PRINT [04/08 00:57:59 graph]: best_f1 0.864 at epoch 23
[2023-04-08 00:58:02] PRINT [04/08 00:58:02 graph]: Epoch 26 | train_loss: 0.1182 | lr: 0.000634
[2023-04-08 00:59:02] PRINT [04/08 00:59:02 graph]: #Test_f1: 0.8525±0.0234
[2023-04-08 00:59:02] PRINT [04/08 00:59:02 graph]: Epoch 26: get test f1 score:  0.853
[2023-04-08 00:59:02] PRINT [04/08 00:59:02 graph]: best_f1 0.864 at epoch 23
[2023-04-08 00:59:06] PRINT [04/08 00:59:06 graph]: Epoch 27 | train_loss: 0.0818 | lr: 0.000634
[2023-04-08 01:00:03] PRINT [04/08 01:00:03 graph]: #Test_f1: 0.8580±0.0279
[2023-04-08 01:00:03] PRINT [04/08 01:00:03 graph]: Epoch 27: get test f1 score:  0.858
[2023-04-08 01:00:03] PRINT [04/08 01:00:03 graph]: best_f1 0.864 at epoch 23
[2023-04-08 01:00:07] PRINT [04/08 01:00:07 graph]: Epoch 28 | train_loss: 0.0891 | lr: 0.000634
[2023-04-08 01:01:04] PRINT [04/08 01:01:04 graph]: #Test_f1: 0.8540±0.0234
[2023-04-08 01:01:05] PRINT [04/08 01:01:05 graph]: Epoch 28: get test f1 score:  0.854
[2023-04-08 01:01:05] PRINT [04/08 01:01:05 graph]: best_f1 0.864 at epoch 23
[2023-04-08 01:01:08] PRINT [04/08 01:01:08 graph]: Epoch 29 | train_loss: 0.0683 | lr: 0.000634
[2023-04-08 01:02:06] PRINT [04/08 01:02:06 graph]: #Test_f1: 0.8550±0.0281
[2023-04-08 01:02:06] PRINT [04/08 01:02:06 graph]: Epoch 29: get test f1 score:  0.855
[2023-04-08 01:02:06] PRINT [04/08 01:02:06 graph]: best_f1 0.864 at epoch 23
[2023-04-08 01:02:09] PRINT [04/08 01:02:09 graph]: Epoch 30 | train_loss: 0.1018 | lr: 0.000634
[2023-04-08 01:03:08] PRINT [04/08 01:03:08 graph]: #Test_f1: 0.8355±0.0227
[2023-04-08 01:03:08] PRINT [04/08 01:03:08 graph]: Epoch 30: get test f1 score:  0.836
[2023-04-08 01:03:08] PRINT [04/08 01:03:08 graph]: best_f1 0.864 at epoch 23
[2023-04-08 01:03:12] PRINT [04/08 01:03:12 graph]: Epoch 31 | train_loss: 0.1308 | lr: 0.000634
[2023-04-08 01:04:09] PRINT [04/08 01:04:09 graph]: #Test_f1: 0.8430±0.0325
[2023-04-08 01:04:09] PRINT [04/08 01:04:09 graph]: Epoch 31: get test f1 score:  0.843
[2023-04-08 01:04:09] PRINT [04/08 01:04:09 graph]: best_f1 0.864 at epoch 23
[2023-04-08 01:04:13] PRINT [04/08 01:04:13 graph]: Epoch 32 | train_loss: 0.1088 | lr: 0.000634
[2023-04-08 01:05:12] PRINT [04/08 01:05:12 graph]: #Test_f1: 0.8400±0.0248
[2023-04-08 01:05:12] PRINT [04/08 01:05:12 graph]: Epoch 32: get test f1 score:  0.840
[2023-04-08 01:05:12] PRINT [04/08 01:05:12 graph]: best_f1 0.864 at epoch 23
[2023-04-08 01:05:16] PRINT [04/08 01:05:16 graph]: Epoch 33 | train_loss: 0.1039 | lr: 0.000634
[2023-04-08 01:06:13] PRINT [04/08 01:06:13 graph]: #Test_f1: 0.8405±0.0309
[2023-04-08 01:06:14] PRINT [04/08 01:06:14 graph]: Epoch 33: get test f1 score:  0.840
[2023-04-08 01:06:14] PRINT [04/08 01:06:14 graph]: best_f1 0.864 at epoch 23
[2023-04-08 01:06:17] PRINT [04/08 01:06:17 graph]: Epoch 34 | train_loss: 0.1164 | lr: 0.000634
[2023-04-08 01:07:13] PRINT [04/08 01:07:13 graph]: #Test_f1: 0.8470±0.0258
[2023-04-08 01:07:14] PRINT [04/08 01:07:14 graph]: Epoch 34: get test f1 score:  0.847
[2023-04-08 01:07:14] PRINT [04/08 01:07:14 graph]: best_f1 0.864 at epoch 23
[2023-04-08 01:07:17] PRINT [04/08 01:07:17 graph]: Epoch 35 | train_loss: 0.0807 | lr: 0.000634
[2023-04-08 01:08:13] PRINT [04/08 01:08:13 graph]: #Test_f1: 0.8470±0.0278
[2023-04-08 01:08:14] PRINT [04/08 01:08:14 graph]: Epoch 35: get test f1 score:  0.847
[2023-04-08 01:08:14] PRINT [04/08 01:08:14 graph]: best_f1 0.864 at epoch 23
[2023-04-08 01:08:17] PRINT [04/08 01:08:17 graph]: Epoch 36 | train_loss: 0.1232 | lr: 0.000634
[2023-04-08 01:09:13] PRINT [04/08 01:09:13 graph]: #Test_f1: 0.8510±0.0235
[2023-04-08 01:09:13] PRINT [04/08 01:09:13 graph]: Epoch 36: get test f1 score:  0.851
[2023-04-08 01:09:13] PRINT [04/08 01:09:13 graph]: best_f1 0.864 at epoch 23
[2023-04-08 01:09:16] PRINT [04/08 01:09:16 graph]: Epoch 37 | train_loss: 0.0932 | lr: 0.000634
[2023-04-08 01:10:13] PRINT [04/08 01:10:13 graph]: #Test_f1: 0.8430±0.0236
[2023-04-08 01:10:14] PRINT [04/08 01:10:14 graph]: Epoch 37: get test f1 score:  0.843
[2023-04-08 01:10:14] PRINT [04/08 01:10:14 graph]: best_f1 0.864 at epoch 23
[2023-04-08 01:10:17] PRINT [04/08 01:10:17 graph]: Epoch 38 | train_loss: 0.0826 | lr: 0.000634
[2023-04-08 01:11:14] PRINT [04/08 01:11:14 graph]: #Test_f1: 0.8510±0.0262
[2023-04-08 01:11:14] PRINT [04/08 01:11:14 graph]: Epoch 38: get test f1 score:  0.851
[2023-04-08 01:11:14] PRINT [04/08 01:11:14 graph]: best_f1 0.864 at epoch 23
[2023-04-08 01:11:18] PRINT [04/08 01:11:18 graph]: Epoch 39 | train_loss: 0.0641 | lr: 0.000634
[2023-04-08 01:12:15] PRINT [04/08 01:12:15 graph]: #Test_f1: 0.8540±0.0315
[2023-04-08 01:12:15] PRINT [04/08 01:12:15 graph]: Epoch 39: get test f1 score:  0.854
[2023-04-08 01:12:15] PRINT [04/08 01:12:15 graph]: best_f1 0.864 at epoch 23
[2023-04-08 01:12:19] PRINT [04/08 01:12:19 graph]: Epoch 40 | train_loss: 0.0652 | lr: 0.000634
[2023-04-08 01:13:13] PRINT [04/08 01:13:13 graph]: #Test_f1: 0.8495±0.0225
[2023-04-08 01:13:13] PRINT [04/08 01:13:13 graph]: Epoch 40: get test f1 score:  0.849
[2023-04-08 01:13:13] PRINT [04/08 01:13:13 graph]: best_f1 0.864 at epoch 23
[2023-04-08 01:13:17] PRINT [04/08 01:13:17 graph]: Epoch 41 | train_loss: 0.0674 | lr: 0.000634
[2023-04-08 01:14:13] PRINT [04/08 01:14:13 graph]: #Test_f1: 0.8440±0.0314
[2023-04-08 01:14:13] PRINT [04/08 01:14:13 graph]: Epoch 41: get test f1 score:  0.844
[2023-04-08 01:14:13] PRINT [04/08 01:14:13 graph]: best_f1 0.864 at epoch 23
[2023-04-08 01:14:16] PRINT [04/08 01:14:16 graph]: Epoch 42 | train_loss: 0.0958 | lr: 0.000634
[2023-04-08 01:15:13] PRINT [04/08 01:15:13 graph]: #Test_f1: 0.8390±0.0300
[2023-04-08 01:15:14] PRINT [04/08 01:15:14 graph]: Epoch 42: get test f1 score:  0.839
[2023-04-08 01:15:14] PRINT [04/08 01:15:14 graph]: best_f1 0.864 at epoch 23
[2023-04-08 01:15:17] PRINT [04/08 01:15:17 graph]: Epoch 43 | train_loss: 0.0907 | lr: 0.000634
[2023-04-08 01:16:11] PRINT [04/08 01:16:11 graph]: #Test_f1: 0.8505±0.0281
[2023-04-08 01:16:11] PRINT [04/08 01:16:11 graph]: Epoch 43: get test f1 score:  0.850
[2023-04-08 01:16:11] PRINT [04/08 01:16:11 graph]: best_f1 0.864 at epoch 23
[2023-04-08 01:16:14] PRINT [04/08 01:16:14 graph]: Epoch 44 | train_loss: 0.0820 | lr: 0.000634
[2023-04-08 01:17:09] PRINT [04/08 01:17:09 graph]: #Test_f1: 0.8450±0.0256
[2023-04-08 01:17:10] PRINT [04/08 01:17:10 graph]: Epoch 44: get test f1 score:  0.845
[2023-04-08 01:17:10] PRINT [04/08 01:17:10 graph]: best_f1 0.864 at epoch 23
[2023-04-08 01:17:13] PRINT [04/08 01:17:13 graph]: Epoch 45 | train_loss: 0.0850 | lr: 0.000634
[2023-04-08 01:18:08] PRINT [04/08 01:18:08 graph]: #Test_f1: 0.8585±0.0223
[2023-04-08 01:18:09] PRINT [04/08 01:18:09 graph]: Epoch 45: get test f1 score:  0.858
[2023-04-08 01:18:09] PRINT [04/08 01:18:09 graph]: best_f1 0.864 at epoch 23
[2023-04-08 01:18:12] PRINT [04/08 01:18:12 graph]: Epoch 46 | train_loss: 0.0696 | lr: 0.000634
[2023-04-08 01:19:06] PRINT [04/08 01:19:06 graph]: #Test_f1: 0.8530±0.0226
[2023-04-08 01:19:07] PRINT [04/08 01:19:07 graph]: Epoch 46: get test f1 score:  0.853
[2023-04-08 01:19:07] PRINT [04/08 01:19:07 graph]: best_f1 0.864 at epoch 23
[2023-04-08 01:19:10] PRINT [04/08 01:19:10 graph]: Epoch 47 | train_loss: 0.0609 | lr: 0.000634
[2023-04-08 01:20:06] PRINT [04/08 01:20:06 graph]: #Test_f1: 0.8530±0.0275
[2023-04-08 01:20:06] PRINT [04/08 01:20:06 graph]: Epoch 47: get test f1 score:  0.853
[2023-04-08 01:20:06] PRINT [04/08 01:20:06 graph]: best_f1 0.864 at epoch 23
[2023-04-08 01:20:10] PRINT [04/08 01:20:10 graph]: Epoch 48 | train_loss: 0.0648 | lr: 0.000634
[2023-04-08 01:21:10] PRINT [04/08 01:21:10 graph]: #Test_f1: 0.8520±0.0150
[2023-04-08 01:21:10] PRINT [04/08 01:21:10 graph]: Epoch 48: get test f1 score:  0.852
[2023-04-08 01:21:10] PRINT [04/08 01:21:10 graph]: best_f1 0.864 at epoch 23
[2023-04-08 01:21:14] PRINT [04/08 01:21:14 graph]: Epoch 49 | train_loss: 0.0912 | lr: 0.000634
[2023-04-08 01:22:12] PRINT [04/08 01:22:12 graph]: #Test_f1: 0.8550±0.0235
[2023-04-08 01:22:13] PRINT [04/08 01:22:13 graph]: Epoch 49: get test f1 score:  0.855
[2023-04-08 01:22:13] PRINT [04/08 01:22:13 graph]: best_f1 0.864 at epoch 23
[2023-04-08 01:22:13] PRINT [04/08 01:22:13 graph]: # final_acc: 0.8640±0.0000
