[2023-03-22 11:46:00] PRINT ---new cfg------
[2023-03-22 11:46:00] PRINT {'DATA': {'data_name': 'comp'}, 'DATALOADER': {'NUM_WORKERS': 0}, 'MODEL': {'num_hidden': 512, 'num_layers': 2, 'nhead': 4, 'activation': 'prelu', 'attn_drop': 0.2, 'feat_drop': 0.4, 'norm': 'batchnorm', 'pooler': 'mean', 'beta_schedule': 'quad', 'beta_1': 0.0006956380073215368, 'beta_T': 0.011209986593379233, 'T': 411}, 'SOLVER': {'optim_type': 'adam', 'optim_type_f': 'adamw', 'alpha': 1, 'decay': 20, 'LR': 0.00020008241094731177, 'LR_f': 0.03601249128596278, 'weight_decay': 0, 'weight_decay_f': 0.0002826446119971513, 'MAX_EPOCH': 100, 'max_epoch_f': 500}, 'DEVICE': 'cuda', 'seeds': [0], 'eval_T': [50, 100, 200], 'output_dir': '/ddm-nni/AmazonCoBuyComputerDataset¶/log', 'checkpoint_dir': '/ddm-nni/AmazonCoBuyComputerDataset¶/log/checkpoint'}
[2023-03-22 11:46:00] PRINT [03/22 11:46:00 graph]: Rank of current process: 0. World size: 1
[2023-03-22 11:46:03] PRINT [03/22 11:46:03 graph]: Environment info:
[2023-03-22 11:46:03] PRINT PyTorch version: 1.10.0+cu113
[2023-03-22 11:46:03] PRINT Is debug build: False
[2023-03-22 11:46:03] PRINT CUDA used to build PyTorch: 11.3
[2023-03-22 11:46:03] PRINT ROCM used to build PyTorch: N/A
[2023-03-22 11:46:03] PRINT 
[2023-03-22 11:46:03] PRINT OS: Ubuntu 20.04.3 LTS (x86_64)
[2023-03-22 11:46:03] PRINT GCC version: (Ubuntu 9.3.0-17ubuntu1~20.04) 9.3.0
[2023-03-22 11:46:03] PRINT Clang version: Could not collect
[2023-03-22 11:46:03] PRINT CMake version: version 3.16.3
[2023-03-22 11:46:03] PRINT Libc version: glibc-2.31
[2023-03-22 11:46:03] PRINT 
[2023-03-22 11:46:03] PRINT Python version: 3.8.10 (default, Jun  4 2021, 15:09:15)  [GCC 7.5.0] (64-bit runtime)
[2023-03-22 11:46:03] PRINT Python platform: Linux-5.4.0-90-generic-x86_64-with-glibc2.17
[2023-03-22 11:46:03] PRINT Is CUDA available: True
[2023-03-22 11:46:03] PRINT CUDA runtime version: 11.3.109
[2023-03-22 11:46:03] PRINT GPU models and configuration: GPU 0: NVIDIA GeForce RTX 3090
[2023-03-22 11:46:03] PRINT Nvidia driver version: 495.44
[2023-03-22 11:46:03] PRINT cuDNN version: Probably one of the following:
[2023-03-22 11:46:03] PRINT /usr/lib/x86_64-linux-gnu/libcudnn.so.8.2.0
[2023-03-22 11:46:03] PRINT /usr/lib/x86_64-linux-gnu/libcudnn_adv_infer.so.8.2.0
[2023-03-22 11:46:03] PRINT /usr/lib/x86_64-linux-gnu/libcudnn_adv_train.so.8.2.0
[2023-03-22 11:46:03] PRINT /usr/lib/x86_64-linux-gnu/libcudnn_cnn_infer.so.8.2.0
[2023-03-22 11:46:03] PRINT /usr/lib/x86_64-linux-gnu/libcudnn_cnn_train.so.8.2.0
[2023-03-22 11:46:03] PRINT /usr/lib/x86_64-linux-gnu/libcudnn_ops_infer.so.8.2.0
[2023-03-22 11:46:03] PRINT /usr/lib/x86_64-linux-gnu/libcudnn_ops_train.so.8.2.0
[2023-03-22 11:46:03] PRINT HIP runtime version: N/A
[2023-03-22 11:46:03] PRINT MIOpen runtime version: N/A
[2023-03-22 11:46:03] PRINT 
[2023-03-22 11:46:03] PRINT Versions of relevant libraries:
[2023-03-22 11:46:03] PRINT [pip3] numpy==1.23.5
[2023-03-22 11:46:03] PRINT [pip3] torch==1.10.0+cu113
[2023-03-22 11:46:03] PRINT [pip3] torchvision==0.11.1+cu113
[2023-03-22 11:46:03] PRINT [conda] blas                      1.0                         mkl    https://mirrors.ustc.edu.cn/anaconda/pkgs/main
[2023-03-22 11:46:03] PRINT [conda] mkl                       2021.4.0           h06a4308_640    https://mirrors.ustc.edu.cn/anaconda/pkgs/main
[2023-03-22 11:46:03] PRINT [conda] mkl-service               2.4.0            py38h7f8727e_0    https://mirrors.ustc.edu.cn/anaconda/pkgs/main
[2023-03-22 11:46:03] PRINT [conda] mkl_fft                   1.3.1            py38hd3c417c_0    https://mirrors.ustc.edu.cn/anaconda/pkgs/main
[2023-03-22 11:46:03] PRINT [conda] mkl_random                1.2.2            py38h51133e4_0    https://mirrors.ustc.edu.cn/anaconda/pkgs/main
[2023-03-22 11:46:03] PRINT [conda] numpy                     1.21.4                   pypi_0    pypi
[2023-03-22 11:46:03] PRINT [conda] numpy-base                1.23.5           py38h31eccc5_0    https://mirrors.ustc.edu.cn/anaconda/pkgs/main
[2023-03-22 11:46:03] PRINT [conda] torch                     1.10.0+cu113             pypi_0    pypi
[2023-03-22 11:46:03] PRINT [conda] torchvision               0.11.1+cu113             pypi_0    pypi
[2023-03-22 11:46:03] PRINT         Pillow (8.4.0)
[2023-03-22 11:46:03] PRINT [03/22 11:46:03 graph]: Command line arguments: Namespace(local_rank=0, resume=False, seed=1234, start_epoch=0)
[2023-03-22 11:46:03] PRINT [03/22 11:46:03 graph]: Run 0th for seed 0
[2023-03-22 11:46:03] PRINT [03/22 11:46:03 graph]: Total trainable params num : 7891459
[2023-03-22 11:46:08] PRINT [03/22 11:46:08 graph]: ----------Start Training----------
[2023-03-22 11:46:08] PRINT [03/22 11:46:08 graph]: start epoch 0.
[2023-03-22 11:46:09] PRINT [03/22 11:46:09 graph]: # Epoch 0: train_loss: 1.0208 | lr: 0.000200
[2023-03-22 11:46:09] PRINT [03/22 11:46:09 graph]: start epoch 1.
[2023-03-22 11:46:09] PRINT [03/22 11:46:09 graph]: # Epoch 1: train_loss: 0.8376 | lr: 0.000200
[2023-03-22 11:46:09] PRINT [03/22 11:46:09 graph]: start epoch 2.
[2023-03-22 11:46:09] PRINT [03/22 11:46:09 graph]: # Epoch 2: train_loss: 0.7500 | lr: 0.000200
[2023-03-22 11:46:09] PRINT [03/22 11:46:09 graph]: start epoch 3.
[2023-03-22 11:46:09] PRINT [03/22 11:46:09 graph]: # Epoch 3: train_loss: 0.6926 | lr: 0.000200
[2023-03-22 11:46:09] PRINT [03/22 11:46:09 graph]: start epoch 4.
[2023-03-22 11:46:09] PRINT [03/22 11:46:09 graph]: # Epoch 4: train_loss: 0.6526 | lr: 0.000200
[2023-03-22 11:46:09] PRINT [03/22 11:46:09 graph]: start epoch 5.
[2023-03-22 11:46:09] PRINT [03/22 11:46:09 graph]: # Epoch 5: train_loss: 0.6247 | lr: 0.000200
[2023-03-22 11:46:09] PRINT [03/22 11:46:09 graph]: start epoch 6.
[2023-03-22 11:46:09] PRINT [03/22 11:46:09 graph]: # Epoch 6: train_loss: 0.6051 | lr: 0.000200
[2023-03-22 11:46:09] PRINT [03/22 11:46:09 graph]: start epoch 7.
[2023-03-22 11:46:09] PRINT [03/22 11:46:09 graph]: # Epoch 7: train_loss: 0.5898 | lr: 0.000200
[2023-03-22 11:46:09] PRINT [03/22 11:46:09 graph]: start epoch 8.
[2023-03-22 11:46:09] PRINT [03/22 11:46:09 graph]: # Epoch 8: train_loss: 0.5778 | lr: 0.000200
[2023-03-22 11:46:09] PRINT [03/22 11:46:09 graph]: start epoch 9.
[2023-03-22 11:46:09] PRINT [03/22 11:46:09 graph]: # Epoch 9: train_loss: 0.5663 | lr: 0.000200
[2023-03-22 11:46:09] PRINT [03/22 11:46:09 graph]: start epoch 10.
[2023-03-22 11:46:10] PRINT [03/22 11:46:10 graph]: # Epoch 10: train_loss: 0.5560 | lr: 0.000200
[2023-03-22 11:46:10] PRINT [03/22 11:46:10 graph]: start epoch 11.
[2023-03-22 11:46:10] PRINT [03/22 11:46:10 graph]: # Epoch 11: train_loss: 0.5468 | lr: 0.000200
[2023-03-22 11:46:10] PRINT [03/22 11:46:10 graph]: start epoch 12.
[2023-03-22 11:46:10] PRINT [03/22 11:46:10 graph]: # Epoch 12: train_loss: 0.5392 | lr: 0.000200
[2023-03-22 11:46:10] PRINT [03/22 11:46:10 graph]: start epoch 13.
[2023-03-22 11:46:10] PRINT [03/22 11:46:10 graph]: # Epoch 13: train_loss: 0.5325 | lr: 0.000200
[2023-03-22 11:46:10] PRINT [03/22 11:46:10 graph]: start epoch 14.
[2023-03-22 11:46:10] PRINT [03/22 11:46:10 graph]: # Epoch 14: train_loss: 0.5260 | lr: 0.000200
[2023-03-22 11:46:10] PRINT [03/22 11:46:10 graph]: start epoch 15.
[2023-03-22 11:46:10] PRINT [03/22 11:46:10 graph]: # Epoch 15: train_loss: 0.5204 | lr: 0.000200
[2023-03-22 11:46:10] PRINT [03/22 11:46:10 graph]: start epoch 16.
[2023-03-22 11:46:10] PRINT [03/22 11:46:10 graph]: # Epoch 16: train_loss: 0.5154 | lr: 0.000200
[2023-03-22 11:46:10] PRINT [03/22 11:46:10 graph]: start epoch 17.
[2023-03-22 11:46:10] PRINT [03/22 11:46:10 graph]: # Epoch 17: train_loss: 0.5105 | lr: 0.000200
[2023-03-22 11:46:10] PRINT [03/22 11:46:10 graph]: start epoch 18.
[2023-03-22 11:46:10] PRINT [03/22 11:46:10 graph]: # Epoch 18: train_loss: 0.5056 | lr: 0.000200
[2023-03-22 11:46:10] PRINT [03/22 11:46:10 graph]: start epoch 19.
[2023-03-22 11:46:10] PRINT [03/22 11:46:10 graph]: # Epoch 19: train_loss: 0.5015 | lr: 0.000200
[2023-03-22 11:46:10] PRINT [03/22 11:46:10 graph]: start epoch 20.
[2023-03-22 11:46:10] PRINT [03/22 11:46:10 graph]: # Epoch 20: train_loss: 0.4975 | lr: 0.000200
[2023-03-22 11:46:10] PRINT [03/22 11:46:10 graph]: start epoch 21.
[2023-03-22 11:46:10] PRINT [03/22 11:46:10 graph]: # Epoch 21: train_loss: 0.4939 | lr: 0.000200
[2023-03-22 11:46:10] PRINT [03/22 11:46:10 graph]: start epoch 22.
[2023-03-22 11:46:10] PRINT [03/22 11:46:10 graph]: # Epoch 22: train_loss: 0.4906 | lr: 0.000200
[2023-03-22 11:46:10] PRINT [03/22 11:46:10 graph]: start epoch 23.
[2023-03-22 11:46:10] PRINT [03/22 11:46:10 graph]: # Epoch 23: train_loss: 0.4875 | lr: 0.000200
[2023-03-22 11:46:10] PRINT [03/22 11:46:10 graph]: start epoch 24.
[2023-03-22 11:46:11] PRINT [03/22 11:46:11 graph]: # Epoch 24: train_loss: 0.4845 | lr: 0.000200
[2023-03-22 11:46:11] PRINT [03/22 11:46:11 graph]: start epoch 25.
[2023-03-22 11:46:11] PRINT [03/22 11:46:11 graph]: # Epoch 25: train_loss: 0.4818 | lr: 0.000200
[2023-03-22 11:46:11] PRINT [03/22 11:46:11 graph]: start epoch 26.
[2023-03-22 11:46:11] PRINT [03/22 11:46:11 graph]: # Epoch 26: train_loss: 0.4791 | lr: 0.000200
[2023-03-22 11:46:11] PRINT [03/22 11:46:11 graph]: start epoch 27.
[2023-03-22 11:46:11] PRINT [03/22 11:46:11 graph]: # Epoch 27: train_loss: 0.4766 | lr: 0.000200
[2023-03-22 11:46:11] PRINT [03/22 11:46:11 graph]: start epoch 28.
[2023-03-22 11:46:11] PRINT [03/22 11:46:11 graph]: # Epoch 28: train_loss: 0.4741 | lr: 0.000200
[2023-03-22 11:46:11] PRINT [03/22 11:46:11 graph]: start epoch 29.
[2023-03-22 11:46:11] PRINT [03/22 11:46:11 graph]: # Epoch 29: train_loss: 0.4721 | lr: 0.000200
[2023-03-22 11:46:11] PRINT [03/22 11:46:11 graph]: start epoch 30.
[2023-03-22 11:46:11] PRINT [03/22 11:46:11 graph]: # Epoch 30: train_loss: 0.4697 | lr: 0.000200
[2023-03-22 11:46:11] PRINT [03/22 11:46:11 graph]: start epoch 31.
[2023-03-22 11:46:11] PRINT [03/22 11:46:11 graph]: # Epoch 31: train_loss: 0.4677 | lr: 0.000200
[2023-03-22 11:46:11] PRINT [03/22 11:46:11 graph]: start epoch 32.
[2023-03-22 11:46:11] PRINT [03/22 11:46:11 graph]: # Epoch 32: train_loss: 0.4659 | lr: 0.000200
[2023-03-22 11:46:11] PRINT [03/22 11:46:11 graph]: start epoch 33.
[2023-03-22 11:46:11] PRINT [03/22 11:46:11 graph]: # Epoch 33: train_loss: 0.4636 | lr: 0.000200
[2023-03-22 11:46:11] PRINT [03/22 11:46:11 graph]: start epoch 34.
[2023-03-22 11:46:11] PRINT [03/22 11:46:11 graph]: # Epoch 34: train_loss: 0.4615 | lr: 0.000200
[2023-03-22 11:46:11] PRINT [03/22 11:46:11 graph]: start epoch 35.
[2023-03-22 11:46:11] PRINT [03/22 11:46:11 graph]: # Epoch 35: train_loss: 0.4604 | lr: 0.000200
[2023-03-22 11:46:11] PRINT [03/22 11:46:11 graph]: start epoch 36.
[2023-03-22 11:46:11] PRINT [03/22 11:46:11 graph]: # Epoch 36: train_loss: 0.4588 | lr: 0.000200
[2023-03-22 11:46:11] PRINT [03/22 11:46:11 graph]: start epoch 37.
[2023-03-22 11:46:11] PRINT [03/22 11:46:11 graph]: # Epoch 37: train_loss: 0.4568 | lr: 0.000200
[2023-03-22 11:46:11] PRINT [03/22 11:46:11 graph]: start epoch 38.
[2023-03-22 11:46:11] PRINT [03/22 11:46:11 graph]: # Epoch 38: train_loss: 0.4548 | lr: 0.000200
[2023-03-22 11:46:11] PRINT [03/22 11:46:11 graph]: start epoch 39.
[2023-03-22 11:46:12] PRINT [03/22 11:46:12 graph]: # Epoch 39: train_loss: 0.4536 | lr: 0.000200
[2023-03-22 11:46:12] PRINT [03/22 11:46:12 graph]: start epoch 40.
[2023-03-22 11:46:12] PRINT [03/22 11:46:12 graph]: # Epoch 40: train_loss: 0.4518 | lr: 0.000200
[2023-03-22 11:46:12] PRINT [03/22 11:46:12 graph]: start epoch 41.
[2023-03-22 11:46:12] PRINT [03/22 11:46:12 graph]: # Epoch 41: train_loss: 0.4508 | lr: 0.000200
[2023-03-22 11:46:12] PRINT [03/22 11:46:12 graph]: start epoch 42.
[2023-03-22 11:46:12] PRINT [03/22 11:46:12 graph]: # Epoch 42: train_loss: 0.4492 | lr: 0.000200
[2023-03-22 11:46:12] PRINT [03/22 11:46:12 graph]: start epoch 43.
[2023-03-22 11:46:12] PRINT [03/22 11:46:12 graph]: # Epoch 43: train_loss: 0.4482 | lr: 0.000200
[2023-03-22 11:46:12] PRINT [03/22 11:46:12 graph]: start epoch 44.
[2023-03-22 11:46:12] PRINT [03/22 11:46:12 graph]: # Epoch 44: train_loss: 0.4473 | lr: 0.000200
[2023-03-22 11:46:12] PRINT [03/22 11:46:12 graph]: start epoch 45.
[2023-03-22 11:46:12] PRINT [03/22 11:46:12 graph]: # Epoch 45: train_loss: 0.4466 | lr: 0.000200
[2023-03-22 11:46:12] PRINT [03/22 11:46:12 graph]: start epoch 46.
[2023-03-22 11:46:12] PRINT [03/22 11:46:12 graph]: # Epoch 46: train_loss: 0.4465 | lr: 0.000200
[2023-03-22 11:46:12] PRINT [03/22 11:46:12 graph]: start epoch 47.
[2023-03-22 11:46:12] PRINT [03/22 11:46:12 graph]: # Epoch 47: train_loss: 0.4431 | lr: 0.000200
[2023-03-22 11:46:12] PRINT [03/22 11:46:12 graph]: start epoch 48.
[2023-03-22 11:46:12] PRINT [03/22 11:46:12 graph]: # Epoch 48: train_loss: 0.4442 | lr: 0.000200
[2023-03-22 11:46:12] PRINT [03/22 11:46:12 graph]: start epoch 49.
[2023-03-22 11:46:12] PRINT [03/22 11:46:12 graph]: # Epoch 49: train_loss: 0.4438 | lr: 0.000200
[2023-03-22 11:46:12] PRINT [03/22 11:46:12 graph]: start epoch 50.
[2023-03-22 11:46:12] PRINT [03/22 11:46:12 graph]: # Epoch 50: train_loss: 0.4432 | lr: 0.000200
[2023-03-22 11:46:12] PRINT [03/22 11:46:12 graph]: start epoch 51.
[2023-03-22 11:46:12] PRINT [03/22 11:46:12 graph]: # Epoch 51: train_loss: 0.4411 | lr: 0.000200
[2023-03-22 11:46:21] PRINT [03/22 11:46:21 graph]: --- Testf1: 0.89238, Best Valacc: 0.90109 in epoch 241 --- 
[2023-03-22 11:46:22] PRINT [03/22 11:46:22 graph]: Epoch 51: get test acc score:  0.89238
[2023-03-22 11:46:22] PRINT [03/22 11:46:22 graph]: best_f1 0.89238 at epoch 51
[2023-03-22 11:46:22] PRINT [03/22 11:46:22 graph]: start epoch 52.
[2023-03-22 11:46:22] PRINT [03/22 11:46:22 graph]: # Epoch 52: train_loss: 0.4387 | lr: 0.000200
[2023-03-22 11:46:29] PRINT [03/22 11:46:29 graph]: --- Testf1: 0.89184, Best Valacc: 0.90255 in epoch 148 --- 
[2023-03-22 11:46:29] PRINT [03/22 11:46:29 graph]: Epoch 52: get test acc score:  0.89184
[2023-03-22 11:46:29] PRINT [03/22 11:46:29 graph]: best_f1 0.89238 at epoch 51
[2023-03-22 11:46:29] PRINT [03/22 11:46:29 graph]: start epoch 53.
[2023-03-22 11:46:29] PRINT [03/22 11:46:29 graph]: # Epoch 53: train_loss: 0.4397 | lr: 0.000200
[2023-03-22 11:46:36] PRINT [03/22 11:46:36 graph]: --- Testf1: 0.88838, Best Valacc: 0.89745 in epoch 289 --- 
[2023-03-22 11:46:36] PRINT [03/22 11:46:36 graph]: Epoch 53: get test acc score:  0.88838
[2023-03-22 11:46:36] PRINT [03/22 11:46:36 graph]: best_f1 0.89238 at epoch 51
[2023-03-22 11:46:36] PRINT [03/22 11:46:36 graph]: start epoch 54.
[2023-03-22 11:46:37] PRINT [03/22 11:46:37 graph]: # Epoch 54: train_loss: 0.4371 | lr: 0.000200
[2023-03-22 11:46:44] PRINT [03/22 11:46:44 graph]: --- Testf1: 0.89266, Best Valacc: 0.90109 in epoch 169 --- 
[2023-03-22 11:46:44] PRINT [03/22 11:46:44 graph]: Epoch 54: get test acc score:  0.89266
[2023-03-22 11:46:44] PRINT [03/22 11:46:44 graph]: best_f1 0.89266 at epoch 54
[2023-03-22 11:46:44] PRINT [03/22 11:46:44 graph]: start epoch 55.
[2023-03-22 11:46:44] PRINT [03/22 11:46:44 graph]: # Epoch 55: train_loss: 0.4373 | lr: 0.000200
[2023-03-22 11:46:51] PRINT [03/22 11:46:51 graph]: --- Testf1: 0.89038, Best Valacc: 0.89818 in epoch 437 --- 
[2023-03-22 11:46:51] PRINT [03/22 11:46:51 graph]: Epoch 55: get test acc score:  0.89038
[2023-03-22 11:46:51] PRINT [03/22 11:46:51 graph]: best_f1 0.89266 at epoch 54
[2023-03-22 11:46:51] PRINT [03/22 11:46:51 graph]: start epoch 56.
[2023-03-22 11:46:51] PRINT [03/22 11:46:51 graph]: # Epoch 56: train_loss: 0.4351 | lr: 0.000200
[2023-03-22 11:46:58] PRINT [03/22 11:46:58 graph]: --- Testf1: 0.89066, Best Valacc: 0.89891 in epoch 281 --- 
[2023-03-22 11:46:58] PRINT [03/22 11:46:58 graph]: Epoch 56: get test acc score:  0.89066
[2023-03-22 11:46:58] PRINT [03/22 11:46:58 graph]: best_f1 0.89266 at epoch 54
[2023-03-22 11:46:58] PRINT [03/22 11:46:58 graph]: start epoch 57.
[2023-03-22 11:46:58] PRINT [03/22 11:46:58 graph]: # Epoch 57: train_loss: 0.4350 | lr: 0.000200
[2023-03-22 11:47:04] PRINT [03/22 11:47:04 graph]: --- Testf1: 0.89129, Best Valacc: 0.89964 in epoch 465 --- 
[2023-03-22 11:47:04] PRINT [03/22 11:47:04 graph]: Epoch 57: get test acc score:  0.89129
[2023-03-22 11:47:04] PRINT [03/22 11:47:04 graph]: best_f1 0.89266 at epoch 54
[2023-03-22 11:47:04] PRINT [03/22 11:47:04 graph]: start epoch 58.
[2023-03-22 11:47:04] PRINT [03/22 11:47:04 graph]: # Epoch 58: train_loss: 0.4337 | lr: 0.000200
[2023-03-22 11:47:10] PRINT [03/22 11:47:10 graph]: --- Testf1: 0.88620, Best Valacc: 0.90036 in epoch 183 --- 
[2023-03-22 11:47:10] PRINT [03/22 11:47:10 graph]: Epoch 58: get test acc score:  0.88620
[2023-03-22 11:47:10] PRINT [03/22 11:47:10 graph]: best_f1 0.89266 at epoch 54
[2023-03-22 11:47:10] PRINT [03/22 11:47:10 graph]: start epoch 59.
[2023-03-22 11:47:10] PRINT [03/22 11:47:10 graph]: # Epoch 59: train_loss: 0.4332 | lr: 0.000200
[2023-03-22 11:47:16] PRINT [03/22 11:47:16 graph]: --- Testf1: 0.89038, Best Valacc: 0.90109 in epoch 237 --- 
[2023-03-22 11:47:16] PRINT [03/22 11:47:16 graph]: Epoch 59: get test acc score:  0.89038
[2023-03-22 11:47:16] PRINT [03/22 11:47:16 graph]: best_f1 0.89266 at epoch 54
[2023-03-22 11:47:16] PRINT [03/22 11:47:16 graph]: start epoch 60.
[2023-03-22 11:47:16] PRINT [03/22 11:47:16 graph]: # Epoch 60: train_loss: 0.4317 | lr: 0.000200
[2023-03-22 11:47:25] PRINT [03/22 11:47:25 graph]: --- Testf1: 0.88929, Best Valacc: 0.89891 in epoch 131 --- 
[2023-03-22 11:47:25] PRINT [03/22 11:47:25 graph]: Epoch 60: get test acc score:  0.88929
[2023-03-22 11:47:25] PRINT [03/22 11:47:25 graph]: best_f1 0.89266 at epoch 54
[2023-03-22 11:47:25] PRINT [03/22 11:47:25 graph]: start epoch 61.
[2023-03-22 11:47:25] PRINT [03/22 11:47:25 graph]: # Epoch 61: train_loss: 0.4316 | lr: 0.000200
[2023-03-22 11:47:32] PRINT [03/22 11:47:32 graph]: --- Testf1: 0.89129, Best Valacc: 0.90327 in epoch 97 --- 
[2023-03-22 11:47:33] PRINT [03/22 11:47:33 graph]: Epoch 61: get test acc score:  0.89129
[2023-03-22 11:47:33] PRINT [03/22 11:47:33 graph]: best_f1 0.89266 at epoch 54
[2023-03-22 11:47:33] PRINT [03/22 11:47:33 graph]: start epoch 62.
[2023-03-22 11:47:33] PRINT [03/22 11:47:33 graph]: # Epoch 62: train_loss: 0.4305 | lr: 0.000200
[2023-03-22 11:47:40] PRINT [03/22 11:47:40 graph]: --- Testf1: 0.89466, Best Valacc: 0.90327 in epoch 379 --- 
[2023-03-22 11:47:40] PRINT [03/22 11:47:40 graph]: Epoch 62: get test acc score:  0.89466
[2023-03-22 11:47:40] PRINT [03/22 11:47:40 graph]: best_f1 0.89466 at epoch 62
[2023-03-22 11:47:40] PRINT [03/22 11:47:40 graph]: start epoch 63.
[2023-03-22 11:47:40] PRINT [03/22 11:47:40 graph]: # Epoch 63: train_loss: 0.4292 | lr: 0.000200
[2023-03-22 11:47:47] PRINT [03/22 11:47:47 graph]: --- Testf1: 0.88884, Best Valacc: 0.90327 in epoch 186 --- 
[2023-03-22 11:47:48] PRINT [03/22 11:47:48 graph]: Epoch 63: get test acc score:  0.88884
[2023-03-22 11:47:48] PRINT [03/22 11:47:48 graph]: best_f1 0.89466 at epoch 62
[2023-03-22 11:47:48] PRINT [03/22 11:47:48 graph]: start epoch 64.
[2023-03-22 11:47:48] PRINT [03/22 11:47:48 graph]: # Epoch 64: train_loss: 0.4287 | lr: 0.000200
[2023-03-22 11:47:55] PRINT [03/22 11:47:55 graph]: --- Testf1: 0.89393, Best Valacc: 0.90327 in epoch 434 --- 
[2023-03-22 11:47:55] PRINT [03/22 11:47:55 graph]: Epoch 64: get test acc score:  0.89393
[2023-03-22 11:47:55] PRINT [03/22 11:47:55 graph]: best_f1 0.89466 at epoch 62
[2023-03-22 11:47:55] PRINT [03/22 11:47:55 graph]: start epoch 65.
[2023-03-22 11:47:55] PRINT [03/22 11:47:55 graph]: # Epoch 65: train_loss: 0.4280 | lr: 0.000200
[2023-03-22 11:48:02] PRINT [03/22 11:48:02 graph]: --- Testf1: 0.89002, Best Valacc: 0.90327 in epoch 108 --- 
[2023-03-22 11:48:03] PRINT [03/22 11:48:03 graph]: Epoch 65: get test acc score:  0.89002
[2023-03-22 11:48:03] PRINT [03/22 11:48:03 graph]: best_f1 0.89466 at epoch 62
[2023-03-22 11:48:03] PRINT [03/22 11:48:03 graph]: start epoch 66.
[2023-03-22 11:48:03] PRINT [03/22 11:48:03 graph]: # Epoch 66: train_loss: 0.4270 | lr: 0.000200
[2023-03-22 11:48:10] PRINT [03/22 11:48:10 graph]: --- Testf1: 0.89384, Best Valacc: 0.89745 in epoch 234 --- 
[2023-03-22 11:48:10] PRINT [03/22 11:48:10 graph]: Epoch 66: get test acc score:  0.89384
[2023-03-22 11:48:10] PRINT [03/22 11:48:10 graph]: best_f1 0.89466 at epoch 62
[2023-03-22 11:48:10] PRINT [03/22 11:48:10 graph]: start epoch 67.
[2023-03-22 11:48:10] PRINT [03/22 11:48:10 graph]: # Epoch 67: train_loss: 0.4266 | lr: 0.000200
[2023-03-22 11:48:17] PRINT [03/22 11:48:17 graph]: --- Testf1: 0.89293, Best Valacc: 0.90327 in epoch 477 --- 
[2023-03-22 11:48:18] PRINT [03/22 11:48:18 graph]: Epoch 67: get test acc score:  0.89293
[2023-03-22 11:48:18] PRINT [03/22 11:48:18 graph]: best_f1 0.89466 at epoch 62
[2023-03-22 11:48:18] PRINT [03/22 11:48:18 graph]: start epoch 68.
[2023-03-22 11:48:18] PRINT [03/22 11:48:18 graph]: # Epoch 68: train_loss: 0.4260 | lr: 0.000200
[2023-03-22 11:48:25] PRINT [03/22 11:48:25 graph]: --- Testf1: 0.89329, Best Valacc: 0.90473 in epoch 340 --- 
[2023-03-22 11:48:25] PRINT [03/22 11:48:25 graph]: Epoch 68: get test acc score:  0.89329
[2023-03-22 11:48:25] PRINT [03/22 11:48:25 graph]: best_f1 0.89466 at epoch 62
[2023-03-22 11:48:25] PRINT [03/22 11:48:25 graph]: start epoch 69.
[2023-03-22 11:48:25] PRINT [03/22 11:48:25 graph]: # Epoch 69: train_loss: 0.4252 | lr: 0.000200
[2023-03-22 11:48:33] PRINT [03/22 11:48:33 graph]: --- Testf1: 0.88993, Best Valacc: 0.90400 in epoch 498 --- 
[2023-03-22 11:48:33] PRINT [03/22 11:48:33 graph]: Epoch 69: get test acc score:  0.88993
[2023-03-22 11:48:33] PRINT [03/22 11:48:33 graph]: best_f1 0.89466 at epoch 62
[2023-03-22 11:48:33] PRINT [03/22 11:48:33 graph]: start epoch 70.
[2023-03-22 11:48:33] PRINT [03/22 11:48:33 graph]: # Epoch 70: train_loss: 0.4248 | lr: 0.000200
[2023-03-22 11:48:40] PRINT [03/22 11:48:40 graph]: --- Testf1: 0.89175, Best Valacc: 0.89964 in epoch 239 --- 
[2023-03-22 11:48:40] PRINT [03/22 11:48:40 graph]: Epoch 70: get test acc score:  0.89175
[2023-03-22 11:48:40] PRINT [03/22 11:48:40 graph]: best_f1 0.89466 at epoch 62
[2023-03-22 11:48:40] PRINT [03/22 11:48:40 graph]: start epoch 71.
[2023-03-22 11:48:40] PRINT [03/22 11:48:40 graph]: # Epoch 71: train_loss: 0.4241 | lr: 0.000200
[2023-03-22 11:48:48] PRINT [03/22 11:48:48 graph]: --- Testf1: 0.89338, Best Valacc: 0.90182 in epoch 462 --- 
[2023-03-22 11:48:48] PRINT [03/22 11:48:48 graph]: Epoch 71: get test acc score:  0.89338
[2023-03-22 11:48:48] PRINT [03/22 11:48:48 graph]: best_f1 0.89466 at epoch 62
[2023-03-22 11:48:48] PRINT [03/22 11:48:48 graph]: start epoch 72.
[2023-03-22 11:48:48] PRINT [03/22 11:48:48 graph]: # Epoch 72: train_loss: 0.4234 | lr: 0.000200
[2023-03-22 11:48:55] PRINT [03/22 11:48:55 graph]: --- Testf1: 0.89029, Best Valacc: 0.90036 in epoch 299 --- 
[2023-03-22 11:48:55] PRINT [03/22 11:48:55 graph]: Epoch 72: get test acc score:  0.89029
[2023-03-22 11:48:55] PRINT [03/22 11:48:55 graph]: best_f1 0.89466 at epoch 62
[2023-03-22 11:48:55] PRINT [03/22 11:48:55 graph]: start epoch 73.
[2023-03-22 11:48:55] PRINT [03/22 11:48:55 graph]: # Epoch 73: train_loss: 0.4233 | lr: 0.000200
[2023-03-22 11:49:03] PRINT [03/22 11:49:03 graph]: --- Testf1: 0.89229, Best Valacc: 0.91055 in epoch 197 --- 
[2023-03-22 11:49:03] PRINT [03/22 11:49:03 graph]: Epoch 73: get test acc score:  0.89229
[2023-03-22 11:49:03] PRINT [03/22 11:49:03 graph]: best_f1 0.89466 at epoch 62
[2023-03-22 11:49:03] PRINT [03/22 11:49:03 graph]: start epoch 74.
[2023-03-22 11:49:03] PRINT [03/22 11:49:03 graph]: # Epoch 74: train_loss: 0.4226 | lr: 0.000200
[2023-03-22 11:49:10] PRINT [03/22 11:49:10 graph]: --- Testf1: 0.89475, Best Valacc: 0.90109 in epoch 265 --- 
[2023-03-22 11:49:10] PRINT [03/22 11:49:10 graph]: Epoch 74: get test acc score:  0.89475
[2023-03-22 11:49:10] PRINT [03/22 11:49:10 graph]: best_f1 0.89475 at epoch 74
[2023-03-22 11:49:10] PRINT [03/22 11:49:10 graph]: start epoch 75.
[2023-03-22 11:49:10] PRINT [03/22 11:49:10 graph]: # Epoch 75: train_loss: 0.4216 | lr: 0.000200
[2023-03-22 11:49:18] PRINT [03/22 11:49:18 graph]: --- Testf1: 0.89256, Best Valacc: 0.90036 in epoch 346 --- 
[2023-03-22 11:49:18] PRINT [03/22 11:49:18 graph]: Epoch 75: get test acc score:  0.89256
[2023-03-22 11:49:18] PRINT [03/22 11:49:18 graph]: best_f1 0.89475 at epoch 74
[2023-03-22 11:49:18] PRINT [03/22 11:49:18 graph]: start epoch 76.
[2023-03-22 11:49:18] PRINT [03/22 11:49:18 graph]: # Epoch 76: train_loss: 0.4214 | lr: 0.000200
[2023-03-22 11:49:25] PRINT [03/22 11:49:25 graph]: --- Testf1: 0.89484, Best Valacc: 0.90036 in epoch 383 --- 
[2023-03-22 11:49:25] PRINT [03/22 11:49:25 graph]: Epoch 76: get test acc score:  0.89484
[2023-03-22 11:49:25] PRINT [03/22 11:49:25 graph]: best_f1 0.89484 at epoch 76
[2023-03-22 11:49:25] PRINT [03/22 11:49:25 graph]: start epoch 77.
[2023-03-22 11:49:26] PRINT [03/22 11:49:26 graph]: # Epoch 77: train_loss: 0.4206 | lr: 0.000200
[2023-03-22 11:49:33] PRINT [03/22 11:49:33 graph]: --- Testf1: 0.89293, Best Valacc: 0.90327 in epoch 388 --- 
[2023-03-22 11:49:33] PRINT [03/22 11:49:33 graph]: Epoch 77: get test acc score:  0.89293
[2023-03-22 11:49:33] PRINT [03/22 11:49:33 graph]: best_f1 0.89484 at epoch 76
[2023-03-22 11:49:33] PRINT [03/22 11:49:33 graph]: start epoch 78.
[2023-03-22 11:49:33] PRINT [03/22 11:49:33 graph]: # Epoch 78: train_loss: 0.4203 | lr: 0.000200
[2023-03-22 11:49:40] PRINT [03/22 11:49:40 graph]: --- Testf1: 0.89157, Best Valacc: 0.90036 in epoch 236 --- 
[2023-03-22 11:49:40] PRINT [03/22 11:49:40 graph]: Epoch 78: get test acc score:  0.89157
[2023-03-22 11:49:40] PRINT [03/22 11:49:40 graph]: best_f1 0.89484 at epoch 76
[2023-03-22 11:49:40] PRINT [03/22 11:49:40 graph]: start epoch 79.
[2023-03-22 11:49:40] PRINT [03/22 11:49:40 graph]: # Epoch 79: train_loss: 0.4196 | lr: 0.000200
[2023-03-22 11:49:48] PRINT [03/22 11:49:48 graph]: --- Testf1: 0.89247, Best Valacc: 0.89964 in epoch 143 --- 
[2023-03-22 11:49:48] PRINT [03/22 11:49:48 graph]: Epoch 79: get test acc score:  0.89247
[2023-03-22 11:49:48] PRINT [03/22 11:49:48 graph]: best_f1 0.89484 at epoch 76
[2023-03-22 11:49:48] PRINT [03/22 11:49:48 graph]: start epoch 80.
[2023-03-22 11:49:48] PRINT [03/22 11:49:48 graph]: # Epoch 80: train_loss: 0.4195 | lr: 0.000200
[2023-03-22 11:49:55] PRINT [03/22 11:49:55 graph]: --- Testf1: 0.89275, Best Valacc: 0.90255 in epoch 494 --- 
[2023-03-22 11:49:56] PRINT [03/22 11:49:56 graph]: Epoch 80: get test acc score:  0.89275
[2023-03-22 11:49:56] PRINT [03/22 11:49:56 graph]: best_f1 0.89484 at epoch 76
[2023-03-22 11:49:56] PRINT [03/22 11:49:56 graph]: start epoch 81.
[2023-03-22 11:49:56] PRINT [03/22 11:49:56 graph]: # Epoch 81: train_loss: 0.4185 | lr: 0.000200
[2023-03-22 11:50:03] PRINT [03/22 11:50:03 graph]: --- Testf1: 0.89084, Best Valacc: 0.89891 in epoch 467 --- 
[2023-03-22 11:50:03] PRINT [03/22 11:50:03 graph]: Epoch 81: get test acc score:  0.89084
[2023-03-22 11:50:03] PRINT [03/22 11:50:03 graph]: best_f1 0.89484 at epoch 76
[2023-03-22 11:50:03] PRINT [03/22 11:50:03 graph]: start epoch 82.
[2023-03-22 11:50:03] PRINT [03/22 11:50:03 graph]: # Epoch 82: train_loss: 0.4184 | lr: 0.000200
[2023-03-22 11:50:10] PRINT [03/22 11:50:10 graph]: --- Testf1: 0.89120, Best Valacc: 0.89891 in epoch 493 --- 
[2023-03-22 11:50:10] PRINT [03/22 11:50:10 graph]: Epoch 82: get test acc score:  0.89120
[2023-03-22 11:50:10] PRINT [03/22 11:50:10 graph]: best_f1 0.89484 at epoch 76
[2023-03-22 11:50:10] PRINT [03/22 11:50:10 graph]: start epoch 83.
[2023-03-22 11:50:10] PRINT [03/22 11:50:10 graph]: # Epoch 83: train_loss: 0.4171 | lr: 0.000200
[2023-03-22 11:50:17] PRINT [03/22 11:50:17 graph]: --- Testf1: 0.89338, Best Valacc: 0.90473 in epoch 431 --- 
[2023-03-22 11:50:18] PRINT [03/22 11:50:18 graph]: Epoch 83: get test acc score:  0.89338
[2023-03-22 11:50:18] PRINT [03/22 11:50:18 graph]: best_f1 0.89484 at epoch 76
[2023-03-22 11:50:18] PRINT [03/22 11:50:18 graph]: start epoch 84.
[2023-03-22 11:50:18] PRINT [03/22 11:50:18 graph]: # Epoch 84: train_loss: 0.4172 | lr: 0.000200
[2023-03-22 11:50:25] PRINT [03/22 11:50:25 graph]: --- Testf1: 0.89247, Best Valacc: 0.90109 in epoch 357 --- 
[2023-03-22 11:50:25] PRINT [03/22 11:50:25 graph]: Epoch 84: get test acc score:  0.89247
[2023-03-22 11:50:25] PRINT [03/22 11:50:25 graph]: best_f1 0.89484 at epoch 76
[2023-03-22 11:50:25] PRINT [03/22 11:50:25 graph]: start epoch 85.
[2023-03-22 11:50:25] PRINT [03/22 11:50:25 graph]: # Epoch 85: train_loss: 0.4172 | lr: 0.000200
[2023-03-22 11:50:32] PRINT [03/22 11:50:32 graph]: --- Testf1: 0.89502, Best Valacc: 0.89891 in epoch 145 --- 
[2023-03-22 11:50:33] PRINT [03/22 11:50:33 graph]: Epoch 85: get test acc score:  0.89502
[2023-03-22 11:50:33] PRINT [03/22 11:50:33 graph]: best_f1 0.89502 at epoch 85
[2023-03-22 11:50:33] PRINT [03/22 11:50:33 graph]: start epoch 86.
[2023-03-22 11:50:33] PRINT [03/22 11:50:33 graph]: # Epoch 86: train_loss: 0.4179 | lr: 0.000200
[2023-03-22 11:50:40] PRINT [03/22 11:50:40 graph]: --- Testf1: 0.89266, Best Valacc: 0.89964 in epoch 340 --- 
[2023-03-22 11:50:40] PRINT [03/22 11:50:40 graph]: Epoch 86: get test acc score:  0.89266
[2023-03-22 11:50:40] PRINT [03/22 11:50:40 graph]: best_f1 0.89502 at epoch 85
[2023-03-22 11:50:40] PRINT [03/22 11:50:40 graph]: start epoch 87.
[2023-03-22 11:50:40] PRINT [03/22 11:50:40 graph]: # Epoch 87: train_loss: 0.4158 | lr: 0.000200
[2023-03-22 11:50:47] PRINT [03/22 11:50:47 graph]: --- Testf1: 0.89047, Best Valacc: 0.90109 in epoch 367 --- 
[2023-03-22 11:50:48] PRINT [03/22 11:50:48 graph]: Epoch 87: get test acc score:  0.89047
[2023-03-22 11:50:48] PRINT [03/22 11:50:48 graph]: best_f1 0.89502 at epoch 85
[2023-03-22 11:50:48] PRINT [03/22 11:50:48 graph]: start epoch 88.
[2023-03-22 11:50:48] PRINT [03/22 11:50:48 graph]: # Epoch 88: train_loss: 0.4162 | lr: 0.000200
[2023-03-22 11:50:55] PRINT [03/22 11:50:55 graph]: --- Testf1: 0.88993, Best Valacc: 0.90036 in epoch 463 --- 
[2023-03-22 11:50:55] PRINT [03/22 11:50:55 graph]: Epoch 88: get test acc score:  0.88993
[2023-03-22 11:50:55] PRINT [03/22 11:50:55 graph]: best_f1 0.89502 at epoch 85
[2023-03-22 11:50:55] PRINT [03/22 11:50:55 graph]: start epoch 89.
[2023-03-22 11:50:55] PRINT [03/22 11:50:55 graph]: # Epoch 89: train_loss: 0.4159 | lr: 0.000200
[2023-03-22 11:51:02] PRINT [03/22 11:51:02 graph]: --- Testf1: 0.89229, Best Valacc: 0.90255 in epoch 365 --- 
[2023-03-22 11:51:03] PRINT [03/22 11:51:03 graph]: Epoch 89: get test acc score:  0.89229
[2023-03-22 11:51:03] PRINT [03/22 11:51:03 graph]: best_f1 0.89502 at epoch 85
[2023-03-22 11:51:03] PRINT [03/22 11:51:03 graph]: start epoch 90.
[2023-03-22 11:51:03] PRINT [03/22 11:51:03 graph]: # Epoch 90: train_loss: 0.4151 | lr: 0.000200
[2023-03-22 11:51:10] PRINT [03/22 11:51:10 graph]: --- Testf1: 0.89157, Best Valacc: 0.89891 in epoch 271 --- 
[2023-03-22 11:51:10] PRINT [03/22 11:51:10 graph]: Epoch 90: get test acc score:  0.89157
[2023-03-22 11:51:10] PRINT [03/22 11:51:10 graph]: best_f1 0.89502 at epoch 85
[2023-03-22 11:51:10] PRINT [03/22 11:51:10 graph]: start epoch 91.
[2023-03-22 11:51:10] PRINT [03/22 11:51:10 graph]: # Epoch 91: train_loss: 0.4167 | lr: 0.000200
[2023-03-22 11:51:17] PRINT [03/22 11:51:17 graph]: --- Testf1: 0.88993, Best Valacc: 0.90255 in epoch 167 --- 
[2023-03-22 11:51:18] PRINT [03/22 11:51:18 graph]: Epoch 91: get test acc score:  0.88993
[2023-03-22 11:51:18] PRINT [03/22 11:51:18 graph]: best_f1 0.89502 at epoch 85
[2023-03-22 11:51:18] PRINT [03/22 11:51:18 graph]: start epoch 92.
[2023-03-22 11:51:18] PRINT [03/22 11:51:18 graph]: # Epoch 92: train_loss: 0.4165 | lr: 0.000200
[2023-03-22 11:51:25] PRINT [03/22 11:51:25 graph]: --- Testf1: 0.89066, Best Valacc: 0.90182 in epoch 480 --- 
[2023-03-22 11:51:25] PRINT [03/22 11:51:25 graph]: Epoch 92: get test acc score:  0.89066
[2023-03-22 11:51:25] PRINT [03/22 11:51:25 graph]: best_f1 0.89502 at epoch 85
[2023-03-22 11:51:25] PRINT [03/22 11:51:25 graph]: start epoch 93.
[2023-03-22 11:51:25] PRINT [03/22 11:51:25 graph]: # Epoch 93: train_loss: 0.4151 | lr: 0.000200
[2023-03-22 11:51:32] PRINT [03/22 11:51:32 graph]: --- Testf1: 0.89166, Best Valacc: 0.90182 in epoch 433 --- 
[2023-03-22 11:51:32] PRINT [03/22 11:51:32 graph]: Epoch 93: get test acc score:  0.89166
[2023-03-22 11:51:32] PRINT [03/22 11:51:32 graph]: best_f1 0.89502 at epoch 85
[2023-03-22 11:51:32] PRINT [03/22 11:51:32 graph]: start epoch 94.
[2023-03-22 11:51:33] PRINT [03/22 11:51:33 graph]: # Epoch 94: train_loss: 0.4142 | lr: 0.000200
[2023-03-22 11:51:40] PRINT [03/22 11:51:40 graph]: --- Testf1: 0.89220, Best Valacc: 0.90545 in epoch 212 --- 
[2023-03-22 11:51:40] PRINT [03/22 11:51:40 graph]: Epoch 94: get test acc score:  0.89220
[2023-03-22 11:51:40] PRINT [03/22 11:51:40 graph]: best_f1 0.89502 at epoch 85
[2023-03-22 11:51:40] PRINT [03/22 11:51:40 graph]: start epoch 95.
[2023-03-22 11:51:40] PRINT [03/22 11:51:40 graph]: # Epoch 95: train_loss: 0.4139 | lr: 0.000200
[2023-03-22 11:51:47] PRINT [03/22 11:51:47 graph]: --- Testf1: 0.89047, Best Valacc: 0.89527 in epoch 297 --- 
[2023-03-22 11:51:47] PRINT [03/22 11:51:47 graph]: Epoch 95: get test acc score:  0.89047
[2023-03-22 11:51:47] PRINT [03/22 11:51:47 graph]: best_f1 0.89502 at epoch 85
[2023-03-22 11:51:47] PRINT [03/22 11:51:47 graph]: start epoch 96.
[2023-03-22 11:51:47] PRINT [03/22 11:51:47 graph]: # Epoch 96: train_loss: 0.4135 | lr: 0.000200
[2023-03-22 11:51:54] PRINT [03/22 11:51:54 graph]: --- Testf1: 0.89256, Best Valacc: 0.89745 in epoch 242 --- 
[2023-03-22 11:51:55] PRINT [03/22 11:51:55 graph]: Epoch 96: get test acc score:  0.89256
[2023-03-22 11:51:55] PRINT [03/22 11:51:55 graph]: best_f1 0.89502 at epoch 85
[2023-03-22 11:51:55] PRINT [03/22 11:51:55 graph]: start epoch 97.
[2023-03-22 11:51:55] PRINT [03/22 11:51:55 graph]: # Epoch 97: train_loss: 0.4124 | lr: 0.000200
[2023-03-22 11:52:02] PRINT [03/22 11:52:02 graph]: --- Testf1: 0.89093, Best Valacc: 0.89600 in epoch 392 --- 
[2023-03-22 11:52:02] PRINT [03/22 11:52:02 graph]: Epoch 97: get test acc score:  0.89093
[2023-03-22 11:52:02] PRINT [03/22 11:52:02 graph]: best_f1 0.89502 at epoch 85
[2023-03-22 11:52:02] PRINT [03/22 11:52:02 graph]: start epoch 98.
[2023-03-22 11:52:02] PRINT [03/22 11:52:02 graph]: # Epoch 98: train_loss: 0.4128 | lr: 0.000200
[2023-03-22 11:52:09] PRINT [03/22 11:52:09 graph]: --- Testf1: 0.88984, Best Valacc: 0.89891 in epoch 271 --- 
[2023-03-22 11:52:09] PRINT [03/22 11:52:09 graph]: Epoch 98: get test acc score:  0.88984
[2023-03-22 11:52:09] PRINT [03/22 11:52:09 graph]: best_f1 0.89502 at epoch 85
[2023-03-22 11:52:09] PRINT [03/22 11:52:09 graph]: start epoch 99.
[2023-03-22 11:52:10] PRINT [03/22 11:52:10 graph]: # Epoch 99: train_loss: 0.4111 | lr: 0.000200
[2023-03-22 11:52:17] PRINT [03/22 11:52:17 graph]: --- Testf1: 0.89166, Best Valacc: 0.89673 in epoch 496 --- 
[2023-03-22 11:52:17] PRINT [03/22 11:52:17 graph]: Epoch 99: get test acc score:  0.89166
[2023-03-22 11:52:17] PRINT [03/22 11:52:17 graph]: best_f1 0.89502 at epoch 85
[2023-03-22 11:52:17] PRINT [03/22 11:52:17 graph]: # final_acc: 0.89502±0.00000
