[2023-03-22 02:26:12] PRINT ---new cfg------
[2023-03-22 02:26:12] PRINT {'DATA': {'data_name': 'comp'}, 'DATALOADER': {'NUM_WORKERS': 0}, 'MODEL': {'num_hidden': 512, 'num_layers': 2, 'nhead': 4, 'activation': 'prelu', 'attn_drop': 0.5, 'feat_drop': 0.4, 'norm': 'batchnorm', 'pooler': 'mean', 'beta_schedule': 'quad', 'beta_1': 0.0009753732803015931, 'beta_T': 0.07750084911082951, 'T': 273}, 'SOLVER': {'optim_type': 'adam', 'optim_type_f': 'adamw', 'alpha': 1, 'decay': 20, 'LR': 0.00046067203445804424, 'LR_f': 0.015473204696037886, 'weight_decay': 0, 'weight_decay_f': 6.479238968054675e-05, 'MAX_EPOCH': 100, 'max_epoch_f': 500}, 'DEVICE': 'cuda', 'seeds': [0], 'eval_T': [50, 100, 200], 'output_dir': '/ddm-nni/AmazonCoBuyComputerDataset¶/log', 'checkpoint_dir': '/ddm-nni/AmazonCoBuyComputerDataset¶/log/checkpoint'}
[2023-03-22 02:26:12] PRINT [03/22 02:26:12 graph]: Rank of current process: 0. World size: 1
[2023-03-22 02:26:16] PRINT [03/22 02:26:16 graph]: Environment info:
[2023-03-22 02:26:16] PRINT PyTorch version: 1.10.0+cu113
[2023-03-22 02:26:16] PRINT Is debug build: False
[2023-03-22 02:26:16] PRINT CUDA used to build PyTorch: 11.3
[2023-03-22 02:26:16] PRINT ROCM used to build PyTorch: N/A
[2023-03-22 02:26:16] PRINT 
[2023-03-22 02:26:16] PRINT OS: Ubuntu 20.04.3 LTS (x86_64)
[2023-03-22 02:26:16] PRINT GCC version: (Ubuntu 9.3.0-17ubuntu1~20.04) 9.3.0
[2023-03-22 02:26:16] PRINT Clang version: Could not collect
[2023-03-22 02:26:16] PRINT CMake version: version 3.16.3
[2023-03-22 02:26:16] PRINT Libc version: glibc-2.31
[2023-03-22 02:26:16] PRINT 
[2023-03-22 02:26:16] PRINT Python version: 3.8.10 (default, Jun  4 2021, 15:09:15)  [GCC 7.5.0] (64-bit runtime)
[2023-03-22 02:26:16] PRINT Python platform: Linux-5.4.0-90-generic-x86_64-with-glibc2.17
[2023-03-22 02:26:16] PRINT Is CUDA available: True
[2023-03-22 02:26:16] PRINT CUDA runtime version: 11.3.109
[2023-03-22 02:26:16] PRINT GPU models and configuration: GPU 0: NVIDIA GeForce RTX 3090
[2023-03-22 02:26:16] PRINT Nvidia driver version: 495.44
[2023-03-22 02:26:16] PRINT cuDNN version: Probably one of the following:
[2023-03-22 02:26:16] PRINT /usr/lib/x86_64-linux-gnu/libcudnn.so.8.2.0
[2023-03-22 02:26:16] PRINT /usr/lib/x86_64-linux-gnu/libcudnn_adv_infer.so.8.2.0
[2023-03-22 02:26:16] PRINT /usr/lib/x86_64-linux-gnu/libcudnn_adv_train.so.8.2.0
[2023-03-22 02:26:16] PRINT /usr/lib/x86_64-linux-gnu/libcudnn_cnn_infer.so.8.2.0
[2023-03-22 02:26:16] PRINT /usr/lib/x86_64-linux-gnu/libcudnn_cnn_train.so.8.2.0
[2023-03-22 02:26:16] PRINT /usr/lib/x86_64-linux-gnu/libcudnn_ops_infer.so.8.2.0
[2023-03-22 02:26:16] PRINT /usr/lib/x86_64-linux-gnu/libcudnn_ops_train.so.8.2.0
[2023-03-22 02:26:16] PRINT HIP runtime version: N/A
[2023-03-22 02:26:16] PRINT MIOpen runtime version: N/A
[2023-03-22 02:26:16] PRINT 
[2023-03-22 02:26:16] PRINT Versions of relevant libraries:
[2023-03-22 02:26:16] PRINT [pip3] numpy==1.23.5
[2023-03-22 02:26:16] PRINT [pip3] torch==1.10.0+cu113
[2023-03-22 02:26:16] PRINT [pip3] torchvision==0.11.1+cu113
[2023-03-22 02:26:16] PRINT [conda] blas                      1.0                         mkl    https://mirrors.ustc.edu.cn/anaconda/pkgs/main
[2023-03-22 02:26:16] PRINT [conda] mkl                       2021.4.0           h06a4308_640    https://mirrors.ustc.edu.cn/anaconda/pkgs/main
[2023-03-22 02:26:16] PRINT [conda] mkl-service               2.4.0            py38h7f8727e_0    https://mirrors.ustc.edu.cn/anaconda/pkgs/main
[2023-03-22 02:26:16] PRINT [conda] mkl_fft                   1.3.1            py38hd3c417c_0    https://mirrors.ustc.edu.cn/anaconda/pkgs/main
[2023-03-22 02:26:16] PRINT [conda] mkl_random                1.2.2            py38h51133e4_0    https://mirrors.ustc.edu.cn/anaconda/pkgs/main
[2023-03-22 02:26:16] PRINT [conda] numpy                     1.21.4                   pypi_0    pypi
[2023-03-22 02:26:16] PRINT [conda] numpy-base                1.23.5           py38h31eccc5_0    https://mirrors.ustc.edu.cn/anaconda/pkgs/main
[2023-03-22 02:26:16] PRINT [conda] torch                     1.10.0+cu113             pypi_0    pypi
[2023-03-22 02:26:16] PRINT [conda] torchvision               0.11.1+cu113             pypi_0    pypi
[2023-03-22 02:26:16] PRINT         Pillow (8.4.0)
[2023-03-22 02:26:16] PRINT [03/22 02:26:16 graph]: Command line arguments: Namespace(local_rank=0, resume=False, seed=1234, start_epoch=0)
[2023-03-22 02:26:16] PRINT [03/22 02:26:16 graph]: Run 0th for seed 0
[2023-03-22 02:26:16] PRINT [03/22 02:26:16 graph]: Total trainable params num : 7820803
[2023-03-22 02:26:21] PRINT [03/22 02:26:21 graph]: ----------Start Training----------
[2023-03-22 02:26:21] PRINT [03/22 02:26:21 graph]: start epoch 0.
[2023-03-22 02:26:22] PRINT [03/22 02:26:22 graph]: # Epoch 0: train_loss: 1.0226 | lr: 0.000461
[2023-03-22 02:26:22] PRINT [03/22 02:26:22 graph]: start epoch 1.
[2023-03-22 02:26:22] PRINT [03/22 02:26:22 graph]: # Epoch 1: train_loss: 0.8170 | lr: 0.000461
[2023-03-22 02:26:22] PRINT [03/22 02:26:22 graph]: start epoch 2.
[2023-03-22 02:26:22] PRINT [03/22 02:26:22 graph]: # Epoch 2: train_loss: 0.6985 | lr: 0.000461
[2023-03-22 02:26:22] PRINT [03/22 02:26:22 graph]: start epoch 3.
[2023-03-22 02:26:22] PRINT [03/22 02:26:22 graph]: # Epoch 3: train_loss: 0.6461 | lr: 0.000461
[2023-03-22 02:26:22] PRINT [03/22 02:26:22 graph]: start epoch 4.
[2023-03-22 02:26:22] PRINT [03/22 02:26:22 graph]: # Epoch 4: train_loss: 0.6123 | lr: 0.000461
[2023-03-22 02:26:22] PRINT [03/22 02:26:22 graph]: start epoch 5.
[2023-03-22 02:26:22] PRINT [03/22 02:26:22 graph]: # Epoch 5: train_loss: 0.5943 | lr: 0.000461
[2023-03-22 02:26:22] PRINT [03/22 02:26:22 graph]: start epoch 6.
[2023-03-22 02:26:22] PRINT [03/22 02:26:22 graph]: # Epoch 6: train_loss: 0.5846 | lr: 0.000461
[2023-03-22 02:26:22] PRINT [03/22 02:26:22 graph]: start epoch 7.
[2023-03-22 02:26:22] PRINT [03/22 02:26:22 graph]: # Epoch 7: train_loss: 0.5782 | lr: 0.000461
[2023-03-22 02:26:22] PRINT [03/22 02:26:22 graph]: start epoch 8.
[2023-03-22 02:26:22] PRINT [03/22 02:26:22 graph]: # Epoch 8: train_loss: 0.5736 | lr: 0.000461
[2023-03-22 02:26:22] PRINT [03/22 02:26:22 graph]: start epoch 9.
[2023-03-22 02:26:22] PRINT [03/22 02:26:22 graph]: # Epoch 9: train_loss: 0.5692 | lr: 0.000461
[2023-03-22 02:26:22] PRINT [03/22 02:26:22 graph]: start epoch 10.
[2023-03-22 02:26:22] PRINT [03/22 02:26:22 graph]: # Epoch 10: train_loss: 0.5659 | lr: 0.000461
[2023-03-22 02:26:22] PRINT [03/22 02:26:22 graph]: start epoch 11.
[2023-03-22 02:26:22] PRINT [03/22 02:26:22 graph]: # Epoch 11: train_loss: 0.5624 | lr: 0.000461
[2023-03-22 02:26:22] PRINT [03/22 02:26:22 graph]: start epoch 12.
[2023-03-22 02:26:22] PRINT [03/22 02:26:22 graph]: # Epoch 12: train_loss: 0.5592 | lr: 0.000461
[2023-03-22 02:26:22] PRINT [03/22 02:26:22 graph]: start epoch 13.
[2023-03-22 02:26:23] PRINT [03/22 02:26:23 graph]: # Epoch 13: train_loss: 0.5563 | lr: 0.000461
[2023-03-22 02:26:23] PRINT [03/22 02:26:23 graph]: start epoch 14.
[2023-03-22 02:26:23] PRINT [03/22 02:26:23 graph]: # Epoch 14: train_loss: 0.5536 | lr: 0.000461
[2023-03-22 02:26:23] PRINT [03/22 02:26:23 graph]: start epoch 15.
[2023-03-22 02:26:23] PRINT [03/22 02:26:23 graph]: # Epoch 15: train_loss: 0.5514 | lr: 0.000461
[2023-03-22 02:26:23] PRINT [03/22 02:26:23 graph]: start epoch 16.
[2023-03-22 02:26:23] PRINT [03/22 02:26:23 graph]: # Epoch 16: train_loss: 0.5491 | lr: 0.000461
[2023-03-22 02:26:23] PRINT [03/22 02:26:23 graph]: start epoch 17.
[2023-03-22 02:26:23] PRINT [03/22 02:26:23 graph]: # Epoch 17: train_loss: 0.5473 | lr: 0.000461
[2023-03-22 02:26:23] PRINT [03/22 02:26:23 graph]: start epoch 18.
[2023-03-22 02:26:23] PRINT [03/22 02:26:23 graph]: # Epoch 18: train_loss: 0.5451 | lr: 0.000461
[2023-03-22 02:26:23] PRINT [03/22 02:26:23 graph]: start epoch 19.
[2023-03-22 02:26:23] PRINT [03/22 02:26:23 graph]: # Epoch 19: train_loss: 0.5432 | lr: 0.000461
[2023-03-22 02:26:23] PRINT [03/22 02:26:23 graph]: start epoch 20.
[2023-03-22 02:26:23] PRINT [03/22 02:26:23 graph]: # Epoch 20: train_loss: 0.5414 | lr: 0.000461
[2023-03-22 02:26:23] PRINT [03/22 02:26:23 graph]: start epoch 21.
[2023-03-22 02:26:23] PRINT [03/22 02:26:23 graph]: # Epoch 21: train_loss: 0.5395 | lr: 0.000461
[2023-03-22 02:26:23] PRINT [03/22 02:26:23 graph]: start epoch 22.
[2023-03-22 02:26:23] PRINT [03/22 02:26:23 graph]: # Epoch 22: train_loss: 0.5362 | lr: 0.000461
[2023-03-22 02:26:23] PRINT [03/22 02:26:23 graph]: start epoch 23.
[2023-03-22 02:26:23] PRINT [03/22 02:26:23 graph]: # Epoch 23: train_loss: 0.5322 | lr: 0.000461
[2023-03-22 02:26:23] PRINT [03/22 02:26:23 graph]: start epoch 24.
[2023-03-22 02:26:23] PRINT [03/22 02:26:23 graph]: # Epoch 24: train_loss: 0.5296 | lr: 0.000461
[2023-03-22 02:26:23] PRINT [03/22 02:26:23 graph]: start epoch 25.
[2023-03-22 02:26:23] PRINT [03/22 02:26:23 graph]: # Epoch 25: train_loss: 0.5267 | lr: 0.000461
[2023-03-22 02:26:23] PRINT [03/22 02:26:23 graph]: start epoch 26.
[2023-03-22 02:26:24] PRINT [03/22 02:26:24 graph]: # Epoch 26: train_loss: 0.5237 | lr: 0.000461
[2023-03-22 02:26:24] PRINT [03/22 02:26:24 graph]: start epoch 27.
[2023-03-22 02:26:24] PRINT [03/22 02:26:24 graph]: # Epoch 27: train_loss: 0.5252 | lr: 0.000461
[2023-03-22 02:26:24] PRINT [03/22 02:26:24 graph]: start epoch 28.
[2023-03-22 02:26:24] PRINT [03/22 02:26:24 graph]: # Epoch 28: train_loss: 0.5201 | lr: 0.000461
[2023-03-22 02:26:24] PRINT [03/22 02:26:24 graph]: start epoch 29.
[2023-03-22 02:26:24] PRINT [03/22 02:26:24 graph]: # Epoch 29: train_loss: 0.8929 | lr: 0.000461
[2023-03-22 02:26:24] PRINT [03/22 02:26:24 graph]: start epoch 30.
[2023-03-22 02:26:24] PRINT [03/22 02:26:24 graph]: # Epoch 30: train_loss: 0.5316 | lr: 0.000461
[2023-03-22 02:26:24] PRINT [03/22 02:26:24 graph]: start epoch 31.
[2023-03-22 02:26:24] PRINT [03/22 02:26:24 graph]: # Epoch 31: train_loss: 0.5372 | lr: 0.000461
[2023-03-22 02:26:24] PRINT [03/22 02:26:24 graph]: start epoch 32.
[2023-03-22 02:26:24] PRINT [03/22 02:26:24 graph]: # Epoch 32: train_loss: 0.5393 | lr: 0.000461
[2023-03-22 02:26:24] PRINT [03/22 02:26:24 graph]: start epoch 33.
[2023-03-22 02:26:24] PRINT [03/22 02:26:24 graph]: # Epoch 33: train_loss: 0.5403 | lr: 0.000461
[2023-03-22 02:26:24] PRINT [03/22 02:26:24 graph]: start epoch 34.
[2023-03-22 02:26:24] PRINT [03/22 02:26:24 graph]: # Epoch 34: train_loss: 0.5430 | lr: 0.000461
[2023-03-22 02:26:24] PRINT [03/22 02:26:24 graph]: start epoch 35.
[2023-03-22 02:26:24] PRINT [03/22 02:26:24 graph]: # Epoch 35: train_loss: 0.5430 | lr: 0.000461
[2023-03-22 02:26:24] PRINT [03/22 02:26:24 graph]: start epoch 36.
[2023-03-22 02:26:24] PRINT [03/22 02:26:24 graph]: # Epoch 36: train_loss: 0.5410 | lr: 0.000461
[2023-03-22 02:26:24] PRINT [03/22 02:26:24 graph]: start epoch 37.
[2023-03-22 02:26:24] PRINT [03/22 02:26:24 graph]: # Epoch 37: train_loss: 0.5423 | lr: 0.000461
[2023-03-22 02:26:24] PRINT [03/22 02:26:24 graph]: start epoch 38.
[2023-03-22 02:26:24] PRINT [03/22 02:26:24 graph]: # Epoch 38: train_loss: 0.5406 | lr: 0.000461
[2023-03-22 02:26:24] PRINT [03/22 02:26:24 graph]: start epoch 39.
[2023-03-22 02:26:25] PRINT [03/22 02:26:25 graph]: # Epoch 39: train_loss: 0.5423 | lr: 0.000461
[2023-03-22 02:26:25] PRINT [03/22 02:26:25 graph]: start epoch 40.
[2023-03-22 02:26:25] PRINT [03/22 02:26:25 graph]: # Epoch 40: train_loss: 0.5396 | lr: 0.000461
[2023-03-22 02:26:25] PRINT [03/22 02:26:25 graph]: start epoch 41.
[2023-03-22 02:26:25] PRINT [03/22 02:26:25 graph]: # Epoch 41: train_loss: 0.5407 | lr: 0.000461
[2023-03-22 02:26:25] PRINT [03/22 02:26:25 graph]: start epoch 42.
[2023-03-22 02:26:25] PRINT [03/22 02:26:25 graph]: # Epoch 42: train_loss: 0.5437 | lr: 0.000461
[2023-03-22 02:26:25] PRINT [03/22 02:26:25 graph]: start epoch 43.
[2023-03-22 02:26:25] PRINT [03/22 02:26:25 graph]: # Epoch 43: train_loss: 0.5418 | lr: 0.000461
[2023-03-22 02:26:25] PRINT [03/22 02:26:25 graph]: start epoch 44.
[2023-03-22 02:26:25] PRINT [03/22 02:26:25 graph]: # Epoch 44: train_loss: 0.5395 | lr: 0.000461
[2023-03-22 02:26:25] PRINT [03/22 02:26:25 graph]: start epoch 45.
[2023-03-22 02:26:25] PRINT [03/22 02:26:25 graph]: # Epoch 45: train_loss: 0.5383 | lr: 0.000461
[2023-03-22 02:26:25] PRINT [03/22 02:26:25 graph]: start epoch 46.
[2023-03-22 02:26:25] PRINT [03/22 02:26:25 graph]: # Epoch 46: train_loss: 0.5373 | lr: 0.000461
[2023-03-22 02:26:25] PRINT [03/22 02:26:25 graph]: start epoch 47.
[2023-03-22 02:26:25] PRINT [03/22 02:26:25 graph]: # Epoch 47: train_loss: 0.5371 | lr: 0.000461
[2023-03-22 02:26:25] PRINT [03/22 02:26:25 graph]: start epoch 48.
[2023-03-22 02:26:25] PRINT [03/22 02:26:25 graph]: # Epoch 48: train_loss: 0.5366 | lr: 0.000461
[2023-03-22 02:26:25] PRINT [03/22 02:26:25 graph]: start epoch 49.
[2023-03-22 02:26:25] PRINT [03/22 02:26:25 graph]: # Epoch 49: train_loss: 0.5351 | lr: 0.000461
[2023-03-22 02:26:25] PRINT [03/22 02:26:25 graph]: start epoch 50.
[2023-03-22 02:26:25] PRINT [03/22 02:26:25 graph]: # Epoch 50: train_loss: 0.5367 | lr: 0.000461
[2023-03-22 02:26:25] PRINT [03/22 02:26:25 graph]: start epoch 51.
[2023-03-22 02:26:25] PRINT [03/22 02:26:25 graph]: # Epoch 51: train_loss: 0.5355 | lr: 0.000461
[2023-03-22 02:26:33] PRINT [03/22 02:26:33 graph]: --- Testf1: 0.78095, Best Valacc: 0.77745 in epoch 376 --- 
[2023-03-22 02:26:33] PRINT [03/22 02:26:33 graph]: Epoch 51: get test acc score:  0.78095
[2023-03-22 02:26:33] PRINT [03/22 02:26:33 graph]: best_f1 0.78095 at epoch 51
[2023-03-22 02:26:33] PRINT [03/22 02:26:33 graph]: start epoch 52.
[2023-03-22 02:26:33] PRINT [03/22 02:26:33 graph]: # Epoch 52: train_loss: 0.5337 | lr: 0.000461
[2023-03-22 02:26:38] PRINT [03/22 02:26:38 graph]: --- Testf1: 0.77704, Best Valacc: 0.78545 in epoch 479 --- 
[2023-03-22 02:26:39] PRINT [03/22 02:26:39 graph]: Epoch 52: get test acc score:  0.77704
[2023-03-22 02:26:39] PRINT [03/22 02:26:39 graph]: best_f1 0.78095 at epoch 51
[2023-03-22 02:26:39] PRINT [03/22 02:26:39 graph]: start epoch 53.
[2023-03-22 02:26:39] PRINT [03/22 02:26:39 graph]: # Epoch 53: train_loss: 0.5328 | lr: 0.000461
[2023-03-22 02:26:45] PRINT [03/22 02:26:45 graph]: --- Testf1: 0.76950, Best Valacc: 0.77527 in epoch 241 --- 
[2023-03-22 02:26:45] PRINT [03/22 02:26:45 graph]: Epoch 53: get test acc score:  0.76950
[2023-03-22 02:26:45] PRINT [03/22 02:26:45 graph]: best_f1 0.78095 at epoch 51
[2023-03-22 02:26:45] PRINT [03/22 02:26:45 graph]: start epoch 54.
[2023-03-22 02:26:45] PRINT [03/22 02:26:45 graph]: # Epoch 54: train_loss: 0.5327 | lr: 0.000461
[2023-03-22 02:26:51] PRINT [03/22 02:26:51 graph]: --- Testf1: 0.77468, Best Valacc: 0.79055 in epoch 361 --- 
[2023-03-22 02:26:51] PRINT [03/22 02:26:51 graph]: Epoch 54: get test acc score:  0.77468
[2023-03-22 02:26:51] PRINT [03/22 02:26:51 graph]: best_f1 0.78095 at epoch 51
[2023-03-22 02:26:51] PRINT [03/22 02:26:51 graph]: start epoch 55.
[2023-03-22 02:26:51] PRINT [03/22 02:26:51 graph]: # Epoch 55: train_loss: 0.5332 | lr: 0.000461
[2023-03-22 02:26:58] PRINT [03/22 02:26:58 graph]: --- Testf1: 0.78159, Best Valacc: 0.80145 in epoch 454 --- 
[2023-03-22 02:26:58] PRINT [03/22 02:26:58 graph]: Epoch 55: get test acc score:  0.78159
[2023-03-22 02:26:58] PRINT [03/22 02:26:58 graph]: best_f1 0.78159 at epoch 55
[2023-03-22 02:26:58] PRINT [03/22 02:26:58 graph]: start epoch 56.
[2023-03-22 02:26:58] PRINT [03/22 02:26:58 graph]: # Epoch 56: train_loss: 0.5330 | lr: 0.000461
[2023-03-22 02:27:07] PRINT [03/22 02:27:07 graph]: --- Testf1: 0.78695, Best Valacc: 0.77455 in epoch 475 --- 
[2023-03-22 02:27:07] PRINT [03/22 02:27:07 graph]: Epoch 56: get test acc score:  0.78695
[2023-03-22 02:27:07] PRINT [03/22 02:27:07 graph]: best_f1 0.78695 at epoch 56
[2023-03-22 02:27:07] PRINT [03/22 02:27:07 graph]: start epoch 57.
[2023-03-22 02:27:07] PRINT [03/22 02:27:07 graph]: # Epoch 57: train_loss: 0.5314 | lr: 0.000461
[2023-03-22 02:27:15] PRINT [03/22 02:27:15 graph]: --- Testf1: 0.77740, Best Valacc: 0.79782 in epoch 498 --- 
[2023-03-22 02:27:15] PRINT [03/22 02:27:15 graph]: Epoch 57: get test acc score:  0.77740
[2023-03-22 02:27:15] PRINT [03/22 02:27:15 graph]: best_f1 0.78695 at epoch 56
[2023-03-22 02:27:15] PRINT [03/22 02:27:15 graph]: start epoch 58.
[2023-03-22 02:27:15] PRINT [03/22 02:27:15 graph]: # Epoch 58: train_loss: 0.5301 | lr: 0.000461
[2023-03-22 02:27:22] PRINT [03/22 02:27:22 graph]: --- Testf1: 0.78331, Best Valacc: 0.77818 in epoch 490 --- 
[2023-03-22 02:27:23] PRINT [03/22 02:27:23 graph]: Epoch 58: get test acc score:  0.78331
[2023-03-22 02:27:23] PRINT [03/22 02:27:23 graph]: best_f1 0.78695 at epoch 56
[2023-03-22 02:27:23] PRINT [03/22 02:27:23 graph]: start epoch 59.
[2023-03-22 02:27:23] PRINT [03/22 02:27:23 graph]: # Epoch 59: train_loss: 0.5311 | lr: 0.000461
[2023-03-22 02:27:30] PRINT [03/22 02:27:30 graph]: --- Testf1: 0.78095, Best Valacc: 0.78400 in epoch 491 --- 
[2023-03-22 02:27:30] PRINT [03/22 02:27:30 graph]: Epoch 59: get test acc score:  0.78095
[2023-03-22 02:27:30] PRINT [03/22 02:27:30 graph]: best_f1 0.78695 at epoch 56
[2023-03-22 02:27:30] PRINT [03/22 02:27:30 graph]: start epoch 60.
[2023-03-22 02:27:30] PRINT [03/22 02:27:30 graph]: # Epoch 60: train_loss: 0.5300 | lr: 0.000461
[2023-03-22 02:27:38] PRINT [03/22 02:27:38 graph]: --- Testf1: 0.78258, Best Valacc: 0.77745 in epoch 466 --- 
[2023-03-22 02:27:38] PRINT [03/22 02:27:38 graph]: Epoch 60: get test acc score:  0.78258
[2023-03-22 02:27:38] PRINT [03/22 02:27:38 graph]: best_f1 0.78695 at epoch 56
[2023-03-22 02:27:38] PRINT [03/22 02:27:38 graph]: start epoch 61.
[2023-03-22 02:27:38] PRINT [03/22 02:27:38 graph]: # Epoch 61: train_loss: 0.5290 | lr: 0.000461
[2023-03-22 02:27:46] PRINT [03/22 02:27:46 graph]: --- Testf1: 0.78977, Best Valacc: 0.78109 in epoch 298 --- 
[2023-03-22 02:27:46] PRINT [03/22 02:27:46 graph]: Epoch 61: get test acc score:  0.78977
[2023-03-22 02:27:46] PRINT [03/22 02:27:46 graph]: best_f1 0.78977 at epoch 61
[2023-03-22 02:27:46] PRINT [03/22 02:27:46 graph]: start epoch 62.
[2023-03-22 02:27:46] PRINT [03/22 02:27:46 graph]: # Epoch 62: train_loss: 0.5289 | lr: 0.000461
[2023-03-22 02:27:54] PRINT [03/22 02:27:54 graph]: --- Testf1: 0.78422, Best Valacc: 0.78400 in epoch 440 --- 
[2023-03-22 02:27:54] PRINT [03/22 02:27:54 graph]: Epoch 62: get test acc score:  0.78422
[2023-03-22 02:27:54] PRINT [03/22 02:27:54 graph]: best_f1 0.78977 at epoch 61
[2023-03-22 02:27:54] PRINT [03/22 02:27:54 graph]: start epoch 63.
[2023-03-22 02:27:54] PRINT [03/22 02:27:54 graph]: # Epoch 63: train_loss: 0.5273 | lr: 0.000461
[2023-03-22 02:28:01] PRINT [03/22 02:28:01 graph]: --- Testf1: 0.78449, Best Valacc: 0.79273 in epoch 471 --- 
[2023-03-22 02:28:02] PRINT [03/22 02:28:02 graph]: Epoch 63: get test acc score:  0.78449
[2023-03-22 02:28:02] PRINT [03/22 02:28:02 graph]: best_f1 0.78977 at epoch 61
[2023-03-22 02:28:02] PRINT [03/22 02:28:02 graph]: start epoch 64.
[2023-03-22 02:28:02] PRINT [03/22 02:28:02 graph]: # Epoch 64: train_loss: 0.5293 | lr: 0.000461
[2023-03-22 02:28:09] PRINT [03/22 02:28:09 graph]: --- Testf1: 0.79195, Best Valacc: 0.77891 in epoch 378 --- 
[2023-03-22 02:28:09] PRINT [03/22 02:28:09 graph]: Epoch 64: get test acc score:  0.79195
[2023-03-22 02:28:09] PRINT [03/22 02:28:09 graph]: best_f1 0.79195 at epoch 64
[2023-03-22 02:28:09] PRINT [03/22 02:28:09 graph]: start epoch 65.
[2023-03-22 02:28:09] PRINT [03/22 02:28:09 graph]: # Epoch 65: train_loss: 0.5281 | lr: 0.000461
[2023-03-22 02:28:17] PRINT [03/22 02:28:17 graph]: --- Testf1: 0.78086, Best Valacc: 0.78545 in epoch 228 --- 
[2023-03-22 02:28:17] PRINT [03/22 02:28:17 graph]: Epoch 65: get test acc score:  0.78086
[2023-03-22 02:28:17] PRINT [03/22 02:28:17 graph]: best_f1 0.79195 at epoch 64
[2023-03-22 02:28:17] PRINT [03/22 02:28:17 graph]: start epoch 66.
[2023-03-22 02:28:17] PRINT [03/22 02:28:17 graph]: # Epoch 66: train_loss: 0.5255 | lr: 0.000461
[2023-03-22 02:28:24] PRINT [03/22 02:28:24 graph]: --- Testf1: 0.76713, Best Valacc: 0.79200 in epoch 362 --- 
[2023-03-22 02:28:24] PRINT [03/22 02:28:24 graph]: Epoch 66: get test acc score:  0.76713
[2023-03-22 02:28:24] PRINT [03/22 02:28:24 graph]: best_f1 0.79195 at epoch 64
[2023-03-22 02:28:24] PRINT [03/22 02:28:24 graph]: start epoch 67.
[2023-03-22 02:28:24] PRINT [03/22 02:28:24 graph]: # Epoch 67: train_loss: 0.5251 | lr: 0.000461
[2023-03-22 02:28:32] PRINT [03/22 02:28:32 graph]: --- Testf1: 0.78077, Best Valacc: 0.77673 in epoch 475 --- 
[2023-03-22 02:28:32] PRINT [03/22 02:28:32 graph]: Epoch 67: get test acc score:  0.78077
[2023-03-22 02:28:32] PRINT [03/22 02:28:32 graph]: best_f1 0.79195 at epoch 64
[2023-03-22 02:28:32] PRINT [03/22 02:28:32 graph]: start epoch 68.
[2023-03-22 02:28:32] PRINT [03/22 02:28:32 graph]: # Epoch 68: train_loss: 0.5242 | lr: 0.000461
[2023-03-22 02:28:39] PRINT [03/22 02:28:39 graph]: --- Testf1: 0.77086, Best Valacc: 0.77745 in epoch 332 --- 
[2023-03-22 02:28:39] PRINT [03/22 02:28:39 graph]: Epoch 68: get test acc score:  0.77086
[2023-03-22 02:28:39] PRINT [03/22 02:28:39 graph]: best_f1 0.79195 at epoch 64
[2023-03-22 02:28:39] PRINT [03/22 02:28:39 graph]: start epoch 69.
[2023-03-22 02:28:39] PRINT [03/22 02:28:39 graph]: # Epoch 69: train_loss: 0.5242 | lr: 0.000461
[2023-03-22 02:28:46] PRINT [03/22 02:28:46 graph]: --- Testf1: 0.78713, Best Valacc: 0.77164 in epoch 496 --- 
[2023-03-22 02:28:47] PRINT [03/22 02:28:47 graph]: Epoch 69: get test acc score:  0.78713
[2023-03-22 02:28:47] PRINT [03/22 02:28:47 graph]: best_f1 0.79195 at epoch 64
[2023-03-22 02:28:47] PRINT [03/22 02:28:47 graph]: start epoch 70.
[2023-03-22 02:28:47] PRINT [03/22 02:28:47 graph]: # Epoch 70: train_loss: 0.5230 | lr: 0.000461
[2023-03-22 02:28:54] PRINT [03/22 02:28:54 graph]: --- Testf1: 0.79358, Best Valacc: 0.77745 in epoch 349 --- 
[2023-03-22 02:28:54] PRINT [03/22 02:28:54 graph]: Epoch 70: get test acc score:  0.79358
[2023-03-22 02:28:54] PRINT [03/22 02:28:54 graph]: best_f1 0.79358 at epoch 70
[2023-03-22 02:28:54] PRINT [03/22 02:28:54 graph]: start epoch 71.
[2023-03-22 02:28:54] PRINT [03/22 02:28:54 graph]: # Epoch 71: train_loss: 0.5216 | lr: 0.000461
[2023-03-22 02:29:01] PRINT [03/22 02:29:01 graph]: --- Testf1: 0.78886, Best Valacc: 0.78255 in epoch 499 --- 
[2023-03-22 02:29:02] PRINT [03/22 02:29:02 graph]: Epoch 71: get test acc score:  0.78886
[2023-03-22 02:29:02] PRINT [03/22 02:29:02 graph]: best_f1 0.79358 at epoch 70
[2023-03-22 02:29:02] PRINT [03/22 02:29:02 graph]: start epoch 72.
[2023-03-22 02:29:02] PRINT [03/22 02:29:02 graph]: # Epoch 72: train_loss: 0.5211 | lr: 0.000461
[2023-03-22 02:29:09] PRINT [03/22 02:29:09 graph]: --- Testf1: 0.79158, Best Valacc: 0.78909 in epoch 433 --- 
[2023-03-22 02:29:09] PRINT [03/22 02:29:09 graph]: Epoch 72: get test acc score:  0.79158
[2023-03-22 02:29:09] PRINT [03/22 02:29:09 graph]: best_f1 0.79358 at epoch 70
[2023-03-22 02:29:09] PRINT [03/22 02:29:09 graph]: start epoch 73.
[2023-03-22 02:29:09] PRINT [03/22 02:29:09 graph]: # Epoch 73: train_loss: 0.5210 | lr: 0.000461
[2023-03-22 02:29:15] PRINT [03/22 02:29:15 graph]: --- Testf1: 0.79249, Best Valacc: 0.80000 in epoch 499 --- 
[2023-03-22 02:29:16] PRINT [03/22 02:29:16 graph]: Epoch 73: get test acc score:  0.79249
[2023-03-22 02:29:16] PRINT [03/22 02:29:16 graph]: best_f1 0.79358 at epoch 70
[2023-03-22 02:29:16] PRINT [03/22 02:29:16 graph]: start epoch 74.
[2023-03-22 02:29:16] PRINT [03/22 02:29:16 graph]: # Epoch 74: train_loss: 0.5197 | lr: 0.000461
[2023-03-22 02:29:21] PRINT [03/22 02:29:21 graph]: --- Testf1: 0.79804, Best Valacc: 0.77382 in epoch 305 --- 
[2023-03-22 02:29:22] PRINT [03/22 02:29:22 graph]: Epoch 74: get test acc score:  0.79804
[2023-03-22 02:29:22] PRINT [03/22 02:29:22 graph]: best_f1 0.79804 at epoch 74
[2023-03-22 02:29:22] PRINT [03/22 02:29:22 graph]: start epoch 75.
[2023-03-22 02:29:22] PRINT [03/22 02:29:22 graph]: # Epoch 75: train_loss: 0.5177 | lr: 0.000461
[2023-03-22 02:29:27] PRINT [03/22 02:29:27 graph]: --- Testf1: 0.78804, Best Valacc: 0.78327 in epoch 454 --- 
[2023-03-22 02:29:27] PRINT [03/22 02:29:27 graph]: Epoch 75: get test acc score:  0.78804
[2023-03-22 02:29:27] PRINT [03/22 02:29:27 graph]: best_f1 0.79804 at epoch 74
[2023-03-22 02:29:27] PRINT [03/22 02:29:27 graph]: start epoch 76.
[2023-03-22 02:29:27] PRINT [03/22 02:29:27 graph]: # Epoch 76: train_loss: 0.5174 | lr: 0.000461
[2023-03-22 02:29:37] PRINT [03/22 02:29:37 graph]: --- Testf1: 0.78677, Best Valacc: 0.76800 in epoch 304 --- 
[2023-03-22 02:29:37] PRINT [03/22 02:29:37 graph]: Epoch 76: get test acc score:  0.78677
[2023-03-22 02:29:37] PRINT [03/22 02:29:37 graph]: best_f1 0.79804 at epoch 74
[2023-03-22 02:29:37] PRINT [03/22 02:29:37 graph]: start epoch 77.
[2023-03-22 02:29:37] PRINT [03/22 02:29:37 graph]: # Epoch 77: train_loss: 0.5184 | lr: 0.000461
[2023-03-22 02:29:44] PRINT [03/22 02:29:44 graph]: --- Testf1: 0.78904, Best Valacc: 0.77964 in epoch 352 --- 
[2023-03-22 02:29:44] PRINT [03/22 02:29:44 graph]: Epoch 77: get test acc score:  0.78904
[2023-03-22 02:29:44] PRINT [03/22 02:29:44 graph]: best_f1 0.79804 at epoch 74
[2023-03-22 02:29:44] PRINT [03/22 02:29:44 graph]: start epoch 78.
[2023-03-22 02:29:44] PRINT [03/22 02:29:44 graph]: # Epoch 78: train_loss: 0.5166 | lr: 0.000461
[2023-03-22 02:29:51] PRINT [03/22 02:29:51 graph]: --- Testf1: 0.78658, Best Valacc: 0.78618 in epoch 451 --- 
[2023-03-22 02:29:52] PRINT [03/22 02:29:52 graph]: Epoch 78: get test acc score:  0.78658
[2023-03-22 02:29:52] PRINT [03/22 02:29:52 graph]: best_f1 0.79804 at epoch 74
[2023-03-22 02:29:52] PRINT [03/22 02:29:52 graph]: start epoch 79.
[2023-03-22 02:29:52] PRINT [03/22 02:29:52 graph]: # Epoch 79: train_loss: 0.5151 | lr: 0.000461
[2023-03-22 02:29:59] PRINT [03/22 02:29:59 graph]: --- Testf1: 0.79331, Best Valacc: 0.79927 in epoch 447 --- 
[2023-03-22 02:29:59] PRINT [03/22 02:29:59 graph]: Epoch 79: get test acc score:  0.79331
[2023-03-22 02:29:59] PRINT [03/22 02:29:59 graph]: best_f1 0.79804 at epoch 74
[2023-03-22 02:29:59] PRINT [03/22 02:29:59 graph]: start epoch 80.
[2023-03-22 02:29:59] PRINT [03/22 02:29:59 graph]: # Epoch 80: train_loss: 0.5162 | lr: 0.000461
[2023-03-22 02:30:07] PRINT [03/22 02:30:07 graph]: --- Testf1: 0.79658, Best Valacc: 0.76509 in epoch 263 --- 
[2023-03-22 02:30:07] PRINT [03/22 02:30:07 graph]: Epoch 80: get test acc score:  0.79658
[2023-03-22 02:30:07] PRINT [03/22 02:30:07 graph]: best_f1 0.79804 at epoch 74
[2023-03-22 02:30:07] PRINT [03/22 02:30:07 graph]: start epoch 81.
[2023-03-22 02:30:07] PRINT [03/22 02:30:07 graph]: # Epoch 81: train_loss: 0.5136 | lr: 0.000461
[2023-03-22 02:30:14] PRINT [03/22 02:30:14 graph]: --- Testf1: 0.78386, Best Valacc: 0.78618 in epoch 452 --- 
[2023-03-22 02:30:15] PRINT [03/22 02:30:15 graph]: Epoch 81: get test acc score:  0.78386
[2023-03-22 02:30:15] PRINT [03/22 02:30:15 graph]: best_f1 0.79804 at epoch 74
[2023-03-22 02:30:15] PRINT [03/22 02:30:15 graph]: start epoch 82.
[2023-03-22 02:30:15] PRINT [03/22 02:30:15 graph]: # Epoch 82: train_loss: 0.5128 | lr: 0.000461
[2023-03-22 02:30:22] PRINT [03/22 02:30:22 graph]: --- Testf1: 0.78886, Best Valacc: 0.77745 in epoch 423 --- 
[2023-03-22 02:30:23] PRINT [03/22 02:30:23 graph]: Epoch 82: get test acc score:  0.78886
[2023-03-22 02:30:23] PRINT [03/22 02:30:23 graph]: best_f1 0.79804 at epoch 74
[2023-03-22 02:30:23] PRINT [03/22 02:30:23 graph]: start epoch 83.
[2023-03-22 02:30:23] PRINT [03/22 02:30:23 graph]: # Epoch 83: train_loss: 0.5119 | lr: 0.000461
[2023-03-22 02:30:30] PRINT [03/22 02:30:30 graph]: --- Testf1: 0.78840, Best Valacc: 0.77600 in epoch 392 --- 
[2023-03-22 02:30:30] PRINT [03/22 02:30:30 graph]: Epoch 83: get test acc score:  0.78840
[2023-03-22 02:30:30] PRINT [03/22 02:30:30 graph]: best_f1 0.79804 at epoch 74
[2023-03-22 02:30:30] PRINT [03/22 02:30:30 graph]: start epoch 84.
[2023-03-22 02:30:31] PRINT [03/22 02:30:31 graph]: # Epoch 84: train_loss: 0.5112 | lr: 0.000461
[2023-03-22 02:30:38] PRINT [03/22 02:30:38 graph]: --- Testf1: 0.78440, Best Valacc: 0.79127 in epoch 413 --- 
[2023-03-22 02:30:38] PRINT [03/22 02:30:38 graph]: Epoch 84: get test acc score:  0.78440
[2023-03-22 02:30:38] PRINT [03/22 02:30:38 graph]: best_f1 0.79804 at epoch 74
[2023-03-22 02:30:38] PRINT [03/22 02:30:38 graph]: start epoch 85.
[2023-03-22 02:30:38] PRINT [03/22 02:30:38 graph]: # Epoch 85: train_loss: 0.5108 | lr: 0.000461
[2023-03-22 02:30:45] PRINT [03/22 02:30:45 graph]: --- Testf1: 0.78686, Best Valacc: 0.78982 in epoch 490 --- 
[2023-03-22 02:30:45] PRINT [03/22 02:30:45 graph]: Epoch 85: get test acc score:  0.78686
[2023-03-22 02:30:45] PRINT [03/22 02:30:45 graph]: best_f1 0.79804 at epoch 74
[2023-03-22 02:30:45] PRINT [03/22 02:30:45 graph]: start epoch 86.
[2023-03-22 02:30:46] PRINT [03/22 02:30:46 graph]: # Epoch 86: train_loss: 0.5086 | lr: 0.000461
[2023-03-22 02:30:53] PRINT [03/22 02:30:53 graph]: --- Testf1: 0.79795, Best Valacc: 0.77745 in epoch 360 --- 
[2023-03-22 02:30:53] PRINT [03/22 02:30:53 graph]: Epoch 86: get test acc score:  0.79795
[2023-03-22 02:30:53] PRINT [03/22 02:30:53 graph]: best_f1 0.79804 at epoch 74
[2023-03-22 02:30:53] PRINT [03/22 02:30:53 graph]: start epoch 87.
[2023-03-22 02:30:53] PRINT [03/22 02:30:53 graph]: # Epoch 87: train_loss: 0.5088 | lr: 0.000461
[2023-03-22 02:31:00] PRINT [03/22 02:31:00 graph]: --- Testf1: 0.80167, Best Valacc: 0.80145 in epoch 486 --- 
[2023-03-22 02:31:00] PRINT [03/22 02:31:00 graph]: Epoch 87: get test acc score:  0.80167
[2023-03-22 02:31:00] PRINT [03/22 02:31:00 graph]: best_f1 0.80167 at epoch 87
[2023-03-22 02:31:00] PRINT [03/22 02:31:00 graph]: start epoch 88.
[2023-03-22 02:31:00] PRINT [03/22 02:31:00 graph]: # Epoch 88: train_loss: 0.5083 | lr: 0.000461
[2023-03-22 02:31:07] PRINT [03/22 02:31:07 graph]: --- Testf1: 0.79740, Best Valacc: 0.78036 in epoch 348 --- 
[2023-03-22 02:31:08] PRINT [03/22 02:31:08 graph]: Epoch 88: get test acc score:  0.79740
[2023-03-22 02:31:08] PRINT [03/22 02:31:08 graph]: best_f1 0.80167 at epoch 87
[2023-03-22 02:31:08] PRINT [03/22 02:31:08 graph]: start epoch 89.
[2023-03-22 02:31:08] PRINT [03/22 02:31:08 graph]: # Epoch 89: train_loss: 0.5068 | lr: 0.000461
[2023-03-22 02:31:15] PRINT [03/22 02:31:15 graph]: --- Testf1: 0.80340, Best Valacc: 0.79491 in epoch 438 --- 
[2023-03-22 02:31:15] PRINT [03/22 02:31:15 graph]: Epoch 89: get test acc score:  0.80340
[2023-03-22 02:31:15] PRINT [03/22 02:31:15 graph]: best_f1 0.8034 at epoch 89
[2023-03-22 02:31:15] PRINT [03/22 02:31:15 graph]: start epoch 90.
[2023-03-22 02:31:15] PRINT [03/22 02:31:15 graph]: # Epoch 90: train_loss: 0.5069 | lr: 0.000461
[2023-03-22 02:31:22] PRINT [03/22 02:31:22 graph]: --- Testf1: 0.79595, Best Valacc: 0.77236 in epoch 485 --- 
[2023-03-22 02:31:22] PRINT [03/22 02:31:22 graph]: Epoch 90: get test acc score:  0.79595
[2023-03-22 02:31:22] PRINT [03/22 02:31:22 graph]: best_f1 0.8034 at epoch 89
[2023-03-22 02:31:22] PRINT [03/22 02:31:22 graph]: start epoch 91.
[2023-03-22 02:31:22] PRINT [03/22 02:31:22 graph]: # Epoch 91: train_loss: 0.5060 | lr: 0.000461
[2023-03-22 02:31:30] PRINT [03/22 02:31:30 graph]: --- Testf1: 0.79513, Best Valacc: 0.79709 in epoch 497 --- 
[2023-03-22 02:31:30] PRINT [03/22 02:31:30 graph]: Epoch 91: get test acc score:  0.79513
[2023-03-22 02:31:30] PRINT [03/22 02:31:30 graph]: best_f1 0.8034 at epoch 89
[2023-03-22 02:31:30] PRINT [03/22 02:31:30 graph]: start epoch 92.
[2023-03-22 02:31:30] PRINT [03/22 02:31:30 graph]: # Epoch 92: train_loss: 0.5048 | lr: 0.000461
[2023-03-22 02:31:37] PRINT [03/22 02:31:37 graph]: --- Testf1: 0.80558, Best Valacc: 0.79636 in epoch 473 --- 
[2023-03-22 02:31:37] PRINT [03/22 02:31:37 graph]: Epoch 92: get test acc score:  0.80558
[2023-03-22 02:31:37] PRINT [03/22 02:31:37 graph]: best_f1 0.80558 at epoch 92
[2023-03-22 02:31:37] PRINT [03/22 02:31:37 graph]: start epoch 93.
[2023-03-22 02:31:37] PRINT [03/22 02:31:37 graph]: # Epoch 93: train_loss: 0.5036 | lr: 0.000461
[2023-03-22 02:31:44] PRINT [03/22 02:31:44 graph]: --- Testf1: 0.80813, Best Valacc: 0.80655 in epoch 499 --- 
[2023-03-22 02:31:45] PRINT [03/22 02:31:45 graph]: Epoch 93: get test acc score:  0.80813
[2023-03-22 02:31:45] PRINT [03/22 02:31:45 graph]: best_f1 0.80813 at epoch 93
[2023-03-22 02:31:45] PRINT [03/22 02:31:45 graph]: start epoch 94.
[2023-03-22 02:31:45] PRINT [03/22 02:31:45 graph]: # Epoch 94: train_loss: 0.5040 | lr: 0.000461
[2023-03-22 02:31:52] PRINT [03/22 02:31:52 graph]: --- Testf1: 0.79404, Best Valacc: 0.78836 in epoch 454 --- 
[2023-03-22 02:31:52] PRINT [03/22 02:31:52 graph]: Epoch 94: get test acc score:  0.79404
[2023-03-22 02:31:52] PRINT [03/22 02:31:52 graph]: best_f1 0.80813 at epoch 93
[2023-03-22 02:31:52] PRINT [03/22 02:31:52 graph]: start epoch 95.
[2023-03-22 02:31:52] PRINT [03/22 02:31:52 graph]: # Epoch 95: train_loss: 0.5025 | lr: 0.000461
[2023-03-22 02:31:59] PRINT [03/22 02:31:59 graph]: --- Testf1: 0.79822, Best Valacc: 0.78836 in epoch 443 --- 
[2023-03-22 02:32:00] PRINT [03/22 02:32:00 graph]: Epoch 95: get test acc score:  0.79822
[2023-03-22 02:32:00] PRINT [03/22 02:32:00 graph]: best_f1 0.80813 at epoch 93
[2023-03-22 02:32:00] PRINT [03/22 02:32:00 graph]: start epoch 96.
[2023-03-22 02:32:00] PRINT [03/22 02:32:00 graph]: # Epoch 96: train_loss: 0.5023 | lr: 0.000461
[2023-03-22 02:32:07] PRINT [03/22 02:32:07 graph]: --- Testf1: 0.79095, Best Valacc: 0.79782 in epoch 384 --- 
[2023-03-22 02:32:07] PRINT [03/22 02:32:07 graph]: Epoch 96: get test acc score:  0.79095
[2023-03-22 02:32:07] PRINT [03/22 02:32:07 graph]: best_f1 0.80813 at epoch 93
[2023-03-22 02:32:07] PRINT [03/22 02:32:07 graph]: start epoch 97.
[2023-03-22 02:32:07] PRINT [03/22 02:32:07 graph]: # Epoch 97: train_loss: 0.5022 | lr: 0.000461
[2023-03-22 02:32:14] PRINT [03/22 02:32:14 graph]: --- Testf1: 0.78958, Best Valacc: 0.78982 in epoch 303 --- 
[2023-03-22 02:32:14] PRINT [03/22 02:32:14 graph]: Epoch 97: get test acc score:  0.78958
[2023-03-22 02:32:14] PRINT [03/22 02:32:14 graph]: best_f1 0.80813 at epoch 93
[2023-03-22 02:32:14] PRINT [03/22 02:32:14 graph]: start epoch 98.
[2023-03-22 02:32:14] PRINT [03/22 02:32:14 graph]: # Epoch 98: train_loss: 0.5010 | lr: 0.000461
[2023-03-22 02:32:21] PRINT [03/22 02:32:21 graph]: --- Testf1: 0.79122, Best Valacc: 0.80436 in epoch 471 --- 
[2023-03-22 02:32:22] PRINT [03/22 02:32:22 graph]: Epoch 98: get test acc score:  0.79122
[2023-03-22 02:32:22] PRINT [03/22 02:32:22 graph]: best_f1 0.80813 at epoch 93
[2023-03-22 02:32:22] PRINT [03/22 02:32:22 graph]: start epoch 99.
[2023-03-22 02:32:22] PRINT [03/22 02:32:22 graph]: # Epoch 99: train_loss: 0.5008 | lr: 0.000461
[2023-03-22 02:32:29] PRINT [03/22 02:32:29 graph]: --- Testf1: 0.80276, Best Valacc: 0.78545 in epoch 464 --- 
[2023-03-22 02:32:29] PRINT [03/22 02:32:29 graph]: Epoch 99: get test acc score:  0.80276
[2023-03-22 02:32:29] PRINT [03/22 02:32:29 graph]: best_f1 0.80813 at epoch 93
[2023-03-22 02:32:29] PRINT [03/22 02:32:29 graph]: # final_acc: 0.80813±0.00000
