[2023-03-18 12:27:50] PRINT ---new cfg------
[2023-03-18 12:27:50] PRINT {'DATA': {'data_name': 'citeseer'}, 'DATALOADER': {'NUM_WORKERS': 0}, 'MODEL': {'num_hidden': 128, 'num_layers': 2, 'nhead': 2, 'activation': 'prelu', 'attn_drop': 0.2, 'feat_drop': 0.2, 'norm': 'layernorm', 'pooler': 'mean', 'beta_schedule': 'sigmoid', 'beta_1': 0.00032937756252899414, 'beta_T': 0.036630520069736876, 'T': 674, 'alpha_l': 3}, 'SOLVER': {'optim_type': 'adam', 'optim_type_f': 'adamw', 'alpha': 1, 'decay': 20, 'LR': 0.0002913820348258774, 'LR_f': 0.0019566194122375433, 'weight_decay': 0, 'weight_decay_f': 0.00020863531939734574, 'MAX_EPOCH': 100, 'max_epoch_f': 100}, 'DEVICE': 'cuda', 'seeds': [0], 'eval_T': [50, 100, 200], 'output_dir': '/ddm-nni/Citeseer/log', 'checkpoint_dir': '/ddm-nni/Citeseer/log/checkpoint'}
[2023-03-18 12:27:50] PRINT [03/18 12:27:50 graph]: Rank of current process: 0. World size: 1
[2023-03-18 12:27:53] PRINT [03/18 12:27:53 graph]: Environment info:
[2023-03-18 12:27:53] PRINT PyTorch version: 1.10.0+cu113
[2023-03-18 12:27:53] PRINT Is debug build: False
[2023-03-18 12:27:53] PRINT CUDA used to build PyTorch: 11.3
[2023-03-18 12:27:53] PRINT ROCM used to build PyTorch: N/A
[2023-03-18 12:27:53] PRINT 
[2023-03-18 12:27:53] PRINT OS: Ubuntu 20.04.3 LTS (x86_64)
[2023-03-18 12:27:53] PRINT GCC version: (Ubuntu 9.3.0-17ubuntu1~20.04) 9.3.0
[2023-03-18 12:27:53] PRINT Clang version: Could not collect
[2023-03-18 12:27:53] PRINT CMake version: version 3.16.3
[2023-03-18 12:27:53] PRINT Libc version: glibc-2.31
[2023-03-18 12:27:53] PRINT 
[2023-03-18 12:27:53] PRINT Python version: 3.8.10 (default, Jun  4 2021, 15:09:15)  [GCC 7.5.0] (64-bit runtime)
[2023-03-18 12:27:53] PRINT Python platform: Linux-5.4.0-90-generic-x86_64-with-glibc2.17
[2023-03-18 12:27:53] PRINT Is CUDA available: True
[2023-03-18 12:27:53] PRINT CUDA runtime version: 11.3.109
[2023-03-18 12:27:53] PRINT GPU models and configuration: GPU 0: NVIDIA GeForce RTX 3090
[2023-03-18 12:27:53] PRINT Nvidia driver version: 495.44
[2023-03-18 12:27:53] PRINT cuDNN version: Probably one of the following:
[2023-03-18 12:27:53] PRINT /usr/lib/x86_64-linux-gnu/libcudnn.so.8.2.0
[2023-03-18 12:27:53] PRINT /usr/lib/x86_64-linux-gnu/libcudnn_adv_infer.so.8.2.0
[2023-03-18 12:27:53] PRINT /usr/lib/x86_64-linux-gnu/libcudnn_adv_train.so.8.2.0
[2023-03-18 12:27:53] PRINT /usr/lib/x86_64-linux-gnu/libcudnn_cnn_infer.so.8.2.0
[2023-03-18 12:27:53] PRINT /usr/lib/x86_64-linux-gnu/libcudnn_cnn_train.so.8.2.0
[2023-03-18 12:27:53] PRINT /usr/lib/x86_64-linux-gnu/libcudnn_ops_infer.so.8.2.0
[2023-03-18 12:27:53] PRINT /usr/lib/x86_64-linux-gnu/libcudnn_ops_train.so.8.2.0
[2023-03-18 12:27:53] PRINT HIP runtime version: N/A
[2023-03-18 12:27:53] PRINT MIOpen runtime version: N/A
[2023-03-18 12:27:53] PRINT 
[2023-03-18 12:27:53] PRINT Versions of relevant libraries:
[2023-03-18 12:27:53] PRINT [pip3] numpy==1.23.5
[2023-03-18 12:27:53] PRINT [pip3] torch==1.10.0+cu113
[2023-03-18 12:27:53] PRINT [pip3] torchvision==0.11.1+cu113
[2023-03-18 12:27:53] PRINT [conda] blas                      1.0                         mkl    https://mirrors.ustc.edu.cn/anaconda/pkgs/main
[2023-03-18 12:27:53] PRINT [conda] mkl                       2021.4.0           h06a4308_640    https://mirrors.ustc.edu.cn/anaconda/pkgs/main
[2023-03-18 12:27:53] PRINT [conda] mkl-service               2.4.0            py38h7f8727e_0    https://mirrors.ustc.edu.cn/anaconda/pkgs/main
[2023-03-18 12:27:53] PRINT [conda] mkl_fft                   1.3.1            py38hd3c417c_0    https://mirrors.ustc.edu.cn/anaconda/pkgs/main
[2023-03-18 12:27:53] PRINT [conda] mkl_random                1.2.2            py38h51133e4_0    https://mirrors.ustc.edu.cn/anaconda/pkgs/main
[2023-03-18 12:27:53] PRINT [conda] numpy                     1.21.4                   pypi_0    pypi
[2023-03-18 12:27:53] PRINT [conda] numpy-base                1.23.5           py38h31eccc5_0    https://mirrors.ustc.edu.cn/anaconda/pkgs/main
[2023-03-18 12:27:53] PRINT [conda] torch                     1.10.0+cu113             pypi_0    pypi
[2023-03-18 12:27:53] PRINT [conda] torchvision               0.11.1+cu113             pypi_0    pypi
[2023-03-18 12:27:53] PRINT         Pillow (8.4.0)
[2023-03-18 12:27:53] PRINT [03/18 12:27:53 graph]: Command line arguments: Namespace(local_rank=0, resume=False, seed=1234, start_epoch=0)
[2023-03-18 12:27:53] PRINT   NumNodes: 3327
[2023-03-18 12:27:53] PRINT   NumEdges: 9228
[2023-03-18 12:27:53] PRINT   NumFeats: 3703
[2023-03-18 12:27:53] PRINT   NumClasses: 6
[2023-03-18 12:27:53] PRINT   NumTrainingSamples: 120
[2023-03-18 12:27:53] PRINT   NumValidationSamples: 500
[2023-03-18 12:27:53] PRINT   NumTestSamples: 1000
[2023-03-18 12:27:53] PRINT Done loading data from cached files.
[2023-03-18 12:27:53] PRINT [03/18 12:27:53 graph]: Run 0th for seed 0
[2023-03-18 12:27:54] PRINT [03/18 12:27:54 graph]: Total trainable params num : 42965699
[2023-03-18 12:27:58] PRINT [03/18 12:27:58 graph]: ----------Start Training----------
[2023-03-18 12:27:58] PRINT [03/18 12:27:58 graph]: start epoch 0.
[2023-03-18 12:27:59] PRINT [03/18 12:27:59 graph]: # Epoch 0: train_loss: 0.8910 | lr: 0.000291
[2023-03-18 12:27:59] PRINT [03/18 12:27:59 graph]: start epoch 1.
[2023-03-18 12:27:59] PRINT [03/18 12:27:59 graph]: # Epoch 1: train_loss: 0.6327 | lr: 0.000291
[2023-03-18 12:27:59] PRINT [03/18 12:27:59 graph]: start epoch 2.
[2023-03-18 12:27:59] PRINT [03/18 12:27:59 graph]: # Epoch 2: train_loss: 0.5373 | lr: 0.000291
[2023-03-18 12:27:59] PRINT [03/18 12:27:59 graph]: start epoch 3.
[2023-03-18 12:27:59] PRINT [03/18 12:27:59 graph]: # Epoch 3: train_loss: 0.5173 | lr: 0.000291
[2023-03-18 12:27:59] PRINT [03/18 12:27:59 graph]: start epoch 4.
[2023-03-18 12:27:59] PRINT [03/18 12:27:59 graph]: # Epoch 4: train_loss: 0.5160 | lr: 0.000291
[2023-03-18 12:27:59] PRINT [03/18 12:27:59 graph]: start epoch 5.
[2023-03-18 12:27:59] PRINT [03/18 12:27:59 graph]: # Epoch 5: train_loss: 0.5120 | lr: 0.000291
[2023-03-18 12:27:59] PRINT [03/18 12:27:59 graph]: start epoch 6.
[2023-03-18 12:27:59] PRINT [03/18 12:27:59 graph]: # Epoch 6: train_loss: 0.5079 | lr: 0.000291
[2023-03-18 12:27:59] PRINT [03/18 12:27:59 graph]: start epoch 7.
[2023-03-18 12:27:59] PRINT [03/18 12:27:59 graph]: # Epoch 7: train_loss: 0.5037 | lr: 0.000291
[2023-03-18 12:27:59] PRINT [03/18 12:27:59 graph]: start epoch 8.
[2023-03-18 12:27:59] PRINT [03/18 12:27:59 graph]: # Epoch 8: train_loss: 0.4990 | lr: 0.000291
[2023-03-18 12:27:59] PRINT [03/18 12:27:59 graph]: start epoch 9.
[2023-03-18 12:27:59] PRINT [03/18 12:27:59 graph]: # Epoch 9: train_loss: 0.4946 | lr: 0.000291
[2023-03-18 12:27:59] PRINT [03/18 12:27:59 graph]: start epoch 10.
[2023-03-18 12:27:59] PRINT [03/18 12:27:59 graph]: # Epoch 10: train_loss: 0.4889 | lr: 0.000291
[2023-03-18 12:27:59] PRINT [03/18 12:27:59 graph]: start epoch 11.
[2023-03-18 12:27:59] PRINT [03/18 12:27:59 graph]: # Epoch 11: train_loss: 0.4826 | lr: 0.000291
[2023-03-18 12:28:00] PRINT [03/18 12:28:00 graph]: --- Testf1: 0.67200, Best Valacc: 0.68000 in epoch 94 --- 
[2023-03-18 12:28:00] PRINT [03/18 12:28:00 graph]: Epoch 11: get test acc score:  0.672
[2023-03-18 12:28:00] PRINT [03/18 12:28:00 graph]: best_f1 0.672 at epoch 11
[2023-03-18 12:28:00] PRINT [03/18 12:28:00 graph]: start epoch 12.
[2023-03-18 12:28:00] PRINT [03/18 12:28:00 graph]: # Epoch 12: train_loss: 0.4764 | lr: 0.000291
[2023-03-18 12:28:01] PRINT [03/18 12:28:01 graph]: --- Testf1: 0.68800, Best Valacc: 0.69200 in epoch 81 --- 
[2023-03-18 12:28:01] PRINT [03/18 12:28:01 graph]: Epoch 12: get test acc score:  0.688
[2023-03-18 12:28:01] PRINT [03/18 12:28:01 graph]: best_f1 0.688 at epoch 12
[2023-03-18 12:28:01] PRINT [03/18 12:28:01 graph]: start epoch 13.
[2023-03-18 12:28:02] PRINT [03/18 12:28:02 graph]: # Epoch 13: train_loss: 0.4728 | lr: 0.000291
[2023-03-18 12:28:02] PRINT [03/18 12:28:02 graph]: --- Testf1: 0.69200, Best Valacc: 0.68600 in epoch 42 --- 
[2023-03-18 12:28:03] PRINT [03/18 12:28:03 graph]: Epoch 13: get test acc score:  0.692
[2023-03-18 12:28:03] PRINT [03/18 12:28:03 graph]: best_f1 0.692 at epoch 13
[2023-03-18 12:28:03] PRINT [03/18 12:28:03 graph]: start epoch 14.
[2023-03-18 12:28:03] PRINT [03/18 12:28:03 graph]: # Epoch 14: train_loss: 0.4677 | lr: 0.000291
[2023-03-18 12:28:03] PRINT [03/18 12:28:03 graph]: --- Testf1: 0.69500, Best Valacc: 0.69400 in epoch 99 --- 
[2023-03-18 12:28:04] PRINT [03/18 12:28:04 graph]: Epoch 14: get test acc score:  0.695
[2023-03-18 12:28:04] PRINT [03/18 12:28:04 graph]: best_f1 0.695 at epoch 14
[2023-03-18 12:28:04] PRINT [03/18 12:28:04 graph]: start epoch 15.
[2023-03-18 12:28:04] PRINT [03/18 12:28:04 graph]: # Epoch 15: train_loss: 0.4651 | lr: 0.000291
[2023-03-18 12:28:04] PRINT [03/18 12:28:04 graph]: --- Testf1: 0.70800, Best Valacc: 0.70000 in epoch 68 --- 
[2023-03-18 12:28:05] PRINT [03/18 12:28:05 graph]: Epoch 15: get test acc score:  0.708
[2023-03-18 12:28:05] PRINT [03/18 12:28:05 graph]: best_f1 0.708 at epoch 15
[2023-03-18 12:28:05] PRINT [03/18 12:28:05 graph]: start epoch 16.
[2023-03-18 12:28:05] PRINT [03/18 12:28:05 graph]: # Epoch 16: train_loss: 0.4603 | lr: 0.000291
[2023-03-18 12:28:06] PRINT [03/18 12:28:06 graph]: --- Testf1: 0.69400, Best Valacc: 0.68800 in epoch 99 --- 
[2023-03-18 12:28:06] PRINT [03/18 12:28:06 graph]: Epoch 16: get test acc score:  0.694
[2023-03-18 12:28:06] PRINT [03/18 12:28:06 graph]: best_f1 0.708 at epoch 15
[2023-03-18 12:28:06] PRINT [03/18 12:28:06 graph]: start epoch 17.
[2023-03-18 12:28:06] PRINT [03/18 12:28:06 graph]: # Epoch 17: train_loss: 0.4572 | lr: 0.000291
[2023-03-18 12:28:07] PRINT [03/18 12:28:07 graph]: --- Testf1: 0.70300, Best Valacc: 0.68800 in epoch 41 --- 
[2023-03-18 12:28:07] PRINT [03/18 12:28:07 graph]: Epoch 17: get test acc score:  0.703
[2023-03-18 12:28:07] PRINT [03/18 12:28:07 graph]: best_f1 0.708 at epoch 15
[2023-03-18 12:28:07] PRINT [03/18 12:28:07 graph]: start epoch 18.
[2023-03-18 12:28:07] PRINT [03/18 12:28:07 graph]: # Epoch 18: train_loss: 0.4530 | lr: 0.000291
[2023-03-18 12:28:08] PRINT [03/18 12:28:08 graph]: --- Testf1: 0.71700, Best Valacc: 0.68600 in epoch 70 --- 
[2023-03-18 12:28:08] PRINT [03/18 12:28:08 graph]: Epoch 18: get test acc score:  0.717
[2023-03-18 12:28:08] PRINT [03/18 12:28:08 graph]: best_f1 0.717 at epoch 18
[2023-03-18 12:28:08] PRINT [03/18 12:28:08 graph]: start epoch 19.
[2023-03-18 12:28:08] PRINT [03/18 12:28:08 graph]: # Epoch 19: train_loss: 0.4470 | lr: 0.000291
[2023-03-18 12:28:09] PRINT [03/18 12:28:09 graph]: --- Testf1: 0.69700, Best Valacc: 0.70600 in epoch 72 --- 
[2023-03-18 12:28:09] PRINT [03/18 12:28:09 graph]: Epoch 19: get test acc score:  0.697
[2023-03-18 12:28:09] PRINT [03/18 12:28:09 graph]: best_f1 0.717 at epoch 18
[2023-03-18 12:28:09] PRINT [03/18 12:28:09 graph]: start epoch 20.
[2023-03-18 12:28:09] PRINT [03/18 12:28:09 graph]: # Epoch 20: train_loss: 0.4422 | lr: 0.000291
[2023-03-18 12:28:10] PRINT [03/18 12:28:10 graph]: --- Testf1: 0.69900, Best Valacc: 0.70000 in epoch 60 --- 
[2023-03-18 12:28:10] PRINT [03/18 12:28:10 graph]: Epoch 20: get test acc score:  0.699
[2023-03-18 12:28:10] PRINT [03/18 12:28:10 graph]: best_f1 0.717 at epoch 18
[2023-03-18 12:28:10] PRINT [03/18 12:28:10 graph]: start epoch 21.
[2023-03-18 12:28:10] PRINT [03/18 12:28:10 graph]: # Epoch 21: train_loss: 0.4371 | lr: 0.000291
[2023-03-18 12:28:11] PRINT [03/18 12:28:11 graph]: --- Testf1: 0.70200, Best Valacc: 0.70600 in epoch 91 --- 
[2023-03-18 12:28:11] PRINT [03/18 12:28:11 graph]: Epoch 21: get test acc score:  0.702
[2023-03-18 12:28:11] PRINT [03/18 12:28:11 graph]: best_f1 0.717 at epoch 18
[2023-03-18 12:28:11] PRINT [03/18 12:28:11 graph]: start epoch 22.
[2023-03-18 12:28:11] PRINT [03/18 12:28:11 graph]: # Epoch 22: train_loss: 0.4316 | lr: 0.000291
[2023-03-18 12:28:12] PRINT [03/18 12:28:12 graph]: --- Testf1: 0.68400, Best Valacc: 0.69200 in epoch 60 --- 
[2023-03-18 12:28:12] PRINT [03/18 12:28:12 graph]: Epoch 22: get test acc score:  0.684
[2023-03-18 12:28:12] PRINT [03/18 12:28:12 graph]: best_f1 0.717 at epoch 18
[2023-03-18 12:28:12] PRINT [03/18 12:28:12 graph]: start epoch 23.
[2023-03-18 12:28:12] PRINT [03/18 12:28:12 graph]: # Epoch 23: train_loss: 0.4278 | lr: 0.000291
[2023-03-18 12:28:13] PRINT [03/18 12:28:13 graph]: --- Testf1: 0.70700, Best Valacc: 0.69000 in epoch 37 --- 
[2023-03-18 12:28:13] PRINT [03/18 12:28:13 graph]: Epoch 23: get test acc score:  0.707
[2023-03-18 12:28:13] PRINT [03/18 12:28:13 graph]: best_f1 0.717 at epoch 18
[2023-03-18 12:28:13] PRINT [03/18 12:28:13 graph]: start epoch 24.
[2023-03-18 12:28:13] PRINT [03/18 12:28:13 graph]: # Epoch 24: train_loss: 0.4230 | lr: 0.000291
[2023-03-18 12:28:14] PRINT [03/18 12:28:14 graph]: --- Testf1: 0.71300, Best Valacc: 0.70000 in epoch 48 --- 
[2023-03-18 12:28:14] PRINT [03/18 12:28:14 graph]: Epoch 24: get test acc score:  0.713
[2023-03-18 12:28:14] PRINT [03/18 12:28:14 graph]: best_f1 0.717 at epoch 18
[2023-03-18 12:28:14] PRINT [03/18 12:28:14 graph]: start epoch 25.
[2023-03-18 12:28:14] PRINT [03/18 12:28:14 graph]: # Epoch 25: train_loss: 0.4188 | lr: 0.000291
[2023-03-18 12:28:15] PRINT [03/18 12:28:15 graph]: --- Testf1: 0.68800, Best Valacc: 0.69000 in epoch 23 --- 
[2023-03-18 12:28:15] PRINT [03/18 12:28:15 graph]: Epoch 25: get test acc score:  0.688
[2023-03-18 12:28:15] PRINT [03/18 12:28:15 graph]: best_f1 0.717 at epoch 18
[2023-03-18 12:28:15] PRINT [03/18 12:28:15 graph]: start epoch 26.
[2023-03-18 12:28:15] PRINT [03/18 12:28:15 graph]: # Epoch 26: train_loss: 0.4158 | lr: 0.000291
[2023-03-18 12:28:16] PRINT [03/18 12:28:16 graph]: --- Testf1: 0.70600, Best Valacc: 0.68800 in epoch 53 --- 
[2023-03-18 12:28:16] PRINT [03/18 12:28:16 graph]: Epoch 26: get test acc score:  0.706
[2023-03-18 12:28:16] PRINT [03/18 12:28:16 graph]: best_f1 0.717 at epoch 18
[2023-03-18 12:28:16] PRINT [03/18 12:28:16 graph]: start epoch 27.
[2023-03-18 12:28:16] PRINT [03/18 12:28:16 graph]: # Epoch 27: train_loss: 0.4116 | lr: 0.000291
[2023-03-18 12:28:17] PRINT [03/18 12:28:17 graph]: --- Testf1: 0.70800, Best Valacc: 0.71200 in epoch 54 --- 
[2023-03-18 12:28:17] PRINT [03/18 12:28:17 graph]: Epoch 27: get test acc score:  0.708
[2023-03-18 12:28:17] PRINT [03/18 12:28:17 graph]: best_f1 0.717 at epoch 18
[2023-03-18 12:28:17] PRINT [03/18 12:28:17 graph]: start epoch 28.
[2023-03-18 12:28:17] PRINT [03/18 12:28:17 graph]: # Epoch 28: train_loss: 0.4082 | lr: 0.000291
[2023-03-18 12:28:18] PRINT [03/18 12:28:18 graph]: --- Testf1: 0.71500, Best Valacc: 0.70200 in epoch 19 --- 
[2023-03-18 12:28:18] PRINT [03/18 12:28:18 graph]: Epoch 28: get test acc score:  0.715
[2023-03-18 12:28:18] PRINT [03/18 12:28:18 graph]: best_f1 0.717 at epoch 18
[2023-03-18 12:28:18] PRINT [03/18 12:28:18 graph]: start epoch 29.
[2023-03-18 12:28:18] PRINT [03/18 12:28:18 graph]: # Epoch 29: train_loss: 0.4051 | lr: 0.000291
[2023-03-18 12:28:19] PRINT [03/18 12:28:19 graph]: --- Testf1: 0.70100, Best Valacc: 0.71600 in epoch 52 --- 
[2023-03-18 12:28:19] PRINT [03/18 12:28:19 graph]: Epoch 29: get test acc score:  0.701
[2023-03-18 12:28:19] PRINT [03/18 12:28:19 graph]: best_f1 0.717 at epoch 18
[2023-03-18 12:28:19] PRINT [03/18 12:28:19 graph]: start epoch 30.
[2023-03-18 12:28:19] PRINT [03/18 12:28:19 graph]: # Epoch 30: train_loss: 0.4026 | lr: 0.000291
[2023-03-18 12:28:20] PRINT [03/18 12:28:20 graph]: --- Testf1: 0.71200, Best Valacc: 0.71600 in epoch 48 --- 
[2023-03-18 12:28:20] PRINT [03/18 12:28:20 graph]: Epoch 30: get test acc score:  0.712
[2023-03-18 12:28:20] PRINT [03/18 12:28:20 graph]: best_f1 0.717 at epoch 18
[2023-03-18 12:28:20] PRINT [03/18 12:28:20 graph]: start epoch 31.
[2023-03-18 12:28:20] PRINT [03/18 12:28:20 graph]: # Epoch 31: train_loss: 0.4006 | lr: 0.000291
[2023-03-18 12:28:21] PRINT [03/18 12:28:21 graph]: --- Testf1: 0.71700, Best Valacc: 0.70800 in epoch 47 --- 
[2023-03-18 12:28:21] PRINT [03/18 12:28:21 graph]: Epoch 31: get test acc score:  0.717
[2023-03-18 12:28:21] PRINT [03/18 12:28:21 graph]: best_f1 0.717 at epoch 18
[2023-03-18 12:28:21] PRINT [03/18 12:28:21 graph]: start epoch 32.
[2023-03-18 12:28:21] PRINT [03/18 12:28:21 graph]: # Epoch 32: train_loss: 0.3969 | lr: 0.000291
[2023-03-18 12:28:22] PRINT [03/18 12:28:22 graph]: --- Testf1: 0.71600, Best Valacc: 0.72000 in epoch 91 --- 
[2023-03-18 12:28:22] PRINT [03/18 12:28:22 graph]: Epoch 32: get test acc score:  0.716
[2023-03-18 12:28:22] PRINT [03/18 12:28:22 graph]: best_f1 0.717 at epoch 18
[2023-03-18 12:28:22] PRINT [03/18 12:28:22 graph]: start epoch 33.
[2023-03-18 12:28:22] PRINT [03/18 12:28:22 graph]: # Epoch 33: train_loss: 0.3959 | lr: 0.000291
[2023-03-18 12:28:23] PRINT [03/18 12:28:23 graph]: --- Testf1: 0.70600, Best Valacc: 0.71400 in epoch 31 --- 
[2023-03-18 12:28:23] PRINT [03/18 12:28:23 graph]: Epoch 33: get test acc score:  0.706
[2023-03-18 12:28:23] PRINT [03/18 12:28:23 graph]: best_f1 0.717 at epoch 18
[2023-03-18 12:28:23] PRINT [03/18 12:28:23 graph]: start epoch 34.
[2023-03-18 12:28:23] PRINT [03/18 12:28:23 graph]: # Epoch 34: train_loss: 0.3927 | lr: 0.000291
[2023-03-18 12:28:24] PRINT [03/18 12:28:24 graph]: --- Testf1: 0.72000, Best Valacc: 0.73800 in epoch 68 --- 
[2023-03-18 12:28:24] PRINT [03/18 12:28:24 graph]: Epoch 34: get test acc score:  0.720
[2023-03-18 12:28:24] PRINT [03/18 12:28:24 graph]: best_f1 0.720 at epoch 34
[2023-03-18 12:28:24] PRINT [03/18 12:28:24 graph]: start epoch 35.
[2023-03-18 12:28:24] PRINT [03/18 12:28:24 graph]: # Epoch 35: train_loss: 0.3915 | lr: 0.000291
[2023-03-18 12:28:25] PRINT [03/18 12:28:25 graph]: --- Testf1: 0.71800, Best Valacc: 0.73400 in epoch 23 --- 
[2023-03-18 12:28:25] PRINT [03/18 12:28:25 graph]: Epoch 35: get test acc score:  0.718
[2023-03-18 12:28:25] PRINT [03/18 12:28:25 graph]: best_f1 0.720 at epoch 34
[2023-03-18 12:28:25] PRINT [03/18 12:28:25 graph]: start epoch 36.
[2023-03-18 12:28:25] PRINT [03/18 12:28:25 graph]: # Epoch 36: train_loss: 0.3872 | lr: 0.000291
[2023-03-18 12:28:26] PRINT [03/18 12:28:26 graph]: --- Testf1: 0.72600, Best Valacc: 0.73600 in epoch 25 --- 
[2023-03-18 12:28:26] PRINT [03/18 12:28:26 graph]: Epoch 36: get test acc score:  0.726
[2023-03-18 12:28:26] PRINT [03/18 12:28:26 graph]: best_f1 0.726 at epoch 36
[2023-03-18 12:28:26] PRINT [03/18 12:28:26 graph]: start epoch 37.
[2023-03-18 12:28:26] PRINT [03/18 12:28:26 graph]: # Epoch 37: train_loss: 0.3845 | lr: 0.000291
[2023-03-18 12:28:27] PRINT [03/18 12:28:27 graph]: --- Testf1: 0.72600, Best Valacc: 0.70400 in epoch 26 --- 
[2023-03-18 12:28:27] PRINT [03/18 12:28:27 graph]: Epoch 37: get test acc score:  0.726
[2023-03-18 12:28:27] PRINT [03/18 12:28:27 graph]: best_f1 0.726 at epoch 36
[2023-03-18 12:28:27] PRINT [03/18 12:28:27 graph]: start epoch 38.
[2023-03-18 12:28:27] PRINT [03/18 12:28:27 graph]: # Epoch 38: train_loss: 0.3830 | lr: 0.000291
[2023-03-18 12:28:28] PRINT [03/18 12:28:28 graph]: --- Testf1: 0.72000, Best Valacc: 0.71800 in epoch 19 --- 
[2023-03-18 12:28:28] PRINT [03/18 12:28:28 graph]: Epoch 38: get test acc score:  0.720
[2023-03-18 12:28:28] PRINT [03/18 12:28:28 graph]: best_f1 0.726 at epoch 36
[2023-03-18 12:28:28] PRINT [03/18 12:28:28 graph]: start epoch 39.
[2023-03-18 12:28:28] PRINT [03/18 12:28:28 graph]: # Epoch 39: train_loss: 0.3807 | lr: 0.000291
[2023-03-18 12:28:29] PRINT [03/18 12:28:29 graph]: --- Testf1: 0.71800, Best Valacc: 0.71200 in epoch 25 --- 
[2023-03-18 12:28:29] PRINT [03/18 12:28:29 graph]: Epoch 39: get test acc score:  0.718
[2023-03-18 12:28:29] PRINT [03/18 12:28:29 graph]: best_f1 0.726 at epoch 36
[2023-03-18 12:28:29] PRINT [03/18 12:28:29 graph]: start epoch 40.
[2023-03-18 12:28:29] PRINT [03/18 12:28:29 graph]: # Epoch 40: train_loss: 0.3780 | lr: 0.000291
[2023-03-18 12:28:30] PRINT [03/18 12:28:30 graph]: --- Testf1: 0.72400, Best Valacc: 0.73400 in epoch 43 --- 
[2023-03-18 12:28:30] PRINT [03/18 12:28:30 graph]: Epoch 40: get test acc score:  0.724
[2023-03-18 12:28:30] PRINT [03/18 12:28:30 graph]: best_f1 0.726 at epoch 36
[2023-03-18 12:28:30] PRINT [03/18 12:28:30 graph]: start epoch 41.
[2023-03-18 12:28:30] PRINT [03/18 12:28:30 graph]: # Epoch 41: train_loss: 0.3761 | lr: 0.000291
[2023-03-18 12:28:31] PRINT [03/18 12:28:31 graph]: --- Testf1: 0.72700, Best Valacc: 0.72400 in epoch 27 --- 
[2023-03-18 12:28:31] PRINT [03/18 12:28:31 graph]: Epoch 41: get test acc score:  0.727
[2023-03-18 12:28:31] PRINT [03/18 12:28:31 graph]: best_f1 0.727 at epoch 41
[2023-03-18 12:28:31] PRINT [03/18 12:28:31 graph]: start epoch 42.
[2023-03-18 12:28:31] PRINT [03/18 12:28:31 graph]: # Epoch 42: train_loss: 0.3745 | lr: 0.000291
[2023-03-18 12:28:32] PRINT [03/18 12:28:32 graph]: --- Testf1: 0.72500, Best Valacc: 0.71400 in epoch 20 --- 
[2023-03-18 12:28:32] PRINT [03/18 12:28:32 graph]: Epoch 42: get test acc score:  0.725
[2023-03-18 12:28:32] PRINT [03/18 12:28:32 graph]: best_f1 0.727 at epoch 41
[2023-03-18 12:28:32] PRINT [03/18 12:28:32 graph]: start epoch 43.
[2023-03-18 12:28:32] PRINT [03/18 12:28:32 graph]: # Epoch 43: train_loss: 0.3712 | lr: 0.000291
[2023-03-18 12:28:33] PRINT [03/18 12:28:33 graph]: --- Testf1: 0.72500, Best Valacc: 0.73000 in epoch 27 --- 
[2023-03-18 12:28:33] PRINT [03/18 12:28:33 graph]: Epoch 43: get test acc score:  0.725
[2023-03-18 12:28:33] PRINT [03/18 12:28:33 graph]: best_f1 0.727 at epoch 41
[2023-03-18 12:28:33] PRINT [03/18 12:28:33 graph]: start epoch 44.
[2023-03-18 12:28:33] PRINT [03/18 12:28:33 graph]: # Epoch 44: train_loss: 0.3699 | lr: 0.000291
[2023-03-18 12:28:34] PRINT [03/18 12:28:34 graph]: --- Testf1: 0.71900, Best Valacc: 0.72400 in epoch 25 --- 
[2023-03-18 12:28:34] PRINT [03/18 12:28:34 graph]: Epoch 44: get test acc score:  0.719
[2023-03-18 12:28:34] PRINT [03/18 12:28:34 graph]: best_f1 0.727 at epoch 41
[2023-03-18 12:28:34] PRINT [03/18 12:28:34 graph]: start epoch 45.
[2023-03-18 12:28:34] PRINT [03/18 12:28:34 graph]: # Epoch 45: train_loss: 0.3669 | lr: 0.000291
[2023-03-18 12:28:35] PRINT [03/18 12:28:35 graph]: --- Testf1: 0.72900, Best Valacc: 0.73200 in epoch 24 --- 
[2023-03-18 12:28:35] PRINT [03/18 12:28:35 graph]: Epoch 45: get test acc score:  0.729
[2023-03-18 12:28:35] PRINT [03/18 12:28:35 graph]: best_f1 0.729 at epoch 45
[2023-03-18 12:28:35] PRINT [03/18 12:28:35 graph]: start epoch 46.
[2023-03-18 12:28:35] PRINT [03/18 12:28:35 graph]: # Epoch 46: train_loss: 0.3642 | lr: 0.000291
[2023-03-18 12:28:36] PRINT [03/18 12:28:36 graph]: --- Testf1: 0.72900, Best Valacc: 0.73000 in epoch 22 --- 
[2023-03-18 12:28:36] PRINT [03/18 12:28:36 graph]: Epoch 46: get test acc score:  0.729
[2023-03-18 12:28:36] PRINT [03/18 12:28:36 graph]: best_f1 0.729 at epoch 45
[2023-03-18 12:28:36] PRINT [03/18 12:28:36 graph]: start epoch 47.
[2023-03-18 12:28:36] PRINT [03/18 12:28:36 graph]: # Epoch 47: train_loss: 0.3629 | lr: 0.000291
[2023-03-18 12:28:37] PRINT [03/18 12:28:37 graph]: --- Testf1: 0.71700, Best Valacc: 0.72800 in epoch 25 --- 
[2023-03-18 12:28:37] PRINT [03/18 12:28:37 graph]: Epoch 47: get test acc score:  0.717
[2023-03-18 12:28:37] PRINT [03/18 12:28:37 graph]: best_f1 0.729 at epoch 45
[2023-03-18 12:28:37] PRINT [03/18 12:28:37 graph]: start epoch 48.
[2023-03-18 12:28:37] PRINT [03/18 12:28:37 graph]: # Epoch 48: train_loss: 0.3600 | lr: 0.000291
[2023-03-18 12:28:38] PRINT [03/18 12:28:38 graph]: --- Testf1: 0.73000, Best Valacc: 0.73000 in epoch 24 --- 
[2023-03-18 12:28:38] PRINT [03/18 12:28:38 graph]: Epoch 48: get test acc score:  0.730
[2023-03-18 12:28:38] PRINT [03/18 12:28:38 graph]: best_f1 0.730 at epoch 48
[2023-03-18 12:28:38] PRINT [03/18 12:28:38 graph]: start epoch 49.
[2023-03-18 12:28:38] PRINT [03/18 12:28:38 graph]: # Epoch 49: train_loss: 0.3574 | lr: 0.000291
[2023-03-18 12:28:39] PRINT [03/18 12:28:39 graph]: --- Testf1: 0.71800, Best Valacc: 0.73000 in epoch 26 --- 
[2023-03-18 12:28:39] PRINT [03/18 12:28:39 graph]: Epoch 49: get test acc score:  0.718
[2023-03-18 12:28:39] PRINT [03/18 12:28:39 graph]: best_f1 0.730 at epoch 48
[2023-03-18 12:28:39] PRINT [03/18 12:28:39 graph]: start epoch 50.
[2023-03-18 12:28:39] PRINT [03/18 12:28:39 graph]: # Epoch 50: train_loss: 0.3556 | lr: 0.000291
[2023-03-18 12:28:40] PRINT [03/18 12:28:40 graph]: --- Testf1: 0.71900, Best Valacc: 0.71600 in epoch 24 --- 
[2023-03-18 12:28:40] PRINT [03/18 12:28:40 graph]: Epoch 50: get test acc score:  0.719
[2023-03-18 12:28:40] PRINT [03/18 12:28:40 graph]: best_f1 0.730 at epoch 48
[2023-03-18 12:28:40] PRINT [03/18 12:28:40 graph]: start epoch 51.
[2023-03-18 12:28:40] PRINT [03/18 12:28:40 graph]: # Epoch 51: train_loss: 0.3540 | lr: 0.000291
[2023-03-18 12:28:41] PRINT [03/18 12:28:41 graph]: --- Testf1: 0.71200, Best Valacc: 0.71400 in epoch 20 --- 
[2023-03-18 12:28:41] PRINT [03/18 12:28:41 graph]: Epoch 51: get test acc score:  0.712
[2023-03-18 12:28:41] PRINT [03/18 12:28:41 graph]: best_f1 0.730 at epoch 48
[2023-03-18 12:28:41] PRINT [03/18 12:28:41 graph]: start epoch 52.
[2023-03-18 12:28:41] PRINT [03/18 12:28:41 graph]: # Epoch 52: train_loss: 0.3503 | lr: 0.000291
[2023-03-18 12:28:42] PRINT [03/18 12:28:42 graph]: --- Testf1: 0.72100, Best Valacc: 0.73200 in epoch 12 --- 
[2023-03-18 12:28:42] PRINT [03/18 12:28:42 graph]: Epoch 52: get test acc score:  0.721
[2023-03-18 12:28:42] PRINT [03/18 12:28:42 graph]: best_f1 0.730 at epoch 48
[2023-03-18 12:28:42] PRINT [03/18 12:28:42 graph]: start epoch 53.
[2023-03-18 12:28:42] PRINT [03/18 12:28:42 graph]: # Epoch 53: train_loss: 0.3484 | lr: 0.000291
[2023-03-18 12:28:43] PRINT [03/18 12:28:43 graph]: --- Testf1: 0.71200, Best Valacc: 0.70800 in epoch 24 --- 
[2023-03-18 12:28:43] PRINT [03/18 12:28:43 graph]: Epoch 53: get test acc score:  0.712
[2023-03-18 12:28:43] PRINT [03/18 12:28:43 graph]: best_f1 0.730 at epoch 48
[2023-03-18 12:28:43] PRINT [03/18 12:28:43 graph]: start epoch 54.
[2023-03-18 12:28:43] PRINT [03/18 12:28:43 graph]: # Epoch 54: train_loss: 0.3467 | lr: 0.000291
[2023-03-18 12:28:44] PRINT [03/18 12:28:44 graph]: --- Testf1: 0.70600, Best Valacc: 0.73400 in epoch 16 --- 
[2023-03-18 12:28:44] PRINT [03/18 12:28:44 graph]: Epoch 54: get test acc score:  0.706
[2023-03-18 12:28:44] PRINT [03/18 12:28:44 graph]: best_f1 0.730 at epoch 48
[2023-03-18 12:28:44] PRINT [03/18 12:28:44 graph]: start epoch 55.
[2023-03-18 12:28:44] PRINT [03/18 12:28:44 graph]: # Epoch 55: train_loss: 0.3450 | lr: 0.000291
[2023-03-18 12:28:45] PRINT [03/18 12:28:45 graph]: --- Testf1: 0.70500, Best Valacc: 0.72400 in epoch 24 --- 
[2023-03-18 12:28:45] PRINT [03/18 12:28:45 graph]: Epoch 55: get test acc score:  0.705
[2023-03-18 12:28:45] PRINT [03/18 12:28:45 graph]: best_f1 0.730 at epoch 48
[2023-03-18 12:28:45] PRINT [03/18 12:28:45 graph]: start epoch 56.
[2023-03-18 12:28:45] PRINT [03/18 12:28:45 graph]: # Epoch 56: train_loss: 0.3414 | lr: 0.000291
[2023-03-18 12:28:46] PRINT [03/18 12:28:46 graph]: --- Testf1: 0.71400, Best Valacc: 0.72000 in epoch 20 --- 
[2023-03-18 12:28:46] PRINT [03/18 12:28:46 graph]: Epoch 56: get test acc score:  0.714
[2023-03-18 12:28:46] PRINT [03/18 12:28:46 graph]: best_f1 0.730 at epoch 48
[2023-03-18 12:28:46] PRINT [03/18 12:28:46 graph]: start epoch 57.
[2023-03-18 12:28:46] PRINT [03/18 12:28:46 graph]: # Epoch 57: train_loss: 0.3401 | lr: 0.000291
[2023-03-18 12:28:47] PRINT [03/18 12:28:47 graph]: --- Testf1: 0.70900, Best Valacc: 0.71400 in epoch 26 --- 
[2023-03-18 12:28:47] PRINT [03/18 12:28:47 graph]: Epoch 57: get test acc score:  0.709
[2023-03-18 12:28:47] PRINT [03/18 12:28:47 graph]: best_f1 0.730 at epoch 48
[2023-03-18 12:28:47] PRINT [03/18 12:28:47 graph]: start epoch 58.
[2023-03-18 12:28:47] PRINT [03/18 12:28:47 graph]: # Epoch 58: train_loss: 0.3390 | lr: 0.000291
[2023-03-18 12:28:48] PRINT [03/18 12:28:48 graph]: --- Testf1: 0.69600, Best Valacc: 0.72600 in epoch 33 --- 
[2023-03-18 12:28:48] PRINT [03/18 12:28:48 graph]: Epoch 58: get test acc score:  0.696
[2023-03-18 12:28:48] PRINT [03/18 12:28:48 graph]: best_f1 0.730 at epoch 48
[2023-03-18 12:28:48] PRINT [03/18 12:28:48 graph]: start epoch 59.
[2023-03-18 12:28:48] PRINT [03/18 12:28:48 graph]: # Epoch 59: train_loss: 0.3368 | lr: 0.000291
[2023-03-18 12:28:49] PRINT [03/18 12:28:49 graph]: --- Testf1: 0.70500, Best Valacc: 0.71200 in epoch 26 --- 
[2023-03-18 12:28:49] PRINT [03/18 12:28:49 graph]: Epoch 59: get test acc score:  0.705
[2023-03-18 12:28:49] PRINT [03/18 12:28:49 graph]: best_f1 0.730 at epoch 48
[2023-03-18 12:28:49] PRINT [03/18 12:28:49 graph]: start epoch 60.
[2023-03-18 12:28:49] PRINT [03/18 12:28:49 graph]: # Epoch 60: train_loss: 0.3335 | lr: 0.000291
[2023-03-18 12:28:50] PRINT [03/18 12:28:50 graph]: --- Testf1: 0.70900, Best Valacc: 0.69600 in epoch 18 --- 
[2023-03-18 12:28:50] PRINT [03/18 12:28:50 graph]: Epoch 60: get test acc score:  0.709
[2023-03-18 12:28:50] PRINT [03/18 12:28:50 graph]: best_f1 0.730 at epoch 48
[2023-03-18 12:28:50] PRINT [03/18 12:28:50 graph]: start epoch 61.
[2023-03-18 12:28:50] PRINT [03/18 12:28:50 graph]: # Epoch 61: train_loss: 0.3327 | lr: 0.000291
[2023-03-18 12:28:51] PRINT [03/18 12:28:51 graph]: --- Testf1: 0.70600, Best Valacc: 0.70600 in epoch 13 --- 
[2023-03-18 12:28:51] PRINT [03/18 12:28:51 graph]: Epoch 61: get test acc score:  0.706
[2023-03-18 12:28:51] PRINT [03/18 12:28:51 graph]: best_f1 0.730 at epoch 48
[2023-03-18 12:28:51] PRINT [03/18 12:28:51 graph]: start epoch 62.
[2023-03-18 12:28:51] PRINT [03/18 12:28:51 graph]: # Epoch 62: train_loss: 0.3295 | lr: 0.000291
[2023-03-18 12:28:52] PRINT [03/18 12:28:52 graph]: --- Testf1: 0.69700, Best Valacc: 0.70600 in epoch 99 --- 
[2023-03-18 12:28:52] PRINT [03/18 12:28:52 graph]: Epoch 62: get test acc score:  0.697
[2023-03-18 12:28:52] PRINT [03/18 12:28:52 graph]: best_f1 0.730 at epoch 48
[2023-03-18 12:28:52] PRINT [03/18 12:28:52 graph]: start epoch 63.
[2023-03-18 12:28:52] PRINT [03/18 12:28:52 graph]: # Epoch 63: train_loss: 0.3282 | lr: 0.000291
[2023-03-18 12:28:53] PRINT [03/18 12:28:53 graph]: --- Testf1: 0.69900, Best Valacc: 0.70600 in epoch 26 --- 
[2023-03-18 12:28:53] PRINT [03/18 12:28:53 graph]: Epoch 63: get test acc score:  0.699
[2023-03-18 12:28:53] PRINT [03/18 12:28:53 graph]: best_f1 0.730 at epoch 48
[2023-03-18 12:28:53] PRINT [03/18 12:28:53 graph]: start epoch 64.
[2023-03-18 12:28:53] PRINT [03/18 12:28:53 graph]: # Epoch 64: train_loss: 0.3271 | lr: 0.000291
[2023-03-18 12:28:54] PRINT [03/18 12:28:54 graph]: --- Testf1: 0.70500, Best Valacc: 0.70600 in epoch 31 --- 
[2023-03-18 12:28:54] PRINT [03/18 12:28:54 graph]: Epoch 64: get test acc score:  0.705
[2023-03-18 12:28:54] PRINT [03/18 12:28:54 graph]: best_f1 0.730 at epoch 48
[2023-03-18 12:28:54] PRINT [03/18 12:28:54 graph]: start epoch 65.
[2023-03-18 12:28:54] PRINT [03/18 12:28:54 graph]: # Epoch 65: train_loss: 0.3235 | lr: 0.000291
[2023-03-18 12:28:55] PRINT [03/18 12:28:55 graph]: --- Testf1: 0.69700, Best Valacc: 0.71000 in epoch 29 --- 
[2023-03-18 12:28:55] PRINT [03/18 12:28:55 graph]: Epoch 65: get test acc score:  0.697
[2023-03-18 12:28:55] PRINT [03/18 12:28:55 graph]: best_f1 0.730 at epoch 48
[2023-03-18 12:28:55] PRINT [03/18 12:28:55 graph]: start epoch 66.
[2023-03-18 12:28:55] PRINT [03/18 12:28:55 graph]: # Epoch 66: train_loss: 0.3231 | lr: 0.000291
[2023-03-18 12:28:56] PRINT [03/18 12:28:56 graph]: --- Testf1: 0.70000, Best Valacc: 0.71000 in epoch 47 --- 
[2023-03-18 12:28:56] PRINT [03/18 12:28:56 graph]: Epoch 66: get test acc score:  0.700
[2023-03-18 12:28:56] PRINT [03/18 12:28:56 graph]: best_f1 0.730 at epoch 48
[2023-03-18 12:28:56] PRINT [03/18 12:28:56 graph]: start epoch 67.
[2023-03-18 12:28:56] PRINT [03/18 12:28:56 graph]: # Epoch 67: train_loss: 0.3198 | lr: 0.000291
[2023-03-18 12:28:57] PRINT [03/18 12:28:57 graph]: --- Testf1: 0.70800, Best Valacc: 0.70000 in epoch 39 --- 
[2023-03-18 12:28:57] PRINT [03/18 12:28:57 graph]: Epoch 67: get test acc score:  0.708
[2023-03-18 12:28:57] PRINT [03/18 12:28:57 graph]: best_f1 0.730 at epoch 48
[2023-03-18 12:28:57] PRINT [03/18 12:28:57 graph]: start epoch 68.
[2023-03-18 12:28:57] PRINT [03/18 12:28:57 graph]: # Epoch 68: train_loss: 0.3178 | lr: 0.000291
[2023-03-18 12:28:58] PRINT [03/18 12:28:58 graph]: --- Testf1: 0.69500, Best Valacc: 0.70400 in epoch 27 --- 
[2023-03-18 12:28:58] PRINT [03/18 12:28:58 graph]: Epoch 68: get test acc score:  0.695
[2023-03-18 12:28:58] PRINT [03/18 12:28:58 graph]: best_f1 0.730 at epoch 48
[2023-03-18 12:28:58] PRINT [03/18 12:28:58 graph]: start epoch 69.
[2023-03-18 12:28:58] PRINT [03/18 12:28:58 graph]: # Epoch 69: train_loss: 0.3167 | lr: 0.000291
[2023-03-18 12:28:59] PRINT [03/18 12:28:59 graph]: --- Testf1: 0.70400, Best Valacc: 0.70000 in epoch 26 --- 
[2023-03-18 12:28:59] PRINT [03/18 12:28:59 graph]: Epoch 69: get test acc score:  0.704
[2023-03-18 12:28:59] PRINT [03/18 12:28:59 graph]: best_f1 0.730 at epoch 48
[2023-03-18 12:28:59] PRINT [03/18 12:28:59 graph]: start epoch 70.
[2023-03-18 12:28:59] PRINT [03/18 12:28:59 graph]: # Epoch 70: train_loss: 0.3154 | lr: 0.000291
[2023-03-18 12:29:00] PRINT [03/18 12:29:00 graph]: --- Testf1: 0.69200, Best Valacc: 0.71200 in epoch 39 --- 
[2023-03-18 12:29:00] PRINT [03/18 12:29:00 graph]: Epoch 70: get test acc score:  0.692
[2023-03-18 12:29:00] PRINT [03/18 12:29:00 graph]: best_f1 0.730 at epoch 48
[2023-03-18 12:29:00] PRINT [03/18 12:29:00 graph]: start epoch 71.
[2023-03-18 12:29:00] PRINT [03/18 12:29:00 graph]: # Epoch 71: train_loss: 0.3124 | lr: 0.000291
[2023-03-18 12:29:01] PRINT [03/18 12:29:01 graph]: --- Testf1: 0.71100, Best Valacc: 0.70200 in epoch 23 --- 
[2023-03-18 12:29:01] PRINT [03/18 12:29:01 graph]: Epoch 71: get test acc score:  0.711
[2023-03-18 12:29:01] PRINT [03/18 12:29:01 graph]: best_f1 0.730 at epoch 48
[2023-03-18 12:29:01] PRINT [03/18 12:29:01 graph]: start epoch 72.
[2023-03-18 12:29:01] PRINT [03/18 12:29:01 graph]: # Epoch 72: train_loss: 0.3092 | lr: 0.000291
[2023-03-18 12:29:02] PRINT [03/18 12:29:02 graph]: --- Testf1: 0.70600, Best Valacc: 0.71000 in epoch 24 --- 
[2023-03-18 12:29:02] PRINT [03/18 12:29:02 graph]: Epoch 72: get test acc score:  0.706
[2023-03-18 12:29:02] PRINT [03/18 12:29:02 graph]: best_f1 0.730 at epoch 48
[2023-03-18 12:29:02] PRINT [03/18 12:29:02 graph]: start epoch 73.
[2023-03-18 12:29:02] PRINT [03/18 12:29:02 graph]: # Epoch 73: train_loss: 0.3085 | lr: 0.000291
[2023-03-18 12:29:03] PRINT [03/18 12:29:03 graph]: --- Testf1: 0.69000, Best Valacc: 0.70600 in epoch 22 --- 
[2023-03-18 12:29:03] PRINT [03/18 12:29:03 graph]: Epoch 73: get test acc score:  0.690
[2023-03-18 12:29:03] PRINT [03/18 12:29:03 graph]: best_f1 0.730 at epoch 48
[2023-03-18 12:29:03] PRINT [03/18 12:29:03 graph]: start epoch 74.
[2023-03-18 12:29:03] PRINT [03/18 12:29:03 graph]: # Epoch 74: train_loss: 0.3071 | lr: 0.000291
[2023-03-18 12:29:04] PRINT [03/18 12:29:04 graph]: --- Testf1: 0.69500, Best Valacc: 0.68400 in epoch 25 --- 
[2023-03-18 12:29:04] PRINT [03/18 12:29:04 graph]: Epoch 74: get test acc score:  0.695
[2023-03-18 12:29:04] PRINT [03/18 12:29:04 graph]: best_f1 0.730 at epoch 48
[2023-03-18 12:29:04] PRINT [03/18 12:29:04 graph]: start epoch 75.
[2023-03-18 12:29:04] PRINT [03/18 12:29:04 graph]: # Epoch 75: train_loss: 0.3054 | lr: 0.000291
[2023-03-18 12:29:05] PRINT [03/18 12:29:05 graph]: --- Testf1: 0.70400, Best Valacc: 0.70800 in epoch 25 --- 
[2023-03-18 12:29:05] PRINT [03/18 12:29:05 graph]: Epoch 75: get test acc score:  0.704
[2023-03-18 12:29:05] PRINT [03/18 12:29:05 graph]: best_f1 0.730 at epoch 48
[2023-03-18 12:29:05] PRINT [03/18 12:29:05 graph]: start epoch 76.
[2023-03-18 12:29:05] PRINT [03/18 12:29:05 graph]: # Epoch 76: train_loss: 0.3026 | lr: 0.000291
[2023-03-18 12:29:06] PRINT [03/18 12:29:06 graph]: --- Testf1: 0.69000, Best Valacc: 0.68600 in epoch 30 --- 
[2023-03-18 12:29:06] PRINT [03/18 12:29:06 graph]: Epoch 76: get test acc score:  0.690
[2023-03-18 12:29:06] PRINT [03/18 12:29:06 graph]: best_f1 0.730 at epoch 48
[2023-03-18 12:29:06] PRINT [03/18 12:29:06 graph]: start epoch 77.
[2023-03-18 12:29:06] PRINT [03/18 12:29:06 graph]: # Epoch 77: train_loss: 0.3010 | lr: 0.000291
[2023-03-18 12:29:07] PRINT [03/18 12:29:07 graph]: --- Testf1: 0.69500, Best Valacc: 0.68400 in epoch 24 --- 
[2023-03-18 12:29:07] PRINT [03/18 12:29:07 graph]: Epoch 77: get test acc score:  0.695
[2023-03-18 12:29:07] PRINT [03/18 12:29:07 graph]: best_f1 0.730 at epoch 48
[2023-03-18 12:29:07] PRINT [03/18 12:29:07 graph]: start epoch 78.
[2023-03-18 12:29:07] PRINT [03/18 12:29:07 graph]: # Epoch 78: train_loss: 0.3001 | lr: 0.000291
[2023-03-18 12:29:08] PRINT [03/18 12:29:08 graph]: --- Testf1: 0.69500, Best Valacc: 0.68400 in epoch 14 --- 
[2023-03-18 12:29:08] PRINT [03/18 12:29:08 graph]: Epoch 78: get test acc score:  0.695
[2023-03-18 12:29:08] PRINT [03/18 12:29:08 graph]: best_f1 0.730 at epoch 48
[2023-03-18 12:29:08] PRINT [03/18 12:29:08 graph]: start epoch 79.
[2023-03-18 12:29:08] PRINT [03/18 12:29:08 graph]: # Epoch 79: train_loss: 0.2970 | lr: 0.000291
[2023-03-18 12:29:09] PRINT [03/18 12:29:09 graph]: --- Testf1: 0.68800, Best Valacc: 0.69200 in epoch 37 --- 
[2023-03-18 12:29:09] PRINT [03/18 12:29:09 graph]: Epoch 79: get test acc score:  0.688
[2023-03-18 12:29:09] PRINT [03/18 12:29:09 graph]: best_f1 0.730 at epoch 48
[2023-03-18 12:29:09] PRINT [03/18 12:29:09 graph]: start epoch 80.
[2023-03-18 12:29:09] PRINT [03/18 12:29:09 graph]: # Epoch 80: train_loss: 0.2958 | lr: 0.000291
[2023-03-18 12:29:10] PRINT [03/18 12:29:10 graph]: --- Testf1: 0.70200, Best Valacc: 0.67600 in epoch 61 --- 
[2023-03-18 12:29:10] PRINT [03/18 12:29:10 graph]: Epoch 80: get test acc score:  0.702
[2023-03-18 12:29:10] PRINT [03/18 12:29:10 graph]: best_f1 0.730 at epoch 48
[2023-03-18 12:29:10] PRINT [03/18 12:29:10 graph]: start epoch 81.
[2023-03-18 12:29:10] PRINT [03/18 12:29:10 graph]: # Epoch 81: train_loss: 0.2941 | lr: 0.000291
[2023-03-18 12:29:11] PRINT [03/18 12:29:11 graph]: --- Testf1: 0.69500, Best Valacc: 0.69200 in epoch 36 --- 
[2023-03-18 12:29:11] PRINT [03/18 12:29:11 graph]: Epoch 81: get test acc score:  0.695
[2023-03-18 12:29:11] PRINT [03/18 12:29:11 graph]: best_f1 0.730 at epoch 48
[2023-03-18 12:29:11] PRINT [03/18 12:29:11 graph]: start epoch 82.
[2023-03-18 12:29:11] PRINT [03/18 12:29:11 graph]: # Epoch 82: train_loss: 0.2928 | lr: 0.000291
[2023-03-18 12:29:12] PRINT [03/18 12:29:12 graph]: --- Testf1: 0.68300, Best Valacc: 0.69200 in epoch 45 --- 
[2023-03-18 12:29:12] PRINT [03/18 12:29:12 graph]: Epoch 82: get test acc score:  0.683
[2023-03-18 12:29:12] PRINT [03/18 12:29:12 graph]: best_f1 0.730 at epoch 48
[2023-03-18 12:29:12] PRINT [03/18 12:29:12 graph]: start epoch 83.
[2023-03-18 12:29:12] PRINT [03/18 12:29:12 graph]: # Epoch 83: train_loss: 0.2917 | lr: 0.000291
[2023-03-18 12:29:13] PRINT [03/18 12:29:13 graph]: --- Testf1: 0.67100, Best Valacc: 0.67600 in epoch 74 --- 
[2023-03-18 12:29:13] PRINT [03/18 12:29:13 graph]: Epoch 83: get test acc score:  0.671
[2023-03-18 12:29:13] PRINT [03/18 12:29:13 graph]: best_f1 0.730 at epoch 48
[2023-03-18 12:29:13] PRINT [03/18 12:29:13 graph]: start epoch 84.
[2023-03-18 12:29:13] PRINT [03/18 12:29:13 graph]: # Epoch 84: train_loss: 0.2882 | lr: 0.000291
[2023-03-18 12:29:14] PRINT [03/18 12:29:14 graph]: --- Testf1: 0.69300, Best Valacc: 0.66400 in epoch 35 --- 
[2023-03-18 12:29:14] PRINT [03/18 12:29:14 graph]: Epoch 84: get test acc score:  0.693
[2023-03-18 12:29:14] PRINT [03/18 12:29:14 graph]: best_f1 0.730 at epoch 48
[2023-03-18 12:29:14] PRINT [03/18 12:29:14 graph]: start epoch 85.
[2023-03-18 12:29:14] PRINT [03/18 12:29:14 graph]: # Epoch 85: train_loss: 0.2875 | lr: 0.000291
[2023-03-18 12:29:15] PRINT [03/18 12:29:15 graph]: --- Testf1: 0.69300, Best Valacc: 0.67200 in epoch 30 --- 
[2023-03-18 12:29:15] PRINT [03/18 12:29:15 graph]: Epoch 85: get test acc score:  0.693
[2023-03-18 12:29:15] PRINT [03/18 12:29:15 graph]: best_f1 0.730 at epoch 48
[2023-03-18 12:29:15] PRINT [03/18 12:29:15 graph]: start epoch 86.
[2023-03-18 12:29:15] PRINT [03/18 12:29:15 graph]: # Epoch 86: train_loss: 0.2855 | lr: 0.000291
[2023-03-18 12:29:16] PRINT [03/18 12:29:16 graph]: --- Testf1: 0.69000, Best Valacc: 0.67800 in epoch 43 --- 
[2023-03-18 12:29:16] PRINT [03/18 12:29:16 graph]: Epoch 86: get test acc score:  0.690
[2023-03-18 12:29:16] PRINT [03/18 12:29:16 graph]: best_f1 0.730 at epoch 48
[2023-03-18 12:29:16] PRINT [03/18 12:29:16 graph]: start epoch 87.
[2023-03-18 12:29:16] PRINT [03/18 12:29:16 graph]: # Epoch 87: train_loss: 0.2842 | lr: 0.000291
[2023-03-18 12:29:17] PRINT [03/18 12:29:17 graph]: --- Testf1: 0.68400, Best Valacc: 0.69200 in epoch 39 --- 
[2023-03-18 12:29:17] PRINT [03/18 12:29:17 graph]: Epoch 87: get test acc score:  0.684
[2023-03-18 12:29:17] PRINT [03/18 12:29:17 graph]: best_f1 0.730 at epoch 48
[2023-03-18 12:29:17] PRINT [03/18 12:29:17 graph]: start epoch 88.
[2023-03-18 12:29:18] PRINT [03/18 12:29:18 graph]: # Epoch 88: train_loss: 0.2834 | lr: 0.000291
[2023-03-18 12:29:18] PRINT [03/18 12:29:18 graph]: --- Testf1: 0.67100, Best Valacc: 0.69400 in epoch 58 --- 
[2023-03-18 12:29:18] PRINT [03/18 12:29:18 graph]: Epoch 88: get test acc score:  0.671
[2023-03-18 12:29:18] PRINT [03/18 12:29:18 graph]: best_f1 0.730 at epoch 48
[2023-03-18 12:29:18] PRINT [03/18 12:29:18 graph]: start epoch 89.
[2023-03-18 12:29:18] PRINT [03/18 12:29:18 graph]: # Epoch 89: train_loss: 0.2810 | lr: 0.000291
[2023-03-18 12:29:19] PRINT [03/18 12:29:19 graph]: --- Testf1: 0.66800, Best Valacc: 0.67800 in epoch 65 --- 
[2023-03-18 12:29:20] PRINT [03/18 12:29:20 graph]: Epoch 89: get test acc score:  0.668
[2023-03-18 12:29:20] PRINT [03/18 12:29:20 graph]: best_f1 0.730 at epoch 48
[2023-03-18 12:29:20] PRINT [03/18 12:29:20 graph]: start epoch 90.
[2023-03-18 12:29:20] PRINT [03/18 12:29:20 graph]: # Epoch 90: train_loss: 0.2805 | lr: 0.000291
[2023-03-18 12:29:20] PRINT [03/18 12:29:20 graph]: --- Testf1: 0.67900, Best Valacc: 0.67200 in epoch 34 --- 
[2023-03-18 12:29:21] PRINT [03/18 12:29:21 graph]: Epoch 90: get test acc score:  0.679
[2023-03-18 12:29:21] PRINT [03/18 12:29:21 graph]: best_f1 0.730 at epoch 48
[2023-03-18 12:29:21] PRINT [03/18 12:29:21 graph]: start epoch 91.
[2023-03-18 12:29:21] PRINT [03/18 12:29:21 graph]: # Epoch 91: train_loss: 0.2766 | lr: 0.000291
[2023-03-18 12:29:21] PRINT [03/18 12:29:21 graph]: --- Testf1: 0.66700, Best Valacc: 0.66800 in epoch 54 --- 
[2023-03-18 12:29:22] PRINT [03/18 12:29:22 graph]: Epoch 91: get test acc score:  0.667
[2023-03-18 12:29:22] PRINT [03/18 12:29:22 graph]: best_f1 0.730 at epoch 48
[2023-03-18 12:29:22] PRINT [03/18 12:29:22 graph]: start epoch 92.
[2023-03-18 12:29:22] PRINT [03/18 12:29:22 graph]: # Epoch 92: train_loss: 0.2761 | lr: 0.000291
[2023-03-18 12:29:22] PRINT [03/18 12:29:22 graph]: --- Testf1: 0.66500, Best Valacc: 0.67800 in epoch 48 --- 
[2023-03-18 12:29:23] PRINT [03/18 12:29:23 graph]: Epoch 92: get test acc score:  0.665
[2023-03-18 12:29:23] PRINT [03/18 12:29:23 graph]: best_f1 0.730 at epoch 48
[2023-03-18 12:29:23] PRINT [03/18 12:29:23 graph]: start epoch 93.
[2023-03-18 12:29:23] PRINT [03/18 12:29:23 graph]: # Epoch 93: train_loss: 0.2741 | lr: 0.000291
[2023-03-18 12:29:23] PRINT [03/18 12:29:23 graph]: --- Testf1: 0.66400, Best Valacc: 0.67000 in epoch 58 --- 
[2023-03-18 12:29:24] PRINT [03/18 12:29:24 graph]: Epoch 93: get test acc score:  0.664
[2023-03-18 12:29:24] PRINT [03/18 12:29:24 graph]: best_f1 0.730 at epoch 48
[2023-03-18 12:29:24] PRINT [03/18 12:29:24 graph]: start epoch 94.
[2023-03-18 12:29:24] PRINT [03/18 12:29:24 graph]: # Epoch 94: train_loss: 0.2721 | lr: 0.000291
[2023-03-18 12:29:24] PRINT [03/18 12:29:24 graph]: --- Testf1: 0.68900, Best Valacc: 0.67000 in epoch 50 --- 
[2023-03-18 12:29:25] PRINT [03/18 12:29:25 graph]: Epoch 94: get test acc score:  0.689
[2023-03-18 12:29:25] PRINT [03/18 12:29:25 graph]: best_f1 0.730 at epoch 48
[2023-03-18 12:29:25] PRINT [03/18 12:29:25 graph]: start epoch 95.
[2023-03-18 12:29:25] PRINT [03/18 12:29:25 graph]: # Epoch 95: train_loss: 0.2710 | lr: 0.000291
[2023-03-18 12:29:25] PRINT [03/18 12:29:25 graph]: --- Testf1: 0.67000, Best Valacc: 0.65400 in epoch 90 --- 
[2023-03-18 12:29:26] PRINT [03/18 12:29:26 graph]: Epoch 95: get test acc score:  0.670
[2023-03-18 12:29:26] PRINT [03/18 12:29:26 graph]: best_f1 0.730 at epoch 48
[2023-03-18 12:29:26] PRINT [03/18 12:29:26 graph]: start epoch 96.
[2023-03-18 12:29:26] PRINT [03/18 12:29:26 graph]: # Epoch 96: train_loss: 0.2709 | lr: 0.000291
[2023-03-18 12:29:26] PRINT [03/18 12:29:26 graph]: --- Testf1: 0.67100, Best Valacc: 0.66400 in epoch 52 --- 
[2023-03-18 12:29:27] PRINT [03/18 12:29:27 graph]: Epoch 96: get test acc score:  0.671
[2023-03-18 12:29:27] PRINT [03/18 12:29:27 graph]: best_f1 0.730 at epoch 48
[2023-03-18 12:29:27] PRINT [03/18 12:29:27 graph]: start epoch 97.
[2023-03-18 12:29:27] PRINT [03/18 12:29:27 graph]: # Epoch 97: train_loss: 0.2680 | lr: 0.000291
[2023-03-18 12:29:27] PRINT [03/18 12:29:27 graph]: --- Testf1: 0.66600, Best Valacc: 0.66200 in epoch 66 --- 
[2023-03-18 12:29:28] PRINT [03/18 12:29:28 graph]: Epoch 97: get test acc score:  0.666
[2023-03-18 12:29:28] PRINT [03/18 12:29:28 graph]: best_f1 0.730 at epoch 48
[2023-03-18 12:29:28] PRINT [03/18 12:29:28 graph]: start epoch 98.
[2023-03-18 12:29:28] PRINT [03/18 12:29:28 graph]: # Epoch 98: train_loss: 0.2671 | lr: 0.000291
[2023-03-18 12:29:28] PRINT [03/18 12:29:28 graph]: --- Testf1: 0.66900, Best Valacc: 0.66200 in epoch 34 --- 
[2023-03-18 12:29:29] PRINT [03/18 12:29:29 graph]: Epoch 98: get test acc score:  0.669
[2023-03-18 12:29:29] PRINT [03/18 12:29:29 graph]: best_f1 0.730 at epoch 48
[2023-03-18 12:29:29] PRINT [03/18 12:29:29 graph]: start epoch 99.
[2023-03-18 12:29:29] PRINT [03/18 12:29:29 graph]: # Epoch 99: train_loss: 0.2655 | lr: 0.000291
[2023-03-18 12:29:29] PRINT [03/18 12:29:29 graph]: --- Testf1: 0.66900, Best Valacc: 0.66400 in epoch 34 --- 
[2023-03-18 12:29:30] PRINT [03/18 12:29:30 graph]: Epoch 99: get test acc score:  0.669
[2023-03-18 12:29:30] PRINT [03/18 12:29:30 graph]: best_f1 0.730 at epoch 48
[2023-03-18 12:29:30] PRINT [03/18 12:29:30 graph]: # final_acc: 0.7300±0.0000
