[2023-03-22 08:57:10] PRINT ---new cfg------
[2023-03-22 08:57:10] PRINT {'DATA': {'data_name': 'comp'}, 'DATALOADER': {'NUM_WORKERS': 0}, 'MODEL': {'num_hidden': 512, 'num_layers': 2, 'nhead': 4, 'activation': 'prelu', 'attn_drop': 0.4, 'feat_drop': 0.4, 'norm': 'batchnorm', 'pooler': 'mean', 'beta_schedule': 'quad', 'beta_1': 0.0001345630218034904, 'beta_T': 0.08848632169649914, 'T': 791}, 'SOLVER': {'optim_type': 'adam', 'optim_type_f': 'adamw', 'alpha': 1, 'decay': 20, 'LR': 0.0004575113761549145, 'LR_f': 0.013921210862560778, 'weight_decay': 0, 'weight_decay_f': 0.00013962416868100724, 'MAX_EPOCH': 100, 'max_epoch_f': 500}, 'DEVICE': 'cuda', 'seeds': [0], 'eval_T': [50, 100, 200], 'output_dir': '/ddm-nni/AmazonCoBuyComputerDataset¶/log', 'checkpoint_dir': '/ddm-nni/AmazonCoBuyComputerDataset¶/log/checkpoint'}
[2023-03-22 08:57:10] PRINT [03/22 08:57:10 graph]: Rank of current process: 0. World size: 1
[2023-03-22 08:57:13] PRINT [03/22 08:57:13 graph]: Environment info:
[2023-03-22 08:57:13] PRINT PyTorch version: 1.10.0+cu113
[2023-03-22 08:57:13] PRINT Is debug build: False
[2023-03-22 08:57:13] PRINT CUDA used to build PyTorch: 11.3
[2023-03-22 08:57:13] PRINT ROCM used to build PyTorch: N/A
[2023-03-22 08:57:13] PRINT 
[2023-03-22 08:57:13] PRINT OS: Ubuntu 20.04.3 LTS (x86_64)
[2023-03-22 08:57:13] PRINT GCC version: (Ubuntu 9.3.0-17ubuntu1~20.04) 9.3.0
[2023-03-22 08:57:13] PRINT Clang version: Could not collect
[2023-03-22 08:57:13] PRINT CMake version: version 3.16.3
[2023-03-22 08:57:13] PRINT Libc version: glibc-2.31
[2023-03-22 08:57:13] PRINT 
[2023-03-22 08:57:13] PRINT Python version: 3.8.10 (default, Jun  4 2021, 15:09:15)  [GCC 7.5.0] (64-bit runtime)
[2023-03-22 08:57:13] PRINT Python platform: Linux-5.4.0-90-generic-x86_64-with-glibc2.17
[2023-03-22 08:57:13] PRINT Is CUDA available: True
[2023-03-22 08:57:13] PRINT CUDA runtime version: 11.3.109
[2023-03-22 08:57:13] PRINT GPU models and configuration: GPU 0: NVIDIA GeForce RTX 3090
[2023-03-22 08:57:13] PRINT Nvidia driver version: 495.44
[2023-03-22 08:57:13] PRINT cuDNN version: Probably one of the following:
[2023-03-22 08:57:13] PRINT /usr/lib/x86_64-linux-gnu/libcudnn.so.8.2.0
[2023-03-22 08:57:13] PRINT /usr/lib/x86_64-linux-gnu/libcudnn_adv_infer.so.8.2.0
[2023-03-22 08:57:13] PRINT /usr/lib/x86_64-linux-gnu/libcudnn_adv_train.so.8.2.0
[2023-03-22 08:57:13] PRINT /usr/lib/x86_64-linux-gnu/libcudnn_cnn_infer.so.8.2.0
[2023-03-22 08:57:13] PRINT /usr/lib/x86_64-linux-gnu/libcudnn_cnn_train.so.8.2.0
[2023-03-22 08:57:13] PRINT /usr/lib/x86_64-linux-gnu/libcudnn_ops_infer.so.8.2.0
[2023-03-22 08:57:13] PRINT /usr/lib/x86_64-linux-gnu/libcudnn_ops_train.so.8.2.0
[2023-03-22 08:57:13] PRINT HIP runtime version: N/A
[2023-03-22 08:57:13] PRINT MIOpen runtime version: N/A
[2023-03-22 08:57:13] PRINT 
[2023-03-22 08:57:13] PRINT Versions of relevant libraries:
[2023-03-22 08:57:13] PRINT [pip3] numpy==1.23.5
[2023-03-22 08:57:13] PRINT [pip3] torch==1.10.0+cu113
[2023-03-22 08:57:13] PRINT [pip3] torchvision==0.11.1+cu113
[2023-03-22 08:57:13] PRINT [conda] blas                      1.0                         mkl    https://mirrors.ustc.edu.cn/anaconda/pkgs/main
[2023-03-22 08:57:13] PRINT [conda] mkl                       2021.4.0           h06a4308_640    https://mirrors.ustc.edu.cn/anaconda/pkgs/main
[2023-03-22 08:57:13] PRINT [conda] mkl-service               2.4.0            py38h7f8727e_0    https://mirrors.ustc.edu.cn/anaconda/pkgs/main
[2023-03-22 08:57:13] PRINT [conda] mkl_fft                   1.3.1            py38hd3c417c_0    https://mirrors.ustc.edu.cn/anaconda/pkgs/main
[2023-03-22 08:57:13] PRINT [conda] mkl_random                1.2.2            py38h51133e4_0    https://mirrors.ustc.edu.cn/anaconda/pkgs/main
[2023-03-22 08:57:13] PRINT [conda] numpy                     1.21.4                   pypi_0    pypi
[2023-03-22 08:57:13] PRINT [conda] numpy-base                1.23.5           py38h31eccc5_0    https://mirrors.ustc.edu.cn/anaconda/pkgs/main
[2023-03-22 08:57:13] PRINT [conda] torch                     1.10.0+cu113             pypi_0    pypi
[2023-03-22 08:57:13] PRINT [conda] torchvision               0.11.1+cu113             pypi_0    pypi
[2023-03-22 08:57:13] PRINT         Pillow (8.4.0)
[2023-03-22 08:57:13] PRINT [03/22 08:57:13 graph]: Command line arguments: Namespace(local_rank=0, resume=False, seed=1234, start_epoch=0)
[2023-03-22 08:57:14] PRINT [03/22 08:57:14 graph]: Run 0th for seed 0
[2023-03-22 08:57:14] PRINT [03/22 08:57:14 graph]: Total trainable params num : 8086019
[2023-03-22 08:57:18] PRINT [03/22 08:57:18 graph]: ----------Start Training----------
[2023-03-22 08:57:19] PRINT [03/22 08:57:19 graph]: start epoch 0.
[2023-03-22 08:57:19] PRINT [03/22 08:57:19 graph]: # Epoch 0: train_loss: 1.0227 | lr: 0.000458
[2023-03-22 08:57:19] PRINT [03/22 08:57:19 graph]: start epoch 1.
[2023-03-22 08:57:19] PRINT [03/22 08:57:19 graph]: # Epoch 1: train_loss: 0.8134 | lr: 0.000458
[2023-03-22 08:57:19] PRINT [03/22 08:57:19 graph]: start epoch 2.
[2023-03-22 08:57:19] PRINT [03/22 08:57:19 graph]: # Epoch 2: train_loss: 0.6961 | lr: 0.000458
[2023-03-22 08:57:19] PRINT [03/22 08:57:19 graph]: start epoch 3.
[2023-03-22 08:57:19] PRINT [03/22 08:57:19 graph]: # Epoch 3: train_loss: 0.6420 | lr: 0.000458
[2023-03-22 08:57:19] PRINT [03/22 08:57:19 graph]: start epoch 4.
[2023-03-22 08:57:19] PRINT [03/22 08:57:19 graph]: # Epoch 4: train_loss: 0.6119 | lr: 0.000458
[2023-03-22 08:57:19] PRINT [03/22 08:57:19 graph]: start epoch 5.
[2023-03-22 08:57:19] PRINT [03/22 08:57:19 graph]: # Epoch 5: train_loss: 0.5944 | lr: 0.000458
[2023-03-22 08:57:19] PRINT [03/22 08:57:19 graph]: start epoch 6.
[2023-03-22 08:57:19] PRINT [03/22 08:57:19 graph]: # Epoch 6: train_loss: 0.5853 | lr: 0.000458
[2023-03-22 08:57:19] PRINT [03/22 08:57:19 graph]: start epoch 7.
[2023-03-22 08:57:19] PRINT [03/22 08:57:19 graph]: # Epoch 7: train_loss: 0.5787 | lr: 0.000458
[2023-03-22 08:57:19] PRINT [03/22 08:57:19 graph]: start epoch 8.
[2023-03-22 08:57:19] PRINT [03/22 08:57:19 graph]: # Epoch 8: train_loss: 0.5741 | lr: 0.000458
[2023-03-22 08:57:19] PRINT [03/22 08:57:19 graph]: start epoch 9.
[2023-03-22 08:57:20] PRINT [03/22 08:57:20 graph]: # Epoch 9: train_loss: 0.5699 | lr: 0.000458
[2023-03-22 08:57:20] PRINT [03/22 08:57:20 graph]: start epoch 10.
[2023-03-22 08:57:20] PRINT [03/22 08:57:20 graph]: # Epoch 10: train_loss: 0.5665 | lr: 0.000458
[2023-03-22 08:57:20] PRINT [03/22 08:57:20 graph]: start epoch 11.
[2023-03-22 08:57:20] PRINT [03/22 08:57:20 graph]: # Epoch 11: train_loss: 0.5631 | lr: 0.000458
[2023-03-22 08:57:20] PRINT [03/22 08:57:20 graph]: start epoch 12.
[2023-03-22 08:57:20] PRINT [03/22 08:57:20 graph]: # Epoch 12: train_loss: 0.5601 | lr: 0.000458
[2023-03-22 08:57:20] PRINT [03/22 08:57:20 graph]: start epoch 13.
[2023-03-22 08:57:20] PRINT [03/22 08:57:20 graph]: # Epoch 13: train_loss: 0.5573 | lr: 0.000458
[2023-03-22 08:57:20] PRINT [03/22 08:57:20 graph]: start epoch 14.
[2023-03-22 08:57:20] PRINT [03/22 08:57:20 graph]: # Epoch 14: train_loss: 0.5547 | lr: 0.000458
[2023-03-22 08:57:20] PRINT [03/22 08:57:20 graph]: start epoch 15.
[2023-03-22 08:57:20] PRINT [03/22 08:57:20 graph]: # Epoch 15: train_loss: 0.5524 | lr: 0.000458
[2023-03-22 08:57:20] PRINT [03/22 08:57:20 graph]: start epoch 16.
[2023-03-22 08:57:20] PRINT [03/22 08:57:20 graph]: # Epoch 16: train_loss: 0.5504 | lr: 0.000458
[2023-03-22 08:57:20] PRINT [03/22 08:57:20 graph]: start epoch 17.
[2023-03-22 08:57:20] PRINT [03/22 08:57:20 graph]: # Epoch 17: train_loss: 0.5490 | lr: 0.000458
[2023-03-22 08:57:20] PRINT [03/22 08:57:20 graph]: start epoch 18.
[2023-03-22 08:57:20] PRINT [03/22 08:57:20 graph]: # Epoch 18: train_loss: 0.5477 | lr: 0.000458
[2023-03-22 08:57:20] PRINT [03/22 08:57:20 graph]: start epoch 19.
[2023-03-22 08:57:20] PRINT [03/22 08:57:20 graph]: # Epoch 19: train_loss: 0.5462 | lr: 0.000458
[2023-03-22 08:57:20] PRINT [03/22 08:57:20 graph]: start epoch 20.
[2023-03-22 08:57:20] PRINT [03/22 08:57:20 graph]: # Epoch 20: train_loss: 0.5448 | lr: 0.000458
[2023-03-22 08:57:20] PRINT [03/22 08:57:20 graph]: start epoch 21.
[2023-03-22 08:57:20] PRINT [03/22 08:57:20 graph]: # Epoch 21: train_loss: 0.5431 | lr: 0.000458
[2023-03-22 08:57:20] PRINT [03/22 08:57:20 graph]: start epoch 22.
[2023-03-22 08:57:21] PRINT [03/22 08:57:21 graph]: # Epoch 22: train_loss: 0.5412 | lr: 0.000458
[2023-03-22 08:57:21] PRINT [03/22 08:57:21 graph]: start epoch 23.
[2023-03-22 08:57:21] PRINT [03/22 08:57:21 graph]: # Epoch 23: train_loss: 0.5394 | lr: 0.000458
[2023-03-22 08:57:21] PRINT [03/22 08:57:21 graph]: start epoch 24.
[2023-03-22 08:57:21] PRINT [03/22 08:57:21 graph]: # Epoch 24: train_loss: 0.5355 | lr: 0.000458
[2023-03-22 08:57:21] PRINT [03/22 08:57:21 graph]: start epoch 25.
[2023-03-22 08:57:21] PRINT [03/22 08:57:21 graph]: # Epoch 25: train_loss: 0.5319 | lr: 0.000458
[2023-03-22 08:57:21] PRINT [03/22 08:57:21 graph]: start epoch 26.
[2023-03-22 08:57:21] PRINT [03/22 08:57:21 graph]: # Epoch 26: train_loss: 0.5295 | lr: 0.000458
[2023-03-22 08:57:21] PRINT [03/22 08:57:21 graph]: start epoch 27.
[2023-03-22 08:57:21] PRINT [03/22 08:57:21 graph]: # Epoch 27: train_loss: 0.5266 | lr: 0.000458
[2023-03-22 08:57:21] PRINT [03/22 08:57:21 graph]: start epoch 28.
[2023-03-22 08:57:21] PRINT [03/22 08:57:21 graph]: # Epoch 28: train_loss: 0.5237 | lr: 0.000458
[2023-03-22 08:57:21] PRINT [03/22 08:57:21 graph]: start epoch 29.
[2023-03-22 08:57:21] PRINT [03/22 08:57:21 graph]: # Epoch 29: train_loss: 0.5207 | lr: 0.000458
[2023-03-22 08:57:21] PRINT [03/22 08:57:21 graph]: start epoch 30.
[2023-03-22 08:57:21] PRINT [03/22 08:57:21 graph]: # Epoch 30: train_loss: 0.5251 | lr: 0.000458
[2023-03-22 08:57:21] PRINT [03/22 08:57:21 graph]: start epoch 31.
[2023-03-22 08:57:21] PRINT [03/22 08:57:21 graph]: # Epoch 31: train_loss: 0.5188 | lr: 0.000458
[2023-03-22 08:57:21] PRINT [03/22 08:57:21 graph]: start epoch 32.
[2023-03-22 08:57:21] PRINT [03/22 08:57:21 graph]: # Epoch 32: train_loss: 1.1041 | lr: 0.000458
[2023-03-22 08:57:21] PRINT [03/22 08:57:21 graph]: start epoch 33.
[2023-03-22 08:57:21] PRINT [03/22 08:57:21 graph]: # Epoch 33: train_loss: 0.5311 | lr: 0.000458
[2023-03-22 08:57:21] PRINT [03/22 08:57:21 graph]: start epoch 34.
[2023-03-22 08:57:21] PRINT [03/22 08:57:21 graph]: # Epoch 34: train_loss: 0.5346 | lr: 0.000458
[2023-03-22 08:57:21] PRINT [03/22 08:57:21 graph]: start epoch 35.
[2023-03-22 08:57:21] PRINT [03/22 08:57:21 graph]: # Epoch 35: train_loss: 0.5357 | lr: 0.000458
[2023-03-22 08:57:21] PRINT [03/22 08:57:21 graph]: start epoch 36.
[2023-03-22 08:57:22] PRINT [03/22 08:57:22 graph]: # Epoch 36: train_loss: 0.5348 | lr: 0.000458
[2023-03-22 08:57:22] PRINT [03/22 08:57:22 graph]: start epoch 37.
[2023-03-22 08:57:22] PRINT [03/22 08:57:22 graph]: # Epoch 37: train_loss: 0.5354 | lr: 0.000458
[2023-03-22 08:57:22] PRINT [03/22 08:57:22 graph]: start epoch 38.
[2023-03-22 08:57:22] PRINT [03/22 08:57:22 graph]: # Epoch 38: train_loss: 0.5382 | lr: 0.000458
[2023-03-22 08:57:22] PRINT [03/22 08:57:22 graph]: start epoch 39.
[2023-03-22 08:57:22] PRINT [03/22 08:57:22 graph]: # Epoch 39: train_loss: 0.5375 | lr: 0.000458
[2023-03-22 08:57:22] PRINT [03/22 08:57:22 graph]: start epoch 40.
[2023-03-22 08:57:22] PRINT [03/22 08:57:22 graph]: # Epoch 40: train_loss: 0.5362 | lr: 0.000458
[2023-03-22 08:57:22] PRINT [03/22 08:57:22 graph]: start epoch 41.
[2023-03-22 08:57:22] PRINT [03/22 08:57:22 graph]: # Epoch 41: train_loss: 0.5344 | lr: 0.000458
[2023-03-22 08:57:22] PRINT [03/22 08:57:22 graph]: start epoch 42.
[2023-03-22 08:57:22] PRINT [03/22 08:57:22 graph]: # Epoch 42: train_loss: 0.5347 | lr: 0.000458
[2023-03-22 08:57:22] PRINT [03/22 08:57:22 graph]: start epoch 43.
[2023-03-22 08:57:22] PRINT [03/22 08:57:22 graph]: # Epoch 43: train_loss: 0.5318 | lr: 0.000458
[2023-03-22 08:57:22] PRINT [03/22 08:57:22 graph]: start epoch 44.
[2023-03-22 08:57:22] PRINT [03/22 08:57:22 graph]: # Epoch 44: train_loss: 0.5326 | lr: 0.000458
[2023-03-22 08:57:22] PRINT [03/22 08:57:22 graph]: start epoch 45.
[2023-03-22 08:57:22] PRINT [03/22 08:57:22 graph]: # Epoch 45: train_loss: 0.5290 | lr: 0.000458
[2023-03-22 08:57:22] PRINT [03/22 08:57:22 graph]: start epoch 46.
[2023-03-22 08:57:22] PRINT [03/22 08:57:22 graph]: # Epoch 46: train_loss: 0.5316 | lr: 0.000458
[2023-03-22 08:57:22] PRINT [03/22 08:57:22 graph]: start epoch 47.
[2023-03-22 08:57:22] PRINT [03/22 08:57:22 graph]: # Epoch 47: train_loss: 0.5309 | lr: 0.000458
[2023-03-22 08:57:22] PRINT [03/22 08:57:22 graph]: start epoch 48.
[2023-03-22 08:57:22] PRINT [03/22 08:57:22 graph]: # Epoch 48: train_loss: 0.5288 | lr: 0.000458
[2023-03-22 08:57:22] PRINT [03/22 08:57:22 graph]: start epoch 49.
[2023-03-22 08:57:22] PRINT [03/22 08:57:22 graph]: # Epoch 49: train_loss: 0.5281 | lr: 0.000458
[2023-03-22 08:57:22] PRINT [03/22 08:57:22 graph]: start epoch 50.
[2023-03-22 08:57:22] PRINT [03/22 08:57:22 graph]: # Epoch 50: train_loss: 0.5270 | lr: 0.000458
[2023-03-22 08:57:22] PRINT [03/22 08:57:22 graph]: start epoch 51.
[2023-03-22 08:57:23] PRINT [03/22 08:57:23 graph]: # Epoch 51: train_loss: 0.5245 | lr: 0.000458
[2023-03-22 08:57:32] PRINT [03/22 08:57:32 graph]: --- Testf1: 0.75532, Best Valacc: 0.75127 in epoch 426 --- 
[2023-03-22 08:57:32] PRINT [03/22 08:57:32 graph]: Epoch 51: get test acc score:  0.75532
[2023-03-22 08:57:32] PRINT [03/22 08:57:32 graph]: best_f1 0.75532 at epoch 51
[2023-03-22 08:57:32] PRINT [03/22 08:57:32 graph]: start epoch 52.
[2023-03-22 08:57:32] PRINT [03/22 08:57:32 graph]: # Epoch 52: train_loss: 0.5252 | lr: 0.000458
[2023-03-22 08:57:39] PRINT [03/22 08:57:39 graph]: --- Testf1: 0.76968, Best Valacc: 0.76582 in epoch 424 --- 
[2023-03-22 08:57:39] PRINT [03/22 08:57:39 graph]: Epoch 52: get test acc score:  0.76968
[2023-03-22 08:57:39] PRINT [03/22 08:57:39 graph]: best_f1 0.76968 at epoch 52
[2023-03-22 08:57:39] PRINT [03/22 08:57:39 graph]: start epoch 53.
[2023-03-22 08:57:39] PRINT [03/22 08:57:39 graph]: # Epoch 53: train_loss: 0.5241 | lr: 0.000458
[2023-03-22 08:57:46] PRINT [03/22 08:57:46 graph]: --- Testf1: 0.76732, Best Valacc: 0.75200 in epoch 410 --- 
[2023-03-22 08:57:47] PRINT [03/22 08:57:47 graph]: Epoch 53: get test acc score:  0.76732
[2023-03-22 08:57:47] PRINT [03/22 08:57:47 graph]: best_f1 0.76968 at epoch 52
[2023-03-22 08:57:47] PRINT [03/22 08:57:47 graph]: start epoch 54.
[2023-03-22 08:57:47] PRINT [03/22 08:57:47 graph]: # Epoch 54: train_loss: 0.5247 | lr: 0.000458
[2023-03-22 08:57:54] PRINT [03/22 08:57:54 graph]: --- Testf1: 0.77295, Best Valacc: 0.74473 in epoch 467 --- 
[2023-03-22 08:57:54] PRINT [03/22 08:57:54 graph]: Epoch 54: get test acc score:  0.77295
[2023-03-22 08:57:54] PRINT [03/22 08:57:54 graph]: best_f1 0.77295 at epoch 54
[2023-03-22 08:57:54] PRINT [03/22 08:57:54 graph]: start epoch 55.
[2023-03-22 08:57:54] PRINT [03/22 08:57:54 graph]: # Epoch 55: train_loss: 0.5229 | lr: 0.000458
[2023-03-22 08:58:01] PRINT [03/22 08:58:01 graph]: --- Testf1: 0.76422, Best Valacc: 0.76509 in epoch 304 --- 
[2023-03-22 08:58:01] PRINT [03/22 08:58:01 graph]: Epoch 55: get test acc score:  0.76422
[2023-03-22 08:58:01] PRINT [03/22 08:58:01 graph]: best_f1 0.77295 at epoch 54
[2023-03-22 08:58:01] PRINT [03/22 08:58:01 graph]: start epoch 56.
[2023-03-22 08:58:01] PRINT [03/22 08:58:01 graph]: # Epoch 56: train_loss: 0.5231 | lr: 0.000458
[2023-03-22 08:58:08] PRINT [03/22 08:58:08 graph]: --- Testf1: 0.77959, Best Valacc: 0.76582 in epoch 497 --- 
[2023-03-22 08:58:09] PRINT [03/22 08:58:09 graph]: Epoch 56: get test acc score:  0.77959
[2023-03-22 08:58:09] PRINT [03/22 08:58:09 graph]: best_f1 0.77959 at epoch 56
[2023-03-22 08:58:09] PRINT [03/22 08:58:09 graph]: start epoch 57.
[2023-03-22 08:58:09] PRINT [03/22 08:58:09 graph]: # Epoch 57: train_loss: 0.5206 | lr: 0.000458
[2023-03-22 08:58:16] PRINT [03/22 08:58:16 graph]: --- Testf1: 0.77031, Best Valacc: 0.76509 in epoch 413 --- 
[2023-03-22 08:58:16] PRINT [03/22 08:58:16 graph]: Epoch 57: get test acc score:  0.77031
[2023-03-22 08:58:16] PRINT [03/22 08:58:16 graph]: best_f1 0.77959 at epoch 56
[2023-03-22 08:58:16] PRINT [03/22 08:58:16 graph]: start epoch 58.
[2023-03-22 08:58:16] PRINT [03/22 08:58:16 graph]: # Epoch 58: train_loss: 0.5195 | lr: 0.000458
[2023-03-22 08:58:23] PRINT [03/22 08:58:23 graph]: --- Testf1: 0.77895, Best Valacc: 0.77236 in epoch 460 --- 
[2023-03-22 08:58:24] PRINT [03/22 08:58:24 graph]: Epoch 58: get test acc score:  0.77895
[2023-03-22 08:58:24] PRINT [03/22 08:58:24 graph]: best_f1 0.77959 at epoch 56
[2023-03-22 08:58:24] PRINT [03/22 08:58:24 graph]: start epoch 59.
[2023-03-22 08:58:24] PRINT [03/22 08:58:24 graph]: # Epoch 59: train_loss: 0.5189 | lr: 0.000458
[2023-03-22 08:58:31] PRINT [03/22 08:58:31 graph]: --- Testf1: 0.79204, Best Valacc: 0.80727 in epoch 473 --- 
[2023-03-22 08:58:31] PRINT [03/22 08:58:31 graph]: Epoch 59: get test acc score:  0.79204
[2023-03-22 08:58:31] PRINT [03/22 08:58:31 graph]: best_f1 0.79204 at epoch 59
[2023-03-22 08:58:31] PRINT [03/22 08:58:31 graph]: start epoch 60.
[2023-03-22 08:58:31] PRINT [03/22 08:58:31 graph]: # Epoch 60: train_loss: 0.5182 | lr: 0.000458
[2023-03-22 08:58:38] PRINT [03/22 08:58:38 graph]: --- Testf1: 0.78677, Best Valacc: 0.77818 in epoch 404 --- 
[2023-03-22 08:58:38] PRINT [03/22 08:58:38 graph]: Epoch 60: get test acc score:  0.78677
[2023-03-22 08:58:38] PRINT [03/22 08:58:38 graph]: best_f1 0.79204 at epoch 59
[2023-03-22 08:58:38] PRINT [03/22 08:58:38 graph]: start epoch 61.
[2023-03-22 08:58:38] PRINT [03/22 08:58:38 graph]: # Epoch 61: train_loss: 0.5177 | lr: 0.000458
[2023-03-22 08:58:45] PRINT [03/22 08:58:45 graph]: --- Testf1: 0.80213, Best Valacc: 0.77309 in epoch 449 --- 
[2023-03-22 08:58:46] PRINT [03/22 08:58:46 graph]: Epoch 61: get test acc score:  0.80213
[2023-03-22 08:58:46] PRINT [03/22 08:58:46 graph]: best_f1 0.80213 at epoch 61
[2023-03-22 08:58:46] PRINT [03/22 08:58:46 graph]: start epoch 62.
[2023-03-22 08:58:46] PRINT [03/22 08:58:46 graph]: # Epoch 62: train_loss: 0.5163 | lr: 0.000458
[2023-03-22 08:58:53] PRINT [03/22 08:58:53 graph]: --- Testf1: 0.79640, Best Valacc: 0.79127 in epoch 421 --- 
[2023-03-22 08:58:53] PRINT [03/22 08:58:53 graph]: Epoch 62: get test acc score:  0.79640
[2023-03-22 08:58:53] PRINT [03/22 08:58:53 graph]: best_f1 0.80213 at epoch 61
[2023-03-22 08:58:53] PRINT [03/22 08:58:53 graph]: start epoch 63.
[2023-03-22 08:58:53] PRINT [03/22 08:58:53 graph]: # Epoch 63: train_loss: 0.5146 | lr: 0.000458
[2023-03-22 08:59:00] PRINT [03/22 08:59:00 graph]: --- Testf1: 0.80394, Best Valacc: 0.80509 in epoch 412 --- 
[2023-03-22 08:59:00] PRINT [03/22 08:59:00 graph]: Epoch 63: get test acc score:  0.80394
[2023-03-22 08:59:00] PRINT [03/22 08:59:00 graph]: best_f1 0.80394 at epoch 63
[2023-03-22 08:59:00] PRINT [03/22 08:59:00 graph]: start epoch 64.
[2023-03-22 08:59:00] PRINT [03/22 08:59:00 graph]: # Epoch 64: train_loss: 0.5139 | lr: 0.000458
[2023-03-22 08:59:07] PRINT [03/22 08:59:07 graph]: --- Testf1: 0.81312, Best Valacc: 0.78400 in epoch 495 --- 
[2023-03-22 08:59:08] PRINT [03/22 08:59:08 graph]: Epoch 64: get test acc score:  0.81312
[2023-03-22 08:59:08] PRINT [03/22 08:59:08 graph]: best_f1 0.81312 at epoch 64
[2023-03-22 08:59:08] PRINT [03/22 08:59:08 graph]: start epoch 65.
[2023-03-22 08:59:08] PRINT [03/22 08:59:08 graph]: # Epoch 65: train_loss: 0.5122 | lr: 0.000458
[2023-03-22 08:59:15] PRINT [03/22 08:59:15 graph]: --- Testf1: 0.81958, Best Valacc: 0.81091 in epoch 466 --- 
[2023-03-22 08:59:15] PRINT [03/22 08:59:15 graph]: Epoch 65: get test acc score:  0.81958
[2023-03-22 08:59:15] PRINT [03/22 08:59:15 graph]: best_f1 0.81958 at epoch 65
[2023-03-22 08:59:15] PRINT [03/22 08:59:15 graph]: start epoch 66.
[2023-03-22 08:59:15] PRINT [03/22 08:59:15 graph]: # Epoch 66: train_loss: 0.5119 | lr: 0.000458
[2023-03-22 08:59:22] PRINT [03/22 08:59:22 graph]: --- Testf1: 0.80831, Best Valacc: 0.79345 in epoch 482 --- 
[2023-03-22 08:59:22] PRINT [03/22 08:59:22 graph]: Epoch 66: get test acc score:  0.80831
[2023-03-22 08:59:22] PRINT [03/22 08:59:22 graph]: best_f1 0.81958 at epoch 65
[2023-03-22 08:59:22] PRINT [03/22 08:59:22 graph]: start epoch 67.
[2023-03-22 08:59:23] PRINT [03/22 08:59:23 graph]: # Epoch 67: train_loss: 0.5096 | lr: 0.000458
[2023-03-22 08:59:30] PRINT [03/22 08:59:30 graph]: --- Testf1: 0.82112, Best Valacc: 0.82182 in epoch 426 --- 
[2023-03-22 08:59:30] PRINT [03/22 08:59:30 graph]: Epoch 67: get test acc score:  0.82112
[2023-03-22 08:59:30] PRINT [03/22 08:59:30 graph]: best_f1 0.82112 at epoch 67
[2023-03-22 08:59:30] PRINT [03/22 08:59:30 graph]: start epoch 68.
[2023-03-22 08:59:30] PRINT [03/22 08:59:30 graph]: # Epoch 68: train_loss: 0.5095 | lr: 0.000458
[2023-03-22 08:59:37] PRINT [03/22 08:59:37 graph]: --- Testf1: 0.81285, Best Valacc: 0.83273 in epoch 431 --- 
[2023-03-22 08:59:37] PRINT [03/22 08:59:37 graph]: Epoch 68: get test acc score:  0.81285
[2023-03-22 08:59:37] PRINT [03/22 08:59:37 graph]: best_f1 0.82112 at epoch 67
[2023-03-22 08:59:37] PRINT [03/22 08:59:37 graph]: start epoch 69.
[2023-03-22 08:59:37] PRINT [03/22 08:59:37 graph]: # Epoch 69: train_loss: 0.5075 | lr: 0.000458
[2023-03-22 08:59:44] PRINT [03/22 08:59:44 graph]: --- Testf1: 0.82276, Best Valacc: 0.81455 in epoch 456 --- 
[2023-03-22 08:59:45] PRINT [03/22 08:59:45 graph]: Epoch 69: get test acc score:  0.82276
[2023-03-22 08:59:45] PRINT [03/22 08:59:45 graph]: best_f1 0.82276 at epoch 69
[2023-03-22 08:59:45] PRINT [03/22 08:59:45 graph]: start epoch 70.
[2023-03-22 08:59:45] PRINT [03/22 08:59:45 graph]: # Epoch 70: train_loss: 0.5078 | lr: 0.000458
[2023-03-22 08:59:52] PRINT [03/22 08:59:52 graph]: --- Testf1: 0.82267, Best Valacc: 0.80800 in epoch 491 --- 
[2023-03-22 08:59:52] PRINT [03/22 08:59:52 graph]: Epoch 70: get test acc score:  0.82267
[2023-03-22 08:59:52] PRINT [03/22 08:59:52 graph]: best_f1 0.82276 at epoch 69
[2023-03-22 08:59:52] PRINT [03/22 08:59:52 graph]: start epoch 71.
[2023-03-22 08:59:52] PRINT [03/22 08:59:52 graph]: # Epoch 71: train_loss: 0.5054 | lr: 0.000458
[2023-03-22 08:59:58] PRINT [03/22 08:59:58 graph]: --- Testf1: 0.81921, Best Valacc: 0.82909 in epoch 490 --- 
[2023-03-22 08:59:58] PRINT [03/22 08:59:58 graph]: Epoch 71: get test acc score:  0.81921
[2023-03-22 08:59:58] PRINT [03/22 08:59:58 graph]: best_f1 0.82276 at epoch 69
[2023-03-22 08:59:58] PRINT [03/22 08:59:58 graph]: start epoch 72.
[2023-03-22 08:59:58] PRINT [03/22 08:59:58 graph]: # Epoch 72: train_loss: 0.5117 | lr: 0.000458
[2023-03-22 09:00:03] PRINT [03/22 09:00:03 graph]: --- Testf1: 0.81921, Best Valacc: 0.81891 in epoch 410 --- 
[2023-03-22 09:00:04] PRINT [03/22 09:00:04 graph]: Epoch 72: get test acc score:  0.81921
[2023-03-22 09:00:04] PRINT [03/22 09:00:04 graph]: best_f1 0.82276 at epoch 69
[2023-03-22 09:00:04] PRINT [03/22 09:00:04 graph]: start epoch 73.
[2023-03-22 09:00:04] PRINT [03/22 09:00:04 graph]: # Epoch 73: train_loss: 0.5044 | lr: 0.000458
[2023-03-22 09:00:09] PRINT [03/22 09:00:09 graph]: --- Testf1: 0.82621, Best Valacc: 0.81673 in epoch 458 --- 
[2023-03-22 09:00:09] PRINT [03/22 09:00:09 graph]: Epoch 73: get test acc score:  0.82621
[2023-03-22 09:00:09] PRINT [03/22 09:00:09 graph]: best_f1 0.82621 at epoch 73
[2023-03-22 09:00:09] PRINT [03/22 09:00:09 graph]: start epoch 74.
[2023-03-22 09:00:10] PRINT [03/22 09:00:10 graph]: # Epoch 74: train_loss: 0.5050 | lr: 0.000458
[2023-03-22 09:00:17] PRINT [03/22 09:00:17 graph]: --- Testf1: 0.83603, Best Valacc: 0.81455 in epoch 362 --- 
[2023-03-22 09:00:17] PRINT [03/22 09:00:17 graph]: Epoch 74: get test acc score:  0.83603
[2023-03-22 09:00:17] PRINT [03/22 09:00:17 graph]: best_f1 0.83603 at epoch 74
[2023-03-22 09:00:17] PRINT [03/22 09:00:17 graph]: start epoch 75.
[2023-03-22 09:00:17] PRINT [03/22 09:00:17 graph]: # Epoch 75: train_loss: 0.5038 | lr: 0.000458
[2023-03-22 09:00:25] PRINT [03/22 09:00:25 graph]: --- Testf1: 0.81821, Best Valacc: 0.81964 in epoch 444 --- 
[2023-03-22 09:00:26] PRINT [03/22 09:00:26 graph]: Epoch 75: get test acc score:  0.81821
[2023-03-22 09:00:26] PRINT [03/22 09:00:26 graph]: best_f1 0.83603 at epoch 74
[2023-03-22 09:00:26] PRINT [03/22 09:00:26 graph]: start epoch 76.
[2023-03-22 09:00:26] PRINT [03/22 09:00:26 graph]: # Epoch 76: train_loss: 0.5032 | lr: 0.000458
[2023-03-22 09:00:33] PRINT [03/22 09:00:33 graph]: --- Testf1: 0.83267, Best Valacc: 0.81309 in epoch 459 --- 
[2023-03-22 09:00:33] PRINT [03/22 09:00:33 graph]: Epoch 76: get test acc score:  0.83267
[2023-03-22 09:00:33] PRINT [03/22 09:00:33 graph]: best_f1 0.83603 at epoch 74
[2023-03-22 09:00:33] PRINT [03/22 09:00:33 graph]: start epoch 77.
[2023-03-22 09:00:33] PRINT [03/22 09:00:33 graph]: # Epoch 77: train_loss: 0.5040 | lr: 0.000458
[2023-03-22 09:00:40] PRINT [03/22 09:00:40 graph]: --- Testf1: 0.83249, Best Valacc: 0.81382 in epoch 426 --- 
[2023-03-22 09:00:40] PRINT [03/22 09:00:40 graph]: Epoch 77: get test acc score:  0.83249
[2023-03-22 09:00:40] PRINT [03/22 09:00:40 graph]: best_f1 0.83603 at epoch 74
[2023-03-22 09:00:40] PRINT [03/22 09:00:40 graph]: start epoch 78.
[2023-03-22 09:00:40] PRINT [03/22 09:00:40 graph]: # Epoch 78: train_loss: 0.5044 | lr: 0.000458
[2023-03-22 09:00:47] PRINT [03/22 09:00:47 graph]: --- Testf1: 0.83839, Best Valacc: 0.82764 in epoch 449 --- 
[2023-03-22 09:00:48] PRINT [03/22 09:00:48 graph]: Epoch 78: get test acc score:  0.83839
[2023-03-22 09:00:48] PRINT [03/22 09:00:48 graph]: best_f1 0.83839 at epoch 78
[2023-03-22 09:00:48] PRINT [03/22 09:00:48 graph]: start epoch 79.
[2023-03-22 09:00:48] PRINT [03/22 09:00:48 graph]: # Epoch 79: train_loss: 0.5027 | lr: 0.000458
[2023-03-22 09:00:55] PRINT [03/22 09:00:55 graph]: --- Testf1: 0.82458, Best Valacc: 0.81745 in epoch 376 --- 
[2023-03-22 09:00:55] PRINT [03/22 09:00:55 graph]: Epoch 79: get test acc score:  0.82458
[2023-03-22 09:00:55] PRINT [03/22 09:00:55 graph]: best_f1 0.83839 at epoch 78
[2023-03-22 09:00:55] PRINT [03/22 09:00:55 graph]: start epoch 80.
[2023-03-22 09:00:55] PRINT [03/22 09:00:55 graph]: # Epoch 80: train_loss: 0.5018 | lr: 0.000458
[2023-03-22 09:01:02] PRINT [03/22 09:01:02 graph]: --- Testf1: 0.82876, Best Valacc: 0.80000 in epoch 449 --- 
[2023-03-22 09:01:02] PRINT [03/22 09:01:02 graph]: Epoch 80: get test acc score:  0.82876
[2023-03-22 09:01:02] PRINT [03/22 09:01:02 graph]: best_f1 0.83839 at epoch 78
[2023-03-22 09:01:02] PRINT [03/22 09:01:02 graph]: start epoch 81.
[2023-03-22 09:01:02] PRINT [03/22 09:01:02 graph]: # Epoch 81: train_loss: 0.5023 | lr: 0.000458
[2023-03-22 09:01:09] PRINT [03/22 09:01:09 graph]: --- Testf1: 0.82112, Best Valacc: 0.81382 in epoch 436 --- 
[2023-03-22 09:01:10] PRINT [03/22 09:01:10 graph]: Epoch 81: get test acc score:  0.82112
[2023-03-22 09:01:10] PRINT [03/22 09:01:10 graph]: best_f1 0.83839 at epoch 78
[2023-03-22 09:01:10] PRINT [03/22 09:01:10 graph]: start epoch 82.
[2023-03-22 09:01:10] PRINT [03/22 09:01:10 graph]: # Epoch 82: train_loss: 0.5010 | lr: 0.000458
[2023-03-22 09:01:16] PRINT [03/22 09:01:16 graph]: --- Testf1: 0.81312, Best Valacc: 0.80073 in epoch 395 --- 
[2023-03-22 09:01:17] PRINT [03/22 09:01:17 graph]: Epoch 82: get test acc score:  0.81312
[2023-03-22 09:01:17] PRINT [03/22 09:01:17 graph]: best_f1 0.83839 at epoch 78
[2023-03-22 09:01:17] PRINT [03/22 09:01:17 graph]: start epoch 83.
[2023-03-22 09:01:17] PRINT [03/22 09:01:17 graph]: # Epoch 83: train_loss: 0.5008 | lr: 0.000458
[2023-03-22 09:01:24] PRINT [03/22 09:01:24 graph]: --- Testf1: 0.82640, Best Valacc: 0.81964 in epoch 362 --- 
[2023-03-22 09:01:24] PRINT [03/22 09:01:24 graph]: Epoch 83: get test acc score:  0.82640
[2023-03-22 09:01:24] PRINT [03/22 09:01:24 graph]: best_f1 0.83839 at epoch 78
[2023-03-22 09:01:24] PRINT [03/22 09:01:24 graph]: start epoch 84.
[2023-03-22 09:01:24] PRINT [03/22 09:01:24 graph]: # Epoch 84: train_loss: 0.5037 | lr: 0.000458
[2023-03-22 09:01:31] PRINT [03/22 09:01:31 graph]: --- Testf1: 0.83058, Best Valacc: 0.82036 in epoch 492 --- 
[2023-03-22 09:01:31] PRINT [03/22 09:01:31 graph]: Epoch 84: get test acc score:  0.83058
[2023-03-22 09:01:31] PRINT [03/22 09:01:31 graph]: best_f1 0.83839 at epoch 78
[2023-03-22 09:01:31] PRINT [03/22 09:01:31 graph]: start epoch 85.
[2023-03-22 09:01:32] PRINT [03/22 09:01:32 graph]: # Epoch 85: train_loss: 0.5005 | lr: 0.000458
[2023-03-22 09:01:38] PRINT [03/22 09:01:38 graph]: --- Testf1: 0.82721, Best Valacc: 0.83127 in epoch 470 --- 
[2023-03-22 09:01:39] PRINT [03/22 09:01:39 graph]: Epoch 85: get test acc score:  0.82721
[2023-03-22 09:01:39] PRINT [03/22 09:01:39 graph]: best_f1 0.83839 at epoch 78
[2023-03-22 09:01:39] PRINT [03/22 09:01:39 graph]: start epoch 86.
[2023-03-22 09:01:39] PRINT [03/22 09:01:39 graph]: # Epoch 86: train_loss: 0.4996 | lr: 0.000458
[2023-03-22 09:01:46] PRINT [03/22 09:01:46 graph]: --- Testf1: 0.83030, Best Valacc: 0.81964 in epoch 431 --- 
[2023-03-22 09:01:46] PRINT [03/22 09:01:46 graph]: Epoch 86: get test acc score:  0.83030
[2023-03-22 09:01:46] PRINT [03/22 09:01:46 graph]: best_f1 0.83839 at epoch 78
[2023-03-22 09:01:46] PRINT [03/22 09:01:46 graph]: start epoch 87.
[2023-03-22 09:01:46] PRINT [03/22 09:01:46 graph]: # Epoch 87: train_loss: 0.4992 | lr: 0.000458
[2023-03-22 09:01:53] PRINT [03/22 09:01:53 graph]: --- Testf1: 0.82276, Best Valacc: 0.80364 in epoch 337 --- 
[2023-03-22 09:01:53] PRINT [03/22 09:01:53 graph]: Epoch 87: get test acc score:  0.82276
[2023-03-22 09:01:53] PRINT [03/22 09:01:53 graph]: best_f1 0.83839 at epoch 78
[2023-03-22 09:01:53] PRINT [03/22 09:01:53 graph]: start epoch 88.
[2023-03-22 09:01:53] PRINT [03/22 09:01:53 graph]: # Epoch 88: train_loss: 0.4984 | lr: 0.000458
[2023-03-22 09:02:00] PRINT [03/22 09:02:00 graph]: --- Testf1: 0.82049, Best Valacc: 0.81091 in epoch 360 --- 
[2023-03-22 09:02:01] PRINT [03/22 09:02:01 graph]: Epoch 88: get test acc score:  0.82049
[2023-03-22 09:02:01] PRINT [03/22 09:02:01 graph]: best_f1 0.83839 at epoch 78
[2023-03-22 09:02:01] PRINT [03/22 09:02:01 graph]: start epoch 89.
[2023-03-22 09:02:01] PRINT [03/22 09:02:01 graph]: # Epoch 89: train_loss: 0.4991 | lr: 0.000458
[2023-03-22 09:02:08] PRINT [03/22 09:02:08 graph]: --- Testf1: 0.82067, Best Valacc: 0.80727 in epoch 492 --- 
[2023-03-22 09:02:08] PRINT [03/22 09:02:08 graph]: Epoch 89: get test acc score:  0.82067
[2023-03-22 09:02:08] PRINT [03/22 09:02:08 graph]: best_f1 0.83839 at epoch 78
[2023-03-22 09:02:08] PRINT [03/22 09:02:08 graph]: start epoch 90.
[2023-03-22 09:02:08] PRINT [03/22 09:02:08 graph]: # Epoch 90: train_loss: 0.4976 | lr: 0.000458
[2023-03-22 09:02:15] PRINT [03/22 09:02:15 graph]: --- Testf1: 0.81631, Best Valacc: 0.80582 in epoch 402 --- 
[2023-03-22 09:02:15] PRINT [03/22 09:02:15 graph]: Epoch 90: get test acc score:  0.81631
[2023-03-22 09:02:15] PRINT [03/22 09:02:15 graph]: best_f1 0.83839 at epoch 78
[2023-03-22 09:02:15] PRINT [03/22 09:02:15 graph]: start epoch 91.
[2023-03-22 09:02:15] PRINT [03/22 09:02:15 graph]: # Epoch 91: train_loss: 0.4972 | lr: 0.000458
[2023-03-22 09:02:22] PRINT [03/22 09:02:22 graph]: --- Testf1: 0.82803, Best Valacc: 0.82182 in epoch 352 --- 
[2023-03-22 09:02:23] PRINT [03/22 09:02:23 graph]: Epoch 91: get test acc score:  0.82803
[2023-03-22 09:02:23] PRINT [03/22 09:02:23 graph]: best_f1 0.83839 at epoch 78
[2023-03-22 09:02:23] PRINT [03/22 09:02:23 graph]: start epoch 92.
[2023-03-22 09:02:23] PRINT [03/22 09:02:23 graph]: # Epoch 92: train_loss: 0.4973 | lr: 0.000458
[2023-03-22 09:02:30] PRINT [03/22 09:02:30 graph]: --- Testf1: 0.82612, Best Valacc: 0.82036 in epoch 415 --- 
[2023-03-22 09:02:30] PRINT [03/22 09:02:30 graph]: Epoch 92: get test acc score:  0.82612
[2023-03-22 09:02:30] PRINT [03/22 09:02:30 graph]: best_f1 0.83839 at epoch 78
[2023-03-22 09:02:30] PRINT [03/22 09:02:30 graph]: start epoch 93.
[2023-03-22 09:02:30] PRINT [03/22 09:02:30 graph]: # Epoch 93: train_loss: 0.4961 | lr: 0.000458
[2023-03-22 09:02:37] PRINT [03/22 09:02:37 graph]: --- Testf1: 0.83194, Best Valacc: 0.81818 in epoch 401 --- 
[2023-03-22 09:02:37] PRINT [03/22 09:02:37 graph]: Epoch 93: get test acc score:  0.83194
[2023-03-22 09:02:37] PRINT [03/22 09:02:37 graph]: best_f1 0.83839 at epoch 78
[2023-03-22 09:02:37] PRINT [03/22 09:02:37 graph]: start epoch 94.
[2023-03-22 09:02:37] PRINT [03/22 09:02:37 graph]: # Epoch 94: train_loss: 0.4967 | lr: 0.000458
[2023-03-22 09:02:44] PRINT [03/22 09:02:44 graph]: --- Testf1: 0.82630, Best Valacc: 0.81455 in epoch 438 --- 
[2023-03-22 09:02:45] PRINT [03/22 09:02:45 graph]: Epoch 94: get test acc score:  0.82630
[2023-03-22 09:02:45] PRINT [03/22 09:02:45 graph]: best_f1 0.83839 at epoch 78
[2023-03-22 09:02:45] PRINT [03/22 09:02:45 graph]: start epoch 95.
[2023-03-22 09:02:45] PRINT [03/22 09:02:45 graph]: # Epoch 95: train_loss: 0.4960 | lr: 0.000458
[2023-03-22 09:02:52] PRINT [03/22 09:02:52 graph]: --- Testf1: 0.82267, Best Valacc: 0.79782 in epoch 424 --- 
[2023-03-22 09:02:52] PRINT [03/22 09:02:52 graph]: Epoch 95: get test acc score:  0.82267
[2023-03-22 09:02:52] PRINT [03/22 09:02:52 graph]: best_f1 0.83839 at epoch 78
[2023-03-22 09:02:52] PRINT [03/22 09:02:52 graph]: start epoch 96.
[2023-03-22 09:02:52] PRINT [03/22 09:02:52 graph]: # Epoch 96: train_loss: 0.4955 | lr: 0.000458
[2023-03-22 09:02:59] PRINT [03/22 09:02:59 graph]: --- Testf1: 0.82485, Best Valacc: 0.81673 in epoch 474 --- 
[2023-03-22 09:02:59] PRINT [03/22 09:02:59 graph]: Epoch 96: get test acc score:  0.82485
[2023-03-22 09:02:59] PRINT [03/22 09:02:59 graph]: best_f1 0.83839 at epoch 78
[2023-03-22 09:02:59] PRINT [03/22 09:02:59 graph]: start epoch 97.
[2023-03-22 09:02:59] PRINT [03/22 09:02:59 graph]: # Epoch 97: train_loss: 0.4956 | lr: 0.000458
[2023-03-22 09:03:06] PRINT [03/22 09:03:06 graph]: --- Testf1: 0.82458, Best Valacc: 0.82764 in epoch 330 --- 
[2023-03-22 09:03:06] PRINT [03/22 09:03:06 graph]: Epoch 97: get test acc score:  0.82458
[2023-03-22 09:03:06] PRINT [03/22 09:03:06 graph]: best_f1 0.83839 at epoch 78
[2023-03-22 09:03:06] PRINT [03/22 09:03:06 graph]: start epoch 98.
[2023-03-22 09:03:06] PRINT [03/22 09:03:06 graph]: # Epoch 98: train_loss: 0.4951 | lr: 0.000458
[2023-03-22 09:03:13] PRINT [03/22 09:03:13 graph]: --- Testf1: 0.83676, Best Valacc: 0.81309 in epoch 356 --- 
[2023-03-22 09:03:14] PRINT [03/22 09:03:14 graph]: Epoch 98: get test acc score:  0.83676
[2023-03-22 09:03:14] PRINT [03/22 09:03:14 graph]: best_f1 0.83839 at epoch 78
[2023-03-22 09:03:14] PRINT [03/22 09:03:14 graph]: start epoch 99.
[2023-03-22 09:03:14] PRINT [03/22 09:03:14 graph]: # Epoch 99: train_loss: 0.4947 | lr: 0.000458
[2023-03-22 09:03:21] PRINT [03/22 09:03:21 graph]: --- Testf1: 0.82621, Best Valacc: 0.82400 in epoch 486 --- 
[2023-03-22 09:03:21] PRINT [03/22 09:03:21 graph]: Epoch 99: get test acc score:  0.82621
[2023-03-22 09:03:21] PRINT [03/22 09:03:21 graph]: best_f1 0.83839 at epoch 78
[2023-03-22 09:03:21] PRINT [03/22 09:03:21 graph]: # final_acc: 0.83839±0.00000
