[2023-03-05 23:27:32] PRINT ---new cfg------
[2023-03-05 23:27:32] PRINT {'DATA': {'data_name': 'MUTAG', 'deg4feat': True}, 'DATALOADER': {'NUM_WORKERS': 0, 'BATCH_SIZE': 32}, 'MODEL': {'num_hidden': 512, 'num_layers': 2, 'nhead': 4, 'activation': 'prelu', 'attn_drop': 0.2, 'feat_drop': 0.30000000000000004, 'norm': 'batchnorm', 'pooler': 'mean', 'beta_schedule': 'linear', 'beta_1': 0.0009560056029911366, 'beta_T': 0.011454737403418772, 'T': 599}, 'SOLVER': {'optim_type': 'adamw', 'optim_type_f': 'adamw', 'alpha': 1, 'decay': 50, 'LR': 0.0005192939741872123, 'weight_decay': 0.0005, 'MAX_EPOCH': 50}, 'DEVICE': 'cuda', 'seeds': [11], 'eval_T': [50, 100, 200], 'output_dir': '/ddm-nni/MUTAG/log', 'checkpoint_dir': '/ddm-nni/MUTAG/log/checkpoint'}
[2023-03-05 23:27:32] PRINT [03/05 23:27:32 graph]: Rank of current process: 0. World size: 1
[2023-03-05 23:27:36] PRINT [03/05 23:27:36 graph]: Environment info:
[2023-03-05 23:27:36] PRINT PyTorch version: 1.10.0+cu113
[2023-03-05 23:27:36] PRINT Is debug build: False
[2023-03-05 23:27:36] PRINT CUDA used to build PyTorch: 11.3
[2023-03-05 23:27:36] PRINT ROCM used to build PyTorch: N/A
[2023-03-05 23:27:36] PRINT 
[2023-03-05 23:27:36] PRINT OS: Ubuntu 20.04.3 LTS (x86_64)
[2023-03-05 23:27:36] PRINT GCC version: (Ubuntu 9.3.0-17ubuntu1~20.04) 9.3.0
[2023-03-05 23:27:36] PRINT Clang version: Could not collect
[2023-03-05 23:27:36] PRINT CMake version: version 3.16.3
[2023-03-05 23:27:36] PRINT Libc version: glibc-2.31
[2023-03-05 23:27:36] PRINT 
[2023-03-05 23:27:36] PRINT Python version: 3.8.10 (default, Jun  4 2021, 15:09:15)  [GCC 7.5.0] (64-bit runtime)
[2023-03-05 23:27:36] PRINT Python platform: Linux-5.4.0-90-generic-x86_64-with-glibc2.17
[2023-03-05 23:27:36] PRINT Is CUDA available: True
[2023-03-05 23:27:36] PRINT CUDA runtime version: 11.3.109
[2023-03-05 23:27:36] PRINT GPU models and configuration: GPU 0: NVIDIA GeForce RTX 3090
[2023-03-05 23:27:36] PRINT Nvidia driver version: 495.44
[2023-03-05 23:27:36] PRINT cuDNN version: Probably one of the following:
[2023-03-05 23:27:36] PRINT /usr/lib/x86_64-linux-gnu/libcudnn.so.8.2.0
[2023-03-05 23:27:36] PRINT /usr/lib/x86_64-linux-gnu/libcudnn_adv_infer.so.8.2.0
[2023-03-05 23:27:36] PRINT /usr/lib/x86_64-linux-gnu/libcudnn_adv_train.so.8.2.0
[2023-03-05 23:27:36] PRINT /usr/lib/x86_64-linux-gnu/libcudnn_cnn_infer.so.8.2.0
[2023-03-05 23:27:36] PRINT /usr/lib/x86_64-linux-gnu/libcudnn_cnn_train.so.8.2.0
[2023-03-05 23:27:36] PRINT /usr/lib/x86_64-linux-gnu/libcudnn_ops_infer.so.8.2.0
[2023-03-05 23:27:36] PRINT /usr/lib/x86_64-linux-gnu/libcudnn_ops_train.so.8.2.0
[2023-03-05 23:27:36] PRINT HIP runtime version: N/A
[2023-03-05 23:27:36] PRINT MIOpen runtime version: N/A
[2023-03-05 23:27:36] PRINT 
[2023-03-05 23:27:36] PRINT Versions of relevant libraries:
[2023-03-05 23:27:36] PRINT [pip3] numpy==1.23.5
[2023-03-05 23:27:36] PRINT [pip3] torch==1.10.0+cu113
[2023-03-05 23:27:36] PRINT [pip3] torchvision==0.11.1+cu113
[2023-03-05 23:27:36] PRINT [conda] blas                      1.0                         mkl    https://mirrors.ustc.edu.cn/anaconda/pkgs/main
[2023-03-05 23:27:36] PRINT [conda] mkl                       2021.4.0           h06a4308_640    https://mirrors.ustc.edu.cn/anaconda/pkgs/main
[2023-03-05 23:27:36] PRINT [conda] mkl-service               2.4.0            py38h7f8727e_0    https://mirrors.ustc.edu.cn/anaconda/pkgs/main
[2023-03-05 23:27:36] PRINT [conda] mkl_fft                   1.3.1            py38hd3c417c_0    https://mirrors.ustc.edu.cn/anaconda/pkgs/main
[2023-03-05 23:27:36] PRINT [conda] mkl_random                1.2.2            py38h51133e4_0    https://mirrors.ustc.edu.cn/anaconda/pkgs/main
[2023-03-05 23:27:36] PRINT [conda] numpy                     1.21.4                   pypi_0    pypi
[2023-03-05 23:27:36] PRINT [conda] numpy-base                1.23.5           py38h31eccc5_0    https://mirrors.ustc.edu.cn/anaconda/pkgs/main
[2023-03-05 23:27:36] PRINT [conda] torch                     1.10.0+cu113             pypi_0    pypi
[2023-03-05 23:27:36] PRINT [conda] torchvision               0.11.1+cu113             pypi_0    pypi
[2023-03-05 23:27:36] PRINT         Pillow (8.4.0)
[2023-03-05 23:27:36] PRINT [03/05 23:27:36 graph]: Command line arguments: Namespace(local_rank=0, resume=False, seed=1234, start_epoch=0)
[2023-03-05 23:27:36] PRINT Using degree as node features
[2023-03-05 23:27:36] PRINT ******** # Num Graphs: 188, # Num Feat: 5, # Num Classes: 2 ********
[2023-03-05 23:27:36] PRINT [03/05 23:27:36 graph]: Run 0th for seed 11
[2023-03-05 23:27:36] PRINT [03/05 23:27:36 graph]: Total trainable params num : 5047919
[2023-03-05 23:27:41] PRINT [03/05 23:27:41 graph]: ----------Start Training----------
[2023-03-05 23:27:42] PRINT [03/05 23:27:42 graph]: Epoch 0 | train_loss: 0.7984 | lr: 0.000519
[2023-03-05 23:27:42] PRINT [03/05 23:27:42 graph]: Epoch 1 | train_loss: 0.5126 | lr: 0.000519
[2023-03-05 23:27:42] PRINT [03/05 23:27:42 graph]: Epoch 2 | train_loss: 0.4476 | lr: 0.000519
[2023-03-05 23:27:45] PRINT [03/05 23:27:45 graph]: #Test_f1: 0.8453±0.0455
[2023-03-05 23:27:46] PRINT [03/05 23:27:46 graph]: Epoch 2: get test f1 score:  0.845
[2023-03-05 23:27:46] PRINT [03/05 23:27:46 graph]: best_f1 0.845 at epoch 2
[2023-03-05 23:27:46] PRINT [03/05 23:27:46 graph]: Epoch 3 | train_loss: 0.4211 | lr: 0.000519
[2023-03-05 23:27:49] PRINT [03/05 23:27:49 graph]: #Test_f1: 0.8567±0.0401
[2023-03-05 23:27:50] PRINT [03/05 23:27:50 graph]: Epoch 3: get test f1 score:  0.857
[2023-03-05 23:27:50] PRINT [03/05 23:27:50 graph]: best_f1 0.857 at epoch 3
[2023-03-05 23:27:50] PRINT [03/05 23:27:50 graph]: Epoch 4 | train_loss: 0.3989 | lr: 0.000519
[2023-03-05 23:27:53] PRINT [03/05 23:27:53 graph]: #Test_f1: 0.8091±0.0730
[2023-03-05 23:27:53] PRINT [03/05 23:27:53 graph]: Epoch 4: get test f1 score:  0.809
[2023-03-05 23:27:53] PRINT [03/05 23:27:53 graph]: best_f1 0.857 at epoch 3
[2023-03-05 23:27:54] PRINT [03/05 23:27:54 graph]: Epoch 5 | train_loss: 0.3866 | lr: 0.000519
[2023-03-05 23:27:57] PRINT [03/05 23:27:57 graph]: #Test_f1: 0.8082±0.0501
[2023-03-05 23:27:57] PRINT [03/05 23:27:57 graph]: Epoch 5: get test f1 score:  0.808
[2023-03-05 23:27:57] PRINT [03/05 23:27:57 graph]: best_f1 0.857 at epoch 3
[2023-03-05 23:27:57] PRINT [03/05 23:27:57 graph]: Epoch 6 | train_loss: 0.3545 | lr: 0.000519
[2023-03-05 23:28:00] PRINT [03/05 23:28:00 graph]: #Test_f1: 0.8196±0.0576
[2023-03-05 23:28:01] PRINT [03/05 23:28:01 graph]: Epoch 6: get test f1 score:  0.820
[2023-03-05 23:28:01] PRINT [03/05 23:28:01 graph]: best_f1 0.857 at epoch 3
[2023-03-05 23:28:01] PRINT [03/05 23:28:01 graph]: Epoch 7 | train_loss: 0.3346 | lr: 0.000519
[2023-03-05 23:28:04] PRINT [03/05 23:28:04 graph]: #Test_f1: 0.8196±0.0753
[2023-03-05 23:28:04] PRINT [03/05 23:28:04 graph]: Epoch 7: get test f1 score:  0.820
[2023-03-05 23:28:04] PRINT [03/05 23:28:04 graph]: best_f1 0.857 at epoch 3
[2023-03-05 23:28:04] PRINT [03/05 23:28:04 graph]: Epoch 8 | train_loss: 0.3258 | lr: 0.000519
[2023-03-05 23:28:07] PRINT [03/05 23:28:07 graph]: #Test_f1: 0.8035±0.0678
[2023-03-05 23:28:08] PRINT [03/05 23:28:08 graph]: Epoch 8: get test f1 score:  0.804
[2023-03-05 23:28:08] PRINT [03/05 23:28:08 graph]: best_f1 0.857 at epoch 3
[2023-03-05 23:28:08] PRINT [03/05 23:28:08 graph]: Epoch 9 | train_loss: 0.3057 | lr: 0.000519
[2023-03-05 23:28:11] PRINT [03/05 23:28:11 graph]: #Test_f1: 0.8295±0.0469
[2023-03-05 23:28:11] PRINT [03/05 23:28:11 graph]: Epoch 9: get test f1 score:  0.830
[2023-03-05 23:28:11] PRINT [03/05 23:28:11 graph]: best_f1 0.857 at epoch 3
[2023-03-05 23:28:11] PRINT [03/05 23:28:11 graph]: Epoch 10 | train_loss: 0.2913 | lr: 0.000519
[2023-03-05 23:28:14] PRINT [03/05 23:28:14 graph]: #Test_f1: 0.8038±0.0565
[2023-03-05 23:28:15] PRINT [03/05 23:28:15 graph]: Epoch 10: get test f1 score:  0.804
[2023-03-05 23:28:15] PRINT [03/05 23:28:15 graph]: best_f1 0.857 at epoch 3
[2023-03-05 23:28:15] PRINT [03/05 23:28:15 graph]: Epoch 11 | train_loss: 0.2764 | lr: 0.000519
[2023-03-05 23:28:18] PRINT [03/05 23:28:18 graph]: #Test_f1: 0.8249±0.0477
[2023-03-05 23:28:18] PRINT [03/05 23:28:18 graph]: Epoch 11: get test f1 score:  0.825
[2023-03-05 23:28:18] PRINT [03/05 23:28:18 graph]: best_f1 0.857 at epoch 3
[2023-03-05 23:28:19] PRINT [03/05 23:28:19 graph]: Epoch 12 | train_loss: 0.2645 | lr: 0.000519
[2023-03-05 23:28:21] PRINT [03/05 23:28:21 graph]: #Test_f1: 0.7930±0.0541
[2023-03-05 23:28:22] PRINT [03/05 23:28:22 graph]: Epoch 12: get test f1 score:  0.793
[2023-03-05 23:28:22] PRINT [03/05 23:28:22 graph]: best_f1 0.857 at epoch 3
[2023-03-05 23:28:22] PRINT [03/05 23:28:22 graph]: Epoch 13 | train_loss: 0.2627 | lr: 0.000519
[2023-03-05 23:28:25] PRINT [03/05 23:28:25 graph]: #Test_f1: 0.8459±0.0363
[2023-03-05 23:28:26] PRINT [03/05 23:28:26 graph]: Epoch 13: get test f1 score:  0.846
[2023-03-05 23:28:26] PRINT [03/05 23:28:26 graph]: best_f1 0.857 at epoch 3
[2023-03-05 23:28:26] PRINT [03/05 23:28:26 graph]: Epoch 14 | train_loss: 0.2611 | lr: 0.000519
[2023-03-05 23:28:29] PRINT [03/05 23:28:29 graph]: #Test_f1: 0.8082±0.0366
[2023-03-05 23:28:29] PRINT [03/05 23:28:29 graph]: Epoch 14: get test f1 score:  0.808
[2023-03-05 23:28:29] PRINT [03/05 23:28:29 graph]: best_f1 0.857 at epoch 3
[2023-03-05 23:28:30] PRINT [03/05 23:28:30 graph]: Epoch 15 | train_loss: 0.2598 | lr: 0.000519
[2023-03-05 23:28:33] PRINT [03/05 23:28:33 graph]: #Test_f1: 0.8678±0.0714
[2023-03-05 23:28:33] PRINT [03/05 23:28:33 graph]: Epoch 15: get test f1 score:  0.868
[2023-03-05 23:28:33] PRINT [03/05 23:28:33 graph]: best_f1 0.868 at epoch 15
[2023-03-05 23:28:33] PRINT [03/05 23:28:33 graph]: Epoch 16 | train_loss: 0.2431 | lr: 0.000519
[2023-03-05 23:28:36] PRINT [03/05 23:28:36 graph]: #Test_f1: 0.8354±0.0543
[2023-03-05 23:28:37] PRINT [03/05 23:28:37 graph]: Epoch 16: get test f1 score:  0.835
[2023-03-05 23:28:37] PRINT [03/05 23:28:37 graph]: best_f1 0.868 at epoch 15
[2023-03-05 23:28:37] PRINT [03/05 23:28:37 graph]: Epoch 17 | train_loss: 0.2481 | lr: 0.000519
[2023-03-05 23:28:40] PRINT [03/05 23:28:40 graph]: #Test_f1: 0.8456±0.0552
[2023-03-05 23:28:40] PRINT [03/05 23:28:40 graph]: Epoch 17: get test f1 score:  0.846
[2023-03-05 23:28:40] PRINT [03/05 23:28:40 graph]: best_f1 0.868 at epoch 15
[2023-03-05 23:28:41] PRINT [03/05 23:28:41 graph]: Epoch 18 | train_loss: 0.2343 | lr: 0.000519
[2023-03-05 23:28:44] PRINT [03/05 23:28:44 graph]: #Test_f1: 0.8404±0.0417
[2023-03-05 23:28:44] PRINT [03/05 23:28:44 graph]: Epoch 18: get test f1 score:  0.840
[2023-03-05 23:28:44] PRINT [03/05 23:28:44 graph]: best_f1 0.868 at epoch 15
[2023-03-05 23:28:44] PRINT [03/05 23:28:44 graph]: Epoch 19 | train_loss: 0.2402 | lr: 0.000519
[2023-03-05 23:28:47] PRINT [03/05 23:28:47 graph]: #Test_f1: 0.8670±0.0542
[2023-03-05 23:28:48] PRINT [03/05 23:28:48 graph]: Epoch 19: get test f1 score:  0.867
[2023-03-05 23:28:48] PRINT [03/05 23:28:48 graph]: best_f1 0.868 at epoch 15
[2023-03-05 23:28:48] PRINT [03/05 23:28:48 graph]: Epoch 20 | train_loss: 0.2386 | lr: 0.000519
[2023-03-05 23:28:51] PRINT [03/05 23:28:51 graph]: #Test_f1: 0.8509±0.0471
[2023-03-05 23:28:51] PRINT [03/05 23:28:51 graph]: Epoch 20: get test f1 score:  0.851
[2023-03-05 23:28:51] PRINT [03/05 23:28:51 graph]: best_f1 0.868 at epoch 15
[2023-03-05 23:28:52] PRINT [03/05 23:28:52 graph]: Epoch 21 | train_loss: 0.2393 | lr: 0.000519
[2023-03-05 23:28:55] PRINT [03/05 23:28:55 graph]: #Test_f1: 0.8406±0.0325
[2023-03-05 23:28:55] PRINT [03/05 23:28:55 graph]: Epoch 21: get test f1 score:  0.841
[2023-03-05 23:28:55] PRINT [03/05 23:28:55 graph]: best_f1 0.868 at epoch 15
[2023-03-05 23:28:55] PRINT [03/05 23:28:55 graph]: Epoch 22 | train_loss: 0.2294 | lr: 0.000519
[2023-03-05 23:28:58] PRINT [03/05 23:28:58 graph]: #Test_f1: 0.8567±0.0401
[2023-03-05 23:28:59] PRINT [03/05 23:28:59 graph]: Epoch 22: get test f1 score:  0.857
[2023-03-05 23:28:59] PRINT [03/05 23:28:59 graph]: best_f1 0.868 at epoch 15
[2023-03-05 23:28:59] PRINT [03/05 23:28:59 graph]: Epoch 23 | train_loss: 0.2263 | lr: 0.000519
[2023-03-05 23:29:02] PRINT [03/05 23:29:02 graph]: #Test_f1: 0.8512±0.0514
[2023-03-05 23:29:02] PRINT [03/05 23:29:02 graph]: Epoch 23: get test f1 score:  0.851
[2023-03-05 23:29:02] PRINT [03/05 23:29:02 graph]: best_f1 0.868 at epoch 15
[2023-03-05 23:29:02] PRINT [03/05 23:29:02 graph]: Epoch 24 | train_loss: 0.2229 | lr: 0.000519
[2023-03-05 23:29:05] PRINT [03/05 23:29:05 graph]: #Test_f1: 0.8345±0.0623
[2023-03-05 23:29:06] PRINT [03/05 23:29:06 graph]: Epoch 24: get test f1 score:  0.835
[2023-03-05 23:29:06] PRINT [03/05 23:29:06 graph]: best_f1 0.868 at epoch 15
[2023-03-05 23:29:06] PRINT [03/05 23:29:06 graph]: Epoch 25 | train_loss: 0.2264 | lr: 0.000519
[2023-03-05 23:29:09] PRINT [03/05 23:29:09 graph]: #Test_f1: 0.8462±0.0354
[2023-03-05 23:29:09] PRINT [03/05 23:29:09 graph]: Epoch 25: get test f1 score:  0.846
[2023-03-05 23:29:09] PRINT [03/05 23:29:09 graph]: best_f1 0.868 at epoch 15
[2023-03-05 23:29:09] PRINT [03/05 23:29:09 graph]: Epoch 26 | train_loss: 0.2187 | lr: 0.000519
[2023-03-05 23:29:12] PRINT [03/05 23:29:12 graph]: #Test_f1: 0.8459±0.0546
[2023-03-05 23:29:12] PRINT [03/05 23:29:12 graph]: Epoch 26: get test f1 score:  0.846
[2023-03-05 23:29:12] PRINT [03/05 23:29:12 graph]: best_f1 0.868 at epoch 15
[2023-03-05 23:29:13] PRINT [03/05 23:29:13 graph]: Epoch 27 | train_loss: 0.2101 | lr: 0.000519
[2023-03-05 23:29:16] PRINT [03/05 23:29:16 graph]: #Test_f1: 0.8509±0.0471
[2023-03-05 23:29:16] PRINT [03/05 23:29:16 graph]: Epoch 27: get test f1 score:  0.851
[2023-03-05 23:29:16] PRINT [03/05 23:29:16 graph]: best_f1 0.868 at epoch 15
[2023-03-05 23:29:16] PRINT [03/05 23:29:16 graph]: Epoch 28 | train_loss: 0.2189 | lr: 0.000519
[2023-03-05 23:29:19] PRINT [03/05 23:29:19 graph]: #Test_f1: 0.8459±0.0363
[2023-03-05 23:29:20] PRINT [03/05 23:29:20 graph]: Epoch 28: get test f1 score:  0.846
[2023-03-05 23:29:20] PRINT [03/05 23:29:20 graph]: best_f1 0.868 at epoch 15
[2023-03-05 23:29:20] PRINT [03/05 23:29:20 graph]: Epoch 29 | train_loss: 0.2109 | lr: 0.000519
[2023-03-05 23:29:23] PRINT [03/05 23:29:23 graph]: #Test_f1: 0.8404±0.0533
[2023-03-05 23:29:23] PRINT [03/05 23:29:23 graph]: Epoch 29: get test f1 score:  0.840
[2023-03-05 23:29:23] PRINT [03/05 23:29:23 graph]: best_f1 0.868 at epoch 15
[2023-03-05 23:29:23] PRINT [03/05 23:29:23 graph]: Epoch 30 | train_loss: 0.2135 | lr: 0.000519
[2023-03-05 23:29:26] PRINT [03/05 23:29:26 graph]: #Test_f1: 0.8456±0.0373
[2023-03-05 23:29:26] PRINT [03/05 23:29:26 graph]: Epoch 30: get test f1 score:  0.846
[2023-03-05 23:29:26] PRINT [03/05 23:29:26 graph]: best_f1 0.868 at epoch 15
[2023-03-05 23:29:27] PRINT [03/05 23:29:27 graph]: Epoch 31 | train_loss: 0.2073 | lr: 0.000519
[2023-03-05 23:29:30] PRINT [03/05 23:29:30 graph]: #Test_f1: 0.8301±0.0450
[2023-03-05 23:29:30] PRINT [03/05 23:29:30 graph]: Epoch 31: get test f1 score:  0.830
[2023-03-05 23:29:30] PRINT [03/05 23:29:30 graph]: best_f1 0.868 at epoch 15
[2023-03-05 23:29:30] PRINT [03/05 23:29:30 graph]: Epoch 32 | train_loss: 0.2114 | lr: 0.000519
[2023-03-05 23:29:33] PRINT [03/05 23:29:33 graph]: #Test_f1: 0.8459±0.0493
[2023-03-05 23:29:34] PRINT [03/05 23:29:34 graph]: Epoch 32: get test f1 score:  0.846
[2023-03-05 23:29:34] PRINT [03/05 23:29:34 graph]: best_f1 0.868 at epoch 15
[2023-03-05 23:29:34] PRINT [03/05 23:29:34 graph]: Epoch 33 | train_loss: 0.2062 | lr: 0.000519
[2023-03-05 23:29:37] PRINT [03/05 23:29:37 graph]: #Test_f1: 0.8295±0.0537
[2023-03-05 23:29:37] PRINT [03/05 23:29:37 graph]: Epoch 33: get test f1 score:  0.830
[2023-03-05 23:29:37] PRINT [03/05 23:29:37 graph]: best_f1 0.868 at epoch 15
[2023-03-05 23:29:38] PRINT [03/05 23:29:38 graph]: Epoch 34 | train_loss: 0.2032 | lr: 0.000519
[2023-03-05 23:29:40] PRINT [03/05 23:29:40 graph]: #Test_f1: 0.8401±0.0485
[2023-03-05 23:29:41] PRINT [03/05 23:29:41 graph]: Epoch 34: get test f1 score:  0.840
[2023-03-05 23:29:41] PRINT [03/05 23:29:41 graph]: best_f1 0.868 at epoch 15
[2023-03-05 23:29:41] PRINT [03/05 23:29:41 graph]: Epoch 35 | train_loss: 0.2043 | lr: 0.000519
[2023-03-05 23:29:44] PRINT [03/05 23:29:44 graph]: #Test_f1: 0.8406±0.0465
[2023-03-05 23:29:44] PRINT [03/05 23:29:44 graph]: Epoch 35: get test f1 score:  0.841
[2023-03-05 23:29:44] PRINT [03/05 23:29:44 graph]: best_f1 0.868 at epoch 15
[2023-03-05 23:29:45] PRINT [03/05 23:29:45 graph]: Epoch 36 | train_loss: 0.2134 | lr: 0.000519
[2023-03-05 23:29:48] PRINT [03/05 23:29:48 graph]: #Test_f1: 0.8295±0.0406
[2023-03-05 23:29:48] PRINT [03/05 23:29:48 graph]: Epoch 36: get test f1 score:  0.830
[2023-03-05 23:29:48] PRINT [03/05 23:29:48 graph]: best_f1 0.868 at epoch 15
[2023-03-05 23:29:48] PRINT [03/05 23:29:48 graph]: Epoch 37 | train_loss: 0.2047 | lr: 0.000519
[2023-03-05 23:29:51] PRINT [03/05 23:29:51 graph]: #Test_f1: 0.8404±0.0472
[2023-03-05 23:29:52] PRINT [03/05 23:29:52 graph]: Epoch 37: get test f1 score:  0.840
[2023-03-05 23:29:52] PRINT [03/05 23:29:52 graph]: best_f1 0.868 at epoch 15
[2023-03-05 23:29:52] PRINT [03/05 23:29:52 graph]: Epoch 38 | train_loss: 0.2108 | lr: 0.000519
[2023-03-05 23:29:55] PRINT [03/05 23:29:55 graph]: #Test_f1: 0.8351±0.0444
[2023-03-05 23:29:55] PRINT [03/05 23:29:55 graph]: Epoch 38: get test f1 score:  0.835
[2023-03-05 23:29:55] PRINT [03/05 23:29:55 graph]: best_f1 0.868 at epoch 15
[2023-03-05 23:29:55] PRINT [03/05 23:29:55 graph]: Epoch 39 | train_loss: 0.2036 | lr: 0.000519
[2023-03-05 23:29:58] PRINT [03/05 23:29:58 graph]: #Test_f1: 0.8509±0.0526
[2023-03-05 23:29:59] PRINT [03/05 23:29:59 graph]: Epoch 39: get test f1 score:  0.851
[2023-03-05 23:29:59] PRINT [03/05 23:29:59 graph]: best_f1 0.868 at epoch 15
[2023-03-05 23:29:59] PRINT [03/05 23:29:59 graph]: Epoch 40 | train_loss: 0.2016 | lr: 0.000519
[2023-03-05 23:30:02] PRINT [03/05 23:30:02 graph]: #Test_f1: 0.8404±0.0472
[2023-03-05 23:30:02] PRINT [03/05 23:30:02 graph]: Epoch 40: get test f1 score:  0.840
[2023-03-05 23:30:02] PRINT [03/05 23:30:02 graph]: best_f1 0.868 at epoch 15
[2023-03-05 23:30:03] PRINT [03/05 23:30:03 graph]: Epoch 41 | train_loss: 0.2028 | lr: 0.000519
[2023-03-05 23:30:06] PRINT [03/05 23:30:06 graph]: #Test_f1: 0.8456±0.0441
[2023-03-05 23:30:06] PRINT [03/05 23:30:06 graph]: Epoch 41: get test f1 score:  0.846
[2023-03-05 23:30:06] PRINT [03/05 23:30:06 graph]: best_f1 0.868 at epoch 15
[2023-03-05 23:30:06] PRINT [03/05 23:30:06 graph]: Epoch 42 | train_loss: 0.2004 | lr: 0.000519
[2023-03-05 23:30:09] PRINT [03/05 23:30:09 graph]: #Test_f1: 0.8298±0.0399
[2023-03-05 23:30:09] PRINT [03/05 23:30:09 graph]: Epoch 42: get test f1 score:  0.830
[2023-03-05 23:30:09] PRINT [03/05 23:30:09 graph]: best_f1 0.868 at epoch 15
[2023-03-05 23:30:10] PRINT [03/05 23:30:10 graph]: Epoch 43 | train_loss: 0.1989 | lr: 0.000519
[2023-03-05 23:30:13] PRINT [03/05 23:30:13 graph]: #Test_f1: 0.8456±0.0506
[2023-03-05 23:30:13] PRINT [03/05 23:30:13 graph]: Epoch 43: get test f1 score:  0.846
[2023-03-05 23:30:13] PRINT [03/05 23:30:13 graph]: best_f1 0.868 at epoch 15
[2023-03-05 23:30:13] PRINT [03/05 23:30:13 graph]: Epoch 44 | train_loss: 0.1978 | lr: 0.000519
[2023-03-05 23:30:16] PRINT [03/05 23:30:16 graph]: #Test_f1: 0.8404±0.0409
[2023-03-05 23:30:17] PRINT [03/05 23:30:17 graph]: Epoch 44: get test f1 score:  0.840
[2023-03-05 23:30:17] PRINT [03/05 23:30:17 graph]: best_f1 0.868 at epoch 15
[2023-03-05 23:30:17] PRINT [03/05 23:30:17 graph]: Epoch 45 | train_loss: 0.1870 | lr: 0.000519
[2023-03-05 23:30:20] PRINT [03/05 23:30:20 graph]: #Test_f1: 0.8453±0.0575
[2023-03-05 23:30:21] PRINT [03/05 23:30:21 graph]: Epoch 45: get test f1 score:  0.845
[2023-03-05 23:30:21] PRINT [03/05 23:30:21 graph]: best_f1 0.868 at epoch 15
[2023-03-05 23:30:21] PRINT [03/05 23:30:21 graph]: Epoch 46 | train_loss: 0.1989 | lr: 0.000519
[2023-03-05 23:30:24] PRINT [03/05 23:30:24 graph]: #Test_f1: 0.8351±0.0603
[2023-03-05 23:30:24] PRINT [03/05 23:30:24 graph]: Epoch 46: get test f1 score:  0.835
[2023-03-05 23:30:24] PRINT [03/05 23:30:24 graph]: best_f1 0.868 at epoch 15
[2023-03-05 23:30:24] PRINT [03/05 23:30:24 graph]: Epoch 47 | train_loss: 0.1936 | lr: 0.000519
[2023-03-05 23:30:28] PRINT [03/05 23:30:28 graph]: #Test_f1: 0.8246±0.0406
[2023-03-05 23:30:28] PRINT [03/05 23:30:28 graph]: Epoch 47: get test f1 score:  0.825
[2023-03-05 23:30:28] PRINT [03/05 23:30:28 graph]: best_f1 0.868 at epoch 15
[2023-03-05 23:30:28] PRINT [03/05 23:30:28 graph]: Epoch 48 | train_loss: 0.1956 | lr: 0.000519
[2023-03-05 23:30:31] PRINT [03/05 23:30:31 graph]: #Test_f1: 0.8456±0.0600
[2023-03-05 23:30:32] PRINT [03/05 23:30:32 graph]: Epoch 48: get test f1 score:  0.846
[2023-03-05 23:30:32] PRINT [03/05 23:30:32 graph]: best_f1 0.868 at epoch 15
[2023-03-05 23:30:32] PRINT [03/05 23:30:32 graph]: Epoch 49 | train_loss: 0.1964 | lr: 0.000519
[2023-03-05 23:30:35] PRINT [03/05 23:30:35 graph]: #Test_f1: 0.8401±0.0485
[2023-03-05 23:30:35] PRINT [03/05 23:30:35 graph]: Epoch 49: get test f1 score:  0.840
[2023-03-05 23:30:35] PRINT [03/05 23:30:35 graph]: best_f1 0.868 at epoch 15
[2023-03-05 23:30:36] PRINT [03/05 23:30:36 graph]: # final_acc: 0.8678±0.0000
