[2023-03-05 21:47:17] PRINT ---new cfg------
[2023-03-05 21:47:17] PRINT {'DATA': {'data_name': 'MUTAG', 'deg4feat': True}, 'DATALOADER': {'NUM_WORKERS': 0, 'BATCH_SIZE': 32}, 'MODEL': {'num_hidden': 512, 'num_layers': 2, 'nhead': 2, 'activation': 'prelu', 'attn_drop': 0.4, 'feat_drop': 0.30000000000000004, 'norm': 'batchnorm', 'pooler': 'mean', 'beta_schedule': 'linear', 'beta_1': 0.0006022340637591647, 'beta_T': 0.02796885984332038, 'T': 223}, 'SOLVER': {'optim_type': 'adamw', 'optim_type_f': 'adamw', 'alpha': 1, 'decay': 30, 'LR': 0.0007804745029526449, 'weight_decay': 0.0005, 'MAX_EPOCH': 50}, 'DEVICE': 'cuda', 'seeds': [11], 'eval_T': [50, 100, 200], 'output_dir': '/root/autodl-tmp/ddm-nni/MUTAG/log', 'checkpoint_dir': '/root/autodl-tmp/ddm-nni/MUTAG/log/checkpoint'}
[2023-03-05 21:47:17] PRINT [03/05 21:47:17 graph]: Rank of current process: 0. World size: 1
[2023-03-05 21:47:21] PRINT [03/05 21:47:21 graph]: Environment info:
[2023-03-05 21:47:21] PRINT PyTorch version: 1.10.0+cu113
[2023-03-05 21:47:21] PRINT Is debug build: False
[2023-03-05 21:47:21] PRINT CUDA used to build PyTorch: 11.3
[2023-03-05 21:47:21] PRINT ROCM used to build PyTorch: N/A
[2023-03-05 21:47:21] PRINT 
[2023-03-05 21:47:21] PRINT OS: Ubuntu 20.04.3 LTS (x86_64)
[2023-03-05 21:47:21] PRINT GCC version: (Ubuntu 9.3.0-17ubuntu1~20.04) 9.3.0
[2023-03-05 21:47:21] PRINT Clang version: Could not collect
[2023-03-05 21:47:21] PRINT CMake version: version 3.16.3
[2023-03-05 21:47:21] PRINT Libc version: glibc-2.31
[2023-03-05 21:47:21] PRINT 
[2023-03-05 21:47:21] PRINT Python version: 3.8.10 (default, Jun  4 2021, 15:09:15)  [GCC 7.5.0] (64-bit runtime)
[2023-03-05 21:47:21] PRINT Python platform: Linux-5.4.0-90-generic-x86_64-with-glibc2.17
[2023-03-05 21:47:21] PRINT Is CUDA available: True
[2023-03-05 21:47:21] PRINT CUDA runtime version: 11.3.109
[2023-03-05 21:47:21] PRINT GPU models and configuration: GPU 0: NVIDIA GeForce RTX 3090
[2023-03-05 21:47:21] PRINT Nvidia driver version: 495.44
[2023-03-05 21:47:21] PRINT cuDNN version: Probably one of the following:
[2023-03-05 21:47:21] PRINT /usr/lib/x86_64-linux-gnu/libcudnn.so.8.2.0
[2023-03-05 21:47:21] PRINT /usr/lib/x86_64-linux-gnu/libcudnn_adv_infer.so.8.2.0
[2023-03-05 21:47:21] PRINT /usr/lib/x86_64-linux-gnu/libcudnn_adv_train.so.8.2.0
[2023-03-05 21:47:21] PRINT /usr/lib/x86_64-linux-gnu/libcudnn_cnn_infer.so.8.2.0
[2023-03-05 21:47:21] PRINT /usr/lib/x86_64-linux-gnu/libcudnn_cnn_train.so.8.2.0
[2023-03-05 21:47:21] PRINT /usr/lib/x86_64-linux-gnu/libcudnn_ops_infer.so.8.2.0
[2023-03-05 21:47:21] PRINT /usr/lib/x86_64-linux-gnu/libcudnn_ops_train.so.8.2.0
[2023-03-05 21:47:21] PRINT HIP runtime version: N/A
[2023-03-05 21:47:21] PRINT MIOpen runtime version: N/A
[2023-03-05 21:47:21] PRINT 
[2023-03-05 21:47:21] PRINT Versions of relevant libraries:
[2023-03-05 21:47:21] PRINT [pip3] numpy==1.23.5
[2023-03-05 21:47:21] PRINT [pip3] torch==1.10.0+cu113
[2023-03-05 21:47:21] PRINT [pip3] torchvision==0.11.1+cu113
[2023-03-05 21:47:21] PRINT [conda] blas                      1.0                         mkl    https://mirrors.ustc.edu.cn/anaconda/pkgs/main
[2023-03-05 21:47:21] PRINT [conda] mkl                       2021.4.0           h06a4308_640    https://mirrors.ustc.edu.cn/anaconda/pkgs/main
[2023-03-05 21:47:21] PRINT [conda] mkl-service               2.4.0            py38h7f8727e_0    https://mirrors.ustc.edu.cn/anaconda/pkgs/main
[2023-03-05 21:47:21] PRINT [conda] mkl_fft                   1.3.1            py38hd3c417c_0    https://mirrors.ustc.edu.cn/anaconda/pkgs/main
[2023-03-05 21:47:21] PRINT [conda] mkl_random                1.2.2            py38h51133e4_0    https://mirrors.ustc.edu.cn/anaconda/pkgs/main
[2023-03-05 21:47:21] PRINT [conda] numpy                     1.21.4                   pypi_0    pypi
[2023-03-05 21:47:21] PRINT [conda] numpy-base                1.23.5           py38h31eccc5_0    https://mirrors.ustc.edu.cn/anaconda/pkgs/main
[2023-03-05 21:47:21] PRINT [conda] torch                     1.10.0+cu113             pypi_0    pypi
[2023-03-05 21:47:21] PRINT [conda] torchvision               0.11.1+cu113             pypi_0    pypi
[2023-03-05 21:47:21] PRINT         Pillow (8.4.0)
[2023-03-05 21:47:21] PRINT [03/05 21:47:21 graph]: Command line arguments: Namespace(local_rank=0, resume=False, seed=1234, start_epoch=0)
[2023-03-05 21:47:21] PRINT Using degree as node features
[2023-03-05 21:47:21] PRINT ******** # Num Graphs: 188, # Num Feat: 5, # Num Classes: 2 ********
[2023-03-05 21:47:21] PRINT [03/05 21:47:21 graph]: Run 0th for seed 11
[2023-03-05 21:47:22] PRINT [03/05 21:47:22 graph]: Total trainable params num : 4855407
[2023-03-05 21:47:27] PRINT [03/05 21:47:27 graph]: ----------Start Training----------
[2023-03-05 21:47:27] PRINT [03/05 21:47:27 graph]: Epoch 0 | train_loss: 0.9246 | lr: 0.000780
[2023-03-05 21:47:28] PRINT [03/05 21:47:28 graph]: Epoch 1 | train_loss: 0.8050 | lr: 0.000780
[2023-03-05 21:47:28] PRINT [03/05 21:47:28 graph]: Epoch 2 | train_loss: 0.8222 | lr: 0.000780
[2023-03-05 21:47:31] PRINT [03/05 21:47:31 graph]: #Test_f1: 0.8298±0.0807
[2023-03-05 21:47:31] PRINT [03/05 21:47:31 graph]: Epoch 2: get test f1 score:  0.830
[2023-03-05 21:47:31] PRINT [03/05 21:47:31 graph]: best_f1 0.830 at epoch 2
[2023-03-05 21:47:31] PRINT [03/05 21:47:31 graph]: Epoch 3 | train_loss: 0.7927 | lr: 0.000780
[2023-03-05 21:47:34] PRINT [03/05 21:47:34 graph]: #Test_f1: 0.8570±0.0571
[2023-03-05 21:47:35] PRINT [03/05 21:47:35 graph]: Epoch 3: get test f1 score:  0.857
[2023-03-05 21:47:35] PRINT [03/05 21:47:35 graph]: best_f1 0.857 at epoch 3
[2023-03-05 21:47:35] PRINT [03/05 21:47:35 graph]: Epoch 4 | train_loss: 0.7927 | lr: 0.000780
[2023-03-05 21:47:38] PRINT [03/05 21:47:38 graph]: #Test_f1: 0.8515±0.0692
[2023-03-05 21:47:38] PRINT [03/05 21:47:38 graph]: Epoch 4: get test f1 score:  0.851
[2023-03-05 21:47:38] PRINT [03/05 21:47:38 graph]: best_f1 0.857 at epoch 3
[2023-03-05 21:47:39] PRINT [03/05 21:47:39 graph]: Epoch 5 | train_loss: 0.7774 | lr: 0.000780
[2023-03-05 21:47:41] PRINT [03/05 21:47:41 graph]: #Test_f1: 0.8345±0.0744
[2023-03-05 21:47:41] PRINT [03/05 21:47:41 graph]: Epoch 5: get test f1 score:  0.835
[2023-03-05 21:47:41] PRINT [03/05 21:47:41 graph]: best_f1 0.857 at epoch 3
[2023-03-05 21:47:42] PRINT [03/05 21:47:42 graph]: Epoch 6 | train_loss: 0.7574 | lr: 0.000780
[2023-03-05 21:47:45] PRINT [03/05 21:47:45 graph]: #Test_f1: 0.8673±0.0790
[2023-03-05 21:47:45] PRINT [03/05 21:47:45 graph]: Epoch 6: get test f1 score:  0.867
[2023-03-05 21:47:45] PRINT [03/05 21:47:45 graph]: best_f1 0.867 at epoch 6
[2023-03-05 21:47:46] PRINT [03/05 21:47:46 graph]: Epoch 7 | train_loss: 0.7877 | lr: 0.000780
[2023-03-05 21:47:49] PRINT [03/05 21:47:49 graph]: #Test_f1: 0.8781±0.0704
[2023-03-05 21:47:49] PRINT [03/05 21:47:49 graph]: Epoch 7: get test f1 score:  0.878
[2023-03-05 21:47:49] PRINT [03/05 21:47:49 graph]: best_f1 0.878 at epoch 7
[2023-03-05 21:47:49] PRINT [03/05 21:47:49 graph]: Epoch 8 | train_loss: 0.7887 | lr: 0.000780
[2023-03-05 21:47:52] PRINT [03/05 21:47:52 graph]: #Test_f1: 0.8673±0.0824
[2023-03-05 21:47:53] PRINT [03/05 21:47:53 graph]: Epoch 8: get test f1 score:  0.867
[2023-03-05 21:47:53] PRINT [03/05 21:47:53 graph]: best_f1 0.878 at epoch 7
[2023-03-05 21:47:53] PRINT [03/05 21:47:53 graph]: Epoch 9 | train_loss: 0.7775 | lr: 0.000780
[2023-03-05 21:47:56] PRINT [03/05 21:47:56 graph]: #Test_f1: 0.6860±0.0380
[2023-03-05 21:47:56] PRINT [03/05 21:47:56 graph]: Epoch 9: get test f1 score:  0.686
[2023-03-05 21:47:56] PRINT [03/05 21:47:56 graph]: best_f1 0.878 at epoch 7
[2023-03-05 21:47:57] PRINT [03/05 21:47:57 graph]: Epoch 10 | train_loss: 0.8495 | lr: 0.000780
[2023-03-05 21:48:00] PRINT [03/05 21:48:00 graph]: #Test_f1: 0.6649±0.0228
[2023-03-05 21:48:00] PRINT [03/05 21:48:00 graph]: Epoch 10: get test f1 score:  0.665
[2023-03-05 21:48:00] PRINT [03/05 21:48:00 graph]: best_f1 0.878 at epoch 7
[2023-03-05 21:48:01] PRINT [03/05 21:48:01 graph]: Epoch 11 | train_loss: 0.8460 | lr: 0.000780
[2023-03-05 21:48:04] PRINT [03/05 21:48:04 graph]: #Test_f1: 0.7237±0.0833
[2023-03-05 21:48:04] PRINT [03/05 21:48:04 graph]: Epoch 11: get test f1 score:  0.724
[2023-03-05 21:48:04] PRINT [03/05 21:48:04 graph]: best_f1 0.878 at epoch 7
[2023-03-05 21:48:05] PRINT [03/05 21:48:05 graph]: Epoch 12 | train_loss: 0.9302 | lr: 0.000780
[2023-03-05 21:48:08] PRINT [03/05 21:48:08 graph]: #Test_f1: 0.7556±0.0748
[2023-03-05 21:48:08] PRINT [03/05 21:48:08 graph]: Epoch 12: get test f1 score:  0.756
[2023-03-05 21:48:08] PRINT [03/05 21:48:08 graph]: best_f1 0.878 at epoch 7
[2023-03-05 21:48:09] PRINT [03/05 21:48:09 graph]: Epoch 13 | train_loss: 0.8947 | lr: 0.000780
[2023-03-05 21:48:12] PRINT [03/05 21:48:12 graph]: #Test_f1: 0.7444±0.0848
[2023-03-05 21:48:12] PRINT [03/05 21:48:12 graph]: Epoch 13: get test f1 score:  0.744
[2023-03-05 21:48:12] PRINT [03/05 21:48:12 graph]: best_f1 0.878 at epoch 7
[2023-03-05 21:48:13] PRINT [03/05 21:48:13 graph]: Epoch 14 | train_loss: 0.9147 | lr: 0.000780
[2023-03-05 21:48:15] PRINT [03/05 21:48:15 graph]: #Test_f1: 0.7070±0.0608
[2023-03-05 21:48:16] PRINT [03/05 21:48:16 graph]: Epoch 14: get test f1 score:  0.707
[2023-03-05 21:48:16] PRINT [03/05 21:48:16 graph]: best_f1 0.878 at epoch 7
[2023-03-05 21:48:16] PRINT [03/05 21:48:16 graph]: Epoch 15 | train_loss: 0.9232 | lr: 0.000780
[2023-03-05 21:48:19] PRINT [03/05 21:48:19 graph]: #Test_f1: 0.7020±0.0716
[2023-03-05 21:48:19] PRINT [03/05 21:48:19 graph]: Epoch 15: get test f1 score:  0.702
[2023-03-05 21:48:19] PRINT [03/05 21:48:19 graph]: best_f1 0.878 at epoch 7
[2023-03-05 21:48:20] PRINT [03/05 21:48:20 graph]: Epoch 16 | train_loss: 0.8917 | lr: 0.000780
[2023-03-05 21:48:23] PRINT [03/05 21:48:23 graph]: #Test_f1: 0.7175±0.1106
[2023-03-05 21:48:23] PRINT [03/05 21:48:23 graph]: Epoch 16: get test f1 score:  0.718
[2023-03-05 21:48:23] PRINT [03/05 21:48:23 graph]: best_f1 0.878 at epoch 7
[2023-03-05 21:48:23] PRINT [03/05 21:48:23 graph]: Epoch 17 | train_loss: 0.8555 | lr: 0.000780
[2023-03-05 21:48:26] PRINT [03/05 21:48:26 graph]: #Test_f1: 0.7284±0.0459
[2023-03-05 21:48:26] PRINT [03/05 21:48:26 graph]: Epoch 17: get test f1 score:  0.728
[2023-03-05 21:48:26] PRINT [03/05 21:48:26 graph]: best_f1 0.878 at epoch 7
[2023-03-05 21:48:27] PRINT [03/05 21:48:27 graph]: Epoch 18 | train_loss: 0.8131 | lr: 0.000780
[2023-03-05 21:48:30] PRINT [03/05 21:48:30 graph]: #Test_f1: 0.6754±0.0370
[2023-03-05 21:48:30] PRINT [03/05 21:48:30 graph]: Epoch 18: get test f1 score:  0.675
[2023-03-05 21:48:30] PRINT [03/05 21:48:30 graph]: best_f1 0.878 at epoch 7
[2023-03-05 21:48:30] PRINT [03/05 21:48:30 graph]: Epoch 19 | train_loss: 0.8113 | lr: 0.000780
[2023-03-05 21:48:34] PRINT [03/05 21:48:34 graph]: #Test_f1: 0.6596±0.0238
[2023-03-05 21:48:34] PRINT [03/05 21:48:34 graph]: Epoch 19: get test f1 score:  0.660
[2023-03-05 21:48:34] PRINT [03/05 21:48:34 graph]: best_f1 0.878 at epoch 7
[2023-03-05 21:48:34] PRINT [03/05 21:48:34 graph]: Epoch 20 | train_loss: 0.8167 | lr: 0.000780
[2023-03-05 21:48:37] PRINT [03/05 21:48:37 graph]: #Test_f1: 0.6649±0.0404
[2023-03-05 21:48:37] PRINT [03/05 21:48:37 graph]: Epoch 20: get test f1 score:  0.665
[2023-03-05 21:48:37] PRINT [03/05 21:48:37 graph]: best_f1 0.878 at epoch 7
[2023-03-05 21:48:38] PRINT [03/05 21:48:38 graph]: Epoch 21 | train_loss: 0.8098 | lr: 0.000780
[2023-03-05 21:48:41] PRINT [03/05 21:48:41 graph]: #Test_f1: 0.6649±0.0228
[2023-03-05 21:48:41] PRINT [03/05 21:48:41 graph]: Epoch 21: get test f1 score:  0.665
[2023-03-05 21:48:41] PRINT [03/05 21:48:41 graph]: best_f1 0.878 at epoch 7
[2023-03-05 21:48:41] PRINT [03/05 21:48:41 graph]: Epoch 22 | train_loss: 0.7955 | lr: 0.000780
[2023-03-05 21:48:45] PRINT [03/05 21:48:45 graph]: #Test_f1: 0.6649±0.0228
[2023-03-05 21:48:45] PRINT [03/05 21:48:45 graph]: Epoch 22: get test f1 score:  0.665
[2023-03-05 21:48:45] PRINT [03/05 21:48:45 graph]: best_f1 0.878 at epoch 7
[2023-03-05 21:48:45] PRINT [03/05 21:48:45 graph]: Epoch 23 | train_loss: 0.7943 | lr: 0.000780
[2023-03-05 21:48:48] PRINT [03/05 21:48:48 graph]: #Test_f1: 0.6596±0.0238
[2023-03-05 21:48:48] PRINT [03/05 21:48:48 graph]: Epoch 23: get test f1 score:  0.660
[2023-03-05 21:48:48] PRINT [03/05 21:48:48 graph]: best_f1 0.878 at epoch 7
[2023-03-05 21:48:49] PRINT [03/05 21:48:49 graph]: Epoch 24 | train_loss: 0.7785 | lr: 0.000780
[2023-03-05 21:48:51] PRINT [03/05 21:48:51 graph]: #Test_f1: 0.6702±0.0312
[2023-03-05 21:48:52] PRINT [03/05 21:48:52 graph]: Epoch 24: get test f1 score:  0.670
[2023-03-05 21:48:52] PRINT [03/05 21:48:52 graph]: best_f1 0.878 at epoch 7
[2023-03-05 21:48:52] PRINT [03/05 21:48:52 graph]: Epoch 25 | train_loss: 0.7773 | lr: 0.000780
[2023-03-05 21:48:55] PRINT [03/05 21:48:55 graph]: #Test_f1: 0.6649±0.0228
[2023-03-05 21:48:55] PRINT [03/05 21:48:55 graph]: Epoch 25: get test f1 score:  0.665
[2023-03-05 21:48:55] PRINT [03/05 21:48:55 graph]: best_f1 0.878 at epoch 7
[2023-03-05 21:48:56] PRINT [03/05 21:48:56 graph]: Epoch 26 | train_loss: 0.7892 | lr: 0.000780
[2023-03-05 21:48:59] PRINT [03/05 21:48:59 graph]: #Test_f1: 0.6643±0.0461
[2023-03-05 21:48:59] PRINT [03/05 21:48:59 graph]: Epoch 26: get test f1 score:  0.664
[2023-03-05 21:48:59] PRINT [03/05 21:48:59 graph]: best_f1 0.878 at epoch 7
[2023-03-05 21:48:59] PRINT [03/05 21:48:59 graph]: Epoch 27 | train_loss: 0.7860 | lr: 0.000780
[2023-03-05 21:49:02] PRINT [03/05 21:49:02 graph]: #Test_f1: 0.6906±0.0743
[2023-03-05 21:49:03] PRINT [03/05 21:49:03 graph]: Epoch 27: get test f1 score:  0.691
[2023-03-05 21:49:03] PRINT [03/05 21:49:03 graph]: best_f1 0.878 at epoch 7
[2023-03-05 21:49:03] PRINT [03/05 21:49:03 graph]: Epoch 28 | train_loss: 0.8125 | lr: 0.000780
[2023-03-05 21:49:06] PRINT [03/05 21:49:06 graph]: #Test_f1: 0.7070±0.0458
[2023-03-05 21:49:06] PRINT [03/05 21:49:06 graph]: Epoch 28: get test f1 score:  0.707
[2023-03-05 21:49:06] PRINT [03/05 21:49:06 graph]: best_f1 0.878 at epoch 7
[2023-03-05 21:49:06] PRINT [03/05 21:49:06 graph]: Epoch 29 | train_loss: 0.8083 | lr: 0.000780
[2023-03-05 21:49:09] PRINT [03/05 21:49:09 graph]: #Test_f1: 0.6649±0.0228
[2023-03-05 21:49:10] PRINT [03/05 21:49:10 graph]: Epoch 29: get test f1 score:  0.665
[2023-03-05 21:49:10] PRINT [03/05 21:49:10 graph]: best_f1 0.878 at epoch 7
[2023-03-05 21:49:10] PRINT [03/05 21:49:10 graph]: Epoch 30 | train_loss: 0.8325 | lr: 0.000780
[2023-03-05 21:49:13] PRINT [03/05 21:49:13 graph]: #Test_f1: 0.7126±0.0492
[2023-03-05 21:49:13] PRINT [03/05 21:49:13 graph]: Epoch 30: get test f1 score:  0.713
[2023-03-05 21:49:13] PRINT [03/05 21:49:13 graph]: best_f1 0.878 at epoch 7
[2023-03-05 21:49:14] PRINT [03/05 21:49:14 graph]: Epoch 31 | train_loss: 0.8279 | lr: 0.000780
[2023-03-05 21:49:17] PRINT [03/05 21:49:17 graph]: #Test_f1: 0.6652±0.0384
[2023-03-05 21:49:17] PRINT [03/05 21:49:17 graph]: Epoch 31: get test f1 score:  0.665
[2023-03-05 21:49:17] PRINT [03/05 21:49:17 graph]: best_f1 0.878 at epoch 7
[2023-03-05 21:49:18] PRINT [03/05 21:49:18 graph]: Epoch 32 | train_loss: 0.8031 | lr: 0.000780
[2023-03-05 21:49:21] PRINT [03/05 21:49:21 graph]: #Test_f1: 0.6649±0.0228
[2023-03-05 21:49:21] PRINT [03/05 21:49:21 graph]: Epoch 32: get test f1 score:  0.665
[2023-03-05 21:49:21] PRINT [03/05 21:49:21 graph]: best_f1 0.878 at epoch 7
[2023-03-05 21:49:21] PRINT [03/05 21:49:21 graph]: Epoch 33 | train_loss: 0.7915 | lr: 0.000780
[2023-03-05 21:49:24] PRINT [03/05 21:49:24 graph]: #Test_f1: 0.6596±0.0238
[2023-03-05 21:49:24] PRINT [03/05 21:49:24 graph]: Epoch 33: get test f1 score:  0.660
[2023-03-05 21:49:24] PRINT [03/05 21:49:24 graph]: best_f1 0.878 at epoch 7
[2023-03-05 21:49:25] PRINT [03/05 21:49:25 graph]: Epoch 34 | train_loss: 0.7715 | lr: 0.000780
[2023-03-05 21:49:28] PRINT [03/05 21:49:28 graph]: #Test_f1: 0.6649±0.0228
[2023-03-05 21:49:28] PRINT [03/05 21:49:28 graph]: Epoch 34: get test f1 score:  0.665
[2023-03-05 21:49:28] PRINT [03/05 21:49:28 graph]: best_f1 0.878 at epoch 7
[2023-03-05 21:49:28] PRINT [03/05 21:49:28 graph]: Epoch 35 | train_loss: 0.7868 | lr: 0.000780
[2023-03-05 21:49:31] PRINT [03/05 21:49:31 graph]: #Test_f1: 0.6652±0.0508
[2023-03-05 21:49:31] PRINT [03/05 21:49:31 graph]: Epoch 35: get test f1 score:  0.665
[2023-03-05 21:49:31] PRINT [03/05 21:49:31 graph]: best_f1 0.878 at epoch 7
[2023-03-05 21:49:32] PRINT [03/05 21:49:32 graph]: Epoch 36 | train_loss: 0.7619 | lr: 0.000780
[2023-03-05 21:49:35] PRINT [03/05 21:49:35 graph]: #Test_f1: 0.6649±0.0228
[2023-03-05 21:49:35] PRINT [03/05 21:49:35 graph]: Epoch 36: get test f1 score:  0.665
[2023-03-05 21:49:35] PRINT [03/05 21:49:35 graph]: best_f1 0.878 at epoch 7
[2023-03-05 21:49:35] PRINT [03/05 21:49:35 graph]: Epoch 37 | train_loss: 0.7599 | lr: 0.000780
[2023-03-05 21:49:39] PRINT [03/05 21:49:39 graph]: #Test_f1: 0.6596±0.0238
[2023-03-05 21:49:39] PRINT [03/05 21:49:39 graph]: Epoch 37: get test f1 score:  0.660
[2023-03-05 21:49:39] PRINT [03/05 21:49:39 graph]: best_f1 0.878 at epoch 7
[2023-03-05 21:49:39] PRINT [03/05 21:49:39 graph]: Epoch 38 | train_loss: 0.7610 | lr: 0.000780
[2023-03-05 21:49:42] PRINT [03/05 21:49:42 graph]: #Test_f1: 0.6649±0.0228
[2023-03-05 21:49:42] PRINT [03/05 21:49:42 graph]: Epoch 38: get test f1 score:  0.665
[2023-03-05 21:49:42] PRINT [03/05 21:49:42 graph]: best_f1 0.878 at epoch 7
[2023-03-05 21:49:43] PRINT [03/05 21:49:43 graph]: Epoch 39 | train_loss: 0.7678 | lr: 0.000780
[2023-03-05 21:49:46] PRINT [03/05 21:49:46 graph]: #Test_f1: 0.6649±0.0228
[2023-03-05 21:49:46] PRINT [03/05 21:49:46 graph]: Epoch 39: get test f1 score:  0.665
[2023-03-05 21:49:46] PRINT [03/05 21:49:46 graph]: best_f1 0.878 at epoch 7
[2023-03-05 21:49:46] PRINT [03/05 21:49:46 graph]: Epoch 40 | train_loss: 0.7815 | lr: 0.000780
[2023-03-05 21:49:49] PRINT [03/05 21:49:49 graph]: #Test_f1: 0.6649±0.0228
[2023-03-05 21:49:50] PRINT [03/05 21:49:50 graph]: Epoch 40: get test f1 score:  0.665
[2023-03-05 21:49:50] PRINT [03/05 21:49:50 graph]: best_f1 0.878 at epoch 7
[2023-03-05 21:49:50] PRINT [03/05 21:49:50 graph]: Epoch 41 | train_loss: 0.7788 | lr: 0.000780
[2023-03-05 21:49:53] PRINT [03/05 21:49:53 graph]: #Test_f1: 0.6649±0.0228
[2023-03-05 21:49:53] PRINT [03/05 21:49:53 graph]: Epoch 41: get test f1 score:  0.665
[2023-03-05 21:49:53] PRINT [03/05 21:49:53 graph]: best_f1 0.878 at epoch 7
[2023-03-05 21:49:53] PRINT [03/05 21:49:53 graph]: Epoch 42 | train_loss: 0.7593 | lr: 0.000780
[2023-03-05 21:49:56] PRINT [03/05 21:49:56 graph]: #Test_f1: 0.6649±0.0228
[2023-03-05 21:49:56] PRINT [03/05 21:49:56 graph]: Epoch 42: get test f1 score:  0.665
[2023-03-05 21:49:56] PRINT [03/05 21:49:56 graph]: best_f1 0.878 at epoch 7
[2023-03-05 21:49:57] PRINT [03/05 21:49:57 graph]: Epoch 43 | train_loss: 0.7647 | lr: 0.000780
[2023-03-05 21:50:00] PRINT [03/05 21:50:00 graph]: #Test_f1: 0.6649±0.0228
[2023-03-05 21:50:00] PRINT [03/05 21:50:00 graph]: Epoch 43: get test f1 score:  0.665
[2023-03-05 21:50:00] PRINT [03/05 21:50:00 graph]: best_f1 0.878 at epoch 7
[2023-03-05 21:50:00] PRINT [03/05 21:50:00 graph]: Epoch 44 | train_loss: 0.7581 | lr: 0.000780
[2023-03-05 21:50:03] PRINT [03/05 21:50:03 graph]: #Test_f1: 0.6649±0.0228
[2023-03-05 21:50:04] PRINT [03/05 21:50:04 graph]: Epoch 44: get test f1 score:  0.665
[2023-03-05 21:50:04] PRINT [03/05 21:50:04 graph]: best_f1 0.878 at epoch 7
[2023-03-05 21:50:04] PRINT [03/05 21:50:04 graph]: Epoch 45 | train_loss: 0.7426 | lr: 0.000780
[2023-03-05 21:50:07] PRINT [03/05 21:50:07 graph]: #Test_f1: 0.6649±0.0228
[2023-03-05 21:50:07] PRINT [03/05 21:50:07 graph]: Epoch 45: get test f1 score:  0.665
[2023-03-05 21:50:07] PRINT [03/05 21:50:07 graph]: best_f1 0.878 at epoch 7
[2023-03-05 21:50:07] PRINT [03/05 21:50:07 graph]: Epoch 46 | train_loss: 0.7546 | lr: 0.000780
[2023-03-05 21:50:10] PRINT [03/05 21:50:10 graph]: #Test_f1: 0.6649±0.0228
[2023-03-05 21:50:11] PRINT [03/05 21:50:11 graph]: Epoch 46: get test f1 score:  0.665
[2023-03-05 21:50:11] PRINT [03/05 21:50:11 graph]: best_f1 0.878 at epoch 7
[2023-03-05 21:50:11] PRINT [03/05 21:50:11 graph]: Epoch 47 | train_loss: 0.7694 | lr: 0.000780
[2023-03-05 21:50:14] PRINT [03/05 21:50:14 graph]: #Test_f1: 0.6649±0.0228
[2023-03-05 21:50:15] PRINT [03/05 21:50:15 graph]: Epoch 47: get test f1 score:  0.665
[2023-03-05 21:50:15] PRINT [03/05 21:50:15 graph]: best_f1 0.878 at epoch 7
[2023-03-05 21:50:15] PRINT [03/05 21:50:15 graph]: Epoch 48 | train_loss: 0.7553 | lr: 0.000780
[2023-03-05 21:50:18] PRINT [03/05 21:50:18 graph]: #Test_f1: 0.6649±0.0228
[2023-03-05 21:50:19] PRINT [03/05 21:50:19 graph]: Epoch 48: get test f1 score:  0.665
[2023-03-05 21:50:19] PRINT [03/05 21:50:19 graph]: best_f1 0.878 at epoch 7
[2023-03-05 21:50:19] PRINT [03/05 21:50:19 graph]: Epoch 49 | train_loss: 0.7561 | lr: 0.000780
[2023-03-05 21:50:22] PRINT [03/05 21:50:22 graph]: #Test_f1: 0.6649±0.0228
[2023-03-05 21:50:22] PRINT [03/05 21:50:22 graph]: Epoch 49: get test f1 score:  0.665
[2023-03-05 21:50:22] PRINT [03/05 21:50:22 graph]: best_f1 0.878 at epoch 7
[2023-03-05 21:50:22] PRINT [03/05 21:50:22 graph]: # final_acc: 0.8781±0.0000
