[2023-03-05 23:24:07] PRINT ---new cfg------
[2023-03-05 23:24:07] PRINT {'DATA': {'data_name': 'MUTAG', 'deg4feat': True}, 'DATALOADER': {'NUM_WORKERS': 0, 'BATCH_SIZE': 32}, 'MODEL': {'num_hidden': 512, 'num_layers': 2, 'nhead': 4, 'activation': 'prelu', 'attn_drop': 0.2, 'feat_drop': 0.2, 'norm': 'layernorm', 'pooler': 'mean', 'beta_schedule': 'sigmoid', 'beta_1': 0.0004109452953776821, 'beta_T': 0.07942392503633812, 'T': 673}, 'SOLVER': {'optim_type': 'adamw', 'optim_type_f': 'adamw', 'alpha': 0.4, 'decay': 30, 'LR': 0.00023619826585981083, 'weight_decay': 0.0005, 'MAX_EPOCH': 50}, 'DEVICE': 'cuda', 'seeds': [11], 'eval_T': [50, 100, 200], 'output_dir': '/ddm-nni/MUTAG/log', 'checkpoint_dir': '/ddm-nni/MUTAG/log/checkpoint'}
[2023-03-05 23:24:07] PRINT [03/05 23:24:07 graph]: Rank of current process: 0. World size: 1
[2023-03-05 23:24:11] PRINT [03/05 23:24:11 graph]: Environment info:
[2023-03-05 23:24:11] PRINT PyTorch version: 1.10.0+cu113
[2023-03-05 23:24:11] PRINT Is debug build: False
[2023-03-05 23:24:11] PRINT CUDA used to build PyTorch: 11.3
[2023-03-05 23:24:11] PRINT ROCM used to build PyTorch: N/A
[2023-03-05 23:24:11] PRINT 
[2023-03-05 23:24:11] PRINT OS: Ubuntu 20.04.3 LTS (x86_64)
[2023-03-05 23:24:11] PRINT GCC version: (Ubuntu 9.3.0-17ubuntu1~20.04) 9.3.0
[2023-03-05 23:24:11] PRINT Clang version: Could not collect
[2023-03-05 23:24:11] PRINT CMake version: version 3.16.3
[2023-03-05 23:24:11] PRINT Libc version: glibc-2.31
[2023-03-05 23:24:11] PRINT 
[2023-03-05 23:24:11] PRINT Python version: 3.8.10 (default, Jun  4 2021, 15:09:15)  [GCC 7.5.0] (64-bit runtime)
[2023-03-05 23:24:11] PRINT Python platform: Linux-5.4.0-90-generic-x86_64-with-glibc2.17
[2023-03-05 23:24:11] PRINT Is CUDA available: True
[2023-03-05 23:24:11] PRINT CUDA runtime version: 11.3.109
[2023-03-05 23:24:11] PRINT GPU models and configuration: GPU 0: NVIDIA GeForce RTX 3090
[2023-03-05 23:24:11] PRINT Nvidia driver version: 495.44
[2023-03-05 23:24:11] PRINT cuDNN version: Probably one of the following:
[2023-03-05 23:24:11] PRINT /usr/lib/x86_64-linux-gnu/libcudnn.so.8.2.0
[2023-03-05 23:24:11] PRINT /usr/lib/x86_64-linux-gnu/libcudnn_adv_infer.so.8.2.0
[2023-03-05 23:24:11] PRINT /usr/lib/x86_64-linux-gnu/libcudnn_adv_train.so.8.2.0
[2023-03-05 23:24:11] PRINT /usr/lib/x86_64-linux-gnu/libcudnn_cnn_infer.so.8.2.0
[2023-03-05 23:24:11] PRINT /usr/lib/x86_64-linux-gnu/libcudnn_cnn_train.so.8.2.0
[2023-03-05 23:24:11] PRINT /usr/lib/x86_64-linux-gnu/libcudnn_ops_infer.so.8.2.0
[2023-03-05 23:24:11] PRINT /usr/lib/x86_64-linux-gnu/libcudnn_ops_train.so.8.2.0
[2023-03-05 23:24:11] PRINT HIP runtime version: N/A
[2023-03-05 23:24:11] PRINT MIOpen runtime version: N/A
[2023-03-05 23:24:11] PRINT 
[2023-03-05 23:24:11] PRINT Versions of relevant libraries:
[2023-03-05 23:24:11] PRINT [pip3] numpy==1.23.5
[2023-03-05 23:24:11] PRINT [pip3] torch==1.10.0+cu113
[2023-03-05 23:24:11] PRINT [pip3] torchvision==0.11.1+cu113
[2023-03-05 23:24:11] PRINT [conda] blas                      1.0                         mkl    https://mirrors.ustc.edu.cn/anaconda/pkgs/main
[2023-03-05 23:24:11] PRINT [conda] mkl                       2021.4.0           h06a4308_640    https://mirrors.ustc.edu.cn/anaconda/pkgs/main
[2023-03-05 23:24:11] PRINT [conda] mkl-service               2.4.0            py38h7f8727e_0    https://mirrors.ustc.edu.cn/anaconda/pkgs/main
[2023-03-05 23:24:11] PRINT [conda] mkl_fft                   1.3.1            py38hd3c417c_0    https://mirrors.ustc.edu.cn/anaconda/pkgs/main
[2023-03-05 23:24:11] PRINT [conda] mkl_random                1.2.2            py38h51133e4_0    https://mirrors.ustc.edu.cn/anaconda/pkgs/main
[2023-03-05 23:24:11] PRINT [conda] numpy                     1.21.4                   pypi_0    pypi
[2023-03-05 23:24:11] PRINT [conda] numpy-base                1.23.5           py38h31eccc5_0    https://mirrors.ustc.edu.cn/anaconda/pkgs/main
[2023-03-05 23:24:11] PRINT [conda] torch                     1.10.0+cu113             pypi_0    pypi
[2023-03-05 23:24:11] PRINT [conda] torchvision               0.11.1+cu113             pypi_0    pypi
[2023-03-05 23:24:11] PRINT         Pillow (8.4.0)
[2023-03-05 23:24:11] PRINT [03/05 23:24:11 graph]: Command line arguments: Namespace(local_rank=0, resume=False, seed=1234, start_epoch=0)
[2023-03-05 23:24:11] PRINT Using degree as node features
[2023-03-05 23:24:11] PRINT ******** # Num Graphs: 188, # Num Feat: 5, # Num Classes: 2 ********
[2023-03-05 23:24:11] PRINT [03/05 23:24:11 graph]: Run 0th for seed 11
[2023-03-05 23:24:11] PRINT [03/05 23:24:11 graph]: Total trainable params num : 5085807
[2023-03-05 23:24:16] PRINT [03/05 23:24:16 graph]: ----------Start Training----------
[2023-03-05 23:24:17] PRINT [03/05 23:24:17 graph]: Epoch 0 | train_loss: 0.8105 | lr: 0.000236
[2023-03-05 23:24:17] PRINT [03/05 23:24:17 graph]: Epoch 1 | train_loss: 0.4751 | lr: 0.000236
[2023-03-05 23:24:17] PRINT [03/05 23:24:17 graph]: Epoch 2 | train_loss: 0.4059 | lr: 0.000236
[2023-03-05 23:24:20] PRINT [03/05 23:24:20 graph]: #Test_f1: 0.8409±0.0662
[2023-03-05 23:24:20] PRINT [03/05 23:24:20 graph]: Epoch 2: get test f1 score:  0.841
[2023-03-05 23:24:20] PRINT [03/05 23:24:20 graph]: best_f1 0.841 at epoch 2
[2023-03-05 23:24:21] PRINT [03/05 23:24:21 graph]: Epoch 3 | train_loss: 0.3682 | lr: 0.000236
[2023-03-05 23:24:24] PRINT [03/05 23:24:24 graph]: #Test_f1: 0.8406±0.0785
[2023-03-05 23:24:24] PRINT [03/05 23:24:24 graph]: Epoch 3: get test f1 score:  0.841
[2023-03-05 23:24:24] PRINT [03/05 23:24:24 graph]: best_f1 0.841 at epoch 2
[2023-03-05 23:24:24] PRINT [03/05 23:24:24 graph]: Epoch 4 | train_loss: 0.3467 | lr: 0.000236
[2023-03-05 23:24:27] PRINT [03/05 23:24:27 graph]: #Test_f1: 0.8406±0.0711
[2023-03-05 23:24:28] PRINT [03/05 23:24:28 graph]: Epoch 4: get test f1 score:  0.841
[2023-03-05 23:24:28] PRINT [03/05 23:24:28 graph]: best_f1 0.841 at epoch 2
[2023-03-05 23:24:28] PRINT [03/05 23:24:28 graph]: Epoch 5 | train_loss: 0.3291 | lr: 0.000236
[2023-03-05 23:24:31] PRINT [03/05 23:24:31 graph]: #Test_f1: 0.8512±0.0780
[2023-03-05 23:24:31] PRINT [03/05 23:24:31 graph]: Epoch 5: get test f1 score:  0.851
[2023-03-05 23:24:31] PRINT [03/05 23:24:31 graph]: best_f1 0.851 at epoch 5
[2023-03-05 23:24:32] PRINT [03/05 23:24:32 graph]: Epoch 6 | train_loss: 0.3115 | lr: 0.000236
[2023-03-05 23:24:35] PRINT [03/05 23:24:35 graph]: #Test_f1: 0.8512±0.0514
[2023-03-05 23:24:35] PRINT [03/05 23:24:35 graph]: Epoch 6: get test f1 score:  0.851
[2023-03-05 23:24:35] PRINT [03/05 23:24:35 graph]: best_f1 0.851 at epoch 5
[2023-03-05 23:24:36] PRINT [03/05 23:24:36 graph]: Epoch 7 | train_loss: 0.2912 | lr: 0.000236
[2023-03-05 23:24:39] PRINT [03/05 23:24:39 graph]: #Test_f1: 0.8728±0.0591
[2023-03-05 23:24:39] PRINT [03/05 23:24:39 graph]: Epoch 7: get test f1 score:  0.873
[2023-03-05 23:24:39] PRINT [03/05 23:24:39 graph]: best_f1 0.873 at epoch 7
[2023-03-05 23:24:40] PRINT [03/05 23:24:40 graph]: Epoch 8 | train_loss: 0.2862 | lr: 0.000236
[2023-03-05 23:24:43] PRINT [03/05 23:24:43 graph]: #Test_f1: 0.8719±0.0554
[2023-03-05 23:24:43] PRINT [03/05 23:24:43 graph]: Epoch 8: get test f1 score:  0.872
[2023-03-05 23:24:43] PRINT [03/05 23:24:43 graph]: best_f1 0.873 at epoch 7
[2023-03-05 23:24:43] PRINT [03/05 23:24:43 graph]: Epoch 9 | train_loss: 0.2827 | lr: 0.000236
[2023-03-05 23:24:47] PRINT [03/05 23:24:47 graph]: #Test_f1: 0.8670±0.0427
[2023-03-05 23:24:47] PRINT [03/05 23:24:47 graph]: Epoch 9: get test f1 score:  0.867
[2023-03-05 23:24:47] PRINT [03/05 23:24:47 graph]: best_f1 0.873 at epoch 7
[2023-03-05 23:24:47] PRINT [03/05 23:24:47 graph]: Epoch 10 | train_loss: 0.2780 | lr: 0.000236
[2023-03-05 23:24:51] PRINT [03/05 23:24:51 graph]: #Test_f1: 0.8833±0.0620
[2023-03-05 23:24:51] PRINT [03/05 23:24:51 graph]: Epoch 10: get test f1 score:  0.883
[2023-03-05 23:24:51] PRINT [03/05 23:24:51 graph]: best_f1 0.883 at epoch 10
[2023-03-05 23:24:51] PRINT [03/05 23:24:51 graph]: Epoch 11 | train_loss: 0.2669 | lr: 0.000236
[2023-03-05 23:24:54] PRINT [03/05 23:24:54 graph]: #Test_f1: 0.8667±0.0436
[2023-03-05 23:24:55] PRINT [03/05 23:24:55 graph]: Epoch 11: get test f1 score:  0.867
[2023-03-05 23:24:55] PRINT [03/05 23:24:55 graph]: best_f1 0.883 at epoch 10
[2023-03-05 23:24:55] PRINT [03/05 23:24:55 graph]: Epoch 12 | train_loss: 0.2546 | lr: 0.000236
[2023-03-05 23:24:58] PRINT [03/05 23:24:58 graph]: #Test_f1: 0.8880±0.0557
[2023-03-05 23:24:58] PRINT [03/05 23:24:58 graph]: Epoch 12: get test f1 score:  0.888
[2023-03-05 23:24:58] PRINT [03/05 23:24:58 graph]: best_f1 0.888 at epoch 12
[2023-03-05 23:24:59] PRINT [03/05 23:24:59 graph]: Epoch 13 | train_loss: 0.2383 | lr: 0.000236
[2023-03-05 23:25:02] PRINT [03/05 23:25:02 graph]: #Test_f1: 0.8883±0.0602
[2023-03-05 23:25:02] PRINT [03/05 23:25:02 graph]: Epoch 13: get test f1 score:  0.888
[2023-03-05 23:25:02] PRINT [03/05 23:25:02 graph]: best_f1 0.888 at epoch 13
[2023-03-05 23:25:03] PRINT [03/05 23:25:03 graph]: Epoch 14 | train_loss: 0.2380 | lr: 0.000236
[2023-03-05 23:25:06] PRINT [03/05 23:25:06 graph]: #Test_f1: 0.8936±0.0582
[2023-03-05 23:25:06] PRINT [03/05 23:25:06 graph]: Epoch 14: get test f1 score:  0.894
[2023-03-05 23:25:06] PRINT [03/05 23:25:06 graph]: best_f1 0.894 at epoch 14
[2023-03-05 23:25:06] PRINT [03/05 23:25:06 graph]: Epoch 15 | train_loss: 0.2356 | lr: 0.000236
[2023-03-05 23:25:10] PRINT [03/05 23:25:10 graph]: #Test_f1: 0.8933±0.0683
[2023-03-05 23:25:10] PRINT [03/05 23:25:10 graph]: Epoch 15: get test f1 score:  0.893
[2023-03-05 23:25:10] PRINT [03/05 23:25:10 graph]: best_f1 0.894 at epoch 14
[2023-03-05 23:25:10] PRINT [03/05 23:25:10 graph]: Epoch 16 | train_loss: 0.2318 | lr: 0.000236
[2023-03-05 23:25:13] PRINT [03/05 23:25:13 graph]: #Test_f1: 0.8933±0.0596
[2023-03-05 23:25:14] PRINT [03/05 23:25:14 graph]: Epoch 16: get test f1 score:  0.893
[2023-03-05 23:25:14] PRINT [03/05 23:25:14 graph]: best_f1 0.894 at epoch 14
[2023-03-05 23:25:14] PRINT [03/05 23:25:14 graph]: Epoch 17 | train_loss: 0.2158 | lr: 0.000236
[2023-03-05 23:25:17] PRINT [03/05 23:25:17 graph]: #Test_f1: 0.9041±0.0469
[2023-03-05 23:25:17] PRINT [03/05 23:25:17 graph]: Epoch 17: get test f1 score:  0.904
[2023-03-05 23:25:17] PRINT [03/05 23:25:17 graph]: best_f1 0.904 at epoch 17
[2023-03-05 23:25:18] PRINT [03/05 23:25:18 graph]: Epoch 18 | train_loss: 0.2233 | lr: 0.000236
[2023-03-05 23:25:21] PRINT [03/05 23:25:21 graph]: #Test_f1: 0.9041±0.0525
[2023-03-05 23:25:21] PRINT [03/05 23:25:21 graph]: Epoch 18: get test f1 score:  0.904
[2023-03-05 23:25:21] PRINT [03/05 23:25:21 graph]: best_f1 0.904 at epoch 18
[2023-03-05 23:25:22] PRINT [03/05 23:25:22 graph]: Epoch 19 | train_loss: 0.2161 | lr: 0.000236
[2023-03-05 23:25:26] PRINT [03/05 23:25:26 graph]: #Test_f1: 0.8988±0.0505
[2023-03-05 23:25:26] PRINT [03/05 23:25:26 graph]: Epoch 19: get test f1 score:  0.899
[2023-03-05 23:25:26] PRINT [03/05 23:25:26 graph]: best_f1 0.904 at epoch 18
[2023-03-05 23:25:26] PRINT [03/05 23:25:26 graph]: Epoch 20 | train_loss: 0.2102 | lr: 0.000236
[2023-03-05 23:25:29] PRINT [03/05 23:25:29 graph]: #Test_f1: 0.9041±0.0469
[2023-03-05 23:25:30] PRINT [03/05 23:25:30 graph]: Epoch 20: get test f1 score:  0.904
[2023-03-05 23:25:30] PRINT [03/05 23:25:30 graph]: best_f1 0.904 at epoch 18
[2023-03-05 23:25:30] PRINT [03/05 23:25:30 graph]: Epoch 21 | train_loss: 0.2055 | lr: 0.000236
[2023-03-05 23:25:33] PRINT [03/05 23:25:33 graph]: #Test_f1: 0.8988±0.0446
[2023-03-05 23:25:33] PRINT [03/05 23:25:33 graph]: Epoch 21: get test f1 score:  0.899
[2023-03-05 23:25:33] PRINT [03/05 23:25:33 graph]: best_f1 0.904 at epoch 18
[2023-03-05 23:25:34] PRINT [03/05 23:25:34 graph]: Epoch 22 | train_loss: 0.2049 | lr: 0.000236
[2023-03-05 23:25:37] PRINT [03/05 23:25:37 graph]: #Test_f1: 0.8883±0.0444
[2023-03-05 23:25:37] PRINT [03/05 23:25:37 graph]: Epoch 22: get test f1 score:  0.888
[2023-03-05 23:25:37] PRINT [03/05 23:25:37 graph]: best_f1 0.904 at epoch 18
[2023-03-05 23:25:37] PRINT [03/05 23:25:37 graph]: Epoch 23 | train_loss: 0.1991 | lr: 0.000236
[2023-03-05 23:25:41] PRINT [03/05 23:25:41 graph]: #Test_f1: 0.8830±0.0464
[2023-03-05 23:25:41] PRINT [03/05 23:25:41 graph]: Epoch 23: get test f1 score:  0.883
[2023-03-05 23:25:41] PRINT [03/05 23:25:41 graph]: best_f1 0.904 at epoch 18
[2023-03-05 23:25:41] PRINT [03/05 23:25:41 graph]: Epoch 24 | train_loss: 0.1985 | lr: 0.000236
[2023-03-05 23:25:44] PRINT [03/05 23:25:44 graph]: #Test_f1: 0.8778±0.0582
[2023-03-05 23:25:45] PRINT [03/05 23:25:45 graph]: Epoch 24: get test f1 score:  0.878
[2023-03-05 23:25:45] PRINT [03/05 23:25:45 graph]: best_f1 0.904 at epoch 18
[2023-03-05 23:25:45] PRINT [03/05 23:25:45 graph]: Epoch 25 | train_loss: 0.1897 | lr: 0.000236
[2023-03-05 23:25:48] PRINT [03/05 23:25:48 graph]: #Test_f1: 0.8883±0.0376
[2023-03-05 23:25:49] PRINT [03/05 23:25:49 graph]: Epoch 25: get test f1 score:  0.888
[2023-03-05 23:25:49] PRINT [03/05 23:25:49 graph]: best_f1 0.904 at epoch 18
[2023-03-05 23:25:49] PRINT [03/05 23:25:49 graph]: Epoch 26 | train_loss: 0.1991 | lr: 0.000236
[2023-03-05 23:25:52] PRINT [03/05 23:25:52 graph]: #Test_f1: 0.8830±0.0661
[2023-03-05 23:25:52] PRINT [03/05 23:25:52 graph]: Epoch 26: get test f1 score:  0.883
[2023-03-05 23:25:52] PRINT [03/05 23:25:52 graph]: best_f1 0.904 at epoch 18
[2023-03-05 23:25:53] PRINT [03/05 23:25:53 graph]: Epoch 27 | train_loss: 0.1904 | lr: 0.000236
[2023-03-05 23:25:56] PRINT [03/05 23:25:56 graph]: #Test_f1: 0.8830±0.0399
[2023-03-05 23:25:56] PRINT [03/05 23:25:56 graph]: Epoch 27: get test f1 score:  0.883
[2023-03-05 23:25:56] PRINT [03/05 23:25:56 graph]: best_f1 0.904 at epoch 18
[2023-03-05 23:25:57] PRINT [03/05 23:25:57 graph]: Epoch 28 | train_loss: 0.1812 | lr: 0.000236
[2023-03-05 23:26:00] PRINT [03/05 23:26:00 graph]: #Test_f1: 0.8883±0.0444
[2023-03-05 23:26:00] PRINT [03/05 23:26:00 graph]: Epoch 28: get test f1 score:  0.888
[2023-03-05 23:26:00] PRINT [03/05 23:26:00 graph]: best_f1 0.904 at epoch 18
[2023-03-05 23:26:00] PRINT [03/05 23:26:00 graph]: Epoch 29 | train_loss: 0.1888 | lr: 0.000236
[2023-03-05 23:26:03] PRINT [03/05 23:26:03 graph]: #Test_f1: 0.9041±0.0575
[2023-03-05 23:26:04] PRINT [03/05 23:26:04 graph]: Epoch 29: get test f1 score:  0.904
[2023-03-05 23:26:04] PRINT [03/05 23:26:04 graph]: best_f1 0.904 at epoch 18
[2023-03-05 23:26:04] PRINT [03/05 23:26:04 graph]: Epoch 30 | train_loss: 0.1771 | lr: 0.000094
[2023-03-05 23:26:07] PRINT [03/05 23:26:07 graph]: #Test_f1: 0.8988±0.0505
[2023-03-05 23:26:07] PRINT [03/05 23:26:07 graph]: Epoch 30: get test f1 score:  0.899
[2023-03-05 23:26:07] PRINT [03/05 23:26:07 graph]: best_f1 0.904 at epoch 18
[2023-03-05 23:26:07] PRINT [03/05 23:26:07 graph]: Epoch 31 | train_loss: 0.1832 | lr: 0.000094
[2023-03-05 23:26:11] PRINT [03/05 23:26:11 graph]: #Test_f1: 0.8988±0.0505
[2023-03-05 23:26:11] PRINT [03/05 23:26:11 graph]: Epoch 31: get test f1 score:  0.899
[2023-03-05 23:26:11] PRINT [03/05 23:26:11 graph]: best_f1 0.904 at epoch 18
[2023-03-05 23:26:11] PRINT [03/05 23:26:11 graph]: Epoch 32 | train_loss: 0.1801 | lr: 0.000094
[2023-03-05 23:26:14] PRINT [03/05 23:26:14 graph]: #Test_f1: 0.8988±0.0505
[2023-03-05 23:26:15] PRINT [03/05 23:26:15 graph]: Epoch 32: get test f1 score:  0.899
[2023-03-05 23:26:15] PRINT [03/05 23:26:15 graph]: best_f1 0.904 at epoch 18
[2023-03-05 23:26:15] PRINT [03/05 23:26:15 graph]: Epoch 33 | train_loss: 0.1783 | lr: 0.000094
[2023-03-05 23:26:18] PRINT [03/05 23:26:18 graph]: #Test_f1: 0.8936±0.0478
[2023-03-05 23:26:18] PRINT [03/05 23:26:18 graph]: Epoch 33: get test f1 score:  0.894
[2023-03-05 23:26:18] PRINT [03/05 23:26:18 graph]: best_f1 0.904 at epoch 18
[2023-03-05 23:26:19] PRINT [03/05 23:26:19 graph]: Epoch 34 | train_loss: 0.1789 | lr: 0.000094
[2023-03-05 23:26:22] PRINT [03/05 23:26:22 graph]: #Test_f1: 0.8883±0.0444
[2023-03-05 23:26:22] PRINT [03/05 23:26:22 graph]: Epoch 34: get test f1 score:  0.888
[2023-03-05 23:26:22] PRINT [03/05 23:26:22 graph]: best_f1 0.904 at epoch 18
[2023-03-05 23:26:22] PRINT [03/05 23:26:22 graph]: Epoch 35 | train_loss: 0.1779 | lr: 0.000094
[2023-03-05 23:26:26] PRINT [03/05 23:26:26 graph]: #Test_f1: 0.8936±0.0533
[2023-03-05 23:26:26] PRINT [03/05 23:26:26 graph]: Epoch 35: get test f1 score:  0.894
[2023-03-05 23:26:26] PRINT [03/05 23:26:26 graph]: best_f1 0.904 at epoch 18
[2023-03-05 23:26:26] PRINT [03/05 23:26:26 graph]: Epoch 36 | train_loss: 0.1775 | lr: 0.000094
[2023-03-05 23:26:29] PRINT [03/05 23:26:29 graph]: #Test_f1: 0.8883±0.0444
[2023-03-05 23:26:30] PRINT [03/05 23:26:30 graph]: Epoch 36: get test f1 score:  0.888
[2023-03-05 23:26:30] PRINT [03/05 23:26:30 graph]: best_f1 0.904 at epoch 18
[2023-03-05 23:26:30] PRINT [03/05 23:26:30 graph]: Epoch 37 | train_loss: 0.1782 | lr: 0.000094
[2023-03-05 23:26:33] PRINT [03/05 23:26:33 graph]: #Test_f1: 0.8830±0.0399
[2023-03-05 23:26:33] PRINT [03/05 23:26:33 graph]: Epoch 37: get test f1 score:  0.883
[2023-03-05 23:26:33] PRINT [03/05 23:26:33 graph]: best_f1 0.904 at epoch 18
[2023-03-05 23:26:34] PRINT [03/05 23:26:34 graph]: Epoch 38 | train_loss: 0.1825 | lr: 0.000094
[2023-03-05 23:26:37] PRINT [03/05 23:26:37 graph]: #Test_f1: 0.8778±0.0415
[2023-03-05 23:26:37] PRINT [03/05 23:26:37 graph]: Epoch 38: get test f1 score:  0.878
[2023-03-05 23:26:37] PRINT [03/05 23:26:37 graph]: best_f1 0.904 at epoch 18
[2023-03-05 23:26:37] PRINT [03/05 23:26:37 graph]: Epoch 39 | train_loss: 0.1751 | lr: 0.000094
[2023-03-05 23:26:41] PRINT [03/05 23:26:41 graph]: #Test_f1: 0.8939±0.0468
[2023-03-05 23:26:41] PRINT [03/05 23:26:41 graph]: Epoch 39: get test f1 score:  0.894
[2023-03-05 23:26:41] PRINT [03/05 23:26:41 graph]: best_f1 0.904 at epoch 18
[2023-03-05 23:26:41] PRINT [03/05 23:26:41 graph]: Epoch 40 | train_loss: 0.1770 | lr: 0.000094
[2023-03-05 23:26:45] PRINT [03/05 23:26:45 graph]: #Test_f1: 0.8883±0.0502
[2023-03-05 23:26:45] PRINT [03/05 23:26:45 graph]: Epoch 40: get test f1 score:  0.888
[2023-03-05 23:26:45] PRINT [03/05 23:26:45 graph]: best_f1 0.904 at epoch 18
[2023-03-05 23:26:45] PRINT [03/05 23:26:45 graph]: Epoch 41 | train_loss: 0.1703 | lr: 0.000094
[2023-03-05 23:26:49] PRINT [03/05 23:26:49 graph]: #Test_f1: 0.8830±0.0520
[2023-03-05 23:26:49] PRINT [03/05 23:26:49 graph]: Epoch 41: get test f1 score:  0.883
[2023-03-05 23:26:49] PRINT [03/05 23:26:49 graph]: best_f1 0.904 at epoch 18
[2023-03-05 23:26:49] PRINT [03/05 23:26:49 graph]: Epoch 42 | train_loss: 0.1742 | lr: 0.000094
[2023-03-05 23:26:52] PRINT [03/05 23:26:52 graph]: #Test_f1: 0.8725±0.0423
[2023-03-05 23:26:53] PRINT [03/05 23:26:53 graph]: Epoch 42: get test f1 score:  0.873
[2023-03-05 23:26:53] PRINT [03/05 23:26:53 graph]: best_f1 0.904 at epoch 18
[2023-03-05 23:26:53] PRINT [03/05 23:26:53 graph]: Epoch 43 | train_loss: 0.1747 | lr: 0.000094
[2023-03-05 23:26:56] PRINT [03/05 23:26:56 graph]: #Test_f1: 0.8830±0.0464
[2023-03-05 23:26:57] PRINT [03/05 23:26:57 graph]: Epoch 43: get test f1 score:  0.883
[2023-03-05 23:26:57] PRINT [03/05 23:26:57 graph]: best_f1 0.904 at epoch 18
[2023-03-05 23:26:57] PRINT [03/05 23:26:57 graph]: Epoch 44 | train_loss: 0.1692 | lr: 0.000094
[2023-03-05 23:27:00] PRINT [03/05 23:27:00 graph]: #Test_f1: 0.8830±0.0399
[2023-03-05 23:27:00] PRINT [03/05 23:27:00 graph]: Epoch 44: get test f1 score:  0.883
[2023-03-05 23:27:00] PRINT [03/05 23:27:00 graph]: best_f1 0.904 at epoch 18
[2023-03-05 23:27:01] PRINT [03/05 23:27:01 graph]: Epoch 45 | train_loss: 0.1729 | lr: 0.000094
[2023-03-05 23:27:04] PRINT [03/05 23:27:04 graph]: #Test_f1: 0.8778±0.0415
[2023-03-05 23:27:04] PRINT [03/05 23:27:04 graph]: Epoch 45: get test f1 score:  0.878
[2023-03-05 23:27:04] PRINT [03/05 23:27:04 graph]: best_f1 0.904 at epoch 18
[2023-03-05 23:27:05] PRINT [03/05 23:27:05 graph]: Epoch 46 | train_loss: 0.1690 | lr: 0.000094
[2023-03-05 23:27:08] PRINT [03/05 23:27:08 graph]: #Test_f1: 0.8725±0.0423
[2023-03-05 23:27:08] PRINT [03/05 23:27:08 graph]: Epoch 46: get test f1 score:  0.873
[2023-03-05 23:27:08] PRINT [03/05 23:27:08 graph]: best_f1 0.904 at epoch 18
[2023-03-05 23:27:08] PRINT [03/05 23:27:08 graph]: Epoch 47 | train_loss: 0.1744 | lr: 0.000094
[2023-03-05 23:27:11] PRINT [03/05 23:27:11 graph]: #Test_f1: 0.8883±0.0502
[2023-03-05 23:27:12] PRINT [03/05 23:27:12 graph]: Epoch 47: get test f1 score:  0.888
[2023-03-05 23:27:12] PRINT [03/05 23:27:12 graph]: best_f1 0.904 at epoch 18
[2023-03-05 23:27:12] PRINT [03/05 23:27:12 graph]: Epoch 48 | train_loss: 0.1705 | lr: 0.000094
[2023-03-05 23:27:15] PRINT [03/05 23:27:15 graph]: #Test_f1: 0.8830±0.0399
[2023-03-05 23:27:15] PRINT [03/05 23:27:15 graph]: Epoch 48: get test f1 score:  0.883
[2023-03-05 23:27:15] PRINT [03/05 23:27:15 graph]: best_f1 0.904 at epoch 18
[2023-03-05 23:27:16] PRINT [03/05 23:27:16 graph]: Epoch 49 | train_loss: 0.1720 | lr: 0.000094
[2023-03-05 23:27:19] PRINT [03/05 23:27:19 graph]: #Test_f1: 0.8778±0.0342
[2023-03-05 23:27:19] PRINT [03/05 23:27:19 graph]: Epoch 49: get test f1 score:  0.878
[2023-03-05 23:27:19] PRINT [03/05 23:27:19 graph]: best_f1 0.904 at epoch 18
[2023-03-05 23:27:19] PRINT [03/05 23:27:19 graph]: # final_acc: 0.9041±0.0000
