[2023-03-22 12:58:05] PRINT ---new cfg------
[2023-03-22 12:58:05] PRINT {'DATA': {'data_name': 'comp'}, 'DATALOADER': {'NUM_WORKERS': 0}, 'MODEL': {'num_hidden': 512, 'num_layers': 2, 'nhead': 4, 'activation': 'prelu', 'attn_drop': 0.2, 'feat_drop': 0.30000000000000004, 'norm': 'batchnorm', 'pooler': 'mean', 'beta_schedule': 'quad', 'beta_1': 0.0005737866317999248, 'beta_T': 0.032833864815991154, 'T': 419}, 'SOLVER': {'optim_type': 'adam', 'optim_type_f': 'adamw', 'alpha': 1, 'decay': 30, 'LR': 0.0002993867368132258, 'LR_f': 0.04554311354261743, 'weight_decay': 0, 'weight_decay_f': 0.00016787341647777072, 'MAX_EPOCH': 100, 'max_epoch_f': 500}, 'DEVICE': 'cuda', 'seeds': [0], 'eval_T': [50, 100, 200], 'output_dir': '/ddm-nni/AmazonCoBuyComputerDataset¶/log', 'checkpoint_dir': '/ddm-nni/AmazonCoBuyComputerDataset¶/log/checkpoint'}
[2023-03-22 12:58:05] PRINT [03/22 12:58:05 graph]: Rank of current process: 0. World size: 1
[2023-03-22 12:58:08] PRINT [03/22 12:58:08 graph]: Environment info:
[2023-03-22 12:58:08] PRINT PyTorch version: 1.10.0+cu113
[2023-03-22 12:58:08] PRINT Is debug build: False
[2023-03-22 12:58:08] PRINT CUDA used to build PyTorch: 11.3
[2023-03-22 12:58:08] PRINT ROCM used to build PyTorch: N/A
[2023-03-22 12:58:08] PRINT 
[2023-03-22 12:58:08] PRINT OS: Ubuntu 20.04.3 LTS (x86_64)
[2023-03-22 12:58:08] PRINT GCC version: (Ubuntu 9.3.0-17ubuntu1~20.04) 9.3.0
[2023-03-22 12:58:08] PRINT Clang version: Could not collect
[2023-03-22 12:58:08] PRINT CMake version: version 3.16.3
[2023-03-22 12:58:08] PRINT Libc version: glibc-2.31
[2023-03-22 12:58:08] PRINT 
[2023-03-22 12:58:08] PRINT Python version: 3.8.10 (default, Jun  4 2021, 15:09:15)  [GCC 7.5.0] (64-bit runtime)
[2023-03-22 12:58:08] PRINT Python platform: Linux-5.4.0-90-generic-x86_64-with-glibc2.17
[2023-03-22 12:58:08] PRINT Is CUDA available: True
[2023-03-22 12:58:08] PRINT CUDA runtime version: 11.3.109
[2023-03-22 12:58:08] PRINT GPU models and configuration: GPU 0: NVIDIA GeForce RTX 3090
[2023-03-22 12:58:08] PRINT Nvidia driver version: 495.44
[2023-03-22 12:58:08] PRINT cuDNN version: Probably one of the following:
[2023-03-22 12:58:08] PRINT /usr/lib/x86_64-linux-gnu/libcudnn.so.8.2.0
[2023-03-22 12:58:08] PRINT /usr/lib/x86_64-linux-gnu/libcudnn_adv_infer.so.8.2.0
[2023-03-22 12:58:08] PRINT /usr/lib/x86_64-linux-gnu/libcudnn_adv_train.so.8.2.0
[2023-03-22 12:58:08] PRINT /usr/lib/x86_64-linux-gnu/libcudnn_cnn_infer.so.8.2.0
[2023-03-22 12:58:08] PRINT /usr/lib/x86_64-linux-gnu/libcudnn_cnn_train.so.8.2.0
[2023-03-22 12:58:08] PRINT /usr/lib/x86_64-linux-gnu/libcudnn_ops_infer.so.8.2.0
[2023-03-22 12:58:08] PRINT /usr/lib/x86_64-linux-gnu/libcudnn_ops_train.so.8.2.0
[2023-03-22 12:58:08] PRINT HIP runtime version: N/A
[2023-03-22 12:58:08] PRINT MIOpen runtime version: N/A
[2023-03-22 12:58:08] PRINT 
[2023-03-22 12:58:08] PRINT Versions of relevant libraries:
[2023-03-22 12:58:08] PRINT [pip3] numpy==1.23.5
[2023-03-22 12:58:08] PRINT [pip3] torch==1.10.0+cu113
[2023-03-22 12:58:08] PRINT [pip3] torchvision==0.11.1+cu113
[2023-03-22 12:58:08] PRINT [conda] blas                      1.0                         mkl    https://mirrors.ustc.edu.cn/anaconda/pkgs/main
[2023-03-22 12:58:08] PRINT [conda] mkl                       2021.4.0           h06a4308_640    https://mirrors.ustc.edu.cn/anaconda/pkgs/main
[2023-03-22 12:58:08] PRINT [conda] mkl-service               2.4.0            py38h7f8727e_0    https://mirrors.ustc.edu.cn/anaconda/pkgs/main
[2023-03-22 12:58:08] PRINT [conda] mkl_fft                   1.3.1            py38hd3c417c_0    https://mirrors.ustc.edu.cn/anaconda/pkgs/main
[2023-03-22 12:58:08] PRINT [conda] mkl_random                1.2.2            py38h51133e4_0    https://mirrors.ustc.edu.cn/anaconda/pkgs/main
[2023-03-22 12:58:08] PRINT [conda] numpy                     1.21.4                   pypi_0    pypi
[2023-03-22 12:58:08] PRINT [conda] numpy-base                1.23.5           py38h31eccc5_0    https://mirrors.ustc.edu.cn/anaconda/pkgs/main
[2023-03-22 12:58:08] PRINT [conda] torch                     1.10.0+cu113             pypi_0    pypi
[2023-03-22 12:58:08] PRINT [conda] torchvision               0.11.1+cu113             pypi_0    pypi
[2023-03-22 12:58:08] PRINT         Pillow (8.4.0)
[2023-03-22 12:58:08] PRINT [03/22 12:58:08 graph]: Command line arguments: Namespace(local_rank=0, resume=False, seed=1234, start_epoch=0)
[2023-03-22 12:58:08] PRINT [03/22 12:58:08 graph]: Run 0th for seed 0
[2023-03-22 12:58:08] PRINT [03/22 12:58:08 graph]: Total trainable params num : 7895555
[2023-03-22 12:58:14] PRINT [03/22 12:58:14 graph]: ----------Start Training----------
[2023-03-22 12:58:14] PRINT [03/22 12:58:14 graph]: start epoch 0.
[2023-03-22 12:58:14] PRINT [03/22 12:58:14 graph]: # Epoch 0: train_loss: 1.0228 | lr: 0.000299
[2023-03-22 12:58:14] PRINT [03/22 12:58:14 graph]: start epoch 1.
[2023-03-22 12:58:14] PRINT [03/22 12:58:14 graph]: # Epoch 1: train_loss: 0.8161 | lr: 0.000299
[2023-03-22 12:58:14] PRINT [03/22 12:58:14 graph]: start epoch 2.
[2023-03-22 12:58:14] PRINT [03/22 12:58:14 graph]: # Epoch 2: train_loss: 0.7120 | lr: 0.000299
[2023-03-22 12:58:14] PRINT [03/22 12:58:14 graph]: start epoch 3.
[2023-03-22 12:58:14] PRINT [03/22 12:58:14 graph]: # Epoch 3: train_loss: 0.6541 | lr: 0.000299
[2023-03-22 12:58:14] PRINT [03/22 12:58:14 graph]: start epoch 4.
[2023-03-22 12:58:15] PRINT [03/22 12:58:15 graph]: # Epoch 4: train_loss: 0.6205 | lr: 0.000299
[2023-03-22 12:58:15] PRINT [03/22 12:58:15 graph]: start epoch 5.
[2023-03-22 12:58:15] PRINT [03/22 12:58:15 graph]: # Epoch 5: train_loss: 0.6002 | lr: 0.000299
[2023-03-22 12:58:15] PRINT [03/22 12:58:15 graph]: start epoch 6.
[2023-03-22 12:58:15] PRINT [03/22 12:58:15 graph]: # Epoch 6: train_loss: 0.5855 | lr: 0.000299
[2023-03-22 12:58:15] PRINT [03/22 12:58:15 graph]: start epoch 7.
[2023-03-22 12:58:15] PRINT [03/22 12:58:15 graph]: # Epoch 7: train_loss: 0.5749 | lr: 0.000299
[2023-03-22 12:58:15] PRINT [03/22 12:58:15 graph]: start epoch 8.
[2023-03-22 12:58:15] PRINT [03/22 12:58:15 graph]: # Epoch 8: train_loss: 0.5653 | lr: 0.000299
[2023-03-22 12:58:15] PRINT [03/22 12:58:15 graph]: start epoch 9.
[2023-03-22 12:58:15] PRINT [03/22 12:58:15 graph]: # Epoch 9: train_loss: 0.5570 | lr: 0.000299
[2023-03-22 12:58:15] PRINT [03/22 12:58:15 graph]: start epoch 10.
[2023-03-22 12:58:15] PRINT [03/22 12:58:15 graph]: # Epoch 10: train_loss: 0.5495 | lr: 0.000299
[2023-03-22 12:58:15] PRINT [03/22 12:58:15 graph]: start epoch 11.
[2023-03-22 12:58:15] PRINT [03/22 12:58:15 graph]: # Epoch 11: train_loss: 0.5420 | lr: 0.000299
[2023-03-22 12:58:15] PRINT [03/22 12:58:15 graph]: start epoch 12.
[2023-03-22 12:58:15] PRINT [03/22 12:58:15 graph]: # Epoch 12: train_loss: 0.5345 | lr: 0.000299
[2023-03-22 12:58:15] PRINT [03/22 12:58:15 graph]: start epoch 13.
[2023-03-22 12:58:15] PRINT [03/22 12:58:15 graph]: # Epoch 13: train_loss: 0.5274 | lr: 0.000299
[2023-03-22 12:58:15] PRINT [03/22 12:58:15 graph]: start epoch 14.
[2023-03-22 12:58:15] PRINT [03/22 12:58:15 graph]: # Epoch 14: train_loss: 0.5208 | lr: 0.000299
[2023-03-22 12:58:15] PRINT [03/22 12:58:15 graph]: start epoch 15.
[2023-03-22 12:58:15] PRINT [03/22 12:58:15 graph]: # Epoch 15: train_loss: 0.5154 | lr: 0.000299
[2023-03-22 12:58:15] PRINT [03/22 12:58:15 graph]: start epoch 16.
[2023-03-22 12:58:15] PRINT [03/22 12:58:15 graph]: # Epoch 16: train_loss: 0.5104 | lr: 0.000299
[2023-03-22 12:58:15] PRINT [03/22 12:58:15 graph]: start epoch 17.
[2023-03-22 12:58:16] PRINT [03/22 12:58:16 graph]: # Epoch 17: train_loss: 0.5059 | lr: 0.000299
[2023-03-22 12:58:16] PRINT [03/22 12:58:16 graph]: start epoch 18.
[2023-03-22 12:58:16] PRINT [03/22 12:58:16 graph]: # Epoch 18: train_loss: 0.5012 | lr: 0.000299
[2023-03-22 12:58:16] PRINT [03/22 12:58:16 graph]: start epoch 19.
[2023-03-22 12:58:16] PRINT [03/22 12:58:16 graph]: # Epoch 19: train_loss: 0.4973 | lr: 0.000299
[2023-03-22 12:58:16] PRINT [03/22 12:58:16 graph]: start epoch 20.
[2023-03-22 12:58:16] PRINT [03/22 12:58:16 graph]: # Epoch 20: train_loss: 0.4939 | lr: 0.000299
[2023-03-22 12:58:16] PRINT [03/22 12:58:16 graph]: start epoch 21.
[2023-03-22 12:58:16] PRINT [03/22 12:58:16 graph]: # Epoch 21: train_loss: 0.4908 | lr: 0.000299
[2023-03-22 12:58:16] PRINT [03/22 12:58:16 graph]: start epoch 22.
[2023-03-22 12:58:16] PRINT [03/22 12:58:16 graph]: # Epoch 22: train_loss: 0.4876 | lr: 0.000299
[2023-03-22 12:58:16] PRINT [03/22 12:58:16 graph]: start epoch 23.
[2023-03-22 12:58:16] PRINT [03/22 12:58:16 graph]: # Epoch 23: train_loss: 0.4841 | lr: 0.000299
[2023-03-22 12:58:16] PRINT [03/22 12:58:16 graph]: start epoch 24.
[2023-03-22 12:58:16] PRINT [03/22 12:58:16 graph]: # Epoch 24: train_loss: 0.4823 | lr: 0.000299
[2023-03-22 12:58:16] PRINT [03/22 12:58:16 graph]: start epoch 25.
[2023-03-22 12:58:16] PRINT [03/22 12:58:16 graph]: # Epoch 25: train_loss: 0.4803 | lr: 0.000299
[2023-03-22 12:58:16] PRINT [03/22 12:58:16 graph]: start epoch 26.
[2023-03-22 12:58:16] PRINT [03/22 12:58:16 graph]: # Epoch 26: train_loss: 0.4766 | lr: 0.000299
[2023-03-22 12:58:16] PRINT [03/22 12:58:16 graph]: start epoch 27.
[2023-03-22 12:58:16] PRINT [03/22 12:58:16 graph]: # Epoch 27: train_loss: 0.4778 | lr: 0.000299
[2023-03-22 12:58:16] PRINT [03/22 12:58:16 graph]: start epoch 28.
[2023-03-22 12:58:16] PRINT [03/22 12:58:16 graph]: # Epoch 28: train_loss: 0.4774 | lr: 0.000299
[2023-03-22 12:58:16] PRINT [03/22 12:58:16 graph]: start epoch 29.
[2023-03-22 12:58:16] PRINT [03/22 12:58:16 graph]: # Epoch 29: train_loss: 0.4773 | lr: 0.000299
[2023-03-22 12:58:16] PRINT [03/22 12:58:16 graph]: start epoch 30.
[2023-03-22 12:58:16] PRINT [03/22 12:58:16 graph]: # Epoch 30: train_loss: 0.4692 | lr: 0.000299
[2023-03-22 12:58:16] PRINT [03/22 12:58:16 graph]: start epoch 31.
[2023-03-22 12:58:17] PRINT [03/22 12:58:17 graph]: # Epoch 31: train_loss: 0.4756 | lr: 0.000299
[2023-03-22 12:58:17] PRINT [03/22 12:58:17 graph]: start epoch 32.
[2023-03-22 12:58:17] PRINT [03/22 12:58:17 graph]: # Epoch 32: train_loss: 0.4671 | lr: 0.000299
[2023-03-22 12:58:17] PRINT [03/22 12:58:17 graph]: start epoch 33.
[2023-03-22 12:58:17] PRINT [03/22 12:58:17 graph]: # Epoch 33: train_loss: 0.4703 | lr: 0.000299
[2023-03-22 12:58:17] PRINT [03/22 12:58:17 graph]: start epoch 34.
[2023-03-22 12:58:17] PRINT [03/22 12:58:17 graph]: # Epoch 34: train_loss: 0.4679 | lr: 0.000299
[2023-03-22 12:58:17] PRINT [03/22 12:58:17 graph]: start epoch 35.
[2023-03-22 12:58:17] PRINT [03/22 12:58:17 graph]: # Epoch 35: train_loss: 0.4627 | lr: 0.000299
[2023-03-22 12:58:17] PRINT [03/22 12:58:17 graph]: start epoch 36.
[2023-03-22 12:58:17] PRINT [03/22 12:58:17 graph]: # Epoch 36: train_loss: 0.4622 | lr: 0.000299
[2023-03-22 12:58:17] PRINT [03/22 12:58:17 graph]: start epoch 37.
[2023-03-22 12:58:17] PRINT [03/22 12:58:17 graph]: # Epoch 37: train_loss: 0.4629 | lr: 0.000299
[2023-03-22 12:58:17] PRINT [03/22 12:58:17 graph]: start epoch 38.
[2023-03-22 12:58:17] PRINT [03/22 12:58:17 graph]: # Epoch 38: train_loss: 0.4579 | lr: 0.000299
[2023-03-22 12:58:17] PRINT [03/22 12:58:17 graph]: start epoch 39.
[2023-03-22 12:58:17] PRINT [03/22 12:58:17 graph]: # Epoch 39: train_loss: 0.4581 | lr: 0.000299
[2023-03-22 12:58:17] PRINT [03/22 12:58:17 graph]: start epoch 40.
[2023-03-22 12:58:17] PRINT [03/22 12:58:17 graph]: # Epoch 40: train_loss: 0.4576 | lr: 0.000299
[2023-03-22 12:58:17] PRINT [03/22 12:58:17 graph]: start epoch 41.
[2023-03-22 12:58:17] PRINT [03/22 12:58:17 graph]: # Epoch 41: train_loss: 0.4550 | lr: 0.000299
[2023-03-22 12:58:17] PRINT [03/22 12:58:17 graph]: start epoch 42.
[2023-03-22 12:58:17] PRINT [03/22 12:58:17 graph]: # Epoch 42: train_loss: 0.4532 | lr: 0.000299
[2023-03-22 12:58:17] PRINT [03/22 12:58:17 graph]: start epoch 43.
[2023-03-22 12:58:17] PRINT [03/22 12:58:17 graph]: # Epoch 43: train_loss: 0.4527 | lr: 0.000299
[2023-03-22 12:58:17] PRINT [03/22 12:58:17 graph]: start epoch 44.
[2023-03-22 12:58:18] PRINT [03/22 12:58:18 graph]: # Epoch 44: train_loss: 0.4519 | lr: 0.000299
[2023-03-22 12:58:18] PRINT [03/22 12:58:18 graph]: start epoch 45.
[2023-03-22 12:58:18] PRINT [03/22 12:58:18 graph]: # Epoch 45: train_loss: 0.4500 | lr: 0.000299
[2023-03-22 12:58:18] PRINT [03/22 12:58:18 graph]: start epoch 46.
[2023-03-22 12:58:18] PRINT [03/22 12:58:18 graph]: # Epoch 46: train_loss: 0.4492 | lr: 0.000299
[2023-03-22 12:58:18] PRINT [03/22 12:58:18 graph]: start epoch 47.
[2023-03-22 12:58:18] PRINT [03/22 12:58:18 graph]: # Epoch 47: train_loss: 0.4486 | lr: 0.000299
[2023-03-22 12:58:18] PRINT [03/22 12:58:18 graph]: start epoch 48.
[2023-03-22 12:58:18] PRINT [03/22 12:58:18 graph]: # Epoch 48: train_loss: 0.4471 | lr: 0.000299
[2023-03-22 12:58:18] PRINT [03/22 12:58:18 graph]: start epoch 49.
[2023-03-22 12:58:18] PRINT [03/22 12:58:18 graph]: # Epoch 49: train_loss: 0.4461 | lr: 0.000299
[2023-03-22 12:58:18] PRINT [03/22 12:58:18 graph]: start epoch 50.
[2023-03-22 12:58:18] PRINT [03/22 12:58:18 graph]: # Epoch 50: train_loss: 0.4450 | lr: 0.000299
[2023-03-22 12:58:18] PRINT [03/22 12:58:18 graph]: start epoch 51.
[2023-03-22 12:58:18] PRINT [03/22 12:58:18 graph]: # Epoch 51: train_loss: 0.4445 | lr: 0.000299
[2023-03-22 12:58:25] PRINT [03/22 12:58:25 graph]: --- Testf1: 0.88720, Best Valacc: 0.88218 in epoch 428 --- 
[2023-03-22 12:58:26] PRINT [03/22 12:58:26 graph]: Epoch 51: get test acc score:  0.88720
[2023-03-22 12:58:26] PRINT [03/22 12:58:26 graph]: best_f1 0.8872 at epoch 51
[2023-03-22 12:58:26] PRINT [03/22 12:58:26 graph]: start epoch 52.
[2023-03-22 12:58:26] PRINT [03/22 12:58:26 graph]: # Epoch 52: train_loss: 0.4430 | lr: 0.000299
[2023-03-22 12:58:33] PRINT [03/22 12:58:33 graph]: --- Testf1: 0.88884, Best Valacc: 0.88364 in epoch 433 --- 
[2023-03-22 12:58:33] PRINT [03/22 12:58:33 graph]: Epoch 52: get test acc score:  0.88884
[2023-03-22 12:58:33] PRINT [03/22 12:58:33 graph]: best_f1 0.88884 at epoch 52
[2023-03-22 12:58:33] PRINT [03/22 12:58:33 graph]: start epoch 53.
[2023-03-22 12:58:33] PRINT [03/22 12:58:33 graph]: # Epoch 53: train_loss: 0.4424 | lr: 0.000299
[2023-03-22 12:58:41] PRINT [03/22 12:58:41 graph]: --- Testf1: 0.88629, Best Valacc: 0.87564 in epoch 409 --- 
[2023-03-22 12:58:41] PRINT [03/22 12:58:41 graph]: Epoch 53: get test acc score:  0.88629
[2023-03-22 12:58:41] PRINT [03/22 12:58:41 graph]: best_f1 0.88884 at epoch 52
[2023-03-22 12:58:41] PRINT [03/22 12:58:41 graph]: start epoch 54.
[2023-03-22 12:58:41] PRINT [03/22 12:58:41 graph]: # Epoch 54: train_loss: 0.4416 | lr: 0.000299
[2023-03-22 12:58:48] PRINT [03/22 12:58:48 graph]: --- Testf1: 0.88720, Best Valacc: 0.88509 in epoch 321 --- 
[2023-03-22 12:58:48] PRINT [03/22 12:58:48 graph]: Epoch 54: get test acc score:  0.88720
[2023-03-22 12:58:48] PRINT [03/22 12:58:48 graph]: best_f1 0.88884 at epoch 52
[2023-03-22 12:58:48] PRINT [03/22 12:58:48 graph]: start epoch 55.
[2023-03-22 12:58:48] PRINT [03/22 12:58:48 graph]: # Epoch 55: train_loss: 0.4406 | lr: 0.000299
[2023-03-22 12:58:56] PRINT [03/22 12:58:56 graph]: --- Testf1: 0.88902, Best Valacc: 0.88655 in epoch 473 --- 
[2023-03-22 12:58:56] PRINT [03/22 12:58:56 graph]: Epoch 55: get test acc score:  0.88902
[2023-03-22 12:58:56] PRINT [03/22 12:58:56 graph]: best_f1 0.88902 at epoch 55
[2023-03-22 12:58:56] PRINT [03/22 12:58:56 graph]: start epoch 56.
[2023-03-22 12:58:56] PRINT [03/22 12:58:56 graph]: # Epoch 56: train_loss: 0.4393 | lr: 0.000299
[2023-03-22 12:59:03] PRINT [03/22 12:59:03 graph]: --- Testf1: 0.88875, Best Valacc: 0.88073 in epoch 483 --- 
[2023-03-22 12:59:04] PRINT [03/22 12:59:04 graph]: Epoch 56: get test acc score:  0.88875
[2023-03-22 12:59:04] PRINT [03/22 12:59:04 graph]: best_f1 0.88902 at epoch 55
[2023-03-22 12:59:04] PRINT [03/22 12:59:04 graph]: start epoch 57.
[2023-03-22 12:59:04] PRINT [03/22 12:59:04 graph]: # Epoch 57: train_loss: 0.4386 | lr: 0.000299
[2023-03-22 12:59:11] PRINT [03/22 12:59:11 graph]: --- Testf1: 0.88875, Best Valacc: 0.88873 in epoch 471 --- 
[2023-03-22 12:59:11] PRINT [03/22 12:59:11 graph]: Epoch 57: get test acc score:  0.88875
[2023-03-22 12:59:11] PRINT [03/22 12:59:11 graph]: best_f1 0.88902 at epoch 55
[2023-03-22 12:59:11] PRINT [03/22 12:59:11 graph]: start epoch 58.
[2023-03-22 12:59:11] PRINT [03/22 12:59:11 graph]: # Epoch 58: train_loss: 0.4381 | lr: 0.000299
[2023-03-22 12:59:18] PRINT [03/22 12:59:18 graph]: --- Testf1: 0.88657, Best Valacc: 0.88582 in epoch 181 --- 
[2023-03-22 12:59:19] PRINT [03/22 12:59:19 graph]: Epoch 58: get test acc score:  0.88657
[2023-03-22 12:59:19] PRINT [03/22 12:59:19 graph]: best_f1 0.88902 at epoch 55
[2023-03-22 12:59:19] PRINT [03/22 12:59:19 graph]: start epoch 59.
[2023-03-22 12:59:19] PRINT [03/22 12:59:19 graph]: # Epoch 59: train_loss: 0.4372 | lr: 0.000299
[2023-03-22 12:59:26] PRINT [03/22 12:59:26 graph]: --- Testf1: 0.88784, Best Valacc: 0.88800 in epoch 394 --- 
[2023-03-22 12:59:26] PRINT [03/22 12:59:26 graph]: Epoch 59: get test acc score:  0.88784
[2023-03-22 12:59:26] PRINT [03/22 12:59:26 graph]: best_f1 0.88902 at epoch 55
[2023-03-22 12:59:26] PRINT [03/22 12:59:26 graph]: start epoch 60.
[2023-03-22 12:59:26] PRINT [03/22 12:59:26 graph]: # Epoch 60: train_loss: 0.4361 | lr: 0.000299
[2023-03-22 12:59:33] PRINT [03/22 12:59:33 graph]: --- Testf1: 0.88938, Best Valacc: 0.88582 in epoch 255 --- 
[2023-03-22 12:59:34] PRINT [03/22 12:59:34 graph]: Epoch 60: get test acc score:  0.88938
[2023-03-22 12:59:34] PRINT [03/22 12:59:34 graph]: best_f1 0.88938 at epoch 60
[2023-03-22 12:59:34] PRINT [03/22 12:59:34 graph]: start epoch 61.
[2023-03-22 12:59:34] PRINT [03/22 12:59:34 graph]: # Epoch 61: train_loss: 0.4355 | lr: 0.000299
[2023-03-22 12:59:41] PRINT [03/22 12:59:41 graph]: --- Testf1: 0.88629, Best Valacc: 0.88582 in epoch 452 --- 
[2023-03-22 12:59:41] PRINT [03/22 12:59:41 graph]: Epoch 61: get test acc score:  0.88629
[2023-03-22 12:59:41] PRINT [03/22 12:59:41 graph]: best_f1 0.88938 at epoch 60
[2023-03-22 12:59:41] PRINT [03/22 12:59:41 graph]: start epoch 62.
[2023-03-22 12:59:41] PRINT [03/22 12:59:41 graph]: # Epoch 62: train_loss: 0.4348 | lr: 0.000299
[2023-03-22 12:59:48] PRINT [03/22 12:59:48 graph]: --- Testf1: 0.88902, Best Valacc: 0.88727 in epoch 182 --- 
[2023-03-22 12:59:48] PRINT [03/22 12:59:48 graph]: Epoch 62: get test acc score:  0.88902
[2023-03-22 12:59:48] PRINT [03/22 12:59:48 graph]: best_f1 0.88938 at epoch 60
[2023-03-22 12:59:48] PRINT [03/22 12:59:48 graph]: start epoch 63.
[2023-03-22 12:59:48] PRINT [03/22 12:59:48 graph]: # Epoch 63: train_loss: 0.4353 | lr: 0.000299
[2023-03-22 12:59:55] PRINT [03/22 12:59:55 graph]: --- Testf1: 0.88748, Best Valacc: 0.88364 in epoch 429 --- 
[2023-03-22 12:59:56] PRINT [03/22 12:59:56 graph]: Epoch 63: get test acc score:  0.88748
[2023-03-22 12:59:56] PRINT [03/22 12:59:56 graph]: best_f1 0.88938 at epoch 60
[2023-03-22 12:59:56] PRINT [03/22 12:59:56 graph]: start epoch 64.
[2023-03-22 12:59:56] PRINT [03/22 12:59:56 graph]: # Epoch 64: train_loss: 0.4333 | lr: 0.000299
[2023-03-22 13:00:03] PRINT [03/22 13:00:03 graph]: --- Testf1: 0.88966, Best Valacc: 0.88509 in epoch 371 --- 
[2023-03-22 13:00:03] PRINT [03/22 13:00:03 graph]: Epoch 64: get test acc score:  0.88966
[2023-03-22 13:00:03] PRINT [03/22 13:00:03 graph]: best_f1 0.88966 at epoch 64
[2023-03-22 13:00:03] PRINT [03/22 13:00:03 graph]: start epoch 65.
[2023-03-22 13:00:03] PRINT [03/22 13:00:03 graph]: # Epoch 65: train_loss: 0.4333 | lr: 0.000299
[2023-03-22 13:00:10] PRINT [03/22 13:00:10 graph]: --- Testf1: 0.88293, Best Valacc: 0.88291 in epoch 254 --- 
[2023-03-22 13:00:10] PRINT [03/22 13:00:10 graph]: Epoch 65: get test acc score:  0.88293
[2023-03-22 13:00:10] PRINT [03/22 13:00:10 graph]: best_f1 0.88966 at epoch 64
[2023-03-22 13:00:10] PRINT [03/22 13:00:10 graph]: start epoch 66.
[2023-03-22 13:00:10] PRINT [03/22 13:00:10 graph]: # Epoch 66: train_loss: 0.4357 | lr: 0.000299
[2023-03-22 13:00:17] PRINT [03/22 13:00:17 graph]: --- Testf1: 0.88866, Best Valacc: 0.89600 in epoch 420 --- 
[2023-03-22 13:00:17] PRINT [03/22 13:00:17 graph]: Epoch 66: get test acc score:  0.88866
[2023-03-22 13:00:17] PRINT [03/22 13:00:17 graph]: best_f1 0.88966 at epoch 64
[2023-03-22 13:00:17] PRINT [03/22 13:00:17 graph]: start epoch 67.
[2023-03-22 13:00:18] PRINT [03/22 13:00:18 graph]: # Epoch 67: train_loss: 0.4326 | lr: 0.000299
[2023-03-22 13:00:25] PRINT [03/22 13:00:25 graph]: --- Testf1: 0.88947, Best Valacc: 0.88873 in epoch 433 --- 
[2023-03-22 13:00:25] PRINT [03/22 13:00:25 graph]: Epoch 67: get test acc score:  0.88947
[2023-03-22 13:00:25] PRINT [03/22 13:00:25 graph]: best_f1 0.88966 at epoch 64
[2023-03-22 13:00:25] PRINT [03/22 13:00:25 graph]: start epoch 68.
[2023-03-22 13:00:25] PRINT [03/22 13:00:25 graph]: # Epoch 68: train_loss: 0.4322 | lr: 0.000299
[2023-03-22 13:00:32] PRINT [03/22 13:00:32 graph]: --- Testf1: 0.88802, Best Valacc: 0.89018 in epoch 319 --- 
[2023-03-22 13:00:32] PRINT [03/22 13:00:32 graph]: Epoch 68: get test acc score:  0.88802
[2023-03-22 13:00:32] PRINT [03/22 13:00:32 graph]: best_f1 0.88966 at epoch 64
[2023-03-22 13:00:32] PRINT [03/22 13:00:32 graph]: start epoch 69.
[2023-03-22 13:00:32] PRINT [03/22 13:00:32 graph]: # Epoch 69: train_loss: 0.4300 | lr: 0.000299
[2023-03-22 13:00:39] PRINT [03/22 13:00:39 graph]: --- Testf1: 0.88711, Best Valacc: 0.88364 in epoch 353 --- 
[2023-03-22 13:00:39] PRINT [03/22 13:00:39 graph]: Epoch 69: get test acc score:  0.88711
[2023-03-22 13:00:39] PRINT [03/22 13:00:39 graph]: best_f1 0.88966 at epoch 64
[2023-03-22 13:00:39] PRINT [03/22 13:00:39 graph]: start epoch 70.
[2023-03-22 13:00:40] PRINT [03/22 13:00:40 graph]: # Epoch 70: train_loss: 0.4307 | lr: 0.000299
[2023-03-22 13:00:47] PRINT [03/22 13:00:47 graph]: --- Testf1: 0.88620, Best Valacc: 0.88655 in epoch 441 --- 
[2023-03-22 13:00:47] PRINT [03/22 13:00:47 graph]: Epoch 70: get test acc score:  0.88620
[2023-03-22 13:00:47] PRINT [03/22 13:00:47 graph]: best_f1 0.88966 at epoch 64
[2023-03-22 13:00:47] PRINT [03/22 13:00:47 graph]: start epoch 71.
[2023-03-22 13:00:47] PRINT [03/22 13:00:47 graph]: # Epoch 71: train_loss: 0.4287 | lr: 0.000299
[2023-03-22 13:00:54] PRINT [03/22 13:00:54 graph]: --- Testf1: 0.88957, Best Valacc: 0.88800 in epoch 282 --- 
[2023-03-22 13:00:54] PRINT [03/22 13:00:54 graph]: Epoch 71: get test acc score:  0.88957
[2023-03-22 13:00:54] PRINT [03/22 13:00:54 graph]: best_f1 0.88966 at epoch 64
[2023-03-22 13:00:54] PRINT [03/22 13:00:54 graph]: start epoch 72.
[2023-03-22 13:00:54] PRINT [03/22 13:00:54 graph]: # Epoch 72: train_loss: 0.4285 | lr: 0.000299
[2023-03-22 13:01:01] PRINT [03/22 13:01:01 graph]: --- Testf1: 0.89075, Best Valacc: 0.88800 in epoch 329 --- 
[2023-03-22 13:01:01] PRINT [03/22 13:01:01 graph]: Epoch 72: get test acc score:  0.89075
[2023-03-22 13:01:01] PRINT [03/22 13:01:01 graph]: best_f1 0.89075 at epoch 72
[2023-03-22 13:01:01] PRINT [03/22 13:01:01 graph]: start epoch 73.
[2023-03-22 13:01:01] PRINT [03/22 13:01:01 graph]: # Epoch 73: train_loss: 0.4278 | lr: 0.000299
[2023-03-22 13:01:08] PRINT [03/22 13:01:08 graph]: --- Testf1: 0.89111, Best Valacc: 0.88873 in epoch 409 --- 
[2023-03-22 13:01:09] PRINT [03/22 13:01:09 graph]: Epoch 73: get test acc score:  0.89111
[2023-03-22 13:01:09] PRINT [03/22 13:01:09 graph]: best_f1 0.89111 at epoch 73
[2023-03-22 13:01:09] PRINT [03/22 13:01:09 graph]: start epoch 74.
[2023-03-22 13:01:09] PRINT [03/22 13:01:09 graph]: # Epoch 74: train_loss: 0.4271 | lr: 0.000299
[2023-03-22 13:01:16] PRINT [03/22 13:01:16 graph]: --- Testf1: 0.88911, Best Valacc: 0.89164 in epoch 469 --- 
[2023-03-22 13:01:16] PRINT [03/22 13:01:16 graph]: Epoch 74: get test acc score:  0.88911
[2023-03-22 13:01:16] PRINT [03/22 13:01:16 graph]: best_f1 0.89111 at epoch 73
[2023-03-22 13:01:16] PRINT [03/22 13:01:16 graph]: start epoch 75.
[2023-03-22 13:01:16] PRINT [03/22 13:01:16 graph]: # Epoch 75: train_loss: 0.4258 | lr: 0.000299
[2023-03-22 13:01:23] PRINT [03/22 13:01:23 graph]: --- Testf1: 0.88875, Best Valacc: 0.89164 in epoch 466 --- 
[2023-03-22 13:01:23] PRINT [03/22 13:01:23 graph]: Epoch 75: get test acc score:  0.88875
[2023-03-22 13:01:23] PRINT [03/22 13:01:23 graph]: best_f1 0.89111 at epoch 73
[2023-03-22 13:01:23] PRINT [03/22 13:01:23 graph]: start epoch 76.
[2023-03-22 13:01:23] PRINT [03/22 13:01:23 graph]: # Epoch 76: train_loss: 0.4264 | lr: 0.000299
[2023-03-22 13:01:30] PRINT [03/22 13:01:30 graph]: --- Testf1: 0.89057, Best Valacc: 0.88800 in epoch 363 --- 
[2023-03-22 13:01:30] PRINT [03/22 13:01:30 graph]: Epoch 76: get test acc score:  0.89057
[2023-03-22 13:01:30] PRINT [03/22 13:01:30 graph]: best_f1 0.89111 at epoch 73
[2023-03-22 13:01:30] PRINT [03/22 13:01:30 graph]: start epoch 77.
[2023-03-22 13:01:31] PRINT [03/22 13:01:31 graph]: # Epoch 77: train_loss: 0.4251 | lr: 0.000299
[2023-03-22 13:01:37] PRINT [03/22 13:01:37 graph]: --- Testf1: 0.88557, Best Valacc: 0.88727 in epoch 442 --- 
[2023-03-22 13:01:38] PRINT [03/22 13:01:38 graph]: Epoch 77: get test acc score:  0.88557
[2023-03-22 13:01:38] PRINT [03/22 13:01:38 graph]: best_f1 0.89111 at epoch 73
[2023-03-22 13:01:38] PRINT [03/22 13:01:38 graph]: start epoch 78.
[2023-03-22 13:01:38] PRINT [03/22 13:01:38 graph]: # Epoch 78: train_loss: 0.4251 | lr: 0.000299
[2023-03-22 13:01:45] PRINT [03/22 13:01:45 graph]: --- Testf1: 0.89238, Best Valacc: 0.89236 in epoch 450 --- 
[2023-03-22 13:01:45] PRINT [03/22 13:01:45 graph]: Epoch 78: get test acc score:  0.89238
[2023-03-22 13:01:45] PRINT [03/22 13:01:45 graph]: best_f1 0.89238 at epoch 78
[2023-03-22 13:01:45] PRINT [03/22 13:01:45 graph]: start epoch 79.
[2023-03-22 13:01:45] PRINT [03/22 13:01:45 graph]: # Epoch 79: train_loss: 0.4238 | lr: 0.000299
[2023-03-22 13:01:52] PRINT [03/22 13:01:52 graph]: --- Testf1: 0.88829, Best Valacc: 0.89309 in epoch 332 --- 
[2023-03-22 13:01:52] PRINT [03/22 13:01:52 graph]: Epoch 79: get test acc score:  0.88829
[2023-03-22 13:01:52] PRINT [03/22 13:01:52 graph]: best_f1 0.89238 at epoch 78
[2023-03-22 13:01:52] PRINT [03/22 13:01:52 graph]: start epoch 80.
[2023-03-22 13:01:52] PRINT [03/22 13:01:52 graph]: # Epoch 80: train_loss: 0.4234 | lr: 0.000299
[2023-03-22 13:01:59] PRINT [03/22 13:01:59 graph]: --- Testf1: 0.89356, Best Valacc: 0.89236 in epoch 412 --- 
[2023-03-22 13:02:00] PRINT [03/22 13:01:59 graph]: Epoch 80: get test acc score:  0.89356
[2023-03-22 13:02:00] PRINT [03/22 13:02:00 graph]: best_f1 0.89356 at epoch 80
[2023-03-22 13:02:00] PRINT [03/22 13:02:00 graph]: start epoch 81.
[2023-03-22 13:02:00] PRINT [03/22 13:02:00 graph]: # Epoch 81: train_loss: 0.4226 | lr: 0.000299
[2023-03-22 13:02:07] PRINT [03/22 13:02:07 graph]: --- Testf1: 0.89166, Best Valacc: 0.89164 in epoch 305 --- 
[2023-03-22 13:02:07] PRINT [03/22 13:02:07 graph]: Epoch 81: get test acc score:  0.89166
[2023-03-22 13:02:07] PRINT [03/22 13:02:07 graph]: best_f1 0.89356 at epoch 80
[2023-03-22 13:02:07] PRINT [03/22 13:02:07 graph]: start epoch 82.
[2023-03-22 13:02:07] PRINT [03/22 13:02:07 graph]: # Epoch 82: train_loss: 0.4232 | lr: 0.000299
[2023-03-22 13:02:14] PRINT [03/22 13:02:14 graph]: --- Testf1: 0.89220, Best Valacc: 0.89527 in epoch 228 --- 
[2023-03-22 13:02:14] PRINT [03/22 13:02:14 graph]: Epoch 82: get test acc score:  0.89220
[2023-03-22 13:02:14] PRINT [03/22 13:02:14 graph]: best_f1 0.89356 at epoch 80
[2023-03-22 13:02:14] PRINT [03/22 13:02:14 graph]: start epoch 83.
[2023-03-22 13:02:14] PRINT [03/22 13:02:14 graph]: # Epoch 83: train_loss: 0.4214 | lr: 0.000299
[2023-03-22 13:02:21] PRINT [03/22 13:02:21 graph]: --- Testf1: 0.89293, Best Valacc: 0.89455 in epoch 303 --- 
[2023-03-22 13:02:21] PRINT [03/22 13:02:21 graph]: Epoch 83: get test acc score:  0.89293
[2023-03-22 13:02:21] PRINT [03/22 13:02:21 graph]: best_f1 0.89356 at epoch 80
[2023-03-22 13:02:21] PRINT [03/22 13:02:21 graph]: start epoch 84.
[2023-03-22 13:02:21] PRINT [03/22 13:02:21 graph]: # Epoch 84: train_loss: 0.4218 | lr: 0.000299
[2023-03-22 13:02:28] PRINT [03/22 13:02:28 graph]: --- Testf1: 0.89256, Best Valacc: 0.90327 in epoch 425 --- 
[2023-03-22 13:02:29] PRINT [03/22 13:02:29 graph]: Epoch 84: get test acc score:  0.89256
[2023-03-22 13:02:29] PRINT [03/22 13:02:29 graph]: best_f1 0.89356 at epoch 80
[2023-03-22 13:02:29] PRINT [03/22 13:02:29 graph]: start epoch 85.
[2023-03-22 13:02:29] PRINT [03/22 13:02:29 graph]: # Epoch 85: train_loss: 0.4212 | lr: 0.000299
[2023-03-22 13:02:36] PRINT [03/22 13:02:36 graph]: --- Testf1: 0.89075, Best Valacc: 0.89309 in epoch 346 --- 
[2023-03-22 13:02:36] PRINT [03/22 13:02:36 graph]: Epoch 85: get test acc score:  0.89075
[2023-03-22 13:02:36] PRINT [03/22 13:02:36 graph]: best_f1 0.89356 at epoch 80
[2023-03-22 13:02:36] PRINT [03/22 13:02:36 graph]: start epoch 86.
[2023-03-22 13:02:36] PRINT [03/22 13:02:36 graph]: # Epoch 86: train_loss: 0.4196 | lr: 0.000299
[2023-03-22 13:02:43] PRINT [03/22 13:02:43 graph]: --- Testf1: 0.89120, Best Valacc: 0.89818 in epoch 188 --- 
[2023-03-22 13:02:43] PRINT [03/22 13:02:43 graph]: Epoch 86: get test acc score:  0.89120
[2023-03-22 13:02:43] PRINT [03/22 13:02:43 graph]: best_f1 0.89356 at epoch 80
[2023-03-22 13:02:43] PRINT [03/22 13:02:43 graph]: start epoch 87.
[2023-03-22 13:02:43] PRINT [03/22 13:02:43 graph]: # Epoch 87: train_loss: 0.4200 | lr: 0.000299
[2023-03-22 13:02:50] PRINT [03/22 13:02:50 graph]: --- Testf1: 0.89075, Best Valacc: 0.89382 in epoch 438 --- 
[2023-03-22 13:02:51] PRINT [03/22 13:02:51 graph]: Epoch 87: get test acc score:  0.89075
[2023-03-22 13:02:51] PRINT [03/22 13:02:51 graph]: best_f1 0.89356 at epoch 80
[2023-03-22 13:02:51] PRINT [03/22 13:02:51 graph]: start epoch 88.
[2023-03-22 13:02:51] PRINT [03/22 13:02:51 graph]: # Epoch 88: train_loss: 0.4197 | lr: 0.000299
[2023-03-22 13:02:57] PRINT [03/22 13:02:57 graph]: --- Testf1: 0.88993, Best Valacc: 0.89382 in epoch 302 --- 
[2023-03-22 13:02:58] PRINT [03/22 13:02:58 graph]: Epoch 88: get test acc score:  0.88993
[2023-03-22 13:02:58] PRINT [03/22 13:02:58 graph]: best_f1 0.89356 at epoch 80
[2023-03-22 13:02:58] PRINT [03/22 13:02:58 graph]: start epoch 89.
[2023-03-22 13:02:58] PRINT [03/22 13:02:58 graph]: # Epoch 89: train_loss: 0.4194 | lr: 0.000299
[2023-03-22 13:03:03] PRINT [03/22 13:03:03 graph]: --- Testf1: 0.89347, Best Valacc: 0.89527 in epoch 395 --- 
[2023-03-22 13:03:03] PRINT [03/22 13:03:03 graph]: Epoch 89: get test acc score:  0.89347
[2023-03-22 13:03:03] PRINT [03/22 13:03:03 graph]: best_f1 0.89356 at epoch 80
[2023-03-22 13:03:03] PRINT [03/22 13:03:03 graph]: start epoch 90.
[2023-03-22 13:03:03] PRINT [03/22 13:03:03 graph]: # Epoch 90: train_loss: 0.4179 | lr: 0.000299
[2023-03-22 13:03:09] PRINT [03/22 13:03:09 graph]: --- Testf1: 0.89193, Best Valacc: 0.89527 in epoch 251 --- 
[2023-03-22 13:03:09] PRINT [03/22 13:03:09 graph]: Epoch 90: get test acc score:  0.89193
[2023-03-22 13:03:09] PRINT [03/22 13:03:09 graph]: best_f1 0.89356 at epoch 80
[2023-03-22 13:03:09] PRINT [03/22 13:03:09 graph]: start epoch 91.
[2023-03-22 13:03:09] PRINT [03/22 13:03:09 graph]: # Epoch 91: train_loss: 0.4180 | lr: 0.000299
[2023-03-22 13:03:15] PRINT [03/22 13:03:15 graph]: --- Testf1: 0.88993, Best Valacc: 0.89527 in epoch 392 --- 
[2023-03-22 13:03:15] PRINT [03/22 13:03:15 graph]: Epoch 91: get test acc score:  0.88993
[2023-03-22 13:03:15] PRINT [03/22 13:03:15 graph]: best_f1 0.89356 at epoch 80
[2023-03-22 13:03:15] PRINT [03/22 13:03:15 graph]: start epoch 92.
[2023-03-22 13:03:15] PRINT [03/22 13:03:15 graph]: # Epoch 92: train_loss: 0.4171 | lr: 0.000299
[2023-03-22 13:03:24] PRINT [03/22 13:03:24 graph]: --- Testf1: 0.89011, Best Valacc: 0.89600 in epoch 489 --- 
[2023-03-22 13:03:24] PRINT [03/22 13:03:24 graph]: Epoch 92: get test acc score:  0.89011
[2023-03-22 13:03:24] PRINT [03/22 13:03:24 graph]: best_f1 0.89356 at epoch 80
[2023-03-22 13:03:24] PRINT [03/22 13:03:24 graph]: start epoch 93.
[2023-03-22 13:03:24] PRINT [03/22 13:03:24 graph]: # Epoch 93: train_loss: 0.4175 | lr: 0.000299
[2023-03-22 13:03:31] PRINT [03/22 13:03:31 graph]: --- Testf1: 0.89102, Best Valacc: 0.89600 in epoch 480 --- 
[2023-03-22 13:03:31] PRINT [03/22 13:03:31 graph]: Epoch 93: get test acc score:  0.89102
[2023-03-22 13:03:31] PRINT [03/22 13:03:31 graph]: best_f1 0.89356 at epoch 80
[2023-03-22 13:03:31] PRINT [03/22 13:03:31 graph]: start epoch 94.
[2023-03-22 13:03:31] PRINT [03/22 13:03:31 graph]: # Epoch 94: train_loss: 0.4156 | lr: 0.000299
[2023-03-22 13:03:38] PRINT [03/22 13:03:38 graph]: --- Testf1: 0.89129, Best Valacc: 0.89600 in epoch 233 --- 
[2023-03-22 13:03:38] PRINT [03/22 13:03:38 graph]: Epoch 94: get test acc score:  0.89129
[2023-03-22 13:03:38] PRINT [03/22 13:03:38 graph]: best_f1 0.89356 at epoch 80
[2023-03-22 13:03:38] PRINT [03/22 13:03:38 graph]: start epoch 95.
[2023-03-22 13:03:39] PRINT [03/22 13:03:39 graph]: # Epoch 95: train_loss: 0.4162 | lr: 0.000299
[2023-03-22 13:03:46] PRINT [03/22 13:03:46 graph]: --- Testf1: 0.89011, Best Valacc: 0.89600 in epoch 383 --- 
[2023-03-22 13:03:46] PRINT [03/22 13:03:46 graph]: Epoch 95: get test acc score:  0.89011
[2023-03-22 13:03:46] PRINT [03/22 13:03:46 graph]: best_f1 0.89356 at epoch 80
[2023-03-22 13:03:46] PRINT [03/22 13:03:46 graph]: start epoch 96.
[2023-03-22 13:03:46] PRINT [03/22 13:03:46 graph]: # Epoch 96: train_loss: 0.4154 | lr: 0.000299
[2023-03-22 13:03:53] PRINT [03/22 13:03:53 graph]: --- Testf1: 0.88847, Best Valacc: 0.90182 in epoch 477 --- 
[2023-03-22 13:03:53] PRINT [03/22 13:03:53 graph]: Epoch 96: get test acc score:  0.88847
[2023-03-22 13:03:53] PRINT [03/22 13:03:53 graph]: best_f1 0.89356 at epoch 80
[2023-03-22 13:03:53] PRINT [03/22 13:03:53 graph]: start epoch 97.
[2023-03-22 13:03:53] PRINT [03/22 13:03:53 graph]: # Epoch 97: train_loss: 0.4147 | lr: 0.000299
[2023-03-22 13:04:01] PRINT [03/22 13:04:01 graph]: --- Testf1: 0.89220, Best Valacc: 0.89091 in epoch 486 --- 
[2023-03-22 13:04:01] PRINT [03/22 13:04:01 graph]: Epoch 97: get test acc score:  0.89220
[2023-03-22 13:04:01] PRINT [03/22 13:04:01 graph]: best_f1 0.89356 at epoch 80
[2023-03-22 13:04:01] PRINT [03/22 13:04:01 graph]: start epoch 98.
[2023-03-22 13:04:01] PRINT [03/22 13:04:01 graph]: # Epoch 98: train_loss: 0.4143 | lr: 0.000299
[2023-03-22 13:04:08] PRINT [03/22 13:04:08 graph]: --- Testf1: 0.89447, Best Valacc: 0.89455 in epoch 402 --- 
[2023-03-22 13:04:08] PRINT [03/22 13:04:08 graph]: Epoch 98: get test acc score:  0.89447
[2023-03-22 13:04:08] PRINT [03/22 13:04:08 graph]: best_f1 0.89447 at epoch 98
[2023-03-22 13:04:08] PRINT [03/22 13:04:08 graph]: start epoch 99.
[2023-03-22 13:04:08] PRINT [03/22 13:04:08 graph]: # Epoch 99: train_loss: 0.4142 | lr: 0.000299
[2023-03-22 13:04:15] PRINT [03/22 13:04:15 graph]: --- Testf1: 0.88857, Best Valacc: 0.89527 in epoch 489 --- 
[2023-03-22 13:04:16] PRINT [03/22 13:04:16 graph]: Epoch 99: get test acc score:  0.88857
[2023-03-22 13:04:16] PRINT [03/22 13:04:16 graph]: best_f1 0.89447 at epoch 98
[2023-03-22 13:04:16] PRINT [03/22 13:04:16 graph]: # final_acc: 0.89447±0.00000
