[2023-03-22 09:44:56] PRINT ---new cfg------
[2023-03-22 09:44:56] PRINT {'DATA': {'data_name': 'comp'}, 'DATALOADER': {'NUM_WORKERS': 0}, 'MODEL': {'num_hidden': 512, 'num_layers': 2, 'nhead': 4, 'activation': 'prelu', 'attn_drop': 0.2, 'feat_drop': 0.4, 'norm': 'batchnorm', 'pooler': 'mean', 'beta_schedule': 'quad', 'beta_1': 0.00031184698123750293, 'beta_T': 0.005165519131358907, 'T': 578}, 'SOLVER': {'optim_type': 'adam', 'optim_type_f': 'adamw', 'alpha': 1, 'decay': 20, 'LR': 0.0001554784677394179, 'LR_f': 0.05351445037878149, 'weight_decay': 0, 'weight_decay_f': 0.0007236264834120035, 'MAX_EPOCH': 100, 'max_epoch_f': 500}, 'DEVICE': 'cuda', 'seeds': [0], 'eval_T': [50, 100, 200], 'output_dir': '/ddm-nni/AmazonCoBuyComputerDataset¶/log', 'checkpoint_dir': '/ddm-nni/AmazonCoBuyComputerDataset¶/log/checkpoint'}
[2023-03-22 09:44:56] PRINT [03/22 09:44:56 graph]: Rank of current process: 0. World size: 1
[2023-03-22 09:44:59] PRINT [03/22 09:44:59 graph]: Environment info:
[2023-03-22 09:44:59] PRINT PyTorch version: 1.10.0+cu113
[2023-03-22 09:44:59] PRINT Is debug build: False
[2023-03-22 09:44:59] PRINT CUDA used to build PyTorch: 11.3
[2023-03-22 09:44:59] PRINT ROCM used to build PyTorch: N/A
[2023-03-22 09:44:59] PRINT 
[2023-03-22 09:44:59] PRINT OS: Ubuntu 20.04.3 LTS (x86_64)
[2023-03-22 09:44:59] PRINT GCC version: (Ubuntu 9.3.0-17ubuntu1~20.04) 9.3.0
[2023-03-22 09:44:59] PRINT Clang version: Could not collect
[2023-03-22 09:44:59] PRINT CMake version: version 3.16.3
[2023-03-22 09:44:59] PRINT Libc version: glibc-2.31
[2023-03-22 09:44:59] PRINT 
[2023-03-22 09:44:59] PRINT Python version: 3.8.10 (default, Jun  4 2021, 15:09:15)  [GCC 7.5.0] (64-bit runtime)
[2023-03-22 09:44:59] PRINT Python platform: Linux-5.4.0-90-generic-x86_64-with-glibc2.17
[2023-03-22 09:44:59] PRINT Is CUDA available: True
[2023-03-22 09:44:59] PRINT CUDA runtime version: 11.3.109
[2023-03-22 09:44:59] PRINT GPU models and configuration: GPU 0: NVIDIA GeForce RTX 3090
[2023-03-22 09:44:59] PRINT Nvidia driver version: 495.44
[2023-03-22 09:44:59] PRINT cuDNN version: Probably one of the following:
[2023-03-22 09:44:59] PRINT /usr/lib/x86_64-linux-gnu/libcudnn.so.8.2.0
[2023-03-22 09:44:59] PRINT /usr/lib/x86_64-linux-gnu/libcudnn_adv_infer.so.8.2.0
[2023-03-22 09:44:59] PRINT /usr/lib/x86_64-linux-gnu/libcudnn_adv_train.so.8.2.0
[2023-03-22 09:44:59] PRINT /usr/lib/x86_64-linux-gnu/libcudnn_cnn_infer.so.8.2.0
[2023-03-22 09:44:59] PRINT /usr/lib/x86_64-linux-gnu/libcudnn_cnn_train.so.8.2.0
[2023-03-22 09:44:59] PRINT /usr/lib/x86_64-linux-gnu/libcudnn_ops_infer.so.8.2.0
[2023-03-22 09:44:59] PRINT /usr/lib/x86_64-linux-gnu/libcudnn_ops_train.so.8.2.0
[2023-03-22 09:44:59] PRINT HIP runtime version: N/A
[2023-03-22 09:44:59] PRINT MIOpen runtime version: N/A
[2023-03-22 09:44:59] PRINT 
[2023-03-22 09:44:59] PRINT Versions of relevant libraries:
[2023-03-22 09:44:59] PRINT [pip3] numpy==1.23.5
[2023-03-22 09:44:59] PRINT [pip3] torch==1.10.0+cu113
[2023-03-22 09:44:59] PRINT [pip3] torchvision==0.11.1+cu113
[2023-03-22 09:44:59] PRINT [conda] blas                      1.0                         mkl    https://mirrors.ustc.edu.cn/anaconda/pkgs/main
[2023-03-22 09:44:59] PRINT [conda] mkl                       2021.4.0           h06a4308_640    https://mirrors.ustc.edu.cn/anaconda/pkgs/main
[2023-03-22 09:44:59] PRINT [conda] mkl-service               2.4.0            py38h7f8727e_0    https://mirrors.ustc.edu.cn/anaconda/pkgs/main
[2023-03-22 09:44:59] PRINT [conda] mkl_fft                   1.3.1            py38hd3c417c_0    https://mirrors.ustc.edu.cn/anaconda/pkgs/main
[2023-03-22 09:44:59] PRINT [conda] mkl_random                1.2.2            py38h51133e4_0    https://mirrors.ustc.edu.cn/anaconda/pkgs/main
[2023-03-22 09:44:59] PRINT [conda] numpy                     1.21.4                   pypi_0    pypi
[2023-03-22 09:44:59] PRINT [conda] numpy-base                1.23.5           py38h31eccc5_0    https://mirrors.ustc.edu.cn/anaconda/pkgs/main
[2023-03-22 09:44:59] PRINT [conda] torch                     1.10.0+cu113             pypi_0    pypi
[2023-03-22 09:44:59] PRINT [conda] torchvision               0.11.1+cu113             pypi_0    pypi
[2023-03-22 09:44:59] PRINT         Pillow (8.4.0)
[2023-03-22 09:44:59] PRINT [03/22 09:44:59 graph]: Command line arguments: Namespace(local_rank=0, resume=False, seed=1234, start_epoch=0)
[2023-03-22 09:44:59] PRINT [03/22 09:44:59 graph]: Run 0th for seed 0
[2023-03-22 09:45:00] PRINT [03/22 09:45:00 graph]: Total trainable params num : 7976963
[2023-03-22 09:45:04] PRINT [03/22 09:45:04 graph]: ----------Start Training----------
[2023-03-22 09:45:05] PRINT [03/22 09:45:05 graph]: start epoch 0.
[2023-03-22 09:45:05] PRINT [03/22 09:45:05 graph]: # Epoch 0: train_loss: 1.0201 | lr: 0.000155
[2023-03-22 09:45:05] PRINT [03/22 09:45:05 graph]: start epoch 1.
[2023-03-22 09:45:05] PRINT [03/22 09:45:05 graph]: # Epoch 1: train_loss: 0.8516 | lr: 0.000155
[2023-03-22 09:45:05] PRINT [03/22 09:45:05 graph]: start epoch 2.
[2023-03-22 09:45:05] PRINT [03/22 09:45:05 graph]: # Epoch 2: train_loss: 0.7697 | lr: 0.000155
[2023-03-22 09:45:05] PRINT [03/22 09:45:05 graph]: start epoch 3.
[2023-03-22 09:45:05] PRINT [03/22 09:45:05 graph]: # Epoch 3: train_loss: 0.7143 | lr: 0.000155
[2023-03-22 09:45:05] PRINT [03/22 09:45:05 graph]: start epoch 4.
[2023-03-22 09:45:05] PRINT [03/22 09:45:05 graph]: # Epoch 4: train_loss: 0.6733 | lr: 0.000155
[2023-03-22 09:45:05] PRINT [03/22 09:45:05 graph]: start epoch 5.
[2023-03-22 09:45:05] PRINT [03/22 09:45:05 graph]: # Epoch 5: train_loss: 0.6431 | lr: 0.000155
[2023-03-22 09:45:05] PRINT [03/22 09:45:05 graph]: start epoch 6.
[2023-03-22 09:45:05] PRINT [03/22 09:45:05 graph]: # Epoch 6: train_loss: 0.6206 | lr: 0.000155
[2023-03-22 09:45:05] PRINT [03/22 09:45:05 graph]: start epoch 7.
[2023-03-22 09:45:06] PRINT [03/22 09:45:06 graph]: # Epoch 7: train_loss: 0.6031 | lr: 0.000155
[2023-03-22 09:45:06] PRINT [03/22 09:45:06 graph]: start epoch 8.
[2023-03-22 09:45:06] PRINT [03/22 09:45:06 graph]: # Epoch 8: train_loss: 0.5895 | lr: 0.000155
[2023-03-22 09:45:06] PRINT [03/22 09:45:06 graph]: start epoch 9.
[2023-03-22 09:45:06] PRINT [03/22 09:45:06 graph]: # Epoch 9: train_loss: 0.5768 | lr: 0.000155
[2023-03-22 09:45:06] PRINT [03/22 09:45:06 graph]: start epoch 10.
[2023-03-22 09:45:06] PRINT [03/22 09:45:06 graph]: # Epoch 10: train_loss: 0.5660 | lr: 0.000155
[2023-03-22 09:45:06] PRINT [03/22 09:45:06 graph]: start epoch 11.
[2023-03-22 09:45:06] PRINT [03/22 09:45:06 graph]: # Epoch 11: train_loss: 0.5562 | lr: 0.000155
[2023-03-22 09:45:06] PRINT [03/22 09:45:06 graph]: start epoch 12.
[2023-03-22 09:45:06] PRINT [03/22 09:45:06 graph]: # Epoch 12: train_loss: 0.5475 | lr: 0.000155
[2023-03-22 09:45:06] PRINT [03/22 09:45:06 graph]: start epoch 13.
[2023-03-22 09:45:06] PRINT [03/22 09:45:06 graph]: # Epoch 13: train_loss: 0.5406 | lr: 0.000155
[2023-03-22 09:45:06] PRINT [03/22 09:45:06 graph]: start epoch 14.
[2023-03-22 09:45:06] PRINT [03/22 09:45:06 graph]: # Epoch 14: train_loss: 0.5336 | lr: 0.000155
[2023-03-22 09:45:06] PRINT [03/22 09:45:06 graph]: start epoch 15.
[2023-03-22 09:45:06] PRINT [03/22 09:45:06 graph]: # Epoch 15: train_loss: 0.5275 | lr: 0.000155
[2023-03-22 09:45:06] PRINT [03/22 09:45:06 graph]: start epoch 16.
[2023-03-22 09:45:06] PRINT [03/22 09:45:06 graph]: # Epoch 16: train_loss: 0.5223 | lr: 0.000155
[2023-03-22 09:45:06] PRINT [03/22 09:45:06 graph]: start epoch 17.
[2023-03-22 09:45:06] PRINT [03/22 09:45:06 graph]: # Epoch 17: train_loss: 0.5177 | lr: 0.000155
[2023-03-22 09:45:06] PRINT [03/22 09:45:06 graph]: start epoch 18.
[2023-03-22 09:45:06] PRINT [03/22 09:45:06 graph]: # Epoch 18: train_loss: 0.5130 | lr: 0.000155
[2023-03-22 09:45:06] PRINT [03/22 09:45:06 graph]: start epoch 19.
[2023-03-22 09:45:06] PRINT [03/22 09:45:06 graph]: # Epoch 19: train_loss: 0.5087 | lr: 0.000155
[2023-03-22 09:45:06] PRINT [03/22 09:45:06 graph]: start epoch 20.
[2023-03-22 09:45:07] PRINT [03/22 09:45:07 graph]: # Epoch 20: train_loss: 0.5043 | lr: 0.000155
[2023-03-22 09:45:07] PRINT [03/22 09:45:07 graph]: start epoch 21.
[2023-03-22 09:45:07] PRINT [03/22 09:45:07 graph]: # Epoch 21: train_loss: 0.5003 | lr: 0.000155
[2023-03-22 09:45:07] PRINT [03/22 09:45:07 graph]: start epoch 22.
[2023-03-22 09:45:07] PRINT [03/22 09:45:07 graph]: # Epoch 22: train_loss: 0.4967 | lr: 0.000155
[2023-03-22 09:45:07] PRINT [03/22 09:45:07 graph]: start epoch 23.
[2023-03-22 09:45:07] PRINT [03/22 09:45:07 graph]: # Epoch 23: train_loss: 0.4934 | lr: 0.000155
[2023-03-22 09:45:07] PRINT [03/22 09:45:07 graph]: start epoch 24.
[2023-03-22 09:45:07] PRINT [03/22 09:45:07 graph]: # Epoch 24: train_loss: 0.4900 | lr: 0.000155
[2023-03-22 09:45:07] PRINT [03/22 09:45:07 graph]: start epoch 25.
[2023-03-22 09:45:07] PRINT [03/22 09:45:07 graph]: # Epoch 25: train_loss: 0.4873 | lr: 0.000155
[2023-03-22 09:45:07] PRINT [03/22 09:45:07 graph]: start epoch 26.
[2023-03-22 09:45:07] PRINT [03/22 09:45:07 graph]: # Epoch 26: train_loss: 0.4845 | lr: 0.000155
[2023-03-22 09:45:07] PRINT [03/22 09:45:07 graph]: start epoch 27.
[2023-03-22 09:45:07] PRINT [03/22 09:45:07 graph]: # Epoch 27: train_loss: 0.4820 | lr: 0.000155
[2023-03-22 09:45:07] PRINT [03/22 09:45:07 graph]: start epoch 28.
[2023-03-22 09:45:07] PRINT [03/22 09:45:07 graph]: # Epoch 28: train_loss: 0.4795 | lr: 0.000155
[2023-03-22 09:45:07] PRINT [03/22 09:45:07 graph]: start epoch 29.
[2023-03-22 09:45:07] PRINT [03/22 09:45:07 graph]: # Epoch 29: train_loss: 0.4774 | lr: 0.000155
[2023-03-22 09:45:07] PRINT [03/22 09:45:07 graph]: start epoch 30.
[2023-03-22 09:45:07] PRINT [03/22 09:45:07 graph]: # Epoch 30: train_loss: 0.4750 | lr: 0.000155
[2023-03-22 09:45:07] PRINT [03/22 09:45:07 graph]: start epoch 31.
[2023-03-22 09:45:07] PRINT [03/22 09:45:07 graph]: # Epoch 31: train_loss: 0.4730 | lr: 0.000155
[2023-03-22 09:45:07] PRINT [03/22 09:45:07 graph]: start epoch 32.
[2023-03-22 09:45:07] PRINT [03/22 09:45:07 graph]: # Epoch 32: train_loss: 0.4710 | lr: 0.000155
[2023-03-22 09:45:07] PRINT [03/22 09:45:07 graph]: start epoch 33.
[2023-03-22 09:45:08] PRINT [03/22 09:45:08 graph]: # Epoch 33: train_loss: 0.4688 | lr: 0.000155
[2023-03-22 09:45:08] PRINT [03/22 09:45:08 graph]: start epoch 34.
[2023-03-22 09:45:08] PRINT [03/22 09:45:08 graph]: # Epoch 34: train_loss: 0.4667 | lr: 0.000155
[2023-03-22 09:45:08] PRINT [03/22 09:45:08 graph]: start epoch 35.
[2023-03-22 09:45:08] PRINT [03/22 09:45:08 graph]: # Epoch 35: train_loss: 0.4652 | lr: 0.000155
[2023-03-22 09:45:08] PRINT [03/22 09:45:08 graph]: start epoch 36.
[2023-03-22 09:45:08] PRINT [03/22 09:45:08 graph]: # Epoch 36: train_loss: 0.4629 | lr: 0.000155
[2023-03-22 09:45:08] PRINT [03/22 09:45:08 graph]: start epoch 37.
[2023-03-22 09:45:08] PRINT [03/22 09:45:08 graph]: # Epoch 37: train_loss: 0.4616 | lr: 0.000155
[2023-03-22 09:45:08] PRINT [03/22 09:45:08 graph]: start epoch 38.
[2023-03-22 09:45:08] PRINT [03/22 09:45:08 graph]: # Epoch 38: train_loss: 0.4594 | lr: 0.000155
[2023-03-22 09:45:08] PRINT [03/22 09:45:08 graph]: start epoch 39.
[2023-03-22 09:45:08] PRINT [03/22 09:45:08 graph]: # Epoch 39: train_loss: 0.4578 | lr: 0.000155
[2023-03-22 09:45:08] PRINT [03/22 09:45:08 graph]: start epoch 40.
[2023-03-22 09:45:08] PRINT [03/22 09:45:08 graph]: # Epoch 40: train_loss: 0.4563 | lr: 0.000155
[2023-03-22 09:45:08] PRINT [03/22 09:45:08 graph]: start epoch 41.
[2023-03-22 09:45:08] PRINT [03/22 09:45:08 graph]: # Epoch 41: train_loss: 0.4550 | lr: 0.000155
[2023-03-22 09:45:08] PRINT [03/22 09:45:08 graph]: start epoch 42.
[2023-03-22 09:45:08] PRINT [03/22 09:45:08 graph]: # Epoch 42: train_loss: 0.4535 | lr: 0.000155
[2023-03-22 09:45:08] PRINT [03/22 09:45:08 graph]: start epoch 43.
[2023-03-22 09:45:08] PRINT [03/22 09:45:08 graph]: # Epoch 43: train_loss: 0.4521 | lr: 0.000155
[2023-03-22 09:45:08] PRINT [03/22 09:45:08 graph]: start epoch 44.
[2023-03-22 09:45:08] PRINT [03/22 09:45:08 graph]: # Epoch 44: train_loss: 0.4508 | lr: 0.000155
[2023-03-22 09:45:08] PRINT [03/22 09:45:08 graph]: start epoch 45.
[2023-03-22 09:45:08] PRINT [03/22 09:45:08 graph]: # Epoch 45: train_loss: 0.4491 | lr: 0.000155
[2023-03-22 09:45:08] PRINT [03/22 09:45:08 graph]: start epoch 46.
[2023-03-22 09:45:08] PRINT [03/22 09:45:08 graph]: # Epoch 46: train_loss: 0.4481 | lr: 0.000155
[2023-03-22 09:45:08] PRINT [03/22 09:45:08 graph]: start epoch 47.
[2023-03-22 09:45:09] PRINT [03/22 09:45:09 graph]: # Epoch 47: train_loss: 0.4468 | lr: 0.000155
[2023-03-22 09:45:09] PRINT [03/22 09:45:09 graph]: start epoch 48.
[2023-03-22 09:45:09] PRINT [03/22 09:45:09 graph]: # Epoch 48: train_loss: 0.4455 | lr: 0.000155
[2023-03-22 09:45:09] PRINT [03/22 09:45:09 graph]: start epoch 49.
[2023-03-22 09:45:09] PRINT [03/22 09:45:09 graph]: # Epoch 49: train_loss: 0.4443 | lr: 0.000155
[2023-03-22 09:45:09] PRINT [03/22 09:45:09 graph]: start epoch 50.
[2023-03-22 09:45:09] PRINT [03/22 09:45:09 graph]: # Epoch 50: train_loss: 0.4433 | lr: 0.000155
[2023-03-22 09:45:09] PRINT [03/22 09:45:09 graph]: start epoch 51.
[2023-03-22 09:45:09] PRINT [03/22 09:45:09 graph]: # Epoch 51: train_loss: 0.4423 | lr: 0.000155
[2023-03-22 09:45:16] PRINT [03/22 09:45:16 graph]: --- Testf1: 0.89229, Best Valacc: 0.90036 in epoch 334 --- 
[2023-03-22 09:45:16] PRINT [03/22 09:45:16 graph]: Epoch 51: get test acc score:  0.89229
[2023-03-22 09:45:16] PRINT [03/22 09:45:16 graph]: best_f1 0.89229 at epoch 51
[2023-03-22 09:45:16] PRINT [03/22 09:45:16 graph]: start epoch 52.
[2023-03-22 09:45:16] PRINT [03/22 09:45:16 graph]: # Epoch 52: train_loss: 0.4414 | lr: 0.000155
[2023-03-22 09:45:23] PRINT [03/22 09:45:23 graph]: --- Testf1: 0.89211, Best Valacc: 0.89600 in epoch 436 --- 
[2023-03-22 09:45:24] PRINT [03/22 09:45:24 graph]: Epoch 52: get test acc score:  0.89211
[2023-03-22 09:45:24] PRINT [03/22 09:45:24 graph]: best_f1 0.89229 at epoch 51
[2023-03-22 09:45:24] PRINT [03/22 09:45:24 graph]: start epoch 53.
[2023-03-22 09:45:24] PRINT [03/22 09:45:24 graph]: # Epoch 53: train_loss: 0.4402 | lr: 0.000155
[2023-03-22 09:45:31] PRINT [03/22 09:45:31 graph]: --- Testf1: 0.89229, Best Valacc: 0.90255 in epoch 403 --- 
[2023-03-22 09:45:31] PRINT [03/22 09:45:31 graph]: Epoch 53: get test acc score:  0.89229
[2023-03-22 09:45:31] PRINT [03/22 09:45:31 graph]: best_f1 0.89229 at epoch 51
[2023-03-22 09:45:31] PRINT [03/22 09:45:31 graph]: start epoch 54.
[2023-03-22 09:45:31] PRINT [03/22 09:45:31 graph]: # Epoch 54: train_loss: 0.4396 | lr: 0.000155
[2023-03-22 09:45:38] PRINT [03/22 09:45:38 graph]: --- Testf1: 0.89393, Best Valacc: 0.89891 in epoch 203 --- 
[2023-03-22 09:45:38] PRINT [03/22 09:45:38 graph]: Epoch 54: get test acc score:  0.89393
[2023-03-22 09:45:38] PRINT [03/22 09:45:38 graph]: best_f1 0.89393 at epoch 54
[2023-03-22 09:45:38] PRINT [03/22 09:45:38 graph]: start epoch 55.
[2023-03-22 09:45:39] PRINT [03/22 09:45:39 graph]: # Epoch 55: train_loss: 0.4399 | lr: 0.000155
[2023-03-22 09:45:45] PRINT [03/22 09:45:45 graph]: --- Testf1: 0.89456, Best Valacc: 0.90036 in epoch 348 --- 
[2023-03-22 09:45:46] PRINT [03/22 09:45:46 graph]: Epoch 55: get test acc score:  0.89456
[2023-03-22 09:45:46] PRINT [03/22 09:45:46 graph]: best_f1 0.89456 at epoch 55
[2023-03-22 09:45:46] PRINT [03/22 09:45:46 graph]: start epoch 56.
[2023-03-22 09:45:46] PRINT [03/22 09:45:46 graph]: # Epoch 56: train_loss: 0.4371 | lr: 0.000155
[2023-03-22 09:45:53] PRINT [03/22 09:45:53 graph]: --- Testf1: 0.89093, Best Valacc: 0.89891 in epoch 301 --- 
[2023-03-22 09:45:53] PRINT [03/22 09:45:53 graph]: Epoch 56: get test acc score:  0.89093
[2023-03-22 09:45:53] PRINT [03/22 09:45:53 graph]: best_f1 0.89456 at epoch 55
[2023-03-22 09:45:53] PRINT [03/22 09:45:53 graph]: start epoch 57.
[2023-03-22 09:45:53] PRINT [03/22 09:45:53 graph]: # Epoch 57: train_loss: 0.4377 | lr: 0.000155
[2023-03-22 09:46:00] PRINT [03/22 09:46:00 graph]: --- Testf1: 0.88984, Best Valacc: 0.90036 in epoch 276 --- 
[2023-03-22 09:46:00] PRINT [03/22 09:46:00 graph]: Epoch 57: get test acc score:  0.88984
[2023-03-22 09:46:00] PRINT [03/22 09:46:00 graph]: best_f1 0.89456 at epoch 55
[2023-03-22 09:46:00] PRINT [03/22 09:46:00 graph]: start epoch 58.
[2023-03-22 09:46:00] PRINT [03/22 09:46:00 graph]: # Epoch 58: train_loss: 0.4382 | lr: 0.000155
[2023-03-22 09:46:07] PRINT [03/22 09:46:07 graph]: --- Testf1: 0.89420, Best Valacc: 0.90255 in epoch 356 --- 
[2023-03-22 09:46:07] PRINT [03/22 09:46:07 graph]: Epoch 58: get test acc score:  0.89420
[2023-03-22 09:46:07] PRINT [03/22 09:46:07 graph]: best_f1 0.89456 at epoch 55
[2023-03-22 09:46:07] PRINT [03/22 09:46:07 graph]: start epoch 59.
[2023-03-22 09:46:07] PRINT [03/22 09:46:07 graph]: # Epoch 59: train_loss: 0.4356 | lr: 0.000155
[2023-03-22 09:46:14] PRINT [03/22 09:46:14 graph]: --- Testf1: 0.89247, Best Valacc: 0.90036 in epoch 333 --- 
[2023-03-22 09:46:15] PRINT [03/22 09:46:15 graph]: Epoch 59: get test acc score:  0.89247
[2023-03-22 09:46:15] PRINT [03/22 09:46:15 graph]: best_f1 0.89456 at epoch 55
[2023-03-22 09:46:15] PRINT [03/22 09:46:15 graph]: start epoch 60.
[2023-03-22 09:46:15] PRINT [03/22 09:46:15 graph]: # Epoch 60: train_loss: 0.4371 | lr: 0.000155
[2023-03-22 09:46:22] PRINT [03/22 09:46:22 graph]: --- Testf1: 0.89611, Best Valacc: 0.90327 in epoch 403 --- 
[2023-03-22 09:46:22] PRINT [03/22 09:46:22 graph]: Epoch 60: get test acc score:  0.89611
[2023-03-22 09:46:22] PRINT [03/22 09:46:22 graph]: best_f1 0.89611 at epoch 60
[2023-03-22 09:46:22] PRINT [03/22 09:46:22 graph]: start epoch 61.
[2023-03-22 09:46:22] PRINT [03/22 09:46:22 graph]: # Epoch 61: train_loss: 0.4335 | lr: 0.000155
[2023-03-22 09:46:29] PRINT [03/22 09:46:29 graph]: --- Testf1: 0.89775, Best Valacc: 0.89818 in epoch 436 --- 
[2023-03-22 09:46:29] PRINT [03/22 09:46:29 graph]: Epoch 61: get test acc score:  0.89775
[2023-03-22 09:46:29] PRINT [03/22 09:46:29 graph]: best_f1 0.89775 at epoch 61
[2023-03-22 09:46:29] PRINT [03/22 09:46:29 graph]: start epoch 62.
[2023-03-22 09:46:30] PRINT [03/22 09:46:30 graph]: # Epoch 62: train_loss: 0.4343 | lr: 0.000155
[2023-03-22 09:46:36] PRINT [03/22 09:46:36 graph]: --- Testf1: 0.89147, Best Valacc: 0.90182 in epoch 349 --- 
[2023-03-22 09:46:37] PRINT [03/22 09:46:37 graph]: Epoch 62: get test acc score:  0.89147
[2023-03-22 09:46:37] PRINT [03/22 09:46:37 graph]: best_f1 0.89775 at epoch 61
[2023-03-22 09:46:37] PRINT [03/22 09:46:37 graph]: start epoch 63.
[2023-03-22 09:46:37] PRINT [03/22 09:46:37 graph]: # Epoch 63: train_loss: 0.4319 | lr: 0.000155
[2023-03-22 09:46:44] PRINT [03/22 09:46:44 graph]: --- Testf1: 0.89493, Best Valacc: 0.89818 in epoch 429 --- 
[2023-03-22 09:46:44] PRINT [03/22 09:46:44 graph]: Epoch 63: get test acc score:  0.89493
[2023-03-22 09:46:44] PRINT [03/22 09:46:44 graph]: best_f1 0.89775 at epoch 61
[2023-03-22 09:46:44] PRINT [03/22 09:46:44 graph]: start epoch 64.
[2023-03-22 09:46:44] PRINT [03/22 09:46:44 graph]: # Epoch 64: train_loss: 0.4342 | lr: 0.000155
[2023-03-22 09:46:51] PRINT [03/22 09:46:51 graph]: --- Testf1: 0.89447, Best Valacc: 0.90255 in epoch 404 --- 
[2023-03-22 09:46:51] PRINT [03/22 09:46:51 graph]: Epoch 64: get test acc score:  0.89447
[2023-03-22 09:46:51] PRINT [03/22 09:46:51 graph]: best_f1 0.89775 at epoch 61
[2023-03-22 09:46:51] PRINT [03/22 09:46:51 graph]: start epoch 65.
[2023-03-22 09:46:51] PRINT [03/22 09:46:51 graph]: # Epoch 65: train_loss: 0.4309 | lr: 0.000155
[2023-03-22 09:46:58] PRINT [03/22 09:46:58 graph]: --- Testf1: 0.89393, Best Valacc: 0.89964 in epoch 229 --- 
[2023-03-22 09:46:59] PRINT [03/22 09:46:59 graph]: Epoch 65: get test acc score:  0.89393
[2023-03-22 09:46:59] PRINT [03/22 09:46:59 graph]: best_f1 0.89775 at epoch 61
[2023-03-22 09:46:59] PRINT [03/22 09:46:59 graph]: start epoch 66.
[2023-03-22 09:46:59] PRINT [03/22 09:46:59 graph]: # Epoch 66: train_loss: 0.4314 | lr: 0.000155
[2023-03-22 09:47:06] PRINT [03/22 09:47:06 graph]: --- Testf1: 0.89166, Best Valacc: 0.90109 in epoch 411 --- 
[2023-03-22 09:47:06] PRINT [03/22 09:47:06 graph]: Epoch 66: get test acc score:  0.89166
[2023-03-22 09:47:06] PRINT [03/22 09:47:06 graph]: best_f1 0.89775 at epoch 61
[2023-03-22 09:47:06] PRINT [03/22 09:47:06 graph]: start epoch 67.
[2023-03-22 09:47:06] PRINT [03/22 09:47:06 graph]: # Epoch 67: train_loss: 0.4291 | lr: 0.000155
[2023-03-22 09:47:13] PRINT [03/22 09:47:13 graph]: --- Testf1: 0.89711, Best Valacc: 0.90036 in epoch 188 --- 
[2023-03-22 09:47:13] PRINT [03/22 09:47:13 graph]: Epoch 67: get test acc score:  0.89711
[2023-03-22 09:47:13] PRINT [03/22 09:47:13 graph]: best_f1 0.89775 at epoch 61
[2023-03-22 09:47:13] PRINT [03/22 09:47:13 graph]: start epoch 68.
[2023-03-22 09:47:13] PRINT [03/22 09:47:13 graph]: # Epoch 68: train_loss: 0.4298 | lr: 0.000155
[2023-03-22 09:47:20] PRINT [03/22 09:47:20 graph]: --- Testf1: 0.89511, Best Valacc: 0.90182 in epoch 357 --- 
[2023-03-22 09:47:21] PRINT [03/22 09:47:21 graph]: Epoch 68: get test acc score:  0.89511
[2023-03-22 09:47:21] PRINT [03/22 09:47:21 graph]: best_f1 0.89775 at epoch 61
[2023-03-22 09:47:21] PRINT [03/22 09:47:21 graph]: start epoch 69.
[2023-03-22 09:47:21] PRINT [03/22 09:47:21 graph]: # Epoch 69: train_loss: 0.4274 | lr: 0.000155
[2023-03-22 09:47:27] PRINT [03/22 09:47:27 graph]: --- Testf1: 0.89666, Best Valacc: 0.90255 in epoch 363 --- 
[2023-03-22 09:47:28] PRINT [03/22 09:47:28 graph]: Epoch 69: get test acc score:  0.89666
[2023-03-22 09:47:28] PRINT [03/22 09:47:28 graph]: best_f1 0.89775 at epoch 61
[2023-03-22 09:47:28] PRINT [03/22 09:47:28 graph]: start epoch 70.
[2023-03-22 09:47:28] PRINT [03/22 09:47:28 graph]: # Epoch 70: train_loss: 0.4281 | lr: 0.000155
[2023-03-22 09:47:35] PRINT [03/22 09:47:35 graph]: --- Testf1: 0.89611, Best Valacc: 0.90036 in epoch 354 --- 
[2023-03-22 09:47:35] PRINT [03/22 09:47:35 graph]: Epoch 70: get test acc score:  0.89611
[2023-03-22 09:47:35] PRINT [03/22 09:47:35 graph]: best_f1 0.89775 at epoch 61
[2023-03-22 09:47:35] PRINT [03/22 09:47:35 graph]: start epoch 71.
[2023-03-22 09:47:35] PRINT [03/22 09:47:35 graph]: # Epoch 71: train_loss: 0.4264 | lr: 0.000155
[2023-03-22 09:47:42] PRINT [03/22 09:47:42 graph]: --- Testf1: 0.89638, Best Valacc: 0.90109 in epoch 297 --- 
[2023-03-22 09:47:42] PRINT [03/22 09:47:42 graph]: Epoch 71: get test acc score:  0.89638
[2023-03-22 09:47:42] PRINT [03/22 09:47:42 graph]: best_f1 0.89775 at epoch 61
[2023-03-22 09:47:42] PRINT [03/22 09:47:42 graph]: start epoch 72.
[2023-03-22 09:47:43] PRINT [03/22 09:47:43 graph]: # Epoch 72: train_loss: 0.4257 | lr: 0.000155
[2023-03-22 09:47:49] PRINT [03/22 09:47:49 graph]: --- Testf1: 0.89702, Best Valacc: 0.90036 in epoch 202 --- 
[2023-03-22 09:47:50] PRINT [03/22 09:47:50 graph]: Epoch 72: get test acc score:  0.89702
[2023-03-22 09:47:50] PRINT [03/22 09:47:50 graph]: best_f1 0.89775 at epoch 61
[2023-03-22 09:47:50] PRINT [03/22 09:47:50 graph]: start epoch 73.
[2023-03-22 09:47:50] PRINT [03/22 09:47:50 graph]: # Epoch 73: train_loss: 0.4254 | lr: 0.000155
[2023-03-22 09:47:57] PRINT [03/22 09:47:57 graph]: --- Testf1: 0.89584, Best Valacc: 0.90327 in epoch 206 --- 
[2023-03-22 09:47:57] PRINT [03/22 09:47:57 graph]: Epoch 73: get test acc score:  0.89584
[2023-03-22 09:47:57] PRINT [03/22 09:47:57 graph]: best_f1 0.89775 at epoch 61
[2023-03-22 09:47:57] PRINT [03/22 09:47:57 graph]: start epoch 74.
[2023-03-22 09:47:57] PRINT [03/22 09:47:57 graph]: # Epoch 74: train_loss: 0.4244 | lr: 0.000155
[2023-03-22 09:48:04] PRINT [03/22 09:48:04 graph]: --- Testf1: 0.89347, Best Valacc: 0.90545 in epoch 494 --- 
[2023-03-22 09:48:04] PRINT [03/22 09:48:04 graph]: Epoch 74: get test acc score:  0.89347
[2023-03-22 09:48:04] PRINT [03/22 09:48:04 graph]: best_f1 0.89775 at epoch 61
[2023-03-22 09:48:04] PRINT [03/22 09:48:04 graph]: start epoch 75.
[2023-03-22 09:48:04] PRINT [03/22 09:48:04 graph]: # Epoch 75: train_loss: 0.4243 | lr: 0.000155
[2023-03-22 09:48:11] PRINT [03/22 09:48:11 graph]: --- Testf1: 0.89456, Best Valacc: 0.90400 in epoch 223 --- 
[2023-03-22 09:48:12] PRINT [03/22 09:48:12 graph]: Epoch 75: get test acc score:  0.89456
[2023-03-22 09:48:12] PRINT [03/22 09:48:12 graph]: best_f1 0.89775 at epoch 61
[2023-03-22 09:48:12] PRINT [03/22 09:48:12 graph]: start epoch 76.
[2023-03-22 09:48:12] PRINT [03/22 09:48:12 graph]: # Epoch 76: train_loss: 0.4237 | lr: 0.000155
[2023-03-22 09:48:19] PRINT [03/22 09:48:19 graph]: --- Testf1: 0.89393, Best Valacc: 0.90182 in epoch 381 --- 
[2023-03-22 09:48:19] PRINT [03/22 09:48:19 graph]: Epoch 76: get test acc score:  0.89393
[2023-03-22 09:48:19] PRINT [03/22 09:48:19 graph]: best_f1 0.89775 at epoch 61
[2023-03-22 09:48:19] PRINT [03/22 09:48:19 graph]: start epoch 77.
[2023-03-22 09:48:19] PRINT [03/22 09:48:19 graph]: # Epoch 77: train_loss: 0.4228 | lr: 0.000155
[2023-03-22 09:48:26] PRINT [03/22 09:48:26 graph]: --- Testf1: 0.89493, Best Valacc: 0.90182 in epoch 354 --- 
[2023-03-22 09:48:27] PRINT [03/22 09:48:27 graph]: Epoch 77: get test acc score:  0.89493
[2023-03-22 09:48:27] PRINT [03/22 09:48:27 graph]: best_f1 0.89775 at epoch 61
[2023-03-22 09:48:27] PRINT [03/22 09:48:27 graph]: start epoch 78.
[2023-03-22 09:48:27] PRINT [03/22 09:48:27 graph]: # Epoch 78: train_loss: 0.4229 | lr: 0.000155
[2023-03-22 09:48:34] PRINT [03/22 09:48:34 graph]: --- Testf1: 0.89575, Best Valacc: 0.90545 in epoch 330 --- 
[2023-03-22 09:48:34] PRINT [03/22 09:48:34 graph]: Epoch 78: get test acc score:  0.89575
[2023-03-22 09:48:34] PRINT [03/22 09:48:34 graph]: best_f1 0.89775 at epoch 61
[2023-03-22 09:48:34] PRINT [03/22 09:48:34 graph]: start epoch 79.
[2023-03-22 09:48:34] PRINT [03/22 09:48:34 graph]: # Epoch 79: train_loss: 0.4218 | lr: 0.000155
[2023-03-22 09:48:41] PRINT [03/22 09:48:41 graph]: --- Testf1: 0.89511, Best Valacc: 0.90255 in epoch 295 --- 
[2023-03-22 09:48:41] PRINT [03/22 09:48:41 graph]: Epoch 79: get test acc score:  0.89511
[2023-03-22 09:48:41] PRINT [03/22 09:48:41 graph]: best_f1 0.89775 at epoch 61
[2023-03-22 09:48:41] PRINT [03/22 09:48:41 graph]: start epoch 80.
[2023-03-22 09:48:41] PRINT [03/22 09:48:41 graph]: # Epoch 80: train_loss: 0.4220 | lr: 0.000155
[2023-03-22 09:48:48] PRINT [03/22 09:48:48 graph]: --- Testf1: 0.89502, Best Valacc: 0.90182 in epoch 388 --- 
[2023-03-22 09:48:48] PRINT [03/22 09:48:48 graph]: Epoch 80: get test acc score:  0.89502
[2023-03-22 09:48:48] PRINT [03/22 09:48:48 graph]: best_f1 0.89775 at epoch 61
[2023-03-22 09:48:48] PRINT [03/22 09:48:48 graph]: start epoch 81.
[2023-03-22 09:48:48] PRINT [03/22 09:48:48 graph]: # Epoch 81: train_loss: 0.4205 | lr: 0.000155
[2023-03-22 09:48:54] PRINT [03/22 09:48:54 graph]: --- Testf1: 0.89638, Best Valacc: 0.90400 in epoch 289 --- 
[2023-03-22 09:48:54] PRINT [03/22 09:48:54 graph]: Epoch 81: get test acc score:  0.89638
[2023-03-22 09:48:54] PRINT [03/22 09:48:54 graph]: best_f1 0.89775 at epoch 61
[2023-03-22 09:48:54] PRINT [03/22 09:48:54 graph]: start epoch 82.
[2023-03-22 09:48:54] PRINT [03/22 09:48:54 graph]: # Epoch 82: train_loss: 0.4209 | lr: 0.000155
[2023-03-22 09:48:58] PRINT [03/22 09:48:58 graph]: --- Testf1: 0.89238, Best Valacc: 0.90109 in epoch 332 --- 
[2023-03-22 09:48:59] PRINT [03/22 09:48:59 graph]: Epoch 82: get test acc score:  0.89238
[2023-03-22 09:48:59] PRINT [03/22 09:48:59 graph]: best_f1 0.89775 at epoch 61
[2023-03-22 09:48:59] PRINT [03/22 09:48:59 graph]: start epoch 83.
[2023-03-22 09:48:59] PRINT [03/22 09:48:59 graph]: # Epoch 83: train_loss: 0.4198 | lr: 0.000155
[2023-03-22 09:49:03] PRINT [03/22 09:49:03 graph]: --- Testf1: 0.89620, Best Valacc: 0.90255 in epoch 329 --- 
[2023-03-22 09:49:03] PRINT [03/22 09:49:03 graph]: Epoch 83: get test acc score:  0.89620
[2023-03-22 09:49:03] PRINT [03/22 09:49:03 graph]: best_f1 0.89775 at epoch 61
[2023-03-22 09:49:03] PRINT [03/22 09:49:03 graph]: start epoch 84.
[2023-03-22 09:49:03] PRINT [03/22 09:49:03 graph]: # Epoch 84: train_loss: 0.4194 | lr: 0.000155
[2023-03-22 09:49:11] PRINT [03/22 09:49:11 graph]: --- Testf1: 0.89493, Best Valacc: 0.90618 in epoch 342 --- 
[2023-03-22 09:49:11] PRINT [03/22 09:49:11 graph]: Epoch 84: get test acc score:  0.89493
[2023-03-22 09:49:11] PRINT [03/22 09:49:11 graph]: best_f1 0.89775 at epoch 61
[2023-03-22 09:49:11] PRINT [03/22 09:49:11 graph]: start epoch 85.
[2023-03-22 09:49:11] PRINT [03/22 09:49:11 graph]: # Epoch 85: train_loss: 0.4192 | lr: 0.000155
[2023-03-22 09:49:20] PRINT [03/22 09:49:20 graph]: --- Testf1: 0.89484, Best Valacc: 0.90545 in epoch 483 --- 
[2023-03-22 09:49:21] PRINT [03/22 09:49:21 graph]: Epoch 85: get test acc score:  0.89484
[2023-03-22 09:49:21] PRINT [03/22 09:49:21 graph]: best_f1 0.89775 at epoch 61
[2023-03-22 09:49:21] PRINT [03/22 09:49:21 graph]: start epoch 86.
[2023-03-22 09:49:21] PRINT [03/22 09:49:21 graph]: # Epoch 86: train_loss: 0.4178 | lr: 0.000155
[2023-03-22 09:49:28] PRINT [03/22 09:49:28 graph]: --- Testf1: 0.89347, Best Valacc: 0.89891 in epoch 393 --- 
[2023-03-22 09:49:28] PRINT [03/22 09:49:28 graph]: Epoch 86: get test acc score:  0.89347
[2023-03-22 09:49:28] PRINT [03/22 09:49:28 graph]: best_f1 0.89775 at epoch 61
[2023-03-22 09:49:28] PRINT [03/22 09:49:28 graph]: start epoch 87.
[2023-03-22 09:49:28] PRINT [03/22 09:49:28 graph]: # Epoch 87: train_loss: 0.4177 | lr: 0.000155
[2023-03-22 09:49:35] PRINT [03/22 09:49:35 graph]: --- Testf1: 0.89402, Best Valacc: 0.90473 in epoch 355 --- 
[2023-03-22 09:49:36] PRINT [03/22 09:49:36 graph]: Epoch 87: get test acc score:  0.89402
[2023-03-22 09:49:36] PRINT [03/22 09:49:36 graph]: best_f1 0.89775 at epoch 61
[2023-03-22 09:49:36] PRINT [03/22 09:49:36 graph]: start epoch 88.
[2023-03-22 09:49:36] PRINT [03/22 09:49:36 graph]: # Epoch 88: train_loss: 0.4172 | lr: 0.000155
[2023-03-22 09:49:43] PRINT [03/22 09:49:43 graph]: --- Testf1: 0.89420, Best Valacc: 0.90400 in epoch 237 --- 
[2023-03-22 09:49:43] PRINT [03/22 09:49:43 graph]: Epoch 88: get test acc score:  0.89420
[2023-03-22 09:49:43] PRINT [03/22 09:49:43 graph]: best_f1 0.89775 at epoch 61
[2023-03-22 09:49:43] PRINT [03/22 09:49:43 graph]: start epoch 89.
[2023-03-22 09:49:43] PRINT [03/22 09:49:43 graph]: # Epoch 89: train_loss: 0.4168 | lr: 0.000155
[2023-03-22 09:49:50] PRINT [03/22 09:49:50 graph]: --- Testf1: 0.89375, Best Valacc: 0.90473 in epoch 359 --- 
[2023-03-22 09:49:50] PRINT [03/22 09:49:50 graph]: Epoch 89: get test acc score:  0.89375
[2023-03-22 09:49:50] PRINT [03/22 09:49:50 graph]: best_f1 0.89775 at epoch 61
[2023-03-22 09:49:50] PRINT [03/22 09:49:50 graph]: start epoch 90.
[2023-03-22 09:49:51] PRINT [03/22 09:49:51 graph]: # Epoch 90: train_loss: 0.4162 | lr: 0.000155
[2023-03-22 09:49:58] PRINT [03/22 09:49:58 graph]: --- Testf1: 0.89402, Best Valacc: 0.90036 in epoch 266 --- 
[2023-03-22 09:49:58] PRINT [03/22 09:49:58 graph]: Epoch 90: get test acc score:  0.89402
[2023-03-22 09:49:58] PRINT [03/22 09:49:58 graph]: best_f1 0.89775 at epoch 61
[2023-03-22 09:49:58] PRINT [03/22 09:49:58 graph]: start epoch 91.
[2023-03-22 09:49:58] PRINT [03/22 09:49:58 graph]: # Epoch 91: train_loss: 0.4164 | lr: 0.000155
[2023-03-22 09:50:05] PRINT [03/22 09:50:05 graph]: --- Testf1: 0.89120, Best Valacc: 0.90473 in epoch 422 --- 
[2023-03-22 09:50:05] PRINT [03/22 09:50:05 graph]: Epoch 91: get test acc score:  0.89120
[2023-03-22 09:50:05] PRINT [03/22 09:50:05 graph]: best_f1 0.89775 at epoch 61
[2023-03-22 09:50:05] PRINT [03/22 09:50:05 graph]: start epoch 92.
[2023-03-22 09:50:05] PRINT [03/22 09:50:05 graph]: # Epoch 92: train_loss: 0.4150 | lr: 0.000155
[2023-03-22 09:50:13] PRINT [03/22 09:50:13 graph]: --- Testf1: 0.89547, Best Valacc: 0.90036 in epoch 290 --- 
[2023-03-22 09:50:13] PRINT [03/22 09:50:13 graph]: Epoch 92: get test acc score:  0.89547
[2023-03-22 09:50:13] PRINT [03/22 09:50:13 graph]: best_f1 0.89775 at epoch 61
[2023-03-22 09:50:13] PRINT [03/22 09:50:13 graph]: start epoch 93.
[2023-03-22 09:50:13] PRINT [03/22 09:50:13 graph]: # Epoch 93: train_loss: 0.4143 | lr: 0.000155
[2023-03-22 09:50:20] PRINT [03/22 09:50:20 graph]: --- Testf1: 0.89347, Best Valacc: 0.90691 in epoch 382 --- 
[2023-03-22 09:50:21] PRINT [03/22 09:50:21 graph]: Epoch 93: get test acc score:  0.89347
[2023-03-22 09:50:21] PRINT [03/22 09:50:21 graph]: best_f1 0.89775 at epoch 61
[2023-03-22 09:50:21] PRINT [03/22 09:50:21 graph]: start epoch 94.
[2023-03-22 09:50:21] PRINT [03/22 09:50:21 graph]: # Epoch 94: train_loss: 0.4140 | lr: 0.000155
[2023-03-22 09:50:28] PRINT [03/22 09:50:28 graph]: --- Testf1: 0.89484, Best Valacc: 0.90109 in epoch 371 --- 
[2023-03-22 09:50:28] PRINT [03/22 09:50:28 graph]: Epoch 94: get test acc score:  0.89484
[2023-03-22 09:50:28] PRINT [03/22 09:50:28 graph]: best_f1 0.89775 at epoch 61
[2023-03-22 09:50:28] PRINT [03/22 09:50:28 graph]: start epoch 95.
[2023-03-22 09:50:28] PRINT [03/22 09:50:28 graph]: # Epoch 95: train_loss: 0.4144 | lr: 0.000155
[2023-03-22 09:50:35] PRINT [03/22 09:50:35 graph]: --- Testf1: 0.89329, Best Valacc: 0.90182 in epoch 404 --- 
[2023-03-22 09:50:36] PRINT [03/22 09:50:36 graph]: Epoch 95: get test acc score:  0.89329
[2023-03-22 09:50:36] PRINT [03/22 09:50:36 graph]: best_f1 0.89775 at epoch 61
[2023-03-22 09:50:36] PRINT [03/22 09:50:36 graph]: start epoch 96.
[2023-03-22 09:50:36] PRINT [03/22 09:50:36 graph]: # Epoch 96: train_loss: 0.4129 | lr: 0.000155
[2023-03-22 09:50:43] PRINT [03/22 09:50:43 graph]: --- Testf1: 0.89520, Best Valacc: 0.89818 in epoch 239 --- 
[2023-03-22 09:50:43] PRINT [03/22 09:50:43 graph]: Epoch 96: get test acc score:  0.89520
[2023-03-22 09:50:43] PRINT [03/22 09:50:43 graph]: best_f1 0.89775 at epoch 61
[2023-03-22 09:50:43] PRINT [03/22 09:50:43 graph]: start epoch 97.
[2023-03-22 09:50:43] PRINT [03/22 09:50:43 graph]: # Epoch 97: train_loss: 0.4135 | lr: 0.000155
[2023-03-22 09:50:51] PRINT [03/22 09:50:51 graph]: --- Testf1: 0.89429, Best Valacc: 0.89891 in epoch 445 --- 
[2023-03-22 09:50:51] PRINT [03/22 09:50:51 graph]: Epoch 97: get test acc score:  0.89429
[2023-03-22 09:50:51] PRINT [03/22 09:50:51 graph]: best_f1 0.89775 at epoch 61
[2023-03-22 09:50:51] PRINT [03/22 09:50:51 graph]: start epoch 98.
[2023-03-22 09:50:51] PRINT [03/22 09:50:51 graph]: # Epoch 98: train_loss: 0.4124 | lr: 0.000155
[2023-03-22 09:50:58] PRINT [03/22 09:50:58 graph]: --- Testf1: 0.89329, Best Valacc: 0.90327 in epoch 308 --- 
[2023-03-22 09:50:59] PRINT [03/22 09:50:59 graph]: Epoch 98: get test acc score:  0.89329
[2023-03-22 09:50:59] PRINT [03/22 09:50:59 graph]: best_f1 0.89775 at epoch 61
[2023-03-22 09:50:59] PRINT [03/22 09:50:59 graph]: start epoch 99.
[2023-03-22 09:50:59] PRINT [03/22 09:50:59 graph]: # Epoch 99: train_loss: 0.4126 | lr: 0.000155
[2023-03-22 09:51:06] PRINT [03/22 09:51:06 graph]: --- Testf1: 0.89438, Best Valacc: 0.90109 in epoch 281 --- 
[2023-03-22 09:51:06] PRINT [03/22 09:51:06 graph]: Epoch 99: get test acc score:  0.89438
[2023-03-22 09:51:06] PRINT [03/22 09:51:06 graph]: best_f1 0.89775 at epoch 61
[2023-03-22 09:51:06] PRINT [03/22 09:51:06 graph]: # final_acc: 0.89775±0.00000
