[2023-03-05 21:29:47] PRINT ---new cfg------
[2023-03-05 21:29:47] PRINT {'DATA': {'data_name': 'MUTAG', 'deg4feat': True}, 'DATALOADER': {'NUM_WORKERS': 0, 'BATCH_SIZE': 32}, 'MODEL': {'num_hidden': 512, 'num_layers': 2, 'nhead': 2, 'activation': 'prelu', 'attn_drop': 0.5, 'feat_drop': 0.4, 'norm': 'layernorm', 'pooler': 'mean', 'beta_schedule': 'linear', 'beta_1': 0.0001521136946626697, 'beta_T': 0.014296504886874228, 'T': 988}, 'SOLVER': {'optim_type': 'adamw', 'optim_type_f': 'adamw', 'alpha': 1, 'decay': 40, 'LR': 0.0004328077301330907, 'weight_decay': 0.0005, 'MAX_EPOCH': 50}, 'DEVICE': 'cuda', 'seeds': [11], 'eval_T': [50, 100, 200], 'output_dir': '/root/autodl-tmp/ddm-nni/MUTAG/log', 'checkpoint_dir': '/root/autodl-tmp/ddm-nni/MUTAG/log/checkpoint'}
[2023-03-05 21:29:47] PRINT [03/05 21:29:47 graph]: Rank of current process: 0. World size: 1
[2023-03-05 21:29:51] PRINT [03/05 21:29:51 graph]: Environment info:
[2023-03-05 21:29:51] PRINT PyTorch version: 1.10.0+cu113
[2023-03-05 21:29:51] PRINT Is debug build: False
[2023-03-05 21:29:51] PRINT CUDA used to build PyTorch: 11.3
[2023-03-05 21:29:51] PRINT ROCM used to build PyTorch: N/A
[2023-03-05 21:29:51] PRINT 
[2023-03-05 21:29:51] PRINT OS: Ubuntu 20.04.3 LTS (x86_64)
[2023-03-05 21:29:51] PRINT GCC version: (Ubuntu 9.3.0-17ubuntu1~20.04) 9.3.0
[2023-03-05 21:29:51] PRINT Clang version: Could not collect
[2023-03-05 21:29:51] PRINT CMake version: version 3.16.3
[2023-03-05 21:29:51] PRINT Libc version: glibc-2.31
[2023-03-05 21:29:51] PRINT 
[2023-03-05 21:29:51] PRINT Python version: 3.8.10 (default, Jun  4 2021, 15:09:15)  [GCC 7.5.0] (64-bit runtime)
[2023-03-05 21:29:51] PRINT Python platform: Linux-5.4.0-90-generic-x86_64-with-glibc2.17
[2023-03-05 21:29:51] PRINT Is CUDA available: True
[2023-03-05 21:29:51] PRINT CUDA runtime version: 11.3.109
[2023-03-05 21:29:51] PRINT GPU models and configuration: GPU 0: NVIDIA GeForce RTX 3090
[2023-03-05 21:29:51] PRINT Nvidia driver version: 495.44
[2023-03-05 21:29:51] PRINT cuDNN version: Probably one of the following:
[2023-03-05 21:29:51] PRINT /usr/lib/x86_64-linux-gnu/libcudnn.so.8.2.0
[2023-03-05 21:29:51] PRINT /usr/lib/x86_64-linux-gnu/libcudnn_adv_infer.so.8.2.0
[2023-03-05 21:29:51] PRINT /usr/lib/x86_64-linux-gnu/libcudnn_adv_train.so.8.2.0
[2023-03-05 21:29:51] PRINT /usr/lib/x86_64-linux-gnu/libcudnn_cnn_infer.so.8.2.0
[2023-03-05 21:29:51] PRINT /usr/lib/x86_64-linux-gnu/libcudnn_cnn_train.so.8.2.0
[2023-03-05 21:29:51] PRINT /usr/lib/x86_64-linux-gnu/libcudnn_ops_infer.so.8.2.0
[2023-03-05 21:29:51] PRINT /usr/lib/x86_64-linux-gnu/libcudnn_ops_train.so.8.2.0
[2023-03-05 21:29:51] PRINT HIP runtime version: N/A
[2023-03-05 21:29:51] PRINT MIOpen runtime version: N/A
[2023-03-05 21:29:51] PRINT 
[2023-03-05 21:29:51] PRINT Versions of relevant libraries:
[2023-03-05 21:29:51] PRINT [pip3] numpy==1.23.5
[2023-03-05 21:29:51] PRINT [pip3] torch==1.10.0+cu113
[2023-03-05 21:29:51] PRINT [pip3] torchvision==0.11.1+cu113
[2023-03-05 21:29:51] PRINT [conda] blas                      1.0                         mkl    https://mirrors.ustc.edu.cn/anaconda/pkgs/main
[2023-03-05 21:29:51] PRINT [conda] mkl                       2021.4.0           h06a4308_640    https://mirrors.ustc.edu.cn/anaconda/pkgs/main
[2023-03-05 21:29:51] PRINT [conda] mkl-service               2.4.0            py38h7f8727e_0    https://mirrors.ustc.edu.cn/anaconda/pkgs/main
[2023-03-05 21:29:51] PRINT [conda] mkl_fft                   1.3.1            py38hd3c417c_0    https://mirrors.ustc.edu.cn/anaconda/pkgs/main
[2023-03-05 21:29:51] PRINT [conda] mkl_random                1.2.2            py38h51133e4_0    https://mirrors.ustc.edu.cn/anaconda/pkgs/main
[2023-03-05 21:29:51] PRINT [conda] numpy                     1.21.4                   pypi_0    pypi
[2023-03-05 21:29:51] PRINT [conda] numpy-base                1.23.5           py38h31eccc5_0    https://mirrors.ustc.edu.cn/anaconda/pkgs/main
[2023-03-05 21:29:51] PRINT [conda] torch                     1.10.0+cu113             pypi_0    pypi
[2023-03-05 21:29:51] PRINT [conda] torchvision               0.11.1+cu113             pypi_0    pypi
[2023-03-05 21:29:51] PRINT         Pillow (8.4.0)
[2023-03-05 21:29:51] PRINT [03/05 21:29:51 graph]: Command line arguments: Namespace(local_rank=0, resume=False, seed=1234, start_epoch=0)
[2023-03-05 21:29:51] PRINT Using degree as node features
[2023-03-05 21:29:51] PRINT ******** # Num Graphs: 188, # Num Feat: 5, # Num Classes: 2 ********
[2023-03-05 21:29:51] PRINT [03/05 21:29:51 graph]: Run 0th for seed 11
[2023-03-05 21:29:51] PRINT [03/05 21:29:51 graph]: Total trainable params num : 5247087
[2023-03-05 21:29:56] PRINT [03/05 21:29:56 graph]: ----------Start Training----------
[2023-03-05 21:29:57] PRINT [03/05 21:29:57 graph]: Epoch 0 | train_loss: 1.0362 | lr: 0.000433
[2023-03-05 21:29:57] PRINT [03/05 21:29:57 graph]: Epoch 1 | train_loss: 0.9864 | lr: 0.000433
[2023-03-05 21:29:58] PRINT [03/05 21:29:58 graph]: Epoch 2 | train_loss: 0.9433 | lr: 0.000433
[2023-03-05 21:30:01] PRINT [03/05 21:30:01 graph]: #Test_f1: 0.8026±0.0687
[2023-03-05 21:30:02] PRINT [03/05 21:30:02 graph]: Epoch 2: get test f1 score:  0.803
[2023-03-05 21:30:02] PRINT [03/05 21:30:02 graph]: best_f1 0.803 at epoch 2
[2023-03-05 21:30:02] PRINT [03/05 21:30:02 graph]: Epoch 3 | train_loss: 0.9289 | lr: 0.000433
[2023-03-05 21:30:05] PRINT [03/05 21:30:05 graph]: #Test_f1: 0.7757±0.0846
[2023-03-05 21:30:05] PRINT [03/05 21:30:05 graph]: Epoch 3: get test f1 score:  0.776
[2023-03-05 21:30:05] PRINT [03/05 21:30:05 graph]: best_f1 0.803 at epoch 2
[2023-03-05 21:30:05] PRINT [03/05 21:30:05 graph]: Epoch 4 | train_loss: 0.8720 | lr: 0.000433
[2023-03-05 21:30:08] PRINT [03/05 21:30:08 graph]: #Test_f1: 0.7977±0.0708
[2023-03-05 21:30:08] PRINT [03/05 21:30:08 graph]: Epoch 4: get test f1 score:  0.798
[2023-03-05 21:30:08] PRINT [03/05 21:30:08 graph]: best_f1 0.803 at epoch 2
[2023-03-05 21:30:09] PRINT [03/05 21:30:09 graph]: Epoch 5 | train_loss: 0.8070 | lr: 0.000433
[2023-03-05 21:30:12] PRINT [03/05 21:30:12 graph]: #Test_f1: 0.7822±0.0763
[2023-03-05 21:30:12] PRINT [03/05 21:30:12 graph]: Epoch 5: get test f1 score:  0.782
[2023-03-05 21:30:12] PRINT [03/05 21:30:12 graph]: best_f1 0.803 at epoch 2
[2023-03-05 21:30:12] PRINT [03/05 21:30:12 graph]: Epoch 6 | train_loss: 0.7911 | lr: 0.000433
[2023-03-05 21:30:15] PRINT [03/05 21:30:15 graph]: #Test_f1: 0.7664±0.0820
[2023-03-05 21:30:15] PRINT [03/05 21:30:15 graph]: Epoch 6: get test f1 score:  0.766
[2023-03-05 21:30:15] PRINT [03/05 21:30:15 graph]: best_f1 0.803 at epoch 2
[2023-03-05 21:30:16] PRINT [03/05 21:30:16 graph]: Epoch 7 | train_loss: 0.7733 | lr: 0.000433
[2023-03-05 21:30:19] PRINT [03/05 21:30:19 graph]: #Test_f1: 0.7933±0.0748
[2023-03-05 21:30:19] PRINT [03/05 21:30:19 graph]: Epoch 7: get test f1 score:  0.793
[2023-03-05 21:30:19] PRINT [03/05 21:30:19 graph]: best_f1 0.803 at epoch 2
[2023-03-05 21:30:19] PRINT [03/05 21:30:19 graph]: Epoch 8 | train_loss: 0.7318 | lr: 0.000433
[2023-03-05 21:30:22] PRINT [03/05 21:30:22 graph]: #Test_f1: 0.7936±0.0946
[2023-03-05 21:30:23] PRINT [03/05 21:30:23 graph]: Epoch 8: get test f1 score:  0.794
[2023-03-05 21:30:23] PRINT [03/05 21:30:23 graph]: best_f1 0.803 at epoch 2
[2023-03-05 21:30:23] PRINT [03/05 21:30:23 graph]: Epoch 9 | train_loss: 0.7256 | lr: 0.000433
[2023-03-05 21:30:26] PRINT [03/05 21:30:26 graph]: #Test_f1: 0.8301±0.0731
[2023-03-05 21:30:26] PRINT [03/05 21:30:26 graph]: Epoch 9: get test f1 score:  0.830
[2023-03-05 21:30:26] PRINT [03/05 21:30:26 graph]: best_f1 0.830 at epoch 9
[2023-03-05 21:30:26] PRINT [03/05 21:30:26 graph]: Epoch 10 | train_loss: 0.6855 | lr: 0.000433
[2023-03-05 21:30:30] PRINT [03/05 21:30:30 graph]: #Test_f1: 0.8026±0.0841
[2023-03-05 21:30:30] PRINT [03/05 21:30:30 graph]: Epoch 10: get test f1 score:  0.803
[2023-03-05 21:30:30] PRINT [03/05 21:30:30 graph]: best_f1 0.830 at epoch 9
[2023-03-05 21:30:30] PRINT [03/05 21:30:30 graph]: Epoch 11 | train_loss: 0.6979 | lr: 0.000433
[2023-03-05 21:30:34] PRINT [03/05 21:30:34 graph]: #Test_f1: 0.8137±0.0799
[2023-03-05 21:30:34] PRINT [03/05 21:30:34 graph]: Epoch 11: get test f1 score:  0.814
[2023-03-05 21:30:34] PRINT [03/05 21:30:34 graph]: best_f1 0.830 at epoch 9
[2023-03-05 21:30:34] PRINT [03/05 21:30:34 graph]: Epoch 12 | train_loss: 0.6736 | lr: 0.000433
[2023-03-05 21:30:38] PRINT [03/05 21:30:38 graph]: #Test_f1: 0.8246±0.0814
[2023-03-05 21:30:38] PRINT [03/05 21:30:38 graph]: Epoch 12: get test f1 score:  0.825
[2023-03-05 21:30:38] PRINT [03/05 21:30:38 graph]: best_f1 0.830 at epoch 9
[2023-03-05 21:30:39] PRINT [03/05 21:30:39 graph]: Epoch 13 | train_loss: 0.6797 | lr: 0.000433
[2023-03-05 21:30:42] PRINT [03/05 21:30:42 graph]: #Test_f1: 0.8196±0.0526
[2023-03-05 21:30:42] PRINT [03/05 21:30:42 graph]: Epoch 13: get test f1 score:  0.820
[2023-03-05 21:30:42] PRINT [03/05 21:30:42 graph]: best_f1 0.830 at epoch 9
[2023-03-05 21:30:42] PRINT [03/05 21:30:42 graph]: Epoch 14 | train_loss: 0.6630 | lr: 0.000433
[2023-03-05 21:30:46] PRINT [03/05 21:30:46 graph]: #Test_f1: 0.8348±0.0732
[2023-03-05 21:30:46] PRINT [03/05 21:30:46 graph]: Epoch 14: get test f1 score:  0.835
[2023-03-05 21:30:46] PRINT [03/05 21:30:46 graph]: best_f1 0.835 at epoch 14
[2023-03-05 21:30:46] PRINT [03/05 21:30:46 graph]: Epoch 15 | train_loss: 0.6553 | lr: 0.000433
[2023-03-05 21:30:50] PRINT [03/05 21:30:50 graph]: #Test_f1: 0.8298±0.0934
[2023-03-05 21:30:50] PRINT [03/05 21:30:50 graph]: Epoch 15: get test f1 score:  0.830
[2023-03-05 21:30:50] PRINT [03/05 21:30:50 graph]: best_f1 0.835 at epoch 14
[2023-03-05 21:30:50] PRINT [03/05 21:30:50 graph]: Epoch 16 | train_loss: 0.6456 | lr: 0.000433
[2023-03-05 21:30:53] PRINT [03/05 21:30:53 graph]: #Test_f1: 0.8035±0.0569
[2023-03-05 21:30:54] PRINT [03/05 21:30:54 graph]: Epoch 16: get test f1 score:  0.804
[2023-03-05 21:30:54] PRINT [03/05 21:30:54 graph]: best_f1 0.835 at epoch 14
[2023-03-05 21:30:54] PRINT [03/05 21:30:54 graph]: Epoch 17 | train_loss: 0.6507 | lr: 0.000433
[2023-03-05 21:30:57] PRINT [03/05 21:30:57 graph]: #Test_f1: 0.7930±0.0673
[2023-03-05 21:30:58] PRINT [03/05 21:30:58 graph]: Epoch 17: get test f1 score:  0.793
[2023-03-05 21:30:58] PRINT [03/05 21:30:58 graph]: best_f1 0.835 at epoch 14
[2023-03-05 21:30:58] PRINT [03/05 21:30:58 graph]: Epoch 18 | train_loss: 0.6385 | lr: 0.000433
[2023-03-05 21:31:02] PRINT [03/05 21:31:02 graph]: #Test_f1: 0.7930±0.0751
[2023-03-05 21:31:02] PRINT [03/05 21:31:02 graph]: Epoch 18: get test f1 score:  0.793
[2023-03-05 21:31:02] PRINT [03/05 21:31:02 graph]: best_f1 0.835 at epoch 14
[2023-03-05 21:31:02] PRINT [03/05 21:31:02 graph]: Epoch 19 | train_loss: 0.6556 | lr: 0.000433
[2023-03-05 21:31:06] PRINT [03/05 21:31:06 graph]: #Test_f1: 0.7822±0.0790
[2023-03-05 21:31:06] PRINT [03/05 21:31:06 graph]: Epoch 19: get test f1 score:  0.782
[2023-03-05 21:31:06] PRINT [03/05 21:31:06 graph]: best_f1 0.835 at epoch 14
[2023-03-05 21:31:06] PRINT [03/05 21:31:06 graph]: Epoch 20 | train_loss: 0.6304 | lr: 0.000433
[2023-03-05 21:31:10] PRINT [03/05 21:31:10 graph]: #Test_f1: 0.7655±0.0805
[2023-03-05 21:31:10] PRINT [03/05 21:31:10 graph]: Epoch 20: get test f1 score:  0.765
[2023-03-05 21:31:10] PRINT [03/05 21:31:10 graph]: best_f1 0.835 at epoch 14
[2023-03-05 21:31:10] PRINT [03/05 21:31:10 graph]: Epoch 21 | train_loss: 0.6442 | lr: 0.000433
[2023-03-05 21:31:14] PRINT [03/05 21:31:14 graph]: #Test_f1: 0.7713±0.0709
[2023-03-05 21:31:14] PRINT [03/05 21:31:14 graph]: Epoch 21: get test f1 score:  0.771
[2023-03-05 21:31:14] PRINT [03/05 21:31:14 graph]: best_f1 0.835 at epoch 14
[2023-03-05 21:31:14] PRINT [03/05 21:31:14 graph]: Epoch 22 | train_loss: 0.6163 | lr: 0.000433
[2023-03-05 21:31:18] PRINT [03/05 21:31:18 graph]: #Test_f1: 0.7655±0.0766
[2023-03-05 21:31:18] PRINT [03/05 21:31:18 graph]: Epoch 22: get test f1 score:  0.765
[2023-03-05 21:31:18] PRINT [03/05 21:31:18 graph]: best_f1 0.835 at epoch 14
[2023-03-05 21:31:18] PRINT [03/05 21:31:18 graph]: Epoch 23 | train_loss: 0.6304 | lr: 0.000433
[2023-03-05 21:31:21] PRINT [03/05 21:31:21 graph]: #Test_f1: 0.7868±0.0719
[2023-03-05 21:31:22] PRINT [03/05 21:31:22 graph]: Epoch 23: get test f1 score:  0.787
[2023-03-05 21:31:22] PRINT [03/05 21:31:22 graph]: best_f1 0.835 at epoch 14
[2023-03-05 21:31:22] PRINT [03/05 21:31:22 graph]: Epoch 24 | train_loss: 0.6443 | lr: 0.000433
[2023-03-05 21:31:25] PRINT [03/05 21:31:25 graph]: #Test_f1: 0.8135±0.0606
[2023-03-05 21:31:26] PRINT [03/05 21:31:26 graph]: Epoch 24: get test f1 score:  0.813
[2023-03-05 21:31:26] PRINT [03/05 21:31:26 graph]: best_f1 0.835 at epoch 14
[2023-03-05 21:31:26] PRINT [03/05 21:31:26 graph]: Epoch 25 | train_loss: 0.6184 | lr: 0.000433
[2023-03-05 21:31:30] PRINT [03/05 21:31:30 graph]: #Test_f1: 0.8351±0.0684
[2023-03-05 21:31:30] PRINT [03/05 21:31:30 graph]: Epoch 25: get test f1 score:  0.835
[2023-03-05 21:31:30] PRINT [03/05 21:31:30 graph]: best_f1 0.835 at epoch 25
[2023-03-05 21:31:30] PRINT [03/05 21:31:30 graph]: Epoch 26 | train_loss: 0.5904 | lr: 0.000433
[2023-03-05 21:31:34] PRINT [03/05 21:31:34 graph]: #Test_f1: 0.8082±0.0641
[2023-03-05 21:31:34] PRINT [03/05 21:31:34 graph]: Epoch 26: get test f1 score:  0.808
[2023-03-05 21:31:34] PRINT [03/05 21:31:34 graph]: best_f1 0.835 at epoch 25
[2023-03-05 21:31:35] PRINT [03/05 21:31:35 graph]: Epoch 27 | train_loss: 0.6176 | lr: 0.000433
[2023-03-05 21:31:38] PRINT [03/05 21:31:38 graph]: #Test_f1: 0.8295±0.0880
[2023-03-05 21:31:39] PRINT [03/05 21:31:39 graph]: Epoch 27: get test f1 score:  0.830
[2023-03-05 21:31:39] PRINT [03/05 21:31:39 graph]: best_f1 0.835 at epoch 25
[2023-03-05 21:31:39] PRINT [03/05 21:31:39 graph]: Epoch 28 | train_loss: 0.6493 | lr: 0.000433
[2023-03-05 21:31:42] PRINT [03/05 21:31:42 graph]: #Test_f1: 0.7655±0.0766
[2023-03-05 21:31:42] PRINT [03/05 21:31:42 graph]: Epoch 28: get test f1 score:  0.765
[2023-03-05 21:31:42] PRINT [03/05 21:31:42 graph]: best_f1 0.835 at epoch 25
[2023-03-05 21:31:43] PRINT [03/05 21:31:43 graph]: Epoch 29 | train_loss: 0.6741 | lr: 0.000433
[2023-03-05 21:31:46] PRINT [03/05 21:31:46 graph]: #Test_f1: 0.7863±0.0667
[2023-03-05 21:31:46] PRINT [03/05 21:31:46 graph]: Epoch 29: get test f1 score:  0.786
[2023-03-05 21:31:46] PRINT [03/05 21:31:46 graph]: best_f1 0.835 at epoch 25
[2023-03-05 21:31:46] PRINT [03/05 21:31:46 graph]: Epoch 30 | train_loss: 0.6480 | lr: 0.000433
[2023-03-05 21:31:49] PRINT [03/05 21:31:49 graph]: #Test_f1: 0.7977±0.0523
[2023-03-05 21:31:50] PRINT [03/05 21:31:50 graph]: Epoch 30: get test f1 score:  0.798
[2023-03-05 21:31:50] PRINT [03/05 21:31:50 graph]: best_f1 0.835 at epoch 25
[2023-03-05 21:31:50] PRINT [03/05 21:31:50 graph]: Epoch 31 | train_loss: 0.6348 | lr: 0.000433
[2023-03-05 21:31:53] PRINT [03/05 21:31:53 graph]: #Test_f1: 0.7868±0.0592
[2023-03-05 21:31:54] PRINT [03/05 21:31:54 graph]: Epoch 31: get test f1 score:  0.787
[2023-03-05 21:31:54] PRINT [03/05 21:31:54 graph]: best_f1 0.835 at epoch 25
[2023-03-05 21:31:54] PRINT [03/05 21:31:54 graph]: Epoch 32 | train_loss: 0.6502 | lr: 0.000433
[2023-03-05 21:31:57] PRINT [03/05 21:31:57 graph]: #Test_f1: 0.8515±0.0559
[2023-03-05 21:31:58] PRINT [03/05 21:31:58 graph]: Epoch 32: get test f1 score:  0.851
[2023-03-05 21:31:58] PRINT [03/05 21:31:58 graph]: best_f1 0.851 at epoch 32
[2023-03-05 21:31:58] PRINT [03/05 21:31:58 graph]: Epoch 33 | train_loss: 0.6844 | lr: 0.000433
[2023-03-05 21:32:02] PRINT [03/05 21:32:02 graph]: #Test_f1: 0.8193±0.0537
[2023-03-05 21:32:02] PRINT [03/05 21:32:02 graph]: Epoch 33: get test f1 score:  0.819
[2023-03-05 21:32:02] PRINT [03/05 21:32:02 graph]: best_f1 0.851 at epoch 32
[2023-03-05 21:32:02] PRINT [03/05 21:32:02 graph]: Epoch 34 | train_loss: 0.6573 | lr: 0.000433
[2023-03-05 21:32:06] PRINT [03/05 21:32:06 graph]: #Test_f1: 0.7769±0.0556
[2023-03-05 21:32:06] PRINT [03/05 21:32:06 graph]: Epoch 34: get test f1 score:  0.777
[2023-03-05 21:32:06] PRINT [03/05 21:32:06 graph]: best_f1 0.851 at epoch 32
[2023-03-05 21:32:06] PRINT [03/05 21:32:06 graph]: Epoch 35 | train_loss: 0.6265 | lr: 0.000433
[2023-03-05 21:32:10] PRINT [03/05 21:32:10 graph]: #Test_f1: 0.8193±0.0537
[2023-03-05 21:32:10] PRINT [03/05 21:32:10 graph]: Epoch 35: get test f1 score:  0.819
[2023-03-05 21:32:10] PRINT [03/05 21:32:10 graph]: best_f1 0.851 at epoch 32
[2023-03-05 21:32:10] PRINT [03/05 21:32:10 graph]: Epoch 36 | train_loss: 0.5983 | lr: 0.000433
[2023-03-05 21:32:14] PRINT [03/05 21:32:14 graph]: #Test_f1: 0.7661±0.1003
[2023-03-05 21:32:14] PRINT [03/05 21:32:14 graph]: Epoch 36: get test f1 score:  0.766
[2023-03-05 21:32:14] PRINT [03/05 21:32:14 graph]: best_f1 0.851 at epoch 32
[2023-03-05 21:32:14] PRINT [03/05 21:32:14 graph]: Epoch 37 | train_loss: 0.5984 | lr: 0.000433
[2023-03-05 21:32:17] PRINT [03/05 21:32:17 graph]: #Test_f1: 0.8091±0.0778
[2023-03-05 21:32:18] PRINT [03/05 21:32:18 graph]: Epoch 37: get test f1 score:  0.809
[2023-03-05 21:32:18] PRINT [03/05 21:32:18 graph]: best_f1 0.851 at epoch 32
[2023-03-05 21:32:18] PRINT [03/05 21:32:18 graph]: Epoch 38 | train_loss: 0.6090 | lr: 0.000433
[2023-03-05 21:32:21] PRINT [03/05 21:32:21 graph]: #Test_f1: 0.8143±0.0745
[2023-03-05 21:32:21] PRINT [03/05 21:32:21 graph]: Epoch 38: get test f1 score:  0.814
[2023-03-05 21:32:21] PRINT [03/05 21:32:21 graph]: best_f1 0.851 at epoch 32
[2023-03-05 21:32:22] PRINT [03/05 21:32:22 graph]: Epoch 39 | train_loss: 0.6453 | lr: 0.000433
[2023-03-05 21:32:25] PRINT [03/05 21:32:25 graph]: #Test_f1: 0.8784±0.0465
[2023-03-05 21:32:25] PRINT [03/05 21:32:25 graph]: Epoch 39: get test f1 score:  0.878
[2023-03-05 21:32:25] PRINT [03/05 21:32:25 graph]: best_f1 0.878 at epoch 39
[2023-03-05 21:32:25] PRINT [03/05 21:32:25 graph]: Epoch 40 | train_loss: 0.6138 | lr: 0.000433
[2023-03-05 21:32:29] PRINT [03/05 21:32:29 graph]: #Test_f1: 0.8623±0.0474
[2023-03-05 21:32:29] PRINT [03/05 21:32:29 graph]: Epoch 40: get test f1 score:  0.862
[2023-03-05 21:32:29] PRINT [03/05 21:32:29 graph]: best_f1 0.878 at epoch 39
[2023-03-05 21:32:30] PRINT [03/05 21:32:30 graph]: Epoch 41 | train_loss: 0.6151 | lr: 0.000433
[2023-03-05 21:32:33] PRINT [03/05 21:32:33 graph]: #Test_f1: 0.7772±0.0646
[2023-03-05 21:32:33] PRINT [03/05 21:32:33 graph]: Epoch 41: get test f1 score:  0.777
[2023-03-05 21:32:33] PRINT [03/05 21:32:33 graph]: best_f1 0.878 at epoch 39
[2023-03-05 21:32:34] PRINT [03/05 21:32:34 graph]: Epoch 42 | train_loss: 0.5899 | lr: 0.000433
[2023-03-05 21:32:37] PRINT [03/05 21:32:37 graph]: #Test_f1: 0.7822±0.0755
[2023-03-05 21:32:37] PRINT [03/05 21:32:37 graph]: Epoch 42: get test f1 score:  0.782
[2023-03-05 21:32:37] PRINT [03/05 21:32:37 graph]: best_f1 0.878 at epoch 39
[2023-03-05 21:32:38] PRINT [03/05 21:32:38 graph]: Epoch 43 | train_loss: 0.5633 | lr: 0.000433
[2023-03-05 21:32:41] PRINT [03/05 21:32:41 graph]: #Test_f1: 0.8035±0.0704
[2023-03-05 21:32:41] PRINT [03/05 21:32:41 graph]: Epoch 43: get test f1 score:  0.804
[2023-03-05 21:32:41] PRINT [03/05 21:32:41 graph]: best_f1 0.878 at epoch 39
[2023-03-05 21:32:42] PRINT [03/05 21:32:42 graph]: Epoch 44 | train_loss: 0.5454 | lr: 0.000433
[2023-03-05 21:32:45] PRINT [03/05 21:32:45 graph]: #Test_f1: 0.7927±0.0720
[2023-03-05 21:32:45] PRINT [03/05 21:32:45 graph]: Epoch 44: get test f1 score:  0.793
[2023-03-05 21:32:45] PRINT [03/05 21:32:45 graph]: best_f1 0.878 at epoch 39
[2023-03-05 21:32:45] PRINT [03/05 21:32:45 graph]: Epoch 45 | train_loss: 0.5499 | lr: 0.000433
[2023-03-05 21:32:49] PRINT [03/05 21:32:49 graph]: #Test_f1: 0.8354±0.0958
[2023-03-05 21:32:49] PRINT [03/05 21:32:49 graph]: Epoch 45: get test f1 score:  0.835
[2023-03-05 21:32:49] PRINT [03/05 21:32:49 graph]: best_f1 0.878 at epoch 39
[2023-03-05 21:32:49] PRINT [03/05 21:32:49 graph]: Epoch 46 | train_loss: 0.5385 | lr: 0.000433
[2023-03-05 21:32:52] PRINT [03/05 21:32:52 graph]: #Test_f1: 0.8196±0.0918
[2023-03-05 21:32:53] PRINT [03/05 21:32:53 graph]: Epoch 46: get test f1 score:  0.820
[2023-03-05 21:32:53] PRINT [03/05 21:32:53 graph]: best_f1 0.878 at epoch 39
[2023-03-05 21:32:53] PRINT [03/05 21:32:53 graph]: Epoch 47 | train_loss: 0.5368 | lr: 0.000433
[2023-03-05 21:32:56] PRINT [03/05 21:32:56 graph]: #Test_f1: 0.8193±0.0788
[2023-03-05 21:32:56] PRINT [03/05 21:32:56 graph]: Epoch 47: get test f1 score:  0.819
[2023-03-05 21:32:56] PRINT [03/05 21:32:56 graph]: best_f1 0.878 at epoch 39
[2023-03-05 21:32:57] PRINT [03/05 21:32:57 graph]: Epoch 48 | train_loss: 0.5309 | lr: 0.000433
[2023-03-05 21:33:00] PRINT [03/05 21:33:00 graph]: #Test_f1: 0.8143±0.0888
[2023-03-05 21:33:00] PRINT [03/05 21:33:00 graph]: Epoch 48: get test f1 score:  0.814
[2023-03-05 21:33:00] PRINT [03/05 21:33:00 graph]: best_f1 0.878 at epoch 39
[2023-03-05 21:33:01] PRINT [03/05 21:33:01 graph]: Epoch 49 | train_loss: 0.5458 | lr: 0.000433
[2023-03-05 21:33:04] PRINT [03/05 21:33:04 graph]: #Test_f1: 0.8091±0.0787
[2023-03-05 21:33:05] PRINT [03/05 21:33:05 graph]: Epoch 49: get test f1 score:  0.809
[2023-03-05 21:33:05] PRINT [03/05 21:33:05 graph]: best_f1 0.878 at epoch 39
[2023-03-05 21:33:05] PRINT [03/05 21:33:05 graph]: # final_acc: 0.8784±0.0000
