[2023-03-21 17:11:46] PRINT ---new cfg------
[2023-03-21 17:11:46] PRINT {'DATA': {'data_name': 'pubmed'}, 'DATALOADER': {'NUM_WORKERS': 0}, 'MODEL': {'num_hidden': 512, 'num_layers': 2, 'nhead': 4, 'activation': 'prelu', 'attn_drop': 0.2, 'feat_drop': 0.2, 'norm': 'layernorm', 'pooler': 'mean', 'beta_schedule': 'quad', 'beta_1': 0.00044721115893790736, 'beta_T': 0.0870397486747334, 'T': 290}, 'SOLVER': {'optim_type': 'adam', 'optim_type_f': 'adamw', 'alpha': 1, 'decay': 20, 'LR': 0.00024352585724755606, 'LR_f': 0.0010533414888709712, 'weight_decay': 0, 'weight_decay_f': 0.00025569214745366345, 'MAX_EPOCH': 100, 'max_epoch_f': 100}, 'DEVICE': 'cuda', 'seeds': [0], 'eval_T': [50, 100, 200], 'output_dir': '/ddm-nni/PubMed/log', 'checkpoint_dir': '/ddm-nni/PubMed/log/checkpoint'}
[2023-03-21 17:11:46] PRINT [03/21 17:11:46 graph]: Rank of current process: 0. World size: 1
[2023-03-21 17:11:49] PRINT [03/21 17:11:49 graph]: Environment info:
[2023-03-21 17:11:49] PRINT PyTorch version: 1.10.0+cu113
[2023-03-21 17:11:49] PRINT Is debug build: False
[2023-03-21 17:11:49] PRINT CUDA used to build PyTorch: 11.3
[2023-03-21 17:11:49] PRINT ROCM used to build PyTorch: N/A
[2023-03-21 17:11:49] PRINT 
[2023-03-21 17:11:49] PRINT OS: Ubuntu 20.04.3 LTS (x86_64)
[2023-03-21 17:11:49] PRINT GCC version: (Ubuntu 9.3.0-17ubuntu1~20.04) 9.3.0
[2023-03-21 17:11:49] PRINT Clang version: Could not collect
[2023-03-21 17:11:49] PRINT CMake version: version 3.16.3
[2023-03-21 17:11:49] PRINT Libc version: glibc-2.31
[2023-03-21 17:11:49] PRINT 
[2023-03-21 17:11:49] PRINT Python version: 3.8.10 (default, Jun  4 2021, 15:09:15)  [GCC 7.5.0] (64-bit runtime)
[2023-03-21 17:11:49] PRINT Python platform: Linux-5.4.0-90-generic-x86_64-with-glibc2.17
[2023-03-21 17:11:49] PRINT Is CUDA available: True
[2023-03-21 17:11:49] PRINT CUDA runtime version: 11.3.109
[2023-03-21 17:11:49] PRINT GPU models and configuration: GPU 0: NVIDIA GeForce RTX 3090
[2023-03-21 17:11:49] PRINT Nvidia driver version: 495.44
[2023-03-21 17:11:49] PRINT cuDNN version: Probably one of the following:
[2023-03-21 17:11:49] PRINT /usr/lib/x86_64-linux-gnu/libcudnn.so.8.2.0
[2023-03-21 17:11:49] PRINT /usr/lib/x86_64-linux-gnu/libcudnn_adv_infer.so.8.2.0
[2023-03-21 17:11:49] PRINT /usr/lib/x86_64-linux-gnu/libcudnn_adv_train.so.8.2.0
[2023-03-21 17:11:49] PRINT /usr/lib/x86_64-linux-gnu/libcudnn_cnn_infer.so.8.2.0
[2023-03-21 17:11:49] PRINT /usr/lib/x86_64-linux-gnu/libcudnn_cnn_train.so.8.2.0
[2023-03-21 17:11:49] PRINT /usr/lib/x86_64-linux-gnu/libcudnn_ops_infer.so.8.2.0
[2023-03-21 17:11:49] PRINT /usr/lib/x86_64-linux-gnu/libcudnn_ops_train.so.8.2.0
[2023-03-21 17:11:49] PRINT HIP runtime version: N/A
[2023-03-21 17:11:49] PRINT MIOpen runtime version: N/A
[2023-03-21 17:11:49] PRINT 
[2023-03-21 17:11:49] PRINT Versions of relevant libraries:
[2023-03-21 17:11:49] PRINT [pip3] numpy==1.23.5
[2023-03-21 17:11:49] PRINT [pip3] torch==1.10.0+cu113
[2023-03-21 17:11:49] PRINT [pip3] torchvision==0.11.1+cu113
[2023-03-21 17:11:49] PRINT [conda] blas                      1.0                         mkl    https://mirrors.ustc.edu.cn/anaconda/pkgs/main
[2023-03-21 17:11:49] PRINT [conda] mkl                       2021.4.0           h06a4308_640    https://mirrors.ustc.edu.cn/anaconda/pkgs/main
[2023-03-21 17:11:49] PRINT [conda] mkl-service               2.4.0            py38h7f8727e_0    https://mirrors.ustc.edu.cn/anaconda/pkgs/main
[2023-03-21 17:11:49] PRINT [conda] mkl_fft                   1.3.1            py38hd3c417c_0    https://mirrors.ustc.edu.cn/anaconda/pkgs/main
[2023-03-21 17:11:49] PRINT [conda] mkl_random                1.2.2            py38h51133e4_0    https://mirrors.ustc.edu.cn/anaconda/pkgs/main
[2023-03-21 17:11:49] PRINT [conda] numpy                     1.21.4                   pypi_0    pypi
[2023-03-21 17:11:49] PRINT [conda] numpy-base                1.23.5           py38h31eccc5_0    https://mirrors.ustc.edu.cn/anaconda/pkgs/main
[2023-03-21 17:11:49] PRINT [conda] torch                     1.10.0+cu113             pypi_0    pypi
[2023-03-21 17:11:49] PRINT [conda] torchvision               0.11.1+cu113             pypi_0    pypi
[2023-03-21 17:11:49] PRINT         Pillow (8.4.0)
[2023-03-21 17:11:49] PRINT [03/21 17:11:49 graph]: Command line arguments: Namespace(local_rank=0, resume=False, seed=1234, start_epoch=0)
[2023-03-21 17:11:50] PRINT   NumNodes: 19717
[2023-03-21 17:11:50] PRINT   NumEdges: 88651
[2023-03-21 17:11:50] PRINT   NumFeats: 500
[2023-03-21 17:11:50] PRINT   NumClasses: 3
[2023-03-21 17:11:50] PRINT   NumTrainingSamples: 60
[2023-03-21 17:11:50] PRINT   NumValidationSamples: 500
[2023-03-21 17:11:50] PRINT   NumTestSamples: 1000
[2023-03-21 17:11:50] PRINT Done loading data from cached files.
[2023-03-21 17:11:50] PRINT [03/21 17:11:50 graph]: Run 0th for seed 0
[2023-03-21 17:11:50] PRINT [03/21 17:11:50 graph]: Total trainable params num : 6402926
[2023-03-21 17:11:54] PRINT [03/21 17:11:54 graph]: ----------Start Training----------
[2023-03-21 17:11:54] PRINT [03/21 17:11:54 graph]: start epoch 0.
[2023-03-21 17:11:55] PRINT [03/21 17:11:55 graph]: # Epoch 0: train_loss: 1.0033 | lr: 0.000244
[2023-03-21 17:11:55] PRINT [03/21 17:11:55 graph]: start epoch 1.
[2023-03-21 17:11:55] PRINT [03/21 17:11:55 graph]: # Epoch 1: train_loss: 0.8773 | lr: 0.000244
[2023-03-21 17:11:55] PRINT [03/21 17:11:55 graph]: start epoch 2.
[2023-03-21 17:11:55] PRINT [03/21 17:11:55 graph]: # Epoch 2: train_loss: 0.8168 | lr: 0.000244
[2023-03-21 17:11:55] PRINT [03/21 17:11:55 graph]: start epoch 3.
[2023-03-21 17:11:55] PRINT [03/21 17:11:55 graph]: # Epoch 3: train_loss: 0.7770 | lr: 0.000244
[2023-03-21 17:11:55] PRINT [03/21 17:11:55 graph]: start epoch 4.
[2023-03-21 17:11:55] PRINT [03/21 17:11:55 graph]: # Epoch 4: train_loss: 0.7444 | lr: 0.000244
[2023-03-21 17:11:55] PRINT [03/21 17:11:55 graph]: start epoch 5.
[2023-03-21 17:11:55] PRINT [03/21 17:11:55 graph]: # Epoch 5: train_loss: 0.7126 | lr: 0.000244
[2023-03-21 17:11:55] PRINT [03/21 17:11:55 graph]: start epoch 6.
[2023-03-21 17:11:55] PRINT [03/21 17:11:55 graph]: # Epoch 6: train_loss: 0.6818 | lr: 0.000244
[2023-03-21 17:11:55] PRINT [03/21 17:11:55 graph]: start epoch 7.
[2023-03-21 17:11:55] PRINT [03/21 17:11:55 graph]: # Epoch 7: train_loss: 0.6627 | lr: 0.000244
[2023-03-21 17:11:55] PRINT [03/21 17:11:55 graph]: start epoch 8.
[2023-03-21 17:11:55] PRINT [03/21 17:11:55 graph]: # Epoch 8: train_loss: 0.6428 | lr: 0.000244
[2023-03-21 17:11:55] PRINT [03/21 17:11:55 graph]: start epoch 9.
[2023-03-21 17:11:55] PRINT [03/21 17:11:55 graph]: # Epoch 9: train_loss: 0.6247 | lr: 0.000244
[2023-03-21 17:11:55] PRINT [03/21 17:11:55 graph]: start epoch 10.
[2023-03-21 17:11:55] PRINT [03/21 17:11:55 graph]: # Epoch 10: train_loss: 0.6089 | lr: 0.000244
[2023-03-21 17:11:55] PRINT [03/21 17:11:55 graph]: start epoch 11.
[2023-03-21 17:11:55] PRINT [03/21 17:11:55 graph]: # Epoch 11: train_loss: 0.5955 | lr: 0.000244
[2023-03-21 17:11:56] PRINT [03/21 17:11:56 graph]: --- Testf1: 0.78800, Best Valacc: 0.81600 in epoch 57 --- 
[2023-03-21 17:11:56] PRINT [03/21 17:11:56 graph]: Epoch 11: get test acc score:  0.788
[2023-03-21 17:11:56] PRINT [03/21 17:11:56 graph]: best_f1 0.788 at epoch 11
[2023-03-21 17:11:56] PRINT [03/21 17:11:56 graph]: start epoch 12.
[2023-03-21 17:11:56] PRINT [03/21 17:11:56 graph]: # Epoch 12: train_loss: 0.5833 | lr: 0.000244
[2023-03-21 17:11:57] PRINT [03/21 17:11:57 graph]: --- Testf1: 0.78900, Best Valacc: 0.81400 in epoch 62 --- 
[2023-03-21 17:11:58] PRINT [03/21 17:11:58 graph]: Epoch 12: get test acc score:  0.789
[2023-03-21 17:11:58] PRINT [03/21 17:11:58 graph]: best_f1 0.789 at epoch 12
[2023-03-21 17:11:58] PRINT [03/21 17:11:58 graph]: start epoch 13.
[2023-03-21 17:11:58] PRINT [03/21 17:11:58 graph]: # Epoch 13: train_loss: 0.5703 | lr: 0.000244
[2023-03-21 17:11:58] PRINT [03/21 17:11:58 graph]: --- Testf1: 0.79000, Best Valacc: 0.79800 in epoch 81 --- 
[2023-03-21 17:11:59] PRINT [03/21 17:11:59 graph]: Epoch 13: get test acc score:  0.790
[2023-03-21 17:11:59] PRINT [03/21 17:11:59 graph]: best_f1 0.790 at epoch 13
[2023-03-21 17:11:59] PRINT [03/21 17:11:59 graph]: start epoch 14.
[2023-03-21 17:11:59] PRINT [03/21 17:11:59 graph]: # Epoch 14: train_loss: 0.5606 | lr: 0.000244
[2023-03-21 17:12:00] PRINT [03/21 17:12:00 graph]: --- Testf1: 0.78900, Best Valacc: 0.82600 in epoch 99 --- 
[2023-03-21 17:12:00] PRINT [03/21 17:12:00 graph]: Epoch 14: get test acc score:  0.789
[2023-03-21 17:12:00] PRINT [03/21 17:12:00 graph]: best_f1 0.790 at epoch 13
[2023-03-21 17:12:00] PRINT [03/21 17:12:00 graph]: start epoch 15.
[2023-03-21 17:12:00] PRINT [03/21 17:12:00 graph]: # Epoch 15: train_loss: 0.5492 | lr: 0.000244
[2023-03-21 17:12:01] PRINT [03/21 17:12:01 graph]: --- Testf1: 0.79000, Best Valacc: 0.82400 in epoch 23 --- 
[2023-03-21 17:12:02] PRINT [03/21 17:12:02 graph]: Epoch 15: get test acc score:  0.790
[2023-03-21 17:12:02] PRINT [03/21 17:12:02 graph]: best_f1 0.790 at epoch 13
[2023-03-21 17:12:02] PRINT [03/21 17:12:02 graph]: start epoch 16.
[2023-03-21 17:12:02] PRINT [03/21 17:12:02 graph]: # Epoch 16: train_loss: 0.5403 | lr: 0.000244
[2023-03-21 17:12:03] PRINT [03/21 17:12:03 graph]: --- Testf1: 0.78700, Best Valacc: 0.81600 in epoch 8 --- 
[2023-03-21 17:12:03] PRINT [03/21 17:12:03 graph]: Epoch 16: get test acc score:  0.787
[2023-03-21 17:12:03] PRINT [03/21 17:12:03 graph]: best_f1 0.790 at epoch 13
[2023-03-21 17:12:03] PRINT [03/21 17:12:03 graph]: start epoch 17.
[2023-03-21 17:12:03] PRINT [03/21 17:12:03 graph]: # Epoch 17: train_loss: 0.5304 | lr: 0.000244
[2023-03-21 17:12:04] PRINT [03/21 17:12:04 graph]: --- Testf1: 0.79200, Best Valacc: 0.80400 in epoch 59 --- 
[2023-03-21 17:12:04] PRINT [03/21 17:12:04 graph]: Epoch 17: get test acc score:  0.792
[2023-03-21 17:12:04] PRINT [03/21 17:12:04 graph]: best_f1 0.792 at epoch 17
[2023-03-21 17:12:04] PRINT [03/21 17:12:04 graph]: start epoch 18.
[2023-03-21 17:12:04] PRINT [03/21 17:12:04 graph]: # Epoch 18: train_loss: 0.5221 | lr: 0.000244
[2023-03-21 17:12:05] PRINT [03/21 17:12:05 graph]: --- Testf1: 0.79300, Best Valacc: 0.82400 in epoch 7 --- 
[2023-03-21 17:12:06] PRINT [03/21 17:12:06 graph]: Epoch 18: get test acc score:  0.793
[2023-03-21 17:12:06] PRINT [03/21 17:12:06 graph]: best_f1 0.793 at epoch 18
[2023-03-21 17:12:06] PRINT [03/21 17:12:06 graph]: start epoch 19.
[2023-03-21 17:12:06] PRINT [03/21 17:12:06 graph]: # Epoch 19: train_loss: 0.5123 | lr: 0.000244
[2023-03-21 17:12:07] PRINT [03/21 17:12:07 graph]: --- Testf1: 0.79900, Best Valacc: 0.81600 in epoch 6 --- 
[2023-03-21 17:12:07] PRINT [03/21 17:12:07 graph]: Epoch 19: get test acc score:  0.799
[2023-03-21 17:12:07] PRINT [03/21 17:12:07 graph]: best_f1 0.799 at epoch 19
[2023-03-21 17:12:07] PRINT [03/21 17:12:07 graph]: start epoch 20.
[2023-03-21 17:12:07] PRINT [03/21 17:12:07 graph]: # Epoch 20: train_loss: 0.5042 | lr: 0.000244
[2023-03-21 17:12:08] PRINT [03/21 17:12:08 graph]: --- Testf1: 0.80000, Best Valacc: 0.81800 in epoch 47 --- 
[2023-03-21 17:12:08] PRINT [03/21 17:12:08 graph]: Epoch 20: get test acc score:  0.800
[2023-03-21 17:12:08] PRINT [03/21 17:12:08 graph]: best_f1 0.800 at epoch 20
[2023-03-21 17:12:08] PRINT [03/21 17:12:08 graph]: start epoch 21.
[2023-03-21 17:12:08] PRINT [03/21 17:12:08 graph]: # Epoch 21: train_loss: 0.4972 | lr: 0.000244
[2023-03-21 17:12:09] PRINT [03/21 17:12:09 graph]: --- Testf1: 0.80600, Best Valacc: 0.82400 in epoch 7 --- 
[2023-03-21 17:12:10] PRINT [03/21 17:12:10 graph]: Epoch 21: get test acc score:  0.806
[2023-03-21 17:12:10] PRINT [03/21 17:12:10 graph]: best_f1 0.806 at epoch 21
[2023-03-21 17:12:10] PRINT [03/21 17:12:10 graph]: start epoch 22.
[2023-03-21 17:12:10] PRINT [03/21 17:12:10 graph]: # Epoch 22: train_loss: 0.4889 | lr: 0.000244
[2023-03-21 17:12:11] PRINT [03/21 17:12:11 graph]: --- Testf1: 0.79500, Best Valacc: 0.81200 in epoch 22 --- 
[2023-03-21 17:12:11] PRINT [03/21 17:12:11 graph]: Epoch 22: get test acc score:  0.795
[2023-03-21 17:12:11] PRINT [03/21 17:12:11 graph]: best_f1 0.806 at epoch 21
[2023-03-21 17:12:11] PRINT [03/21 17:12:11 graph]: start epoch 23.
[2023-03-21 17:12:11] PRINT [03/21 17:12:11 graph]: # Epoch 23: train_loss: 0.4814 | lr: 0.000244
[2023-03-21 17:12:12] PRINT [03/21 17:12:12 graph]: --- Testf1: 0.80700, Best Valacc: 0.83400 in epoch 5 --- 
[2023-03-21 17:12:12] PRINT [03/21 17:12:12 graph]: Epoch 23: get test acc score:  0.807
[2023-03-21 17:12:12] PRINT [03/21 17:12:12 graph]: best_f1 0.807 at epoch 23
[2023-03-21 17:12:12] PRINT [03/21 17:12:12 graph]: start epoch 24.
[2023-03-21 17:12:12] PRINT [03/21 17:12:12 graph]: # Epoch 24: train_loss: 0.4758 | lr: 0.000244
[2023-03-21 17:12:13] PRINT [03/21 17:12:13 graph]: --- Testf1: 0.82100, Best Valacc: 0.82000 in epoch 5 --- 
[2023-03-21 17:12:14] PRINT [03/21 17:12:14 graph]: Epoch 24: get test acc score:  0.821
[2023-03-21 17:12:14] PRINT [03/21 17:12:14 graph]: best_f1 0.821 at epoch 24
[2023-03-21 17:12:14] PRINT [03/21 17:12:14 graph]: start epoch 25.
[2023-03-21 17:12:14] PRINT [03/21 17:12:14 graph]: # Epoch 25: train_loss: 0.4699 | lr: 0.000244
[2023-03-21 17:12:15] PRINT [03/21 17:12:15 graph]: --- Testf1: 0.80100, Best Valacc: 0.81000 in epoch 9 --- 
[2023-03-21 17:12:15] PRINT [03/21 17:12:15 graph]: Epoch 25: get test acc score:  0.801
[2023-03-21 17:12:15] PRINT [03/21 17:12:15 graph]: best_f1 0.821 at epoch 24
[2023-03-21 17:12:15] PRINT [03/21 17:12:15 graph]: start epoch 26.
[2023-03-21 17:12:15] PRINT [03/21 17:12:15 graph]: # Epoch 26: train_loss: 0.4642 | lr: 0.000244
[2023-03-21 17:12:16] PRINT [03/21 17:12:16 graph]: --- Testf1: 0.81600, Best Valacc: 0.82800 in epoch 7 --- 
[2023-03-21 17:12:16] PRINT [03/21 17:12:16 graph]: Epoch 26: get test acc score:  0.816
[2023-03-21 17:12:16] PRINT [03/21 17:12:16 graph]: best_f1 0.821 at epoch 24
[2023-03-21 17:12:16] PRINT [03/21 17:12:16 graph]: start epoch 27.
[2023-03-21 17:12:17] PRINT [03/21 17:12:17 graph]: # Epoch 27: train_loss: 0.4607 | lr: 0.000244
[2023-03-21 17:12:18] PRINT [03/21 17:12:18 graph]: --- Testf1: 0.80500, Best Valacc: 0.82200 in epoch 10 --- 
[2023-03-21 17:12:18] PRINT [03/21 17:12:18 graph]: Epoch 27: get test acc score:  0.805
[2023-03-21 17:12:18] PRINT [03/21 17:12:18 graph]: best_f1 0.821 at epoch 24
[2023-03-21 17:12:18] PRINT [03/21 17:12:18 graph]: start epoch 28.
[2023-03-21 17:12:18] PRINT [03/21 17:12:18 graph]: # Epoch 28: train_loss: 0.4524 | lr: 0.000244
[2023-03-21 17:12:19] PRINT [03/21 17:12:19 graph]: --- Testf1: 0.80800, Best Valacc: 0.82800 in epoch 27 --- 
[2023-03-21 17:12:19] PRINT [03/21 17:12:19 graph]: Epoch 28: get test acc score:  0.808
[2023-03-21 17:12:19] PRINT [03/21 17:12:19 graph]: best_f1 0.821 at epoch 24
[2023-03-21 17:12:19] PRINT [03/21 17:12:19 graph]: start epoch 29.
[2023-03-21 17:12:19] PRINT [03/21 17:12:19 graph]: # Epoch 29: train_loss: 0.4484 | lr: 0.000244
[2023-03-21 17:12:20] PRINT [03/21 17:12:20 graph]: --- Testf1: 0.80500, Best Valacc: 0.82200 in epoch 10 --- 
[2023-03-21 17:12:21] PRINT [03/21 17:12:21 graph]: Epoch 29: get test acc score:  0.805
[2023-03-21 17:12:21] PRINT [03/21 17:12:21 graph]: best_f1 0.821 at epoch 24
[2023-03-21 17:12:21] PRINT [03/21 17:12:21 graph]: start epoch 30.
[2023-03-21 17:12:21] PRINT [03/21 17:12:21 graph]: # Epoch 30: train_loss: 0.4435 | lr: 0.000244
[2023-03-21 17:12:22] PRINT [03/21 17:12:22 graph]: --- Testf1: 0.80100, Best Valacc: 0.82400 in epoch 12 --- 
[2023-03-21 17:12:22] PRINT [03/21 17:12:22 graph]: Epoch 30: get test acc score:  0.801
[2023-03-21 17:12:22] PRINT [03/21 17:12:22 graph]: best_f1 0.821 at epoch 24
[2023-03-21 17:12:22] PRINT [03/21 17:12:22 graph]: start epoch 31.
[2023-03-21 17:12:22] PRINT [03/21 17:12:22 graph]: # Epoch 31: train_loss: 0.4387 | lr: 0.000244
[2023-03-21 17:12:23] PRINT [03/21 17:12:23 graph]: --- Testf1: 0.80200, Best Valacc: 0.82200 in epoch 9 --- 
[2023-03-21 17:12:23] PRINT [03/21 17:12:23 graph]: Epoch 31: get test acc score:  0.802
[2023-03-21 17:12:23] PRINT [03/21 17:12:23 graph]: best_f1 0.821 at epoch 24
[2023-03-21 17:12:23] PRINT [03/21 17:12:23 graph]: start epoch 32.
[2023-03-21 17:12:23] PRINT [03/21 17:12:23 graph]: # Epoch 32: train_loss: 0.4331 | lr: 0.000244
[2023-03-21 17:12:24] PRINT [03/21 17:12:24 graph]: --- Testf1: 0.81000, Best Valacc: 0.83400 in epoch 5 --- 
[2023-03-21 17:12:25] PRINT [03/21 17:12:25 graph]: Epoch 32: get test acc score:  0.810
[2023-03-21 17:12:25] PRINT [03/21 17:12:25 graph]: best_f1 0.821 at epoch 24
[2023-03-21 17:12:25] PRINT [03/21 17:12:25 graph]: start epoch 33.
[2023-03-21 17:12:25] PRINT [03/21 17:12:25 graph]: # Epoch 33: train_loss: 0.4311 | lr: 0.000244
[2023-03-21 17:12:26] PRINT [03/21 17:12:26 graph]: --- Testf1: 0.80700, Best Valacc: 0.83800 in epoch 8 --- 
[2023-03-21 17:12:26] PRINT [03/21 17:12:26 graph]: Epoch 33: get test acc score:  0.807
[2023-03-21 17:12:26] PRINT [03/21 17:12:26 graph]: best_f1 0.821 at epoch 24
[2023-03-21 17:12:26] PRINT [03/21 17:12:26 graph]: start epoch 34.
[2023-03-21 17:12:26] PRINT [03/21 17:12:26 graph]: # Epoch 34: train_loss: 0.4242 | lr: 0.000244
[2023-03-21 17:12:27] PRINT [03/21 17:12:27 graph]: --- Testf1: 0.79900, Best Valacc: 0.80400 in epoch 10 --- 
[2023-03-21 17:12:27] PRINT [03/21 17:12:27 graph]: Epoch 34: get test acc score:  0.799
[2023-03-21 17:12:27] PRINT [03/21 17:12:27 graph]: best_f1 0.821 at epoch 24
[2023-03-21 17:12:27] PRINT [03/21 17:12:27 graph]: start epoch 35.
[2023-03-21 17:12:27] PRINT [03/21 17:12:27 graph]: # Epoch 35: train_loss: 0.4222 | lr: 0.000244
[2023-03-21 17:12:28] PRINT [03/21 17:12:28 graph]: --- Testf1: 0.80900, Best Valacc: 0.81800 in epoch 7 --- 
[2023-03-21 17:12:29] PRINT [03/21 17:12:29 graph]: Epoch 35: get test acc score:  0.809
[2023-03-21 17:12:29] PRINT [03/21 17:12:29 graph]: best_f1 0.821 at epoch 24
[2023-03-21 17:12:29] PRINT [03/21 17:12:29 graph]: start epoch 36.
[2023-03-21 17:12:29] PRINT [03/21 17:12:29 graph]: # Epoch 36: train_loss: 0.4165 | lr: 0.000244
[2023-03-21 17:12:30] PRINT [03/21 17:12:30 graph]: --- Testf1: 0.80100, Best Valacc: 0.81200 in epoch 17 --- 
[2023-03-21 17:12:30] PRINT [03/21 17:12:30 graph]: Epoch 36: get test acc score:  0.801
[2023-03-21 17:12:30] PRINT [03/21 17:12:30 graph]: best_f1 0.821 at epoch 24
[2023-03-21 17:12:30] PRINT [03/21 17:12:30 graph]: start epoch 37.
[2023-03-21 17:12:30] PRINT [03/21 17:12:30 graph]: # Epoch 37: train_loss: 0.4144 | lr: 0.000244
[2023-03-21 17:12:31] PRINT [03/21 17:12:31 graph]: --- Testf1: 0.80600, Best Valacc: 0.81600 in epoch 9 --- 
[2023-03-21 17:12:31] PRINT [03/21 17:12:31 graph]: Epoch 37: get test acc score:  0.806
[2023-03-21 17:12:31] PRINT [03/21 17:12:31 graph]: best_f1 0.821 at epoch 24
[2023-03-21 17:12:31] PRINT [03/21 17:12:31 graph]: start epoch 38.
[2023-03-21 17:12:32] PRINT [03/21 17:12:32 graph]: # Epoch 38: train_loss: 0.4091 | lr: 0.000244
[2023-03-21 17:12:33] PRINT [03/21 17:12:33 graph]: --- Testf1: 0.81000, Best Valacc: 0.78600 in epoch 5 --- 
[2023-03-21 17:12:33] PRINT [03/21 17:12:33 graph]: Epoch 38: get test acc score:  0.810
[2023-03-21 17:12:33] PRINT [03/21 17:12:33 graph]: best_f1 0.821 at epoch 24
[2023-03-21 17:12:33] PRINT [03/21 17:12:33 graph]: start epoch 39.
[2023-03-21 17:12:33] PRINT [03/21 17:12:33 graph]: # Epoch 39: train_loss: 0.4056 | lr: 0.000244
[2023-03-21 17:12:34] PRINT [03/21 17:12:34 graph]: --- Testf1: 0.80600, Best Valacc: 0.83200 in epoch 11 --- 
[2023-03-21 17:12:34] PRINT [03/21 17:12:34 graph]: Epoch 39: get test acc score:  0.806
[2023-03-21 17:12:34] PRINT [03/21 17:12:34 graph]: best_f1 0.821 at epoch 24
[2023-03-21 17:12:34] PRINT [03/21 17:12:34 graph]: start epoch 40.
[2023-03-21 17:12:34] PRINT [03/21 17:12:34 graph]: # Epoch 40: train_loss: 0.4031 | lr: 0.000244
[2023-03-21 17:12:35] PRINT [03/21 17:12:35 graph]: --- Testf1: 0.80000, Best Valacc: 0.81600 in epoch 6 --- 
[2023-03-21 17:12:35] PRINT [03/21 17:12:35 graph]: Epoch 40: get test acc score:  0.800
[2023-03-21 17:12:35] PRINT [03/21 17:12:35 graph]: best_f1 0.821 at epoch 24
[2023-03-21 17:12:35] PRINT [03/21 17:12:35 graph]: start epoch 41.
[2023-03-21 17:12:36] PRINT [03/21 17:12:36 graph]: # Epoch 41: train_loss: 0.4001 | lr: 0.000244
[2023-03-21 17:12:37] PRINT [03/21 17:12:37 graph]: --- Testf1: 0.80000, Best Valacc: 0.81200 in epoch 15 --- 
[2023-03-21 17:12:37] PRINT [03/21 17:12:37 graph]: Epoch 41: get test acc score:  0.800
[2023-03-21 17:12:37] PRINT [03/21 17:12:37 graph]: best_f1 0.821 at epoch 24
[2023-03-21 17:12:37] PRINT [03/21 17:12:37 graph]: start epoch 42.
[2023-03-21 17:12:37] PRINT [03/21 17:12:37 graph]: # Epoch 42: train_loss: 0.3963 | lr: 0.000244
[2023-03-21 17:12:38] PRINT [03/21 17:12:38 graph]: --- Testf1: 0.80500, Best Valacc: 0.81600 in epoch 12 --- 
[2023-03-21 17:12:38] PRINT [03/21 17:12:38 graph]: Epoch 42: get test acc score:  0.805
[2023-03-21 17:12:38] PRINT [03/21 17:12:38 graph]: best_f1 0.821 at epoch 24
[2023-03-21 17:12:38] PRINT [03/21 17:12:38 graph]: start epoch 43.
[2023-03-21 17:12:38] PRINT [03/21 17:12:38 graph]: # Epoch 43: train_loss: 0.3943 | lr: 0.000244
[2023-03-21 17:12:39] PRINT [03/21 17:12:39 graph]: --- Testf1: 0.80200, Best Valacc: 0.81000 in epoch 9 --- 
[2023-03-21 17:12:40] PRINT [03/21 17:12:40 graph]: Epoch 43: get test acc score:  0.802
[2023-03-21 17:12:40] PRINT [03/21 17:12:40 graph]: best_f1 0.821 at epoch 24
[2023-03-21 17:12:40] PRINT [03/21 17:12:40 graph]: start epoch 44.
[2023-03-21 17:12:40] PRINT [03/21 17:12:40 graph]: # Epoch 44: train_loss: 0.3913 | lr: 0.000244
[2023-03-21 17:12:41] PRINT [03/21 17:12:41 graph]: --- Testf1: 0.79500, Best Valacc: 0.79000 in epoch 11 --- 
[2023-03-21 17:12:41] PRINT [03/21 17:12:41 graph]: Epoch 44: get test acc score:  0.795
[2023-03-21 17:12:41] PRINT [03/21 17:12:41 graph]: best_f1 0.821 at epoch 24
[2023-03-21 17:12:41] PRINT [03/21 17:12:41 graph]: start epoch 45.
[2023-03-21 17:12:41] PRINT [03/21 17:12:41 graph]: # Epoch 45: train_loss: 0.3867 | lr: 0.000244
[2023-03-21 17:12:42] PRINT [03/21 17:12:42 graph]: --- Testf1: 0.80200, Best Valacc: 0.81800 in epoch 15 --- 
[2023-03-21 17:12:42] PRINT [03/21 17:12:42 graph]: Epoch 45: get test acc score:  0.802
[2023-03-21 17:12:42] PRINT [03/21 17:12:42 graph]: best_f1 0.821 at epoch 24
[2023-03-21 17:12:42] PRINT [03/21 17:12:42 graph]: start epoch 46.
[2023-03-21 17:12:42] PRINT [03/21 17:12:42 graph]: # Epoch 46: train_loss: 0.3831 | lr: 0.000244
[2023-03-21 17:12:44] PRINT [03/21 17:12:44 graph]: --- Testf1: 0.79100, Best Valacc: 0.79000 in epoch 12 --- 
[2023-03-21 17:12:44] PRINT [03/21 17:12:44 graph]: Epoch 46: get test acc score:  0.791
[2023-03-21 17:12:44] PRINT [03/21 17:12:44 graph]: best_f1 0.821 at epoch 24
[2023-03-21 17:12:44] PRINT [03/21 17:12:44 graph]: start epoch 47.
[2023-03-21 17:12:44] PRINT [03/21 17:12:44 graph]: # Epoch 47: train_loss: 0.3810 | lr: 0.000244
[2023-03-21 17:12:45] PRINT [03/21 17:12:45 graph]: --- Testf1: 0.79200, Best Valacc: 0.81200 in epoch 13 --- 
[2023-03-21 17:12:45] PRINT [03/21 17:12:45 graph]: Epoch 47: get test acc score:  0.792
[2023-03-21 17:12:45] PRINT [03/21 17:12:45 graph]: best_f1 0.821 at epoch 24
[2023-03-21 17:12:45] PRINT [03/21 17:12:45 graph]: start epoch 48.
[2023-03-21 17:12:45] PRINT [03/21 17:12:45 graph]: # Epoch 48: train_loss: 0.3790 | lr: 0.000244
[2023-03-21 17:12:46] PRINT [03/21 17:12:46 graph]: --- Testf1: 0.79800, Best Valacc: 0.78400 in epoch 12 --- 
[2023-03-21 17:12:46] PRINT [03/21 17:12:46 graph]: Epoch 48: get test acc score:  0.798
[2023-03-21 17:12:46] PRINT [03/21 17:12:46 graph]: best_f1 0.821 at epoch 24
[2023-03-21 17:12:46] PRINT [03/21 17:12:46 graph]: start epoch 49.
[2023-03-21 17:12:47] PRINT [03/21 17:12:47 graph]: # Epoch 49: train_loss: 0.3759 | lr: 0.000244
[2023-03-21 17:12:48] PRINT [03/21 17:12:48 graph]: --- Testf1: 0.78700, Best Valacc: 0.78200 in epoch 12 --- 
[2023-03-21 17:12:48] PRINT [03/21 17:12:48 graph]: Epoch 49: get test acc score:  0.787
[2023-03-21 17:12:48] PRINT [03/21 17:12:48 graph]: best_f1 0.821 at epoch 24
[2023-03-21 17:12:48] PRINT [03/21 17:12:48 graph]: start epoch 50.
[2023-03-21 17:12:48] PRINT [03/21 17:12:48 graph]: # Epoch 50: train_loss: 0.3742 | lr: 0.000244
[2023-03-21 17:12:49] PRINT [03/21 17:12:49 graph]: --- Testf1: 0.79800, Best Valacc: 0.80000 in epoch 20 --- 
[2023-03-21 17:12:49] PRINT [03/21 17:12:49 graph]: Epoch 50: get test acc score:  0.798
[2023-03-21 17:12:49] PRINT [03/21 17:12:49 graph]: best_f1 0.821 at epoch 24
[2023-03-21 17:12:49] PRINT [03/21 17:12:49 graph]: start epoch 51.
[2023-03-21 17:12:49] PRINT [03/21 17:12:49 graph]: # Epoch 51: train_loss: 0.3723 | lr: 0.000244
[2023-03-21 17:12:50] PRINT [03/21 17:12:50 graph]: --- Testf1: 0.78700, Best Valacc: 0.79800 in epoch 9 --- 
[2023-03-21 17:12:51] PRINT [03/21 17:12:51 graph]: Epoch 51: get test acc score:  0.787
[2023-03-21 17:12:51] PRINT [03/21 17:12:51 graph]: best_f1 0.821 at epoch 24
[2023-03-21 17:12:51] PRINT [03/21 17:12:51 graph]: start epoch 52.
[2023-03-21 17:12:51] PRINT [03/21 17:12:51 graph]: # Epoch 52: train_loss: 0.3680 | lr: 0.000244
[2023-03-21 17:12:52] PRINT [03/21 17:12:52 graph]: --- Testf1: 0.78400, Best Valacc: 0.80800 in epoch 15 --- 
[2023-03-21 17:12:52] PRINT [03/21 17:12:52 graph]: Epoch 52: get test acc score:  0.784
[2023-03-21 17:12:52] PRINT [03/21 17:12:52 graph]: best_f1 0.821 at epoch 24
[2023-03-21 17:12:52] PRINT [03/21 17:12:52 graph]: start epoch 53.
[2023-03-21 17:12:52] PRINT [03/21 17:12:52 graph]: # Epoch 53: train_loss: 0.3668 | lr: 0.000244
[2023-03-21 17:12:53] PRINT [03/21 17:12:53 graph]: --- Testf1: 0.77300, Best Valacc: 0.78000 in epoch 11 --- 
[2023-03-21 17:12:53] PRINT [03/21 17:12:53 graph]: Epoch 53: get test acc score:  0.773
[2023-03-21 17:12:53] PRINT [03/21 17:12:53 graph]: best_f1 0.821 at epoch 24
[2023-03-21 17:12:53] PRINT [03/21 17:12:53 graph]: start epoch 54.
[2023-03-21 17:12:53] PRINT [03/21 17:12:53 graph]: # Epoch 54: train_loss: 0.3657 | lr: 0.000244
[2023-03-21 17:12:54] PRINT [03/21 17:12:54 graph]: --- Testf1: 0.80200, Best Valacc: 0.81800 in epoch 8 --- 
[2023-03-21 17:12:55] PRINT [03/21 17:12:55 graph]: Epoch 54: get test acc score:  0.802
[2023-03-21 17:12:55] PRINT [03/21 17:12:55 graph]: best_f1 0.821 at epoch 24
[2023-03-21 17:12:55] PRINT [03/21 17:12:55 graph]: start epoch 55.
[2023-03-21 17:12:55] PRINT [03/21 17:12:55 graph]: # Epoch 55: train_loss: 0.3602 | lr: 0.000244
[2023-03-21 17:12:56] PRINT [03/21 17:12:56 graph]: --- Testf1: 0.79400, Best Valacc: 0.77200 in epoch 9 --- 
[2023-03-21 17:12:56] PRINT [03/21 17:12:56 graph]: Epoch 55: get test acc score:  0.794
[2023-03-21 17:12:56] PRINT [03/21 17:12:56 graph]: best_f1 0.821 at epoch 24
[2023-03-21 17:12:56] PRINT [03/21 17:12:56 graph]: start epoch 56.
[2023-03-21 17:12:56] PRINT [03/21 17:12:56 graph]: # Epoch 56: train_loss: 0.3601 | lr: 0.000244
[2023-03-21 17:12:57] PRINT [03/21 17:12:57 graph]: --- Testf1: 0.79000, Best Valacc: 0.81200 in epoch 10 --- 
[2023-03-21 17:12:58] PRINT [03/21 17:12:58 graph]: Epoch 56: get test acc score:  0.790
[2023-03-21 17:12:58] PRINT [03/21 17:12:58 graph]: best_f1 0.821 at epoch 24
[2023-03-21 17:12:58] PRINT [03/21 17:12:58 graph]: start epoch 57.
[2023-03-21 17:12:58] PRINT [03/21 17:12:58 graph]: # Epoch 57: train_loss: 0.3572 | lr: 0.000244
[2023-03-21 17:12:59] PRINT [03/21 17:12:59 graph]: --- Testf1: 0.77600, Best Valacc: 0.78600 in epoch 15 --- 
[2023-03-21 17:12:59] PRINT [03/21 17:12:59 graph]: Epoch 57: get test acc score:  0.776
[2023-03-21 17:12:59] PRINT [03/21 17:12:59 graph]: best_f1 0.821 at epoch 24
[2023-03-21 17:12:59] PRINT [03/21 17:12:59 graph]: start epoch 58.
[2023-03-21 17:12:59] PRINT [03/21 17:12:59 graph]: # Epoch 58: train_loss: 0.3547 | lr: 0.000244
[2023-03-21 17:13:00] PRINT [03/21 17:13:00 graph]: --- Testf1: 0.78300, Best Valacc: 0.78200 in epoch 19 --- 
[2023-03-21 17:13:00] PRINT [03/21 17:13:00 graph]: Epoch 58: get test acc score:  0.783
[2023-03-21 17:13:00] PRINT [03/21 17:13:00 graph]: best_f1 0.821 at epoch 24
[2023-03-21 17:13:00] PRINT [03/21 17:13:00 graph]: start epoch 59.
[2023-03-21 17:13:00] PRINT [03/21 17:13:00 graph]: # Epoch 59: train_loss: 0.3530 | lr: 0.000244
[2023-03-21 17:13:01] PRINT [03/21 17:13:01 graph]: --- Testf1: 0.79100, Best Valacc: 0.77000 in epoch 14 --- 
[2023-03-21 17:13:02] PRINT [03/21 17:13:02 graph]: Epoch 59: get test acc score:  0.791
[2023-03-21 17:13:02] PRINT [03/21 17:13:02 graph]: best_f1 0.821 at epoch 24
[2023-03-21 17:13:02] PRINT [03/21 17:13:02 graph]: start epoch 60.
[2023-03-21 17:13:02] PRINT [03/21 17:13:02 graph]: # Epoch 60: train_loss: 0.3505 | lr: 0.000244
[2023-03-21 17:13:03] PRINT [03/21 17:13:03 graph]: --- Testf1: 0.77700, Best Valacc: 0.81000 in epoch 13 --- 
[2023-03-21 17:13:03] PRINT [03/21 17:13:03 graph]: Epoch 60: get test acc score:  0.777
[2023-03-21 17:13:03] PRINT [03/21 17:13:03 graph]: best_f1 0.821 at epoch 24
[2023-03-21 17:13:03] PRINT [03/21 17:13:03 graph]: start epoch 61.
[2023-03-21 17:13:03] PRINT [03/21 17:13:03 graph]: # Epoch 61: train_loss: 0.3505 | lr: 0.000244
[2023-03-21 17:13:04] PRINT [03/21 17:13:04 graph]: --- Testf1: 0.77900, Best Valacc: 0.76200 in epoch 17 --- 
[2023-03-21 17:13:04] PRINT [03/21 17:13:04 graph]: Epoch 61: get test acc score:  0.779
[2023-03-21 17:13:04] PRINT [03/21 17:13:04 graph]: best_f1 0.821 at epoch 24
[2023-03-21 17:13:04] PRINT [03/21 17:13:04 graph]: start epoch 62.
[2023-03-21 17:13:04] PRINT [03/21 17:13:04 graph]: # Epoch 62: train_loss: 0.3479 | lr: 0.000244
[2023-03-21 17:13:05] PRINT [03/21 17:13:05 graph]: --- Testf1: 0.78300, Best Valacc: 0.81600 in epoch 14 --- 
[2023-03-21 17:13:06] PRINT [03/21 17:13:06 graph]: Epoch 62: get test acc score:  0.783
[2023-03-21 17:13:06] PRINT [03/21 17:13:06 graph]: best_f1 0.821 at epoch 24
[2023-03-21 17:13:06] PRINT [03/21 17:13:06 graph]: start epoch 63.
[2023-03-21 17:13:06] PRINT [03/21 17:13:06 graph]: # Epoch 63: train_loss: 0.3457 | lr: 0.000244
[2023-03-21 17:13:07] PRINT [03/21 17:13:07 graph]: --- Testf1: 0.78100, Best Valacc: 0.78400 in epoch 51 --- 
[2023-03-21 17:13:07] PRINT [03/21 17:13:07 graph]: Epoch 63: get test acc score:  0.781
[2023-03-21 17:13:07] PRINT [03/21 17:13:07 graph]: best_f1 0.821 at epoch 24
[2023-03-21 17:13:07] PRINT [03/21 17:13:07 graph]: start epoch 64.
[2023-03-21 17:13:07] PRINT [03/21 17:13:07 graph]: # Epoch 64: train_loss: 0.3429 | lr: 0.000244
[2023-03-21 17:13:08] PRINT [03/21 17:13:08 graph]: --- Testf1: 0.77400, Best Valacc: 0.80000 in epoch 12 --- 
[2023-03-21 17:13:08] PRINT [03/21 17:13:08 graph]: Epoch 64: get test acc score:  0.774
[2023-03-21 17:13:08] PRINT [03/21 17:13:08 graph]: best_f1 0.821 at epoch 24
[2023-03-21 17:13:08] PRINT [03/21 17:13:08 graph]: start epoch 65.
[2023-03-21 17:13:08] PRINT [03/21 17:13:08 graph]: # Epoch 65: train_loss: 0.3431 | lr: 0.000244
[2023-03-21 17:13:09] PRINT [03/21 17:13:09 graph]: --- Testf1: 0.77000, Best Valacc: 0.78000 in epoch 11 --- 
[2023-03-21 17:13:10] PRINT [03/21 17:13:10 graph]: Epoch 65: get test acc score:  0.770
[2023-03-21 17:13:10] PRINT [03/21 17:13:10 graph]: best_f1 0.821 at epoch 24
[2023-03-21 17:13:10] PRINT [03/21 17:13:10 graph]: start epoch 66.
[2023-03-21 17:13:10] PRINT [03/21 17:13:10 graph]: # Epoch 66: train_loss: 0.3416 | lr: 0.000244
[2023-03-21 17:13:11] PRINT [03/21 17:13:11 graph]: --- Testf1: 0.78500, Best Valacc: 0.78400 in epoch 16 --- 
[2023-03-21 17:13:11] PRINT [03/21 17:13:11 graph]: Epoch 66: get test acc score:  0.785
[2023-03-21 17:13:11] PRINT [03/21 17:13:11 graph]: best_f1 0.821 at epoch 24
[2023-03-21 17:13:11] PRINT [03/21 17:13:11 graph]: start epoch 67.
[2023-03-21 17:13:11] PRINT [03/21 17:13:11 graph]: # Epoch 67: train_loss: 0.3392 | lr: 0.000244
[2023-03-21 17:13:12] PRINT [03/21 17:13:12 graph]: --- Testf1: 0.78000, Best Valacc: 0.78800 in epoch 14 --- 
[2023-03-21 17:13:13] PRINT [03/21 17:13:13 graph]: Epoch 67: get test acc score:  0.780
[2023-03-21 17:13:13] PRINT [03/21 17:13:13 graph]: best_f1 0.821 at epoch 24
[2023-03-21 17:13:13] PRINT [03/21 17:13:13 graph]: start epoch 68.
[2023-03-21 17:13:13] PRINT [03/21 17:13:13 graph]: # Epoch 68: train_loss: 0.3362 | lr: 0.000244
[2023-03-21 17:13:14] PRINT [03/21 17:13:14 graph]: --- Testf1: 0.77800, Best Valacc: 0.75400 in epoch 66 --- 
[2023-03-21 17:13:14] PRINT [03/21 17:13:14 graph]: Epoch 68: get test acc score:  0.778
[2023-03-21 17:13:14] PRINT [03/21 17:13:14 graph]: best_f1 0.821 at epoch 24
[2023-03-21 17:13:14] PRINT [03/21 17:13:14 graph]: start epoch 69.
[2023-03-21 17:13:14] PRINT [03/21 17:13:14 graph]: # Epoch 69: train_loss: 0.3359 | lr: 0.000244
[2023-03-21 17:13:15] PRINT [03/21 17:13:15 graph]: --- Testf1: 0.76300, Best Valacc: 0.76800 in epoch 24 --- 
[2023-03-21 17:13:15] PRINT [03/21 17:13:15 graph]: Epoch 69: get test acc score:  0.763
[2023-03-21 17:13:15] PRINT [03/21 17:13:15 graph]: best_f1 0.821 at epoch 24
[2023-03-21 17:13:15] PRINT [03/21 17:13:15 graph]: start epoch 70.
[2023-03-21 17:13:15] PRINT [03/21 17:13:15 graph]: # Epoch 70: train_loss: 0.3336 | lr: 0.000244
[2023-03-21 17:13:16] PRINT [03/21 17:13:16 graph]: --- Testf1: 0.77000, Best Valacc: 0.76400 in epoch 8 --- 
[2023-03-21 17:13:17] PRINT [03/21 17:13:17 graph]: Epoch 70: get test acc score:  0.770
[2023-03-21 17:13:17] PRINT [03/21 17:13:17 graph]: best_f1 0.821 at epoch 24
[2023-03-21 17:13:17] PRINT [03/21 17:13:17 graph]: start epoch 71.
[2023-03-21 17:13:17] PRINT [03/21 17:13:17 graph]: # Epoch 71: train_loss: 0.3309 | lr: 0.000244
[2023-03-21 17:13:18] PRINT [03/21 17:13:18 graph]: --- Testf1: 0.77900, Best Valacc: 0.77800 in epoch 31 --- 
[2023-03-21 17:13:18] PRINT [03/21 17:13:18 graph]: Epoch 71: get test acc score:  0.779
[2023-03-21 17:13:18] PRINT [03/21 17:13:18 graph]: best_f1 0.821 at epoch 24
[2023-03-21 17:13:18] PRINT [03/21 17:13:18 graph]: start epoch 72.
[2023-03-21 17:13:18] PRINT [03/21 17:13:18 graph]: # Epoch 72: train_loss: 0.3303 | lr: 0.000244
[2023-03-21 17:13:19] PRINT [03/21 17:13:19 graph]: --- Testf1: 0.77000, Best Valacc: 0.75600 in epoch 17 --- 
[2023-03-21 17:13:19] PRINT [03/21 17:13:19 graph]: Epoch 72: get test acc score:  0.770
[2023-03-21 17:13:19] PRINT [03/21 17:13:19 graph]: best_f1 0.821 at epoch 24
[2023-03-21 17:13:19] PRINT [03/21 17:13:19 graph]: start epoch 73.
[2023-03-21 17:13:20] PRINT [03/21 17:13:20 graph]: # Epoch 73: train_loss: 0.3298 | lr: 0.000244
[2023-03-21 17:13:21] PRINT [03/21 17:13:21 graph]: --- Testf1: 0.77400, Best Valacc: 0.76600 in epoch 19 --- 
[2023-03-21 17:13:21] PRINT [03/21 17:13:21 graph]: Epoch 73: get test acc score:  0.774
[2023-03-21 17:13:21] PRINT [03/21 17:13:21 graph]: best_f1 0.821 at epoch 24
[2023-03-21 17:13:21] PRINT [03/21 17:13:21 graph]: start epoch 74.
[2023-03-21 17:13:21] PRINT [03/21 17:13:21 graph]: # Epoch 74: train_loss: 0.3273 | lr: 0.000244
[2023-03-21 17:13:22] PRINT [03/21 17:13:22 graph]: --- Testf1: 0.76900, Best Valacc: 0.76200 in epoch 17 --- 
[2023-03-21 17:13:22] PRINT [03/21 17:13:22 graph]: Epoch 74: get test acc score:  0.769
[2023-03-21 17:13:22] PRINT [03/21 17:13:22 graph]: best_f1 0.821 at epoch 24
[2023-03-21 17:13:22] PRINT [03/21 17:13:22 graph]: start epoch 75.
[2023-03-21 17:13:22] PRINT [03/21 17:13:22 graph]: # Epoch 75: train_loss: 0.3273 | lr: 0.000244
[2023-03-21 17:13:23] PRINT [03/21 17:13:23 graph]: --- Testf1: 0.76800, Best Valacc: 0.77400 in epoch 30 --- 
[2023-03-21 17:13:24] PRINT [03/21 17:13:24 graph]: Epoch 75: get test acc score:  0.768
[2023-03-21 17:13:24] PRINT [03/21 17:13:24 graph]: best_f1 0.821 at epoch 24
[2023-03-21 17:13:24] PRINT [03/21 17:13:24 graph]: start epoch 76.
[2023-03-21 17:13:24] PRINT [03/21 17:13:24 graph]: # Epoch 76: train_loss: 0.3262 | lr: 0.000244
[2023-03-21 17:13:25] PRINT [03/21 17:13:25 graph]: --- Testf1: 0.76800, Best Valacc: 0.73600 in epoch 24 --- 
[2023-03-21 17:13:25] PRINT [03/21 17:13:25 graph]: Epoch 76: get test acc score:  0.768
[2023-03-21 17:13:25] PRINT [03/21 17:13:25 graph]: best_f1 0.821 at epoch 24
[2023-03-21 17:13:25] PRINT [03/21 17:13:25 graph]: start epoch 77.
[2023-03-21 17:13:25] PRINT [03/21 17:13:25 graph]: # Epoch 77: train_loss: 0.3244 | lr: 0.000244
[2023-03-21 17:13:26] PRINT [03/21 17:13:26 graph]: --- Testf1: 0.77100, Best Valacc: 0.74800 in epoch 18 --- 
[2023-03-21 17:13:26] PRINT [03/21 17:13:26 graph]: Epoch 77: get test acc score:  0.771
[2023-03-21 17:13:26] PRINT [03/21 17:13:26 graph]: best_f1 0.821 at epoch 24
[2023-03-21 17:13:26] PRINT [03/21 17:13:26 graph]: start epoch 78.
[2023-03-21 17:13:26] PRINT [03/21 17:13:26 graph]: # Epoch 78: train_loss: 0.3232 | lr: 0.000244
[2023-03-21 17:13:27] PRINT [03/21 17:13:27 graph]: --- Testf1: 0.76000, Best Valacc: 0.78200 in epoch 40 --- 
[2023-03-21 17:13:28] PRINT [03/21 17:13:28 graph]: Epoch 78: get test acc score:  0.760
[2023-03-21 17:13:28] PRINT [03/21 17:13:28 graph]: best_f1 0.821 at epoch 24
[2023-03-21 17:13:28] PRINT [03/21 17:13:28 graph]: start epoch 79.
[2023-03-21 17:13:28] PRINT [03/21 17:13:28 graph]: # Epoch 79: train_loss: 0.3219 | lr: 0.000244
[2023-03-21 17:13:29] PRINT [03/21 17:13:29 graph]: --- Testf1: 0.77600, Best Valacc: 0.74000 in epoch 79 --- 
[2023-03-21 17:13:29] PRINT [03/21 17:13:29 graph]: Epoch 79: get test acc score:  0.776
[2023-03-21 17:13:29] PRINT [03/21 17:13:29 graph]: best_f1 0.821 at epoch 24
[2023-03-21 17:13:29] PRINT [03/21 17:13:29 graph]: start epoch 80.
[2023-03-21 17:13:29] PRINT [03/21 17:13:29 graph]: # Epoch 80: train_loss: 0.3187 | lr: 0.000244
[2023-03-21 17:13:30] PRINT [03/21 17:13:30 graph]: --- Testf1: 0.77300, Best Valacc: 0.76000 in epoch 9 --- 
[2023-03-21 17:13:30] PRINT [03/21 17:13:30 graph]: Epoch 80: get test acc score:  0.773
[2023-03-21 17:13:30] PRINT [03/21 17:13:30 graph]: best_f1 0.821 at epoch 24
[2023-03-21 17:13:30] PRINT [03/21 17:13:30 graph]: start epoch 81.
[2023-03-21 17:13:30] PRINT [03/21 17:13:30 graph]: # Epoch 81: train_loss: 0.3179 | lr: 0.000244
[2023-03-21 17:13:31] PRINT [03/21 17:13:31 graph]: --- Testf1: 0.76300, Best Valacc: 0.76000 in epoch 23 --- 
[2023-03-21 17:13:32] PRINT [03/21 17:13:32 graph]: Epoch 81: get test acc score:  0.763
[2023-03-21 17:13:32] PRINT [03/21 17:13:32 graph]: best_f1 0.821 at epoch 24
[2023-03-21 17:13:32] PRINT [03/21 17:13:32 graph]: start epoch 82.
[2023-03-21 17:13:32] PRINT [03/21 17:13:32 graph]: # Epoch 82: train_loss: 0.3178 | lr: 0.000244
[2023-03-21 17:13:33] PRINT [03/21 17:13:33 graph]: --- Testf1: 0.75500, Best Valacc: 0.74200 in epoch 18 --- 
[2023-03-21 17:13:33] PRINT [03/21 17:13:33 graph]: Epoch 82: get test acc score:  0.755
[2023-03-21 17:13:33] PRINT [03/21 17:13:33 graph]: best_f1 0.821 at epoch 24
[2023-03-21 17:13:33] PRINT [03/21 17:13:33 graph]: start epoch 83.
[2023-03-21 17:13:33] PRINT [03/21 17:13:33 graph]: # Epoch 83: train_loss: 0.3154 | lr: 0.000244
[2023-03-21 17:13:34] PRINT [03/21 17:13:34 graph]: --- Testf1: 0.77200, Best Valacc: 0.77200 in epoch 28 --- 
[2023-03-21 17:13:34] PRINT [03/21 17:13:34 graph]: Epoch 83: get test acc score:  0.772
[2023-03-21 17:13:34] PRINT [03/21 17:13:34 graph]: best_f1 0.821 at epoch 24
[2023-03-21 17:13:34] PRINT [03/21 17:13:34 graph]: start epoch 84.
[2023-03-21 17:13:35] PRINT [03/21 17:13:35 graph]: # Epoch 84: train_loss: 0.3149 | lr: 0.000244
[2023-03-21 17:13:36] PRINT [03/21 17:13:36 graph]: --- Testf1: 0.76500, Best Valacc: 0.77600 in epoch 18 --- 
[2023-03-21 17:13:36] PRINT [03/21 17:13:36 graph]: Epoch 84: get test acc score:  0.765
[2023-03-21 17:13:36] PRINT [03/21 17:13:36 graph]: best_f1 0.821 at epoch 24
[2023-03-21 17:13:36] PRINT [03/21 17:13:36 graph]: start epoch 85.
[2023-03-21 17:13:36] PRINT [03/21 17:13:36 graph]: # Epoch 85: train_loss: 0.3131 | lr: 0.000244
[2023-03-21 17:13:37] PRINT [03/21 17:13:37 graph]: --- Testf1: 0.74800, Best Valacc: 0.76400 in epoch 19 --- 
[2023-03-21 17:13:37] PRINT [03/21 17:13:37 graph]: Epoch 85: get test acc score:  0.748
[2023-03-21 17:13:37] PRINT [03/21 17:13:37 graph]: best_f1 0.821 at epoch 24
[2023-03-21 17:13:37] PRINT [03/21 17:13:37 graph]: start epoch 86.
[2023-03-21 17:13:37] PRINT [03/21 17:13:37 graph]: # Epoch 86: train_loss: 0.3128 | lr: 0.000244
[2023-03-21 17:13:38] PRINT [03/21 17:13:38 graph]: --- Testf1: 0.78000, Best Valacc: 0.77800 in epoch 32 --- 
[2023-03-21 17:13:39] PRINT [03/21 17:13:39 graph]: Epoch 86: get test acc score:  0.780
[2023-03-21 17:13:39] PRINT [03/21 17:13:39 graph]: best_f1 0.821 at epoch 24
[2023-03-21 17:13:39] PRINT [03/21 17:13:39 graph]: start epoch 87.
[2023-03-21 17:13:39] PRINT [03/21 17:13:39 graph]: # Epoch 87: train_loss: 0.3105 | lr: 0.000244
[2023-03-21 17:13:40] PRINT [03/21 17:13:40 graph]: --- Testf1: 0.76600, Best Valacc: 0.75800 in epoch 13 --- 
[2023-03-21 17:13:40] PRINT [03/21 17:13:40 graph]: Epoch 87: get test acc score:  0.766
[2023-03-21 17:13:40] PRINT [03/21 17:13:40 graph]: best_f1 0.821 at epoch 24
[2023-03-21 17:13:40] PRINT [03/21 17:13:40 graph]: start epoch 88.
[2023-03-21 17:13:40] PRINT [03/21 17:13:40 graph]: # Epoch 88: train_loss: 0.3083 | lr: 0.000244
[2023-03-21 17:13:41] PRINT [03/21 17:13:41 graph]: --- Testf1: 0.76800, Best Valacc: 0.78000 in epoch 13 --- 
[2023-03-21 17:13:41] PRINT [03/21 17:13:41 graph]: Epoch 88: get test acc score:  0.768
[2023-03-21 17:13:41] PRINT [03/21 17:13:41 graph]: best_f1 0.821 at epoch 24
[2023-03-21 17:13:41] PRINT [03/21 17:13:41 graph]: start epoch 89.
[2023-03-21 17:13:41] PRINT [03/21 17:13:41 graph]: # Epoch 89: train_loss: 0.3081 | lr: 0.000244
[2023-03-21 17:13:42] PRINT [03/21 17:13:42 graph]: --- Testf1: 0.77200, Best Valacc: 0.76200 in epoch 13 --- 
[2023-03-21 17:13:43] PRINT [03/21 17:13:43 graph]: Epoch 89: get test acc score:  0.772
[2023-03-21 17:13:43] PRINT [03/21 17:13:43 graph]: best_f1 0.821 at epoch 24
[2023-03-21 17:13:43] PRINT [03/21 17:13:43 graph]: start epoch 90.
[2023-03-21 17:13:43] PRINT [03/21 17:13:43 graph]: # Epoch 90: train_loss: 0.3083 | lr: 0.000244
[2023-03-21 17:13:44] PRINT [03/21 17:13:44 graph]: --- Testf1: 0.76100, Best Valacc: 0.77400 in epoch 17 --- 
[2023-03-21 17:13:44] PRINT [03/21 17:13:44 graph]: Epoch 90: get test acc score:  0.761
[2023-03-21 17:13:44] PRINT [03/21 17:13:44 graph]: best_f1 0.821 at epoch 24
[2023-03-21 17:13:44] PRINT [03/21 17:13:44 graph]: start epoch 91.
[2023-03-21 17:13:44] PRINT [03/21 17:13:44 graph]: # Epoch 91: train_loss: 0.3059 | lr: 0.000244
[2023-03-21 17:13:45] PRINT [03/21 17:13:45 graph]: --- Testf1: 0.76900, Best Valacc: 0.76800 in epoch 34 --- 
[2023-03-21 17:13:45] PRINT [03/21 17:13:45 graph]: Epoch 91: get test acc score:  0.769
[2023-03-21 17:13:45] PRINT [03/21 17:13:45 graph]: best_f1 0.821 at epoch 24
[2023-03-21 17:13:45] PRINT [03/21 17:13:45 graph]: start epoch 92.
[2023-03-21 17:13:46] PRINT [03/21 17:13:46 graph]: # Epoch 92: train_loss: 0.3052 | lr: 0.000244
[2023-03-21 17:13:47] PRINT [03/21 17:13:47 graph]: --- Testf1: 0.78100, Best Valacc: 0.76000 in epoch 86 --- 
[2023-03-21 17:13:47] PRINT [03/21 17:13:47 graph]: Epoch 92: get test acc score:  0.781
[2023-03-21 17:13:47] PRINT [03/21 17:13:47 graph]: best_f1 0.821 at epoch 24
[2023-03-21 17:13:47] PRINT [03/21 17:13:47 graph]: start epoch 93.
[2023-03-21 17:13:47] PRINT [03/21 17:13:47 graph]: # Epoch 93: train_loss: 0.3044 | lr: 0.000244
[2023-03-21 17:13:48] PRINT [03/21 17:13:48 graph]: --- Testf1: 0.76800, Best Valacc: 0.78000 in epoch 12 --- 
[2023-03-21 17:13:48] PRINT [03/21 17:13:48 graph]: Epoch 93: get test acc score:  0.768
[2023-03-21 17:13:48] PRINT [03/21 17:13:48 graph]: best_f1 0.821 at epoch 24
[2023-03-21 17:13:48] PRINT [03/21 17:13:48 graph]: start epoch 94.
[2023-03-21 17:13:48] PRINT [03/21 17:13:48 graph]: # Epoch 94: train_loss: 0.3046 | lr: 0.000244
[2023-03-21 17:13:49] PRINT [03/21 17:13:49 graph]: --- Testf1: 0.76100, Best Valacc: 0.75800 in epoch 67 --- 
[2023-03-21 17:13:50] PRINT [03/21 17:13:50 graph]: Epoch 94: get test acc score:  0.761
[2023-03-21 17:13:50] PRINT [03/21 17:13:50 graph]: best_f1 0.821 at epoch 24
[2023-03-21 17:13:50] PRINT [03/21 17:13:50 graph]: start epoch 95.
[2023-03-21 17:13:50] PRINT [03/21 17:13:50 graph]: # Epoch 95: train_loss: 0.3021 | lr: 0.000244
[2023-03-21 17:13:51] PRINT [03/21 17:13:51 graph]: --- Testf1: 0.76100, Best Valacc: 0.75800 in epoch 8 --- 
[2023-03-21 17:13:51] PRINT [03/21 17:13:51 graph]: Epoch 95: get test acc score:  0.761
[2023-03-21 17:13:51] PRINT [03/21 17:13:51 graph]: best_f1 0.821 at epoch 24
[2023-03-21 17:13:51] PRINT [03/21 17:13:51 graph]: start epoch 96.
[2023-03-21 17:13:51] PRINT [03/21 17:13:51 graph]: # Epoch 96: train_loss: 0.3018 | lr: 0.000244
[2023-03-21 17:13:52] PRINT [03/21 17:13:52 graph]: --- Testf1: 0.77600, Best Valacc: 0.74200 in epoch 95 --- 
[2023-03-21 17:13:52] PRINT [03/21 17:13:52 graph]: Epoch 96: get test acc score:  0.776
[2023-03-21 17:13:52] PRINT [03/21 17:13:52 graph]: best_f1 0.821 at epoch 24
[2023-03-21 17:13:52] PRINT [03/21 17:13:52 graph]: start epoch 97.
[2023-03-21 17:13:53] PRINT [03/21 17:13:53 graph]: # Epoch 97: train_loss: 0.2992 | lr: 0.000244
[2023-03-21 17:13:54] PRINT [03/21 17:13:54 graph]: --- Testf1: 0.76700, Best Valacc: 0.76800 in epoch 33 --- 
[2023-03-21 17:13:54] PRINT [03/21 17:13:54 graph]: Epoch 97: get test acc score:  0.767
[2023-03-21 17:13:54] PRINT [03/21 17:13:54 graph]: best_f1 0.821 at epoch 24
[2023-03-21 17:13:54] PRINT [03/21 17:13:54 graph]: start epoch 98.
[2023-03-21 17:13:54] PRINT [03/21 17:13:54 graph]: # Epoch 98: train_loss: 0.3002 | lr: 0.000244
[2023-03-21 17:13:55] PRINT [03/21 17:13:55 graph]: --- Testf1: 0.75900, Best Valacc: 0.77600 in epoch 16 --- 
[2023-03-21 17:13:55] PRINT [03/21 17:13:55 graph]: Epoch 98: get test acc score:  0.759
[2023-03-21 17:13:55] PRINT [03/21 17:13:55 graph]: best_f1 0.821 at epoch 24
[2023-03-21 17:13:55] PRINT [03/21 17:13:55 graph]: start epoch 99.
[2023-03-21 17:13:55] PRINT [03/21 17:13:55 graph]: # Epoch 99: train_loss: 0.2979 | lr: 0.000244
[2023-03-21 17:13:56] PRINT [03/21 17:13:56 graph]: --- Testf1: 0.75800, Best Valacc: 0.77400 in epoch 77 --- 
[2023-03-21 17:13:57] PRINT [03/21 17:13:57 graph]: Epoch 99: get test acc score:  0.758
[2023-03-21 17:13:57] PRINT [03/21 17:13:57 graph]: best_f1 0.821 at epoch 24
[2023-03-21 17:13:57] PRINT [03/21 17:13:57 graph]: # final_acc: 0.8210±0.0000
