[2023-03-06 02:04:22] PRINT ---new cfg------
[2023-03-06 02:04:22] PRINT {'DATA': {'data_name': 'MUTAG', 'deg4feat': True}, 'DATALOADER': {'NUM_WORKERS': 0, 'BATCH_SIZE': 32}, 'MODEL': {'num_hidden': 512, 'num_layers': 2, 'nhead': 4, 'activation': 'prelu', 'attn_drop': 0.5, 'feat_drop': 0.30000000000000004, 'norm': 'layernorm', 'pooler': 'mean', 'beta_schedule': 'sigmoid', 'beta_1': 0.0006994704643787815, 'beta_T': 0.0995630361682136, 'T': 630}, 'SOLVER': {'optim_type': 'adamw', 'optim_type_f': 'adamw', 'alpha': 1, 'decay': 40, 'LR': 0.00022692995876800125, 'weight_decay': 0.0005, 'MAX_EPOCH': 50}, 'DEVICE': 'cuda', 'seeds': [11], 'eval_T': [50, 100, 200], 'output_dir': '/ddm-nni/MUTAG/log', 'checkpoint_dir': '/ddm-nni/MUTAG/log/checkpoint'}
[2023-03-06 02:04:22] PRINT [03/06 02:04:22 graph]: Rank of current process: 0. World size: 1
[2023-03-06 02:04:25] PRINT [03/06 02:04:25 graph]: Environment info:
[2023-03-06 02:04:25] PRINT PyTorch version: 1.10.0+cu113
[2023-03-06 02:04:25] PRINT Is debug build: False
[2023-03-06 02:04:25] PRINT CUDA used to build PyTorch: 11.3
[2023-03-06 02:04:25] PRINT ROCM used to build PyTorch: N/A
[2023-03-06 02:04:25] PRINT 
[2023-03-06 02:04:25] PRINT OS: Ubuntu 20.04.3 LTS (x86_64)
[2023-03-06 02:04:25] PRINT GCC version: (Ubuntu 9.3.0-17ubuntu1~20.04) 9.3.0
[2023-03-06 02:04:25] PRINT Clang version: Could not collect
[2023-03-06 02:04:25] PRINT CMake version: version 3.16.3
[2023-03-06 02:04:25] PRINT Libc version: glibc-2.31
[2023-03-06 02:04:25] PRINT 
[2023-03-06 02:04:25] PRINT Python version: 3.8.10 (default, Jun  4 2021, 15:09:15)  [GCC 7.5.0] (64-bit runtime)
[2023-03-06 02:04:25] PRINT Python platform: Linux-5.4.0-90-generic-x86_64-with-glibc2.17
[2023-03-06 02:04:25] PRINT Is CUDA available: True
[2023-03-06 02:04:25] PRINT CUDA runtime version: 11.3.109
[2023-03-06 02:04:25] PRINT GPU models and configuration: GPU 0: NVIDIA GeForce RTX 3090
[2023-03-06 02:04:25] PRINT Nvidia driver version: 495.44
[2023-03-06 02:04:25] PRINT cuDNN version: Probably one of the following:
[2023-03-06 02:04:25] PRINT /usr/lib/x86_64-linux-gnu/libcudnn.so.8.2.0
[2023-03-06 02:04:25] PRINT /usr/lib/x86_64-linux-gnu/libcudnn_adv_infer.so.8.2.0
[2023-03-06 02:04:25] PRINT /usr/lib/x86_64-linux-gnu/libcudnn_adv_train.so.8.2.0
[2023-03-06 02:04:25] PRINT /usr/lib/x86_64-linux-gnu/libcudnn_cnn_infer.so.8.2.0
[2023-03-06 02:04:25] PRINT /usr/lib/x86_64-linux-gnu/libcudnn_cnn_train.so.8.2.0
[2023-03-06 02:04:25] PRINT /usr/lib/x86_64-linux-gnu/libcudnn_ops_infer.so.8.2.0
[2023-03-06 02:04:25] PRINT /usr/lib/x86_64-linux-gnu/libcudnn_ops_train.so.8.2.0
[2023-03-06 02:04:25] PRINT HIP runtime version: N/A
[2023-03-06 02:04:25] PRINT MIOpen runtime version: N/A
[2023-03-06 02:04:25] PRINT 
[2023-03-06 02:04:25] PRINT Versions of relevant libraries:
[2023-03-06 02:04:25] PRINT [pip3] numpy==1.23.5
[2023-03-06 02:04:25] PRINT [pip3] torch==1.10.0+cu113
[2023-03-06 02:04:25] PRINT [pip3] torchvision==0.11.1+cu113
[2023-03-06 02:04:25] PRINT [conda] blas                      1.0                         mkl    https://mirrors.ustc.edu.cn/anaconda/pkgs/main
[2023-03-06 02:04:25] PRINT [conda] mkl                       2021.4.0           h06a4308_640    https://mirrors.ustc.edu.cn/anaconda/pkgs/main
[2023-03-06 02:04:25] PRINT [conda] mkl-service               2.4.0            py38h7f8727e_0    https://mirrors.ustc.edu.cn/anaconda/pkgs/main
[2023-03-06 02:04:25] PRINT [conda] mkl_fft                   1.3.1            py38hd3c417c_0    https://mirrors.ustc.edu.cn/anaconda/pkgs/main
[2023-03-06 02:04:25] PRINT [conda] mkl_random                1.2.2            py38h51133e4_0    https://mirrors.ustc.edu.cn/anaconda/pkgs/main
[2023-03-06 02:04:25] PRINT [conda] numpy                     1.21.4                   pypi_0    pypi
[2023-03-06 02:04:25] PRINT [conda] numpy-base                1.23.5           py38h31eccc5_0    https://mirrors.ustc.edu.cn/anaconda/pkgs/main
[2023-03-06 02:04:25] PRINT [conda] torch                     1.10.0+cu113             pypi_0    pypi
[2023-03-06 02:04:25] PRINT [conda] torchvision               0.11.1+cu113             pypi_0    pypi
[2023-03-06 02:04:25] PRINT         Pillow (8.4.0)
[2023-03-06 02:04:25] PRINT [03/06 02:04:25 graph]: Command line arguments: Namespace(local_rank=0, resume=False, seed=1234, start_epoch=0)
[2023-03-06 02:04:25] PRINT Using degree as node features
[2023-03-06 02:04:26] PRINT ******** # Num Graphs: 188, # Num Feat: 5, # Num Classes: 2 ********
[2023-03-06 02:04:26] PRINT [03/06 02:04:26 graph]: Run 0th for seed 11
[2023-03-06 02:04:26] PRINT [03/06 02:04:26 graph]: Total trainable params num : 5063791
[2023-03-06 02:04:30] PRINT [03/06 02:04:30 graph]: ----------Start Training----------
[2023-03-06 02:04:31] PRINT [03/06 02:04:31 graph]: Epoch 0 | train_loss: 0.9264 | lr: 0.000227
[2023-03-06 02:04:31] PRINT [03/06 02:04:31 graph]: Epoch 1 | train_loss: 0.7309 | lr: 0.000227
[2023-03-06 02:04:31] PRINT [03/06 02:04:31 graph]: Epoch 2 | train_loss: 0.6594 | lr: 0.000227
[2023-03-06 02:04:34] PRINT [03/06 02:04:34 graph]: #Test_f1: 0.8620±0.0631
[2023-03-06 02:04:34] PRINT [03/06 02:04:34 graph]: Epoch 2: get test f1 score:  0.862
[2023-03-06 02:04:34] PRINT [03/06 02:04:34 graph]: best_f1 0.862 at epoch 2
[2023-03-06 02:04:34] PRINT [03/06 02:04:34 graph]: Epoch 3 | train_loss: 0.5994 | lr: 0.000227
[2023-03-06 02:04:37] PRINT [03/06 02:04:37 graph]: #Test_f1: 0.8462±0.0681
[2023-03-06 02:04:37] PRINT [03/06 02:04:37 graph]: Epoch 3: get test f1 score:  0.846
[2023-03-06 02:04:37] PRINT [03/06 02:04:37 graph]: best_f1 0.862 at epoch 2
[2023-03-06 02:04:38] PRINT [03/06 02:04:38 graph]: Epoch 4 | train_loss: 0.5875 | lr: 0.000227
[2023-03-06 02:04:40] PRINT [03/06 02:04:40 graph]: #Test_f1: 0.8406±0.0619
[2023-03-06 02:04:41] PRINT [03/06 02:04:41 graph]: Epoch 4: get test f1 score:  0.841
[2023-03-06 02:04:41] PRINT [03/06 02:04:41 graph]: best_f1 0.862 at epoch 2
[2023-03-06 02:04:41] PRINT [03/06 02:04:41 graph]: Epoch 5 | train_loss: 0.5539 | lr: 0.000227
[2023-03-06 02:04:44] PRINT [03/06 02:04:44 graph]: #Test_f1: 0.8456±0.0650
[2023-03-06 02:04:44] PRINT [03/06 02:04:44 graph]: Epoch 5: get test f1 score:  0.846
[2023-03-06 02:04:44] PRINT [03/06 02:04:44 graph]: best_f1 0.862 at epoch 2
[2023-03-06 02:04:44] PRINT [03/06 02:04:44 graph]: Epoch 6 | train_loss: 0.5290 | lr: 0.000227
[2023-03-06 02:04:47] PRINT [03/06 02:04:47 graph]: #Test_f1: 0.8506±0.0671
[2023-03-06 02:04:47] PRINT [03/06 02:04:47 graph]: Epoch 6: get test f1 score:  0.851
[2023-03-06 02:04:47] PRINT [03/06 02:04:47 graph]: best_f1 0.862 at epoch 2
[2023-03-06 02:04:48] PRINT [03/06 02:04:48 graph]: Epoch 7 | train_loss: 0.5144 | lr: 0.000227
[2023-03-06 02:04:50] PRINT [03/06 02:04:50 graph]: #Test_f1: 0.8406±0.0619
[2023-03-06 02:04:51] PRINT [03/06 02:04:51 graph]: Epoch 7: get test f1 score:  0.841
[2023-03-06 02:04:51] PRINT [03/06 02:04:51 graph]: best_f1 0.862 at epoch 2
[2023-03-06 02:04:51] PRINT [03/06 02:04:51 graph]: Epoch 8 | train_loss: 0.4827 | lr: 0.000227
[2023-03-06 02:04:54] PRINT [03/06 02:04:54 graph]: #Test_f1: 0.8243±0.0585
[2023-03-06 02:04:54] PRINT [03/06 02:04:54 graph]: Epoch 8: get test f1 score:  0.824
[2023-03-06 02:04:54] PRINT [03/06 02:04:54 graph]: best_f1 0.862 at epoch 2
[2023-03-06 02:04:54] PRINT [03/06 02:04:54 graph]: Epoch 9 | train_loss: 0.4791 | lr: 0.000227
[2023-03-06 02:04:57] PRINT [03/06 02:04:57 graph]: #Test_f1: 0.8026±0.0727
[2023-03-06 02:04:57] PRINT [03/06 02:04:57 graph]: Epoch 9: get test f1 score:  0.803
[2023-03-06 02:04:57] PRINT [03/06 02:04:57 graph]: best_f1 0.862 at epoch 2
[2023-03-06 02:04:58] PRINT [03/06 02:04:58 graph]: Epoch 10 | train_loss: 0.4661 | lr: 0.000227
[2023-03-06 02:05:00] PRINT [03/06 02:05:00 graph]: #Test_f1: 0.8193±0.0714
[2023-03-06 02:05:01] PRINT [03/06 02:05:01 graph]: Epoch 10: get test f1 score:  0.819
[2023-03-06 02:05:01] PRINT [03/06 02:05:01 graph]: best_f1 0.862 at epoch 2
[2023-03-06 02:05:01] PRINT [03/06 02:05:01 graph]: Epoch 11 | train_loss: 0.4567 | lr: 0.000227
[2023-03-06 02:05:04] PRINT [03/06 02:05:04 graph]: #Test_f1: 0.8085±0.0715
[2023-03-06 02:05:04] PRINT [03/06 02:05:04 graph]: Epoch 11: get test f1 score:  0.808
[2023-03-06 02:05:04] PRINT [03/06 02:05:04 graph]: best_f1 0.862 at epoch 2
[2023-03-06 02:05:05] PRINT [03/06 02:05:05 graph]: Epoch 12 | train_loss: 0.4473 | lr: 0.000227
[2023-03-06 02:05:07] PRINT [03/06 02:05:07 graph]: #Test_f1: 0.8135±0.0730
[2023-03-06 02:05:08] PRINT [03/06 02:05:08 graph]: Epoch 12: get test f1 score:  0.813
[2023-03-06 02:05:08] PRINT [03/06 02:05:08 graph]: best_f1 0.862 at epoch 2
[2023-03-06 02:05:08] PRINT [03/06 02:05:08 graph]: Epoch 13 | train_loss: 0.4483 | lr: 0.000227
[2023-03-06 02:05:11] PRINT [03/06 02:05:11 graph]: #Test_f1: 0.8240±0.0595
[2023-03-06 02:05:11] PRINT [03/06 02:05:11 graph]: Epoch 13: get test f1 score:  0.824
[2023-03-06 02:05:11] PRINT [03/06 02:05:11 graph]: best_f1 0.862 at epoch 2
[2023-03-06 02:05:11] PRINT [03/06 02:05:11 graph]: Epoch 14 | train_loss: 0.4375 | lr: 0.000227
[2023-03-06 02:05:14] PRINT [03/06 02:05:14 graph]: #Test_f1: 0.8193±0.0627
[2023-03-06 02:05:14] PRINT [03/06 02:05:14 graph]: Epoch 14: get test f1 score:  0.819
[2023-03-06 02:05:14] PRINT [03/06 02:05:14 graph]: best_f1 0.862 at epoch 2
[2023-03-06 02:05:15] PRINT [03/06 02:05:15 graph]: Epoch 15 | train_loss: 0.4308 | lr: 0.000227
[2023-03-06 02:05:17] PRINT [03/06 02:05:17 graph]: #Test_f1: 0.8249±0.0660
[2023-03-06 02:05:18] PRINT [03/06 02:05:18 graph]: Epoch 15: get test f1 score:  0.825
[2023-03-06 02:05:18] PRINT [03/06 02:05:18 graph]: best_f1 0.862 at epoch 2
[2023-03-06 02:05:18] PRINT [03/06 02:05:18 graph]: Epoch 16 | train_loss: 0.4441 | lr: 0.000227
[2023-03-06 02:05:21] PRINT [03/06 02:05:21 graph]: #Test_f1: 0.8088±0.0781
[2023-03-06 02:05:21] PRINT [03/06 02:05:21 graph]: Epoch 16: get test f1 score:  0.809
[2023-03-06 02:05:21] PRINT [03/06 02:05:21 graph]: best_f1 0.862 at epoch 2
[2023-03-06 02:05:21] PRINT [03/06 02:05:21 graph]: Epoch 17 | train_loss: 0.4157 | lr: 0.000227
[2023-03-06 02:05:24] PRINT [03/06 02:05:24 graph]: #Test_f1: 0.8088±0.0781
[2023-03-06 02:05:24] PRINT [03/06 02:05:24 graph]: Epoch 17: get test f1 score:  0.809
[2023-03-06 02:05:24] PRINT [03/06 02:05:24 graph]: best_f1 0.862 at epoch 2
[2023-03-06 02:05:25] PRINT [03/06 02:05:25 graph]: Epoch 18 | train_loss: 0.4147 | lr: 0.000227
[2023-03-06 02:05:27] PRINT [03/06 02:05:27 graph]: #Test_f1: 0.8085±0.0715
[2023-03-06 02:05:28] PRINT [03/06 02:05:28 graph]: Epoch 18: get test f1 score:  0.808
[2023-03-06 02:05:28] PRINT [03/06 02:05:28 graph]: best_f1 0.862 at epoch 2
[2023-03-06 02:05:28] PRINT [03/06 02:05:28 graph]: Epoch 19 | train_loss: 0.4097 | lr: 0.000227
[2023-03-06 02:05:31] PRINT [03/06 02:05:31 graph]: #Test_f1: 0.7977±0.0703
[2023-03-06 02:05:31] PRINT [03/06 02:05:31 graph]: Epoch 19: get test f1 score:  0.798
[2023-03-06 02:05:31] PRINT [03/06 02:05:31 graph]: best_f1 0.862 at epoch 2
[2023-03-06 02:05:31] PRINT [03/06 02:05:31 graph]: Epoch 20 | train_loss: 0.4099 | lr: 0.000227
[2023-03-06 02:05:34] PRINT [03/06 02:05:34 graph]: #Test_f1: 0.8085±0.0675
[2023-03-06 02:05:34] PRINT [03/06 02:05:34 graph]: Epoch 20: get test f1 score:  0.808
[2023-03-06 02:05:34] PRINT [03/06 02:05:34 graph]: best_f1 0.862 at epoch 2
[2023-03-06 02:05:35] PRINT [03/06 02:05:35 graph]: Epoch 21 | train_loss: 0.4137 | lr: 0.000227
[2023-03-06 02:05:38] PRINT [03/06 02:05:38 graph]: #Test_f1: 0.8190±0.0755
[2023-03-06 02:05:38] PRINT [03/06 02:05:38 graph]: Epoch 21: get test f1 score:  0.819
[2023-03-06 02:05:38] PRINT [03/06 02:05:38 graph]: best_f1 0.862 at epoch 2
[2023-03-06 02:05:38] PRINT [03/06 02:05:38 graph]: Epoch 22 | train_loss: 0.4075 | lr: 0.000227
[2023-03-06 02:05:41] PRINT [03/06 02:05:41 graph]: #Test_f1: 0.8035±0.0843
[2023-03-06 02:05:41] PRINT [03/06 02:05:41 graph]: Epoch 22: get test f1 score:  0.804
[2023-03-06 02:05:41] PRINT [03/06 02:05:41 graph]: best_f1 0.862 at epoch 2
[2023-03-06 02:05:41] PRINT [03/06 02:05:41 graph]: Epoch 23 | train_loss: 0.4117 | lr: 0.000227
[2023-03-06 02:05:44] PRINT [03/06 02:05:44 graph]: #Test_f1: 0.8091±0.0778
[2023-03-06 02:05:44] PRINT [03/06 02:05:44 graph]: Epoch 23: get test f1 score:  0.809
[2023-03-06 02:05:44] PRINT [03/06 02:05:44 graph]: best_f1 0.862 at epoch 2
[2023-03-06 02:05:45] PRINT [03/06 02:05:45 graph]: Epoch 24 | train_loss: 0.4064 | lr: 0.000227
[2023-03-06 02:05:48] PRINT [03/06 02:05:48 graph]: #Test_f1: 0.8032±0.0745
[2023-03-06 02:05:48] PRINT [03/06 02:05:48 graph]: Epoch 24: get test f1 score:  0.803
[2023-03-06 02:05:48] PRINT [03/06 02:05:48 graph]: best_f1 0.862 at epoch 2
[2023-03-06 02:05:48] PRINT [03/06 02:05:48 graph]: Epoch 25 | train_loss: 0.4103 | lr: 0.000227
[2023-03-06 02:05:51] PRINT [03/06 02:05:51 graph]: #Test_f1: 0.8193±0.0627
[2023-03-06 02:05:51] PRINT [03/06 02:05:51 graph]: Epoch 25: get test f1 score:  0.819
[2023-03-06 02:05:51] PRINT [03/06 02:05:51 graph]: best_f1 0.862 at epoch 2
[2023-03-06 02:05:51] PRINT [03/06 02:05:51 graph]: Epoch 26 | train_loss: 0.4057 | lr: 0.000227
[2023-03-06 02:05:54] PRINT [03/06 02:05:54 graph]: #Test_f1: 0.8137±0.0718
[2023-03-06 02:05:55] PRINT [03/06 02:05:55 graph]: Epoch 26: get test f1 score:  0.814
[2023-03-06 02:05:55] PRINT [03/06 02:05:55 graph]: best_f1 0.862 at epoch 2
[2023-03-06 02:05:55] PRINT [03/06 02:05:55 graph]: Epoch 27 | train_loss: 0.4103 | lr: 0.000227
[2023-03-06 02:05:58] PRINT [03/06 02:05:58 graph]: #Test_f1: 0.8143±0.0781
[2023-03-06 02:05:58] PRINT [03/06 02:05:58 graph]: Epoch 27: get test f1 score:  0.814
[2023-03-06 02:05:58] PRINT [03/06 02:05:58 graph]: best_f1 0.862 at epoch 2
[2023-03-06 02:05:58] PRINT [03/06 02:05:58 graph]: Epoch 28 | train_loss: 0.3994 | lr: 0.000227
[2023-03-06 02:06:01] PRINT [03/06 02:06:01 graph]: #Test_f1: 0.8193±0.0669
[2023-03-06 02:06:01] PRINT [03/06 02:06:01 graph]: Epoch 28: get test f1 score:  0.819
[2023-03-06 02:06:01] PRINT [03/06 02:06:01 graph]: best_f1 0.862 at epoch 2
[2023-03-06 02:06:02] PRINT [03/06 02:06:02 graph]: Epoch 29 | train_loss: 0.3873 | lr: 0.000227
[2023-03-06 02:06:05] PRINT [03/06 02:06:05 graph]: #Test_f1: 0.8140±0.0710
[2023-03-06 02:06:05] PRINT [03/06 02:06:05 graph]: Epoch 29: get test f1 score:  0.814
[2023-03-06 02:06:05] PRINT [03/06 02:06:05 graph]: best_f1 0.862 at epoch 2
[2023-03-06 02:06:05] PRINT [03/06 02:06:05 graph]: Epoch 30 | train_loss: 0.3885 | lr: 0.000227
[2023-03-06 02:06:08] PRINT [03/06 02:06:08 graph]: #Test_f1: 0.8032±0.0782
[2023-03-06 02:06:08] PRINT [03/06 02:06:08 graph]: Epoch 30: get test f1 score:  0.803
[2023-03-06 02:06:08] PRINT [03/06 02:06:08 graph]: best_f1 0.862 at epoch 2
[2023-03-06 02:06:09] PRINT [03/06 02:06:09 graph]: Epoch 31 | train_loss: 0.3843 | lr: 0.000227
[2023-03-06 02:06:11] PRINT [03/06 02:06:11 graph]: #Test_f1: 0.8196±0.0780
[2023-03-06 02:06:12] PRINT [03/06 02:06:12 graph]: Epoch 31: get test f1 score:  0.820
[2023-03-06 02:06:12] PRINT [03/06 02:06:12 graph]: best_f1 0.862 at epoch 2
[2023-03-06 02:06:12] PRINT [03/06 02:06:12 graph]: Epoch 32 | train_loss: 0.3922 | lr: 0.000227
[2023-03-06 02:06:15] PRINT [03/06 02:06:15 graph]: #Test_f1: 0.8143±0.0816
[2023-03-06 02:06:15] PRINT [03/06 02:06:15 graph]: Epoch 32: get test f1 score:  0.814
[2023-03-06 02:06:15] PRINT [03/06 02:06:15 graph]: best_f1 0.862 at epoch 2
[2023-03-06 02:06:15] PRINT [03/06 02:06:15 graph]: Epoch 33 | train_loss: 0.3887 | lr: 0.000227
[2023-03-06 02:06:18] PRINT [03/06 02:06:18 graph]: #Test_f1: 0.8085±0.0675
[2023-03-06 02:06:19] PRINT [03/06 02:06:19 graph]: Epoch 33: get test f1 score:  0.808
[2023-03-06 02:06:19] PRINT [03/06 02:06:19 graph]: best_f1 0.862 at epoch 2
[2023-03-06 02:06:19] PRINT [03/06 02:06:19 graph]: Epoch 34 | train_loss: 0.3813 | lr: 0.000227
[2023-03-06 02:06:22] PRINT [03/06 02:06:22 graph]: #Test_f1: 0.7874±0.0811
[2023-03-06 02:06:22] PRINT [03/06 02:06:22 graph]: Epoch 34: get test f1 score:  0.787
[2023-03-06 02:06:22] PRINT [03/06 02:06:22 graph]: best_f1 0.862 at epoch 2
[2023-03-06 02:06:22] PRINT [03/06 02:06:22 graph]: Epoch 35 | train_loss: 0.3964 | lr: 0.000227
[2023-03-06 02:06:25] PRINT [03/06 02:06:25 graph]: #Test_f1: 0.8085±0.0675
[2023-03-06 02:06:25] PRINT [03/06 02:06:25 graph]: Epoch 35: get test f1 score:  0.808
[2023-03-06 02:06:25] PRINT [03/06 02:06:25 graph]: best_f1 0.862 at epoch 2
[2023-03-06 02:06:25] PRINT [03/06 02:06:25 graph]: Epoch 36 | train_loss: 0.3683 | lr: 0.000227
[2023-03-06 02:06:28] PRINT [03/06 02:06:28 graph]: #Test_f1: 0.8196±0.0780
[2023-03-06 02:06:29] PRINT [03/06 02:06:29 graph]: Epoch 36: get test f1 score:  0.820
[2023-03-06 02:06:29] PRINT [03/06 02:06:29 graph]: best_f1 0.862 at epoch 2
[2023-03-06 02:06:29] PRINT [03/06 02:06:29 graph]: Epoch 37 | train_loss: 0.3801 | lr: 0.000227
[2023-03-06 02:06:32] PRINT [03/06 02:06:32 graph]: #Test_f1: 0.8196±0.0706
[2023-03-06 02:06:32] PRINT [03/06 02:06:32 graph]: Epoch 37: get test f1 score:  0.820
[2023-03-06 02:06:32] PRINT [03/06 02:06:32 graph]: best_f1 0.862 at epoch 2
[2023-03-06 02:06:32] PRINT [03/06 02:06:32 graph]: Epoch 38 | train_loss: 0.3691 | lr: 0.000227
[2023-03-06 02:06:35] PRINT [03/06 02:06:35 graph]: #Test_f1: 0.8035±0.0738
[2023-03-06 02:06:35] PRINT [03/06 02:06:35 graph]: Epoch 38: get test f1 score:  0.804
[2023-03-06 02:06:35] PRINT [03/06 02:06:35 graph]: best_f1 0.862 at epoch 2
[2023-03-06 02:06:35] PRINT [03/06 02:06:35 graph]: Epoch 39 | train_loss: 0.3782 | lr: 0.000227
[2023-03-06 02:06:38] PRINT [03/06 02:06:38 graph]: #Test_f1: 0.7930±0.0886
[2023-03-06 02:06:39] PRINT [03/06 02:06:39 graph]: Epoch 39: get test f1 score:  0.793
[2023-03-06 02:06:39] PRINT [03/06 02:06:39 graph]: best_f1 0.862 at epoch 2
[2023-03-06 02:06:39] PRINT [03/06 02:06:39 graph]: Epoch 40 | train_loss: 0.3719 | lr: 0.000227
[2023-03-06 02:06:42] PRINT [03/06 02:06:42 graph]: #Test_f1: 0.8088±0.0707
[2023-03-06 02:06:42] PRINT [03/06 02:06:42 graph]: Epoch 40: get test f1 score:  0.809
[2023-03-06 02:06:42] PRINT [03/06 02:06:42 graph]: best_f1 0.862 at epoch 2
[2023-03-06 02:06:42] PRINT [03/06 02:06:42 graph]: Epoch 41 | train_loss: 0.3613 | lr: 0.000227
[2023-03-06 02:06:45] PRINT [03/06 02:06:45 graph]: #Test_f1: 0.8088±0.0707
[2023-03-06 02:06:46] PRINT [03/06 02:06:46 graph]: Epoch 41: get test f1 score:  0.809
[2023-03-06 02:06:46] PRINT [03/06 02:06:46 graph]: best_f1 0.862 at epoch 2
[2023-03-06 02:06:46] PRINT [03/06 02:06:46 graph]: Epoch 42 | train_loss: 0.3688 | lr: 0.000227
[2023-03-06 02:06:48] PRINT [03/06 02:06:48 graph]: #Test_f1: 0.8035±0.0775
[2023-03-06 02:06:49] PRINT [03/06 02:06:49 graph]: Epoch 42: get test f1 score:  0.804
[2023-03-06 02:06:49] PRINT [03/06 02:06:49 graph]: best_f1 0.862 at epoch 2
[2023-03-06 02:06:49] PRINT [03/06 02:06:49 graph]: Epoch 43 | train_loss: 0.3778 | lr: 0.000227
[2023-03-06 02:06:52] PRINT [03/06 02:06:52 graph]: #Test_f1: 0.8199±0.0849
[2023-03-06 02:06:52] PRINT [03/06 02:06:52 graph]: Epoch 43: get test f1 score:  0.820
[2023-03-06 02:06:52] PRINT [03/06 02:06:52 graph]: best_f1 0.862 at epoch 2
[2023-03-06 02:06:52] PRINT [03/06 02:06:52 graph]: Epoch 44 | train_loss: 0.3743 | lr: 0.000227
[2023-03-06 02:06:55] PRINT [03/06 02:06:55 graph]: #Test_f1: 0.8032±0.0782
[2023-03-06 02:06:55] PRINT [03/06 02:06:55 graph]: Epoch 44: get test f1 score:  0.803
[2023-03-06 02:06:55] PRINT [03/06 02:06:55 graph]: best_f1 0.862 at epoch 2
[2023-03-06 02:06:56] PRINT [03/06 02:06:56 graph]: Epoch 45 | train_loss: 0.3672 | lr: 0.000227
[2023-03-06 02:06:59] PRINT [03/06 02:06:59 graph]: #Test_f1: 0.8032±0.0782
[2023-03-06 02:06:59] PRINT [03/06 02:06:59 graph]: Epoch 45: get test f1 score:  0.803
[2023-03-06 02:06:59] PRINT [03/06 02:06:59 graph]: best_f1 0.862 at epoch 2
[2023-03-06 02:06:59] PRINT [03/06 02:06:59 graph]: Epoch 46 | train_loss: 0.3620 | lr: 0.000227
[2023-03-06 02:07:02] PRINT [03/06 02:07:02 graph]: #Test_f1: 0.7980±0.0696
[2023-03-06 02:07:02] PRINT [03/06 02:07:02 graph]: Epoch 46: get test f1 score:  0.798
[2023-03-06 02:07:02] PRINT [03/06 02:07:02 graph]: best_f1 0.862 at epoch 2
[2023-03-06 02:07:02] PRINT [03/06 02:07:02 graph]: Epoch 47 | train_loss: 0.3551 | lr: 0.000227
[2023-03-06 02:07:05] PRINT [03/06 02:07:05 graph]: #Test_f1: 0.8091±0.0886
[2023-03-06 02:07:06] PRINT [03/06 02:07:06 graph]: Epoch 47: get test f1 score:  0.809
[2023-03-06 02:07:06] PRINT [03/06 02:07:06 graph]: best_f1 0.862 at epoch 2
[2023-03-06 02:07:06] PRINT [03/06 02:07:06 graph]: Epoch 48 | train_loss: 0.3489 | lr: 0.000227
[2023-03-06 02:07:09] PRINT [03/06 02:07:09 graph]: #Test_f1: 0.8196±0.0622
[2023-03-06 02:07:09] PRINT [03/06 02:07:09 graph]: Epoch 48: get test f1 score:  0.820
[2023-03-06 02:07:09] PRINT [03/06 02:07:09 graph]: best_f1 0.862 at epoch 2
[2023-03-06 02:07:09] PRINT [03/06 02:07:09 graph]: Epoch 49 | train_loss: 0.3648 | lr: 0.000227
[2023-03-06 02:07:12] PRINT [03/06 02:07:12 graph]: #Test_f1: 0.8143±0.0789
[2023-03-06 02:07:12] PRINT [03/06 02:07:12 graph]: Epoch 49: get test f1 score:  0.814
[2023-03-06 02:07:12] PRINT [03/06 02:07:12 graph]: best_f1 0.862 at epoch 2
[2023-03-06 02:07:12] PRINT [03/06 02:07:12 graph]: # final_acc: 0.8620±0.0000
