[2023-03-21 19:10:54] PRINT ---new cfg------
[2023-03-21 19:10:54] PRINT {'DATA': {'data_name': 'photo'}, 'DATALOADER': {'NUM_WORKERS': 0}, 'MODEL': {'num_hidden': 1024, 'num_layers': 2, 'nhead': 4, 'activation': 'prelu', 'attn_drop': 0.5, 'feat_drop': 0.4, 'norm': 'batchnorm', 'pooler': 'mean', 'beta_schedule': 'quad', 'beta_1': 0.00012308159750245738, 'beta_T': 0.09996550972605744, 'T': 341}, 'SOLVER': {'optim_type': 'adam', 'optim_type_f': 'adamw', 'alpha': 0, 'decay': 40, 'LR': 0.0003836434567041707, 'LR_f': 0.01477356966632108, 'weight_decay': 0, 'weight_decay_f': 0.00031904057703599335, 'MAX_EPOCH': 150, 'max_epoch_f': 100}, 'DEVICE': 'cuda', 'seeds': [0], 'eval_T': [50, 100, 200], 'output_dir': '/ddm-nni/AmazonCoBuyPhotoDataset/log', 'checkpoint_dir': '/ddm-nni/AmazonCoBuyPhotoDataset/log/checkpoint'}
[2023-03-21 19:10:54] PRINT [03/21 19:10:54 graph]: Rank of current process: 0. World size: 1
[2023-03-21 19:10:57] PRINT [03/21 19:10:57 graph]: Environment info:
[2023-03-21 19:10:57] PRINT PyTorch version: 1.10.0+cu113
[2023-03-21 19:10:57] PRINT Is debug build: False
[2023-03-21 19:10:57] PRINT CUDA used to build PyTorch: 11.3
[2023-03-21 19:10:57] PRINT ROCM used to build PyTorch: N/A
[2023-03-21 19:10:57] PRINT 
[2023-03-21 19:10:57] PRINT OS: Ubuntu 20.04.3 LTS (x86_64)
[2023-03-21 19:10:57] PRINT GCC version: (Ubuntu 9.3.0-17ubuntu1~20.04) 9.3.0
[2023-03-21 19:10:57] PRINT Clang version: Could not collect
[2023-03-21 19:10:57] PRINT CMake version: version 3.16.3
[2023-03-21 19:10:57] PRINT Libc version: glibc-2.31
[2023-03-21 19:10:57] PRINT 
[2023-03-21 19:10:57] PRINT Python version: 3.8.10 (default, Jun  4 2021, 15:09:15)  [GCC 7.5.0] (64-bit runtime)
[2023-03-21 19:10:57] PRINT Python platform: Linux-5.4.0-90-generic-x86_64-with-glibc2.17
[2023-03-21 19:10:57] PRINT Is CUDA available: True
[2023-03-21 19:10:57] PRINT CUDA runtime version: 11.3.109
[2023-03-21 19:10:57] PRINT GPU models and configuration: GPU 0: NVIDIA GeForce RTX 3090
[2023-03-21 19:10:57] PRINT Nvidia driver version: 495.44
[2023-03-21 19:10:57] PRINT cuDNN version: Probably one of the following:
[2023-03-21 19:10:57] PRINT /usr/lib/x86_64-linux-gnu/libcudnn.so.8.2.0
[2023-03-21 19:10:57] PRINT /usr/lib/x86_64-linux-gnu/libcudnn_adv_infer.so.8.2.0
[2023-03-21 19:10:57] PRINT /usr/lib/x86_64-linux-gnu/libcudnn_adv_train.so.8.2.0
[2023-03-21 19:10:57] PRINT /usr/lib/x86_64-linux-gnu/libcudnn_cnn_infer.so.8.2.0
[2023-03-21 19:10:57] PRINT /usr/lib/x86_64-linux-gnu/libcudnn_cnn_train.so.8.2.0
[2023-03-21 19:10:57] PRINT /usr/lib/x86_64-linux-gnu/libcudnn_ops_infer.so.8.2.0
[2023-03-21 19:10:57] PRINT /usr/lib/x86_64-linux-gnu/libcudnn_ops_train.so.8.2.0
[2023-03-21 19:10:57] PRINT HIP runtime version: N/A
[2023-03-21 19:10:57] PRINT MIOpen runtime version: N/A
[2023-03-21 19:10:57] PRINT 
[2023-03-21 19:10:57] PRINT Versions of relevant libraries:
[2023-03-21 19:10:57] PRINT [pip3] numpy==1.23.5
[2023-03-21 19:10:57] PRINT [pip3] torch==1.10.0+cu113
[2023-03-21 19:10:57] PRINT [pip3] torchvision==0.11.1+cu113
[2023-03-21 19:10:57] PRINT [conda] blas                      1.0                         mkl    https://mirrors.ustc.edu.cn/anaconda/pkgs/main
[2023-03-21 19:10:57] PRINT [conda] mkl                       2021.4.0           h06a4308_640    https://mirrors.ustc.edu.cn/anaconda/pkgs/main
[2023-03-21 19:10:57] PRINT [conda] mkl-service               2.4.0            py38h7f8727e_0    https://mirrors.ustc.edu.cn/anaconda/pkgs/main
[2023-03-21 19:10:57] PRINT [conda] mkl_fft                   1.3.1            py38hd3c417c_0    https://mirrors.ustc.edu.cn/anaconda/pkgs/main
[2023-03-21 19:10:57] PRINT [conda] mkl_random                1.2.2            py38h51133e4_0    https://mirrors.ustc.edu.cn/anaconda/pkgs/main
[2023-03-21 19:10:57] PRINT [conda] numpy                     1.21.4                   pypi_0    pypi
[2023-03-21 19:10:57] PRINT [conda] numpy-base                1.23.5           py38h31eccc5_0    https://mirrors.ustc.edu.cn/anaconda/pkgs/main
[2023-03-21 19:10:57] PRINT [conda] torch                     1.10.0+cu113             pypi_0    pypi
[2023-03-21 19:10:57] PRINT [conda] torchvision               0.11.1+cu113             pypi_0    pypi
[2023-03-21 19:10:57] PRINT         Pillow (8.4.0)
[2023-03-21 19:10:57] PRINT [03/21 19:10:57 graph]: Command line arguments: Namespace(local_rank=0, resume=False, seed=1234, start_epoch=0)
[2023-03-21 19:10:57] PRINT [03/21 19:10:57 graph]: Run 0th for seed 0
[2023-03-21 19:10:58] PRINT [03/21 19:10:58 graph]: Total trainable params num : 23211439
[2023-03-21 19:11:02] PRINT [03/21 19:11:02 graph]: ----------Start Training----------
[2023-03-21 19:11:03] PRINT [03/21 19:11:03 graph]: start epoch 0.
[2023-03-21 19:11:03] PRINT [03/21 19:11:03 graph]: # Epoch 0: train_loss: 0.9860 | lr: 0.000384
[2023-03-21 19:11:03] PRINT [03/21 19:11:03 graph]: start epoch 1.
[2023-03-21 19:11:03] PRINT [03/21 19:11:03 graph]: # Epoch 1: train_loss: 0.7884 | lr: 0.000384
[2023-03-21 19:11:03] PRINT [03/21 19:11:03 graph]: start epoch 2.
[2023-03-21 19:11:03] PRINT [03/21 19:11:03 graph]: # Epoch 2: train_loss: 0.6664 | lr: 0.000384
[2023-03-21 19:11:03] PRINT [03/21 19:11:03 graph]: start epoch 3.
[2023-03-21 19:11:04] PRINT [03/21 19:11:04 graph]: # Epoch 3: train_loss: 0.6195 | lr: 0.000384
[2023-03-21 19:11:04] PRINT [03/21 19:11:04 graph]: start epoch 4.
[2023-03-21 19:11:04] PRINT [03/21 19:11:04 graph]: # Epoch 4: train_loss: 0.5945 | lr: 0.000384
[2023-03-21 19:11:04] PRINT [03/21 19:11:04 graph]: start epoch 5.
[2023-03-21 19:11:04] PRINT [03/21 19:11:04 graph]: # Epoch 5: train_loss: 0.5793 | lr: 0.000384
[2023-03-21 19:11:04] PRINT [03/21 19:11:04 graph]: start epoch 6.
[2023-03-21 19:11:04] PRINT [03/21 19:11:04 graph]: # Epoch 6: train_loss: 0.5673 | lr: 0.000384
[2023-03-21 19:11:04] PRINT [03/21 19:11:04 graph]: start epoch 7.
[2023-03-21 19:11:04] PRINT [03/21 19:11:04 graph]: # Epoch 7: train_loss: 0.5558 | lr: 0.000384
[2023-03-21 19:11:04] PRINT [03/21 19:11:04 graph]: start epoch 8.
[2023-03-21 19:11:04] PRINT [03/21 19:11:04 graph]: # Epoch 8: train_loss: 0.5454 | lr: 0.000384
[2023-03-21 19:11:04] PRINT [03/21 19:11:04 graph]: start epoch 9.
[2023-03-21 19:11:04] PRINT [03/21 19:11:04 graph]: # Epoch 9: train_loss: 0.5403 | lr: 0.000384
[2023-03-21 19:11:04] PRINT [03/21 19:11:04 graph]: start epoch 10.
[2023-03-21 19:11:05] PRINT [03/21 19:11:05 graph]: # Epoch 10: train_loss: 0.5317 | lr: 0.000384
[2023-03-21 19:11:05] PRINT [03/21 19:11:05 graph]: start epoch 11.
[2023-03-21 19:11:05] PRINT [03/21 19:11:05 graph]: # Epoch 11: train_loss: 0.5266 | lr: 0.000384
[2023-03-21 19:11:05] PRINT [03/21 19:11:05 graph]: start epoch 12.
[2023-03-21 19:11:05] PRINT [03/21 19:11:05 graph]: # Epoch 12: train_loss: 0.5193 | lr: 0.000384
[2023-03-21 19:11:05] PRINT [03/21 19:11:05 graph]: start epoch 13.
[2023-03-21 19:11:05] PRINT [03/21 19:11:05 graph]: # Epoch 13: train_loss: 0.5162 | lr: 0.000384
[2023-03-21 19:11:05] PRINT [03/21 19:11:05 graph]: start epoch 14.
[2023-03-21 19:11:05] PRINT [03/21 19:11:05 graph]: # Epoch 14: train_loss: 0.5097 | lr: 0.000384
[2023-03-21 19:11:05] PRINT [03/21 19:11:05 graph]: start epoch 15.
[2023-03-21 19:11:05] PRINT [03/21 19:11:05 graph]: # Epoch 15: train_loss: 0.5056 | lr: 0.000384
[2023-03-21 19:11:05] PRINT [03/21 19:11:05 graph]: start epoch 16.
[2023-03-21 19:11:06] PRINT [03/21 19:11:06 graph]: # Epoch 16: train_loss: 0.5015 | lr: 0.000384
[2023-03-21 19:11:06] PRINT [03/21 19:11:06 graph]: start epoch 17.
[2023-03-21 19:11:06] PRINT [03/21 19:11:06 graph]: # Epoch 17: train_loss: 0.4981 | lr: 0.000384
[2023-03-21 19:11:06] PRINT [03/21 19:11:06 graph]: start epoch 18.
[2023-03-21 19:11:06] PRINT [03/21 19:11:06 graph]: # Epoch 18: train_loss: 0.4956 | lr: 0.000384
[2023-03-21 19:11:06] PRINT [03/21 19:11:06 graph]: start epoch 19.
[2023-03-21 19:11:06] PRINT [03/21 19:11:06 graph]: # Epoch 19: train_loss: 0.4914 | lr: 0.000384
[2023-03-21 19:11:06] PRINT [03/21 19:11:06 graph]: start epoch 20.
[2023-03-21 19:11:06] PRINT [03/21 19:11:06 graph]: # Epoch 20: train_loss: 0.4923 | lr: 0.000384
[2023-03-21 19:11:06] PRINT [03/21 19:11:06 graph]: start epoch 21.
[2023-03-21 19:11:06] PRINT [03/21 19:11:06 graph]: # Epoch 21: train_loss: 0.4940 | lr: 0.000384
[2023-03-21 19:11:06] PRINT [03/21 19:11:06 graph]: start epoch 22.
[2023-03-21 19:11:06] PRINT [03/21 19:11:06 graph]: # Epoch 22: train_loss: 0.4947 | lr: 0.000384
[2023-03-21 19:11:06] PRINT [03/21 19:11:06 graph]: start epoch 23.
[2023-03-21 19:11:07] PRINT [03/21 19:11:07 graph]: # Epoch 23: train_loss: 0.4859 | lr: 0.000384
[2023-03-21 19:11:07] PRINT [03/21 19:11:07 graph]: start epoch 24.
[2023-03-21 19:11:07] PRINT [03/21 19:11:07 graph]: # Epoch 24: train_loss: 0.4843 | lr: 0.000384
[2023-03-21 19:11:07] PRINT [03/21 19:11:07 graph]: start epoch 25.
[2023-03-21 19:11:07] PRINT [03/21 19:11:07 graph]: # Epoch 25: train_loss: 0.4830 | lr: 0.000384
[2023-03-21 19:11:07] PRINT [03/21 19:11:07 graph]: start epoch 26.
[2023-03-21 19:11:07] PRINT [03/21 19:11:07 graph]: # Epoch 26: train_loss: 0.4766 | lr: 0.000384
[2023-03-21 19:11:07] PRINT [03/21 19:11:07 graph]: start epoch 27.
[2023-03-21 19:11:07] PRINT [03/21 19:11:07 graph]: # Epoch 27: train_loss: 0.4764 | lr: 0.000384
[2023-03-21 19:11:07] PRINT [03/21 19:11:07 graph]: start epoch 28.
[2023-03-21 19:11:07] PRINT [03/21 19:11:07 graph]: # Epoch 28: train_loss: 0.4749 | lr: 0.000384
[2023-03-21 19:11:07] PRINT [03/21 19:11:07 graph]: start epoch 29.
[2023-03-21 19:11:07] PRINT [03/21 19:11:07 graph]: # Epoch 29: train_loss: 0.4702 | lr: 0.000384
[2023-03-21 19:11:07] PRINT [03/21 19:11:07 graph]: start epoch 30.
[2023-03-21 19:11:08] PRINT [03/21 19:11:08 graph]: # Epoch 30: train_loss: 0.4710 | lr: 0.000384
[2023-03-21 19:11:08] PRINT [03/21 19:11:08 graph]: start epoch 31.
[2023-03-21 19:11:08] PRINT [03/21 19:11:08 graph]: # Epoch 31: train_loss: 0.4682 | lr: 0.000384
[2023-03-21 19:11:08] PRINT [03/21 19:11:08 graph]: start epoch 32.
[2023-03-21 19:11:08] PRINT [03/21 19:11:08 graph]: # Epoch 32: train_loss: 0.4660 | lr: 0.000384
[2023-03-21 19:11:08] PRINT [03/21 19:11:08 graph]: start epoch 33.
[2023-03-21 19:11:08] PRINT [03/21 19:11:08 graph]: # Epoch 33: train_loss: 0.4642 | lr: 0.000384
[2023-03-21 19:11:08] PRINT [03/21 19:11:08 graph]: start epoch 34.
[2023-03-21 19:11:08] PRINT [03/21 19:11:08 graph]: # Epoch 34: train_loss: 0.4633 | lr: 0.000384
[2023-03-21 19:11:08] PRINT [03/21 19:11:08 graph]: start epoch 35.
[2023-03-21 19:11:08] PRINT [03/21 19:11:08 graph]: # Epoch 35: train_loss: 0.4616 | lr: 0.000384
[2023-03-21 19:11:08] PRINT [03/21 19:11:08 graph]: start epoch 36.
[2023-03-21 19:11:08] PRINT [03/21 19:11:08 graph]: # Epoch 36: train_loss: 0.4600 | lr: 0.000384
[2023-03-21 19:11:08] PRINT [03/21 19:11:08 graph]: start epoch 37.
[2023-03-21 19:11:09] PRINT [03/21 19:11:09 graph]: # Epoch 37: train_loss: 0.4595 | lr: 0.000384
[2023-03-21 19:11:09] PRINT [03/21 19:11:09 graph]: start epoch 38.
[2023-03-21 19:11:09] PRINT [03/21 19:11:09 graph]: # Epoch 38: train_loss: 0.4579 | lr: 0.000384
[2023-03-21 19:11:09] PRINT [03/21 19:11:09 graph]: start epoch 39.
[2023-03-21 19:11:09] PRINT [03/21 19:11:09 graph]: # Epoch 39: train_loss: 0.4572 | lr: 0.000384
[2023-03-21 19:11:09] PRINT [03/21 19:11:09 graph]: start epoch 40.
[2023-03-21 19:11:09] PRINT [03/21 19:11:09 graph]: # Epoch 40: train_loss: 0.4564 | lr: 0.000000
[2023-03-21 19:11:09] PRINT [03/21 19:11:09 graph]: start epoch 41.
[2023-03-21 19:11:09] PRINT [03/21 19:11:09 graph]: # Epoch 41: train_loss: 0.4562 | lr: 0.000000
[2023-03-21 19:11:09] PRINT [03/21 19:11:09 graph]: start epoch 42.
[2023-03-21 19:11:09] PRINT [03/21 19:11:09 graph]: # Epoch 42: train_loss: 0.4563 | lr: 0.000000
[2023-03-21 19:11:09] PRINT [03/21 19:11:09 graph]: start epoch 43.
[2023-03-21 19:11:10] PRINT [03/21 19:11:10 graph]: # Epoch 43: train_loss: 0.4562 | lr: 0.000000
[2023-03-21 19:11:10] PRINT [03/21 19:11:10 graph]: start epoch 44.
[2023-03-21 19:11:10] PRINT [03/21 19:11:10 graph]: # Epoch 44: train_loss: 0.4562 | lr: 0.000000
[2023-03-21 19:11:10] PRINT [03/21 19:11:10 graph]: start epoch 45.
[2023-03-21 19:11:10] PRINT [03/21 19:11:10 graph]: # Epoch 45: train_loss: 0.4563 | lr: 0.000000
[2023-03-21 19:11:10] PRINT [03/21 19:11:10 graph]: start epoch 46.
[2023-03-21 19:11:10] PRINT [03/21 19:11:10 graph]: # Epoch 46: train_loss: 0.4564 | lr: 0.000000
[2023-03-21 19:11:10] PRINT [03/21 19:11:10 graph]: start epoch 47.
[2023-03-21 19:11:10] PRINT [03/21 19:11:10 graph]: # Epoch 47: train_loss: 0.4560 | lr: 0.000000
[2023-03-21 19:11:10] PRINT [03/21 19:11:10 graph]: start epoch 48.
[2023-03-21 19:11:10] PRINT [03/21 19:11:10 graph]: # Epoch 48: train_loss: 0.4561 | lr: 0.000000
[2023-03-21 19:11:10] PRINT [03/21 19:11:10 graph]: start epoch 49.
[2023-03-21 19:11:10] PRINT [03/21 19:11:10 graph]: # Epoch 49: train_loss: 0.4565 | lr: 0.000000
[2023-03-21 19:11:10] PRINT [03/21 19:11:10 graph]: start epoch 50.
[2023-03-21 19:11:11] PRINT [03/21 19:11:11 graph]: # Epoch 50: train_loss: 0.4568 | lr: 0.000000
[2023-03-21 19:11:11] PRINT [03/21 19:11:11 graph]: start epoch 51.
[2023-03-21 19:11:11] PRINT [03/21 19:11:11 graph]: # Epoch 51: train_loss: 0.4563 | lr: 0.000000
[2023-03-21 19:11:11] PRINT [03/21 19:11:11 graph]: start epoch 52.
[2023-03-21 19:11:11] PRINT [03/21 19:11:11 graph]: # Epoch 52: train_loss: 0.4565 | lr: 0.000000
[2023-03-21 19:11:11] PRINT [03/21 19:11:11 graph]: start epoch 53.
[2023-03-21 19:11:11] PRINT [03/21 19:11:11 graph]: # Epoch 53: train_loss: 0.4564 | lr: 0.000000
[2023-03-21 19:11:11] PRINT [03/21 19:11:11 graph]: start epoch 54.
[2023-03-21 19:11:11] PRINT [03/21 19:11:11 graph]: # Epoch 54: train_loss: 0.4564 | lr: 0.000000
[2023-03-21 19:11:11] PRINT [03/21 19:11:11 graph]: start epoch 55.
[2023-03-21 19:11:11] PRINT [03/21 19:11:11 graph]: # Epoch 55: train_loss: 0.4560 | lr: 0.000000
[2023-03-21 19:11:11] PRINT [03/21 19:11:11 graph]: start epoch 56.
[2023-03-21 19:11:11] PRINT [03/21 19:11:11 graph]: # Epoch 56: train_loss: 0.4563 | lr: 0.000000
[2023-03-21 19:11:11] PRINT [03/21 19:11:11 graph]: start epoch 57.
[2023-03-21 19:11:12] PRINT [03/21 19:11:12 graph]: # Epoch 57: train_loss: 0.4562 | lr: 0.000000
[2023-03-21 19:11:12] PRINT [03/21 19:11:12 graph]: start epoch 58.
[2023-03-21 19:11:12] PRINT [03/21 19:11:12 graph]: # Epoch 58: train_loss: 0.4564 | lr: 0.000000
[2023-03-21 19:11:12] PRINT [03/21 19:11:12 graph]: start epoch 59.
[2023-03-21 19:11:12] PRINT [03/21 19:11:12 graph]: # Epoch 59: train_loss: 0.4560 | lr: 0.000000
[2023-03-21 19:11:12] PRINT [03/21 19:11:12 graph]: start epoch 60.
[2023-03-21 19:11:12] PRINT [03/21 19:11:12 graph]: # Epoch 60: train_loss: 0.4565 | lr: 0.000000
[2023-03-21 19:11:12] PRINT [03/21 19:11:12 graph]: start epoch 61.
[2023-03-21 19:11:12] PRINT [03/21 19:11:12 graph]: # Epoch 61: train_loss: 0.4562 | lr: 0.000000
[2023-03-21 19:11:12] PRINT [03/21 19:11:12 graph]: start epoch 62.
[2023-03-21 19:11:12] PRINT [03/21 19:11:12 graph]: # Epoch 62: train_loss: 0.4561 | lr: 0.000000
[2023-03-21 19:11:12] PRINT [03/21 19:11:12 graph]: start epoch 63.
[2023-03-21 19:11:13] PRINT [03/21 19:11:13 graph]: # Epoch 63: train_loss: 0.4559 | lr: 0.000000
[2023-03-21 19:11:13] PRINT [03/21 19:11:13 graph]: start epoch 64.
[2023-03-21 19:11:13] PRINT [03/21 19:11:13 graph]: # Epoch 64: train_loss: 0.4562 | lr: 0.000000
[2023-03-21 19:11:13] PRINT [03/21 19:11:13 graph]: start epoch 65.
[2023-03-21 19:11:13] PRINT [03/21 19:11:13 graph]: # Epoch 65: train_loss: 0.4566 | lr: 0.000000
[2023-03-21 19:11:13] PRINT [03/21 19:11:13 graph]: start epoch 66.
[2023-03-21 19:11:13] PRINT [03/21 19:11:13 graph]: # Epoch 66: train_loss: 0.4564 | lr: 0.000000
[2023-03-21 19:11:13] PRINT [03/21 19:11:13 graph]: start epoch 67.
[2023-03-21 19:11:13] PRINT [03/21 19:11:13 graph]: # Epoch 67: train_loss: 0.4563 | lr: 0.000000
[2023-03-21 19:11:13] PRINT [03/21 19:11:13 graph]: start epoch 68.
[2023-03-21 19:11:13] PRINT [03/21 19:11:13 graph]: # Epoch 68: train_loss: 0.4562 | lr: 0.000000
[2023-03-21 19:11:13] PRINT [03/21 19:11:13 graph]: start epoch 69.
[2023-03-21 19:11:13] PRINT [03/21 19:11:13 graph]: # Epoch 69: train_loss: 0.4558 | lr: 0.000000
[2023-03-21 19:11:13] PRINT [03/21 19:11:13 graph]: start epoch 70.
[2023-03-21 19:11:14] PRINT [03/21 19:11:14 graph]: # Epoch 70: train_loss: 0.4562 | lr: 0.000000
[2023-03-21 19:11:14] PRINT [03/21 19:11:14 graph]: start epoch 71.
[2023-03-21 19:11:14] PRINT [03/21 19:11:14 graph]: # Epoch 71: train_loss: 0.4565 | lr: 0.000000
[2023-03-21 19:11:14] PRINT [03/21 19:11:14 graph]: start epoch 72.
[2023-03-21 19:11:14] PRINT [03/21 19:11:14 graph]: # Epoch 72: train_loss: 0.4560 | lr: 0.000000
[2023-03-21 19:11:14] PRINT [03/21 19:11:14 graph]: start epoch 73.
[2023-03-21 19:11:14] PRINT [03/21 19:11:14 graph]: # Epoch 73: train_loss: 0.4558 | lr: 0.000000
[2023-03-21 19:11:14] PRINT [03/21 19:11:14 graph]: start epoch 74.
[2023-03-21 19:11:14] PRINT [03/21 19:11:14 graph]: # Epoch 74: train_loss: 0.4561 | lr: 0.000000
[2023-03-21 19:11:14] PRINT [03/21 19:11:14 graph]: start epoch 75.
[2023-03-21 19:11:14] PRINT [03/21 19:11:14 graph]: # Epoch 75: train_loss: 0.4568 | lr: 0.000000
[2023-03-21 19:11:14] PRINT [03/21 19:11:14 graph]: start epoch 76.
[2023-03-21 19:11:15] PRINT [03/21 19:11:15 graph]: # Epoch 76: train_loss: 0.4566 | lr: 0.000000
[2023-03-21 19:11:15] PRINT [03/21 19:11:15 graph]: start epoch 77.
[2023-03-21 19:11:15] PRINT [03/21 19:11:15 graph]: # Epoch 77: train_loss: 0.4562 | lr: 0.000000
[2023-03-21 19:11:15] PRINT [03/21 19:11:15 graph]: start epoch 78.
[2023-03-21 19:11:15] PRINT [03/21 19:11:15 graph]: # Epoch 78: train_loss: 0.4563 | lr: 0.000000
[2023-03-21 19:11:15] PRINT [03/21 19:11:15 graph]: start epoch 79.
[2023-03-21 19:11:15] PRINT [03/21 19:11:15 graph]: # Epoch 79: train_loss: 0.4561 | lr: 0.000000
[2023-03-21 19:11:15] PRINT [03/21 19:11:15 graph]: start epoch 80.
[2023-03-21 19:11:15] PRINT [03/21 19:11:15 graph]: # Epoch 80: train_loss: 0.4562 | lr: 0.000000
[2023-03-21 19:11:15] PRINT [03/21 19:11:15 graph]: start epoch 81.
[2023-03-21 19:11:15] PRINT [03/21 19:11:15 graph]: # Epoch 81: train_loss: 0.4561 | lr: 0.000000
[2023-03-21 19:11:15] PRINT [03/21 19:11:15 graph]: start epoch 82.
[2023-03-21 19:11:15] PRINT [03/21 19:11:15 graph]: # Epoch 82: train_loss: 0.4558 | lr: 0.000000
[2023-03-21 19:11:15] PRINT [03/21 19:11:15 graph]: start epoch 83.
[2023-03-21 19:11:16] PRINT [03/21 19:11:16 graph]: # Epoch 83: train_loss: 0.4563 | lr: 0.000000
[2023-03-21 19:11:16] PRINT [03/21 19:11:16 graph]: start epoch 84.
[2023-03-21 19:11:16] PRINT [03/21 19:11:16 graph]: # Epoch 84: train_loss: 0.4561 | lr: 0.000000
[2023-03-21 19:11:16] PRINT [03/21 19:11:16 graph]: start epoch 85.
[2023-03-21 19:11:16] PRINT [03/21 19:11:16 graph]: # Epoch 85: train_loss: 0.4565 | lr: 0.000000
[2023-03-21 19:11:16] PRINT [03/21 19:11:16 graph]: start epoch 86.
[2023-03-21 19:11:16] PRINT [03/21 19:11:16 graph]: # Epoch 86: train_loss: 0.4567 | lr: 0.000000
[2023-03-21 19:11:16] PRINT [03/21 19:11:16 graph]: start epoch 87.
[2023-03-21 19:11:16] PRINT [03/21 19:11:16 graph]: # Epoch 87: train_loss: 0.4563 | lr: 0.000000
[2023-03-21 19:11:16] PRINT [03/21 19:11:16 graph]: start epoch 88.
[2023-03-21 19:11:16] PRINT [03/21 19:11:16 graph]: # Epoch 88: train_loss: 0.4563 | lr: 0.000000
[2023-03-21 19:11:16] PRINT [03/21 19:11:16 graph]: start epoch 89.
[2023-03-21 19:11:17] PRINT [03/21 19:11:17 graph]: # Epoch 89: train_loss: 0.4563 | lr: 0.000000
[2023-03-21 19:11:17] PRINT [03/21 19:11:17 graph]: start epoch 90.
[2023-03-21 19:11:17] PRINT [03/21 19:11:17 graph]: # Epoch 90: train_loss: 0.4563 | lr: 0.000000
[2023-03-21 19:11:17] PRINT [03/21 19:11:17 graph]: start epoch 91.
[2023-03-21 19:11:17] PRINT [03/21 19:11:17 graph]: # Epoch 91: train_loss: 0.4564 | lr: 0.000000
[2023-03-21 19:11:17] PRINT [03/21 19:11:17 graph]: start epoch 92.
[2023-03-21 19:11:17] PRINT [03/21 19:11:17 graph]: # Epoch 92: train_loss: 0.4561 | lr: 0.000000
[2023-03-21 19:11:17] PRINT [03/21 19:11:17 graph]: start epoch 93.
[2023-03-21 19:11:17] PRINT [03/21 19:11:17 graph]: # Epoch 93: train_loss: 0.4566 | lr: 0.000000
[2023-03-21 19:11:17] PRINT [03/21 19:11:17 graph]: start epoch 94.
[2023-03-21 19:11:17] PRINT [03/21 19:11:17 graph]: # Epoch 94: train_loss: 0.4565 | lr: 0.000000
[2023-03-21 19:11:17] PRINT [03/21 19:11:17 graph]: start epoch 95.
[2023-03-21 19:11:17] PRINT [03/21 19:11:17 graph]: # Epoch 95: train_loss: 0.4562 | lr: 0.000000
[2023-03-21 19:11:17] PRINT [03/21 19:11:17 graph]: start epoch 96.
[2023-03-21 19:11:18] PRINT [03/21 19:11:18 graph]: # Epoch 96: train_loss: 0.4563 | lr: 0.000000
[2023-03-21 19:11:18] PRINT [03/21 19:11:18 graph]: start epoch 97.
[2023-03-21 19:11:18] PRINT [03/21 19:11:18 graph]: # Epoch 97: train_loss: 0.4564 | lr: 0.000000
[2023-03-21 19:11:18] PRINT [03/21 19:11:18 graph]: start epoch 98.
[2023-03-21 19:11:18] PRINT [03/21 19:11:18 graph]: # Epoch 98: train_loss: 0.4561 | lr: 0.000000
[2023-03-21 19:11:18] PRINT [03/21 19:11:18 graph]: start epoch 99.
[2023-03-21 19:11:18] PRINT [03/21 19:11:18 graph]: # Epoch 99: train_loss: 0.4563 | lr: 0.000000
[2023-03-21 19:11:18] PRINT [03/21 19:11:18 graph]: start epoch 100.
[2023-03-21 19:11:18] PRINT [03/21 19:11:18 graph]: # Epoch 100: train_loss: 0.4561 | lr: 0.000000
[2023-03-21 19:11:18] PRINT [03/21 19:11:18 graph]: start epoch 101.
[2023-03-21 19:11:18] PRINT [03/21 19:11:18 graph]: # Epoch 101: train_loss: 0.4561 | lr: 0.000000
[2023-03-21 19:11:21] PRINT [03/21 19:11:21 graph]: --- Testf1: 0.89330, Best Valacc: 0.90065 in epoch 94 --- 
[2023-03-21 19:11:22] PRINT [03/21 19:11:22 graph]: Epoch 101: get test acc score:  0.893
[2023-03-21 19:11:22] PRINT [03/21 19:11:22 graph]: best_f1 0.893 at epoch 101
[2023-03-21 19:11:22] PRINT [03/21 19:11:22 graph]: start epoch 102.
[2023-03-21 19:11:22] PRINT [03/21 19:11:22 graph]: # Epoch 102: train_loss: 0.4563 | lr: 0.000000
[2023-03-21 19:11:25] PRINT [03/21 19:11:25 graph]: --- Testf1: 0.90376, Best Valacc: 0.89935 in epoch 99 --- 
[2023-03-21 19:11:25] PRINT [03/21 19:11:25 graph]: Epoch 102: get test acc score:  0.904
[2023-03-21 19:11:25] PRINT [03/21 19:11:25 graph]: best_f1 0.904 at epoch 102
[2023-03-21 19:11:25] PRINT [03/21 19:11:25 graph]: start epoch 103.
[2023-03-21 19:11:25] PRINT [03/21 19:11:25 graph]: # Epoch 103: train_loss: 0.4558 | lr: 0.000000
[2023-03-21 19:11:28] PRINT [03/21 19:11:28 graph]: --- Testf1: 0.90310, Best Valacc: 0.90327 in epoch 79 --- 
[2023-03-21 19:11:28] PRINT [03/21 19:11:28 graph]: Epoch 103: get test acc score:  0.903
[2023-03-21 19:11:28] PRINT [03/21 19:11:28 graph]: best_f1 0.904 at epoch 102
[2023-03-21 19:11:28] PRINT [03/21 19:11:28 graph]: start epoch 104.
[2023-03-21 19:11:28] PRINT [03/21 19:11:28 graph]: # Epoch 104: train_loss: 0.4562 | lr: 0.000000
[2023-03-21 19:11:31] PRINT [03/21 19:11:31 graph]: --- Testf1: 0.90114, Best Valacc: 0.89020 in epoch 89 --- 
[2023-03-21 19:11:32] PRINT [03/21 19:11:32 graph]: Epoch 104: get test acc score:  0.901
[2023-03-21 19:11:32] PRINT [03/21 19:11:32 graph]: best_f1 0.904 at epoch 102
[2023-03-21 19:11:32] PRINT [03/21 19:11:32 graph]: start epoch 105.
[2023-03-21 19:11:32] PRINT [03/21 19:11:32 graph]: # Epoch 105: train_loss: 0.4563 | lr: 0.000000
[2023-03-21 19:11:35] PRINT [03/21 19:11:35 graph]: --- Testf1: 0.90114, Best Valacc: 0.90327 in epoch 22 --- 
[2023-03-21 19:11:35] PRINT [03/21 19:11:35 graph]: Epoch 105: get test acc score:  0.901
[2023-03-21 19:11:35] PRINT [03/21 19:11:35 graph]: best_f1 0.904 at epoch 102
[2023-03-21 19:11:35] PRINT [03/21 19:11:35 graph]: start epoch 106.
[2023-03-21 19:11:35] PRINT [03/21 19:11:35 graph]: # Epoch 106: train_loss: 0.4567 | lr: 0.000000
[2023-03-21 19:11:38] PRINT [03/21 19:11:38 graph]: --- Testf1: 0.89493, Best Valacc: 0.89804 in epoch 98 --- 
[2023-03-21 19:11:38] PRINT [03/21 19:11:38 graph]: Epoch 106: get test acc score:  0.895
[2023-03-21 19:11:38] PRINT [03/21 19:11:38 graph]: best_f1 0.904 at epoch 102
[2023-03-21 19:11:38] PRINT [03/21 19:11:38 graph]: start epoch 107.
[2023-03-21 19:11:38] PRINT [03/21 19:11:38 graph]: # Epoch 107: train_loss: 0.4559 | lr: 0.000000
[2023-03-21 19:11:41] PRINT [03/21 19:11:41 graph]: --- Testf1: 0.89967, Best Valacc: 0.90327 in epoch 87 --- 
[2023-03-21 19:11:41] PRINT [03/21 19:11:41 graph]: Epoch 107: get test acc score:  0.900
[2023-03-21 19:11:41] PRINT [03/21 19:11:41 graph]: best_f1 0.904 at epoch 102
[2023-03-21 19:11:41] PRINT [03/21 19:11:41 graph]: start epoch 108.
[2023-03-21 19:11:42] PRINT [03/21 19:11:42 graph]: # Epoch 108: train_loss: 0.4567 | lr: 0.000000
[2023-03-21 19:11:45] PRINT [03/21 19:11:45 graph]: --- Testf1: 0.89984, Best Valacc: 0.89542 in epoch 51 --- 
[2023-03-21 19:11:45] PRINT [03/21 19:11:45 graph]: Epoch 108: get test acc score:  0.900
[2023-03-21 19:11:45] PRINT [03/21 19:11:45 graph]: best_f1 0.904 at epoch 102
[2023-03-21 19:11:45] PRINT [03/21 19:11:45 graph]: start epoch 109.
[2023-03-21 19:11:45] PRINT [03/21 19:11:45 graph]: # Epoch 109: train_loss: 0.4566 | lr: 0.000000
[2023-03-21 19:11:48] PRINT [03/21 19:11:48 graph]: --- Testf1: 0.89886, Best Valacc: 0.90196 in epoch 82 --- 
[2023-03-21 19:11:48] PRINT [03/21 19:11:48 graph]: Epoch 109: get test acc score:  0.899
[2023-03-21 19:11:48] PRINT [03/21 19:11:48 graph]: best_f1 0.904 at epoch 102
[2023-03-21 19:11:48] PRINT [03/21 19:11:48 graph]: start epoch 110.
[2023-03-21 19:11:48] PRINT [03/21 19:11:48 graph]: # Epoch 110: train_loss: 0.4561 | lr: 0.000000
[2023-03-21 19:11:51] PRINT [03/21 19:11:51 graph]: --- Testf1: 0.89444, Best Valacc: 0.90719 in epoch 87 --- 
[2023-03-21 19:11:51] PRINT [03/21 19:11:51 graph]: Epoch 110: get test acc score:  0.894
[2023-03-21 19:11:51] PRINT [03/21 19:11:51 graph]: best_f1 0.904 at epoch 102
[2023-03-21 19:11:51] PRINT [03/21 19:11:51 graph]: start epoch 111.
[2023-03-21 19:11:51] PRINT [03/21 19:11:51 graph]: # Epoch 111: train_loss: 0.4565 | lr: 0.000000
[2023-03-21 19:11:54] PRINT [03/21 19:11:54 graph]: --- Testf1: 0.90212, Best Valacc: 0.88889 in epoch 17 --- 
[2023-03-21 19:11:55] PRINT [03/21 19:11:55 graph]: Epoch 111: get test acc score:  0.902
[2023-03-21 19:11:55] PRINT [03/21 19:11:55 graph]: best_f1 0.904 at epoch 102
[2023-03-21 19:11:55] PRINT [03/21 19:11:55 graph]: start epoch 112.
[2023-03-21 19:11:55] PRINT [03/21 19:11:55 graph]: # Epoch 112: train_loss: 0.4562 | lr: 0.000000
[2023-03-21 19:11:58] PRINT [03/21 19:11:58 graph]: --- Testf1: 0.89951, Best Valacc: 0.90327 in epoch 88 --- 
[2023-03-21 19:11:58] PRINT [03/21 19:11:58 graph]: Epoch 112: get test acc score:  0.900
[2023-03-21 19:11:58] PRINT [03/21 19:11:58 graph]: best_f1 0.904 at epoch 102
[2023-03-21 19:11:58] PRINT [03/21 19:11:58 graph]: start epoch 113.
[2023-03-21 19:11:58] PRINT [03/21 19:11:58 graph]: # Epoch 113: train_loss: 0.4562 | lr: 0.000000
[2023-03-21 19:12:01] PRINT [03/21 19:12:01 graph]: --- Testf1: 0.89902, Best Valacc: 0.89673 in epoch 76 --- 
[2023-03-21 19:12:01] PRINT [03/21 19:12:01 graph]: Epoch 113: get test acc score:  0.899
[2023-03-21 19:12:01] PRINT [03/21 19:12:01 graph]: best_f1 0.904 at epoch 102
[2023-03-21 19:12:01] PRINT [03/21 19:12:01 graph]: start epoch 114.
[2023-03-21 19:12:01] PRINT [03/21 19:12:01 graph]: # Epoch 114: train_loss: 0.4565 | lr: 0.000000
[2023-03-21 19:12:04] PRINT [03/21 19:12:04 graph]: --- Testf1: 0.89363, Best Valacc: 0.89542 in epoch 16 --- 
[2023-03-21 19:12:04] PRINT [03/21 19:12:04 graph]: Epoch 114: get test acc score:  0.894
[2023-03-21 19:12:04] PRINT [03/21 19:12:04 graph]: best_f1 0.904 at epoch 102
[2023-03-21 19:12:04] PRINT [03/21 19:12:04 graph]: start epoch 115.
[2023-03-21 19:12:04] PRINT [03/21 19:12:04 graph]: # Epoch 115: train_loss: 0.4562 | lr: 0.000000
[2023-03-21 19:12:06] PRINT [03/21 19:12:06 graph]: --- Testf1: 0.89706, Best Valacc: 0.90196 in epoch 85 --- 
[2023-03-21 19:12:07] PRINT [03/21 19:12:07 graph]: Epoch 115: get test acc score:  0.897
[2023-03-21 19:12:07] PRINT [03/21 19:12:07 graph]: best_f1 0.904 at epoch 102
[2023-03-21 19:12:07] PRINT [03/21 19:12:07 graph]: start epoch 116.
[2023-03-21 19:12:07] PRINT [03/21 19:12:07 graph]: # Epoch 116: train_loss: 0.4565 | lr: 0.000000
[2023-03-21 19:12:09] PRINT [03/21 19:12:09 graph]: --- Testf1: 0.89804, Best Valacc: 0.90458 in epoch 91 --- 
[2023-03-21 19:12:09] PRINT [03/21 19:12:09 graph]: Epoch 116: get test acc score:  0.898
[2023-03-21 19:12:09] PRINT [03/21 19:12:09 graph]: best_f1 0.904 at epoch 102
[2023-03-21 19:12:09] PRINT [03/21 19:12:09 graph]: start epoch 117.
[2023-03-21 19:12:09] PRINT [03/21 19:12:09 graph]: # Epoch 117: train_loss: 0.4565 | lr: 0.000000
[2023-03-21 19:12:12] PRINT [03/21 19:12:12 graph]: --- Testf1: 0.90278, Best Valacc: 0.89150 in epoch 82 --- 
[2023-03-21 19:12:12] PRINT [03/21 19:12:12 graph]: Epoch 117: get test acc score:  0.903
[2023-03-21 19:12:12] PRINT [03/21 19:12:12 graph]: best_f1 0.904 at epoch 102
[2023-03-21 19:12:12] PRINT [03/21 19:12:12 graph]: start epoch 118.
[2023-03-21 19:12:12] PRINT [03/21 19:12:12 graph]: # Epoch 118: train_loss: 0.4562 | lr: 0.000000
[2023-03-21 19:12:14] PRINT [03/21 19:12:14 graph]: --- Testf1: 0.89199, Best Valacc: 0.89150 in epoch 29 --- 
[2023-03-21 19:12:15] PRINT [03/21 19:12:15 graph]: Epoch 118: get test acc score:  0.892
[2023-03-21 19:12:15] PRINT [03/21 19:12:15 graph]: best_f1 0.904 at epoch 102
[2023-03-21 19:12:15] PRINT [03/21 19:12:15 graph]: start epoch 119.
[2023-03-21 19:12:15] PRINT [03/21 19:12:15 graph]: # Epoch 119: train_loss: 0.4562 | lr: 0.000000
[2023-03-21 19:12:17] PRINT [03/21 19:12:17 graph]: --- Testf1: 0.90212, Best Valacc: 0.90327 in epoch 91 --- 
[2023-03-21 19:12:17] PRINT [03/21 19:12:17 graph]: Epoch 119: get test acc score:  0.902
[2023-03-21 19:12:17] PRINT [03/21 19:12:17 graph]: best_f1 0.904 at epoch 102
[2023-03-21 19:12:17] PRINT [03/21 19:12:17 graph]: start epoch 120.
[2023-03-21 19:12:18] PRINT [03/21 19:12:18 graph]: # Epoch 120: train_loss: 0.4566 | lr: 0.000000
[2023-03-21 19:12:20] PRINT [03/21 19:12:20 graph]: --- Testf1: 0.90000, Best Valacc: 0.90588 in epoch 99 --- 
[2023-03-21 19:12:20] PRINT [03/21 19:12:20 graph]: Epoch 120: get test acc score:  0.900
[2023-03-21 19:12:20] PRINT [03/21 19:12:20 graph]: best_f1 0.904 at epoch 102
[2023-03-21 19:12:20] PRINT [03/21 19:12:20 graph]: start epoch 121.
[2023-03-21 19:12:20] PRINT [03/21 19:12:20 graph]: # Epoch 121: train_loss: 0.4562 | lr: 0.000000
[2023-03-21 19:12:23] PRINT [03/21 19:12:23 graph]: --- Testf1: 0.89673, Best Valacc: 0.89804 in epoch 81 --- 
[2023-03-21 19:12:23] PRINT [03/21 19:12:23 graph]: Epoch 121: get test acc score:  0.897
[2023-03-21 19:12:23] PRINT [03/21 19:12:23 graph]: best_f1 0.904 at epoch 102
[2023-03-21 19:12:23] PRINT [03/21 19:12:23 graph]: start epoch 122.
[2023-03-21 19:12:23] PRINT [03/21 19:12:23 graph]: # Epoch 122: train_loss: 0.4566 | lr: 0.000000
[2023-03-21 19:12:32] PRINT [03/21 19:12:32 graph]: --- Testf1: 0.90016, Best Valacc: 0.90196 in epoch 72 --- 
[2023-03-21 19:12:32] PRINT [03/21 19:12:32 graph]: Epoch 122: get test acc score:  0.900
[2023-03-21 19:12:32] PRINT [03/21 19:12:32 graph]: best_f1 0.904 at epoch 102
[2023-03-21 19:12:32] PRINT [03/21 19:12:32 graph]: start epoch 123.
[2023-03-21 19:12:33] PRINT [03/21 19:12:33 graph]: # Epoch 123: train_loss: 0.4564 | lr: 0.000000
[2023-03-21 19:12:36] PRINT [03/21 19:12:36 graph]: --- Testf1: 0.90049, Best Valacc: 0.89804 in epoch 84 --- 
[2023-03-21 19:12:36] PRINT [03/21 19:12:36 graph]: Epoch 123: get test acc score:  0.900
[2023-03-21 19:12:36] PRINT [03/21 19:12:36 graph]: best_f1 0.904 at epoch 102
[2023-03-21 19:12:36] PRINT [03/21 19:12:36 graph]: start epoch 124.
[2023-03-21 19:12:36] PRINT [03/21 19:12:36 graph]: # Epoch 124: train_loss: 0.4564 | lr: 0.000000
[2023-03-21 19:12:39] PRINT [03/21 19:12:39 graph]: --- Testf1: 0.89085, Best Valacc: 0.88627 in epoch 88 --- 
[2023-03-21 19:12:39] PRINT [03/21 19:12:39 graph]: Epoch 124: get test acc score:  0.891
[2023-03-21 19:12:39] PRINT [03/21 19:12:39 graph]: best_f1 0.904 at epoch 102
[2023-03-21 19:12:39] PRINT [03/21 19:12:39 graph]: start epoch 125.
[2023-03-21 19:12:39] PRINT [03/21 19:12:39 graph]: # Epoch 125: train_loss: 0.4564 | lr: 0.000000
[2023-03-21 19:12:42] PRINT [03/21 19:12:42 graph]: --- Testf1: 0.90033, Best Valacc: 0.89673 in epoch 31 --- 
[2023-03-21 19:12:43] PRINT [03/21 19:12:43 graph]: Epoch 125: get test acc score:  0.900
[2023-03-21 19:12:43] PRINT [03/21 19:12:43 graph]: best_f1 0.904 at epoch 102
[2023-03-21 19:12:43] PRINT [03/21 19:12:43 graph]: start epoch 126.
[2023-03-21 19:12:43] PRINT [03/21 19:12:43 graph]: # Epoch 126: train_loss: 0.4564 | lr: 0.000000
[2023-03-21 19:12:46] PRINT [03/21 19:12:46 graph]: --- Testf1: 0.90033, Best Valacc: 0.89150 in epoch 89 --- 
[2023-03-21 19:12:46] PRINT [03/21 19:12:46 graph]: Epoch 126: get test acc score:  0.900
[2023-03-21 19:12:46] PRINT [03/21 19:12:46 graph]: best_f1 0.904 at epoch 102
[2023-03-21 19:12:46] PRINT [03/21 19:12:46 graph]: start epoch 127.
[2023-03-21 19:12:46] PRINT [03/21 19:12:46 graph]: # Epoch 127: train_loss: 0.4563 | lr: 0.000000
[2023-03-21 19:12:49] PRINT [03/21 19:12:49 graph]: --- Testf1: 0.89951, Best Valacc: 0.89804 in epoch 94 --- 
[2023-03-21 19:12:50] PRINT [03/21 19:12:50 graph]: Epoch 127: get test acc score:  0.900
[2023-03-21 19:12:50] PRINT [03/21 19:12:50 graph]: best_f1 0.904 at epoch 102
[2023-03-21 19:12:50] PRINT [03/21 19:12:50 graph]: start epoch 128.
[2023-03-21 19:12:50] PRINT [03/21 19:12:50 graph]: # Epoch 128: train_loss: 0.4564 | lr: 0.000000
[2023-03-21 19:12:53] PRINT [03/21 19:12:53 graph]: --- Testf1: 0.90000, Best Valacc: 0.89020 in epoch 94 --- 
[2023-03-21 19:12:53] PRINT [03/21 19:12:53 graph]: Epoch 128: get test acc score:  0.900
[2023-03-21 19:12:53] PRINT [03/21 19:12:53 graph]: best_f1 0.904 at epoch 102
[2023-03-21 19:12:53] PRINT [03/21 19:12:53 graph]: start epoch 129.
[2023-03-21 19:12:53] PRINT [03/21 19:12:53 graph]: # Epoch 129: train_loss: 0.4561 | lr: 0.000000
[2023-03-21 19:12:56] PRINT [03/21 19:12:56 graph]: --- Testf1: 0.89575, Best Valacc: 0.90719 in epoch 87 --- 
[2023-03-21 19:12:56] PRINT [03/21 19:12:56 graph]: Epoch 129: get test acc score:  0.896
[2023-03-21 19:12:56] PRINT [03/21 19:12:56 graph]: best_f1 0.904 at epoch 102
[2023-03-21 19:12:56] PRINT [03/21 19:12:56 graph]: start epoch 130.
[2023-03-21 19:12:56] PRINT [03/21 19:12:56 graph]: # Epoch 130: train_loss: 0.4564 | lr: 0.000000
[2023-03-21 19:12:59] PRINT [03/21 19:12:59 graph]: --- Testf1: 0.89412, Best Valacc: 0.89804 in epoch 93 --- 
[2023-03-21 19:13:00] PRINT [03/21 19:13:00 graph]: Epoch 130: get test acc score:  0.894
[2023-03-21 19:13:00] PRINT [03/21 19:13:00 graph]: best_f1 0.904 at epoch 102
[2023-03-21 19:13:00] PRINT [03/21 19:13:00 graph]: start epoch 131.
[2023-03-21 19:13:00] PRINT [03/21 19:13:00 graph]: # Epoch 131: train_loss: 0.4560 | lr: 0.000000
[2023-03-21 19:13:03] PRINT [03/21 19:13:03 graph]: --- Testf1: 0.89886, Best Valacc: 0.89673 in epoch 24 --- 
[2023-03-21 19:13:03] PRINT [03/21 19:13:03 graph]: Epoch 131: get test acc score:  0.899
[2023-03-21 19:13:03] PRINT [03/21 19:13:03 graph]: best_f1 0.904 at epoch 102
[2023-03-21 19:13:03] PRINT [03/21 19:13:03 graph]: start epoch 132.
[2023-03-21 19:13:04] PRINT [03/21 19:13:04 graph]: # Epoch 132: train_loss: 0.4561 | lr: 0.000000
[2023-03-21 19:13:07] PRINT [03/21 19:13:07 graph]: --- Testf1: 0.90065, Best Valacc: 0.89935 in epoch 98 --- 
[2023-03-21 19:13:07] PRINT [03/21 19:13:07 graph]: Epoch 132: get test acc score:  0.901
[2023-03-21 19:13:07] PRINT [03/21 19:13:07 graph]: best_f1 0.904 at epoch 102
[2023-03-21 19:13:07] PRINT [03/21 19:13:07 graph]: start epoch 133.
[2023-03-21 19:13:07] PRINT [03/21 19:13:07 graph]: # Epoch 133: train_loss: 0.4560 | lr: 0.000000
[2023-03-21 19:13:10] PRINT [03/21 19:13:10 graph]: --- Testf1: 0.89706, Best Valacc: 0.89281 in epoch 70 --- 
[2023-03-21 19:13:10] PRINT [03/21 19:13:10 graph]: Epoch 133: get test acc score:  0.897
[2023-03-21 19:13:10] PRINT [03/21 19:13:10 graph]: best_f1 0.904 at epoch 102
[2023-03-21 19:13:10] PRINT [03/21 19:13:10 graph]: start epoch 134.
[2023-03-21 19:13:10] PRINT [03/21 19:13:10 graph]: # Epoch 134: train_loss: 0.4564 | lr: 0.000000
[2023-03-21 19:13:13] PRINT [03/21 19:13:13 graph]: --- Testf1: 0.89918, Best Valacc: 0.90327 in epoch 73 --- 
[2023-03-21 19:13:14] PRINT [03/21 19:13:14 graph]: Epoch 134: get test acc score:  0.899
[2023-03-21 19:13:14] PRINT [03/21 19:13:14 graph]: best_f1 0.904 at epoch 102
[2023-03-21 19:13:14] PRINT [03/21 19:13:14 graph]: start epoch 135.
[2023-03-21 19:13:14] PRINT [03/21 19:13:14 graph]: # Epoch 135: train_loss: 0.4563 | lr: 0.000000
[2023-03-21 19:13:17] PRINT [03/21 19:13:17 graph]: --- Testf1: 0.90196, Best Valacc: 0.89020 in epoch 99 --- 
[2023-03-21 19:13:17] PRINT [03/21 19:13:17 graph]: Epoch 135: get test acc score:  0.902
[2023-03-21 19:13:17] PRINT [03/21 19:13:17 graph]: best_f1 0.904 at epoch 102
[2023-03-21 19:13:17] PRINT [03/21 19:13:17 graph]: start epoch 136.
[2023-03-21 19:13:17] PRINT [03/21 19:13:17 graph]: # Epoch 136: train_loss: 0.4562 | lr: 0.000000
[2023-03-21 19:13:20] PRINT [03/21 19:13:20 graph]: --- Testf1: 0.90033, Best Valacc: 0.89935 in epoch 88 --- 
[2023-03-21 19:13:21] PRINT [03/21 19:13:21 graph]: Epoch 136: get test acc score:  0.900
[2023-03-21 19:13:21] PRINT [03/21 19:13:21 graph]: best_f1 0.904 at epoch 102
[2023-03-21 19:13:21] PRINT [03/21 19:13:21 graph]: start epoch 137.
[2023-03-21 19:13:21] PRINT [03/21 19:13:21 graph]: # Epoch 137: train_loss: 0.4566 | lr: 0.000000
[2023-03-21 19:13:24] PRINT [03/21 19:13:24 graph]: --- Testf1: 0.89363, Best Valacc: 0.89542 in epoch 68 --- 
[2023-03-21 19:13:24] PRINT [03/21 19:13:24 graph]: Epoch 137: get test acc score:  0.894
[2023-03-21 19:13:24] PRINT [03/21 19:13:24 graph]: best_f1 0.904 at epoch 102
[2023-03-21 19:13:24] PRINT [03/21 19:13:24 graph]: start epoch 138.
[2023-03-21 19:13:24] PRINT [03/21 19:13:24 graph]: # Epoch 138: train_loss: 0.4563 | lr: 0.000000
[2023-03-21 19:13:27] PRINT [03/21 19:13:27 graph]: --- Testf1: 0.89542, Best Valacc: 0.90065 in epoch 93 --- 
[2023-03-21 19:13:28] PRINT [03/21 19:13:28 graph]: Epoch 138: get test acc score:  0.895
[2023-03-21 19:13:28] PRINT [03/21 19:13:28 graph]: best_f1 0.904 at epoch 102
[2023-03-21 19:13:28] PRINT [03/21 19:13:28 graph]: start epoch 139.
[2023-03-21 19:13:28] PRINT [03/21 19:13:28 graph]: # Epoch 139: train_loss: 0.4565 | lr: 0.000000
[2023-03-21 19:13:30] PRINT [03/21 19:13:30 graph]: --- Testf1: 0.89886, Best Valacc: 0.90588 in epoch 98 --- 
[2023-03-21 19:13:30] PRINT [03/21 19:13:30 graph]: Epoch 139: get test acc score:  0.899
[2023-03-21 19:13:30] PRINT [03/21 19:13:30 graph]: best_f1 0.904 at epoch 102
[2023-03-21 19:13:30] PRINT [03/21 19:13:30 graph]: start epoch 140.
[2023-03-21 19:13:30] PRINT [03/21 19:13:30 graph]: # Epoch 140: train_loss: 0.4562 | lr: 0.000000
[2023-03-21 19:13:33] PRINT [03/21 19:13:33 graph]: --- Testf1: 0.90131, Best Valacc: 0.90065 in epoch 96 --- 
[2023-03-21 19:13:33] PRINT [03/21 19:13:33 graph]: Epoch 140: get test acc score:  0.901
[2023-03-21 19:13:33] PRINT [03/21 19:13:33 graph]: best_f1 0.904 at epoch 102
[2023-03-21 19:13:33] PRINT [03/21 19:13:33 graph]: start epoch 141.
[2023-03-21 19:13:33] PRINT [03/21 19:13:33 graph]: # Epoch 141: train_loss: 0.4566 | lr: 0.000000
[2023-03-21 19:13:35] PRINT [03/21 19:13:35 graph]: --- Testf1: 0.89739, Best Valacc: 0.89150 in epoch 90 --- 
[2023-03-21 19:13:36] PRINT [03/21 19:13:36 graph]: Epoch 141: get test acc score:  0.897
[2023-03-21 19:13:36] PRINT [03/21 19:13:36 graph]: best_f1 0.904 at epoch 102
[2023-03-21 19:13:36] PRINT [03/21 19:13:36 graph]: start epoch 142.
[2023-03-21 19:13:36] PRINT [03/21 19:13:36 graph]: # Epoch 142: train_loss: 0.4563 | lr: 0.000000
[2023-03-21 19:13:38] PRINT [03/21 19:13:38 graph]: --- Testf1: 0.89935, Best Valacc: 0.88758 in epoch 35 --- 
[2023-03-21 19:13:38] PRINT [03/21 19:13:38 graph]: Epoch 142: get test acc score:  0.899
[2023-03-21 19:13:38] PRINT [03/21 19:13:38 graph]: best_f1 0.904 at epoch 102
[2023-03-21 19:13:38] PRINT [03/21 19:13:38 graph]: start epoch 143.
[2023-03-21 19:13:38] PRINT [03/21 19:13:38 graph]: # Epoch 143: train_loss: 0.4563 | lr: 0.000000
[2023-03-21 19:13:41] PRINT [03/21 19:13:41 graph]: --- Testf1: 0.89657, Best Valacc: 0.88758 in epoch 60 --- 
[2023-03-21 19:13:41] PRINT [03/21 19:13:41 graph]: Epoch 143: get test acc score:  0.897
[2023-03-21 19:13:41] PRINT [03/21 19:13:41 graph]: best_f1 0.904 at epoch 102
[2023-03-21 19:13:41] PRINT [03/21 19:13:41 graph]: start epoch 144.
[2023-03-21 19:13:41] PRINT [03/21 19:13:41 graph]: # Epoch 144: train_loss: 0.4563 | lr: 0.000000
[2023-03-21 19:13:43] PRINT [03/21 19:13:43 graph]: --- Testf1: 0.89003, Best Valacc: 0.89935 in epoch 13 --- 
[2023-03-21 19:13:44] PRINT [03/21 19:13:44 graph]: Epoch 144: get test acc score:  0.890
[2023-03-21 19:13:44] PRINT [03/21 19:13:44 graph]: best_f1 0.904 at epoch 102
[2023-03-21 19:13:44] PRINT [03/21 19:13:44 graph]: start epoch 145.
[2023-03-21 19:13:44] PRINT [03/21 19:13:44 graph]: # Epoch 145: train_loss: 0.4564 | lr: 0.000000
[2023-03-21 19:13:46] PRINT [03/21 19:13:46 graph]: --- Testf1: 0.89853, Best Valacc: 0.89150 in epoch 96 --- 
[2023-03-21 19:13:46] PRINT [03/21 19:13:46 graph]: Epoch 145: get test acc score:  0.899
[2023-03-21 19:13:46] PRINT [03/21 19:13:46 graph]: best_f1 0.904 at epoch 102
[2023-03-21 19:13:46] PRINT [03/21 19:13:46 graph]: start epoch 146.
[2023-03-21 19:13:46] PRINT [03/21 19:13:46 graph]: # Epoch 146: train_loss: 0.4564 | lr: 0.000000
[2023-03-21 19:13:50] PRINT [03/21 19:13:50 graph]: --- Testf1: 0.89526, Best Valacc: 0.90196 in epoch 99 --- 
[2023-03-21 19:13:50] PRINT [03/21 19:13:50 graph]: Epoch 146: get test acc score:  0.895
[2023-03-21 19:13:50] PRINT [03/21 19:13:50 graph]: best_f1 0.904 at epoch 102
[2023-03-21 19:13:50] PRINT [03/21 19:13:50 graph]: start epoch 147.
[2023-03-21 19:13:50] PRINT [03/21 19:13:50 graph]: # Epoch 147: train_loss: 0.4561 | lr: 0.000000
[2023-03-21 19:13:58] PRINT [03/21 19:13:58 graph]: --- Testf1: 0.89967, Best Valacc: 0.89412 in epoch 99 --- 
[2023-03-21 19:13:59] PRINT [03/21 19:13:59 graph]: Epoch 147: get test acc score:  0.900
[2023-03-21 19:13:59] PRINT [03/21 19:13:59 graph]: best_f1 0.904 at epoch 102
[2023-03-21 19:13:59] PRINT [03/21 19:13:59 graph]: start epoch 148.
[2023-03-21 19:13:59] PRINT [03/21 19:13:59 graph]: # Epoch 148: train_loss: 0.4564 | lr: 0.000000
[2023-03-21 19:14:02] PRINT [03/21 19:14:02 graph]: --- Testf1: 0.89918, Best Valacc: 0.89281 in epoch 97 --- 
[2023-03-21 19:14:02] PRINT [03/21 19:14:02 graph]: Epoch 148: get test acc score:  0.899
[2023-03-21 19:14:02] PRINT [03/21 19:14:02 graph]: best_f1 0.904 at epoch 102
[2023-03-21 19:14:02] PRINT [03/21 19:14:02 graph]: start epoch 149.
[2023-03-21 19:14:02] PRINT [03/21 19:14:02 graph]: # Epoch 149: train_loss: 0.4564 | lr: 0.000000
[2023-03-21 19:14:05] PRINT [03/21 19:14:05 graph]: --- Testf1: 0.90278, Best Valacc: 0.89673 in epoch 88 --- 
[2023-03-21 19:14:05] PRINT [03/21 19:14:05 graph]: Epoch 149: get test acc score:  0.903
[2023-03-21 19:14:05] PRINT [03/21 19:14:05 graph]: best_f1 0.904 at epoch 102
[2023-03-21 19:14:05] PRINT [03/21 19:14:05 graph]: # final_acc: 0.9038±0.0000
