[2023-03-22 16:25:37] PRINT ---new cfg------
[2023-03-22 16:25:37] PRINT {'DATA': {'data_name': 'comp'}, 'DATALOADER': {'NUM_WORKERS': 0}, 'MODEL': {'num_hidden': 512, 'num_layers': 2, 'nhead': 4, 'activation': 'prelu', 'attn_drop': 0.1, 'feat_drop': 0.30000000000000004, 'norm': 'batchnorm', 'pooler': 'mean', 'beta_schedule': 'const', 'beta_1': 0.0006885924632877217, 'beta_T': 0.02966049469800762, 'T': 321}, 'SOLVER': {'optim_type': 'adam', 'optim_type_f': 'adamw', 'alpha': 0, 'decay': 20, 'LR': 0.00027704214211113793, 'LR_f': 0.07122799239762727, 'weight_decay': 0, 'weight_decay_f': 6.836504400995908e-05, 'MAX_EPOCH': 100, 'max_epoch_f': 500}, 'DEVICE': 'cuda', 'seeds': [0], 'eval_T': [50, 100, 200], 'output_dir': '/ddm-nni/AmazonCoBuyComputerDataset¶/log', 'checkpoint_dir': '/ddm-nni/AmazonCoBuyComputerDataset¶/log/checkpoint'}
[2023-03-22 16:25:37] PRINT [03/22 16:25:37 graph]: Rank of current process: 0. World size: 1
[2023-03-22 16:25:40] PRINT [03/22 16:25:40 graph]: Environment info:
[2023-03-22 16:25:40] PRINT PyTorch version: 1.10.0+cu113
[2023-03-22 16:25:40] PRINT Is debug build: False
[2023-03-22 16:25:40] PRINT CUDA used to build PyTorch: 11.3
[2023-03-22 16:25:40] PRINT ROCM used to build PyTorch: N/A
[2023-03-22 16:25:40] PRINT 
[2023-03-22 16:25:40] PRINT OS: Ubuntu 20.04.3 LTS (x86_64)
[2023-03-22 16:25:40] PRINT GCC version: (Ubuntu 9.3.0-17ubuntu1~20.04) 9.3.0
[2023-03-22 16:25:40] PRINT Clang version: Could not collect
[2023-03-22 16:25:40] PRINT CMake version: version 3.16.3
[2023-03-22 16:25:40] PRINT Libc version: glibc-2.31
[2023-03-22 16:25:40] PRINT 
[2023-03-22 16:25:40] PRINT Python version: 3.8.10 (default, Jun  4 2021, 15:09:15)  [GCC 7.5.0] (64-bit runtime)
[2023-03-22 16:25:40] PRINT Python platform: Linux-5.4.0-90-generic-x86_64-with-glibc2.17
[2023-03-22 16:25:40] PRINT Is CUDA available: True
[2023-03-22 16:25:40] PRINT CUDA runtime version: 11.3.109
[2023-03-22 16:25:40] PRINT GPU models and configuration: GPU 0: NVIDIA GeForce RTX 3090
[2023-03-22 16:25:40] PRINT Nvidia driver version: 495.44
[2023-03-22 16:25:40] PRINT cuDNN version: Probably one of the following:
[2023-03-22 16:25:40] PRINT /usr/lib/x86_64-linux-gnu/libcudnn.so.8.2.0
[2023-03-22 16:25:40] PRINT /usr/lib/x86_64-linux-gnu/libcudnn_adv_infer.so.8.2.0
[2023-03-22 16:25:40] PRINT /usr/lib/x86_64-linux-gnu/libcudnn_adv_train.so.8.2.0
[2023-03-22 16:25:40] PRINT /usr/lib/x86_64-linux-gnu/libcudnn_cnn_infer.so.8.2.0
[2023-03-22 16:25:40] PRINT /usr/lib/x86_64-linux-gnu/libcudnn_cnn_train.so.8.2.0
[2023-03-22 16:25:40] PRINT /usr/lib/x86_64-linux-gnu/libcudnn_ops_infer.so.8.2.0
[2023-03-22 16:25:40] PRINT /usr/lib/x86_64-linux-gnu/libcudnn_ops_train.so.8.2.0
[2023-03-22 16:25:40] PRINT HIP runtime version: N/A
[2023-03-22 16:25:40] PRINT MIOpen runtime version: N/A
[2023-03-22 16:25:40] PRINT 
[2023-03-22 16:25:40] PRINT Versions of relevant libraries:
[2023-03-22 16:25:40] PRINT [pip3] numpy==1.23.5
[2023-03-22 16:25:40] PRINT [pip3] torch==1.10.0+cu113
[2023-03-22 16:25:40] PRINT [pip3] torchvision==0.11.1+cu113
[2023-03-22 16:25:40] PRINT [conda] blas                      1.0                         mkl    https://mirrors.ustc.edu.cn/anaconda/pkgs/main
[2023-03-22 16:25:40] PRINT [conda] mkl                       2021.4.0           h06a4308_640    https://mirrors.ustc.edu.cn/anaconda/pkgs/main
[2023-03-22 16:25:40] PRINT [conda] mkl-service               2.4.0            py38h7f8727e_0    https://mirrors.ustc.edu.cn/anaconda/pkgs/main
[2023-03-22 16:25:40] PRINT [conda] mkl_fft                   1.3.1            py38hd3c417c_0    https://mirrors.ustc.edu.cn/anaconda/pkgs/main
[2023-03-22 16:25:40] PRINT [conda] mkl_random                1.2.2            py38h51133e4_0    https://mirrors.ustc.edu.cn/anaconda/pkgs/main
[2023-03-22 16:25:40] PRINT [conda] numpy                     1.21.4                   pypi_0    pypi
[2023-03-22 16:25:40] PRINT [conda] numpy-base                1.23.5           py38h31eccc5_0    https://mirrors.ustc.edu.cn/anaconda/pkgs/main
[2023-03-22 16:25:40] PRINT [conda] torch                     1.10.0+cu113             pypi_0    pypi
[2023-03-22 16:25:40] PRINT [conda] torchvision               0.11.1+cu113             pypi_0    pypi
[2023-03-22 16:25:40] PRINT         Pillow (8.4.0)
[2023-03-22 16:25:40] PRINT [03/22 16:25:40 graph]: Command line arguments: Namespace(local_rank=0, resume=False, seed=1234, start_epoch=0)
[2023-03-22 16:25:40] PRINT [03/22 16:25:40 graph]: Run 0th for seed 0
[2023-03-22 16:25:40] PRINT [03/22 16:25:40 graph]: Total trainable params num : 7845379
[2023-03-22 16:25:47] PRINT [03/22 16:25:47 graph]: ----------Start Training----------
[2023-03-22 16:25:47] PRINT [03/22 16:25:47 graph]: start epoch 0.
[2023-03-22 16:25:47] PRINT [03/22 16:25:47 graph]: # Epoch 0: train_loss: 1.0252 | lr: 0.000277
[2023-03-22 16:25:47] PRINT [03/22 16:25:47 graph]: start epoch 1.
[2023-03-22 16:25:47] PRINT [03/22 16:25:47 graph]: # Epoch 1: train_loss: 0.8246 | lr: 0.000277
[2023-03-22 16:25:47] PRINT [03/22 16:25:47 graph]: start epoch 2.
[2023-03-22 16:25:48] PRINT [03/22 16:25:48 graph]: # Epoch 2: train_loss: 0.7235 | lr: 0.000277
[2023-03-22 16:25:48] PRINT [03/22 16:25:48 graph]: start epoch 3.
[2023-03-22 16:25:48] PRINT [03/22 16:25:48 graph]: # Epoch 3: train_loss: 0.6658 | lr: 0.000277
[2023-03-22 16:25:48] PRINT [03/22 16:25:48 graph]: start epoch 4.
[2023-03-22 16:25:48] PRINT [03/22 16:25:48 graph]: # Epoch 4: train_loss: 0.6318 | lr: 0.000277
[2023-03-22 16:25:48] PRINT [03/22 16:25:48 graph]: start epoch 5.
[2023-03-22 16:25:48] PRINT [03/22 16:25:48 graph]: # Epoch 5: train_loss: 0.6115 | lr: 0.000277
[2023-03-22 16:25:48] PRINT [03/22 16:25:48 graph]: start epoch 6.
[2023-03-22 16:25:48] PRINT [03/22 16:25:48 graph]: # Epoch 6: train_loss: 0.5976 | lr: 0.000277
[2023-03-22 16:25:48] PRINT [03/22 16:25:48 graph]: start epoch 7.
[2023-03-22 16:25:48] PRINT [03/22 16:25:48 graph]: # Epoch 7: train_loss: 0.5887 | lr: 0.000277
[2023-03-22 16:25:48] PRINT [03/22 16:25:48 graph]: start epoch 8.
[2023-03-22 16:25:48] PRINT [03/22 16:25:48 graph]: # Epoch 8: train_loss: 0.5819 | lr: 0.000277
[2023-03-22 16:25:48] PRINT [03/22 16:25:48 graph]: start epoch 9.
[2023-03-22 16:25:48] PRINT [03/22 16:25:48 graph]: # Epoch 9: train_loss: 0.5764 | lr: 0.000277
[2023-03-22 16:25:48] PRINT [03/22 16:25:48 graph]: start epoch 10.
[2023-03-22 16:25:48] PRINT [03/22 16:25:48 graph]: # Epoch 10: train_loss: 0.5719 | lr: 0.000277
[2023-03-22 16:25:48] PRINT [03/22 16:25:48 graph]: start epoch 11.
[2023-03-22 16:25:48] PRINT [03/22 16:25:48 graph]: # Epoch 11: train_loss: 0.5679 | lr: 0.000277
[2023-03-22 16:25:48] PRINT [03/22 16:25:48 graph]: start epoch 12.
[2023-03-22 16:25:48] PRINT [03/22 16:25:48 graph]: # Epoch 12: train_loss: 0.5639 | lr: 0.000277
[2023-03-22 16:25:48] PRINT [03/22 16:25:48 graph]: start epoch 13.
[2023-03-22 16:25:48] PRINT [03/22 16:25:48 graph]: # Epoch 13: train_loss: 0.5603 | lr: 0.000277
[2023-03-22 16:25:48] PRINT [03/22 16:25:48 graph]: start epoch 14.
[2023-03-22 16:25:48] PRINT [03/22 16:25:48 graph]: # Epoch 14: train_loss: 0.5562 | lr: 0.000277
[2023-03-22 16:25:48] PRINT [03/22 16:25:48 graph]: start epoch 15.
[2023-03-22 16:25:49] PRINT [03/22 16:25:49 graph]: # Epoch 15: train_loss: 0.5528 | lr: 0.000277
[2023-03-22 16:25:49] PRINT [03/22 16:25:49 graph]: start epoch 16.
[2023-03-22 16:25:49] PRINT [03/22 16:25:49 graph]: # Epoch 16: train_loss: 0.5490 | lr: 0.000277
[2023-03-22 16:25:49] PRINT [03/22 16:25:49 graph]: start epoch 17.
[2023-03-22 16:25:49] PRINT [03/22 16:25:49 graph]: # Epoch 17: train_loss: 0.5456 | lr: 0.000277
[2023-03-22 16:25:49] PRINT [03/22 16:25:49 graph]: start epoch 18.
[2023-03-22 16:25:49] PRINT [03/22 16:25:49 graph]: # Epoch 18: train_loss: 0.5426 | lr: 0.000277
[2023-03-22 16:25:49] PRINT [03/22 16:25:49 graph]: start epoch 19.
[2023-03-22 16:25:49] PRINT [03/22 16:25:49 graph]: # Epoch 19: train_loss: 0.5397 | lr: 0.000277
[2023-03-22 16:25:49] PRINT [03/22 16:25:49 graph]: start epoch 20.
[2023-03-22 16:25:49] PRINT [03/22 16:25:49 graph]: # Epoch 20: train_loss: 0.5374 | lr: 0.000000
[2023-03-22 16:25:49] PRINT [03/22 16:25:49 graph]: start epoch 21.
[2023-03-22 16:25:49] PRINT [03/22 16:25:49 graph]: # Epoch 21: train_loss: 0.5373 | lr: 0.000000
[2023-03-22 16:25:49] PRINT [03/22 16:25:49 graph]: start epoch 22.
[2023-03-22 16:25:49] PRINT [03/22 16:25:49 graph]: # Epoch 22: train_loss: 0.5374 | lr: 0.000000
[2023-03-22 16:25:49] PRINT [03/22 16:25:49 graph]: start epoch 23.
[2023-03-22 16:25:49] PRINT [03/22 16:25:49 graph]: # Epoch 23: train_loss: 0.5376 | lr: 0.000000
[2023-03-22 16:25:49] PRINT [03/22 16:25:49 graph]: start epoch 24.
[2023-03-22 16:25:49] PRINT [03/22 16:25:49 graph]: # Epoch 24: train_loss: 0.5376 | lr: 0.000000
[2023-03-22 16:25:49] PRINT [03/22 16:25:49 graph]: start epoch 25.
[2023-03-22 16:25:49] PRINT [03/22 16:25:49 graph]: # Epoch 25: train_loss: 0.5373 | lr: 0.000000
[2023-03-22 16:25:49] PRINT [03/22 16:25:49 graph]: start epoch 26.
[2023-03-22 16:25:49] PRINT [03/22 16:25:49 graph]: # Epoch 26: train_loss: 0.5375 | lr: 0.000000
[2023-03-22 16:25:49] PRINT [03/22 16:25:49 graph]: start epoch 27.
[2023-03-22 16:25:49] PRINT [03/22 16:25:49 graph]: # Epoch 27: train_loss: 0.5374 | lr: 0.000000
[2023-03-22 16:25:49] PRINT [03/22 16:25:49 graph]: start epoch 28.
[2023-03-22 16:25:50] PRINT [03/22 16:25:50 graph]: # Epoch 28: train_loss: 0.5373 | lr: 0.000000
[2023-03-22 16:25:50] PRINT [03/22 16:25:50 graph]: start epoch 29.
[2023-03-22 16:25:50] PRINT [03/22 16:25:50 graph]: # Epoch 29: train_loss: 0.5372 | lr: 0.000000
[2023-03-22 16:25:50] PRINT [03/22 16:25:50 graph]: start epoch 30.
[2023-03-22 16:25:50] PRINT [03/22 16:25:50 graph]: # Epoch 30: train_loss: 0.5381 | lr: 0.000000
[2023-03-22 16:25:50] PRINT [03/22 16:25:50 graph]: start epoch 31.
[2023-03-22 16:25:50] PRINT [03/22 16:25:50 graph]: # Epoch 31: train_loss: 0.5373 | lr: 0.000000
[2023-03-22 16:25:50] PRINT [03/22 16:25:50 graph]: start epoch 32.
[2023-03-22 16:25:50] PRINT [03/22 16:25:50 graph]: # Epoch 32: train_loss: 0.5378 | lr: 0.000000
[2023-03-22 16:25:50] PRINT [03/22 16:25:50 graph]: start epoch 33.
[2023-03-22 16:25:50] PRINT [03/22 16:25:50 graph]: # Epoch 33: train_loss: 0.5381 | lr: 0.000000
[2023-03-22 16:25:50] PRINT [03/22 16:25:50 graph]: start epoch 34.
[2023-03-22 16:25:50] PRINT [03/22 16:25:50 graph]: # Epoch 34: train_loss: 0.5376 | lr: 0.000000
[2023-03-22 16:25:50] PRINT [03/22 16:25:50 graph]: start epoch 35.
[2023-03-22 16:25:50] PRINT [03/22 16:25:50 graph]: # Epoch 35: train_loss: 0.5372 | lr: 0.000000
[2023-03-22 16:25:50] PRINT [03/22 16:25:50 graph]: start epoch 36.
[2023-03-22 16:25:50] PRINT [03/22 16:25:50 graph]: # Epoch 36: train_loss: 0.5378 | lr: 0.000000
[2023-03-22 16:25:50] PRINT [03/22 16:25:50 graph]: start epoch 37.
[2023-03-22 16:25:50] PRINT [03/22 16:25:50 graph]: # Epoch 37: train_loss: 0.5378 | lr: 0.000000
[2023-03-22 16:25:50] PRINT [03/22 16:25:50 graph]: start epoch 38.
[2023-03-22 16:25:50] PRINT [03/22 16:25:50 graph]: # Epoch 38: train_loss: 0.5375 | lr: 0.000000
[2023-03-22 16:25:50] PRINT [03/22 16:25:50 graph]: start epoch 39.
[2023-03-22 16:25:50] PRINT [03/22 16:25:50 graph]: # Epoch 39: train_loss: 0.5377 | lr: 0.000000
[2023-03-22 16:25:50] PRINT [03/22 16:25:50 graph]: start epoch 40.
[2023-03-22 16:25:50] PRINT [03/22 16:25:50 graph]: # Epoch 40: train_loss: 0.5374 | lr: 0.000000
[2023-03-22 16:25:50] PRINT [03/22 16:25:50 graph]: start epoch 41.
[2023-03-22 16:25:51] PRINT [03/22 16:25:51 graph]: # Epoch 41: train_loss: 0.5376 | lr: 0.000000
[2023-03-22 16:25:51] PRINT [03/22 16:25:51 graph]: start epoch 42.
[2023-03-22 16:25:51] PRINT [03/22 16:25:51 graph]: # Epoch 42: train_loss: 0.5377 | lr: 0.000000
[2023-03-22 16:25:51] PRINT [03/22 16:25:51 graph]: start epoch 43.
[2023-03-22 16:25:51] PRINT [03/22 16:25:51 graph]: # Epoch 43: train_loss: 0.5377 | lr: 0.000000
[2023-03-22 16:25:51] PRINT [03/22 16:25:51 graph]: start epoch 44.
[2023-03-22 16:25:51] PRINT [03/22 16:25:51 graph]: # Epoch 44: train_loss: 0.5377 | lr: 0.000000
[2023-03-22 16:25:51] PRINT [03/22 16:25:51 graph]: start epoch 45.
[2023-03-22 16:25:51] PRINT [03/22 16:25:51 graph]: # Epoch 45: train_loss: 0.5377 | lr: 0.000000
[2023-03-22 16:25:51] PRINT [03/22 16:25:51 graph]: start epoch 46.
[2023-03-22 16:25:51] PRINT [03/22 16:25:51 graph]: # Epoch 46: train_loss: 0.5379 | lr: 0.000000
[2023-03-22 16:25:51] PRINT [03/22 16:25:51 graph]: start epoch 47.
[2023-03-22 16:25:51] PRINT [03/22 16:25:51 graph]: # Epoch 47: train_loss: 0.5373 | lr: 0.000000
[2023-03-22 16:25:51] PRINT [03/22 16:25:51 graph]: start epoch 48.
[2023-03-22 16:25:51] PRINT [03/22 16:25:51 graph]: # Epoch 48: train_loss: 0.5380 | lr: 0.000000
[2023-03-22 16:25:51] PRINT [03/22 16:25:51 graph]: start epoch 49.
[2023-03-22 16:25:51] PRINT [03/22 16:25:51 graph]: # Epoch 49: train_loss: 0.5372 | lr: 0.000000
[2023-03-22 16:25:51] PRINT [03/22 16:25:51 graph]: start epoch 50.
[2023-03-22 16:25:51] PRINT [03/22 16:25:51 graph]: # Epoch 50: train_loss: 0.5375 | lr: 0.000000
[2023-03-22 16:25:51] PRINT [03/22 16:25:51 graph]: start epoch 51.
[2023-03-22 16:25:51] PRINT [03/22 16:25:51 graph]: # Epoch 51: train_loss: 0.5377 | lr: 0.000000
[2023-03-22 16:25:58] PRINT [03/22 16:25:58 graph]: --- Testf1: 0.81385, Best Valacc: 0.82400 in epoch 480 --- 
[2023-03-22 16:25:59] PRINT [03/22 16:25:59 graph]: Epoch 51: get test acc score:  0.81385
[2023-03-22 16:25:59] PRINT [03/22 16:25:59 graph]: best_f1 0.81385 at epoch 51
[2023-03-22 16:25:59] PRINT [03/22 16:25:59 graph]: start epoch 52.
[2023-03-22 16:25:59] PRINT [03/22 16:25:59 graph]: # Epoch 52: train_loss: 0.5379 | lr: 0.000000
[2023-03-22 16:26:06] PRINT [03/22 16:26:06 graph]: --- Testf1: 0.81794, Best Valacc: 0.82255 in epoch 446 --- 
[2023-03-22 16:26:06] PRINT [03/22 16:26:06 graph]: Epoch 52: get test acc score:  0.81794
[2023-03-22 16:26:06] PRINT [03/22 16:26:06 graph]: best_f1 0.81794 at epoch 52
[2023-03-22 16:26:06] PRINT [03/22 16:26:06 graph]: start epoch 53.
[2023-03-22 16:26:06] PRINT [03/22 16:26:06 graph]: # Epoch 53: train_loss: 0.5374 | lr: 0.000000
[2023-03-22 16:26:14] PRINT [03/22 16:26:14 graph]: --- Testf1: 0.82003, Best Valacc: 0.82182 in epoch 468 --- 
[2023-03-22 16:26:14] PRINT [03/22 16:26:14 graph]: Epoch 53: get test acc score:  0.82003
[2023-03-22 16:26:14] PRINT [03/22 16:26:14 graph]: best_f1 0.82003 at epoch 53
[2023-03-22 16:26:14] PRINT [03/22 16:26:14 graph]: start epoch 54.
[2023-03-22 16:26:14] PRINT [03/22 16:26:14 graph]: # Epoch 54: train_loss: 0.5377 | lr: 0.000000
[2023-03-22 16:26:21] PRINT [03/22 16:26:21 graph]: --- Testf1: 0.81712, Best Valacc: 0.81673 in epoch 461 --- 
[2023-03-22 16:26:21] PRINT [03/22 16:26:21 graph]: Epoch 54: get test acc score:  0.81712
[2023-03-22 16:26:21] PRINT [03/22 16:26:21 graph]: best_f1 0.82003 at epoch 53
[2023-03-22 16:26:21] PRINT [03/22 16:26:21 graph]: start epoch 55.
[2023-03-22 16:26:21] PRINT [03/22 16:26:21 graph]: # Epoch 55: train_loss: 0.5377 | lr: 0.000000
[2023-03-22 16:26:29] PRINT [03/22 16:26:29 graph]: --- Testf1: 0.81722, Best Valacc: 0.81527 in epoch 496 --- 
[2023-03-22 16:26:29] PRINT [03/22 16:26:29 graph]: Epoch 55: get test acc score:  0.81722
[2023-03-22 16:26:29] PRINT [03/22 16:26:29 graph]: best_f1 0.82003 at epoch 53
[2023-03-22 16:26:29] PRINT [03/22 16:26:29 graph]: start epoch 56.
[2023-03-22 16:26:29] PRINT [03/22 16:26:29 graph]: # Epoch 56: train_loss: 0.5377 | lr: 0.000000
[2023-03-22 16:26:36] PRINT [03/22 16:26:36 graph]: --- Testf1: 0.81276, Best Valacc: 0.82473 in epoch 464 --- 
[2023-03-22 16:26:36] PRINT [03/22 16:26:36 graph]: Epoch 56: get test acc score:  0.81276
[2023-03-22 16:26:36] PRINT [03/22 16:26:36 graph]: best_f1 0.82003 at epoch 53
[2023-03-22 16:26:36] PRINT [03/22 16:26:36 graph]: start epoch 57.
[2023-03-22 16:26:36] PRINT [03/22 16:26:36 graph]: # Epoch 57: train_loss: 0.5373 | lr: 0.000000
[2023-03-22 16:26:44] PRINT [03/22 16:26:44 graph]: --- Testf1: 0.81403, Best Valacc: 0.81745 in epoch 425 --- 
[2023-03-22 16:26:44] PRINT [03/22 16:26:44 graph]: Epoch 57: get test acc score:  0.81403
[2023-03-22 16:26:44] PRINT [03/22 16:26:44 graph]: best_f1 0.82003 at epoch 53
[2023-03-22 16:26:44] PRINT [03/22 16:26:44 graph]: start epoch 58.
[2023-03-22 16:26:44] PRINT [03/22 16:26:44 graph]: # Epoch 58: train_loss: 0.5373 | lr: 0.000000
[2023-03-22 16:26:51] PRINT [03/22 16:26:51 graph]: --- Testf1: 0.81440, Best Valacc: 0.81236 in epoch 442 --- 
[2023-03-22 16:26:52] PRINT [03/22 16:26:52 graph]: Epoch 58: get test acc score:  0.81440
[2023-03-22 16:26:52] PRINT [03/22 16:26:52 graph]: best_f1 0.82003 at epoch 53
[2023-03-22 16:26:52] PRINT [03/22 16:26:52 graph]: start epoch 59.
[2023-03-22 16:26:52] PRINT [03/22 16:26:52 graph]: # Epoch 59: train_loss: 0.5377 | lr: 0.000000
[2023-03-22 16:26:59] PRINT [03/22 16:26:59 graph]: --- Testf1: 0.81649, Best Valacc: 0.81455 in epoch 488 --- 
[2023-03-22 16:26:59] PRINT [03/22 16:26:59 graph]: Epoch 59: get test acc score:  0.81649
[2023-03-22 16:26:59] PRINT [03/22 16:26:59 graph]: best_f1 0.82003 at epoch 53
[2023-03-22 16:26:59] PRINT [03/22 16:26:59 graph]: start epoch 60.
[2023-03-22 16:26:59] PRINT [03/22 16:26:59 graph]: # Epoch 60: train_loss: 0.5375 | lr: 0.000000
[2023-03-22 16:27:06] PRINT [03/22 16:27:06 graph]: --- Testf1: 0.82076, Best Valacc: 0.81309 in epoch 434 --- 
[2023-03-22 16:27:07] PRINT [03/22 16:27:07 graph]: Epoch 60: get test acc score:  0.82076
[2023-03-22 16:27:07] PRINT [03/22 16:27:07 graph]: best_f1 0.82076 at epoch 60
[2023-03-22 16:27:07] PRINT [03/22 16:27:07 graph]: start epoch 61.
[2023-03-22 16:27:07] PRINT [03/22 16:27:07 graph]: # Epoch 61: train_loss: 0.5373 | lr: 0.000000
[2023-03-22 16:27:14] PRINT [03/22 16:27:14 graph]: --- Testf1: 0.82049, Best Valacc: 0.81673 in epoch 325 --- 
[2023-03-22 16:27:14] PRINT [03/22 16:27:14 graph]: Epoch 61: get test acc score:  0.82049
[2023-03-22 16:27:14] PRINT [03/22 16:27:14 graph]: best_f1 0.82076 at epoch 60
[2023-03-22 16:27:14] PRINT [03/22 16:27:14 graph]: start epoch 62.
[2023-03-22 16:27:14] PRINT [03/22 16:27:14 graph]: # Epoch 62: train_loss: 0.5379 | lr: 0.000000
[2023-03-22 16:27:22] PRINT [03/22 16:27:22 graph]: --- Testf1: 0.82012, Best Valacc: 0.82255 in epoch 438 --- 
[2023-03-22 16:27:22] PRINT [03/22 16:27:22 graph]: Epoch 62: get test acc score:  0.82012
[2023-03-22 16:27:22] PRINT [03/22 16:27:22 graph]: best_f1 0.82076 at epoch 60
[2023-03-22 16:27:22] PRINT [03/22 16:27:22 graph]: start epoch 63.
[2023-03-22 16:27:22] PRINT [03/22 16:27:22 graph]: # Epoch 63: train_loss: 0.5376 | lr: 0.000000
[2023-03-22 16:27:29] PRINT [03/22 16:27:29 graph]: --- Testf1: 0.82012, Best Valacc: 0.81818 in epoch 358 --- 
[2023-03-22 16:27:29] PRINT [03/22 16:27:29 graph]: Epoch 63: get test acc score:  0.82012
[2023-03-22 16:27:29] PRINT [03/22 16:27:29 graph]: best_f1 0.82076 at epoch 60
[2023-03-22 16:27:29] PRINT [03/22 16:27:29 graph]: start epoch 64.
[2023-03-22 16:27:30] PRINT [03/22 16:27:30 graph]: # Epoch 64: train_loss: 0.5377 | lr: 0.000000
[2023-03-22 16:27:37] PRINT [03/22 16:27:37 graph]: --- Testf1: 0.81494, Best Valacc: 0.82255 in epoch 411 --- 
[2023-03-22 16:27:37] PRINT [03/22 16:27:37 graph]: Epoch 64: get test acc score:  0.81494
[2023-03-22 16:27:37] PRINT [03/22 16:27:37 graph]: best_f1 0.82076 at epoch 60
[2023-03-22 16:27:37] PRINT [03/22 16:27:37 graph]: start epoch 65.
[2023-03-22 16:27:37] PRINT [03/22 16:27:37 graph]: # Epoch 65: train_loss: 0.5374 | lr: 0.000000
[2023-03-22 16:27:44] PRINT [03/22 16:27:44 graph]: --- Testf1: 0.81994, Best Valacc: 0.81745 in epoch 490 --- 
[2023-03-22 16:27:45] PRINT [03/22 16:27:45 graph]: Epoch 65: get test acc score:  0.81994
[2023-03-22 16:27:45] PRINT [03/22 16:27:45 graph]: best_f1 0.82076 at epoch 60
[2023-03-22 16:27:45] PRINT [03/22 16:27:45 graph]: start epoch 66.
[2023-03-22 16:27:45] PRINT [03/22 16:27:45 graph]: # Epoch 66: train_loss: 0.5383 | lr: 0.000000
[2023-03-22 16:27:52] PRINT [03/22 16:27:52 graph]: --- Testf1: 0.81994, Best Valacc: 0.83055 in epoch 385 --- 
[2023-03-22 16:27:52] PRINT [03/22 16:27:52 graph]: Epoch 66: get test acc score:  0.81994
[2023-03-22 16:27:52] PRINT [03/22 16:27:52 graph]: best_f1 0.82076 at epoch 60
[2023-03-22 16:27:52] PRINT [03/22 16:27:52 graph]: start epoch 67.
[2023-03-22 16:27:52] PRINT [03/22 16:27:52 graph]: # Epoch 67: train_loss: 0.5375 | lr: 0.000000
[2023-03-22 16:27:59] PRINT [03/22 16:27:59 graph]: --- Testf1: 0.81512, Best Valacc: 0.82545 in epoch 480 --- 
[2023-03-22 16:27:59] PRINT [03/22 16:27:59 graph]: Epoch 67: get test acc score:  0.81512
[2023-03-22 16:27:59] PRINT [03/22 16:27:59 graph]: best_f1 0.82076 at epoch 60
[2023-03-22 16:27:59] PRINT [03/22 16:27:59 graph]: start epoch 68.
[2023-03-22 16:27:59] PRINT [03/22 16:27:59 graph]: # Epoch 68: train_loss: 0.5376 | lr: 0.000000
[2023-03-22 16:28:05] PRINT [03/22 16:28:05 graph]: --- Testf1: 0.81931, Best Valacc: 0.81818 in epoch 464 --- 
[2023-03-22 16:28:05] PRINT [03/22 16:28:05 graph]: Epoch 68: get test acc score:  0.81931
[2023-03-22 16:28:05] PRINT [03/22 16:28:05 graph]: best_f1 0.82076 at epoch 60
[2023-03-22 16:28:05] PRINT [03/22 16:28:05 graph]: start epoch 69.
[2023-03-22 16:28:05] PRINT [03/22 16:28:05 graph]: # Epoch 69: train_loss: 0.5376 | lr: 0.000000
[2023-03-22 16:28:11] PRINT [03/22 16:28:11 graph]: --- Testf1: 0.81658, Best Valacc: 0.81891 in epoch 493 --- 
[2023-03-22 16:28:11] PRINT [03/22 16:28:11 graph]: Epoch 69: get test acc score:  0.81658
[2023-03-22 16:28:11] PRINT [03/22 16:28:11 graph]: best_f1 0.82076 at epoch 60
[2023-03-22 16:28:11] PRINT [03/22 16:28:11 graph]: start epoch 70.
[2023-03-22 16:28:12] PRINT [03/22 16:28:12 graph]: # Epoch 70: train_loss: 0.5375 | lr: 0.000000
[2023-03-22 16:28:17] PRINT [03/22 16:28:17 graph]: --- Testf1: 0.81331, Best Valacc: 0.82255 in epoch 483 --- 
[2023-03-22 16:28:17] PRINT [03/22 16:28:17 graph]: Epoch 70: get test acc score:  0.81331
[2023-03-22 16:28:17] PRINT [03/22 16:28:17 graph]: best_f1 0.82076 at epoch 60
[2023-03-22 16:28:17] PRINT [03/22 16:28:17 graph]: start epoch 71.
[2023-03-22 16:28:18] PRINT [03/22 16:28:18 graph]: # Epoch 71: train_loss: 0.5376 | lr: 0.000000
[2023-03-22 16:28:26] PRINT [03/22 16:28:26 graph]: --- Testf1: 0.81622, Best Valacc: 0.82182 in epoch 318 --- 
[2023-03-22 16:28:27] PRINT [03/22 16:28:27 graph]: Epoch 71: get test acc score:  0.81622
[2023-03-22 16:28:27] PRINT [03/22 16:28:27 graph]: best_f1 0.82076 at epoch 60
[2023-03-22 16:28:27] PRINT [03/22 16:28:27 graph]: start epoch 72.
[2023-03-22 16:28:27] PRINT [03/22 16:28:27 graph]: # Epoch 72: train_loss: 0.5375 | lr: 0.000000
[2023-03-22 16:28:34] PRINT [03/22 16:28:34 graph]: --- Testf1: 0.81431, Best Valacc: 0.82618 in epoch 497 --- 
[2023-03-22 16:28:34] PRINT [03/22 16:28:34 graph]: Epoch 72: get test acc score:  0.81431
[2023-03-22 16:28:34] PRINT [03/22 16:28:34 graph]: best_f1 0.82076 at epoch 60
[2023-03-22 16:28:34] PRINT [03/22 16:28:34 graph]: start epoch 73.
[2023-03-22 16:28:34] PRINT [03/22 16:28:34 graph]: # Epoch 73: train_loss: 0.5377 | lr: 0.000000
[2023-03-22 16:28:41] PRINT [03/22 16:28:41 graph]: --- Testf1: 0.81076, Best Valacc: 0.82473 in epoch 455 --- 
[2023-03-22 16:28:42] PRINT [03/22 16:28:42 graph]: Epoch 73: get test acc score:  0.81076
[2023-03-22 16:28:42] PRINT [03/22 16:28:42 graph]: best_f1 0.82076 at epoch 60
[2023-03-22 16:28:42] PRINT [03/22 16:28:42 graph]: start epoch 74.
[2023-03-22 16:28:42] PRINT [03/22 16:28:42 graph]: # Epoch 74: train_loss: 0.5375 | lr: 0.000000
[2023-03-22 16:28:49] PRINT [03/22 16:28:49 graph]: --- Testf1: 0.81831, Best Valacc: 0.82764 in epoch 481 --- 
[2023-03-22 16:28:49] PRINT [03/22 16:28:49 graph]: Epoch 74: get test acc score:  0.81831
[2023-03-22 16:28:49] PRINT [03/22 16:28:49 graph]: best_f1 0.82076 at epoch 60
[2023-03-22 16:28:49] PRINT [03/22 16:28:49 graph]: start epoch 75.
[2023-03-22 16:28:50] PRINT [03/22 16:28:50 graph]: # Epoch 75: train_loss: 0.5373 | lr: 0.000000
[2023-03-22 16:28:57] PRINT [03/22 16:28:57 graph]: --- Testf1: 0.82021, Best Valacc: 0.82109 in epoch 468 --- 
[2023-03-22 16:28:57] PRINT [03/22 16:28:57 graph]: Epoch 75: get test acc score:  0.82021
[2023-03-22 16:28:57] PRINT [03/22 16:28:57 graph]: best_f1 0.82076 at epoch 60
[2023-03-22 16:28:57] PRINT [03/22 16:28:57 graph]: start epoch 76.
[2023-03-22 16:28:57] PRINT [03/22 16:28:57 graph]: # Epoch 76: train_loss: 0.5372 | lr: 0.000000
[2023-03-22 16:29:05] PRINT [03/22 16:29:05 graph]: --- Testf1: 0.82212, Best Valacc: 0.82182 in epoch 466 --- 
[2023-03-22 16:29:05] PRINT [03/22 16:29:05 graph]: Epoch 76: get test acc score:  0.82212
[2023-03-22 16:29:05] PRINT [03/22 16:29:05 graph]: best_f1 0.82212 at epoch 76
[2023-03-22 16:29:05] PRINT [03/22 16:29:05 graph]: start epoch 77.
[2023-03-22 16:29:05] PRINT [03/22 16:29:05 graph]: # Epoch 77: train_loss: 0.5374 | lr: 0.000000
[2023-03-22 16:29:12] PRINT [03/22 16:29:12 graph]: --- Testf1: 0.81340, Best Valacc: 0.81164 in epoch 367 --- 
[2023-03-22 16:29:12] PRINT [03/22 16:29:12 graph]: Epoch 77: get test acc score:  0.81340
[2023-03-22 16:29:12] PRINT [03/22 16:29:12 graph]: best_f1 0.82212 at epoch 76
[2023-03-22 16:29:12] PRINT [03/22 16:29:12 graph]: start epoch 78.
[2023-03-22 16:29:12] PRINT [03/22 16:29:12 graph]: # Epoch 78: train_loss: 0.5372 | lr: 0.000000
[2023-03-22 16:29:20] PRINT [03/22 16:29:20 graph]: --- Testf1: 0.81103, Best Valacc: 0.81891 in epoch 362 --- 
[2023-03-22 16:29:20] PRINT [03/22 16:29:20 graph]: Epoch 78: get test acc score:  0.81103
[2023-03-22 16:29:20] PRINT [03/22 16:29:20 graph]: best_f1 0.82212 at epoch 76
[2023-03-22 16:29:20] PRINT [03/22 16:29:20 graph]: start epoch 79.
[2023-03-22 16:29:20] PRINT [03/22 16:29:20 graph]: # Epoch 79: train_loss: 0.5375 | lr: 0.000000
[2023-03-22 16:29:27] PRINT [03/22 16:29:27 graph]: --- Testf1: 0.81403, Best Valacc: 0.81745 in epoch 384 --- 
[2023-03-22 16:29:28] PRINT [03/22 16:29:28 graph]: Epoch 79: get test acc score:  0.81403
[2023-03-22 16:29:28] PRINT [03/22 16:29:28 graph]: best_f1 0.82212 at epoch 76
[2023-03-22 16:29:28] PRINT [03/22 16:29:28 graph]: start epoch 80.
[2023-03-22 16:29:28] PRINT [03/22 16:29:28 graph]: # Epoch 80: train_loss: 0.5380 | lr: 0.000000
[2023-03-22 16:29:35] PRINT [03/22 16:29:35 graph]: --- Testf1: 0.82012, Best Valacc: 0.82545 in epoch 425 --- 
[2023-03-22 16:29:35] PRINT [03/22 16:29:35 graph]: Epoch 80: get test acc score:  0.82012
[2023-03-22 16:29:35] PRINT [03/22 16:29:35 graph]: best_f1 0.82212 at epoch 76
[2023-03-22 16:29:35] PRINT [03/22 16:29:35 graph]: start epoch 81.
[2023-03-22 16:29:36] PRINT [03/22 16:29:36 graph]: # Epoch 81: train_loss: 0.5377 | lr: 0.000000
[2023-03-22 16:29:43] PRINT [03/22 16:29:43 graph]: --- Testf1: 0.81322, Best Valacc: 0.80582 in epoch 330 --- 
[2023-03-22 16:29:43] PRINT [03/22 16:29:43 graph]: Epoch 81: get test acc score:  0.81322
[2023-03-22 16:29:43] PRINT [03/22 16:29:43 graph]: best_f1 0.82212 at epoch 76
[2023-03-22 16:29:43] PRINT [03/22 16:29:43 graph]: start epoch 82.
[2023-03-22 16:29:43] PRINT [03/22 16:29:43 graph]: # Epoch 82: train_loss: 0.5373 | lr: 0.000000
[2023-03-22 16:29:51] PRINT [03/22 16:29:51 graph]: --- Testf1: 0.81322, Best Valacc: 0.81673 in epoch 445 --- 
[2023-03-22 16:29:51] PRINT [03/22 16:29:51 graph]: Epoch 82: get test acc score:  0.81322
[2023-03-22 16:29:51] PRINT [03/22 16:29:51 graph]: best_f1 0.82212 at epoch 76
[2023-03-22 16:29:51] PRINT [03/22 16:29:51 graph]: start epoch 83.
[2023-03-22 16:29:51] PRINT [03/22 16:29:51 graph]: # Epoch 83: train_loss: 0.5372 | lr: 0.000000
[2023-03-22 16:29:59] PRINT [03/22 16:29:59 graph]: --- Testf1: 0.81849, Best Valacc: 0.81891 in epoch 493 --- 
[2023-03-22 16:29:59] PRINT [03/22 16:29:59 graph]: Epoch 83: get test acc score:  0.81849
[2023-03-22 16:29:59] PRINT [03/22 16:29:59 graph]: best_f1 0.82212 at epoch 76
[2023-03-22 16:29:59] PRINT [03/22 16:29:59 graph]: start epoch 84.
[2023-03-22 16:29:59] PRINT [03/22 16:29:59 graph]: # Epoch 84: train_loss: 0.5375 | lr: 0.000000
[2023-03-22 16:30:06] PRINT [03/22 16:30:06 graph]: --- Testf1: 0.81431, Best Valacc: 0.82473 in epoch 442 --- 
[2023-03-22 16:30:07] PRINT [03/22 16:30:07 graph]: Epoch 84: get test acc score:  0.81431
[2023-03-22 16:30:07] PRINT [03/22 16:30:07 graph]: best_f1 0.82212 at epoch 76
[2023-03-22 16:30:07] PRINT [03/22 16:30:07 graph]: start epoch 85.
[2023-03-22 16:30:07] PRINT [03/22 16:30:07 graph]: # Epoch 85: train_loss: 0.5378 | lr: 0.000000
[2023-03-22 16:30:14] PRINT [03/22 16:30:14 graph]: --- Testf1: 0.82312, Best Valacc: 0.82545 in epoch 469 --- 
[2023-03-22 16:30:15] PRINT [03/22 16:30:15 graph]: Epoch 85: get test acc score:  0.82312
[2023-03-22 16:30:15] PRINT [03/22 16:30:15 graph]: best_f1 0.82312 at epoch 85
[2023-03-22 16:30:15] PRINT [03/22 16:30:15 graph]: start epoch 86.
[2023-03-22 16:30:15] PRINT [03/22 16:30:15 graph]: # Epoch 86: train_loss: 0.5375 | lr: 0.000000
[2023-03-22 16:30:22] PRINT [03/22 16:30:22 graph]: --- Testf1: 0.81503, Best Valacc: 0.81527 in epoch 318 --- 
[2023-03-22 16:30:22] PRINT [03/22 16:30:22 graph]: Epoch 86: get test acc score:  0.81503
[2023-03-22 16:30:22] PRINT [03/22 16:30:22 graph]: best_f1 0.82312 at epoch 85
[2023-03-22 16:30:22] PRINT [03/22 16:30:22 graph]: start epoch 87.
[2023-03-22 16:30:22] PRINT [03/22 16:30:22 graph]: # Epoch 87: train_loss: 0.5374 | lr: 0.000000
[2023-03-22 16:30:30] PRINT [03/22 16:30:30 graph]: --- Testf1: 0.81840, Best Valacc: 0.82255 in epoch 499 --- 
[2023-03-22 16:30:30] PRINT [03/22 16:30:30 graph]: Epoch 87: get test acc score:  0.81840
[2023-03-22 16:30:30] PRINT [03/22 16:30:30 graph]: best_f1 0.82312 at epoch 85
[2023-03-22 16:30:30] PRINT [03/22 16:30:30 graph]: start epoch 88.
[2023-03-22 16:30:30] PRINT [03/22 16:30:30 graph]: # Epoch 88: train_loss: 0.5376 | lr: 0.000000
[2023-03-22 16:30:37] PRINT [03/22 16:30:37 graph]: --- Testf1: 0.81758, Best Valacc: 0.82182 in epoch 362 --- 
[2023-03-22 16:30:38] PRINT [03/22 16:30:38 graph]: Epoch 88: get test acc score:  0.81758
[2023-03-22 16:30:38] PRINT [03/22 16:30:38 graph]: best_f1 0.82312 at epoch 85
[2023-03-22 16:30:38] PRINT [03/22 16:30:38 graph]: start epoch 89.
[2023-03-22 16:30:38] PRINT [03/22 16:30:38 graph]: # Epoch 89: train_loss: 0.5375 | lr: 0.000000
[2023-03-22 16:30:45] PRINT [03/22 16:30:45 graph]: --- Testf1: 0.81567, Best Valacc: 0.81964 in epoch 368 --- 
[2023-03-22 16:30:45] PRINT [03/22 16:30:45 graph]: Epoch 89: get test acc score:  0.81567
[2023-03-22 16:30:45] PRINT [03/22 16:30:45 graph]: best_f1 0.82312 at epoch 85
[2023-03-22 16:30:45] PRINT [03/22 16:30:45 graph]: start epoch 90.
[2023-03-22 16:30:45] PRINT [03/22 16:30:45 graph]: # Epoch 90: train_loss: 0.5374 | lr: 0.000000
[2023-03-22 16:30:53] PRINT [03/22 16:30:53 graph]: --- Testf1: 0.81776, Best Valacc: 0.81600 in epoch 422 --- 
[2023-03-22 16:30:53] PRINT [03/22 16:30:53 graph]: Epoch 90: get test acc score:  0.81776
[2023-03-22 16:30:53] PRINT [03/22 16:30:53 graph]: best_f1 0.82312 at epoch 85
[2023-03-22 16:30:53] PRINT [03/22 16:30:53 graph]: start epoch 91.
[2023-03-22 16:30:53] PRINT [03/22 16:30:53 graph]: # Epoch 91: train_loss: 0.5373 | lr: 0.000000
[2023-03-22 16:31:00] PRINT [03/22 16:31:00 graph]: --- Testf1: 0.81522, Best Valacc: 0.82473 in epoch 425 --- 
[2023-03-22 16:31:01] PRINT [03/22 16:31:01 graph]: Epoch 91: get test acc score:  0.81522
[2023-03-22 16:31:01] PRINT [03/22 16:31:01 graph]: best_f1 0.82312 at epoch 85
[2023-03-22 16:31:01] PRINT [03/22 16:31:01 graph]: start epoch 92.
[2023-03-22 16:31:01] PRINT [03/22 16:31:01 graph]: # Epoch 92: train_loss: 0.5378 | lr: 0.000000
[2023-03-22 16:31:08] PRINT [03/22 16:31:08 graph]: --- Testf1: 0.81422, Best Valacc: 0.81455 in epoch 465 --- 
[2023-03-22 16:31:08] PRINT [03/22 16:31:08 graph]: Epoch 92: get test acc score:  0.81422
[2023-03-22 16:31:08] PRINT [03/22 16:31:08 graph]: best_f1 0.82312 at epoch 85
[2023-03-22 16:31:08] PRINT [03/22 16:31:08 graph]: start epoch 93.
[2023-03-22 16:31:08] PRINT [03/22 16:31:08 graph]: # Epoch 93: train_loss: 0.5376 | lr: 0.000000
[2023-03-22 16:31:16] PRINT [03/22 16:31:16 graph]: --- Testf1: 0.82185, Best Valacc: 0.80873 in epoch 474 --- 
[2023-03-22 16:31:16] PRINT [03/22 16:31:16 graph]: Epoch 93: get test acc score:  0.82185
[2023-03-22 16:31:16] PRINT [03/22 16:31:16 graph]: best_f1 0.82312 at epoch 85
[2023-03-22 16:31:16] PRINT [03/22 16:31:16 graph]: start epoch 94.
[2023-03-22 16:31:16] PRINT [03/22 16:31:16 graph]: # Epoch 94: train_loss: 0.5374 | lr: 0.000000
[2023-03-22 16:31:23] PRINT [03/22 16:31:23 graph]: --- Testf1: 0.81585, Best Valacc: 0.82764 in epoch 478 --- 
[2023-03-22 16:31:23] PRINT [03/22 16:31:23 graph]: Epoch 94: get test acc score:  0.81585
[2023-03-22 16:31:23] PRINT [03/22 16:31:23 graph]: best_f1 0.82312 at epoch 85
[2023-03-22 16:31:23] PRINT [03/22 16:31:23 graph]: start epoch 95.
[2023-03-22 16:31:24] PRINT [03/22 16:31:24 graph]: # Epoch 95: train_loss: 0.5375 | lr: 0.000000
[2023-03-22 16:31:31] PRINT [03/22 16:31:31 graph]: --- Testf1: 0.81376, Best Valacc: 0.82473 in epoch 360 --- 
[2023-03-22 16:31:31] PRINT [03/22 16:31:31 graph]: Epoch 95: get test acc score:  0.81376
[2023-03-22 16:31:31] PRINT [03/22 16:31:31 graph]: best_f1 0.82312 at epoch 85
[2023-03-22 16:31:31] PRINT [03/22 16:31:31 graph]: start epoch 96.
[2023-03-22 16:31:31] PRINT [03/22 16:31:31 graph]: # Epoch 96: train_loss: 0.5378 | lr: 0.000000
[2023-03-22 16:31:38] PRINT [03/22 16:31:38 graph]: --- Testf1: 0.81585, Best Valacc: 0.82182 in epoch 424 --- 
[2023-03-22 16:31:38] PRINT [03/22 16:31:38 graph]: Epoch 96: get test acc score:  0.81585
[2023-03-22 16:31:38] PRINT [03/22 16:31:38 graph]: best_f1 0.82312 at epoch 85
[2023-03-22 16:31:38] PRINT [03/22 16:31:38 graph]: start epoch 97.
[2023-03-22 16:31:38] PRINT [03/22 16:31:38 graph]: # Epoch 97: train_loss: 0.5375 | lr: 0.000000
[2023-03-22 16:31:45] PRINT [03/22 16:31:45 graph]: --- Testf1: 0.81567, Best Valacc: 0.81745 in epoch 407 --- 
[2023-03-22 16:31:46] PRINT [03/22 16:31:46 graph]: Epoch 97: get test acc score:  0.81567
[2023-03-22 16:31:46] PRINT [03/22 16:31:46 graph]: best_f1 0.82312 at epoch 85
[2023-03-22 16:31:46] PRINT [03/22 16:31:46 graph]: start epoch 98.
[2023-03-22 16:31:46] PRINT [03/22 16:31:46 graph]: # Epoch 98: train_loss: 0.5378 | lr: 0.000000
[2023-03-22 16:31:53] PRINT [03/22 16:31:53 graph]: --- Testf1: 0.81840, Best Valacc: 0.82255 in epoch 478 --- 
[2023-03-22 16:31:53] PRINT [03/22 16:31:53 graph]: Epoch 98: get test acc score:  0.81840
[2023-03-22 16:31:53] PRINT [03/22 16:31:53 graph]: best_f1 0.82312 at epoch 85
[2023-03-22 16:31:53] PRINT [03/22 16:31:53 graph]: start epoch 99.
[2023-03-22 16:31:53] PRINT [03/22 16:31:53 graph]: # Epoch 99: train_loss: 0.5373 | lr: 0.000000
[2023-03-22 16:31:59] PRINT [03/22 16:31:59 graph]: --- Testf1: 0.82440, Best Valacc: 0.81455 in epoch 406 --- 
[2023-03-22 16:31:59] PRINT [03/22 16:31:59 graph]: Epoch 99: get test acc score:  0.82440
[2023-03-22 16:31:59] PRINT [03/22 16:31:59 graph]: best_f1 0.8244 at epoch 99
[2023-03-22 16:31:59] PRINT [03/22 16:31:59 graph]: # final_acc: 0.82440±0.00000
