[2023-03-21 23:20:19] PRINT ---new cfg------
[2023-03-21 23:20:19] PRINT {'DATA': {'data_name': 'comp'}, 'DATALOADER': {'NUM_WORKERS': 0}, 'MODEL': {'num_hidden': 512, 'num_layers': 2, 'nhead': 4, 'activation': 'prelu', 'attn_drop': 0.2, 'feat_drop': 0.4, 'norm': 'layernorm', 'pooler': 'mean', 'beta_schedule': 'quad', 'beta_1': 0.0007224654231801032, 'beta_T': 0.022371264888654728, 'T': 653}, 'SOLVER': {'optim_type': 'adam', 'optim_type_f': 'adamw', 'alpha': 0, 'decay': 30, 'LR': 0.0002811524168326208, 'LR_f': 0.02540952656818728, 'weight_decay': 0, 'weight_decay_f': 0.0006863609688409645, 'MAX_EPOCH': 100, 'max_epoch_f': 500}, 'DEVICE': 'cuda', 'seeds': [0], 'eval_T': [50, 100, 200], 'output_dir': '/ddm-nni/AmazonCoBuyComputerDataset¶/log', 'checkpoint_dir': '/ddm-nni/AmazonCoBuyComputerDataset¶/log/checkpoint'}
[2023-03-21 23:20:19] PRINT [03/21 23:20:19 graph]: Rank of current process: 0. World size: 1
[2023-03-21 23:20:22] PRINT [03/21 23:20:22 graph]: Environment info:
[2023-03-21 23:20:22] PRINT PyTorch version: 1.10.0+cu113
[2023-03-21 23:20:22] PRINT Is debug build: False
[2023-03-21 23:20:22] PRINT CUDA used to build PyTorch: 11.3
[2023-03-21 23:20:22] PRINT ROCM used to build PyTorch: N/A
[2023-03-21 23:20:22] PRINT 
[2023-03-21 23:20:22] PRINT OS: Ubuntu 20.04.3 LTS (x86_64)
[2023-03-21 23:20:22] PRINT GCC version: (Ubuntu 9.3.0-17ubuntu1~20.04) 9.3.0
[2023-03-21 23:20:22] PRINT Clang version: Could not collect
[2023-03-21 23:20:22] PRINT CMake version: version 3.16.3
[2023-03-21 23:20:22] PRINT Libc version: glibc-2.31
[2023-03-21 23:20:22] PRINT 
[2023-03-21 23:20:22] PRINT Python version: 3.8.10 (default, Jun  4 2021, 15:09:15)  [GCC 7.5.0] (64-bit runtime)
[2023-03-21 23:20:22] PRINT Python platform: Linux-5.4.0-90-generic-x86_64-with-glibc2.17
[2023-03-21 23:20:22] PRINT Is CUDA available: True
[2023-03-21 23:20:22] PRINT CUDA runtime version: 11.3.109
[2023-03-21 23:20:22] PRINT GPU models and configuration: GPU 0: NVIDIA GeForce RTX 3090
[2023-03-21 23:20:22] PRINT Nvidia driver version: 495.44
[2023-03-21 23:20:22] PRINT cuDNN version: Probably one of the following:
[2023-03-21 23:20:22] PRINT /usr/lib/x86_64-linux-gnu/libcudnn.so.8.2.0
[2023-03-21 23:20:22] PRINT /usr/lib/x86_64-linux-gnu/libcudnn_adv_infer.so.8.2.0
[2023-03-21 23:20:22] PRINT /usr/lib/x86_64-linux-gnu/libcudnn_adv_train.so.8.2.0
[2023-03-21 23:20:22] PRINT /usr/lib/x86_64-linux-gnu/libcudnn_cnn_infer.so.8.2.0
[2023-03-21 23:20:22] PRINT /usr/lib/x86_64-linux-gnu/libcudnn_cnn_train.so.8.2.0
[2023-03-21 23:20:22] PRINT /usr/lib/x86_64-linux-gnu/libcudnn_ops_infer.so.8.2.0
[2023-03-21 23:20:22] PRINT /usr/lib/x86_64-linux-gnu/libcudnn_ops_train.so.8.2.0
[2023-03-21 23:20:22] PRINT HIP runtime version: N/A
[2023-03-21 23:20:22] PRINT MIOpen runtime version: N/A
[2023-03-21 23:20:22] PRINT 
[2023-03-21 23:20:22] PRINT Versions of relevant libraries:
[2023-03-21 23:20:22] PRINT [pip3] numpy==1.23.5
[2023-03-21 23:20:22] PRINT [pip3] torch==1.10.0+cu113
[2023-03-21 23:20:22] PRINT [pip3] torchvision==0.11.1+cu113
[2023-03-21 23:20:22] PRINT [conda] blas                      1.0                         mkl    https://mirrors.ustc.edu.cn/anaconda/pkgs/main
[2023-03-21 23:20:22] PRINT [conda] mkl                       2021.4.0           h06a4308_640    https://mirrors.ustc.edu.cn/anaconda/pkgs/main
[2023-03-21 23:20:22] PRINT [conda] mkl-service               2.4.0            py38h7f8727e_0    https://mirrors.ustc.edu.cn/anaconda/pkgs/main
[2023-03-21 23:20:22] PRINT [conda] mkl_fft                   1.3.1            py38hd3c417c_0    https://mirrors.ustc.edu.cn/anaconda/pkgs/main
[2023-03-21 23:20:22] PRINT [conda] mkl_random                1.2.2            py38h51133e4_0    https://mirrors.ustc.edu.cn/anaconda/pkgs/main
[2023-03-21 23:20:22] PRINT [conda] numpy                     1.21.4                   pypi_0    pypi
[2023-03-21 23:20:22] PRINT [conda] numpy-base                1.23.5           py38h31eccc5_0    https://mirrors.ustc.edu.cn/anaconda/pkgs/main
[2023-03-21 23:20:22] PRINT [conda] torch                     1.10.0+cu113             pypi_0    pypi
[2023-03-21 23:20:22] PRINT [conda] torchvision               0.11.1+cu113             pypi_0    pypi
[2023-03-21 23:20:22] PRINT         Pillow (8.4.0)
[2023-03-21 23:20:22] PRINT [03/21 23:20:22 graph]: Command line arguments: Namespace(local_rank=0, resume=False, seed=1234, start_epoch=0)
[2023-03-21 23:20:22] PRINT [03/21 23:20:22 graph]: Run 0th for seed 0
[2023-03-21 23:20:22] PRINT [03/21 23:20:22 graph]: Total trainable params num : 8015363
[2023-03-21 23:20:27] PRINT [03/21 23:20:27 graph]: ----------Start Training----------
[2023-03-21 23:20:27] PRINT [03/21 23:20:27 graph]: start epoch 0.
[2023-03-21 23:20:27] PRINT [03/21 23:20:27 graph]: # Epoch 0: train_loss: 1.0182 | lr: 0.000281
[2023-03-21 23:20:27] PRINT [03/21 23:20:27 graph]: start epoch 1.
[2023-03-21 23:20:28] PRINT [03/21 23:20:28 graph]: # Epoch 1: train_loss: 0.8438 | lr: 0.000281
[2023-03-21 23:20:28] PRINT [03/21 23:20:28 graph]: start epoch 2.
[2023-03-21 23:20:28] PRINT [03/21 23:20:28 graph]: # Epoch 2: train_loss: 0.7386 | lr: 0.000281
[2023-03-21 23:20:28] PRINT [03/21 23:20:28 graph]: start epoch 3.
[2023-03-21 23:20:28] PRINT [03/21 23:20:28 graph]: # Epoch 3: train_loss: 0.6795 | lr: 0.000281
[2023-03-21 23:20:28] PRINT [03/21 23:20:28 graph]: start epoch 4.
[2023-03-21 23:20:28] PRINT [03/21 23:20:28 graph]: # Epoch 4: train_loss: 0.6437 | lr: 0.000281
[2023-03-21 23:20:28] PRINT [03/21 23:20:28 graph]: start epoch 5.
[2023-03-21 23:20:28] PRINT [03/21 23:20:28 graph]: # Epoch 5: train_loss: 0.6184 | lr: 0.000281
[2023-03-21 23:20:28] PRINT [03/21 23:20:28 graph]: start epoch 6.
[2023-03-21 23:20:28] PRINT [03/21 23:20:28 graph]: # Epoch 6: train_loss: 0.6023 | lr: 0.000281
[2023-03-21 23:20:28] PRINT [03/21 23:20:28 graph]: start epoch 7.
[2023-03-21 23:20:28] PRINT [03/21 23:20:28 graph]: # Epoch 7: train_loss: 0.5912 | lr: 0.000281
[2023-03-21 23:20:28] PRINT [03/21 23:20:28 graph]: start epoch 8.
[2023-03-21 23:20:28] PRINT [03/21 23:20:28 graph]: # Epoch 8: train_loss: 0.5819 | lr: 0.000281
[2023-03-21 23:20:28] PRINT [03/21 23:20:28 graph]: start epoch 9.
[2023-03-21 23:20:28] PRINT [03/21 23:20:28 graph]: # Epoch 9: train_loss: 0.5756 | lr: 0.000281
[2023-03-21 23:20:28] PRINT [03/21 23:20:28 graph]: start epoch 10.
[2023-03-21 23:20:28] PRINT [03/21 23:20:28 graph]: # Epoch 10: train_loss: 0.5709 | lr: 0.000281
[2023-03-21 23:20:28] PRINT [03/21 23:20:28 graph]: start epoch 11.
[2023-03-21 23:20:28] PRINT [03/21 23:20:28 graph]: # Epoch 11: train_loss: 0.5663 | lr: 0.000281
[2023-03-21 23:20:28] PRINT [03/21 23:20:28 graph]: start epoch 12.
[2023-03-21 23:20:28] PRINT [03/21 23:20:28 graph]: # Epoch 12: train_loss: 0.5627 | lr: 0.000281
[2023-03-21 23:20:28] PRINT [03/21 23:20:28 graph]: start epoch 13.
[2023-03-21 23:20:28] PRINT [03/21 23:20:28 graph]: # Epoch 13: train_loss: 0.5590 | lr: 0.000281
[2023-03-21 23:20:28] PRINT [03/21 23:20:28 graph]: start epoch 14.
[2023-03-21 23:20:29] PRINT [03/21 23:20:29 graph]: # Epoch 14: train_loss: 0.5552 | lr: 0.000281
[2023-03-21 23:20:29] PRINT [03/21 23:20:29 graph]: start epoch 15.
[2023-03-21 23:20:29] PRINT [03/21 23:20:29 graph]: # Epoch 15: train_loss: 0.5519 | lr: 0.000281
[2023-03-21 23:20:29] PRINT [03/21 23:20:29 graph]: start epoch 16.
[2023-03-21 23:20:29] PRINT [03/21 23:20:29 graph]: # Epoch 16: train_loss: 0.5484 | lr: 0.000281
[2023-03-21 23:20:29] PRINT [03/21 23:20:29 graph]: start epoch 17.
[2023-03-21 23:20:29] PRINT [03/21 23:20:29 graph]: # Epoch 17: train_loss: 0.5447 | lr: 0.000281
[2023-03-21 23:20:29] PRINT [03/21 23:20:29 graph]: start epoch 18.
[2023-03-21 23:20:29] PRINT [03/21 23:20:29 graph]: # Epoch 18: train_loss: 0.5412 | lr: 0.000281
[2023-03-21 23:20:29] PRINT [03/21 23:20:29 graph]: start epoch 19.
[2023-03-21 23:20:29] PRINT [03/21 23:20:29 graph]: # Epoch 19: train_loss: 0.5384 | lr: 0.000281
[2023-03-21 23:20:29] PRINT [03/21 23:20:29 graph]: start epoch 20.
[2023-03-21 23:20:29] PRINT [03/21 23:20:29 graph]: # Epoch 20: train_loss: 0.5360 | lr: 0.000281
[2023-03-21 23:20:29] PRINT [03/21 23:20:29 graph]: start epoch 21.
[2023-03-21 23:20:29] PRINT [03/21 23:20:29 graph]: # Epoch 21: train_loss: 0.5334 | lr: 0.000281
[2023-03-21 23:20:29] PRINT [03/21 23:20:29 graph]: start epoch 22.
[2023-03-21 23:20:29] PRINT [03/21 23:20:29 graph]: # Epoch 22: train_loss: 0.5303 | lr: 0.000281
[2023-03-21 23:20:29] PRINT [03/21 23:20:29 graph]: start epoch 23.
[2023-03-21 23:20:29] PRINT [03/21 23:20:29 graph]: # Epoch 23: train_loss: 0.5261 | lr: 0.000281
[2023-03-21 23:20:29] PRINT [03/21 23:20:29 graph]: start epoch 24.
[2023-03-21 23:20:29] PRINT [03/21 23:20:29 graph]: # Epoch 24: train_loss: 0.5231 | lr: 0.000281
[2023-03-21 23:20:29] PRINT [03/21 23:20:29 graph]: start epoch 25.
[2023-03-21 23:20:29] PRINT [03/21 23:20:29 graph]: # Epoch 25: train_loss: 0.5207 | lr: 0.000281
[2023-03-21 23:20:29] PRINT [03/21 23:20:29 graph]: start epoch 26.
[2023-03-21 23:20:29] PRINT [03/21 23:20:29 graph]: # Epoch 26: train_loss: 0.5176 | lr: 0.000281
[2023-03-21 23:20:29] PRINT [03/21 23:20:29 graph]: start epoch 27.
[2023-03-21 23:20:30] PRINT [03/21 23:20:30 graph]: # Epoch 27: train_loss: 0.5141 | lr: 0.000281
[2023-03-21 23:20:30] PRINT [03/21 23:20:30 graph]: start epoch 28.
[2023-03-21 23:20:30] PRINT [03/21 23:20:30 graph]: # Epoch 28: train_loss: 0.5117 | lr: 0.000281
[2023-03-21 23:20:30] PRINT [03/21 23:20:30 graph]: start epoch 29.
[2023-03-21 23:20:30] PRINT [03/21 23:20:30 graph]: # Epoch 29: train_loss: 0.5103 | lr: 0.000281
[2023-03-21 23:20:30] PRINT [03/21 23:20:30 graph]: start epoch 30.
[2023-03-21 23:20:30] PRINT [03/21 23:20:30 graph]: # Epoch 30: train_loss: 0.5056 | lr: 0.000000
[2023-03-21 23:20:30] PRINT [03/21 23:20:30 graph]: start epoch 31.
[2023-03-21 23:20:30] PRINT [03/21 23:20:30 graph]: # Epoch 31: train_loss: 0.5053 | lr: 0.000000
[2023-03-21 23:20:30] PRINT [03/21 23:20:30 graph]: start epoch 32.
[2023-03-21 23:20:30] PRINT [03/21 23:20:30 graph]: # Epoch 32: train_loss: 0.5057 | lr: 0.000000
[2023-03-21 23:20:30] PRINT [03/21 23:20:30 graph]: start epoch 33.
[2023-03-21 23:20:30] PRINT [03/21 23:20:30 graph]: # Epoch 33: train_loss: 0.5057 | lr: 0.000000
[2023-03-21 23:20:30] PRINT [03/21 23:20:30 graph]: start epoch 34.
[2023-03-21 23:20:30] PRINT [03/21 23:20:30 graph]: # Epoch 34: train_loss: 0.5053 | lr: 0.000000
[2023-03-21 23:20:30] PRINT [03/21 23:20:30 graph]: start epoch 35.
[2023-03-21 23:20:30] PRINT [03/21 23:20:30 graph]: # Epoch 35: train_loss: 0.5056 | lr: 0.000000
[2023-03-21 23:20:30] PRINT [03/21 23:20:30 graph]: start epoch 36.
[2023-03-21 23:20:30] PRINT [03/21 23:20:30 graph]: # Epoch 36: train_loss: 0.5056 | lr: 0.000000
[2023-03-21 23:20:30] PRINT [03/21 23:20:30 graph]: start epoch 37.
[2023-03-21 23:20:30] PRINT [03/21 23:20:30 graph]: # Epoch 37: train_loss: 0.5056 | lr: 0.000000
[2023-03-21 23:20:30] PRINT [03/21 23:20:30 graph]: start epoch 38.
[2023-03-21 23:20:30] PRINT [03/21 23:20:30 graph]: # Epoch 38: train_loss: 0.5052 | lr: 0.000000
[2023-03-21 23:20:30] PRINT [03/21 23:20:30 graph]: start epoch 39.
[2023-03-21 23:20:30] PRINT [03/21 23:20:30 graph]: # Epoch 39: train_loss: 0.5052 | lr: 0.000000
[2023-03-21 23:20:30] PRINT [03/21 23:20:30 graph]: start epoch 40.
[2023-03-21 23:20:31] PRINT [03/21 23:20:31 graph]: # Epoch 40: train_loss: 0.5055 | lr: 0.000000
[2023-03-21 23:20:31] PRINT [03/21 23:20:31 graph]: start epoch 41.
[2023-03-21 23:20:31] PRINT [03/21 23:20:31 graph]: # Epoch 41: train_loss: 0.5053 | lr: 0.000000
[2023-03-21 23:20:31] PRINT [03/21 23:20:31 graph]: start epoch 42.
[2023-03-21 23:20:31] PRINT [03/21 23:20:31 graph]: # Epoch 42: train_loss: 0.5054 | lr: 0.000000
[2023-03-21 23:20:31] PRINT [03/21 23:20:31 graph]: start epoch 43.
[2023-03-21 23:20:31] PRINT [03/21 23:20:31 graph]: # Epoch 43: train_loss: 0.5055 | lr: 0.000000
[2023-03-21 23:20:31] PRINT [03/21 23:20:31 graph]: start epoch 44.
[2023-03-21 23:20:31] PRINT [03/21 23:20:31 graph]: # Epoch 44: train_loss: 0.5060 | lr: 0.000000
[2023-03-21 23:20:31] PRINT [03/21 23:20:31 graph]: start epoch 45.
[2023-03-21 23:20:31] PRINT [03/21 23:20:31 graph]: # Epoch 45: train_loss: 0.5056 | lr: 0.000000
[2023-03-21 23:20:31] PRINT [03/21 23:20:31 graph]: start epoch 46.
[2023-03-21 23:20:31] PRINT [03/21 23:20:31 graph]: # Epoch 46: train_loss: 0.5055 | lr: 0.000000
[2023-03-21 23:20:31] PRINT [03/21 23:20:31 graph]: start epoch 47.
[2023-03-21 23:20:31] PRINT [03/21 23:20:31 graph]: # Epoch 47: train_loss: 0.5055 | lr: 0.000000
[2023-03-21 23:20:31] PRINT [03/21 23:20:31 graph]: start epoch 48.
[2023-03-21 23:20:31] PRINT [03/21 23:20:31 graph]: # Epoch 48: train_loss: 0.5056 | lr: 0.000000
[2023-03-21 23:20:31] PRINT [03/21 23:20:31 graph]: start epoch 49.
[2023-03-21 23:20:31] PRINT [03/21 23:20:31 graph]: # Epoch 49: train_loss: 0.5054 | lr: 0.000000
[2023-03-21 23:20:31] PRINT [03/21 23:20:31 graph]: start epoch 50.
[2023-03-21 23:20:31] PRINT [03/21 23:20:31 graph]: # Epoch 50: train_loss: 0.5055 | lr: 0.000000
[2023-03-21 23:20:31] PRINT [03/21 23:20:31 graph]: start epoch 51.
[2023-03-21 23:20:31] PRINT [03/21 23:20:31 graph]: # Epoch 51: train_loss: 0.5058 | lr: 0.000000
[2023-03-21 23:20:39] PRINT [03/21 23:20:39 graph]: --- Testf1: 0.87884, Best Valacc: 0.85673 in epoch 263 --- 
[2023-03-21 23:20:39] PRINT [03/21 23:20:39 graph]: Epoch 51: get test acc score:  0.87884
[2023-03-21 23:20:39] PRINT [03/21 23:20:39 graph]: best_f1 0.87884 at epoch 51
[2023-03-21 23:20:39] PRINT [03/21 23:20:39 graph]: start epoch 52.
[2023-03-21 23:20:40] PRINT [03/21 23:20:40 graph]: # Epoch 52: train_loss: 0.5053 | lr: 0.000000
[2023-03-21 23:20:47] PRINT [03/21 23:20:47 graph]: --- Testf1: 0.87384, Best Valacc: 0.85382 in epoch 228 --- 
[2023-03-21 23:20:47] PRINT [03/21 23:20:47 graph]: Epoch 52: get test acc score:  0.87384
[2023-03-21 23:20:47] PRINT [03/21 23:20:47 graph]: best_f1 0.87884 at epoch 51
[2023-03-21 23:20:47] PRINT [03/21 23:20:47 graph]: start epoch 53.
[2023-03-21 23:20:47] PRINT [03/21 23:20:47 graph]: # Epoch 53: train_loss: 0.5058 | lr: 0.000000
[2023-03-21 23:20:55] PRINT [03/21 23:20:55 graph]: --- Testf1: 0.87829, Best Valacc: 0.86109 in epoch 227 --- 
[2023-03-21 23:20:55] PRINT [03/21 23:20:55 graph]: Epoch 53: get test acc score:  0.87829
[2023-03-21 23:20:55] PRINT [03/21 23:20:55 graph]: best_f1 0.87884 at epoch 51
[2023-03-21 23:20:55] PRINT [03/21 23:20:55 graph]: start epoch 54.
[2023-03-21 23:20:55] PRINT [03/21 23:20:55 graph]: # Epoch 54: train_loss: 0.5054 | lr: 0.000000
[2023-03-21 23:21:03] PRINT [03/21 23:21:03 graph]: --- Testf1: 0.87411, Best Valacc: 0.86036 in epoch 193 --- 
[2023-03-21 23:21:03] PRINT [03/21 23:21:03 graph]: Epoch 54: get test acc score:  0.87411
[2023-03-21 23:21:03] PRINT [03/21 23:21:03 graph]: best_f1 0.87884 at epoch 51
[2023-03-21 23:21:03] PRINT [03/21 23:21:03 graph]: start epoch 55.
[2023-03-21 23:21:03] PRINT [03/21 23:21:03 graph]: # Epoch 55: train_loss: 0.5056 | lr: 0.000000
[2023-03-21 23:21:11] PRINT [03/21 23:21:11 graph]: --- Testf1: 0.87393, Best Valacc: 0.85673 in epoch 369 --- 
[2023-03-21 23:21:11] PRINT [03/21 23:21:11 graph]: Epoch 55: get test acc score:  0.87393
[2023-03-21 23:21:11] PRINT [03/21 23:21:11 graph]: best_f1 0.87884 at epoch 51
[2023-03-21 23:21:11] PRINT [03/21 23:21:11 graph]: start epoch 56.
[2023-03-21 23:21:11] PRINT [03/21 23:21:11 graph]: # Epoch 56: train_loss: 0.5054 | lr: 0.000000
[2023-03-21 23:21:18] PRINT [03/21 23:21:18 graph]: --- Testf1: 0.87920, Best Valacc: 0.86982 in epoch 499 --- 
[2023-03-21 23:21:19] PRINT [03/21 23:21:19 graph]: Epoch 56: get test acc score:  0.87920
[2023-03-21 23:21:19] PRINT [03/21 23:21:19 graph]: best_f1 0.8792 at epoch 56
[2023-03-21 23:21:19] PRINT [03/21 23:21:19 graph]: start epoch 57.
[2023-03-21 23:21:19] PRINT [03/21 23:21:19 graph]: # Epoch 57: train_loss: 0.5054 | lr: 0.000000
[2023-03-21 23:21:26] PRINT [03/21 23:21:26 graph]: --- Testf1: 0.86857, Best Valacc: 0.86327 in epoch 488 --- 
[2023-03-21 23:21:27] PRINT [03/21 23:21:27 graph]: Epoch 57: get test acc score:  0.86857
[2023-03-21 23:21:27] PRINT [03/21 23:21:27 graph]: best_f1 0.8792 at epoch 56
[2023-03-21 23:21:27] PRINT [03/21 23:21:27 graph]: start epoch 58.
[2023-03-21 23:21:27] PRINT [03/21 23:21:27 graph]: # Epoch 58: train_loss: 0.5054 | lr: 0.000000
[2023-03-21 23:21:34] PRINT [03/21 23:21:34 graph]: --- Testf1: 0.87784, Best Valacc: 0.85600 in epoch 276 --- 
[2023-03-21 23:21:34] PRINT [03/21 23:21:34 graph]: Epoch 58: get test acc score:  0.87784
[2023-03-21 23:21:34] PRINT [03/21 23:21:34 graph]: best_f1 0.8792 at epoch 56
[2023-03-21 23:21:34] PRINT [03/21 23:21:34 graph]: start epoch 59.
[2023-03-21 23:21:34] PRINT [03/21 23:21:34 graph]: # Epoch 59: train_loss: 0.5053 | lr: 0.000000
[2023-03-21 23:21:42] PRINT [03/21 23:21:42 graph]: --- Testf1: 0.88093, Best Valacc: 0.86473 in epoch 433 --- 
[2023-03-21 23:21:42] PRINT [03/21 23:21:42 graph]: Epoch 59: get test acc score:  0.88093
[2023-03-21 23:21:42] PRINT [03/21 23:21:42 graph]: best_f1 0.88093 at epoch 59
[2023-03-21 23:21:42] PRINT [03/21 23:21:42 graph]: start epoch 60.
[2023-03-21 23:21:42] PRINT [03/21 23:21:42 graph]: # Epoch 60: train_loss: 0.5054 | lr: 0.000000
[2023-03-21 23:21:50] PRINT [03/21 23:21:50 graph]: --- Testf1: 0.87339, Best Valacc: 0.85818 in epoch 470 --- 
[2023-03-21 23:21:50] PRINT [03/21 23:21:50 graph]: Epoch 60: get test acc score:  0.87339
[2023-03-21 23:21:50] PRINT [03/21 23:21:50 graph]: best_f1 0.88093 at epoch 59
[2023-03-21 23:21:50] PRINT [03/21 23:21:50 graph]: start epoch 61.
[2023-03-21 23:21:50] PRINT [03/21 23:21:50 graph]: # Epoch 61: train_loss: 0.5053 | lr: 0.000000
[2023-03-21 23:21:58] PRINT [03/21 23:21:58 graph]: --- Testf1: 0.87484, Best Valacc: 0.85745 in epoch 359 --- 
[2023-03-21 23:21:58] PRINT [03/21 23:21:58 graph]: Epoch 61: get test acc score:  0.87484
[2023-03-21 23:21:58] PRINT [03/21 23:21:58 graph]: best_f1 0.88093 at epoch 59
[2023-03-21 23:21:58] PRINT [03/21 23:21:58 graph]: start epoch 62.
[2023-03-21 23:21:58] PRINT [03/21 23:21:58 graph]: # Epoch 62: train_loss: 0.5060 | lr: 0.000000
[2023-03-21 23:22:06] PRINT [03/21 23:22:06 graph]: --- Testf1: 0.87648, Best Valacc: 0.86327 in epoch 485 --- 
[2023-03-21 23:22:06] PRINT [03/21 23:22:06 graph]: Epoch 62: get test acc score:  0.87648
[2023-03-21 23:22:06] PRINT [03/21 23:22:06 graph]: best_f1 0.88093 at epoch 59
[2023-03-21 23:22:06] PRINT [03/21 23:22:06 graph]: start epoch 63.
[2023-03-21 23:22:06] PRINT [03/21 23:22:06 graph]: # Epoch 63: train_loss: 0.5054 | lr: 0.000000
[2023-03-21 23:22:12] PRINT [03/21 23:22:12 graph]: --- Testf1: 0.87766, Best Valacc: 0.85964 in epoch 343 --- 
[2023-03-21 23:22:12] PRINT [03/21 23:22:12 graph]: Epoch 63: get test acc score:  0.87766
[2023-03-21 23:22:12] PRINT [03/21 23:22:12 graph]: best_f1 0.88093 at epoch 59
[2023-03-21 23:22:12] PRINT [03/21 23:22:12 graph]: start epoch 64.
[2023-03-21 23:22:12] PRINT [03/21 23:22:12 graph]: # Epoch 64: train_loss: 0.5056 | lr: 0.000000
[2023-03-21 23:22:18] PRINT [03/21 23:22:18 graph]: --- Testf1: 0.87784, Best Valacc: 0.86909 in epoch 496 --- 
[2023-03-21 23:22:18] PRINT [03/21 23:22:18 graph]: Epoch 64: get test acc score:  0.87784
[2023-03-21 23:22:18] PRINT [03/21 23:22:18 graph]: best_f1 0.88093 at epoch 59
[2023-03-21 23:22:18] PRINT [03/21 23:22:18 graph]: start epoch 65.
[2023-03-21 23:22:18] PRINT [03/21 23:22:18 graph]: # Epoch 65: train_loss: 0.5057 | lr: 0.000000
[2023-03-21 23:22:24] PRINT [03/21 23:22:24 graph]: --- Testf1: 0.87720, Best Valacc: 0.86618 in epoch 369 --- 
[2023-03-21 23:22:24] PRINT [03/21 23:22:24 graph]: Epoch 65: get test acc score:  0.87720
[2023-03-21 23:22:24] PRINT [03/21 23:22:24 graph]: best_f1 0.88093 at epoch 59
[2023-03-21 23:22:24] PRINT [03/21 23:22:24 graph]: start epoch 66.
[2023-03-21 23:22:24] PRINT [03/21 23:22:24 graph]: # Epoch 66: train_loss: 0.5056 | lr: 0.000000
[2023-03-21 23:22:33] PRINT [03/21 23:22:33 graph]: --- Testf1: 0.87639, Best Valacc: 0.85818 in epoch 351 --- 
[2023-03-21 23:22:33] PRINT [03/21 23:22:33 graph]: Epoch 66: get test acc score:  0.87639
[2023-03-21 23:22:33] PRINT [03/21 23:22:33 graph]: best_f1 0.88093 at epoch 59
[2023-03-21 23:22:33] PRINT [03/21 23:22:33 graph]: start epoch 67.
[2023-03-21 23:22:33] PRINT [03/21 23:22:33 graph]: # Epoch 67: train_loss: 0.5055 | lr: 0.000000
[2023-03-21 23:22:41] PRINT [03/21 23:22:41 graph]: --- Testf1: 0.87439, Best Valacc: 0.85527 in epoch 208 --- 
[2023-03-21 23:22:41] PRINT [03/21 23:22:41 graph]: Epoch 67: get test acc score:  0.87439
[2023-03-21 23:22:41] PRINT [03/21 23:22:41 graph]: best_f1 0.88093 at epoch 59
[2023-03-21 23:22:41] PRINT [03/21 23:22:41 graph]: start epoch 68.
[2023-03-21 23:22:41] PRINT [03/21 23:22:41 graph]: # Epoch 68: train_loss: 0.5057 | lr: 0.000000
[2023-03-21 23:22:48] PRINT [03/21 23:22:48 graph]: --- Testf1: 0.87848, Best Valacc: 0.86473 in epoch 191 --- 
[2023-03-21 23:22:48] PRINT [03/21 23:22:48 graph]: Epoch 68: get test acc score:  0.87848
[2023-03-21 23:22:48] PRINT [03/21 23:22:48 graph]: best_f1 0.88093 at epoch 59
[2023-03-21 23:22:48] PRINT [03/21 23:22:48 graph]: start epoch 69.
[2023-03-21 23:22:48] PRINT [03/21 23:22:48 graph]: # Epoch 69: train_loss: 0.5056 | lr: 0.000000
[2023-03-21 23:22:56] PRINT [03/21 23:22:56 graph]: --- Testf1: 0.87148, Best Valacc: 0.86036 in epoch 473 --- 
[2023-03-21 23:22:56] PRINT [03/21 23:22:56 graph]: Epoch 69: get test acc score:  0.87148
[2023-03-21 23:22:56] PRINT [03/21 23:22:56 graph]: best_f1 0.88093 at epoch 59
[2023-03-21 23:22:56] PRINT [03/21 23:22:56 graph]: start epoch 70.
[2023-03-21 23:22:56] PRINT [03/21 23:22:56 graph]: # Epoch 70: train_loss: 0.5056 | lr: 0.000000
[2023-03-21 23:23:03] PRINT [03/21 23:23:03 graph]: --- Testf1: 0.87511, Best Valacc: 0.86473 in epoch 271 --- 
[2023-03-21 23:23:04] PRINT [03/21 23:23:04 graph]: Epoch 70: get test acc score:  0.87511
[2023-03-21 23:23:04] PRINT [03/21 23:23:04 graph]: best_f1 0.88093 at epoch 59
[2023-03-21 23:23:04] PRINT [03/21 23:23:04 graph]: start epoch 71.
[2023-03-21 23:23:04] PRINT [03/21 23:23:04 graph]: # Epoch 71: train_loss: 0.5059 | lr: 0.000000
[2023-03-21 23:23:11] PRINT [03/21 23:23:11 graph]: --- Testf1: 0.87666, Best Valacc: 0.86545 in epoch 363 --- 
[2023-03-21 23:23:11] PRINT [03/21 23:23:11 graph]: Epoch 71: get test acc score:  0.87666
[2023-03-21 23:23:11] PRINT [03/21 23:23:11 graph]: best_f1 0.88093 at epoch 59
[2023-03-21 23:23:11] PRINT [03/21 23:23:11 graph]: start epoch 72.
[2023-03-21 23:23:11] PRINT [03/21 23:23:11 graph]: # Epoch 72: train_loss: 0.5055 | lr: 0.000000
[2023-03-21 23:23:19] PRINT [03/21 23:23:19 graph]: --- Testf1: 0.87475, Best Valacc: 0.85527 in epoch 474 --- 
[2023-03-21 23:23:19] PRINT [03/21 23:23:19 graph]: Epoch 72: get test acc score:  0.87475
[2023-03-21 23:23:19] PRINT [03/21 23:23:19 graph]: best_f1 0.88093 at epoch 59
[2023-03-21 23:23:19] PRINT [03/21 23:23:19 graph]: start epoch 73.
[2023-03-21 23:23:19] PRINT [03/21 23:23:19 graph]: # Epoch 73: train_loss: 0.5054 | lr: 0.000000
[2023-03-21 23:23:26] PRINT [03/21 23:23:26 graph]: --- Testf1: 0.87811, Best Valacc: 0.86909 in epoch 421 --- 
[2023-03-21 23:23:26] PRINT [03/21 23:23:26 graph]: Epoch 73: get test acc score:  0.87811
[2023-03-21 23:23:26] PRINT [03/21 23:23:26 graph]: best_f1 0.88093 at epoch 59
[2023-03-21 23:23:26] PRINT [03/21 23:23:26 graph]: start epoch 74.
[2023-03-21 23:23:26] PRINT [03/21 23:23:26 graph]: # Epoch 74: train_loss: 0.5058 | lr: 0.000000
[2023-03-21 23:23:32] PRINT [03/21 23:23:32 graph]: --- Testf1: 0.87784, Best Valacc: 0.86255 in epoch 236 --- 
[2023-03-21 23:23:32] PRINT [03/21 23:23:32 graph]: Epoch 74: get test acc score:  0.87784
[2023-03-21 23:23:32] PRINT [03/21 23:23:32 graph]: best_f1 0.88093 at epoch 59
[2023-03-21 23:23:32] PRINT [03/21 23:23:32 graph]: start epoch 75.
[2023-03-21 23:23:32] PRINT [03/21 23:23:32 graph]: # Epoch 75: train_loss: 0.5056 | lr: 0.000000
[2023-03-21 23:23:38] PRINT [03/21 23:23:38 graph]: --- Testf1: 0.87284, Best Valacc: 0.86036 in epoch 252 --- 
[2023-03-21 23:23:38] PRINT [03/21 23:23:38 graph]: Epoch 75: get test acc score:  0.87284
[2023-03-21 23:23:38] PRINT [03/21 23:23:38 graph]: best_f1 0.88093 at epoch 59
[2023-03-21 23:23:38] PRINT [03/21 23:23:38 graph]: start epoch 76.
[2023-03-21 23:23:38] PRINT [03/21 23:23:38 graph]: # Epoch 76: train_loss: 0.5056 | lr: 0.000000
[2023-03-21 23:23:44] PRINT [03/21 23:23:44 graph]: --- Testf1: 0.87584, Best Valacc: 0.85891 in epoch 444 --- 
[2023-03-21 23:23:44] PRINT [03/21 23:23:44 graph]: Epoch 76: get test acc score:  0.87584
[2023-03-21 23:23:44] PRINT [03/21 23:23:44 graph]: best_f1 0.88093 at epoch 59
[2023-03-21 23:23:44] PRINT [03/21 23:23:44 graph]: start epoch 77.
[2023-03-21 23:23:44] PRINT [03/21 23:23:44 graph]: # Epoch 77: train_loss: 0.5055 | lr: 0.000000
[2023-03-21 23:23:56] PRINT [03/21 23:23:56 graph]: --- Testf1: 0.87875, Best Valacc: 0.85673 in epoch 335 --- 
[2023-03-21 23:23:56] PRINT [03/21 23:23:56 graph]: Epoch 77: get test acc score:  0.87875
[2023-03-21 23:23:56] PRINT [03/21 23:23:56 graph]: best_f1 0.88093 at epoch 59
[2023-03-21 23:23:56] PRINT [03/21 23:23:56 graph]: start epoch 78.
[2023-03-21 23:23:56] PRINT [03/21 23:23:56 graph]: # Epoch 78: train_loss: 0.5055 | lr: 0.000000
[2023-03-21 23:24:04] PRINT [03/21 23:24:04 graph]: --- Testf1: 0.87757, Best Valacc: 0.86764 in epoch 496 --- 
[2023-03-21 23:24:04] PRINT [03/21 23:24:04 graph]: Epoch 78: get test acc score:  0.87757
[2023-03-21 23:24:04] PRINT [03/21 23:24:04 graph]: best_f1 0.88093 at epoch 59
[2023-03-21 23:24:04] PRINT [03/21 23:24:04 graph]: start epoch 79.
[2023-03-21 23:24:04] PRINT [03/21 23:24:04 graph]: # Epoch 79: train_loss: 0.5055 | lr: 0.000000
[2023-03-21 23:24:12] PRINT [03/21 23:24:12 graph]: --- Testf1: 0.87675, Best Valacc: 0.86109 in epoch 333 --- 
[2023-03-21 23:24:12] PRINT [03/21 23:24:12 graph]: Epoch 79: get test acc score:  0.87675
[2023-03-21 23:24:12] PRINT [03/21 23:24:12 graph]: best_f1 0.88093 at epoch 59
[2023-03-21 23:24:12] PRINT [03/21 23:24:12 graph]: start epoch 80.
[2023-03-21 23:24:12] PRINT [03/21 23:24:12 graph]: # Epoch 80: train_loss: 0.5054 | lr: 0.000000
[2023-03-21 23:24:19] PRINT [03/21 23:24:19 graph]: --- Testf1: 0.87630, Best Valacc: 0.86618 in epoch 273 --- 
[2023-03-21 23:24:20] PRINT [03/21 23:24:20 graph]: Epoch 80: get test acc score:  0.87630
[2023-03-21 23:24:20] PRINT [03/21 23:24:20 graph]: best_f1 0.88093 at epoch 59
[2023-03-21 23:24:20] PRINT [03/21 23:24:20 graph]: start epoch 81.
[2023-03-21 23:24:20] PRINT [03/21 23:24:20 graph]: # Epoch 81: train_loss: 0.5055 | lr: 0.000000
[2023-03-21 23:24:27] PRINT [03/21 23:24:27 graph]: --- Testf1: 0.87539, Best Valacc: 0.86545 in epoch 464 --- 
[2023-03-21 23:24:27] PRINT [03/21 23:24:27 graph]: Epoch 81: get test acc score:  0.87539
[2023-03-21 23:24:27] PRINT [03/21 23:24:27 graph]: best_f1 0.88093 at epoch 59
[2023-03-21 23:24:27] PRINT [03/21 23:24:27 graph]: start epoch 82.
[2023-03-21 23:24:27] PRINT [03/21 23:24:27 graph]: # Epoch 82: train_loss: 0.5055 | lr: 0.000000
[2023-03-21 23:24:35] PRINT [03/21 23:24:35 graph]: --- Testf1: 0.87757, Best Valacc: 0.86255 in epoch 462 --- 
[2023-03-21 23:24:35] PRINT [03/21 23:24:35 graph]: Epoch 82: get test acc score:  0.87757
[2023-03-21 23:24:35] PRINT [03/21 23:24:35 graph]: best_f1 0.88093 at epoch 59
[2023-03-21 23:24:35] PRINT [03/21 23:24:35 graph]: start epoch 83.
[2023-03-21 23:24:35] PRINT [03/21 23:24:35 graph]: # Epoch 83: train_loss: 0.5054 | lr: 0.000000
[2023-03-21 23:24:43] PRINT [03/21 23:24:43 graph]: --- Testf1: 0.86957, Best Valacc: 0.86400 in epoch 266 --- 
[2023-03-21 23:24:43] PRINT [03/21 23:24:43 graph]: Epoch 83: get test acc score:  0.86957
[2023-03-21 23:24:43] PRINT [03/21 23:24:43 graph]: best_f1 0.88093 at epoch 59
[2023-03-21 23:24:43] PRINT [03/21 23:24:43 graph]: start epoch 84.
[2023-03-21 23:24:43] PRINT [03/21 23:24:43 graph]: # Epoch 84: train_loss: 0.5056 | lr: 0.000000
[2023-03-21 23:24:50] PRINT [03/21 23:24:50 graph]: --- Testf1: 0.87330, Best Valacc: 0.86182 in epoch 473 --- 
[2023-03-21 23:24:51] PRINT [03/21 23:24:51 graph]: Epoch 84: get test acc score:  0.87330
[2023-03-21 23:24:51] PRINT [03/21 23:24:51 graph]: best_f1 0.88093 at epoch 59
[2023-03-21 23:24:51] PRINT [03/21 23:24:51 graph]: start epoch 85.
[2023-03-21 23:24:51] PRINT [03/21 23:24:51 graph]: # Epoch 85: train_loss: 0.5054 | lr: 0.000000
[2023-03-21 23:24:58] PRINT [03/21 23:24:58 graph]: --- Testf1: 0.87966, Best Valacc: 0.85964 in epoch 481 --- 
[2023-03-21 23:24:58] PRINT [03/21 23:24:58 graph]: Epoch 85: get test acc score:  0.87966
[2023-03-21 23:24:58] PRINT [03/21 23:24:58 graph]: best_f1 0.88093 at epoch 59
[2023-03-21 23:24:58] PRINT [03/21 23:24:58 graph]: start epoch 86.
[2023-03-21 23:24:58] PRINT [03/21 23:24:58 graph]: # Epoch 86: train_loss: 0.5054 | lr: 0.000000
[2023-03-21 23:25:06] PRINT [03/21 23:25:06 graph]: --- Testf1: 0.87739, Best Valacc: 0.86255 in epoch 359 --- 
[2023-03-21 23:25:06] PRINT [03/21 23:25:06 graph]: Epoch 86: get test acc score:  0.87739
[2023-03-21 23:25:06] PRINT [03/21 23:25:06 graph]: best_f1 0.88093 at epoch 59
[2023-03-21 23:25:06] PRINT [03/21 23:25:06 graph]: start epoch 87.
[2023-03-21 23:25:06] PRINT [03/21 23:25:06 graph]: # Epoch 87: train_loss: 0.5055 | lr: 0.000000
[2023-03-21 23:25:14] PRINT [03/21 23:25:14 graph]: --- Testf1: 0.87648, Best Valacc: 0.85527 in epoch 340 --- 
[2023-03-21 23:25:14] PRINT [03/21 23:25:14 graph]: Epoch 87: get test acc score:  0.87648
[2023-03-21 23:25:14] PRINT [03/21 23:25:14 graph]: best_f1 0.88093 at epoch 59
[2023-03-21 23:25:14] PRINT [03/21 23:25:14 graph]: start epoch 88.
[2023-03-21 23:25:14] PRINT [03/21 23:25:14 graph]: # Epoch 88: train_loss: 0.5056 | lr: 0.000000
[2023-03-21 23:25:21] PRINT [03/21 23:25:21 graph]: --- Testf1: 0.87357, Best Valacc: 0.86327 in epoch 451 --- 
[2023-03-21 23:25:22] PRINT [03/21 23:25:22 graph]: Epoch 88: get test acc score:  0.87357
[2023-03-21 23:25:22] PRINT [03/21 23:25:22 graph]: best_f1 0.88093 at epoch 59
[2023-03-21 23:25:22] PRINT [03/21 23:25:22 graph]: start epoch 89.
[2023-03-21 23:25:22] PRINT [03/21 23:25:22 graph]: # Epoch 89: train_loss: 0.5057 | lr: 0.000000
[2023-03-21 23:25:29] PRINT [03/21 23:25:29 graph]: --- Testf1: 0.87557, Best Valacc: 0.86327 in epoch 363 --- 
[2023-03-21 23:25:29] PRINT [03/21 23:25:29 graph]: Epoch 89: get test acc score:  0.87557
[2023-03-21 23:25:29] PRINT [03/21 23:25:29 graph]: best_f1 0.88093 at epoch 59
[2023-03-21 23:25:29] PRINT [03/21 23:25:29 graph]: start epoch 90.
[2023-03-21 23:25:30] PRINT [03/21 23:25:30 graph]: # Epoch 90: train_loss: 0.5056 | lr: 0.000000
[2023-03-21 23:25:37] PRINT [03/21 23:25:37 graph]: --- Testf1: 0.88020, Best Valacc: 0.86255 in epoch 281 --- 
[2023-03-21 23:25:37] PRINT [03/21 23:25:37 graph]: Epoch 90: get test acc score:  0.88020
[2023-03-21 23:25:37] PRINT [03/21 23:25:37 graph]: best_f1 0.88093 at epoch 59
[2023-03-21 23:25:37] PRINT [03/21 23:25:37 graph]: start epoch 91.
[2023-03-21 23:25:37] PRINT [03/21 23:25:37 graph]: # Epoch 91: train_loss: 0.5059 | lr: 0.000000
[2023-03-21 23:25:45] PRINT [03/21 23:25:45 graph]: --- Testf1: 0.87511, Best Valacc: 0.85527 in epoch 218 --- 
[2023-03-21 23:25:45] PRINT [03/21 23:25:45 graph]: Epoch 91: get test acc score:  0.87511
[2023-03-21 23:25:45] PRINT [03/21 23:25:45 graph]: best_f1 0.88093 at epoch 59
[2023-03-21 23:25:45] PRINT [03/21 23:25:45 graph]: start epoch 92.
[2023-03-21 23:25:45] PRINT [03/21 23:25:45 graph]: # Epoch 92: train_loss: 0.5058 | lr: 0.000000
[2023-03-21 23:25:52] PRINT [03/21 23:25:52 graph]: --- Testf1: 0.87984, Best Valacc: 0.86545 in epoch 234 --- 
[2023-03-21 23:25:53] PRINT [03/21 23:25:53 graph]: Epoch 92: get test acc score:  0.87984
[2023-03-21 23:25:53] PRINT [03/21 23:25:53 graph]: best_f1 0.88093 at epoch 59
[2023-03-21 23:25:53] PRINT [03/21 23:25:53 graph]: start epoch 93.
[2023-03-21 23:25:53] PRINT [03/21 23:25:53 graph]: # Epoch 93: train_loss: 0.5058 | lr: 0.000000
[2023-03-21 23:26:00] PRINT [03/21 23:26:00 graph]: --- Testf1: 0.87784, Best Valacc: 0.86400 in epoch 346 --- 
[2023-03-21 23:26:00] PRINT [03/21 23:26:00 graph]: Epoch 93: get test acc score:  0.87784
[2023-03-21 23:26:00] PRINT [03/21 23:26:00 graph]: best_f1 0.88093 at epoch 59
[2023-03-21 23:26:00] PRINT [03/21 23:26:00 graph]: start epoch 94.
[2023-03-21 23:26:01] PRINT [03/21 23:26:01 graph]: # Epoch 94: train_loss: 0.5059 | lr: 0.000000
[2023-03-21 23:26:08] PRINT [03/21 23:26:08 graph]: --- Testf1: 0.87611, Best Valacc: 0.85964 in epoch 403 --- 
[2023-03-21 23:26:08] PRINT [03/21 23:26:08 graph]: Epoch 94: get test acc score:  0.87611
[2023-03-21 23:26:08] PRINT [03/21 23:26:08 graph]: best_f1 0.88093 at epoch 59
[2023-03-21 23:26:08] PRINT [03/21 23:26:08 graph]: start epoch 95.
[2023-03-21 23:26:08] PRINT [03/21 23:26:08 graph]: # Epoch 95: train_loss: 0.5057 | lr: 0.000000
[2023-03-21 23:26:16] PRINT [03/21 23:26:16 graph]: --- Testf1: 0.87811, Best Valacc: 0.85745 in epoch 180 --- 
[2023-03-21 23:26:16] PRINT [03/21 23:26:16 graph]: Epoch 95: get test acc score:  0.87811
[2023-03-21 23:26:16] PRINT [03/21 23:26:16 graph]: best_f1 0.88093 at epoch 59
[2023-03-21 23:26:16] PRINT [03/21 23:26:16 graph]: start epoch 96.
[2023-03-21 23:26:16] PRINT [03/21 23:26:16 graph]: # Epoch 96: train_loss: 0.5055 | lr: 0.000000
[2023-03-21 23:26:23] PRINT [03/21 23:26:23 graph]: --- Testf1: 0.86921, Best Valacc: 0.85818 in epoch 496 --- 
[2023-03-21 23:26:24] PRINT [03/21 23:26:24 graph]: Epoch 96: get test acc score:  0.86921
[2023-03-21 23:26:24] PRINT [03/21 23:26:24 graph]: best_f1 0.88093 at epoch 59
[2023-03-21 23:26:24] PRINT [03/21 23:26:24 graph]: start epoch 97.
[2023-03-21 23:26:24] PRINT [03/21 23:26:24 graph]: # Epoch 97: train_loss: 0.5057 | lr: 0.000000
[2023-03-21 23:26:31] PRINT [03/21 23:26:31 graph]: --- Testf1: 0.87829, Best Valacc: 0.86473 in epoch 353 --- 
[2023-03-21 23:26:32] PRINT [03/21 23:26:32 graph]: Epoch 97: get test acc score:  0.87829
[2023-03-21 23:26:32] PRINT [03/21 23:26:32 graph]: best_f1 0.88093 at epoch 59
[2023-03-21 23:26:32] PRINT [03/21 23:26:32 graph]: start epoch 98.
[2023-03-21 23:26:32] PRINT [03/21 23:26:32 graph]: # Epoch 98: train_loss: 0.5056 | lr: 0.000000
[2023-03-21 23:26:39] PRINT [03/21 23:26:39 graph]: --- Testf1: 0.87893, Best Valacc: 0.86545 in epoch 240 --- 
[2023-03-21 23:26:39] PRINT [03/21 23:26:39 graph]: Epoch 98: get test acc score:  0.87893
[2023-03-21 23:26:39] PRINT [03/21 23:26:39 graph]: best_f1 0.88093 at epoch 59
[2023-03-21 23:26:39] PRINT [03/21 23:26:39 graph]: start epoch 99.
[2023-03-21 23:26:40] PRINT [03/21 23:26:40 graph]: # Epoch 99: train_loss: 0.5056 | lr: 0.000000
[2023-03-21 23:26:47] PRINT [03/21 23:26:47 graph]: --- Testf1: 0.87384, Best Valacc: 0.86473 in epoch 466 --- 
[2023-03-21 23:26:47] PRINT [03/21 23:26:47 graph]: Epoch 99: get test acc score:  0.87384
[2023-03-21 23:26:47] PRINT [03/21 23:26:47 graph]: best_f1 0.88093 at epoch 59
[2023-03-21 23:26:47] PRINT [03/21 23:26:47 graph]: # final_acc: 0.88093±0.00000
