[2023-03-22 13:29:57] PRINT ---new cfg------
[2023-03-22 13:29:57] PRINT {'DATA': {'data_name': 'comp'}, 'DATALOADER': {'NUM_WORKERS': 0}, 'MODEL': {'num_hidden': 512, 'num_layers': 2, 'nhead': 4, 'activation': 'prelu', 'attn_drop': 0.1, 'feat_drop': 0.4, 'norm': 'batchnorm', 'pooler': 'mean', 'beta_schedule': 'quad', 'beta_1': 0.0007879269140000284, 'beta_T': 0.018107921048424555, 'T': 393}, 'SOLVER': {'optim_type': 'adam', 'optim_type_f': 'adamw', 'alpha': 1, 'decay': 30, 'LR': 0.0003539183128082917, 'LR_f': 0.06341108614945273, 'weight_decay': 0, 'weight_decay_f': 0.0006144422376254348, 'MAX_EPOCH': 100, 'max_epoch_f': 500}, 'DEVICE': 'cuda', 'seeds': [0], 'eval_T': [50, 100, 200], 'output_dir': '/ddm-nni/AmazonCoBuyComputerDataset¶/log', 'checkpoint_dir': '/ddm-nni/AmazonCoBuyComputerDataset¶/log/checkpoint'}
[2023-03-22 13:29:57] PRINT [03/22 13:29:57 graph]: Rank of current process: 0. World size: 1
[2023-03-22 13:30:00] PRINT [03/22 13:30:00 graph]: Environment info:
[2023-03-22 13:30:00] PRINT PyTorch version: 1.10.0+cu113
[2023-03-22 13:30:00] PRINT Is debug build: False
[2023-03-22 13:30:00] PRINT CUDA used to build PyTorch: 11.3
[2023-03-22 13:30:00] PRINT ROCM used to build PyTorch: N/A
[2023-03-22 13:30:00] PRINT 
[2023-03-22 13:30:00] PRINT OS: Ubuntu 20.04.3 LTS (x86_64)
[2023-03-22 13:30:00] PRINT GCC version: (Ubuntu 9.3.0-17ubuntu1~20.04) 9.3.0
[2023-03-22 13:30:00] PRINT Clang version: Could not collect
[2023-03-22 13:30:00] PRINT CMake version: version 3.16.3
[2023-03-22 13:30:00] PRINT Libc version: glibc-2.31
[2023-03-22 13:30:00] PRINT 
[2023-03-22 13:30:00] PRINT Python version: 3.8.10 (default, Jun  4 2021, 15:09:15)  [GCC 7.5.0] (64-bit runtime)
[2023-03-22 13:30:00] PRINT Python platform: Linux-5.4.0-90-generic-x86_64-with-glibc2.17
[2023-03-22 13:30:00] PRINT Is CUDA available: True
[2023-03-22 13:30:00] PRINT CUDA runtime version: 11.3.109
[2023-03-22 13:30:00] PRINT GPU models and configuration: GPU 0: NVIDIA GeForce RTX 3090
[2023-03-22 13:30:00] PRINT Nvidia driver version: 495.44
[2023-03-22 13:30:00] PRINT cuDNN version: Probably one of the following:
[2023-03-22 13:30:00] PRINT /usr/lib/x86_64-linux-gnu/libcudnn.so.8.2.0
[2023-03-22 13:30:00] PRINT /usr/lib/x86_64-linux-gnu/libcudnn_adv_infer.so.8.2.0
[2023-03-22 13:30:00] PRINT /usr/lib/x86_64-linux-gnu/libcudnn_adv_train.so.8.2.0
[2023-03-22 13:30:00] PRINT /usr/lib/x86_64-linux-gnu/libcudnn_cnn_infer.so.8.2.0
[2023-03-22 13:30:00] PRINT /usr/lib/x86_64-linux-gnu/libcudnn_cnn_train.so.8.2.0
[2023-03-22 13:30:00] PRINT /usr/lib/x86_64-linux-gnu/libcudnn_ops_infer.so.8.2.0
[2023-03-22 13:30:00] PRINT /usr/lib/x86_64-linux-gnu/libcudnn_ops_train.so.8.2.0
[2023-03-22 13:30:00] PRINT HIP runtime version: N/A
[2023-03-22 13:30:00] PRINT MIOpen runtime version: N/A
[2023-03-22 13:30:00] PRINT 
[2023-03-22 13:30:00] PRINT Versions of relevant libraries:
[2023-03-22 13:30:00] PRINT [pip3] numpy==1.23.5
[2023-03-22 13:30:00] PRINT [pip3] torch==1.10.0+cu113
[2023-03-22 13:30:00] PRINT [pip3] torchvision==0.11.1+cu113
[2023-03-22 13:30:00] PRINT [conda] blas                      1.0                         mkl    https://mirrors.ustc.edu.cn/anaconda/pkgs/main
[2023-03-22 13:30:00] PRINT [conda] mkl                       2021.4.0           h06a4308_640    https://mirrors.ustc.edu.cn/anaconda/pkgs/main
[2023-03-22 13:30:00] PRINT [conda] mkl-service               2.4.0            py38h7f8727e_0    https://mirrors.ustc.edu.cn/anaconda/pkgs/main
[2023-03-22 13:30:00] PRINT [conda] mkl_fft                   1.3.1            py38hd3c417c_0    https://mirrors.ustc.edu.cn/anaconda/pkgs/main
[2023-03-22 13:30:00] PRINT [conda] mkl_random                1.2.2            py38h51133e4_0    https://mirrors.ustc.edu.cn/anaconda/pkgs/main
[2023-03-22 13:30:00] PRINT [conda] numpy                     1.21.4                   pypi_0    pypi
[2023-03-22 13:30:00] PRINT [conda] numpy-base                1.23.5           py38h31eccc5_0    https://mirrors.ustc.edu.cn/anaconda/pkgs/main
[2023-03-22 13:30:00] PRINT [conda] torch                     1.10.0+cu113             pypi_0    pypi
[2023-03-22 13:30:00] PRINT [conda] torchvision               0.11.1+cu113             pypi_0    pypi
[2023-03-22 13:30:00] PRINT         Pillow (8.4.0)
[2023-03-22 13:30:00] PRINT [03/22 13:30:00 graph]: Command line arguments: Namespace(local_rank=0, resume=False, seed=1234, start_epoch=0)
[2023-03-22 13:30:00] PRINT [03/22 13:30:00 graph]: Run 0th for seed 0
[2023-03-22 13:30:00] PRINT [03/22 13:30:00 graph]: Total trainable params num : 7882243
[2023-03-22 13:30:05] PRINT [03/22 13:30:05 graph]: ----------Start Training----------
[2023-03-22 13:30:05] PRINT [03/22 13:30:05 graph]: start epoch 0.
[2023-03-22 13:30:06] PRINT [03/22 13:30:06 graph]: # Epoch 0: train_loss: 1.0209 | lr: 0.000354
[2023-03-22 13:30:06] PRINT [03/22 13:30:06 graph]: start epoch 1.
[2023-03-22 13:30:06] PRINT [03/22 13:30:06 graph]: # Epoch 1: train_loss: 0.8107 | lr: 0.000354
[2023-03-22 13:30:06] PRINT [03/22 13:30:06 graph]: start epoch 2.
[2023-03-22 13:30:06] PRINT [03/22 13:30:06 graph]: # Epoch 2: train_loss: 0.7018 | lr: 0.000354
[2023-03-22 13:30:06] PRINT [03/22 13:30:06 graph]: start epoch 3.
[2023-03-22 13:30:06] PRINT [03/22 13:30:06 graph]: # Epoch 3: train_loss: 0.6460 | lr: 0.000354
[2023-03-22 13:30:06] PRINT [03/22 13:30:06 graph]: start epoch 4.
[2023-03-22 13:30:06] PRINT [03/22 13:30:06 graph]: # Epoch 4: train_loss: 0.6137 | lr: 0.000354
[2023-03-22 13:30:06] PRINT [03/22 13:30:06 graph]: start epoch 5.
[2023-03-22 13:30:06] PRINT [03/22 13:30:06 graph]: # Epoch 5: train_loss: 0.5944 | lr: 0.000354
[2023-03-22 13:30:06] PRINT [03/22 13:30:06 graph]: start epoch 6.
[2023-03-22 13:30:06] PRINT [03/22 13:30:06 graph]: # Epoch 6: train_loss: 0.5810 | lr: 0.000354
[2023-03-22 13:30:06] PRINT [03/22 13:30:06 graph]: start epoch 7.
[2023-03-22 13:30:06] PRINT [03/22 13:30:06 graph]: # Epoch 7: train_loss: 0.5709 | lr: 0.000354
[2023-03-22 13:30:06] PRINT [03/22 13:30:06 graph]: start epoch 8.
[2023-03-22 13:30:06] PRINT [03/22 13:30:06 graph]: # Epoch 8: train_loss: 0.5623 | lr: 0.000354
[2023-03-22 13:30:06] PRINT [03/22 13:30:06 graph]: start epoch 9.
[2023-03-22 13:30:06] PRINT [03/22 13:30:06 graph]: # Epoch 9: train_loss: 0.5546 | lr: 0.000354
[2023-03-22 13:30:06] PRINT [03/22 13:30:06 graph]: start epoch 10.
[2023-03-22 13:30:06] PRINT [03/22 13:30:06 graph]: # Epoch 10: train_loss: 0.5479 | lr: 0.000354
[2023-03-22 13:30:06] PRINT [03/22 13:30:06 graph]: start epoch 11.
[2023-03-22 13:30:06] PRINT [03/22 13:30:06 graph]: # Epoch 11: train_loss: 0.5404 | lr: 0.000354
[2023-03-22 13:30:06] PRINT [03/22 13:30:06 graph]: start epoch 12.
[2023-03-22 13:30:06] PRINT [03/22 13:30:06 graph]: # Epoch 12: train_loss: 0.5331 | lr: 0.000354
[2023-03-22 13:30:06] PRINT [03/22 13:30:06 graph]: start epoch 13.
[2023-03-22 13:30:06] PRINT [03/22 13:30:06 graph]: # Epoch 13: train_loss: 0.5257 | lr: 0.000354
[2023-03-22 13:30:06] PRINT [03/22 13:30:06 graph]: start epoch 14.
[2023-03-22 13:30:06] PRINT [03/22 13:30:06 graph]: # Epoch 14: train_loss: 0.5184 | lr: 0.000354
[2023-03-22 13:30:06] PRINT [03/22 13:30:06 graph]: start epoch 15.
[2023-03-22 13:30:07] PRINT [03/22 13:30:07 graph]: # Epoch 15: train_loss: 0.5126 | lr: 0.000354
[2023-03-22 13:30:07] PRINT [03/22 13:30:07 graph]: start epoch 16.
[2023-03-22 13:30:07] PRINT [03/22 13:30:07 graph]: # Epoch 16: train_loss: 0.5078 | lr: 0.000354
[2023-03-22 13:30:07] PRINT [03/22 13:30:07 graph]: start epoch 17.
[2023-03-22 13:30:07] PRINT [03/22 13:30:07 graph]: # Epoch 17: train_loss: 0.5028 | lr: 0.000354
[2023-03-22 13:30:07] PRINT [03/22 13:30:07 graph]: start epoch 18.
[2023-03-22 13:30:07] PRINT [03/22 13:30:07 graph]: # Epoch 18: train_loss: 0.4984 | lr: 0.000354
[2023-03-22 13:30:07] PRINT [03/22 13:30:07 graph]: start epoch 19.
[2023-03-22 13:30:07] PRINT [03/22 13:30:07 graph]: # Epoch 19: train_loss: 0.4950 | lr: 0.000354
[2023-03-22 13:30:07] PRINT [03/22 13:30:07 graph]: start epoch 20.
[2023-03-22 13:30:07] PRINT [03/22 13:30:07 graph]: # Epoch 20: train_loss: 0.4909 | lr: 0.000354
[2023-03-22 13:30:07] PRINT [03/22 13:30:07 graph]: start epoch 21.
[2023-03-22 13:30:07] PRINT [03/22 13:30:07 graph]: # Epoch 21: train_loss: 0.4874 | lr: 0.000354
[2023-03-22 13:30:07] PRINT [03/22 13:30:07 graph]: start epoch 22.
[2023-03-22 13:30:07] PRINT [03/22 13:30:07 graph]: # Epoch 22: train_loss: 0.4848 | lr: 0.000354
[2023-03-22 13:30:07] PRINT [03/22 13:30:07 graph]: start epoch 23.
[2023-03-22 13:30:07] PRINT [03/22 13:30:07 graph]: # Epoch 23: train_loss: 0.4852 | lr: 0.000354
[2023-03-22 13:30:07] PRINT [03/22 13:30:07 graph]: start epoch 24.
[2023-03-22 13:30:07] PRINT [03/22 13:30:07 graph]: # Epoch 24: train_loss: 0.4783 | lr: 0.000354
[2023-03-22 13:30:07] PRINT [03/22 13:30:07 graph]: start epoch 25.
[2023-03-22 13:30:07] PRINT [03/22 13:30:07 graph]: # Epoch 25: train_loss: 0.4909 | lr: 0.000354
[2023-03-22 13:30:07] PRINT [03/22 13:30:07 graph]: start epoch 26.
[2023-03-22 13:30:07] PRINT [03/22 13:30:07 graph]: # Epoch 26: train_loss: 0.4933 | lr: 0.000354
[2023-03-22 13:30:07] PRINT [03/22 13:30:07 graph]: start epoch 27.
[2023-03-22 13:30:07] PRINT [03/22 13:30:07 graph]: # Epoch 27: train_loss: 0.5049 | lr: 0.000354
[2023-03-22 13:30:07] PRINT [03/22 13:30:07 graph]: start epoch 28.
[2023-03-22 13:30:07] PRINT [03/22 13:30:07 graph]: # Epoch 28: train_loss: 0.5069 | lr: 0.000354
[2023-03-22 13:30:07] PRINT [03/22 13:30:07 graph]: start epoch 29.
[2023-03-22 13:30:07] PRINT [03/22 13:30:07 graph]: # Epoch 29: train_loss: 0.5038 | lr: 0.000354
[2023-03-22 13:30:07] PRINT [03/22 13:30:07 graph]: start epoch 30.
[2023-03-22 13:30:08] PRINT [03/22 13:30:08 graph]: # Epoch 30: train_loss: 0.4977 | lr: 0.000354
[2023-03-22 13:30:08] PRINT [03/22 13:30:08 graph]: start epoch 31.
[2023-03-22 13:30:08] PRINT [03/22 13:30:08 graph]: # Epoch 31: train_loss: 0.4900 | lr: 0.000354
[2023-03-22 13:30:08] PRINT [03/22 13:30:08 graph]: start epoch 32.
[2023-03-22 13:30:08] PRINT [03/22 13:30:08 graph]: # Epoch 32: train_loss: 0.4829 | lr: 0.000354
[2023-03-22 13:30:08] PRINT [03/22 13:30:08 graph]: start epoch 33.
[2023-03-22 13:30:08] PRINT [03/22 13:30:08 graph]: # Epoch 33: train_loss: 0.4796 | lr: 0.000354
[2023-03-22 13:30:08] PRINT [03/22 13:30:08 graph]: start epoch 34.
[2023-03-22 13:30:08] PRINT [03/22 13:30:08 graph]: # Epoch 34: train_loss: 0.4798 | lr: 0.000354
[2023-03-22 13:30:08] PRINT [03/22 13:30:08 graph]: start epoch 35.
[2023-03-22 13:30:08] PRINT [03/22 13:30:08 graph]: # Epoch 35: train_loss: 0.4803 | lr: 0.000354
[2023-03-22 13:30:08] PRINT [03/22 13:30:08 graph]: start epoch 36.
[2023-03-22 13:30:08] PRINT [03/22 13:30:08 graph]: # Epoch 36: train_loss: 0.4770 | lr: 0.000354
[2023-03-22 13:30:08] PRINT [03/22 13:30:08 graph]: start epoch 37.
[2023-03-22 13:30:08] PRINT [03/22 13:30:08 graph]: # Epoch 37: train_loss: 0.4724 | lr: 0.000354
[2023-03-22 13:30:08] PRINT [03/22 13:30:08 graph]: start epoch 38.
[2023-03-22 13:30:08] PRINT [03/22 13:30:08 graph]: # Epoch 38: train_loss: 0.4682 | lr: 0.000354
[2023-03-22 13:30:08] PRINT [03/22 13:30:08 graph]: start epoch 39.
[2023-03-22 13:30:08] PRINT [03/22 13:30:08 graph]: # Epoch 39: train_loss: 0.4671 | lr: 0.000354
[2023-03-22 13:30:08] PRINT [03/22 13:30:08 graph]: start epoch 40.
[2023-03-22 13:30:08] PRINT [03/22 13:30:08 graph]: # Epoch 40: train_loss: 0.4672 | lr: 0.000354
[2023-03-22 13:30:08] PRINT [03/22 13:30:08 graph]: start epoch 41.
[2023-03-22 13:30:08] PRINT [03/22 13:30:08 graph]: # Epoch 41: train_loss: 0.4667 | lr: 0.000354
[2023-03-22 13:30:08] PRINT [03/22 13:30:08 graph]: start epoch 42.
[2023-03-22 13:30:08] PRINT [03/22 13:30:08 graph]: # Epoch 42: train_loss: 0.4648 | lr: 0.000354
[2023-03-22 13:30:08] PRINT [03/22 13:30:08 graph]: start epoch 43.
[2023-03-22 13:30:08] PRINT [03/22 13:30:08 graph]: # Epoch 43: train_loss: 0.4627 | lr: 0.000354
[2023-03-22 13:30:08] PRINT [03/22 13:30:08 graph]: start epoch 44.
[2023-03-22 13:30:08] PRINT [03/22 13:30:08 graph]: # Epoch 44: train_loss: 0.4614 | lr: 0.000354
[2023-03-22 13:30:08] PRINT [03/22 13:30:08 graph]: start epoch 45.
[2023-03-22 13:30:09] PRINT [03/22 13:30:09 graph]: # Epoch 45: train_loss: 0.4604 | lr: 0.000354
[2023-03-22 13:30:09] PRINT [03/22 13:30:09 graph]: start epoch 46.
[2023-03-22 13:30:09] PRINT [03/22 13:30:09 graph]: # Epoch 46: train_loss: 0.4593 | lr: 0.000354
[2023-03-22 13:30:09] PRINT [03/22 13:30:09 graph]: start epoch 47.
[2023-03-22 13:30:09] PRINT [03/22 13:30:09 graph]: # Epoch 47: train_loss: 0.4579 | lr: 0.000354
[2023-03-22 13:30:09] PRINT [03/22 13:30:09 graph]: start epoch 48.
[2023-03-22 13:30:09] PRINT [03/22 13:30:09 graph]: # Epoch 48: train_loss: 0.4568 | lr: 0.000354
[2023-03-22 13:30:09] PRINT [03/22 13:30:09 graph]: start epoch 49.
[2023-03-22 13:30:09] PRINT [03/22 13:30:09 graph]: # Epoch 49: train_loss: 0.4553 | lr: 0.000354
[2023-03-22 13:30:09] PRINT [03/22 13:30:09 graph]: start epoch 50.
[2023-03-22 13:30:09] PRINT [03/22 13:30:09 graph]: # Epoch 50: train_loss: 0.4536 | lr: 0.000354
[2023-03-22 13:30:09] PRINT [03/22 13:30:09 graph]: start epoch 51.
[2023-03-22 13:30:09] PRINT [03/22 13:30:09 graph]: # Epoch 51: train_loss: 0.4529 | lr: 0.000354
[2023-03-22 13:30:15] PRINT [03/22 13:30:15 graph]: --- Testf1: 0.87820, Best Valacc: 0.86036 in epoch 442 --- 
[2023-03-22 13:30:15] PRINT [03/22 13:30:15 graph]: Epoch 51: get test acc score:  0.87820
[2023-03-22 13:30:15] PRINT [03/22 13:30:15 graph]: best_f1 0.8782 at epoch 51
[2023-03-22 13:30:15] PRINT [03/22 13:30:15 graph]: start epoch 52.
[2023-03-22 13:30:15] PRINT [03/22 13:30:15 graph]: # Epoch 52: train_loss: 0.4518 | lr: 0.000354
[2023-03-22 13:30:25] PRINT [03/22 13:30:25 graph]: --- Testf1: 0.87802, Best Valacc: 0.86327 in epoch 377 --- 
[2023-03-22 13:30:25] PRINT [03/22 13:30:25 graph]: Epoch 52: get test acc score:  0.87802
[2023-03-22 13:30:25] PRINT [03/22 13:30:25 graph]: best_f1 0.8782 at epoch 51
[2023-03-22 13:30:25] PRINT [03/22 13:30:25 graph]: start epoch 53.
[2023-03-22 13:30:25] PRINT [03/22 13:30:25 graph]: # Epoch 53: train_loss: 0.4507 | lr: 0.000354
[2023-03-22 13:30:32] PRINT [03/22 13:30:32 graph]: --- Testf1: 0.88029, Best Valacc: 0.86182 in epoch 280 --- 
[2023-03-22 13:30:32] PRINT [03/22 13:30:32 graph]: Epoch 53: get test acc score:  0.88029
[2023-03-22 13:30:32] PRINT [03/22 13:30:32 graph]: best_f1 0.88029 at epoch 53
[2023-03-22 13:30:32] PRINT [03/22 13:30:32 graph]: start epoch 54.
[2023-03-22 13:30:32] PRINT [03/22 13:30:32 graph]: # Epoch 54: train_loss: 0.4497 | lr: 0.000354
[2023-03-22 13:30:39] PRINT [03/22 13:30:39 graph]: --- Testf1: 0.87820, Best Valacc: 0.86545 in epoch 481 --- 
[2023-03-22 13:30:40] PRINT [03/22 13:30:40 graph]: Epoch 54: get test acc score:  0.87820
[2023-03-22 13:30:40] PRINT [03/22 13:30:40 graph]: best_f1 0.88029 at epoch 53
[2023-03-22 13:30:40] PRINT [03/22 13:30:40 graph]: start epoch 55.
[2023-03-22 13:30:40] PRINT [03/22 13:30:40 graph]: # Epoch 55: train_loss: 0.4489 | lr: 0.000354
[2023-03-22 13:30:47] PRINT [03/22 13:30:47 graph]: --- Testf1: 0.88320, Best Valacc: 0.86545 in epoch 421 --- 
[2023-03-22 13:30:47] PRINT [03/22 13:30:47 graph]: Epoch 55: get test acc score:  0.88320
[2023-03-22 13:30:47] PRINT [03/22 13:30:47 graph]: best_f1 0.8832 at epoch 55
[2023-03-22 13:30:47] PRINT [03/22 13:30:47 graph]: start epoch 56.
[2023-03-22 13:30:47] PRINT [03/22 13:30:47 graph]: # Epoch 56: train_loss: 0.4485 | lr: 0.000354
[2023-03-22 13:30:54] PRINT [03/22 13:30:54 graph]: --- Testf1: 0.87948, Best Valacc: 0.86618 in epoch 433 --- 
[2023-03-22 13:30:54] PRINT [03/22 13:30:54 graph]: Epoch 56: get test acc score:  0.87948
[2023-03-22 13:30:54] PRINT [03/22 13:30:54 graph]: best_f1 0.8832 at epoch 55
[2023-03-22 13:30:54] PRINT [03/22 13:30:54 graph]: start epoch 57.
[2023-03-22 13:30:54] PRINT [03/22 13:30:54 graph]: # Epoch 57: train_loss: 0.4473 | lr: 0.000354
[2023-03-22 13:31:01] PRINT [03/22 13:31:01 graph]: --- Testf1: 0.88475, Best Valacc: 0.87127 in epoch 388 --- 
[2023-03-22 13:31:02] PRINT [03/22 13:31:02 graph]: Epoch 57: get test acc score:  0.88475
[2023-03-22 13:31:02] PRINT [03/22 13:31:02 graph]: best_f1 0.88475 at epoch 57
[2023-03-22 13:31:02] PRINT [03/22 13:31:02 graph]: start epoch 58.
[2023-03-22 13:31:02] PRINT [03/22 13:31:02 graph]: # Epoch 58: train_loss: 0.4464 | lr: 0.000354
[2023-03-22 13:31:09] PRINT [03/22 13:31:09 graph]: --- Testf1: 0.87766, Best Valacc: 0.86982 in epoch 490 --- 
[2023-03-22 13:31:09] PRINT [03/22 13:31:09 graph]: Epoch 58: get test acc score:  0.87766
[2023-03-22 13:31:09] PRINT [03/22 13:31:09 graph]: best_f1 0.88475 at epoch 57
[2023-03-22 13:31:09] PRINT [03/22 13:31:09 graph]: start epoch 59.
[2023-03-22 13:31:09] PRINT [03/22 13:31:09 graph]: # Epoch 59: train_loss: 0.4456 | lr: 0.000354
[2023-03-22 13:31:16] PRINT [03/22 13:31:16 graph]: --- Testf1: 0.88602, Best Valacc: 0.87491 in epoch 447 --- 
[2023-03-22 13:31:16] PRINT [03/22 13:31:16 graph]: Epoch 59: get test acc score:  0.88602
[2023-03-22 13:31:16] PRINT [03/22 13:31:16 graph]: best_f1 0.88602 at epoch 59
[2023-03-22 13:31:16] PRINT [03/22 13:31:16 graph]: start epoch 60.
[2023-03-22 13:31:16] PRINT [03/22 13:31:16 graph]: # Epoch 60: train_loss: 0.4446 | lr: 0.000354
[2023-03-22 13:31:23] PRINT [03/22 13:31:23 graph]: --- Testf1: 0.88211, Best Valacc: 0.87345 in epoch 492 --- 
[2023-03-22 13:31:24] PRINT [03/22 13:31:24 graph]: Epoch 60: get test acc score:  0.88211
[2023-03-22 13:31:24] PRINT [03/22 13:31:24 graph]: best_f1 0.88602 at epoch 59
[2023-03-22 13:31:24] PRINT [03/22 13:31:24 graph]: start epoch 61.
[2023-03-22 13:31:24] PRINT [03/22 13:31:24 graph]: # Epoch 61: train_loss: 0.4439 | lr: 0.000354
[2023-03-22 13:31:31] PRINT [03/22 13:31:31 graph]: --- Testf1: 0.88566, Best Valacc: 0.87855 in epoch 276 --- 
[2023-03-22 13:31:31] PRINT [03/22 13:31:31 graph]: Epoch 61: get test acc score:  0.88566
[2023-03-22 13:31:31] PRINT [03/22 13:31:31 graph]: best_f1 0.88602 at epoch 59
[2023-03-22 13:31:31] PRINT [03/22 13:31:31 graph]: start epoch 62.
[2023-03-22 13:31:31] PRINT [03/22 13:31:31 graph]: # Epoch 62: train_loss: 0.4434 | lr: 0.000354
[2023-03-22 13:31:38] PRINT [03/22 13:31:38 graph]: --- Testf1: 0.88329, Best Valacc: 0.87418 in epoch 294 --- 
[2023-03-22 13:31:38] PRINT [03/22 13:31:38 graph]: Epoch 62: get test acc score:  0.88329
[2023-03-22 13:31:38] PRINT [03/22 13:31:38 graph]: best_f1 0.88602 at epoch 59
[2023-03-22 13:31:38] PRINT [03/22 13:31:38 graph]: start epoch 63.
[2023-03-22 13:31:38] PRINT [03/22 13:31:38 graph]: # Epoch 63: train_loss: 0.4422 | lr: 0.000354
[2023-03-22 13:31:45] PRINT [03/22 13:31:45 graph]: --- Testf1: 0.88148, Best Valacc: 0.86691 in epoch 424 --- 
[2023-03-22 13:31:46] PRINT [03/22 13:31:46 graph]: Epoch 63: get test acc score:  0.88148
[2023-03-22 13:31:46] PRINT [03/22 13:31:46 graph]: best_f1 0.88602 at epoch 59
[2023-03-22 13:31:46] PRINT [03/22 13:31:46 graph]: start epoch 64.
[2023-03-22 13:31:46] PRINT [03/22 13:31:46 graph]: # Epoch 64: train_loss: 0.4416 | lr: 0.000354
[2023-03-22 13:31:53] PRINT [03/22 13:31:53 graph]: --- Testf1: 0.88129, Best Valacc: 0.87127 in epoch 447 --- 
[2023-03-22 13:31:53] PRINT [03/22 13:31:53 graph]: Epoch 64: get test acc score:  0.88129
[2023-03-22 13:31:53] PRINT [03/22 13:31:53 graph]: best_f1 0.88602 at epoch 59
[2023-03-22 13:31:53] PRINT [03/22 13:31:53 graph]: start epoch 65.
[2023-03-22 13:31:53] PRINT [03/22 13:31:53 graph]: # Epoch 65: train_loss: 0.4405 | lr: 0.000354
[2023-03-22 13:32:00] PRINT [03/22 13:32:00 graph]: --- Testf1: 0.88784, Best Valacc: 0.87127 in epoch 423 --- 
[2023-03-22 13:32:00] PRINT [03/22 13:32:00 graph]: Epoch 65: get test acc score:  0.88784
[2023-03-22 13:32:00] PRINT [03/22 13:32:00 graph]: best_f1 0.88784 at epoch 65
[2023-03-22 13:32:00] PRINT [03/22 13:32:00 graph]: start epoch 66.
[2023-03-22 13:32:01] PRINT [03/22 13:32:01 graph]: # Epoch 66: train_loss: 0.4400 | lr: 0.000354
[2023-03-22 13:32:08] PRINT [03/22 13:32:08 graph]: --- Testf1: 0.88402, Best Valacc: 0.87491 in epoch 118 --- 
[2023-03-22 13:32:08] PRINT [03/22 13:32:08 graph]: Epoch 66: get test acc score:  0.88402
[2023-03-22 13:32:08] PRINT [03/22 13:32:08 graph]: best_f1 0.88784 at epoch 65
[2023-03-22 13:32:08] PRINT [03/22 13:32:08 graph]: start epoch 67.
[2023-03-22 13:32:08] PRINT [03/22 13:32:08 graph]: # Epoch 67: train_loss: 0.4391 | lr: 0.000354
[2023-03-22 13:32:15] PRINT [03/22 13:32:15 graph]: --- Testf1: 0.87993, Best Valacc: 0.86982 in epoch 467 --- 
[2023-03-22 13:32:15] PRINT [03/22 13:32:15 graph]: Epoch 67: get test acc score:  0.87993
[2023-03-22 13:32:15] PRINT [03/22 13:32:15 graph]: best_f1 0.88784 at epoch 65
[2023-03-22 13:32:15] PRINT [03/22 13:32:15 graph]: start epoch 68.
[2023-03-22 13:32:16] PRINT [03/22 13:32:16 graph]: # Epoch 68: train_loss: 0.4383 | lr: 0.000354
[2023-03-22 13:32:23] PRINT [03/22 13:32:23 graph]: --- Testf1: 0.88102, Best Valacc: 0.87200 in epoch 434 --- 
[2023-03-22 13:32:23] PRINT [03/22 13:32:23 graph]: Epoch 68: get test acc score:  0.88102
[2023-03-22 13:32:23] PRINT [03/22 13:32:23 graph]: best_f1 0.88784 at epoch 65
[2023-03-22 13:32:23] PRINT [03/22 13:32:23 graph]: start epoch 69.
[2023-03-22 13:32:23] PRINT [03/22 13:32:23 graph]: # Epoch 69: train_loss: 0.4374 | lr: 0.000354
[2023-03-22 13:32:30] PRINT [03/22 13:32:30 graph]: --- Testf1: 0.88557, Best Valacc: 0.87564 in epoch 213 --- 
[2023-03-22 13:32:30] PRINT [03/22 13:32:30 graph]: Epoch 69: get test acc score:  0.88557
[2023-03-22 13:32:30] PRINT [03/22 13:32:30 graph]: best_f1 0.88784 at epoch 65
[2023-03-22 13:32:30] PRINT [03/22 13:32:30 graph]: start epoch 70.
[2023-03-22 13:32:30] PRINT [03/22 13:32:30 graph]: # Epoch 70: train_loss: 0.4368 | lr: 0.000354
[2023-03-22 13:32:38] PRINT [03/22 13:32:38 graph]: --- Testf1: 0.88429, Best Valacc: 0.86764 in epoch 278 --- 
[2023-03-22 13:32:38] PRINT [03/22 13:32:38 graph]: Epoch 70: get test acc score:  0.88429
[2023-03-22 13:32:38] PRINT [03/22 13:32:38 graph]: best_f1 0.88784 at epoch 65
[2023-03-22 13:32:38] PRINT [03/22 13:32:38 graph]: start epoch 71.
[2023-03-22 13:32:38] PRINT [03/22 13:32:38 graph]: # Epoch 71: train_loss: 0.4359 | lr: 0.000354
[2023-03-22 13:32:45] PRINT [03/22 13:32:45 graph]: --- Testf1: 0.88266, Best Valacc: 0.87200 in epoch 301 --- 
[2023-03-22 13:32:45] PRINT [03/22 13:32:45 graph]: Epoch 71: get test acc score:  0.88266
[2023-03-22 13:32:45] PRINT [03/22 13:32:45 graph]: best_f1 0.88784 at epoch 65
[2023-03-22 13:32:45] PRINT [03/22 13:32:45 graph]: start epoch 72.
[2023-03-22 13:32:45] PRINT [03/22 13:32:45 graph]: # Epoch 72: train_loss: 0.4353 | lr: 0.000354
[2023-03-22 13:32:53] PRINT [03/22 13:32:53 graph]: --- Testf1: 0.89111, Best Valacc: 0.88364 in epoch 249 --- 
[2023-03-22 13:32:53] PRINT [03/22 13:32:53 graph]: Epoch 72: get test acc score:  0.89111
[2023-03-22 13:32:53] PRINT [03/22 13:32:53 graph]: best_f1 0.89111 at epoch 72
[2023-03-22 13:32:53] PRINT [03/22 13:32:53 graph]: start epoch 73.
[2023-03-22 13:32:53] PRINT [03/22 13:32:53 graph]: # Epoch 73: train_loss: 0.4347 | lr: 0.000354
[2023-03-22 13:33:00] PRINT [03/22 13:33:00 graph]: --- Testf1: 0.88648, Best Valacc: 0.87200 in epoch 421 --- 
[2023-03-22 13:33:00] PRINT [03/22 13:33:00 graph]: Epoch 73: get test acc score:  0.88648
[2023-03-22 13:33:00] PRINT [03/22 13:33:00 graph]: best_f1 0.89111 at epoch 72
[2023-03-22 13:33:00] PRINT [03/22 13:33:00 graph]: start epoch 74.
[2023-03-22 13:33:01] PRINT [03/22 13:33:01 graph]: # Epoch 74: train_loss: 0.4341 | lr: 0.000354
[2023-03-22 13:33:08] PRINT [03/22 13:33:08 graph]: --- Testf1: 0.88429, Best Valacc: 0.86836 in epoch 196 --- 
[2023-03-22 13:33:08] PRINT [03/22 13:33:08 graph]: Epoch 74: get test acc score:  0.88429
[2023-03-22 13:33:08] PRINT [03/22 13:33:08 graph]: best_f1 0.89111 at epoch 72
[2023-03-22 13:33:08] PRINT [03/22 13:33:08 graph]: start epoch 75.
[2023-03-22 13:33:08] PRINT [03/22 13:33:08 graph]: # Epoch 75: train_loss: 0.4335 | lr: 0.000354
[2023-03-22 13:33:15] PRINT [03/22 13:33:15 graph]: --- Testf1: 0.88348, Best Valacc: 0.87345 in epoch 387 --- 
[2023-03-22 13:33:15] PRINT [03/22 13:33:15 graph]: Epoch 75: get test acc score:  0.88348
[2023-03-22 13:33:15] PRINT [03/22 13:33:15 graph]: best_f1 0.89111 at epoch 72
[2023-03-22 13:33:15] PRINT [03/22 13:33:15 graph]: start epoch 76.
[2023-03-22 13:33:15] PRINT [03/22 13:33:15 graph]: # Epoch 76: train_loss: 0.4328 | lr: 0.000354
[2023-03-22 13:33:22] PRINT [03/22 13:33:22 graph]: --- Testf1: 0.88211, Best Valacc: 0.87491 in epoch 246 --- 
[2023-03-22 13:33:23] PRINT [03/22 13:33:23 graph]: Epoch 76: get test acc score:  0.88211
[2023-03-22 13:33:23] PRINT [03/22 13:33:23 graph]: best_f1 0.89111 at epoch 72
[2023-03-22 13:33:23] PRINT [03/22 13:33:23 graph]: start epoch 77.
[2023-03-22 13:33:23] PRINT [03/22 13:33:23 graph]: # Epoch 77: train_loss: 0.4318 | lr: 0.000354
[2023-03-22 13:33:30] PRINT [03/22 13:33:30 graph]: --- Testf1: 0.89302, Best Valacc: 0.87200 in epoch 421 --- 
[2023-03-22 13:33:30] PRINT [03/22 13:33:30 graph]: Epoch 77: get test acc score:  0.89302
[2023-03-22 13:33:30] PRINT [03/22 13:33:30 graph]: best_f1 0.89302 at epoch 77
[2023-03-22 13:33:30] PRINT [03/22 13:33:30 graph]: start epoch 78.
[2023-03-22 13:33:30] PRINT [03/22 13:33:30 graph]: # Epoch 78: train_loss: 0.4313 | lr: 0.000354
[2023-03-22 13:33:37] PRINT [03/22 13:33:37 graph]: --- Testf1: 0.88684, Best Valacc: 0.87345 in epoch 382 --- 
[2023-03-22 13:33:37] PRINT [03/22 13:33:37 graph]: Epoch 78: get test acc score:  0.88684
[2023-03-22 13:33:37] PRINT [03/22 13:33:37 graph]: best_f1 0.89302 at epoch 77
[2023-03-22 13:33:37] PRINT [03/22 13:33:37 graph]: start epoch 79.
[2023-03-22 13:33:37] PRINT [03/22 13:33:37 graph]: # Epoch 79: train_loss: 0.4305 | lr: 0.000354
[2023-03-22 13:33:44] PRINT [03/22 13:33:44 graph]: --- Testf1: 0.88811, Best Valacc: 0.87564 in epoch 491 --- 
[2023-03-22 13:33:45] PRINT [03/22 13:33:45 graph]: Epoch 79: get test acc score:  0.88811
[2023-03-22 13:33:45] PRINT [03/22 13:33:45 graph]: best_f1 0.89302 at epoch 77
[2023-03-22 13:33:45] PRINT [03/22 13:33:45 graph]: start epoch 80.
[2023-03-22 13:33:45] PRINT [03/22 13:33:45 graph]: # Epoch 80: train_loss: 0.4299 | lr: 0.000354
[2023-03-22 13:33:52] PRINT [03/22 13:33:52 graph]: --- Testf1: 0.88920, Best Valacc: 0.87345 in epoch 369 --- 
[2023-03-22 13:33:52] PRINT [03/22 13:33:52 graph]: Epoch 80: get test acc score:  0.88920
[2023-03-22 13:33:52] PRINT [03/22 13:33:52 graph]: best_f1 0.89302 at epoch 77
[2023-03-22 13:33:52] PRINT [03/22 13:33:52 graph]: start epoch 81.
[2023-03-22 13:33:52] PRINT [03/22 13:33:52 graph]: # Epoch 81: train_loss: 0.4295 | lr: 0.000354
[2023-03-22 13:33:59] PRINT [03/22 13:33:59 graph]: --- Testf1: 0.88875, Best Valacc: 0.87636 in epoch 387 --- 
[2023-03-22 13:33:59] PRINT [03/22 13:33:59 graph]: Epoch 81: get test acc score:  0.88875
[2023-03-22 13:33:59] PRINT [03/22 13:33:59 graph]: best_f1 0.89302 at epoch 77
[2023-03-22 13:33:59] PRINT [03/22 13:33:59 graph]: start epoch 82.
[2023-03-22 13:33:59] PRINT [03/22 13:33:59 graph]: # Epoch 82: train_loss: 0.4285 | lr: 0.000354
[2023-03-22 13:34:06] PRINT [03/22 13:34:06 graph]: --- Testf1: 0.88284, Best Valacc: 0.87200 in epoch 302 --- 
[2023-03-22 13:34:06] PRINT [03/22 13:34:06 graph]: Epoch 82: get test acc score:  0.88284
[2023-03-22 13:34:06] PRINT [03/22 13:34:06 graph]: best_f1 0.89302 at epoch 77
[2023-03-22 13:34:06] PRINT [03/22 13:34:06 graph]: start epoch 83.
[2023-03-22 13:34:07] PRINT [03/22 13:34:07 graph]: # Epoch 83: train_loss: 0.4279 | lr: 0.000354
[2023-03-22 13:34:14] PRINT [03/22 13:34:14 graph]: --- Testf1: 0.88357, Best Valacc: 0.87927 in epoch 203 --- 
[2023-03-22 13:34:14] PRINT [03/22 13:34:14 graph]: Epoch 83: get test acc score:  0.88357
[2023-03-22 13:34:14] PRINT [03/22 13:34:14 graph]: best_f1 0.89302 at epoch 77
[2023-03-22 13:34:14] PRINT [03/22 13:34:14 graph]: start epoch 84.
[2023-03-22 13:34:14] PRINT [03/22 13:34:14 graph]: # Epoch 84: train_loss: 0.4271 | lr: 0.000354
[2023-03-22 13:34:21] PRINT [03/22 13:34:21 graph]: --- Testf1: 0.89057, Best Valacc: 0.87636 in epoch 315 --- 
[2023-03-22 13:34:21] PRINT [03/22 13:34:21 graph]: Epoch 84: get test acc score:  0.89057
[2023-03-22 13:34:21] PRINT [03/22 13:34:21 graph]: best_f1 0.89302 at epoch 77
[2023-03-22 13:34:21] PRINT [03/22 13:34:21 graph]: start epoch 85.
[2023-03-22 13:34:21] PRINT [03/22 13:34:21 graph]: # Epoch 85: train_loss: 0.4267 | lr: 0.000354
[2023-03-22 13:34:28] PRINT [03/22 13:34:28 graph]: --- Testf1: 0.88629, Best Valacc: 0.87127 in epoch 499 --- 
[2023-03-22 13:34:28] PRINT [03/22 13:34:28 graph]: Epoch 85: get test acc score:  0.88629
[2023-03-22 13:34:28] PRINT [03/22 13:34:28 graph]: best_f1 0.89302 at epoch 77
[2023-03-22 13:34:28] PRINT [03/22 13:34:28 graph]: start epoch 86.
[2023-03-22 13:34:29] PRINT [03/22 13:34:29 graph]: # Epoch 86: train_loss: 0.4261 | lr: 0.000354
[2023-03-22 13:34:35] PRINT [03/22 13:34:35 graph]: --- Testf1: 0.88775, Best Valacc: 0.88000 in epoch 447 --- 
[2023-03-22 13:34:36] PRINT [03/22 13:34:36 graph]: Epoch 86: get test acc score:  0.88775
[2023-03-22 13:34:36] PRINT [03/22 13:34:36 graph]: best_f1 0.89302 at epoch 77
[2023-03-22 13:34:36] PRINT [03/22 13:34:36 graph]: start epoch 87.
[2023-03-22 13:34:36] PRINT [03/22 13:34:36 graph]: # Epoch 87: train_loss: 0.4257 | lr: 0.000354
[2023-03-22 13:34:43] PRINT [03/22 13:34:43 graph]: --- Testf1: 0.88202, Best Valacc: 0.87055 in epoch 285 --- 
[2023-03-22 13:34:43] PRINT [03/22 13:34:43 graph]: Epoch 87: get test acc score:  0.88202
[2023-03-22 13:34:43] PRINT [03/22 13:34:43 graph]: best_f1 0.89302 at epoch 77
[2023-03-22 13:34:43] PRINT [03/22 13:34:43 graph]: start epoch 88.
[2023-03-22 13:34:43] PRINT [03/22 13:34:43 graph]: # Epoch 88: train_loss: 0.4247 | lr: 0.000354
[2023-03-22 13:34:50] PRINT [03/22 13:34:50 graph]: --- Testf1: 0.88920, Best Valacc: 0.86545 in epoch 420 --- 
[2023-03-22 13:34:50] PRINT [03/22 13:34:50 graph]: Epoch 88: get test acc score:  0.88920
[2023-03-22 13:34:50] PRINT [03/22 13:34:50 graph]: best_f1 0.89302 at epoch 77
[2023-03-22 13:34:50] PRINT [03/22 13:34:50 graph]: start epoch 89.
[2023-03-22 13:34:50] PRINT [03/22 13:34:50 graph]: # Epoch 89: train_loss: 0.4247 | lr: 0.000354
[2023-03-22 13:34:57] PRINT [03/22 13:34:57 graph]: --- Testf1: 0.88947, Best Valacc: 0.87855 in epoch 158 --- 
[2023-03-22 13:34:58] PRINT [03/22 13:34:58 graph]: Epoch 89: get test acc score:  0.88947
[2023-03-22 13:34:58] PRINT [03/22 13:34:58 graph]: best_f1 0.89302 at epoch 77
[2023-03-22 13:34:58] PRINT [03/22 13:34:58 graph]: start epoch 90.
[2023-03-22 13:34:58] PRINT [03/22 13:34:58 graph]: # Epoch 90: train_loss: 0.4237 | lr: 0.000354
[2023-03-22 13:35:05] PRINT [03/22 13:35:05 graph]: --- Testf1: 0.88366, Best Valacc: 0.87782 in epoch 146 --- 
[2023-03-22 13:35:05] PRINT [03/22 13:35:05 graph]: Epoch 90: get test acc score:  0.88366
[2023-03-22 13:35:05] PRINT [03/22 13:35:05 graph]: best_f1 0.89302 at epoch 77
[2023-03-22 13:35:05] PRINT [03/22 13:35:05 graph]: start epoch 91.
[2023-03-22 13:35:05] PRINT [03/22 13:35:05 graph]: # Epoch 91: train_loss: 0.4232 | lr: 0.000354
[2023-03-22 13:35:12] PRINT [03/22 13:35:12 graph]: --- Testf1: 0.89166, Best Valacc: 0.86909 in epoch 430 --- 
[2023-03-22 13:35:12] PRINT [03/22 13:35:12 graph]: Epoch 91: get test acc score:  0.89166
[2023-03-22 13:35:12] PRINT [03/22 13:35:12 graph]: best_f1 0.89302 at epoch 77
[2023-03-22 13:35:12] PRINT [03/22 13:35:12 graph]: start epoch 92.
[2023-03-22 13:35:12] PRINT [03/22 13:35:12 graph]: # Epoch 92: train_loss: 0.4225 | lr: 0.000354
[2023-03-22 13:35:18] PRINT [03/22 13:35:18 graph]: --- Testf1: 0.88557, Best Valacc: 0.86764 in epoch 412 --- 
[2023-03-22 13:35:19] PRINT [03/22 13:35:19 graph]: Epoch 92: get test acc score:  0.88557
[2023-03-22 13:35:19] PRINT [03/22 13:35:19 graph]: best_f1 0.89302 at epoch 77
[2023-03-22 13:35:19] PRINT [03/22 13:35:19 graph]: start epoch 93.
[2023-03-22 13:35:19] PRINT [03/22 13:35:19 graph]: # Epoch 93: train_loss: 0.4216 | lr: 0.000354
[2023-03-22 13:35:24] PRINT [03/22 13:35:24 graph]: --- Testf1: 0.89184, Best Valacc: 0.87127 in epoch 211 --- 
[2023-03-22 13:35:25] PRINT [03/22 13:35:25 graph]: Epoch 93: get test acc score:  0.89184
[2023-03-22 13:35:25] PRINT [03/22 13:35:25 graph]: best_f1 0.89302 at epoch 77
[2023-03-22 13:35:25] PRINT [03/22 13:35:25 graph]: start epoch 94.
[2023-03-22 13:35:25] PRINT [03/22 13:35:25 graph]: # Epoch 94: train_loss: 0.4217 | lr: 0.000354
[2023-03-22 13:35:30] PRINT [03/22 13:35:30 graph]: --- Testf1: 0.88111, Best Valacc: 0.87273 in epoch 302 --- 
[2023-03-22 13:35:30] PRINT [03/22 13:35:30 graph]: Epoch 94: get test acc score:  0.88111
[2023-03-22 13:35:30] PRINT [03/22 13:35:30 graph]: best_f1 0.89302 at epoch 77
[2023-03-22 13:35:30] PRINT [03/22 13:35:30 graph]: start epoch 95.
[2023-03-22 13:35:30] PRINT [03/22 13:35:30 graph]: # Epoch 95: train_loss: 0.4213 | lr: 0.000354
[2023-03-22 13:35:38] PRINT [03/22 13:35:38 graph]: --- Testf1: 0.89147, Best Valacc: 0.87636 in epoch 356 --- 
[2023-03-22 13:35:38] PRINT [03/22 13:35:38 graph]: Epoch 95: get test acc score:  0.89147
[2023-03-22 13:35:38] PRINT [03/22 13:35:38 graph]: best_f1 0.89302 at epoch 77
[2023-03-22 13:35:38] PRINT [03/22 13:35:38 graph]: start epoch 96.
[2023-03-22 13:35:38] PRINT [03/22 13:35:38 graph]: # Epoch 96: train_loss: 0.4203 | lr: 0.000354
[2023-03-22 13:35:47] PRINT [03/22 13:35:47 graph]: --- Testf1: 0.88957, Best Valacc: 0.87055 in epoch 237 --- 
[2023-03-22 13:35:47] PRINT [03/22 13:35:47 graph]: Epoch 96: get test acc score:  0.88957
[2023-03-22 13:35:47] PRINT [03/22 13:35:47 graph]: best_f1 0.89302 at epoch 77
[2023-03-22 13:35:47] PRINT [03/22 13:35:47 graph]: start epoch 97.
[2023-03-22 13:35:47] PRINT [03/22 13:35:47 graph]: # Epoch 97: train_loss: 0.4203 | lr: 0.000354
[2023-03-22 13:35:54] PRINT [03/22 13:35:54 graph]: --- Testf1: 0.88784, Best Valacc: 0.87418 in epoch 443 --- 
[2023-03-22 13:35:54] PRINT [03/22 13:35:54 graph]: Epoch 97: get test acc score:  0.88784
[2023-03-22 13:35:54] PRINT [03/22 13:35:54 graph]: best_f1 0.89302 at epoch 77
[2023-03-22 13:35:54] PRINT [03/22 13:35:54 graph]: start epoch 98.
[2023-03-22 13:35:55] PRINT [03/22 13:35:55 graph]: # Epoch 98: train_loss: 0.4194 | lr: 0.000354
[2023-03-22 13:36:02] PRINT [03/22 13:36:02 graph]: --- Testf1: 0.89047, Best Valacc: 0.87127 in epoch 478 --- 
[2023-03-22 13:36:02] PRINT [03/22 13:36:02 graph]: Epoch 98: get test acc score:  0.89047
[2023-03-22 13:36:02] PRINT [03/22 13:36:02 graph]: best_f1 0.89302 at epoch 77
[2023-03-22 13:36:02] PRINT [03/22 13:36:02 graph]: start epoch 99.
[2023-03-22 13:36:02] PRINT [03/22 13:36:02 graph]: # Epoch 99: train_loss: 0.4188 | lr: 0.000354
[2023-03-22 13:36:10] PRINT [03/22 13:36:10 graph]: --- Testf1: 0.88548, Best Valacc: 0.87200 in epoch 353 --- 
[2023-03-22 13:36:10] PRINT [03/22 13:36:10 graph]: Epoch 99: get test acc score:  0.88548
[2023-03-22 13:36:10] PRINT [03/22 13:36:10 graph]: best_f1 0.89302 at epoch 77
[2023-03-22 13:36:10] PRINT [03/22 13:36:10 graph]: # final_acc: 0.89302±0.00000
