[2023-04-06 15:36:59] PRINT ---new cfg------
[2023-04-06 15:36:59] PRINT {'DATA': {'data_name': 'REDDIT-BINARY', 'deg4feat': False}, 'DATALOADER': {'NUM_WORKERS': 0, 'BATCH_SIZE': 32}, 'MODEL': {'num_hidden': 256, 'num_layers': 2, 'nhead': 4, 'activation': 'prelu', 'attn_drop': 0.2, 'feat_drop': 0.5, 'norm': 'batchnorm', 'pooler': 'mean', 'beta_schedule': 'linear', 'beta_1': 0.0009801988364510814, 'beta_T': 0.0924795563056977, 'T': 426}, 'SOLVER': {'optim_type': 'adamw', 'optim_type_f': 'adamw', 'alpha': 1, 'decay': 30, 'LR': 0.0008009289140859574, 'weight_decay': 0.0005, 'MAX_EPOCH': 50}, 'DEVICE': 'cuda', 'seeds': [11], 'eval_T': [50, 100, 200], 'output_dir': '/ddm-nni/REDDIT-B/log', 'checkpoint_dir': '/ddm-nni/REDDIT-B/log/checkpoint'}
[2023-04-06 15:36:59] PRINT [04/06 15:36:59 graph]: Rank of current process: 0. World size: 1
[2023-04-06 15:37:02] PRINT [04/06 15:37:02 graph]: Environment info:
[2023-04-06 15:37:02] PRINT PyTorch version: 1.10.0+cu113
[2023-04-06 15:37:02] PRINT Is debug build: False
[2023-04-06 15:37:02] PRINT CUDA used to build PyTorch: 11.3
[2023-04-06 15:37:02] PRINT ROCM used to build PyTorch: N/A
[2023-04-06 15:37:02] PRINT 
[2023-04-06 15:37:02] PRINT OS: Ubuntu 20.04.3 LTS (x86_64)
[2023-04-06 15:37:02] PRINT GCC version: (Ubuntu 9.3.0-17ubuntu1~20.04) 9.3.0
[2023-04-06 15:37:02] PRINT Clang version: Could not collect
[2023-04-06 15:37:02] PRINT CMake version: version 3.16.3
[2023-04-06 15:37:02] PRINT Libc version: glibc-2.31
[2023-04-06 15:37:02] PRINT 
[2023-04-06 15:37:02] PRINT Python version: 3.8.10 (default, Jun  4 2021, 15:09:15)  [GCC 7.5.0] (64-bit runtime)
[2023-04-06 15:37:02] PRINT Python platform: Linux-5.4.0-90-generic-x86_64-with-glibc2.17
[2023-04-06 15:37:02] PRINT Is CUDA available: True
[2023-04-06 15:37:02] PRINT CUDA runtime version: 11.3.109
[2023-04-06 15:37:02] PRINT GPU models and configuration: GPU 0: NVIDIA GeForce RTX 3090
[2023-04-06 15:37:02] PRINT Nvidia driver version: 495.44
[2023-04-06 15:37:02] PRINT cuDNN version: Probably one of the following:
[2023-04-06 15:37:02] PRINT /usr/lib/x86_64-linux-gnu/libcudnn.so.8.2.0
[2023-04-06 15:37:02] PRINT /usr/lib/x86_64-linux-gnu/libcudnn_adv_infer.so.8.2.0
[2023-04-06 15:37:02] PRINT /usr/lib/x86_64-linux-gnu/libcudnn_adv_train.so.8.2.0
[2023-04-06 15:37:02] PRINT /usr/lib/x86_64-linux-gnu/libcudnn_cnn_infer.so.8.2.0
[2023-04-06 15:37:02] PRINT /usr/lib/x86_64-linux-gnu/libcudnn_cnn_train.so.8.2.0
[2023-04-06 15:37:02] PRINT /usr/lib/x86_64-linux-gnu/libcudnn_ops_infer.so.8.2.0
[2023-04-06 15:37:02] PRINT /usr/lib/x86_64-linux-gnu/libcudnn_ops_train.so.8.2.0
[2023-04-06 15:37:02] PRINT HIP runtime version: N/A
[2023-04-06 15:37:02] PRINT MIOpen runtime version: N/A
[2023-04-06 15:37:02] PRINT 
[2023-04-06 15:37:02] PRINT Versions of relevant libraries:
[2023-04-06 15:37:02] PRINT [pip3] numpy==1.23.5
[2023-04-06 15:37:02] PRINT [pip3] torch==1.10.0+cu113
[2023-04-06 15:37:02] PRINT [pip3] torchvision==0.11.1+cu113
[2023-04-06 15:37:02] PRINT [conda] blas                      1.0                         mkl    https://mirrors.ustc.edu.cn/anaconda/pkgs/main
[2023-04-06 15:37:02] PRINT [conda] mkl                       2021.4.0           h06a4308_640    https://mirrors.ustc.edu.cn/anaconda/pkgs/main
[2023-04-06 15:37:02] PRINT [conda] mkl-service               2.4.0            py38h7f8727e_0    https://mirrors.ustc.edu.cn/anaconda/pkgs/main
[2023-04-06 15:37:02] PRINT [conda] mkl_fft                   1.3.1            py38hd3c417c_0    https://mirrors.ustc.edu.cn/anaconda/pkgs/main
[2023-04-06 15:37:02] PRINT [conda] mkl_random                1.2.2            py38h51133e4_0    https://mirrors.ustc.edu.cn/anaconda/pkgs/main
[2023-04-06 15:37:02] PRINT [conda] numpy                     1.21.4                   pypi_0    pypi
[2023-04-06 15:37:02] PRINT [conda] numpy-base                1.23.5           py38h31eccc5_0    https://mirrors.ustc.edu.cn/anaconda/pkgs/main
[2023-04-06 15:37:02] PRINT [conda] torch                     1.10.0+cu113             pypi_0    pypi
[2023-04-06 15:37:02] PRINT [conda] torchvision               0.11.1+cu113             pypi_0    pypi
[2023-04-06 15:37:02] PRINT         Pillow (8.4.0)
[2023-04-06 15:37:02] PRINT [04/06 15:37:02 graph]: Command line arguments: Namespace(local_rank=0, resume=False, seed=1234, start_epoch=0)
[2023-04-06 15:37:02] PRINT Using degree as node features
[2023-04-06 15:37:09] PRINT ******** # Num Graphs: 2000, # Num Feat: 401, # Num Classes: 2 ********
[2023-04-06 15:37:09] PRINT [04/06 15:37:09 graph]: Run 0th for seed 11
[2023-04-06 15:37:09] PRINT [04/06 15:37:09 graph]: Total trainable params num : 2088911
[2023-04-06 15:37:13] PRINT [04/06 15:37:13 graph]: ----------Start Training----------
[2023-04-06 15:37:16] PRINT [04/06 15:37:16 graph]: Epoch 0 | train_loss: 0.3857 | lr: 0.000801
[2023-04-06 15:37:18] PRINT [04/06 15:37:18 graph]: Epoch 1 | train_loss: 0.2564 | lr: 0.000801
[2023-04-06 15:37:21] PRINT [04/06 15:37:21 graph]: Epoch 2 | train_loss: 0.2451 | lr: 0.000801
[2023-04-06 15:37:55] PRINT [04/06 15:37:55 graph]: #Test_f1: 0.7270±0.0270
[2023-04-06 15:37:55] PRINT [04/06 15:37:55 graph]: Epoch 2: get test f1 score:  0.727
[2023-04-06 15:37:55] PRINT [04/06 15:37:55 graph]: best_f1 0.727 at epoch 2
[2023-04-06 15:38:00] PRINT [04/06 15:38:00 graph]: Epoch 3 | train_loss: 0.2428 | lr: 0.000801
[2023-04-06 15:38:33] PRINT [04/06 15:38:33 graph]: #Test_f1: 0.7395±0.0320
[2023-04-06 15:38:33] PRINT [04/06 15:38:33 graph]: Epoch 3: get test f1 score:  0.740
[2023-04-06 15:38:33] PRINT [04/06 15:38:33 graph]: best_f1 0.740 at epoch 3
[2023-04-06 15:38:36] PRINT [04/06 15:38:36 graph]: Epoch 4 | train_loss: 0.4736 | lr: 0.000801
[2023-04-06 15:39:11] PRINT [04/06 15:39:11 graph]: #Test_f1: 0.6725±0.0400
[2023-04-06 15:39:11] PRINT [04/06 15:39:11 graph]: Epoch 4: get test f1 score:  0.672
[2023-04-06 15:39:11] PRINT [04/06 15:39:11 graph]: best_f1 0.740 at epoch 3
[2023-04-06 15:39:14] PRINT [04/06 15:39:14 graph]: Epoch 5 | train_loss: 0.4693 | lr: 0.000801
[2023-04-06 15:39:49] PRINT [04/06 15:39:49 graph]: #Test_f1: 0.7050±0.0414
[2023-04-06 15:39:49] PRINT [04/06 15:39:49 graph]: Epoch 5: get test f1 score:  0.705
[2023-04-06 15:39:49] PRINT [04/06 15:39:49 graph]: best_f1 0.740 at epoch 3
[2023-04-06 15:39:52] PRINT [04/06 15:39:52 graph]: Epoch 6 | train_loss: 0.3326 | lr: 0.000801
[2023-04-06 15:40:27] PRINT [04/06 15:40:27 graph]: #Test_f1: 0.6695±0.0414
[2023-04-06 15:40:27] PRINT [04/06 15:40:27 graph]: Epoch 6: get test f1 score:  0.669
[2023-04-06 15:40:27] PRINT [04/06 15:40:27 graph]: best_f1 0.740 at epoch 3
[2023-04-06 15:40:30] PRINT [04/06 15:40:30 graph]: Epoch 7 | train_loss: 0.2854 | lr: 0.000801
[2023-04-06 15:41:05] PRINT [04/06 15:41:05 graph]: #Test_f1: 0.6755±0.0304
[2023-04-06 15:41:06] PRINT [04/06 15:41:06 graph]: Epoch 7: get test f1 score:  0.675
[2023-04-06 15:41:06] PRINT [04/06 15:41:06 graph]: best_f1 0.740 at epoch 3
[2023-04-06 15:41:08] PRINT [04/06 15:41:08 graph]: Epoch 8 | train_loss: 0.2779 | lr: 0.000801
[2023-04-06 15:41:43] PRINT [04/06 15:41:43 graph]: #Test_f1: 0.6865±0.0358
[2023-04-06 15:41:43] PRINT [04/06 15:41:43 graph]: Epoch 8: get test f1 score:  0.686
[2023-04-06 15:41:43] PRINT [04/06 15:41:43 graph]: best_f1 0.740 at epoch 3
[2023-04-06 15:41:46] PRINT [04/06 15:41:46 graph]: Epoch 9 | train_loss: 0.2708 | lr: 0.000801
[2023-04-06 15:42:21] PRINT [04/06 15:42:21 graph]: #Test_f1: 0.6825±0.0335
[2023-04-06 15:42:21] PRINT [04/06 15:42:21 graph]: Epoch 9: get test f1 score:  0.682
[2023-04-06 15:42:21] PRINT [04/06 15:42:21 graph]: best_f1 0.740 at epoch 3
[2023-04-06 15:42:24] PRINT [04/06 15:42:24 graph]: Epoch 10 | train_loss: 0.2668 | lr: 0.000801
[2023-04-06 15:42:59] PRINT [04/06 15:42:59 graph]: #Test_f1: 0.6845±0.0383
[2023-04-06 15:42:59] PRINT [04/06 15:42:59 graph]: Epoch 10: get test f1 score:  0.685
[2023-04-06 15:42:59] PRINT [04/06 15:42:59 graph]: best_f1 0.740 at epoch 3
[2023-04-06 15:43:02] PRINT [04/06 15:43:02 graph]: Epoch 11 | train_loss: 0.2640 | lr: 0.000801
[2023-04-06 15:43:37] PRINT [04/06 15:43:37 graph]: #Test_f1: 0.6710±0.0397
[2023-04-06 15:43:37] PRINT [04/06 15:43:37 graph]: Epoch 11: get test f1 score:  0.671
[2023-04-06 15:43:37] PRINT [04/06 15:43:37 graph]: best_f1 0.740 at epoch 3
[2023-04-06 15:43:39] PRINT [04/06 15:43:39 graph]: Epoch 12 | train_loss: 0.2649 | lr: 0.000801
[2023-04-06 15:44:16] PRINT [04/06 15:44:16 graph]: #Test_f1: 0.6810±0.0426
[2023-04-06 15:44:16] PRINT [04/06 15:44:16 graph]: Epoch 12: get test f1 score:  0.681
[2023-04-06 15:44:16] PRINT [04/06 15:44:16 graph]: best_f1 0.740 at epoch 3
[2023-04-06 15:44:18] PRINT [04/06 15:44:18 graph]: Epoch 13 | train_loss: 0.2646 | lr: 0.000801
[2023-04-06 15:44:54] PRINT [04/06 15:44:54 graph]: #Test_f1: 0.6955±0.0300
[2023-04-06 15:44:54] PRINT [04/06 15:44:54 graph]: Epoch 13: get test f1 score:  0.696
[2023-04-06 15:44:54] PRINT [04/06 15:44:54 graph]: best_f1 0.740 at epoch 3
[2023-04-06 15:44:56] PRINT [04/06 15:44:56 graph]: Epoch 14 | train_loss: 0.2624 | lr: 0.000801
[2023-04-06 15:45:32] PRINT [04/06 15:45:32 graph]: #Test_f1: 0.6965±0.0424
[2023-04-06 15:45:32] PRINT [04/06 15:45:32 graph]: Epoch 14: get test f1 score:  0.697
[2023-04-06 15:45:32] PRINT [04/06 15:45:32 graph]: best_f1 0.740 at epoch 3
[2023-04-06 15:45:35] PRINT [04/06 15:45:35 graph]: Epoch 15 | train_loss: 0.2639 | lr: 0.000801
[2023-04-06 15:46:10] PRINT [04/06 15:46:10 graph]: #Test_f1: 0.6815±0.0375
[2023-04-06 15:46:10] PRINT [04/06 15:46:10 graph]: Epoch 15: get test f1 score:  0.681
[2023-04-06 15:46:10] PRINT [04/06 15:46:10 graph]: best_f1 0.740 at epoch 3
[2023-04-06 15:46:12] PRINT [04/06 15:46:12 graph]: Epoch 16 | train_loss: 0.2619 | lr: 0.000801
[2023-04-06 15:46:48] PRINT [04/06 15:46:48 graph]: #Test_f1: 0.6885±0.0392
[2023-04-06 15:46:48] PRINT [04/06 15:46:48 graph]: Epoch 16: get test f1 score:  0.689
[2023-04-06 15:46:48] PRINT [04/06 15:46:48 graph]: best_f1 0.740 at epoch 3
[2023-04-06 15:46:51] PRINT [04/06 15:46:51 graph]: Epoch 17 | train_loss: 0.2621 | lr: 0.000801
[2023-04-06 15:47:27] PRINT [04/06 15:47:27 graph]: #Test_f1: 0.6825±0.0385
[2023-04-06 15:47:27] PRINT [04/06 15:47:27 graph]: Epoch 17: get test f1 score:  0.682
[2023-04-06 15:47:27] PRINT [04/06 15:47:27 graph]: best_f1 0.740 at epoch 3
[2023-04-06 15:47:29] PRINT [04/06 15:47:29 graph]: Epoch 18 | train_loss: 0.2636 | lr: 0.000801
[2023-04-06 15:48:05] PRINT [04/06 15:48:05 graph]: #Test_f1: 0.6770±0.0283
[2023-04-06 15:48:05] PRINT [04/06 15:48:05 graph]: Epoch 18: get test f1 score:  0.677
[2023-04-06 15:48:05] PRINT [04/06 15:48:05 graph]: best_f1 0.740 at epoch 3
[2023-04-06 15:48:07] PRINT [04/06 15:48:07 graph]: Epoch 19 | train_loss: 0.2731 | lr: 0.000801
[2023-04-06 15:48:42] PRINT [04/06 15:48:42 graph]: #Test_f1: 0.6690±0.0319
[2023-04-06 15:48:42] PRINT [04/06 15:48:42 graph]: Epoch 19: get test f1 score:  0.669
[2023-04-06 15:48:42] PRINT [04/06 15:48:42 graph]: best_f1 0.740 at epoch 3
[2023-04-06 15:48:45] PRINT [04/06 15:48:45 graph]: Epoch 20 | train_loss: 0.2738 | lr: 0.000801
[2023-04-06 15:49:20] PRINT [04/06 15:49:20 graph]: #Test_f1: 0.6625±0.0268
[2023-04-06 15:49:21] PRINT [04/06 15:49:21 graph]: Epoch 20: get test f1 score:  0.662
[2023-04-06 15:49:21] PRINT [04/06 15:49:21 graph]: best_f1 0.740 at epoch 3
[2023-04-06 15:49:23] PRINT [04/06 15:49:23 graph]: Epoch 21 | train_loss: 0.2951 | lr: 0.000801
[2023-04-06 15:49:58] PRINT [04/06 15:49:58 graph]: #Test_f1: 0.6790±0.0282
[2023-04-06 15:49:59] PRINT [04/06 15:49:59 graph]: Epoch 21: get test f1 score:  0.679
[2023-04-06 15:49:59] PRINT [04/06 15:49:59 graph]: best_f1 0.740 at epoch 3
[2023-04-06 15:50:01] PRINT [04/06 15:50:01 graph]: Epoch 22 | train_loss: 0.2768 | lr: 0.000801
[2023-04-06 15:50:37] PRINT [04/06 15:50:37 graph]: #Test_f1: 0.6650±0.0350
[2023-04-06 15:50:37] PRINT [04/06 15:50:37 graph]: Epoch 22: get test f1 score:  0.665
[2023-04-06 15:50:37] PRINT [04/06 15:50:37 graph]: best_f1 0.740 at epoch 3
[2023-04-06 15:50:40] PRINT [04/06 15:50:40 graph]: Epoch 23 | train_loss: 0.2715 | lr: 0.000801
[2023-04-06 15:51:14] PRINT [04/06 15:51:14 graph]: #Test_f1: 0.6850±0.0302
[2023-04-06 15:51:15] PRINT [04/06 15:51:15 graph]: Epoch 23: get test f1 score:  0.685
[2023-04-06 15:51:15] PRINT [04/06 15:51:15 graph]: best_f1 0.740 at epoch 3
[2023-04-06 15:51:17] PRINT [04/06 15:51:17 graph]: Epoch 24 | train_loss: 0.2642 | lr: 0.000801
[2023-04-06 15:51:52] PRINT [04/06 15:51:52 graph]: #Test_f1: 0.6775±0.0340
[2023-04-06 15:51:52] PRINT [04/06 15:51:52 graph]: Epoch 24: get test f1 score:  0.677
[2023-04-06 15:51:52] PRINT [04/06 15:51:52 graph]: best_f1 0.740 at epoch 3
[2023-04-06 15:51:55] PRINT [04/06 15:51:55 graph]: Epoch 25 | train_loss: 0.2648 | lr: 0.000801
[2023-04-06 15:52:30] PRINT [04/06 15:52:30 graph]: #Test_f1: 0.6840±0.0371
[2023-04-06 15:52:30] PRINT [04/06 15:52:30 graph]: Epoch 25: get test f1 score:  0.684
[2023-04-06 15:52:30] PRINT [04/06 15:52:30 graph]: best_f1 0.740 at epoch 3
[2023-04-06 15:52:33] PRINT [04/06 15:52:33 graph]: Epoch 26 | train_loss: 0.2636 | lr: 0.000801
[2023-04-06 15:53:07] PRINT [04/06 15:53:07 graph]: #Test_f1: 0.6810±0.0403
[2023-04-06 15:53:08] PRINT [04/06 15:53:08 graph]: Epoch 26: get test f1 score:  0.681
[2023-04-06 15:53:08] PRINT [04/06 15:53:08 graph]: best_f1 0.740 at epoch 3
[2023-04-06 15:53:10] PRINT [04/06 15:53:10 graph]: Epoch 27 | train_loss: 0.2764 | lr: 0.000801
[2023-04-06 15:53:45] PRINT [04/06 15:53:45 graph]: #Test_f1: 0.6775±0.0354
[2023-04-06 15:53:46] PRINT [04/06 15:53:46 graph]: Epoch 27: get test f1 score:  0.677
[2023-04-06 15:53:46] PRINT [04/06 15:53:46 graph]: best_f1 0.740 at epoch 3
[2023-04-06 15:53:48] PRINT [04/06 15:53:48 graph]: Epoch 28 | train_loss: 0.2735 | lr: 0.000801
[2023-04-06 15:54:23] PRINT [04/06 15:54:23 graph]: #Test_f1: 0.6900±0.0381
[2023-04-06 15:54:23] PRINT [04/06 15:54:23 graph]: Epoch 28: get test f1 score:  0.690
[2023-04-06 15:54:23] PRINT [04/06 15:54:23 graph]: best_f1 0.740 at epoch 3
[2023-04-06 15:54:25] PRINT [04/06 15:54:25 graph]: Epoch 29 | train_loss: 0.2670 | lr: 0.000801
[2023-04-06 15:55:00] PRINT [04/06 15:55:00 graph]: #Test_f1: 0.6805±0.0342
[2023-04-06 15:55:01] PRINT [04/06 15:55:01 graph]: Epoch 29: get test f1 score:  0.680
[2023-04-06 15:55:01] PRINT [04/06 15:55:01 graph]: best_f1 0.740 at epoch 3
[2023-04-06 15:55:03] PRINT [04/06 15:55:03 graph]: Epoch 30 | train_loss: 0.2680 | lr: 0.000801
[2023-04-06 15:55:38] PRINT [04/06 15:55:38 graph]: #Test_f1: 0.6765±0.0338
[2023-04-06 15:55:38] PRINT [04/06 15:55:38 graph]: Epoch 30: get test f1 score:  0.676
[2023-04-06 15:55:38] PRINT [04/06 15:55:38 graph]: best_f1 0.740 at epoch 3
[2023-04-06 15:55:41] PRINT [04/06 15:55:41 graph]: Epoch 31 | train_loss: 0.2670 | lr: 0.000801
[2023-04-06 15:56:14] PRINT [04/06 15:56:14 graph]: #Test_f1: 0.6775±0.0283
[2023-04-06 15:56:15] PRINT [04/06 15:56:15 graph]: Epoch 31: get test f1 score:  0.677
[2023-04-06 15:56:15] PRINT [04/06 15:56:15 graph]: best_f1 0.740 at epoch 3
[2023-04-06 15:56:17] PRINT [04/06 15:56:17 graph]: Epoch 32 | train_loss: 0.2666 | lr: 0.000801
[2023-04-06 15:56:52] PRINT [04/06 15:56:52 graph]: #Test_f1: 0.6860±0.0324
[2023-04-06 15:56:52] PRINT [04/06 15:56:52 graph]: Epoch 32: get test f1 score:  0.686
[2023-04-06 15:56:52] PRINT [04/06 15:56:52 graph]: best_f1 0.740 at epoch 3
[2023-04-06 15:56:54] PRINT [04/06 15:56:54 graph]: Epoch 33 | train_loss: 0.2703 | lr: 0.000801
[2023-04-06 15:57:29] PRINT [04/06 15:57:29 graph]: #Test_f1: 0.6545±0.0382
[2023-04-06 15:57:29] PRINT [04/06 15:57:29 graph]: Epoch 33: get test f1 score:  0.654
[2023-04-06 15:57:29] PRINT [04/06 15:57:29 graph]: best_f1 0.740 at epoch 3
[2023-04-06 15:57:32] PRINT [04/06 15:57:32 graph]: Epoch 34 | train_loss: 0.2665 | lr: 0.000801
[2023-04-06 15:58:06] PRINT [04/06 15:58:06 graph]: #Test_f1: 0.6705±0.0366
[2023-04-06 15:58:06] PRINT [04/06 15:58:06 graph]: Epoch 34: get test f1 score:  0.670
[2023-04-06 15:58:06] PRINT [04/06 15:58:06 graph]: best_f1 0.740 at epoch 3
[2023-04-06 15:58:09] PRINT [04/06 15:58:09 graph]: Epoch 35 | train_loss: 0.2640 | lr: 0.000801
[2023-04-06 15:58:43] PRINT [04/06 15:58:43 graph]: #Test_f1: 0.6725±0.0318
[2023-04-06 15:58:43] PRINT [04/06 15:58:43 graph]: Epoch 35: get test f1 score:  0.672
[2023-04-06 15:58:43] PRINT [04/06 15:58:43 graph]: best_f1 0.740 at epoch 3
[2023-04-06 15:58:46] PRINT [04/06 15:58:46 graph]: Epoch 36 | train_loss: 0.2628 | lr: 0.000801
[2023-04-06 15:59:20] PRINT [04/06 15:59:20 graph]: #Test_f1: 0.6700±0.0341
[2023-04-06 15:59:20] PRINT [04/06 15:59:20 graph]: Epoch 36: get test f1 score:  0.670
[2023-04-06 15:59:20] PRINT [04/06 15:59:20 graph]: best_f1 0.740 at epoch 3
[2023-04-06 15:59:23] PRINT [04/06 15:59:23 graph]: Epoch 37 | train_loss: 0.2633 | lr: 0.000801
[2023-04-06 15:59:57] PRINT [04/06 15:59:57 graph]: #Test_f1: 0.6710±0.0413
[2023-04-06 15:59:58] PRINT [04/06 15:59:58 graph]: Epoch 37: get test f1 score:  0.671
[2023-04-06 15:59:58] PRINT [04/06 15:59:58 graph]: best_f1 0.740 at epoch 3
[2023-04-06 16:00:00] PRINT [04/06 16:00:00 graph]: Epoch 38 | train_loss: 0.2637 | lr: 0.000801
[2023-04-06 16:00:36] PRINT [04/06 16:00:36 graph]: #Test_f1: 0.6745±0.0386
[2023-04-06 16:00:36] PRINT [04/06 16:00:36 graph]: Epoch 38: get test f1 score:  0.674
[2023-04-06 16:00:36] PRINT [04/06 16:00:36 graph]: best_f1 0.740 at epoch 3
[2023-04-06 16:00:39] PRINT [04/06 16:00:39 graph]: Epoch 39 | train_loss: 0.2629 | lr: 0.000801
[2023-04-06 16:01:15] PRINT [04/06 16:01:15 graph]: #Test_f1: 0.6690±0.0377
[2023-04-06 16:01:15] PRINT [04/06 16:01:15 graph]: Epoch 39: get test f1 score:  0.669
[2023-04-06 16:01:15] PRINT [04/06 16:01:15 graph]: best_f1 0.740 at epoch 3
[2023-04-06 16:01:18] PRINT [04/06 16:01:18 graph]: Epoch 40 | train_loss: 0.2647 | lr: 0.000801
[2023-04-06 16:01:53] PRINT [04/06 16:01:53 graph]: #Test_f1: 0.6620±0.0372
[2023-04-06 16:01:53] PRINT [04/06 16:01:53 graph]: Epoch 40: get test f1 score:  0.662
[2023-04-06 16:01:53] PRINT [04/06 16:01:53 graph]: best_f1 0.740 at epoch 3
[2023-04-06 16:01:56] PRINT [04/06 16:01:56 graph]: Epoch 41 | train_loss: 0.2637 | lr: 0.000801
[2023-04-06 16:02:30] PRINT [04/06 16:02:30 graph]: #Test_f1: 0.6925±0.0359
[2023-04-06 16:02:31] PRINT [04/06 16:02:31 graph]: Epoch 41: get test f1 score:  0.692
[2023-04-06 16:02:31] PRINT [04/06 16:02:31 graph]: best_f1 0.740 at epoch 3
[2023-04-06 16:02:33] PRINT [04/06 16:02:33 graph]: Epoch 42 | train_loss: 0.2645 | lr: 0.000801
[2023-04-06 16:03:08] PRINT [04/06 16:03:08 graph]: #Test_f1: 0.6870±0.0415
[2023-04-06 16:03:08] PRINT [04/06 16:03:08 graph]: Epoch 42: get test f1 score:  0.687
[2023-04-06 16:03:08] PRINT [04/06 16:03:08 graph]: best_f1 0.740 at epoch 3
[2023-04-06 16:03:11] PRINT [04/06 16:03:11 graph]: Epoch 43 | train_loss: 0.2632 | lr: 0.000801
[2023-04-06 16:03:46] PRINT [04/06 16:03:46 graph]: #Test_f1: 0.6860±0.0426
[2023-04-06 16:03:46] PRINT [04/06 16:03:46 graph]: Epoch 43: get test f1 score:  0.686
[2023-04-06 16:03:46] PRINT [04/06 16:03:46 graph]: best_f1 0.740 at epoch 3
[2023-04-06 16:03:49] PRINT [04/06 16:03:49 graph]: Epoch 44 | train_loss: 0.2610 | lr: 0.000801
[2023-04-06 16:04:24] PRINT [04/06 16:04:24 graph]: #Test_f1: 0.6780±0.0382
[2023-04-06 16:04:24] PRINT [04/06 16:04:24 graph]: Epoch 44: get test f1 score:  0.678
[2023-04-06 16:04:24] PRINT [04/06 16:04:24 graph]: best_f1 0.740 at epoch 3
[2023-04-06 16:04:27] PRINT [04/06 16:04:27 graph]: Epoch 45 | train_loss: 0.2612 | lr: 0.000801
[2023-04-06 16:05:02] PRINT [04/06 16:05:02 graph]: #Test_f1: 0.6780±0.0310
[2023-04-06 16:05:02] PRINT [04/06 16:05:02 graph]: Epoch 45: get test f1 score:  0.678
[2023-04-06 16:05:02] PRINT [04/06 16:05:02 graph]: best_f1 0.740 at epoch 3
[2023-04-06 16:05:04] PRINT [04/06 16:05:04 graph]: Epoch 46 | train_loss: 0.2664 | lr: 0.000801
[2023-04-06 16:05:40] PRINT [04/06 16:05:40 graph]: #Test_f1: 0.6820±0.0367
[2023-04-06 16:05:40] PRINT [04/06 16:05:40 graph]: Epoch 46: get test f1 score:  0.682
[2023-04-06 16:05:40] PRINT [04/06 16:05:40 graph]: best_f1 0.740 at epoch 3
[2023-04-06 16:05:43] PRINT [04/06 16:05:43 graph]: Epoch 47 | train_loss: 0.2824 | lr: 0.000801
[2023-04-06 16:06:19] PRINT [04/06 16:06:19 graph]: #Test_f1: 0.6805±0.0389
[2023-04-06 16:06:19] PRINT [04/06 16:06:19 graph]: Epoch 47: get test f1 score:  0.681
[2023-04-06 16:06:19] PRINT [04/06 16:06:19 graph]: best_f1 0.740 at epoch 3
[2023-04-06 16:06:22] PRINT [04/06 16:06:22 graph]: Epoch 48 | train_loss: 0.2717 | lr: 0.000801
[2023-04-06 16:06:57] PRINT [04/06 16:06:57 graph]: #Test_f1: 0.6555±0.0375
[2023-04-06 16:06:58] PRINT [04/06 16:06:58 graph]: Epoch 48: get test f1 score:  0.655
[2023-04-06 16:06:58] PRINT [04/06 16:06:58 graph]: best_f1 0.740 at epoch 3
[2023-04-06 16:07:00] PRINT [04/06 16:07:00 graph]: Epoch 49 | train_loss: 0.2671 | lr: 0.000801
[2023-04-06 16:07:35] PRINT [04/06 16:07:35 graph]: #Test_f1: 0.6645±0.0411
[2023-04-06 16:07:35] PRINT [04/06 16:07:35 graph]: Epoch 49: get test f1 score:  0.665
[2023-04-06 16:07:35] PRINT [04/06 16:07:35 graph]: best_f1 0.740 at epoch 3
[2023-04-06 16:07:36] PRINT [04/06 16:07:36 graph]: # final_acc: 0.7395±0.0000
