[2023-03-06 11:46:33] PRINT ---new cfg------
[2023-03-06 11:46:33] PRINT {'DATA': {'data_name': 'MUTAG', 'deg4feat': True}, 'DATALOADER': {'NUM_WORKERS': 0, 'BATCH_SIZE': 32}, 'MODEL': {'num_hidden': 512, 'num_layers': 2, 'nhead': 4, 'activation': 'prelu', 'attn_drop': 0.2, 'feat_drop': 0.30000000000000004, 'norm': 'layernorm', 'pooler': 'mean', 'beta_schedule': 'linear', 'beta_1': 0.0001600226557020654, 'beta_T': 0.05697127119156544, 'T': 924}, 'SOLVER': {'optim_type': 'adamw', 'optim_type_f': 'adamw', 'alpha': 1, 'decay': 30, 'LR': 0.00029009291387884823, 'weight_decay': 0.0005, 'MAX_EPOCH': 50}, 'DEVICE': 'cuda', 'seeds': [11], 'eval_T': [50, 100, 200], 'output_dir': '/ddm-nni/MUTAG/log', 'checkpoint_dir': '/ddm-nni/MUTAG/log/checkpoint'}
[2023-03-06 11:46:33] PRINT [03/06 11:46:33 graph]: Rank of current process: 0. World size: 1
[2023-03-06 11:46:37] PRINT [03/06 11:46:37 graph]: Environment info:
[2023-03-06 11:46:37] PRINT PyTorch version: 1.10.0+cu113
[2023-03-06 11:46:37] PRINT Is debug build: False
[2023-03-06 11:46:37] PRINT CUDA used to build PyTorch: 11.3
[2023-03-06 11:46:37] PRINT ROCM used to build PyTorch: N/A
[2023-03-06 11:46:37] PRINT 
[2023-03-06 11:46:37] PRINT OS: Ubuntu 20.04.3 LTS (x86_64)
[2023-03-06 11:46:37] PRINT GCC version: (Ubuntu 9.3.0-17ubuntu1~20.04) 9.3.0
[2023-03-06 11:46:37] PRINT Clang version: Could not collect
[2023-03-06 11:46:37] PRINT CMake version: version 3.16.3
[2023-03-06 11:46:37] PRINT Libc version: glibc-2.31
[2023-03-06 11:46:37] PRINT 
[2023-03-06 11:46:37] PRINT Python version: 3.8.10 (default, Jun  4 2021, 15:09:15)  [GCC 7.5.0] (64-bit runtime)
[2023-03-06 11:46:37] PRINT Python platform: Linux-5.4.0-90-generic-x86_64-with-glibc2.17
[2023-03-06 11:46:37] PRINT Is CUDA available: True
[2023-03-06 11:46:37] PRINT CUDA runtime version: 11.3.109
[2023-03-06 11:46:37] PRINT GPU models and configuration: GPU 0: NVIDIA GeForce RTX 3090
[2023-03-06 11:46:37] PRINT Nvidia driver version: 495.44
[2023-03-06 11:46:37] PRINT cuDNN version: Probably one of the following:
[2023-03-06 11:46:37] PRINT /usr/lib/x86_64-linux-gnu/libcudnn.so.8.2.0
[2023-03-06 11:46:37] PRINT /usr/lib/x86_64-linux-gnu/libcudnn_adv_infer.so.8.2.0
[2023-03-06 11:46:37] PRINT /usr/lib/x86_64-linux-gnu/libcudnn_adv_train.so.8.2.0
[2023-03-06 11:46:37] PRINT /usr/lib/x86_64-linux-gnu/libcudnn_cnn_infer.so.8.2.0
[2023-03-06 11:46:37] PRINT /usr/lib/x86_64-linux-gnu/libcudnn_cnn_train.so.8.2.0
[2023-03-06 11:46:37] PRINT /usr/lib/x86_64-linux-gnu/libcudnn_ops_infer.so.8.2.0
[2023-03-06 11:46:37] PRINT /usr/lib/x86_64-linux-gnu/libcudnn_ops_train.so.8.2.0
[2023-03-06 11:46:37] PRINT HIP runtime version: N/A
[2023-03-06 11:46:37] PRINT MIOpen runtime version: N/A
[2023-03-06 11:46:37] PRINT 
[2023-03-06 11:46:37] PRINT Versions of relevant libraries:
[2023-03-06 11:46:37] PRINT [pip3] numpy==1.23.5
[2023-03-06 11:46:37] PRINT [pip3] torch==1.10.0+cu113
[2023-03-06 11:46:37] PRINT [pip3] torchvision==0.11.1+cu113
[2023-03-06 11:46:37] PRINT [conda] blas                      1.0                         mkl    https://mirrors.ustc.edu.cn/anaconda/pkgs/main
[2023-03-06 11:46:37] PRINT [conda] mkl                       2021.4.0           h06a4308_640    https://mirrors.ustc.edu.cn/anaconda/pkgs/main
[2023-03-06 11:46:37] PRINT [conda] mkl-service               2.4.0            py38h7f8727e_0    https://mirrors.ustc.edu.cn/anaconda/pkgs/main
[2023-03-06 11:46:37] PRINT [conda] mkl_fft                   1.3.1            py38hd3c417c_0    https://mirrors.ustc.edu.cn/anaconda/pkgs/main
[2023-03-06 11:46:37] PRINT [conda] mkl_random                1.2.2            py38h51133e4_0    https://mirrors.ustc.edu.cn/anaconda/pkgs/main
[2023-03-06 11:46:37] PRINT [conda] numpy                     1.21.4                   pypi_0    pypi
[2023-03-06 11:46:37] PRINT [conda] numpy-base                1.23.5           py38h31eccc5_0    https://mirrors.ustc.edu.cn/anaconda/pkgs/main
[2023-03-06 11:46:37] PRINT [conda] torch                     1.10.0+cu113             pypi_0    pypi
[2023-03-06 11:46:37] PRINT [conda] torchvision               0.11.1+cu113             pypi_0    pypi
[2023-03-06 11:46:37] PRINT         Pillow (8.4.0)
[2023-03-06 11:46:37] PRINT [03/06 11:46:37 graph]: Command line arguments: Namespace(local_rank=0, resume=False, seed=1234, start_epoch=0)
[2023-03-06 11:46:37] PRINT Using degree as node features
[2023-03-06 11:46:37] PRINT ******** # Num Graphs: 188, # Num Feat: 5, # Num Classes: 2 ********
[2023-03-06 11:46:37] PRINT [03/06 11:46:37 graph]: Run 0th for seed 11
[2023-03-06 11:46:37] PRINT [03/06 11:46:37 graph]: Total trainable params num : 5214319
[2023-03-06 11:46:41] PRINT [03/06 11:46:41 graph]: ----------Start Training----------
[2023-03-06 11:46:42] PRINT [03/06 11:46:42 graph]: Epoch 0 | train_loss: 0.7483 | lr: 0.000290
[2023-03-06 11:46:42] PRINT [03/06 11:46:42 graph]: Epoch 1 | train_loss: 0.4876 | lr: 0.000290
[2023-03-06 11:46:42] PRINT [03/06 11:46:42 graph]: Epoch 2 | train_loss: 0.4173 | lr: 0.000290
[2023-03-06 11:46:45] PRINT [03/06 11:46:45 graph]: #Test_f1: 0.8620±0.0714
[2023-03-06 11:46:45] PRINT [03/06 11:46:45 graph]: Epoch 2: get test f1 score:  0.862
[2023-03-06 11:46:45] PRINT [03/06 11:46:45 graph]: best_f1 0.862 at epoch 2
[2023-03-06 11:46:46] PRINT [03/06 11:46:46 graph]: Epoch 3 | train_loss: 0.3732 | lr: 0.000290
[2023-03-06 11:46:49] PRINT [03/06 11:46:49 graph]: #Test_f1: 0.8298±0.0617
[2023-03-06 11:46:49] PRINT [03/06 11:46:49 graph]: Epoch 3: get test f1 score:  0.830
[2023-03-06 11:46:49] PRINT [03/06 11:46:49 graph]: best_f1 0.862 at epoch 2
[2023-03-06 11:46:49] PRINT [03/06 11:46:49 graph]: Epoch 4 | train_loss: 0.3620 | lr: 0.000290
[2023-03-06 11:46:52] PRINT [03/06 11:46:52 graph]: #Test_f1: 0.8515±0.0696
[2023-03-06 11:46:53] PRINT [03/06 11:46:53 graph]: Epoch 4: get test f1 score:  0.851
[2023-03-06 11:46:53] PRINT [03/06 11:46:53 graph]: best_f1 0.862 at epoch 2
[2023-03-06 11:46:53] PRINT [03/06 11:46:53 graph]: Epoch 5 | train_loss: 0.3358 | lr: 0.000290
[2023-03-06 11:46:56] PRINT [03/06 11:46:56 graph]: #Test_f1: 0.8561±0.0755
[2023-03-06 11:46:56] PRINT [03/06 11:46:56 graph]: Epoch 5: get test f1 score:  0.856
[2023-03-06 11:46:56] PRINT [03/06 11:46:56 graph]: best_f1 0.862 at epoch 2
[2023-03-06 11:46:56] PRINT [03/06 11:46:56 graph]: Epoch 6 | train_loss: 0.3165 | lr: 0.000290
[2023-03-06 11:46:59] PRINT [03/06 11:46:59 graph]: #Test_f1: 0.8667±0.0597
[2023-03-06 11:47:00] PRINT [03/06 11:47:00 graph]: Epoch 6: get test f1 score:  0.867
[2023-03-06 11:47:00] PRINT [03/06 11:47:00 graph]: best_f1 0.867 at epoch 6
[2023-03-06 11:47:00] PRINT [03/06 11:47:00 graph]: Epoch 7 | train_loss: 0.3048 | lr: 0.000290
[2023-03-06 11:47:03] PRINT [03/06 11:47:03 graph]: #Test_f1: 0.8620±0.0799
[2023-03-06 11:47:03] PRINT [03/06 11:47:03 graph]: Epoch 7: get test f1 score:  0.862
[2023-03-06 11:47:03] PRINT [03/06 11:47:03 graph]: best_f1 0.867 at epoch 6
[2023-03-06 11:47:04] PRINT [03/06 11:47:04 graph]: Epoch 8 | train_loss: 0.2887 | lr: 0.000290
[2023-03-06 11:47:07] PRINT [03/06 11:47:07 graph]: #Test_f1: 0.8398±0.0605
[2023-03-06 11:47:07] PRINT [03/06 11:47:07 graph]: Epoch 8: get test f1 score:  0.840
[2023-03-06 11:47:07] PRINT [03/06 11:47:07 graph]: best_f1 0.867 at epoch 6
[2023-03-06 11:47:07] PRINT [03/06 11:47:07 graph]: Epoch 9 | train_loss: 0.2835 | lr: 0.000290
[2023-03-06 11:47:10] PRINT [03/06 11:47:10 graph]: #Test_f1: 0.8567±0.0409
[2023-03-06 11:47:10] PRINT [03/06 11:47:10 graph]: Epoch 9: get test f1 score:  0.857
[2023-03-06 11:47:10] PRINT [03/06 11:47:10 graph]: best_f1 0.867 at epoch 6
[2023-03-06 11:47:11] PRINT [03/06 11:47:11 graph]: Epoch 10 | train_loss: 0.2784 | lr: 0.000290
[2023-03-06 11:47:14] PRINT [03/06 11:47:14 graph]: #Test_f1: 0.8614±0.0545
[2023-03-06 11:47:14] PRINT [03/06 11:47:14 graph]: Epoch 10: get test f1 score:  0.861
[2023-03-06 11:47:14] PRINT [03/06 11:47:14 graph]: best_f1 0.867 at epoch 6
[2023-03-06 11:47:14] PRINT [03/06 11:47:14 graph]: Epoch 11 | train_loss: 0.2667 | lr: 0.000290
[2023-03-06 11:47:17] PRINT [03/06 11:47:17 graph]: #Test_f1: 0.8512±0.0565
[2023-03-06 11:47:18] PRINT [03/06 11:47:18 graph]: Epoch 11: get test f1 score:  0.851
[2023-03-06 11:47:18] PRINT [03/06 11:47:18 graph]: best_f1 0.867 at epoch 6
[2023-03-06 11:47:18] PRINT [03/06 11:47:18 graph]: Epoch 12 | train_loss: 0.2598 | lr: 0.000290
[2023-03-06 11:47:21] PRINT [03/06 11:47:21 graph]: #Test_f1: 0.8675±0.0628
[2023-03-06 11:47:21] PRINT [03/06 11:47:21 graph]: Epoch 12: get test f1 score:  0.868
[2023-03-06 11:47:21] PRINT [03/06 11:47:21 graph]: best_f1 0.868 at epoch 12
[2023-03-06 11:47:22] PRINT [03/06 11:47:22 graph]: Epoch 13 | train_loss: 0.2627 | lr: 0.000290
[2023-03-06 11:47:24] PRINT [03/06 11:47:24 graph]: #Test_f1: 0.8673±0.0629
[2023-03-06 11:47:25] PRINT [03/06 11:47:25 graph]: Epoch 13: get test f1 score:  0.867
[2023-03-06 11:47:25] PRINT [03/06 11:47:25 graph]: best_f1 0.868 at epoch 12
[2023-03-06 11:47:25] PRINT [03/06 11:47:25 graph]: Epoch 14 | train_loss: 0.2598 | lr: 0.000290
[2023-03-06 11:47:28] PRINT [03/06 11:47:28 graph]: #Test_f1: 0.8509±0.0571
[2023-03-06 11:47:28] PRINT [03/06 11:47:28 graph]: Epoch 14: get test f1 score:  0.851
[2023-03-06 11:47:28] PRINT [03/06 11:47:28 graph]: best_f1 0.868 at epoch 12
[2023-03-06 11:47:29] PRINT [03/06 11:47:29 graph]: Epoch 15 | train_loss: 0.2498 | lr: 0.000290
[2023-03-06 11:47:31] PRINT [03/06 11:47:31 graph]: #Test_f1: 0.8728±0.0581
[2023-03-06 11:47:32] PRINT [03/06 11:47:32 graph]: Epoch 15: get test f1 score:  0.873
[2023-03-06 11:47:32] PRINT [03/06 11:47:32 graph]: best_f1 0.873 at epoch 15
[2023-03-06 11:47:32] PRINT [03/06 11:47:32 graph]: Epoch 16 | train_loss: 0.2369 | lr: 0.000290
[2023-03-06 11:47:35] PRINT [03/06 11:47:35 graph]: #Test_f1: 0.8623±0.0579
[2023-03-06 11:47:35] PRINT [03/06 11:47:35 graph]: Epoch 16: get test f1 score:  0.862
[2023-03-06 11:47:35] PRINT [03/06 11:47:35 graph]: best_f1 0.873 at epoch 15
[2023-03-06 11:47:36] PRINT [03/06 11:47:36 graph]: Epoch 17 | train_loss: 0.2326 | lr: 0.000290
[2023-03-06 11:47:38] PRINT [03/06 11:47:38 graph]: #Test_f1: 0.8673±0.0677
[2023-03-06 11:47:39] PRINT [03/06 11:47:39 graph]: Epoch 17: get test f1 score:  0.867
[2023-03-06 11:47:39] PRINT [03/06 11:47:39 graph]: best_f1 0.873 at epoch 15
[2023-03-06 11:47:39] PRINT [03/06 11:47:39 graph]: Epoch 18 | train_loss: 0.2242 | lr: 0.000290
[2023-03-06 11:47:42] PRINT [03/06 11:47:42 graph]: #Test_f1: 0.8775±0.0534
[2023-03-06 11:47:42] PRINT [03/06 11:47:42 graph]: Epoch 18: get test f1 score:  0.877
[2023-03-06 11:47:42] PRINT [03/06 11:47:42 graph]: best_f1 0.877 at epoch 18
[2023-03-06 11:47:43] PRINT [03/06 11:47:43 graph]: Epoch 19 | train_loss: 0.2104 | lr: 0.000290
[2023-03-06 11:47:45] PRINT [03/06 11:47:45 graph]: #Test_f1: 0.8673±0.0677
[2023-03-06 11:47:46] PRINT [03/06 11:47:46 graph]: Epoch 19: get test f1 score:  0.867
[2023-03-06 11:47:46] PRINT [03/06 11:47:46 graph]: best_f1 0.877 at epoch 18
[2023-03-06 11:47:46] PRINT [03/06 11:47:46 graph]: Epoch 20 | train_loss: 0.2134 | lr: 0.000290
[2023-03-06 11:47:49] PRINT [03/06 11:47:49 graph]: #Test_f1: 0.8459±0.0681
[2023-03-06 11:47:50] PRINT [03/06 11:47:50 graph]: Epoch 20: get test f1 score:  0.846
[2023-03-06 11:47:50] PRINT [03/06 11:47:50 graph]: best_f1 0.877 at epoch 18
[2023-03-06 11:47:50] PRINT [03/06 11:47:50 graph]: Epoch 21 | train_loss: 0.2049 | lr: 0.000290
[2023-03-06 11:47:53] PRINT [03/06 11:47:53 graph]: #Test_f1: 0.8567±0.0521
[2023-03-06 11:47:53] PRINT [03/06 11:47:53 graph]: Epoch 21: get test f1 score:  0.857
[2023-03-06 11:47:53] PRINT [03/06 11:47:53 graph]: best_f1 0.877 at epoch 18
[2023-03-06 11:47:53] PRINT [03/06 11:47:53 graph]: Epoch 22 | train_loss: 0.2137 | lr: 0.000290
[2023-03-06 11:47:56] PRINT [03/06 11:47:56 graph]: #Test_f1: 0.8781±0.0621
[2023-03-06 11:47:57] PRINT [03/06 11:47:57 graph]: Epoch 22: get test f1 score:  0.878
[2023-03-06 11:47:57] PRINT [03/06 11:47:57 graph]: best_f1 0.878 at epoch 22
[2023-03-06 11:47:57] PRINT [03/06 11:47:57 graph]: Epoch 23 | train_loss: 0.1972 | lr: 0.000290
[2023-03-06 11:48:00] PRINT [03/06 11:48:00 graph]: #Test_f1: 0.8623±0.0677
[2023-03-06 11:48:00] PRINT [03/06 11:48:00 graph]: Epoch 23: get test f1 score:  0.862
[2023-03-06 11:48:00] PRINT [03/06 11:48:00 graph]: best_f1 0.878 at epoch 22
[2023-03-06 11:48:01] PRINT [03/06 11:48:01 graph]: Epoch 24 | train_loss: 0.2055 | lr: 0.000290
[2023-03-06 11:48:04] PRINT [03/06 11:48:04 graph]: #Test_f1: 0.8512±0.0565
[2023-03-06 11:48:04] PRINT [03/06 11:48:04 graph]: Epoch 24: get test f1 score:  0.851
[2023-03-06 11:48:04] PRINT [03/06 11:48:04 graph]: best_f1 0.878 at epoch 22
[2023-03-06 11:48:04] PRINT [03/06 11:48:04 graph]: Epoch 25 | train_loss: 0.2052 | lr: 0.000290
[2023-03-06 11:48:07] PRINT [03/06 11:48:07 graph]: #Test_f1: 0.8459±0.0546
[2023-03-06 11:48:07] PRINT [03/06 11:48:07 graph]: Epoch 25: get test f1 score:  0.846
[2023-03-06 11:48:07] PRINT [03/06 11:48:07 graph]: best_f1 0.878 at epoch 22
[2023-03-06 11:48:08] PRINT [03/06 11:48:08 graph]: Epoch 26 | train_loss: 0.1965 | lr: 0.000290
[2023-03-06 11:48:11] PRINT [03/06 11:48:11 graph]: #Test_f1: 0.8830±0.0701
[2023-03-06 11:48:11] PRINT [03/06 11:48:11 graph]: Epoch 26: get test f1 score:  0.883
[2023-03-06 11:48:11] PRINT [03/06 11:48:11 graph]: best_f1 0.883 at epoch 26
[2023-03-06 11:48:11] PRINT [03/06 11:48:11 graph]: Epoch 27 | train_loss: 0.1933 | lr: 0.000290
[2023-03-06 11:48:14] PRINT [03/06 11:48:14 graph]: #Test_f1: 0.8670±0.0427
[2023-03-06 11:48:15] PRINT [03/06 11:48:15 graph]: Epoch 27: get test f1 score:  0.867
[2023-03-06 11:48:15] PRINT [03/06 11:48:15 graph]: best_f1 0.883 at epoch 26
[2023-03-06 11:48:15] PRINT [03/06 11:48:15 graph]: Epoch 28 | train_loss: 0.1885 | lr: 0.000290
[2023-03-06 11:48:18] PRINT [03/06 11:48:18 graph]: #Test_f1: 0.8617±0.0538
[2023-03-06 11:48:18] PRINT [03/06 11:48:18 graph]: Epoch 28: get test f1 score:  0.862
[2023-03-06 11:48:18] PRINT [03/06 11:48:18 graph]: best_f1 0.883 at epoch 26
[2023-03-06 11:48:19] PRINT [03/06 11:48:19 graph]: Epoch 29 | train_loss: 0.1917 | lr: 0.000290
[2023-03-06 11:48:22] PRINT [03/06 11:48:22 graph]: #Test_f1: 0.8623±0.0668
[2023-03-06 11:48:22] PRINT [03/06 11:48:22 graph]: Epoch 29: get test f1 score:  0.862
[2023-03-06 11:48:22] PRINT [03/06 11:48:22 graph]: best_f1 0.883 at epoch 26
[2023-03-06 11:48:22] PRINT [03/06 11:48:22 graph]: Epoch 30 | train_loss: 0.1974 | lr: 0.000290
[2023-03-06 11:48:25] PRINT [03/06 11:48:25 graph]: #Test_f1: 0.8515±0.0611
[2023-03-06 11:48:26] PRINT [03/06 11:48:26 graph]: Epoch 30: get test f1 score:  0.851
[2023-03-06 11:48:26] PRINT [03/06 11:48:26 graph]: best_f1 0.883 at epoch 26
[2023-03-06 11:48:26] PRINT [03/06 11:48:26 graph]: Epoch 31 | train_loss: 0.1910 | lr: 0.000290
[2023-03-06 11:48:29] PRINT [03/06 11:48:29 graph]: #Test_f1: 0.8675±0.0671
[2023-03-06 11:48:29] PRINT [03/06 11:48:29 graph]: Epoch 31: get test f1 score:  0.868
[2023-03-06 11:48:29] PRINT [03/06 11:48:29 graph]: best_f1 0.883 at epoch 26
[2023-03-06 11:48:29] PRINT [03/06 11:48:29 graph]: Epoch 32 | train_loss: 0.1833 | lr: 0.000290
[2023-03-06 11:48:32] PRINT [03/06 11:48:32 graph]: #Test_f1: 0.8728±0.0636
[2023-03-06 11:48:33] PRINT [03/06 11:48:33 graph]: Epoch 32: get test f1 score:  0.873
[2023-03-06 11:48:33] PRINT [03/06 11:48:33 graph]: best_f1 0.883 at epoch 26
[2023-03-06 11:48:33] PRINT [03/06 11:48:33 graph]: Epoch 33 | train_loss: 0.1962 | lr: 0.000290
[2023-03-06 11:48:36] PRINT [03/06 11:48:36 graph]: #Test_f1: 0.8725±0.0588
[2023-03-06 11:48:36] PRINT [03/06 11:48:36 graph]: Epoch 33: get test f1 score:  0.873
[2023-03-06 11:48:36] PRINT [03/06 11:48:36 graph]: best_f1 0.883 at epoch 26
[2023-03-06 11:48:37] PRINT [03/06 11:48:37 graph]: Epoch 34 | train_loss: 0.1879 | lr: 0.000290
[2023-03-06 11:48:39] PRINT [03/06 11:48:39 graph]: #Test_f1: 0.8673±0.0589
[2023-03-06 11:48:40] PRINT [03/06 11:48:40 graph]: Epoch 34: get test f1 score:  0.867
[2023-03-06 11:48:40] PRINT [03/06 11:48:40 graph]: best_f1 0.883 at epoch 26
[2023-03-06 11:48:40] PRINT [03/06 11:48:40 graph]: Epoch 35 | train_loss: 0.1882 | lr: 0.000290
[2023-03-06 11:48:43] PRINT [03/06 11:48:43 graph]: #Test_f1: 0.8620±0.0631
[2023-03-06 11:48:43] PRINT [03/06 11:48:43 graph]: Epoch 35: get test f1 score:  0.862
[2023-03-06 11:48:43] PRINT [03/06 11:48:43 graph]: best_f1 0.883 at epoch 26
[2023-03-06 11:48:44] PRINT [03/06 11:48:44 graph]: Epoch 36 | train_loss: 0.1839 | lr: 0.000290
[2023-03-06 11:48:47] PRINT [03/06 11:48:47 graph]: #Test_f1: 0.8512±0.0456
[2023-03-06 11:48:47] PRINT [03/06 11:48:47 graph]: Epoch 36: get test f1 score:  0.851
[2023-03-06 11:48:47] PRINT [03/06 11:48:47 graph]: best_f1 0.883 at epoch 26
[2023-03-06 11:48:47] PRINT [03/06 11:48:47 graph]: Epoch 37 | train_loss: 0.1848 | lr: 0.000290
[2023-03-06 11:48:50] PRINT [03/06 11:48:50 graph]: #Test_f1: 0.8725±0.0588
[2023-03-06 11:48:50] PRINT [03/06 11:48:50 graph]: Epoch 37: get test f1 score:  0.873
[2023-03-06 11:48:50] PRINT [03/06 11:48:50 graph]: best_f1 0.883 at epoch 26
[2023-03-06 11:48:51] PRINT [03/06 11:48:51 graph]: Epoch 38 | train_loss: 0.1761 | lr: 0.000290
[2023-03-06 11:48:54] PRINT [03/06 11:48:54 graph]: #Test_f1: 0.8830±0.0520
[2023-03-06 11:48:54] PRINT [03/06 11:48:54 graph]: Epoch 38: get test f1 score:  0.883
[2023-03-06 11:48:54] PRINT [03/06 11:48:54 graph]: best_f1 0.883 at epoch 26
[2023-03-06 11:48:54] PRINT [03/06 11:48:54 graph]: Epoch 39 | train_loss: 0.1792 | lr: 0.000290
[2023-03-06 11:48:57] PRINT [03/06 11:48:57 graph]: #Test_f1: 0.8883±0.0444
[2023-03-06 11:48:58] PRINT [03/06 11:48:58 graph]: Epoch 39: get test f1 score:  0.888
[2023-03-06 11:48:58] PRINT [03/06 11:48:58 graph]: best_f1 0.888 at epoch 39
[2023-03-06 11:48:58] PRINT [03/06 11:48:58 graph]: Epoch 40 | train_loss: 0.1745 | lr: 0.000290
[2023-03-06 11:49:01] PRINT [03/06 11:49:01 graph]: #Test_f1: 0.9044±0.0515
[2023-03-06 11:49:01] PRINT [03/06 11:49:01 graph]: Epoch 40: get test f1 score:  0.904
[2023-03-06 11:49:01] PRINT [03/06 11:49:01 graph]: best_f1 0.904 at epoch 40
[2023-03-06 11:49:02] PRINT [03/06 11:49:02 graph]: Epoch 41 | train_loss: 0.1791 | lr: 0.000290
[2023-03-06 11:49:05] PRINT [03/06 11:49:05 graph]: #Test_f1: 0.8830±0.0571
[2023-03-06 11:49:05] PRINT [03/06 11:49:05 graph]: Epoch 41: get test f1 score:  0.883
[2023-03-06 11:49:05] PRINT [03/06 11:49:05 graph]: best_f1 0.904 at epoch 40
[2023-03-06 11:49:05] PRINT [03/06 11:49:05 graph]: Epoch 42 | train_loss: 0.1788 | lr: 0.000290
[2023-03-06 11:49:08] PRINT [03/06 11:49:08 graph]: #Test_f1: 0.8673±0.0540
[2023-03-06 11:49:08] PRINT [03/06 11:49:08 graph]: Epoch 42: get test f1 score:  0.867
[2023-03-06 11:49:09] PRINT [03/06 11:49:09 graph]: best_f1 0.904 at epoch 40
[2023-03-06 11:49:09] PRINT [03/06 11:49:09 graph]: Epoch 43 | train_loss: 0.1827 | lr: 0.000290
[2023-03-06 11:49:12] PRINT [03/06 11:49:12 graph]: #Test_f1: 0.8673±0.0677
[2023-03-06 11:49:12] PRINT [03/06 11:49:12 graph]: Epoch 43: get test f1 score:  0.867
[2023-03-06 11:49:12] PRINT [03/06 11:49:12 graph]: best_f1 0.904 at epoch 40
[2023-03-06 11:49:13] PRINT [03/06 11:49:13 graph]: Epoch 44 | train_loss: 0.1817 | lr: 0.000290
[2023-03-06 11:49:16] PRINT [03/06 11:49:16 graph]: #Test_f1: 0.8567±0.0745
[2023-03-06 11:49:16] PRINT [03/06 11:49:16 graph]: Epoch 44: get test f1 score:  0.857
[2023-03-06 11:49:16] PRINT [03/06 11:49:16 graph]: best_f1 0.904 at epoch 40
[2023-03-06 11:49:16] PRINT [03/06 11:49:16 graph]: Epoch 45 | train_loss: 0.1843 | lr: 0.000290
[2023-03-06 11:49:19] PRINT [03/06 11:49:19 graph]: #Test_f1: 0.8725±0.0588
[2023-03-06 11:49:19] PRINT [03/06 11:49:19 graph]: Epoch 45: get test f1 score:  0.873
[2023-03-06 11:49:19] PRINT [03/06 11:49:19 graph]: best_f1 0.904 at epoch 40
[2023-03-06 11:49:20] PRINT [03/06 11:49:20 graph]: Epoch 46 | train_loss: 0.1778 | lr: 0.000290
[2023-03-06 11:49:22] PRINT [03/06 11:49:22 graph]: #Test_f1: 0.8564±0.0677
[2023-03-06 11:49:23] PRINT [03/06 11:49:23 graph]: Epoch 46: get test f1 score:  0.856
[2023-03-06 11:49:23] PRINT [03/06 11:49:23 graph]: best_f1 0.904 at epoch 40
[2023-03-06 11:49:23] PRINT [03/06 11:49:23 graph]: Epoch 47 | train_loss: 0.1797 | lr: 0.000290
[2023-03-06 11:49:26] PRINT [03/06 11:49:26 graph]: #Test_f1: 0.8617±0.0642
[2023-03-06 11:49:26] PRINT [03/06 11:49:26 graph]: Epoch 47: get test f1 score:  0.862
[2023-03-06 11:49:26] PRINT [03/06 11:49:26 graph]: best_f1 0.904 at epoch 40
[2023-03-06 11:49:27] PRINT [03/06 11:49:27 graph]: Epoch 48 | train_loss: 0.1766 | lr: 0.000290
[2023-03-06 11:49:30] PRINT [03/06 11:49:30 graph]: #Test_f1: 0.8778±0.0532
[2023-03-06 11:49:30] PRINT [03/06 11:49:30 graph]: Epoch 48: get test f1 score:  0.878
[2023-03-06 11:49:30] PRINT [03/06 11:49:30 graph]: best_f1 0.904 at epoch 40
[2023-03-06 11:49:30] PRINT [03/06 11:49:30 graph]: Epoch 49 | train_loss: 0.1783 | lr: 0.000290
[2023-03-06 11:49:33] PRINT [03/06 11:49:33 graph]: #Test_f1: 0.8827±0.0630
[2023-03-06 11:49:33] PRINT [03/06 11:49:33 graph]: Epoch 49: get test f1 score:  0.883
[2023-03-06 11:49:33] PRINT [03/06 11:49:33 graph]: best_f1 0.904 at epoch 40
[2023-03-06 11:49:34] PRINT [03/06 11:49:34 graph]: # final_acc: 0.9044±0.0000
