[2023-03-13 03:13:31] PRINT ---new cfg------
[2023-03-13 03:13:31] PRINT {'DATA': {'data_name': 'cora'}, 'DATALOADER': {'NUM_WORKERS': 0}, 'MODEL': {'num_hidden': 256, 'num_layers': 2, 'nhead': 4, 'activation': 'prelu', 'attn_drop': 0.5, 'feat_drop': 0.2, 'norm': 'layernorm', 'pooler': 'mean', 'beta_schedule': 'sigmoid', 'beta_1': 0.0005278954980476717, 'beta_T': 0.05144944768810243, 'T': 886}, 'SOLVER': {'optim_type': 'adam', 'optim_type_f': 'adamw', 'alpha': 1, 'decay': 40, 'LR': 0.00012257318793991372, 'LR_f': 0.00187688236196039, 'weight_decay': 0, 'weight_decay_f': 1.68247864094921e-06, 'MAX_EPOCH': 100, 'max_epoch_f': 100}, 'DEVICE': 'cuda', 'seeds': [0], 'eval_T': [50, 100, 200], 'output_dir': '/ddm-nni/Cora/log', 'checkpoint_dir': '/ddm-nni/Cora/log/checkpoint'}
[2023-03-13 03:13:31] PRINT [03/13 03:13:31 graph]: Rank of current process: 0. World size: 1
[2023-03-13 03:13:34] PRINT [03/13 03:13:34 graph]: Environment info:
[2023-03-13 03:13:34] PRINT PyTorch version: 1.10.0+cu113
[2023-03-13 03:13:34] PRINT Is debug build: False
[2023-03-13 03:13:34] PRINT CUDA used to build PyTorch: 11.3
[2023-03-13 03:13:34] PRINT ROCM used to build PyTorch: N/A
[2023-03-13 03:13:34] PRINT 
[2023-03-13 03:13:34] PRINT OS: Ubuntu 20.04.3 LTS (x86_64)
[2023-03-13 03:13:34] PRINT GCC version: (Ubuntu 9.3.0-17ubuntu1~20.04) 9.3.0
[2023-03-13 03:13:34] PRINT Clang version: Could not collect
[2023-03-13 03:13:34] PRINT CMake version: version 3.16.3
[2023-03-13 03:13:34] PRINT Libc version: glibc-2.31
[2023-03-13 03:13:34] PRINT 
[2023-03-13 03:13:34] PRINT Python version: 3.8.10 (default, Jun  4 2021, 15:09:15)  [GCC 7.5.0] (64-bit runtime)
[2023-03-13 03:13:34] PRINT Python platform: Linux-5.4.0-90-generic-x86_64-with-glibc2.17
[2023-03-13 03:13:34] PRINT Is CUDA available: True
[2023-03-13 03:13:34] PRINT CUDA runtime version: 11.3.109
[2023-03-13 03:13:34] PRINT GPU models and configuration: GPU 0: NVIDIA GeForce RTX 3090
[2023-03-13 03:13:34] PRINT Nvidia driver version: 495.44
[2023-03-13 03:13:34] PRINT cuDNN version: Probably one of the following:
[2023-03-13 03:13:34] PRINT /usr/lib/x86_64-linux-gnu/libcudnn.so.8.2.0
[2023-03-13 03:13:34] PRINT /usr/lib/x86_64-linux-gnu/libcudnn_adv_infer.so.8.2.0
[2023-03-13 03:13:34] PRINT /usr/lib/x86_64-linux-gnu/libcudnn_adv_train.so.8.2.0
[2023-03-13 03:13:34] PRINT /usr/lib/x86_64-linux-gnu/libcudnn_cnn_infer.so.8.2.0
[2023-03-13 03:13:34] PRINT /usr/lib/x86_64-linux-gnu/libcudnn_cnn_train.so.8.2.0
[2023-03-13 03:13:34] PRINT /usr/lib/x86_64-linux-gnu/libcudnn_ops_infer.so.8.2.0
[2023-03-13 03:13:34] PRINT /usr/lib/x86_64-linux-gnu/libcudnn_ops_train.so.8.2.0
[2023-03-13 03:13:34] PRINT HIP runtime version: N/A
[2023-03-13 03:13:34] PRINT MIOpen runtime version: N/A
[2023-03-13 03:13:34] PRINT 
[2023-03-13 03:13:34] PRINT Versions of relevant libraries:
[2023-03-13 03:13:34] PRINT [pip3] numpy==1.23.5
[2023-03-13 03:13:34] PRINT [pip3] torch==1.10.0+cu113
[2023-03-13 03:13:34] PRINT [pip3] torchvision==0.11.1+cu113
[2023-03-13 03:13:34] PRINT [conda] blas                      1.0                         mkl    https://mirrors.ustc.edu.cn/anaconda/pkgs/main
[2023-03-13 03:13:34] PRINT [conda] mkl                       2021.4.0           h06a4308_640    https://mirrors.ustc.edu.cn/anaconda/pkgs/main
[2023-03-13 03:13:34] PRINT [conda] mkl-service               2.4.0            py38h7f8727e_0    https://mirrors.ustc.edu.cn/anaconda/pkgs/main
[2023-03-13 03:13:34] PRINT [conda] mkl_fft                   1.3.1            py38hd3c417c_0    https://mirrors.ustc.edu.cn/anaconda/pkgs/main
[2023-03-13 03:13:34] PRINT [conda] mkl_random                1.2.2            py38h51133e4_0    https://mirrors.ustc.edu.cn/anaconda/pkgs/main
[2023-03-13 03:13:34] PRINT [conda] numpy                     1.21.4                   pypi_0    pypi
[2023-03-13 03:13:34] PRINT [conda] numpy-base                1.23.5           py38h31eccc5_0    https://mirrors.ustc.edu.cn/anaconda/pkgs/main
[2023-03-13 03:13:34] PRINT [conda] torch                     1.10.0+cu113             pypi_0    pypi
[2023-03-13 03:13:34] PRINT [conda] torchvision               0.11.1+cu113             pypi_0    pypi
[2023-03-13 03:13:34] PRINT         Pillow (8.4.0)
[2023-03-13 03:13:34] PRINT [03/13 03:13:34 graph]: Command line arguments: Namespace(local_rank=0, resume=False, seed=1234, start_epoch=0)
[2023-03-13 03:13:34] PRINT   NumNodes: 2708
[2023-03-13 03:13:34] PRINT   NumEdges: 10556
[2023-03-13 03:13:34] PRINT   NumFeats: 1433
[2023-03-13 03:13:34] PRINT   NumClasses: 7
[2023-03-13 03:13:34] PRINT   NumTrainingSamples: 140
[2023-03-13 03:13:34] PRINT   NumValidationSamples: 500
[2023-03-13 03:13:34] PRINT   NumTestSamples: 1000
[2023-03-13 03:13:34] PRINT Done loading data from cached files.
[2023-03-13 03:13:34] PRINT [03/13 03:13:34 graph]: Run 0th for seed 0
[2023-03-13 03:13:34] PRINT [03/13 03:13:34 graph]: Total trainable params num : 8683503
[2023-03-13 03:13:39] PRINT [03/13 03:13:39 graph]: ----------Start Training----------
[2023-03-13 03:13:39] PRINT [03/13 03:13:39 graph]: start epoch 0.
[2023-03-13 03:13:39] PRINT [03/13 03:13:39 graph]: # Epoch 0: train_loss: 0.9988 | lr: 0.000123
[2023-03-13 03:13:39] PRINT [03/13 03:13:39 graph]: start epoch 1.
[2023-03-13 03:13:39] PRINT [03/13 03:13:39 graph]: # Epoch 1: train_loss: 0.8926 | lr: 0.000123
[2023-03-13 03:13:39] PRINT [03/13 03:13:39 graph]: start epoch 2.
[2023-03-13 03:13:39] PRINT [03/13 03:13:39 graph]: # Epoch 2: train_loss: 0.8166 | lr: 0.000123
[2023-03-13 03:13:39] PRINT [03/13 03:13:39 graph]: start epoch 3.
[2023-03-13 03:13:39] PRINT [03/13 03:13:39 graph]: # Epoch 3: train_loss: 0.7610 | lr: 0.000123
[2023-03-13 03:13:39] PRINT [03/13 03:13:39 graph]: start epoch 4.
[2023-03-13 03:13:39] PRINT [03/13 03:13:39 graph]: # Epoch 4: train_loss: 0.7178 | lr: 0.000123
[2023-03-13 03:13:39] PRINT [03/13 03:13:39 graph]: start epoch 5.
[2023-03-13 03:13:39] PRINT [03/13 03:13:39 graph]: # Epoch 5: train_loss: 0.6887 | lr: 0.000123
[2023-03-13 03:13:39] PRINT [03/13 03:13:39 graph]: start epoch 6.
[2023-03-13 03:13:39] PRINT [03/13 03:13:39 graph]: # Epoch 6: train_loss: 0.6692 | lr: 0.000123
[2023-03-13 03:13:39] PRINT [03/13 03:13:39 graph]: start epoch 7.
[2023-03-13 03:13:39] PRINT [03/13 03:13:39 graph]: # Epoch 7: train_loss: 0.6552 | lr: 0.000123
[2023-03-13 03:13:39] PRINT [03/13 03:13:39 graph]: start epoch 8.
[2023-03-13 03:13:39] PRINT [03/13 03:13:39 graph]: # Epoch 8: train_loss: 0.6458 | lr: 0.000123
[2023-03-13 03:13:39] PRINT [03/13 03:13:39 graph]: start epoch 9.
[2023-03-13 03:13:39] PRINT [03/13 03:13:39 graph]: # Epoch 9: train_loss: 0.6402 | lr: 0.000123
[2023-03-13 03:13:39] PRINT [03/13 03:13:39 graph]: start epoch 10.
[2023-03-13 03:13:39] PRINT [03/13 03:13:39 graph]: # Epoch 10: train_loss: 0.6365 | lr: 0.000123
[2023-03-13 03:13:39] PRINT [03/13 03:13:39 graph]: start epoch 11.
[2023-03-13 03:13:39] PRINT [03/13 03:13:39 graph]: # Epoch 11: train_loss: 0.6331 | lr: 0.000123
[2023-03-13 03:13:40] PRINT [03/13 03:13:40 graph]: --- Testf1: 0.74300, Best Valacc: 0.71600 in epoch 71 --- 
[2023-03-13 03:13:41] PRINT [03/13 03:13:41 graph]: Epoch 11: get test acc score:  0.743
[2023-03-13 03:13:41] PRINT [03/13 03:13:41 graph]: best_f1 0.743 at epoch 11
[2023-03-13 03:13:41] PRINT [03/13 03:13:41 graph]: start epoch 12.
[2023-03-13 03:13:41] PRINT [03/13 03:13:41 graph]: # Epoch 12: train_loss: 0.6314 | lr: 0.000123
[2023-03-13 03:13:41] PRINT [03/13 03:13:41 graph]: --- Testf1: 0.73000, Best Valacc: 0.71200 in epoch 49 --- 
[2023-03-13 03:13:42] PRINT [03/13 03:13:42 graph]: Epoch 12: get test acc score:  0.730
[2023-03-13 03:13:42] PRINT [03/13 03:13:42 graph]: best_f1 0.743 at epoch 11
[2023-03-13 03:13:42] PRINT [03/13 03:13:42 graph]: start epoch 13.
[2023-03-13 03:13:42] PRINT [03/13 03:13:42 graph]: # Epoch 13: train_loss: 0.6291 | lr: 0.000123
[2023-03-13 03:13:42] PRINT [03/13 03:13:42 graph]: --- Testf1: 0.72400, Best Valacc: 0.71000 in epoch 73 --- 
[2023-03-13 03:13:43] PRINT [03/13 03:13:43 graph]: Epoch 13: get test acc score:  0.724
[2023-03-13 03:13:43] PRINT [03/13 03:13:43 graph]: best_f1 0.743 at epoch 11
[2023-03-13 03:13:43] PRINT [03/13 03:13:43 graph]: start epoch 14.
[2023-03-13 03:13:43] PRINT [03/13 03:13:43 graph]: # Epoch 14: train_loss: 0.6261 | lr: 0.000123
[2023-03-13 03:13:43] PRINT [03/13 03:13:43 graph]: --- Testf1: 0.73400, Best Valacc: 0.71800 in epoch 37 --- 
[2023-03-13 03:13:44] PRINT [03/13 03:13:44 graph]: Epoch 14: get test acc score:  0.734
[2023-03-13 03:13:44] PRINT [03/13 03:13:44 graph]: best_f1 0.743 at epoch 11
[2023-03-13 03:13:44] PRINT [03/13 03:13:44 graph]: start epoch 15.
[2023-03-13 03:13:44] PRINT [03/13 03:13:44 graph]: # Epoch 15: train_loss: 0.6235 | lr: 0.000123
[2023-03-13 03:13:45] PRINT [03/13 03:13:45 graph]: --- Testf1: 0.74800, Best Valacc: 0.71600 in epoch 56 --- 
[2023-03-13 03:13:45] PRINT [03/13 03:13:45 graph]: Epoch 15: get test acc score:  0.748
[2023-03-13 03:13:45] PRINT [03/13 03:13:45 graph]: best_f1 0.748 at epoch 15
[2023-03-13 03:13:45] PRINT [03/13 03:13:45 graph]: start epoch 16.
[2023-03-13 03:13:45] PRINT [03/13 03:13:45 graph]: # Epoch 16: train_loss: 0.6208 | lr: 0.000123
[2023-03-13 03:13:46] PRINT [03/13 03:13:46 graph]: --- Testf1: 0.73900, Best Valacc: 0.74400 in epoch 50 --- 
[2023-03-13 03:13:46] PRINT [03/13 03:13:46 graph]: Epoch 16: get test acc score:  0.739
[2023-03-13 03:13:46] PRINT [03/13 03:13:46 graph]: best_f1 0.748 at epoch 15
[2023-03-13 03:13:46] PRINT [03/13 03:13:46 graph]: start epoch 17.
[2023-03-13 03:13:46] PRINT [03/13 03:13:46 graph]: # Epoch 17: train_loss: 0.6171 | lr: 0.000123
[2023-03-13 03:13:47] PRINT [03/13 03:13:47 graph]: --- Testf1: 0.75500, Best Valacc: 0.73200 in epoch 61 --- 
[2023-03-13 03:13:47] PRINT [03/13 03:13:47 graph]: Epoch 17: get test acc score:  0.755
[2023-03-13 03:13:47] PRINT [03/13 03:13:47 graph]: best_f1 0.755 at epoch 17
[2023-03-13 03:13:47] PRINT [03/13 03:13:47 graph]: start epoch 18.
[2023-03-13 03:13:47] PRINT [03/13 03:13:47 graph]: # Epoch 18: train_loss: 0.6141 | lr: 0.000123
[2023-03-13 03:13:48] PRINT [03/13 03:13:48 graph]: --- Testf1: 0.74700, Best Valacc: 0.72400 in epoch 41 --- 
[2023-03-13 03:13:48] PRINT [03/13 03:13:48 graph]: Epoch 18: get test acc score:  0.747
[2023-03-13 03:13:48] PRINT [03/13 03:13:48 graph]: best_f1 0.755 at epoch 17
[2023-03-13 03:13:48] PRINT [03/13 03:13:48 graph]: start epoch 19.
[2023-03-13 03:13:48] PRINT [03/13 03:13:48 graph]: # Epoch 19: train_loss: 0.6088 | lr: 0.000123
[2023-03-13 03:13:49] PRINT [03/13 03:13:49 graph]: --- Testf1: 0.74700, Best Valacc: 0.74400 in epoch 50 --- 
[2023-03-13 03:13:49] PRINT [03/13 03:13:49 graph]: Epoch 19: get test acc score:  0.747
[2023-03-13 03:13:49] PRINT [03/13 03:13:49 graph]: best_f1 0.755 at epoch 17
[2023-03-13 03:13:49] PRINT [03/13 03:13:49 graph]: start epoch 20.
[2023-03-13 03:13:49] PRINT [03/13 03:13:49 graph]: # Epoch 20: train_loss: 0.6046 | lr: 0.000123
[2023-03-13 03:13:50] PRINT [03/13 03:13:50 graph]: --- Testf1: 0.75800, Best Valacc: 0.74000 in epoch 85 --- 
[2023-03-13 03:13:50] PRINT [03/13 03:13:50 graph]: Epoch 20: get test acc score:  0.758
[2023-03-13 03:13:50] PRINT [03/13 03:13:50 graph]: best_f1 0.758 at epoch 20
[2023-03-13 03:13:50] PRINT [03/13 03:13:50 graph]: start epoch 21.
[2023-03-13 03:13:50] PRINT [03/13 03:13:50 graph]: # Epoch 21: train_loss: 0.6005 | lr: 0.000123
[2023-03-13 03:13:51] PRINT [03/13 03:13:51 graph]: --- Testf1: 0.75400, Best Valacc: 0.74000 in epoch 35 --- 
[2023-03-13 03:13:51] PRINT [03/13 03:13:51 graph]: Epoch 21: get test acc score:  0.754
[2023-03-13 03:13:51] PRINT [03/13 03:13:51 graph]: best_f1 0.758 at epoch 20
[2023-03-13 03:13:51] PRINT [03/13 03:13:51 graph]: start epoch 22.
[2023-03-13 03:13:51] PRINT [03/13 03:13:51 graph]: # Epoch 22: train_loss: 0.5964 | lr: 0.000123
[2023-03-13 03:13:52] PRINT [03/13 03:13:52 graph]: --- Testf1: 0.76200, Best Valacc: 0.73600 in epoch 99 --- 
[2023-03-13 03:13:52] PRINT [03/13 03:13:52 graph]: Epoch 22: get test acc score:  0.762
[2023-03-13 03:13:52] PRINT [03/13 03:13:52 graph]: best_f1 0.762 at epoch 22
[2023-03-13 03:13:52] PRINT [03/13 03:13:52 graph]: start epoch 23.
[2023-03-13 03:13:52] PRINT [03/13 03:13:52 graph]: # Epoch 23: train_loss: 0.5928 | lr: 0.000123
[2023-03-13 03:13:53] PRINT [03/13 03:13:53 graph]: --- Testf1: 0.76300, Best Valacc: 0.73000 in epoch 59 --- 
[2023-03-13 03:13:53] PRINT [03/13 03:13:53 graph]: Epoch 23: get test acc score:  0.763
[2023-03-13 03:13:53] PRINT [03/13 03:13:53 graph]: best_f1 0.763 at epoch 23
[2023-03-13 03:13:53] PRINT [03/13 03:13:53 graph]: start epoch 24.
[2023-03-13 03:13:53] PRINT [03/13 03:13:53 graph]: # Epoch 24: train_loss: 0.5893 | lr: 0.000123
[2023-03-13 03:13:54] PRINT [03/13 03:13:54 graph]: --- Testf1: 0.76000, Best Valacc: 0.75400 in epoch 63 --- 
[2023-03-13 03:13:54] PRINT [03/13 03:13:54 graph]: Epoch 24: get test acc score:  0.760
[2023-03-13 03:13:54] PRINT [03/13 03:13:54 graph]: best_f1 0.763 at epoch 23
[2023-03-13 03:13:54] PRINT [03/13 03:13:54 graph]: start epoch 25.
[2023-03-13 03:13:54] PRINT [03/13 03:13:54 graph]: # Epoch 25: train_loss: 0.5866 | lr: 0.000123
[2023-03-13 03:13:55] PRINT [03/13 03:13:55 graph]: --- Testf1: 0.76400, Best Valacc: 0.75200 in epoch 43 --- 
[2023-03-13 03:13:55] PRINT [03/13 03:13:55 graph]: Epoch 25: get test acc score:  0.764
[2023-03-13 03:13:55] PRINT [03/13 03:13:55 graph]: best_f1 0.764 at epoch 25
[2023-03-13 03:13:55] PRINT [03/13 03:13:55 graph]: start epoch 26.
[2023-03-13 03:13:55] PRINT [03/13 03:13:55 graph]: # Epoch 26: train_loss: 0.5843 | lr: 0.000123
[2023-03-13 03:13:56] PRINT [03/13 03:13:56 graph]: --- Testf1: 0.75700, Best Valacc: 0.74400 in epoch 51 --- 
[2023-03-13 03:13:56] PRINT [03/13 03:13:56 graph]: Epoch 26: get test acc score:  0.757
[2023-03-13 03:13:56] PRINT [03/13 03:13:56 graph]: best_f1 0.764 at epoch 25
[2023-03-13 03:13:56] PRINT [03/13 03:13:56 graph]: start epoch 27.
[2023-03-13 03:13:56] PRINT [03/13 03:13:56 graph]: # Epoch 27: train_loss: 0.5817 | lr: 0.000123
[2023-03-13 03:13:57] PRINT [03/13 03:13:57 graph]: --- Testf1: 0.77300, Best Valacc: 0.75800 in epoch 61 --- 
[2023-03-13 03:13:57] PRINT [03/13 03:13:57 graph]: Epoch 27: get test acc score:  0.773
[2023-03-13 03:13:57] PRINT [03/13 03:13:57 graph]: best_f1 0.773 at epoch 27
[2023-03-13 03:13:57] PRINT [03/13 03:13:57 graph]: start epoch 28.
[2023-03-13 03:13:57] PRINT [03/13 03:13:57 graph]: # Epoch 28: train_loss: 0.5781 | lr: 0.000123
[2023-03-13 03:13:58] PRINT [03/13 03:13:58 graph]: --- Testf1: 0.76800, Best Valacc: 0.75800 in epoch 69 --- 
[2023-03-13 03:13:59] PRINT [03/13 03:13:59 graph]: Epoch 28: get test acc score:  0.768
[2023-03-13 03:13:59] PRINT [03/13 03:13:59 graph]: best_f1 0.773 at epoch 27
[2023-03-13 03:13:59] PRINT [03/13 03:13:59 graph]: start epoch 29.
[2023-03-13 03:13:59] PRINT [03/13 03:13:59 graph]: # Epoch 29: train_loss: 0.5757 | lr: 0.000123
[2023-03-13 03:13:59] PRINT [03/13 03:13:59 graph]: --- Testf1: 0.77100, Best Valacc: 0.76800 in epoch 74 --- 
[2023-03-13 03:14:00] PRINT [03/13 03:14:00 graph]: Epoch 29: get test acc score:  0.771
[2023-03-13 03:14:00] PRINT [03/13 03:14:00 graph]: best_f1 0.773 at epoch 27
[2023-03-13 03:14:00] PRINT [03/13 03:14:00 graph]: start epoch 30.
[2023-03-13 03:14:00] PRINT [03/13 03:14:00 graph]: # Epoch 30: train_loss: 0.5721 | lr: 0.000123
[2023-03-13 03:14:00] PRINT [03/13 03:14:00 graph]: --- Testf1: 0.77500, Best Valacc: 0.76000 in epoch 72 --- 
[2023-03-13 03:14:01] PRINT [03/13 03:14:01 graph]: Epoch 30: get test acc score:  0.775
[2023-03-13 03:14:01] PRINT [03/13 03:14:01 graph]: best_f1 0.775 at epoch 30
[2023-03-13 03:14:01] PRINT [03/13 03:14:01 graph]: start epoch 31.
[2023-03-13 03:14:01] PRINT [03/13 03:14:01 graph]: # Epoch 31: train_loss: 0.5733 | lr: 0.000123
[2023-03-13 03:14:02] PRINT [03/13 03:14:02 graph]: --- Testf1: 0.78300, Best Valacc: 0.76400 in epoch 92 --- 
[2023-03-13 03:14:02] PRINT [03/13 03:14:02 graph]: Epoch 31: get test acc score:  0.783
[2023-03-13 03:14:02] PRINT [03/13 03:14:02 graph]: best_f1 0.783 at epoch 31
[2023-03-13 03:14:02] PRINT [03/13 03:14:02 graph]: start epoch 32.
[2023-03-13 03:14:02] PRINT [03/13 03:14:02 graph]: # Epoch 32: train_loss: 0.5671 | lr: 0.000123
[2023-03-13 03:14:03] PRINT [03/13 03:14:03 graph]: --- Testf1: 0.78200, Best Valacc: 0.77000 in epoch 51 --- 
[2023-03-13 03:14:03] PRINT [03/13 03:14:03 graph]: Epoch 32: get test acc score:  0.782
[2023-03-13 03:14:03] PRINT [03/13 03:14:03 graph]: best_f1 0.783 at epoch 31
[2023-03-13 03:14:03] PRINT [03/13 03:14:03 graph]: start epoch 33.
[2023-03-13 03:14:03] PRINT [03/13 03:14:03 graph]: # Epoch 33: train_loss: 0.5670 | lr: 0.000123
[2023-03-13 03:14:04] PRINT [03/13 03:14:04 graph]: --- Testf1: 0.77200, Best Valacc: 0.77200 in epoch 67 --- 
[2023-03-13 03:14:04] PRINT [03/13 03:14:04 graph]: Epoch 33: get test acc score:  0.772
[2023-03-13 03:14:04] PRINT [03/13 03:14:04 graph]: best_f1 0.783 at epoch 31
[2023-03-13 03:14:04] PRINT [03/13 03:14:04 graph]: start epoch 34.
[2023-03-13 03:14:04] PRINT [03/13 03:14:04 graph]: # Epoch 34: train_loss: 0.5650 | lr: 0.000123
[2023-03-13 03:14:05] PRINT [03/13 03:14:05 graph]: --- Testf1: 0.78600, Best Valacc: 0.75000 in epoch 94 --- 
[2023-03-13 03:14:05] PRINT [03/13 03:14:05 graph]: Epoch 34: get test acc score:  0.786
[2023-03-13 03:14:05] PRINT [03/13 03:14:05 graph]: best_f1 0.786 at epoch 34
[2023-03-13 03:14:05] PRINT [03/13 03:14:05 graph]: start epoch 35.
[2023-03-13 03:14:05] PRINT [03/13 03:14:05 graph]: # Epoch 35: train_loss: 0.5607 | lr: 0.000123
[2023-03-13 03:14:06] PRINT [03/13 03:14:06 graph]: --- Testf1: 0.78500, Best Valacc: 0.78200 in epoch 59 --- 
[2023-03-13 03:14:06] PRINT [03/13 03:14:06 graph]: Epoch 35: get test acc score:  0.785
[2023-03-13 03:14:06] PRINT [03/13 03:14:06 graph]: best_f1 0.786 at epoch 34
[2023-03-13 03:14:06] PRINT [03/13 03:14:06 graph]: start epoch 36.
[2023-03-13 03:14:06] PRINT [03/13 03:14:06 graph]: # Epoch 36: train_loss: 0.5620 | lr: 0.000123
[2023-03-13 03:14:07] PRINT [03/13 03:14:07 graph]: --- Testf1: 0.78800, Best Valacc: 0.75600 in epoch 44 --- 
[2023-03-13 03:14:07] PRINT [03/13 03:14:07 graph]: Epoch 36: get test acc score:  0.788
[2023-03-13 03:14:07] PRINT [03/13 03:14:07 graph]: best_f1 0.788 at epoch 36
[2023-03-13 03:14:07] PRINT [03/13 03:14:07 graph]: start epoch 37.
[2023-03-13 03:14:07] PRINT [03/13 03:14:07 graph]: # Epoch 37: train_loss: 0.5602 | lr: 0.000123
[2023-03-13 03:14:08] PRINT [03/13 03:14:08 graph]: --- Testf1: 0.78900, Best Valacc: 0.76400 in epoch 99 --- 
[2023-03-13 03:14:08] PRINT [03/13 03:14:08 graph]: Epoch 37: get test acc score:  0.789
[2023-03-13 03:14:08] PRINT [03/13 03:14:08 graph]: best_f1 0.789 at epoch 37
[2023-03-13 03:14:08] PRINT [03/13 03:14:08 graph]: start epoch 38.
[2023-03-13 03:14:08] PRINT [03/13 03:14:08 graph]: # Epoch 38: train_loss: 0.5572 | lr: 0.000123
[2023-03-13 03:14:09] PRINT [03/13 03:14:09 graph]: --- Testf1: 0.79800, Best Valacc: 0.76800 in epoch 51 --- 
[2023-03-13 03:14:09] PRINT [03/13 03:14:09 graph]: Epoch 38: get test acc score:  0.798
[2023-03-13 03:14:09] PRINT [03/13 03:14:09 graph]: best_f1 0.798 at epoch 38
[2023-03-13 03:14:09] PRINT [03/13 03:14:09 graph]: start epoch 39.
[2023-03-13 03:14:09] PRINT [03/13 03:14:09 graph]: # Epoch 39: train_loss: 0.5538 | lr: 0.000123
[2023-03-13 03:14:10] PRINT [03/13 03:14:10 graph]: --- Testf1: 0.79800, Best Valacc: 0.75800 in epoch 99 --- 
[2023-03-13 03:14:10] PRINT [03/13 03:14:10 graph]: Epoch 39: get test acc score:  0.798
[2023-03-13 03:14:10] PRINT [03/13 03:14:10 graph]: best_f1 0.798 at epoch 38
[2023-03-13 03:14:10] PRINT [03/13 03:14:10 graph]: start epoch 40.
[2023-03-13 03:14:10] PRINT [03/13 03:14:10 graph]: # Epoch 40: train_loss: 0.5542 | lr: 0.000123
[2023-03-13 03:14:11] PRINT [03/13 03:14:11 graph]: --- Testf1: 0.79100, Best Valacc: 0.76200 in epoch 81 --- 
[2023-03-13 03:14:11] PRINT [03/13 03:14:11 graph]: Epoch 40: get test acc score:  0.791
[2023-03-13 03:14:11] PRINT [03/13 03:14:11 graph]: best_f1 0.798 at epoch 38
[2023-03-13 03:14:11] PRINT [03/13 03:14:11 graph]: start epoch 41.
[2023-03-13 03:14:11] PRINT [03/13 03:14:11 graph]: # Epoch 41: train_loss: 0.5495 | lr: 0.000123
[2023-03-13 03:14:12] PRINT [03/13 03:14:12 graph]: --- Testf1: 0.79500, Best Valacc: 0.77600 in epoch 72 --- 
[2023-03-13 03:14:13] PRINT [03/13 03:14:13 graph]: Epoch 41: get test acc score:  0.795
[2023-03-13 03:14:13] PRINT [03/13 03:14:13 graph]: best_f1 0.798 at epoch 38
[2023-03-13 03:14:13] PRINT [03/13 03:14:13 graph]: start epoch 42.
[2023-03-13 03:14:13] PRINT [03/13 03:14:13 graph]: # Epoch 42: train_loss: 0.5509 | lr: 0.000123
[2023-03-13 03:14:13] PRINT [03/13 03:14:13 graph]: --- Testf1: 0.78700, Best Valacc: 0.77600 in epoch 56 --- 
[2023-03-13 03:14:13] PRINT [03/13 03:14:13 graph]: Epoch 42: get test acc score:  0.787
[2023-03-13 03:14:13] PRINT [03/13 03:14:13 graph]: best_f1 0.798 at epoch 38
[2023-03-13 03:14:13] PRINT [03/13 03:14:13 graph]: start epoch 43.
[2023-03-13 03:14:14] PRINT [03/13 03:14:14 graph]: # Epoch 43: train_loss: 0.5454 | lr: 0.000123
[2023-03-13 03:14:14] PRINT [03/13 03:14:14 graph]: --- Testf1: 0.78600, Best Valacc: 0.76600 in epoch 38 --- 
[2023-03-13 03:14:14] PRINT [03/13 03:14:14 graph]: Epoch 43: get test acc score:  0.786
[2023-03-13 03:14:14] PRINT [03/13 03:14:14 graph]: best_f1 0.798 at epoch 38
[2023-03-13 03:14:14] PRINT [03/13 03:14:14 graph]: start epoch 44.
[2023-03-13 03:14:15] PRINT [03/13 03:14:15 graph]: # Epoch 44: train_loss: 0.5497 | lr: 0.000123
[2023-03-13 03:14:15] PRINT [03/13 03:14:15 graph]: --- Testf1: 0.79100, Best Valacc: 0.76800 in epoch 38 --- 
[2023-03-13 03:14:15] PRINT [03/13 03:14:15 graph]: Epoch 44: get test acc score:  0.791
[2023-03-13 03:14:15] PRINT [03/13 03:14:15 graph]: best_f1 0.798 at epoch 38
[2023-03-13 03:14:15] PRINT [03/13 03:14:15 graph]: start epoch 45.
[2023-03-13 03:14:16] PRINT [03/13 03:14:16 graph]: # Epoch 45: train_loss: 0.5440 | lr: 0.000123
[2023-03-13 03:14:16] PRINT [03/13 03:14:16 graph]: --- Testf1: 0.79200, Best Valacc: 0.78000 in epoch 88 --- 
[2023-03-13 03:14:17] PRINT [03/13 03:14:17 graph]: Epoch 45: get test acc score:  0.792
[2023-03-13 03:14:17] PRINT [03/13 03:14:17 graph]: best_f1 0.798 at epoch 38
[2023-03-13 03:14:17] PRINT [03/13 03:14:17 graph]: start epoch 46.
[2023-03-13 03:14:17] PRINT [03/13 03:14:17 graph]: # Epoch 46: train_loss: 0.5424 | lr: 0.000123
[2023-03-13 03:14:17] PRINT [03/13 03:14:17 graph]: --- Testf1: 0.79800, Best Valacc: 0.78000 in epoch 36 --- 
[2023-03-13 03:14:18] PRINT [03/13 03:14:18 graph]: Epoch 46: get test acc score:  0.798
[2023-03-13 03:14:18] PRINT [03/13 03:14:18 graph]: best_f1 0.798 at epoch 38
[2023-03-13 03:14:18] PRINT [03/13 03:14:18 graph]: start epoch 47.
[2023-03-13 03:14:18] PRINT [03/13 03:14:18 graph]: # Epoch 47: train_loss: 0.5419 | lr: 0.000123
[2023-03-13 03:14:18] PRINT [03/13 03:14:18 graph]: --- Testf1: 0.79100, Best Valacc: 0.77600 in epoch 67 --- 
[2023-03-13 03:14:19] PRINT [03/13 03:14:19 graph]: Epoch 47: get test acc score:  0.791
[2023-03-13 03:14:19] PRINT [03/13 03:14:19 graph]: best_f1 0.798 at epoch 38
[2023-03-13 03:14:19] PRINT [03/13 03:14:19 graph]: start epoch 48.
[2023-03-13 03:14:19] PRINT [03/13 03:14:19 graph]: # Epoch 48: train_loss: 0.5385 | lr: 0.000123
[2023-03-13 03:14:19] PRINT [03/13 03:14:19 graph]: --- Testf1: 0.79800, Best Valacc: 0.76200 in epoch 45 --- 
[2023-03-13 03:14:20] PRINT [03/13 03:14:20 graph]: Epoch 48: get test acc score:  0.798
[2023-03-13 03:14:20] PRINT [03/13 03:14:20 graph]: best_f1 0.798 at epoch 38
[2023-03-13 03:14:20] PRINT [03/13 03:14:20 graph]: start epoch 49.
[2023-03-13 03:14:20] PRINT [03/13 03:14:20 graph]: # Epoch 49: train_loss: 0.5396 | lr: 0.000123
[2023-03-13 03:14:20] PRINT [03/13 03:14:20 graph]: --- Testf1: 0.80500, Best Valacc: 0.77200 in epoch 70 --- 
[2023-03-13 03:14:21] PRINT [03/13 03:14:21 graph]: Epoch 49: get test acc score:  0.805
[2023-03-13 03:14:21] PRINT [03/13 03:14:21 graph]: best_f1 0.805 at epoch 49
[2023-03-13 03:14:21] PRINT [03/13 03:14:21 graph]: start epoch 50.
[2023-03-13 03:14:21] PRINT [03/13 03:14:21 graph]: # Epoch 50: train_loss: 0.5368 | lr: 0.000123
[2023-03-13 03:14:22] PRINT [03/13 03:14:22 graph]: --- Testf1: 0.81200, Best Valacc: 0.76800 in epoch 99 --- 
[2023-03-13 03:14:22] PRINT [03/13 03:14:22 graph]: Epoch 50: get test acc score:  0.812
[2023-03-13 03:14:22] PRINT [03/13 03:14:22 graph]: best_f1 0.812 at epoch 50
[2023-03-13 03:14:22] PRINT [03/13 03:14:22 graph]: start epoch 51.
[2023-03-13 03:14:22] PRINT [03/13 03:14:22 graph]: # Epoch 51: train_loss: 0.5342 | lr: 0.000123
[2023-03-13 03:14:23] PRINT [03/13 03:14:23 graph]: --- Testf1: 0.80100, Best Valacc: 0.76000 in epoch 76 --- 
[2023-03-13 03:14:23] PRINT [03/13 03:14:23 graph]: Epoch 51: get test acc score:  0.801
[2023-03-13 03:14:23] PRINT [03/13 03:14:23 graph]: best_f1 0.812 at epoch 50
[2023-03-13 03:14:23] PRINT [03/13 03:14:23 graph]: start epoch 52.
[2023-03-13 03:14:23] PRINT [03/13 03:14:23 graph]: # Epoch 52: train_loss: 0.5315 | lr: 0.000123
[2023-03-13 03:14:24] PRINT [03/13 03:14:24 graph]: --- Testf1: 0.80200, Best Valacc: 0.78600 in epoch 70 --- 
[2023-03-13 03:14:24] PRINT [03/13 03:14:24 graph]: Epoch 52: get test acc score:  0.802
[2023-03-13 03:14:24] PRINT [03/13 03:14:24 graph]: best_f1 0.812 at epoch 50
[2023-03-13 03:14:24] PRINT [03/13 03:14:24 graph]: start epoch 53.
[2023-03-13 03:14:24] PRINT [03/13 03:14:24 graph]: # Epoch 53: train_loss: 0.5323 | lr: 0.000123
[2023-03-13 03:14:25] PRINT [03/13 03:14:25 graph]: --- Testf1: 0.80900, Best Valacc: 0.77600 in epoch 88 --- 
[2023-03-13 03:14:25] PRINT [03/13 03:14:25 graph]: Epoch 53: get test acc score:  0.809
[2023-03-13 03:14:25] PRINT [03/13 03:14:25 graph]: best_f1 0.812 at epoch 50
[2023-03-13 03:14:25] PRINT [03/13 03:14:25 graph]: start epoch 54.
[2023-03-13 03:14:25] PRINT [03/13 03:14:25 graph]: # Epoch 54: train_loss: 0.5285 | lr: 0.000123
[2023-03-13 03:14:26] PRINT [03/13 03:14:26 graph]: --- Testf1: 0.78900, Best Valacc: 0.77000 in epoch 52 --- 
[2023-03-13 03:14:26] PRINT [03/13 03:14:26 graph]: Epoch 54: get test acc score:  0.789
[2023-03-13 03:14:26] PRINT [03/13 03:14:26 graph]: best_f1 0.812 at epoch 50
[2023-03-13 03:14:26] PRINT [03/13 03:14:26 graph]: start epoch 55.
[2023-03-13 03:14:26] PRINT [03/13 03:14:26 graph]: # Epoch 55: train_loss: 0.5295 | lr: 0.000123
[2023-03-13 03:14:27] PRINT [03/13 03:14:27 graph]: --- Testf1: 0.78800, Best Valacc: 0.76200 in epoch 30 --- 
[2023-03-13 03:14:27] PRINT [03/13 03:14:27 graph]: Epoch 55: get test acc score:  0.788
[2023-03-13 03:14:27] PRINT [03/13 03:14:27 graph]: best_f1 0.812 at epoch 50
[2023-03-13 03:14:27] PRINT [03/13 03:14:27 graph]: start epoch 56.
[2023-03-13 03:14:27] PRINT [03/13 03:14:27 graph]: # Epoch 56: train_loss: 0.5243 | lr: 0.000123
[2023-03-13 03:14:28] PRINT [03/13 03:14:28 graph]: --- Testf1: 0.80200, Best Valacc: 0.77400 in epoch 96 --- 
[2023-03-13 03:14:28] PRINT [03/13 03:14:28 graph]: Epoch 56: get test acc score:  0.802
[2023-03-13 03:14:28] PRINT [03/13 03:14:28 graph]: best_f1 0.812 at epoch 50
[2023-03-13 03:14:28] PRINT [03/13 03:14:28 graph]: start epoch 57.
[2023-03-13 03:14:28] PRINT [03/13 03:14:28 graph]: # Epoch 57: train_loss: 0.5253 | lr: 0.000123
[2023-03-13 03:14:29] PRINT [03/13 03:14:29 graph]: --- Testf1: 0.79600, Best Valacc: 0.77000 in epoch 56 --- 
[2023-03-13 03:14:29] PRINT [03/13 03:14:29 graph]: Epoch 57: get test acc score:  0.796
[2023-03-13 03:14:29] PRINT [03/13 03:14:29 graph]: best_f1 0.812 at epoch 50
[2023-03-13 03:14:29] PRINT [03/13 03:14:29 graph]: start epoch 58.
[2023-03-13 03:14:29] PRINT [03/13 03:14:29 graph]: # Epoch 58: train_loss: 0.5216 | lr: 0.000123
[2023-03-13 03:14:30] PRINT [03/13 03:14:30 graph]: --- Testf1: 0.79800, Best Valacc: 0.78000 in epoch 22 --- 
[2023-03-13 03:14:30] PRINT [03/13 03:14:30 graph]: Epoch 58: get test acc score:  0.798
[2023-03-13 03:14:30] PRINT [03/13 03:14:30 graph]: best_f1 0.812 at epoch 50
[2023-03-13 03:14:30] PRINT [03/13 03:14:30 graph]: start epoch 59.
[2023-03-13 03:14:30] PRINT [03/13 03:14:30 graph]: # Epoch 59: train_loss: 0.5221 | lr: 0.000123
[2023-03-13 03:14:31] PRINT [03/13 03:14:31 graph]: --- Testf1: 0.79900, Best Valacc: 0.78200 in epoch 23 --- 
[2023-03-13 03:14:31] PRINT [03/13 03:14:31 graph]: Epoch 59: get test acc score:  0.799
[2023-03-13 03:14:31] PRINT [03/13 03:14:31 graph]: best_f1 0.812 at epoch 50
[2023-03-13 03:14:31] PRINT [03/13 03:14:31 graph]: start epoch 60.
[2023-03-13 03:14:31] PRINT [03/13 03:14:31 graph]: # Epoch 60: train_loss: 0.5189 | lr: 0.000123
[2023-03-13 03:14:32] PRINT [03/13 03:14:32 graph]: --- Testf1: 0.79600, Best Valacc: 0.77800 in epoch 73 --- 
[2023-03-13 03:14:32] PRINT [03/13 03:14:32 graph]: Epoch 60: get test acc score:  0.796
[2023-03-13 03:14:32] PRINT [03/13 03:14:32 graph]: best_f1 0.812 at epoch 50
[2023-03-13 03:14:32] PRINT [03/13 03:14:32 graph]: start epoch 61.
[2023-03-13 03:14:32] PRINT [03/13 03:14:32 graph]: # Epoch 61: train_loss: 0.5201 | lr: 0.000123
[2023-03-13 03:14:33] PRINT [03/13 03:14:33 graph]: --- Testf1: 0.80100, Best Valacc: 0.76600 in epoch 93 --- 
[2023-03-13 03:14:33] PRINT [03/13 03:14:33 graph]: Epoch 61: get test acc score:  0.801
[2023-03-13 03:14:33] PRINT [03/13 03:14:33 graph]: best_f1 0.812 at epoch 50
[2023-03-13 03:14:33] PRINT [03/13 03:14:33 graph]: start epoch 62.
[2023-03-13 03:14:33] PRINT [03/13 03:14:33 graph]: # Epoch 62: train_loss: 0.5164 | lr: 0.000123
[2023-03-13 03:14:34] PRINT [03/13 03:14:34 graph]: --- Testf1: 0.79900, Best Valacc: 0.77400 in epoch 31 --- 
[2023-03-13 03:14:34] PRINT [03/13 03:14:34 graph]: Epoch 62: get test acc score:  0.799
[2023-03-13 03:14:34] PRINT [03/13 03:14:34 graph]: best_f1 0.812 at epoch 50
[2023-03-13 03:14:34] PRINT [03/13 03:14:34 graph]: start epoch 63.
[2023-03-13 03:14:34] PRINT [03/13 03:14:34 graph]: # Epoch 63: train_loss: 0.5133 | lr: 0.000123
[2023-03-13 03:14:35] PRINT [03/13 03:14:35 graph]: --- Testf1: 0.80000, Best Valacc: 0.76800 in epoch 99 --- 
[2023-03-13 03:14:35] PRINT [03/13 03:14:35 graph]: Epoch 63: get test acc score:  0.800
[2023-03-13 03:14:35] PRINT [03/13 03:14:35 graph]: best_f1 0.812 at epoch 50
[2023-03-13 03:14:35] PRINT [03/13 03:14:35 graph]: start epoch 64.
[2023-03-13 03:14:35] PRINT [03/13 03:14:35 graph]: # Epoch 64: train_loss: 0.5132 | lr: 0.000123
[2023-03-13 03:14:36] PRINT [03/13 03:14:36 graph]: --- Testf1: 0.79600, Best Valacc: 0.77000 in epoch 84 --- 
[2023-03-13 03:14:36] PRINT [03/13 03:14:36 graph]: Epoch 64: get test acc score:  0.796
[2023-03-13 03:14:36] PRINT [03/13 03:14:36 graph]: best_f1 0.812 at epoch 50
[2023-03-13 03:14:36] PRINT [03/13 03:14:36 graph]: start epoch 65.
[2023-03-13 03:14:36] PRINT [03/13 03:14:36 graph]: # Epoch 65: train_loss: 0.5113 | lr: 0.000123
[2023-03-13 03:14:37] PRINT [03/13 03:14:37 graph]: --- Testf1: 0.78300, Best Valacc: 0.76800 in epoch 19 --- 
[2023-03-13 03:14:37] PRINT [03/13 03:14:37 graph]: Epoch 65: get test acc score:  0.783
[2023-03-13 03:14:37] PRINT [03/13 03:14:37 graph]: best_f1 0.812 at epoch 50
[2023-03-13 03:14:37] PRINT [03/13 03:14:37 graph]: start epoch 66.
[2023-03-13 03:14:37] PRINT [03/13 03:14:37 graph]: # Epoch 66: train_loss: 0.5124 | lr: 0.000123
[2023-03-13 03:14:38] PRINT [03/13 03:14:38 graph]: --- Testf1: 0.80000, Best Valacc: 0.78800 in epoch 40 --- 
[2023-03-13 03:14:38] PRINT [03/13 03:14:38 graph]: Epoch 66: get test acc score:  0.800
[2023-03-13 03:14:38] PRINT [03/13 03:14:38 graph]: best_f1 0.812 at epoch 50
[2023-03-13 03:14:38] PRINT [03/13 03:14:38 graph]: start epoch 67.
[2023-03-13 03:14:38] PRINT [03/13 03:14:38 graph]: # Epoch 67: train_loss: 0.5101 | lr: 0.000123
[2023-03-13 03:14:39] PRINT [03/13 03:14:39 graph]: --- Testf1: 0.80000, Best Valacc: 0.77400 in epoch 22 --- 
[2023-03-13 03:14:39] PRINT [03/13 03:14:39 graph]: Epoch 67: get test acc score:  0.800
[2023-03-13 03:14:39] PRINT [03/13 03:14:39 graph]: best_f1 0.812 at epoch 50
[2023-03-13 03:14:39] PRINT [03/13 03:14:39 graph]: start epoch 68.
[2023-03-13 03:14:39] PRINT [03/13 03:14:39 graph]: # Epoch 68: train_loss: 0.5100 | lr: 0.000123
[2023-03-13 03:14:40] PRINT [03/13 03:14:40 graph]: --- Testf1: 0.80800, Best Valacc: 0.78200 in epoch 60 --- 
[2023-03-13 03:14:40] PRINT [03/13 03:14:40 graph]: Epoch 68: get test acc score:  0.808
[2023-03-13 03:14:40] PRINT [03/13 03:14:40 graph]: best_f1 0.812 at epoch 50
[2023-03-13 03:14:40] PRINT [03/13 03:14:40 graph]: start epoch 69.
[2023-03-13 03:14:40] PRINT [03/13 03:14:40 graph]: # Epoch 69: train_loss: 0.5079 | lr: 0.000123
[2023-03-13 03:14:41] PRINT [03/13 03:14:41 graph]: --- Testf1: 0.80100, Best Valacc: 0.78200 in epoch 47 --- 
[2023-03-13 03:14:41] PRINT [03/13 03:14:41 graph]: Epoch 69: get test acc score:  0.801
[2023-03-13 03:14:41] PRINT [03/13 03:14:41 graph]: best_f1 0.812 at epoch 50
[2023-03-13 03:14:41] PRINT [03/13 03:14:41 graph]: start epoch 70.
[2023-03-13 03:14:41] PRINT [03/13 03:14:41 graph]: # Epoch 70: train_loss: 0.5062 | lr: 0.000123
[2023-03-13 03:14:42] PRINT [03/13 03:14:42 graph]: --- Testf1: 0.79900, Best Valacc: 0.77200 in epoch 28 --- 
[2023-03-13 03:14:42] PRINT [03/13 03:14:42 graph]: Epoch 70: get test acc score:  0.799
[2023-03-13 03:14:42] PRINT [03/13 03:14:42 graph]: best_f1 0.812 at epoch 50
[2023-03-13 03:14:42] PRINT [03/13 03:14:42 graph]: start epoch 71.
[2023-03-13 03:14:42] PRINT [03/13 03:14:42 graph]: # Epoch 71: train_loss: 0.5034 | lr: 0.000123
[2023-03-13 03:14:43] PRINT [03/13 03:14:43 graph]: --- Testf1: 0.79600, Best Valacc: 0.77800 in epoch 99 --- 
[2023-03-13 03:14:43] PRINT [03/13 03:14:43 graph]: Epoch 71: get test acc score:  0.796
[2023-03-13 03:14:43] PRINT [03/13 03:14:43 graph]: best_f1 0.812 at epoch 50
[2023-03-13 03:14:43] PRINT [03/13 03:14:43 graph]: start epoch 72.
[2023-03-13 03:14:43] PRINT [03/13 03:14:43 graph]: # Epoch 72: train_loss: 0.5041 | lr: 0.000123
[2023-03-13 03:14:44] PRINT [03/13 03:14:44 graph]: --- Testf1: 0.80200, Best Valacc: 0.77800 in epoch 25 --- 
[2023-03-13 03:14:44] PRINT [03/13 03:14:44 graph]: Epoch 72: get test acc score:  0.802
[2023-03-13 03:14:44] PRINT [03/13 03:14:44 graph]: best_f1 0.812 at epoch 50
[2023-03-13 03:14:44] PRINT [03/13 03:14:44 graph]: start epoch 73.
[2023-03-13 03:14:44] PRINT [03/13 03:14:44 graph]: # Epoch 73: train_loss: 0.5014 | lr: 0.000123
[2023-03-13 03:14:45] PRINT [03/13 03:14:45 graph]: --- Testf1: 0.80100, Best Valacc: 0.77000 in epoch 43 --- 
[2023-03-13 03:14:45] PRINT [03/13 03:14:45 graph]: Epoch 73: get test acc score:  0.801
[2023-03-13 03:14:45] PRINT [03/13 03:14:45 graph]: best_f1 0.812 at epoch 50
[2023-03-13 03:14:45] PRINT [03/13 03:14:45 graph]: start epoch 74.
[2023-03-13 03:14:45] PRINT [03/13 03:14:45 graph]: # Epoch 74: train_loss: 0.5009 | lr: 0.000123
[2023-03-13 03:14:46] PRINT [03/13 03:14:46 graph]: --- Testf1: 0.80100, Best Valacc: 0.79000 in epoch 22 --- 
[2023-03-13 03:14:46] PRINT [03/13 03:14:46 graph]: Epoch 74: get test acc score:  0.801
[2023-03-13 03:14:46] PRINT [03/13 03:14:46 graph]: best_f1 0.812 at epoch 50
[2023-03-13 03:14:46] PRINT [03/13 03:14:46 graph]: start epoch 75.
[2023-03-13 03:14:46] PRINT [03/13 03:14:46 graph]: # Epoch 75: train_loss: 0.4987 | lr: 0.000123
[2023-03-13 03:14:47] PRINT [03/13 03:14:47 graph]: --- Testf1: 0.79600, Best Valacc: 0.77800 in epoch 21 --- 
[2023-03-13 03:14:47] PRINT [03/13 03:14:47 graph]: Epoch 75: get test acc score:  0.796
[2023-03-13 03:14:47] PRINT [03/13 03:14:47 graph]: best_f1 0.812 at epoch 50
[2023-03-13 03:14:47] PRINT [03/13 03:14:47 graph]: start epoch 76.
[2023-03-13 03:14:47] PRINT [03/13 03:14:47 graph]: # Epoch 76: train_loss: 0.4997 | lr: 0.000123
[2023-03-13 03:14:48] PRINT [03/13 03:14:48 graph]: --- Testf1: 0.80300, Best Valacc: 0.78400 in epoch 28 --- 
[2023-03-13 03:14:48] PRINT [03/13 03:14:48 graph]: Epoch 76: get test acc score:  0.803
[2023-03-13 03:14:48] PRINT [03/13 03:14:48 graph]: best_f1 0.812 at epoch 50
[2023-03-13 03:14:48] PRINT [03/13 03:14:48 graph]: start epoch 77.
[2023-03-13 03:14:48] PRINT [03/13 03:14:48 graph]: # Epoch 77: train_loss: 0.5013 | lr: 0.000123
[2023-03-13 03:14:49] PRINT [03/13 03:14:49 graph]: --- Testf1: 0.79200, Best Valacc: 0.77800 in epoch 16 --- 
[2023-03-13 03:14:49] PRINT [03/13 03:14:49 graph]: Epoch 77: get test acc score:  0.792
[2023-03-13 03:14:49] PRINT [03/13 03:14:49 graph]: best_f1 0.812 at epoch 50
[2023-03-13 03:14:49] PRINT [03/13 03:14:49 graph]: start epoch 78.
[2023-03-13 03:14:49] PRINT [03/13 03:14:49 graph]: # Epoch 78: train_loss: 0.4968 | lr: 0.000123
[2023-03-13 03:14:50] PRINT [03/13 03:14:50 graph]: --- Testf1: 0.80000, Best Valacc: 0.77400 in epoch 73 --- 
[2023-03-13 03:14:50] PRINT [03/13 03:14:50 graph]: Epoch 78: get test acc score:  0.800
[2023-03-13 03:14:50] PRINT [03/13 03:14:50 graph]: best_f1 0.812 at epoch 50
[2023-03-13 03:14:50] PRINT [03/13 03:14:50 graph]: start epoch 79.
[2023-03-13 03:14:50] PRINT [03/13 03:14:50 graph]: # Epoch 79: train_loss: 0.4951 | lr: 0.000123
[2023-03-13 03:14:51] PRINT [03/13 03:14:51 graph]: --- Testf1: 0.79700, Best Valacc: 0.77600 in epoch 18 --- 
[2023-03-13 03:14:51] PRINT [03/13 03:14:51 graph]: Epoch 79: get test acc score:  0.797
[2023-03-13 03:14:51] PRINT [03/13 03:14:51 graph]: best_f1 0.812 at epoch 50
[2023-03-13 03:14:51] PRINT [03/13 03:14:51 graph]: start epoch 80.
[2023-03-13 03:14:51] PRINT [03/13 03:14:51 graph]: # Epoch 80: train_loss: 0.4950 | lr: 0.000123
[2023-03-13 03:14:52] PRINT [03/13 03:14:52 graph]: --- Testf1: 0.80300, Best Valacc: 0.77800 in epoch 68 --- 
[2023-03-13 03:14:52] PRINT [03/13 03:14:52 graph]: Epoch 80: get test acc score:  0.803
[2023-03-13 03:14:52] PRINT [03/13 03:14:52 graph]: best_f1 0.812 at epoch 50
[2023-03-13 03:14:52] PRINT [03/13 03:14:52 graph]: start epoch 81.
[2023-03-13 03:14:52] PRINT [03/13 03:14:52 graph]: # Epoch 81: train_loss: 0.4952 | lr: 0.000123
[2023-03-13 03:14:53] PRINT [03/13 03:14:53 graph]: --- Testf1: 0.80000, Best Valacc: 0.79600 in epoch 92 --- 
[2023-03-13 03:14:53] PRINT [03/13 03:14:53 graph]: Epoch 81: get test acc score:  0.800
[2023-03-13 03:14:53] PRINT [03/13 03:14:53 graph]: best_f1 0.812 at epoch 50
[2023-03-13 03:14:53] PRINT [03/13 03:14:53 graph]: start epoch 82.
[2023-03-13 03:14:53] PRINT [03/13 03:14:53 graph]: # Epoch 82: train_loss: 0.4950 | lr: 0.000123
[2023-03-13 03:14:54] PRINT [03/13 03:14:54 graph]: --- Testf1: 0.80700, Best Valacc: 0.78400 in epoch 36 --- 
[2023-03-13 03:14:54] PRINT [03/13 03:14:54 graph]: Epoch 82: get test acc score:  0.807
[2023-03-13 03:14:54] PRINT [03/13 03:14:54 graph]: best_f1 0.812 at epoch 50
[2023-03-13 03:14:54] PRINT [03/13 03:14:54 graph]: start epoch 83.
[2023-03-13 03:14:54] PRINT [03/13 03:14:54 graph]: # Epoch 83: train_loss: 0.4935 | lr: 0.000123
[2023-03-13 03:14:55] PRINT [03/13 03:14:55 graph]: --- Testf1: 0.80900, Best Valacc: 0.78200 in epoch 25 --- 
[2023-03-13 03:14:55] PRINT [03/13 03:14:55 graph]: Epoch 83: get test acc score:  0.809
[2023-03-13 03:14:55] PRINT [03/13 03:14:55 graph]: best_f1 0.812 at epoch 50
[2023-03-13 03:14:55] PRINT [03/13 03:14:55 graph]: start epoch 84.
[2023-03-13 03:14:55] PRINT [03/13 03:14:55 graph]: # Epoch 84: train_loss: 0.4920 | lr: 0.000123
[2023-03-13 03:14:56] PRINT [03/13 03:14:56 graph]: --- Testf1: 0.79300, Best Valacc: 0.78000 in epoch 51 --- 
[2023-03-13 03:14:56] PRINT [03/13 03:14:56 graph]: Epoch 84: get test acc score:  0.793
[2023-03-13 03:14:56] PRINT [03/13 03:14:56 graph]: best_f1 0.812 at epoch 50
[2023-03-13 03:14:56] PRINT [03/13 03:14:56 graph]: start epoch 85.
[2023-03-13 03:14:56] PRINT [03/13 03:14:56 graph]: # Epoch 85: train_loss: 0.4910 | lr: 0.000123
[2023-03-13 03:14:57] PRINT [03/13 03:14:57 graph]: --- Testf1: 0.80200, Best Valacc: 0.78800 in epoch 21 --- 
[2023-03-13 03:14:57] PRINT [03/13 03:14:57 graph]: Epoch 85: get test acc score:  0.802
[2023-03-13 03:14:57] PRINT [03/13 03:14:57 graph]: best_f1 0.812 at epoch 50
[2023-03-13 03:14:57] PRINT [03/13 03:14:57 graph]: start epoch 86.
[2023-03-13 03:14:57] PRINT [03/13 03:14:57 graph]: # Epoch 86: train_loss: 0.4921 | lr: 0.000123
[2023-03-13 03:14:58] PRINT [03/13 03:14:58 graph]: --- Testf1: 0.79700, Best Valacc: 0.78200 in epoch 41 --- 
[2023-03-13 03:14:58] PRINT [03/13 03:14:58 graph]: Epoch 86: get test acc score:  0.797
[2023-03-13 03:14:58] PRINT [03/13 03:14:58 graph]: best_f1 0.812 at epoch 50
[2023-03-13 03:14:58] PRINT [03/13 03:14:58 graph]: start epoch 87.
[2023-03-13 03:14:58] PRINT [03/13 03:14:58 graph]: # Epoch 87: train_loss: 0.4899 | lr: 0.000123
[2023-03-13 03:14:59] PRINT [03/13 03:14:59 graph]: --- Testf1: 0.80000, Best Valacc: 0.78200 in epoch 41 --- 
[2023-03-13 03:14:59] PRINT [03/13 03:14:59 graph]: Epoch 87: get test acc score:  0.800
[2023-03-13 03:14:59] PRINT [03/13 03:14:59 graph]: best_f1 0.812 at epoch 50
[2023-03-13 03:14:59] PRINT [03/13 03:14:59 graph]: start epoch 88.
[2023-03-13 03:14:59] PRINT [03/13 03:14:59 graph]: # Epoch 88: train_loss: 0.4899 | lr: 0.000123
[2023-03-13 03:15:00] PRINT [03/13 03:15:00 graph]: --- Testf1: 0.79800, Best Valacc: 0.78800 in epoch 54 --- 
[2023-03-13 03:15:00] PRINT [03/13 03:15:00 graph]: Epoch 88: get test acc score:  0.798
[2023-03-13 03:15:00] PRINT [03/13 03:15:00 graph]: best_f1 0.812 at epoch 50
[2023-03-13 03:15:00] PRINT [03/13 03:15:00 graph]: start epoch 89.
[2023-03-13 03:15:00] PRINT [03/13 03:15:00 graph]: # Epoch 89: train_loss: 0.4879 | lr: 0.000123
[2023-03-13 03:15:01] PRINT [03/13 03:15:01 graph]: --- Testf1: 0.80500, Best Valacc: 0.77600 in epoch 34 --- 
[2023-03-13 03:15:01] PRINT [03/13 03:15:01 graph]: Epoch 89: get test acc score:  0.805
[2023-03-13 03:15:01] PRINT [03/13 03:15:01 graph]: best_f1 0.812 at epoch 50
[2023-03-13 03:15:01] PRINT [03/13 03:15:01 graph]: start epoch 90.
[2023-03-13 03:15:01] PRINT [03/13 03:15:01 graph]: # Epoch 90: train_loss: 0.4898 | lr: 0.000123
[2023-03-13 03:15:02] PRINT [03/13 03:15:02 graph]: --- Testf1: 0.79600, Best Valacc: 0.78000 in epoch 34 --- 
[2023-03-13 03:15:02] PRINT [03/13 03:15:02 graph]: Epoch 90: get test acc score:  0.796
[2023-03-13 03:15:02] PRINT [03/13 03:15:02 graph]: best_f1 0.812 at epoch 50
[2023-03-13 03:15:02] PRINT [03/13 03:15:02 graph]: start epoch 91.
[2023-03-13 03:15:02] PRINT [03/13 03:15:02 graph]: # Epoch 91: train_loss: 0.4874 | lr: 0.000123
[2023-03-13 03:15:03] PRINT [03/13 03:15:03 graph]: --- Testf1: 0.79900, Best Valacc: 0.79600 in epoch 40 --- 
[2023-03-13 03:15:03] PRINT [03/13 03:15:03 graph]: Epoch 91: get test acc score:  0.799
[2023-03-13 03:15:03] PRINT [03/13 03:15:03 graph]: best_f1 0.812 at epoch 50
[2023-03-13 03:15:03] PRINT [03/13 03:15:03 graph]: start epoch 92.
[2023-03-13 03:15:03] PRINT [03/13 03:15:03 graph]: # Epoch 92: train_loss: 0.4861 | lr: 0.000123
[2023-03-13 03:15:04] PRINT [03/13 03:15:04 graph]: --- Testf1: 0.80300, Best Valacc: 0.78800 in epoch 50 --- 
[2023-03-13 03:15:04] PRINT [03/13 03:15:04 graph]: Epoch 92: get test acc score:  0.803
[2023-03-13 03:15:04] PRINT [03/13 03:15:04 graph]: best_f1 0.812 at epoch 50
[2023-03-13 03:15:04] PRINT [03/13 03:15:04 graph]: start epoch 93.
[2023-03-13 03:15:04] PRINT [03/13 03:15:04 graph]: # Epoch 93: train_loss: 0.4846 | lr: 0.000123
[2023-03-13 03:15:05] PRINT [03/13 03:15:05 graph]: --- Testf1: 0.80400, Best Valacc: 0.79600 in epoch 46 --- 
[2023-03-13 03:15:05] PRINT [03/13 03:15:05 graph]: Epoch 93: get test acc score:  0.804
[2023-03-13 03:15:05] PRINT [03/13 03:15:05 graph]: best_f1 0.812 at epoch 50
[2023-03-13 03:15:05] PRINT [03/13 03:15:05 graph]: start epoch 94.
[2023-03-13 03:15:05] PRINT [03/13 03:15:05 graph]: # Epoch 94: train_loss: 0.4847 | lr: 0.000123
[2023-03-13 03:15:06] PRINT [03/13 03:15:06 graph]: --- Testf1: 0.80200, Best Valacc: 0.78000 in epoch 21 --- 
[2023-03-13 03:15:06] PRINT [03/13 03:15:06 graph]: Epoch 94: get test acc score:  0.802
[2023-03-13 03:15:06] PRINT [03/13 03:15:06 graph]: best_f1 0.812 at epoch 50
[2023-03-13 03:15:06] PRINT [03/13 03:15:06 graph]: start epoch 95.
[2023-03-13 03:15:06] PRINT [03/13 03:15:06 graph]: # Epoch 95: train_loss: 0.4831 | lr: 0.000123
[2023-03-13 03:15:07] PRINT [03/13 03:15:07 graph]: --- Testf1: 0.79200, Best Valacc: 0.78600 in epoch 80 --- 
[2023-03-13 03:15:07] PRINT [03/13 03:15:07 graph]: Epoch 95: get test acc score:  0.792
[2023-03-13 03:15:07] PRINT [03/13 03:15:07 graph]: best_f1 0.812 at epoch 50
[2023-03-13 03:15:07] PRINT [03/13 03:15:07 graph]: start epoch 96.
[2023-03-13 03:15:07] PRINT [03/13 03:15:07 graph]: # Epoch 96: train_loss: 0.4807 | lr: 0.000123
[2023-03-13 03:15:08] PRINT [03/13 03:15:08 graph]: --- Testf1: 0.80000, Best Valacc: 0.78200 in epoch 23 --- 
[2023-03-13 03:15:08] PRINT [03/13 03:15:08 graph]: Epoch 96: get test acc score:  0.800
[2023-03-13 03:15:08] PRINT [03/13 03:15:08 graph]: best_f1 0.812 at epoch 50
[2023-03-13 03:15:08] PRINT [03/13 03:15:08 graph]: start epoch 97.
[2023-03-13 03:15:08] PRINT [03/13 03:15:08 graph]: # Epoch 97: train_loss: 0.4811 | lr: 0.000123
[2023-03-13 03:15:09] PRINT [03/13 03:15:09 graph]: --- Testf1: 0.80300, Best Valacc: 0.80400 in epoch 63 --- 
[2023-03-13 03:15:09] PRINT [03/13 03:15:09 graph]: Epoch 97: get test acc score:  0.803
[2023-03-13 03:15:09] PRINT [03/13 03:15:09 graph]: best_f1 0.812 at epoch 50
[2023-03-13 03:15:09] PRINT [03/13 03:15:09 graph]: start epoch 98.
[2023-03-13 03:15:09] PRINT [03/13 03:15:09 graph]: # Epoch 98: train_loss: 0.4804 | lr: 0.000123
[2023-03-13 03:15:10] PRINT [03/13 03:15:10 graph]: --- Testf1: 0.79900, Best Valacc: 0.78600 in epoch 99 --- 
[2023-03-13 03:15:10] PRINT [03/13 03:15:10 graph]: Epoch 98: get test acc score:  0.799
[2023-03-13 03:15:10] PRINT [03/13 03:15:10 graph]: best_f1 0.812 at epoch 50
[2023-03-13 03:15:10] PRINT [03/13 03:15:10 graph]: start epoch 99.
[2023-03-13 03:15:10] PRINT [03/13 03:15:10 graph]: # Epoch 99: train_loss: 0.4775 | lr: 0.000123
[2023-03-13 03:15:11] PRINT [03/13 03:15:11 graph]: --- Testf1: 0.80100, Best Valacc: 0.79800 in epoch 30 --- 
[2023-03-13 03:15:11] PRINT [03/13 03:15:11 graph]: Epoch 99: get test acc score:  0.801
[2023-03-13 03:15:11] PRINT [03/13 03:15:11 graph]: best_f1 0.812 at epoch 50
[2023-03-13 03:15:11] PRINT [03/13 03:15:11 graph]: # final_acc: 0.8120±0.0000
