[2023-03-06 11:24:52] PRINT ---new cfg------
[2023-03-06 11:24:52] PRINT {'DATA': {'data_name': 'MUTAG', 'deg4feat': True}, 'DATALOADER': {'NUM_WORKERS': 0, 'BATCH_SIZE': 32}, 'MODEL': {'num_hidden': 512, 'num_layers': 2, 'nhead': 2, 'activation': 'prelu', 'attn_drop': 0.1, 'feat_drop': 0.1, 'norm': 'layernorm', 'pooler': 'mean', 'beta_schedule': 'const', 'beta_1': 0.00016961438650476077, 'beta_T': 0.033575583103133515, 'T': 879}, 'SOLVER': {'optim_type': 'adamw', 'optim_type_f': 'adamw', 'alpha': 1, 'decay': 20, 'LR': 0.0002623148931321463, 'weight_decay': 0.0005, 'MAX_EPOCH': 50}, 'DEVICE': 'cuda', 'seeds': [11], 'eval_T': [50, 100, 200], 'output_dir': '/ddm-nni/MUTAG/log', 'checkpoint_dir': '/ddm-nni/MUTAG/log/checkpoint'}
[2023-03-06 11:24:52] PRINT [03/06 11:24:52 graph]: Rank of current process: 0. World size: 1
[2023-03-06 11:24:55] PRINT [03/06 11:24:55 graph]: Environment info:
[2023-03-06 11:24:55] PRINT PyTorch version: 1.10.0+cu113
[2023-03-06 11:24:55] PRINT Is debug build: False
[2023-03-06 11:24:55] PRINT CUDA used to build PyTorch: 11.3
[2023-03-06 11:24:55] PRINT ROCM used to build PyTorch: N/A
[2023-03-06 11:24:55] PRINT 
[2023-03-06 11:24:55] PRINT OS: Ubuntu 20.04.3 LTS (x86_64)
[2023-03-06 11:24:55] PRINT GCC version: (Ubuntu 9.3.0-17ubuntu1~20.04) 9.3.0
[2023-03-06 11:24:55] PRINT Clang version: Could not collect
[2023-03-06 11:24:55] PRINT CMake version: version 3.16.3
[2023-03-06 11:24:55] PRINT Libc version: glibc-2.31
[2023-03-06 11:24:55] PRINT 
[2023-03-06 11:24:55] PRINT Python version: 3.8.10 (default, Jun  4 2021, 15:09:15)  [GCC 7.5.0] (64-bit runtime)
[2023-03-06 11:24:55] PRINT Python platform: Linux-5.4.0-90-generic-x86_64-with-glibc2.17
[2023-03-06 11:24:55] PRINT Is CUDA available: True
[2023-03-06 11:24:55] PRINT CUDA runtime version: 11.3.109
[2023-03-06 11:24:55] PRINT GPU models and configuration: GPU 0: NVIDIA GeForce RTX 3090
[2023-03-06 11:24:55] PRINT Nvidia driver version: 495.44
[2023-03-06 11:24:55] PRINT cuDNN version: Probably one of the following:
[2023-03-06 11:24:55] PRINT /usr/lib/x86_64-linux-gnu/libcudnn.so.8.2.0
[2023-03-06 11:24:55] PRINT /usr/lib/x86_64-linux-gnu/libcudnn_adv_infer.so.8.2.0
[2023-03-06 11:24:55] PRINT /usr/lib/x86_64-linux-gnu/libcudnn_adv_train.so.8.2.0
[2023-03-06 11:24:55] PRINT /usr/lib/x86_64-linux-gnu/libcudnn_cnn_infer.so.8.2.0
[2023-03-06 11:24:55] PRINT /usr/lib/x86_64-linux-gnu/libcudnn_cnn_train.so.8.2.0
[2023-03-06 11:24:55] PRINT /usr/lib/x86_64-linux-gnu/libcudnn_ops_infer.so.8.2.0
[2023-03-06 11:24:55] PRINT /usr/lib/x86_64-linux-gnu/libcudnn_ops_train.so.8.2.0
[2023-03-06 11:24:55] PRINT HIP runtime version: N/A
[2023-03-06 11:24:55] PRINT MIOpen runtime version: N/A
[2023-03-06 11:24:55] PRINT 
[2023-03-06 11:24:55] PRINT Versions of relevant libraries:
[2023-03-06 11:24:55] PRINT [pip3] numpy==1.23.5
[2023-03-06 11:24:55] PRINT [pip3] torch==1.10.0+cu113
[2023-03-06 11:24:55] PRINT [pip3] torchvision==0.11.1+cu113
[2023-03-06 11:24:55] PRINT [conda] blas                      1.0                         mkl    https://mirrors.ustc.edu.cn/anaconda/pkgs/main
[2023-03-06 11:24:55] PRINT [conda] mkl                       2021.4.0           h06a4308_640    https://mirrors.ustc.edu.cn/anaconda/pkgs/main
[2023-03-06 11:24:55] PRINT [conda] mkl-service               2.4.0            py38h7f8727e_0    https://mirrors.ustc.edu.cn/anaconda/pkgs/main
[2023-03-06 11:24:55] PRINT [conda] mkl_fft                   1.3.1            py38hd3c417c_0    https://mirrors.ustc.edu.cn/anaconda/pkgs/main
[2023-03-06 11:24:55] PRINT [conda] mkl_random                1.2.2            py38h51133e4_0    https://mirrors.ustc.edu.cn/anaconda/pkgs/main
[2023-03-06 11:24:55] PRINT [conda] numpy                     1.21.4                   pypi_0    pypi
[2023-03-06 11:24:55] PRINT [conda] numpy-base                1.23.5           py38h31eccc5_0    https://mirrors.ustc.edu.cn/anaconda/pkgs/main
[2023-03-06 11:24:55] PRINT [conda] torch                     1.10.0+cu113             pypi_0    pypi
[2023-03-06 11:24:55] PRINT [conda] torchvision               0.11.1+cu113             pypi_0    pypi
[2023-03-06 11:24:55] PRINT         Pillow (8.4.0)
[2023-03-06 11:24:55] PRINT [03/06 11:24:55 graph]: Command line arguments: Namespace(local_rank=0, resume=False, seed=1234, start_epoch=0)
[2023-03-06 11:24:55] PRINT Using degree as node features
[2023-03-06 11:24:56] PRINT ******** # Num Graphs: 188, # Num Feat: 5, # Num Classes: 2 ********
[2023-03-06 11:24:56] PRINT [03/06 11:24:56 graph]: Run 0th for seed 11
[2023-03-06 11:24:56] PRINT [03/06 11:24:56 graph]: Total trainable params num : 5191279
[2023-03-06 11:25:00] PRINT [03/06 11:25:00 graph]: ----------Start Training----------
[2023-03-06 11:25:01] PRINT [03/06 11:25:01 graph]: Epoch 0 | train_loss: 0.8179 | lr: 0.000262
[2023-03-06 11:25:01] PRINT [03/06 11:25:01 graph]: Epoch 1 | train_loss: 0.5488 | lr: 0.000262
[2023-03-06 11:25:01] PRINT [03/06 11:25:01 graph]: Epoch 2 | train_loss: 0.3817 | lr: 0.000262
[2023-03-06 11:25:03] PRINT [03/06 11:25:03 graph]: #Test_f1: 0.8567±0.0781
[2023-03-06 11:25:04] PRINT [03/06 11:25:04 graph]: Epoch 2: get test f1 score:  0.857
[2023-03-06 11:25:04] PRINT [03/06 11:25:04 graph]: best_f1 0.857 at epoch 2
[2023-03-06 11:25:04] PRINT [03/06 11:25:04 graph]: Epoch 3 | train_loss: 0.3296 | lr: 0.000262
[2023-03-06 11:25:07] PRINT [03/06 11:25:07 graph]: #Test_f1: 0.8409±0.0515
[2023-03-06 11:25:07] PRINT [03/06 11:25:07 graph]: Epoch 3: get test f1 score:  0.841
[2023-03-06 11:25:07] PRINT [03/06 11:25:07 graph]: best_f1 0.857 at epoch 2
[2023-03-06 11:25:07] PRINT [03/06 11:25:07 graph]: Epoch 4 | train_loss: 0.2975 | lr: 0.000262
[2023-03-06 11:25:10] PRINT [03/06 11:25:10 graph]: #Test_f1: 0.8351±0.0800
[2023-03-06 11:25:10] PRINT [03/06 11:25:10 graph]: Epoch 4: get test f1 score:  0.835
[2023-03-06 11:25:10] PRINT [03/06 11:25:10 graph]: best_f1 0.857 at epoch 2
[2023-03-06 11:25:11] PRINT [03/06 11:25:11 graph]: Epoch 5 | train_loss: 0.2738 | lr: 0.000262
[2023-03-06 11:25:13] PRINT [03/06 11:25:13 graph]: #Test_f1: 0.8567±0.0527
[2023-03-06 11:25:14] PRINT [03/06 11:25:14 graph]: Epoch 5: get test f1 score:  0.857
[2023-03-06 11:25:14] PRINT [03/06 11:25:14 graph]: best_f1 0.857 at epoch 2
[2023-03-06 11:25:14] PRINT [03/06 11:25:14 graph]: Epoch 6 | train_loss: 0.2688 | lr: 0.000262
[2023-03-06 11:25:17] PRINT [03/06 11:25:17 graph]: #Test_f1: 0.8564±0.0667
[2023-03-06 11:25:17] PRINT [03/06 11:25:17 graph]: Epoch 6: get test f1 score:  0.856
[2023-03-06 11:25:17] PRINT [03/06 11:25:17 graph]: best_f1 0.857 at epoch 2
[2023-03-06 11:25:17] PRINT [03/06 11:25:17 graph]: Epoch 7 | train_loss: 0.2479 | lr: 0.000262
[2023-03-06 11:25:20] PRINT [03/06 11:25:20 graph]: #Test_f1: 0.8459±0.0721
[2023-03-06 11:25:20] PRINT [03/06 11:25:20 graph]: Epoch 7: get test f1 score:  0.846
[2023-03-06 11:25:20] PRINT [03/06 11:25:20 graph]: best_f1 0.857 at epoch 2
[2023-03-06 11:25:21] PRINT [03/06 11:25:21 graph]: Epoch 8 | train_loss: 0.2462 | lr: 0.000262
[2023-03-06 11:25:23] PRINT [03/06 11:25:23 graph]: #Test_f1: 0.8620±0.0475
[2023-03-06 11:25:24] PRINT [03/06 11:25:24 graph]: Epoch 8: get test f1 score:  0.862
[2023-03-06 11:25:24] PRINT [03/06 11:25:24 graph]: best_f1 0.862 at epoch 8
[2023-03-06 11:25:24] PRINT [03/06 11:25:24 graph]: Epoch 9 | train_loss: 0.2327 | lr: 0.000262
[2023-03-06 11:25:27] PRINT [03/06 11:25:27 graph]: #Test_f1: 0.8564±0.0677
[2023-03-06 11:25:27] PRINT [03/06 11:25:27 graph]: Epoch 9: get test f1 score:  0.856
[2023-03-06 11:25:27] PRINT [03/06 11:25:27 graph]: best_f1 0.862 at epoch 8
[2023-03-06 11:25:27] PRINT [03/06 11:25:27 graph]: Epoch 10 | train_loss: 0.2275 | lr: 0.000262
[2023-03-06 11:25:30] PRINT [03/06 11:25:30 graph]: #Test_f1: 0.8137±0.0489
[2023-03-06 11:25:31] PRINT [03/06 11:25:31 graph]: Epoch 10: get test f1 score:  0.814
[2023-03-06 11:25:31] PRINT [03/06 11:25:31 graph]: best_f1 0.862 at epoch 8
[2023-03-06 11:25:31] PRINT [03/06 11:25:31 graph]: Epoch 11 | train_loss: 0.2210 | lr: 0.000262
[2023-03-06 11:25:34] PRINT [03/06 11:25:34 graph]: #Test_f1: 0.8564±0.0473
[2023-03-06 11:25:34] PRINT [03/06 11:25:34 graph]: Epoch 11: get test f1 score:  0.856
[2023-03-06 11:25:34] PRINT [03/06 11:25:34 graph]: best_f1 0.862 at epoch 8
[2023-03-06 11:25:34] PRINT [03/06 11:25:34 graph]: Epoch 12 | train_loss: 0.2110 | lr: 0.000262
[2023-03-06 11:25:37] PRINT [03/06 11:25:37 graph]: #Test_f1: 0.8412±0.0736
[2023-03-06 11:25:37] PRINT [03/06 11:25:37 graph]: Epoch 12: get test f1 score:  0.841
[2023-03-06 11:25:37] PRINT [03/06 11:25:37 graph]: best_f1 0.862 at epoch 8
[2023-03-06 11:25:38] PRINT [03/06 11:25:38 graph]: Epoch 13 | train_loss: 0.2088 | lr: 0.000262
[2023-03-06 11:25:40] PRINT [03/06 11:25:40 graph]: #Test_f1: 0.8190±0.0833
[2023-03-06 11:25:41] PRINT [03/06 11:25:41 graph]: Epoch 13: get test f1 score:  0.819
[2023-03-06 11:25:41] PRINT [03/06 11:25:41 graph]: best_f1 0.862 at epoch 8
[2023-03-06 11:25:41] PRINT [03/06 11:25:41 graph]: Epoch 14 | train_loss: 0.1990 | lr: 0.000262
[2023-03-06 11:25:44] PRINT [03/06 11:25:44 graph]: #Test_f1: 0.8617±0.0632
[2023-03-06 11:25:44] PRINT [03/06 11:25:44 graph]: Epoch 14: get test f1 score:  0.862
[2023-03-06 11:25:44] PRINT [03/06 11:25:44 graph]: best_f1 0.862 at epoch 8
[2023-03-06 11:25:44] PRINT [03/06 11:25:44 graph]: Epoch 15 | train_loss: 0.1945 | lr: 0.000262
[2023-03-06 11:25:47] PRINT [03/06 11:25:47 graph]: #Test_f1: 0.8567±0.0472
[2023-03-06 11:25:48] PRINT [03/06 11:25:48 graph]: Epoch 15: get test f1 score:  0.857
[2023-03-06 11:25:48] PRINT [03/06 11:25:48 graph]: best_f1 0.862 at epoch 8
[2023-03-06 11:25:48] PRINT [03/06 11:25:48 graph]: Epoch 16 | train_loss: 0.1940 | lr: 0.000262
[2023-03-06 11:25:51] PRINT [03/06 11:25:51 graph]: #Test_f1: 0.8459±0.0595
[2023-03-06 11:25:51] PRINT [03/06 11:25:51 graph]: Epoch 16: get test f1 score:  0.846
[2023-03-06 11:25:51] PRINT [03/06 11:25:51 graph]: best_f1 0.862 at epoch 8
[2023-03-06 11:25:51] PRINT [03/06 11:25:51 graph]: Epoch 17 | train_loss: 0.1985 | lr: 0.000262
[2023-03-06 11:25:54] PRINT [03/06 11:25:54 graph]: #Test_f1: 0.8673±0.0629
[2023-03-06 11:25:54] PRINT [03/06 11:25:54 graph]: Epoch 17: get test f1 score:  0.867
[2023-03-06 11:25:54] PRINT [03/06 11:25:54 graph]: best_f1 0.867 at epoch 17
[2023-03-06 11:25:54] PRINT [03/06 11:25:54 graph]: Epoch 18 | train_loss: 0.1868 | lr: 0.000262
[2023-03-06 11:25:57] PRINT [03/06 11:25:57 graph]: #Test_f1: 0.8456±0.0558
[2023-03-06 11:25:57] PRINT [03/06 11:25:57 graph]: Epoch 18: get test f1 score:  0.846
[2023-03-06 11:25:57] PRINT [03/06 11:25:57 graph]: best_f1 0.867 at epoch 17
[2023-03-06 11:25:58] PRINT [03/06 11:25:58 graph]: Epoch 19 | train_loss: 0.1758 | lr: 0.000262
[2023-03-06 11:26:00] PRINT [03/06 11:26:00 graph]: #Test_f1: 0.8406±0.0401
[2023-03-06 11:26:00] PRINT [03/06 11:26:00 graph]: Epoch 19: get test f1 score:  0.841
[2023-03-06 11:26:00] PRINT [03/06 11:26:00 graph]: best_f1 0.867 at epoch 17
[2023-03-06 11:26:01] PRINT [03/06 11:26:01 graph]: Epoch 20 | train_loss: 0.1775 | lr: 0.000262
[2023-03-06 11:26:04] PRINT [03/06 11:26:04 graph]: #Test_f1: 0.8348±0.0693
[2023-03-06 11:26:04] PRINT [03/06 11:26:04 graph]: Epoch 20: get test f1 score:  0.835
[2023-03-06 11:26:04] PRINT [03/06 11:26:04 graph]: best_f1 0.867 at epoch 17
[2023-03-06 11:26:04] PRINT [03/06 11:26:04 graph]: Epoch 21 | train_loss: 0.1749 | lr: 0.000262
[2023-03-06 11:26:07] PRINT [03/06 11:26:07 graph]: #Test_f1: 0.8667±0.0496
[2023-03-06 11:26:07] PRINT [03/06 11:26:07 graph]: Epoch 21: get test f1 score:  0.867
[2023-03-06 11:26:07] PRINT [03/06 11:26:07 graph]: best_f1 0.867 at epoch 17
[2023-03-06 11:26:08] PRINT [03/06 11:26:08 graph]: Epoch 22 | train_loss: 0.1751 | lr: 0.000262
[2023-03-06 11:26:10] PRINT [03/06 11:26:10 graph]: #Test_f1: 0.8623±0.0579
[2023-03-06 11:26:11] PRINT [03/06 11:26:11 graph]: Epoch 22: get test f1 score:  0.862
[2023-03-06 11:26:11] PRINT [03/06 11:26:11 graph]: best_f1 0.867 at epoch 17
[2023-03-06 11:26:11] PRINT [03/06 11:26:11 graph]: Epoch 23 | train_loss: 0.1738 | lr: 0.000262
[2023-03-06 11:26:14] PRINT [03/06 11:26:14 graph]: #Test_f1: 0.8459±0.0363
[2023-03-06 11:26:14] PRINT [03/06 11:26:14 graph]: Epoch 23: get test f1 score:  0.846
[2023-03-06 11:26:14] PRINT [03/06 11:26:14 graph]: best_f1 0.867 at epoch 17
[2023-03-06 11:26:14] PRINT [03/06 11:26:14 graph]: Epoch 24 | train_loss: 0.1715 | lr: 0.000262
[2023-03-06 11:26:17] PRINT [03/06 11:26:17 graph]: #Test_f1: 0.8404±0.0629
[2023-03-06 11:26:17] PRINT [03/06 11:26:17 graph]: Epoch 24: get test f1 score:  0.840
[2023-03-06 11:26:17] PRINT [03/06 11:26:17 graph]: best_f1 0.867 at epoch 17
[2023-03-06 11:26:17] PRINT [03/06 11:26:17 graph]: Epoch 25 | train_loss: 0.1706 | lr: 0.000262
[2023-03-06 11:26:20] PRINT [03/06 11:26:20 graph]: #Test_f1: 0.8675±0.0582
[2023-03-06 11:26:20] PRINT [03/06 11:26:20 graph]: Epoch 25: get test f1 score:  0.868
[2023-03-06 11:26:20] PRINT [03/06 11:26:20 graph]: best_f1 0.868 at epoch 25
[2023-03-06 11:26:21] PRINT [03/06 11:26:21 graph]: Epoch 26 | train_loss: 0.1730 | lr: 0.000262
[2023-03-06 11:26:23] PRINT [03/06 11:26:23 graph]: #Test_f1: 0.8620±0.0536
[2023-03-06 11:26:24] PRINT [03/06 11:26:24 graph]: Epoch 26: get test f1 score:  0.862
[2023-03-06 11:26:24] PRINT [03/06 11:26:24 graph]: best_f1 0.868 at epoch 25
[2023-03-06 11:26:24] PRINT [03/06 11:26:24 graph]: Epoch 27 | train_loss: 0.1696 | lr: 0.000262
[2023-03-06 11:26:27] PRINT [03/06 11:26:27 graph]: #Test_f1: 0.8351±0.0368
[2023-03-06 11:26:27] PRINT [03/06 11:26:27 graph]: Epoch 27: get test f1 score:  0.835
[2023-03-06 11:26:27] PRINT [03/06 11:26:27 graph]: best_f1 0.868 at epoch 25
[2023-03-06 11:26:27] PRINT [03/06 11:26:27 graph]: Epoch 28 | train_loss: 0.1618 | lr: 0.000262
[2023-03-06 11:26:30] PRINT [03/06 11:26:30 graph]: #Test_f1: 0.8667±0.0368
[2023-03-06 11:26:30] PRINT [03/06 11:26:30 graph]: Epoch 28: get test f1 score:  0.867
[2023-03-06 11:26:30] PRINT [03/06 11:26:30 graph]: best_f1 0.868 at epoch 25
[2023-03-06 11:26:30] PRINT [03/06 11:26:30 graph]: Epoch 29 | train_loss: 0.1683 | lr: 0.000262
[2023-03-06 11:26:33] PRINT [03/06 11:26:33 graph]: #Test_f1: 0.8827±0.0534
[2023-03-06 11:26:33] PRINT [03/06 11:26:33 graph]: Epoch 29: get test f1 score:  0.883
[2023-03-06 11:26:33] PRINT [03/06 11:26:33 graph]: best_f1 0.883 at epoch 29
[2023-03-06 11:26:34] PRINT [03/06 11:26:34 graph]: Epoch 30 | train_loss: 0.1647 | lr: 0.000262
[2023-03-06 11:26:36] PRINT [03/06 11:26:36 graph]: #Test_f1: 0.8614±0.0680
[2023-03-06 11:26:36] PRINT [03/06 11:26:36 graph]: Epoch 30: get test f1 score:  0.861
[2023-03-06 11:26:36] PRINT [03/06 11:26:36 graph]: best_f1 0.883 at epoch 29
[2023-03-06 11:26:37] PRINT [03/06 11:26:37 graph]: Epoch 31 | train_loss: 0.1619 | lr: 0.000262
[2023-03-06 11:26:39] PRINT [03/06 11:26:39 graph]: #Test_f1: 0.8830±0.0457
[2023-03-06 11:26:40] PRINT [03/06 11:26:40 graph]: Epoch 31: get test f1 score:  0.883
[2023-03-06 11:26:40] PRINT [03/06 11:26:40 graph]: best_f1 0.883 at epoch 31
[2023-03-06 11:26:40] PRINT [03/06 11:26:40 graph]: Epoch 32 | train_loss: 0.1540 | lr: 0.000262
[2023-03-06 11:26:43] PRINT [03/06 11:26:43 graph]: #Test_f1: 0.8719±0.0548
[2023-03-06 11:26:43] PRINT [03/06 11:26:43 graph]: Epoch 32: get test f1 score:  0.872
[2023-03-06 11:26:43] PRINT [03/06 11:26:43 graph]: best_f1 0.883 at epoch 31
[2023-03-06 11:26:43] PRINT [03/06 11:26:43 graph]: Epoch 33 | train_loss: 0.1542 | lr: 0.000262
[2023-03-06 11:26:46] PRINT [03/06 11:26:46 graph]: #Test_f1: 0.8772±0.0542
[2023-03-06 11:26:46] PRINT [03/06 11:26:46 graph]: Epoch 33: get test f1 score:  0.877
[2023-03-06 11:26:46] PRINT [03/06 11:26:46 graph]: best_f1 0.883 at epoch 31
[2023-03-06 11:26:46] PRINT [03/06 11:26:46 graph]: Epoch 34 | train_loss: 0.1474 | lr: 0.000262
[2023-03-06 11:26:49] PRINT [03/06 11:26:49 graph]: #Test_f1: 0.8877±0.0656
[2023-03-06 11:26:49] PRINT [03/06 11:26:49 graph]: Epoch 34: get test f1 score:  0.888
[2023-03-06 11:26:49] PRINT [03/06 11:26:49 graph]: best_f1 0.888 at epoch 34
[2023-03-06 11:26:50] PRINT [03/06 11:26:50 graph]: Epoch 35 | train_loss: 0.1436 | lr: 0.000262
[2023-03-06 11:26:52] PRINT [03/06 11:26:52 graph]: #Test_f1: 0.8775±0.0479
[2023-03-06 11:26:53] PRINT [03/06 11:26:53 graph]: Epoch 35: get test f1 score:  0.877
[2023-03-06 11:26:53] PRINT [03/06 11:26:53 graph]: best_f1 0.888 at epoch 34
[2023-03-06 11:26:53] PRINT [03/06 11:26:53 graph]: Epoch 36 | train_loss: 0.1428 | lr: 0.000262
[2023-03-06 11:26:55] PRINT [03/06 11:26:55 graph]: #Test_f1: 0.8778±0.0576
[2023-03-06 11:26:56] PRINT [03/06 11:26:56 graph]: Epoch 36: get test f1 score:  0.878
[2023-03-06 11:26:56] PRINT [03/06 11:26:56 graph]: best_f1 0.888 at epoch 34
[2023-03-06 11:26:56] PRINT [03/06 11:26:56 graph]: Epoch 37 | train_loss: 0.1512 | lr: 0.000262
[2023-03-06 11:26:59] PRINT [03/06 11:26:59 graph]: #Test_f1: 0.8506±0.0711
[2023-03-06 11:26:59] PRINT [03/06 11:26:59 graph]: Epoch 37: get test f1 score:  0.851
[2023-03-06 11:26:59] PRINT [03/06 11:26:59 graph]: best_f1 0.888 at epoch 34
[2023-03-06 11:26:59] PRINT [03/06 11:26:59 graph]: Epoch 38 | train_loss: 0.1401 | lr: 0.000262
[2023-03-06 11:27:02] PRINT [03/06 11:27:02 graph]: #Test_f1: 0.8719±0.0548
[2023-03-06 11:27:02] PRINT [03/06 11:27:02 graph]: Epoch 38: get test f1 score:  0.872
[2023-03-06 11:27:02] PRINT [03/06 11:27:02 graph]: best_f1 0.888 at epoch 34
[2023-03-06 11:27:02] PRINT [03/06 11:27:02 graph]: Epoch 39 | train_loss: 0.1383 | lr: 0.000262
[2023-03-06 11:27:05] PRINT [03/06 11:27:05 graph]: #Test_f1: 0.8827±0.0522
[2023-03-06 11:27:05] PRINT [03/06 11:27:05 graph]: Epoch 39: get test f1 score:  0.883
[2023-03-06 11:27:05] PRINT [03/06 11:27:05 graph]: best_f1 0.888 at epoch 34
[2023-03-06 11:27:06] PRINT [03/06 11:27:06 graph]: Epoch 40 | train_loss: 0.1370 | lr: 0.000262
[2023-03-06 11:27:08] PRINT [03/06 11:27:08 graph]: #Test_f1: 0.8561±0.0535
[2023-03-06 11:27:08] PRINT [03/06 11:27:08 graph]: Epoch 40: get test f1 score:  0.856
[2023-03-06 11:27:08] PRINT [03/06 11:27:08 graph]: best_f1 0.888 at epoch 34
[2023-03-06 11:27:09] PRINT [03/06 11:27:09 graph]: Epoch 41 | train_loss: 0.1359 | lr: 0.000262
[2023-03-06 11:27:11] PRINT [03/06 11:27:11 graph]: #Test_f1: 0.8985±0.0450
[2023-03-06 11:27:12] PRINT [03/06 11:27:12 graph]: Epoch 41: get test f1 score:  0.899
[2023-03-06 11:27:12] PRINT [03/06 11:27:12 graph]: best_f1 0.899 at epoch 41
[2023-03-06 11:27:12] PRINT [03/06 11:27:12 graph]: Epoch 42 | train_loss: 0.1411 | lr: 0.000262
[2023-03-06 11:27:15] PRINT [03/06 11:27:15 graph]: #Test_f1: 0.8667±0.0684
[2023-03-06 11:27:15] PRINT [03/06 11:27:15 graph]: Epoch 42: get test f1 score:  0.867
[2023-03-06 11:27:15] PRINT [03/06 11:27:15 graph]: best_f1 0.899 at epoch 41
[2023-03-06 11:27:15] PRINT [03/06 11:27:15 graph]: Epoch 43 | train_loss: 0.1337 | lr: 0.000262
[2023-03-06 11:27:18] PRINT [03/06 11:27:18 graph]: #Test_f1: 0.8614±0.0720
[2023-03-06 11:27:18] PRINT [03/06 11:27:18 graph]: Epoch 43: get test f1 score:  0.861
[2023-03-06 11:27:18] PRINT [03/06 11:27:18 graph]: best_f1 0.899 at epoch 41
[2023-03-06 11:27:19] PRINT [03/06 11:27:19 graph]: Epoch 44 | train_loss: 0.1373 | lr: 0.000262
[2023-03-06 11:27:21] PRINT [03/06 11:27:21 graph]: #Test_f1: 0.8667±0.0368
[2023-03-06 11:27:22] PRINT [03/06 11:27:22 graph]: Epoch 44: get test f1 score:  0.867
[2023-03-06 11:27:22] PRINT [03/06 11:27:22 graph]: best_f1 0.899 at epoch 41
[2023-03-06 11:27:22] PRINT [03/06 11:27:22 graph]: Epoch 45 | train_loss: 0.1386 | lr: 0.000262
[2023-03-06 11:27:24] PRINT [03/06 11:27:24 graph]: #Test_f1: 0.8772±0.0542
[2023-03-06 11:27:25] PRINT [03/06 11:27:25 graph]: Epoch 45: get test f1 score:  0.877
[2023-03-06 11:27:25] PRINT [03/06 11:27:25 graph]: best_f1 0.899 at epoch 41
[2023-03-06 11:27:25] PRINT [03/06 11:27:25 graph]: Epoch 46 | train_loss: 0.1342 | lr: 0.000262
[2023-03-06 11:27:28] PRINT [03/06 11:27:28 graph]: #Test_f1: 0.8611±0.0557
[2023-03-06 11:27:28] PRINT [03/06 11:27:28 graph]: Epoch 46: get test f1 score:  0.861
[2023-03-06 11:27:28] PRINT [03/06 11:27:28 graph]: best_f1 0.899 at epoch 41
[2023-03-06 11:27:28] PRINT [03/06 11:27:28 graph]: Epoch 47 | train_loss: 0.1371 | lr: 0.000262
[2023-03-06 11:27:31] PRINT [03/06 11:27:31 graph]: #Test_f1: 0.8827±0.0663
[2023-03-06 11:27:31] PRINT [03/06 11:27:31 graph]: Epoch 47: get test f1 score:  0.883
[2023-03-06 11:27:31] PRINT [03/06 11:27:31 graph]: best_f1 0.899 at epoch 41
[2023-03-06 11:27:32] PRINT [03/06 11:27:32 graph]: Epoch 48 | train_loss: 0.1348 | lr: 0.000262
[2023-03-06 11:27:34] PRINT [03/06 11:27:34 graph]: #Test_f1: 0.8611±0.0691
[2023-03-06 11:27:35] PRINT [03/06 11:27:35 graph]: Epoch 48: get test f1 score:  0.861
[2023-03-06 11:27:35] PRINT [03/06 11:27:35 graph]: best_f1 0.899 at epoch 41
[2023-03-06 11:27:35] PRINT [03/06 11:27:35 graph]: Epoch 49 | train_loss: 0.1304 | lr: 0.000262
[2023-03-06 11:27:38] PRINT [03/06 11:27:38 graph]: #Test_f1: 0.8874±0.0579
[2023-03-06 11:27:38] PRINT [03/06 11:27:38 graph]: Epoch 49: get test f1 score:  0.887
[2023-03-06 11:27:38] PRINT [03/06 11:27:38 graph]: best_f1 0.899 at epoch 41
[2023-03-06 11:27:38] PRINT [03/06 11:27:38 graph]: # final_acc: 0.8985±0.0000
