[2023-03-18 10:59:28] PRINT ---new cfg------
[2023-03-18 10:59:28] PRINT {'DATA': {'data_name': 'citeseer'}, 'DATALOADER': {'NUM_WORKERS': 0}, 'MODEL': {'num_hidden': 256, 'num_layers': 2, 'nhead': 2, 'activation': 'prelu', 'attn_drop': 0.5, 'feat_drop': 0.4, 'norm': 'batchnorm', 'pooler': 'mean', 'beta_schedule': 'const', 'beta_1': 0.00010763153990099865, 'beta_T': 0.06547415829832051, 'T': 788, 'alpha_l': 2}, 'SOLVER': {'optim_type': 'adam', 'optim_type_f': 'adamw', 'alpha': 0, 'decay': 10, 'LR': 0.00016736635233546526, 'LR_f': 0.04886507714595768, 'weight_decay': 0, 'weight_decay_f': 7.362368080260763e-06, 'MAX_EPOCH': 100, 'max_epoch_f': 100}, 'DEVICE': 'cuda', 'seeds': [0], 'eval_T': [50, 100, 200], 'output_dir': '/ddm-nni/Citeseer/log', 'checkpoint_dir': '/ddm-nni/Citeseer/log/checkpoint'}
[2023-03-18 10:59:28] PRINT [03/18 10:59:28 graph]: Rank of current process: 0. World size: 1
[2023-03-18 10:59:31] PRINT [03/18 10:59:31 graph]: Environment info:
[2023-03-18 10:59:31] PRINT PyTorch version: 1.10.0+cu113
[2023-03-18 10:59:31] PRINT Is debug build: False
[2023-03-18 10:59:31] PRINT CUDA used to build PyTorch: 11.3
[2023-03-18 10:59:31] PRINT ROCM used to build PyTorch: N/A
[2023-03-18 10:59:31] PRINT 
[2023-03-18 10:59:31] PRINT OS: Ubuntu 20.04.3 LTS (x86_64)
[2023-03-18 10:59:31] PRINT GCC version: (Ubuntu 9.3.0-17ubuntu1~20.04) 9.3.0
[2023-03-18 10:59:31] PRINT Clang version: Could not collect
[2023-03-18 10:59:31] PRINT CMake version: version 3.16.3
[2023-03-18 10:59:31] PRINT Libc version: glibc-2.31
[2023-03-18 10:59:31] PRINT 
[2023-03-18 10:59:31] PRINT Python version: 3.8.10 (default, Jun  4 2021, 15:09:15)  [GCC 7.5.0] (64-bit runtime)
[2023-03-18 10:59:31] PRINT Python platform: Linux-5.4.0-90-generic-x86_64-with-glibc2.17
[2023-03-18 10:59:31] PRINT Is CUDA available: True
[2023-03-18 10:59:31] PRINT CUDA runtime version: 11.3.109
[2023-03-18 10:59:31] PRINT GPU models and configuration: GPU 0: NVIDIA GeForce RTX 3090
[2023-03-18 10:59:31] PRINT Nvidia driver version: 495.44
[2023-03-18 10:59:31] PRINT cuDNN version: Probably one of the following:
[2023-03-18 10:59:31] PRINT /usr/lib/x86_64-linux-gnu/libcudnn.so.8.2.0
[2023-03-18 10:59:31] PRINT /usr/lib/x86_64-linux-gnu/libcudnn_adv_infer.so.8.2.0
[2023-03-18 10:59:31] PRINT /usr/lib/x86_64-linux-gnu/libcudnn_adv_train.so.8.2.0
[2023-03-18 10:59:31] PRINT /usr/lib/x86_64-linux-gnu/libcudnn_cnn_infer.so.8.2.0
[2023-03-18 10:59:31] PRINT /usr/lib/x86_64-linux-gnu/libcudnn_cnn_train.so.8.2.0
[2023-03-18 10:59:31] PRINT /usr/lib/x86_64-linux-gnu/libcudnn_ops_infer.so.8.2.0
[2023-03-18 10:59:31] PRINT /usr/lib/x86_64-linux-gnu/libcudnn_ops_train.so.8.2.0
[2023-03-18 10:59:31] PRINT HIP runtime version: N/A
[2023-03-18 10:59:31] PRINT MIOpen runtime version: N/A
[2023-03-18 10:59:31] PRINT 
[2023-03-18 10:59:31] PRINT Versions of relevant libraries:
[2023-03-18 10:59:31] PRINT [pip3] numpy==1.23.5
[2023-03-18 10:59:31] PRINT [pip3] torch==1.10.0+cu113
[2023-03-18 10:59:31] PRINT [pip3] torchvision==0.11.1+cu113
[2023-03-18 10:59:31] PRINT [conda] blas                      1.0                         mkl    https://mirrors.ustc.edu.cn/anaconda/pkgs/main
[2023-03-18 10:59:31] PRINT [conda] mkl                       2021.4.0           h06a4308_640    https://mirrors.ustc.edu.cn/anaconda/pkgs/main
[2023-03-18 10:59:31] PRINT [conda] mkl-service               2.4.0            py38h7f8727e_0    https://mirrors.ustc.edu.cn/anaconda/pkgs/main
[2023-03-18 10:59:31] PRINT [conda] mkl_fft                   1.3.1            py38hd3c417c_0    https://mirrors.ustc.edu.cn/anaconda/pkgs/main
[2023-03-18 10:59:31] PRINT [conda] mkl_random                1.2.2            py38h51133e4_0    https://mirrors.ustc.edu.cn/anaconda/pkgs/main
[2023-03-18 10:59:31] PRINT [conda] numpy                     1.21.4                   pypi_0    pypi
[2023-03-18 10:59:31] PRINT [conda] numpy-base                1.23.5           py38h31eccc5_0    https://mirrors.ustc.edu.cn/anaconda/pkgs/main
[2023-03-18 10:59:31] PRINT [conda] torch                     1.10.0+cu113             pypi_0    pypi
[2023-03-18 10:59:31] PRINT [conda] torchvision               0.11.1+cu113             pypi_0    pypi
[2023-03-18 10:59:31] PRINT         Pillow (8.4.0)
[2023-03-18 10:59:31] PRINT [03/18 10:59:31 graph]: Command line arguments: Namespace(local_rank=0, resume=False, seed=1234, start_epoch=0)
[2023-03-18 10:59:31] PRINT   NumNodes: 3327
[2023-03-18 10:59:31] PRINT   NumEdges: 9228
[2023-03-18 10:59:31] PRINT   NumFeats: 3703
[2023-03-18 10:59:31] PRINT   NumClasses: 6
[2023-03-18 10:59:31] PRINT   NumTrainingSamples: 120
[2023-03-18 10:59:31] PRINT   NumValidationSamples: 500
[2023-03-18 10:59:31] PRINT   NumTestSamples: 1000
[2023-03-18 10:59:31] PRINT Done loading data from cached files.
[2023-03-18 10:59:31] PRINT [03/18 10:59:31 graph]: Run 0th for seed 0
[2023-03-18 10:59:31] PRINT [03/18 10:59:31 graph]: Total trainable params num : 45391555
[2023-03-18 10:59:35] PRINT [03/18 10:59:35 graph]: ----------Start Training----------
[2023-03-18 10:59:36] PRINT [03/18 10:59:36 graph]: start epoch 0.
[2023-03-18 10:59:36] PRINT [03/18 10:59:36 graph]: # Epoch 0: train_loss: 0.9269 | lr: 0.000167
[2023-03-18 10:59:36] PRINT [03/18 10:59:36 graph]: start epoch 1.
[2023-03-18 10:59:36] PRINT [03/18 10:59:36 graph]: # Epoch 1: train_loss: 0.8284 | lr: 0.000167
[2023-03-18 10:59:36] PRINT [03/18 10:59:36 graph]: start epoch 2.
[2023-03-18 10:59:36] PRINT [03/18 10:59:36 graph]: # Epoch 2: train_loss: 0.7606 | lr: 0.000167
[2023-03-18 10:59:36] PRINT [03/18 10:59:36 graph]: start epoch 3.
[2023-03-18 10:59:36] PRINT [03/18 10:59:36 graph]: # Epoch 3: train_loss: 0.7138 | lr: 0.000167
[2023-03-18 10:59:36] PRINT [03/18 10:59:36 graph]: start epoch 4.
[2023-03-18 10:59:36] PRINT [03/18 10:59:36 graph]: # Epoch 4: train_loss: 0.6848 | lr: 0.000167
[2023-03-18 10:59:36] PRINT [03/18 10:59:36 graph]: start epoch 5.
[2023-03-18 10:59:36] PRINT [03/18 10:59:36 graph]: # Epoch 5: train_loss: 0.6676 | lr: 0.000167
[2023-03-18 10:59:36] PRINT [03/18 10:59:36 graph]: start epoch 6.
[2023-03-18 10:59:36] PRINT [03/18 10:59:36 graph]: # Epoch 6: train_loss: 0.6560 | lr: 0.000167
[2023-03-18 10:59:36] PRINT [03/18 10:59:36 graph]: start epoch 7.
[2023-03-18 10:59:36] PRINT [03/18 10:59:36 graph]: # Epoch 7: train_loss: 0.6489 | lr: 0.000167
[2023-03-18 10:59:36] PRINT [03/18 10:59:36 graph]: start epoch 8.
[2023-03-18 10:59:37] PRINT [03/18 10:59:37 graph]: # Epoch 8: train_loss: 0.6433 | lr: 0.000167
[2023-03-18 10:59:37] PRINT [03/18 10:59:37 graph]: start epoch 9.
[2023-03-18 10:59:37] PRINT [03/18 10:59:37 graph]: # Epoch 9: train_loss: 0.6385 | lr: 0.000167
[2023-03-18 10:59:37] PRINT [03/18 10:59:37 graph]: start epoch 10.
[2023-03-18 10:59:37] PRINT [03/18 10:59:37 graph]: # Epoch 10: train_loss: 0.6354 | lr: 0.000000
[2023-03-18 10:59:37] PRINT [03/18 10:59:37 graph]: start epoch 11.
[2023-03-18 10:59:37] PRINT [03/18 10:59:37 graph]: # Epoch 11: train_loss: 0.6350 | lr: 0.000000
[2023-03-18 10:59:37] PRINT [03/18 10:59:37 graph]: --- Testf1: 0.57300, Best Valacc: 0.55400 in epoch 43 --- 
[2023-03-18 10:59:38] PRINT [03/18 10:59:38 graph]: Epoch 11: get test acc score:  0.573
[2023-03-18 10:59:38] PRINT [03/18 10:59:38 graph]: best_f1 0.573 at epoch 11
[2023-03-18 10:59:38] PRINT [03/18 10:59:38 graph]: start epoch 12.
[2023-03-18 10:59:38] PRINT [03/18 10:59:38 graph]: # Epoch 12: train_loss: 0.6352 | lr: 0.000000
[2023-03-18 10:59:38] PRINT [03/18 10:59:38 graph]: --- Testf1: 0.56600, Best Valacc: 0.54400 in epoch 21 --- 
[2023-03-18 10:59:39] PRINT [03/18 10:59:39 graph]: Epoch 12: get test acc score:  0.566
[2023-03-18 10:59:39] PRINT [03/18 10:59:39 graph]: best_f1 0.573 at epoch 11
[2023-03-18 10:59:39] PRINT [03/18 10:59:39 graph]: start epoch 13.
[2023-03-18 10:59:39] PRINT [03/18 10:59:39 graph]: # Epoch 13: train_loss: 0.6357 | lr: 0.000000
[2023-03-18 10:59:39] PRINT [03/18 10:59:39 graph]: --- Testf1: 0.58100, Best Valacc: 0.54200 in epoch 58 --- 
[2023-03-18 10:59:40] PRINT [03/18 10:59:40 graph]: Epoch 13: get test acc score:  0.581
[2023-03-18 10:59:40] PRINT [03/18 10:59:40 graph]: best_f1 0.581 at epoch 13
[2023-03-18 10:59:40] PRINT [03/18 10:59:40 graph]: start epoch 14.
[2023-03-18 10:59:40] PRINT [03/18 10:59:40 graph]: # Epoch 14: train_loss: 0.6358 | lr: 0.000000
[2023-03-18 10:59:40] PRINT [03/18 10:59:40 graph]: --- Testf1: 0.58800, Best Valacc: 0.55800 in epoch 22 --- 
[2023-03-18 10:59:41] PRINT [03/18 10:59:41 graph]: Epoch 14: get test acc score:  0.588
[2023-03-18 10:59:41] PRINT [03/18 10:59:41 graph]: best_f1 0.588 at epoch 14
[2023-03-18 10:59:41] PRINT [03/18 10:59:41 graph]: start epoch 15.
[2023-03-18 10:59:41] PRINT [03/18 10:59:41 graph]: # Epoch 15: train_loss: 0.6353 | lr: 0.000000
[2023-03-18 10:59:41] PRINT [03/18 10:59:41 graph]: --- Testf1: 0.56800, Best Valacc: 0.55400 in epoch 27 --- 
[2023-03-18 10:59:42] PRINT [03/18 10:59:42 graph]: Epoch 15: get test acc score:  0.568
[2023-03-18 10:59:42] PRINT [03/18 10:59:42 graph]: best_f1 0.588 at epoch 14
[2023-03-18 10:59:42] PRINT [03/18 10:59:42 graph]: start epoch 16.
[2023-03-18 10:59:42] PRINT [03/18 10:59:42 graph]: # Epoch 16: train_loss: 0.6356 | lr: 0.000000
[2023-03-18 10:59:42] PRINT [03/18 10:59:42 graph]: --- Testf1: 0.57200, Best Valacc: 0.57600 in epoch 35 --- 
[2023-03-18 10:59:43] PRINT [03/18 10:59:43 graph]: Epoch 16: get test acc score:  0.572
[2023-03-18 10:59:43] PRINT [03/18 10:59:43 graph]: best_f1 0.588 at epoch 14
[2023-03-18 10:59:43] PRINT [03/18 10:59:43 graph]: start epoch 17.
[2023-03-18 10:59:43] PRINT [03/18 10:59:43 graph]: # Epoch 17: train_loss: 0.6352 | lr: 0.000000
[2023-03-18 10:59:43] PRINT [03/18 10:59:43 graph]: --- Testf1: 0.58800, Best Valacc: 0.56000 in epoch 32 --- 
[2023-03-18 10:59:44] PRINT [03/18 10:59:44 graph]: Epoch 17: get test acc score:  0.588
[2023-03-18 10:59:44] PRINT [03/18 10:59:44 graph]: best_f1 0.588 at epoch 14
[2023-03-18 10:59:44] PRINT [03/18 10:59:44 graph]: start epoch 18.
[2023-03-18 10:59:44] PRINT [03/18 10:59:44 graph]: # Epoch 18: train_loss: 0.6352 | lr: 0.000000
[2023-03-18 10:59:44] PRINT [03/18 10:59:44 graph]: --- Testf1: 0.59400, Best Valacc: 0.58000 in epoch 33 --- 
[2023-03-18 10:59:45] PRINT [03/18 10:59:45 graph]: Epoch 18: get test acc score:  0.594
[2023-03-18 10:59:45] PRINT [03/18 10:59:45 graph]: best_f1 0.594 at epoch 18
[2023-03-18 10:59:45] PRINT [03/18 10:59:45 graph]: start epoch 19.
[2023-03-18 10:59:45] PRINT [03/18 10:59:45 graph]: # Epoch 19: train_loss: 0.6352 | lr: 0.000000
[2023-03-18 10:59:45] PRINT [03/18 10:59:45 graph]: --- Testf1: 0.55700, Best Valacc: 0.55200 in epoch 65 --- 
[2023-03-18 10:59:46] PRINT [03/18 10:59:46 graph]: Epoch 19: get test acc score:  0.557
[2023-03-18 10:59:46] PRINT [03/18 10:59:46 graph]: best_f1 0.594 at epoch 18
[2023-03-18 10:59:46] PRINT [03/18 10:59:46 graph]: start epoch 20.
[2023-03-18 10:59:46] PRINT [03/18 10:59:46 graph]: # Epoch 20: train_loss: 0.6363 | lr: 0.000000
[2023-03-18 10:59:46] PRINT [03/18 10:59:46 graph]: --- Testf1: 0.58500, Best Valacc: 0.58400 in epoch 17 --- 
[2023-03-18 10:59:47] PRINT [03/18 10:59:47 graph]: Epoch 20: get test acc score:  0.585
[2023-03-18 10:59:47] PRINT [03/18 10:59:47 graph]: best_f1 0.594 at epoch 18
[2023-03-18 10:59:47] PRINT [03/18 10:59:47 graph]: start epoch 21.
[2023-03-18 10:59:47] PRINT [03/18 10:59:47 graph]: # Epoch 21: train_loss: 0.6354 | lr: 0.000000
[2023-03-18 10:59:47] PRINT [03/18 10:59:47 graph]: --- Testf1: 0.59300, Best Valacc: 0.56200 in epoch 30 --- 
[2023-03-18 10:59:47] PRINT [03/18 10:59:47 graph]: Epoch 21: get test acc score:  0.593
[2023-03-18 10:59:47] PRINT [03/18 10:59:47 graph]: best_f1 0.594 at epoch 18
[2023-03-18 10:59:47] PRINT [03/18 10:59:47 graph]: start epoch 22.
[2023-03-18 10:59:48] PRINT [03/18 10:59:48 graph]: # Epoch 22: train_loss: 0.6353 | lr: 0.000000
[2023-03-18 10:59:48] PRINT [03/18 10:59:48 graph]: --- Testf1: 0.56400, Best Valacc: 0.56200 in epoch 38 --- 
[2023-03-18 10:59:48] PRINT [03/18 10:59:48 graph]: Epoch 22: get test acc score:  0.564
[2023-03-18 10:59:48] PRINT [03/18 10:59:48 graph]: best_f1 0.594 at epoch 18
[2023-03-18 10:59:48] PRINT [03/18 10:59:48 graph]: start epoch 23.
[2023-03-18 10:59:48] PRINT [03/18 10:59:48 graph]: # Epoch 23: train_loss: 0.6357 | lr: 0.000000
[2023-03-18 10:59:49] PRINT [03/18 10:59:49 graph]: --- Testf1: 0.59900, Best Valacc: 0.54400 in epoch 28 --- 
[2023-03-18 10:59:49] PRINT [03/18 10:59:49 graph]: Epoch 23: get test acc score:  0.599
[2023-03-18 10:59:49] PRINT [03/18 10:59:49 graph]: best_f1 0.599 at epoch 23
[2023-03-18 10:59:49] PRINT [03/18 10:59:49 graph]: start epoch 24.
[2023-03-18 10:59:49] PRINT [03/18 10:59:49 graph]: # Epoch 24: train_loss: 0.6358 | lr: 0.000000
[2023-03-18 10:59:50] PRINT [03/18 10:59:50 graph]: --- Testf1: 0.60300, Best Valacc: 0.54800 in epoch 16 --- 
[2023-03-18 10:59:50] PRINT [03/18 10:59:50 graph]: Epoch 24: get test acc score:  0.603
[2023-03-18 10:59:50] PRINT [03/18 10:59:50 graph]: best_f1 0.603 at epoch 24
[2023-03-18 10:59:50] PRINT [03/18 10:59:50 graph]: start epoch 25.
[2023-03-18 10:59:50] PRINT [03/18 10:59:50 graph]: # Epoch 25: train_loss: 0.6357 | lr: 0.000000
[2023-03-18 10:59:51] PRINT [03/18 10:59:51 graph]: --- Testf1: 0.60100, Best Valacc: 0.54800 in epoch 15 --- 
[2023-03-18 10:59:51] PRINT [03/18 10:59:51 graph]: Epoch 25: get test acc score:  0.601
[2023-03-18 10:59:51] PRINT [03/18 10:59:51 graph]: best_f1 0.603 at epoch 24
[2023-03-18 10:59:51] PRINT [03/18 10:59:51 graph]: start epoch 26.
[2023-03-18 10:59:51] PRINT [03/18 10:59:51 graph]: # Epoch 26: train_loss: 0.6352 | lr: 0.000000
[2023-03-18 10:59:52] PRINT [03/18 10:59:52 graph]: --- Testf1: 0.58900, Best Valacc: 0.56800 in epoch 20 --- 
[2023-03-18 10:59:52] PRINT [03/18 10:59:52 graph]: Epoch 26: get test acc score:  0.589
[2023-03-18 10:59:52] PRINT [03/18 10:59:52 graph]: best_f1 0.603 at epoch 24
[2023-03-18 10:59:52] PRINT [03/18 10:59:52 graph]: start epoch 27.
[2023-03-18 10:59:52] PRINT [03/18 10:59:52 graph]: # Epoch 27: train_loss: 0.6355 | lr: 0.000000
[2023-03-18 10:59:53] PRINT [03/18 10:59:53 graph]: --- Testf1: 0.60300, Best Valacc: 0.58600 in epoch 17 --- 
[2023-03-18 10:59:53] PRINT [03/18 10:59:53 graph]: Epoch 27: get test acc score:  0.603
[2023-03-18 10:59:53] PRINT [03/18 10:59:53 graph]: best_f1 0.603 at epoch 24
[2023-03-18 10:59:53] PRINT [03/18 10:59:53 graph]: start epoch 28.
[2023-03-18 10:59:53] PRINT [03/18 10:59:53 graph]: # Epoch 28: train_loss: 0.6356 | lr: 0.000000
[2023-03-18 10:59:54] PRINT [03/18 10:59:54 graph]: --- Testf1: 0.59600, Best Valacc: 0.56600 in epoch 24 --- 
[2023-03-18 10:59:54] PRINT [03/18 10:59:54 graph]: Epoch 28: get test acc score:  0.596
[2023-03-18 10:59:54] PRINT [03/18 10:59:54 graph]: best_f1 0.603 at epoch 24
[2023-03-18 10:59:54] PRINT [03/18 10:59:54 graph]: start epoch 29.
[2023-03-18 10:59:54] PRINT [03/18 10:59:54 graph]: # Epoch 29: train_loss: 0.6356 | lr: 0.000000
[2023-03-18 10:59:55] PRINT [03/18 10:59:55 graph]: --- Testf1: 0.58100, Best Valacc: 0.56200 in epoch 7 --- 
[2023-03-18 10:59:55] PRINT [03/18 10:59:55 graph]: Epoch 29: get test acc score:  0.581
[2023-03-18 10:59:55] PRINT [03/18 10:59:55 graph]: best_f1 0.603 at epoch 24
[2023-03-18 10:59:55] PRINT [03/18 10:59:55 graph]: start epoch 30.
[2023-03-18 10:59:55] PRINT [03/18 10:59:55 graph]: # Epoch 30: train_loss: 0.6355 | lr: 0.000000
[2023-03-18 10:59:56] PRINT [03/18 10:59:56 graph]: --- Testf1: 0.58700, Best Valacc: 0.57600 in epoch 12 --- 
[2023-03-18 10:59:56] PRINT [03/18 10:59:56 graph]: Epoch 30: get test acc score:  0.587
[2023-03-18 10:59:56] PRINT [03/18 10:59:56 graph]: best_f1 0.603 at epoch 24
[2023-03-18 10:59:56] PRINT [03/18 10:59:56 graph]: start epoch 31.
[2023-03-18 10:59:56] PRINT [03/18 10:59:56 graph]: # Epoch 31: train_loss: 0.6362 | lr: 0.000000
[2023-03-18 10:59:57] PRINT [03/18 10:59:57 graph]: --- Testf1: 0.62700, Best Valacc: 0.55400 in epoch 30 --- 
[2023-03-18 10:59:57] PRINT [03/18 10:59:57 graph]: Epoch 31: get test acc score:  0.627
[2023-03-18 10:59:57] PRINT [03/18 10:59:57 graph]: best_f1 0.627 at epoch 31
[2023-03-18 10:59:57] PRINT [03/18 10:59:57 graph]: start epoch 32.
[2023-03-18 10:59:57] PRINT [03/18 10:59:57 graph]: # Epoch 32: train_loss: 0.6353 | lr: 0.000000
[2023-03-18 10:59:58] PRINT [03/18 10:59:58 graph]: --- Testf1: 0.58900, Best Valacc: 0.55800 in epoch 34 --- 
[2023-03-18 10:59:58] PRINT [03/18 10:59:58 graph]: Epoch 32: get test acc score:  0.589
[2023-03-18 10:59:58] PRINT [03/18 10:59:58 graph]: best_f1 0.627 at epoch 31
[2023-03-18 10:59:58] PRINT [03/18 10:59:58 graph]: start epoch 33.
[2023-03-18 10:59:58] PRINT [03/18 10:59:58 graph]: # Epoch 33: train_loss: 0.6349 | lr: 0.000000
[2023-03-18 10:59:59] PRINT [03/18 10:59:59 graph]: --- Testf1: 0.60300, Best Valacc: 0.58400 in epoch 16 --- 
[2023-03-18 10:59:59] PRINT [03/18 10:59:59 graph]: Epoch 33: get test acc score:  0.603
[2023-03-18 10:59:59] PRINT [03/18 10:59:59 graph]: best_f1 0.627 at epoch 31
[2023-03-18 10:59:59] PRINT [03/18 10:59:59 graph]: start epoch 34.
[2023-03-18 10:59:59] PRINT [03/18 10:59:59 graph]: # Epoch 34: train_loss: 0.6354 | lr: 0.000000
[2023-03-18 11:00:00] PRINT [03/18 11:00:00 graph]: --- Testf1: 0.59300, Best Valacc: 0.55800 in epoch 76 --- 
[2023-03-18 11:00:00] PRINT [03/18 11:00:00 graph]: Epoch 34: get test acc score:  0.593
[2023-03-18 11:00:00] PRINT [03/18 11:00:00 graph]: best_f1 0.627 at epoch 31
[2023-03-18 11:00:00] PRINT [03/18 11:00:00 graph]: start epoch 35.
[2023-03-18 11:00:00] PRINT [03/18 11:00:00 graph]: # Epoch 35: train_loss: 0.6358 | lr: 0.000000
[2023-03-18 11:00:01] PRINT [03/18 11:00:01 graph]: --- Testf1: 0.58500, Best Valacc: 0.56200 in epoch 22 --- 
[2023-03-18 11:00:01] PRINT [03/18 11:00:01 graph]: Epoch 35: get test acc score:  0.585
[2023-03-18 11:00:01] PRINT [03/18 11:00:01 graph]: best_f1 0.627 at epoch 31
[2023-03-18 11:00:01] PRINT [03/18 11:00:01 graph]: start epoch 36.
[2023-03-18 11:00:01] PRINT [03/18 11:00:01 graph]: # Epoch 36: train_loss: 0.6360 | lr: 0.000000
[2023-03-18 11:00:02] PRINT [03/18 11:00:02 graph]: --- Testf1: 0.58600, Best Valacc: 0.57600 in epoch 25 --- 
[2023-03-18 11:00:02] PRINT [03/18 11:00:02 graph]: Epoch 36: get test acc score:  0.586
[2023-03-18 11:00:02] PRINT [03/18 11:00:02 graph]: best_f1 0.627 at epoch 31
[2023-03-18 11:00:02] PRINT [03/18 11:00:02 graph]: start epoch 37.
[2023-03-18 11:00:02] PRINT [03/18 11:00:02 graph]: # Epoch 37: train_loss: 0.6360 | lr: 0.000000
[2023-03-18 11:00:03] PRINT [03/18 11:00:03 graph]: --- Testf1: 0.61900, Best Valacc: 0.59000 in epoch 19 --- 
[2023-03-18 11:00:03] PRINT [03/18 11:00:03 graph]: Epoch 37: get test acc score:  0.619
[2023-03-18 11:00:03] PRINT [03/18 11:00:03 graph]: best_f1 0.627 at epoch 31
[2023-03-18 11:00:03] PRINT [03/18 11:00:03 graph]: start epoch 38.
[2023-03-18 11:00:03] PRINT [03/18 11:00:03 graph]: # Epoch 38: train_loss: 0.6361 | lr: 0.000000
[2023-03-18 11:00:04] PRINT [03/18 11:00:04 graph]: --- Testf1: 0.57800, Best Valacc: 0.54800 in epoch 33 --- 
[2023-03-18 11:00:04] PRINT [03/18 11:00:04 graph]: Epoch 38: get test acc score:  0.578
[2023-03-18 11:00:04] PRINT [03/18 11:00:04 graph]: best_f1 0.627 at epoch 31
[2023-03-18 11:00:04] PRINT [03/18 11:00:04 graph]: start epoch 39.
[2023-03-18 11:00:04] PRINT [03/18 11:00:04 graph]: # Epoch 39: train_loss: 0.6350 | lr: 0.000000
[2023-03-18 11:00:05] PRINT [03/18 11:00:05 graph]: --- Testf1: 0.60900, Best Valacc: 0.61200 in epoch 21 --- 
[2023-03-18 11:00:05] PRINT [03/18 11:00:05 graph]: Epoch 39: get test acc score:  0.609
[2023-03-18 11:00:05] PRINT [03/18 11:00:05 graph]: best_f1 0.627 at epoch 31
[2023-03-18 11:00:05] PRINT [03/18 11:00:05 graph]: start epoch 40.
[2023-03-18 11:00:05] PRINT [03/18 11:00:05 graph]: # Epoch 40: train_loss: 0.6353 | lr: 0.000000
[2023-03-18 11:00:06] PRINT [03/18 11:00:06 graph]: --- Testf1: 0.60000, Best Valacc: 0.58800 in epoch 20 --- 
[2023-03-18 11:00:06] PRINT [03/18 11:00:06 graph]: Epoch 40: get test acc score:  0.600
[2023-03-18 11:00:06] PRINT [03/18 11:00:06 graph]: best_f1 0.627 at epoch 31
[2023-03-18 11:00:06] PRINT [03/18 11:00:06 graph]: start epoch 41.
[2023-03-18 11:00:06] PRINT [03/18 11:00:06 graph]: # Epoch 41: train_loss: 0.6360 | lr: 0.000000
[2023-03-18 11:00:07] PRINT [03/18 11:00:07 graph]: --- Testf1: 0.60000, Best Valacc: 0.55000 in epoch 24 --- 
[2023-03-18 11:00:07] PRINT [03/18 11:00:07 graph]: Epoch 41: get test acc score:  0.600
[2023-03-18 11:00:07] PRINT [03/18 11:00:07 graph]: best_f1 0.627 at epoch 31
[2023-03-18 11:00:07] PRINT [03/18 11:00:07 graph]: start epoch 42.
[2023-03-18 11:00:07] PRINT [03/18 11:00:07 graph]: # Epoch 42: train_loss: 0.6356 | lr: 0.000000
[2023-03-18 11:00:08] PRINT [03/18 11:00:08 graph]: --- Testf1: 0.59800, Best Valacc: 0.59000 in epoch 27 --- 
[2023-03-18 11:00:08] PRINT [03/18 11:00:08 graph]: Epoch 42: get test acc score:  0.598
[2023-03-18 11:00:08] PRINT [03/18 11:00:08 graph]: best_f1 0.627 at epoch 31
[2023-03-18 11:00:08] PRINT [03/18 11:00:08 graph]: start epoch 43.
[2023-03-18 11:00:08] PRINT [03/18 11:00:08 graph]: # Epoch 43: train_loss: 0.6353 | lr: 0.000000
[2023-03-18 11:00:09] PRINT [03/18 11:00:09 graph]: --- Testf1: 0.59500, Best Valacc: 0.57600 in epoch 21 --- 
[2023-03-18 11:00:09] PRINT [03/18 11:00:09 graph]: Epoch 43: get test acc score:  0.595
[2023-03-18 11:00:09] PRINT [03/18 11:00:09 graph]: best_f1 0.627 at epoch 31
[2023-03-18 11:00:09] PRINT [03/18 11:00:09 graph]: start epoch 44.
[2023-03-18 11:00:09] PRINT [03/18 11:00:09 graph]: # Epoch 44: train_loss: 0.6354 | lr: 0.000000
[2023-03-18 11:00:10] PRINT [03/18 11:00:10 graph]: --- Testf1: 0.60000, Best Valacc: 0.56800 in epoch 25 --- 
[2023-03-18 11:00:10] PRINT [03/18 11:00:10 graph]: Epoch 44: get test acc score:  0.600
[2023-03-18 11:00:10] PRINT [03/18 11:00:10 graph]: best_f1 0.627 at epoch 31
[2023-03-18 11:00:10] PRINT [03/18 11:00:10 graph]: start epoch 45.
[2023-03-18 11:00:10] PRINT [03/18 11:00:10 graph]: # Epoch 45: train_loss: 0.6350 | lr: 0.000000
[2023-03-18 11:00:11] PRINT [03/18 11:00:11 graph]: --- Testf1: 0.58100, Best Valacc: 0.55600 in epoch 29 --- 
[2023-03-18 11:00:11] PRINT [03/18 11:00:11 graph]: Epoch 45: get test acc score:  0.581
[2023-03-18 11:00:11] PRINT [03/18 11:00:11 graph]: best_f1 0.627 at epoch 31
[2023-03-18 11:00:11] PRINT [03/18 11:00:11 graph]: start epoch 46.
[2023-03-18 11:00:11] PRINT [03/18 11:00:11 graph]: # Epoch 46: train_loss: 0.6357 | lr: 0.000000
[2023-03-18 11:00:12] PRINT [03/18 11:00:12 graph]: --- Testf1: 0.59300, Best Valacc: 0.58800 in epoch 23 --- 
[2023-03-18 11:00:12] PRINT [03/18 11:00:12 graph]: Epoch 46: get test acc score:  0.593
[2023-03-18 11:00:12] PRINT [03/18 11:00:12 graph]: best_f1 0.627 at epoch 31
[2023-03-18 11:00:12] PRINT [03/18 11:00:12 graph]: start epoch 47.
[2023-03-18 11:00:12] PRINT [03/18 11:00:12 graph]: # Epoch 47: train_loss: 0.6356 | lr: 0.000000
[2023-03-18 11:00:13] PRINT [03/18 11:00:13 graph]: --- Testf1: 0.58600, Best Valacc: 0.58000 in epoch 13 --- 
[2023-03-18 11:00:13] PRINT [03/18 11:00:13 graph]: Epoch 47: get test acc score:  0.586
[2023-03-18 11:00:13] PRINT [03/18 11:00:13 graph]: best_f1 0.627 at epoch 31
[2023-03-18 11:00:13] PRINT [03/18 11:00:13 graph]: start epoch 48.
[2023-03-18 11:00:13] PRINT [03/18 11:00:13 graph]: # Epoch 48: train_loss: 0.6354 | lr: 0.000000
[2023-03-18 11:00:14] PRINT [03/18 11:00:14 graph]: --- Testf1: 0.59500, Best Valacc: 0.57000 in epoch 14 --- 
[2023-03-18 11:00:14] PRINT [03/18 11:00:14 graph]: Epoch 48: get test acc score:  0.595
[2023-03-18 11:00:14] PRINT [03/18 11:00:14 graph]: best_f1 0.627 at epoch 31
[2023-03-18 11:00:14] PRINT [03/18 11:00:14 graph]: start epoch 49.
[2023-03-18 11:00:14] PRINT [03/18 11:00:14 graph]: # Epoch 49: train_loss: 0.6352 | lr: 0.000000
[2023-03-18 11:00:15] PRINT [03/18 11:00:15 graph]: --- Testf1: 0.58800, Best Valacc: 0.58600 in epoch 35 --- 
[2023-03-18 11:00:15] PRINT [03/18 11:00:15 graph]: Epoch 49: get test acc score:  0.588
[2023-03-18 11:00:15] PRINT [03/18 11:00:15 graph]: best_f1 0.627 at epoch 31
[2023-03-18 11:00:15] PRINT [03/18 11:00:15 graph]: start epoch 50.
[2023-03-18 11:00:15] PRINT [03/18 11:00:15 graph]: # Epoch 50: train_loss: 0.6358 | lr: 0.000000
[2023-03-18 11:00:16] PRINT [03/18 11:00:16 graph]: --- Testf1: 0.60900, Best Valacc: 0.55800 in epoch 23 --- 
[2023-03-18 11:00:16] PRINT [03/18 11:00:16 graph]: Epoch 50: get test acc score:  0.609
[2023-03-18 11:00:16] PRINT [03/18 11:00:16 graph]: best_f1 0.627 at epoch 31
[2023-03-18 11:00:16] PRINT [03/18 11:00:16 graph]: start epoch 51.
[2023-03-18 11:00:16] PRINT [03/18 11:00:16 graph]: # Epoch 51: train_loss: 0.6354 | lr: 0.000000
[2023-03-18 11:00:17] PRINT [03/18 11:00:17 graph]: --- Testf1: 0.59700, Best Valacc: 0.58000 in epoch 31 --- 
[2023-03-18 11:00:17] PRINT [03/18 11:00:17 graph]: Epoch 51: get test acc score:  0.597
[2023-03-18 11:00:17] PRINT [03/18 11:00:17 graph]: best_f1 0.627 at epoch 31
[2023-03-18 11:00:17] PRINT [03/18 11:00:17 graph]: start epoch 52.
[2023-03-18 11:00:17] PRINT [03/18 11:00:17 graph]: # Epoch 52: train_loss: 0.6357 | lr: 0.000000
[2023-03-18 11:00:18] PRINT [03/18 11:00:18 graph]: --- Testf1: 0.57800, Best Valacc: 0.55000 in epoch 35 --- 
[2023-03-18 11:00:18] PRINT [03/18 11:00:18 graph]: Epoch 52: get test acc score:  0.578
[2023-03-18 11:00:18] PRINT [03/18 11:00:18 graph]: best_f1 0.627 at epoch 31
[2023-03-18 11:00:18] PRINT [03/18 11:00:18 graph]: start epoch 53.
[2023-03-18 11:00:18] PRINT [03/18 11:00:18 graph]: # Epoch 53: train_loss: 0.6354 | lr: 0.000000
[2023-03-18 11:00:19] PRINT [03/18 11:00:19 graph]: --- Testf1: 0.58100, Best Valacc: 0.56400 in epoch 34 --- 
[2023-03-18 11:00:19] PRINT [03/18 11:00:19 graph]: Epoch 53: get test acc score:  0.581
[2023-03-18 11:00:19] PRINT [03/18 11:00:19 graph]: best_f1 0.627 at epoch 31
[2023-03-18 11:00:19] PRINT [03/18 11:00:19 graph]: start epoch 54.
[2023-03-18 11:00:19] PRINT [03/18 11:00:19 graph]: # Epoch 54: train_loss: 0.6349 | lr: 0.000000
[2023-03-18 11:00:19] PRINT [03/18 11:00:19 graph]: --- Testf1: 0.59800, Best Valacc: 0.55200 in epoch 23 --- 
[2023-03-18 11:00:20] PRINT [03/18 11:00:20 graph]: Epoch 54: get test acc score:  0.598
[2023-03-18 11:00:20] PRINT [03/18 11:00:20 graph]: best_f1 0.627 at epoch 31
[2023-03-18 11:00:20] PRINT [03/18 11:00:20 graph]: start epoch 55.
[2023-03-18 11:00:20] PRINT [03/18 11:00:20 graph]: # Epoch 55: train_loss: 0.6356 | lr: 0.000000
[2023-03-18 11:00:20] PRINT [03/18 11:00:20 graph]: --- Testf1: 0.60500, Best Valacc: 0.59400 in epoch 36 --- 
[2023-03-18 11:00:21] PRINT [03/18 11:00:21 graph]: Epoch 55: get test acc score:  0.605
[2023-03-18 11:00:21] PRINT [03/18 11:00:21 graph]: best_f1 0.627 at epoch 31
[2023-03-18 11:00:21] PRINT [03/18 11:00:21 graph]: start epoch 56.
[2023-03-18 11:00:21] PRINT [03/18 11:00:21 graph]: # Epoch 56: train_loss: 0.6360 | lr: 0.000000
[2023-03-18 11:00:21] PRINT [03/18 11:00:21 graph]: --- Testf1: 0.62100, Best Valacc: 0.57600 in epoch 35 --- 
[2023-03-18 11:00:22] PRINT [03/18 11:00:22 graph]: Epoch 56: get test acc score:  0.621
[2023-03-18 11:00:22] PRINT [03/18 11:00:22 graph]: best_f1 0.627 at epoch 31
[2023-03-18 11:00:22] PRINT [03/18 11:00:22 graph]: start epoch 57.
[2023-03-18 11:00:22] PRINT [03/18 11:00:22 graph]: # Epoch 57: train_loss: 0.6356 | lr: 0.000000
[2023-03-18 11:00:22] PRINT [03/18 11:00:22 graph]: --- Testf1: 0.58700, Best Valacc: 0.54600 in epoch 28 --- 
[2023-03-18 11:00:23] PRINT [03/18 11:00:23 graph]: Epoch 57: get test acc score:  0.587
[2023-03-18 11:00:23] PRINT [03/18 11:00:23 graph]: best_f1 0.627 at epoch 31
[2023-03-18 11:00:23] PRINT [03/18 11:00:23 graph]: start epoch 58.
[2023-03-18 11:00:23] PRINT [03/18 11:00:23 graph]: # Epoch 58: train_loss: 0.6356 | lr: 0.000000
[2023-03-18 11:00:23] PRINT [03/18 11:00:23 graph]: --- Testf1: 0.60200, Best Valacc: 0.55200 in epoch 29 --- 
[2023-03-18 11:00:24] PRINT [03/18 11:00:24 graph]: Epoch 58: get test acc score:  0.602
[2023-03-18 11:00:24] PRINT [03/18 11:00:24 graph]: best_f1 0.627 at epoch 31
[2023-03-18 11:00:24] PRINT [03/18 11:00:24 graph]: start epoch 59.
[2023-03-18 11:00:24] PRINT [03/18 11:00:24 graph]: # Epoch 59: train_loss: 0.6354 | lr: 0.000000
[2023-03-18 11:00:24] PRINT [03/18 11:00:24 graph]: --- Testf1: 0.61800, Best Valacc: 0.59600 in epoch 17 --- 
[2023-03-18 11:00:25] PRINT [03/18 11:00:25 graph]: Epoch 59: get test acc score:  0.618
[2023-03-18 11:00:25] PRINT [03/18 11:00:25 graph]: best_f1 0.627 at epoch 31
[2023-03-18 11:00:25] PRINT [03/18 11:00:25 graph]: start epoch 60.
[2023-03-18 11:00:25] PRINT [03/18 11:00:25 graph]: # Epoch 60: train_loss: 0.6361 | lr: 0.000000
[2023-03-18 11:00:25] PRINT [03/18 11:00:25 graph]: --- Testf1: 0.59800, Best Valacc: 0.56200 in epoch 29 --- 
[2023-03-18 11:00:26] PRINT [03/18 11:00:26 graph]: Epoch 60: get test acc score:  0.598
[2023-03-18 11:00:26] PRINT [03/18 11:00:26 graph]: best_f1 0.627 at epoch 31
[2023-03-18 11:00:26] PRINT [03/18 11:00:26 graph]: start epoch 61.
[2023-03-18 11:00:26] PRINT [03/18 11:00:26 graph]: # Epoch 61: train_loss: 0.6357 | lr: 0.000000
[2023-03-18 11:00:26] PRINT [03/18 11:00:26 graph]: --- Testf1: 0.58700, Best Valacc: 0.57200 in epoch 26 --- 
[2023-03-18 11:00:27] PRINT [03/18 11:00:27 graph]: Epoch 61: get test acc score:  0.587
[2023-03-18 11:00:27] PRINT [03/18 11:00:27 graph]: best_f1 0.627 at epoch 31
[2023-03-18 11:00:27] PRINT [03/18 11:00:27 graph]: start epoch 62.
[2023-03-18 11:00:27] PRINT [03/18 11:00:27 graph]: # Epoch 62: train_loss: 0.6354 | lr: 0.000000
[2023-03-18 11:00:27] PRINT [03/18 11:00:27 graph]: --- Testf1: 0.59900, Best Valacc: 0.58200 in epoch 36 --- 
[2023-03-18 11:00:28] PRINT [03/18 11:00:28 graph]: Epoch 62: get test acc score:  0.599
[2023-03-18 11:00:28] PRINT [03/18 11:00:28 graph]: best_f1 0.627 at epoch 31
[2023-03-18 11:00:28] PRINT [03/18 11:00:28 graph]: start epoch 63.
[2023-03-18 11:00:28] PRINT [03/18 11:00:28 graph]: # Epoch 63: train_loss: 0.6360 | lr: 0.000000
[2023-03-18 11:00:28] PRINT [03/18 11:00:28 graph]: --- Testf1: 0.60100, Best Valacc: 0.56000 in epoch 37 --- 
[2023-03-18 11:00:29] PRINT [03/18 11:00:29 graph]: Epoch 63: get test acc score:  0.601
[2023-03-18 11:00:29] PRINT [03/18 11:00:29 graph]: best_f1 0.627 at epoch 31
[2023-03-18 11:00:29] PRINT [03/18 11:00:29 graph]: start epoch 64.
[2023-03-18 11:00:29] PRINT [03/18 11:00:29 graph]: # Epoch 64: train_loss: 0.6354 | lr: 0.000000
[2023-03-18 11:00:29] PRINT [03/18 11:00:29 graph]: --- Testf1: 0.60700, Best Valacc: 0.58000 in epoch 16 --- 
[2023-03-18 11:00:30] PRINT [03/18 11:00:30 graph]: Epoch 64: get test acc score:  0.607
[2023-03-18 11:00:30] PRINT [03/18 11:00:30 graph]: best_f1 0.627 at epoch 31
[2023-03-18 11:00:30] PRINT [03/18 11:00:30 graph]: start epoch 65.
[2023-03-18 11:00:30] PRINT [03/18 11:00:30 graph]: # Epoch 65: train_loss: 0.6354 | lr: 0.000000
[2023-03-18 11:00:30] PRINT [03/18 11:00:30 graph]: --- Testf1: 0.60000, Best Valacc: 0.58000 in epoch 24 --- 
[2023-03-18 11:00:31] PRINT [03/18 11:00:31 graph]: Epoch 65: get test acc score:  0.600
[2023-03-18 11:00:31] PRINT [03/18 11:00:31 graph]: best_f1 0.627 at epoch 31
[2023-03-18 11:00:31] PRINT [03/18 11:00:31 graph]: start epoch 66.
[2023-03-18 11:00:31] PRINT [03/18 11:00:31 graph]: # Epoch 66: train_loss: 0.6360 | lr: 0.000000
[2023-03-18 11:00:31] PRINT [03/18 11:00:31 graph]: --- Testf1: 0.58300, Best Valacc: 0.57000 in epoch 37 --- 
[2023-03-18 11:00:32] PRINT [03/18 11:00:32 graph]: Epoch 66: get test acc score:  0.583
[2023-03-18 11:00:32] PRINT [03/18 11:00:32 graph]: best_f1 0.627 at epoch 31
[2023-03-18 11:00:32] PRINT [03/18 11:00:32 graph]: start epoch 67.
[2023-03-18 11:00:32] PRINT [03/18 11:00:32 graph]: # Epoch 67: train_loss: 0.6357 | lr: 0.000000
[2023-03-18 11:00:32] PRINT [03/18 11:00:32 graph]: --- Testf1: 0.61200, Best Valacc: 0.56000 in epoch 27 --- 
[2023-03-18 11:00:32] PRINT [03/18 11:00:32 graph]: Epoch 67: get test acc score:  0.612
[2023-03-18 11:00:32] PRINT [03/18 11:00:32 graph]: best_f1 0.627 at epoch 31
[2023-03-18 11:00:32] PRINT [03/18 11:00:32 graph]: start epoch 68.
[2023-03-18 11:00:33] PRINT [03/18 11:00:33 graph]: # Epoch 68: train_loss: 0.6356 | lr: 0.000000
[2023-03-18 11:00:33] PRINT [03/18 11:00:33 graph]: --- Testf1: 0.62700, Best Valacc: 0.59200 in epoch 23 --- 
[2023-03-18 11:00:33] PRINT [03/18 11:00:33 graph]: Epoch 68: get test acc score:  0.627
[2023-03-18 11:00:33] PRINT [03/18 11:00:33 graph]: best_f1 0.627 at epoch 31
[2023-03-18 11:00:33] PRINT [03/18 11:00:33 graph]: start epoch 69.
[2023-03-18 11:00:34] PRINT [03/18 11:00:34 graph]: # Epoch 69: train_loss: 0.6359 | lr: 0.000000
[2023-03-18 11:00:34] PRINT [03/18 11:00:34 graph]: --- Testf1: 0.63000, Best Valacc: 0.60000 in epoch 24 --- 
[2023-03-18 11:00:34] PRINT [03/18 11:00:34 graph]: Epoch 69: get test acc score:  0.630
[2023-03-18 11:00:34] PRINT [03/18 11:00:34 graph]: best_f1 0.630 at epoch 69
[2023-03-18 11:00:34] PRINT [03/18 11:00:34 graph]: start epoch 70.
[2023-03-18 11:00:35] PRINT [03/18 11:00:35 graph]: # Epoch 70: train_loss: 0.6359 | lr: 0.000000
[2023-03-18 11:00:35] PRINT [03/18 11:00:35 graph]: --- Testf1: 0.58200, Best Valacc: 0.58400 in epoch 35 --- 
[2023-03-18 11:00:35] PRINT [03/18 11:00:35 graph]: Epoch 70: get test acc score:  0.582
[2023-03-18 11:00:35] PRINT [03/18 11:00:35 graph]: best_f1 0.630 at epoch 69
[2023-03-18 11:00:35] PRINT [03/18 11:00:35 graph]: start epoch 71.
[2023-03-18 11:00:35] PRINT [03/18 11:00:35 graph]: # Epoch 71: train_loss: 0.6360 | lr: 0.000000
[2023-03-18 11:00:36] PRINT [03/18 11:00:36 graph]: --- Testf1: 0.60000, Best Valacc: 0.55000 in epoch 34 --- 
[2023-03-18 11:00:36] PRINT [03/18 11:00:36 graph]: Epoch 71: get test acc score:  0.600
[2023-03-18 11:00:36] PRINT [03/18 11:00:36 graph]: best_f1 0.630 at epoch 69
[2023-03-18 11:00:36] PRINT [03/18 11:00:36 graph]: start epoch 72.
[2023-03-18 11:00:37] PRINT [03/18 11:00:37 graph]: # Epoch 72: train_loss: 0.6352 | lr: 0.000000
[2023-03-18 11:00:37] PRINT [03/18 11:00:37 graph]: --- Testf1: 0.61200, Best Valacc: 0.57800 in epoch 31 --- 
[2023-03-18 11:00:37] PRINT [03/18 11:00:37 graph]: Epoch 72: get test acc score:  0.612
[2023-03-18 11:00:37] PRINT [03/18 11:00:37 graph]: best_f1 0.630 at epoch 69
[2023-03-18 11:00:37] PRINT [03/18 11:00:37 graph]: start epoch 73.
[2023-03-18 11:00:37] PRINT [03/18 11:00:37 graph]: # Epoch 73: train_loss: 0.6354 | lr: 0.000000
[2023-03-18 11:00:38] PRINT [03/18 11:00:38 graph]: --- Testf1: 0.58900, Best Valacc: 0.58200 in epoch 24 --- 
[2023-03-18 11:00:38] PRINT [03/18 11:00:38 graph]: Epoch 73: get test acc score:  0.589
[2023-03-18 11:00:38] PRINT [03/18 11:00:38 graph]: best_f1 0.630 at epoch 69
[2023-03-18 11:00:38] PRINT [03/18 11:00:38 graph]: start epoch 74.
[2023-03-18 11:00:38] PRINT [03/18 11:00:38 graph]: # Epoch 74: train_loss: 0.6356 | lr: 0.000000
[2023-03-18 11:00:39] PRINT [03/18 11:00:39 graph]: --- Testf1: 0.63200, Best Valacc: 0.60000 in epoch 34 --- 
[2023-03-18 11:00:39] PRINT [03/18 11:00:39 graph]: Epoch 74: get test acc score:  0.632
[2023-03-18 11:00:39] PRINT [03/18 11:00:39 graph]: best_f1 0.632 at epoch 74
[2023-03-18 11:00:39] PRINT [03/18 11:00:39 graph]: start epoch 75.
[2023-03-18 11:00:39] PRINT [03/18 11:00:39 graph]: # Epoch 75: train_loss: 0.6357 | lr: 0.000000
[2023-03-18 11:00:40] PRINT [03/18 11:00:40 graph]: --- Testf1: 0.61000, Best Valacc: 0.53200 in epoch 12 --- 
[2023-03-18 11:00:40] PRINT [03/18 11:00:40 graph]: Epoch 75: get test acc score:  0.610
[2023-03-18 11:00:40] PRINT [03/18 11:00:40 graph]: best_f1 0.632 at epoch 74
[2023-03-18 11:00:40] PRINT [03/18 11:00:40 graph]: start epoch 76.
[2023-03-18 11:00:40] PRINT [03/18 11:00:40 graph]: # Epoch 76: train_loss: 0.6351 | lr: 0.000000
[2023-03-18 11:00:41] PRINT [03/18 11:00:41 graph]: --- Testf1: 0.60600, Best Valacc: 0.57400 in epoch 34 --- 
[2023-03-18 11:00:41] PRINT [03/18 11:00:41 graph]: Epoch 76: get test acc score:  0.606
[2023-03-18 11:00:41] PRINT [03/18 11:00:41 graph]: best_f1 0.632 at epoch 74
[2023-03-18 11:00:41] PRINT [03/18 11:00:41 graph]: start epoch 77.
[2023-03-18 11:00:41] PRINT [03/18 11:00:41 graph]: # Epoch 77: train_loss: 0.6356 | lr: 0.000000
[2023-03-18 11:00:42] PRINT [03/18 11:00:42 graph]: --- Testf1: 0.60500, Best Valacc: 0.56400 in epoch 38 --- 
[2023-03-18 11:00:42] PRINT [03/18 11:00:42 graph]: Epoch 77: get test acc score:  0.605
[2023-03-18 11:00:42] PRINT [03/18 11:00:42 graph]: best_f1 0.632 at epoch 74
[2023-03-18 11:00:42] PRINT [03/18 11:00:42 graph]: start epoch 78.
[2023-03-18 11:00:42] PRINT [03/18 11:00:42 graph]: # Epoch 78: train_loss: 0.6358 | lr: 0.000000
[2023-03-18 11:00:43] PRINT [03/18 11:00:43 graph]: --- Testf1: 0.59900, Best Valacc: 0.57000 in epoch 13 --- 
[2023-03-18 11:00:43] PRINT [03/18 11:00:43 graph]: Epoch 78: get test acc score:  0.599
[2023-03-18 11:00:43] PRINT [03/18 11:00:43 graph]: best_f1 0.632 at epoch 74
[2023-03-18 11:00:43] PRINT [03/18 11:00:43 graph]: start epoch 79.
[2023-03-18 11:00:43] PRINT [03/18 11:00:43 graph]: # Epoch 79: train_loss: 0.6362 | lr: 0.000000
[2023-03-18 11:00:44] PRINT [03/18 11:00:44 graph]: --- Testf1: 0.60100, Best Valacc: 0.58200 in epoch 22 --- 
[2023-03-18 11:00:44] PRINT [03/18 11:00:44 graph]: Epoch 79: get test acc score:  0.601
[2023-03-18 11:00:44] PRINT [03/18 11:00:44 graph]: best_f1 0.632 at epoch 74
[2023-03-18 11:00:44] PRINT [03/18 11:00:44 graph]: start epoch 80.
[2023-03-18 11:00:44] PRINT [03/18 11:00:44 graph]: # Epoch 80: train_loss: 0.6353 | lr: 0.000000
[2023-03-18 11:00:45] PRINT [03/18 11:00:45 graph]: --- Testf1: 0.62300, Best Valacc: 0.58400 in epoch 28 --- 
[2023-03-18 11:00:45] PRINT [03/18 11:00:45 graph]: Epoch 80: get test acc score:  0.623
[2023-03-18 11:00:45] PRINT [03/18 11:00:45 graph]: best_f1 0.632 at epoch 74
[2023-03-18 11:00:45] PRINT [03/18 11:00:45 graph]: start epoch 81.
[2023-03-18 11:00:45] PRINT [03/18 11:00:45 graph]: # Epoch 81: train_loss: 0.6356 | lr: 0.000000
[2023-03-18 11:00:46] PRINT [03/18 11:00:46 graph]: --- Testf1: 0.58900, Best Valacc: 0.57800 in epoch 37 --- 
[2023-03-18 11:00:46] PRINT [03/18 11:00:46 graph]: Epoch 81: get test acc score:  0.589
[2023-03-18 11:00:46] PRINT [03/18 11:00:46 graph]: best_f1 0.632 at epoch 74
[2023-03-18 11:00:46] PRINT [03/18 11:00:46 graph]: start epoch 82.
[2023-03-18 11:00:46] PRINT [03/18 11:00:46 graph]: # Epoch 82: train_loss: 0.6357 | lr: 0.000000
[2023-03-18 11:00:47] PRINT [03/18 11:00:47 graph]: --- Testf1: 0.59500, Best Valacc: 0.55400 in epoch 30 --- 
[2023-03-18 11:00:47] PRINT [03/18 11:00:47 graph]: Epoch 82: get test acc score:  0.595
[2023-03-18 11:00:47] PRINT [03/18 11:00:47 graph]: best_f1 0.632 at epoch 74
[2023-03-18 11:00:47] PRINT [03/18 11:00:47 graph]: start epoch 83.
[2023-03-18 11:00:47] PRINT [03/18 11:00:47 graph]: # Epoch 83: train_loss: 0.6358 | lr: 0.000000
[2023-03-18 11:00:48] PRINT [03/18 11:00:48 graph]: --- Testf1: 0.60200, Best Valacc: 0.57000 in epoch 33 --- 
[2023-03-18 11:00:48] PRINT [03/18 11:00:48 graph]: Epoch 83: get test acc score:  0.602
[2023-03-18 11:00:48] PRINT [03/18 11:00:48 graph]: best_f1 0.632 at epoch 74
[2023-03-18 11:00:48] PRINT [03/18 11:00:48 graph]: start epoch 84.
[2023-03-18 11:00:48] PRINT [03/18 11:00:48 graph]: # Epoch 84: train_loss: 0.6355 | lr: 0.000000
[2023-03-18 11:00:49] PRINT [03/18 11:00:49 graph]: --- Testf1: 0.57800, Best Valacc: 0.57400 in epoch 42 --- 
[2023-03-18 11:00:49] PRINT [03/18 11:00:49 graph]: Epoch 84: get test acc score:  0.578
[2023-03-18 11:00:49] PRINT [03/18 11:00:49 graph]: best_f1 0.632 at epoch 74
[2023-03-18 11:00:49] PRINT [03/18 11:00:49 graph]: start epoch 85.
[2023-03-18 11:00:49] PRINT [03/18 11:00:49 graph]: # Epoch 85: train_loss: 0.6355 | lr: 0.000000
[2023-03-18 11:00:50] PRINT [03/18 11:00:50 graph]: --- Testf1: 0.58100, Best Valacc: 0.60400 in epoch 25 --- 
[2023-03-18 11:00:50] PRINT [03/18 11:00:50 graph]: Epoch 85: get test acc score:  0.581
[2023-03-18 11:00:50] PRINT [03/18 11:00:50 graph]: best_f1 0.632 at epoch 74
[2023-03-18 11:00:50] PRINT [03/18 11:00:50 graph]: start epoch 86.
[2023-03-18 11:00:50] PRINT [03/18 11:00:50 graph]: # Epoch 86: train_loss: 0.6351 | lr: 0.000000
[2023-03-18 11:00:51] PRINT [03/18 11:00:51 graph]: --- Testf1: 0.58500, Best Valacc: 0.60200 in epoch 12 --- 
[2023-03-18 11:00:51] PRINT [03/18 11:00:51 graph]: Epoch 86: get test acc score:  0.585
[2023-03-18 11:00:51] PRINT [03/18 11:00:51 graph]: best_f1 0.632 at epoch 74
[2023-03-18 11:00:51] PRINT [03/18 11:00:51 graph]: start epoch 87.
[2023-03-18 11:00:51] PRINT [03/18 11:00:51 graph]: # Epoch 87: train_loss: 0.6357 | lr: 0.000000
[2023-03-18 11:00:52] PRINT [03/18 11:00:52 graph]: --- Testf1: 0.60700, Best Valacc: 0.61600 in epoch 24 --- 
[2023-03-18 11:00:52] PRINT [03/18 11:00:52 graph]: Epoch 87: get test acc score:  0.607
[2023-03-18 11:00:52] PRINT [03/18 11:00:52 graph]: best_f1 0.632 at epoch 74
[2023-03-18 11:00:52] PRINT [03/18 11:00:52 graph]: start epoch 88.
[2023-03-18 11:00:52] PRINT [03/18 11:00:52 graph]: # Epoch 88: train_loss: 0.6357 | lr: 0.000000
[2023-03-18 11:00:53] PRINT [03/18 11:00:53 graph]: --- Testf1: 0.59700, Best Valacc: 0.57200 in epoch 36 --- 
[2023-03-18 11:00:53] PRINT [03/18 11:00:53 graph]: Epoch 88: get test acc score:  0.597
[2023-03-18 11:00:53] PRINT [03/18 11:00:53 graph]: best_f1 0.632 at epoch 74
[2023-03-18 11:00:53] PRINT [03/18 11:00:53 graph]: start epoch 89.
[2023-03-18 11:00:53] PRINT [03/18 11:00:53 graph]: # Epoch 89: train_loss: 0.6355 | lr: 0.000000
[2023-03-18 11:00:54] PRINT [03/18 11:00:54 graph]: --- Testf1: 0.59100, Best Valacc: 0.53000 in epoch 47 --- 
[2023-03-18 11:00:54] PRINT [03/18 11:00:54 graph]: Epoch 89: get test acc score:  0.591
[2023-03-18 11:00:54] PRINT [03/18 11:00:54 graph]: best_f1 0.632 at epoch 74
[2023-03-18 11:00:54] PRINT [03/18 11:00:54 graph]: start epoch 90.
[2023-03-18 11:00:54] PRINT [03/18 11:00:54 graph]: # Epoch 90: train_loss: 0.6358 | lr: 0.000000
[2023-03-18 11:00:55] PRINT [03/18 11:00:55 graph]: --- Testf1: 0.61000, Best Valacc: 0.60400 in epoch 35 --- 
[2023-03-18 11:00:55] PRINT [03/18 11:00:55 graph]: Epoch 90: get test acc score:  0.610
[2023-03-18 11:00:55] PRINT [03/18 11:00:55 graph]: best_f1 0.632 at epoch 74
[2023-03-18 11:00:55] PRINT [03/18 11:00:55 graph]: start epoch 91.
[2023-03-18 11:00:55] PRINT [03/18 11:00:55 graph]: # Epoch 91: train_loss: 0.6353 | lr: 0.000000
[2023-03-18 11:00:56] PRINT [03/18 11:00:56 graph]: --- Testf1: 0.60000, Best Valacc: 0.58000 in epoch 32 --- 
[2023-03-18 11:00:56] PRINT [03/18 11:00:56 graph]: Epoch 91: get test acc score:  0.600
[2023-03-18 11:00:56] PRINT [03/18 11:00:56 graph]: best_f1 0.632 at epoch 74
[2023-03-18 11:00:56] PRINT [03/18 11:00:56 graph]: start epoch 92.
[2023-03-18 11:00:56] PRINT [03/18 11:00:56 graph]: # Epoch 92: train_loss: 0.6359 | lr: 0.000000
[2023-03-18 11:00:57] PRINT [03/18 11:00:57 graph]: --- Testf1: 0.62800, Best Valacc: 0.59800 in epoch 25 --- 
[2023-03-18 11:00:57] PRINT [03/18 11:00:57 graph]: Epoch 92: get test acc score:  0.628
[2023-03-18 11:00:57] PRINT [03/18 11:00:57 graph]: best_f1 0.632 at epoch 74
[2023-03-18 11:00:57] PRINT [03/18 11:00:57 graph]: start epoch 93.
[2023-03-18 11:00:57] PRINT [03/18 11:00:57 graph]: # Epoch 93: train_loss: 0.6359 | lr: 0.000000
[2023-03-18 11:00:58] PRINT [03/18 11:00:58 graph]: --- Testf1: 0.60200, Best Valacc: 0.59400 in epoch 27 --- 
[2023-03-18 11:00:58] PRINT [03/18 11:00:58 graph]: Epoch 93: get test acc score:  0.602
[2023-03-18 11:00:58] PRINT [03/18 11:00:58 graph]: best_f1 0.632 at epoch 74
[2023-03-18 11:00:58] PRINT [03/18 11:00:58 graph]: start epoch 94.
[2023-03-18 11:00:58] PRINT [03/18 11:00:58 graph]: # Epoch 94: train_loss: 0.6357 | lr: 0.000000
[2023-03-18 11:00:59] PRINT [03/18 11:00:59 graph]: --- Testf1: 0.57800, Best Valacc: 0.54800 in epoch 39 --- 
[2023-03-18 11:00:59] PRINT [03/18 11:00:59 graph]: Epoch 94: get test acc score:  0.578
[2023-03-18 11:00:59] PRINT [03/18 11:00:59 graph]: best_f1 0.632 at epoch 74
[2023-03-18 11:00:59] PRINT [03/18 11:00:59 graph]: start epoch 95.
[2023-03-18 11:00:59] PRINT [03/18 11:00:59 graph]: # Epoch 95: train_loss: 0.6352 | lr: 0.000000
[2023-03-18 11:00:59] PRINT [03/18 11:00:59 graph]: --- Testf1: 0.57900, Best Valacc: 0.56200 in epoch 25 --- 
[2023-03-18 11:01:00] PRINT [03/18 11:01:00 graph]: Epoch 95: get test acc score:  0.579
[2023-03-18 11:01:00] PRINT [03/18 11:01:00 graph]: best_f1 0.632 at epoch 74
[2023-03-18 11:01:00] PRINT [03/18 11:01:00 graph]: start epoch 96.
[2023-03-18 11:01:00] PRINT [03/18 11:01:00 graph]: # Epoch 96: train_loss: 0.6355 | lr: 0.000000
[2023-03-18 11:01:00] PRINT [03/18 11:01:00 graph]: --- Testf1: 0.61100, Best Valacc: 0.59000 in epoch 20 --- 
[2023-03-18 11:01:01] PRINT [03/18 11:01:01 graph]: Epoch 96: get test acc score:  0.611
[2023-03-18 11:01:01] PRINT [03/18 11:01:01 graph]: best_f1 0.632 at epoch 74
[2023-03-18 11:01:01] PRINT [03/18 11:01:01 graph]: start epoch 97.
[2023-03-18 11:01:01] PRINT [03/18 11:01:01 graph]: # Epoch 97: train_loss: 0.6356 | lr: 0.000000
[2023-03-18 11:01:01] PRINT [03/18 11:01:01 graph]: --- Testf1: 0.61700, Best Valacc: 0.56000 in epoch 35 --- 
[2023-03-18 11:01:02] PRINT [03/18 11:01:02 graph]: Epoch 97: get test acc score:  0.617
[2023-03-18 11:01:02] PRINT [03/18 11:01:02 graph]: best_f1 0.632 at epoch 74
[2023-03-18 11:01:02] PRINT [03/18 11:01:02 graph]: start epoch 98.
[2023-03-18 11:01:02] PRINT [03/18 11:01:02 graph]: # Epoch 98: train_loss: 0.6352 | lr: 0.000000
[2023-03-18 11:01:02] PRINT [03/18 11:01:02 graph]: --- Testf1: 0.61300, Best Valacc: 0.59200 in epoch 21 --- 
[2023-03-18 11:01:03] PRINT [03/18 11:01:03 graph]: Epoch 98: get test acc score:  0.613
[2023-03-18 11:01:03] PRINT [03/18 11:01:03 graph]: best_f1 0.632 at epoch 74
[2023-03-18 11:01:03] PRINT [03/18 11:01:03 graph]: start epoch 99.
[2023-03-18 11:01:03] PRINT [03/18 11:01:03 graph]: # Epoch 99: train_loss: 0.6353 | lr: 0.000000
[2023-03-18 11:01:03] PRINT [03/18 11:01:03 graph]: --- Testf1: 0.59700, Best Valacc: 0.54600 in epoch 17 --- 
[2023-03-18 11:01:04] PRINT [03/18 11:01:04 graph]: Epoch 99: get test acc score:  0.597
[2023-03-18 11:01:04] PRINT [03/18 11:01:04 graph]: best_f1 0.632 at epoch 74
[2023-03-18 11:01:04] PRINT [03/18 11:01:04 graph]: # final_acc: 0.6320±0.0000
