[2023-03-06 08:06:21] PRINT ---new cfg------
[2023-03-06 08:06:21] PRINT {'DATA': {'data_name': 'MUTAG', 'deg4feat': True}, 'DATALOADER': {'NUM_WORKERS': 0, 'BATCH_SIZE': 32}, 'MODEL': {'num_hidden': 512, 'num_layers': 2, 'nhead': 4, 'activation': 'prelu', 'attn_drop': 0.2, 'feat_drop': 0.2, 'norm': 'layernorm', 'pooler': 'mean', 'beta_schedule': 'sigmoid', 'beta_1': 0.0003799921992803618, 'beta_T': 0.04066601972789766, 'T': 809}, 'SOLVER': {'optim_type': 'adamw', 'optim_type_f': 'adamw', 'alpha': 1, 'decay': 30, 'LR': 0.00025526937085113043, 'weight_decay': 0.0005, 'MAX_EPOCH': 50}, 'DEVICE': 'cuda', 'seeds': [11], 'eval_T': [50, 100, 200], 'output_dir': '/ddm-nni/MUTAG/log', 'checkpoint_dir': '/ddm-nni/MUTAG/log/checkpoint'}
[2023-03-06 08:06:21] PRINT [03/06 08:06:21 graph]: Rank of current process: 0. World size: 1
[2023-03-06 08:06:25] PRINT [03/06 08:06:25 graph]: Environment info:
[2023-03-06 08:06:25] PRINT PyTorch version: 1.10.0+cu113
[2023-03-06 08:06:25] PRINT Is debug build: False
[2023-03-06 08:06:25] PRINT CUDA used to build PyTorch: 11.3
[2023-03-06 08:06:25] PRINT ROCM used to build PyTorch: N/A
[2023-03-06 08:06:25] PRINT 
[2023-03-06 08:06:25] PRINT OS: Ubuntu 20.04.3 LTS (x86_64)
[2023-03-06 08:06:25] PRINT GCC version: (Ubuntu 9.3.0-17ubuntu1~20.04) 9.3.0
[2023-03-06 08:06:25] PRINT Clang version: Could not collect
[2023-03-06 08:06:25] PRINT CMake version: version 3.16.3
[2023-03-06 08:06:25] PRINT Libc version: glibc-2.31
[2023-03-06 08:06:25] PRINT 
[2023-03-06 08:06:25] PRINT Python version: 3.8.10 (default, Jun  4 2021, 15:09:15)  [GCC 7.5.0] (64-bit runtime)
[2023-03-06 08:06:25] PRINT Python platform: Linux-5.4.0-90-generic-x86_64-with-glibc2.17
[2023-03-06 08:06:25] PRINT Is CUDA available: True
[2023-03-06 08:06:25] PRINT CUDA runtime version: 11.3.109
[2023-03-06 08:06:25] PRINT GPU models and configuration: GPU 0: NVIDIA GeForce RTX 3090
[2023-03-06 08:06:25] PRINT Nvidia driver version: 495.44
[2023-03-06 08:06:25] PRINT cuDNN version: Probably one of the following:
[2023-03-06 08:06:25] PRINT /usr/lib/x86_64-linux-gnu/libcudnn.so.8.2.0
[2023-03-06 08:06:25] PRINT /usr/lib/x86_64-linux-gnu/libcudnn_adv_infer.so.8.2.0
[2023-03-06 08:06:25] PRINT /usr/lib/x86_64-linux-gnu/libcudnn_adv_train.so.8.2.0
[2023-03-06 08:06:25] PRINT /usr/lib/x86_64-linux-gnu/libcudnn_cnn_infer.so.8.2.0
[2023-03-06 08:06:25] PRINT /usr/lib/x86_64-linux-gnu/libcudnn_cnn_train.so.8.2.0
[2023-03-06 08:06:25] PRINT /usr/lib/x86_64-linux-gnu/libcudnn_ops_infer.so.8.2.0
[2023-03-06 08:06:25] PRINT /usr/lib/x86_64-linux-gnu/libcudnn_ops_train.so.8.2.0
[2023-03-06 08:06:25] PRINT HIP runtime version: N/A
[2023-03-06 08:06:25] PRINT MIOpen runtime version: N/A
[2023-03-06 08:06:25] PRINT 
[2023-03-06 08:06:25] PRINT Versions of relevant libraries:
[2023-03-06 08:06:25] PRINT [pip3] numpy==1.23.5
[2023-03-06 08:06:25] PRINT [pip3] torch==1.10.0+cu113
[2023-03-06 08:06:25] PRINT [pip3] torchvision==0.11.1+cu113
[2023-03-06 08:06:25] PRINT [conda] blas                      1.0                         mkl    https://mirrors.ustc.edu.cn/anaconda/pkgs/main
[2023-03-06 08:06:25] PRINT [conda] mkl                       2021.4.0           h06a4308_640    https://mirrors.ustc.edu.cn/anaconda/pkgs/main
[2023-03-06 08:06:25] PRINT [conda] mkl-service               2.4.0            py38h7f8727e_0    https://mirrors.ustc.edu.cn/anaconda/pkgs/main
[2023-03-06 08:06:25] PRINT [conda] mkl_fft                   1.3.1            py38hd3c417c_0    https://mirrors.ustc.edu.cn/anaconda/pkgs/main
[2023-03-06 08:06:25] PRINT [conda] mkl_random                1.2.2            py38h51133e4_0    https://mirrors.ustc.edu.cn/anaconda/pkgs/main
[2023-03-06 08:06:25] PRINT [conda] numpy                     1.21.4                   pypi_0    pypi
[2023-03-06 08:06:25] PRINT [conda] numpy-base                1.23.5           py38h31eccc5_0    https://mirrors.ustc.edu.cn/anaconda/pkgs/main
[2023-03-06 08:06:25] PRINT [conda] torch                     1.10.0+cu113             pypi_0    pypi
[2023-03-06 08:06:25] PRINT [conda] torchvision               0.11.1+cu113             pypi_0    pypi
[2023-03-06 08:06:25] PRINT         Pillow (8.4.0)
[2023-03-06 08:06:25] PRINT [03/06 08:06:25 graph]: Command line arguments: Namespace(local_rank=0, resume=False, seed=1234, start_epoch=0)
[2023-03-06 08:06:25] PRINT Using degree as node features
[2023-03-06 08:06:25] PRINT ******** # Num Graphs: 188, # Num Feat: 5, # Num Classes: 2 ********
[2023-03-06 08:06:25] PRINT [03/06 08:06:25 graph]: Run 0th for seed 11
[2023-03-06 08:06:25] PRINT [03/06 08:06:25 graph]: Total trainable params num : 5155439
[2023-03-06 08:06:29] PRINT [03/06 08:06:29 graph]: ----------Start Training----------
[2023-03-06 08:06:30] PRINT [03/06 08:06:30 graph]: Epoch 0 | train_loss: 0.7713 | lr: 0.000255
[2023-03-06 08:06:30] PRINT [03/06 08:06:30 graph]: Epoch 1 | train_loss: 0.4982 | lr: 0.000255
[2023-03-06 08:06:30] PRINT [03/06 08:06:30 graph]: Epoch 2 | train_loss: 0.3903 | lr: 0.000255
[2023-03-06 08:06:33] PRINT [03/06 08:06:33 graph]: #Test_f1: 0.8620±0.0674
[2023-03-06 08:06:33] PRINT [03/06 08:06:33 graph]: Epoch 2: get test f1 score:  0.862
[2023-03-06 08:06:33] PRINT [03/06 08:06:33 graph]: best_f1 0.862 at epoch 2
[2023-03-06 08:06:34] PRINT [03/06 08:06:34 graph]: Epoch 3 | train_loss: 0.3475 | lr: 0.000255
[2023-03-06 08:06:36] PRINT [03/06 08:06:36 graph]: #Test_f1: 0.8725±0.0715
[2023-03-06 08:06:37] PRINT [03/06 08:06:37 graph]: Epoch 3: get test f1 score:  0.873
[2023-03-06 08:06:37] PRINT [03/06 08:06:37 graph]: best_f1 0.873 at epoch 3
[2023-03-06 08:06:37] PRINT [03/06 08:06:37 graph]: Epoch 4 | train_loss: 0.3330 | lr: 0.000255
[2023-03-06 08:06:40] PRINT [03/06 08:06:40 graph]: #Test_f1: 0.8883±0.0647
[2023-03-06 08:06:40] PRINT [03/06 08:06:40 graph]: Epoch 4: get test f1 score:  0.888
[2023-03-06 08:06:40] PRINT [03/06 08:06:40 graph]: best_f1 0.888 at epoch 4
[2023-03-06 08:06:41] PRINT [03/06 08:06:41 graph]: Epoch 5 | train_loss: 0.3108 | lr: 0.000255
[2023-03-06 08:06:43] PRINT [03/06 08:06:43 graph]: #Test_f1: 0.8880±0.0700
[2023-03-06 08:06:44] PRINT [03/06 08:06:44 graph]: Epoch 5: get test f1 score:  0.888
[2023-03-06 08:06:44] PRINT [03/06 08:06:44 graph]: best_f1 0.888 at epoch 4
[2023-03-06 08:06:44] PRINT [03/06 08:06:44 graph]: Epoch 6 | train_loss: 0.3076 | lr: 0.000255
[2023-03-06 08:06:47] PRINT [03/06 08:06:47 graph]: #Test_f1: 0.8830±0.0617
[2023-03-06 08:06:47] PRINT [03/06 08:06:47 graph]: Epoch 6: get test f1 score:  0.883
[2023-03-06 08:06:47] PRINT [03/06 08:06:47 graph]: best_f1 0.888 at epoch 4
[2023-03-06 08:06:47] PRINT [03/06 08:06:47 graph]: Epoch 7 | train_loss: 0.2874 | lr: 0.000255
[2023-03-06 08:06:50] PRINT [03/06 08:06:50 graph]: #Test_f1: 0.8722±0.0486
[2023-03-06 08:06:50] PRINT [03/06 08:06:50 graph]: Epoch 7: get test f1 score:  0.872
[2023-03-06 08:06:50] PRINT [03/06 08:06:50 graph]: best_f1 0.888 at epoch 4
[2023-03-06 08:06:51] PRINT [03/06 08:06:51 graph]: Epoch 8 | train_loss: 0.2840 | lr: 0.000255
[2023-03-06 08:06:53] PRINT [03/06 08:06:53 graph]: #Test_f1: 0.8886±0.0506
[2023-03-06 08:06:54] PRINT [03/06 08:06:54 graph]: Epoch 8: get test f1 score:  0.889
[2023-03-06 08:06:54] PRINT [03/06 08:06:54 graph]: best_f1 0.889 at epoch 8
[2023-03-06 08:06:54] PRINT [03/06 08:06:54 graph]: Epoch 9 | train_loss: 0.2709 | lr: 0.000255
[2023-03-06 08:06:57] PRINT [03/06 08:06:57 graph]: #Test_f1: 0.8722±0.0426
[2023-03-06 08:06:57] PRINT [03/06 08:06:57 graph]: Epoch 9: get test f1 score:  0.872
[2023-03-06 08:06:57] PRINT [03/06 08:06:57 graph]: best_f1 0.889 at epoch 8
[2023-03-06 08:06:57] PRINT [03/06 08:06:57 graph]: Epoch 10 | train_loss: 0.2588 | lr: 0.000255
[2023-03-06 08:07:00] PRINT [03/06 08:07:00 graph]: #Test_f1: 0.8614±0.0431
[2023-03-06 08:07:01] PRINT [03/06 08:07:01 graph]: Epoch 10: get test f1 score:  0.861
[2023-03-06 08:07:01] PRINT [03/06 08:07:01 graph]: best_f1 0.889 at epoch 8
[2023-03-06 08:07:01] PRINT [03/06 08:07:01 graph]: Epoch 11 | train_loss: 0.2537 | lr: 0.000255
[2023-03-06 08:07:04] PRINT [03/06 08:07:04 graph]: #Test_f1: 0.8830±0.0612
[2023-03-06 08:07:04] PRINT [03/06 08:07:04 graph]: Epoch 11: get test f1 score:  0.883
[2023-03-06 08:07:04] PRINT [03/06 08:07:04 graph]: best_f1 0.889 at epoch 8
[2023-03-06 08:07:04] PRINT [03/06 08:07:04 graph]: Epoch 12 | train_loss: 0.2405 | lr: 0.000255
[2023-03-06 08:07:07] PRINT [03/06 08:07:07 graph]: #Test_f1: 0.8775±0.0712
[2023-03-06 08:07:07] PRINT [03/06 08:07:07 graph]: Epoch 12: get test f1 score:  0.877
[2023-03-06 08:07:07] PRINT [03/06 08:07:07 graph]: best_f1 0.889 at epoch 8
[2023-03-06 08:07:07] PRINT [03/06 08:07:07 graph]: Epoch 13 | train_loss: 0.2404 | lr: 0.000255
[2023-03-06 08:07:10] PRINT [03/06 08:07:10 graph]: #Test_f1: 0.8716±0.0703
[2023-03-06 08:07:11] PRINT [03/06 08:07:11 graph]: Epoch 13: get test f1 score:  0.872
[2023-03-06 08:07:11] PRINT [03/06 08:07:11 graph]: best_f1 0.889 at epoch 8
[2023-03-06 08:07:11] PRINT [03/06 08:07:11 graph]: Epoch 14 | train_loss: 0.2325 | lr: 0.000255
[2023-03-06 08:07:14] PRINT [03/06 08:07:14 graph]: #Test_f1: 0.8827±0.0522
[2023-03-06 08:07:14] PRINT [03/06 08:07:14 graph]: Epoch 14: get test f1 score:  0.883
[2023-03-06 08:07:14] PRINT [03/06 08:07:14 graph]: best_f1 0.889 at epoch 8
[2023-03-06 08:07:14] PRINT [03/06 08:07:14 graph]: Epoch 15 | train_loss: 0.2243 | lr: 0.000255
[2023-03-06 08:07:17] PRINT [03/06 08:07:17 graph]: #Test_f1: 0.8936±0.0408
[2023-03-06 08:07:18] PRINT [03/06 08:07:18 graph]: Epoch 15: get test f1 score:  0.894
[2023-03-06 08:07:18] PRINT [03/06 08:07:18 graph]: best_f1 0.894 at epoch 15
[2023-03-06 08:07:18] PRINT [03/06 08:07:18 graph]: Epoch 16 | train_loss: 0.2323 | lr: 0.000255
[2023-03-06 08:07:21] PRINT [03/06 08:07:21 graph]: #Test_f1: 0.8506±0.0793
[2023-03-06 08:07:21] PRINT [03/06 08:07:21 graph]: Epoch 16: get test f1 score:  0.851
[2023-03-06 08:07:21] PRINT [03/06 08:07:21 graph]: best_f1 0.894 at epoch 15
[2023-03-06 08:07:21] PRINT [03/06 08:07:21 graph]: Epoch 17 | train_loss: 0.2248 | lr: 0.000255
[2023-03-06 08:07:24] PRINT [03/06 08:07:24 graph]: #Test_f1: 0.8509±0.0571
[2023-03-06 08:07:24] PRINT [03/06 08:07:24 graph]: Epoch 17: get test f1 score:  0.851
[2023-03-06 08:07:24] PRINT [03/06 08:07:24 graph]: best_f1 0.894 at epoch 15
[2023-03-06 08:07:24] PRINT [03/06 08:07:24 graph]: Epoch 18 | train_loss: 0.2147 | lr: 0.000255
[2023-03-06 08:07:27] PRINT [03/06 08:07:27 graph]: #Test_f1: 0.8617±0.0538
[2023-03-06 08:07:27] PRINT [03/06 08:07:27 graph]: Epoch 18: get test f1 score:  0.862
[2023-03-06 08:07:27] PRINT [03/06 08:07:27 graph]: best_f1 0.894 at epoch 15
[2023-03-06 08:07:28] PRINT [03/06 08:07:28 graph]: Epoch 19 | train_loss: 0.2129 | lr: 0.000255
[2023-03-06 08:07:30] PRINT [03/06 08:07:30 graph]: #Test_f1: 0.8456±0.0691
[2023-03-06 08:07:31] PRINT [03/06 08:07:31 graph]: Epoch 19: get test f1 score:  0.846
[2023-03-06 08:07:31] PRINT [03/06 08:07:31 graph]: best_f1 0.894 at epoch 15
[2023-03-06 08:07:31] PRINT [03/06 08:07:31 graph]: Epoch 20 | train_loss: 0.2133 | lr: 0.000255
[2023-03-06 08:07:34] PRINT [03/06 08:07:34 graph]: #Test_f1: 0.8614±0.0550
[2023-03-06 08:07:34] PRINT [03/06 08:07:34 graph]: Epoch 20: get test f1 score:  0.861
[2023-03-06 08:07:34] PRINT [03/06 08:07:34 graph]: best_f1 0.894 at epoch 15
[2023-03-06 08:07:34] PRINT [03/06 08:07:34 graph]: Epoch 21 | train_loss: 0.2008 | lr: 0.000255
[2023-03-06 08:07:37] PRINT [03/06 08:07:37 graph]: #Test_f1: 0.8512±0.0612
[2023-03-06 08:07:37] PRINT [03/06 08:07:37 graph]: Epoch 21: get test f1 score:  0.851
[2023-03-06 08:07:37] PRINT [03/06 08:07:37 graph]: best_f1 0.894 at epoch 15
[2023-03-06 08:07:38] PRINT [03/06 08:07:38 graph]: Epoch 22 | train_loss: 0.1933 | lr: 0.000255
[2023-03-06 08:07:40] PRINT [03/06 08:07:40 graph]: #Test_f1: 0.8561±0.0419
[2023-03-06 08:07:41] PRINT [03/06 08:07:41 graph]: Epoch 22: get test f1 score:  0.856
[2023-03-06 08:07:41] PRINT [03/06 08:07:41 graph]: best_f1 0.894 at epoch 15
[2023-03-06 08:07:41] PRINT [03/06 08:07:41 graph]: Epoch 23 | train_loss: 0.1925 | lr: 0.000255
[2023-03-06 08:07:44] PRINT [03/06 08:07:44 graph]: #Test_f1: 0.8670±0.0591
[2023-03-06 08:07:44] PRINT [03/06 08:07:44 graph]: Epoch 23: get test f1 score:  0.867
[2023-03-06 08:07:44] PRINT [03/06 08:07:44 graph]: best_f1 0.894 at epoch 15
[2023-03-06 08:07:44] PRINT [03/06 08:07:44 graph]: Epoch 24 | train_loss: 0.2026 | lr: 0.000255
[2023-03-06 08:07:47] PRINT [03/06 08:07:47 graph]: #Test_f1: 0.8667±0.0597
[2023-03-06 08:07:48] PRINT [03/06 08:07:48 graph]: Epoch 24: get test f1 score:  0.867
[2023-03-06 08:07:48] PRINT [03/06 08:07:48 graph]: best_f1 0.894 at epoch 15
[2023-03-06 08:07:48] PRINT [03/06 08:07:48 graph]: Epoch 25 | train_loss: 0.1915 | lr: 0.000255
[2023-03-06 08:07:51] PRINT [03/06 08:07:51 graph]: #Test_f1: 0.8614±0.0431
[2023-03-06 08:07:51] PRINT [03/06 08:07:51 graph]: Epoch 25: get test f1 score:  0.861
[2023-03-06 08:07:51] PRINT [03/06 08:07:51 graph]: best_f1 0.894 at epoch 15
[2023-03-06 08:07:51] PRINT [03/06 08:07:51 graph]: Epoch 26 | train_loss: 0.1964 | lr: 0.000255
[2023-03-06 08:07:54] PRINT [03/06 08:07:54 graph]: #Test_f1: 0.8772±0.0357
[2023-03-06 08:07:55] PRINT [03/06 08:07:55 graph]: Epoch 26: get test f1 score:  0.877
[2023-03-06 08:07:55] PRINT [03/06 08:07:55 graph]: best_f1 0.894 at epoch 15
[2023-03-06 08:07:55] PRINT [03/06 08:07:55 graph]: Epoch 27 | train_loss: 0.1935 | lr: 0.000255
[2023-03-06 08:07:58] PRINT [03/06 08:07:58 graph]: #Test_f1: 0.8614±0.0431
[2023-03-06 08:07:58] PRINT [03/06 08:07:58 graph]: Epoch 27: get test f1 score:  0.861
[2023-03-06 08:07:58] PRINT [03/06 08:07:58 graph]: best_f1 0.894 at epoch 15
[2023-03-06 08:07:58] PRINT [03/06 08:07:58 graph]: Epoch 28 | train_loss: 0.1864 | lr: 0.000255
[2023-03-06 08:08:01] PRINT [03/06 08:08:01 graph]: #Test_f1: 0.8661±0.0626
[2023-03-06 08:08:01] PRINT [03/06 08:08:01 graph]: Epoch 28: get test f1 score:  0.866
[2023-03-06 08:08:01] PRINT [03/06 08:08:01 graph]: best_f1 0.894 at epoch 15
[2023-03-06 08:08:02] PRINT [03/06 08:08:02 graph]: Epoch 29 | train_loss: 0.1805 | lr: 0.000255
[2023-03-06 08:08:04] PRINT [03/06 08:08:04 graph]: #Test_f1: 0.8772±0.0548
[2023-03-06 08:08:05] PRINT [03/06 08:08:05 graph]: Epoch 29: get test f1 score:  0.877
[2023-03-06 08:08:05] PRINT [03/06 08:08:05 graph]: best_f1 0.894 at epoch 15
[2023-03-06 08:08:05] PRINT [03/06 08:08:05 graph]: Epoch 30 | train_loss: 0.1803 | lr: 0.000255
[2023-03-06 08:08:08] PRINT [03/06 08:08:08 graph]: #Test_f1: 0.8667±0.0549
[2023-03-06 08:08:08] PRINT [03/06 08:08:08 graph]: Epoch 30: get test f1 score:  0.867
[2023-03-06 08:08:08] PRINT [03/06 08:08:08 graph]: best_f1 0.894 at epoch 15
[2023-03-06 08:08:08] PRINT [03/06 08:08:08 graph]: Epoch 31 | train_loss: 0.1856 | lr: 0.000255
[2023-03-06 08:08:11] PRINT [03/06 08:08:11 graph]: #Test_f1: 0.8778±0.0407
[2023-03-06 08:08:11] PRINT [03/06 08:08:11 graph]: Epoch 31: get test f1 score:  0.878
[2023-03-06 08:08:11] PRINT [03/06 08:08:11 graph]: best_f1 0.894 at epoch 15
[2023-03-06 08:08:12] PRINT [03/06 08:08:12 graph]: Epoch 32 | train_loss: 0.1921 | lr: 0.000255
[2023-03-06 08:08:14] PRINT [03/06 08:08:14 graph]: #Test_f1: 0.8667±0.0436
[2023-03-06 08:08:14] PRINT [03/06 08:08:14 graph]: Epoch 32: get test f1 score:  0.867
[2023-03-06 08:08:14] PRINT [03/06 08:08:14 graph]: best_f1 0.894 at epoch 15
[2023-03-06 08:08:15] PRINT [03/06 08:08:15 graph]: Epoch 33 | train_loss: 0.1819 | lr: 0.000255
[2023-03-06 08:08:17] PRINT [03/06 08:08:17 graph]: #Test_f1: 0.8667±0.0549
[2023-03-06 08:08:18] PRINT [03/06 08:08:18 graph]: Epoch 33: get test f1 score:  0.867
[2023-03-06 08:08:18] PRINT [03/06 08:08:18 graph]: best_f1 0.894 at epoch 15
[2023-03-06 08:08:18] PRINT [03/06 08:08:18 graph]: Epoch 34 | train_loss: 0.1816 | lr: 0.000255
[2023-03-06 08:08:21] PRINT [03/06 08:08:21 graph]: #Test_f1: 0.8772±0.0488
[2023-03-06 08:08:21] PRINT [03/06 08:08:21 graph]: Epoch 34: get test f1 score:  0.877
[2023-03-06 08:08:21] PRINT [03/06 08:08:21 graph]: best_f1 0.894 at epoch 15
[2023-03-06 08:08:21] PRINT [03/06 08:08:21 graph]: Epoch 35 | train_loss: 0.1754 | lr: 0.000255
[2023-03-06 08:08:24] PRINT [03/06 08:08:24 graph]: #Test_f1: 0.8772±0.0488
[2023-03-06 08:08:24] PRINT [03/06 08:08:24 graph]: Epoch 35: get test f1 score:  0.877
[2023-03-06 08:08:24] PRINT [03/06 08:08:24 graph]: best_f1 0.894 at epoch 15
[2023-03-06 08:08:25] PRINT [03/06 08:08:25 graph]: Epoch 36 | train_loss: 0.1728 | lr: 0.000255
[2023-03-06 08:08:27] PRINT [03/06 08:08:27 graph]: #Test_f1: 0.8880±0.0447
[2023-03-06 08:08:28] PRINT [03/06 08:08:28 graph]: Epoch 36: get test f1 score:  0.888
[2023-03-06 08:08:28] PRINT [03/06 08:08:28 graph]: best_f1 0.894 at epoch 15
[2023-03-06 08:08:28] PRINT [03/06 08:08:28 graph]: Epoch 37 | train_loss: 0.1811 | lr: 0.000255
[2023-03-06 08:08:31] PRINT [03/06 08:08:31 graph]: #Test_f1: 0.8772±0.0488
[2023-03-06 08:08:31] PRINT [03/06 08:08:31 graph]: Epoch 37: get test f1 score:  0.877
[2023-03-06 08:08:31] PRINT [03/06 08:08:31 graph]: best_f1 0.894 at epoch 15
[2023-03-06 08:08:32] PRINT [03/06 08:08:32 graph]: Epoch 38 | train_loss: 0.1778 | lr: 0.000255
[2023-03-06 08:08:34] PRINT [03/06 08:08:34 graph]: #Test_f1: 0.8719±0.0366
[2023-03-06 08:08:35] PRINT [03/06 08:08:35 graph]: Epoch 38: get test f1 score:  0.872
[2023-03-06 08:08:35] PRINT [03/06 08:08:35 graph]: best_f1 0.894 at epoch 15
[2023-03-06 08:08:35] PRINT [03/06 08:08:35 graph]: Epoch 39 | train_loss: 0.1804 | lr: 0.000255
[2023-03-06 08:08:38] PRINT [03/06 08:08:38 graph]: #Test_f1: 0.8772±0.0488
[2023-03-06 08:08:38] PRINT [03/06 08:08:38 graph]: Epoch 39: get test f1 score:  0.877
[2023-03-06 08:08:38] PRINT [03/06 08:08:38 graph]: best_f1 0.894 at epoch 15
[2023-03-06 08:08:38] PRINT [03/06 08:08:38 graph]: Epoch 40 | train_loss: 0.1731 | lr: 0.000255
[2023-03-06 08:08:41] PRINT [03/06 08:08:41 graph]: #Test_f1: 0.8827±0.0466
[2023-03-06 08:08:41] PRINT [03/06 08:08:41 graph]: Epoch 40: get test f1 score:  0.883
[2023-03-06 08:08:41] PRINT [03/06 08:08:41 graph]: best_f1 0.894 at epoch 15
[2023-03-06 08:08:42] PRINT [03/06 08:08:42 graph]: Epoch 41 | train_loss: 0.1752 | lr: 0.000255
[2023-03-06 08:08:44] PRINT [03/06 08:08:44 graph]: #Test_f1: 0.8827±0.0466
[2023-03-06 08:08:45] PRINT [03/06 08:08:45 graph]: Epoch 41: get test f1 score:  0.883
[2023-03-06 08:08:45] PRINT [03/06 08:08:45 graph]: best_f1 0.894 at epoch 15
[2023-03-06 08:08:45] PRINT [03/06 08:08:45 graph]: Epoch 42 | train_loss: 0.1759 | lr: 0.000255
[2023-03-06 08:08:48] PRINT [03/06 08:08:48 graph]: #Test_f1: 0.8719±0.0548
[2023-03-06 08:08:48] PRINT [03/06 08:08:48 graph]: Epoch 42: get test f1 score:  0.872
[2023-03-06 08:08:48] PRINT [03/06 08:08:48 graph]: best_f1 0.894 at epoch 15
[2023-03-06 08:08:48] PRINT [03/06 08:08:48 graph]: Epoch 43 | train_loss: 0.1678 | lr: 0.000255
[2023-03-06 08:08:51] PRINT [03/06 08:08:51 graph]: #Test_f1: 0.8667±0.0436
[2023-03-06 08:08:52] PRINT [03/06 08:08:51 graph]: Epoch 43: get test f1 score:  0.867
[2023-03-06 08:08:52] PRINT [03/06 08:08:52 graph]: best_f1 0.894 at epoch 15
[2023-03-06 08:08:52] PRINT [03/06 08:08:52 graph]: Epoch 44 | train_loss: 0.1688 | lr: 0.000255
[2023-03-06 08:08:54] PRINT [03/06 08:08:54 graph]: #Test_f1: 0.8561±0.0535
[2023-03-06 08:08:55] PRINT [03/06 08:08:55 graph]: Epoch 44: get test f1 score:  0.856
[2023-03-06 08:08:55] PRINT [03/06 08:08:55 graph]: best_f1 0.894 at epoch 15
[2023-03-06 08:08:55] PRINT [03/06 08:08:55 graph]: Epoch 45 | train_loss: 0.1642 | lr: 0.000255
[2023-03-06 08:08:58] PRINT [03/06 08:08:58 graph]: #Test_f1: 0.8664±0.0562
[2023-03-06 08:08:58] PRINT [03/06 08:08:58 graph]: Epoch 45: get test f1 score:  0.866
[2023-03-06 08:08:58] PRINT [03/06 08:08:58 graph]: best_f1 0.894 at epoch 15
[2023-03-06 08:08:58] PRINT [03/06 08:08:58 graph]: Epoch 46 | train_loss: 0.1752 | lr: 0.000255
[2023-03-06 08:09:01] PRINT [03/06 08:09:01 graph]: #Test_f1: 0.8830±0.0520
[2023-03-06 08:09:01] PRINT [03/06 08:09:01 graph]: Epoch 46: get test f1 score:  0.883
[2023-03-06 08:09:01] PRINT [03/06 08:09:01 graph]: best_f1 0.894 at epoch 15
[2023-03-06 08:09:02] PRINT [03/06 08:09:02 graph]: Epoch 47 | train_loss: 0.1640 | lr: 0.000255
[2023-03-06 08:09:04] PRINT [03/06 08:09:04 graph]: #Test_f1: 0.8936±0.0533
[2023-03-06 08:09:05] PRINT [03/06 08:09:05 graph]: Epoch 47: get test f1 score:  0.894
[2023-03-06 08:09:05] PRINT [03/06 08:09:05 graph]: best_f1 0.894 at epoch 15
[2023-03-06 08:09:05] PRINT [03/06 08:09:05 graph]: Epoch 48 | train_loss: 0.1782 | lr: 0.000255
[2023-03-06 08:09:08] PRINT [03/06 08:09:08 graph]: #Test_f1: 0.8772±0.0488
[2023-03-06 08:09:08] PRINT [03/06 08:09:08 graph]: Epoch 48: get test f1 score:  0.877
[2023-03-06 08:09:08] PRINT [03/06 08:09:08 graph]: best_f1 0.894 at epoch 15
[2023-03-06 08:09:08] PRINT [03/06 08:09:08 graph]: Epoch 49 | train_loss: 0.1715 | lr: 0.000255
[2023-03-06 08:09:11] PRINT [03/06 08:09:11 graph]: #Test_f1: 0.8775±0.0479
[2023-03-06 08:09:11] PRINT [03/06 08:09:11 graph]: Epoch 49: get test f1 score:  0.877
[2023-03-06 08:09:11] PRINT [03/06 08:09:11 graph]: best_f1 0.894 at epoch 15
[2023-03-06 08:09:11] PRINT [03/06 08:09:11 graph]: # final_acc: 0.8936±0.0000
