[2023-03-13 00:10:56] PRINT ---new cfg------
[2023-03-13 00:10:56] PRINT {'DATA': {'data_name': 'cora'}, 'DATALOADER': {'NUM_WORKERS': 0}, 'MODEL': {'num_hidden': 512, 'num_layers': 2, 'nhead': 4, 'activation': 'prelu', 'attn_drop': 0.5, 'feat_drop': 0.4, 'norm': 'batchnorm', 'pooler': 'mean', 'beta_schedule': 'linear', 'beta_1': 0.00015562705652710397, 'beta_T': 0.04381089459235747, 'T': 940}, 'SOLVER': {'optim_type': 'adam', 'optim_type_f': 'adamw', 'alpha': 1, 'decay': 40, 'LR': 0.00010154224866411125, 'LR_f': 0.0003718072621684022, 'weight_decay': 0, 'weight_decay_f': 3.144606910323518e-05, 'MAX_EPOCH': 100, 'max_epoch_f': 100}, 'DEVICE': 'cuda', 'seeds': [0], 'eval_T': [50, 100, 200], 'output_dir': '/ddm-nni/Cora/log', 'checkpoint_dir': '/ddm-nni/Cora/log/checkpoint'}
[2023-03-13 00:10:56] PRINT [03/13 00:10:56 graph]: Rank of current process: 0. World size: 1
[2023-03-13 00:10:59] PRINT [03/13 00:10:59 graph]: Environment info:
[2023-03-13 00:10:59] PRINT PyTorch version: 1.10.0+cu113
[2023-03-13 00:10:59] PRINT Is debug build: False
[2023-03-13 00:10:59] PRINT CUDA used to build PyTorch: 11.3
[2023-03-13 00:10:59] PRINT ROCM used to build PyTorch: N/A
[2023-03-13 00:10:59] PRINT 
[2023-03-13 00:10:59] PRINT OS: Ubuntu 20.04.3 LTS (x86_64)
[2023-03-13 00:10:59] PRINT GCC version: (Ubuntu 9.3.0-17ubuntu1~20.04) 9.3.0
[2023-03-13 00:10:59] PRINT Clang version: Could not collect
[2023-03-13 00:10:59] PRINT CMake version: version 3.16.3
[2023-03-13 00:10:59] PRINT Libc version: glibc-2.31
[2023-03-13 00:10:59] PRINT 
[2023-03-13 00:10:59] PRINT Python version: 3.8.10 (default, Jun  4 2021, 15:09:15)  [GCC 7.5.0] (64-bit runtime)
[2023-03-13 00:10:59] PRINT Python platform: Linux-5.4.0-90-generic-x86_64-with-glibc2.17
[2023-03-13 00:10:59] PRINT Is CUDA available: True
[2023-03-13 00:10:59] PRINT CUDA runtime version: 11.3.109
[2023-03-13 00:10:59] PRINT GPU models and configuration: GPU 0: NVIDIA GeForce RTX 3090
[2023-03-13 00:10:59] PRINT Nvidia driver version: 495.44
[2023-03-13 00:10:59] PRINT cuDNN version: Probably one of the following:
[2023-03-13 00:10:59] PRINT /usr/lib/x86_64-linux-gnu/libcudnn.so.8.2.0
[2023-03-13 00:10:59] PRINT /usr/lib/x86_64-linux-gnu/libcudnn_adv_infer.so.8.2.0
[2023-03-13 00:10:59] PRINT /usr/lib/x86_64-linux-gnu/libcudnn_adv_train.so.8.2.0
[2023-03-13 00:10:59] PRINT /usr/lib/x86_64-linux-gnu/libcudnn_cnn_infer.so.8.2.0
[2023-03-13 00:10:59] PRINT /usr/lib/x86_64-linux-gnu/libcudnn_cnn_train.so.8.2.0
[2023-03-13 00:10:59] PRINT /usr/lib/x86_64-linux-gnu/libcudnn_ops_infer.so.8.2.0
[2023-03-13 00:10:59] PRINT /usr/lib/x86_64-linux-gnu/libcudnn_ops_train.so.8.2.0
[2023-03-13 00:10:59] PRINT HIP runtime version: N/A
[2023-03-13 00:10:59] PRINT MIOpen runtime version: N/A
[2023-03-13 00:10:59] PRINT 
[2023-03-13 00:10:59] PRINT Versions of relevant libraries:
[2023-03-13 00:10:59] PRINT [pip3] numpy==1.23.5
[2023-03-13 00:10:59] PRINT [pip3] torch==1.10.0+cu113
[2023-03-13 00:10:59] PRINT [pip3] torchvision==0.11.1+cu113
[2023-03-13 00:10:59] PRINT [conda] blas                      1.0                         mkl    https://mirrors.ustc.edu.cn/anaconda/pkgs/main
[2023-03-13 00:10:59] PRINT [conda] mkl                       2021.4.0           h06a4308_640    https://mirrors.ustc.edu.cn/anaconda/pkgs/main
[2023-03-13 00:10:59] PRINT [conda] mkl-service               2.4.0            py38h7f8727e_0    https://mirrors.ustc.edu.cn/anaconda/pkgs/main
[2023-03-13 00:10:59] PRINT [conda] mkl_fft                   1.3.1            py38hd3c417c_0    https://mirrors.ustc.edu.cn/anaconda/pkgs/main
[2023-03-13 00:10:59] PRINT [conda] mkl_random                1.2.2            py38h51133e4_0    https://mirrors.ustc.edu.cn/anaconda/pkgs/main
[2023-03-13 00:10:59] PRINT [conda] numpy                     1.21.4                   pypi_0    pypi
[2023-03-13 00:10:59] PRINT [conda] numpy-base                1.23.5           py38h31eccc5_0    https://mirrors.ustc.edu.cn/anaconda/pkgs/main
[2023-03-13 00:10:59] PRINT [conda] torch                     1.10.0+cu113             pypi_0    pypi
[2023-03-13 00:10:59] PRINT [conda] torchvision               0.11.1+cu113             pypi_0    pypi
[2023-03-13 00:10:59] PRINT         Pillow (8.4.0)
[2023-03-13 00:10:59] PRINT [03/13 00:10:59 graph]: Command line arguments: Namespace(local_rank=0, resume=False, seed=1234, start_epoch=0)
[2023-03-13 00:10:59] PRINT   NumNodes: 2708
[2023-03-13 00:10:59] PRINT   NumEdges: 10556
[2023-03-13 00:10:59] PRINT   NumFeats: 1433
[2023-03-13 00:10:59] PRINT   NumClasses: 7
[2023-03-13 00:10:59] PRINT   NumTrainingSamples: 140
[2023-03-13 00:10:59] PRINT   NumValidationSamples: 500
[2023-03-13 00:10:59] PRINT   NumTestSamples: 1000
[2023-03-13 00:10:59] PRINT Done loading data from cached files.
[2023-03-13 00:10:59] PRINT [03/13 00:10:59 graph]: Run 0th for seed 0
[2023-03-13 00:11:00] PRINT [03/13 00:11:00 graph]: Total trainable params num : 13584879
[2023-03-13 00:11:04] PRINT [03/13 00:11:04 graph]: ----------Start Training----------
[2023-03-13 00:11:04] PRINT [03/13 00:11:04 graph]: start epoch 0.
[2023-03-13 00:11:04] PRINT [03/13 00:11:04 graph]: # Epoch 0: train_loss: 0.9959 | lr: 0.000102
[2023-03-13 00:11:04] PRINT [03/13 00:11:04 graph]: start epoch 1.
[2023-03-13 00:11:05] PRINT [03/13 00:11:05 graph]: # Epoch 1: train_loss: 0.9176 | lr: 0.000102
[2023-03-13 00:11:05] PRINT [03/13 00:11:05 graph]: start epoch 2.
[2023-03-13 00:11:05] PRINT [03/13 00:11:05 graph]: # Epoch 2: train_loss: 0.8591 | lr: 0.000102
[2023-03-13 00:11:05] PRINT [03/13 00:11:05 graph]: start epoch 3.
[2023-03-13 00:11:05] PRINT [03/13 00:11:05 graph]: # Epoch 3: train_loss: 0.8109 | lr: 0.000102
[2023-03-13 00:11:05] PRINT [03/13 00:11:05 graph]: start epoch 4.
[2023-03-13 00:11:05] PRINT [03/13 00:11:05 graph]: # Epoch 4: train_loss: 0.7709 | lr: 0.000102
[2023-03-13 00:11:05] PRINT [03/13 00:11:05 graph]: start epoch 5.
[2023-03-13 00:11:05] PRINT [03/13 00:11:05 graph]: # Epoch 5: train_loss: 0.7428 | lr: 0.000102
[2023-03-13 00:11:05] PRINT [03/13 00:11:05 graph]: start epoch 6.
[2023-03-13 00:11:05] PRINT [03/13 00:11:05 graph]: # Epoch 6: train_loss: 0.7223 | lr: 0.000102
[2023-03-13 00:11:05] PRINT [03/13 00:11:05 graph]: start epoch 7.
[2023-03-13 00:11:05] PRINT [03/13 00:11:05 graph]: # Epoch 7: train_loss: 0.7011 | lr: 0.000102
[2023-03-13 00:11:05] PRINT [03/13 00:11:05 graph]: start epoch 8.
[2023-03-13 00:11:05] PRINT [03/13 00:11:05 graph]: # Epoch 8: train_loss: 0.6869 | lr: 0.000102
[2023-03-13 00:11:05] PRINT [03/13 00:11:05 graph]: start epoch 9.
[2023-03-13 00:11:05] PRINT [03/13 00:11:05 graph]: # Epoch 9: train_loss: 0.6759 | lr: 0.000102
[2023-03-13 00:11:05] PRINT [03/13 00:11:05 graph]: start epoch 10.
[2023-03-13 00:11:05] PRINT [03/13 00:11:05 graph]: # Epoch 10: train_loss: 0.6659 | lr: 0.000102
[2023-03-13 00:11:05] PRINT [03/13 00:11:05 graph]: start epoch 11.
[2023-03-13 00:11:05] PRINT [03/13 00:11:05 graph]: # Epoch 11: train_loss: 0.6603 | lr: 0.000102
[2023-03-13 00:11:06] PRINT [03/13 00:11:06 graph]: --- Testf1: 0.71700, Best Valacc: 0.59200 in epoch 99 --- 
[2023-03-13 00:11:06] PRINT [03/13 00:11:06 graph]: Epoch 11: get test acc score:  0.717
[2023-03-13 00:11:06] PRINT [03/13 00:11:06 graph]: best_f1 0.717 at epoch 11
[2023-03-13 00:11:06] PRINT [03/13 00:11:06 graph]: start epoch 12.
[2023-03-13 00:11:06] PRINT [03/13 00:11:06 graph]: # Epoch 12: train_loss: 0.6548 | lr: 0.000102
[2023-03-13 00:11:07] PRINT [03/13 00:11:07 graph]: --- Testf1: 0.71200, Best Valacc: 0.60000 in epoch 99 --- 
[2023-03-13 00:11:07] PRINT [03/13 00:11:07 graph]: Epoch 12: get test acc score:  0.712
[2023-03-13 00:11:07] PRINT [03/13 00:11:07 graph]: best_f1 0.717 at epoch 11
[2023-03-13 00:11:07] PRINT [03/13 00:11:07 graph]: start epoch 13.
[2023-03-13 00:11:07] PRINT [03/13 00:11:07 graph]: # Epoch 13: train_loss: 0.6506 | lr: 0.000102
[2023-03-13 00:11:08] PRINT [03/13 00:11:08 graph]: --- Testf1: 0.71200, Best Valacc: 0.58800 in epoch 99 --- 
[2023-03-13 00:11:08] PRINT [03/13 00:11:08 graph]: Epoch 13: get test acc score:  0.712
[2023-03-13 00:11:08] PRINT [03/13 00:11:08 graph]: best_f1 0.717 at epoch 11
[2023-03-13 00:11:08] PRINT [03/13 00:11:08 graph]: start epoch 14.
[2023-03-13 00:11:08] PRINT [03/13 00:11:08 graph]: # Epoch 14: train_loss: 0.6476 | lr: 0.000102
[2023-03-13 00:11:09] PRINT [03/13 00:11:09 graph]: --- Testf1: 0.72200, Best Valacc: 0.59600 in epoch 99 --- 
[2023-03-13 00:11:09] PRINT [03/13 00:11:09 graph]: Epoch 14: get test acc score:  0.722
[2023-03-13 00:11:09] PRINT [03/13 00:11:09 graph]: best_f1 0.722 at epoch 14
[2023-03-13 00:11:09] PRINT [03/13 00:11:09 graph]: start epoch 15.
[2023-03-13 00:11:09] PRINT [03/13 00:11:09 graph]: # Epoch 15: train_loss: 0.6449 | lr: 0.000102
[2023-03-13 00:11:10] PRINT [03/13 00:11:10 graph]: --- Testf1: 0.71100, Best Valacc: 0.59200 in epoch 99 --- 
[2023-03-13 00:11:10] PRINT [03/13 00:11:10 graph]: Epoch 15: get test acc score:  0.711
[2023-03-13 00:11:10] PRINT [03/13 00:11:10 graph]: best_f1 0.722 at epoch 14
[2023-03-13 00:11:10] PRINT [03/13 00:11:10 graph]: start epoch 16.
[2023-03-13 00:11:10] PRINT [03/13 00:11:10 graph]: # Epoch 16: train_loss: 0.6430 | lr: 0.000102
[2023-03-13 00:11:11] PRINT [03/13 00:11:11 graph]: --- Testf1: 0.71500, Best Valacc: 0.59400 in epoch 99 --- 
[2023-03-13 00:11:11] PRINT [03/13 00:11:11 graph]: Epoch 16: get test acc score:  0.715
[2023-03-13 00:11:11] PRINT [03/13 00:11:11 graph]: best_f1 0.722 at epoch 14
[2023-03-13 00:11:11] PRINT [03/13 00:11:11 graph]: start epoch 17.
[2023-03-13 00:11:11] PRINT [03/13 00:11:11 graph]: # Epoch 17: train_loss: 0.6423 | lr: 0.000102
[2023-03-13 00:11:12] PRINT [03/13 00:11:12 graph]: --- Testf1: 0.70400, Best Valacc: 0.57800 in epoch 99 --- 
[2023-03-13 00:11:12] PRINT [03/13 00:11:12 graph]: Epoch 17: get test acc score:  0.704
[2023-03-13 00:11:12] PRINT [03/13 00:11:12 graph]: best_f1 0.722 at epoch 14
[2023-03-13 00:11:12] PRINT [03/13 00:11:12 graph]: start epoch 18.
[2023-03-13 00:11:12] PRINT [03/13 00:11:12 graph]: # Epoch 18: train_loss: 0.6410 | lr: 0.000102
[2023-03-13 00:11:13] PRINT [03/13 00:11:13 graph]: --- Testf1: 0.70200, Best Valacc: 0.58200 in epoch 98 --- 
[2023-03-13 00:11:14] PRINT [03/13 00:11:14 graph]: Epoch 18: get test acc score:  0.702
[2023-03-13 00:11:14] PRINT [03/13 00:11:14 graph]: best_f1 0.722 at epoch 14
[2023-03-13 00:11:14] PRINT [03/13 00:11:14 graph]: start epoch 19.
[2023-03-13 00:11:14] PRINT [03/13 00:11:14 graph]: # Epoch 19: train_loss: 0.6397 | lr: 0.000102
[2023-03-13 00:11:14] PRINT [03/13 00:11:14 graph]: --- Testf1: 0.70300, Best Valacc: 0.60200 in epoch 91 --- 
[2023-03-13 00:11:15] PRINT [03/13 00:11:15 graph]: Epoch 19: get test acc score:  0.703
[2023-03-13 00:11:15] PRINT [03/13 00:11:15 graph]: best_f1 0.722 at epoch 14
[2023-03-13 00:11:15] PRINT [03/13 00:11:15 graph]: start epoch 20.
[2023-03-13 00:11:15] PRINT [03/13 00:11:15 graph]: # Epoch 20: train_loss: 0.6401 | lr: 0.000102
[2023-03-13 00:11:15] PRINT [03/13 00:11:15 graph]: --- Testf1: 0.70700, Best Valacc: 0.58600 in epoch 99 --- 
[2023-03-13 00:11:16] PRINT [03/13 00:11:16 graph]: Epoch 20: get test acc score:  0.707
[2023-03-13 00:11:16] PRINT [03/13 00:11:16 graph]: best_f1 0.722 at epoch 14
[2023-03-13 00:11:16] PRINT [03/13 00:11:16 graph]: start epoch 21.
[2023-03-13 00:11:16] PRINT [03/13 00:11:16 graph]: # Epoch 21: train_loss: 0.6386 | lr: 0.000102
[2023-03-13 00:11:16] PRINT [03/13 00:11:16 graph]: --- Testf1: 0.69700, Best Valacc: 0.58000 in epoch 99 --- 
[2023-03-13 00:11:17] PRINT [03/13 00:11:17 graph]: Epoch 21: get test acc score:  0.697
[2023-03-13 00:11:17] PRINT [03/13 00:11:17 graph]: best_f1 0.722 at epoch 14
[2023-03-13 00:11:17] PRINT [03/13 00:11:17 graph]: start epoch 22.
[2023-03-13 00:11:17] PRINT [03/13 00:11:17 graph]: # Epoch 22: train_loss: 0.6377 | lr: 0.000102
[2023-03-13 00:11:17] PRINT [03/13 00:11:17 graph]: --- Testf1: 0.70700, Best Valacc: 0.61800 in epoch 99 --- 
[2023-03-13 00:11:18] PRINT [03/13 00:11:18 graph]: Epoch 22: get test acc score:  0.707
[2023-03-13 00:11:18] PRINT [03/13 00:11:18 graph]: best_f1 0.722 at epoch 14
[2023-03-13 00:11:18] PRINT [03/13 00:11:18 graph]: start epoch 23.
[2023-03-13 00:11:18] PRINT [03/13 00:11:18 graph]: # Epoch 23: train_loss: 0.6375 | lr: 0.000102
[2023-03-13 00:11:18] PRINT [03/13 00:11:18 graph]: --- Testf1: 0.69400, Best Valacc: 0.57400 in epoch 98 --- 
[2023-03-13 00:11:19] PRINT [03/13 00:11:19 graph]: Epoch 23: get test acc score:  0.694
[2023-03-13 00:11:19] PRINT [03/13 00:11:19 graph]: best_f1 0.722 at epoch 14
[2023-03-13 00:11:19] PRINT [03/13 00:11:19 graph]: start epoch 24.
[2023-03-13 00:11:19] PRINT [03/13 00:11:19 graph]: # Epoch 24: train_loss: 0.6367 | lr: 0.000102
[2023-03-13 00:11:20] PRINT [03/13 00:11:20 graph]: --- Testf1: 0.70900, Best Valacc: 0.60000 in epoch 99 --- 
[2023-03-13 00:11:20] PRINT [03/13 00:11:20 graph]: Epoch 24: get test acc score:  0.709
[2023-03-13 00:11:20] PRINT [03/13 00:11:20 graph]: best_f1 0.722 at epoch 14
[2023-03-13 00:11:20] PRINT [03/13 00:11:20 graph]: start epoch 25.
[2023-03-13 00:11:20] PRINT [03/13 00:11:20 graph]: # Epoch 25: train_loss: 0.6367 | lr: 0.000102
[2023-03-13 00:11:21] PRINT [03/13 00:11:21 graph]: --- Testf1: 0.70300, Best Valacc: 0.57800 in epoch 95 --- 
[2023-03-13 00:11:21] PRINT [03/13 00:11:21 graph]: Epoch 25: get test acc score:  0.703
[2023-03-13 00:11:21] PRINT [03/13 00:11:21 graph]: best_f1 0.722 at epoch 14
[2023-03-13 00:11:21] PRINT [03/13 00:11:21 graph]: start epoch 26.
[2023-03-13 00:11:21] PRINT [03/13 00:11:21 graph]: # Epoch 26: train_loss: 0.6358 | lr: 0.000102
[2023-03-13 00:11:22] PRINT [03/13 00:11:22 graph]: --- Testf1: 0.70200, Best Valacc: 0.58800 in epoch 96 --- 
[2023-03-13 00:11:22] PRINT [03/13 00:11:22 graph]: Epoch 26: get test acc score:  0.702
[2023-03-13 00:11:22] PRINT [03/13 00:11:22 graph]: best_f1 0.722 at epoch 14
[2023-03-13 00:11:22] PRINT [03/13 00:11:22 graph]: start epoch 27.
[2023-03-13 00:11:22] PRINT [03/13 00:11:22 graph]: # Epoch 27: train_loss: 0.6358 | lr: 0.000102
[2023-03-13 00:11:23] PRINT [03/13 00:11:23 graph]: --- Testf1: 0.69800, Best Valacc: 0.56000 in epoch 99 --- 
[2023-03-13 00:11:23] PRINT [03/13 00:11:23 graph]: Epoch 27: get test acc score:  0.698
[2023-03-13 00:11:23] PRINT [03/13 00:11:23 graph]: best_f1 0.722 at epoch 14
[2023-03-13 00:11:23] PRINT [03/13 00:11:23 graph]: start epoch 28.
[2023-03-13 00:11:23] PRINT [03/13 00:11:23 graph]: # Epoch 28: train_loss: 0.6354 | lr: 0.000102
[2023-03-13 00:11:24] PRINT [03/13 00:11:24 graph]: --- Testf1: 0.69400, Best Valacc: 0.56800 in epoch 92 --- 
[2023-03-13 00:11:24] PRINT [03/13 00:11:24 graph]: Epoch 28: get test acc score:  0.694
[2023-03-13 00:11:24] PRINT [03/13 00:11:24 graph]: best_f1 0.722 at epoch 14
[2023-03-13 00:11:24] PRINT [03/13 00:11:24 graph]: start epoch 29.
[2023-03-13 00:11:24] PRINT [03/13 00:11:24 graph]: # Epoch 29: train_loss: 0.6348 | lr: 0.000102
[2023-03-13 00:11:25] PRINT [03/13 00:11:25 graph]: --- Testf1: 0.69600, Best Valacc: 0.57400 in epoch 99 --- 
[2023-03-13 00:11:25] PRINT [03/13 00:11:25 graph]: Epoch 29: get test acc score:  0.696
[2023-03-13 00:11:25] PRINT [03/13 00:11:25 graph]: best_f1 0.722 at epoch 14
[2023-03-13 00:11:25] PRINT [03/13 00:11:25 graph]: start epoch 30.
[2023-03-13 00:11:25] PRINT [03/13 00:11:25 graph]: # Epoch 30: train_loss: 0.6344 | lr: 0.000102
[2023-03-13 00:11:26] PRINT [03/13 00:11:26 graph]: --- Testf1: 0.71100, Best Valacc: 0.58800 in epoch 99 --- 
[2023-03-13 00:11:26] PRINT [03/13 00:11:26 graph]: Epoch 30: get test acc score:  0.711
[2023-03-13 00:11:26] PRINT [03/13 00:11:26 graph]: best_f1 0.722 at epoch 14
[2023-03-13 00:11:26] PRINT [03/13 00:11:26 graph]: start epoch 31.
[2023-03-13 00:11:26] PRINT [03/13 00:11:26 graph]: # Epoch 31: train_loss: 0.6345 | lr: 0.000102
[2023-03-13 00:11:27] PRINT [03/13 00:11:27 graph]: --- Testf1: 0.69100, Best Valacc: 0.58200 in epoch 89 --- 
[2023-03-13 00:11:27] PRINT [03/13 00:11:27 graph]: Epoch 31: get test acc score:  0.691
[2023-03-13 00:11:27] PRINT [03/13 00:11:27 graph]: best_f1 0.722 at epoch 14
[2023-03-13 00:11:27] PRINT [03/13 00:11:27 graph]: start epoch 32.
[2023-03-13 00:11:27] PRINT [03/13 00:11:27 graph]: # Epoch 32: train_loss: 0.6341 | lr: 0.000102
[2023-03-13 00:11:28] PRINT [03/13 00:11:28 graph]: --- Testf1: 0.69100, Best Valacc: 0.60800 in epoch 99 --- 
[2023-03-13 00:11:28] PRINT [03/13 00:11:28 graph]: Epoch 32: get test acc score:  0.691
[2023-03-13 00:11:28] PRINT [03/13 00:11:28 graph]: best_f1 0.722 at epoch 14
[2023-03-13 00:11:28] PRINT [03/13 00:11:28 graph]: start epoch 33.
[2023-03-13 00:11:28] PRINT [03/13 00:11:28 graph]: # Epoch 33: train_loss: 0.6338 | lr: 0.000102
[2023-03-13 00:11:29] PRINT [03/13 00:11:29 graph]: --- Testf1: 0.69500, Best Valacc: 0.57200 in epoch 99 --- 
[2023-03-13 00:11:29] PRINT [03/13 00:11:29 graph]: Epoch 33: get test acc score:  0.695
[2023-03-13 00:11:29] PRINT [03/13 00:11:29 graph]: best_f1 0.722 at epoch 14
[2023-03-13 00:11:29] PRINT [03/13 00:11:29 graph]: start epoch 34.
[2023-03-13 00:11:29] PRINT [03/13 00:11:29 graph]: # Epoch 34: train_loss: 0.6338 | lr: 0.000102
[2023-03-13 00:11:30] PRINT [03/13 00:11:30 graph]: --- Testf1: 0.67600, Best Valacc: 0.61600 in epoch 99 --- 
[2023-03-13 00:11:31] PRINT [03/13 00:11:31 graph]: Epoch 34: get test acc score:  0.676
[2023-03-13 00:11:31] PRINT [03/13 00:11:31 graph]: best_f1 0.722 at epoch 14
[2023-03-13 00:11:31] PRINT [03/13 00:11:31 graph]: start epoch 35.
[2023-03-13 00:11:31] PRINT [03/13 00:11:31 graph]: # Epoch 35: train_loss: 0.6337 | lr: 0.000102
[2023-03-13 00:11:31] PRINT [03/13 00:11:31 graph]: --- Testf1: 0.69000, Best Valacc: 0.57600 in epoch 99 --- 
[2023-03-13 00:11:32] PRINT [03/13 00:11:32 graph]: Epoch 35: get test acc score:  0.690
[2023-03-13 00:11:32] PRINT [03/13 00:11:32 graph]: best_f1 0.722 at epoch 14
[2023-03-13 00:11:32] PRINT [03/13 00:11:32 graph]: start epoch 36.
[2023-03-13 00:11:32] PRINT [03/13 00:11:32 graph]: # Epoch 36: train_loss: 0.6335 | lr: 0.000102
[2023-03-13 00:11:32] PRINT [03/13 00:11:32 graph]: --- Testf1: 0.69700, Best Valacc: 0.59000 in epoch 99 --- 
[2023-03-13 00:11:33] PRINT [03/13 00:11:33 graph]: Epoch 36: get test acc score:  0.697
[2023-03-13 00:11:33] PRINT [03/13 00:11:33 graph]: best_f1 0.722 at epoch 14
[2023-03-13 00:11:33] PRINT [03/13 00:11:33 graph]: start epoch 37.
[2023-03-13 00:11:33] PRINT [03/13 00:11:33 graph]: # Epoch 37: train_loss: 0.6329 | lr: 0.000102
[2023-03-13 00:11:34] PRINT [03/13 00:11:34 graph]: --- Testf1: 0.70000, Best Valacc: 0.61800 in epoch 97 --- 
[2023-03-13 00:11:34] PRINT [03/13 00:11:34 graph]: Epoch 37: get test acc score:  0.700
[2023-03-13 00:11:34] PRINT [03/13 00:11:34 graph]: best_f1 0.722 at epoch 14
[2023-03-13 00:11:34] PRINT [03/13 00:11:34 graph]: start epoch 38.
[2023-03-13 00:11:34] PRINT [03/13 00:11:34 graph]: # Epoch 38: train_loss: 0.6330 | lr: 0.000102
[2023-03-13 00:11:35] PRINT [03/13 00:11:35 graph]: --- Testf1: 0.68700, Best Valacc: 0.57600 in epoch 99 --- 
[2023-03-13 00:11:35] PRINT [03/13 00:11:35 graph]: Epoch 38: get test acc score:  0.687
[2023-03-13 00:11:35] PRINT [03/13 00:11:35 graph]: best_f1 0.722 at epoch 14
[2023-03-13 00:11:35] PRINT [03/13 00:11:35 graph]: start epoch 39.
[2023-03-13 00:11:35] PRINT [03/13 00:11:35 graph]: # Epoch 39: train_loss: 0.6328 | lr: 0.000102
[2023-03-13 00:11:36] PRINT [03/13 00:11:36 graph]: --- Testf1: 0.68300, Best Valacc: 0.59800 in epoch 99 --- 
[2023-03-13 00:11:36] PRINT [03/13 00:11:36 graph]: Epoch 39: get test acc score:  0.683
[2023-03-13 00:11:36] PRINT [03/13 00:11:36 graph]: best_f1 0.722 at epoch 14
[2023-03-13 00:11:36] PRINT [03/13 00:11:36 graph]: start epoch 40.
[2023-03-13 00:11:36] PRINT [03/13 00:11:36 graph]: # Epoch 40: train_loss: 0.6329 | lr: 0.000102
[2023-03-13 00:11:37] PRINT [03/13 00:11:37 graph]: --- Testf1: 0.70900, Best Valacc: 0.58800 in epoch 99 --- 
[2023-03-13 00:11:37] PRINT [03/13 00:11:37 graph]: Epoch 40: get test acc score:  0.709
[2023-03-13 00:11:37] PRINT [03/13 00:11:37 graph]: best_f1 0.722 at epoch 14
[2023-03-13 00:11:37] PRINT [03/13 00:11:37 graph]: start epoch 41.
[2023-03-13 00:11:37] PRINT [03/13 00:11:37 graph]: # Epoch 41: train_loss: 0.6325 | lr: 0.000102
[2023-03-13 00:11:38] PRINT [03/13 00:11:38 graph]: --- Testf1: 0.68800, Best Valacc: 0.58400 in epoch 99 --- 
[2023-03-13 00:11:38] PRINT [03/13 00:11:38 graph]: Epoch 41: get test acc score:  0.688
[2023-03-13 00:11:38] PRINT [03/13 00:11:38 graph]: best_f1 0.722 at epoch 14
[2023-03-13 00:11:38] PRINT [03/13 00:11:38 graph]: start epoch 42.
[2023-03-13 00:11:38] PRINT [03/13 00:11:38 graph]: # Epoch 42: train_loss: 0.6325 | lr: 0.000102
[2023-03-13 00:11:39] PRINT [03/13 00:11:39 graph]: --- Testf1: 0.69600, Best Valacc: 0.58400 in epoch 98 --- 
[2023-03-13 00:11:39] PRINT [03/13 00:11:39 graph]: Epoch 42: get test acc score:  0.696
[2023-03-13 00:11:39] PRINT [03/13 00:11:39 graph]: best_f1 0.722 at epoch 14
[2023-03-13 00:11:39] PRINT [03/13 00:11:39 graph]: start epoch 43.
[2023-03-13 00:11:39] PRINT [03/13 00:11:39 graph]: # Epoch 43: train_loss: 0.6322 | lr: 0.000102
[2023-03-13 00:11:40] PRINT [03/13 00:11:40 graph]: --- Testf1: 0.69000, Best Valacc: 0.59000 in epoch 98 --- 
[2023-03-13 00:11:40] PRINT [03/13 00:11:40 graph]: Epoch 43: get test acc score:  0.690
[2023-03-13 00:11:40] PRINT [03/13 00:11:40 graph]: best_f1 0.722 at epoch 14
[2023-03-13 00:11:40] PRINT [03/13 00:11:40 graph]: start epoch 44.
[2023-03-13 00:11:40] PRINT [03/13 00:11:40 graph]: # Epoch 44: train_loss: 0.6324 | lr: 0.000102
[2023-03-13 00:11:41] PRINT [03/13 00:11:41 graph]: --- Testf1: 0.69200, Best Valacc: 0.58000 in epoch 99 --- 
[2023-03-13 00:11:41] PRINT [03/13 00:11:41 graph]: Epoch 44: get test acc score:  0.692
[2023-03-13 00:11:41] PRINT [03/13 00:11:41 graph]: best_f1 0.722 at epoch 14
[2023-03-13 00:11:41] PRINT [03/13 00:11:41 graph]: start epoch 45.
[2023-03-13 00:11:41] PRINT [03/13 00:11:41 graph]: # Epoch 45: train_loss: 0.6322 | lr: 0.000102
[2023-03-13 00:11:42] PRINT [03/13 00:11:42 graph]: --- Testf1: 0.70800, Best Valacc: 0.58800 in epoch 99 --- 
[2023-03-13 00:11:43] PRINT [03/13 00:11:43 graph]: Epoch 45: get test acc score:  0.708
[2023-03-13 00:11:43] PRINT [03/13 00:11:43 graph]: best_f1 0.722 at epoch 14
[2023-03-13 00:11:43] PRINT [03/13 00:11:43 graph]: start epoch 46.
[2023-03-13 00:11:43] PRINT [03/13 00:11:43 graph]: # Epoch 46: train_loss: 0.6325 | lr: 0.000102
[2023-03-13 00:11:43] PRINT [03/13 00:11:43 graph]: --- Testf1: 0.69700, Best Valacc: 0.61600 in epoch 98 --- 
[2023-03-13 00:11:44] PRINT [03/13 00:11:44 graph]: Epoch 46: get test acc score:  0.697
[2023-03-13 00:11:44] PRINT [03/13 00:11:44 graph]: best_f1 0.722 at epoch 14
[2023-03-13 00:11:44] PRINT [03/13 00:11:44 graph]: start epoch 47.
[2023-03-13 00:11:44] PRINT [03/13 00:11:44 graph]: # Epoch 47: train_loss: 0.6321 | lr: 0.000102
[2023-03-13 00:11:44] PRINT [03/13 00:11:44 graph]: --- Testf1: 0.70300, Best Valacc: 0.60000 in epoch 91 --- 
[2023-03-13 00:11:45] PRINT [03/13 00:11:45 graph]: Epoch 47: get test acc score:  0.703
[2023-03-13 00:11:45] PRINT [03/13 00:11:45 graph]: best_f1 0.722 at epoch 14
[2023-03-13 00:11:45] PRINT [03/13 00:11:45 graph]: start epoch 48.
[2023-03-13 00:11:45] PRINT [03/13 00:11:45 graph]: # Epoch 48: train_loss: 0.6320 | lr: 0.000102
[2023-03-13 00:11:46] PRINT [03/13 00:11:46 graph]: --- Testf1: 0.69900, Best Valacc: 0.62200 in epoch 95 --- 
[2023-03-13 00:11:46] PRINT [03/13 00:11:46 graph]: Epoch 48: get test acc score:  0.699
[2023-03-13 00:11:46] PRINT [03/13 00:11:46 graph]: best_f1 0.722 at epoch 14
[2023-03-13 00:11:46] PRINT [03/13 00:11:46 graph]: start epoch 49.
[2023-03-13 00:11:46] PRINT [03/13 00:11:46 graph]: # Epoch 49: train_loss: 0.6320 | lr: 0.000102
[2023-03-13 00:11:47] PRINT [03/13 00:11:47 graph]: --- Testf1: 0.68600, Best Valacc: 0.57800 in epoch 98 --- 
[2023-03-13 00:11:47] PRINT [03/13 00:11:47 graph]: Epoch 49: get test acc score:  0.686
[2023-03-13 00:11:47] PRINT [03/13 00:11:47 graph]: best_f1 0.722 at epoch 14
[2023-03-13 00:11:47] PRINT [03/13 00:11:47 graph]: start epoch 50.
[2023-03-13 00:11:47] PRINT [03/13 00:11:47 graph]: # Epoch 50: train_loss: 0.6319 | lr: 0.000102
[2023-03-13 00:11:48] PRINT [03/13 00:11:48 graph]: --- Testf1: 0.67700, Best Valacc: 0.58400 in epoch 99 --- 
[2023-03-13 00:11:48] PRINT [03/13 00:11:48 graph]: Epoch 50: get test acc score:  0.677
[2023-03-13 00:11:48] PRINT [03/13 00:11:48 graph]: best_f1 0.722 at epoch 14
[2023-03-13 00:11:48] PRINT [03/13 00:11:48 graph]: start epoch 51.
[2023-03-13 00:11:48] PRINT [03/13 00:11:48 graph]: # Epoch 51: train_loss: 0.6318 | lr: 0.000102
[2023-03-13 00:11:49] PRINT [03/13 00:11:49 graph]: --- Testf1: 0.69600, Best Valacc: 0.60000 in epoch 97 --- 
[2023-03-13 00:11:49] PRINT [03/13 00:11:49 graph]: Epoch 51: get test acc score:  0.696
[2023-03-13 00:11:49] PRINT [03/13 00:11:49 graph]: best_f1 0.722 at epoch 14
[2023-03-13 00:11:49] PRINT [03/13 00:11:49 graph]: start epoch 52.
[2023-03-13 00:11:49] PRINT [03/13 00:11:49 graph]: # Epoch 52: train_loss: 0.6315 | lr: 0.000102
[2023-03-13 00:11:50] PRINT [03/13 00:11:50 graph]: --- Testf1: 0.70300, Best Valacc: 0.62600 in epoch 99 --- 
[2023-03-13 00:11:50] PRINT [03/13 00:11:50 graph]: Epoch 52: get test acc score:  0.703
[2023-03-13 00:11:50] PRINT [03/13 00:11:50 graph]: best_f1 0.722 at epoch 14
[2023-03-13 00:11:50] PRINT [03/13 00:11:50 graph]: start epoch 53.
[2023-03-13 00:11:50] PRINT [03/13 00:11:50 graph]: # Epoch 53: train_loss: 0.6320 | lr: 0.000102
[2023-03-13 00:11:51] PRINT [03/13 00:11:51 graph]: --- Testf1: 0.70800, Best Valacc: 0.61800 in epoch 98 --- 
[2023-03-13 00:11:51] PRINT [03/13 00:11:51 graph]: Epoch 53: get test acc score:  0.708
[2023-03-13 00:11:51] PRINT [03/13 00:11:51 graph]: best_f1 0.722 at epoch 14
[2023-03-13 00:11:51] PRINT [03/13 00:11:51 graph]: start epoch 54.
[2023-03-13 00:11:51] PRINT [03/13 00:11:51 graph]: # Epoch 54: train_loss: 0.6317 | lr: 0.000102
[2023-03-13 00:11:52] PRINT [03/13 00:11:52 graph]: --- Testf1: 0.69500, Best Valacc: 0.60000 in epoch 98 --- 
[2023-03-13 00:11:52] PRINT [03/13 00:11:52 graph]: Epoch 54: get test acc score:  0.695
[2023-03-13 00:11:52] PRINT [03/13 00:11:52 graph]: best_f1 0.722 at epoch 14
[2023-03-13 00:11:52] PRINT [03/13 00:11:52 graph]: start epoch 55.
[2023-03-13 00:11:52] PRINT [03/13 00:11:52 graph]: # Epoch 55: train_loss: 0.6314 | lr: 0.000102
[2023-03-13 00:11:53] PRINT [03/13 00:11:53 graph]: --- Testf1: 0.68400, Best Valacc: 0.58400 in epoch 92 --- 
[2023-03-13 00:11:53] PRINT [03/13 00:11:53 graph]: Epoch 55: get test acc score:  0.684
[2023-03-13 00:11:53] PRINT [03/13 00:11:53 graph]: best_f1 0.722 at epoch 14
[2023-03-13 00:11:53] PRINT [03/13 00:11:53 graph]: start epoch 56.
[2023-03-13 00:11:53] PRINT [03/13 00:11:53 graph]: # Epoch 56: train_loss: 0.6313 | lr: 0.000102
[2023-03-13 00:11:54] PRINT [03/13 00:11:54 graph]: --- Testf1: 0.69200, Best Valacc: 0.61200 in epoch 96 --- 
[2023-03-13 00:11:55] PRINT [03/13 00:11:55 graph]: Epoch 56: get test acc score:  0.692
[2023-03-13 00:11:55] PRINT [03/13 00:11:55 graph]: best_f1 0.722 at epoch 14
[2023-03-13 00:11:55] PRINT [03/13 00:11:55 graph]: start epoch 57.
[2023-03-13 00:11:55] PRINT [03/13 00:11:55 graph]: # Epoch 57: train_loss: 0.6313 | lr: 0.000102
[2023-03-13 00:11:55] PRINT [03/13 00:11:55 graph]: --- Testf1: 0.69900, Best Valacc: 0.60800 in epoch 87 --- 
[2023-03-13 00:11:56] PRINT [03/13 00:11:56 graph]: Epoch 57: get test acc score:  0.699
[2023-03-13 00:11:56] PRINT [03/13 00:11:56 graph]: best_f1 0.722 at epoch 14
[2023-03-13 00:11:56] PRINT [03/13 00:11:56 graph]: start epoch 58.
[2023-03-13 00:11:56] PRINT [03/13 00:11:56 graph]: # Epoch 58: train_loss: 0.6310 | lr: 0.000102
[2023-03-13 00:11:56] PRINT [03/13 00:11:56 graph]: --- Testf1: 0.69600, Best Valacc: 0.61200 in epoch 98 --- 
[2023-03-13 00:11:57] PRINT [03/13 00:11:57 graph]: Epoch 58: get test acc score:  0.696
[2023-03-13 00:11:57] PRINT [03/13 00:11:57 graph]: best_f1 0.722 at epoch 14
[2023-03-13 00:11:57] PRINT [03/13 00:11:57 graph]: start epoch 59.
[2023-03-13 00:11:57] PRINT [03/13 00:11:57 graph]: # Epoch 59: train_loss: 0.6312 | lr: 0.000102
[2023-03-13 00:11:58] PRINT [03/13 00:11:58 graph]: --- Testf1: 0.69700, Best Valacc: 0.63000 in epoch 96 --- 
[2023-03-13 00:11:58] PRINT [03/13 00:11:58 graph]: Epoch 59: get test acc score:  0.697
[2023-03-13 00:11:58] PRINT [03/13 00:11:58 graph]: best_f1 0.722 at epoch 14
[2023-03-13 00:11:58] PRINT [03/13 00:11:58 graph]: start epoch 60.
[2023-03-13 00:11:58] PRINT [03/13 00:11:58 graph]: # Epoch 60: train_loss: 0.6310 | lr: 0.000102
[2023-03-13 00:11:59] PRINT [03/13 00:11:59 graph]: --- Testf1: 0.68600, Best Valacc: 0.60600 in epoch 97 --- 
[2023-03-13 00:11:59] PRINT [03/13 00:11:59 graph]: Epoch 60: get test acc score:  0.686
[2023-03-13 00:11:59] PRINT [03/13 00:11:59 graph]: best_f1 0.722 at epoch 14
[2023-03-13 00:11:59] PRINT [03/13 00:11:59 graph]: start epoch 61.
[2023-03-13 00:11:59] PRINT [03/13 00:11:59 graph]: # Epoch 61: train_loss: 0.6309 | lr: 0.000102
[2023-03-13 00:12:00] PRINT [03/13 00:12:00 graph]: --- Testf1: 0.69100, Best Valacc: 0.60000 in epoch 96 --- 
[2023-03-13 00:12:00] PRINT [03/13 00:12:00 graph]: Epoch 61: get test acc score:  0.691
[2023-03-13 00:12:00] PRINT [03/13 00:12:00 graph]: best_f1 0.722 at epoch 14
[2023-03-13 00:12:00] PRINT [03/13 00:12:00 graph]: start epoch 62.
[2023-03-13 00:12:00] PRINT [03/13 00:12:00 graph]: # Epoch 62: train_loss: 0.6310 | lr: 0.000102
[2023-03-13 00:12:01] PRINT [03/13 00:12:01 graph]: --- Testf1: 0.69800, Best Valacc: 0.65000 in epoch 99 --- 
[2023-03-13 00:12:01] PRINT [03/13 00:12:01 graph]: Epoch 62: get test acc score:  0.698
[2023-03-13 00:12:01] PRINT [03/13 00:12:01 graph]: best_f1 0.722 at epoch 14
[2023-03-13 00:12:01] PRINT [03/13 00:12:01 graph]: start epoch 63.
[2023-03-13 00:12:01] PRINT [03/13 00:12:01 graph]: # Epoch 63: train_loss: 0.6308 | lr: 0.000102
[2023-03-13 00:12:02] PRINT [03/13 00:12:02 graph]: --- Testf1: 0.72100, Best Valacc: 0.60200 in epoch 96 --- 
[2023-03-13 00:12:02] PRINT [03/13 00:12:02 graph]: Epoch 63: get test acc score:  0.721
[2023-03-13 00:12:02] PRINT [03/13 00:12:02 graph]: best_f1 0.722 at epoch 14
[2023-03-13 00:12:02] PRINT [03/13 00:12:02 graph]: start epoch 64.
[2023-03-13 00:12:02] PRINT [03/13 00:12:02 graph]: # Epoch 64: train_loss: 0.6308 | lr: 0.000102
[2023-03-13 00:12:03] PRINT [03/13 00:12:03 graph]: --- Testf1: 0.69400, Best Valacc: 0.63200 in epoch 99 --- 
[2023-03-13 00:12:03] PRINT [03/13 00:12:03 graph]: Epoch 64: get test acc score:  0.694
[2023-03-13 00:12:03] PRINT [03/13 00:12:03 graph]: best_f1 0.722 at epoch 14
[2023-03-13 00:12:03] PRINT [03/13 00:12:03 graph]: start epoch 65.
[2023-03-13 00:12:03] PRINT [03/13 00:12:03 graph]: # Epoch 65: train_loss: 0.6305 | lr: 0.000102
[2023-03-13 00:12:04] PRINT [03/13 00:12:04 graph]: --- Testf1: 0.71000, Best Valacc: 0.60200 in epoch 99 --- 
[2023-03-13 00:12:04] PRINT [03/13 00:12:04 graph]: Epoch 65: get test acc score:  0.710
[2023-03-13 00:12:04] PRINT [03/13 00:12:04 graph]: best_f1 0.722 at epoch 14
[2023-03-13 00:12:04] PRINT [03/13 00:12:04 graph]: start epoch 66.
[2023-03-13 00:12:04] PRINT [03/13 00:12:04 graph]: # Epoch 66: train_loss: 0.6305 | lr: 0.000102
[2023-03-13 00:12:05] PRINT [03/13 00:12:05 graph]: --- Testf1: 0.69000, Best Valacc: 0.59200 in epoch 99 --- 
[2023-03-13 00:12:05] PRINT [03/13 00:12:05 graph]: Epoch 66: get test acc score:  0.690
[2023-03-13 00:12:05] PRINT [03/13 00:12:05 graph]: best_f1 0.722 at epoch 14
[2023-03-13 00:12:05] PRINT [03/13 00:12:05 graph]: start epoch 67.
[2023-03-13 00:12:05] PRINT [03/13 00:12:05 graph]: # Epoch 67: train_loss: 0.6305 | lr: 0.000102
[2023-03-13 00:12:06] PRINT [03/13 00:12:06 graph]: --- Testf1: 0.70900, Best Valacc: 0.61000 in epoch 99 --- 
[2023-03-13 00:12:06] PRINT [03/13 00:12:06 graph]: Epoch 67: get test acc score:  0.709
[2023-03-13 00:12:06] PRINT [03/13 00:12:06 graph]: best_f1 0.722 at epoch 14
[2023-03-13 00:12:06] PRINT [03/13 00:12:06 graph]: start epoch 68.
[2023-03-13 00:12:06] PRINT [03/13 00:12:06 graph]: # Epoch 68: train_loss: 0.6307 | lr: 0.000102
[2023-03-13 00:12:07] PRINT [03/13 00:12:07 graph]: --- Testf1: 0.69700, Best Valacc: 0.61200 in epoch 99 --- 
[2023-03-13 00:12:07] PRINT [03/13 00:12:07 graph]: Epoch 68: get test acc score:  0.697
[2023-03-13 00:12:07] PRINT [03/13 00:12:07 graph]: best_f1 0.722 at epoch 14
[2023-03-13 00:12:07] PRINT [03/13 00:12:07 graph]: start epoch 69.
[2023-03-13 00:12:08] PRINT [03/13 00:12:08 graph]: # Epoch 69: train_loss: 0.6302 | lr: 0.000102
[2023-03-13 00:12:08] PRINT [03/13 00:12:08 graph]: --- Testf1: 0.71700, Best Valacc: 0.62200 in epoch 98 --- 
[2023-03-13 00:12:09] PRINT [03/13 00:12:09 graph]: Epoch 69: get test acc score:  0.717
[2023-03-13 00:12:09] PRINT [03/13 00:12:09 graph]: best_f1 0.722 at epoch 14
[2023-03-13 00:12:09] PRINT [03/13 00:12:09 graph]: start epoch 70.
[2023-03-13 00:12:09] PRINT [03/13 00:12:09 graph]: # Epoch 70: train_loss: 0.6299 | lr: 0.000102
[2023-03-13 00:12:09] PRINT [03/13 00:12:09 graph]: --- Testf1: 0.70800, Best Valacc: 0.58800 in epoch 99 --- 
[2023-03-13 00:12:10] PRINT [03/13 00:12:10 graph]: Epoch 70: get test acc score:  0.708
[2023-03-13 00:12:10] PRINT [03/13 00:12:10 graph]: best_f1 0.722 at epoch 14
[2023-03-13 00:12:10] PRINT [03/13 00:12:10 graph]: start epoch 71.
[2023-03-13 00:12:10] PRINT [03/13 00:12:10 graph]: # Epoch 71: train_loss: 0.6297 | lr: 0.000102
[2023-03-13 00:12:10] PRINT [03/13 00:12:10 graph]: --- Testf1: 0.70900, Best Valacc: 0.60200 in epoch 99 --- 
[2023-03-13 00:12:11] PRINT [03/13 00:12:11 graph]: Epoch 71: get test acc score:  0.709
[2023-03-13 00:12:11] PRINT [03/13 00:12:11 graph]: best_f1 0.722 at epoch 14
[2023-03-13 00:12:11] PRINT [03/13 00:12:11 graph]: start epoch 72.
[2023-03-13 00:12:11] PRINT [03/13 00:12:11 graph]: # Epoch 72: train_loss: 0.6296 | lr: 0.000102
[2023-03-13 00:12:12] PRINT [03/13 00:12:12 graph]: --- Testf1: 0.72700, Best Valacc: 0.63400 in epoch 99 --- 
[2023-03-13 00:12:12] PRINT [03/13 00:12:12 graph]: Epoch 72: get test acc score:  0.727
[2023-03-13 00:12:12] PRINT [03/13 00:12:12 graph]: best_f1 0.727 at epoch 72
[2023-03-13 00:12:12] PRINT [03/13 00:12:12 graph]: start epoch 73.
[2023-03-13 00:12:12] PRINT [03/13 00:12:12 graph]: # Epoch 73: train_loss: 0.6297 | lr: 0.000102
[2023-03-13 00:12:13] PRINT [03/13 00:12:13 graph]: --- Testf1: 0.70700, Best Valacc: 0.61000 in epoch 99 --- 
[2023-03-13 00:12:13] PRINT [03/13 00:12:13 graph]: Epoch 73: get test acc score:  0.707
[2023-03-13 00:12:13] PRINT [03/13 00:12:13 graph]: best_f1 0.727 at epoch 72
[2023-03-13 00:12:13] PRINT [03/13 00:12:13 graph]: start epoch 74.
[2023-03-13 00:12:13] PRINT [03/13 00:12:13 graph]: # Epoch 74: train_loss: 0.6292 | lr: 0.000102
[2023-03-13 00:12:14] PRINT [03/13 00:12:14 graph]: --- Testf1: 0.71100, Best Valacc: 0.60800 in epoch 84 --- 
[2023-03-13 00:12:14] PRINT [03/13 00:12:14 graph]: Epoch 74: get test acc score:  0.711
[2023-03-13 00:12:14] PRINT [03/13 00:12:14 graph]: best_f1 0.727 at epoch 72
[2023-03-13 00:12:14] PRINT [03/13 00:12:14 graph]: start epoch 75.
[2023-03-13 00:12:14] PRINT [03/13 00:12:14 graph]: # Epoch 75: train_loss: 0.6290 | lr: 0.000102
[2023-03-13 00:12:15] PRINT [03/13 00:12:15 graph]: --- Testf1: 0.70900, Best Valacc: 0.63400 in epoch 99 --- 
[2023-03-13 00:12:15] PRINT [03/13 00:12:15 graph]: Epoch 75: get test acc score:  0.709
[2023-03-13 00:12:15] PRINT [03/13 00:12:15 graph]: best_f1 0.727 at epoch 72
[2023-03-13 00:12:15] PRINT [03/13 00:12:15 graph]: start epoch 76.
[2023-03-13 00:12:15] PRINT [03/13 00:12:15 graph]: # Epoch 76: train_loss: 0.6286 | lr: 0.000102
[2023-03-13 00:12:16] PRINT [03/13 00:12:16 graph]: --- Testf1: 0.71700, Best Valacc: 0.61800 in epoch 99 --- 
[2023-03-13 00:12:16] PRINT [03/13 00:12:16 graph]: Epoch 76: get test acc score:  0.717
[2023-03-13 00:12:16] PRINT [03/13 00:12:16 graph]: best_f1 0.727 at epoch 72
[2023-03-13 00:12:16] PRINT [03/13 00:12:16 graph]: start epoch 77.
[2023-03-13 00:12:16] PRINT [03/13 00:12:16 graph]: # Epoch 77: train_loss: 0.6285 | lr: 0.000102
[2023-03-13 00:12:17] PRINT [03/13 00:12:17 graph]: --- Testf1: 0.71000, Best Valacc: 0.61000 in epoch 99 --- 
[2023-03-13 00:12:17] PRINT [03/13 00:12:17 graph]: Epoch 77: get test acc score:  0.710
[2023-03-13 00:12:17] PRINT [03/13 00:12:17 graph]: best_f1 0.727 at epoch 72
[2023-03-13 00:12:17] PRINT [03/13 00:12:17 graph]: start epoch 78.
[2023-03-13 00:12:17] PRINT [03/13 00:12:17 graph]: # Epoch 78: train_loss: 0.6284 | lr: 0.000102
[2023-03-13 00:12:18] PRINT [03/13 00:12:18 graph]: --- Testf1: 0.71700, Best Valacc: 0.62200 in epoch 98 --- 
[2023-03-13 00:12:19] PRINT [03/13 00:12:19 graph]: Epoch 78: get test acc score:  0.717
[2023-03-13 00:12:19] PRINT [03/13 00:12:19 graph]: best_f1 0.727 at epoch 72
[2023-03-13 00:12:19] PRINT [03/13 00:12:19 graph]: start epoch 79.
[2023-03-13 00:12:19] PRINT [03/13 00:12:19 graph]: # Epoch 79: train_loss: 0.6277 | lr: 0.000102
[2023-03-13 00:12:19] PRINT [03/13 00:12:19 graph]: --- Testf1: 0.71200, Best Valacc: 0.64000 in epoch 84 --- 
[2023-03-13 00:12:20] PRINT [03/13 00:12:20 graph]: Epoch 79: get test acc score:  0.712
[2023-03-13 00:12:20] PRINT [03/13 00:12:20 graph]: best_f1 0.727 at epoch 72
[2023-03-13 00:12:20] PRINT [03/13 00:12:20 graph]: start epoch 80.
[2023-03-13 00:12:20] PRINT [03/13 00:12:20 graph]: # Epoch 80: train_loss: 0.6277 | lr: 0.000102
[2023-03-13 00:12:21] PRINT [03/13 00:12:21 graph]: --- Testf1: 0.72700, Best Valacc: 0.63400 in epoch 99 --- 
[2023-03-13 00:12:21] PRINT [03/13 00:12:21 graph]: Epoch 80: get test acc score:  0.727
[2023-03-13 00:12:21] PRINT [03/13 00:12:21 graph]: best_f1 0.727 at epoch 72
[2023-03-13 00:12:21] PRINT [03/13 00:12:21 graph]: start epoch 81.
[2023-03-13 00:12:21] PRINT [03/13 00:12:21 graph]: # Epoch 81: train_loss: 0.6268 | lr: 0.000102
[2023-03-13 00:12:22] PRINT [03/13 00:12:22 graph]: --- Testf1: 0.72400, Best Valacc: 0.64200 in epoch 96 --- 
[2023-03-13 00:12:22] PRINT [03/13 00:12:22 graph]: Epoch 81: get test acc score:  0.724
[2023-03-13 00:12:22] PRINT [03/13 00:12:22 graph]: best_f1 0.727 at epoch 72
[2023-03-13 00:12:22] PRINT [03/13 00:12:22 graph]: start epoch 82.
[2023-03-13 00:12:22] PRINT [03/13 00:12:22 graph]: # Epoch 82: train_loss: 0.6265 | lr: 0.000102
[2023-03-13 00:12:23] PRINT [03/13 00:12:23 graph]: --- Testf1: 0.71100, Best Valacc: 0.62600 in epoch 99 --- 
[2023-03-13 00:12:23] PRINT [03/13 00:12:23 graph]: Epoch 82: get test acc score:  0.711
[2023-03-13 00:12:23] PRINT [03/13 00:12:23 graph]: best_f1 0.727 at epoch 72
[2023-03-13 00:12:23] PRINT [03/13 00:12:23 graph]: start epoch 83.
[2023-03-13 00:12:23] PRINT [03/13 00:12:23 graph]: # Epoch 83: train_loss: 0.6251 | lr: 0.000102
[2023-03-13 00:12:24] PRINT [03/13 00:12:24 graph]: --- Testf1: 0.72900, Best Valacc: 0.65800 in epoch 99 --- 
[2023-03-13 00:12:24] PRINT [03/13 00:12:24 graph]: Epoch 83: get test acc score:  0.729
[2023-03-13 00:12:24] PRINT [03/13 00:12:24 graph]: best_f1 0.729 at epoch 83
[2023-03-13 00:12:24] PRINT [03/13 00:12:24 graph]: start epoch 84.
[2023-03-13 00:12:24] PRINT [03/13 00:12:24 graph]: # Epoch 84: train_loss: 0.6241 | lr: 0.000102
[2023-03-13 00:12:25] PRINT [03/13 00:12:25 graph]: --- Testf1: 0.72200, Best Valacc: 0.65400 in epoch 99 --- 
[2023-03-13 00:12:25] PRINT [03/13 00:12:25 graph]: Epoch 84: get test acc score:  0.722
[2023-03-13 00:12:25] PRINT [03/13 00:12:25 graph]: best_f1 0.729 at epoch 83
[2023-03-13 00:12:25] PRINT [03/13 00:12:25 graph]: start epoch 85.
[2023-03-13 00:12:25] PRINT [03/13 00:12:25 graph]: # Epoch 85: train_loss: 0.6232 | lr: 0.000102
[2023-03-13 00:12:26] PRINT [03/13 00:12:26 graph]: --- Testf1: 0.72200, Best Valacc: 0.63600 in epoch 99 --- 
[2023-03-13 00:12:26] PRINT [03/13 00:12:26 graph]: Epoch 85: get test acc score:  0.722
[2023-03-13 00:12:26] PRINT [03/13 00:12:26 graph]: best_f1 0.729 at epoch 83
[2023-03-13 00:12:26] PRINT [03/13 00:12:26 graph]: start epoch 86.
[2023-03-13 00:12:26] PRINT [03/13 00:12:26 graph]: # Epoch 86: train_loss: 0.6220 | lr: 0.000102
[2023-03-13 00:12:27] PRINT [03/13 00:12:27 graph]: --- Testf1: 0.72400, Best Valacc: 0.64000 in epoch 89 --- 
[2023-03-13 00:12:27] PRINT [03/13 00:12:27 graph]: Epoch 86: get test acc score:  0.724
[2023-03-13 00:12:27] PRINT [03/13 00:12:27 graph]: best_f1 0.729 at epoch 83
[2023-03-13 00:12:27] PRINT [03/13 00:12:27 graph]: start epoch 87.
[2023-03-13 00:12:27] PRINT [03/13 00:12:27 graph]: # Epoch 87: train_loss: 0.6188 | lr: 0.000102
[2023-03-13 00:12:28] PRINT [03/13 00:12:28 graph]: --- Testf1: 0.73100, Best Valacc: 0.67400 in epoch 61 --- 
[2023-03-13 00:12:28] PRINT [03/13 00:12:28 graph]: Epoch 87: get test acc score:  0.731
[2023-03-13 00:12:28] PRINT [03/13 00:12:28 graph]: best_f1 0.731 at epoch 87
[2023-03-13 00:12:28] PRINT [03/13 00:12:28 graph]: start epoch 88.
[2023-03-13 00:12:29] PRINT [03/13 00:12:29 graph]: # Epoch 88: train_loss: 0.6171 | lr: 0.000102
[2023-03-13 00:12:29] PRINT [03/13 00:12:29 graph]: --- Testf1: 0.72300, Best Valacc: 0.65600 in epoch 99 --- 
[2023-03-13 00:12:30] PRINT [03/13 00:12:30 graph]: Epoch 88: get test acc score:  0.723
[2023-03-13 00:12:30] PRINT [03/13 00:12:30 graph]: best_f1 0.731 at epoch 87
[2023-03-13 00:12:30] PRINT [03/13 00:12:30 graph]: start epoch 89.
[2023-03-13 00:12:30] PRINT [03/13 00:12:30 graph]: # Epoch 89: train_loss: 0.6135 | lr: 0.000102
[2023-03-13 00:12:30] PRINT [03/13 00:12:30 graph]: --- Testf1: 0.72400, Best Valacc: 0.66800 in epoch 93 --- 
[2023-03-13 00:12:31] PRINT [03/13 00:12:31 graph]: Epoch 89: get test acc score:  0.724
[2023-03-13 00:12:31] PRINT [03/13 00:12:31 graph]: best_f1 0.731 at epoch 87
[2023-03-13 00:12:31] PRINT [03/13 00:12:31 graph]: start epoch 90.
[2023-03-13 00:12:31] PRINT [03/13 00:12:31 graph]: # Epoch 90: train_loss: 0.6085 | lr: 0.000102
[2023-03-13 00:12:32] PRINT [03/13 00:12:32 graph]: --- Testf1: 0.73000, Best Valacc: 0.63800 in epoch 96 --- 
[2023-03-13 00:12:32] PRINT [03/13 00:12:32 graph]: Epoch 90: get test acc score:  0.730
[2023-03-13 00:12:32] PRINT [03/13 00:12:32 graph]: best_f1 0.731 at epoch 87
[2023-03-13 00:12:32] PRINT [03/13 00:12:32 graph]: start epoch 91.
[2023-03-13 00:12:32] PRINT [03/13 00:12:32 graph]: # Epoch 91: train_loss: 0.6050 | lr: 0.000102
[2023-03-13 00:12:33] PRINT [03/13 00:12:33 graph]: --- Testf1: 0.72600, Best Valacc: 0.66400 in epoch 99 --- 
[2023-03-13 00:12:33] PRINT [03/13 00:12:33 graph]: Epoch 91: get test acc score:  0.726
[2023-03-13 00:12:33] PRINT [03/13 00:12:33 graph]: best_f1 0.731 at epoch 87
[2023-03-13 00:12:33] PRINT [03/13 00:12:33 graph]: start epoch 92.
[2023-03-13 00:12:33] PRINT [03/13 00:12:33 graph]: # Epoch 92: train_loss: 0.6014 | lr: 0.000102
[2023-03-13 00:12:34] PRINT [03/13 00:12:34 graph]: --- Testf1: 0.73600, Best Valacc: 0.65000 in epoch 99 --- 
[2023-03-13 00:12:34] PRINT [03/13 00:12:34 graph]: Epoch 92: get test acc score:  0.736
[2023-03-13 00:12:34] PRINT [03/13 00:12:34 graph]: best_f1 0.736 at epoch 92
[2023-03-13 00:12:34] PRINT [03/13 00:12:34 graph]: start epoch 93.
[2023-03-13 00:12:34] PRINT [03/13 00:12:34 graph]: # Epoch 93: train_loss: 0.5987 | lr: 0.000102
[2023-03-13 00:12:35] PRINT [03/13 00:12:35 graph]: --- Testf1: 0.73800, Best Valacc: 0.64400 in epoch 99 --- 
[2023-03-13 00:12:35] PRINT [03/13 00:12:35 graph]: Epoch 93: get test acc score:  0.738
[2023-03-13 00:12:35] PRINT [03/13 00:12:35 graph]: best_f1 0.738 at epoch 93
[2023-03-13 00:12:35] PRINT [03/13 00:12:35 graph]: start epoch 94.
[2023-03-13 00:12:35] PRINT [03/13 00:12:35 graph]: # Epoch 94: train_loss: 0.5956 | lr: 0.000102
[2023-03-13 00:12:36] PRINT [03/13 00:12:36 graph]: --- Testf1: 0.72900, Best Valacc: 0.66200 in epoch 99 --- 
[2023-03-13 00:12:36] PRINT [03/13 00:12:36 graph]: Epoch 94: get test acc score:  0.729
[2023-03-13 00:12:36] PRINT [03/13 00:12:36 graph]: best_f1 0.738 at epoch 93
[2023-03-13 00:12:36] PRINT [03/13 00:12:36 graph]: start epoch 95.
[2023-03-13 00:12:36] PRINT [03/13 00:12:36 graph]: # Epoch 95: train_loss: 0.5900 | lr: 0.000102
[2023-03-13 00:12:37] PRINT [03/13 00:12:37 graph]: --- Testf1: 0.74000, Best Valacc: 0.68200 in epoch 98 --- 
[2023-03-13 00:12:37] PRINT [03/13 00:12:37 graph]: Epoch 95: get test acc score:  0.740
[2023-03-13 00:12:37] PRINT [03/13 00:12:37 graph]: best_f1 0.740 at epoch 95
[2023-03-13 00:12:37] PRINT [03/13 00:12:37 graph]: start epoch 96.
[2023-03-13 00:12:38] PRINT [03/13 00:12:38 graph]: # Epoch 96: train_loss: 0.5859 | lr: 0.000102
[2023-03-13 00:12:38] PRINT [03/13 00:12:38 graph]: --- Testf1: 0.72700, Best Valacc: 0.66200 in epoch 98 --- 
[2023-03-13 00:12:39] PRINT [03/13 00:12:39 graph]: Epoch 96: get test acc score:  0.727
[2023-03-13 00:12:39] PRINT [03/13 00:12:39 graph]: best_f1 0.740 at epoch 95
[2023-03-13 00:12:39] PRINT [03/13 00:12:39 graph]: start epoch 97.
[2023-03-13 00:12:39] PRINT [03/13 00:12:39 graph]: # Epoch 97: train_loss: 0.5837 | lr: 0.000102
[2023-03-13 00:12:39] PRINT [03/13 00:12:39 graph]: --- Testf1: 0.73600, Best Valacc: 0.68800 in epoch 84 --- 
[2023-03-13 00:12:40] PRINT [03/13 00:12:40 graph]: Epoch 97: get test acc score:  0.736
[2023-03-13 00:12:40] PRINT [03/13 00:12:40 graph]: best_f1 0.740 at epoch 95
[2023-03-13 00:12:40] PRINT [03/13 00:12:40 graph]: start epoch 98.
[2023-03-13 00:12:40] PRINT [03/13 00:12:40 graph]: # Epoch 98: train_loss: 0.5796 | lr: 0.000102
[2023-03-13 00:12:41] PRINT [03/13 00:12:41 graph]: --- Testf1: 0.74200, Best Valacc: 0.66200 in epoch 97 --- 
[2023-03-13 00:12:41] PRINT [03/13 00:12:41 graph]: Epoch 98: get test acc score:  0.742
[2023-03-13 00:12:41] PRINT [03/13 00:12:41 graph]: best_f1 0.742 at epoch 98
[2023-03-13 00:12:41] PRINT [03/13 00:12:41 graph]: start epoch 99.
[2023-03-13 00:12:41] PRINT [03/13 00:12:41 graph]: # Epoch 99: train_loss: 0.5767 | lr: 0.000102
[2023-03-13 00:12:42] PRINT [03/13 00:12:42 graph]: --- Testf1: 0.73800, Best Valacc: 0.66200 in epoch 97 --- 
[2023-03-13 00:12:42] PRINT [03/13 00:12:42 graph]: Epoch 99: get test acc score:  0.738
[2023-03-13 00:12:42] PRINT [03/13 00:12:42 graph]: best_f1 0.742 at epoch 98
[2023-03-13 00:12:42] PRINT [03/13 00:12:42 graph]: # final_acc: 0.7420±0.0000
