[2023-03-22 07:24:33] PRINT ---new cfg------
[2023-03-22 07:24:33] PRINT {'DATA': {'data_name': 'comp'}, 'DATALOADER': {'NUM_WORKERS': 0}, 'MODEL': {'num_hidden': 512, 'num_layers': 2, 'nhead': 4, 'activation': 'prelu', 'attn_drop': 0.30000000000000004, 'feat_drop': 0.1, 'norm': 'layernorm', 'pooler': 'mean', 'beta_schedule': 'linear', 'beta_1': 0.00035329706484012706, 'beta_T': 0.020106652100855778, 'T': 815}, 'SOLVER': {'optim_type': 'adam', 'optim_type_f': 'adamw', 'alpha': 1, 'decay': 30, 'LR': 0.00012314742739974482, 'LR_f': 0.4339520007642929, 'weight_decay': 0, 'weight_decay_f': 4.8001144675327026e-05, 'MAX_EPOCH': 100, 'max_epoch_f': 500}, 'DEVICE': 'cuda', 'seeds': [0], 'eval_T': [50, 100, 200], 'output_dir': '/ddm-nni/AmazonCoBuyComputerDataset¶/log', 'checkpoint_dir': '/ddm-nni/AmazonCoBuyComputerDataset¶/log/checkpoint'}
[2023-03-22 07:24:33] PRINT [03/22 07:24:33 graph]: Rank of current process: 0. World size: 1
[2023-03-22 07:24:36] PRINT [03/22 07:24:36 graph]: Environment info:
[2023-03-22 07:24:36] PRINT PyTorch version: 1.10.0+cu113
[2023-03-22 07:24:36] PRINT Is debug build: False
[2023-03-22 07:24:36] PRINT CUDA used to build PyTorch: 11.3
[2023-03-22 07:24:36] PRINT ROCM used to build PyTorch: N/A
[2023-03-22 07:24:36] PRINT 
[2023-03-22 07:24:36] PRINT OS: Ubuntu 20.04.3 LTS (x86_64)
[2023-03-22 07:24:36] PRINT GCC version: (Ubuntu 9.3.0-17ubuntu1~20.04) 9.3.0
[2023-03-22 07:24:36] PRINT Clang version: Could not collect
[2023-03-22 07:24:36] PRINT CMake version: version 3.16.3
[2023-03-22 07:24:36] PRINT Libc version: glibc-2.31
[2023-03-22 07:24:36] PRINT 
[2023-03-22 07:24:36] PRINT Python version: 3.8.10 (default, Jun  4 2021, 15:09:15)  [GCC 7.5.0] (64-bit runtime)
[2023-03-22 07:24:36] PRINT Python platform: Linux-5.4.0-90-generic-x86_64-with-glibc2.17
[2023-03-22 07:24:36] PRINT Is CUDA available: True
[2023-03-22 07:24:36] PRINT CUDA runtime version: 11.3.109
[2023-03-22 07:24:36] PRINT GPU models and configuration: GPU 0: NVIDIA GeForce RTX 3090
[2023-03-22 07:24:36] PRINT Nvidia driver version: 495.44
[2023-03-22 07:24:36] PRINT cuDNN version: Probably one of the following:
[2023-03-22 07:24:36] PRINT /usr/lib/x86_64-linux-gnu/libcudnn.so.8.2.0
[2023-03-22 07:24:36] PRINT /usr/lib/x86_64-linux-gnu/libcudnn_adv_infer.so.8.2.0
[2023-03-22 07:24:36] PRINT /usr/lib/x86_64-linux-gnu/libcudnn_adv_train.so.8.2.0
[2023-03-22 07:24:36] PRINT /usr/lib/x86_64-linux-gnu/libcudnn_cnn_infer.so.8.2.0
[2023-03-22 07:24:36] PRINT /usr/lib/x86_64-linux-gnu/libcudnn_cnn_train.so.8.2.0
[2023-03-22 07:24:36] PRINT /usr/lib/x86_64-linux-gnu/libcudnn_ops_infer.so.8.2.0
[2023-03-22 07:24:36] PRINT /usr/lib/x86_64-linux-gnu/libcudnn_ops_train.so.8.2.0
[2023-03-22 07:24:36] PRINT HIP runtime version: N/A
[2023-03-22 07:24:36] PRINT MIOpen runtime version: N/A
[2023-03-22 07:24:36] PRINT 
[2023-03-22 07:24:36] PRINT Versions of relevant libraries:
[2023-03-22 07:24:36] PRINT [pip3] numpy==1.23.5
[2023-03-22 07:24:36] PRINT [pip3] torch==1.10.0+cu113
[2023-03-22 07:24:36] PRINT [pip3] torchvision==0.11.1+cu113
[2023-03-22 07:24:36] PRINT [conda] blas                      1.0                         mkl    https://mirrors.ustc.edu.cn/anaconda/pkgs/main
[2023-03-22 07:24:36] PRINT [conda] mkl                       2021.4.0           h06a4308_640    https://mirrors.ustc.edu.cn/anaconda/pkgs/main
[2023-03-22 07:24:36] PRINT [conda] mkl-service               2.4.0            py38h7f8727e_0    https://mirrors.ustc.edu.cn/anaconda/pkgs/main
[2023-03-22 07:24:36] PRINT [conda] mkl_fft                   1.3.1            py38hd3c417c_0    https://mirrors.ustc.edu.cn/anaconda/pkgs/main
[2023-03-22 07:24:36] PRINT [conda] mkl_random                1.2.2            py38h51133e4_0    https://mirrors.ustc.edu.cn/anaconda/pkgs/main
[2023-03-22 07:24:36] PRINT [conda] numpy                     1.21.4                   pypi_0    pypi
[2023-03-22 07:24:36] PRINT [conda] numpy-base                1.23.5           py38h31eccc5_0    https://mirrors.ustc.edu.cn/anaconda/pkgs/main
[2023-03-22 07:24:36] PRINT [conda] torch                     1.10.0+cu113             pypi_0    pypi
[2023-03-22 07:24:36] PRINT [conda] torchvision               0.11.1+cu113             pypi_0    pypi
[2023-03-22 07:24:36] PRINT         Pillow (8.4.0)
[2023-03-22 07:24:36] PRINT [03/22 07:24:36 graph]: Command line arguments: Namespace(local_rank=0, resume=False, seed=1234, start_epoch=0)
[2023-03-22 07:24:37] PRINT [03/22 07:24:37 graph]: Run 0th for seed 0
[2023-03-22 07:24:37] PRINT [03/22 07:24:37 graph]: Total trainable params num : 8098307
[2023-03-22 07:24:41] PRINT [03/22 07:24:41 graph]: ----------Start Training----------
[2023-03-22 07:24:42] PRINT [03/22 07:24:42 graph]: start epoch 0.
[2023-03-22 07:24:42] PRINT [03/22 07:24:42 graph]: # Epoch 0: train_loss: 1.0223 | lr: 0.000123
[2023-03-22 07:24:42] PRINT [03/22 07:24:42 graph]: start epoch 1.
[2023-03-22 07:24:42] PRINT [03/22 07:24:42 graph]: # Epoch 1: train_loss: 0.8520 | lr: 0.000123
[2023-03-22 07:24:42] PRINT [03/22 07:24:42 graph]: start epoch 2.
[2023-03-22 07:24:42] PRINT [03/22 07:24:42 graph]: # Epoch 2: train_loss: 0.7766 | lr: 0.000123
[2023-03-22 07:24:42] PRINT [03/22 07:24:42 graph]: start epoch 3.
[2023-03-22 07:24:42] PRINT [03/22 07:24:42 graph]: # Epoch 3: train_loss: 0.7224 | lr: 0.000123
[2023-03-22 07:24:42] PRINT [03/22 07:24:42 graph]: start epoch 4.
[2023-03-22 07:24:42] PRINT [03/22 07:24:42 graph]: # Epoch 4: train_loss: 0.6838 | lr: 0.000123
[2023-03-22 07:24:42] PRINT [03/22 07:24:42 graph]: start epoch 5.
[2023-03-22 07:24:43] PRINT [03/22 07:24:43 graph]: # Epoch 5: train_loss: 0.6574 | lr: 0.000123
[2023-03-22 07:24:43] PRINT [03/22 07:24:43 graph]: start epoch 6.
[2023-03-22 07:24:43] PRINT [03/22 07:24:43 graph]: # Epoch 6: train_loss: 0.6375 | lr: 0.000123
[2023-03-22 07:24:43] PRINT [03/22 07:24:43 graph]: start epoch 7.
[2023-03-22 07:24:43] PRINT [03/22 07:24:43 graph]: # Epoch 7: train_loss: 0.6233 | lr: 0.000123
[2023-03-22 07:24:43] PRINT [03/22 07:24:43 graph]: start epoch 8.
[2023-03-22 07:24:43] PRINT [03/22 07:24:43 graph]: # Epoch 8: train_loss: 0.6111 | lr: 0.000123
[2023-03-22 07:24:43] PRINT [03/22 07:24:43 graph]: start epoch 9.
[2023-03-22 07:24:43] PRINT [03/22 07:24:43 graph]: # Epoch 9: train_loss: 0.6007 | lr: 0.000123
[2023-03-22 07:24:43] PRINT [03/22 07:24:43 graph]: start epoch 10.
[2023-03-22 07:24:43] PRINT [03/22 07:24:43 graph]: # Epoch 10: train_loss: 0.5924 | lr: 0.000123
[2023-03-22 07:24:43] PRINT [03/22 07:24:43 graph]: start epoch 11.
[2023-03-22 07:24:43] PRINT [03/22 07:24:43 graph]: # Epoch 11: train_loss: 0.5858 | lr: 0.000123
[2023-03-22 07:24:43] PRINT [03/22 07:24:43 graph]: start epoch 12.
[2023-03-22 07:24:43] PRINT [03/22 07:24:43 graph]: # Epoch 12: train_loss: 0.5808 | lr: 0.000123
[2023-03-22 07:24:43] PRINT [03/22 07:24:43 graph]: start epoch 13.
[2023-03-22 07:24:43] PRINT [03/22 07:24:43 graph]: # Epoch 13: train_loss: 0.5757 | lr: 0.000123
[2023-03-22 07:24:43] PRINT [03/22 07:24:43 graph]: start epoch 14.
[2023-03-22 07:24:43] PRINT [03/22 07:24:43 graph]: # Epoch 14: train_loss: 0.5717 | lr: 0.000123
[2023-03-22 07:24:43] PRINT [03/22 07:24:43 graph]: start epoch 15.
[2023-03-22 07:24:43] PRINT [03/22 07:24:43 graph]: # Epoch 15: train_loss: 0.5679 | lr: 0.000123
[2023-03-22 07:24:43] PRINT [03/22 07:24:43 graph]: start epoch 16.
[2023-03-22 07:24:43] PRINT [03/22 07:24:43 graph]: # Epoch 16: train_loss: 0.5645 | lr: 0.000123
[2023-03-22 07:24:43] PRINT [03/22 07:24:43 graph]: start epoch 17.
[2023-03-22 07:24:43] PRINT [03/22 07:24:43 graph]: # Epoch 17: train_loss: 0.5614 | lr: 0.000123
[2023-03-22 07:24:43] PRINT [03/22 07:24:43 graph]: start epoch 18.
[2023-03-22 07:24:44] PRINT [03/22 07:24:44 graph]: # Epoch 18: train_loss: 0.5586 | lr: 0.000123
[2023-03-22 07:24:44] PRINT [03/22 07:24:44 graph]: start epoch 19.
[2023-03-22 07:24:44] PRINT [03/22 07:24:44 graph]: # Epoch 19: train_loss: 0.5563 | lr: 0.000123
[2023-03-22 07:24:44] PRINT [03/22 07:24:44 graph]: start epoch 20.
[2023-03-22 07:24:44] PRINT [03/22 07:24:44 graph]: # Epoch 20: train_loss: 0.5542 | lr: 0.000123
[2023-03-22 07:24:44] PRINT [03/22 07:24:44 graph]: start epoch 21.
[2023-03-22 07:24:44] PRINT [03/22 07:24:44 graph]: # Epoch 21: train_loss: 0.5518 | lr: 0.000123
[2023-03-22 07:24:44] PRINT [03/22 07:24:44 graph]: start epoch 22.
[2023-03-22 07:24:44] PRINT [03/22 07:24:44 graph]: # Epoch 22: train_loss: 0.5497 | lr: 0.000123
[2023-03-22 07:24:44] PRINT [03/22 07:24:44 graph]: start epoch 23.
[2023-03-22 07:24:44] PRINT [03/22 07:24:44 graph]: # Epoch 23: train_loss: 0.5478 | lr: 0.000123
[2023-03-22 07:24:44] PRINT [03/22 07:24:44 graph]: start epoch 24.
[2023-03-22 07:24:44] PRINT [03/22 07:24:44 graph]: # Epoch 24: train_loss: 0.5458 | lr: 0.000123
[2023-03-22 07:24:44] PRINT [03/22 07:24:44 graph]: start epoch 25.
[2023-03-22 07:24:44] PRINT [03/22 07:24:44 graph]: # Epoch 25: train_loss: 0.5440 | lr: 0.000123
[2023-03-22 07:24:44] PRINT [03/22 07:24:44 graph]: start epoch 26.
[2023-03-22 07:24:44] PRINT [03/22 07:24:44 graph]: # Epoch 26: train_loss: 0.5428 | lr: 0.000123
[2023-03-22 07:24:44] PRINT [03/22 07:24:44 graph]: start epoch 27.
[2023-03-22 07:24:44] PRINT [03/22 07:24:44 graph]: # Epoch 27: train_loss: 0.5409 | lr: 0.000123
[2023-03-22 07:24:44] PRINT [03/22 07:24:44 graph]: start epoch 28.
[2023-03-22 07:24:44] PRINT [03/22 07:24:44 graph]: # Epoch 28: train_loss: 0.5396 | lr: 0.000123
[2023-03-22 07:24:44] PRINT [03/22 07:24:44 graph]: start epoch 29.
[2023-03-22 07:24:44] PRINT [03/22 07:24:44 graph]: # Epoch 29: train_loss: 0.5373 | lr: 0.000123
[2023-03-22 07:24:44] PRINT [03/22 07:24:44 graph]: start epoch 30.
[2023-03-22 07:24:44] PRINT [03/22 07:24:44 graph]: # Epoch 30: train_loss: 0.5356 | lr: 0.000123
[2023-03-22 07:24:44] PRINT [03/22 07:24:44 graph]: start epoch 31.
[2023-03-22 07:24:45] PRINT [03/22 07:24:45 graph]: # Epoch 31: train_loss: 0.5337 | lr: 0.000123
[2023-03-22 07:24:45] PRINT [03/22 07:24:45 graph]: start epoch 32.
[2023-03-22 07:24:45] PRINT [03/22 07:24:45 graph]: # Epoch 32: train_loss: 0.5319 | lr: 0.000123
[2023-03-22 07:24:45] PRINT [03/22 07:24:45 graph]: start epoch 33.
[2023-03-22 07:24:45] PRINT [03/22 07:24:45 graph]: # Epoch 33: train_loss: 0.5300 | lr: 0.000123
[2023-03-22 07:24:45] PRINT [03/22 07:24:45 graph]: start epoch 34.
[2023-03-22 07:24:45] PRINT [03/22 07:24:45 graph]: # Epoch 34: train_loss: 0.5282 | lr: 0.000123
[2023-03-22 07:24:45] PRINT [03/22 07:24:45 graph]: start epoch 35.
[2023-03-22 07:24:45] PRINT [03/22 07:24:45 graph]: # Epoch 35: train_loss: 0.5262 | lr: 0.000123
[2023-03-22 07:24:45] PRINT [03/22 07:24:45 graph]: start epoch 36.
[2023-03-22 07:24:45] PRINT [03/22 07:24:45 graph]: # Epoch 36: train_loss: 0.5248 | lr: 0.000123
[2023-03-22 07:24:45] PRINT [03/22 07:24:45 graph]: start epoch 37.
[2023-03-22 07:24:45] PRINT [03/22 07:24:45 graph]: # Epoch 37: train_loss: 0.5230 | lr: 0.000123
[2023-03-22 07:24:45] PRINT [03/22 07:24:45 graph]: start epoch 38.
[2023-03-22 07:24:45] PRINT [03/22 07:24:45 graph]: # Epoch 38: train_loss: 0.5208 | lr: 0.000123
[2023-03-22 07:24:45] PRINT [03/22 07:24:45 graph]: start epoch 39.
[2023-03-22 07:24:45] PRINT [03/22 07:24:45 graph]: # Epoch 39: train_loss: 0.5191 | lr: 0.000123
[2023-03-22 07:24:45] PRINT [03/22 07:24:45 graph]: start epoch 40.
[2023-03-22 07:24:45] PRINT [03/22 07:24:45 graph]: # Epoch 40: train_loss: 0.5169 | lr: 0.000123
[2023-03-22 07:24:45] PRINT [03/22 07:24:45 graph]: start epoch 41.
[2023-03-22 07:24:45] PRINT [03/22 07:24:45 graph]: # Epoch 41: train_loss: 0.5148 | lr: 0.000123
[2023-03-22 07:24:45] PRINT [03/22 07:24:45 graph]: start epoch 42.
[2023-03-22 07:24:45] PRINT [03/22 07:24:45 graph]: # Epoch 42: train_loss: 0.5131 | lr: 0.000123
[2023-03-22 07:24:45] PRINT [03/22 07:24:45 graph]: start epoch 43.
[2023-03-22 07:24:45] PRINT [03/22 07:24:45 graph]: # Epoch 43: train_loss: 0.5113 | lr: 0.000123
[2023-03-22 07:24:45] PRINT [03/22 07:24:45 graph]: start epoch 44.
[2023-03-22 07:24:46] PRINT [03/22 07:24:46 graph]: # Epoch 44: train_loss: 0.5093 | lr: 0.000123
[2023-03-22 07:24:46] PRINT [03/22 07:24:46 graph]: start epoch 45.
[2023-03-22 07:24:46] PRINT [03/22 07:24:46 graph]: # Epoch 45: train_loss: 0.5070 | lr: 0.000123
[2023-03-22 07:24:46] PRINT [03/22 07:24:46 graph]: start epoch 46.
[2023-03-22 07:24:46] PRINT [03/22 07:24:46 graph]: # Epoch 46: train_loss: 0.5052 | lr: 0.000123
[2023-03-22 07:24:46] PRINT [03/22 07:24:46 graph]: start epoch 47.
[2023-03-22 07:24:46] PRINT [03/22 07:24:46 graph]: # Epoch 47: train_loss: 0.5031 | lr: 0.000123
[2023-03-22 07:24:46] PRINT [03/22 07:24:46 graph]: start epoch 48.
[2023-03-22 07:24:46] PRINT [03/22 07:24:46 graph]: # Epoch 48: train_loss: 0.5016 | lr: 0.000123
[2023-03-22 07:24:46] PRINT [03/22 07:24:46 graph]: start epoch 49.
[2023-03-22 07:24:46] PRINT [03/22 07:24:46 graph]: # Epoch 49: train_loss: 0.5000 | lr: 0.000123
[2023-03-22 07:24:46] PRINT [03/22 07:24:46 graph]: start epoch 50.
[2023-03-22 07:24:46] PRINT [03/22 07:24:46 graph]: # Epoch 50: train_loss: 0.4978 | lr: 0.000123
[2023-03-22 07:24:46] PRINT [03/22 07:24:46 graph]: start epoch 51.
[2023-03-22 07:24:46] PRINT [03/22 07:24:46 graph]: # Epoch 51: train_loss: 0.4958 | lr: 0.000123
[2023-03-22 07:24:53] PRINT [03/22 07:24:53 graph]: --- Testf1: 0.87493, Best Valacc: 0.87418 in epoch 406 --- 
[2023-03-22 07:24:54] PRINT [03/22 07:24:54 graph]: Epoch 51: get test acc score:  0.87493
[2023-03-22 07:24:54] PRINT [03/22 07:24:54 graph]: best_f1 0.87493 at epoch 51
[2023-03-22 07:24:54] PRINT [03/22 07:24:54 graph]: start epoch 52.
[2023-03-22 07:24:54] PRINT [03/22 07:24:54 graph]: # Epoch 52: train_loss: 0.4950 | lr: 0.000123
[2023-03-22 07:25:01] PRINT [03/22 07:25:01 graph]: --- Testf1: 0.87257, Best Valacc: 0.87709 in epoch 362 --- 
[2023-03-22 07:25:01] PRINT [03/22 07:25:01 graph]: Epoch 52: get test acc score:  0.87257
[2023-03-22 07:25:01] PRINT [03/22 07:25:01 graph]: best_f1 0.87493 at epoch 51
[2023-03-22 07:25:01] PRINT [03/22 07:25:01 graph]: start epoch 53.
[2023-03-22 07:25:01] PRINT [03/22 07:25:01 graph]: # Epoch 53: train_loss: 0.4929 | lr: 0.000123
[2023-03-22 07:25:08] PRINT [03/22 07:25:08 graph]: --- Testf1: 0.87657, Best Valacc: 0.87564 in epoch 491 --- 
[2023-03-22 07:25:09] PRINT [03/22 07:25:09 graph]: Epoch 53: get test acc score:  0.87657
[2023-03-22 07:25:09] PRINT [03/22 07:25:09 graph]: best_f1 0.87657 at epoch 53
[2023-03-22 07:25:09] PRINT [03/22 07:25:09 graph]: start epoch 54.
[2023-03-22 07:25:09] PRINT [03/22 07:25:09 graph]: # Epoch 54: train_loss: 0.4917 | lr: 0.000123
[2023-03-22 07:25:16] PRINT [03/22 07:25:16 graph]: --- Testf1: 0.88148, Best Valacc: 0.88073 in epoch 347 --- 
[2023-03-22 07:25:16] PRINT [03/22 07:25:16 graph]: Epoch 54: get test acc score:  0.88148
[2023-03-22 07:25:16] PRINT [03/22 07:25:16 graph]: best_f1 0.88148 at epoch 54
[2023-03-22 07:25:16] PRINT [03/22 07:25:16 graph]: start epoch 55.
[2023-03-22 07:25:16] PRINT [03/22 07:25:16 graph]: # Epoch 55: train_loss: 0.4901 | lr: 0.000123
[2023-03-22 07:25:23] PRINT [03/22 07:25:23 graph]: --- Testf1: 0.87829, Best Valacc: 0.88000 in epoch 171 --- 
[2023-03-22 07:25:23] PRINT [03/22 07:25:23 graph]: Epoch 55: get test acc score:  0.87829
[2023-03-22 07:25:23] PRINT [03/22 07:25:23 graph]: best_f1 0.88148 at epoch 54
[2023-03-22 07:25:23] PRINT [03/22 07:25:23 graph]: start epoch 56.
[2023-03-22 07:25:23] PRINT [03/22 07:25:23 graph]: # Epoch 56: train_loss: 0.4887 | lr: 0.000123
[2023-03-22 07:25:31] PRINT [03/22 07:25:31 graph]: --- Testf1: 0.87902, Best Valacc: 0.87200 in epoch 290 --- 
[2023-03-22 07:25:31] PRINT [03/22 07:25:31 graph]: Epoch 56: get test acc score:  0.87902
[2023-03-22 07:25:31] PRINT [03/22 07:25:31 graph]: best_f1 0.88148 at epoch 54
[2023-03-22 07:25:31] PRINT [03/22 07:25:31 graph]: start epoch 57.
[2023-03-22 07:25:31] PRINT [03/22 07:25:31 graph]: # Epoch 57: train_loss: 0.4882 | lr: 0.000123
[2023-03-22 07:25:38] PRINT [03/22 07:25:38 graph]: --- Testf1: 0.87884, Best Valacc: 0.88145 in epoch 448 --- 
[2023-03-22 07:25:38] PRINT [03/22 07:25:38 graph]: Epoch 57: get test acc score:  0.87884
[2023-03-22 07:25:38] PRINT [03/22 07:25:38 graph]: best_f1 0.88148 at epoch 54
[2023-03-22 07:25:38] PRINT [03/22 07:25:38 graph]: start epoch 58.
[2023-03-22 07:25:39] PRINT [03/22 07:25:39 graph]: # Epoch 58: train_loss: 0.4854 | lr: 0.000123
[2023-03-22 07:25:46] PRINT [03/22 07:25:46 graph]: --- Testf1: 0.87402, Best Valacc: 0.88945 in epoch 431 --- 
[2023-03-22 07:25:46] PRINT [03/22 07:25:46 graph]: Epoch 58: get test acc score:  0.87402
[2023-03-22 07:25:46] PRINT [03/22 07:25:46 graph]: best_f1 0.88148 at epoch 54
[2023-03-22 07:25:46] PRINT [03/22 07:25:46 graph]: start epoch 59.
[2023-03-22 07:25:46] PRINT [03/22 07:25:46 graph]: # Epoch 59: train_loss: 0.4836 | lr: 0.000123
[2023-03-22 07:25:52] PRINT [03/22 07:25:52 graph]: --- Testf1: 0.86921, Best Valacc: 0.87636 in epoch 367 --- 
[2023-03-22 07:25:52] PRINT [03/22 07:25:52 graph]: Epoch 59: get test acc score:  0.86921
[2023-03-22 07:25:52] PRINT [03/22 07:25:52 graph]: best_f1 0.88148 at epoch 54
[2023-03-22 07:25:52] PRINT [03/22 07:25:52 graph]: start epoch 60.
[2023-03-22 07:25:52] PRINT [03/22 07:25:52 graph]: # Epoch 60: train_loss: 0.4824 | lr: 0.000123
[2023-03-22 07:25:58] PRINT [03/22 07:25:58 graph]: --- Testf1: 0.88039, Best Valacc: 0.88800 in epoch 440 --- 
[2023-03-22 07:25:58] PRINT [03/22 07:25:58 graph]: Epoch 60: get test acc score:  0.88039
[2023-03-22 07:25:58] PRINT [03/22 07:25:58 graph]: best_f1 0.88148 at epoch 54
[2023-03-22 07:25:58] PRINT [03/22 07:25:58 graph]: start epoch 61.
[2023-03-22 07:25:58] PRINT [03/22 07:25:58 graph]: # Epoch 61: train_loss: 0.4825 | lr: 0.000123
[2023-03-22 07:26:04] PRINT [03/22 07:26:04 graph]: --- Testf1: 0.87611, Best Valacc: 0.87927 in epoch 407 --- 
[2023-03-22 07:26:04] PRINT [03/22 07:26:04 graph]: Epoch 61: get test acc score:  0.87611
[2023-03-22 07:26:04] PRINT [03/22 07:26:04 graph]: best_f1 0.88148 at epoch 54
[2023-03-22 07:26:04] PRINT [03/22 07:26:04 graph]: start epoch 62.
[2023-03-22 07:26:04] PRINT [03/22 07:26:04 graph]: # Epoch 62: train_loss: 0.4804 | lr: 0.000123
[2023-03-22 07:26:09] PRINT [03/22 07:26:09 graph]: --- Testf1: 0.87675, Best Valacc: 0.88000 in epoch 450 --- 
[2023-03-22 07:26:10] PRINT [03/22 07:26:10 graph]: Epoch 62: get test acc score:  0.87675
[2023-03-22 07:26:10] PRINT [03/22 07:26:10 graph]: best_f1 0.88148 at epoch 54
[2023-03-22 07:26:10] PRINT [03/22 07:26:10 graph]: start epoch 63.
[2023-03-22 07:26:10] PRINT [03/22 07:26:10 graph]: # Epoch 63: train_loss: 0.4798 | lr: 0.000123
[2023-03-22 07:26:17] PRINT [03/22 07:26:17 graph]: --- Testf1: 0.87557, Best Valacc: 0.86982 in epoch 393 --- 
[2023-03-22 07:26:17] PRINT [03/22 07:26:17 graph]: Epoch 63: get test acc score:  0.87557
[2023-03-22 07:26:17] PRINT [03/22 07:26:17 graph]: best_f1 0.88148 at epoch 54
[2023-03-22 07:26:17] PRINT [03/22 07:26:17 graph]: start epoch 64.
[2023-03-22 07:26:18] PRINT [03/22 07:26:18 graph]: # Epoch 64: train_loss: 0.4793 | lr: 0.000123
[2023-03-22 07:26:23] PRINT [03/22 07:26:23 graph]: --- Testf1: 0.87602, Best Valacc: 0.87345 in epoch 461 --- 
[2023-03-22 07:26:23] PRINT [03/22 07:26:23 graph]: Epoch 64: get test acc score:  0.87602
[2023-03-22 07:26:23] PRINT [03/22 07:26:23 graph]: best_f1 0.88148 at epoch 54
[2023-03-22 07:26:23] PRINT [03/22 07:26:23 graph]: start epoch 65.
[2023-03-22 07:26:23] PRINT [03/22 07:26:23 graph]: # Epoch 65: train_loss: 0.4776 | lr: 0.000123
[2023-03-22 07:26:29] PRINT [03/22 07:26:29 graph]: --- Testf1: 0.86948, Best Valacc: 0.87491 in epoch 388 --- 
[2023-03-22 07:26:29] PRINT [03/22 07:26:29 graph]: Epoch 65: get test acc score:  0.86948
[2023-03-22 07:26:29] PRINT [03/22 07:26:29 graph]: best_f1 0.88148 at epoch 54
[2023-03-22 07:26:29] PRINT [03/22 07:26:29 graph]: start epoch 66.
[2023-03-22 07:26:29] PRINT [03/22 07:26:29 graph]: # Epoch 66: train_loss: 0.4753 | lr: 0.000123
[2023-03-22 07:26:38] PRINT [03/22 07:26:38 graph]: --- Testf1: 0.86957, Best Valacc: 0.87636 in epoch 318 --- 
[2023-03-22 07:26:39] PRINT [03/22 07:26:39 graph]: Epoch 66: get test acc score:  0.86957
[2023-03-22 07:26:39] PRINT [03/22 07:26:39 graph]: best_f1 0.88148 at epoch 54
[2023-03-22 07:26:39] PRINT [03/22 07:26:39 graph]: start epoch 67.
[2023-03-22 07:26:39] PRINT [03/22 07:26:39 graph]: # Epoch 67: train_loss: 0.4752 | lr: 0.000123
[2023-03-22 07:26:46] PRINT [03/22 07:26:46 graph]: --- Testf1: 0.87357, Best Valacc: 0.88073 in epoch 234 --- 
[2023-03-22 07:26:46] PRINT [03/22 07:26:46 graph]: Epoch 67: get test acc score:  0.87357
[2023-03-22 07:26:46] PRINT [03/22 07:26:46 graph]: best_f1 0.88148 at epoch 54
[2023-03-22 07:26:46] PRINT [03/22 07:26:46 graph]: start epoch 68.
[2023-03-22 07:26:46] PRINT [03/22 07:26:46 graph]: # Epoch 68: train_loss: 0.4735 | lr: 0.000123
[2023-03-22 07:26:53] PRINT [03/22 07:26:53 graph]: --- Testf1: 0.87548, Best Valacc: 0.87927 in epoch 488 --- 
[2023-03-22 07:26:54] PRINT [03/22 07:26:54 graph]: Epoch 68: get test acc score:  0.87548
[2023-03-22 07:26:54] PRINT [03/22 07:26:54 graph]: best_f1 0.88148 at epoch 54
[2023-03-22 07:26:54] PRINT [03/22 07:26:54 graph]: start epoch 69.
[2023-03-22 07:26:54] PRINT [03/22 07:26:54 graph]: # Epoch 69: train_loss: 0.4731 | lr: 0.000123
[2023-03-22 07:27:01] PRINT [03/22 07:27:01 graph]: --- Testf1: 0.87539, Best Valacc: 0.87709 in epoch 431 --- 
[2023-03-22 07:27:01] PRINT [03/22 07:27:01 graph]: Epoch 69: get test acc score:  0.87539
[2023-03-22 07:27:01] PRINT [03/22 07:27:01 graph]: best_f1 0.88148 at epoch 54
[2023-03-22 07:27:01] PRINT [03/22 07:27:01 graph]: start epoch 70.
[2023-03-22 07:27:01] PRINT [03/22 07:27:01 graph]: # Epoch 70: train_loss: 0.4722 | lr: 0.000123
[2023-03-22 07:27:09] PRINT [03/22 07:27:09 graph]: --- Testf1: 0.87857, Best Valacc: 0.87927 in epoch 400 --- 
[2023-03-22 07:27:09] PRINT [03/22 07:27:09 graph]: Epoch 70: get test acc score:  0.87857
[2023-03-22 07:27:09] PRINT [03/22 07:27:09 graph]: best_f1 0.88148 at epoch 54
[2023-03-22 07:27:09] PRINT [03/22 07:27:09 graph]: start epoch 71.
[2023-03-22 07:27:09] PRINT [03/22 07:27:09 graph]: # Epoch 71: train_loss: 0.4724 | lr: 0.000123
[2023-03-22 07:27:16] PRINT [03/22 07:27:16 graph]: --- Testf1: 0.87566, Best Valacc: 0.88291 in epoch 498 --- 
[2023-03-22 07:27:16] PRINT [03/22 07:27:16 graph]: Epoch 71: get test acc score:  0.87566
[2023-03-22 07:27:16] PRINT [03/22 07:27:16 graph]: best_f1 0.88148 at epoch 54
[2023-03-22 07:27:16] PRINT [03/22 07:27:16 graph]: start epoch 72.
[2023-03-22 07:27:17] PRINT [03/22 07:27:17 graph]: # Epoch 72: train_loss: 0.4697 | lr: 0.000123
[2023-03-22 07:27:24] PRINT [03/22 07:27:24 graph]: --- Testf1: 0.87384, Best Valacc: 0.87855 in epoch 379 --- 
[2023-03-22 07:27:24] PRINT [03/22 07:27:24 graph]: Epoch 72: get test acc score:  0.87384
[2023-03-22 07:27:24] PRINT [03/22 07:27:24 graph]: best_f1 0.88148 at epoch 54
[2023-03-22 07:27:24] PRINT [03/22 07:27:24 graph]: start epoch 73.
[2023-03-22 07:27:24] PRINT [03/22 07:27:24 graph]: # Epoch 73: train_loss: 0.4701 | lr: 0.000123
[2023-03-22 07:27:31] PRINT [03/22 07:27:31 graph]: --- Testf1: 0.88129, Best Valacc: 0.88073 in epoch 490 --- 
[2023-03-22 07:27:31] PRINT [03/22 07:27:31 graph]: Epoch 73: get test acc score:  0.88129
[2023-03-22 07:27:31] PRINT [03/22 07:27:31 graph]: best_f1 0.88148 at epoch 54
[2023-03-22 07:27:31] PRINT [03/22 07:27:31 graph]: start epoch 74.
[2023-03-22 07:27:32] PRINT [03/22 07:27:32 graph]: # Epoch 74: train_loss: 0.4676 | lr: 0.000123
[2023-03-22 07:27:38] PRINT [03/22 07:27:38 graph]: --- Testf1: 0.88075, Best Valacc: 0.88291 in epoch 326 --- 
[2023-03-22 07:27:39] PRINT [03/22 07:27:39 graph]: Epoch 74: get test acc score:  0.88075
[2023-03-22 07:27:39] PRINT [03/22 07:27:39 graph]: best_f1 0.88148 at epoch 54
[2023-03-22 07:27:39] PRINT [03/22 07:27:39 graph]: start epoch 75.
[2023-03-22 07:27:39] PRINT [03/22 07:27:39 graph]: # Epoch 75: train_loss: 0.4681 | lr: 0.000123
[2023-03-22 07:27:46] PRINT [03/22 07:27:46 graph]: --- Testf1: 0.87984, Best Valacc: 0.88291 in epoch 478 --- 
[2023-03-22 07:27:46] PRINT [03/22 07:27:46 graph]: Epoch 75: get test acc score:  0.87984
[2023-03-22 07:27:46] PRINT [03/22 07:27:46 graph]: best_f1 0.88148 at epoch 54
[2023-03-22 07:27:46] PRINT [03/22 07:27:46 graph]: start epoch 76.
[2023-03-22 07:27:46] PRINT [03/22 07:27:46 graph]: # Epoch 76: train_loss: 0.4664 | lr: 0.000123
[2023-03-22 07:27:54] PRINT [03/22 07:27:54 graph]: --- Testf1: 0.88084, Best Valacc: 0.87564 in epoch 211 --- 
[2023-03-22 07:27:54] PRINT [03/22 07:27:54 graph]: Epoch 76: get test acc score:  0.88084
[2023-03-22 07:27:54] PRINT [03/22 07:27:54 graph]: best_f1 0.88148 at epoch 54
[2023-03-22 07:27:54] PRINT [03/22 07:27:54 graph]: start epoch 77.
[2023-03-22 07:27:54] PRINT [03/22 07:27:54 graph]: # Epoch 77: train_loss: 0.4662 | lr: 0.000123
[2023-03-22 07:28:01] PRINT [03/22 07:28:01 graph]: --- Testf1: 0.88075, Best Valacc: 0.88509 in epoch 197 --- 
[2023-03-22 07:28:01] PRINT [03/22 07:28:01 graph]: Epoch 77: get test acc score:  0.88075
[2023-03-22 07:28:01] PRINT [03/22 07:28:01 graph]: best_f1 0.88148 at epoch 54
[2023-03-22 07:28:01] PRINT [03/22 07:28:01 graph]: start epoch 78.
[2023-03-22 07:28:02] PRINT [03/22 07:28:02 graph]: # Epoch 78: train_loss: 0.4648 | lr: 0.000123
[2023-03-22 07:28:08] PRINT [03/22 07:28:08 graph]: --- Testf1: 0.88293, Best Valacc: 0.87636 in epoch 268 --- 
[2023-03-22 07:28:09] PRINT [03/22 07:28:09 graph]: Epoch 78: get test acc score:  0.88293
[2023-03-22 07:28:09] PRINT [03/22 07:28:09 graph]: best_f1 0.88293 at epoch 78
[2023-03-22 07:28:09] PRINT [03/22 07:28:09 graph]: start epoch 79.
[2023-03-22 07:28:09] PRINT [03/22 07:28:09 graph]: # Epoch 79: train_loss: 0.4641 | lr: 0.000123
[2023-03-22 07:28:16] PRINT [03/22 07:28:16 graph]: --- Testf1: 0.88066, Best Valacc: 0.88509 in epoch 454 --- 
[2023-03-22 07:28:16] PRINT [03/22 07:28:16 graph]: Epoch 79: get test acc score:  0.88066
[2023-03-22 07:28:16] PRINT [03/22 07:28:16 graph]: best_f1 0.88293 at epoch 78
[2023-03-22 07:28:16] PRINT [03/22 07:28:16 graph]: start epoch 80.
[2023-03-22 07:28:16] PRINT [03/22 07:28:16 graph]: # Epoch 80: train_loss: 0.4643 | lr: 0.000123
[2023-03-22 07:28:23] PRINT [03/22 07:28:23 graph]: --- Testf1: 0.87366, Best Valacc: 0.87709 in epoch 445 --- 
[2023-03-22 07:28:24] PRINT [03/22 07:28:24 graph]: Epoch 80: get test acc score:  0.87366
[2023-03-22 07:28:24] PRINT [03/22 07:28:24 graph]: best_f1 0.88293 at epoch 78
[2023-03-22 07:28:24] PRINT [03/22 07:28:24 graph]: start epoch 81.
[2023-03-22 07:28:24] PRINT [03/22 07:28:24 graph]: # Epoch 81: train_loss: 0.4631 | lr: 0.000123
[2023-03-22 07:28:31] PRINT [03/22 07:28:31 graph]: --- Testf1: 0.87693, Best Valacc: 0.88218 in epoch 495 --- 
[2023-03-22 07:28:31] PRINT [03/22 07:28:31 graph]: Epoch 81: get test acc score:  0.87693
[2023-03-22 07:28:31] PRINT [03/22 07:28:31 graph]: best_f1 0.88293 at epoch 78
[2023-03-22 07:28:31] PRINT [03/22 07:28:31 graph]: start epoch 82.
[2023-03-22 07:28:31] PRINT [03/22 07:28:31 graph]: # Epoch 82: train_loss: 0.4655 | lr: 0.000123
[2023-03-22 07:28:38] PRINT [03/22 07:28:38 graph]: --- Testf1: 0.87875, Best Valacc: 0.88582 in epoch 414 --- 
[2023-03-22 07:28:39] PRINT [03/22 07:28:39 graph]: Epoch 82: get test acc score:  0.87875
[2023-03-22 07:28:39] PRINT [03/22 07:28:39 graph]: best_f1 0.88293 at epoch 78
[2023-03-22 07:28:39] PRINT [03/22 07:28:39 graph]: start epoch 83.
[2023-03-22 07:28:39] PRINT [03/22 07:28:39 graph]: # Epoch 83: train_loss: 0.4622 | lr: 0.000123
[2023-03-22 07:28:46] PRINT [03/22 07:28:46 graph]: --- Testf1: 0.88020, Best Valacc: 0.88218 in epoch 406 --- 
[2023-03-22 07:28:46] PRINT [03/22 07:28:46 graph]: Epoch 83: get test acc score:  0.88020
[2023-03-22 07:28:46] PRINT [03/22 07:28:46 graph]: best_f1 0.88293 at epoch 78
[2023-03-22 07:28:46] PRINT [03/22 07:28:46 graph]: start epoch 84.
[2023-03-22 07:28:46] PRINT [03/22 07:28:46 graph]: # Epoch 84: train_loss: 0.4626 | lr: 0.000123
[2023-03-22 07:28:53] PRINT [03/22 07:28:53 graph]: --- Testf1: 0.87375, Best Valacc: 0.87782 in epoch 372 --- 
[2023-03-22 07:28:53] PRINT [03/22 07:28:53 graph]: Epoch 84: get test acc score:  0.87375
[2023-03-22 07:28:53] PRINT [03/22 07:28:53 graph]: best_f1 0.88293 at epoch 78
[2023-03-22 07:28:53] PRINT [03/22 07:28:53 graph]: start epoch 85.
[2023-03-22 07:28:53] PRINT [03/22 07:28:53 graph]: # Epoch 85: train_loss: 0.4618 | lr: 0.000123
[2023-03-22 07:29:00] PRINT [03/22 07:29:00 graph]: --- Testf1: 0.87948, Best Valacc: 0.88218 in epoch 407 --- 
[2023-03-22 07:29:01] PRINT [03/22 07:29:01 graph]: Epoch 85: get test acc score:  0.87948
[2023-03-22 07:29:01] PRINT [03/22 07:29:01 graph]: best_f1 0.88293 at epoch 78
[2023-03-22 07:29:01] PRINT [03/22 07:29:01 graph]: start epoch 86.
[2023-03-22 07:29:01] PRINT [03/22 07:29:01 graph]: # Epoch 86: train_loss: 0.4592 | lr: 0.000123
[2023-03-22 07:29:08] PRINT [03/22 07:29:08 graph]: --- Testf1: 0.87957, Best Valacc: 0.88436 in epoch 422 --- 
[2023-03-22 07:29:08] PRINT [03/22 07:29:08 graph]: Epoch 86: get test acc score:  0.87957
[2023-03-22 07:29:08] PRINT [03/22 07:29:08 graph]: best_f1 0.88293 at epoch 78
[2023-03-22 07:29:08] PRINT [03/22 07:29:08 graph]: start epoch 87.
[2023-03-22 07:29:08] PRINT [03/22 07:29:08 graph]: # Epoch 87: train_loss: 0.4620 | lr: 0.000123
[2023-03-22 07:29:15] PRINT [03/22 07:29:15 graph]: --- Testf1: 0.87920, Best Valacc: 0.87855 in epoch 236 --- 
[2023-03-22 07:29:16] PRINT [03/22 07:29:16 graph]: Epoch 87: get test acc score:  0.87920
[2023-03-22 07:29:16] PRINT [03/22 07:29:16 graph]: best_f1 0.88293 at epoch 78
[2023-03-22 07:29:16] PRINT [03/22 07:29:16 graph]: start epoch 88.
[2023-03-22 07:29:16] PRINT [03/22 07:29:16 graph]: # Epoch 88: train_loss: 0.4577 | lr: 0.000123
[2023-03-22 07:29:23] PRINT [03/22 07:29:23 graph]: --- Testf1: 0.88039, Best Valacc: 0.88218 in epoch 323 --- 
[2023-03-22 07:29:23] PRINT [03/22 07:29:23 graph]: Epoch 88: get test acc score:  0.88039
[2023-03-22 07:29:23] PRINT [03/22 07:29:23 graph]: best_f1 0.88293 at epoch 78
[2023-03-22 07:29:23] PRINT [03/22 07:29:23 graph]: start epoch 89.
[2023-03-22 07:29:23] PRINT [03/22 07:29:23 graph]: # Epoch 89: train_loss: 0.4586 | lr: 0.000123
[2023-03-22 07:29:30] PRINT [03/22 07:29:30 graph]: --- Testf1: 0.87966, Best Valacc: 0.88436 in epoch 280 --- 
[2023-03-22 07:29:31] PRINT [03/22 07:29:31 graph]: Epoch 89: get test acc score:  0.87966
[2023-03-22 07:29:31] PRINT [03/22 07:29:31 graph]: best_f1 0.88293 at epoch 78
[2023-03-22 07:29:31] PRINT [03/22 07:29:31 graph]: start epoch 90.
[2023-03-22 07:29:31] PRINT [03/22 07:29:31 graph]: # Epoch 90: train_loss: 0.4573 | lr: 0.000123
[2023-03-22 07:29:38] PRINT [03/22 07:29:38 graph]: --- Testf1: 0.87748, Best Valacc: 0.88582 in epoch 437 --- 
[2023-03-22 07:29:38] PRINT [03/22 07:29:38 graph]: Epoch 90: get test acc score:  0.87748
[2023-03-22 07:29:38] PRINT [03/22 07:29:38 graph]: best_f1 0.88293 at epoch 78
[2023-03-22 07:29:38] PRINT [03/22 07:29:38 graph]: start epoch 91.
[2023-03-22 07:29:38] PRINT [03/22 07:29:38 graph]: # Epoch 91: train_loss: 0.4568 | lr: 0.000123
[2023-03-22 07:29:45] PRINT [03/22 07:29:45 graph]: --- Testf1: 0.87911, Best Valacc: 0.88582 in epoch 341 --- 
[2023-03-22 07:29:46] PRINT [03/22 07:29:46 graph]: Epoch 91: get test acc score:  0.87911
[2023-03-22 07:29:46] PRINT [03/22 07:29:46 graph]: best_f1 0.88293 at epoch 78
[2023-03-22 07:29:46] PRINT [03/22 07:29:46 graph]: start epoch 92.
[2023-03-22 07:29:46] PRINT [03/22 07:29:46 graph]: # Epoch 92: train_loss: 0.4571 | lr: 0.000123
[2023-03-22 07:29:53] PRINT [03/22 07:29:53 graph]: --- Testf1: 0.87684, Best Valacc: 0.88218 in epoch 290 --- 
[2023-03-22 07:29:53] PRINT [03/22 07:29:53 graph]: Epoch 92: get test acc score:  0.87684
[2023-03-22 07:29:53] PRINT [03/22 07:29:53 graph]: best_f1 0.88293 at epoch 78
[2023-03-22 07:29:53] PRINT [03/22 07:29:53 graph]: start epoch 93.
[2023-03-22 07:29:53] PRINT [03/22 07:29:53 graph]: # Epoch 93: train_loss: 0.4558 | lr: 0.000123
[2023-03-22 07:30:00] PRINT [03/22 07:30:00 graph]: --- Testf1: 0.87493, Best Valacc: 0.87782 in epoch 377 --- 
[2023-03-22 07:30:01] PRINT [03/22 07:30:01 graph]: Epoch 93: get test acc score:  0.87493
[2023-03-22 07:30:01] PRINT [03/22 07:30:01 graph]: best_f1 0.88293 at epoch 78
[2023-03-22 07:30:01] PRINT [03/22 07:30:01 graph]: start epoch 94.
[2023-03-22 07:30:01] PRINT [03/22 07:30:01 graph]: # Epoch 94: train_loss: 0.4554 | lr: 0.000123
[2023-03-22 07:30:08] PRINT [03/22 07:30:08 graph]: --- Testf1: 0.87793, Best Valacc: 0.88145 in epoch 487 --- 
[2023-03-22 07:30:08] PRINT [03/22 07:30:08 graph]: Epoch 94: get test acc score:  0.87793
[2023-03-22 07:30:08] PRINT [03/22 07:30:08 graph]: best_f1 0.88293 at epoch 78
[2023-03-22 07:30:08] PRINT [03/22 07:30:08 graph]: start epoch 95.
[2023-03-22 07:30:08] PRINT [03/22 07:30:08 graph]: # Epoch 95: train_loss: 0.4571 | lr: 0.000123
[2023-03-22 07:30:15] PRINT [03/22 07:30:15 graph]: --- Testf1: 0.87957, Best Valacc: 0.88073 in epoch 307 --- 
[2023-03-22 07:30:16] PRINT [03/22 07:30:16 graph]: Epoch 95: get test acc score:  0.87957
[2023-03-22 07:30:16] PRINT [03/22 07:30:16 graph]: best_f1 0.88293 at epoch 78
[2023-03-22 07:30:16] PRINT [03/22 07:30:16 graph]: start epoch 96.
[2023-03-22 07:30:16] PRINT [03/22 07:30:16 graph]: # Epoch 96: train_loss: 0.4577 | lr: 0.000123
[2023-03-22 07:30:23] PRINT [03/22 07:30:23 graph]: --- Testf1: 0.88075, Best Valacc: 0.88291 in epoch 369 --- 
[2023-03-22 07:30:23] PRINT [03/22 07:30:23 graph]: Epoch 96: get test acc score:  0.88075
[2023-03-22 07:30:23] PRINT [03/22 07:30:23 graph]: best_f1 0.88293 at epoch 78
[2023-03-22 07:30:23] PRINT [03/22 07:30:23 graph]: start epoch 97.
[2023-03-22 07:30:23] PRINT [03/22 07:30:23 graph]: # Epoch 97: train_loss: 0.4534 | lr: 0.000123
[2023-03-22 07:30:30] PRINT [03/22 07:30:30 graph]: --- Testf1: 0.87766, Best Valacc: 0.88436 in epoch 478 --- 
[2023-03-22 07:30:30] PRINT [03/22 07:30:30 graph]: Epoch 97: get test acc score:  0.87766
[2023-03-22 07:30:30] PRINT [03/22 07:30:30 graph]: best_f1 0.88293 at epoch 78
[2023-03-22 07:30:30] PRINT [03/22 07:30:30 graph]: start epoch 98.
[2023-03-22 07:30:30] PRINT [03/22 07:30:30 graph]: # Epoch 98: train_loss: 0.4554 | lr: 0.000123
[2023-03-22 07:30:37] PRINT [03/22 07:30:37 graph]: --- Testf1: 0.87948, Best Valacc: 0.87927 in epoch 350 --- 
[2023-03-22 07:30:38] PRINT [03/22 07:30:38 graph]: Epoch 98: get test acc score:  0.87948
[2023-03-22 07:30:38] PRINT [03/22 07:30:38 graph]: best_f1 0.88293 at epoch 78
[2023-03-22 07:30:38] PRINT [03/22 07:30:38 graph]: start epoch 99.
[2023-03-22 07:30:38] PRINT [03/22 07:30:38 graph]: # Epoch 99: train_loss: 0.4533 | lr: 0.000123
[2023-03-22 07:30:45] PRINT [03/22 07:30:45 graph]: --- Testf1: 0.87630, Best Valacc: 0.88291 in epoch 370 --- 
[2023-03-22 07:30:45] PRINT [03/22 07:30:45 graph]: Epoch 99: get test acc score:  0.87630
[2023-03-22 07:30:45] PRINT [03/22 07:30:45 graph]: best_f1 0.88293 at epoch 78
[2023-03-22 07:30:45] PRINT [03/22 07:30:45 graph]: # final_acc: 0.88293±0.00000
