[2023-03-21 17:04:20] PRINT ---new cfg------
[2023-03-21 17:04:20] PRINT {'DATA': {'data_name': 'pubmed'}, 'DATALOADER': {'NUM_WORKERS': 0}, 'MODEL': {'num_hidden': 512, 'num_layers': 2, 'nhead': 4, 'activation': 'prelu', 'attn_drop': 0.1, 'feat_drop': 0.1, 'norm': 'layernorm', 'pooler': 'mean', 'beta_schedule': 'quad', 'beta_1': 0.0001836447727021945, 'beta_T': 0.031069465474981215, 'T': 331}, 'SOLVER': {'optim_type': 'adam', 'optim_type_f': 'adamw', 'alpha': 1, 'decay': 20, 'LR': 0.0003356694235112709, 'LR_f': 0.00038572834804028583, 'weight_decay': 0, 'weight_decay_f': 7.50734849046983e-05, 'MAX_EPOCH': 100, 'max_epoch_f': 100}, 'DEVICE': 'cuda', 'seeds': [0], 'eval_T': [50, 100, 200], 'output_dir': '/ddm-nni/PubMed/log', 'checkpoint_dir': '/ddm-nni/PubMed/log/checkpoint'}
[2023-03-21 17:04:20] PRINT [03/21 17:04:20 graph]: Rank of current process: 0. World size: 1
[2023-03-21 17:04:24] PRINT [03/21 17:04:24 graph]: Environment info:
[2023-03-21 17:04:24] PRINT PyTorch version: 1.10.0+cu113
[2023-03-21 17:04:24] PRINT Is debug build: False
[2023-03-21 17:04:24] PRINT CUDA used to build PyTorch: 11.3
[2023-03-21 17:04:24] PRINT ROCM used to build PyTorch: N/A
[2023-03-21 17:04:24] PRINT 
[2023-03-21 17:04:24] PRINT OS: Ubuntu 20.04.3 LTS (x86_64)
[2023-03-21 17:04:24] PRINT GCC version: (Ubuntu 9.3.0-17ubuntu1~20.04) 9.3.0
[2023-03-21 17:04:24] PRINT Clang version: Could not collect
[2023-03-21 17:04:24] PRINT CMake version: version 3.16.3
[2023-03-21 17:04:24] PRINT Libc version: glibc-2.31
[2023-03-21 17:04:24] PRINT 
[2023-03-21 17:04:24] PRINT Python version: 3.8.10 (default, Jun  4 2021, 15:09:15)  [GCC 7.5.0] (64-bit runtime)
[2023-03-21 17:04:24] PRINT Python platform: Linux-5.4.0-90-generic-x86_64-with-glibc2.17
[2023-03-21 17:04:24] PRINT Is CUDA available: True
[2023-03-21 17:04:24] PRINT CUDA runtime version: 11.3.109
[2023-03-21 17:04:24] PRINT GPU models and configuration: GPU 0: NVIDIA GeForce RTX 3090
[2023-03-21 17:04:24] PRINT Nvidia driver version: 495.44
[2023-03-21 17:04:24] PRINT cuDNN version: Probably one of the following:
[2023-03-21 17:04:24] PRINT /usr/lib/x86_64-linux-gnu/libcudnn.so.8.2.0
[2023-03-21 17:04:24] PRINT /usr/lib/x86_64-linux-gnu/libcudnn_adv_infer.so.8.2.0
[2023-03-21 17:04:24] PRINT /usr/lib/x86_64-linux-gnu/libcudnn_adv_train.so.8.2.0
[2023-03-21 17:04:24] PRINT /usr/lib/x86_64-linux-gnu/libcudnn_cnn_infer.so.8.2.0
[2023-03-21 17:04:24] PRINT /usr/lib/x86_64-linux-gnu/libcudnn_cnn_train.so.8.2.0
[2023-03-21 17:04:24] PRINT /usr/lib/x86_64-linux-gnu/libcudnn_ops_infer.so.8.2.0
[2023-03-21 17:04:24] PRINT /usr/lib/x86_64-linux-gnu/libcudnn_ops_train.so.8.2.0
[2023-03-21 17:04:24] PRINT HIP runtime version: N/A
[2023-03-21 17:04:24] PRINT MIOpen runtime version: N/A
[2023-03-21 17:04:24] PRINT 
[2023-03-21 17:04:24] PRINT Versions of relevant libraries:
[2023-03-21 17:04:24] PRINT [pip3] numpy==1.23.5
[2023-03-21 17:04:24] PRINT [pip3] torch==1.10.0+cu113
[2023-03-21 17:04:24] PRINT [pip3] torchvision==0.11.1+cu113
[2023-03-21 17:04:24] PRINT [conda] blas                      1.0                         mkl    https://mirrors.ustc.edu.cn/anaconda/pkgs/main
[2023-03-21 17:04:24] PRINT [conda] mkl                       2021.4.0           h06a4308_640    https://mirrors.ustc.edu.cn/anaconda/pkgs/main
[2023-03-21 17:04:24] PRINT [conda] mkl-service               2.4.0            py38h7f8727e_0    https://mirrors.ustc.edu.cn/anaconda/pkgs/main
[2023-03-21 17:04:24] PRINT [conda] mkl_fft                   1.3.1            py38hd3c417c_0    https://mirrors.ustc.edu.cn/anaconda/pkgs/main
[2023-03-21 17:04:24] PRINT [conda] mkl_random                1.2.2            py38h51133e4_0    https://mirrors.ustc.edu.cn/anaconda/pkgs/main
[2023-03-21 17:04:24] PRINT [conda] numpy                     1.21.4                   pypi_0    pypi
[2023-03-21 17:04:24] PRINT [conda] numpy-base                1.23.5           py38h31eccc5_0    https://mirrors.ustc.edu.cn/anaconda/pkgs/main
[2023-03-21 17:04:24] PRINT [conda] torch                     1.10.0+cu113             pypi_0    pypi
[2023-03-21 17:04:24] PRINT [conda] torchvision               0.11.1+cu113             pypi_0    pypi
[2023-03-21 17:04:24] PRINT         Pillow (8.4.0)
[2023-03-21 17:04:24] PRINT [03/21 17:04:24 graph]: Command line arguments: Namespace(local_rank=0, resume=False, seed=1234, start_epoch=0)
[2023-03-21 17:04:24] PRINT   NumNodes: 19717
[2023-03-21 17:04:24] PRINT   NumEdges: 88651
[2023-03-21 17:04:24] PRINT   NumFeats: 500
[2023-03-21 17:04:24] PRINT   NumClasses: 3
[2023-03-21 17:04:24] PRINT   NumTrainingSamples: 60
[2023-03-21 17:04:24] PRINT   NumValidationSamples: 500
[2023-03-21 17:04:24] PRINT   NumTestSamples: 1000
[2023-03-21 17:04:24] PRINT Done loading data from cached files.
[2023-03-21 17:04:24] PRINT [03/21 17:04:24 graph]: Run 0th for seed 0
[2023-03-21 17:04:24] PRINT [03/21 17:04:24 graph]: Total trainable params num : 6423918
[2023-03-21 17:04:29] PRINT [03/21 17:04:29 graph]: ----------Start Training----------
[2023-03-21 17:04:29] PRINT [03/21 17:04:29 graph]: start epoch 0.
[2023-03-21 17:04:29] PRINT [03/21 17:04:29 graph]: # Epoch 0: train_loss: 1.0044 | lr: 0.000336
[2023-03-21 17:04:29] PRINT [03/21 17:04:29 graph]: start epoch 1.
[2023-03-21 17:04:30] PRINT [03/21 17:04:30 graph]: # Epoch 1: train_loss: 0.8571 | lr: 0.000336
[2023-03-21 17:04:30] PRINT [03/21 17:04:30 graph]: start epoch 2.
[2023-03-21 17:04:30] PRINT [03/21 17:04:30 graph]: # Epoch 2: train_loss: 0.7887 | lr: 0.000336
[2023-03-21 17:04:30] PRINT [03/21 17:04:30 graph]: start epoch 3.
[2023-03-21 17:04:30] PRINT [03/21 17:04:30 graph]: # Epoch 3: train_loss: 0.7403 | lr: 0.000336
[2023-03-21 17:04:30] PRINT [03/21 17:04:30 graph]: start epoch 4.
[2023-03-21 17:04:30] PRINT [03/21 17:04:30 graph]: # Epoch 4: train_loss: 0.6996 | lr: 0.000336
[2023-03-21 17:04:30] PRINT [03/21 17:04:30 graph]: start epoch 5.
[2023-03-21 17:04:30] PRINT [03/21 17:04:30 graph]: # Epoch 5: train_loss: 0.6619 | lr: 0.000336
[2023-03-21 17:04:30] PRINT [03/21 17:04:30 graph]: start epoch 6.
[2023-03-21 17:04:30] PRINT [03/21 17:04:30 graph]: # Epoch 6: train_loss: 0.6358 | lr: 0.000336
[2023-03-21 17:04:30] PRINT [03/21 17:04:30 graph]: start epoch 7.
[2023-03-21 17:04:30] PRINT [03/21 17:04:30 graph]: # Epoch 7: train_loss: 0.6131 | lr: 0.000336
[2023-03-21 17:04:30] PRINT [03/21 17:04:30 graph]: start epoch 8.
[2023-03-21 17:04:30] PRINT [03/21 17:04:30 graph]: # Epoch 8: train_loss: 0.5918 | lr: 0.000336
[2023-03-21 17:04:30] PRINT [03/21 17:04:30 graph]: start epoch 9.
[2023-03-21 17:04:30] PRINT [03/21 17:04:30 graph]: # Epoch 9: train_loss: 0.5740 | lr: 0.000336
[2023-03-21 17:04:30] PRINT [03/21 17:04:30 graph]: start epoch 10.
[2023-03-21 17:04:30] PRINT [03/21 17:04:30 graph]: # Epoch 10: train_loss: 0.5577 | lr: 0.000336
[2023-03-21 17:04:30] PRINT [03/21 17:04:30 graph]: start epoch 11.
[2023-03-21 17:04:31] PRINT [03/21 17:04:31 graph]: # Epoch 11: train_loss: 0.5432 | lr: 0.000336
[2023-03-21 17:04:32] PRINT [03/21 17:04:32 graph]: --- Testf1: 0.80100, Best Valacc: 0.81800 in epoch 14 --- 
[2023-03-21 17:04:32] PRINT [03/21 17:04:32 graph]: Epoch 11: get test acc score:  0.801
[2023-03-21 17:04:32] PRINT [03/21 17:04:32 graph]: best_f1 0.801 at epoch 11
[2023-03-21 17:04:32] PRINT [03/21 17:04:32 graph]: start epoch 12.
[2023-03-21 17:04:32] PRINT [03/21 17:04:32 graph]: # Epoch 12: train_loss: 0.5298 | lr: 0.000336
[2023-03-21 17:04:33] PRINT [03/21 17:04:33 graph]: --- Testf1: 0.80300, Best Valacc: 0.81400 in epoch 70 --- 
[2023-03-21 17:04:33] PRINT [03/21 17:04:33 graph]: Epoch 12: get test acc score:  0.803
[2023-03-21 17:04:33] PRINT [03/21 17:04:33 graph]: best_f1 0.803 at epoch 12
[2023-03-21 17:04:33] PRINT [03/21 17:04:33 graph]: start epoch 13.
[2023-03-21 17:04:34] PRINT [03/21 17:04:34 graph]: # Epoch 13: train_loss: 0.5166 | lr: 0.000336
[2023-03-21 17:04:34] PRINT [03/21 17:04:34 graph]: --- Testf1: 0.78900, Best Valacc: 0.82000 in epoch 8 --- 
[2023-03-21 17:04:35] PRINT [03/21 17:04:35 graph]: Epoch 13: get test acc score:  0.789
[2023-03-21 17:04:35] PRINT [03/21 17:04:35 graph]: best_f1 0.803 at epoch 12
[2023-03-21 17:04:35] PRINT [03/21 17:04:35 graph]: start epoch 14.
[2023-03-21 17:04:35] PRINT [03/21 17:04:35 graph]: # Epoch 14: train_loss: 0.5049 | lr: 0.000336
[2023-03-21 17:04:36] PRINT [03/21 17:04:36 graph]: --- Testf1: 0.80100, Best Valacc: 0.81800 in epoch 16 --- 
[2023-03-21 17:04:36] PRINT [03/21 17:04:36 graph]: Epoch 14: get test acc score:  0.801
[2023-03-21 17:04:36] PRINT [03/21 17:04:36 graph]: best_f1 0.803 at epoch 12
[2023-03-21 17:04:36] PRINT [03/21 17:04:36 graph]: start epoch 15.
[2023-03-21 17:04:36] PRINT [03/21 17:04:36 graph]: # Epoch 15: train_loss: 0.4929 | lr: 0.000336
[2023-03-21 17:04:37] PRINT [03/21 17:04:37 graph]: --- Testf1: 0.80400, Best Valacc: 0.84200 in epoch 12 --- 
[2023-03-21 17:04:37] PRINT [03/21 17:04:37 graph]: Epoch 15: get test acc score:  0.804
[2023-03-21 17:04:37] PRINT [03/21 17:04:37 graph]: best_f1 0.804 at epoch 15
[2023-03-21 17:04:37] PRINT [03/21 17:04:37 graph]: start epoch 16.
[2023-03-21 17:04:38] PRINT [03/21 17:04:38 graph]: # Epoch 16: train_loss: 0.4845 | lr: 0.000336
[2023-03-21 17:04:39] PRINT [03/21 17:04:39 graph]: --- Testf1: 0.79700, Best Valacc: 0.83200 in epoch 20 --- 
[2023-03-21 17:04:39] PRINT [03/21 17:04:39 graph]: Epoch 16: get test acc score:  0.797
[2023-03-21 17:04:39] PRINT [03/21 17:04:39 graph]: best_f1 0.804 at epoch 15
[2023-03-21 17:04:39] PRINT [03/21 17:04:39 graph]: start epoch 17.
[2023-03-21 17:04:39] PRINT [03/21 17:04:39 graph]: # Epoch 17: train_loss: 0.4753 | lr: 0.000336
[2023-03-21 17:04:40] PRINT [03/21 17:04:40 graph]: --- Testf1: 0.80800, Best Valacc: 0.81600 in epoch 11 --- 
[2023-03-21 17:04:40] PRINT [03/21 17:04:40 graph]: Epoch 17: get test acc score:  0.808
[2023-03-21 17:04:40] PRINT [03/21 17:04:40 graph]: best_f1 0.808 at epoch 17
[2023-03-21 17:04:40] PRINT [03/21 17:04:40 graph]: start epoch 18.
[2023-03-21 17:04:40] PRINT [03/21 17:04:40 graph]: # Epoch 18: train_loss: 0.4690 | lr: 0.000336
[2023-03-21 17:04:41] PRINT [03/21 17:04:41 graph]: --- Testf1: 0.80700, Best Valacc: 0.82200 in epoch 9 --- 
[2023-03-21 17:04:41] PRINT [03/21 17:04:41 graph]: Epoch 18: get test acc score:  0.807
[2023-03-21 17:04:41] PRINT [03/21 17:04:41 graph]: best_f1 0.808 at epoch 17
[2023-03-21 17:04:41] PRINT [03/21 17:04:41 graph]: start epoch 19.
[2023-03-21 17:04:42] PRINT [03/21 17:04:42 graph]: # Epoch 19: train_loss: 0.4562 | lr: 0.000336
[2023-03-21 17:04:43] PRINT [03/21 17:04:43 graph]: --- Testf1: 0.80600, Best Valacc: 0.82800 in epoch 15 --- 
[2023-03-21 17:04:43] PRINT [03/21 17:04:43 graph]: Epoch 19: get test acc score:  0.806
[2023-03-21 17:04:43] PRINT [03/21 17:04:43 graph]: best_f1 0.808 at epoch 17
[2023-03-21 17:04:43] PRINT [03/21 17:04:43 graph]: start epoch 20.
[2023-03-21 17:04:43] PRINT [03/21 17:04:43 graph]: # Epoch 20: train_loss: 0.4492 | lr: 0.000336
[2023-03-21 17:04:44] PRINT [03/21 17:04:44 graph]: --- Testf1: 0.81200, Best Valacc: 0.81000 in epoch 16 --- 
[2023-03-21 17:04:44] PRINT [03/21 17:04:44 graph]: Epoch 20: get test acc score:  0.812
[2023-03-21 17:04:44] PRINT [03/21 17:04:44 graph]: best_f1 0.812 at epoch 20
[2023-03-21 17:04:44] PRINT [03/21 17:04:44 graph]: start epoch 21.
[2023-03-21 17:04:44] PRINT [03/21 17:04:44 graph]: # Epoch 21: train_loss: 0.4424 | lr: 0.000336
[2023-03-21 17:04:45] PRINT [03/21 17:04:45 graph]: --- Testf1: 0.79700, Best Valacc: 0.81000 in epoch 22 --- 
[2023-03-21 17:04:46] PRINT [03/21 17:04:46 graph]: Epoch 21: get test acc score:  0.797
[2023-03-21 17:04:46] PRINT [03/21 17:04:46 graph]: best_f1 0.812 at epoch 20
[2023-03-21 17:04:46] PRINT [03/21 17:04:46 graph]: start epoch 22.
[2023-03-21 17:04:46] PRINT [03/21 17:04:46 graph]: # Epoch 22: train_loss: 0.4332 | lr: 0.000336
[2023-03-21 17:04:47] PRINT [03/21 17:04:47 graph]: --- Testf1: 0.79600, Best Valacc: 0.83600 in epoch 24 --- 
[2023-03-21 17:04:47] PRINT [03/21 17:04:47 graph]: Epoch 22: get test acc score:  0.796
[2023-03-21 17:04:47] PRINT [03/21 17:04:47 graph]: best_f1 0.812 at epoch 20
[2023-03-21 17:04:47] PRINT [03/21 17:04:47 graph]: start epoch 23.
[2023-03-21 17:04:47] PRINT [03/21 17:04:47 graph]: # Epoch 23: train_loss: 0.4270 | lr: 0.000336
[2023-03-21 17:04:48] PRINT [03/21 17:04:48 graph]: --- Testf1: 0.79700, Best Valacc: 0.83200 in epoch 33 --- 
[2023-03-21 17:04:48] PRINT [03/21 17:04:48 graph]: Epoch 23: get test acc score:  0.797
[2023-03-21 17:04:48] PRINT [03/21 17:04:48 graph]: best_f1 0.812 at epoch 20
[2023-03-21 17:04:48] PRINT [03/21 17:04:48 graph]: start epoch 24.
[2023-03-21 17:04:48] PRINT [03/21 17:04:48 graph]: # Epoch 24: train_loss: 0.4188 | lr: 0.000336
[2023-03-21 17:04:49] PRINT [03/21 17:04:49 graph]: --- Testf1: 0.81400, Best Valacc: 0.82800 in epoch 14 --- 
[2023-03-21 17:04:50] PRINT [03/21 17:04:50 graph]: Epoch 24: get test acc score:  0.814
[2023-03-21 17:04:50] PRINT [03/21 17:04:50 graph]: best_f1 0.814 at epoch 24
[2023-03-21 17:04:50] PRINT [03/21 17:04:50 graph]: start epoch 25.
[2023-03-21 17:04:50] PRINT [03/21 17:04:50 graph]: # Epoch 25: train_loss: 0.4135 | lr: 0.000336
[2023-03-21 17:04:51] PRINT [03/21 17:04:51 graph]: --- Testf1: 0.79500, Best Valacc: 0.81600 in epoch 24 --- 
[2023-03-21 17:04:51] PRINT [03/21 17:04:51 graph]: Epoch 25: get test acc score:  0.795
[2023-03-21 17:04:51] PRINT [03/21 17:04:51 graph]: best_f1 0.814 at epoch 24
[2023-03-21 17:04:51] PRINT [03/21 17:04:51 graph]: start epoch 26.
[2023-03-21 17:04:51] PRINT [03/21 17:04:51 graph]: # Epoch 26: train_loss: 0.4056 | lr: 0.000336
[2023-03-21 17:04:52] PRINT [03/21 17:04:52 graph]: --- Testf1: 0.79700, Best Valacc: 0.84000 in epoch 19 --- 
[2023-03-21 17:04:52] PRINT [03/21 17:04:52 graph]: Epoch 26: get test acc score:  0.797
[2023-03-21 17:04:52] PRINT [03/21 17:04:52 graph]: best_f1 0.814 at epoch 24
[2023-03-21 17:04:52] PRINT [03/21 17:04:52 graph]: start epoch 27.
[2023-03-21 17:04:52] PRINT [03/21 17:04:52 graph]: # Epoch 27: train_loss: 0.4007 | lr: 0.000336
[2023-03-21 17:04:53] PRINT [03/21 17:04:53 graph]: --- Testf1: 0.82000, Best Valacc: 0.82000 in epoch 16 --- 
[2023-03-21 17:04:54] PRINT [03/21 17:04:54 graph]: Epoch 27: get test acc score:  0.820
[2023-03-21 17:04:54] PRINT [03/21 17:04:54 graph]: best_f1 0.820 at epoch 27
[2023-03-21 17:04:54] PRINT [03/21 17:04:54 graph]: start epoch 28.
[2023-03-21 17:04:54] PRINT [03/21 17:04:54 graph]: # Epoch 28: train_loss: 0.3934 | lr: 0.000336
[2023-03-21 17:04:55] PRINT [03/21 17:04:55 graph]: --- Testf1: 0.80200, Best Valacc: 0.83200 in epoch 23 --- 
[2023-03-21 17:04:55] PRINT [03/21 17:04:55 graph]: Epoch 28: get test acc score:  0.802
[2023-03-21 17:04:55] PRINT [03/21 17:04:55 graph]: best_f1 0.820 at epoch 27
[2023-03-21 17:04:55] PRINT [03/21 17:04:55 graph]: start epoch 29.
[2023-03-21 17:04:55] PRINT [03/21 17:04:55 graph]: # Epoch 29: train_loss: 0.3878 | lr: 0.000336
[2023-03-21 17:04:56] PRINT [03/21 17:04:56 graph]: --- Testf1: 0.79500, Best Valacc: 0.81400 in epoch 26 --- 
[2023-03-21 17:04:56] PRINT [03/21 17:04:56 graph]: Epoch 29: get test acc score:  0.795
[2023-03-21 17:04:56] PRINT [03/21 17:04:56 graph]: best_f1 0.820 at epoch 27
[2023-03-21 17:04:56] PRINT [03/21 17:04:56 graph]: start epoch 30.
[2023-03-21 17:04:57] PRINT [03/21 17:04:57 graph]: # Epoch 30: train_loss: 0.3825 | lr: 0.000336
[2023-03-21 17:04:58] PRINT [03/21 17:04:58 graph]: --- Testf1: 0.79200, Best Valacc: 0.80600 in epoch 19 --- 
[2023-03-21 17:04:58] PRINT [03/21 17:04:58 graph]: Epoch 30: get test acc score:  0.792
[2023-03-21 17:04:58] PRINT [03/21 17:04:58 graph]: best_f1 0.820 at epoch 27
[2023-03-21 17:04:58] PRINT [03/21 17:04:58 graph]: start epoch 31.
[2023-03-21 17:04:58] PRINT [03/21 17:04:58 graph]: # Epoch 31: train_loss: 0.3770 | lr: 0.000336
[2023-03-21 17:04:59] PRINT [03/21 17:04:59 graph]: --- Testf1: 0.79400, Best Valacc: 0.80200 in epoch 28 --- 
[2023-03-21 17:04:59] PRINT [03/21 17:04:59 graph]: Epoch 31: get test acc score:  0.794
[2023-03-21 17:04:59] PRINT [03/21 17:04:59 graph]: best_f1 0.820 at epoch 27
[2023-03-21 17:04:59] PRINT [03/21 17:04:59 graph]: start epoch 32.
[2023-03-21 17:04:59] PRINT [03/21 17:04:59 graph]: # Epoch 32: train_loss: 0.3707 | lr: 0.000336
[2023-03-21 17:05:00] PRINT [03/21 17:05:00 graph]: --- Testf1: 0.79900, Best Valacc: 0.83400 in epoch 21 --- 
[2023-03-21 17:05:01] PRINT [03/21 17:05:01 graph]: Epoch 32: get test acc score:  0.799
[2023-03-21 17:05:01] PRINT [03/21 17:05:01 graph]: best_f1 0.820 at epoch 27
[2023-03-21 17:05:01] PRINT [03/21 17:05:01 graph]: start epoch 33.
[2023-03-21 17:05:01] PRINT [03/21 17:05:01 graph]: # Epoch 33: train_loss: 0.3669 | lr: 0.000336
[2023-03-21 17:05:02] PRINT [03/21 17:05:02 graph]: --- Testf1: 0.79700, Best Valacc: 0.81400 in epoch 24 --- 
[2023-03-21 17:05:02] PRINT [03/21 17:05:02 graph]: Epoch 33: get test acc score:  0.797
[2023-03-21 17:05:02] PRINT [03/21 17:05:02 graph]: best_f1 0.820 at epoch 27
[2023-03-21 17:05:02] PRINT [03/21 17:05:02 graph]: start epoch 34.
[2023-03-21 17:05:02] PRINT [03/21 17:05:02 graph]: # Epoch 34: train_loss: 0.3606 | lr: 0.000336
[2023-03-21 17:05:03] PRINT [03/21 17:05:03 graph]: --- Testf1: 0.80200, Best Valacc: 0.83800 in epoch 15 --- 
[2023-03-21 17:05:03] PRINT [03/21 17:05:03 graph]: Epoch 34: get test acc score:  0.802
[2023-03-21 17:05:03] PRINT [03/21 17:05:03 graph]: best_f1 0.820 at epoch 27
[2023-03-21 17:05:03] PRINT [03/21 17:05:03 graph]: start epoch 35.
[2023-03-21 17:05:03] PRINT [03/21 17:05:03 graph]: # Epoch 35: train_loss: 0.3562 | lr: 0.000336
[2023-03-21 17:05:05] PRINT [03/21 17:05:05 graph]: --- Testf1: 0.80800, Best Valacc: 0.81000 in epoch 24 --- 
[2023-03-21 17:05:05] PRINT [03/21 17:05:05 graph]: Epoch 35: get test acc score:  0.808
[2023-03-21 17:05:05] PRINT [03/21 17:05:05 graph]: best_f1 0.820 at epoch 27
[2023-03-21 17:05:05] PRINT [03/21 17:05:05 graph]: start epoch 36.
[2023-03-21 17:05:05] PRINT [03/21 17:05:05 graph]: # Epoch 36: train_loss: 0.3518 | lr: 0.000336
[2023-03-21 17:05:06] PRINT [03/21 17:05:06 graph]: --- Testf1: 0.79500, Best Valacc: 0.83400 in epoch 25 --- 
[2023-03-21 17:05:06] PRINT [03/21 17:05:06 graph]: Epoch 36: get test acc score:  0.795
[2023-03-21 17:05:06] PRINT [03/21 17:05:06 graph]: best_f1 0.820 at epoch 27
[2023-03-21 17:05:06] PRINT [03/21 17:05:06 graph]: start epoch 37.
[2023-03-21 17:05:06] PRINT [03/21 17:05:06 graph]: # Epoch 37: train_loss: 0.3467 | lr: 0.000336
[2023-03-21 17:05:07] PRINT [03/21 17:05:07 graph]: --- Testf1: 0.78800, Best Valacc: 0.83000 in epoch 26 --- 
[2023-03-21 17:05:08] PRINT [03/21 17:05:08 graph]: Epoch 37: get test acc score:  0.788
[2023-03-21 17:05:08] PRINT [03/21 17:05:08 graph]: best_f1 0.820 at epoch 27
[2023-03-21 17:05:08] PRINT [03/21 17:05:08 graph]: start epoch 38.
[2023-03-21 17:05:08] PRINT [03/21 17:05:08 graph]: # Epoch 38: train_loss: 0.3425 | lr: 0.000336
[2023-03-21 17:05:09] PRINT [03/21 17:05:09 graph]: --- Testf1: 0.79500, Best Valacc: 0.81400 in epoch 21 --- 
[2023-03-21 17:05:09] PRINT [03/21 17:05:09 graph]: Epoch 38: get test acc score:  0.795
[2023-03-21 17:05:09] PRINT [03/21 17:05:09 graph]: best_f1 0.820 at epoch 27
[2023-03-21 17:05:09] PRINT [03/21 17:05:09 graph]: start epoch 39.
[2023-03-21 17:05:09] PRINT [03/21 17:05:09 graph]: # Epoch 39: train_loss: 0.3379 | lr: 0.000336
[2023-03-21 17:05:10] PRINT [03/21 17:05:10 graph]: --- Testf1: 0.79000, Best Valacc: 0.82000 in epoch 21 --- 
[2023-03-21 17:05:10] PRINT [03/21 17:05:10 graph]: Epoch 39: get test acc score:  0.790
[2023-03-21 17:05:10] PRINT [03/21 17:05:10 graph]: best_f1 0.820 at epoch 27
[2023-03-21 17:05:10] PRINT [03/21 17:05:10 graph]: start epoch 40.
[2023-03-21 17:05:10] PRINT [03/21 17:05:10 graph]: # Epoch 40: train_loss: 0.3336 | lr: 0.000336
[2023-03-21 17:05:11] PRINT [03/21 17:05:11 graph]: --- Testf1: 0.78800, Best Valacc: 0.79400 in epoch 34 --- 
[2023-03-21 17:05:12] PRINT [03/21 17:05:12 graph]: Epoch 40: get test acc score:  0.788
[2023-03-21 17:05:12] PRINT [03/21 17:05:12 graph]: best_f1 0.820 at epoch 27
[2023-03-21 17:05:12] PRINT [03/21 17:05:12 graph]: start epoch 41.
[2023-03-21 17:05:12] PRINT [03/21 17:05:12 graph]: # Epoch 41: train_loss: 0.3296 | lr: 0.000336
[2023-03-21 17:05:13] PRINT [03/21 17:05:13 graph]: --- Testf1: 0.79100, Best Valacc: 0.81200 in epoch 34 --- 
[2023-03-21 17:05:13] PRINT [03/21 17:05:13 graph]: Epoch 41: get test acc score:  0.791
[2023-03-21 17:05:13] PRINT [03/21 17:05:13 graph]: best_f1 0.820 at epoch 27
[2023-03-21 17:05:13] PRINT [03/21 17:05:13 graph]: start epoch 42.
[2023-03-21 17:05:13] PRINT [03/21 17:05:13 graph]: # Epoch 42: train_loss: 0.3260 | lr: 0.000336
[2023-03-21 17:05:14] PRINT [03/21 17:05:14 graph]: --- Testf1: 0.78800, Best Valacc: 0.81600 in epoch 26 --- 
[2023-03-21 17:05:14] PRINT [03/21 17:05:14 graph]: Epoch 42: get test acc score:  0.788
[2023-03-21 17:05:14] PRINT [03/21 17:05:14 graph]: best_f1 0.820 at epoch 27
[2023-03-21 17:05:14] PRINT [03/21 17:05:14 graph]: start epoch 43.
[2023-03-21 17:05:14] PRINT [03/21 17:05:14 graph]: # Epoch 43: train_loss: 0.3237 | lr: 0.000336
[2023-03-21 17:05:15] PRINT [03/21 17:05:15 graph]: --- Testf1: 0.79000, Best Valacc: 0.80600 in epoch 68 --- 
[2023-03-21 17:05:16] PRINT [03/21 17:05:16 graph]: Epoch 43: get test acc score:  0.790
[2023-03-21 17:05:16] PRINT [03/21 17:05:16 graph]: best_f1 0.820 at epoch 27
[2023-03-21 17:05:16] PRINT [03/21 17:05:16 graph]: start epoch 44.
[2023-03-21 17:05:16] PRINT [03/21 17:05:16 graph]: # Epoch 44: train_loss: 0.3191 | lr: 0.000336
[2023-03-21 17:05:17] PRINT [03/21 17:05:17 graph]: --- Testf1: 0.78200, Best Valacc: 0.78400 in epoch 27 --- 
[2023-03-21 17:05:17] PRINT [03/21 17:05:17 graph]: Epoch 44: get test acc score:  0.782
[2023-03-21 17:05:17] PRINT [03/21 17:05:17 graph]: best_f1 0.820 at epoch 27
[2023-03-21 17:05:17] PRINT [03/21 17:05:17 graph]: start epoch 45.
[2023-03-21 17:05:17] PRINT [03/21 17:05:17 graph]: # Epoch 45: train_loss: 0.3150 | lr: 0.000336
[2023-03-21 17:05:18] PRINT [03/21 17:05:18 graph]: --- Testf1: 0.77800, Best Valacc: 0.79200 in epoch 32 --- 
[2023-03-21 17:05:18] PRINT [03/21 17:05:18 graph]: Epoch 45: get test acc score:  0.778
[2023-03-21 17:05:18] PRINT [03/21 17:05:18 graph]: best_f1 0.820 at epoch 27
[2023-03-21 17:05:18] PRINT [03/21 17:05:18 graph]: start epoch 46.
[2023-03-21 17:05:19] PRINT [03/21 17:05:19 graph]: # Epoch 46: train_loss: 0.3106 | lr: 0.000336
[2023-03-21 17:05:20] PRINT [03/21 17:05:20 graph]: --- Testf1: 0.77800, Best Valacc: 0.77600 in epoch 36 --- 
[2023-03-21 17:05:20] PRINT [03/21 17:05:20 graph]: Epoch 46: get test acc score:  0.778
[2023-03-21 17:05:20] PRINT [03/21 17:05:20 graph]: best_f1 0.820 at epoch 27
[2023-03-21 17:05:20] PRINT [03/21 17:05:20 graph]: start epoch 47.
[2023-03-21 17:05:20] PRINT [03/21 17:05:20 graph]: # Epoch 47: train_loss: 0.3077 | lr: 0.000336
[2023-03-21 17:05:21] PRINT [03/21 17:05:21 graph]: --- Testf1: 0.77800, Best Valacc: 0.79600 in epoch 38 --- 
[2023-03-21 17:05:21] PRINT [03/21 17:05:21 graph]: Epoch 47: get test acc score:  0.778
[2023-03-21 17:05:21] PRINT [03/21 17:05:21 graph]: best_f1 0.820 at epoch 27
[2023-03-21 17:05:21] PRINT [03/21 17:05:21 graph]: start epoch 48.
[2023-03-21 17:05:21] PRINT [03/21 17:05:21 graph]: # Epoch 48: train_loss: 0.3055 | lr: 0.000336
[2023-03-21 17:05:22] PRINT [03/21 17:05:22 graph]: --- Testf1: 0.77700, Best Valacc: 0.81200 in epoch 32 --- 
[2023-03-21 17:05:23] PRINT [03/21 17:05:23 graph]: Epoch 48: get test acc score:  0.777
[2023-03-21 17:05:23] PRINT [03/21 17:05:23 graph]: best_f1 0.820 at epoch 27
[2023-03-21 17:05:23] PRINT [03/21 17:05:23 graph]: start epoch 49.
[2023-03-21 17:05:23] PRINT [03/21 17:05:23 graph]: # Epoch 49: train_loss: 0.3026 | lr: 0.000336
[2023-03-21 17:05:24] PRINT [03/21 17:05:24 graph]: --- Testf1: 0.76900, Best Valacc: 0.78800 in epoch 26 --- 
[2023-03-21 17:05:24] PRINT [03/21 17:05:24 graph]: Epoch 49: get test acc score:  0.769
[2023-03-21 17:05:24] PRINT [03/21 17:05:24 graph]: best_f1 0.820 at epoch 27
[2023-03-21 17:05:24] PRINT [03/21 17:05:24 graph]: start epoch 50.
[2023-03-21 17:05:24] PRINT [03/21 17:05:24 graph]: # Epoch 50: train_loss: 0.3000 | lr: 0.000336
[2023-03-21 17:05:25] PRINT [03/21 17:05:25 graph]: --- Testf1: 0.76800, Best Valacc: 0.79600 in epoch 74 --- 
[2023-03-21 17:05:25] PRINT [03/21 17:05:25 graph]: Epoch 50: get test acc score:  0.768
[2023-03-21 17:05:25] PRINT [03/21 17:05:25 graph]: best_f1 0.820 at epoch 27
[2023-03-21 17:05:25] PRINT [03/21 17:05:25 graph]: start epoch 51.
[2023-03-21 17:05:25] PRINT [03/21 17:05:25 graph]: # Epoch 51: train_loss: 0.2966 | lr: 0.000336
[2023-03-21 17:05:26] PRINT [03/21 17:05:26 graph]: --- Testf1: 0.75800, Best Valacc: 0.76800 in epoch 40 --- 
[2023-03-21 17:05:27] PRINT [03/21 17:05:27 graph]: Epoch 51: get test acc score:  0.758
[2023-03-21 17:05:27] PRINT [03/21 17:05:27 graph]: best_f1 0.820 at epoch 27
[2023-03-21 17:05:27] PRINT [03/21 17:05:27 graph]: start epoch 52.
[2023-03-21 17:05:27] PRINT [03/21 17:05:27 graph]: # Epoch 52: train_loss: 0.2925 | lr: 0.000336
[2023-03-21 17:05:28] PRINT [03/21 17:05:28 graph]: --- Testf1: 0.76900, Best Valacc: 0.78600 in epoch 99 --- 
[2023-03-21 17:05:28] PRINT [03/21 17:05:28 graph]: Epoch 52: get test acc score:  0.769
[2023-03-21 17:05:28] PRINT [03/21 17:05:28 graph]: best_f1 0.820 at epoch 27
[2023-03-21 17:05:28] PRINT [03/21 17:05:28 graph]: start epoch 53.
[2023-03-21 17:05:28] PRINT [03/21 17:05:28 graph]: # Epoch 53: train_loss: 0.2903 | lr: 0.000336
[2023-03-21 17:05:29] PRINT [03/21 17:05:29 graph]: --- Testf1: 0.76700, Best Valacc: 0.80800 in epoch 22 --- 
[2023-03-21 17:05:29] PRINT [03/21 17:05:29 graph]: Epoch 53: get test acc score:  0.767
[2023-03-21 17:05:29] PRINT [03/21 17:05:29 graph]: best_f1 0.820 at epoch 27
[2023-03-21 17:05:29] PRINT [03/21 17:05:29 graph]: start epoch 54.
[2023-03-21 17:05:29] PRINT [03/21 17:05:29 graph]: # Epoch 54: train_loss: 0.2880 | lr: 0.000336
[2023-03-21 17:05:30] PRINT [03/21 17:05:30 graph]: --- Testf1: 0.76800, Best Valacc: 0.79400 in epoch 24 --- 
[2023-03-21 17:05:31] PRINT [03/21 17:05:31 graph]: Epoch 54: get test acc score:  0.768
[2023-03-21 17:05:31] PRINT [03/21 17:05:31 graph]: best_f1 0.820 at epoch 27
[2023-03-21 17:05:31] PRINT [03/21 17:05:31 graph]: start epoch 55.
[2023-03-21 17:05:31] PRINT [03/21 17:05:31 graph]: # Epoch 55: train_loss: 0.2839 | lr: 0.000336
[2023-03-21 17:05:32] PRINT [03/21 17:05:32 graph]: --- Testf1: 0.77400, Best Valacc: 0.77800 in epoch 92 --- 
[2023-03-21 17:05:32] PRINT [03/21 17:05:32 graph]: Epoch 55: get test acc score:  0.774
[2023-03-21 17:05:32] PRINT [03/21 17:05:32 graph]: best_f1 0.820 at epoch 27
[2023-03-21 17:05:32] PRINT [03/21 17:05:32 graph]: start epoch 56.
[2023-03-21 17:05:32] PRINT [03/21 17:05:32 graph]: # Epoch 56: train_loss: 0.2817 | lr: 0.000336
[2023-03-21 17:05:33] PRINT [03/21 17:05:33 graph]: --- Testf1: 0.77900, Best Valacc: 0.79200 in epoch 31 --- 
[2023-03-21 17:05:33] PRINT [03/21 17:05:33 graph]: Epoch 56: get test acc score:  0.779
[2023-03-21 17:05:33] PRINT [03/21 17:05:33 graph]: best_f1 0.820 at epoch 27
[2023-03-21 17:05:33] PRINT [03/21 17:05:33 graph]: start epoch 57.
[2023-03-21 17:05:34] PRINT [03/21 17:05:34 graph]: # Epoch 57: train_loss: 0.2788 | lr: 0.000336
[2023-03-21 17:05:35] PRINT [03/21 17:05:35 graph]: --- Testf1: 0.76800, Best Valacc: 0.79400 in epoch 25 --- 
[2023-03-21 17:05:35] PRINT [03/21 17:05:35 graph]: Epoch 57: get test acc score:  0.768
[2023-03-21 17:05:35] PRINT [03/21 17:05:35 graph]: best_f1 0.820 at epoch 27
[2023-03-21 17:05:35] PRINT [03/21 17:05:35 graph]: start epoch 58.
[2023-03-21 17:05:35] PRINT [03/21 17:05:35 graph]: # Epoch 58: train_loss: 0.2765 | lr: 0.000336
[2023-03-21 17:05:36] PRINT [03/21 17:05:36 graph]: --- Testf1: 0.76100, Best Valacc: 0.75000 in epoch 85 --- 
[2023-03-21 17:05:36] PRINT [03/21 17:05:36 graph]: Epoch 58: get test acc score:  0.761
[2023-03-21 17:05:36] PRINT [03/21 17:05:36 graph]: best_f1 0.820 at epoch 27
[2023-03-21 17:05:36] PRINT [03/21 17:05:36 graph]: start epoch 59.
[2023-03-21 17:05:36] PRINT [03/21 17:05:36 graph]: # Epoch 59: train_loss: 0.2732 | lr: 0.000336
[2023-03-21 17:05:37] PRINT [03/21 17:05:37 graph]: --- Testf1: 0.75900, Best Valacc: 0.77800 in epoch 57 --- 
[2023-03-21 17:05:38] PRINT [03/21 17:05:38 graph]: Epoch 59: get test acc score:  0.759
[2023-03-21 17:05:38] PRINT [03/21 17:05:38 graph]: best_f1 0.820 at epoch 27
[2023-03-21 17:05:38] PRINT [03/21 17:05:38 graph]: start epoch 60.
[2023-03-21 17:05:38] PRINT [03/21 17:05:38 graph]: # Epoch 60: train_loss: 0.2713 | lr: 0.000336
[2023-03-21 17:05:39] PRINT [03/21 17:05:39 graph]: --- Testf1: 0.79300, Best Valacc: 0.77800 in epoch 99 --- 
[2023-03-21 17:05:39] PRINT [03/21 17:05:39 graph]: Epoch 60: get test acc score:  0.793
[2023-03-21 17:05:39] PRINT [03/21 17:05:39 graph]: best_f1 0.820 at epoch 27
[2023-03-21 17:05:39] PRINT [03/21 17:05:39 graph]: start epoch 61.
[2023-03-21 17:05:39] PRINT [03/21 17:05:39 graph]: # Epoch 61: train_loss: 0.2690 | lr: 0.000336
[2023-03-21 17:05:40] PRINT [03/21 17:05:40 graph]: --- Testf1: 0.77600, Best Valacc: 0.76400 in epoch 32 --- 
[2023-03-21 17:05:40] PRINT [03/21 17:05:40 graph]: Epoch 61: get test acc score:  0.776
[2023-03-21 17:05:40] PRINT [03/21 17:05:40 graph]: best_f1 0.820 at epoch 27
[2023-03-21 17:05:40] PRINT [03/21 17:05:40 graph]: start epoch 62.
[2023-03-21 17:05:40] PRINT [03/21 17:05:40 graph]: # Epoch 62: train_loss: 0.2669 | lr: 0.000336
[2023-03-21 17:05:41] PRINT [03/21 17:05:41 graph]: --- Testf1: 0.77500, Best Valacc: 0.79000 in epoch 31 --- 
[2023-03-21 17:05:42] PRINT [03/21 17:05:42 graph]: Epoch 62: get test acc score:  0.775
[2023-03-21 17:05:42] PRINT [03/21 17:05:42 graph]: best_f1 0.820 at epoch 27
[2023-03-21 17:05:42] PRINT [03/21 17:05:42 graph]: start epoch 63.
[2023-03-21 17:05:42] PRINT [03/21 17:05:42 graph]: # Epoch 63: train_loss: 0.2655 | lr: 0.000336
[2023-03-21 17:05:43] PRINT [03/21 17:05:43 graph]: --- Testf1: 0.76700, Best Valacc: 0.77600 in epoch 25 --- 
[2023-03-21 17:05:43] PRINT [03/21 17:05:43 graph]: Epoch 63: get test acc score:  0.767
[2023-03-21 17:05:43] PRINT [03/21 17:05:43 graph]: best_f1 0.820 at epoch 27
[2023-03-21 17:05:43] PRINT [03/21 17:05:43 graph]: start epoch 64.
[2023-03-21 17:05:43] PRINT [03/21 17:05:43 graph]: # Epoch 64: train_loss: 0.2625 | lr: 0.000336
[2023-03-21 17:05:44] PRINT [03/21 17:05:44 graph]: --- Testf1: 0.77200, Best Valacc: 0.76200 in epoch 73 --- 
[2023-03-21 17:05:44] PRINT [03/21 17:05:44 graph]: Epoch 64: get test acc score:  0.772
[2023-03-21 17:05:44] PRINT [03/21 17:05:44 graph]: best_f1 0.820 at epoch 27
[2023-03-21 17:05:44] PRINT [03/21 17:05:44 graph]: start epoch 65.
[2023-03-21 17:05:44] PRINT [03/21 17:05:44 graph]: # Epoch 65: train_loss: 0.2600 | lr: 0.000336
[2023-03-21 17:05:45] PRINT [03/21 17:05:45 graph]: --- Testf1: 0.75500, Best Valacc: 0.76800 in epoch 84 --- 
[2023-03-21 17:05:46] PRINT [03/21 17:05:46 graph]: Epoch 65: get test acc score:  0.755
[2023-03-21 17:05:46] PRINT [03/21 17:05:46 graph]: best_f1 0.820 at epoch 27
[2023-03-21 17:05:46] PRINT [03/21 17:05:46 graph]: start epoch 66.
[2023-03-21 17:05:46] PRINT [03/21 17:05:46 graph]: # Epoch 66: train_loss: 0.2580 | lr: 0.000336
[2023-03-21 17:05:47] PRINT [03/21 17:05:47 graph]: --- Testf1: 0.76400, Best Valacc: 0.79200 in epoch 81 --- 
[2023-03-21 17:05:47] PRINT [03/21 17:05:47 graph]: Epoch 66: get test acc score:  0.764
[2023-03-21 17:05:47] PRINT [03/21 17:05:47 graph]: best_f1 0.820 at epoch 27
[2023-03-21 17:05:47] PRINT [03/21 17:05:47 graph]: start epoch 67.
[2023-03-21 17:05:47] PRINT [03/21 17:05:47 graph]: # Epoch 67: train_loss: 0.2557 | lr: 0.000336
[2023-03-21 17:05:48] PRINT [03/21 17:05:48 graph]: --- Testf1: 0.77700, Best Valacc: 0.79400 in epoch 36 --- 
[2023-03-21 17:05:48] PRINT [03/21 17:05:48 graph]: Epoch 67: get test acc score:  0.777
[2023-03-21 17:05:48] PRINT [03/21 17:05:48 graph]: best_f1 0.820 at epoch 27
[2023-03-21 17:05:48] PRINT [03/21 17:05:48 graph]: start epoch 68.
[2023-03-21 17:05:48] PRINT [03/21 17:05:48 graph]: # Epoch 68: train_loss: 0.2531 | lr: 0.000336
[2023-03-21 17:05:49] PRINT [03/21 17:05:49 graph]: --- Testf1: 0.75600, Best Valacc: 0.74200 in epoch 78 --- 
[2023-03-21 17:05:50] PRINT [03/21 17:05:50 graph]: Epoch 68: get test acc score:  0.756
[2023-03-21 17:05:50] PRINT [03/21 17:05:50 graph]: best_f1 0.820 at epoch 27
[2023-03-21 17:05:50] PRINT [03/21 17:05:50 graph]: start epoch 69.
[2023-03-21 17:05:50] PRINT [03/21 17:05:50 graph]: # Epoch 69: train_loss: 0.2525 | lr: 0.000336
[2023-03-21 17:05:51] PRINT [03/21 17:05:51 graph]: --- Testf1: 0.75400, Best Valacc: 0.76600 in epoch 37 --- 
[2023-03-21 17:05:51] PRINT [03/21 17:05:51 graph]: Epoch 69: get test acc score:  0.754
[2023-03-21 17:05:51] PRINT [03/21 17:05:51 graph]: best_f1 0.820 at epoch 27
[2023-03-21 17:05:51] PRINT [03/21 17:05:51 graph]: start epoch 70.
[2023-03-21 17:05:51] PRINT [03/21 17:05:51 graph]: # Epoch 70: train_loss: 0.2489 | lr: 0.000336
[2023-03-21 17:05:52] PRINT [03/21 17:05:52 graph]: --- Testf1: 0.75200, Best Valacc: 0.75600 in epoch 37 --- 
[2023-03-21 17:05:52] PRINT [03/21 17:05:52 graph]: Epoch 70: get test acc score:  0.752
[2023-03-21 17:05:52] PRINT [03/21 17:05:52 graph]: best_f1 0.820 at epoch 27
[2023-03-21 17:05:52] PRINT [03/21 17:05:52 graph]: start epoch 71.
[2023-03-21 17:05:53] PRINT [03/21 17:05:53 graph]: # Epoch 71: train_loss: 0.2483 | lr: 0.000336
[2023-03-21 17:05:54] PRINT [03/21 17:05:54 graph]: --- Testf1: 0.75400, Best Valacc: 0.72600 in epoch 85 --- 
[2023-03-21 17:05:54] PRINT [03/21 17:05:54 graph]: Epoch 71: get test acc score:  0.754
[2023-03-21 17:05:54] PRINT [03/21 17:05:54 graph]: best_f1 0.820 at epoch 27
[2023-03-21 17:05:54] PRINT [03/21 17:05:54 graph]: start epoch 72.
[2023-03-21 17:05:54] PRINT [03/21 17:05:54 graph]: # Epoch 72: train_loss: 0.2458 | lr: 0.000336
[2023-03-21 17:05:55] PRINT [03/21 17:05:55 graph]: --- Testf1: 0.74900, Best Valacc: 0.79000 in epoch 79 --- 
[2023-03-21 17:05:55] PRINT [03/21 17:05:55 graph]: Epoch 72: get test acc score:  0.749
[2023-03-21 17:05:55] PRINT [03/21 17:05:55 graph]: best_f1 0.820 at epoch 27
[2023-03-21 17:05:55] PRINT [03/21 17:05:55 graph]: start epoch 73.
[2023-03-21 17:05:55] PRINT [03/21 17:05:55 graph]: # Epoch 73: train_loss: 0.2447 | lr: 0.000336
[2023-03-21 17:05:57] PRINT [03/21 17:05:57 graph]: --- Testf1: 0.74700, Best Valacc: 0.76000 in epoch 99 --- 
[2023-03-21 17:05:57] PRINT [03/21 17:05:57 graph]: Epoch 73: get test acc score:  0.747
[2023-03-21 17:05:57] PRINT [03/21 17:05:57 graph]: best_f1 0.820 at epoch 27
[2023-03-21 17:05:57] PRINT [03/21 17:05:57 graph]: start epoch 74.
[2023-03-21 17:05:57] PRINT [03/21 17:05:57 graph]: # Epoch 74: train_loss: 0.2422 | lr: 0.000336
[2023-03-21 17:05:58] PRINT [03/21 17:05:58 graph]: --- Testf1: 0.74800, Best Valacc: 0.74000 in epoch 99 --- 
[2023-03-21 17:05:58] PRINT [03/21 17:05:58 graph]: Epoch 74: get test acc score:  0.748
[2023-03-21 17:05:58] PRINT [03/21 17:05:58 graph]: best_f1 0.820 at epoch 27
[2023-03-21 17:05:58] PRINT [03/21 17:05:58 graph]: start epoch 75.
[2023-03-21 17:05:58] PRINT [03/21 17:05:58 graph]: # Epoch 75: train_loss: 0.2406 | lr: 0.000336
[2023-03-21 17:05:59] PRINT [03/21 17:05:59 graph]: --- Testf1: 0.74800, Best Valacc: 0.76200 in epoch 71 --- 
[2023-03-21 17:06:00] PRINT [03/21 17:06:00 graph]: Epoch 75: get test acc score:  0.748
[2023-03-21 17:06:00] PRINT [03/21 17:06:00 graph]: best_f1 0.820 at epoch 27
[2023-03-21 17:06:00] PRINT [03/21 17:06:00 graph]: start epoch 76.
[2023-03-21 17:06:00] PRINT [03/21 17:06:00 graph]: # Epoch 76: train_loss: 0.2399 | lr: 0.000336
[2023-03-21 17:06:01] PRINT [03/21 17:06:01 graph]: --- Testf1: 0.74600, Best Valacc: 0.75400 in epoch 27 --- 
[2023-03-21 17:06:01] PRINT [03/21 17:06:01 graph]: Epoch 76: get test acc score:  0.746
[2023-03-21 17:06:01] PRINT [03/21 17:06:01 graph]: best_f1 0.820 at epoch 27
[2023-03-21 17:06:01] PRINT [03/21 17:06:01 graph]: start epoch 77.
[2023-03-21 17:06:01] PRINT [03/21 17:06:01 graph]: # Epoch 77: train_loss: 0.2378 | lr: 0.000336
[2023-03-21 17:06:02] PRINT [03/21 17:06:02 graph]: --- Testf1: 0.75000, Best Valacc: 0.74600 in epoch 43 --- 
[2023-03-21 17:06:02] PRINT [03/21 17:06:02 graph]: Epoch 77: get test acc score:  0.750
[2023-03-21 17:06:02] PRINT [03/21 17:06:02 graph]: best_f1 0.820 at epoch 27
[2023-03-21 17:06:02] PRINT [03/21 17:06:02 graph]: start epoch 78.
[2023-03-21 17:06:03] PRINT [03/21 17:06:03 graph]: # Epoch 78: train_loss: 0.2346 | lr: 0.000336
[2023-03-21 17:06:04] PRINT [03/21 17:06:04 graph]: --- Testf1: 0.75600, Best Valacc: 0.78800 in epoch 57 --- 
[2023-03-21 17:06:04] PRINT [03/21 17:06:04 graph]: Epoch 78: get test acc score:  0.756
[2023-03-21 17:06:04] PRINT [03/21 17:06:04 graph]: best_f1 0.820 at epoch 27
[2023-03-21 17:06:04] PRINT [03/21 17:06:04 graph]: start epoch 79.
[2023-03-21 17:06:04] PRINT [03/21 17:06:04 graph]: # Epoch 79: train_loss: 0.2345 | lr: 0.000336
[2023-03-21 17:06:05] PRINT [03/21 17:06:05 graph]: --- Testf1: 0.74700, Best Valacc: 0.74400 in epoch 40 --- 
[2023-03-21 17:06:05] PRINT [03/21 17:06:05 graph]: Epoch 79: get test acc score:  0.747
[2023-03-21 17:06:05] PRINT [03/21 17:06:05 graph]: best_f1 0.820 at epoch 27
[2023-03-21 17:06:05] PRINT [03/21 17:06:05 graph]: start epoch 80.
[2023-03-21 17:06:05] PRINT [03/21 17:06:05 graph]: # Epoch 80: train_loss: 0.2309 | lr: 0.000336
[2023-03-21 17:06:06] PRINT [03/21 17:06:06 graph]: --- Testf1: 0.74900, Best Valacc: 0.75000 in epoch 86 --- 
[2023-03-21 17:06:07] PRINT [03/21 17:06:07 graph]: Epoch 80: get test acc score:  0.749
[2023-03-21 17:06:07] PRINT [03/21 17:06:07 graph]: best_f1 0.820 at epoch 27
[2023-03-21 17:06:07] PRINT [03/21 17:06:07 graph]: start epoch 81.
[2023-03-21 17:06:07] PRINT [03/21 17:06:07 graph]: # Epoch 81: train_loss: 0.2296 | lr: 0.000336
[2023-03-21 17:06:08] PRINT [03/21 17:06:08 graph]: --- Testf1: 0.74100, Best Valacc: 0.76200 in epoch 32 --- 
[2023-03-21 17:06:08] PRINT [03/21 17:06:08 graph]: Epoch 81: get test acc score:  0.741
[2023-03-21 17:06:08] PRINT [03/21 17:06:08 graph]: best_f1 0.820 at epoch 27
[2023-03-21 17:06:08] PRINT [03/21 17:06:08 graph]: start epoch 82.
[2023-03-21 17:06:08] PRINT [03/21 17:06:08 graph]: # Epoch 82: train_loss: 0.2282 | lr: 0.000336
[2023-03-21 17:06:09] PRINT [03/21 17:06:09 graph]: --- Testf1: 0.74500, Best Valacc: 0.76000 in epoch 29 --- 
[2023-03-21 17:06:09] PRINT [03/21 17:06:09 graph]: Epoch 82: get test acc score:  0.745
[2023-03-21 17:06:09] PRINT [03/21 17:06:09 graph]: best_f1 0.820 at epoch 27
[2023-03-21 17:06:09] PRINT [03/21 17:06:09 graph]: start epoch 83.
[2023-03-21 17:06:10] PRINT [03/21 17:06:10 graph]: # Epoch 83: train_loss: 0.2268 | lr: 0.000336
[2023-03-21 17:06:11] PRINT [03/21 17:06:11 graph]: --- Testf1: 0.76000, Best Valacc: 0.76000 in epoch 47 --- 
[2023-03-21 17:06:11] PRINT [03/21 17:06:11 graph]: Epoch 83: get test acc score:  0.760
[2023-03-21 17:06:11] PRINT [03/21 17:06:11 graph]: best_f1 0.820 at epoch 27
[2023-03-21 17:06:11] PRINT [03/21 17:06:11 graph]: start epoch 84.
[2023-03-21 17:06:11] PRINT [03/21 17:06:11 graph]: # Epoch 84: train_loss: 0.2264 | lr: 0.000336
[2023-03-21 17:06:12] PRINT [03/21 17:06:12 graph]: --- Testf1: 0.74400, Best Valacc: 0.75800 in epoch 99 --- 
[2023-03-21 17:06:12] PRINT [03/21 17:06:12 graph]: Epoch 84: get test acc score:  0.744
[2023-03-21 17:06:12] PRINT [03/21 17:06:12 graph]: best_f1 0.820 at epoch 27
[2023-03-21 17:06:12] PRINT [03/21 17:06:12 graph]: start epoch 85.
[2023-03-21 17:06:12] PRINT [03/21 17:06:12 graph]: # Epoch 85: train_loss: 0.2236 | lr: 0.000336
[2023-03-21 17:06:13] PRINT [03/21 17:06:13 graph]: --- Testf1: 0.75000, Best Valacc: 0.75200 in epoch 66 --- 
[2023-03-21 17:06:14] PRINT [03/21 17:06:14 graph]: Epoch 85: get test acc score:  0.750
[2023-03-21 17:06:14] PRINT [03/21 17:06:14 graph]: best_f1 0.820 at epoch 27
[2023-03-21 17:06:14] PRINT [03/21 17:06:14 graph]: start epoch 86.
[2023-03-21 17:06:14] PRINT [03/21 17:06:14 graph]: # Epoch 86: train_loss: 0.2225 | lr: 0.000336
[2023-03-21 17:06:15] PRINT [03/21 17:06:15 graph]: --- Testf1: 0.73700, Best Valacc: 0.73200 in epoch 99 --- 
[2023-03-21 17:06:15] PRINT [03/21 17:06:15 graph]: Epoch 86: get test acc score:  0.737
[2023-03-21 17:06:15] PRINT [03/21 17:06:15 graph]: best_f1 0.820 at epoch 27
[2023-03-21 17:06:15] PRINT [03/21 17:06:15 graph]: start epoch 87.
[2023-03-21 17:06:15] PRINT [03/21 17:06:15 graph]: # Epoch 87: train_loss: 0.2200 | lr: 0.000336
[2023-03-21 17:06:16] PRINT [03/21 17:06:16 graph]: --- Testf1: 0.76900, Best Valacc: 0.75800 in epoch 61 --- 
[2023-03-21 17:06:17] PRINT [03/21 17:06:17 graph]: Epoch 87: get test acc score:  0.769
[2023-03-21 17:06:17] PRINT [03/21 17:06:17 graph]: best_f1 0.820 at epoch 27
[2023-03-21 17:06:17] PRINT [03/21 17:06:17 graph]: start epoch 88.
[2023-03-21 17:06:17] PRINT [03/21 17:06:17 graph]: # Epoch 88: train_loss: 0.2187 | lr: 0.000336
[2023-03-21 17:06:18] PRINT [03/21 17:06:18 graph]: --- Testf1: 0.74600, Best Valacc: 0.75800 in epoch 24 --- 
[2023-03-21 17:06:18] PRINT [03/21 17:06:18 graph]: Epoch 88: get test acc score:  0.746
[2023-03-21 17:06:18] PRINT [03/21 17:06:18 graph]: best_f1 0.820 at epoch 27
[2023-03-21 17:06:18] PRINT [03/21 17:06:18 graph]: start epoch 89.
[2023-03-21 17:06:18] PRINT [03/21 17:06:18 graph]: # Epoch 89: train_loss: 0.2171 | lr: 0.000336
[2023-03-21 17:06:19] PRINT [03/21 17:06:19 graph]: --- Testf1: 0.73600, Best Valacc: 0.73400 in epoch 87 --- 
[2023-03-21 17:06:19] PRINT [03/21 17:06:19 graph]: Epoch 89: get test acc score:  0.736
[2023-03-21 17:06:19] PRINT [03/21 17:06:19 graph]: best_f1 0.820 at epoch 27
[2023-03-21 17:06:19] PRINT [03/21 17:06:19 graph]: start epoch 90.
[2023-03-21 17:06:20] PRINT [03/21 17:06:20 graph]: # Epoch 90: train_loss: 0.2152 | lr: 0.000336
[2023-03-21 17:06:21] PRINT [03/21 17:06:21 graph]: --- Testf1: 0.76000, Best Valacc: 0.77000 in epoch 71 --- 
[2023-03-21 17:06:21] PRINT [03/21 17:06:21 graph]: Epoch 90: get test acc score:  0.760
[2023-03-21 17:06:21] PRINT [03/21 17:06:21 graph]: best_f1 0.820 at epoch 27
[2023-03-21 17:06:21] PRINT [03/21 17:06:21 graph]: start epoch 91.
[2023-03-21 17:06:21] PRINT [03/21 17:06:21 graph]: # Epoch 91: train_loss: 0.2130 | lr: 0.000336
[2023-03-21 17:06:22] PRINT [03/21 17:06:22 graph]: --- Testf1: 0.73100, Best Valacc: 0.75400 in epoch 69 --- 
[2023-03-21 17:06:22] PRINT [03/21 17:06:22 graph]: Epoch 91: get test acc score:  0.731
[2023-03-21 17:06:22] PRINT [03/21 17:06:22 graph]: best_f1 0.820 at epoch 27
[2023-03-21 17:06:22] PRINT [03/21 17:06:22 graph]: start epoch 92.
[2023-03-21 17:06:22] PRINT [03/21 17:06:22 graph]: # Epoch 92: train_loss: 0.2125 | lr: 0.000336
[2023-03-21 17:06:24] PRINT [03/21 17:06:24 graph]: --- Testf1: 0.74500, Best Valacc: 0.74000 in epoch 95 --- 
[2023-03-21 17:06:24] PRINT [03/21 17:06:24 graph]: Epoch 92: get test acc score:  0.745
[2023-03-21 17:06:24] PRINT [03/21 17:06:24 graph]: best_f1 0.820 at epoch 27
[2023-03-21 17:06:24] PRINT [03/21 17:06:24 graph]: start epoch 93.
[2023-03-21 17:06:24] PRINT [03/21 17:06:24 graph]: # Epoch 93: train_loss: 0.2104 | lr: 0.000336
[2023-03-21 17:06:25] PRINT [03/21 17:06:25 graph]: --- Testf1: 0.75000, Best Valacc: 0.75800 in epoch 29 --- 
[2023-03-21 17:06:25] PRINT [03/21 17:06:25 graph]: Epoch 93: get test acc score:  0.750
[2023-03-21 17:06:25] PRINT [03/21 17:06:25 graph]: best_f1 0.820 at epoch 27
[2023-03-21 17:06:25] PRINT [03/21 17:06:25 graph]: start epoch 94.
[2023-03-21 17:06:25] PRINT [03/21 17:06:25 graph]: # Epoch 94: train_loss: 0.2094 | lr: 0.000336
[2023-03-21 17:06:26] PRINT [03/21 17:06:26 graph]: --- Testf1: 0.75900, Best Valacc: 0.72600 in epoch 99 --- 
[2023-03-21 17:06:27] PRINT [03/21 17:06:27 graph]: Epoch 94: get test acc score:  0.759
[2023-03-21 17:06:27] PRINT [03/21 17:06:27 graph]: best_f1 0.820 at epoch 27
[2023-03-21 17:06:27] PRINT [03/21 17:06:27 graph]: start epoch 95.
[2023-03-21 17:06:27] PRINT [03/21 17:06:27 graph]: # Epoch 95: train_loss: 0.2071 | lr: 0.000336
[2023-03-21 17:06:28] PRINT [03/21 17:06:28 graph]: --- Testf1: 0.75200, Best Valacc: 0.73000 in epoch 47 --- 
[2023-03-21 17:06:28] PRINT [03/21 17:06:28 graph]: Epoch 95: get test acc score:  0.752
[2023-03-21 17:06:28] PRINT [03/21 17:06:28 graph]: best_f1 0.820 at epoch 27
[2023-03-21 17:06:28] PRINT [03/21 17:06:28 graph]: start epoch 96.
[2023-03-21 17:06:28] PRINT [03/21 17:06:28 graph]: # Epoch 96: train_loss: 0.2073 | lr: 0.000336
[2023-03-21 17:06:29] PRINT [03/21 17:06:29 graph]: --- Testf1: 0.74800, Best Valacc: 0.75800 in epoch 99 --- 
[2023-03-21 17:06:29] PRINT [03/21 17:06:29 graph]: Epoch 96: get test acc score:  0.748
[2023-03-21 17:06:29] PRINT [03/21 17:06:29 graph]: best_f1 0.820 at epoch 27
[2023-03-21 17:06:29] PRINT [03/21 17:06:29 graph]: start epoch 97.
[2023-03-21 17:06:29] PRINT [03/21 17:06:29 graph]: # Epoch 97: train_loss: 0.2042 | lr: 0.000336
[2023-03-21 17:06:30] PRINT [03/21 17:06:30 graph]: --- Testf1: 0.74400, Best Valacc: 0.74800 in epoch 99 --- 
[2023-03-21 17:06:31] PRINT [03/21 17:06:31 graph]: Epoch 97: get test acc score:  0.744
[2023-03-21 17:06:31] PRINT [03/21 17:06:31 graph]: best_f1 0.820 at epoch 27
[2023-03-21 17:06:31] PRINT [03/21 17:06:31 graph]: start epoch 98.
[2023-03-21 17:06:31] PRINT [03/21 17:06:31 graph]: # Epoch 98: train_loss: 0.2028 | lr: 0.000336
[2023-03-21 17:06:32] PRINT [03/21 17:06:32 graph]: --- Testf1: 0.74100, Best Valacc: 0.72800 in epoch 33 --- 
[2023-03-21 17:06:32] PRINT [03/21 17:06:32 graph]: Epoch 98: get test acc score:  0.741
[2023-03-21 17:06:32] PRINT [03/21 17:06:32 graph]: best_f1 0.820 at epoch 27
[2023-03-21 17:06:32] PRINT [03/21 17:06:32 graph]: start epoch 99.
[2023-03-21 17:06:32] PRINT [03/21 17:06:32 graph]: # Epoch 99: train_loss: 0.2012 | lr: 0.000336
[2023-03-21 17:06:33] PRINT [03/21 17:06:33 graph]: --- Testf1: 0.74100, Best Valacc: 0.74600 in epoch 39 --- 
[2023-03-21 17:06:33] PRINT [03/21 17:06:33 graph]: Epoch 99: get test acc score:  0.741
[2023-03-21 17:06:33] PRINT [03/21 17:06:33 graph]: best_f1 0.820 at epoch 27
[2023-03-21 17:06:33] PRINT [03/21 17:06:33 graph]: # final_acc: 0.8200±0.0000
