[2023-03-22 03:44:09] PRINT ---new cfg------
[2023-03-22 03:44:09] PRINT {'DATA': {'data_name': 'comp'}, 'DATALOADER': {'NUM_WORKERS': 0}, 'MODEL': {'num_hidden': 512, 'num_layers': 2, 'nhead': 4, 'activation': 'prelu', 'attn_drop': 0.30000000000000004, 'feat_drop': 0.2, 'norm': 'batchnorm', 'pooler': 'mean', 'beta_schedule': 'quad', 'beta_1': 0.00023016999987732727, 'beta_T': 0.0898836692532176, 'T': 903}, 'SOLVER': {'optim_type': 'adam', 'optim_type_f': 'adamw', 'alpha': 1, 'decay': 30, 'LR': 9.641536146672234e-05, 'LR_f': 0.02358069165616526, 'weight_decay': 0, 'weight_decay_f': 0.00035858432891892254, 'MAX_EPOCH': 100, 'max_epoch_f': 500}, 'DEVICE': 'cuda', 'seeds': [0], 'eval_T': [50, 100, 200], 'output_dir': '/ddm-nni/AmazonCoBuyComputerDataset¶/log', 'checkpoint_dir': '/ddm-nni/AmazonCoBuyComputerDataset¶/log/checkpoint'}
[2023-03-22 03:44:09] PRINT [03/22 03:44:09 graph]: Rank of current process: 0. World size: 1
[2023-03-22 03:44:12] PRINT [03/22 03:44:12 graph]: Environment info:
[2023-03-22 03:44:12] PRINT PyTorch version: 1.10.0+cu113
[2023-03-22 03:44:12] PRINT Is debug build: False
[2023-03-22 03:44:12] PRINT CUDA used to build PyTorch: 11.3
[2023-03-22 03:44:12] PRINT ROCM used to build PyTorch: N/A
[2023-03-22 03:44:12] PRINT 
[2023-03-22 03:44:12] PRINT OS: Ubuntu 20.04.3 LTS (x86_64)
[2023-03-22 03:44:12] PRINT GCC version: (Ubuntu 9.3.0-17ubuntu1~20.04) 9.3.0
[2023-03-22 03:44:12] PRINT Clang version: Could not collect
[2023-03-22 03:44:12] PRINT CMake version: version 3.16.3
[2023-03-22 03:44:12] PRINT Libc version: glibc-2.31
[2023-03-22 03:44:12] PRINT 
[2023-03-22 03:44:12] PRINT Python version: 3.8.10 (default, Jun  4 2021, 15:09:15)  [GCC 7.5.0] (64-bit runtime)
[2023-03-22 03:44:12] PRINT Python platform: Linux-5.4.0-90-generic-x86_64-with-glibc2.17
[2023-03-22 03:44:12] PRINT Is CUDA available: True
[2023-03-22 03:44:12] PRINT CUDA runtime version: 11.3.109
[2023-03-22 03:44:12] PRINT GPU models and configuration: GPU 0: NVIDIA GeForce RTX 3090
[2023-03-22 03:44:12] PRINT Nvidia driver version: 495.44
[2023-03-22 03:44:12] PRINT cuDNN version: Probably one of the following:
[2023-03-22 03:44:12] PRINT /usr/lib/x86_64-linux-gnu/libcudnn.so.8.2.0
[2023-03-22 03:44:12] PRINT /usr/lib/x86_64-linux-gnu/libcudnn_adv_infer.so.8.2.0
[2023-03-22 03:44:12] PRINT /usr/lib/x86_64-linux-gnu/libcudnn_adv_train.so.8.2.0
[2023-03-22 03:44:12] PRINT /usr/lib/x86_64-linux-gnu/libcudnn_cnn_infer.so.8.2.0
[2023-03-22 03:44:12] PRINT /usr/lib/x86_64-linux-gnu/libcudnn_cnn_train.so.8.2.0
[2023-03-22 03:44:12] PRINT /usr/lib/x86_64-linux-gnu/libcudnn_ops_infer.so.8.2.0
[2023-03-22 03:44:12] PRINT /usr/lib/x86_64-linux-gnu/libcudnn_ops_train.so.8.2.0
[2023-03-22 03:44:12] PRINT HIP runtime version: N/A
[2023-03-22 03:44:12] PRINT MIOpen runtime version: N/A
[2023-03-22 03:44:12] PRINT 
[2023-03-22 03:44:12] PRINT Versions of relevant libraries:
[2023-03-22 03:44:12] PRINT [pip3] numpy==1.23.5
[2023-03-22 03:44:12] PRINT [pip3] torch==1.10.0+cu113
[2023-03-22 03:44:12] PRINT [pip3] torchvision==0.11.1+cu113
[2023-03-22 03:44:12] PRINT [conda] blas                      1.0                         mkl    https://mirrors.ustc.edu.cn/anaconda/pkgs/main
[2023-03-22 03:44:12] PRINT [conda] mkl                       2021.4.0           h06a4308_640    https://mirrors.ustc.edu.cn/anaconda/pkgs/main
[2023-03-22 03:44:12] PRINT [conda] mkl-service               2.4.0            py38h7f8727e_0    https://mirrors.ustc.edu.cn/anaconda/pkgs/main
[2023-03-22 03:44:12] PRINT [conda] mkl_fft                   1.3.1            py38hd3c417c_0    https://mirrors.ustc.edu.cn/anaconda/pkgs/main
[2023-03-22 03:44:12] PRINT [conda] mkl_random                1.2.2            py38h51133e4_0    https://mirrors.ustc.edu.cn/anaconda/pkgs/main
[2023-03-22 03:44:12] PRINT [conda] numpy                     1.21.4                   pypi_0    pypi
[2023-03-22 03:44:12] PRINT [conda] numpy-base                1.23.5           py38h31eccc5_0    https://mirrors.ustc.edu.cn/anaconda/pkgs/main
[2023-03-22 03:44:12] PRINT [conda] torch                     1.10.0+cu113             pypi_0    pypi
[2023-03-22 03:44:12] PRINT [conda] torchvision               0.11.1+cu113             pypi_0    pypi
[2023-03-22 03:44:12] PRINT         Pillow (8.4.0)
[2023-03-22 03:44:12] PRINT [03/22 03:44:12 graph]: Command line arguments: Namespace(local_rank=0, resume=False, seed=1234, start_epoch=0)
[2023-03-22 03:44:12] PRINT [03/22 03:44:12 graph]: Run 0th for seed 0
[2023-03-22 03:44:12] PRINT [03/22 03:44:12 graph]: Total trainable params num : 8143363
[2023-03-22 03:44:17] PRINT [03/22 03:44:17 graph]: ----------Start Training----------
[2023-03-22 03:44:17] PRINT [03/22 03:44:17 graph]: start epoch 0.
[2023-03-22 03:44:17] PRINT [03/22 03:44:17 graph]: # Epoch 0: train_loss: 1.0249 | lr: 0.000096
[2023-03-22 03:44:17] PRINT [03/22 03:44:17 graph]: start epoch 1.
[2023-03-22 03:44:18] PRINT [03/22 03:44:18 graph]: # Epoch 1: train_loss: 0.8917 | lr: 0.000096
[2023-03-22 03:44:18] PRINT [03/22 03:44:18 graph]: start epoch 2.
[2023-03-22 03:44:18] PRINT [03/22 03:44:18 graph]: # Epoch 2: train_loss: 0.8165 | lr: 0.000096
[2023-03-22 03:44:18] PRINT [03/22 03:44:18 graph]: start epoch 3.
[2023-03-22 03:44:18] PRINT [03/22 03:44:18 graph]: # Epoch 3: train_loss: 0.7652 | lr: 0.000096
[2023-03-22 03:44:18] PRINT [03/22 03:44:18 graph]: start epoch 4.
[2023-03-22 03:44:18] PRINT [03/22 03:44:18 graph]: # Epoch 4: train_loss: 0.7258 | lr: 0.000096
[2023-03-22 03:44:18] PRINT [03/22 03:44:18 graph]: start epoch 5.
[2023-03-22 03:44:18] PRINT [03/22 03:44:18 graph]: # Epoch 5: train_loss: 0.6947 | lr: 0.000096
[2023-03-22 03:44:18] PRINT [03/22 03:44:18 graph]: start epoch 6.
[2023-03-22 03:44:18] PRINT [03/22 03:44:18 graph]: # Epoch 6: train_loss: 0.6688 | lr: 0.000096
[2023-03-22 03:44:18] PRINT [03/22 03:44:18 graph]: start epoch 7.
[2023-03-22 03:44:18] PRINT [03/22 03:44:18 graph]: # Epoch 7: train_loss: 0.6484 | lr: 0.000096
[2023-03-22 03:44:18] PRINT [03/22 03:44:18 graph]: start epoch 8.
[2023-03-22 03:44:18] PRINT [03/22 03:44:18 graph]: # Epoch 8: train_loss: 0.6320 | lr: 0.000096
[2023-03-22 03:44:18] PRINT [03/22 03:44:18 graph]: start epoch 9.
[2023-03-22 03:44:18] PRINT [03/22 03:44:18 graph]: # Epoch 9: train_loss: 0.6183 | lr: 0.000096
[2023-03-22 03:44:18] PRINT [03/22 03:44:18 graph]: start epoch 10.
[2023-03-22 03:44:18] PRINT [03/22 03:44:18 graph]: # Epoch 10: train_loss: 0.6079 | lr: 0.000096
[2023-03-22 03:44:18] PRINT [03/22 03:44:18 graph]: start epoch 11.
[2023-03-22 03:44:18] PRINT [03/22 03:44:18 graph]: # Epoch 11: train_loss: 0.5981 | lr: 0.000096
[2023-03-22 03:44:18] PRINT [03/22 03:44:18 graph]: start epoch 12.
[2023-03-22 03:44:18] PRINT [03/22 03:44:18 graph]: # Epoch 12: train_loss: 0.5903 | lr: 0.000096
[2023-03-22 03:44:18] PRINT [03/22 03:44:18 graph]: start epoch 13.
[2023-03-22 03:44:18] PRINT [03/22 03:44:18 graph]: # Epoch 13: train_loss: 0.5824 | lr: 0.000096
[2023-03-22 03:44:18] PRINT [03/22 03:44:18 graph]: start epoch 14.
[2023-03-22 03:44:18] PRINT [03/22 03:44:18 graph]: # Epoch 14: train_loss: 0.5760 | lr: 0.000096
[2023-03-22 03:44:18] PRINT [03/22 03:44:18 graph]: start epoch 15.
[2023-03-22 03:44:19] PRINT [03/22 03:44:19 graph]: # Epoch 15: train_loss: 0.5699 | lr: 0.000096
[2023-03-22 03:44:19] PRINT [03/22 03:44:19 graph]: start epoch 16.
[2023-03-22 03:44:19] PRINT [03/22 03:44:19 graph]: # Epoch 16: train_loss: 0.5644 | lr: 0.000096
[2023-03-22 03:44:19] PRINT [03/22 03:44:19 graph]: start epoch 17.
[2023-03-22 03:44:19] PRINT [03/22 03:44:19 graph]: # Epoch 17: train_loss: 0.5595 | lr: 0.000096
[2023-03-22 03:44:19] PRINT [03/22 03:44:19 graph]: start epoch 18.
[2023-03-22 03:44:19] PRINT [03/22 03:44:19 graph]: # Epoch 18: train_loss: 0.5551 | lr: 0.000096
[2023-03-22 03:44:19] PRINT [03/22 03:44:19 graph]: start epoch 19.
[2023-03-22 03:44:19] PRINT [03/22 03:44:19 graph]: # Epoch 19: train_loss: 0.5501 | lr: 0.000096
[2023-03-22 03:44:19] PRINT [03/22 03:44:19 graph]: start epoch 20.
[2023-03-22 03:44:19] PRINT [03/22 03:44:19 graph]: # Epoch 20: train_loss: 0.5463 | lr: 0.000096
[2023-03-22 03:44:19] PRINT [03/22 03:44:19 graph]: start epoch 21.
[2023-03-22 03:44:19] PRINT [03/22 03:44:19 graph]: # Epoch 21: train_loss: 0.5419 | lr: 0.000096
[2023-03-22 03:44:19] PRINT [03/22 03:44:19 graph]: start epoch 22.
[2023-03-22 03:44:19] PRINT [03/22 03:44:19 graph]: # Epoch 22: train_loss: 0.5383 | lr: 0.000096
[2023-03-22 03:44:19] PRINT [03/22 03:44:19 graph]: start epoch 23.
[2023-03-22 03:44:19] PRINT [03/22 03:44:19 graph]: # Epoch 23: train_loss: 0.5340 | lr: 0.000096
[2023-03-22 03:44:19] PRINT [03/22 03:44:19 graph]: start epoch 24.
[2023-03-22 03:44:19] PRINT [03/22 03:44:19 graph]: # Epoch 24: train_loss: 0.5305 | lr: 0.000096
[2023-03-22 03:44:19] PRINT [03/22 03:44:19 graph]: start epoch 25.
[2023-03-22 03:44:19] PRINT [03/22 03:44:19 graph]: # Epoch 25: train_loss: 0.5266 | lr: 0.000096
[2023-03-22 03:44:19] PRINT [03/22 03:44:19 graph]: start epoch 26.
[2023-03-22 03:44:19] PRINT [03/22 03:44:19 graph]: # Epoch 26: train_loss: 0.5235 | lr: 0.000096
[2023-03-22 03:44:19] PRINT [03/22 03:44:19 graph]: start epoch 27.
[2023-03-22 03:44:19] PRINT [03/22 03:44:19 graph]: # Epoch 27: train_loss: 0.5209 | lr: 0.000096
[2023-03-22 03:44:19] PRINT [03/22 03:44:19 graph]: start epoch 28.
[2023-03-22 03:44:19] PRINT [03/22 03:44:19 graph]: # Epoch 28: train_loss: 0.5176 | lr: 0.000096
[2023-03-22 03:44:19] PRINT [03/22 03:44:19 graph]: start epoch 29.
[2023-03-22 03:44:19] PRINT [03/22 03:44:19 graph]: # Epoch 29: train_loss: 0.5150 | lr: 0.000096
[2023-03-22 03:44:19] PRINT [03/22 03:44:19 graph]: start epoch 30.
[2023-03-22 03:44:20] PRINT [03/22 03:44:20 graph]: # Epoch 30: train_loss: 0.5119 | lr: 0.000096
[2023-03-22 03:44:20] PRINT [03/22 03:44:20 graph]: start epoch 31.
[2023-03-22 03:44:20] PRINT [03/22 03:44:20 graph]: # Epoch 31: train_loss: 0.5099 | lr: 0.000096
[2023-03-22 03:44:20] PRINT [03/22 03:44:20 graph]: start epoch 32.
[2023-03-22 03:44:20] PRINT [03/22 03:44:20 graph]: # Epoch 32: train_loss: 0.5072 | lr: 0.000096
[2023-03-22 03:44:20] PRINT [03/22 03:44:20 graph]: start epoch 33.
[2023-03-22 03:44:20] PRINT [03/22 03:44:20 graph]: # Epoch 33: train_loss: 0.5049 | lr: 0.000096
[2023-03-22 03:44:20] PRINT [03/22 03:44:20 graph]: start epoch 34.
[2023-03-22 03:44:20] PRINT [03/22 03:44:20 graph]: # Epoch 34: train_loss: 0.5028 | lr: 0.000096
[2023-03-22 03:44:20] PRINT [03/22 03:44:20 graph]: start epoch 35.
[2023-03-22 03:44:20] PRINT [03/22 03:44:20 graph]: # Epoch 35: train_loss: 0.5007 | lr: 0.000096
[2023-03-22 03:44:20] PRINT [03/22 03:44:20 graph]: start epoch 36.
[2023-03-22 03:44:20] PRINT [03/22 03:44:20 graph]: # Epoch 36: train_loss: 0.4985 | lr: 0.000096
[2023-03-22 03:44:20] PRINT [03/22 03:44:20 graph]: start epoch 37.
[2023-03-22 03:44:20] PRINT [03/22 03:44:20 graph]: # Epoch 37: train_loss: 0.4962 | lr: 0.000096
[2023-03-22 03:44:20] PRINT [03/22 03:44:20 graph]: start epoch 38.
[2023-03-22 03:44:20] PRINT [03/22 03:44:20 graph]: # Epoch 38: train_loss: 0.4945 | lr: 0.000096
[2023-03-22 03:44:20] PRINT [03/22 03:44:20 graph]: start epoch 39.
[2023-03-22 03:44:20] PRINT [03/22 03:44:20 graph]: # Epoch 39: train_loss: 0.4922 | lr: 0.000096
[2023-03-22 03:44:20] PRINT [03/22 03:44:20 graph]: start epoch 40.
[2023-03-22 03:44:20] PRINT [03/22 03:44:20 graph]: # Epoch 40: train_loss: 0.4906 | lr: 0.000096
[2023-03-22 03:44:20] PRINT [03/22 03:44:20 graph]: start epoch 41.
[2023-03-22 03:44:20] PRINT [03/22 03:44:20 graph]: # Epoch 41: train_loss: 0.4892 | lr: 0.000096
[2023-03-22 03:44:20] PRINT [03/22 03:44:20 graph]: start epoch 42.
[2023-03-22 03:44:20] PRINT [03/22 03:44:20 graph]: # Epoch 42: train_loss: 0.4875 | lr: 0.000096
[2023-03-22 03:44:20] PRINT [03/22 03:44:20 graph]: start epoch 43.
[2023-03-22 03:44:20] PRINT [03/22 03:44:20 graph]: # Epoch 43: train_loss: 0.4855 | lr: 0.000096
[2023-03-22 03:44:20] PRINT [03/22 03:44:20 graph]: start epoch 44.
[2023-03-22 03:44:20] PRINT [03/22 03:44:20 graph]: # Epoch 44: train_loss: 0.4844 | lr: 0.000096
[2023-03-22 03:44:20] PRINT [03/22 03:44:20 graph]: start epoch 45.
[2023-03-22 03:44:21] PRINT [03/22 03:44:21 graph]: # Epoch 45: train_loss: 0.4825 | lr: 0.000096
[2023-03-22 03:44:21] PRINT [03/22 03:44:21 graph]: start epoch 46.
[2023-03-22 03:44:21] PRINT [03/22 03:44:21 graph]: # Epoch 46: train_loss: 0.4814 | lr: 0.000096
[2023-03-22 03:44:21] PRINT [03/22 03:44:21 graph]: start epoch 47.
[2023-03-22 03:44:21] PRINT [03/22 03:44:21 graph]: # Epoch 47: train_loss: 0.4795 | lr: 0.000096
[2023-03-22 03:44:21] PRINT [03/22 03:44:21 graph]: start epoch 48.
[2023-03-22 03:44:21] PRINT [03/22 03:44:21 graph]: # Epoch 48: train_loss: 0.4786 | lr: 0.000096
[2023-03-22 03:44:21] PRINT [03/22 03:44:21 graph]: start epoch 49.
[2023-03-22 03:44:21] PRINT [03/22 03:44:21 graph]: # Epoch 49: train_loss: 0.4768 | lr: 0.000096
[2023-03-22 03:44:21] PRINT [03/22 03:44:21 graph]: start epoch 50.
[2023-03-22 03:44:21] PRINT [03/22 03:44:21 graph]: # Epoch 50: train_loss: 0.4759 | lr: 0.000096
[2023-03-22 03:44:21] PRINT [03/22 03:44:21 graph]: start epoch 51.
[2023-03-22 03:44:21] PRINT [03/22 03:44:21 graph]: # Epoch 51: train_loss: 0.4743 | lr: 0.000096
[2023-03-22 03:44:27] PRINT [03/22 03:44:27 graph]: --- Testf1: 0.87702, Best Valacc: 0.87491 in epoch 484 --- 
[2023-03-22 03:44:27] PRINT [03/22 03:44:27 graph]: Epoch 51: get test acc score:  0.87702
[2023-03-22 03:44:27] PRINT [03/22 03:44:27 graph]: best_f1 0.87702 at epoch 51
[2023-03-22 03:44:27] PRINT [03/22 03:44:27 graph]: start epoch 52.
[2023-03-22 03:44:27] PRINT [03/22 03:44:27 graph]: # Epoch 52: train_loss: 0.4730 | lr: 0.000096
[2023-03-22 03:44:36] PRINT [03/22 03:44:36 graph]: --- Testf1: 0.87939, Best Valacc: 0.87345 in epoch 335 --- 
[2023-03-22 03:44:37] PRINT [03/22 03:44:37 graph]: Epoch 52: get test acc score:  0.87939
[2023-03-22 03:44:37] PRINT [03/22 03:44:37 graph]: best_f1 0.87939 at epoch 52
[2023-03-22 03:44:37] PRINT [03/22 03:44:37 graph]: start epoch 53.
[2023-03-22 03:44:37] PRINT [03/22 03:44:37 graph]: # Epoch 53: train_loss: 0.4713 | lr: 0.000096
[2023-03-22 03:44:44] PRINT [03/22 03:44:44 graph]: --- Testf1: 0.87839, Best Valacc: 0.87200 in epoch 360 --- 
[2023-03-22 03:44:44] PRINT [03/22 03:44:44 graph]: Epoch 53: get test acc score:  0.87839
[2023-03-22 03:44:44] PRINT [03/22 03:44:44 graph]: best_f1 0.87939 at epoch 52
[2023-03-22 03:44:44] PRINT [03/22 03:44:44 graph]: start epoch 54.
[2023-03-22 03:44:44] PRINT [03/22 03:44:44 graph]: # Epoch 54: train_loss: 0.4706 | lr: 0.000096
[2023-03-22 03:44:51] PRINT [03/22 03:44:51 graph]: --- Testf1: 0.88048, Best Valacc: 0.87709 in epoch 353 --- 
[2023-03-22 03:44:51] PRINT [03/22 03:44:51 graph]: Epoch 54: get test acc score:  0.88048
[2023-03-22 03:44:51] PRINT [03/22 03:44:51 graph]: best_f1 0.88048 at epoch 54
[2023-03-22 03:44:51] PRINT [03/22 03:44:51 graph]: start epoch 55.
[2023-03-22 03:44:51] PRINT [03/22 03:44:51 graph]: # Epoch 55: train_loss: 0.4696 | lr: 0.000096
[2023-03-22 03:44:58] PRINT [03/22 03:44:58 graph]: --- Testf1: 0.87766, Best Valacc: 0.87564 in epoch 345 --- 
[2023-03-22 03:44:59] PRINT [03/22 03:44:59 graph]: Epoch 55: get test acc score:  0.87766
[2023-03-22 03:44:59] PRINT [03/22 03:44:59 graph]: best_f1 0.88048 at epoch 54
[2023-03-22 03:44:59] PRINT [03/22 03:44:59 graph]: start epoch 56.
[2023-03-22 03:44:59] PRINT [03/22 03:44:59 graph]: # Epoch 56: train_loss: 0.4686 | lr: 0.000096
[2023-03-22 03:45:06] PRINT [03/22 03:45:06 graph]: --- Testf1: 0.87902, Best Valacc: 0.86691 in epoch 344 --- 
[2023-03-22 03:45:06] PRINT [03/22 03:45:06 graph]: Epoch 56: get test acc score:  0.87902
[2023-03-22 03:45:06] PRINT [03/22 03:45:06 graph]: best_f1 0.88048 at epoch 54
[2023-03-22 03:45:06] PRINT [03/22 03:45:06 graph]: start epoch 57.
[2023-03-22 03:45:06] PRINT [03/22 03:45:06 graph]: # Epoch 57: train_loss: 0.4668 | lr: 0.000096
[2023-03-22 03:45:13] PRINT [03/22 03:45:13 graph]: --- Testf1: 0.87693, Best Valacc: 0.87127 in epoch 377 --- 
[2023-03-22 03:45:14] PRINT [03/22 03:45:14 graph]: Epoch 57: get test acc score:  0.87693
[2023-03-22 03:45:14] PRINT [03/22 03:45:14 graph]: best_f1 0.88048 at epoch 54
[2023-03-22 03:45:14] PRINT [03/22 03:45:14 graph]: start epoch 58.
[2023-03-22 03:45:14] PRINT [03/22 03:45:14 graph]: # Epoch 58: train_loss: 0.4668 | lr: 0.000096
[2023-03-22 03:45:21] PRINT [03/22 03:45:21 graph]: --- Testf1: 0.88020, Best Valacc: 0.87491 in epoch 350 --- 
[2023-03-22 03:45:21] PRINT [03/22 03:45:21 graph]: Epoch 58: get test acc score:  0.88020
[2023-03-22 03:45:21] PRINT [03/22 03:45:21 graph]: best_f1 0.88048 at epoch 54
[2023-03-22 03:45:21] PRINT [03/22 03:45:21 graph]: start epoch 59.
[2023-03-22 03:45:21] PRINT [03/22 03:45:21 graph]: # Epoch 59: train_loss: 0.4653 | lr: 0.000096
[2023-03-22 03:45:28] PRINT [03/22 03:45:28 graph]: --- Testf1: 0.88139, Best Valacc: 0.87345 in epoch 319 --- 
[2023-03-22 03:45:28] PRINT [03/22 03:45:28 graph]: Epoch 59: get test acc score:  0.88139
[2023-03-22 03:45:28] PRINT [03/22 03:45:28 graph]: best_f1 0.88139 at epoch 59
[2023-03-22 03:45:28] PRINT [03/22 03:45:28 graph]: start epoch 60.
[2023-03-22 03:45:28] PRINT [03/22 03:45:28 graph]: # Epoch 60: train_loss: 0.4638 | lr: 0.000096
[2023-03-22 03:45:35] PRINT [03/22 03:45:35 graph]: --- Testf1: 0.87557, Best Valacc: 0.87636 in epoch 392 --- 
[2023-03-22 03:45:35] PRINT [03/22 03:45:35 graph]: Epoch 60: get test acc score:  0.87557
[2023-03-22 03:45:35] PRINT [03/22 03:45:35 graph]: best_f1 0.88139 at epoch 59
[2023-03-22 03:45:35] PRINT [03/22 03:45:35 graph]: start epoch 61.
[2023-03-22 03:45:36] PRINT [03/22 03:45:36 graph]: # Epoch 61: train_loss: 0.4632 | lr: 0.000096
[2023-03-22 03:45:43] PRINT [03/22 03:45:43 graph]: --- Testf1: 0.87857, Best Valacc: 0.87564 in epoch 304 --- 
[2023-03-22 03:45:43] PRINT [03/22 03:45:43 graph]: Epoch 61: get test acc score:  0.87857
[2023-03-22 03:45:43] PRINT [03/22 03:45:43 graph]: best_f1 0.88139 at epoch 59
[2023-03-22 03:45:43] PRINT [03/22 03:45:43 graph]: start epoch 62.
[2023-03-22 03:45:43] PRINT [03/22 03:45:43 graph]: # Epoch 62: train_loss: 0.4631 | lr: 0.000096
[2023-03-22 03:45:50] PRINT [03/22 03:45:50 graph]: --- Testf1: 0.88366, Best Valacc: 0.87418 in epoch 467 --- 
[2023-03-22 03:45:50] PRINT [03/22 03:45:50 graph]: Epoch 62: get test acc score:  0.88366
[2023-03-22 03:45:50] PRINT [03/22 03:45:50 graph]: best_f1 0.88366 at epoch 62
[2023-03-22 03:45:50] PRINT [03/22 03:45:50 graph]: start epoch 63.
[2023-03-22 03:45:50] PRINT [03/22 03:45:50 graph]: # Epoch 63: train_loss: 0.4617 | lr: 0.000096
[2023-03-22 03:45:57] PRINT [03/22 03:45:57 graph]: --- Testf1: 0.87557, Best Valacc: 0.87273 in epoch 283 --- 
[2023-03-22 03:45:57] PRINT [03/22 03:45:57 graph]: Epoch 63: get test acc score:  0.87557
[2023-03-22 03:45:57] PRINT [03/22 03:45:57 graph]: best_f1 0.88366 at epoch 62
[2023-03-22 03:45:57] PRINT [03/22 03:45:57 graph]: start epoch 64.
[2023-03-22 03:45:58] PRINT [03/22 03:45:58 graph]: # Epoch 64: train_loss: 0.4605 | lr: 0.000096
[2023-03-22 03:46:05] PRINT [03/22 03:46:05 graph]: --- Testf1: 0.88184, Best Valacc: 0.87709 in epoch 211 --- 
[2023-03-22 03:46:05] PRINT [03/22 03:46:05 graph]: Epoch 64: get test acc score:  0.88184
[2023-03-22 03:46:05] PRINT [03/22 03:46:05 graph]: best_f1 0.88366 at epoch 62
[2023-03-22 03:46:05] PRINT [03/22 03:46:05 graph]: start epoch 65.
[2023-03-22 03:46:05] PRINT [03/22 03:46:05 graph]: # Epoch 65: train_loss: 0.4598 | lr: 0.000096
[2023-03-22 03:46:12] PRINT [03/22 03:46:12 graph]: --- Testf1: 0.87411, Best Valacc: 0.87927 in epoch 414 --- 
[2023-03-22 03:46:12] PRINT [03/22 03:46:12 graph]: Epoch 65: get test acc score:  0.87411
[2023-03-22 03:46:12] PRINT [03/22 03:46:12 graph]: best_f1 0.88366 at epoch 62
[2023-03-22 03:46:12] PRINT [03/22 03:46:12 graph]: start epoch 66.
[2023-03-22 03:46:12] PRINT [03/22 03:46:12 graph]: # Epoch 66: train_loss: 0.4591 | lr: 0.000096
[2023-03-22 03:46:19] PRINT [03/22 03:46:19 graph]: --- Testf1: 0.87848, Best Valacc: 0.87055 in epoch 323 --- 
[2023-03-22 03:46:20] PRINT [03/22 03:46:20 graph]: Epoch 66: get test acc score:  0.87848
[2023-03-22 03:46:20] PRINT [03/22 03:46:20 graph]: best_f1 0.88366 at epoch 62
[2023-03-22 03:46:20] PRINT [03/22 03:46:20 graph]: start epoch 67.
[2023-03-22 03:46:20] PRINT [03/22 03:46:20 graph]: # Epoch 67: train_loss: 0.4576 | lr: 0.000096
[2023-03-22 03:46:27] PRINT [03/22 03:46:27 graph]: --- Testf1: 0.88075, Best Valacc: 0.87055 in epoch 265 --- 
[2023-03-22 03:46:27] PRINT [03/22 03:46:27 graph]: Epoch 67: get test acc score:  0.88075
[2023-03-22 03:46:27] PRINT [03/22 03:46:27 graph]: best_f1 0.88366 at epoch 62
[2023-03-22 03:46:27] PRINT [03/22 03:46:27 graph]: start epoch 68.
[2023-03-22 03:46:27] PRINT [03/22 03:46:27 graph]: # Epoch 68: train_loss: 0.4574 | lr: 0.000096
[2023-03-22 03:46:34] PRINT [03/22 03:46:34 graph]: --- Testf1: 0.88029, Best Valacc: 0.87564 in epoch 224 --- 
[2023-03-22 03:46:34] PRINT [03/22 03:46:34 graph]: Epoch 68: get test acc score:  0.88029
[2023-03-22 03:46:34] PRINT [03/22 03:46:34 graph]: best_f1 0.88366 at epoch 62
[2023-03-22 03:46:34] PRINT [03/22 03:46:34 graph]: start epoch 69.
[2023-03-22 03:46:34] PRINT [03/22 03:46:34 graph]: # Epoch 69: train_loss: 0.4564 | lr: 0.000096
[2023-03-22 03:46:41] PRINT [03/22 03:46:41 graph]: --- Testf1: 0.87766, Best Valacc: 0.88000 in epoch 392 --- 
[2023-03-22 03:46:42] PRINT [03/22 03:46:42 graph]: Epoch 69: get test acc score:  0.87766
[2023-03-22 03:46:42] PRINT [03/22 03:46:42 graph]: best_f1 0.88366 at epoch 62
[2023-03-22 03:46:42] PRINT [03/22 03:46:42 graph]: start epoch 70.
[2023-03-22 03:46:42] PRINT [03/22 03:46:42 graph]: # Epoch 70: train_loss: 0.4560 | lr: 0.000096
[2023-03-22 03:46:49] PRINT [03/22 03:46:49 graph]: --- Testf1: 0.87993, Best Valacc: 0.87782 in epoch 448 --- 
[2023-03-22 03:46:49] PRINT [03/22 03:46:49 graph]: Epoch 70: get test acc score:  0.87993
[2023-03-22 03:46:49] PRINT [03/22 03:46:49 graph]: best_f1 0.88366 at epoch 62
[2023-03-22 03:46:49] PRINT [03/22 03:46:49 graph]: start epoch 71.
[2023-03-22 03:46:49] PRINT [03/22 03:46:49 graph]: # Epoch 71: train_loss: 0.4552 | lr: 0.000096
[2023-03-22 03:46:56] PRINT [03/22 03:46:56 graph]: --- Testf1: 0.88048, Best Valacc: 0.87709 in epoch 287 --- 
[2023-03-22 03:46:56] PRINT [03/22 03:46:56 graph]: Epoch 71: get test acc score:  0.88048
[2023-03-22 03:46:56] PRINT [03/22 03:46:56 graph]: best_f1 0.88366 at epoch 62
[2023-03-22 03:46:56] PRINT [03/22 03:46:56 graph]: start epoch 72.
[2023-03-22 03:46:56] PRINT [03/22 03:46:56 graph]: # Epoch 72: train_loss: 0.4541 | lr: 0.000096
[2023-03-22 03:47:04] PRINT [03/22 03:47:04 graph]: --- Testf1: 0.88139, Best Valacc: 0.88509 in epoch 155 --- 
[2023-03-22 03:47:04] PRINT [03/22 03:47:04 graph]: Epoch 72: get test acc score:  0.88139
[2023-03-22 03:47:04] PRINT [03/22 03:47:04 graph]: best_f1 0.88366 at epoch 62
[2023-03-22 03:47:04] PRINT [03/22 03:47:04 graph]: start epoch 73.
[2023-03-22 03:47:04] PRINT [03/22 03:47:04 graph]: # Epoch 73: train_loss: 0.4533 | lr: 0.000096
[2023-03-22 03:47:11] PRINT [03/22 03:47:11 graph]: --- Testf1: 0.87993, Best Valacc: 0.88073 in epoch 255 --- 
[2023-03-22 03:47:11] PRINT [03/22 03:47:11 graph]: Epoch 73: get test acc score:  0.87993
[2023-03-22 03:47:11] PRINT [03/22 03:47:11 graph]: best_f1 0.88366 at epoch 62
[2023-03-22 03:47:11] PRINT [03/22 03:47:11 graph]: start epoch 74.
[2023-03-22 03:47:11] PRINT [03/22 03:47:11 graph]: # Epoch 74: train_loss: 0.4533 | lr: 0.000096
[2023-03-22 03:47:18] PRINT [03/22 03:47:18 graph]: --- Testf1: 0.87920, Best Valacc: 0.87855 in epoch 499 --- 
[2023-03-22 03:47:18] PRINT [03/22 03:47:18 graph]: Epoch 74: get test acc score:  0.87920
[2023-03-22 03:47:18] PRINT [03/22 03:47:18 graph]: best_f1 0.88366 at epoch 62
[2023-03-22 03:47:18] PRINT [03/22 03:47:18 graph]: start epoch 75.
[2023-03-22 03:47:18] PRINT [03/22 03:47:18 graph]: # Epoch 75: train_loss: 0.4518 | lr: 0.000096
[2023-03-22 03:47:24] PRINT [03/22 03:47:24 graph]: --- Testf1: 0.88011, Best Valacc: 0.87709 in epoch 296 --- 
[2023-03-22 03:47:24] PRINT [03/22 03:47:24 graph]: Epoch 75: get test acc score:  0.88011
[2023-03-22 03:47:24] PRINT [03/22 03:47:24 graph]: best_f1 0.88366 at epoch 62
[2023-03-22 03:47:24] PRINT [03/22 03:47:24 graph]: start epoch 76.
[2023-03-22 03:47:24] PRINT [03/22 03:47:24 graph]: # Epoch 76: train_loss: 0.4519 | lr: 0.000096
[2023-03-22 03:47:30] PRINT [03/22 03:47:30 graph]: --- Testf1: 0.88120, Best Valacc: 0.88073 in epoch 126 --- 
[2023-03-22 03:47:30] PRINT [03/22 03:47:30 graph]: Epoch 76: get test acc score:  0.88120
[2023-03-22 03:47:30] PRINT [03/22 03:47:30 graph]: best_f1 0.88366 at epoch 62
[2023-03-22 03:47:30] PRINT [03/22 03:47:30 graph]: start epoch 77.
[2023-03-22 03:47:30] PRINT [03/22 03:47:30 graph]: # Epoch 77: train_loss: 0.4506 | lr: 0.000096
[2023-03-22 03:47:36] PRINT [03/22 03:47:36 graph]: --- Testf1: 0.88193, Best Valacc: 0.88000 in epoch 236 --- 
[2023-03-22 03:47:37] PRINT [03/22 03:47:37 graph]: Epoch 77: get test acc score:  0.88193
[2023-03-22 03:47:37] PRINT [03/22 03:47:37 graph]: best_f1 0.88366 at epoch 62
[2023-03-22 03:47:37] PRINT [03/22 03:47:37 graph]: start epoch 78.
[2023-03-22 03:47:37] PRINT [03/22 03:47:37 graph]: # Epoch 78: train_loss: 0.4500 | lr: 0.000096
[2023-03-22 03:47:46] PRINT [03/22 03:47:46 graph]: --- Testf1: 0.88111, Best Valacc: 0.87564 in epoch 236 --- 
[2023-03-22 03:47:46] PRINT [03/22 03:47:46 graph]: Epoch 78: get test acc score:  0.88111
[2023-03-22 03:47:46] PRINT [03/22 03:47:46 graph]: best_f1 0.88366 at epoch 62
[2023-03-22 03:47:46] PRINT [03/22 03:47:46 graph]: start epoch 79.
[2023-03-22 03:47:46] PRINT [03/22 03:47:46 graph]: # Epoch 79: train_loss: 0.4497 | lr: 0.000096
[2023-03-22 03:47:53] PRINT [03/22 03:47:53 graph]: --- Testf1: 0.88002, Best Valacc: 0.87709 in epoch 323 --- 
[2023-03-22 03:47:54] PRINT [03/22 03:47:54 graph]: Epoch 79: get test acc score:  0.88002
[2023-03-22 03:47:54] PRINT [03/22 03:47:54 graph]: best_f1 0.88366 at epoch 62
[2023-03-22 03:47:54] PRINT [03/22 03:47:54 graph]: start epoch 80.
[2023-03-22 03:47:54] PRINT [03/22 03:47:54 graph]: # Epoch 80: train_loss: 0.4492 | lr: 0.000096
[2023-03-22 03:48:01] PRINT [03/22 03:48:01 graph]: --- Testf1: 0.87975, Best Valacc: 0.88509 in epoch 350 --- 
[2023-03-22 03:48:01] PRINT [03/22 03:48:01 graph]: Epoch 80: get test acc score:  0.87975
[2023-03-22 03:48:01] PRINT [03/22 03:48:01 graph]: best_f1 0.88366 at epoch 62
[2023-03-22 03:48:01] PRINT [03/22 03:48:01 graph]: start epoch 81.
[2023-03-22 03:48:01] PRINT [03/22 03:48:01 graph]: # Epoch 81: train_loss: 0.4489 | lr: 0.000096
[2023-03-22 03:48:08] PRINT [03/22 03:48:08 graph]: --- Testf1: 0.87911, Best Valacc: 0.87418 in epoch 131 --- 
[2023-03-22 03:48:08] PRINT [03/22 03:48:08 graph]: Epoch 81: get test acc score:  0.87911
[2023-03-22 03:48:08] PRINT [03/22 03:48:08 graph]: best_f1 0.88366 at epoch 62
[2023-03-22 03:48:08] PRINT [03/22 03:48:08 graph]: start epoch 82.
[2023-03-22 03:48:08] PRINT [03/22 03:48:08 graph]: # Epoch 82: train_loss: 0.4471 | lr: 0.000096
[2023-03-22 03:48:15] PRINT [03/22 03:48:15 graph]: --- Testf1: 0.88348, Best Valacc: 0.88218 in epoch 390 --- 
[2023-03-22 03:48:15] PRINT [03/22 03:48:15 graph]: Epoch 82: get test acc score:  0.88348
[2023-03-22 03:48:15] PRINT [03/22 03:48:15 graph]: best_f1 0.88366 at epoch 62
[2023-03-22 03:48:15] PRINT [03/22 03:48:15 graph]: start epoch 83.
[2023-03-22 03:48:15] PRINT [03/22 03:48:15 graph]: # Epoch 83: train_loss: 0.4467 | lr: 0.000096
[2023-03-22 03:48:22] PRINT [03/22 03:48:22 graph]: --- Testf1: 0.88248, Best Valacc: 0.88000 in epoch 299 --- 
[2023-03-22 03:48:23] PRINT [03/22 03:48:23 graph]: Epoch 83: get test acc score:  0.88248
[2023-03-22 03:48:23] PRINT [03/22 03:48:23 graph]: best_f1 0.88366 at epoch 62
[2023-03-22 03:48:23] PRINT [03/22 03:48:23 graph]: start epoch 84.
[2023-03-22 03:48:23] PRINT [03/22 03:48:23 graph]: # Epoch 84: train_loss: 0.4464 | lr: 0.000096
[2023-03-22 03:48:30] PRINT [03/22 03:48:30 graph]: --- Testf1: 0.88093, Best Valacc: 0.87636 in epoch 330 --- 
[2023-03-22 03:48:30] PRINT [03/22 03:48:30 graph]: Epoch 84: get test acc score:  0.88093
[2023-03-22 03:48:30] PRINT [03/22 03:48:30 graph]: best_f1 0.88366 at epoch 62
[2023-03-22 03:48:30] PRINT [03/22 03:48:30 graph]: start epoch 85.
[2023-03-22 03:48:30] PRINT [03/22 03:48:30 graph]: # Epoch 85: train_loss: 0.4459 | lr: 0.000096
[2023-03-22 03:48:37] PRINT [03/22 03:48:37 graph]: --- Testf1: 0.88257, Best Valacc: 0.87927 in epoch 194 --- 
[2023-03-22 03:48:37] PRINT [03/22 03:48:37 graph]: Epoch 85: get test acc score:  0.88257
[2023-03-22 03:48:37] PRINT [03/22 03:48:37 graph]: best_f1 0.88366 at epoch 62
[2023-03-22 03:48:37] PRINT [03/22 03:48:37 graph]: start epoch 86.
[2023-03-22 03:48:37] PRINT [03/22 03:48:37 graph]: # Epoch 86: train_loss: 0.4452 | lr: 0.000096
[2023-03-22 03:48:44] PRINT [03/22 03:48:44 graph]: --- Testf1: 0.88293, Best Valacc: 0.87782 in epoch 496 --- 
[2023-03-22 03:48:45] PRINT [03/22 03:48:45 graph]: Epoch 86: get test acc score:  0.88293
[2023-03-22 03:48:45] PRINT [03/22 03:48:45 graph]: best_f1 0.88366 at epoch 62
[2023-03-22 03:48:45] PRINT [03/22 03:48:45 graph]: start epoch 87.
[2023-03-22 03:48:45] PRINT [03/22 03:48:45 graph]: # Epoch 87: train_loss: 0.4450 | lr: 0.000096
[2023-03-22 03:48:52] PRINT [03/22 03:48:52 graph]: --- Testf1: 0.88248, Best Valacc: 0.87782 in epoch 465 --- 
[2023-03-22 03:48:52] PRINT [03/22 03:48:52 graph]: Epoch 87: get test acc score:  0.88248
[2023-03-22 03:48:52] PRINT [03/22 03:48:52 graph]: best_f1 0.88366 at epoch 62
[2023-03-22 03:48:52] PRINT [03/22 03:48:52 graph]: start epoch 88.
[2023-03-22 03:48:52] PRINT [03/22 03:48:52 graph]: # Epoch 88: train_loss: 0.4443 | lr: 0.000096
[2023-03-22 03:48:59] PRINT [03/22 03:48:59 graph]: --- Testf1: 0.88311, Best Valacc: 0.87636 in epoch 363 --- 
[2023-03-22 03:48:59] PRINT [03/22 03:48:59 graph]: Epoch 88: get test acc score:  0.88311
[2023-03-22 03:48:59] PRINT [03/22 03:48:59 graph]: best_f1 0.88366 at epoch 62
[2023-03-22 03:48:59] PRINT [03/22 03:48:59 graph]: start epoch 89.
[2023-03-22 03:48:59] PRINT [03/22 03:48:59 graph]: # Epoch 89: train_loss: 0.4443 | lr: 0.000096
[2023-03-22 03:49:06] PRINT [03/22 03:49:06 graph]: --- Testf1: 0.88338, Best Valacc: 0.87491 in epoch 337 --- 
[2023-03-22 03:49:07] PRINT [03/22 03:49:07 graph]: Epoch 89: get test acc score:  0.88338
[2023-03-22 03:49:07] PRINT [03/22 03:49:07 graph]: best_f1 0.88366 at epoch 62
[2023-03-22 03:49:07] PRINT [03/22 03:49:07 graph]: start epoch 90.
[2023-03-22 03:49:07] PRINT [03/22 03:49:07 graph]: # Epoch 90: train_loss: 0.4430 | lr: 0.000096
[2023-03-22 03:49:14] PRINT [03/22 03:49:14 graph]: --- Testf1: 0.88575, Best Valacc: 0.87636 in epoch 378 --- 
[2023-03-22 03:49:14] PRINT [03/22 03:49:14 graph]: Epoch 90: get test acc score:  0.88575
[2023-03-22 03:49:14] PRINT [03/22 03:49:14 graph]: best_f1 0.88575 at epoch 90
[2023-03-22 03:49:14] PRINT [03/22 03:49:14 graph]: start epoch 91.
[2023-03-22 03:49:14] PRINT [03/22 03:49:14 graph]: # Epoch 91: train_loss: 0.4430 | lr: 0.000096
[2023-03-22 03:49:21] PRINT [03/22 03:49:21 graph]: --- Testf1: 0.87884, Best Valacc: 0.88509 in epoch 305 --- 
[2023-03-22 03:49:21] PRINT [03/22 03:49:21 graph]: Epoch 91: get test acc score:  0.87884
[2023-03-22 03:49:21] PRINT [03/22 03:49:21 graph]: best_f1 0.88575 at epoch 90
[2023-03-22 03:49:21] PRINT [03/22 03:49:21 graph]: start epoch 92.
[2023-03-22 03:49:21] PRINT [03/22 03:49:21 graph]: # Epoch 92: train_loss: 0.4425 | lr: 0.000096
[2023-03-22 03:49:28] PRINT [03/22 03:49:28 graph]: --- Testf1: 0.88275, Best Valacc: 0.88073 in epoch 380 --- 
[2023-03-22 03:49:29] PRINT [03/22 03:49:29 graph]: Epoch 92: get test acc score:  0.88275
[2023-03-22 03:49:29] PRINT [03/22 03:49:29 graph]: best_f1 0.88575 at epoch 90
[2023-03-22 03:49:29] PRINT [03/22 03:49:29 graph]: start epoch 93.
[2023-03-22 03:49:29] PRINT [03/22 03:49:29 graph]: # Epoch 93: train_loss: 0.4423 | lr: 0.000096
[2023-03-22 03:49:36] PRINT [03/22 03:49:36 graph]: --- Testf1: 0.88793, Best Valacc: 0.87927 in epoch 397 --- 
[2023-03-22 03:49:36] PRINT [03/22 03:49:36 graph]: Epoch 93: get test acc score:  0.88793
[2023-03-22 03:49:36] PRINT [03/22 03:49:36 graph]: best_f1 0.88793 at epoch 93
[2023-03-22 03:49:36] PRINT [03/22 03:49:36 graph]: start epoch 94.
[2023-03-22 03:49:36] PRINT [03/22 03:49:36 graph]: # Epoch 94: train_loss: 0.4415 | lr: 0.000096
[2023-03-22 03:49:43] PRINT [03/22 03:49:43 graph]: --- Testf1: 0.88239, Best Valacc: 0.87927 in epoch 358 --- 
[2023-03-22 03:49:43] PRINT [03/22 03:49:43 graph]: Epoch 94: get test acc score:  0.88239
[2023-03-22 03:49:43] PRINT [03/22 03:49:43 graph]: best_f1 0.88793 at epoch 93
[2023-03-22 03:49:43] PRINT [03/22 03:49:43 graph]: start epoch 95.
[2023-03-22 03:49:43] PRINT [03/22 03:49:43 graph]: # Epoch 95: train_loss: 0.4415 | lr: 0.000096
[2023-03-22 03:49:51] PRINT [03/22 03:49:51 graph]: --- Testf1: 0.88148, Best Valacc: 0.87927 in epoch 458 --- 
[2023-03-22 03:49:51] PRINT [03/22 03:49:51 graph]: Epoch 95: get test acc score:  0.88148
[2023-03-22 03:49:51] PRINT [03/22 03:49:51 graph]: best_f1 0.88793 at epoch 93
[2023-03-22 03:49:51] PRINT [03/22 03:49:51 graph]: start epoch 96.
[2023-03-22 03:49:51] PRINT [03/22 03:49:51 graph]: # Epoch 96: train_loss: 0.4405 | lr: 0.000096
[2023-03-22 03:49:58] PRINT [03/22 03:49:58 graph]: --- Testf1: 0.88357, Best Valacc: 0.88000 in epoch 354 --- 
[2023-03-22 03:49:58] PRINT [03/22 03:49:58 graph]: Epoch 96: get test acc score:  0.88357
[2023-03-22 03:49:58] PRINT [03/22 03:49:58 graph]: best_f1 0.88793 at epoch 93
[2023-03-22 03:49:58] PRINT [03/22 03:49:58 graph]: start epoch 97.
[2023-03-22 03:49:58] PRINT [03/22 03:49:58 graph]: # Epoch 97: train_loss: 0.4406 | lr: 0.000096
[2023-03-22 03:50:05] PRINT [03/22 03:50:05 graph]: --- Testf1: 0.88229, Best Valacc: 0.87564 in epoch 317 --- 
[2023-03-22 03:50:05] PRINT [03/22 03:50:05 graph]: Epoch 97: get test acc score:  0.88229
[2023-03-22 03:50:05] PRINT [03/22 03:50:05 graph]: best_f1 0.88793 at epoch 93
[2023-03-22 03:50:05] PRINT [03/22 03:50:05 graph]: start epoch 98.
[2023-03-22 03:50:05] PRINT [03/22 03:50:05 graph]: # Epoch 98: train_loss: 0.4404 | lr: 0.000096
[2023-03-22 03:50:13] PRINT [03/22 03:50:13 graph]: --- Testf1: 0.88129, Best Valacc: 0.87782 in epoch 411 --- 
[2023-03-22 03:50:13] PRINT [03/22 03:50:13 graph]: Epoch 98: get test acc score:  0.88129
[2023-03-22 03:50:13] PRINT [03/22 03:50:13 graph]: best_f1 0.88793 at epoch 93
[2023-03-22 03:50:13] PRINT [03/22 03:50:13 graph]: start epoch 99.
[2023-03-22 03:50:13] PRINT [03/22 03:50:13 graph]: # Epoch 99: train_loss: 0.4399 | lr: 0.000096
[2023-03-22 03:50:20] PRINT [03/22 03:50:20 graph]: --- Testf1: 0.88338, Best Valacc: 0.88073 in epoch 490 --- 
[2023-03-22 03:50:20] PRINT [03/22 03:50:20 graph]: Epoch 99: get test acc score:  0.88338
[2023-03-22 03:50:20] PRINT [03/22 03:50:20 graph]: best_f1 0.88793 at epoch 93
[2023-03-22 03:50:20] PRINT [03/22 03:50:20 graph]: # final_acc: 0.88793±0.00000
