[2023-03-07 00:53:03] PRINT ---new cfg------
[2023-03-07 00:53:03] PRINT {'DATA': {'data_name': 'IMDB-BINARY', 'deg4feat': True}, 'DATALOADER': {'NUM_WORKERS': 0, 'BATCH_SIZE': 32}, 'MODEL': {'num_hidden': 128, 'num_layers': 2, 'nhead': 2, 'activation': 'prelu', 'attn_drop': 0.2, 'feat_drop': 0.4, 'norm': 'layernorm', 'pooler': 'mean', 'beta_schedule': 'sigmoid', 'beta_1': 0.0005603126434761444, 'beta_T': 0.04647280972478597, 'T': 107}, 'SOLVER': {'optim_type': 'adamw', 'optim_type_f': 'adamw', 'alpha': 1, 'decay': 40, 'LR': 0.0001892304212804778, 'weight_decay': 0.0005, 'MAX_EPOCH': 100}, 'DEVICE': 'cuda', 'seeds': [11], 'eval_T': [50, 100, 200], 'output_dir': '/ddm-nni/IMDB-B/log', 'checkpoint_dir': '/ddm-nni/IMDB-B/log/checkpoint'}
[2023-03-07 00:53:03] PRINT [03/07 00:53:03 graph]: Rank of current process: 0. World size: 1
[2023-03-07 00:53:06] PRINT [03/07 00:53:06 graph]: Environment info:
[2023-03-07 00:53:06] PRINT PyTorch version: 1.10.0+cu113
[2023-03-07 00:53:06] PRINT Is debug build: False
[2023-03-07 00:53:06] PRINT CUDA used to build PyTorch: 11.3
[2023-03-07 00:53:06] PRINT ROCM used to build PyTorch: N/A
[2023-03-07 00:53:06] PRINT 
[2023-03-07 00:53:06] PRINT OS: Ubuntu 20.04.3 LTS (x86_64)
[2023-03-07 00:53:06] PRINT GCC version: (Ubuntu 9.3.0-17ubuntu1~20.04) 9.3.0
[2023-03-07 00:53:06] PRINT Clang version: Could not collect
[2023-03-07 00:53:06] PRINT CMake version: version 3.16.3
[2023-03-07 00:53:06] PRINT Libc version: glibc-2.31
[2023-03-07 00:53:06] PRINT 
[2023-03-07 00:53:06] PRINT Python version: 3.8.10 (default, Jun  4 2021, 15:09:15)  [GCC 7.5.0] (64-bit runtime)
[2023-03-07 00:53:06] PRINT Python platform: Linux-5.4.0-90-generic-x86_64-with-glibc2.17
[2023-03-07 00:53:06] PRINT Is CUDA available: True
[2023-03-07 00:53:06] PRINT CUDA runtime version: 11.3.109
[2023-03-07 00:53:06] PRINT GPU models and configuration: GPU 0: NVIDIA GeForce RTX 3090
[2023-03-07 00:53:06] PRINT Nvidia driver version: 495.44
[2023-03-07 00:53:06] PRINT cuDNN version: Probably one of the following:
[2023-03-07 00:53:06] PRINT /usr/lib/x86_64-linux-gnu/libcudnn.so.8.2.0
[2023-03-07 00:53:06] PRINT /usr/lib/x86_64-linux-gnu/libcudnn_adv_infer.so.8.2.0
[2023-03-07 00:53:06] PRINT /usr/lib/x86_64-linux-gnu/libcudnn_adv_train.so.8.2.0
[2023-03-07 00:53:06] PRINT /usr/lib/x86_64-linux-gnu/libcudnn_cnn_infer.so.8.2.0
[2023-03-07 00:53:06] PRINT /usr/lib/x86_64-linux-gnu/libcudnn_cnn_train.so.8.2.0
[2023-03-07 00:53:06] PRINT /usr/lib/x86_64-linux-gnu/libcudnn_ops_infer.so.8.2.0
[2023-03-07 00:53:06] PRINT /usr/lib/x86_64-linux-gnu/libcudnn_ops_train.so.8.2.0
[2023-03-07 00:53:06] PRINT HIP runtime version: N/A
[2023-03-07 00:53:06] PRINT MIOpen runtime version: N/A
[2023-03-07 00:53:06] PRINT 
[2023-03-07 00:53:06] PRINT Versions of relevant libraries:
[2023-03-07 00:53:06] PRINT [pip3] numpy==1.23.5
[2023-03-07 00:53:06] PRINT [pip3] torch==1.10.0+cu113
[2023-03-07 00:53:06] PRINT [pip3] torchvision==0.11.1+cu113
[2023-03-07 00:53:06] PRINT [conda] blas                      1.0                         mkl    https://mirrors.ustc.edu.cn/anaconda/pkgs/main
[2023-03-07 00:53:06] PRINT [conda] mkl                       2021.4.0           h06a4308_640    https://mirrors.ustc.edu.cn/anaconda/pkgs/main
[2023-03-07 00:53:06] PRINT [conda] mkl-service               2.4.0            py38h7f8727e_0    https://mirrors.ustc.edu.cn/anaconda/pkgs/main
[2023-03-07 00:53:06] PRINT [conda] mkl_fft                   1.3.1            py38hd3c417c_0    https://mirrors.ustc.edu.cn/anaconda/pkgs/main
[2023-03-07 00:53:06] PRINT [conda] mkl_random                1.2.2            py38h51133e4_0    https://mirrors.ustc.edu.cn/anaconda/pkgs/main
[2023-03-07 00:53:06] PRINT [conda] numpy                     1.21.4                   pypi_0    pypi
[2023-03-07 00:53:06] PRINT [conda] numpy-base                1.23.5           py38h31eccc5_0    https://mirrors.ustc.edu.cn/anaconda/pkgs/main
[2023-03-07 00:53:06] PRINT [conda] torch                     1.10.0+cu113             pypi_0    pypi
[2023-03-07 00:53:06] PRINT [conda] torchvision               0.11.1+cu113             pypi_0    pypi
[2023-03-07 00:53:06] PRINT         Pillow (8.4.0)
[2023-03-07 00:53:06] PRINT [03/07 00:53:06 graph]: Command line arguments: Namespace(local_rank=0, resume=False, seed=1234, start_epoch=0)
[2023-03-07 00:53:06] PRINT Using degree as node features
[2023-03-07 00:53:08] PRINT ******** # Num Graphs: 1000, # Num Feat: 271, # Num Classes: 2 ********
[2023-03-07 00:53:08] PRINT [03/07 00:53:08 graph]: Run 0th for seed 11
[2023-03-07 00:53:08] PRINT [03/07 00:53:08 graph]: Total trainable params num : 638339
[2023-03-07 00:53:12] PRINT [03/07 00:53:12 graph]: ----------Start Training----------
[2023-03-07 00:53:13] PRINT [03/07 00:53:13 graph]: Epoch 0 | train_loss: 0.4629 | lr: 0.000189
[2023-03-07 00:53:14] PRINT [03/07 00:53:14 graph]: Epoch 1 | train_loss: 0.1787 | lr: 0.000189
[2023-03-07 00:53:14] PRINT [03/07 00:53:14 graph]: Epoch 2 | train_loss: 0.1483 | lr: 0.000189
