[2023-03-05 23:49:23] PRINT ---new cfg------
[2023-03-05 23:49:23] PRINT {'DATA': {'data_name': 'MUTAG', 'deg4feat': True}, 'DATALOADER': {'NUM_WORKERS': 0, 'BATCH_SIZE': 32}, 'MODEL': {'num_hidden': 512, 'num_layers': 2, 'nhead': 2, 'activation': 'prelu', 'attn_drop': 0.2, 'feat_drop': 0.5, 'norm': 'layernorm', 'pooler': 'mean', 'beta_schedule': 'const', 'beta_1': 0.00036512378112970385, 'beta_T': 0.06851103141152812, 'T': 337}, 'SOLVER': {'optim_type': 'adamw', 'optim_type_f': 'adamw', 'alpha': 0.8, 'decay': 20, 'LR': 0.0006153164819182713, 'weight_decay': 0.0005, 'MAX_EPOCH': 50}, 'DEVICE': 'cuda', 'seeds': [11], 'eval_T': [50, 100, 200], 'output_dir': '/ddm-nni/MUTAG/log', 'checkpoint_dir': '/ddm-nni/MUTAG/log/checkpoint'}
[2023-03-05 23:49:23] PRINT [03/05 23:49:23 graph]: Rank of current process: 0. World size: 1
[2023-03-05 23:49:27] PRINT [03/05 23:49:27 graph]: Environment info:
[2023-03-05 23:49:27] PRINT PyTorch version: 1.10.0+cu113
[2023-03-05 23:49:27] PRINT Is debug build: False
[2023-03-05 23:49:27] PRINT CUDA used to build PyTorch: 11.3
[2023-03-05 23:49:27] PRINT ROCM used to build PyTorch: N/A
[2023-03-05 23:49:27] PRINT 
[2023-03-05 23:49:27] PRINT OS: Ubuntu 20.04.3 LTS (x86_64)
[2023-03-05 23:49:27] PRINT GCC version: (Ubuntu 9.3.0-17ubuntu1~20.04) 9.3.0
[2023-03-05 23:49:27] PRINT Clang version: Could not collect
[2023-03-05 23:49:27] PRINT CMake version: version 3.16.3
[2023-03-05 23:49:27] PRINT Libc version: glibc-2.31
[2023-03-05 23:49:27] PRINT 
[2023-03-05 23:49:27] PRINT Python version: 3.8.10 (default, Jun  4 2021, 15:09:15)  [GCC 7.5.0] (64-bit runtime)
[2023-03-05 23:49:27] PRINT Python platform: Linux-5.4.0-90-generic-x86_64-with-glibc2.17
[2023-03-05 23:49:27] PRINT Is CUDA available: True
[2023-03-05 23:49:27] PRINT CUDA runtime version: 11.3.109
[2023-03-05 23:49:27] PRINT GPU models and configuration: GPU 0: NVIDIA GeForce RTX 3090
[2023-03-05 23:49:27] PRINT Nvidia driver version: 495.44
[2023-03-05 23:49:27] PRINT cuDNN version: Probably one of the following:
[2023-03-05 23:49:27] PRINT /usr/lib/x86_64-linux-gnu/libcudnn.so.8.2.0
[2023-03-05 23:49:27] PRINT /usr/lib/x86_64-linux-gnu/libcudnn_adv_infer.so.8.2.0
[2023-03-05 23:49:27] PRINT /usr/lib/x86_64-linux-gnu/libcudnn_adv_train.so.8.2.0
[2023-03-05 23:49:27] PRINT /usr/lib/x86_64-linux-gnu/libcudnn_cnn_infer.so.8.2.0
[2023-03-05 23:49:27] PRINT /usr/lib/x86_64-linux-gnu/libcudnn_cnn_train.so.8.2.0
[2023-03-05 23:49:27] PRINT /usr/lib/x86_64-linux-gnu/libcudnn_ops_infer.so.8.2.0
[2023-03-05 23:49:27] PRINT /usr/lib/x86_64-linux-gnu/libcudnn_ops_train.so.8.2.0
[2023-03-05 23:49:27] PRINT HIP runtime version: N/A
[2023-03-05 23:49:27] PRINT MIOpen runtime version: N/A
[2023-03-05 23:49:27] PRINT 
[2023-03-05 23:49:27] PRINT Versions of relevant libraries:
[2023-03-05 23:49:27] PRINT [pip3] numpy==1.23.5
[2023-03-05 23:49:27] PRINT [pip3] torch==1.10.0+cu113
[2023-03-05 23:49:27] PRINT [pip3] torchvision==0.11.1+cu113
[2023-03-05 23:49:27] PRINT [conda] blas                      1.0                         mkl    https://mirrors.ustc.edu.cn/anaconda/pkgs/main
[2023-03-05 23:49:27] PRINT [conda] mkl                       2021.4.0           h06a4308_640    https://mirrors.ustc.edu.cn/anaconda/pkgs/main
[2023-03-05 23:49:27] PRINT [conda] mkl-service               2.4.0            py38h7f8727e_0    https://mirrors.ustc.edu.cn/anaconda/pkgs/main
[2023-03-05 23:49:27] PRINT [conda] mkl_fft                   1.3.1            py38hd3c417c_0    https://mirrors.ustc.edu.cn/anaconda/pkgs/main
[2023-03-05 23:49:27] PRINT [conda] mkl_random                1.2.2            py38h51133e4_0    https://mirrors.ustc.edu.cn/anaconda/pkgs/main
[2023-03-05 23:49:27] PRINT [conda] numpy                     1.21.4                   pypi_0    pypi
[2023-03-05 23:49:27] PRINT [conda] numpy-base                1.23.5           py38h31eccc5_0    https://mirrors.ustc.edu.cn/anaconda/pkgs/main
[2023-03-05 23:49:27] PRINT [conda] torch                     1.10.0+cu113             pypi_0    pypi
[2023-03-05 23:49:27] PRINT [conda] torchvision               0.11.1+cu113             pypi_0    pypi
[2023-03-05 23:49:27] PRINT         Pillow (8.4.0)
[2023-03-05 23:49:27] PRINT [03/05 23:49:27 graph]: Command line arguments: Namespace(local_rank=0, resume=False, seed=1234, start_epoch=0)
[2023-03-05 23:49:27] PRINT Using degree as node features
[2023-03-05 23:49:27] PRINT ******** # Num Graphs: 188, # Num Feat: 5, # Num Classes: 2 ********
[2023-03-05 23:49:27] PRINT [03/05 23:49:27 graph]: Run 0th for seed 11
[2023-03-05 23:49:27] PRINT [03/05 23:49:27 graph]: Total trainable params num : 4913775
[2023-03-05 23:49:31] PRINT [03/05 23:49:31 graph]: ----------Start Training----------
[2023-03-05 23:49:32] PRINT [03/05 23:49:32 graph]: Epoch 0 | train_loss: 0.9247 | lr: 0.000615
[2023-03-05 23:49:32] PRINT [03/05 23:49:32 graph]: Epoch 1 | train_loss: 0.7653 | lr: 0.000615
[2023-03-05 23:49:32] PRINT [03/05 23:49:32 graph]: Epoch 2 | train_loss: 0.6941 | lr: 0.000615
[2023-03-05 23:49:35] PRINT [03/05 23:49:35 graph]: #Test_f1: 0.6705±0.0370
[2023-03-05 23:49:35] PRINT [03/05 23:49:35 graph]: Epoch 2: get test f1 score:  0.670
[2023-03-05 23:49:35] PRINT [03/05 23:49:35 graph]: best_f1 0.670 at epoch 2
[2023-03-05 23:49:36] PRINT [03/05 23:49:36 graph]: Epoch 3 | train_loss: 0.7001 | lr: 0.000615
[2023-03-05 23:49:39] PRINT [03/05 23:49:39 graph]: #Test_f1: 0.6708±0.0674
[2023-03-05 23:49:39] PRINT [03/05 23:49:39 graph]: Epoch 3: get test f1 score:  0.671
[2023-03-05 23:49:39] PRINT [03/05 23:49:39 graph]: best_f1 0.671 at epoch 3
[2023-03-05 23:49:39] PRINT [03/05 23:49:39 graph]: Epoch 4 | train_loss: 0.6543 | lr: 0.000615
[2023-03-05 23:49:42] PRINT [03/05 23:49:42 graph]: #Test_f1: 0.6915±0.0388
[2023-03-05 23:49:42] PRINT [03/05 23:49:42 graph]: Epoch 4: get test f1 score:  0.692
[2023-03-05 23:49:42] PRINT [03/05 23:49:42 graph]: best_f1 0.692 at epoch 4
[2023-03-05 23:49:43] PRINT [03/05 23:49:43 graph]: Epoch 5 | train_loss: 0.6409 | lr: 0.000615
[2023-03-05 23:49:45] PRINT [03/05 23:49:45 graph]: #Test_f1: 0.6649±0.0328
[2023-03-05 23:49:46] PRINT [03/05 23:49:46 graph]: Epoch 5: get test f1 score:  0.665
[2023-03-05 23:49:46] PRINT [03/05 23:49:46 graph]: best_f1 0.692 at epoch 4
[2023-03-05 23:49:46] PRINT [03/05 23:49:46 graph]: Epoch 6 | train_loss: 0.6304 | lr: 0.000615
[2023-03-05 23:49:49] PRINT [03/05 23:49:49 graph]: #Test_f1: 0.6649±0.0228
[2023-03-05 23:49:49] PRINT [03/05 23:49:49 graph]: Epoch 6: get test f1 score:  0.665
[2023-03-05 23:49:49] PRINT [03/05 23:49:49 graph]: best_f1 0.692 at epoch 4
[2023-03-05 23:49:49] PRINT [03/05 23:49:49 graph]: Epoch 7 | train_loss: 0.6172 | lr: 0.000615
[2023-03-05 23:49:52] PRINT [03/05 23:49:52 graph]: #Test_f1: 0.6649±0.0228
[2023-03-05 23:49:53] PRINT [03/05 23:49:53 graph]: Epoch 7: get test f1 score:  0.665
[2023-03-05 23:49:53] PRINT [03/05 23:49:53 graph]: best_f1 0.692 at epoch 4
[2023-03-05 23:49:53] PRINT [03/05 23:49:53 graph]: Epoch 8 | train_loss: 0.6194 | lr: 0.000615
[2023-03-05 23:49:56] PRINT [03/05 23:49:56 graph]: #Test_f1: 0.6649±0.0228
[2023-03-05 23:49:56] PRINT [03/05 23:49:56 graph]: Epoch 8: get test f1 score:  0.665
[2023-03-05 23:49:56] PRINT [03/05 23:49:56 graph]: best_f1 0.692 at epoch 4
[2023-03-05 23:49:57] PRINT [03/05 23:49:57 graph]: Epoch 9 | train_loss: 0.6164 | lr: 0.000615
[2023-03-05 23:49:59] PRINT [03/05 23:49:59 graph]: #Test_f1: 0.6649±0.0228
[2023-03-05 23:50:00] PRINT [03/05 23:50:00 graph]: Epoch 9: get test f1 score:  0.665
[2023-03-05 23:50:00] PRINT [03/05 23:50:00 graph]: best_f1 0.692 at epoch 4
[2023-03-05 23:50:00] PRINT [03/05 23:50:00 graph]: Epoch 10 | train_loss: 0.6256 | lr: 0.000615
[2023-03-05 23:50:03] PRINT [03/05 23:50:03 graph]: #Test_f1: 0.6649±0.0228
[2023-03-05 23:50:03] PRINT [03/05 23:50:03 graph]: Epoch 10: get test f1 score:  0.665
[2023-03-05 23:50:03] PRINT [03/05 23:50:03 graph]: best_f1 0.692 at epoch 4
[2023-03-05 23:50:04] PRINT [03/05 23:50:04 graph]: Epoch 11 | train_loss: 0.6298 | lr: 0.000615
[2023-03-05 23:50:06] PRINT [03/05 23:50:06 graph]: #Test_f1: 0.6649±0.0228
[2023-03-05 23:50:07] PRINT [03/05 23:50:07 graph]: Epoch 11: get test f1 score:  0.665
[2023-03-05 23:50:07] PRINT [03/05 23:50:07 graph]: best_f1 0.692 at epoch 4
[2023-03-05 23:50:07] PRINT [03/05 23:50:07 graph]: Epoch 12 | train_loss: 0.6397 | lr: 0.000615
[2023-03-05 23:50:10] PRINT [03/05 23:50:10 graph]: #Test_f1: 0.6596±0.0335
[2023-03-05 23:50:10] PRINT [03/05 23:50:10 graph]: Epoch 12: get test f1 score:  0.660
[2023-03-05 23:50:10] PRINT [03/05 23:50:10 graph]: best_f1 0.692 at epoch 4
[2023-03-05 23:50:10] PRINT [03/05 23:50:10 graph]: Epoch 13 | train_loss: 0.7885 | lr: 0.000615
[2023-03-05 23:50:13] PRINT [03/05 23:50:13 graph]: #Test_f1: 0.6649±0.0228
[2023-03-05 23:50:14] PRINT [03/05 23:50:14 graph]: Epoch 13: get test f1 score:  0.665
[2023-03-05 23:50:14] PRINT [03/05 23:50:14 graph]: best_f1 0.692 at epoch 4
[2023-03-05 23:50:14] PRINT [03/05 23:50:14 graph]: Epoch 14 | train_loss: 0.6868 | lr: 0.000615
[2023-03-05 23:50:17] PRINT [03/05 23:50:17 graph]: #Test_f1: 0.6649±0.0228
[2023-03-05 23:50:17] PRINT [03/05 23:50:17 graph]: Epoch 14: get test f1 score:  0.665
[2023-03-05 23:50:17] PRINT [03/05 23:50:17 graph]: best_f1 0.692 at epoch 4
[2023-03-05 23:50:17] PRINT [03/05 23:50:17 graph]: Epoch 15 | train_loss: 0.6411 | lr: 0.000615
[2023-03-05 23:50:20] PRINT [03/05 23:50:20 graph]: #Test_f1: 0.6702±0.0312
[2023-03-05 23:50:20] PRINT [03/05 23:50:20 graph]: Epoch 15: get test f1 score:  0.670
[2023-03-05 23:50:20] PRINT [03/05 23:50:20 graph]: best_f1 0.692 at epoch 4
[2023-03-05 23:50:21] PRINT [03/05 23:50:21 graph]: Epoch 16 | train_loss: 0.6496 | lr: 0.000615
[2023-03-05 23:50:23] PRINT [03/05 23:50:23 graph]: #Test_f1: 0.6596±0.0335
[2023-03-05 23:50:24] PRINT [03/05 23:50:24 graph]: Epoch 16: get test f1 score:  0.660
[2023-03-05 23:50:24] PRINT [03/05 23:50:24 graph]: best_f1 0.692 at epoch 4
[2023-03-05 23:50:24] PRINT [03/05 23:50:24 graph]: Epoch 17 | train_loss: 0.6540 | lr: 0.000615
[2023-03-05 23:50:27] PRINT [03/05 23:50:27 graph]: #Test_f1: 0.6754±0.0162
[2023-03-05 23:50:27] PRINT [03/05 23:50:27 graph]: Epoch 17: get test f1 score:  0.675
[2023-03-05 23:50:27] PRINT [03/05 23:50:27 graph]: best_f1 0.692 at epoch 4
[2023-03-05 23:50:27] PRINT [03/05 23:50:27 graph]: Epoch 18 | train_loss: 0.7994 | lr: 0.000615
[2023-03-05 23:50:30] PRINT [03/05 23:50:30 graph]: #Test_f1: 0.6807±0.0246
[2023-03-05 23:50:30] PRINT [03/05 23:50:30 graph]: Epoch 18: get test f1 score:  0.681
[2023-03-05 23:50:30] PRINT [03/05 23:50:30 graph]: best_f1 0.692 at epoch 4
[2023-03-05 23:50:30] PRINT [03/05 23:50:30 graph]: Epoch 19 | train_loss: 1.0475 | lr: 0.000615
[2023-03-05 23:50:33] PRINT [03/05 23:50:33 graph]: #Test_f1: 0.6649±0.0228
[2023-03-05 23:50:34] PRINT [03/05 23:50:34 graph]: Epoch 19: get test f1 score:  0.665
[2023-03-05 23:50:34] PRINT [03/05 23:50:34 graph]: best_f1 0.692 at epoch 4
[2023-03-05 23:50:34] PRINT [03/05 23:50:34 graph]: Epoch 20 | train_loss: 1.1496 | lr: 0.000492
[2023-03-05 23:50:37] PRINT [03/05 23:50:37 graph]: #Test_f1: 0.6649±0.0228
[2023-03-05 23:50:37] PRINT [03/05 23:50:37 graph]: Epoch 20: get test f1 score:  0.665
[2023-03-05 23:50:37] PRINT [03/05 23:50:37 graph]: best_f1 0.692 at epoch 4
[2023-03-05 23:50:38] PRINT [03/05 23:50:38 graph]: Epoch 21 | train_loss: 1.1078 | lr: 0.000492
[2023-03-05 23:50:41] PRINT [03/05 23:50:41 graph]: #Test_f1: 0.6649±0.0228
[2023-03-05 23:50:41] PRINT [03/05 23:50:41 graph]: Epoch 21: get test f1 score:  0.665
[2023-03-05 23:50:41] PRINT [03/05 23:50:41 graph]: best_f1 0.692 at epoch 4
[2023-03-05 23:50:41] PRINT [03/05 23:50:41 graph]: Epoch 22 | train_loss: 1.0033 | lr: 0.000492
[2023-03-05 23:50:44] PRINT [03/05 23:50:44 graph]: #Test_f1: 0.6968±0.0410
[2023-03-05 23:50:44] PRINT [03/05 23:50:44 graph]: Epoch 22: get test f1 score:  0.697
[2023-03-05 23:50:44] PRINT [03/05 23:50:44 graph]: best_f1 0.697 at epoch 22
[2023-03-05 23:50:45] PRINT [03/05 23:50:45 graph]: Epoch 23 | train_loss: 0.8950 | lr: 0.000492
[2023-03-05 23:50:48] PRINT [03/05 23:50:48 graph]: #Test_f1: 0.7442±0.0592
[2023-03-05 23:50:48] PRINT [03/05 23:50:48 graph]: Epoch 23: get test f1 score:  0.744
[2023-03-05 23:50:48] PRINT [03/05 23:50:48 graph]: best_f1 0.744 at epoch 23
[2023-03-05 23:50:48] PRINT [03/05 23:50:48 graph]: Epoch 24 | train_loss: 0.8294 | lr: 0.000492
[2023-03-05 23:50:51] PRINT [03/05 23:50:51 graph]: #Test_f1: 0.7974±0.0684
[2023-03-05 23:50:51] PRINT [03/05 23:50:51 graph]: Epoch 24: get test f1 score:  0.797
[2023-03-05 23:50:51] PRINT [03/05 23:50:51 graph]: best_f1 0.797 at epoch 24
[2023-03-05 23:50:52] PRINT [03/05 23:50:52 graph]: Epoch 25 | train_loss: 0.7848 | lr: 0.000492
[2023-03-05 23:50:55] PRINT [03/05 23:50:55 graph]: #Test_f1: 0.7553±0.0351
[2023-03-05 23:50:55] PRINT [03/05 23:50:55 graph]: Epoch 25: get test f1 score:  0.755
[2023-03-05 23:50:55] PRINT [03/05 23:50:55 graph]: best_f1 0.797 at epoch 24
[2023-03-05 23:50:55] PRINT [03/05 23:50:55 graph]: Epoch 26 | train_loss: 0.7602 | lr: 0.000492
[2023-03-05 23:50:58] PRINT [03/05 23:50:58 graph]: #Test_f1: 0.7757±0.0770
[2023-03-05 23:50:58] PRINT [03/05 23:50:58 graph]: Epoch 26: get test f1 score:  0.776
[2023-03-05 23:50:58] PRINT [03/05 23:50:58 graph]: best_f1 0.797 at epoch 24
[2023-03-05 23:50:59] PRINT [03/05 23:50:59 graph]: Epoch 27 | train_loss: 0.7269 | lr: 0.000492
[2023-03-05 23:51:02] PRINT [03/05 23:51:02 graph]: #Test_f1: 0.7816±0.0903
[2023-03-05 23:51:02] PRINT [03/05 23:51:02 graph]: Epoch 27: get test f1 score:  0.782
[2023-03-05 23:51:02] PRINT [03/05 23:51:02 graph]: best_f1 0.797 at epoch 24
[2023-03-05 23:51:02] PRINT [03/05 23:51:02 graph]: Epoch 28 | train_loss: 0.7271 | lr: 0.000492
[2023-03-05 23:51:05] PRINT [03/05 23:51:05 graph]: #Test_f1: 0.7550±0.0644
[2023-03-05 23:51:06] PRINT [03/05 23:51:06 graph]: Epoch 28: get test f1 score:  0.755
[2023-03-05 23:51:06] PRINT [03/05 23:51:06 graph]: best_f1 0.797 at epoch 24
[2023-03-05 23:51:06] PRINT [03/05 23:51:06 graph]: Epoch 29 | train_loss: 0.8210 | lr: 0.000492
[2023-03-05 23:51:09] PRINT [03/05 23:51:09 graph]: #Test_f1: 0.6915±0.0388
[2023-03-05 23:51:09] PRINT [03/05 23:51:09 graph]: Epoch 29: get test f1 score:  0.692
[2023-03-05 23:51:09] PRINT [03/05 23:51:09 graph]: best_f1 0.797 at epoch 24
[2023-03-05 23:51:09] PRINT [03/05 23:51:09 graph]: Epoch 30 | train_loss: 0.7950 | lr: 0.000492
[2023-03-05 23:51:12] PRINT [03/05 23:51:12 graph]: #Test_f1: 0.7553±0.0715
[2023-03-05 23:51:13] PRINT [03/05 23:51:13 graph]: Epoch 30: get test f1 score:  0.755
[2023-03-05 23:51:13] PRINT [03/05 23:51:13 graph]: best_f1 0.797 at epoch 24
[2023-03-05 23:51:13] PRINT [03/05 23:51:13 graph]: Epoch 31 | train_loss: 0.7657 | lr: 0.000492
[2023-03-05 23:51:16] PRINT [03/05 23:51:16 graph]: #Test_f1: 0.7661±0.0645
[2023-03-05 23:51:16] PRINT [03/05 23:51:16 graph]: Epoch 31: get test f1 score:  0.766
[2023-03-05 23:51:16] PRINT [03/05 23:51:16 graph]: best_f1 0.797 at epoch 24
[2023-03-05 23:51:17] PRINT [03/05 23:51:17 graph]: Epoch 32 | train_loss: 0.7629 | lr: 0.000492
[2023-03-05 23:51:19] PRINT [03/05 23:51:19 graph]: #Test_f1: 0.8029±0.0719
[2023-03-05 23:51:20] PRINT [03/05 23:51:20 graph]: Epoch 32: get test f1 score:  0.803
[2023-03-05 23:51:20] PRINT [03/05 23:51:20 graph]: best_f1 0.803 at epoch 32
[2023-03-05 23:51:20] PRINT [03/05 23:51:20 graph]: Epoch 33 | train_loss: 0.7081 | lr: 0.000492
[2023-03-05 23:51:23] PRINT [03/05 23:51:23 graph]: #Test_f1: 0.7664±0.0619
[2023-03-05 23:51:23] PRINT [03/05 23:51:23 graph]: Epoch 33: get test f1 score:  0.766
[2023-03-05 23:51:23] PRINT [03/05 23:51:23 graph]: best_f1 0.803 at epoch 32
[2023-03-05 23:51:24] PRINT [03/05 23:51:24 graph]: Epoch 34 | train_loss: 0.7171 | lr: 0.000492
[2023-03-05 23:51:26] PRINT [03/05 23:51:26 graph]: #Test_f1: 0.7713±0.0669
[2023-03-05 23:51:27] PRINT [03/05 23:51:27 graph]: Epoch 34: get test f1 score:  0.771
[2023-03-05 23:51:27] PRINT [03/05 23:51:27 graph]: best_f1 0.803 at epoch 32
[2023-03-05 23:51:27] PRINT [03/05 23:51:27 graph]: Epoch 35 | train_loss: 0.6911 | lr: 0.000492
[2023-03-05 23:51:30] PRINT [03/05 23:51:30 graph]: #Test_f1: 0.7553±0.0863
[2023-03-05 23:51:30] PRINT [03/05 23:51:30 graph]: Epoch 35: get test f1 score:  0.755
[2023-03-05 23:51:30] PRINT [03/05 23:51:30 graph]: best_f1 0.803 at epoch 32
[2023-03-05 23:51:30] PRINT [03/05 23:51:30 graph]: Epoch 36 | train_loss: 0.7172 | lr: 0.000492
[2023-03-05 23:51:33] PRINT [03/05 23:51:33 graph]: #Test_f1: 0.7184±0.0389
[2023-03-05 23:51:34] PRINT [03/05 23:51:34 graph]: Epoch 36: get test f1 score:  0.718
[2023-03-05 23:51:34] PRINT [03/05 23:51:34 graph]: best_f1 0.803 at epoch 32
[2023-03-05 23:51:34] PRINT [03/05 23:51:34 graph]: Epoch 37 | train_loss: 0.7426 | lr: 0.000492
[2023-03-05 23:51:37] PRINT [03/05 23:51:37 graph]: #Test_f1: 0.7287±0.0761
[2023-03-05 23:51:37] PRINT [03/05 23:51:37 graph]: Epoch 37: get test f1 score:  0.729
[2023-03-05 23:51:37] PRINT [03/05 23:51:37 graph]: best_f1 0.803 at epoch 32
[2023-03-05 23:51:37] PRINT [03/05 23:51:37 graph]: Epoch 38 | train_loss: 0.7513 | lr: 0.000492
[2023-03-05 23:51:40] PRINT [03/05 23:51:40 graph]: #Test_f1: 0.7237±0.0735
[2023-03-05 23:51:40] PRINT [03/05 23:51:40 graph]: Epoch 38: get test f1 score:  0.724
[2023-03-05 23:51:40] PRINT [03/05 23:51:40 graph]: best_f1 0.803 at epoch 32
[2023-03-05 23:51:41] PRINT [03/05 23:51:41 graph]: Epoch 39 | train_loss: 0.7449 | lr: 0.000492
[2023-03-05 23:51:44] PRINT [03/05 23:51:44 graph]: #Test_f1: 0.7287±0.0556
[2023-03-05 23:51:44] PRINT [03/05 23:51:44 graph]: Epoch 39: get test f1 score:  0.729
[2023-03-05 23:51:44] PRINT [03/05 23:51:44 graph]: best_f1 0.803 at epoch 32
[2023-03-05 23:51:44] PRINT [03/05 23:51:44 graph]: Epoch 40 | train_loss: 0.7754 | lr: 0.000394
[2023-03-05 23:51:47] PRINT [03/05 23:51:47 graph]: #Test_f1: 0.7067±0.0415
[2023-03-05 23:51:48] PRINT [03/05 23:51:48 graph]: Epoch 40: get test f1 score:  0.707
[2023-03-05 23:51:48] PRINT [03/05 23:51:48 graph]: best_f1 0.803 at epoch 32
[2023-03-05 23:51:48] PRINT [03/05 23:51:48 graph]: Epoch 41 | train_loss: 0.7643 | lr: 0.000394
[2023-03-05 23:51:51] PRINT [03/05 23:51:51 graph]: #Test_f1: 0.6649±0.0328
[2023-03-05 23:51:51] PRINT [03/05 23:51:51 graph]: Epoch 41: get test f1 score:  0.665
[2023-03-05 23:51:51] PRINT [03/05 23:51:51 graph]: best_f1 0.803 at epoch 32
[2023-03-05 23:51:51] PRINT [03/05 23:51:51 graph]: Epoch 42 | train_loss: 0.7904 | lr: 0.000394
[2023-03-05 23:51:54] PRINT [03/05 23:51:54 graph]: #Test_f1: 0.6968±0.0578
[2023-03-05 23:51:55] PRINT [03/05 23:51:55 graph]: Epoch 42: get test f1 score:  0.697
[2023-03-05 23:51:55] PRINT [03/05 23:51:55 graph]: best_f1 0.803 at epoch 32
[2023-03-05 23:51:55] PRINT [03/05 23:51:55 graph]: Epoch 43 | train_loss: 0.7561 | lr: 0.000394
[2023-03-05 23:51:58] PRINT [03/05 23:51:58 graph]: #Test_f1: 0.6968±0.0335
[2023-03-05 23:51:58] PRINT [03/05 23:51:58 graph]: Epoch 43: get test f1 score:  0.697
[2023-03-05 23:51:58] PRINT [03/05 23:51:58 graph]: best_f1 0.803 at epoch 32
[2023-03-05 23:51:58] PRINT [03/05 23:51:58 graph]: Epoch 44 | train_loss: 0.7318 | lr: 0.000394
[2023-03-05 23:52:01] PRINT [03/05 23:52:01 graph]: #Test_f1: 0.7067±0.0710
[2023-03-05 23:52:01] PRINT [03/05 23:52:01 graph]: Epoch 44: get test f1 score:  0.707
[2023-03-05 23:52:01] PRINT [03/05 23:52:01 graph]: best_f1 0.803 at epoch 32
[2023-03-05 23:52:02] PRINT [03/05 23:52:02 graph]: Epoch 45 | train_loss: 0.7231 | lr: 0.000394
[2023-03-05 23:52:05] PRINT [03/05 23:52:05 graph]: #Test_f1: 0.7450±0.0969
[2023-03-05 23:52:05] PRINT [03/05 23:52:05 graph]: Epoch 45: get test f1 score:  0.745
[2023-03-05 23:52:05] PRINT [03/05 23:52:05 graph]: best_f1 0.803 at epoch 32
[2023-03-05 23:52:05] PRINT [03/05 23:52:05 graph]: Epoch 46 | train_loss: 0.7023 | lr: 0.000394
[2023-03-05 23:52:08] PRINT [03/05 23:52:08 graph]: #Test_f1: 0.7073±0.0545
[2023-03-05 23:52:08] PRINT [03/05 23:52:08 graph]: Epoch 46: get test f1 score:  0.707
[2023-03-05 23:52:08] PRINT [03/05 23:52:08 graph]: best_f1 0.803 at epoch 32
[2023-03-05 23:52:08] PRINT [03/05 23:52:08 graph]: Epoch 47 | train_loss: 0.6743 | lr: 0.000394
[2023-03-05 23:52:11] PRINT [03/05 23:52:11 graph]: #Test_f1: 0.7658±0.0592
[2023-03-05 23:52:12] PRINT [03/05 23:52:12 graph]: Epoch 47: get test f1 score:  0.766
[2023-03-05 23:52:12] PRINT [03/05 23:52:12 graph]: best_f1 0.803 at epoch 32
[2023-03-05 23:52:12] PRINT [03/05 23:52:12 graph]: Epoch 48 | train_loss: 0.6509 | lr: 0.000394
[2023-03-05 23:52:15] PRINT [03/05 23:52:15 graph]: #Test_f1: 0.7284±0.0516
[2023-03-05 23:52:15] PRINT [03/05 23:52:15 graph]: Epoch 48: get test f1 score:  0.728
[2023-03-05 23:52:15] PRINT [03/05 23:52:15 graph]: best_f1 0.803 at epoch 32
[2023-03-05 23:52:15] PRINT [03/05 23:52:15 graph]: Epoch 49 | train_loss: 0.6563 | lr: 0.000394
[2023-03-05 23:52:18] PRINT [03/05 23:52:18 graph]: #Test_f1: 0.7450±0.0802
[2023-03-05 23:52:18] PRINT [03/05 23:52:18 graph]: Epoch 49: get test f1 score:  0.745
[2023-03-05 23:52:18] PRINT [03/05 23:52:18 graph]: best_f1 0.803 at epoch 32
[2023-03-05 23:52:19] PRINT [03/05 23:52:19 graph]: # final_acc: 0.8029±0.0000
