[2023-03-22 09:19:20] PRINT ---new cfg------
[2023-03-22 09:19:20] PRINT {'DATA': {'data_name': 'comp'}, 'DATALOADER': {'NUM_WORKERS': 0}, 'MODEL': {'num_hidden': 512, 'num_layers': 2, 'nhead': 4, 'activation': 'prelu', 'attn_drop': 0.2, 'feat_drop': 0.30000000000000004, 'norm': 'batchnorm', 'pooler': 'mean', 'beta_schedule': 'quad', 'beta_1': 0.00031102068693443117, 'beta_T': 0.00788494557913556, 'T': 595}, 'SOLVER': {'optim_type': 'adam', 'optim_type_f': 'adamw', 'alpha': 1, 'decay': 20, 'LR': 0.00018759173964651014, 'LR_f': 0.04485490891202373, 'weight_decay': 0, 'weight_decay_f': 0.0008067519130110585, 'MAX_EPOCH': 100, 'max_epoch_f': 500}, 'DEVICE': 'cuda', 'seeds': [0], 'eval_T': [50, 100, 200], 'output_dir': '/ddm-nni/AmazonCoBuyComputerDataset¶/log', 'checkpoint_dir': '/ddm-nni/AmazonCoBuyComputerDataset¶/log/checkpoint'}
[2023-03-22 09:19:20] PRINT [03/22 09:19:20 graph]: Rank of current process: 0. World size: 1
[2023-03-22 09:19:24] PRINT [03/22 09:19:24 graph]: Environment info:
[2023-03-22 09:19:24] PRINT PyTorch version: 1.10.0+cu113
[2023-03-22 09:19:24] PRINT Is debug build: False
[2023-03-22 09:19:24] PRINT CUDA used to build PyTorch: 11.3
[2023-03-22 09:19:24] PRINT ROCM used to build PyTorch: N/A
[2023-03-22 09:19:24] PRINT 
[2023-03-22 09:19:24] PRINT OS: Ubuntu 20.04.3 LTS (x86_64)
[2023-03-22 09:19:24] PRINT GCC version: (Ubuntu 9.3.0-17ubuntu1~20.04) 9.3.0
[2023-03-22 09:19:24] PRINT Clang version: Could not collect
[2023-03-22 09:19:24] PRINT CMake version: version 3.16.3
[2023-03-22 09:19:24] PRINT Libc version: glibc-2.31
[2023-03-22 09:19:24] PRINT 
[2023-03-22 09:19:24] PRINT Python version: 3.8.10 (default, Jun  4 2021, 15:09:15)  [GCC 7.5.0] (64-bit runtime)
[2023-03-22 09:19:24] PRINT Python platform: Linux-5.4.0-90-generic-x86_64-with-glibc2.17
[2023-03-22 09:19:24] PRINT Is CUDA available: True
[2023-03-22 09:19:24] PRINT CUDA runtime version: 11.3.109
[2023-03-22 09:19:24] PRINT GPU models and configuration: GPU 0: NVIDIA GeForce RTX 3090
[2023-03-22 09:19:24] PRINT Nvidia driver version: 495.44
[2023-03-22 09:19:24] PRINT cuDNN version: Probably one of the following:
[2023-03-22 09:19:24] PRINT /usr/lib/x86_64-linux-gnu/libcudnn.so.8.2.0
[2023-03-22 09:19:24] PRINT /usr/lib/x86_64-linux-gnu/libcudnn_adv_infer.so.8.2.0
[2023-03-22 09:19:24] PRINT /usr/lib/x86_64-linux-gnu/libcudnn_adv_train.so.8.2.0
[2023-03-22 09:19:24] PRINT /usr/lib/x86_64-linux-gnu/libcudnn_cnn_infer.so.8.2.0
[2023-03-22 09:19:24] PRINT /usr/lib/x86_64-linux-gnu/libcudnn_cnn_train.so.8.2.0
[2023-03-22 09:19:24] PRINT /usr/lib/x86_64-linux-gnu/libcudnn_ops_infer.so.8.2.0
[2023-03-22 09:19:24] PRINT /usr/lib/x86_64-linux-gnu/libcudnn_ops_train.so.8.2.0
[2023-03-22 09:19:24] PRINT HIP runtime version: N/A
[2023-03-22 09:19:24] PRINT MIOpen runtime version: N/A
[2023-03-22 09:19:24] PRINT 
[2023-03-22 09:19:24] PRINT Versions of relevant libraries:
[2023-03-22 09:19:24] PRINT [pip3] numpy==1.23.5
[2023-03-22 09:19:24] PRINT [pip3] torch==1.10.0+cu113
[2023-03-22 09:19:24] PRINT [pip3] torchvision==0.11.1+cu113
[2023-03-22 09:19:24] PRINT [conda] blas                      1.0                         mkl    https://mirrors.ustc.edu.cn/anaconda/pkgs/main
[2023-03-22 09:19:24] PRINT [conda] mkl                       2021.4.0           h06a4308_640    https://mirrors.ustc.edu.cn/anaconda/pkgs/main
[2023-03-22 09:19:24] PRINT [conda] mkl-service               2.4.0            py38h7f8727e_0    https://mirrors.ustc.edu.cn/anaconda/pkgs/main
[2023-03-22 09:19:24] PRINT [conda] mkl_fft                   1.3.1            py38hd3c417c_0    https://mirrors.ustc.edu.cn/anaconda/pkgs/main
[2023-03-22 09:19:24] PRINT [conda] mkl_random                1.2.2            py38h51133e4_0    https://mirrors.ustc.edu.cn/anaconda/pkgs/main
[2023-03-22 09:19:24] PRINT [conda] numpy                     1.21.4                   pypi_0    pypi
[2023-03-22 09:19:24] PRINT [conda] numpy-base                1.23.5           py38h31eccc5_0    https://mirrors.ustc.edu.cn/anaconda/pkgs/main
[2023-03-22 09:19:24] PRINT [conda] torch                     1.10.0+cu113             pypi_0    pypi
[2023-03-22 09:19:24] PRINT [conda] torchvision               0.11.1+cu113             pypi_0    pypi
[2023-03-22 09:19:24] PRINT         Pillow (8.4.0)
[2023-03-22 09:19:24] PRINT [03/22 09:19:24 graph]: Command line arguments: Namespace(local_rank=0, resume=False, seed=1234, start_epoch=0)
[2023-03-22 09:19:24] PRINT [03/22 09:19:24 graph]: Run 0th for seed 0
[2023-03-22 09:19:24] PRINT [03/22 09:19:24 graph]: Total trainable params num : 7985667
[2023-03-22 09:19:29] PRINT [03/22 09:19:29 graph]: ----------Start Training----------
[2023-03-22 09:19:29] PRINT [03/22 09:19:29 graph]: start epoch 0.
[2023-03-22 09:19:30] PRINT [03/22 09:19:30 graph]: # Epoch 0: train_loss: 1.0213 | lr: 0.000188
[2023-03-22 09:19:30] PRINT [03/22 09:19:30 graph]: start epoch 1.
[2023-03-22 09:19:30] PRINT [03/22 09:19:30 graph]: # Epoch 1: train_loss: 0.8343 | lr: 0.000188
[2023-03-22 09:19:30] PRINT [03/22 09:19:30 graph]: start epoch 2.
[2023-03-22 09:19:30] PRINT [03/22 09:19:30 graph]: # Epoch 2: train_loss: 0.7460 | lr: 0.000188
[2023-03-22 09:19:30] PRINT [03/22 09:19:30 graph]: start epoch 3.
[2023-03-22 09:19:30] PRINT [03/22 09:19:30 graph]: # Epoch 3: train_loss: 0.6870 | lr: 0.000188
[2023-03-22 09:19:30] PRINT [03/22 09:19:30 graph]: start epoch 4.
[2023-03-22 09:19:30] PRINT [03/22 09:19:30 graph]: # Epoch 4: train_loss: 0.6471 | lr: 0.000188
[2023-03-22 09:19:30] PRINT [03/22 09:19:30 graph]: start epoch 5.
[2023-03-22 09:19:30] PRINT [03/22 09:19:30 graph]: # Epoch 5: train_loss: 0.6200 | lr: 0.000188
[2023-03-22 09:19:30] PRINT [03/22 09:19:30 graph]: start epoch 6.
[2023-03-22 09:19:30] PRINT [03/22 09:19:30 graph]: # Epoch 6: train_loss: 0.5993 | lr: 0.000188
[2023-03-22 09:19:30] PRINT [03/22 09:19:30 graph]: start epoch 7.
[2023-03-22 09:19:30] PRINT [03/22 09:19:30 graph]: # Epoch 7: train_loss: 0.5845 | lr: 0.000188
[2023-03-22 09:19:30] PRINT [03/22 09:19:30 graph]: start epoch 8.
[2023-03-22 09:19:30] PRINT [03/22 09:19:30 graph]: # Epoch 8: train_loss: 0.5723 | lr: 0.000188
[2023-03-22 09:19:30] PRINT [03/22 09:19:30 graph]: start epoch 9.
[2023-03-22 09:19:30] PRINT [03/22 09:19:30 graph]: # Epoch 9: train_loss: 0.5617 | lr: 0.000188
[2023-03-22 09:19:30] PRINT [03/22 09:19:30 graph]: start epoch 10.
[2023-03-22 09:19:30] PRINT [03/22 09:19:30 graph]: # Epoch 10: train_loss: 0.5526 | lr: 0.000188
[2023-03-22 09:19:30] PRINT [03/22 09:19:30 graph]: start epoch 11.
[2023-03-22 09:19:30] PRINT [03/22 09:19:30 graph]: # Epoch 11: train_loss: 0.5438 | lr: 0.000188
[2023-03-22 09:19:30] PRINT [03/22 09:19:30 graph]: start epoch 12.
[2023-03-22 09:19:30] PRINT [03/22 09:19:30 graph]: # Epoch 12: train_loss: 0.5356 | lr: 0.000188
[2023-03-22 09:19:30] PRINT [03/22 09:19:30 graph]: start epoch 13.
[2023-03-22 09:19:30] PRINT [03/22 09:19:30 graph]: # Epoch 13: train_loss: 0.5287 | lr: 0.000188
[2023-03-22 09:19:30] PRINT [03/22 09:19:30 graph]: start epoch 14.
[2023-03-22 09:19:31] PRINT [03/22 09:19:31 graph]: # Epoch 14: train_loss: 0.5222 | lr: 0.000188
[2023-03-22 09:19:31] PRINT [03/22 09:19:31 graph]: start epoch 15.
[2023-03-22 09:19:31] PRINT [03/22 09:19:31 graph]: # Epoch 15: train_loss: 0.5169 | lr: 0.000188
[2023-03-22 09:19:31] PRINT [03/22 09:19:31 graph]: start epoch 16.
[2023-03-22 09:19:31] PRINT [03/22 09:19:31 graph]: # Epoch 16: train_loss: 0.5118 | lr: 0.000188
[2023-03-22 09:19:31] PRINT [03/22 09:19:31 graph]: start epoch 17.
[2023-03-22 09:19:31] PRINT [03/22 09:19:31 graph]: # Epoch 17: train_loss: 0.5069 | lr: 0.000188
[2023-03-22 09:19:31] PRINT [03/22 09:19:31 graph]: start epoch 18.
[2023-03-22 09:19:31] PRINT [03/22 09:19:31 graph]: # Epoch 18: train_loss: 0.5023 | lr: 0.000188
[2023-03-22 09:19:31] PRINT [03/22 09:19:31 graph]: start epoch 19.
[2023-03-22 09:19:31] PRINT [03/22 09:19:31 graph]: # Epoch 19: train_loss: 0.4982 | lr: 0.000188
[2023-03-22 09:19:31] PRINT [03/22 09:19:31 graph]: start epoch 20.
[2023-03-22 09:19:31] PRINT [03/22 09:19:31 graph]: # Epoch 20: train_loss: 0.4944 | lr: 0.000188
[2023-03-22 09:19:31] PRINT [03/22 09:19:31 graph]: start epoch 21.
[2023-03-22 09:19:31] PRINT [03/22 09:19:31 graph]: # Epoch 21: train_loss: 0.4908 | lr: 0.000188
[2023-03-22 09:19:31] PRINT [03/22 09:19:31 graph]: start epoch 22.
[2023-03-22 09:19:31] PRINT [03/22 09:19:31 graph]: # Epoch 22: train_loss: 0.4878 | lr: 0.000188
[2023-03-22 09:19:31] PRINT [03/22 09:19:31 graph]: start epoch 23.
[2023-03-22 09:19:31] PRINT [03/22 09:19:31 graph]: # Epoch 23: train_loss: 0.4847 | lr: 0.000188
[2023-03-22 09:19:31] PRINT [03/22 09:19:31 graph]: start epoch 24.
[2023-03-22 09:19:31] PRINT [03/22 09:19:31 graph]: # Epoch 24: train_loss: 0.4821 | lr: 0.000188
[2023-03-22 09:19:31] PRINT [03/22 09:19:31 graph]: start epoch 25.
[2023-03-22 09:19:31] PRINT [03/22 09:19:31 graph]: # Epoch 25: train_loss: 0.4795 | lr: 0.000188
[2023-03-22 09:19:31] PRINT [03/22 09:19:31 graph]: start epoch 26.
[2023-03-22 09:19:31] PRINT [03/22 09:19:31 graph]: # Epoch 26: train_loss: 0.4767 | lr: 0.000188
[2023-03-22 09:19:31] PRINT [03/22 09:19:31 graph]: start epoch 27.
[2023-03-22 09:19:32] PRINT [03/22 09:19:32 graph]: # Epoch 27: train_loss: 0.4745 | lr: 0.000188
[2023-03-22 09:19:32] PRINT [03/22 09:19:32 graph]: start epoch 28.
[2023-03-22 09:19:32] PRINT [03/22 09:19:32 graph]: # Epoch 28: train_loss: 0.4719 | lr: 0.000188
[2023-03-22 09:19:32] PRINT [03/22 09:19:32 graph]: start epoch 29.
[2023-03-22 09:19:32] PRINT [03/22 09:19:32 graph]: # Epoch 29: train_loss: 0.4698 | lr: 0.000188
[2023-03-22 09:19:32] PRINT [03/22 09:19:32 graph]: start epoch 30.
[2023-03-22 09:19:32] PRINT [03/22 09:19:32 graph]: # Epoch 30: train_loss: 0.4677 | lr: 0.000188
[2023-03-22 09:19:32] PRINT [03/22 09:19:32 graph]: start epoch 31.
[2023-03-22 09:19:32] PRINT [03/22 09:19:32 graph]: # Epoch 31: train_loss: 0.4656 | lr: 0.000188
[2023-03-22 09:19:32] PRINT [03/22 09:19:32 graph]: start epoch 32.
[2023-03-22 09:19:32] PRINT [03/22 09:19:32 graph]: # Epoch 32: train_loss: 0.4636 | lr: 0.000188
[2023-03-22 09:19:32] PRINT [03/22 09:19:32 graph]: start epoch 33.
[2023-03-22 09:19:32] PRINT [03/22 09:19:32 graph]: # Epoch 33: train_loss: 0.4616 | lr: 0.000188
[2023-03-22 09:19:32] PRINT [03/22 09:19:32 graph]: start epoch 34.
[2023-03-22 09:19:32] PRINT [03/22 09:19:32 graph]: # Epoch 34: train_loss: 0.4597 | lr: 0.000188
[2023-03-22 09:19:32] PRINT [03/22 09:19:32 graph]: start epoch 35.
[2023-03-22 09:19:32] PRINT [03/22 09:19:32 graph]: # Epoch 35: train_loss: 0.4581 | lr: 0.000188
[2023-03-22 09:19:32] PRINT [03/22 09:19:32 graph]: start epoch 36.
[2023-03-22 09:19:32] PRINT [03/22 09:19:32 graph]: # Epoch 36: train_loss: 0.4564 | lr: 0.000188
[2023-03-22 09:19:32] PRINT [03/22 09:19:32 graph]: start epoch 37.
[2023-03-22 09:19:32] PRINT [03/22 09:19:32 graph]: # Epoch 37: train_loss: 0.4546 | lr: 0.000188
[2023-03-22 09:19:32] PRINT [03/22 09:19:32 graph]: start epoch 38.
[2023-03-22 09:19:32] PRINT [03/22 09:19:32 graph]: # Epoch 38: train_loss: 0.4530 | lr: 0.000188
[2023-03-22 09:19:32] PRINT [03/22 09:19:32 graph]: start epoch 39.
[2023-03-22 09:19:32] PRINT [03/22 09:19:32 graph]: # Epoch 39: train_loss: 0.4515 | lr: 0.000188
[2023-03-22 09:19:32] PRINT [03/22 09:19:32 graph]: start epoch 40.
[2023-03-22 09:19:33] PRINT [03/22 09:19:33 graph]: # Epoch 40: train_loss: 0.4499 | lr: 0.000188
[2023-03-22 09:19:33] PRINT [03/22 09:19:33 graph]: start epoch 41.
[2023-03-22 09:19:33] PRINT [03/22 09:19:33 graph]: # Epoch 41: train_loss: 0.4491 | lr: 0.000188
[2023-03-22 09:19:33] PRINT [03/22 09:19:33 graph]: start epoch 42.
[2023-03-22 09:19:33] PRINT [03/22 09:19:33 graph]: # Epoch 42: train_loss: 0.4477 | lr: 0.000188
[2023-03-22 09:19:33] PRINT [03/22 09:19:33 graph]: start epoch 43.
[2023-03-22 09:19:33] PRINT [03/22 09:19:33 graph]: # Epoch 43: train_loss: 0.4466 | lr: 0.000188
[2023-03-22 09:19:33] PRINT [03/22 09:19:33 graph]: start epoch 44.
[2023-03-22 09:19:33] PRINT [03/22 09:19:33 graph]: # Epoch 44: train_loss: 0.4449 | lr: 0.000188
[2023-03-22 09:19:33] PRINT [03/22 09:19:33 graph]: start epoch 45.
[2023-03-22 09:19:33] PRINT [03/22 09:19:33 graph]: # Epoch 45: train_loss: 0.4445 | lr: 0.000188
[2023-03-22 09:19:33] PRINT [03/22 09:19:33 graph]: start epoch 46.
[2023-03-22 09:19:33] PRINT [03/22 09:19:33 graph]: # Epoch 46: train_loss: 0.4450 | lr: 0.000188
[2023-03-22 09:19:33] PRINT [03/22 09:19:33 graph]: start epoch 47.
[2023-03-22 09:19:33] PRINT [03/22 09:19:33 graph]: # Epoch 47: train_loss: 0.4415 | lr: 0.000188
[2023-03-22 09:19:33] PRINT [03/22 09:19:33 graph]: start epoch 48.
[2023-03-22 09:19:33] PRINT [03/22 09:19:33 graph]: # Epoch 48: train_loss: 0.4448 | lr: 0.000188
[2023-03-22 09:19:33] PRINT [03/22 09:19:33 graph]: start epoch 49.
[2023-03-22 09:19:33] PRINT [03/22 09:19:33 graph]: # Epoch 49: train_loss: 0.4413 | lr: 0.000188
[2023-03-22 09:19:33] PRINT [03/22 09:19:33 graph]: start epoch 50.
[2023-03-22 09:19:33] PRINT [03/22 09:19:33 graph]: # Epoch 50: train_loss: 0.4420 | lr: 0.000188
[2023-03-22 09:19:33] PRINT [03/22 09:19:33 graph]: start epoch 51.
[2023-03-22 09:19:33] PRINT [03/22 09:19:33 graph]: # Epoch 51: train_loss: 0.4375 | lr: 0.000188
[2023-03-22 09:19:41] PRINT [03/22 09:19:41 graph]: --- Testf1: 0.89284, Best Valacc: 0.89818 in epoch 483 --- 
[2023-03-22 09:19:41] PRINT [03/22 09:19:41 graph]: Epoch 51: get test acc score:  0.89284
[2023-03-22 09:19:41] PRINT [03/22 09:19:41 graph]: best_f1 0.89284 at epoch 51
[2023-03-22 09:19:41] PRINT [03/22 09:19:41 graph]: start epoch 52.
[2023-03-22 09:19:41] PRINT [03/22 09:19:41 graph]: # Epoch 52: train_loss: 0.4408 | lr: 0.000188
[2023-03-22 09:19:48] PRINT [03/22 09:19:48 graph]: --- Testf1: 0.89202, Best Valacc: 0.89745 in epoch 281 --- 
[2023-03-22 09:19:49] PRINT [03/22 09:19:49 graph]: Epoch 52: get test acc score:  0.89202
[2023-03-22 09:19:49] PRINT [03/22 09:19:49 graph]: best_f1 0.89284 at epoch 51
[2023-03-22 09:19:49] PRINT [03/22 09:19:49 graph]: start epoch 53.
[2023-03-22 09:19:49] PRINT [03/22 09:19:49 graph]: # Epoch 53: train_loss: 0.4358 | lr: 0.000188
[2023-03-22 09:19:56] PRINT [03/22 09:19:56 graph]: --- Testf1: 0.89120, Best Valacc: 0.89745 in epoch 258 --- 
[2023-03-22 09:19:56] PRINT [03/22 09:19:56 graph]: Epoch 53: get test acc score:  0.89120
[2023-03-22 09:19:56] PRINT [03/22 09:19:56 graph]: best_f1 0.89284 at epoch 51
[2023-03-22 09:19:56] PRINT [03/22 09:19:56 graph]: start epoch 54.
[2023-03-22 09:19:57] PRINT [03/22 09:19:57 graph]: # Epoch 54: train_loss: 0.4371 | lr: 0.000188
[2023-03-22 09:20:04] PRINT [03/22 09:20:04 graph]: --- Testf1: 0.89529, Best Valacc: 0.89382 in epoch 380 --- 
[2023-03-22 09:20:04] PRINT [03/22 09:20:04 graph]: Epoch 54: get test acc score:  0.89529
[2023-03-22 09:20:04] PRINT [03/22 09:20:04 graph]: best_f1 0.89529 at epoch 54
[2023-03-22 09:20:04] PRINT [03/22 09:20:04 graph]: start epoch 55.
[2023-03-22 09:20:04] PRINT [03/22 09:20:04 graph]: # Epoch 55: train_loss: 0.4349 | lr: 0.000188
[2023-03-22 09:20:11] PRINT [03/22 09:20:11 graph]: --- Testf1: 0.89647, Best Valacc: 0.89309 in epoch 445 --- 
[2023-03-22 09:20:11] PRINT [03/22 09:20:11 graph]: Epoch 55: get test acc score:  0.89647
[2023-03-22 09:20:11] PRINT [03/22 09:20:11 graph]: best_f1 0.89647 at epoch 55
[2023-03-22 09:20:11] PRINT [03/22 09:20:11 graph]: start epoch 56.
[2023-03-22 09:20:12] PRINT [03/22 09:20:12 graph]: # Epoch 56: train_loss: 0.4336 | lr: 0.000188
[2023-03-22 09:20:19] PRINT [03/22 09:20:19 graph]: --- Testf1: 0.89302, Best Valacc: 0.89455 in epoch 457 --- 
[2023-03-22 09:20:19] PRINT [03/22 09:20:19 graph]: Epoch 56: get test acc score:  0.89302
[2023-03-22 09:20:19] PRINT [03/22 09:20:19 graph]: best_f1 0.89647 at epoch 55
[2023-03-22 09:20:19] PRINT [03/22 09:20:19 graph]: start epoch 57.
[2023-03-22 09:20:19] PRINT [03/22 09:20:19 graph]: # Epoch 57: train_loss: 0.4338 | lr: 0.000188
[2023-03-22 09:20:27] PRINT [03/22 09:20:27 graph]: --- Testf1: 0.89275, Best Valacc: 0.89236 in epoch 314 --- 
[2023-03-22 09:20:27] PRINT [03/22 09:20:27 graph]: Epoch 57: get test acc score:  0.89275
[2023-03-22 09:20:27] PRINT [03/22 09:20:27 graph]: best_f1 0.89647 at epoch 55
[2023-03-22 09:20:27] PRINT [03/22 09:20:27 graph]: start epoch 58.
[2023-03-22 09:20:27] PRINT [03/22 09:20:27 graph]: # Epoch 58: train_loss: 0.4316 | lr: 0.000188
[2023-03-22 09:20:34] PRINT [03/22 09:20:34 graph]: --- Testf1: 0.89193, Best Valacc: 0.89455 in epoch 345 --- 
[2023-03-22 09:20:35] PRINT [03/22 09:20:35 graph]: Epoch 58: get test acc score:  0.89193
[2023-03-22 09:20:35] PRINT [03/22 09:20:35 graph]: best_f1 0.89647 at epoch 55
[2023-03-22 09:20:35] PRINT [03/22 09:20:35 graph]: start epoch 59.
[2023-03-22 09:20:35] PRINT [03/22 09:20:35 graph]: # Epoch 59: train_loss: 0.4320 | lr: 0.000188
[2023-03-22 09:20:42] PRINT [03/22 09:20:42 graph]: --- Testf1: 0.89529, Best Valacc: 0.89964 in epoch 365 --- 
[2023-03-22 09:20:42] PRINT [03/22 09:20:42 graph]: Epoch 59: get test acc score:  0.89529
[2023-03-22 09:20:42] PRINT [03/22 09:20:42 graph]: best_f1 0.89647 at epoch 55
[2023-03-22 09:20:42] PRINT [03/22 09:20:42 graph]: start epoch 60.
[2023-03-22 09:20:42] PRINT [03/22 09:20:42 graph]: # Epoch 60: train_loss: 0.4304 | lr: 0.000188
[2023-03-22 09:20:49] PRINT [03/22 09:20:49 graph]: --- Testf1: 0.89075, Best Valacc: 0.89891 in epoch 391 --- 
[2023-03-22 09:20:50] PRINT [03/22 09:20:50 graph]: Epoch 60: get test acc score:  0.89075
[2023-03-22 09:20:50] PRINT [03/22 09:20:50 graph]: best_f1 0.89647 at epoch 55
[2023-03-22 09:20:50] PRINT [03/22 09:20:50 graph]: start epoch 61.
[2023-03-22 09:20:50] PRINT [03/22 09:20:50 graph]: # Epoch 61: train_loss: 0.4297 | lr: 0.000188
[2023-03-22 09:20:57] PRINT [03/22 09:20:57 graph]: --- Testf1: 0.88966, Best Valacc: 0.89745 in epoch 382 --- 
[2023-03-22 09:20:57] PRINT [03/22 09:20:57 graph]: Epoch 61: get test acc score:  0.88966
[2023-03-22 09:20:57] PRINT [03/22 09:20:57 graph]: best_f1 0.89647 at epoch 55
[2023-03-22 09:20:57] PRINT [03/22 09:20:57 graph]: start epoch 62.
[2023-03-22 09:20:58] PRINT [03/22 09:20:58 graph]: # Epoch 62: train_loss: 0.4290 | lr: 0.000188
[2023-03-22 09:21:05] PRINT [03/22 09:21:05 graph]: --- Testf1: 0.89611, Best Valacc: 0.89818 in epoch 478 --- 
[2023-03-22 09:21:05] PRINT [03/22 09:21:05 graph]: Epoch 62: get test acc score:  0.89611
[2023-03-22 09:21:05] PRINT [03/22 09:21:05 graph]: best_f1 0.89647 at epoch 55
[2023-03-22 09:21:05] PRINT [03/22 09:21:05 graph]: start epoch 63.
[2023-03-22 09:21:05] PRINT [03/22 09:21:05 graph]: # Epoch 63: train_loss: 0.4279 | lr: 0.000188
[2023-03-22 09:21:13] PRINT [03/22 09:21:13 graph]: --- Testf1: 0.89193, Best Valacc: 0.89745 in epoch 267 --- 
[2023-03-22 09:21:13] PRINT [03/22 09:21:13 graph]: Epoch 63: get test acc score:  0.89193
[2023-03-22 09:21:13] PRINT [03/22 09:21:13 graph]: best_f1 0.89647 at epoch 55
[2023-03-22 09:21:13] PRINT [03/22 09:21:13 graph]: start epoch 64.
[2023-03-22 09:21:13] PRINT [03/22 09:21:13 graph]: # Epoch 64: train_loss: 0.4277 | lr: 0.000188
[2023-03-22 09:21:20] PRINT [03/22 09:21:20 graph]: --- Testf1: 0.88938, Best Valacc: 0.89964 in epoch 463 --- 
[2023-03-22 09:21:21] PRINT [03/22 09:21:21 graph]: Epoch 64: get test acc score:  0.88938
[2023-03-22 09:21:21] PRINT [03/22 09:21:21 graph]: best_f1 0.89647 at epoch 55
[2023-03-22 09:21:21] PRINT [03/22 09:21:21 graph]: start epoch 65.
[2023-03-22 09:21:21] PRINT [03/22 09:21:21 graph]: # Epoch 65: train_loss: 0.4265 | lr: 0.000188
[2023-03-22 09:21:28] PRINT [03/22 09:21:28 graph]: --- Testf1: 0.89475, Best Valacc: 0.90327 in epoch 145 --- 
[2023-03-22 09:21:28] PRINT [03/22 09:21:28 graph]: Epoch 65: get test acc score:  0.89475
[2023-03-22 09:21:28] PRINT [03/22 09:21:28 graph]: best_f1 0.89647 at epoch 55
[2023-03-22 09:21:28] PRINT [03/22 09:21:28 graph]: start epoch 66.
[2023-03-22 09:21:28] PRINT [03/22 09:21:28 graph]: # Epoch 66: train_loss: 0.4257 | lr: 0.000188
[2023-03-22 09:21:35] PRINT [03/22 09:21:35 graph]: --- Testf1: 0.89284, Best Valacc: 0.89673 in epoch 247 --- 
[2023-03-22 09:21:36] PRINT [03/22 09:21:36 graph]: Epoch 66: get test acc score:  0.89284
[2023-03-22 09:21:36] PRINT [03/22 09:21:36 graph]: best_f1 0.89647 at epoch 55
[2023-03-22 09:21:36] PRINT [03/22 09:21:36 graph]: start epoch 67.
[2023-03-22 09:21:36] PRINT [03/22 09:21:36 graph]: # Epoch 67: train_loss: 0.4252 | lr: 0.000188
[2023-03-22 09:21:43] PRINT [03/22 09:21:43 graph]: --- Testf1: 0.89329, Best Valacc: 0.89745 in epoch 485 --- 
[2023-03-22 09:21:43] PRINT [03/22 09:21:43 graph]: Epoch 67: get test acc score:  0.89329
[2023-03-22 09:21:43] PRINT [03/22 09:21:43 graph]: best_f1 0.89647 at epoch 55
[2023-03-22 09:21:43] PRINT [03/22 09:21:43 graph]: start epoch 68.
[2023-03-22 09:21:43] PRINT [03/22 09:21:43 graph]: # Epoch 68: train_loss: 0.4241 | lr: 0.000188
[2023-03-22 09:21:51] PRINT [03/22 09:21:51 graph]: --- Testf1: 0.89247, Best Valacc: 0.89527 in epoch 434 --- 
[2023-03-22 09:21:51] PRINT [03/22 09:21:51 graph]: Epoch 68: get test acc score:  0.89247
[2023-03-22 09:21:51] PRINT [03/22 09:21:51 graph]: best_f1 0.89647 at epoch 55
[2023-03-22 09:21:51] PRINT [03/22 09:21:51 graph]: start epoch 69.
[2023-03-22 09:21:51] PRINT [03/22 09:21:51 graph]: # Epoch 69: train_loss: 0.4237 | lr: 0.000188
[2023-03-22 09:21:58] PRINT [03/22 09:21:58 graph]: --- Testf1: 0.89675, Best Valacc: 0.89818 in epoch 440 --- 
[2023-03-22 09:21:59] PRINT [03/22 09:21:59 graph]: Epoch 69: get test acc score:  0.89675
[2023-03-22 09:21:59] PRINT [03/22 09:21:59 graph]: best_f1 0.89675 at epoch 69
[2023-03-22 09:21:59] PRINT [03/22 09:21:59 graph]: start epoch 70.
[2023-03-22 09:21:59] PRINT [03/22 09:21:59 graph]: # Epoch 70: train_loss: 0.4230 | lr: 0.000188
[2023-03-22 09:22:06] PRINT [03/22 09:22:06 graph]: --- Testf1: 0.89029, Best Valacc: 0.89673 in epoch 408 --- 
[2023-03-22 09:22:06] PRINT [03/22 09:22:06 graph]: Epoch 70: get test acc score:  0.89029
[2023-03-22 09:22:06] PRINT [03/22 09:22:06 graph]: best_f1 0.89675 at epoch 69
[2023-03-22 09:22:06] PRINT [03/22 09:22:06 graph]: start epoch 71.
[2023-03-22 09:22:06] PRINT [03/22 09:22:06 graph]: # Epoch 71: train_loss: 0.4233 | lr: 0.000188
[2023-03-22 09:22:13] PRINT [03/22 09:22:13 graph]: --- Testf1: 0.89329, Best Valacc: 0.90036 in epoch 241 --- 
[2023-03-22 09:22:13] PRINT [03/22 09:22:13 graph]: Epoch 71: get test acc score:  0.89329
[2023-03-22 09:22:13] PRINT [03/22 09:22:13 graph]: best_f1 0.89675 at epoch 69
[2023-03-22 09:22:13] PRINT [03/22 09:22:13 graph]: start epoch 72.
[2023-03-22 09:22:13] PRINT [03/22 09:22:13 graph]: # Epoch 72: train_loss: 0.4215 | lr: 0.000188
[2023-03-22 09:22:20] PRINT [03/22 09:22:20 graph]: --- Testf1: 0.89393, Best Valacc: 0.89818 in epoch 208 --- 
[2023-03-22 09:22:21] PRINT [03/22 09:22:21 graph]: Epoch 72: get test acc score:  0.89393
[2023-03-22 09:22:21] PRINT [03/22 09:22:21 graph]: best_f1 0.89675 at epoch 69
[2023-03-22 09:22:21] PRINT [03/22 09:22:21 graph]: start epoch 73.
[2023-03-22 09:22:21] PRINT [03/22 09:22:21 graph]: # Epoch 73: train_loss: 0.4215 | lr: 0.000188
[2023-03-22 09:22:28] PRINT [03/22 09:22:28 graph]: --- Testf1: 0.88784, Best Valacc: 0.89891 in epoch 131 --- 
[2023-03-22 09:22:28] PRINT [03/22 09:22:28 graph]: Epoch 73: get test acc score:  0.88784
[2023-03-22 09:22:28] PRINT [03/22 09:22:28 graph]: best_f1 0.89675 at epoch 69
[2023-03-22 09:22:28] PRINT [03/22 09:22:28 graph]: start epoch 74.
[2023-03-22 09:22:28] PRINT [03/22 09:22:28 graph]: # Epoch 74: train_loss: 0.4203 | lr: 0.000188
[2023-03-22 09:22:36] PRINT [03/22 09:22:36 graph]: --- Testf1: 0.89166, Best Valacc: 0.89745 in epoch 359 --- 
[2023-03-22 09:22:36] PRINT [03/22 09:22:36 graph]: Epoch 74: get test acc score:  0.89166
[2023-03-22 09:22:36] PRINT [03/22 09:22:36 graph]: best_f1 0.89675 at epoch 69
[2023-03-22 09:22:36] PRINT [03/22 09:22:36 graph]: start epoch 75.
[2023-03-22 09:22:36] PRINT [03/22 09:22:36 graph]: # Epoch 75: train_loss: 0.4201 | lr: 0.000188
[2023-03-22 09:22:42] PRINT [03/22 09:22:42 graph]: --- Testf1: 0.89266, Best Valacc: 0.90109 in epoch 316 --- 
[2023-03-22 09:22:43] PRINT [03/22 09:22:43 graph]: Epoch 75: get test acc score:  0.89266
[2023-03-22 09:22:43] PRINT [03/22 09:22:43 graph]: best_f1 0.89675 at epoch 69
[2023-03-22 09:22:43] PRINT [03/22 09:22:43 graph]: start epoch 76.
[2023-03-22 09:22:43] PRINT [03/22 09:22:43 graph]: # Epoch 76: train_loss: 0.4193 | lr: 0.000188
[2023-03-22 09:22:48] PRINT [03/22 09:22:48 graph]: --- Testf1: 0.89429, Best Valacc: 0.89818 in epoch 139 --- 
[2023-03-22 09:22:49] PRINT [03/22 09:22:49 graph]: Epoch 76: get test acc score:  0.89429
[2023-03-22 09:22:49] PRINT [03/22 09:22:49 graph]: best_f1 0.89675 at epoch 69
[2023-03-22 09:22:49] PRINT [03/22 09:22:49 graph]: start epoch 77.
[2023-03-22 09:22:49] PRINT [03/22 09:22:49 graph]: # Epoch 77: train_loss: 0.4184 | lr: 0.000188
[2023-03-22 09:22:54] PRINT [03/22 09:22:54 graph]: --- Testf1: 0.89402, Best Valacc: 0.89891 in epoch 469 --- 
[2023-03-22 09:22:55] PRINT [03/22 09:22:55 graph]: Epoch 77: get test acc score:  0.89402
[2023-03-22 09:22:55] PRINT [03/22 09:22:55 graph]: best_f1 0.89675 at epoch 69
[2023-03-22 09:22:55] PRINT [03/22 09:22:55 graph]: start epoch 78.
[2023-03-22 09:22:55] PRINT [03/22 09:22:55 graph]: # Epoch 78: train_loss: 0.4180 | lr: 0.000188
[2023-03-22 09:22:59] PRINT [03/22 09:22:59 graph]: --- Testf1: 0.88666, Best Valacc: 0.90109 in epoch 428 --- 
[2023-03-22 09:23:00] PRINT [03/22 09:23:00 graph]: Epoch 78: get test acc score:  0.88666
[2023-03-22 09:23:00] PRINT [03/22 09:23:00 graph]: best_f1 0.89675 at epoch 69
[2023-03-22 09:23:00] PRINT [03/22 09:23:00 graph]: start epoch 79.
[2023-03-22 09:23:00] PRINT [03/22 09:23:00 graph]: # Epoch 79: train_loss: 0.4170 | lr: 0.000188
[2023-03-22 09:23:08] PRINT [03/22 09:23:08 graph]: --- Testf1: 0.89466, Best Valacc: 0.89964 in epoch 470 --- 
[2023-03-22 09:23:09] PRINT [03/22 09:23:09 graph]: Epoch 79: get test acc score:  0.89466
[2023-03-22 09:23:09] PRINT [03/22 09:23:09 graph]: best_f1 0.89675 at epoch 69
[2023-03-22 09:23:09] PRINT [03/22 09:23:09 graph]: start epoch 80.
[2023-03-22 09:23:09] PRINT [03/22 09:23:09 graph]: # Epoch 80: train_loss: 0.4171 | lr: 0.000188
[2023-03-22 09:23:14] PRINT [03/22 09:23:14 graph]: --- Testf1: 0.89157, Best Valacc: 0.89818 in epoch 417 --- 
[2023-03-22 09:23:15] PRINT [03/22 09:23:15 graph]: Epoch 80: get test acc score:  0.89157
[2023-03-22 09:23:15] PRINT [03/22 09:23:15 graph]: best_f1 0.89675 at epoch 69
[2023-03-22 09:23:15] PRINT [03/22 09:23:15 graph]: start epoch 81.
[2023-03-22 09:23:15] PRINT [03/22 09:23:15 graph]: # Epoch 81: train_loss: 0.4160 | lr: 0.000188
[2023-03-22 09:23:25] PRINT [03/22 09:23:25 graph]: --- Testf1: 0.89193, Best Valacc: 0.90109 in epoch 461 --- 
[2023-03-22 09:23:25] PRINT [03/22 09:23:25 graph]: Epoch 81: get test acc score:  0.89193
[2023-03-22 09:23:25] PRINT [03/22 09:23:25 graph]: best_f1 0.89675 at epoch 69
[2023-03-22 09:23:25] PRINT [03/22 09:23:25 graph]: start epoch 82.
[2023-03-22 09:23:25] PRINT [03/22 09:23:25 graph]: # Epoch 82: train_loss: 0.4158 | lr: 0.000188
[2023-03-22 09:23:32] PRINT [03/22 09:23:32 graph]: --- Testf1: 0.89647, Best Valacc: 0.90182 in epoch 178 --- 
[2023-03-22 09:23:33] PRINT [03/22 09:23:33 graph]: Epoch 82: get test acc score:  0.89647
[2023-03-22 09:23:33] PRINT [03/22 09:23:33 graph]: best_f1 0.89675 at epoch 69
[2023-03-22 09:23:33] PRINT [03/22 09:23:33 graph]: start epoch 83.
[2023-03-22 09:23:33] PRINT [03/22 09:23:33 graph]: # Epoch 83: train_loss: 0.4145 | lr: 0.000188
[2023-03-22 09:23:40] PRINT [03/22 09:23:40 graph]: --- Testf1: 0.89147, Best Valacc: 0.90036 in epoch 380 --- 
[2023-03-22 09:23:40] PRINT [03/22 09:23:40 graph]: Epoch 83: get test acc score:  0.89147
[2023-03-22 09:23:40] PRINT [03/22 09:23:40 graph]: best_f1 0.89675 at epoch 69
[2023-03-22 09:23:40] PRINT [03/22 09:23:40 graph]: start epoch 84.
[2023-03-22 09:23:40] PRINT [03/22 09:23:40 graph]: # Epoch 84: train_loss: 0.4147 | lr: 0.000188
[2023-03-22 09:23:47] PRINT [03/22 09:23:47 graph]: --- Testf1: 0.89765, Best Valacc: 0.90109 in epoch 161 --- 
[2023-03-22 09:23:47] PRINT [03/22 09:23:47 graph]: Epoch 84: get test acc score:  0.89765
[2023-03-22 09:23:47] PRINT [03/22 09:23:47 graph]: best_f1 0.89765 at epoch 84
[2023-03-22 09:23:47] PRINT [03/22 09:23:47 graph]: start epoch 85.
[2023-03-22 09:23:47] PRINT [03/22 09:23:47 graph]: # Epoch 85: train_loss: 0.4140 | lr: 0.000188
[2023-03-22 09:23:55] PRINT [03/22 09:23:55 graph]: --- Testf1: 0.88629, Best Valacc: 0.89891 in epoch 497 --- 
[2023-03-22 09:23:55] PRINT [03/22 09:23:55 graph]: Epoch 85: get test acc score:  0.88629
[2023-03-22 09:23:55] PRINT [03/22 09:23:55 graph]: best_f1 0.89765 at epoch 84
[2023-03-22 09:23:55] PRINT [03/22 09:23:55 graph]: start epoch 86.
[2023-03-22 09:23:55] PRINT [03/22 09:23:55 graph]: # Epoch 86: train_loss: 0.4131 | lr: 0.000188
[2023-03-22 09:24:02] PRINT [03/22 09:24:02 graph]: --- Testf1: 0.89511, Best Valacc: 0.89818 in epoch 424 --- 
[2023-03-22 09:24:03] PRINT [03/22 09:24:03 graph]: Epoch 86: get test acc score:  0.89511
[2023-03-22 09:24:03] PRINT [03/22 09:24:03 graph]: best_f1 0.89765 at epoch 84
[2023-03-22 09:24:03] PRINT [03/22 09:24:03 graph]: start epoch 87.
[2023-03-22 09:24:03] PRINT [03/22 09:24:03 graph]: # Epoch 87: train_loss: 0.4128 | lr: 0.000188
[2023-03-22 09:24:10] PRINT [03/22 09:24:10 graph]: --- Testf1: 0.88829, Best Valacc: 0.90400 in epoch 393 --- 
[2023-03-22 09:24:10] PRINT [03/22 09:24:10 graph]: Epoch 87: get test acc score:  0.88829
[2023-03-22 09:24:10] PRINT [03/22 09:24:10 graph]: best_f1 0.89765 at epoch 84
[2023-03-22 09:24:10] PRINT [03/22 09:24:10 graph]: start epoch 88.
[2023-03-22 09:24:10] PRINT [03/22 09:24:10 graph]: # Epoch 88: train_loss: 0.4126 | lr: 0.000188
[2023-03-22 09:24:18] PRINT [03/22 09:24:18 graph]: --- Testf1: 0.89466, Best Valacc: 0.90400 in epoch 173 --- 
[2023-03-22 09:24:18] PRINT [03/22 09:24:18 graph]: Epoch 88: get test acc score:  0.89466
[2023-03-22 09:24:18] PRINT [03/22 09:24:18 graph]: best_f1 0.89765 at epoch 84
[2023-03-22 09:24:18] PRINT [03/22 09:24:18 graph]: start epoch 89.
[2023-03-22 09:24:18] PRINT [03/22 09:24:18 graph]: # Epoch 89: train_loss: 0.4117 | lr: 0.000188
[2023-03-22 09:24:25] PRINT [03/22 09:24:25 graph]: --- Testf1: 0.88875, Best Valacc: 0.89964 in epoch 322 --- 
[2023-03-22 09:24:25] PRINT [03/22 09:24:25 graph]: Epoch 89: get test acc score:  0.88875
[2023-03-22 09:24:25] PRINT [03/22 09:24:25 graph]: best_f1 0.89765 at epoch 84
[2023-03-22 09:24:25] PRINT [03/22 09:24:25 graph]: start epoch 90.
[2023-03-22 09:24:25] PRINT [03/22 09:24:25 graph]: # Epoch 90: train_loss: 0.4114 | lr: 0.000188
[2023-03-22 09:24:33] PRINT [03/22 09:24:33 graph]: --- Testf1: 0.88893, Best Valacc: 0.90618 in epoch 293 --- 
[2023-03-22 09:24:33] PRINT [03/22 09:24:33 graph]: Epoch 90: get test acc score:  0.88893
[2023-03-22 09:24:33] PRINT [03/22 09:24:33 graph]: best_f1 0.89765 at epoch 84
[2023-03-22 09:24:33] PRINT [03/22 09:24:33 graph]: start epoch 91.
[2023-03-22 09:24:33] PRINT [03/22 09:24:33 graph]: # Epoch 91: train_loss: 0.4109 | lr: 0.000188
[2023-03-22 09:24:40] PRINT [03/22 09:24:40 graph]: --- Testf1: 0.89493, Best Valacc: 0.90036 in epoch 473 --- 
[2023-03-22 09:24:41] PRINT [03/22 09:24:41 graph]: Epoch 91: get test acc score:  0.89493
[2023-03-22 09:24:41] PRINT [03/22 09:24:41 graph]: best_f1 0.89765 at epoch 84
[2023-03-22 09:24:41] PRINT [03/22 09:24:41 graph]: start epoch 92.
[2023-03-22 09:24:41] PRINT [03/22 09:24:41 graph]: # Epoch 92: train_loss: 0.4111 | lr: 0.000188
[2023-03-22 09:24:48] PRINT [03/22 09:24:48 graph]: --- Testf1: 0.89575, Best Valacc: 0.89891 in epoch 229 --- 
[2023-03-22 09:24:48] PRINT [03/22 09:24:48 graph]: Epoch 92: get test acc score:  0.89575
[2023-03-22 09:24:48] PRINT [03/22 09:24:48 graph]: best_f1 0.89765 at epoch 84
[2023-03-22 09:24:48] PRINT [03/22 09:24:48 graph]: start epoch 93.
[2023-03-22 09:24:48] PRINT [03/22 09:24:48 graph]: # Epoch 93: train_loss: 0.4112 | lr: 0.000188
[2023-03-22 09:24:56] PRINT [03/22 09:24:56 graph]: --- Testf1: 0.89484, Best Valacc: 0.90036 in epoch 365 --- 
[2023-03-22 09:24:56] PRINT [03/22 09:24:56 graph]: Epoch 93: get test acc score:  0.89484
[2023-03-22 09:24:56] PRINT [03/22 09:24:56 graph]: best_f1 0.89765 at epoch 84
[2023-03-22 09:24:56] PRINT [03/22 09:24:56 graph]: start epoch 94.
[2023-03-22 09:24:56] PRINT [03/22 09:24:56 graph]: # Epoch 94: train_loss: 0.4094 | lr: 0.000188
[2023-03-22 09:25:03] PRINT [03/22 09:25:03 graph]: --- Testf1: 0.88993, Best Valacc: 0.90109 in epoch 380 --- 
[2023-03-22 09:25:04] PRINT [03/22 09:25:04 graph]: Epoch 94: get test acc score:  0.88993
[2023-03-22 09:25:04] PRINT [03/22 09:25:04 graph]: best_f1 0.89765 at epoch 84
[2023-03-22 09:25:04] PRINT [03/22 09:25:04 graph]: start epoch 95.
[2023-03-22 09:25:04] PRINT [03/22 09:25:04 graph]: # Epoch 95: train_loss: 0.4092 | lr: 0.000188
[2023-03-22 09:25:11] PRINT [03/22 09:25:11 graph]: --- Testf1: 0.89420, Best Valacc: 0.90400 in epoch 204 --- 
[2023-03-22 09:25:11] PRINT [03/22 09:25:11 graph]: Epoch 95: get test acc score:  0.89420
[2023-03-22 09:25:11] PRINT [03/22 09:25:11 graph]: best_f1 0.89765 at epoch 84
[2023-03-22 09:25:11] PRINT [03/22 09:25:11 graph]: start epoch 96.
[2023-03-22 09:25:11] PRINT [03/22 09:25:11 graph]: # Epoch 96: train_loss: 0.4088 | lr: 0.000188
[2023-03-22 09:25:19] PRINT [03/22 09:25:19 graph]: --- Testf1: 0.89929, Best Valacc: 0.90109 in epoch 235 --- 
[2023-03-22 09:25:19] PRINT [03/22 09:25:19 graph]: Epoch 96: get test acc score:  0.89929
[2023-03-22 09:25:19] PRINT [03/22 09:25:19 graph]: best_f1 0.89929 at epoch 96
[2023-03-22 09:25:19] PRINT [03/22 09:25:19 graph]: start epoch 97.
[2023-03-22 09:25:19] PRINT [03/22 09:25:19 graph]: # Epoch 97: train_loss: 0.4081 | lr: 0.000188
[2023-03-22 09:25:26] PRINT [03/22 09:25:26 graph]: --- Testf1: 0.89075, Best Valacc: 0.89673 in epoch 449 --- 
[2023-03-22 09:25:27] PRINT [03/22 09:25:27 graph]: Epoch 97: get test acc score:  0.89075
[2023-03-22 09:25:27] PRINT [03/22 09:25:27 graph]: best_f1 0.89929 at epoch 96
[2023-03-22 09:25:27] PRINT [03/22 09:25:27 graph]: start epoch 98.
[2023-03-22 09:25:27] PRINT [03/22 09:25:27 graph]: # Epoch 98: train_loss: 0.4083 | lr: 0.000188
[2023-03-22 09:25:34] PRINT [03/22 09:25:34 graph]: --- Testf1: 0.89384, Best Valacc: 0.90036 in epoch 319 --- 
[2023-03-22 09:25:34] PRINT [03/22 09:25:34 graph]: Epoch 98: get test acc score:  0.89384
[2023-03-22 09:25:34] PRINT [03/22 09:25:34 graph]: best_f1 0.89929 at epoch 96
[2023-03-22 09:25:34] PRINT [03/22 09:25:34 graph]: start epoch 99.
[2023-03-22 09:25:34] PRINT [03/22 09:25:34 graph]: # Epoch 99: train_loss: 0.4076 | lr: 0.000188
[2023-03-22 09:25:42] PRINT [03/22 09:25:42 graph]: --- Testf1: 0.88548, Best Valacc: 0.89745 in epoch 302 --- 
[2023-03-22 09:25:42] PRINT [03/22 09:25:42 graph]: Epoch 99: get test acc score:  0.88548
[2023-03-22 09:25:42] PRINT [03/22 09:25:42 graph]: best_f1 0.89929 at epoch 96
[2023-03-22 09:25:42] PRINT [03/22 09:25:42 graph]: # final_acc: 0.89929±0.00000
