[2023-03-06 00:28:29] PRINT ---new cfg------
[2023-03-06 00:28:29] PRINT {'DATA': {'data_name': 'MUTAG', 'deg4feat': True}, 'DATALOADER': {'NUM_WORKERS': 0, 'BATCH_SIZE': 32}, 'MODEL': {'num_hidden': 512, 'num_layers': 2, 'nhead': 4, 'activation': 'prelu', 'attn_drop': 0.1, 'feat_drop': 0.4, 'norm': 'layernorm', 'pooler': 'mean', 'beta_schedule': 'quad', 'beta_1': 0.00027857493748534605, 'beta_T': 0.027820816022652683, 'T': 504}, 'SOLVER': {'optim_type': 'adamw', 'optim_type_f': 'adamw', 'alpha': 0.4, 'decay': 10, 'LR': 0.00020292885621897377, 'weight_decay': 0.0005, 'MAX_EPOCH': 50}, 'DEVICE': 'cuda', 'seeds': [11], 'eval_T': [50, 100, 200], 'output_dir': '/ddm-nni/MUTAG/log', 'checkpoint_dir': '/ddm-nni/MUTAG/log/checkpoint'}
[2023-03-06 00:28:29] PRINT [03/06 00:28:29 graph]: Rank of current process: 0. World size: 1
[2023-03-06 00:28:32] PRINT [03/06 00:28:32 graph]: Environment info:
[2023-03-06 00:28:32] PRINT PyTorch version: 1.10.0+cu113
[2023-03-06 00:28:32] PRINT Is debug build: False
[2023-03-06 00:28:32] PRINT CUDA used to build PyTorch: 11.3
[2023-03-06 00:28:32] PRINT ROCM used to build PyTorch: N/A
[2023-03-06 00:28:32] PRINT 
[2023-03-06 00:28:32] PRINT OS: Ubuntu 20.04.3 LTS (x86_64)
[2023-03-06 00:28:32] PRINT GCC version: (Ubuntu 9.3.0-17ubuntu1~20.04) 9.3.0
[2023-03-06 00:28:32] PRINT Clang version: Could not collect
[2023-03-06 00:28:32] PRINT CMake version: version 3.16.3
[2023-03-06 00:28:32] PRINT Libc version: glibc-2.31
[2023-03-06 00:28:32] PRINT 
[2023-03-06 00:28:32] PRINT Python version: 3.8.10 (default, Jun  4 2021, 15:09:15)  [GCC 7.5.0] (64-bit runtime)
[2023-03-06 00:28:32] PRINT Python platform: Linux-5.4.0-90-generic-x86_64-with-glibc2.17
[2023-03-06 00:28:32] PRINT Is CUDA available: True
[2023-03-06 00:28:32] PRINT CUDA runtime version: 11.3.109
[2023-03-06 00:28:32] PRINT GPU models and configuration: GPU 0: NVIDIA GeForce RTX 3090
[2023-03-06 00:28:32] PRINT Nvidia driver version: 495.44
[2023-03-06 00:28:32] PRINT cuDNN version: Probably one of the following:
[2023-03-06 00:28:32] PRINT /usr/lib/x86_64-linux-gnu/libcudnn.so.8.2.0
[2023-03-06 00:28:32] PRINT /usr/lib/x86_64-linux-gnu/libcudnn_adv_infer.so.8.2.0
[2023-03-06 00:28:32] PRINT /usr/lib/x86_64-linux-gnu/libcudnn_adv_train.so.8.2.0
[2023-03-06 00:28:32] PRINT /usr/lib/x86_64-linux-gnu/libcudnn_cnn_infer.so.8.2.0
[2023-03-06 00:28:32] PRINT /usr/lib/x86_64-linux-gnu/libcudnn_cnn_train.so.8.2.0
[2023-03-06 00:28:32] PRINT /usr/lib/x86_64-linux-gnu/libcudnn_ops_infer.so.8.2.0
[2023-03-06 00:28:32] PRINT /usr/lib/x86_64-linux-gnu/libcudnn_ops_train.so.8.2.0
[2023-03-06 00:28:32] PRINT HIP runtime version: N/A
[2023-03-06 00:28:32] PRINT MIOpen runtime version: N/A
[2023-03-06 00:28:32] PRINT 
[2023-03-06 00:28:32] PRINT Versions of relevant libraries:
[2023-03-06 00:28:32] PRINT [pip3] numpy==1.23.5
[2023-03-06 00:28:32] PRINT [pip3] torch==1.10.0+cu113
[2023-03-06 00:28:32] PRINT [pip3] torchvision==0.11.1+cu113
[2023-03-06 00:28:32] PRINT [conda] blas                      1.0                         mkl    https://mirrors.ustc.edu.cn/anaconda/pkgs/main
[2023-03-06 00:28:32] PRINT [conda] mkl                       2021.4.0           h06a4308_640    https://mirrors.ustc.edu.cn/anaconda/pkgs/main
[2023-03-06 00:28:32] PRINT [conda] mkl-service               2.4.0            py38h7f8727e_0    https://mirrors.ustc.edu.cn/anaconda/pkgs/main
[2023-03-06 00:28:32] PRINT [conda] mkl_fft                   1.3.1            py38hd3c417c_0    https://mirrors.ustc.edu.cn/anaconda/pkgs/main
[2023-03-06 00:28:32] PRINT [conda] mkl_random                1.2.2            py38h51133e4_0    https://mirrors.ustc.edu.cn/anaconda/pkgs/main
[2023-03-06 00:28:32] PRINT [conda] numpy                     1.21.4                   pypi_0    pypi
[2023-03-06 00:28:32] PRINT [conda] numpy-base                1.23.5           py38h31eccc5_0    https://mirrors.ustc.edu.cn/anaconda/pkgs/main
[2023-03-06 00:28:32] PRINT [conda] torch                     1.10.0+cu113             pypi_0    pypi
[2023-03-06 00:28:32] PRINT [conda] torchvision               0.11.1+cu113             pypi_0    pypi
[2023-03-06 00:28:32] PRINT         Pillow (8.4.0)
[2023-03-06 00:28:32] PRINT [03/06 00:28:32 graph]: Command line arguments: Namespace(local_rank=0, resume=False, seed=1234, start_epoch=0)
[2023-03-06 00:28:32] PRINT Using degree as node features
[2023-03-06 00:28:33] PRINT ******** # Num Graphs: 188, # Num Feat: 5, # Num Classes: 2 ********
[2023-03-06 00:28:33] PRINT [03/06 00:28:33 graph]: Run 0th for seed 11
[2023-03-06 00:28:33] PRINT [03/06 00:28:33 graph]: Total trainable params num : 4999279
[2023-03-06 00:28:37] PRINT [03/06 00:28:37 graph]: ----------Start Training----------
[2023-03-06 00:28:38] PRINT [03/06 00:28:38 graph]: Epoch 0 | train_loss: 0.8101 | lr: 0.000203
[2023-03-06 00:28:38] PRINT [03/06 00:28:38 graph]: Epoch 1 | train_loss: 0.5344 | lr: 0.000203
[2023-03-06 00:28:38] PRINT [03/06 00:28:38 graph]: Epoch 2 | train_loss: 0.4306 | lr: 0.000203
[2023-03-06 00:28:41] PRINT [03/06 00:28:41 graph]: #Test_f1: 0.8564±0.0635
[2023-03-06 00:28:41] PRINT [03/06 00:28:41 graph]: Epoch 2: get test f1 score:  0.856
[2023-03-06 00:28:41] PRINT [03/06 00:28:41 graph]: best_f1 0.856 at epoch 2
[2023-03-06 00:28:41] PRINT [03/06 00:28:41 graph]: Epoch 3 | train_loss: 0.3724 | lr: 0.000203
[2023-03-06 00:28:44] PRINT [03/06 00:28:44 graph]: #Test_f1: 0.8564±0.0486
[2023-03-06 00:28:45] PRINT [03/06 00:28:45 graph]: Epoch 3: get test f1 score:  0.856
[2023-03-06 00:28:45] PRINT [03/06 00:28:45 graph]: best_f1 0.856 at epoch 2
[2023-03-06 00:28:45] PRINT [03/06 00:28:45 graph]: Epoch 4 | train_loss: 0.3420 | lr: 0.000203
[2023-03-06 00:28:47] PRINT [03/06 00:28:47 graph]: #Test_f1: 0.8673±0.0486
[2023-03-06 00:28:48] PRINT [03/06 00:28:48 graph]: Epoch 4: get test f1 score:  0.867
[2023-03-06 00:28:48] PRINT [03/06 00:28:48 graph]: best_f1 0.867 at epoch 4
[2023-03-06 00:28:48] PRINT [03/06 00:28:48 graph]: Epoch 5 | train_loss: 0.3081 | lr: 0.000203
[2023-03-06 00:28:51] PRINT [03/06 00:28:51 graph]: #Test_f1: 0.8617±0.0350
[2023-03-06 00:28:51] PRINT [03/06 00:28:51 graph]: Epoch 5: get test f1 score:  0.862
[2023-03-06 00:28:51] PRINT [03/06 00:28:51 graph]: best_f1 0.867 at epoch 4
[2023-03-06 00:28:52] PRINT [03/06 00:28:52 graph]: Epoch 6 | train_loss: 0.3077 | lr: 0.000203
[2023-03-06 00:28:54] PRINT [03/06 00:28:54 graph]: #Test_f1: 0.8564±0.0473
[2023-03-06 00:28:54] PRINT [03/06 00:28:54 graph]: Epoch 6: get test f1 score:  0.856
[2023-03-06 00:28:54] PRINT [03/06 00:28:54 graph]: best_f1 0.867 at epoch 4
[2023-03-06 00:28:55] PRINT [03/06 00:28:55 graph]: Epoch 7 | train_loss: 0.2892 | lr: 0.000203
[2023-03-06 00:28:57] PRINT [03/06 00:28:57 graph]: #Test_f1: 0.8725±0.0416
[2023-03-06 00:28:57] PRINT [03/06 00:28:57 graph]: Epoch 7: get test f1 score:  0.873
[2023-03-06 00:28:57] PRINT [03/06 00:28:57 graph]: best_f1 0.873 at epoch 7
[2023-03-06 00:28:58] PRINT [03/06 00:28:58 graph]: Epoch 8 | train_loss: 0.2821 | lr: 0.000203
[2023-03-06 00:29:00] PRINT [03/06 00:29:00 graph]: #Test_f1: 0.8673±0.0418
[2023-03-06 00:29:01] PRINT [03/06 00:29:01 graph]: Epoch 8: get test f1 score:  0.867
[2023-03-06 00:29:01] PRINT [03/06 00:29:01 graph]: best_f1 0.873 at epoch 7
[2023-03-06 00:29:01] PRINT [03/06 00:29:01 graph]: Epoch 9 | train_loss: 0.2680 | lr: 0.000203
[2023-03-06 00:29:03] PRINT [03/06 00:29:03 graph]: #Test_f1: 0.8617±0.0422
[2023-03-06 00:29:04] PRINT [03/06 00:29:04 graph]: Epoch 9: get test f1 score:  0.862
[2023-03-06 00:29:04] PRINT [03/06 00:29:04 graph]: best_f1 0.873 at epoch 7
[2023-03-06 00:29:04] PRINT [03/06 00:29:04 graph]: Epoch 10 | train_loss: 0.2663 | lr: 0.000081
[2023-03-06 00:29:07] PRINT [03/06 00:29:07 graph]: #Test_f1: 0.8564±0.0336
[2023-03-06 00:29:07] PRINT [03/06 00:29:07 graph]: Epoch 10: get test f1 score:  0.856
[2023-03-06 00:29:07] PRINT [03/06 00:29:07 graph]: best_f1 0.873 at epoch 7
[2023-03-06 00:29:07] PRINT [03/06 00:29:07 graph]: Epoch 11 | train_loss: 0.2656 | lr: 0.000081
[2023-03-06 00:29:10] PRINT [03/06 00:29:10 graph]: #Test_f1: 0.8564±0.0410
[2023-03-06 00:29:10] PRINT [03/06 00:29:10 graph]: Epoch 11: get test f1 score:  0.856
[2023-03-06 00:29:10] PRINT [03/06 00:29:10 graph]: best_f1 0.873 at epoch 7
[2023-03-06 00:29:10] PRINT [03/06 00:29:10 graph]: Epoch 12 | train_loss: 0.2622 | lr: 0.000081
[2023-03-06 00:29:13] PRINT [03/06 00:29:13 graph]: #Test_f1: 0.8620±0.0413
[2023-03-06 00:29:13] PRINT [03/06 00:29:13 graph]: Epoch 12: get test f1 score:  0.862
[2023-03-06 00:29:13] PRINT [03/06 00:29:13 graph]: best_f1 0.873 at epoch 7
[2023-03-06 00:29:14] PRINT [03/06 00:29:14 graph]: Epoch 13 | train_loss: 0.2491 | lr: 0.000081
[2023-03-06 00:29:16] PRINT [03/06 00:29:16 graph]: #Test_f1: 0.8617±0.0350
[2023-03-06 00:29:16] PRINT [03/06 00:29:16 graph]: Epoch 13: get test f1 score:  0.862
[2023-03-06 00:29:16] PRINT [03/06 00:29:16 graph]: best_f1 0.873 at epoch 7
[2023-03-06 00:29:17] PRINT [03/06 00:29:17 graph]: Epoch 14 | train_loss: 0.2466 | lr: 0.000081
[2023-03-06 00:29:19] PRINT [03/06 00:29:19 graph]: #Test_f1: 0.8728±0.0340
[2023-03-06 00:29:20] PRINT [03/06 00:29:20 graph]: Epoch 14: get test f1 score:  0.873
[2023-03-06 00:29:20] PRINT [03/06 00:29:20 graph]: best_f1 0.873 at epoch 14
[2023-03-06 00:29:20] PRINT [03/06 00:29:20 graph]: Epoch 15 | train_loss: 0.2496 | lr: 0.000081
[2023-03-06 00:29:23] PRINT [03/06 00:29:23 graph]: #Test_f1: 0.8836±0.0515
[2023-03-06 00:29:23] PRINT [03/06 00:29:23 graph]: Epoch 15: get test f1 score:  0.884
[2023-03-06 00:29:23] PRINT [03/06 00:29:23 graph]: best_f1 0.884 at epoch 15
[2023-03-06 00:29:24] PRINT [03/06 00:29:24 graph]: Epoch 16 | train_loss: 0.2492 | lr: 0.000081
[2023-03-06 00:29:26] PRINT [03/06 00:29:26 graph]: #Test_f1: 0.8620±0.0339
[2023-03-06 00:29:27] PRINT [03/06 00:29:27 graph]: Epoch 16: get test f1 score:  0.862
[2023-03-06 00:29:27] PRINT [03/06 00:29:27 graph]: best_f1 0.884 at epoch 15
[2023-03-06 00:29:27] PRINT [03/06 00:29:27 graph]: Epoch 17 | train_loss: 0.2360 | lr: 0.000081
[2023-03-06 00:29:30] PRINT [03/06 00:29:30 graph]: #Test_f1: 0.8620±0.0339
[2023-03-06 00:29:30] PRINT [03/06 00:29:30 graph]: Epoch 17: get test f1 score:  0.862
[2023-03-06 00:29:30] PRINT [03/06 00:29:30 graph]: best_f1 0.884 at epoch 15
[2023-03-06 00:29:30] PRINT [03/06 00:29:30 graph]: Epoch 18 | train_loss: 0.2342 | lr: 0.000081
[2023-03-06 00:29:33] PRINT [03/06 00:29:33 graph]: #Test_f1: 0.8725±0.0249
[2023-03-06 00:29:33] PRINT [03/06 00:29:33 graph]: Epoch 18: get test f1 score:  0.873
[2023-03-06 00:29:33] PRINT [03/06 00:29:33 graph]: best_f1 0.884 at epoch 15
[2023-03-06 00:29:33] PRINT [03/06 00:29:33 graph]: Epoch 19 | train_loss: 0.2417 | lr: 0.000081
[2023-03-06 00:29:36] PRINT [03/06 00:29:36 graph]: #Test_f1: 0.8673±0.0418
[2023-03-06 00:29:36] PRINT [03/06 00:29:36 graph]: Epoch 19: get test f1 score:  0.867
[2023-03-06 00:29:36] PRINT [03/06 00:29:36 graph]: best_f1 0.884 at epoch 15
[2023-03-06 00:29:36] PRINT [03/06 00:29:36 graph]: Epoch 20 | train_loss: 0.2391 | lr: 0.000032
[2023-03-06 00:29:39] PRINT [03/06 00:29:39 graph]: #Test_f1: 0.8725±0.0343
[2023-03-06 00:29:40] PRINT [03/06 00:29:40 graph]: Epoch 20: get test f1 score:  0.873
[2023-03-06 00:29:40] PRINT [03/06 00:29:40 graph]: best_f1 0.884 at epoch 15
[2023-03-06 00:29:40] PRINT [03/06 00:29:40 graph]: Epoch 21 | train_loss: 0.2371 | lr: 0.000032
[2023-03-06 00:29:43] PRINT [03/06 00:29:43 graph]: #Test_f1: 0.8673±0.0345
[2023-03-06 00:29:43] PRINT [03/06 00:29:43 graph]: Epoch 21: get test f1 score:  0.867
[2023-03-06 00:29:43] PRINT [03/06 00:29:43 graph]: best_f1 0.884 at epoch 15
[2023-03-06 00:29:43] PRINT [03/06 00:29:43 graph]: Epoch 22 | train_loss: 0.2343 | lr: 0.000032
[2023-03-06 00:29:46] PRINT [03/06 00:29:46 graph]: #Test_f1: 0.8673±0.0252
[2023-03-06 00:29:46] PRINT [03/06 00:29:46 graph]: Epoch 22: get test f1 score:  0.867
[2023-03-06 00:29:46] PRINT [03/06 00:29:46 graph]: best_f1 0.884 at epoch 15
[2023-03-06 00:29:47] PRINT [03/06 00:29:47 graph]: Epoch 23 | train_loss: 0.2267 | lr: 0.000032
[2023-03-06 00:29:49] PRINT [03/06 00:29:49 graph]: #Test_f1: 0.8781±0.0329
[2023-03-06 00:29:50] PRINT [03/06 00:29:50 graph]: Epoch 23: get test f1 score:  0.878
[2023-03-06 00:29:50] PRINT [03/06 00:29:50 graph]: best_f1 0.884 at epoch 15
[2023-03-06 00:29:50] PRINT [03/06 00:29:50 graph]: Epoch 24 | train_loss: 0.2273 | lr: 0.000032
[2023-03-06 00:29:53] PRINT [03/06 00:29:53 graph]: #Test_f1: 0.8670±0.0268
[2023-03-06 00:29:53] PRINT [03/06 00:29:53 graph]: Epoch 24: get test f1 score:  0.867
[2023-03-06 00:29:53] PRINT [03/06 00:29:53 graph]: best_f1 0.884 at epoch 15
[2023-03-06 00:29:53] PRINT [03/06 00:29:53 graph]: Epoch 25 | train_loss: 0.2315 | lr: 0.000032
[2023-03-06 00:29:56] PRINT [03/06 00:29:56 graph]: #Test_f1: 0.8673±0.0354
[2023-03-06 00:29:56] PRINT [03/06 00:29:56 graph]: Epoch 25: get test f1 score:  0.867
[2023-03-06 00:29:56] PRINT [03/06 00:29:56 graph]: best_f1 0.884 at epoch 15
[2023-03-06 00:29:56] PRINT [03/06 00:29:56 graph]: Epoch 26 | train_loss: 0.2244 | lr: 0.000032
[2023-03-06 00:29:59] PRINT [03/06 00:29:59 graph]: #Test_f1: 0.8564±0.0336
[2023-03-06 00:29:59] PRINT [03/06 00:29:59 graph]: Epoch 26: get test f1 score:  0.856
[2023-03-06 00:29:59] PRINT [03/06 00:29:59 graph]: best_f1 0.884 at epoch 15
[2023-03-06 00:30:00] PRINT [03/06 00:30:00 graph]: Epoch 27 | train_loss: 0.2307 | lr: 0.000032
[2023-03-06 00:30:02] PRINT [03/06 00:30:02 graph]: #Test_f1: 0.8673±0.0345
[2023-03-06 00:30:03] PRINT [03/06 00:30:03 graph]: Epoch 27: get test f1 score:  0.867
[2023-03-06 00:30:03] PRINT [03/06 00:30:03 graph]: best_f1 0.884 at epoch 15
[2023-03-06 00:30:03] PRINT [03/06 00:30:03 graph]: Epoch 28 | train_loss: 0.2249 | lr: 0.000032
[2023-03-06 00:30:06] PRINT [03/06 00:30:06 graph]: #Test_f1: 0.8564±0.0410
[2023-03-06 00:30:06] PRINT [03/06 00:30:06 graph]: Epoch 28: get test f1 score:  0.856
[2023-03-06 00:30:06] PRINT [03/06 00:30:06 graph]: best_f1 0.884 at epoch 15
[2023-03-06 00:30:06] PRINT [03/06 00:30:06 graph]: Epoch 29 | train_loss: 0.2247 | lr: 0.000032
[2023-03-06 00:30:09] PRINT [03/06 00:30:09 graph]: #Test_f1: 0.8722±0.0265
[2023-03-06 00:30:09] PRINT [03/06 00:30:09 graph]: Epoch 29: get test f1 score:  0.872
[2023-03-06 00:30:09] PRINT [03/06 00:30:09 graph]: best_f1 0.884 at epoch 15
[2023-03-06 00:30:10] PRINT [03/06 00:30:10 graph]: Epoch 30 | train_loss: 0.2268 | lr: 0.000013
[2023-03-06 00:30:12] PRINT [03/06 00:30:12 graph]: #Test_f1: 0.8512±0.0391
[2023-03-06 00:30:12] PRINT [03/06 00:30:12 graph]: Epoch 30: get test f1 score:  0.851
[2023-03-06 00:30:12] PRINT [03/06 00:30:12 graph]: best_f1 0.884 at epoch 15
[2023-03-06 00:30:13] PRINT [03/06 00:30:13 graph]: Epoch 31 | train_loss: 0.2232 | lr: 0.000013
[2023-03-06 00:30:15] PRINT [03/06 00:30:15 graph]: #Test_f1: 0.8515±0.0382
[2023-03-06 00:30:16] PRINT [03/06 00:30:16 graph]: Epoch 31: get test f1 score:  0.851
[2023-03-06 00:30:16] PRINT [03/06 00:30:16 graph]: best_f1 0.884 at epoch 15
[2023-03-06 00:30:16] PRINT [03/06 00:30:16 graph]: Epoch 32 | train_loss: 0.2218 | lr: 0.000013
[2023-03-06 00:30:18] PRINT [03/06 00:30:18 graph]: #Test_f1: 0.8620±0.0339
[2023-03-06 00:30:19] PRINT [03/06 00:30:19 graph]: Epoch 32: get test f1 score:  0.862
[2023-03-06 00:30:19] PRINT [03/06 00:30:19 graph]: best_f1 0.884 at epoch 15
[2023-03-06 00:30:19] PRINT [03/06 00:30:19 graph]: Epoch 33 | train_loss: 0.2254 | lr: 0.000013
[2023-03-06 00:30:22] PRINT [03/06 00:30:22 graph]: #Test_f1: 0.8620±0.0339
[2023-03-06 00:30:22] PRINT [03/06 00:30:22 graph]: Epoch 33: get test f1 score:  0.862
[2023-03-06 00:30:22] PRINT [03/06 00:30:22 graph]: best_f1 0.884 at epoch 15
[2023-03-06 00:30:22] PRINT [03/06 00:30:22 graph]: Epoch 34 | train_loss: 0.2137 | lr: 0.000013
[2023-03-06 00:30:25] PRINT [03/06 00:30:25 graph]: #Test_f1: 0.8620±0.0348
[2023-03-06 00:30:25] PRINT [03/06 00:30:25 graph]: Epoch 34: get test f1 score:  0.862
[2023-03-06 00:30:25] PRINT [03/06 00:30:25 graph]: best_f1 0.884 at epoch 15
[2023-03-06 00:30:25] PRINT [03/06 00:30:25 graph]: Epoch 35 | train_loss: 0.2269 | lr: 0.000013
[2023-03-06 00:30:28] PRINT [03/06 00:30:28 graph]: #Test_f1: 0.8623±0.0474
[2023-03-06 00:30:28] PRINT [03/06 00:30:28 graph]: Epoch 35: get test f1 score:  0.862
[2023-03-06 00:30:28] PRINT [03/06 00:30:28 graph]: best_f1 0.884 at epoch 15
[2023-03-06 00:30:29] PRINT [03/06 00:30:29 graph]: Epoch 36 | train_loss: 0.2208 | lr: 0.000013
[2023-03-06 00:30:31] PRINT [03/06 00:30:31 graph]: #Test_f1: 0.8725±0.0343
[2023-03-06 00:30:32] PRINT [03/06 00:30:32 graph]: Epoch 36: get test f1 score:  0.873
[2023-03-06 00:30:32] PRINT [03/06 00:30:32 graph]: best_f1 0.884 at epoch 15
[2023-03-06 00:30:32] PRINT [03/06 00:30:32 graph]: Epoch 37 | train_loss: 0.2191 | lr: 0.000013
[2023-03-06 00:30:35] PRINT [03/06 00:30:35 graph]: #Test_f1: 0.8567±0.0401
[2023-03-06 00:30:35] PRINT [03/06 00:30:35 graph]: Epoch 37: get test f1 score:  0.857
[2023-03-06 00:30:35] PRINT [03/06 00:30:35 graph]: best_f1 0.884 at epoch 15
[2023-03-06 00:30:35] PRINT [03/06 00:30:35 graph]: Epoch 38 | train_loss: 0.2186 | lr: 0.000013
[2023-03-06 00:30:38] PRINT [03/06 00:30:38 graph]: #Test_f1: 0.8670±0.0268
[2023-03-06 00:30:38] PRINT [03/06 00:30:38 graph]: Epoch 38: get test f1 score:  0.867
[2023-03-06 00:30:38] PRINT [03/06 00:30:38 graph]: best_f1 0.884 at epoch 15
[2023-03-06 00:30:39] PRINT [03/06 00:30:39 graph]: Epoch 39 | train_loss: 0.2184 | lr: 0.000013
[2023-03-06 00:30:41] PRINT [03/06 00:30:41 graph]: #Test_f1: 0.8620±0.0339
[2023-03-06 00:30:42] PRINT [03/06 00:30:42 graph]: Epoch 39: get test f1 score:  0.862
[2023-03-06 00:30:42] PRINT [03/06 00:30:42 graph]: best_f1 0.884 at epoch 15
[2023-03-06 00:30:42] PRINT [03/06 00:30:42 graph]: Epoch 40 | train_loss: 0.2194 | lr: 0.000005
[2023-03-06 00:30:44] PRINT [03/06 00:30:44 graph]: #Test_f1: 0.8673±0.0252
[2023-03-06 00:30:45] PRINT [03/06 00:30:45 graph]: Epoch 40: get test f1 score:  0.867
[2023-03-06 00:30:45] PRINT [03/06 00:30:45 graph]: best_f1 0.884 at epoch 15
[2023-03-06 00:30:45] PRINT [03/06 00:30:45 graph]: Epoch 41 | train_loss: 0.2248 | lr: 0.000005
[2023-03-06 00:30:48] PRINT [03/06 00:30:48 graph]: #Test_f1: 0.8673±0.0252
[2023-03-06 00:30:48] PRINT [03/06 00:30:48 graph]: Epoch 41: get test f1 score:  0.867
[2023-03-06 00:30:48] PRINT [03/06 00:30:48 graph]: best_f1 0.884 at epoch 15
[2023-03-06 00:30:48] PRINT [03/06 00:30:48 graph]: Epoch 42 | train_loss: 0.2194 | lr: 0.000005
[2023-03-06 00:30:51] PRINT [03/06 00:30:51 graph]: #Test_f1: 0.8515±0.0564
[2023-03-06 00:30:51] PRINT [03/06 00:30:51 graph]: Epoch 42: get test f1 score:  0.851
[2023-03-06 00:30:51] PRINT [03/06 00:30:51 graph]: best_f1 0.884 at epoch 15
[2023-03-06 00:30:52] PRINT [03/06 00:30:52 graph]: Epoch 43 | train_loss: 0.2132 | lr: 0.000005
[2023-03-06 00:30:54] PRINT [03/06 00:30:54 graph]: #Test_f1: 0.8567±0.0401
[2023-03-06 00:30:55] PRINT [03/06 00:30:55 graph]: Epoch 43: get test f1 score:  0.857
[2023-03-06 00:30:55] PRINT [03/06 00:30:55 graph]: best_f1 0.884 at epoch 15
[2023-03-06 00:30:55] PRINT [03/06 00:30:55 graph]: Epoch 44 | train_loss: 0.2178 | lr: 0.000005
[2023-03-06 00:30:58] PRINT [03/06 00:30:58 graph]: #Test_f1: 0.8567±0.0325
[2023-03-06 00:30:58] PRINT [03/06 00:30:58 graph]: Epoch 44: get test f1 score:  0.857
[2023-03-06 00:30:58] PRINT [03/06 00:30:58 graph]: best_f1 0.884 at epoch 15
[2023-03-06 00:30:58] PRINT [03/06 00:30:58 graph]: Epoch 45 | train_loss: 0.2160 | lr: 0.000005
[2023-03-06 00:31:01] PRINT [03/06 00:31:01 graph]: #Test_f1: 0.8781±0.0404
[2023-03-06 00:31:01] PRINT [03/06 00:31:01 graph]: Epoch 45: get test f1 score:  0.878
[2023-03-06 00:31:01] PRINT [03/06 00:31:01 graph]: best_f1 0.884 at epoch 15
[2023-03-06 00:31:01] PRINT [03/06 00:31:01 graph]: Epoch 46 | train_loss: 0.2189 | lr: 0.000005
[2023-03-06 00:31:04] PRINT [03/06 00:31:04 graph]: #Test_f1: 0.8623±0.0411
[2023-03-06 00:31:04] PRINT [03/06 00:31:04 graph]: Epoch 46: get test f1 score:  0.862
[2023-03-06 00:31:04] PRINT [03/06 00:31:04 graph]: best_f1 0.884 at epoch 15
[2023-03-06 00:31:05] PRINT [03/06 00:31:05 graph]: Epoch 47 | train_loss: 0.2198 | lr: 0.000005
[2023-03-06 00:31:07] PRINT [03/06 00:31:07 graph]: #Test_f1: 0.8512±0.0391
[2023-03-06 00:31:08] PRINT [03/06 00:31:08 graph]: Epoch 47: get test f1 score:  0.851
[2023-03-06 00:31:08] PRINT [03/06 00:31:08 graph]: best_f1 0.884 at epoch 15
[2023-03-06 00:31:08] PRINT [03/06 00:31:08 graph]: Epoch 48 | train_loss: 0.2085 | lr: 0.000005
[2023-03-06 00:31:10] PRINT [03/06 00:31:10 graph]: #Test_f1: 0.8570±0.0520
[2023-03-06 00:31:11] PRINT [03/06 00:31:11 graph]: Epoch 48: get test f1 score:  0.857
[2023-03-06 00:31:11] PRINT [03/06 00:31:11 graph]: best_f1 0.884 at epoch 15
[2023-03-06 00:31:11] PRINT [03/06 00:31:11 graph]: Epoch 49 | train_loss: 0.2215 | lr: 0.000005
[2023-03-06 00:31:13] PRINT [03/06 00:31:13 graph]: #Test_f1: 0.8564±0.0336
[2023-03-06 00:31:14] PRINT [03/06 00:31:14 graph]: Epoch 49: get test f1 score:  0.856
[2023-03-06 00:31:14] PRINT [03/06 00:31:14 graph]: best_f1 0.884 at epoch 15
[2023-03-06 00:31:14] PRINT [03/06 00:31:14 graph]: # final_acc: 0.8836±0.0000
