[2023-03-06 03:09:04] PRINT ---new cfg------
[2023-03-06 03:09:04] PRINT {'DATA': {'data_name': 'MUTAG', 'deg4feat': True}, 'DATALOADER': {'NUM_WORKERS': 0, 'BATCH_SIZE': 32}, 'MODEL': {'num_hidden': 512, 'num_layers': 2, 'nhead': 4, 'activation': 'prelu', 'attn_drop': 0.1, 'feat_drop': 0.2, 'norm': 'layernorm', 'pooler': 'mean', 'beta_schedule': 'sigmoid', 'beta_1': 0.0005435717826719413, 'beta_T': 0.02843240793525978, 'T': 791}, 'SOLVER': {'optim_type': 'adamw', 'optim_type_f': 'adamw', 'alpha': 1, 'decay': 30, 'LR': 0.00018616561473815046, 'weight_decay': 0.0005, 'MAX_EPOCH': 50}, 'DEVICE': 'cuda', 'seeds': [11], 'eval_T': [50, 100, 200], 'output_dir': '/ddm-nni/MUTAG/log', 'checkpoint_dir': '/ddm-nni/MUTAG/log/checkpoint'}
[2023-03-06 03:09:04] PRINT [03/06 03:09:04 graph]: Rank of current process: 0. World size: 1
[2023-03-06 03:09:07] PRINT [03/06 03:09:07 graph]: Environment info:
[2023-03-06 03:09:07] PRINT PyTorch version: 1.10.0+cu113
[2023-03-06 03:09:07] PRINT Is debug build: False
[2023-03-06 03:09:07] PRINT CUDA used to build PyTorch: 11.3
[2023-03-06 03:09:07] PRINT ROCM used to build PyTorch: N/A
[2023-03-06 03:09:07] PRINT 
[2023-03-06 03:09:07] PRINT OS: Ubuntu 20.04.3 LTS (x86_64)
[2023-03-06 03:09:07] PRINT GCC version: (Ubuntu 9.3.0-17ubuntu1~20.04) 9.3.0
[2023-03-06 03:09:07] PRINT Clang version: Could not collect
[2023-03-06 03:09:07] PRINT CMake version: version 3.16.3
[2023-03-06 03:09:07] PRINT Libc version: glibc-2.31
[2023-03-06 03:09:07] PRINT 
[2023-03-06 03:09:07] PRINT Python version: 3.8.10 (default, Jun  4 2021, 15:09:15)  [GCC 7.5.0] (64-bit runtime)
[2023-03-06 03:09:07] PRINT Python platform: Linux-5.4.0-90-generic-x86_64-with-glibc2.17
[2023-03-06 03:09:07] PRINT Is CUDA available: True
[2023-03-06 03:09:07] PRINT CUDA runtime version: 11.3.109
[2023-03-06 03:09:07] PRINT GPU models and configuration: GPU 0: NVIDIA GeForce RTX 3090
[2023-03-06 03:09:07] PRINT Nvidia driver version: 495.44
[2023-03-06 03:09:07] PRINT cuDNN version: Probably one of the following:
[2023-03-06 03:09:07] PRINT /usr/lib/x86_64-linux-gnu/libcudnn.so.8.2.0
[2023-03-06 03:09:07] PRINT /usr/lib/x86_64-linux-gnu/libcudnn_adv_infer.so.8.2.0
[2023-03-06 03:09:07] PRINT /usr/lib/x86_64-linux-gnu/libcudnn_adv_train.so.8.2.0
[2023-03-06 03:09:07] PRINT /usr/lib/x86_64-linux-gnu/libcudnn_cnn_infer.so.8.2.0
[2023-03-06 03:09:07] PRINT /usr/lib/x86_64-linux-gnu/libcudnn_cnn_train.so.8.2.0
[2023-03-06 03:09:07] PRINT /usr/lib/x86_64-linux-gnu/libcudnn_ops_infer.so.8.2.0
[2023-03-06 03:09:07] PRINT /usr/lib/x86_64-linux-gnu/libcudnn_ops_train.so.8.2.0
[2023-03-06 03:09:07] PRINT HIP runtime version: N/A
[2023-03-06 03:09:07] PRINT MIOpen runtime version: N/A
[2023-03-06 03:09:07] PRINT 
[2023-03-06 03:09:07] PRINT Versions of relevant libraries:
[2023-03-06 03:09:07] PRINT [pip3] numpy==1.23.5
[2023-03-06 03:09:07] PRINT [pip3] torch==1.10.0+cu113
[2023-03-06 03:09:07] PRINT [pip3] torchvision==0.11.1+cu113
[2023-03-06 03:09:07] PRINT [conda] blas                      1.0                         mkl    https://mirrors.ustc.edu.cn/anaconda/pkgs/main
[2023-03-06 03:09:07] PRINT [conda] mkl                       2021.4.0           h06a4308_640    https://mirrors.ustc.edu.cn/anaconda/pkgs/main
[2023-03-06 03:09:07] PRINT [conda] mkl-service               2.4.0            py38h7f8727e_0    https://mirrors.ustc.edu.cn/anaconda/pkgs/main
[2023-03-06 03:09:07] PRINT [conda] mkl_fft                   1.3.1            py38hd3c417c_0    https://mirrors.ustc.edu.cn/anaconda/pkgs/main
[2023-03-06 03:09:07] PRINT [conda] mkl_random                1.2.2            py38h51133e4_0    https://mirrors.ustc.edu.cn/anaconda/pkgs/main
[2023-03-06 03:09:07] PRINT [conda] numpy                     1.21.4                   pypi_0    pypi
[2023-03-06 03:09:07] PRINT [conda] numpy-base                1.23.5           py38h31eccc5_0    https://mirrors.ustc.edu.cn/anaconda/pkgs/main
[2023-03-06 03:09:07] PRINT [conda] torch                     1.10.0+cu113             pypi_0    pypi
[2023-03-06 03:09:07] PRINT [conda] torchvision               0.11.1+cu113             pypi_0    pypi
[2023-03-06 03:09:07] PRINT         Pillow (8.4.0)
[2023-03-06 03:09:07] PRINT [03/06 03:09:07 graph]: Command line arguments: Namespace(local_rank=0, resume=False, seed=1234, start_epoch=0)
[2023-03-06 03:09:07] PRINT Using degree as node features
[2023-03-06 03:09:07] PRINT ******** # Num Graphs: 188, # Num Feat: 5, # Num Classes: 2 ********
[2023-03-06 03:09:07] PRINT [03/06 03:09:07 graph]: Run 0th for seed 11
[2023-03-06 03:09:07] PRINT [03/06 03:09:07 graph]: Total trainable params num : 5146223
[2023-03-06 03:09:12] PRINT [03/06 03:09:12 graph]: ----------Start Training----------
[2023-03-06 03:09:13] PRINT [03/06 03:09:13 graph]: Epoch 0 | train_loss: 0.7663 | lr: 0.000186
[2023-03-06 03:09:13] PRINT [03/06 03:09:13 graph]: Epoch 1 | train_loss: 0.4643 | lr: 0.000186
[2023-03-06 03:09:13] PRINT [03/06 03:09:13 graph]: Epoch 2 | train_loss: 0.3512 | lr: 0.000186
[2023-03-06 03:09:15] PRINT [03/06 03:09:15 graph]: #Test_f1: 0.8567±0.0667
[2023-03-06 03:09:16] PRINT [03/06 03:09:16 graph]: Epoch 2: get test f1 score:  0.857
[2023-03-06 03:09:16] PRINT [03/06 03:09:16 graph]: best_f1 0.857 at epoch 2
[2023-03-06 03:09:16] PRINT [03/06 03:09:16 graph]: Epoch 3 | train_loss: 0.3169 | lr: 0.000186
[2023-03-06 03:09:19] PRINT [03/06 03:09:19 graph]: #Test_f1: 0.8620±0.0536
[2023-03-06 03:09:19] PRINT [03/06 03:09:19 graph]: Epoch 3: get test f1 score:  0.862
[2023-03-06 03:09:19] PRINT [03/06 03:09:19 graph]: best_f1 0.862 at epoch 3
[2023-03-06 03:09:20] PRINT [03/06 03:09:20 graph]: Epoch 4 | train_loss: 0.2871 | lr: 0.000186
[2023-03-06 03:09:23] PRINT [03/06 03:09:23 graph]: #Test_f1: 0.8675±0.0593
[2023-03-06 03:09:23] PRINT [03/06 03:09:23 graph]: Epoch 4: get test f1 score:  0.868
[2023-03-06 03:09:23] PRINT [03/06 03:09:23 graph]: best_f1 0.868 at epoch 4
[2023-03-06 03:09:23] PRINT [03/06 03:09:23 graph]: Epoch 5 | train_loss: 0.2741 | lr: 0.000186
[2023-03-06 03:09:26] PRINT [03/06 03:09:26 graph]: #Test_f1: 0.8725±0.0423
[2023-03-06 03:09:27] PRINT [03/06 03:09:27 graph]: Epoch 5: get test f1 score:  0.873
[2023-03-06 03:09:27] PRINT [03/06 03:09:27 graph]: best_f1 0.873 at epoch 5
[2023-03-06 03:09:27] PRINT [03/06 03:09:27 graph]: Epoch 6 | train_loss: 0.2679 | lr: 0.000186
[2023-03-06 03:09:30] PRINT [03/06 03:09:30 graph]: #Test_f1: 0.8722±0.0426
[2023-03-06 03:09:30] PRINT [03/06 03:09:30 graph]: Epoch 6: get test f1 score:  0.872
[2023-03-06 03:09:30] PRINT [03/06 03:09:30 graph]: best_f1 0.873 at epoch 5
[2023-03-06 03:09:31] PRINT [03/06 03:09:31 graph]: Epoch 7 | train_loss: 0.2608 | lr: 0.000186
[2023-03-06 03:09:34] PRINT [03/06 03:09:34 graph]: #Test_f1: 0.8722±0.0540
[2023-03-06 03:09:34] PRINT [03/06 03:09:34 graph]: Epoch 7: get test f1 score:  0.872
[2023-03-06 03:09:34] PRINT [03/06 03:09:34 graph]: best_f1 0.873 at epoch 5
[2023-03-06 03:09:34] PRINT [03/06 03:09:34 graph]: Epoch 8 | train_loss: 0.2449 | lr: 0.000186
[2023-03-06 03:09:37] PRINT [03/06 03:09:37 graph]: #Test_f1: 0.8880±0.0505
[2023-03-06 03:09:37] PRINT [03/06 03:09:37 graph]: Epoch 8: get test f1 score:  0.888
[2023-03-06 03:09:37] PRINT [03/06 03:09:37 graph]: best_f1 0.888 at epoch 8
[2023-03-06 03:09:38] PRINT [03/06 03:09:38 graph]: Epoch 9 | train_loss: 0.2472 | lr: 0.000186
[2023-03-06 03:09:41] PRINT [03/06 03:09:41 graph]: #Test_f1: 0.8775±0.0345
[2023-03-06 03:09:41] PRINT [03/06 03:09:41 graph]: Epoch 9: get test f1 score:  0.877
[2023-03-06 03:09:41] PRINT [03/06 03:09:41 graph]: best_f1 0.888 at epoch 8
[2023-03-06 03:09:41] PRINT [03/06 03:09:41 graph]: Epoch 10 | train_loss: 0.2347 | lr: 0.000186
[2023-03-06 03:09:44] PRINT [03/06 03:09:44 graph]: #Test_f1: 0.8667±0.0603
[2023-03-06 03:09:45] PRINT [03/06 03:09:45 graph]: Epoch 10: get test f1 score:  0.867
[2023-03-06 03:09:45] PRINT [03/06 03:09:45 graph]: best_f1 0.888 at epoch 8
[2023-03-06 03:09:45] PRINT [03/06 03:09:45 graph]: Epoch 11 | train_loss: 0.2193 | lr: 0.000186
[2023-03-06 03:09:48] PRINT [03/06 03:09:48 graph]: #Test_f1: 0.8772±0.0488
[2023-03-06 03:09:48] PRINT [03/06 03:09:48 graph]: Epoch 11: get test f1 score:  0.877
[2023-03-06 03:09:48] PRINT [03/06 03:09:48 graph]: best_f1 0.888 at epoch 8
[2023-03-06 03:09:48] PRINT [03/06 03:09:48 graph]: Epoch 12 | train_loss: 0.2114 | lr: 0.000186
[2023-03-06 03:09:51] PRINT [03/06 03:09:51 graph]: #Test_f1: 0.8722±0.0355
[2023-03-06 03:09:52] PRINT [03/06 03:09:52 graph]: Epoch 12: get test f1 score:  0.872
[2023-03-06 03:09:52] PRINT [03/06 03:09:52 graph]: best_f1 0.888 at epoch 8
[2023-03-06 03:09:52] PRINT [03/06 03:09:52 graph]: Epoch 13 | train_loss: 0.2070 | lr: 0.000186
[2023-03-06 03:09:55] PRINT [03/06 03:09:55 graph]: #Test_f1: 0.8880±0.0557
[2023-03-06 03:09:55] PRINT [03/06 03:09:55 graph]: Epoch 13: get test f1 score:  0.888
[2023-03-06 03:09:55] PRINT [03/06 03:09:55 graph]: best_f1 0.888 at epoch 8
[2023-03-06 03:09:56] PRINT [03/06 03:09:56 graph]: Epoch 14 | train_loss: 0.2066 | lr: 0.000186
[2023-03-06 03:09:58] PRINT [03/06 03:09:58 graph]: #Test_f1: 0.8670±0.0488
[2023-03-06 03:09:59] PRINT [03/06 03:09:59 graph]: Epoch 14: get test f1 score:  0.867
[2023-03-06 03:09:59] PRINT [03/06 03:09:59 graph]: best_f1 0.888 at epoch 8
[2023-03-06 03:09:59] PRINT [03/06 03:09:59 graph]: Epoch 15 | train_loss: 0.2052 | lr: 0.000186
[2023-03-06 03:10:02] PRINT [03/06 03:10:02 graph]: #Test_f1: 0.8778±0.0724
[2023-03-06 03:10:02] PRINT [03/06 03:10:02 graph]: Epoch 15: get test f1 score:  0.878
[2023-03-06 03:10:02] PRINT [03/06 03:10:02 graph]: best_f1 0.888 at epoch 8
[2023-03-06 03:10:03] PRINT [03/06 03:10:03 graph]: Epoch 16 | train_loss: 0.1960 | lr: 0.000186
[2023-03-06 03:10:06] PRINT [03/06 03:10:06 graph]: #Test_f1: 0.8722±0.0589
[2023-03-06 03:10:06] PRINT [03/06 03:10:06 graph]: Epoch 16: get test f1 score:  0.872
[2023-03-06 03:10:06] PRINT [03/06 03:10:06 graph]: best_f1 0.888 at epoch 8
[2023-03-06 03:10:06] PRINT [03/06 03:10:06 graph]: Epoch 17 | train_loss: 0.1878 | lr: 0.000186
[2023-03-06 03:10:09] PRINT [03/06 03:10:09 graph]: #Test_f1: 0.8883±0.0647
[2023-03-06 03:10:09] PRINT [03/06 03:10:09 graph]: Epoch 17: get test f1 score:  0.888
[2023-03-06 03:10:09] PRINT [03/06 03:10:09 graph]: best_f1 0.888 at epoch 17
[2023-03-06 03:10:10] PRINT [03/06 03:10:10 graph]: Epoch 18 | train_loss: 0.1821 | lr: 0.000186
[2023-03-06 03:10:13] PRINT [03/06 03:10:13 graph]: #Test_f1: 0.8830±0.0457
[2023-03-06 03:10:13] PRINT [03/06 03:10:13 graph]: Epoch 18: get test f1 score:  0.883
[2023-03-06 03:10:13] PRINT [03/06 03:10:13 graph]: best_f1 0.888 at epoch 17
[2023-03-06 03:10:13] PRINT [03/06 03:10:13 graph]: Epoch 19 | train_loss: 0.1831 | lr: 0.000186
[2023-03-06 03:10:16] PRINT [03/06 03:10:16 graph]: #Test_f1: 0.8409±0.0458
[2023-03-06 03:10:16] PRINT [03/06 03:10:16 graph]: Epoch 19: get test f1 score:  0.841
[2023-03-06 03:10:17] PRINT [03/06 03:10:17 graph]: best_f1 0.888 at epoch 17
[2023-03-06 03:10:17] PRINT [03/06 03:10:17 graph]: Epoch 20 | train_loss: 0.1765 | lr: 0.000186
[2023-03-06 03:10:20] PRINT [03/06 03:10:20 graph]: #Test_f1: 0.8404±0.0409
[2023-03-06 03:10:20] PRINT [03/06 03:10:20 graph]: Epoch 20: get test f1 score:  0.840
[2023-03-06 03:10:20] PRINT [03/06 03:10:20 graph]: best_f1 0.888 at epoch 17
[2023-03-06 03:10:20] PRINT [03/06 03:10:20 graph]: Epoch 21 | train_loss: 0.1781 | lr: 0.000186
[2023-03-06 03:10:23] PRINT [03/06 03:10:23 graph]: #Test_f1: 0.8509±0.0323
[2023-03-06 03:10:24] PRINT [03/06 03:10:24 graph]: Epoch 21: get test f1 score:  0.851
[2023-03-06 03:10:24] PRINT [03/06 03:10:24 graph]: best_f1 0.888 at epoch 17
[2023-03-06 03:10:24] PRINT [03/06 03:10:24 graph]: Epoch 22 | train_loss: 0.1749 | lr: 0.000186
[2023-03-06 03:10:27] PRINT [03/06 03:10:27 graph]: #Test_f1: 0.8567±0.0401
[2023-03-06 03:10:27] PRINT [03/06 03:10:27 graph]: Epoch 22: get test f1 score:  0.857
[2023-03-06 03:10:27] PRINT [03/06 03:10:27 graph]: best_f1 0.888 at epoch 17
[2023-03-06 03:10:27] PRINT [03/06 03:10:27 graph]: Epoch 23 | train_loss: 0.1640 | lr: 0.000186
[2023-03-06 03:10:30] PRINT [03/06 03:10:30 graph]: #Test_f1: 0.8567±0.0401
[2023-03-06 03:10:30] PRINT [03/06 03:10:30 graph]: Epoch 23: get test f1 score:  0.857
[2023-03-06 03:10:30] PRINT [03/06 03:10:30 graph]: best_f1 0.888 at epoch 17
[2023-03-06 03:10:31] PRINT [03/06 03:10:31 graph]: Epoch 24 | train_loss: 0.1683 | lr: 0.000186
[2023-03-06 03:10:33] PRINT [03/06 03:10:33 graph]: #Test_f1: 0.8719±0.0596
[2023-03-06 03:10:34] PRINT [03/06 03:10:34 graph]: Epoch 24: get test f1 score:  0.872
[2023-03-06 03:10:34] PRINT [03/06 03:10:34 graph]: best_f1 0.888 at epoch 17
[2023-03-06 03:10:34] PRINT [03/06 03:10:34 graph]: Epoch 25 | train_loss: 0.1730 | lr: 0.000186
[2023-03-06 03:10:37] PRINT [03/06 03:10:37 graph]: #Test_f1: 0.8880±0.0505
[2023-03-06 03:10:37] PRINT [03/06 03:10:37 graph]: Epoch 25: get test f1 score:  0.888
[2023-03-06 03:10:37] PRINT [03/06 03:10:37 graph]: best_f1 0.888 at epoch 17
[2023-03-06 03:10:37] PRINT [03/06 03:10:37 graph]: Epoch 26 | train_loss: 0.1683 | lr: 0.000186
[2023-03-06 03:10:40] PRINT [03/06 03:10:40 graph]: #Test_f1: 0.8827±0.0466
[2023-03-06 03:10:40] PRINT [03/06 03:10:40 graph]: Epoch 26: get test f1 score:  0.883
[2023-03-06 03:10:40] PRINT [03/06 03:10:40 graph]: best_f1 0.888 at epoch 17
[2023-03-06 03:10:41] PRINT [03/06 03:10:41 graph]: Epoch 27 | train_loss: 0.1727 | lr: 0.000186
[2023-03-06 03:10:43] PRINT [03/06 03:10:43 graph]: #Test_f1: 0.8933±0.0481
[2023-03-06 03:10:44] PRINT [03/06 03:10:44 graph]: Epoch 27: get test f1 score:  0.893
[2023-03-06 03:10:44] PRINT [03/06 03:10:44 graph]: best_f1 0.893 at epoch 27
[2023-03-06 03:10:44] PRINT [03/06 03:10:44 graph]: Epoch 28 | train_loss: 0.1691 | lr: 0.000186
[2023-03-06 03:10:47] PRINT [03/06 03:10:47 graph]: #Test_f1: 0.9094±0.0485
[2023-03-06 03:10:47] PRINT [03/06 03:10:47 graph]: Epoch 28: get test f1 score:  0.909
[2023-03-06 03:10:47] PRINT [03/06 03:10:47 graph]: best_f1 0.909 at epoch 28
[2023-03-06 03:10:48] PRINT [03/06 03:10:48 graph]: Epoch 29 | train_loss: 0.1650 | lr: 0.000186
[2023-03-06 03:10:51] PRINT [03/06 03:10:51 graph]: #Test_f1: 0.8664±0.0609
[2023-03-06 03:10:51] PRINT [03/06 03:10:51 graph]: Epoch 29: get test f1 score:  0.866
[2023-03-06 03:10:51] PRINT [03/06 03:10:51 graph]: best_f1 0.909 at epoch 28
[2023-03-06 03:10:51] PRINT [03/06 03:10:51 graph]: Epoch 30 | train_loss: 0.1611 | lr: 0.000186
[2023-03-06 03:10:54] PRINT [03/06 03:10:54 graph]: #Test_f1: 0.8611±0.0605
[2023-03-06 03:10:55] PRINT [03/06 03:10:55 graph]: Epoch 30: get test f1 score:  0.861
[2023-03-06 03:10:55] PRINT [03/06 03:10:55 graph]: best_f1 0.909 at epoch 28
[2023-03-06 03:10:55] PRINT [03/06 03:10:55 graph]: Epoch 31 | train_loss: 0.1551 | lr: 0.000186
[2023-03-06 03:10:58] PRINT [03/06 03:10:58 graph]: #Test_f1: 0.8561±0.0487
[2023-03-06 03:10:58] PRINT [03/06 03:10:58 graph]: Epoch 31: get test f1 score:  0.856
[2023-03-06 03:10:58] PRINT [03/06 03:10:58 graph]: best_f1 0.909 at epoch 28
[2023-03-06 03:10:59] PRINT [03/06 03:10:59 graph]: Epoch 32 | train_loss: 0.1571 | lr: 0.000186
[2023-03-06 03:11:01] PRINT [03/06 03:11:01 graph]: #Test_f1: 0.8833±0.0620
[2023-03-06 03:11:02] PRINT [03/06 03:11:02 graph]: Epoch 32: get test f1 score:  0.883
[2023-03-06 03:11:02] PRINT [03/06 03:11:02 graph]: best_f1 0.909 at epoch 28
[2023-03-06 03:11:02] PRINT [03/06 03:11:02 graph]: Epoch 33 | train_loss: 0.1604 | lr: 0.000186
[2023-03-06 03:11:05] PRINT [03/06 03:11:05 graph]: #Test_f1: 0.8933±0.0481
[2023-03-06 03:11:05] PRINT [03/06 03:11:05 graph]: Epoch 33: get test f1 score:  0.893
[2023-03-06 03:11:05] PRINT [03/06 03:11:05 graph]: best_f1 0.909 at epoch 28
[2023-03-06 03:11:05] PRINT [03/06 03:11:05 graph]: Epoch 34 | train_loss: 0.1501 | lr: 0.000186
[2023-03-06 03:11:08] PRINT [03/06 03:11:08 graph]: #Test_f1: 0.8991±0.0607
[2023-03-06 03:11:09] PRINT [03/06 03:11:09 graph]: Epoch 34: get test f1 score:  0.899
[2023-03-06 03:11:09] PRINT [03/06 03:11:09 graph]: best_f1 0.909 at epoch 28
[2023-03-06 03:11:09] PRINT [03/06 03:11:09 graph]: Epoch 35 | train_loss: 0.1602 | lr: 0.000186
[2023-03-06 03:11:12] PRINT [03/06 03:11:12 graph]: #Test_f1: 0.8988±0.0505
[2023-03-06 03:11:12] PRINT [03/06 03:11:12 graph]: Epoch 35: get test f1 score:  0.899
[2023-03-06 03:11:12] PRINT [03/06 03:11:12 graph]: best_f1 0.909 at epoch 28
[2023-03-06 03:11:12] PRINT [03/06 03:11:12 graph]: Epoch 36 | train_loss: 0.1529 | lr: 0.000186
[2023-03-06 03:11:15] PRINT [03/06 03:11:15 graph]: #Test_f1: 0.8722±0.0540
[2023-03-06 03:11:15] PRINT [03/06 03:11:15 graph]: Epoch 36: get test f1 score:  0.872
[2023-03-06 03:11:15] PRINT [03/06 03:11:15 graph]: best_f1 0.909 at epoch 28
[2023-03-06 03:11:16] PRINT [03/06 03:11:16 graph]: Epoch 37 | train_loss: 0.1626 | lr: 0.000186
[2023-03-06 03:11:19] PRINT [03/06 03:11:19 graph]: #Test_f1: 0.8778±0.0532
[2023-03-06 03:11:19] PRINT [03/06 03:11:19 graph]: Epoch 37: get test f1 score:  0.878
[2023-03-06 03:11:19] PRINT [03/06 03:11:19 graph]: best_f1 0.909 at epoch 28
[2023-03-06 03:11:19] PRINT [03/06 03:11:19 graph]: Epoch 38 | train_loss: 0.1598 | lr: 0.000186
[2023-03-06 03:11:22] PRINT [03/06 03:11:22 graph]: #Test_f1: 0.8933±0.0481
[2023-03-06 03:11:22] PRINT [03/06 03:11:22 graph]: Epoch 38: get test f1 score:  0.893
[2023-03-06 03:11:22] PRINT [03/06 03:11:22 graph]: best_f1 0.909 at epoch 28
[2023-03-06 03:11:23] PRINT [03/06 03:11:23 graph]: Epoch 39 | train_loss: 0.1478 | lr: 0.000186
[2023-03-06 03:11:25] PRINT [03/06 03:11:25 graph]: #Test_f1: 0.8772±0.0542
[2023-03-06 03:11:26] PRINT [03/06 03:11:26 graph]: Epoch 39: get test f1 score:  0.877
[2023-03-06 03:11:26] PRINT [03/06 03:11:26 graph]: best_f1 0.909 at epoch 28
[2023-03-06 03:11:26] PRINT [03/06 03:11:26 graph]: Epoch 40 | train_loss: 0.1521 | lr: 0.000186
[2023-03-06 03:11:29] PRINT [03/06 03:11:29 graph]: #Test_f1: 0.8772±0.0542
[2023-03-06 03:11:29] PRINT [03/06 03:11:29 graph]: Epoch 40: get test f1 score:  0.877
[2023-03-06 03:11:29] PRINT [03/06 03:11:29 graph]: best_f1 0.909 at epoch 28
[2023-03-06 03:11:30] PRINT [03/06 03:11:30 graph]: Epoch 41 | train_loss: 0.1512 | lr: 0.000186
[2023-03-06 03:11:32] PRINT [03/06 03:11:32 graph]: #Test_f1: 0.8719±0.0596
[2023-03-06 03:11:33] PRINT [03/06 03:11:33 graph]: Epoch 41: get test f1 score:  0.872
[2023-03-06 03:11:33] PRINT [03/06 03:11:33 graph]: best_f1 0.909 at epoch 28
[2023-03-06 03:11:33] PRINT [03/06 03:11:33 graph]: Epoch 42 | train_loss: 0.1491 | lr: 0.000186
[2023-03-06 03:11:36] PRINT [03/06 03:11:36 graph]: #Test_f1: 0.8772±0.0428
[2023-03-06 03:11:36] PRINT [03/06 03:11:36 graph]: Epoch 42: get test f1 score:  0.877
[2023-03-06 03:11:36] PRINT [03/06 03:11:36 graph]: best_f1 0.909 at epoch 28
[2023-03-06 03:11:37] PRINT [03/06 03:11:37 graph]: Epoch 43 | train_loss: 0.1456 | lr: 0.000186
[2023-03-06 03:11:39] PRINT [03/06 03:11:39 graph]: #Test_f1: 0.8453±0.0390
[2023-03-06 03:11:40] PRINT [03/06 03:11:40 graph]: Epoch 43: get test f1 score:  0.845
[2023-03-06 03:11:40] PRINT [03/06 03:11:40 graph]: best_f1 0.909 at epoch 28
[2023-03-06 03:11:40] PRINT [03/06 03:11:40 graph]: Epoch 44 | train_loss: 0.1382 | lr: 0.000186
[2023-03-06 03:11:43] PRINT [03/06 03:11:43 graph]: #Test_f1: 0.8716±0.0653
[2023-03-06 03:11:43] PRINT [03/06 03:11:43 graph]: Epoch 44: get test f1 score:  0.872
[2023-03-06 03:11:43] PRINT [03/06 03:11:43 graph]: best_f1 0.909 at epoch 28
[2023-03-06 03:11:43] PRINT [03/06 03:11:43 graph]: Epoch 45 | train_loss: 0.1432 | lr: 0.000186
[2023-03-06 03:11:46] PRINT [03/06 03:11:46 graph]: #Test_f1: 0.8772±0.0488
[2023-03-06 03:11:47] PRINT [03/06 03:11:47 graph]: Epoch 45: get test f1 score:  0.877
[2023-03-06 03:11:47] PRINT [03/06 03:11:47 graph]: best_f1 0.909 at epoch 28
[2023-03-06 03:11:47] PRINT [03/06 03:11:47 graph]: Epoch 46 | train_loss: 0.1373 | lr: 0.000186
[2023-03-06 03:11:50] PRINT [03/06 03:11:50 graph]: #Test_f1: 0.8611±0.0605
[2023-03-06 03:11:50] PRINT [03/06 03:11:50 graph]: Epoch 46: get test f1 score:  0.861
[2023-03-06 03:11:50] PRINT [03/06 03:11:50 graph]: best_f1 0.909 at epoch 28
[2023-03-06 03:11:50] PRINT [03/06 03:11:50 graph]: Epoch 47 | train_loss: 0.1429 | lr: 0.000186
[2023-03-06 03:11:53] PRINT [03/06 03:11:53 graph]: #Test_f1: 0.8667±0.0496
[2023-03-06 03:11:53] PRINT [03/06 03:11:53 graph]: Epoch 47: get test f1 score:  0.867
[2023-03-06 03:11:53] PRINT [03/06 03:11:53 graph]: best_f1 0.909 at epoch 28
[2023-03-06 03:11:54] PRINT [03/06 03:11:54 graph]: Epoch 48 | train_loss: 0.1358 | lr: 0.000186
[2023-03-06 03:11:57] PRINT [03/06 03:11:57 graph]: #Test_f1: 0.8611±0.0557
[2023-03-06 03:11:57] PRINT [03/06 03:11:57 graph]: Epoch 48: get test f1 score:  0.861
[2023-03-06 03:11:57] PRINT [03/06 03:11:57 graph]: best_f1 0.909 at epoch 28
[2023-03-06 03:11:57] PRINT [03/06 03:11:57 graph]: Epoch 49 | train_loss: 0.1394 | lr: 0.000186
[2023-03-06 03:12:00] PRINT [03/06 03:12:00 graph]: #Test_f1: 0.8769±0.0648
[2023-03-06 03:12:00] PRINT [03/06 03:12:00 graph]: Epoch 49: get test f1 score:  0.877
[2023-03-06 03:12:00] PRINT [03/06 03:12:00 graph]: best_f1 0.909 at epoch 28
[2023-03-06 03:12:01] PRINT [03/06 03:12:01 graph]: # final_acc: 0.9094±0.0000
