[2023-03-22 04:31:25] PRINT ---new cfg------
[2023-03-22 04:31:25] PRINT {'DATA': {'data_name': 'comp'}, 'DATALOADER': {'NUM_WORKERS': 0}, 'MODEL': {'num_hidden': 256, 'num_layers': 2, 'nhead': 4, 'activation': 'prelu', 'attn_drop': 0.30000000000000004, 'feat_drop': 0.30000000000000004, 'norm': 'layernorm', 'pooler': 'mean', 'beta_schedule': 'quad', 'beta_1': 0.0002479527573602527, 'beta_T': 0.010387356617371363, 'T': 718}, 'SOLVER': {'optim_type': 'adam', 'optim_type_f': 'adamw', 'alpha': 1, 'decay': 30, 'LR': 0.0001381902407790379, 'LR_f': 0.016934226742578752, 'weight_decay': 0, 'weight_decay_f': 0.000893324169394773, 'MAX_EPOCH': 100, 'max_epoch_f': 500}, 'DEVICE': 'cuda', 'seeds': [0], 'eval_T': [50, 100, 200], 'output_dir': '/ddm-nni/AmazonCoBuyComputerDataset¶/log', 'checkpoint_dir': '/ddm-nni/AmazonCoBuyComputerDataset¶/log/checkpoint'}
[2023-03-22 04:31:25] PRINT [03/22 04:31:25 graph]: Rank of current process: 0. World size: 1
[2023-03-22 04:31:28] PRINT [03/22 04:31:28 graph]: Environment info:
[2023-03-22 04:31:28] PRINT PyTorch version: 1.10.0+cu113
[2023-03-22 04:31:28] PRINT Is debug build: False
[2023-03-22 04:31:28] PRINT CUDA used to build PyTorch: 11.3
[2023-03-22 04:31:28] PRINT ROCM used to build PyTorch: N/A
[2023-03-22 04:31:28] PRINT 
[2023-03-22 04:31:28] PRINT OS: Ubuntu 20.04.3 LTS (x86_64)
[2023-03-22 04:31:28] PRINT GCC version: (Ubuntu 9.3.0-17ubuntu1~20.04) 9.3.0
[2023-03-22 04:31:28] PRINT Clang version: Could not collect
[2023-03-22 04:31:28] PRINT CMake version: version 3.16.3
[2023-03-22 04:31:28] PRINT Libc version: glibc-2.31
[2023-03-22 04:31:28] PRINT 
[2023-03-22 04:31:28] PRINT Python version: 3.8.10 (default, Jun  4 2021, 15:09:15)  [GCC 7.5.0] (64-bit runtime)
[2023-03-22 04:31:28] PRINT Python platform: Linux-5.4.0-90-generic-x86_64-with-glibc2.17
[2023-03-22 04:31:28] PRINT Is CUDA available: True
[2023-03-22 04:31:28] PRINT CUDA runtime version: 11.3.109
[2023-03-22 04:31:28] PRINT GPU models and configuration: GPU 0: NVIDIA GeForce RTX 3090
[2023-03-22 04:31:28] PRINT Nvidia driver version: 495.44
[2023-03-22 04:31:28] PRINT cuDNN version: Probably one of the following:
[2023-03-22 04:31:28] PRINT /usr/lib/x86_64-linux-gnu/libcudnn.so.8.2.0
[2023-03-22 04:31:28] PRINT /usr/lib/x86_64-linux-gnu/libcudnn_adv_infer.so.8.2.0
[2023-03-22 04:31:28] PRINT /usr/lib/x86_64-linux-gnu/libcudnn_adv_train.so.8.2.0
[2023-03-22 04:31:28] PRINT /usr/lib/x86_64-linux-gnu/libcudnn_cnn_infer.so.8.2.0
[2023-03-22 04:31:28] PRINT /usr/lib/x86_64-linux-gnu/libcudnn_cnn_train.so.8.2.0
[2023-03-22 04:31:28] PRINT /usr/lib/x86_64-linux-gnu/libcudnn_ops_infer.so.8.2.0
[2023-03-22 04:31:28] PRINT /usr/lib/x86_64-linux-gnu/libcudnn_ops_train.so.8.2.0
[2023-03-22 04:31:28] PRINT HIP runtime version: N/A
[2023-03-22 04:31:28] PRINT MIOpen runtime version: N/A
[2023-03-22 04:31:28] PRINT 
[2023-03-22 04:31:28] PRINT Versions of relevant libraries:
[2023-03-22 04:31:28] PRINT [pip3] numpy==1.23.5
[2023-03-22 04:31:28] PRINT [pip3] torch==1.10.0+cu113
[2023-03-22 04:31:28] PRINT [pip3] torchvision==0.11.1+cu113
[2023-03-22 04:31:28] PRINT [conda] blas                      1.0                         mkl    https://mirrors.ustc.edu.cn/anaconda/pkgs/main
[2023-03-22 04:31:28] PRINT [conda] mkl                       2021.4.0           h06a4308_640    https://mirrors.ustc.edu.cn/anaconda/pkgs/main
[2023-03-22 04:31:28] PRINT [conda] mkl-service               2.4.0            py38h7f8727e_0    https://mirrors.ustc.edu.cn/anaconda/pkgs/main
[2023-03-22 04:31:28] PRINT [conda] mkl_fft                   1.3.1            py38hd3c417c_0    https://mirrors.ustc.edu.cn/anaconda/pkgs/main
[2023-03-22 04:31:28] PRINT [conda] mkl_random                1.2.2            py38h51133e4_0    https://mirrors.ustc.edu.cn/anaconda/pkgs/main
[2023-03-22 04:31:28] PRINT [conda] numpy                     1.21.4                   pypi_0    pypi
[2023-03-22 04:31:28] PRINT [conda] numpy-base                1.23.5           py38h31eccc5_0    https://mirrors.ustc.edu.cn/anaconda/pkgs/main
[2023-03-22 04:31:28] PRINT [conda] torch                     1.10.0+cu113             pypi_0    pypi
[2023-03-22 04:31:28] PRINT [conda] torchvision               0.11.1+cu113             pypi_0    pypi
[2023-03-22 04:31:28] PRINT         Pillow (8.4.0)
[2023-03-22 04:31:28] PRINT [03/22 04:31:28 graph]: Command line arguments: Namespace(local_rank=0, resume=False, seed=1234, start_epoch=0)
[2023-03-22 04:31:28] PRINT [03/22 04:31:28 graph]: Run 0th for seed 0
[2023-03-22 04:31:28] PRINT [03/22 04:31:28 graph]: Total trainable params num : 3729411
[2023-03-22 04:31:33] PRINT [03/22 04:31:33 graph]: ----------Start Training----------
[2023-03-22 04:31:33] PRINT [03/22 04:31:33 graph]: start epoch 0.
[2023-03-22 04:31:33] PRINT [03/22 04:31:33 graph]: # Epoch 0: train_loss: 0.9822 | lr: 0.000138
[2023-03-22 04:31:33] PRINT [03/22 04:31:33 graph]: start epoch 1.
[2023-03-22 04:31:33] PRINT [03/22 04:31:33 graph]: # Epoch 1: train_loss: 0.8407 | lr: 0.000138
[2023-03-22 04:31:33] PRINT [03/22 04:31:33 graph]: start epoch 2.
[2023-03-22 04:31:33] PRINT [03/22 04:31:33 graph]: # Epoch 2: train_loss: 0.7671 | lr: 0.000138
[2023-03-22 04:31:33] PRINT [03/22 04:31:33 graph]: start epoch 3.
[2023-03-22 04:31:33] PRINT [03/22 04:31:33 graph]: # Epoch 3: train_loss: 0.7162 | lr: 0.000138
[2023-03-22 04:31:33] PRINT [03/22 04:31:33 graph]: start epoch 4.
[2023-03-22 04:31:33] PRINT [03/22 04:31:33 graph]: # Epoch 4: train_loss: 0.6785 | lr: 0.000138
[2023-03-22 04:31:33] PRINT [03/22 04:31:33 graph]: start epoch 5.
[2023-03-22 04:31:33] PRINT [03/22 04:31:33 graph]: # Epoch 5: train_loss: 0.6526 | lr: 0.000138
[2023-03-22 04:31:33] PRINT [03/22 04:31:33 graph]: start epoch 6.
[2023-03-22 04:31:34] PRINT [03/22 04:31:34 graph]: # Epoch 6: train_loss: 0.6343 | lr: 0.000138
[2023-03-22 04:31:34] PRINT [03/22 04:31:34 graph]: start epoch 7.
[2023-03-22 04:31:34] PRINT [03/22 04:31:34 graph]: # Epoch 7: train_loss: 0.6208 | lr: 0.000138
[2023-03-22 04:31:34] PRINT [03/22 04:31:34 graph]: start epoch 8.
[2023-03-22 04:31:34] PRINT [03/22 04:31:34 graph]: # Epoch 8: train_loss: 0.6090 | lr: 0.000138
[2023-03-22 04:31:34] PRINT [03/22 04:31:34 graph]: start epoch 9.
[2023-03-22 04:31:34] PRINT [03/22 04:31:34 graph]: # Epoch 9: train_loss: 0.5996 | lr: 0.000138
[2023-03-22 04:31:34] PRINT [03/22 04:31:34 graph]: start epoch 10.
[2023-03-22 04:31:34] PRINT [03/22 04:31:34 graph]: # Epoch 10: train_loss: 0.5914 | lr: 0.000138
[2023-03-22 04:31:34] PRINT [03/22 04:31:34 graph]: start epoch 11.
[2023-03-22 04:31:34] PRINT [03/22 04:31:34 graph]: # Epoch 11: train_loss: 0.5846 | lr: 0.000138
[2023-03-22 04:31:34] PRINT [03/22 04:31:34 graph]: start epoch 12.
[2023-03-22 04:31:34] PRINT [03/22 04:31:34 graph]: # Epoch 12: train_loss: 0.5788 | lr: 0.000138
[2023-03-22 04:31:34] PRINT [03/22 04:31:34 graph]: start epoch 13.
[2023-03-22 04:31:34] PRINT [03/22 04:31:34 graph]: # Epoch 13: train_loss: 0.5743 | lr: 0.000138
[2023-03-22 04:31:34] PRINT [03/22 04:31:34 graph]: start epoch 14.
[2023-03-22 04:31:34] PRINT [03/22 04:31:34 graph]: # Epoch 14: train_loss: 0.5696 | lr: 0.000138
[2023-03-22 04:31:34] PRINT [03/22 04:31:34 graph]: start epoch 15.
[2023-03-22 04:31:34] PRINT [03/22 04:31:34 graph]: # Epoch 15: train_loss: 0.5657 | lr: 0.000138
[2023-03-22 04:31:34] PRINT [03/22 04:31:34 graph]: start epoch 16.
[2023-03-22 04:31:34] PRINT [03/22 04:31:34 graph]: # Epoch 16: train_loss: 0.5618 | lr: 0.000138
[2023-03-22 04:31:34] PRINT [03/22 04:31:34 graph]: start epoch 17.
[2023-03-22 04:31:34] PRINT [03/22 04:31:34 graph]: # Epoch 17: train_loss: 0.5578 | lr: 0.000138
[2023-03-22 04:31:34] PRINT [03/22 04:31:34 graph]: start epoch 18.
[2023-03-22 04:31:34] PRINT [03/22 04:31:34 graph]: # Epoch 18: train_loss: 0.5540 | lr: 0.000138
[2023-03-22 04:31:34] PRINT [03/22 04:31:34 graph]: start epoch 19.
[2023-03-22 04:31:34] PRINT [03/22 04:31:34 graph]: # Epoch 19: train_loss: 0.5500 | lr: 0.000138
[2023-03-22 04:31:34] PRINT [03/22 04:31:34 graph]: start epoch 20.
[2023-03-22 04:31:34] PRINT [03/22 04:31:34 graph]: # Epoch 20: train_loss: 0.5463 | lr: 0.000138
[2023-03-22 04:31:34] PRINT [03/22 04:31:34 graph]: start epoch 21.
[2023-03-22 04:31:34] PRINT [03/22 04:31:34 graph]: # Epoch 21: train_loss: 0.5427 | lr: 0.000138
[2023-03-22 04:31:34] PRINT [03/22 04:31:34 graph]: start epoch 22.
[2023-03-22 04:31:34] PRINT [03/22 04:31:34 graph]: # Epoch 22: train_loss: 0.5393 | lr: 0.000138
[2023-03-22 04:31:34] PRINT [03/22 04:31:34 graph]: start epoch 23.
[2023-03-22 04:31:34] PRINT [03/22 04:31:34 graph]: # Epoch 23: train_loss: 0.5364 | lr: 0.000138
[2023-03-22 04:31:34] PRINT [03/22 04:31:34 graph]: start epoch 24.
[2023-03-22 04:31:35] PRINT [03/22 04:31:35 graph]: # Epoch 24: train_loss: 0.5334 | lr: 0.000138
[2023-03-22 04:31:35] PRINT [03/22 04:31:35 graph]: start epoch 25.
[2023-03-22 04:31:35] PRINT [03/22 04:31:35 graph]: # Epoch 25: train_loss: 0.5306 | lr: 0.000138
[2023-03-22 04:31:35] PRINT [03/22 04:31:35 graph]: start epoch 26.
[2023-03-22 04:31:35] PRINT [03/22 04:31:35 graph]: # Epoch 26: train_loss: 0.5282 | lr: 0.000138
[2023-03-22 04:31:35] PRINT [03/22 04:31:35 graph]: start epoch 27.
[2023-03-22 04:31:35] PRINT [03/22 04:31:35 graph]: # Epoch 27: train_loss: 0.5257 | lr: 0.000138
[2023-03-22 04:31:35] PRINT [03/22 04:31:35 graph]: start epoch 28.
[2023-03-22 04:31:35] PRINT [03/22 04:31:35 graph]: # Epoch 28: train_loss: 0.5226 | lr: 0.000138
[2023-03-22 04:31:35] PRINT [03/22 04:31:35 graph]: start epoch 29.
[2023-03-22 04:31:35] PRINT [03/22 04:31:35 graph]: # Epoch 29: train_loss: 0.5212 | lr: 0.000138
[2023-03-22 04:31:35] PRINT [03/22 04:31:35 graph]: start epoch 30.
[2023-03-22 04:31:35] PRINT [03/22 04:31:35 graph]: # Epoch 30: train_loss: 0.5187 | lr: 0.000138
[2023-03-22 04:31:35] PRINT [03/22 04:31:35 graph]: start epoch 31.
[2023-03-22 04:31:35] PRINT [03/22 04:31:35 graph]: # Epoch 31: train_loss: 0.5167 | lr: 0.000138
[2023-03-22 04:31:35] PRINT [03/22 04:31:35 graph]: start epoch 32.
[2023-03-22 04:31:35] PRINT [03/22 04:31:35 graph]: # Epoch 32: train_loss: 0.5146 | lr: 0.000138
[2023-03-22 04:31:35] PRINT [03/22 04:31:35 graph]: start epoch 33.
[2023-03-22 04:31:35] PRINT [03/22 04:31:35 graph]: # Epoch 33: train_loss: 0.5121 | lr: 0.000138
[2023-03-22 04:31:35] PRINT [03/22 04:31:35 graph]: start epoch 34.
[2023-03-22 04:31:35] PRINT [03/22 04:31:35 graph]: # Epoch 34: train_loss: 0.5102 | lr: 0.000138
[2023-03-22 04:31:35] PRINT [03/22 04:31:35 graph]: start epoch 35.
[2023-03-22 04:31:35] PRINT [03/22 04:31:35 graph]: # Epoch 35: train_loss: 0.5084 | lr: 0.000138
[2023-03-22 04:31:35] PRINT [03/22 04:31:35 graph]: start epoch 36.
[2023-03-22 04:31:35] PRINT [03/22 04:31:35 graph]: # Epoch 36: train_loss: 0.5064 | lr: 0.000138
[2023-03-22 04:31:35] PRINT [03/22 04:31:35 graph]: start epoch 37.
[2023-03-22 04:31:35] PRINT [03/22 04:31:35 graph]: # Epoch 37: train_loss: 0.5046 | lr: 0.000138
[2023-03-22 04:31:35] PRINT [03/22 04:31:35 graph]: start epoch 38.
[2023-03-22 04:31:35] PRINT [03/22 04:31:35 graph]: # Epoch 38: train_loss: 0.5028 | lr: 0.000138
[2023-03-22 04:31:35] PRINT [03/22 04:31:35 graph]: start epoch 39.
[2023-03-22 04:31:35] PRINT [03/22 04:31:35 graph]: # Epoch 39: train_loss: 0.5010 | lr: 0.000138
[2023-03-22 04:31:35] PRINT [03/22 04:31:35 graph]: start epoch 40.
[2023-03-22 04:31:35] PRINT [03/22 04:31:35 graph]: # Epoch 40: train_loss: 0.4990 | lr: 0.000138
[2023-03-22 04:31:35] PRINT [03/22 04:31:35 graph]: start epoch 41.
[2023-03-22 04:31:36] PRINT [03/22 04:31:36 graph]: # Epoch 41: train_loss: 0.4973 | lr: 0.000138
[2023-03-22 04:31:36] PRINT [03/22 04:31:36 graph]: start epoch 42.
[2023-03-22 04:31:36] PRINT [03/22 04:31:36 graph]: # Epoch 42: train_loss: 0.4962 | lr: 0.000138
[2023-03-22 04:31:36] PRINT [03/22 04:31:36 graph]: start epoch 43.
[2023-03-22 04:31:36] PRINT [03/22 04:31:36 graph]: # Epoch 43: train_loss: 0.4944 | lr: 0.000138
[2023-03-22 04:31:36] PRINT [03/22 04:31:36 graph]: start epoch 44.
[2023-03-22 04:31:36] PRINT [03/22 04:31:36 graph]: # Epoch 44: train_loss: 0.4926 | lr: 0.000138
[2023-03-22 04:31:36] PRINT [03/22 04:31:36 graph]: start epoch 45.
[2023-03-22 04:31:36] PRINT [03/22 04:31:36 graph]: # Epoch 45: train_loss: 0.4913 | lr: 0.000138
[2023-03-22 04:31:36] PRINT [03/22 04:31:36 graph]: start epoch 46.
[2023-03-22 04:31:36] PRINT [03/22 04:31:36 graph]: # Epoch 46: train_loss: 0.4895 | lr: 0.000138
[2023-03-22 04:31:36] PRINT [03/22 04:31:36 graph]: start epoch 47.
[2023-03-22 04:31:36] PRINT [03/22 04:31:36 graph]: # Epoch 47: train_loss: 0.4880 | lr: 0.000138
[2023-03-22 04:31:36] PRINT [03/22 04:31:36 graph]: start epoch 48.
[2023-03-22 04:31:36] PRINT [03/22 04:31:36 graph]: # Epoch 48: train_loss: 0.4866 | lr: 0.000138
[2023-03-22 04:31:36] PRINT [03/22 04:31:36 graph]: start epoch 49.
[2023-03-22 04:31:36] PRINT [03/22 04:31:36 graph]: # Epoch 49: train_loss: 0.4852 | lr: 0.000138
[2023-03-22 04:31:36] PRINT [03/22 04:31:36 graph]: start epoch 50.
[2023-03-22 04:31:36] PRINT [03/22 04:31:36 graph]: # Epoch 50: train_loss: 0.4836 | lr: 0.000138
[2023-03-22 04:31:36] PRINT [03/22 04:31:36 graph]: start epoch 51.
[2023-03-22 04:31:36] PRINT [03/22 04:31:36 graph]: # Epoch 51: train_loss: 0.4826 | lr: 0.000138
[2023-03-22 04:31:43] PRINT [03/22 04:31:43 graph]: --- Testf1: 0.88157, Best Valacc: 0.88291 in epoch 325 --- 
[2023-03-22 04:31:43] PRINT [03/22 04:31:43 graph]: Epoch 51: get test acc score:  0.88157
[2023-03-22 04:31:43] PRINT [03/22 04:31:43 graph]: best_f1 0.88157 at epoch 51
[2023-03-22 04:31:43] PRINT [03/22 04:31:43 graph]: start epoch 52.
[2023-03-22 04:31:43] PRINT [03/22 04:31:43 graph]: # Epoch 52: train_loss: 0.4811 | lr: 0.000138
[2023-03-22 04:31:50] PRINT [03/22 04:31:50 graph]: --- Testf1: 0.88148, Best Valacc: 0.88364 in epoch 490 --- 
[2023-03-22 04:31:51] PRINT [03/22 04:31:51 graph]: Epoch 52: get test acc score:  0.88148
[2023-03-22 04:31:51] PRINT [03/22 04:31:51 graph]: best_f1 0.88157 at epoch 51
[2023-03-22 04:31:51] PRINT [03/22 04:31:51 graph]: start epoch 53.
[2023-03-22 04:31:51] PRINT [03/22 04:31:51 graph]: # Epoch 53: train_loss: 0.4799 | lr: 0.000138
[2023-03-22 04:31:58] PRINT [03/22 04:31:58 graph]: --- Testf1: 0.88311, Best Valacc: 0.88364 in epoch 465 --- 
[2023-03-22 04:31:58] PRINT [03/22 04:31:58 graph]: Epoch 53: get test acc score:  0.88311
[2023-03-22 04:31:58] PRINT [03/22 04:31:58 graph]: best_f1 0.88311 at epoch 53
[2023-03-22 04:31:58] PRINT [03/22 04:31:58 graph]: start epoch 54.
[2023-03-22 04:31:58] PRINT [03/22 04:31:58 graph]: # Epoch 54: train_loss: 0.4788 | lr: 0.000138
[2023-03-22 04:32:06] PRINT [03/22 04:32:06 graph]: --- Testf1: 0.88175, Best Valacc: 0.88218 in epoch 498 --- 
[2023-03-22 04:32:06] PRINT [03/22 04:32:06 graph]: Epoch 54: get test acc score:  0.88175
[2023-03-22 04:32:06] PRINT [03/22 04:32:06 graph]: best_f1 0.88311 at epoch 53
[2023-03-22 04:32:06] PRINT [03/22 04:32:06 graph]: start epoch 55.
[2023-03-22 04:32:06] PRINT [03/22 04:32:06 graph]: # Epoch 55: train_loss: 0.4774 | lr: 0.000138
[2023-03-22 04:32:13] PRINT [03/22 04:32:13 graph]: --- Testf1: 0.88202, Best Valacc: 0.87855 in epoch 252 --- 
[2023-03-22 04:32:14] PRINT [03/22 04:32:14 graph]: Epoch 55: get test acc score:  0.88202
[2023-03-22 04:32:14] PRINT [03/22 04:32:14 graph]: best_f1 0.88311 at epoch 53
[2023-03-22 04:32:14] PRINT [03/22 04:32:14 graph]: start epoch 56.
[2023-03-22 04:32:14] PRINT [03/22 04:32:14 graph]: # Epoch 56: train_loss: 0.4762 | lr: 0.000138
[2023-03-22 04:32:21] PRINT [03/22 04:32:21 graph]: --- Testf1: 0.88175, Best Valacc: 0.88218 in epoch 497 --- 
[2023-03-22 04:32:21] PRINT [03/22 04:32:21 graph]: Epoch 56: get test acc score:  0.88175
[2023-03-22 04:32:21] PRINT [03/22 04:32:21 graph]: best_f1 0.88311 at epoch 53
[2023-03-22 04:32:21] PRINT [03/22 04:32:21 graph]: start epoch 57.
[2023-03-22 04:32:21] PRINT [03/22 04:32:21 graph]: # Epoch 57: train_loss: 0.4758 | lr: 0.000138
[2023-03-22 04:32:29] PRINT [03/22 04:32:29 graph]: --- Testf1: 0.88329, Best Valacc: 0.87782 in epoch 499 --- 
[2023-03-22 04:32:29] PRINT [03/22 04:32:29 graph]: Epoch 57: get test acc score:  0.88329
[2023-03-22 04:32:29] PRINT [03/22 04:32:29 graph]: best_f1 0.88329 at epoch 57
[2023-03-22 04:32:29] PRINT [03/22 04:32:29 graph]: start epoch 58.
[2023-03-22 04:32:29] PRINT [03/22 04:32:29 graph]: # Epoch 58: train_loss: 0.4751 | lr: 0.000138
[2023-03-22 04:32:36] PRINT [03/22 04:32:36 graph]: --- Testf1: 0.88275, Best Valacc: 0.88073 in epoch 494 --- 
[2023-03-22 04:32:36] PRINT [03/22 04:32:36 graph]: Epoch 58: get test acc score:  0.88275
[2023-03-22 04:32:36] PRINT [03/22 04:32:36 graph]: best_f1 0.88329 at epoch 57
[2023-03-22 04:32:36] PRINT [03/22 04:32:36 graph]: start epoch 59.
[2023-03-22 04:32:37] PRINT [03/22 04:32:37 graph]: # Epoch 59: train_loss: 0.4726 | lr: 0.000138
[2023-03-22 04:32:44] PRINT [03/22 04:32:44 graph]: --- Testf1: 0.88239, Best Valacc: 0.88291 in epoch 499 --- 
[2023-03-22 04:32:44] PRINT [03/22 04:32:44 graph]: Epoch 59: get test acc score:  0.88239
[2023-03-22 04:32:44] PRINT [03/22 04:32:44 graph]: best_f1 0.88329 at epoch 57
[2023-03-22 04:32:44] PRINT [03/22 04:32:44 graph]: start epoch 60.
[2023-03-22 04:32:44] PRINT [03/22 04:32:44 graph]: # Epoch 60: train_loss: 0.4732 | lr: 0.000138
[2023-03-22 04:32:51] PRINT [03/22 04:32:51 graph]: --- Testf1: 0.88348, Best Valacc: 0.88436 in epoch 493 --- 
[2023-03-22 04:32:52] PRINT [03/22 04:32:52 graph]: Epoch 60: get test acc score:  0.88348
[2023-03-22 04:32:52] PRINT [03/22 04:32:52 graph]: best_f1 0.88348 at epoch 60
[2023-03-22 04:32:52] PRINT [03/22 04:32:52 graph]: start epoch 61.
[2023-03-22 04:32:52] PRINT [03/22 04:32:52 graph]: # Epoch 61: train_loss: 0.4709 | lr: 0.000138
[2023-03-22 04:32:59] PRINT [03/22 04:32:59 graph]: --- Testf1: 0.88220, Best Valacc: 0.87709 in epoch 407 --- 
[2023-03-22 04:32:59] PRINT [03/22 04:32:59 graph]: Epoch 61: get test acc score:  0.88220
[2023-03-22 04:32:59] PRINT [03/22 04:32:59 graph]: best_f1 0.88348 at epoch 60
[2023-03-22 04:32:59] PRINT [03/22 04:32:59 graph]: start epoch 62.
[2023-03-22 04:32:59] PRINT [03/22 04:32:59 graph]: # Epoch 62: train_loss: 0.4712 | lr: 0.000138
[2023-03-22 04:33:06] PRINT [03/22 04:33:06 graph]: --- Testf1: 0.88257, Best Valacc: 0.88000 in epoch 470 --- 
[2023-03-22 04:33:07] PRINT [03/22 04:33:07 graph]: Epoch 62: get test acc score:  0.88257
[2023-03-22 04:33:07] PRINT [03/22 04:33:07 graph]: best_f1 0.88348 at epoch 60
[2023-03-22 04:33:07] PRINT [03/22 04:33:07 graph]: start epoch 63.
[2023-03-22 04:33:07] PRINT [03/22 04:33:07 graph]: # Epoch 63: train_loss: 0.4690 | lr: 0.000138
[2023-03-22 04:33:14] PRINT [03/22 04:33:14 graph]: --- Testf1: 0.88239, Best Valacc: 0.88291 in epoch 499 --- 
[2023-03-22 04:33:14] PRINT [03/22 04:33:14 graph]: Epoch 63: get test acc score:  0.88239
[2023-03-22 04:33:14] PRINT [03/22 04:33:14 graph]: best_f1 0.88348 at epoch 60
[2023-03-22 04:33:14] PRINT [03/22 04:33:14 graph]: start epoch 64.
[2023-03-22 04:33:14] PRINT [03/22 04:33:14 graph]: # Epoch 64: train_loss: 0.4697 | lr: 0.000138
[2023-03-22 04:33:22] PRINT [03/22 04:33:22 graph]: --- Testf1: 0.88357, Best Valacc: 0.88145 in epoch 493 --- 
[2023-03-22 04:33:22] PRINT [03/22 04:33:22 graph]: Epoch 64: get test acc score:  0.88357
[2023-03-22 04:33:22] PRINT [03/22 04:33:22 graph]: best_f1 0.88357 at epoch 64
[2023-03-22 04:33:22] PRINT [03/22 04:33:22 graph]: start epoch 65.
[2023-03-22 04:33:22] PRINT [03/22 04:33:22 graph]: # Epoch 65: train_loss: 0.4671 | lr: 0.000138
[2023-03-22 04:33:29] PRINT [03/22 04:33:29 graph]: --- Testf1: 0.88438, Best Valacc: 0.88291 in epoch 452 --- 
[2023-03-22 04:33:29] PRINT [03/22 04:33:29 graph]: Epoch 65: get test acc score:  0.88438
[2023-03-22 04:33:29] PRINT [03/22 04:33:29 graph]: best_f1 0.88438 at epoch 65
[2023-03-22 04:33:29] PRINT [03/22 04:33:29 graph]: start epoch 66.
[2023-03-22 04:33:30] PRINT [03/22 04:33:30 graph]: # Epoch 66: train_loss: 0.4672 | lr: 0.000138
[2023-03-22 04:33:37] PRINT [03/22 04:33:37 graph]: --- Testf1: 0.88366, Best Valacc: 0.88218 in epoch 407 --- 
[2023-03-22 04:33:37] PRINT [03/22 04:33:37 graph]: Epoch 66: get test acc score:  0.88366
[2023-03-22 04:33:37] PRINT [03/22 04:33:37 graph]: best_f1 0.88438 at epoch 65
[2023-03-22 04:33:37] PRINT [03/22 04:33:37 graph]: start epoch 67.
[2023-03-22 04:33:37] PRINT [03/22 04:33:37 graph]: # Epoch 67: train_loss: 0.4659 | lr: 0.000138
[2023-03-22 04:33:44] PRINT [03/22 04:33:44 graph]: --- Testf1: 0.88193, Best Valacc: 0.87709 in epoch 316 --- 
[2023-03-22 04:33:44] PRINT [03/22 04:33:44 graph]: Epoch 67: get test acc score:  0.88193
[2023-03-22 04:33:44] PRINT [03/22 04:33:44 graph]: best_f1 0.88438 at epoch 65
[2023-03-22 04:33:44] PRINT [03/22 04:33:44 graph]: start epoch 68.
[2023-03-22 04:33:45] PRINT [03/22 04:33:45 graph]: # Epoch 68: train_loss: 0.4655 | lr: 0.000138
[2023-03-22 04:33:52] PRINT [03/22 04:33:52 graph]: --- Testf1: 0.88229, Best Valacc: 0.88291 in epoch 432 --- 
[2023-03-22 04:33:52] PRINT [03/22 04:33:52 graph]: Epoch 68: get test acc score:  0.88229
[2023-03-22 04:33:52] PRINT [03/22 04:33:52 graph]: best_f1 0.88438 at epoch 65
[2023-03-22 04:33:52] PRINT [03/22 04:33:52 graph]: start epoch 69.
[2023-03-22 04:33:52] PRINT [03/22 04:33:52 graph]: # Epoch 69: train_loss: 0.4642 | lr: 0.000138
[2023-03-22 04:33:59] PRINT [03/22 04:33:59 graph]: --- Testf1: 0.88348, Best Valacc: 0.88364 in epoch 499 --- 
[2023-03-22 04:33:59] PRINT [03/22 04:33:59 graph]: Epoch 69: get test acc score:  0.88348
[2023-03-22 04:33:59] PRINT [03/22 04:33:59 graph]: best_f1 0.88438 at epoch 65
[2023-03-22 04:33:59] PRINT [03/22 04:33:59 graph]: start epoch 70.
[2023-03-22 04:33:59] PRINT [03/22 04:33:59 graph]: # Epoch 70: train_loss: 0.4636 | lr: 0.000138
[2023-03-22 04:34:06] PRINT [03/22 04:34:06 graph]: --- Testf1: 0.88302, Best Valacc: 0.88218 in epoch 498 --- 
[2023-03-22 04:34:07] PRINT [03/22 04:34:07 graph]: Epoch 70: get test acc score:  0.88302
[2023-03-22 04:34:07] PRINT [03/22 04:34:07 graph]: best_f1 0.88438 at epoch 65
[2023-03-22 04:34:07] PRINT [03/22 04:34:07 graph]: start epoch 71.
[2023-03-22 04:34:07] PRINT [03/22 04:34:07 graph]: # Epoch 71: train_loss: 0.4632 | lr: 0.000138
[2023-03-22 04:34:14] PRINT [03/22 04:34:14 graph]: --- Testf1: 0.88229, Best Valacc: 0.88145 in epoch 487 --- 
[2023-03-22 04:34:14] PRINT [03/22 04:34:14 graph]: Epoch 71: get test acc score:  0.88229
[2023-03-22 04:34:14] PRINT [03/22 04:34:14 graph]: best_f1 0.88438 at epoch 65
[2023-03-22 04:34:14] PRINT [03/22 04:34:14 graph]: start epoch 72.
[2023-03-22 04:34:14] PRINT [03/22 04:34:14 graph]: # Epoch 72: train_loss: 0.4617 | lr: 0.000138
[2023-03-22 04:34:21] PRINT [03/22 04:34:21 graph]: --- Testf1: 0.88420, Best Valacc: 0.88364 in epoch 495 --- 
[2023-03-22 04:34:22] PRINT [03/22 04:34:22 graph]: Epoch 72: get test acc score:  0.88420
[2023-03-22 04:34:22] PRINT [03/22 04:34:22 graph]: best_f1 0.88438 at epoch 65
[2023-03-22 04:34:22] PRINT [03/22 04:34:22 graph]: start epoch 73.
[2023-03-22 04:34:22] PRINT [03/22 04:34:22 graph]: # Epoch 73: train_loss: 0.4614 | lr: 0.000138
[2023-03-22 04:34:29] PRINT [03/22 04:34:29 graph]: --- Testf1: 0.88457, Best Valacc: 0.88218 in epoch 497 --- 
[2023-03-22 04:34:29] PRINT [03/22 04:34:29 graph]: Epoch 73: get test acc score:  0.88457
[2023-03-22 04:34:29] PRINT [03/22 04:34:29 graph]: best_f1 0.88457 at epoch 73
[2023-03-22 04:34:29] PRINT [03/22 04:34:29 graph]: start epoch 74.
[2023-03-22 04:34:29] PRINT [03/22 04:34:29 graph]: # Epoch 74: train_loss: 0.4603 | lr: 0.000138
[2023-03-22 04:34:36] PRINT [03/22 04:34:36 graph]: --- Testf1: 0.88402, Best Valacc: 0.88145 in epoch 487 --- 
[2023-03-22 04:34:37] PRINT [03/22 04:34:37 graph]: Epoch 74: get test acc score:  0.88402
[2023-03-22 04:34:37] PRINT [03/22 04:34:37 graph]: best_f1 0.88457 at epoch 73
[2023-03-22 04:34:37] PRINT [03/22 04:34:37 graph]: start epoch 75.
[2023-03-22 04:34:37] PRINT [03/22 04:34:37 graph]: # Epoch 75: train_loss: 0.4598 | lr: 0.000138
[2023-03-22 04:34:42] PRINT [03/22 04:34:42 graph]: --- Testf1: 0.88311, Best Valacc: 0.88218 in epoch 422 --- 
[2023-03-22 04:34:43] PRINT [03/22 04:34:43 graph]: Epoch 75: get test acc score:  0.88311
[2023-03-22 04:34:43] PRINT [03/22 04:34:43 graph]: best_f1 0.88457 at epoch 73
[2023-03-22 04:34:43] PRINT [03/22 04:34:43 graph]: start epoch 76.
[2023-03-22 04:34:43] PRINT [03/22 04:34:43 graph]: # Epoch 76: train_loss: 0.4590 | lr: 0.000138
[2023-03-22 04:34:49] PRINT [03/22 04:34:49 graph]: --- Testf1: 0.88293, Best Valacc: 0.88000 in epoch 498 --- 
[2023-03-22 04:34:49] PRINT [03/22 04:34:49 graph]: Epoch 76: get test acc score:  0.88293
[2023-03-22 04:34:49] PRINT [03/22 04:34:49 graph]: best_f1 0.88457 at epoch 73
[2023-03-22 04:34:49] PRINT [03/22 04:34:49 graph]: start epoch 77.
[2023-03-22 04:34:49] PRINT [03/22 04:34:49 graph]: # Epoch 77: train_loss: 0.4592 | lr: 0.000138
[2023-03-22 04:34:55] PRINT [03/22 04:34:55 graph]: --- Testf1: 0.88393, Best Valacc: 0.88436 in epoch 499 --- 
[2023-03-22 04:34:55] PRINT [03/22 04:34:55 graph]: Epoch 77: get test acc score:  0.88393
[2023-03-22 04:34:55] PRINT [03/22 04:34:55 graph]: best_f1 0.88457 at epoch 73
[2023-03-22 04:34:55] PRINT [03/22 04:34:55 graph]: start epoch 78.
[2023-03-22 04:34:55] PRINT [03/22 04:34:55 graph]: # Epoch 78: train_loss: 0.4579 | lr: 0.000138
[2023-03-22 04:35:04] PRINT [03/22 04:35:04 graph]: --- Testf1: 0.88448, Best Valacc: 0.88291 in epoch 486 --- 
[2023-03-22 04:35:04] PRINT [03/22 04:35:04 graph]: Epoch 78: get test acc score:  0.88448
[2023-03-22 04:35:04] PRINT [03/22 04:35:04 graph]: best_f1 0.88457 at epoch 73
[2023-03-22 04:35:04] PRINT [03/22 04:35:04 graph]: start epoch 79.
[2023-03-22 04:35:04] PRINT [03/22 04:35:04 graph]: # Epoch 79: train_loss: 0.4572 | lr: 0.000138
[2023-03-22 04:35:11] PRINT [03/22 04:35:11 graph]: --- Testf1: 0.88457, Best Valacc: 0.88073 in epoch 392 --- 
[2023-03-22 04:35:12] PRINT [03/22 04:35:12 graph]: Epoch 79: get test acc score:  0.88457
[2023-03-22 04:35:12] PRINT [03/22 04:35:12 graph]: best_f1 0.88457 at epoch 73
[2023-03-22 04:35:12] PRINT [03/22 04:35:12 graph]: start epoch 80.
[2023-03-22 04:35:12] PRINT [03/22 04:35:12 graph]: # Epoch 80: train_loss: 0.4578 | lr: 0.000138
[2023-03-22 04:35:17] PRINT [03/22 04:35:17 graph]: --- Testf1: 0.88402, Best Valacc: 0.88800 in epoch 495 --- 
[2023-03-22 04:35:18] PRINT [03/22 04:35:18 graph]: Epoch 80: get test acc score:  0.88402
[2023-03-22 04:35:18] PRINT [03/22 04:35:18 graph]: best_f1 0.88457 at epoch 73
[2023-03-22 04:35:18] PRINT [03/22 04:35:18 graph]: start epoch 81.
[2023-03-22 04:35:18] PRINT [03/22 04:35:18 graph]: # Epoch 81: train_loss: 0.4555 | lr: 0.000138
[2023-03-22 04:35:23] PRINT [03/22 04:35:23 graph]: --- Testf1: 0.88438, Best Valacc: 0.87855 in epoch 499 --- 
[2023-03-22 04:35:24] PRINT [03/22 04:35:24 graph]: Epoch 81: get test acc score:  0.88438
[2023-03-22 04:35:24] PRINT [03/22 04:35:24 graph]: best_f1 0.88457 at epoch 73
[2023-03-22 04:35:24] PRINT [03/22 04:35:24 graph]: start epoch 82.
[2023-03-22 04:35:24] PRINT [03/22 04:35:24 graph]: # Epoch 82: train_loss: 0.4567 | lr: 0.000138
[2023-03-22 04:35:29] PRINT [03/22 04:35:29 graph]: --- Testf1: 0.88402, Best Valacc: 0.88145 in epoch 498 --- 
[2023-03-22 04:35:30] PRINT [03/22 04:35:30 graph]: Epoch 82: get test acc score:  0.88402
[2023-03-22 04:35:30] PRINT [03/22 04:35:30 graph]: best_f1 0.88457 at epoch 73
[2023-03-22 04:35:30] PRINT [03/22 04:35:30 graph]: start epoch 83.
[2023-03-22 04:35:30] PRINT [03/22 04:35:30 graph]: # Epoch 83: train_loss: 0.4566 | lr: 0.000138
[2023-03-22 04:35:38] PRINT [03/22 04:35:38 graph]: --- Testf1: 0.88429, Best Valacc: 0.88436 in epoch 490 --- 
[2023-03-22 04:35:38] PRINT [03/22 04:35:38 graph]: Epoch 83: get test acc score:  0.88429
[2023-03-22 04:35:38] PRINT [03/22 04:35:38 graph]: best_f1 0.88457 at epoch 73
[2023-03-22 04:35:38] PRINT [03/22 04:35:38 graph]: start epoch 84.
[2023-03-22 04:35:38] PRINT [03/22 04:35:38 graph]: # Epoch 84: train_loss: 0.4559 | lr: 0.000138
[2023-03-22 04:35:45] PRINT [03/22 04:35:45 graph]: --- Testf1: 0.88420, Best Valacc: 0.88291 in epoch 432 --- 
[2023-03-22 04:35:46] PRINT [03/22 04:35:46 graph]: Epoch 84: get test acc score:  0.88420
[2023-03-22 04:35:46] PRINT [03/22 04:35:46 graph]: best_f1 0.88457 at epoch 73
[2023-03-22 04:35:46] PRINT [03/22 04:35:46 graph]: start epoch 85.
[2023-03-22 04:35:46] PRINT [03/22 04:35:46 graph]: # Epoch 85: train_loss: 0.4545 | lr: 0.000138
[2023-03-22 04:35:53] PRINT [03/22 04:35:53 graph]: --- Testf1: 0.88584, Best Valacc: 0.89164 in epoch 492 --- 
[2023-03-22 04:35:53] PRINT [03/22 04:35:53 graph]: Epoch 85: get test acc score:  0.88584
[2023-03-22 04:35:53] PRINT [03/22 04:35:53 graph]: best_f1 0.88584 at epoch 85
[2023-03-22 04:35:53] PRINT [03/22 04:35:53 graph]: start epoch 86.
[2023-03-22 04:35:53] PRINT [03/22 04:35:53 graph]: # Epoch 86: train_loss: 0.4550 | lr: 0.000138
[2023-03-22 04:36:00] PRINT [03/22 04:36:00 graph]: --- Testf1: 0.88475, Best Valacc: 0.88727 in epoch 481 --- 
[2023-03-22 04:36:01] PRINT [03/22 04:36:01 graph]: Epoch 86: get test acc score:  0.88475
[2023-03-22 04:36:01] PRINT [03/22 04:36:01 graph]: best_f1 0.88584 at epoch 85
[2023-03-22 04:36:01] PRINT [03/22 04:36:01 graph]: start epoch 87.
[2023-03-22 04:36:01] PRINT [03/22 04:36:01 graph]: # Epoch 87: train_loss: 0.4521 | lr: 0.000138
[2023-03-22 04:36:08] PRINT [03/22 04:36:08 graph]: --- Testf1: 0.88493, Best Valacc: 0.88218 in epoch 484 --- 
[2023-03-22 04:36:08] PRINT [03/22 04:36:08 graph]: Epoch 87: get test acc score:  0.88493
[2023-03-22 04:36:08] PRINT [03/22 04:36:08 graph]: best_f1 0.88584 at epoch 85
[2023-03-22 04:36:08] PRINT [03/22 04:36:08 graph]: start epoch 88.
[2023-03-22 04:36:08] PRINT [03/22 04:36:08 graph]: # Epoch 88: train_loss: 0.4549 | lr: 0.000138
[2023-03-22 04:36:15] PRINT [03/22 04:36:15 graph]: --- Testf1: 0.88457, Best Valacc: 0.88364 in epoch 497 --- 
[2023-03-22 04:36:16] PRINT [03/22 04:36:16 graph]: Epoch 88: get test acc score:  0.88457
[2023-03-22 04:36:16] PRINT [03/22 04:36:16 graph]: best_f1 0.88584 at epoch 85
[2023-03-22 04:36:16] PRINT [03/22 04:36:16 graph]: start epoch 89.
[2023-03-22 04:36:16] PRINT [03/22 04:36:16 graph]: # Epoch 89: train_loss: 0.4516 | lr: 0.000138
[2023-03-22 04:36:23] PRINT [03/22 04:36:23 graph]: --- Testf1: 0.88557, Best Valacc: 0.88073 in epoch 485 --- 
[2023-03-22 04:36:23] PRINT [03/22 04:36:23 graph]: Epoch 89: get test acc score:  0.88557
[2023-03-22 04:36:23] PRINT [03/22 04:36:23 graph]: best_f1 0.88584 at epoch 85
[2023-03-22 04:36:23] PRINT [03/22 04:36:23 graph]: start epoch 90.
[2023-03-22 04:36:23] PRINT [03/22 04:36:23 graph]: # Epoch 90: train_loss: 0.4519 | lr: 0.000138
[2023-03-22 04:36:30] PRINT [03/22 04:36:30 graph]: --- Testf1: 0.88457, Best Valacc: 0.88291 in epoch 491 --- 
[2023-03-22 04:36:30] PRINT [03/22 04:36:30 graph]: Epoch 90: get test acc score:  0.88457
[2023-03-22 04:36:30] PRINT [03/22 04:36:30 graph]: best_f1 0.88584 at epoch 85
[2023-03-22 04:36:30] PRINT [03/22 04:36:30 graph]: start epoch 91.
[2023-03-22 04:36:31] PRINT [03/22 04:36:31 graph]: # Epoch 91: train_loss: 0.4511 | lr: 0.000138
[2023-03-22 04:36:37] PRINT [03/22 04:36:37 graph]: --- Testf1: 0.88493, Best Valacc: 0.88291 in epoch 359 --- 
[2023-03-22 04:36:38] PRINT [03/22 04:36:38 graph]: Epoch 91: get test acc score:  0.88493
[2023-03-22 04:36:38] PRINT [03/22 04:36:38 graph]: best_f1 0.88584 at epoch 85
[2023-03-22 04:36:38] PRINT [03/22 04:36:38 graph]: start epoch 92.
[2023-03-22 04:36:38] PRINT [03/22 04:36:38 graph]: # Epoch 92: train_loss: 0.4502 | lr: 0.000138
[2023-03-22 04:36:45] PRINT [03/22 04:36:45 graph]: --- Testf1: 0.88538, Best Valacc: 0.88436 in epoch 483 --- 
[2023-03-22 04:36:45] PRINT [03/22 04:36:45 graph]: Epoch 92: get test acc score:  0.88538
[2023-03-22 04:36:45] PRINT [03/22 04:36:45 graph]: best_f1 0.88584 at epoch 85
[2023-03-22 04:36:45] PRINT [03/22 04:36:45 graph]: start epoch 93.
[2023-03-22 04:36:45] PRINT [03/22 04:36:45 graph]: # Epoch 93: train_loss: 0.4512 | lr: 0.000138
[2023-03-22 04:36:52] PRINT [03/22 04:36:52 graph]: --- Testf1: 0.88602, Best Valacc: 0.88800 in epoch 497 --- 
[2023-03-22 04:36:52] PRINT [03/22 04:36:52 graph]: Epoch 93: get test acc score:  0.88602
[2023-03-22 04:36:52] PRINT [03/22 04:36:52 graph]: best_f1 0.88602 at epoch 93
[2023-03-22 04:36:52] PRINT [03/22 04:36:52 graph]: start epoch 94.
[2023-03-22 04:36:52] PRINT [03/22 04:36:52 graph]: # Epoch 94: train_loss: 0.4509 | lr: 0.000138
[2023-03-22 04:36:59] PRINT [03/22 04:36:59 graph]: --- Testf1: 0.88648, Best Valacc: 0.88582 in epoch 450 --- 
[2023-03-22 04:37:00] PRINT [03/22 04:37:00 graph]: Epoch 94: get test acc score:  0.88648
[2023-03-22 04:37:00] PRINT [03/22 04:37:00 graph]: best_f1 0.88648 at epoch 94
[2023-03-22 04:37:00] PRINT [03/22 04:37:00 graph]: start epoch 95.
[2023-03-22 04:37:00] PRINT [03/22 04:37:00 graph]: # Epoch 95: train_loss: 0.4488 | lr: 0.000138
[2023-03-22 04:37:06] PRINT [03/22 04:37:06 graph]: --- Testf1: 0.88675, Best Valacc: 0.88291 in epoch 491 --- 
[2023-03-22 04:37:07] PRINT [03/22 04:37:07 graph]: Epoch 95: get test acc score:  0.88675
[2023-03-22 04:37:07] PRINT [03/22 04:37:07 graph]: best_f1 0.88675 at epoch 95
[2023-03-22 04:37:07] PRINT [03/22 04:37:07 graph]: start epoch 96.
[2023-03-22 04:37:07] PRINT [03/22 04:37:07 graph]: # Epoch 96: train_loss: 0.4497 | lr: 0.000138
[2023-03-22 04:37:14] PRINT [03/22 04:37:14 graph]: --- Testf1: 0.88620, Best Valacc: 0.88509 in epoch 344 --- 
[2023-03-22 04:37:14] PRINT [03/22 04:37:14 graph]: Epoch 96: get test acc score:  0.88620
[2023-03-22 04:37:14] PRINT [03/22 04:37:14 graph]: best_f1 0.88675 at epoch 95
[2023-03-22 04:37:14] PRINT [03/22 04:37:14 graph]: start epoch 97.
[2023-03-22 04:37:14] PRINT [03/22 04:37:14 graph]: # Epoch 97: train_loss: 0.4466 | lr: 0.000138
[2023-03-22 04:37:21] PRINT [03/22 04:37:21 graph]: --- Testf1: 0.88629, Best Valacc: 0.88509 in epoch 499 --- 
[2023-03-22 04:37:22] PRINT [03/22 04:37:22 graph]: Epoch 97: get test acc score:  0.88629
[2023-03-22 04:37:22] PRINT [03/22 04:37:22 graph]: best_f1 0.88675 at epoch 95
[2023-03-22 04:37:22] PRINT [03/22 04:37:22 graph]: start epoch 98.
[2023-03-22 04:37:22] PRINT [03/22 04:37:22 graph]: # Epoch 98: train_loss: 0.4476 | lr: 0.000138
[2023-03-22 04:37:29] PRINT [03/22 04:37:29 graph]: --- Testf1: 0.88493, Best Valacc: 0.89018 in epoch 379 --- 
[2023-03-22 04:37:29] PRINT [03/22 04:37:29 graph]: Epoch 98: get test acc score:  0.88493
[2023-03-22 04:37:29] PRINT [03/22 04:37:29 graph]: best_f1 0.88675 at epoch 95
[2023-03-22 04:37:29] PRINT [03/22 04:37:29 graph]: start epoch 99.
[2023-03-22 04:37:29] PRINT [03/22 04:37:29 graph]: # Epoch 99: train_loss: 0.4471 | lr: 0.000138
[2023-03-22 04:37:36] PRINT [03/22 04:37:36 graph]: --- Testf1: 0.88538, Best Valacc: 0.88873 in epoch 485 --- 
[2023-03-22 04:37:37] PRINT [03/22 04:37:37 graph]: Epoch 99: get test acc score:  0.88538
[2023-03-22 04:37:37] PRINT [03/22 04:37:37 graph]: best_f1 0.88675 at epoch 95
[2023-03-22 04:37:37] PRINT [03/22 04:37:37 graph]: # final_acc: 0.88675±0.00000
