[2023-03-07 01:19:38] PRINT ---new cfg------
[2023-03-07 01:19:38] PRINT {'DATA': {'data_name': 'IMDB-BINARY', 'deg4feat': True}, 'DATALOADER': {'NUM_WORKERS': 0, 'BATCH_SIZE': 32}, 'MODEL': {'num_hidden': 256, 'num_layers': 2, 'nhead': 2, 'activation': 'prelu', 'attn_drop': 0.4, 'feat_drop': 0.5, 'norm': 'layernorm', 'pooler': 'mean', 'beta_schedule': 'const', 'beta_1': 0.0008970707905703929, 'beta_T': 0.06431026911563524, 'T': 475}, 'SOLVER': {'optim_type': 'adamw', 'optim_type_f': 'adamw', 'alpha': 0.8, 'decay': 50, 'LR': 8.205912416685537e-05, 'weight_decay': 0.0005, 'MAX_EPOCH': 100}, 'DEVICE': 'cuda', 'seeds': [11], 'eval_T': [50, 100, 200], 'output_dir': '/ddm-nni/IMDB-B/log', 'checkpoint_dir': '/ddm-nni/IMDB-B/log/checkpoint'}
[2023-03-07 01:19:38] PRINT [03/07 01:19:38 graph]: Rank of current process: 0. World size: 1
[2023-03-07 01:19:42] PRINT [03/07 01:19:42 graph]: Environment info:
[2023-03-07 01:19:42] PRINT PyTorch version: 1.10.0+cu113
[2023-03-07 01:19:42] PRINT Is debug build: False
[2023-03-07 01:19:42] PRINT CUDA used to build PyTorch: 11.3
[2023-03-07 01:19:42] PRINT ROCM used to build PyTorch: N/A
[2023-03-07 01:19:42] PRINT 
[2023-03-07 01:19:42] PRINT OS: Ubuntu 20.04.3 LTS (x86_64)
[2023-03-07 01:19:42] PRINT GCC version: (Ubuntu 9.3.0-17ubuntu1~20.04) 9.3.0
[2023-03-07 01:19:42] PRINT Clang version: Could not collect
[2023-03-07 01:19:42] PRINT CMake version: version 3.16.3
[2023-03-07 01:19:42] PRINT Libc version: glibc-2.31
[2023-03-07 01:19:42] PRINT 
[2023-03-07 01:19:42] PRINT Python version: 3.8.10 (default, Jun  4 2021, 15:09:15)  [GCC 7.5.0] (64-bit runtime)
[2023-03-07 01:19:42] PRINT Python platform: Linux-5.4.0-90-generic-x86_64-with-glibc2.17
[2023-03-07 01:19:42] PRINT Is CUDA available: True
[2023-03-07 01:19:42] PRINT CUDA runtime version: 11.3.109
[2023-03-07 01:19:42] PRINT GPU models and configuration: GPU 0: NVIDIA GeForce RTX 3090
[2023-03-07 01:19:42] PRINT Nvidia driver version: 495.44
[2023-03-07 01:19:42] PRINT cuDNN version: Probably one of the following:
[2023-03-07 01:19:42] PRINT /usr/lib/x86_64-linux-gnu/libcudnn.so.8.2.0
[2023-03-07 01:19:42] PRINT /usr/lib/x86_64-linux-gnu/libcudnn_adv_infer.so.8.2.0
[2023-03-07 01:19:42] PRINT /usr/lib/x86_64-linux-gnu/libcudnn_adv_train.so.8.2.0
[2023-03-07 01:19:42] PRINT /usr/lib/x86_64-linux-gnu/libcudnn_cnn_infer.so.8.2.0
[2023-03-07 01:19:42] PRINT /usr/lib/x86_64-linux-gnu/libcudnn_cnn_train.so.8.2.0
[2023-03-07 01:19:42] PRINT /usr/lib/x86_64-linux-gnu/libcudnn_ops_infer.so.8.2.0
[2023-03-07 01:19:42] PRINT /usr/lib/x86_64-linux-gnu/libcudnn_ops_train.so.8.2.0
[2023-03-07 01:19:42] PRINT HIP runtime version: N/A
[2023-03-07 01:19:42] PRINT MIOpen runtime version: N/A
[2023-03-07 01:19:42] PRINT 
[2023-03-07 01:19:42] PRINT Versions of relevant libraries:
[2023-03-07 01:19:42] PRINT [pip3] numpy==1.23.5
[2023-03-07 01:19:42] PRINT [pip3] torch==1.10.0+cu113
[2023-03-07 01:19:42] PRINT [pip3] torchvision==0.11.1+cu113
[2023-03-07 01:19:42] PRINT [conda] blas                      1.0                         mkl    https://mirrors.ustc.edu.cn/anaconda/pkgs/main
[2023-03-07 01:19:42] PRINT [conda] mkl                       2021.4.0           h06a4308_640    https://mirrors.ustc.edu.cn/anaconda/pkgs/main
[2023-03-07 01:19:42] PRINT [conda] mkl-service               2.4.0            py38h7f8727e_0    https://mirrors.ustc.edu.cn/anaconda/pkgs/main
[2023-03-07 01:19:42] PRINT [conda] mkl_fft                   1.3.1            py38hd3c417c_0    https://mirrors.ustc.edu.cn/anaconda/pkgs/main
[2023-03-07 01:19:42] PRINT [conda] mkl_random                1.2.2            py38h51133e4_0    https://mirrors.ustc.edu.cn/anaconda/pkgs/main
[2023-03-07 01:19:42] PRINT [conda] numpy                     1.21.4                   pypi_0    pypi
[2023-03-07 01:19:42] PRINT [conda] numpy-base                1.23.5           py38h31eccc5_0    https://mirrors.ustc.edu.cn/anaconda/pkgs/main
[2023-03-07 01:19:42] PRINT [conda] torch                     1.10.0+cu113             pypi_0    pypi
[2023-03-07 01:19:42] PRINT [conda] torchvision               0.11.1+cu113             pypi_0    pypi
[2023-03-07 01:19:42] PRINT         Pillow (8.4.0)
[2023-03-07 01:19:42] PRINT [03/07 01:19:42 graph]: Command line arguments: Namespace(local_rank=0, resume=False, seed=1234, start_epoch=0)
[2023-03-07 01:19:42] PRINT Using degree as node features
[2023-03-07 01:19:43] PRINT ******** # Num Graphs: 1000, # Num Feat: 271, # Num Classes: 2 ********
[2023-03-07 01:19:43] PRINT [03/07 01:19:43 graph]: Run 0th for seed 11
[2023-03-07 01:19:43] PRINT [03/07 01:19:43 graph]: Total trainable params num : 1738755
[2023-03-07 01:19:48] PRINT [03/07 01:19:48 graph]: ----------Start Training----------
[2023-03-07 01:19:49] PRINT [03/07 01:19:49 graph]: Epoch 0 | train_loss: 0.6871 | lr: 0.000082
[2023-03-07 01:19:49] PRINT [03/07 01:19:49 graph]: Epoch 1 | train_loss: 0.3476 | lr: 0.000082
[2023-03-07 01:19:50] PRINT [03/07 01:19:50 graph]: Epoch 2 | train_loss: 0.2714 | lr: 0.000082
[2023-03-07 01:20:00] PRINT [03/07 01:20:00 graph]: #Test_f1: 0.7220±0.0376
[2023-03-07 01:20:01] PRINT [03/07 01:20:01 graph]: Epoch 2: get test f1 score:  0.722
[2023-03-07 01:20:01] PRINT [03/07 01:20:01 graph]: best_f1 0.722 at epoch 2
[2023-03-07 01:20:01] PRINT [03/07 01:20:01 graph]: Epoch 3 | train_loss: 0.2278 | lr: 0.000082
[2023-03-07 01:20:12] PRINT [03/07 01:20:12 graph]: #Test_f1: 0.7300±0.0329
[2023-03-07 01:20:12] PRINT [03/07 01:20:12 graph]: Epoch 3: get test f1 score:  0.730
[2023-03-07 01:20:12] PRINT [03/07 01:20:12 graph]: best_f1 0.730 at epoch 3
[2023-03-07 01:20:13] PRINT [03/07 01:20:13 graph]: Epoch 4 | train_loss: 0.2031 | lr: 0.000082
[2023-03-07 01:20:23] PRINT [03/07 01:20:23 graph]: #Test_f1: 0.7290±0.0359
[2023-03-07 01:20:23] PRINT [03/07 01:20:23 graph]: Epoch 4: get test f1 score:  0.729
[2023-03-07 01:20:23] PRINT [03/07 01:20:23 graph]: best_f1 0.730 at epoch 3
[2023-03-07 01:20:24] PRINT [03/07 01:20:24 graph]: Epoch 5 | train_loss: 0.1845 | lr: 0.000082
[2023-03-07 01:20:34] PRINT [03/07 01:20:34 graph]: #Test_f1: 0.7220±0.0309
[2023-03-07 01:20:34] PRINT [03/07 01:20:34 graph]: Epoch 5: get test f1 score:  0.722
[2023-03-07 01:20:34] PRINT [03/07 01:20:34 graph]: best_f1 0.730 at epoch 3
[2023-03-07 01:20:35] PRINT [03/07 01:20:35 graph]: Epoch 6 | train_loss: 0.1866 | lr: 0.000082
[2023-03-07 01:20:45] PRINT [03/07 01:20:45 graph]: #Test_f1: 0.7210±0.0251
[2023-03-07 01:20:45] PRINT [03/07 01:20:45 graph]: Epoch 6: get test f1 score:  0.721
[2023-03-07 01:20:45] PRINT [03/07 01:20:45 graph]: best_f1 0.730 at epoch 3
[2023-03-07 01:20:46] PRINT [03/07 01:20:46 graph]: Epoch 7 | train_loss: 0.1746 | lr: 0.000082
[2023-03-07 01:20:56] PRINT [03/07 01:20:56 graph]: #Test_f1: 0.7120±0.0236
[2023-03-07 01:20:56] PRINT [03/07 01:20:56 graph]: Epoch 7: get test f1 score:  0.712
[2023-03-07 01:20:56] PRINT [03/07 01:20:56 graph]: best_f1 0.730 at epoch 3
[2023-03-07 01:20:57] PRINT [03/07 01:20:57 graph]: Epoch 8 | train_loss: 0.1677 | lr: 0.000082
[2023-03-07 01:21:07] PRINT [03/07 01:21:07 graph]: #Test_f1: 0.7300±0.0374
[2023-03-07 01:21:07] PRINT [03/07 01:21:07 graph]: Epoch 8: get test f1 score:  0.730
[2023-03-07 01:21:07] PRINT [03/07 01:21:07 graph]: best_f1 0.730 at epoch 3
[2023-03-07 01:21:08] PRINT [03/07 01:21:08 graph]: Epoch 9 | train_loss: 0.1657 | lr: 0.000082
[2023-03-07 01:21:18] PRINT [03/07 01:21:18 graph]: #Test_f1: 0.7260±0.0273
[2023-03-07 01:21:18] PRINT [03/07 01:21:18 graph]: Epoch 9: get test f1 score:  0.726
[2023-03-07 01:21:18] PRINT [03/07 01:21:18 graph]: best_f1 0.730 at epoch 3
[2023-03-07 01:21:19] PRINT [03/07 01:21:19 graph]: Epoch 10 | train_loss: 0.1616 | lr: 0.000082
[2023-03-07 01:21:29] PRINT [03/07 01:21:29 graph]: #Test_f1: 0.7210±0.0259
[2023-03-07 01:21:29] PRINT [03/07 01:21:29 graph]: Epoch 10: get test f1 score:  0.721
[2023-03-07 01:21:29] PRINT [03/07 01:21:29 graph]: best_f1 0.730 at epoch 3
[2023-03-07 01:21:30] PRINT [03/07 01:21:30 graph]: Epoch 11 | train_loss: 0.1593 | lr: 0.000082
[2023-03-07 01:21:40] PRINT [03/07 01:21:40 graph]: #Test_f1: 0.7250±0.0314
[2023-03-07 01:21:40] PRINT [03/07 01:21:40 graph]: Epoch 11: get test f1 score:  0.725
[2023-03-07 01:21:40] PRINT [03/07 01:21:40 graph]: best_f1 0.730 at epoch 3
[2023-03-07 01:21:41] PRINT [03/07 01:21:41 graph]: Epoch 12 | train_loss: 0.1568 | lr: 0.000082
[2023-03-07 01:21:51] PRINT [03/07 01:21:51 graph]: #Test_f1: 0.7380±0.0268
[2023-03-07 01:21:51] PRINT [03/07 01:21:51 graph]: Epoch 12: get test f1 score:  0.738
[2023-03-07 01:21:51] PRINT [03/07 01:21:51 graph]: best_f1 0.738 at epoch 12
[2023-03-07 01:21:52] PRINT [03/07 01:21:52 graph]: Epoch 13 | train_loss: 0.1541 | lr: 0.000082
[2023-03-07 01:22:02] PRINT [03/07 01:22:02 graph]: #Test_f1: 0.7460±0.0314
[2023-03-07 01:22:02] PRINT [03/07 01:22:02 graph]: Epoch 13: get test f1 score:  0.746
[2023-03-07 01:22:02] PRINT [03/07 01:22:02 graph]: best_f1 0.746 at epoch 13
[2023-03-07 01:22:03] PRINT [03/07 01:22:03 graph]: Epoch 14 | train_loss: 0.1481 | lr: 0.000082
[2023-03-07 01:22:13] PRINT [03/07 01:22:13 graph]: #Test_f1: 0.7310±0.0291
[2023-03-07 01:22:13] PRINT [03/07 01:22:13 graph]: Epoch 14: get test f1 score:  0.731
[2023-03-07 01:22:13] PRINT [03/07 01:22:13 graph]: best_f1 0.746 at epoch 13
[2023-03-07 01:22:13] PRINT [03/07 01:22:13 graph]: Epoch 15 | train_loss: 0.1477 | lr: 0.000082
[2023-03-07 01:22:24] PRINT [03/07 01:22:24 graph]: #Test_f1: 0.7450±0.0341
[2023-03-07 01:22:24] PRINT [03/07 01:22:24 graph]: Epoch 15: get test f1 score:  0.745
[2023-03-07 01:22:24] PRINT [03/07 01:22:24 graph]: best_f1 0.746 at epoch 13
[2023-03-07 01:22:25] PRINT [03/07 01:22:25 graph]: Epoch 16 | train_loss: 0.1510 | lr: 0.000082
[2023-03-07 01:22:35] PRINT [03/07 01:22:35 graph]: #Test_f1: 0.7320±0.0264
[2023-03-07 01:22:35] PRINT [03/07 01:22:35 graph]: Epoch 16: get test f1 score:  0.732
[2023-03-07 01:22:35] PRINT [03/07 01:22:35 graph]: best_f1 0.746 at epoch 13
[2023-03-07 01:22:36] PRINT [03/07 01:22:36 graph]: Epoch 17 | train_loss: 0.1465 | lr: 0.000082
[2023-03-07 01:22:46] PRINT [03/07 01:22:46 graph]: #Test_f1: 0.7330±0.0190
[2023-03-07 01:22:46] PRINT [03/07 01:22:46 graph]: Epoch 17: get test f1 score:  0.733
[2023-03-07 01:22:46] PRINT [03/07 01:22:46 graph]: best_f1 0.746 at epoch 13
[2023-03-07 01:22:47] PRINT [03/07 01:22:47 graph]: Epoch 18 | train_loss: 0.1427 | lr: 0.000082
[2023-03-07 01:22:57] PRINT [03/07 01:22:57 graph]: #Test_f1: 0.7350±0.0216
[2023-03-07 01:22:57] PRINT [03/07 01:22:57 graph]: Epoch 18: get test f1 score:  0.735
[2023-03-07 01:22:57] PRINT [03/07 01:22:57 graph]: best_f1 0.746 at epoch 13
[2023-03-07 01:22:58] PRINT [03/07 01:22:58 graph]: Epoch 19 | train_loss: 0.1389 | lr: 0.000082
[2023-03-07 01:23:09] PRINT [03/07 01:23:09 graph]: #Test_f1: 0.7460±0.0323
[2023-03-07 01:23:09] PRINT [03/07 01:23:09 graph]: Epoch 19: get test f1 score:  0.746
[2023-03-07 01:23:09] PRINT [03/07 01:23:09 graph]: best_f1 0.746 at epoch 13
[2023-03-07 01:23:09] PRINT [03/07 01:23:09 graph]: Epoch 20 | train_loss: 0.1395 | lr: 0.000082
[2023-03-07 01:23:20] PRINT [03/07 01:23:20 graph]: #Test_f1: 0.7320±0.0279
[2023-03-07 01:23:20] PRINT [03/07 01:23:20 graph]: Epoch 20: get test f1 score:  0.732
[2023-03-07 01:23:20] PRINT [03/07 01:23:20 graph]: best_f1 0.746 at epoch 13
[2023-03-07 01:23:21] PRINT [03/07 01:23:21 graph]: Epoch 21 | train_loss: 0.1370 | lr: 0.000082
[2023-03-07 01:23:31] PRINT [03/07 01:23:31 graph]: #Test_f1: 0.7420±0.0240
[2023-03-07 01:23:31] PRINT [03/07 01:23:31 graph]: Epoch 21: get test f1 score:  0.742
[2023-03-07 01:23:31] PRINT [03/07 01:23:31 graph]: best_f1 0.746 at epoch 13
[2023-03-07 01:23:32] PRINT [03/07 01:23:32 graph]: Epoch 22 | train_loss: 0.1418 | lr: 0.000082
[2023-03-07 01:23:42] PRINT [03/07 01:23:42 graph]: #Test_f1: 0.7280±0.0374
[2023-03-07 01:23:42] PRINT [03/07 01:23:42 graph]: Epoch 22: get test f1 score:  0.728
[2023-03-07 01:23:42] PRINT [03/07 01:23:42 graph]: best_f1 0.746 at epoch 13
[2023-03-07 01:23:43] PRINT [03/07 01:23:43 graph]: Epoch 23 | train_loss: 0.1378 | lr: 0.000082
[2023-03-07 01:23:53] PRINT [03/07 01:23:53 graph]: #Test_f1: 0.7330±0.0316
[2023-03-07 01:23:53] PRINT [03/07 01:23:53 graph]: Epoch 23: get test f1 score:  0.733
[2023-03-07 01:23:53] PRINT [03/07 01:23:53 graph]: best_f1 0.746 at epoch 13
[2023-03-07 01:23:54] PRINT [03/07 01:23:54 graph]: Epoch 24 | train_loss: 0.1384 | lr: 0.000082
[2023-03-07 01:24:04] PRINT [03/07 01:24:04 graph]: #Test_f1: 0.7310±0.0311
[2023-03-07 01:24:04] PRINT [03/07 01:24:04 graph]: Epoch 24: get test f1 score:  0.731
[2023-03-07 01:24:04] PRINT [03/07 01:24:04 graph]: best_f1 0.746 at epoch 13
[2023-03-07 01:24:05] PRINT [03/07 01:24:05 graph]: Epoch 25 | train_loss: 0.1344 | lr: 0.000082
[2023-03-07 01:24:15] PRINT [03/07 01:24:15 graph]: #Test_f1: 0.7450±0.0314
[2023-03-07 01:24:15] PRINT [03/07 01:24:15 graph]: Epoch 25: get test f1 score:  0.745
[2023-03-07 01:24:15] PRINT [03/07 01:24:15 graph]: best_f1 0.746 at epoch 13
[2023-03-07 01:24:16] PRINT [03/07 01:24:16 graph]: Epoch 26 | train_loss: 0.1357 | lr: 0.000082
[2023-03-07 01:24:26] PRINT [03/07 01:24:26 graph]: #Test_f1: 0.7390±0.0284
[2023-03-07 01:24:27] PRINT [03/07 01:24:27 graph]: Epoch 26: get test f1 score:  0.739
[2023-03-07 01:24:27] PRINT [03/07 01:24:27 graph]: best_f1 0.746 at epoch 13
[2023-03-07 01:24:27] PRINT [03/07 01:24:27 graph]: Epoch 27 | train_loss: 0.1315 | lr: 0.000082
[2023-03-07 01:24:38] PRINT [03/07 01:24:38 graph]: #Test_f1: 0.7410±0.0288
[2023-03-07 01:24:38] PRINT [03/07 01:24:38 graph]: Epoch 27: get test f1 score:  0.741
[2023-03-07 01:24:38] PRINT [03/07 01:24:38 graph]: best_f1 0.746 at epoch 13
[2023-03-07 01:24:39] PRINT [03/07 01:24:39 graph]: Epoch 28 | train_loss: 0.1300 | lr: 0.000082
[2023-03-07 01:24:49] PRINT [03/07 01:24:49 graph]: #Test_f1: 0.7330±0.0307
[2023-03-07 01:24:49] PRINT [03/07 01:24:49 graph]: Epoch 28: get test f1 score:  0.733
[2023-03-07 01:24:49] PRINT [03/07 01:24:49 graph]: best_f1 0.746 at epoch 13
[2023-03-07 01:24:50] PRINT [03/07 01:24:50 graph]: Epoch 29 | train_loss: 0.1316 | lr: 0.000082
[2023-03-07 01:25:00] PRINT [03/07 01:25:00 graph]: #Test_f1: 0.7470±0.0269
[2023-03-07 01:25:00] PRINT [03/07 01:25:00 graph]: Epoch 29: get test f1 score:  0.747
[2023-03-07 01:25:00] PRINT [03/07 01:25:00 graph]: best_f1 0.747 at epoch 29
[2023-03-07 01:25:01] PRINT [03/07 01:25:01 graph]: Epoch 30 | train_loss: 0.1299 | lr: 0.000082
[2023-03-07 01:25:11] PRINT [03/07 01:25:11 graph]: #Test_f1: 0.7350±0.0273
[2023-03-07 01:25:11] PRINT [03/07 01:25:11 graph]: Epoch 30: get test f1 score:  0.735
[2023-03-07 01:25:11] PRINT [03/07 01:25:11 graph]: best_f1 0.747 at epoch 29
[2023-03-07 01:25:12] PRINT [03/07 01:25:12 graph]: Epoch 31 | train_loss: 0.1305 | lr: 0.000082
[2023-03-07 01:25:22] PRINT [03/07 01:25:22 graph]: #Test_f1: 0.7470±0.0205
[2023-03-07 01:25:23] PRINT [03/07 01:25:23 graph]: Epoch 31: get test f1 score:  0.747
[2023-03-07 01:25:23] PRINT [03/07 01:25:23 graph]: best_f1 0.747 at epoch 29
[2023-03-07 01:25:23] PRINT [03/07 01:25:23 graph]: Epoch 32 | train_loss: 0.1272 | lr: 0.000082
[2023-03-07 01:25:34] PRINT [03/07 01:25:34 graph]: #Test_f1: 0.7300±0.0329
[2023-03-07 01:25:34] PRINT [03/07 01:25:34 graph]: Epoch 32: get test f1 score:  0.730
[2023-03-07 01:25:34] PRINT [03/07 01:25:34 graph]: best_f1 0.747 at epoch 29
[2023-03-07 01:25:35] PRINT [03/07 01:25:35 graph]: Epoch 33 | train_loss: 0.1264 | lr: 0.000082
[2023-03-07 01:25:44] PRINT [03/07 01:25:44 graph]: #Test_f1: 0.7410±0.0291
[2023-03-07 01:25:45] PRINT [03/07 01:25:45 graph]: Epoch 33: get test f1 score:  0.741
[2023-03-07 01:25:45] PRINT [03/07 01:25:45 graph]: best_f1 0.747 at epoch 29
[2023-03-07 01:25:45] PRINT [03/07 01:25:45 graph]: Epoch 34 | train_loss: 0.1249 | lr: 0.000082
[2023-03-07 01:25:55] PRINT [03/07 01:25:55 graph]: #Test_f1: 0.7430±0.0326
[2023-03-07 01:25:56] PRINT [03/07 01:25:56 graph]: Epoch 34: get test f1 score:  0.743
[2023-03-07 01:25:56] PRINT [03/07 01:25:56 graph]: best_f1 0.747 at epoch 29
[2023-03-07 01:25:56] PRINT [03/07 01:25:56 graph]: Epoch 35 | train_loss: 0.1260 | lr: 0.000082
[2023-03-07 01:26:06] PRINT [03/07 01:26:06 graph]: #Test_f1: 0.7330±0.0269
[2023-03-07 01:26:07] PRINT [03/07 01:26:07 graph]: Epoch 35: get test f1 score:  0.733
[2023-03-07 01:26:07] PRINT [03/07 01:26:07 graph]: best_f1 0.747 at epoch 29
[2023-03-07 01:26:07] PRINT [03/07 01:26:07 graph]: Epoch 36 | train_loss: 0.1285 | lr: 0.000082
[2023-03-07 01:26:18] PRINT [03/07 01:26:18 graph]: #Test_f1: 0.7380±0.0227
[2023-03-07 01:26:18] PRINT [03/07 01:26:18 graph]: Epoch 36: get test f1 score:  0.738
[2023-03-07 01:26:18] PRINT [03/07 01:26:18 graph]: best_f1 0.747 at epoch 29
[2023-03-07 01:26:18] PRINT [03/07 01:26:18 graph]: Epoch 37 | train_loss: 0.1268 | lr: 0.000082
[2023-03-07 01:26:29] PRINT [03/07 01:26:29 graph]: #Test_f1: 0.7420±0.0279
[2023-03-07 01:26:29] PRINT [03/07 01:26:29 graph]: Epoch 37: get test f1 score:  0.742
[2023-03-07 01:26:29] PRINT [03/07 01:26:29 graph]: best_f1 0.747 at epoch 29
[2023-03-07 01:26:30] PRINT [03/07 01:26:30 graph]: Epoch 38 | train_loss: 0.1234 | lr: 0.000082
[2023-03-07 01:26:39] PRINT [03/07 01:26:39 graph]: #Test_f1: 0.7430±0.0237
[2023-03-07 01:26:40] PRINT [03/07 01:26:40 graph]: Epoch 38: get test f1 score:  0.743
[2023-03-07 01:26:40] PRINT [03/07 01:26:40 graph]: best_f1 0.747 at epoch 29
[2023-03-07 01:26:40] PRINT [03/07 01:26:40 graph]: Epoch 39 | train_loss: 0.1205 | lr: 0.000082
[2023-03-07 01:26:50] PRINT [03/07 01:26:50 graph]: #Test_f1: 0.7440±0.0229
[2023-03-07 01:26:50] PRINT [03/07 01:26:50 graph]: Epoch 39: get test f1 score:  0.744
[2023-03-07 01:26:50] PRINT [03/07 01:26:50 graph]: best_f1 0.747 at epoch 29
[2023-03-07 01:26:51] PRINT [03/07 01:26:51 graph]: Epoch 40 | train_loss: 0.1240 | lr: 0.000082
[2023-03-07 01:27:01] PRINT [03/07 01:27:01 graph]: #Test_f1: 0.7480±0.0306
[2023-03-07 01:27:01] PRINT [03/07 01:27:01 graph]: Epoch 40: get test f1 score:  0.748
[2023-03-07 01:27:01] PRINT [03/07 01:27:01 graph]: best_f1 0.748 at epoch 40
[2023-03-07 01:27:02] PRINT [03/07 01:27:02 graph]: Epoch 41 | train_loss: 0.1216 | lr: 0.000082
[2023-03-07 01:27:12] PRINT [03/07 01:27:12 graph]: #Test_f1: 0.7340±0.0347
[2023-03-07 01:27:12] PRINT [03/07 01:27:12 graph]: Epoch 41: get test f1 score:  0.734
[2023-03-07 01:27:12] PRINT [03/07 01:27:12 graph]: best_f1 0.748 at epoch 40
[2023-03-07 01:27:13] PRINT [03/07 01:27:13 graph]: Epoch 42 | train_loss: 0.1219 | lr: 0.000082
[2023-03-07 01:27:23] PRINT [03/07 01:27:23 graph]: #Test_f1: 0.7420±0.0160
[2023-03-07 01:27:23] PRINT [03/07 01:27:23 graph]: Epoch 42: get test f1 score:  0.742
[2023-03-07 01:27:23] PRINT [03/07 01:27:23 graph]: best_f1 0.748 at epoch 40
[2023-03-07 01:27:24] PRINT [03/07 01:27:24 graph]: Epoch 43 | train_loss: 0.1243 | lr: 0.000082
[2023-03-07 01:27:34] PRINT [03/07 01:27:34 graph]: #Test_f1: 0.7410±0.0274
[2023-03-07 01:27:34] PRINT [03/07 01:27:34 graph]: Epoch 43: get test f1 score:  0.741
[2023-03-07 01:27:34] PRINT [03/07 01:27:34 graph]: best_f1 0.748 at epoch 40
[2023-03-07 01:27:35] PRINT [03/07 01:27:35 graph]: Epoch 44 | train_loss: 0.1180 | lr: 0.000082
[2023-03-07 01:27:45] PRINT [03/07 01:27:45 graph]: #Test_f1: 0.7440±0.0332
[2023-03-07 01:27:45] PRINT [03/07 01:27:45 graph]: Epoch 44: get test f1 score:  0.744
[2023-03-07 01:27:45] PRINT [03/07 01:27:45 graph]: best_f1 0.748 at epoch 40
[2023-03-07 01:27:45] PRINT [03/07 01:27:45 graph]: Epoch 45 | train_loss: 0.1169 | lr: 0.000082
[2023-03-07 01:27:56] PRINT [03/07 01:27:56 graph]: #Test_f1: 0.7390±0.0281
[2023-03-07 01:27:56] PRINT [03/07 01:27:56 graph]: Epoch 45: get test f1 score:  0.739
[2023-03-07 01:27:56] PRINT [03/07 01:27:56 graph]: best_f1 0.748 at epoch 40
[2023-03-07 01:27:56] PRINT [03/07 01:27:56 graph]: Epoch 46 | train_loss: 0.1194 | lr: 0.000082
[2023-03-07 01:28:06] PRINT [03/07 01:28:06 graph]: #Test_f1: 0.7350±0.0262
[2023-03-07 01:28:07] PRINT [03/07 01:28:07 graph]: Epoch 46: get test f1 score:  0.735
[2023-03-07 01:28:07] PRINT [03/07 01:28:07 graph]: best_f1 0.748 at epoch 40
[2023-03-07 01:28:07] PRINT [03/07 01:28:07 graph]: Epoch 47 | train_loss: 0.1185 | lr: 0.000082
[2023-03-07 01:28:17] PRINT [03/07 01:28:17 graph]: #Test_f1: 0.7390±0.0327
[2023-03-07 01:28:18] PRINT [03/07 01:28:18 graph]: Epoch 47: get test f1 score:  0.739
[2023-03-07 01:28:18] PRINT [03/07 01:28:18 graph]: best_f1 0.748 at epoch 40
[2023-03-07 01:28:18] PRINT [03/07 01:28:18 graph]: Epoch 48 | train_loss: 0.1183 | lr: 0.000082
[2023-03-07 01:28:28] PRINT [03/07 01:28:28 graph]: #Test_f1: 0.7520±0.0232
[2023-03-07 01:28:28] PRINT [03/07 01:28:28 graph]: Epoch 48: get test f1 score:  0.752
[2023-03-07 01:28:28] PRINT [03/07 01:28:28 graph]: best_f1 0.752 at epoch 48
[2023-03-07 01:28:29] PRINT [03/07 01:28:29 graph]: Epoch 49 | train_loss: 0.1178 | lr: 0.000082
[2023-03-07 01:28:39] PRINT [03/07 01:28:39 graph]: #Test_f1: 0.7380±0.0260
[2023-03-07 01:28:40] PRINT [03/07 01:28:40 graph]: Epoch 49: get test f1 score:  0.738
[2023-03-07 01:28:40] PRINT [03/07 01:28:40 graph]: best_f1 0.752 at epoch 48
[2023-03-07 01:28:40] PRINT [03/07 01:28:40 graph]: Epoch 50 | train_loss: 0.1162 | lr: 0.000066
[2023-03-07 01:28:50] PRINT [03/07 01:28:50 graph]: #Test_f1: 0.7400±0.0300
[2023-03-07 01:28:51] PRINT [03/07 01:28:51 graph]: Epoch 50: get test f1 score:  0.740
[2023-03-07 01:28:51] PRINT [03/07 01:28:51 graph]: best_f1 0.752 at epoch 48
[2023-03-07 01:28:51] PRINT [03/07 01:28:51 graph]: Epoch 51 | train_loss: 0.1170 | lr: 0.000066
[2023-03-07 01:29:01] PRINT [03/07 01:29:01 graph]: #Test_f1: 0.7330±0.0219
[2023-03-07 01:29:01] PRINT [03/07 01:29:01 graph]: Epoch 51: get test f1 score:  0.733
[2023-03-07 01:29:01] PRINT [03/07 01:29:01 graph]: best_f1 0.752 at epoch 48
[2023-03-07 01:29:02] PRINT [03/07 01:29:02 graph]: Epoch 52 | train_loss: 0.1155 | lr: 0.000066
[2023-03-07 01:29:12] PRINT [03/07 01:29:12 graph]: #Test_f1: 0.7460±0.0242
[2023-03-07 01:29:12] PRINT [03/07 01:29:12 graph]: Epoch 52: get test f1 score:  0.746
[2023-03-07 01:29:12] PRINT [03/07 01:29:12 graph]: best_f1 0.752 at epoch 48
[2023-03-07 01:29:13] PRINT [03/07 01:29:13 graph]: Epoch 53 | train_loss: 0.1144 | lr: 0.000066
[2023-03-07 01:29:23] PRINT [03/07 01:29:23 graph]: #Test_f1: 0.7360±0.0262
[2023-03-07 01:29:23] PRINT [03/07 01:29:23 graph]: Epoch 53: get test f1 score:  0.736
[2023-03-07 01:29:23] PRINT [03/07 01:29:23 graph]: best_f1 0.752 at epoch 48
[2023-03-07 01:29:24] PRINT [03/07 01:29:24 graph]: Epoch 54 | train_loss: 0.1137 | lr: 0.000066
[2023-03-07 01:29:34] PRINT [03/07 01:29:34 graph]: #Test_f1: 0.7450±0.0277
[2023-03-07 01:29:34] PRINT [03/07 01:29:34 graph]: Epoch 54: get test f1 score:  0.745
[2023-03-07 01:29:34] PRINT [03/07 01:29:34 graph]: best_f1 0.752 at epoch 48
[2023-03-07 01:29:35] PRINT [03/07 01:29:35 graph]: Epoch 55 | train_loss: 0.1123 | lr: 0.000066
[2023-03-07 01:29:45] PRINT [03/07 01:29:45 graph]: #Test_f1: 0.7320±0.0248
[2023-03-07 01:29:45] PRINT [03/07 01:29:45 graph]: Epoch 55: get test f1 score:  0.732
[2023-03-07 01:29:45] PRINT [03/07 01:29:45 graph]: best_f1 0.752 at epoch 48
[2023-03-07 01:29:46] PRINT [03/07 01:29:46 graph]: Epoch 56 | train_loss: 0.1145 | lr: 0.000066
[2023-03-07 01:29:56] PRINT [03/07 01:29:56 graph]: #Test_f1: 0.7350±0.0273
[2023-03-07 01:29:56] PRINT [03/07 01:29:56 graph]: Epoch 56: get test f1 score:  0.735
[2023-03-07 01:29:56] PRINT [03/07 01:29:56 graph]: best_f1 0.752 at epoch 48
[2023-03-07 01:29:56] PRINT [03/07 01:29:56 graph]: Epoch 57 | train_loss: 0.1129 | lr: 0.000066
[2023-03-07 01:30:06] PRINT [03/07 01:30:06 graph]: #Test_f1: 0.7340±0.0201
[2023-03-07 01:30:06] PRINT [03/07 01:30:06 graph]: Epoch 57: get test f1 score:  0.734
[2023-03-07 01:30:06] PRINT [03/07 01:30:06 graph]: best_f1 0.752 at epoch 48
[2023-03-07 01:30:07] PRINT [03/07 01:30:07 graph]: Epoch 58 | train_loss: 0.1135 | lr: 0.000066
[2023-03-07 01:30:17] PRINT [03/07 01:30:17 graph]: #Test_f1: 0.7390±0.0239
[2023-03-07 01:30:17] PRINT [03/07 01:30:17 graph]: Epoch 58: get test f1 score:  0.739
[2023-03-07 01:30:17] PRINT [03/07 01:30:17 graph]: best_f1 0.752 at epoch 48
[2023-03-07 01:30:18] PRINT [03/07 01:30:18 graph]: Epoch 59 | train_loss: 0.1102 | lr: 0.000066
[2023-03-07 01:30:28] PRINT [03/07 01:30:28 graph]: #Test_f1: 0.7460±0.0323
[2023-03-07 01:30:28] PRINT [03/07 01:30:28 graph]: Epoch 59: get test f1 score:  0.746
[2023-03-07 01:30:28] PRINT [03/07 01:30:28 graph]: best_f1 0.752 at epoch 48
[2023-03-07 01:30:29] PRINT [03/07 01:30:29 graph]: Epoch 60 | train_loss: 0.1123 | lr: 0.000066
[2023-03-07 01:30:39] PRINT [03/07 01:30:39 graph]: #Test_f1: 0.7390±0.0197
[2023-03-07 01:30:39] PRINT [03/07 01:30:39 graph]: Epoch 60: get test f1 score:  0.739
[2023-03-07 01:30:39] PRINT [03/07 01:30:39 graph]: best_f1 0.752 at epoch 48
[2023-03-07 01:30:40] PRINT [03/07 01:30:40 graph]: Epoch 61 | train_loss: 0.1129 | lr: 0.000066
[2023-03-07 01:30:50] PRINT [03/07 01:30:50 graph]: #Test_f1: 0.7320±0.0223
[2023-03-07 01:30:50] PRINT [03/07 01:30:50 graph]: Epoch 61: get test f1 score:  0.732
[2023-03-07 01:30:50] PRINT [03/07 01:30:50 graph]: best_f1 0.752 at epoch 48
[2023-03-07 01:30:51] PRINT [03/07 01:30:51 graph]: Epoch 62 | train_loss: 0.1090 | lr: 0.000066
[2023-03-07 01:31:00] PRINT [03/07 01:31:00 graph]: #Test_f1: 0.7450±0.0280
[2023-03-07 01:31:01] PRINT [03/07 01:31:01 graph]: Epoch 62: get test f1 score:  0.745
[2023-03-07 01:31:01] PRINT [03/07 01:31:01 graph]: best_f1 0.752 at epoch 48
[2023-03-07 01:31:01] PRINT [03/07 01:31:01 graph]: Epoch 63 | train_loss: 0.1109 | lr: 0.000066
[2023-03-07 01:31:12] PRINT [03/07 01:31:12 graph]: #Test_f1: 0.7430±0.0297
[2023-03-07 01:31:12] PRINT [03/07 01:31:12 graph]: Epoch 63: get test f1 score:  0.743
[2023-03-07 01:31:12] PRINT [03/07 01:31:12 graph]: best_f1 0.752 at epoch 48
[2023-03-07 01:31:13] PRINT [03/07 01:31:13 graph]: Epoch 64 | train_loss: 0.1104 | lr: 0.000066
[2023-03-07 01:31:23] PRINT [03/07 01:31:23 graph]: #Test_f1: 0.7450±0.0229
[2023-03-07 01:31:23] PRINT [03/07 01:31:23 graph]: Epoch 64: get test f1 score:  0.745
[2023-03-07 01:31:23] PRINT [03/07 01:31:23 graph]: best_f1 0.752 at epoch 48
[2023-03-07 01:31:24] PRINT [03/07 01:31:24 graph]: Epoch 65 | train_loss: 0.1087 | lr: 0.000066
[2023-03-07 01:31:34] PRINT [03/07 01:31:34 graph]: #Test_f1: 0.7380±0.0340
[2023-03-07 01:31:34] PRINT [03/07 01:31:34 graph]: Epoch 65: get test f1 score:  0.738
[2023-03-07 01:31:34] PRINT [03/07 01:31:34 graph]: best_f1 0.752 at epoch 48
[2023-03-07 01:31:35] PRINT [03/07 01:31:35 graph]: Epoch 66 | train_loss: 0.1079 | lr: 0.000066
[2023-03-07 01:31:45] PRINT [03/07 01:31:45 graph]: #Test_f1: 0.7370±0.0272
[2023-03-07 01:31:45] PRINT [03/07 01:31:45 graph]: Epoch 66: get test f1 score:  0.737
[2023-03-07 01:31:45] PRINT [03/07 01:31:45 graph]: best_f1 0.752 at epoch 48
[2023-03-07 01:31:46] PRINT [03/07 01:31:46 graph]: Epoch 67 | train_loss: 0.1105 | lr: 0.000066
[2023-03-07 01:31:56] PRINT [03/07 01:31:56 graph]: #Test_f1: 0.7370±0.0215
[2023-03-07 01:31:56] PRINT [03/07 01:31:56 graph]: Epoch 67: get test f1 score:  0.737
[2023-03-07 01:31:56] PRINT [03/07 01:31:56 graph]: best_f1 0.752 at epoch 48
[2023-03-07 01:31:57] PRINT [03/07 01:31:57 graph]: Epoch 68 | train_loss: 0.1100 | lr: 0.000066
[2023-03-07 01:32:07] PRINT [03/07 01:32:07 graph]: #Test_f1: 0.7400±0.0319
[2023-03-07 01:32:07] PRINT [03/07 01:32:07 graph]: Epoch 68: get test f1 score:  0.740
[2023-03-07 01:32:07] PRINT [03/07 01:32:07 graph]: best_f1 0.752 at epoch 48
[2023-03-07 01:32:08] PRINT [03/07 01:32:08 graph]: Epoch 69 | train_loss: 0.1074 | lr: 0.000066
[2023-03-07 01:32:18] PRINT [03/07 01:32:18 graph]: #Test_f1: 0.7420±0.0271
[2023-03-07 01:32:18] PRINT [03/07 01:32:18 graph]: Epoch 69: get test f1 score:  0.742
[2023-03-07 01:32:18] PRINT [03/07 01:32:18 graph]: best_f1 0.752 at epoch 48
[2023-03-07 01:32:19] PRINT [03/07 01:32:19 graph]: Epoch 70 | train_loss: 0.1066 | lr: 0.000066
[2023-03-07 01:32:29] PRINT [03/07 01:32:29 graph]: #Test_f1: 0.7520±0.0248
[2023-03-07 01:32:30] PRINT [03/07 01:32:30 graph]: Epoch 70: get test f1 score:  0.752
[2023-03-07 01:32:30] PRINT [03/07 01:32:30 graph]: best_f1 0.752 at epoch 48
[2023-03-07 01:32:30] PRINT [03/07 01:32:30 graph]: Epoch 71 | train_loss: 0.1070 | lr: 0.000066
[2023-03-07 01:32:40] PRINT [03/07 01:32:40 graph]: #Test_f1: 0.7380±0.0322
[2023-03-07 01:32:40] PRINT [03/07 01:32:40 graph]: Epoch 71: get test f1 score:  0.738
[2023-03-07 01:32:40] PRINT [03/07 01:32:40 graph]: best_f1 0.752 at epoch 48
[2023-03-07 01:32:41] PRINT [03/07 01:32:41 graph]: Epoch 72 | train_loss: 0.1062 | lr: 0.000066
[2023-03-07 01:32:51] PRINT [03/07 01:32:51 graph]: #Test_f1: 0.7300±0.0303
[2023-03-07 01:32:52] PRINT [03/07 01:32:52 graph]: Epoch 72: get test f1 score:  0.730
[2023-03-07 01:32:52] PRINT [03/07 01:32:52 graph]: best_f1 0.752 at epoch 48
[2023-03-07 01:32:52] PRINT [03/07 01:32:52 graph]: Epoch 73 | train_loss: 0.1058 | lr: 0.000066
[2023-03-07 01:33:02] PRINT [03/07 01:33:02 graph]: #Test_f1: 0.7340±0.0329
[2023-03-07 01:33:03] PRINT [03/07 01:33:03 graph]: Epoch 73: get test f1 score:  0.734
[2023-03-07 01:33:03] PRINT [03/07 01:33:03 graph]: best_f1 0.752 at epoch 48
[2023-03-07 01:33:03] PRINT [03/07 01:33:03 graph]: Epoch 74 | train_loss: 0.1049 | lr: 0.000066
[2023-03-07 01:33:13] PRINT [03/07 01:33:13 graph]: #Test_f1: 0.7520±0.0349
[2023-03-07 01:33:14] PRINT [03/07 01:33:14 graph]: Epoch 74: get test f1 score:  0.752
[2023-03-07 01:33:14] PRINT [03/07 01:33:14 graph]: best_f1 0.752 at epoch 48
[2023-03-07 01:33:14] PRINT [03/07 01:33:14 graph]: Epoch 75 | train_loss: 0.1058 | lr: 0.000066
[2023-03-07 01:33:24] PRINT [03/07 01:33:24 graph]: #Test_f1: 0.7430±0.0269
[2023-03-07 01:33:24] PRINT [03/07 01:33:24 graph]: Epoch 75: get test f1 score:  0.743
[2023-03-07 01:33:24] PRINT [03/07 01:33:24 graph]: best_f1 0.752 at epoch 48
[2023-03-07 01:33:25] PRINT [03/07 01:33:25 graph]: Epoch 76 | train_loss: 0.1035 | lr: 0.000066
[2023-03-07 01:33:35] PRINT [03/07 01:33:35 graph]: #Test_f1: 0.7470±0.0323
[2023-03-07 01:33:36] PRINT [03/07 01:33:36 graph]: Epoch 76: get test f1 score:  0.747
[2023-03-07 01:33:36] PRINT [03/07 01:33:36 graph]: best_f1 0.752 at epoch 48
[2023-03-07 01:33:36] PRINT [03/07 01:33:36 graph]: Epoch 77 | train_loss: 0.1029 | lr: 0.000066
[2023-03-07 01:33:46] PRINT [03/07 01:33:46 graph]: #Test_f1: 0.7490±0.0266
[2023-03-07 01:33:47] PRINT [03/07 01:33:47 graph]: Epoch 77: get test f1 score:  0.749
[2023-03-07 01:33:47] PRINT [03/07 01:33:47 graph]: best_f1 0.752 at epoch 48
[2023-03-07 01:33:47] PRINT [03/07 01:33:47 graph]: Epoch 78 | train_loss: 0.1026 | lr: 0.000066
[2023-03-07 01:33:57] PRINT [03/07 01:33:57 graph]: #Test_f1: 0.7410±0.0298
[2023-03-07 01:33:58] PRINT [03/07 01:33:58 graph]: Epoch 78: get test f1 score:  0.741
[2023-03-07 01:33:58] PRINT [03/07 01:33:58 graph]: best_f1 0.752 at epoch 48
[2023-03-07 01:33:58] PRINT [03/07 01:33:58 graph]: Epoch 79 | train_loss: 0.1026 | lr: 0.000066
[2023-03-07 01:34:08] PRINT [03/07 01:34:08 graph]: #Test_f1: 0.7400±0.0283
[2023-03-07 01:34:09] PRINT [03/07 01:34:09 graph]: Epoch 79: get test f1 score:  0.740
[2023-03-07 01:34:09] PRINT [03/07 01:34:09 graph]: best_f1 0.752 at epoch 48
[2023-03-07 01:34:09] PRINT [03/07 01:34:09 graph]: Epoch 80 | train_loss: 0.1036 | lr: 0.000066
[2023-03-07 01:34:19] PRINT [03/07 01:34:19 graph]: #Test_f1: 0.7430±0.0224
[2023-03-07 01:34:20] PRINT [03/07 01:34:20 graph]: Epoch 80: get test f1 score:  0.743
[2023-03-07 01:34:20] PRINT [03/07 01:34:20 graph]: best_f1 0.752 at epoch 48
[2023-03-07 01:34:20] PRINT [03/07 01:34:20 graph]: Epoch 81 | train_loss: 0.1016 | lr: 0.000066
[2023-03-07 01:34:30] PRINT [03/07 01:34:30 graph]: #Test_f1: 0.7410±0.0270
[2023-03-07 01:34:30] PRINT [03/07 01:34:30 graph]: Epoch 81: get test f1 score:  0.741
[2023-03-07 01:34:30] PRINT [03/07 01:34:30 graph]: best_f1 0.752 at epoch 48
[2023-03-07 01:34:31] PRINT [03/07 01:34:31 graph]: Epoch 82 | train_loss: 0.1030 | lr: 0.000066
[2023-03-07 01:34:41] PRINT [03/07 01:34:41 graph]: #Test_f1: 0.7400±0.0286
[2023-03-07 01:34:41] PRINT [03/07 01:34:41 graph]: Epoch 82: get test f1 score:  0.740
[2023-03-07 01:34:41] PRINT [03/07 01:34:41 graph]: best_f1 0.752 at epoch 48
[2023-03-07 01:34:42] PRINT [03/07 01:34:42 graph]: Epoch 83 | train_loss: 0.1041 | lr: 0.000066
[2023-03-07 01:34:52] PRINT [03/07 01:34:52 graph]: #Test_f1: 0.7400±0.0290
[2023-03-07 01:34:52] PRINT [03/07 01:34:52 graph]: Epoch 83: get test f1 score:  0.740
[2023-03-07 01:34:52] PRINT [03/07 01:34:52 graph]: best_f1 0.752 at epoch 48
[2023-03-07 01:34:53] PRINT [03/07 01:34:53 graph]: Epoch 84 | train_loss: 0.1018 | lr: 0.000066
[2023-03-07 01:35:03] PRINT [03/07 01:35:03 graph]: #Test_f1: 0.7410±0.0270
[2023-03-07 01:35:03] PRINT [03/07 01:35:03 graph]: Epoch 84: get test f1 score:  0.741
[2023-03-07 01:35:03] PRINT [03/07 01:35:03 graph]: best_f1 0.752 at epoch 48
[2023-03-07 01:35:04] PRINT [03/07 01:35:04 graph]: Epoch 85 | train_loss: 0.1030 | lr: 0.000066
[2023-03-07 01:35:14] PRINT [03/07 01:35:14 graph]: #Test_f1: 0.7390±0.0333
[2023-03-07 01:35:14] PRINT [03/07 01:35:14 graph]: Epoch 85: get test f1 score:  0.739
[2023-03-07 01:35:14] PRINT [03/07 01:35:14 graph]: best_f1 0.752 at epoch 48
[2023-03-07 01:35:15] PRINT [03/07 01:35:15 graph]: Epoch 86 | train_loss: 0.0999 | lr: 0.000066
[2023-03-07 01:35:25] PRINT [03/07 01:35:25 graph]: #Test_f1: 0.7410±0.0301
[2023-03-07 01:35:26] PRINT [03/07 01:35:26 graph]: Epoch 86: get test f1 score:  0.741
[2023-03-07 01:35:26] PRINT [03/07 01:35:26 graph]: best_f1 0.752 at epoch 48
[2023-03-07 01:35:26] PRINT [03/07 01:35:26 graph]: Epoch 87 | train_loss: 0.0996 | lr: 0.000066
[2023-03-07 01:35:37] PRINT [03/07 01:35:37 graph]: #Test_f1: 0.7350±0.0238
[2023-03-07 01:35:37] PRINT [03/07 01:35:37 graph]: Epoch 87: get test f1 score:  0.735
[2023-03-07 01:35:37] PRINT [03/07 01:35:37 graph]: best_f1 0.752 at epoch 48
[2023-03-07 01:35:38] PRINT [03/07 01:35:38 graph]: Epoch 88 | train_loss: 0.1010 | lr: 0.000066
[2023-03-07 01:35:47] PRINT [03/07 01:35:47 graph]: #Test_f1: 0.7370±0.0249
[2023-03-07 01:35:48] PRINT [03/07 01:35:48 graph]: Epoch 88: get test f1 score:  0.737
[2023-03-07 01:35:48] PRINT [03/07 01:35:48 graph]: best_f1 0.752 at epoch 48
[2023-03-07 01:35:48] PRINT [03/07 01:35:48 graph]: Epoch 89 | train_loss: 0.0978 | lr: 0.000066
[2023-03-07 01:35:58] PRINT [03/07 01:35:58 graph]: #Test_f1: 0.7460±0.0211
[2023-03-07 01:35:59] PRINT [03/07 01:35:59 graph]: Epoch 89: get test f1 score:  0.746
[2023-03-07 01:35:59] PRINT [03/07 01:35:59 graph]: best_f1 0.752 at epoch 48
[2023-03-07 01:35:59] PRINT [03/07 01:35:59 graph]: Epoch 90 | train_loss: 0.0993 | lr: 0.000066
[2023-03-07 01:36:09] PRINT [03/07 01:36:09 graph]: #Test_f1: 0.7490±0.0359
[2023-03-07 01:36:10] PRINT [03/07 01:36:10 graph]: Epoch 90: get test f1 score:  0.749
[2023-03-07 01:36:10] PRINT [03/07 01:36:10 graph]: best_f1 0.752 at epoch 48
[2023-03-07 01:36:10] PRINT [03/07 01:36:10 graph]: Epoch 91 | train_loss: 0.0961 | lr: 0.000066
[2023-03-07 01:36:20] PRINT [03/07 01:36:20 graph]: #Test_f1: 0.7450±0.0294
[2023-03-07 01:36:21] PRINT [03/07 01:36:21 graph]: Epoch 91: get test f1 score:  0.745
[2023-03-07 01:36:21] PRINT [03/07 01:36:21 graph]: best_f1 0.752 at epoch 48
[2023-03-07 01:36:21] PRINT [03/07 01:36:21 graph]: Epoch 92 | train_loss: 0.0963 | lr: 0.000066
[2023-03-07 01:36:32] PRINT [03/07 01:36:32 graph]: #Test_f1: 0.7390±0.0308
[2023-03-07 01:36:32] PRINT [03/07 01:36:32 graph]: Epoch 92: get test f1 score:  0.739
[2023-03-07 01:36:32] PRINT [03/07 01:36:32 graph]: best_f1 0.752 at epoch 48
[2023-03-07 01:36:32] PRINT [03/07 01:36:32 graph]: Epoch 93 | train_loss: 0.0971 | lr: 0.000066
[2023-03-07 01:36:42] PRINT [03/07 01:36:42 graph]: #Test_f1: 0.7450±0.0307
[2023-03-07 01:36:42] PRINT [03/07 01:36:42 graph]: Epoch 93: get test f1 score:  0.745
[2023-03-07 01:36:42] PRINT [03/07 01:36:42 graph]: best_f1 0.752 at epoch 48
[2023-03-07 01:36:43] PRINT [03/07 01:36:43 graph]: Epoch 94 | train_loss: 0.0962 | lr: 0.000066
[2023-03-07 01:36:53] PRINT [03/07 01:36:53 graph]: #Test_f1: 0.7380±0.0279
[2023-03-07 01:36:53] PRINT [03/07 01:36:53 graph]: Epoch 94: get test f1 score:  0.738
[2023-03-07 01:36:53] PRINT [03/07 01:36:53 graph]: best_f1 0.752 at epoch 48
[2023-03-07 01:36:54] PRINT [03/07 01:36:54 graph]: Epoch 95 | train_loss: 0.0964 | lr: 0.000066
[2023-03-07 01:37:04] PRINT [03/07 01:37:04 graph]: #Test_f1: 0.7450±0.0254
[2023-03-07 01:37:04] PRINT [03/07 01:37:04 graph]: Epoch 95: get test f1 score:  0.745
[2023-03-07 01:37:04] PRINT [03/07 01:37:04 graph]: best_f1 0.752 at epoch 48
[2023-03-07 01:37:05] PRINT [03/07 01:37:05 graph]: Epoch 96 | train_loss: 0.0967 | lr: 0.000066
[2023-03-07 01:37:15] PRINT [03/07 01:37:15 graph]: #Test_f1: 0.7420±0.0343
[2023-03-07 01:37:15] PRINT [03/07 01:37:15 graph]: Epoch 96: get test f1 score:  0.742
[2023-03-07 01:37:15] PRINT [03/07 01:37:15 graph]: best_f1 0.752 at epoch 48
[2023-03-07 01:37:16] PRINT [03/07 01:37:16 graph]: Epoch 97 | train_loss: 0.0960 | lr: 0.000066
[2023-03-07 01:37:26] PRINT [03/07 01:37:26 graph]: #Test_f1: 0.7420±0.0312
[2023-03-07 01:37:26] PRINT [03/07 01:37:26 graph]: Epoch 97: get test f1 score:  0.742
[2023-03-07 01:37:26] PRINT [03/07 01:37:26 graph]: best_f1 0.752 at epoch 48
[2023-03-07 01:37:27] PRINT [03/07 01:37:27 graph]: Epoch 98 | train_loss: 0.0979 | lr: 0.000066
[2023-03-07 01:37:37] PRINT [03/07 01:37:37 graph]: #Test_f1: 0.7400±0.0300
[2023-03-07 01:37:37] PRINT [03/07 01:37:37 graph]: Epoch 98: get test f1 score:  0.740
[2023-03-07 01:37:37] PRINT [03/07 01:37:37 graph]: best_f1 0.752 at epoch 48
[2023-03-07 01:37:38] PRINT [03/07 01:37:38 graph]: Epoch 99 | train_loss: 0.0992 | lr: 0.000066
[2023-03-07 01:37:48] PRINT [03/07 01:37:48 graph]: #Test_f1: 0.7400±0.0283
[2023-03-07 01:37:48] PRINT [03/07 01:37:48 graph]: Epoch 99: get test f1 score:  0.740
[2023-03-07 01:37:48] PRINT [03/07 01:37:48 graph]: best_f1 0.752 at epoch 48
[2023-03-07 01:37:48] PRINT [03/07 01:37:48 graph]: # final_acc: 0.7520±0.0000
