[2023-03-06 08:51:23] PRINT ---new cfg------
[2023-03-06 08:51:23] PRINT {'DATA': {'data_name': 'MUTAG', 'deg4feat': True}, 'DATALOADER': {'NUM_WORKERS': 0, 'BATCH_SIZE': 32}, 'MODEL': {'num_hidden': 512, 'num_layers': 2, 'nhead': 4, 'activation': 'prelu', 'attn_drop': 0.2, 'feat_drop': 0.2, 'norm': 'layernorm', 'pooler': 'mean', 'beta_schedule': 'sigmoid', 'beta_1': 0.00012109016528474438, 'beta_T': 0.04160901102553379, 'T': 609}, 'SOLVER': {'optim_type': 'adamw', 'optim_type_f': 'adamw', 'alpha': 1, 'decay': 20, 'LR': 0.00029186685621618763, 'weight_decay': 0.0005, 'MAX_EPOCH': 50}, 'DEVICE': 'cuda', 'seeds': [11], 'eval_T': [50, 100, 200], 'output_dir': '/ddm-nni/MUTAG/log', 'checkpoint_dir': '/ddm-nni/MUTAG/log/checkpoint'}
[2023-03-06 08:51:23] PRINT [03/06 08:51:23 graph]: Rank of current process: 0. World size: 1
[2023-03-06 08:51:26] PRINT [03/06 08:51:26 graph]: Environment info:
[2023-03-06 08:51:26] PRINT PyTorch version: 1.10.0+cu113
[2023-03-06 08:51:26] PRINT Is debug build: False
[2023-03-06 08:51:26] PRINT CUDA used to build PyTorch: 11.3
[2023-03-06 08:51:26] PRINT ROCM used to build PyTorch: N/A
[2023-03-06 08:51:26] PRINT 
[2023-03-06 08:51:26] PRINT OS: Ubuntu 20.04.3 LTS (x86_64)
[2023-03-06 08:51:26] PRINT GCC version: (Ubuntu 9.3.0-17ubuntu1~20.04) 9.3.0
[2023-03-06 08:51:26] PRINT Clang version: Could not collect
[2023-03-06 08:51:26] PRINT CMake version: version 3.16.3
[2023-03-06 08:51:26] PRINT Libc version: glibc-2.31
[2023-03-06 08:51:26] PRINT 
[2023-03-06 08:51:26] PRINT Python version: 3.8.10 (default, Jun  4 2021, 15:09:15)  [GCC 7.5.0] (64-bit runtime)
[2023-03-06 08:51:26] PRINT Python platform: Linux-5.4.0-90-generic-x86_64-with-glibc2.17
[2023-03-06 08:51:26] PRINT Is CUDA available: True
[2023-03-06 08:51:26] PRINT CUDA runtime version: 11.3.109
[2023-03-06 08:51:26] PRINT GPU models and configuration: GPU 0: NVIDIA GeForce RTX 3090
[2023-03-06 08:51:26] PRINT Nvidia driver version: 495.44
[2023-03-06 08:51:26] PRINT cuDNN version: Probably one of the following:
[2023-03-06 08:51:26] PRINT /usr/lib/x86_64-linux-gnu/libcudnn.so.8.2.0
[2023-03-06 08:51:26] PRINT /usr/lib/x86_64-linux-gnu/libcudnn_adv_infer.so.8.2.0
[2023-03-06 08:51:26] PRINT /usr/lib/x86_64-linux-gnu/libcudnn_adv_train.so.8.2.0
[2023-03-06 08:51:26] PRINT /usr/lib/x86_64-linux-gnu/libcudnn_cnn_infer.so.8.2.0
[2023-03-06 08:51:26] PRINT /usr/lib/x86_64-linux-gnu/libcudnn_cnn_train.so.8.2.0
[2023-03-06 08:51:26] PRINT /usr/lib/x86_64-linux-gnu/libcudnn_ops_infer.so.8.2.0
[2023-03-06 08:51:26] PRINT /usr/lib/x86_64-linux-gnu/libcudnn_ops_train.so.8.2.0
[2023-03-06 08:51:26] PRINT HIP runtime version: N/A
[2023-03-06 08:51:26] PRINT MIOpen runtime version: N/A
[2023-03-06 08:51:26] PRINT 
[2023-03-06 08:51:26] PRINT Versions of relevant libraries:
[2023-03-06 08:51:26] PRINT [pip3] numpy==1.23.5
[2023-03-06 08:51:26] PRINT [pip3] torch==1.10.0+cu113
[2023-03-06 08:51:26] PRINT [pip3] torchvision==0.11.1+cu113
[2023-03-06 08:51:26] PRINT [conda] blas                      1.0                         mkl    https://mirrors.ustc.edu.cn/anaconda/pkgs/main
[2023-03-06 08:51:26] PRINT [conda] mkl                       2021.4.0           h06a4308_640    https://mirrors.ustc.edu.cn/anaconda/pkgs/main
[2023-03-06 08:51:26] PRINT [conda] mkl-service               2.4.0            py38h7f8727e_0    https://mirrors.ustc.edu.cn/anaconda/pkgs/main
[2023-03-06 08:51:26] PRINT [conda] mkl_fft                   1.3.1            py38hd3c417c_0    https://mirrors.ustc.edu.cn/anaconda/pkgs/main
[2023-03-06 08:51:26] PRINT [conda] mkl_random                1.2.2            py38h51133e4_0    https://mirrors.ustc.edu.cn/anaconda/pkgs/main
[2023-03-06 08:51:26] PRINT [conda] numpy                     1.21.4                   pypi_0    pypi
[2023-03-06 08:51:26] PRINT [conda] numpy-base                1.23.5           py38h31eccc5_0    https://mirrors.ustc.edu.cn/anaconda/pkgs/main
[2023-03-06 08:51:26] PRINT [conda] torch                     1.10.0+cu113             pypi_0    pypi
[2023-03-06 08:51:26] PRINT [conda] torchvision               0.11.1+cu113             pypi_0    pypi
[2023-03-06 08:51:26] PRINT         Pillow (8.4.0)
[2023-03-06 08:51:26] PRINT [03/06 08:51:26 graph]: Command line arguments: Namespace(local_rank=0, resume=False, seed=1234, start_epoch=0)
[2023-03-06 08:51:26] PRINT Using degree as node features
[2023-03-06 08:51:26] PRINT ******** # Num Graphs: 188, # Num Feat: 5, # Num Classes: 2 ********
[2023-03-06 08:51:26] PRINT [03/06 08:51:26 graph]: Run 0th for seed 11
[2023-03-06 08:51:26] PRINT [03/06 08:51:26 graph]: Total trainable params num : 5053039
[2023-03-06 08:51:31] PRINT [03/06 08:51:31 graph]: ----------Start Training----------
[2023-03-06 08:51:32] PRINT [03/06 08:51:32 graph]: Epoch 0 | train_loss: 0.7347 | lr: 0.000292
[2023-03-06 08:51:32] PRINT [03/06 08:51:32 graph]: Epoch 1 | train_loss: 0.4630 | lr: 0.000292
[2023-03-06 08:51:32] PRINT [03/06 08:51:32 graph]: Epoch 2 | train_loss: 0.3938 | lr: 0.000292
[2023-03-06 08:51:35] PRINT [03/06 08:51:35 graph]: #Test_f1: 0.8515±0.0390
[2023-03-06 08:51:35] PRINT [03/06 08:51:35 graph]: Epoch 2: get test f1 score:  0.851
[2023-03-06 08:51:35] PRINT [03/06 08:51:35 graph]: best_f1 0.851 at epoch 2
[2023-03-06 08:51:35] PRINT [03/06 08:51:35 graph]: Epoch 3 | train_loss: 0.3566 | lr: 0.000292
[2023-03-06 08:51:38] PRINT [03/06 08:51:38 graph]: #Test_f1: 0.8567±0.0472
[2023-03-06 08:51:39] PRINT [03/06 08:51:39 graph]: Epoch 3: get test f1 score:  0.857
[2023-03-06 08:51:39] PRINT [03/06 08:51:39 graph]: best_f1 0.857 at epoch 3
[2023-03-06 08:51:39] PRINT [03/06 08:51:39 graph]: Epoch 4 | train_loss: 0.3344 | lr: 0.000292
[2023-03-06 08:51:42] PRINT [03/06 08:51:42 graph]: #Test_f1: 0.8515±0.0456
[2023-03-06 08:51:42] PRINT [03/06 08:51:42 graph]: Epoch 4: get test f1 score:  0.851
[2023-03-06 08:51:42] PRINT [03/06 08:51:42 graph]: best_f1 0.857 at epoch 3
[2023-03-06 08:51:42] PRINT [03/06 08:51:42 graph]: Epoch 5 | train_loss: 0.3118 | lr: 0.000292
[2023-03-06 08:51:45] PRINT [03/06 08:51:45 graph]: #Test_f1: 0.8670±0.0427
[2023-03-06 08:51:46] PRINT [03/06 08:51:46 graph]: Epoch 5: get test f1 score:  0.867
[2023-03-06 08:51:46] PRINT [03/06 08:51:46 graph]: best_f1 0.867 at epoch 5
[2023-03-06 08:51:46] PRINT [03/06 08:51:46 graph]: Epoch 6 | train_loss: 0.2884 | lr: 0.000292
[2023-03-06 08:51:49] PRINT [03/06 08:51:49 graph]: #Test_f1: 0.8833±0.0511
[2023-03-06 08:51:49] PRINT [03/06 08:51:49 graph]: Epoch 6: get test f1 score:  0.883
[2023-03-06 08:51:49] PRINT [03/06 08:51:49 graph]: best_f1 0.883 at epoch 6
[2023-03-06 08:51:50] PRINT [03/06 08:51:50 graph]: Epoch 7 | train_loss: 0.2823 | lr: 0.000292
[2023-03-06 08:51:52] PRINT [03/06 08:51:52 graph]: #Test_f1: 0.8778±0.0407
[2023-03-06 08:51:53] PRINT [03/06 08:51:53 graph]: Epoch 7: get test f1 score:  0.878
[2023-03-06 08:51:53] PRINT [03/06 08:51:53 graph]: best_f1 0.883 at epoch 6
[2023-03-06 08:51:53] PRINT [03/06 08:51:53 graph]: Epoch 8 | train_loss: 0.2774 | lr: 0.000292
[2023-03-06 08:51:56] PRINT [03/06 08:51:56 graph]: #Test_f1: 0.8673±0.0418
[2023-03-06 08:51:56] PRINT [03/06 08:51:56 graph]: Epoch 8: get test f1 score:  0.867
[2023-03-06 08:51:56] PRINT [03/06 08:51:56 graph]: best_f1 0.883 at epoch 6
[2023-03-06 08:51:56] PRINT [03/06 08:51:56 graph]: Epoch 9 | train_loss: 0.2650 | lr: 0.000292
[2023-03-06 08:51:59] PRINT [03/06 08:51:59 graph]: #Test_f1: 0.8620±0.0420
[2023-03-06 08:51:59] PRINT [03/06 08:51:59 graph]: Epoch 9: get test f1 score:  0.862
[2023-03-06 08:51:59] PRINT [03/06 08:51:59 graph]: best_f1 0.883 at epoch 6
[2023-03-06 08:52:00] PRINT [03/06 08:52:00 graph]: Epoch 10 | train_loss: 0.2609 | lr: 0.000292
[2023-03-06 08:52:02] PRINT [03/06 08:52:02 graph]: #Test_f1: 0.8617±0.0350
[2023-03-06 08:52:03] PRINT [03/06 08:52:03 graph]: Epoch 10: get test f1 score:  0.862
[2023-03-06 08:52:03] PRINT [03/06 08:52:03 graph]: best_f1 0.883 at epoch 6
[2023-03-06 08:52:03] PRINT [03/06 08:52:03 graph]: Epoch 11 | train_loss: 0.2530 | lr: 0.000292
[2023-03-06 08:52:06] PRINT [03/06 08:52:06 graph]: #Test_f1: 0.8564±0.0410
[2023-03-06 08:52:06] PRINT [03/06 08:52:06 graph]: Epoch 11: get test f1 score:  0.856
[2023-03-06 08:52:06] PRINT [03/06 08:52:06 graph]: best_f1 0.883 at epoch 6
[2023-03-06 08:52:06] PRINT [03/06 08:52:06 graph]: Epoch 12 | train_loss: 0.2411 | lr: 0.000292
[2023-03-06 08:52:09] PRINT [03/06 08:52:09 graph]: #Test_f1: 0.8725±0.0484
[2023-03-06 08:52:09] PRINT [03/06 08:52:09 graph]: Epoch 12: get test f1 score:  0.873
[2023-03-06 08:52:09] PRINT [03/06 08:52:09 graph]: best_f1 0.883 at epoch 6
[2023-03-06 08:52:10] PRINT [03/06 08:52:10 graph]: Epoch 13 | train_loss: 0.2384 | lr: 0.000292
[2023-03-06 08:52:13] PRINT [03/06 08:52:13 graph]: #Test_f1: 0.8459±0.0493
[2023-03-06 08:52:13] PRINT [03/06 08:52:13 graph]: Epoch 13: get test f1 score:  0.846
[2023-03-06 08:52:13] PRINT [03/06 08:52:13 graph]: best_f1 0.883 at epoch 6
[2023-03-06 08:52:13] PRINT [03/06 08:52:13 graph]: Epoch 14 | train_loss: 0.2312 | lr: 0.000292
[2023-03-06 08:52:16] PRINT [03/06 08:52:16 graph]: #Test_f1: 0.8617±0.0598
[2023-03-06 08:52:16] PRINT [03/06 08:52:16 graph]: Epoch 14: get test f1 score:  0.862
[2023-03-06 08:52:16] PRINT [03/06 08:52:16 graph]: best_f1 0.883 at epoch 6
[2023-03-06 08:52:17] PRINT [03/06 08:52:17 graph]: Epoch 15 | train_loss: 0.2229 | lr: 0.000292
[2023-03-06 08:52:20] PRINT [03/06 08:52:20 graph]: #Test_f1: 0.8833±0.0574
[2023-03-06 08:52:20] PRINT [03/06 08:52:20 graph]: Epoch 15: get test f1 score:  0.883
[2023-03-06 08:52:20] PRINT [03/06 08:52:20 graph]: best_f1 0.883 at epoch 6
[2023-03-06 08:52:20] PRINT [03/06 08:52:20 graph]: Epoch 16 | train_loss: 0.2103 | lr: 0.000292
[2023-03-06 08:52:23] PRINT [03/06 08:52:23 graph]: #Test_f1: 0.8830±0.0464
[2023-03-06 08:52:23] PRINT [03/06 08:52:23 graph]: Epoch 16: get test f1 score:  0.883
[2023-03-06 08:52:23] PRINT [03/06 08:52:23 graph]: best_f1 0.883 at epoch 6
[2023-03-06 08:52:24] PRINT [03/06 08:52:24 graph]: Epoch 17 | train_loss: 0.2111 | lr: 0.000292
[2023-03-06 08:52:27] PRINT [03/06 08:52:27 graph]: #Test_f1: 0.8778±0.0415
[2023-03-06 08:52:27] PRINT [03/06 08:52:27 graph]: Epoch 17: get test f1 score:  0.878
[2023-03-06 08:52:27] PRINT [03/06 08:52:27 graph]: best_f1 0.883 at epoch 6
[2023-03-06 08:52:27] PRINT [03/06 08:52:27 graph]: Epoch 18 | train_loss: 0.2070 | lr: 0.000292
[2023-03-06 08:52:30] PRINT [03/06 08:52:30 graph]: #Test_f1: 0.8567±0.0667
[2023-03-06 08:52:31] PRINT [03/06 08:52:31 graph]: Epoch 18: get test f1 score:  0.857
[2023-03-06 08:52:31] PRINT [03/06 08:52:31 graph]: best_f1 0.883 at epoch 6
[2023-03-06 08:52:31] PRINT [03/06 08:52:31 graph]: Epoch 19 | train_loss: 0.2147 | lr: 0.000292
[2023-03-06 08:52:34] PRINT [03/06 08:52:34 graph]: #Test_f1: 0.8830±0.0571
[2023-03-06 08:52:34] PRINT [03/06 08:52:34 graph]: Epoch 19: get test f1 score:  0.883
[2023-03-06 08:52:34] PRINT [03/06 08:52:34 graph]: best_f1 0.883 at epoch 6
[2023-03-06 08:52:34] PRINT [03/06 08:52:34 graph]: Epoch 20 | train_loss: 0.2062 | lr: 0.000292
[2023-03-06 08:52:37] PRINT [03/06 08:52:37 graph]: #Test_f1: 0.8936±0.0416
[2023-03-06 08:52:37] PRINT [03/06 08:52:37 graph]: Epoch 20: get test f1 score:  0.894
[2023-03-06 08:52:37] PRINT [03/06 08:52:37 graph]: best_f1 0.894 at epoch 20
[2023-03-06 08:52:38] PRINT [03/06 08:52:38 graph]: Epoch 21 | train_loss: 0.2003 | lr: 0.000292
[2023-03-06 08:52:41] PRINT [03/06 08:52:41 graph]: #Test_f1: 0.8936±0.0478
[2023-03-06 08:52:41] PRINT [03/06 08:52:41 graph]: Epoch 21: get test f1 score:  0.894
[2023-03-06 08:52:41] PRINT [03/06 08:52:41 graph]: best_f1 0.894 at epoch 20
[2023-03-06 08:52:41] PRINT [03/06 08:52:41 graph]: Epoch 22 | train_loss: 0.1971 | lr: 0.000292
[2023-03-06 08:52:44] PRINT [03/06 08:52:44 graph]: #Test_f1: 0.8883±0.0444
[2023-03-06 08:52:44] PRINT [03/06 08:52:44 graph]: Epoch 22: get test f1 score:  0.888
[2023-03-06 08:52:44] PRINT [03/06 08:52:44 graph]: best_f1 0.894 at epoch 20
[2023-03-06 08:52:44] PRINT [03/06 08:52:44 graph]: Epoch 23 | train_loss: 0.1788 | lr: 0.000292
[2023-03-06 08:52:47] PRINT [03/06 08:52:47 graph]: #Test_f1: 0.8936±0.0533
[2023-03-06 08:52:48] PRINT [03/06 08:52:48 graph]: Epoch 23: get test f1 score:  0.894
[2023-03-06 08:52:48] PRINT [03/06 08:52:48 graph]: best_f1 0.894 at epoch 20
[2023-03-06 08:52:48] PRINT [03/06 08:52:48 graph]: Epoch 24 | train_loss: 0.1896 | lr: 0.000292
[2023-03-06 08:52:51] PRINT [03/06 08:52:51 graph]: #Test_f1: 0.8988±0.0605
[2023-03-06 08:52:51] PRINT [03/06 08:52:51 graph]: Epoch 24: get test f1 score:  0.899
[2023-03-06 08:52:51] PRINT [03/06 08:52:51 graph]: best_f1 0.899 at epoch 24
[2023-03-06 08:52:51] PRINT [03/06 08:52:51 graph]: Epoch 25 | train_loss: 0.1789 | lr: 0.000292
[2023-03-06 08:52:54] PRINT [03/06 08:52:54 graph]: #Test_f1: 0.8936±0.0478
[2023-03-06 08:52:55] PRINT [03/06 08:52:55 graph]: Epoch 25: get test f1 score:  0.894
[2023-03-06 08:52:55] PRINT [03/06 08:52:55 graph]: best_f1 0.899 at epoch 24
[2023-03-06 08:52:55] PRINT [03/06 08:52:55 graph]: Epoch 26 | train_loss: 0.1863 | lr: 0.000292
[2023-03-06 08:52:58] PRINT [03/06 08:52:58 graph]: #Test_f1: 0.8936±0.0416
[2023-03-06 08:52:58] PRINT [03/06 08:52:58 graph]: Epoch 26: get test f1 score:  0.894
[2023-03-06 08:52:58] PRINT [03/06 08:52:58 graph]: best_f1 0.899 at epoch 24
[2023-03-06 08:52:59] PRINT [03/06 08:52:59 graph]: Epoch 27 | train_loss: 0.1958 | lr: 0.000292
[2023-03-06 08:53:01] PRINT [03/06 08:53:01 graph]: #Test_f1: 0.8725±0.0352
[2023-03-06 08:53:02] PRINT [03/06 08:53:02 graph]: Epoch 27: get test f1 score:  0.873
[2023-03-06 08:53:02] PRINT [03/06 08:53:02 graph]: best_f1 0.899 at epoch 24
[2023-03-06 08:53:02] PRINT [03/06 08:53:02 graph]: Epoch 28 | train_loss: 0.1784 | lr: 0.000292
[2023-03-06 08:53:05] PRINT [03/06 08:53:05 graph]: #Test_f1: 0.8936±0.0478
[2023-03-06 08:53:05] PRINT [03/06 08:53:05 graph]: Epoch 28: get test f1 score:  0.894
[2023-03-06 08:53:05] PRINT [03/06 08:53:05 graph]: best_f1 0.899 at epoch 24
[2023-03-06 08:53:05] PRINT [03/06 08:53:05 graph]: Epoch 29 | train_loss: 0.1843 | lr: 0.000292
[2023-03-06 08:53:08] PRINT [03/06 08:53:08 graph]: #Test_f1: 0.9041±0.0469
[2023-03-06 08:53:08] PRINT [03/06 08:53:08 graph]: Epoch 29: get test f1 score:  0.904
[2023-03-06 08:53:08] PRINT [03/06 08:53:08 graph]: best_f1 0.904 at epoch 29
[2023-03-06 08:53:09] PRINT [03/06 08:53:09 graph]: Epoch 30 | train_loss: 0.1725 | lr: 0.000292
[2023-03-06 08:53:11] PRINT [03/06 08:53:11 graph]: #Test_f1: 0.8988±0.0505
[2023-03-06 08:53:12] PRINT [03/06 08:53:12 graph]: Epoch 30: get test f1 score:  0.899
[2023-03-06 08:53:12] PRINT [03/06 08:53:12 graph]: best_f1 0.904 at epoch 29
[2023-03-06 08:53:12] PRINT [03/06 08:53:12 graph]: Epoch 31 | train_loss: 0.1820 | lr: 0.000292
[2023-03-06 08:53:15] PRINT [03/06 08:53:15 graph]: #Test_f1: 0.9041±0.0469
[2023-03-06 08:53:15] PRINT [03/06 08:53:15 graph]: Epoch 31: get test f1 score:  0.904
[2023-03-06 08:53:15] PRINT [03/06 08:53:15 graph]: best_f1 0.904 at epoch 29
[2023-03-06 08:53:16] PRINT [03/06 08:53:16 graph]: Epoch 32 | train_loss: 0.1759 | lr: 0.000292
[2023-03-06 08:53:19] PRINT [03/06 08:53:19 graph]: #Test_f1: 0.8830±0.0399
[2023-03-06 08:53:19] PRINT [03/06 08:53:19 graph]: Epoch 32: get test f1 score:  0.883
[2023-03-06 08:53:19] PRINT [03/06 08:53:19 graph]: best_f1 0.904 at epoch 29
[2023-03-06 08:53:19] PRINT [03/06 08:53:19 graph]: Epoch 33 | train_loss: 0.1707 | lr: 0.000292
[2023-03-06 08:53:22] PRINT [03/06 08:53:22 graph]: #Test_f1: 0.8988±0.0505
[2023-03-06 08:53:22] PRINT [03/06 08:53:22 graph]: Epoch 33: get test f1 score:  0.899
[2023-03-06 08:53:22] PRINT [03/06 08:53:22 graph]: best_f1 0.904 at epoch 29
[2023-03-06 08:53:23] PRINT [03/06 08:53:23 graph]: Epoch 34 | train_loss: 0.1661 | lr: 0.000292
[2023-03-06 08:53:25] PRINT [03/06 08:53:25 graph]: #Test_f1: 0.9041±0.0575
[2023-03-06 08:53:26] PRINT [03/06 08:53:26 graph]: Epoch 34: get test f1 score:  0.904
[2023-03-06 08:53:26] PRINT [03/06 08:53:26 graph]: best_f1 0.904 at epoch 34
[2023-03-06 08:53:26] PRINT [03/06 08:53:26 graph]: Epoch 35 | train_loss: 0.1671 | lr: 0.000292
[2023-03-06 08:53:29] PRINT [03/06 08:53:29 graph]: #Test_f1: 0.8988±0.0605
[2023-03-06 08:53:29] PRINT [03/06 08:53:29 graph]: Epoch 35: get test f1 score:  0.899
[2023-03-06 08:53:29] PRINT [03/06 08:53:29 graph]: best_f1 0.904 at epoch 34
[2023-03-06 08:53:30] PRINT [03/06 08:53:30 graph]: Epoch 36 | train_loss: 0.1730 | lr: 0.000292
[2023-03-06 08:53:32] PRINT [03/06 08:53:32 graph]: #Test_f1: 0.8830±0.0464
[2023-03-06 08:53:33] PRINT [03/06 08:53:33 graph]: Epoch 36: get test f1 score:  0.883
[2023-03-06 08:53:33] PRINT [03/06 08:53:33 graph]: best_f1 0.904 at epoch 34
[2023-03-06 08:53:33] PRINT [03/06 08:53:33 graph]: Epoch 37 | train_loss: 0.1652 | lr: 0.000292
[2023-03-06 08:53:36] PRINT [03/06 08:53:36 graph]: #Test_f1: 0.8830±0.0520
[2023-03-06 08:53:36] PRINT [03/06 08:53:36 graph]: Epoch 37: get test f1 score:  0.883
[2023-03-06 08:53:36] PRINT [03/06 08:53:36 graph]: best_f1 0.904 at epoch 34
[2023-03-06 08:53:36] PRINT [03/06 08:53:36 graph]: Epoch 38 | train_loss: 0.1690 | lr: 0.000292
[2023-03-06 08:53:39] PRINT [03/06 08:53:39 graph]: #Test_f1: 0.8830±0.0399
[2023-03-06 08:53:39] PRINT [03/06 08:53:39 graph]: Epoch 38: get test f1 score:  0.883
[2023-03-06 08:53:39] PRINT [03/06 08:53:39 graph]: best_f1 0.904 at epoch 34
[2023-03-06 08:53:39] PRINT [03/06 08:53:39 graph]: Epoch 39 | train_loss: 0.1738 | lr: 0.000292
[2023-03-06 08:53:42] PRINT [03/06 08:53:42 graph]: #Test_f1: 0.8725±0.0423
[2023-03-06 08:53:43] PRINT [03/06 08:53:43 graph]: Epoch 39: get test f1 score:  0.873
[2023-03-06 08:53:43] PRINT [03/06 08:53:43 graph]: best_f1 0.904 at epoch 34
[2023-03-06 08:53:43] PRINT [03/06 08:53:43 graph]: Epoch 40 | train_loss: 0.1708 | lr: 0.000292
[2023-03-06 08:53:46] PRINT [03/06 08:53:46 graph]: #Test_f1: 0.8725±0.0423
[2023-03-06 08:53:46] PRINT [03/06 08:53:46 graph]: Epoch 40: get test f1 score:  0.873
[2023-03-06 08:53:46] PRINT [03/06 08:53:46 graph]: best_f1 0.904 at epoch 34
[2023-03-06 08:53:46] PRINT [03/06 08:53:46 graph]: Epoch 41 | train_loss: 0.1658 | lr: 0.000292
[2023-03-06 08:53:49] PRINT [03/06 08:53:49 graph]: #Test_f1: 0.8725±0.0423
[2023-03-06 08:53:49] PRINT [03/06 08:53:49 graph]: Epoch 41: get test f1 score:  0.873
[2023-03-06 08:53:49] PRINT [03/06 08:53:49 graph]: best_f1 0.904 at epoch 34
[2023-03-06 08:53:50] PRINT [03/06 08:53:50 graph]: Epoch 42 | train_loss: 0.1685 | lr: 0.000292
[2023-03-06 08:53:53] PRINT [03/06 08:53:53 graph]: #Test_f1: 0.8725±0.0352
[2023-03-06 08:53:53] PRINT [03/06 08:53:53 graph]: Epoch 42: get test f1 score:  0.873
[2023-03-06 08:53:53] PRINT [03/06 08:53:53 graph]: best_f1 0.904 at epoch 34
[2023-03-06 08:53:53] PRINT [03/06 08:53:53 graph]: Epoch 43 | train_loss: 0.1721 | lr: 0.000292
[2023-03-06 08:53:56] PRINT [03/06 08:53:56 graph]: #Test_f1: 0.8883±0.0444
[2023-03-06 08:53:56] PRINT [03/06 08:53:56 graph]: Epoch 43: get test f1 score:  0.888
[2023-03-06 08:53:56] PRINT [03/06 08:53:56 graph]: best_f1 0.904 at epoch 34
[2023-03-06 08:53:57] PRINT [03/06 08:53:57 graph]: Epoch 44 | train_loss: 0.1776 | lr: 0.000292
[2023-03-06 08:53:59] PRINT [03/06 08:53:59 graph]: #Test_f1: 0.8830±0.0571
[2023-03-06 08:54:00] PRINT [03/06 08:54:00 graph]: Epoch 44: get test f1 score:  0.883
[2023-03-06 08:54:00] PRINT [03/06 08:54:00 graph]: best_f1 0.904 at epoch 34
[2023-03-06 08:54:00] PRINT [03/06 08:54:00 graph]: Epoch 45 | train_loss: 0.1698 | lr: 0.000292
[2023-03-06 08:54:03] PRINT [03/06 08:54:03 graph]: #Test_f1: 0.8988±0.0505
[2023-03-06 08:54:03] PRINT [03/06 08:54:03 graph]: Epoch 45: get test f1 score:  0.899
[2023-03-06 08:54:03] PRINT [03/06 08:54:03 graph]: best_f1 0.904 at epoch 34
[2023-03-06 08:54:03] PRINT [03/06 08:54:03 graph]: Epoch 46 | train_loss: 0.1659 | lr: 0.000292
[2023-03-06 08:54:06] PRINT [03/06 08:54:06 graph]: #Test_f1: 0.8936±0.0343
[2023-03-06 08:54:06] PRINT [03/06 08:54:06 graph]: Epoch 46: get test f1 score:  0.894
[2023-03-06 08:54:06] PRINT [03/06 08:54:06 graph]: best_f1 0.904 at epoch 34
[2023-03-06 08:54:07] PRINT [03/06 08:54:07 graph]: Epoch 47 | train_loss: 0.1637 | lr: 0.000292
[2023-03-06 08:54:09] PRINT [03/06 08:54:09 graph]: #Test_f1: 0.8988±0.0379
[2023-03-06 08:54:10] PRINT [03/06 08:54:10 graph]: Epoch 47: get test f1 score:  0.899
[2023-03-06 08:54:10] PRINT [03/06 08:54:10 graph]: best_f1 0.904 at epoch 34
[2023-03-06 08:54:10] PRINT [03/06 08:54:10 graph]: Epoch 48 | train_loss: 0.1693 | lr: 0.000292
[2023-03-06 08:54:13] PRINT [03/06 08:54:13 graph]: #Test_f1: 0.8883±0.0376
[2023-03-06 08:54:13] PRINT [03/06 08:54:13 graph]: Epoch 48: get test f1 score:  0.888
[2023-03-06 08:54:13] PRINT [03/06 08:54:13 graph]: best_f1 0.904 at epoch 34
[2023-03-06 08:54:14] PRINT [03/06 08:54:14 graph]: Epoch 49 | train_loss: 0.1676 | lr: 0.000292
[2023-03-06 08:54:17] PRINT [03/06 08:54:17 graph]: #Test_f1: 0.8988±0.0379
[2023-03-06 08:54:17] PRINT [03/06 08:54:17 graph]: Epoch 49: get test f1 score:  0.899
[2023-03-06 08:54:17] PRINT [03/06 08:54:17 graph]: best_f1 0.904 at epoch 34
[2023-03-06 08:54:17] PRINT [03/06 08:54:17 graph]: # final_acc: 0.9041±0.0000
