[2023-03-05 22:34:47] PRINT ---new cfg------
[2023-03-05 22:34:47] PRINT {'DATA': {'data_name': 'MUTAG', 'deg4feat': True}, 'DATALOADER': {'NUM_WORKERS': 0, 'BATCH_SIZE': 32}, 'MODEL': {'num_hidden': 512, 'num_layers': 2, 'nhead': 4, 'activation': 'prelu', 'attn_drop': 0.2, 'feat_drop': 0.2, 'norm': 'layernorm', 'pooler': 'mean', 'beta_schedule': 'const', 'beta_1': 0.00044293967884546665, 'beta_T': 0.025626336635599403, 'T': 553}, 'SOLVER': {'optim_type': 'adamw', 'optim_type_f': 'adamw', 'alpha': 1, 'decay': 40, 'LR': 0.0003292548292375407, 'weight_decay': 0.0005, 'MAX_EPOCH': 50}, 'DEVICE': 'cuda', 'seeds': [11], 'eval_T': [50, 100, 200], 'output_dir': '/root/autodl-tmp/ddm-nni/MUTAG/log', 'checkpoint_dir': '/root/autodl-tmp/ddm-nni/MUTAG/log/checkpoint'}
[2023-03-05 22:34:47] PRINT [03/05 22:34:47 graph]: Rank of current process: 0. World size: 1
[2023-03-05 22:34:51] PRINT [03/05 22:34:51 graph]: Environment info:
[2023-03-05 22:34:51] PRINT PyTorch version: 1.10.0+cu113
[2023-03-05 22:34:51] PRINT Is debug build: False
[2023-03-05 22:34:51] PRINT CUDA used to build PyTorch: 11.3
[2023-03-05 22:34:51] PRINT ROCM used to build PyTorch: N/A
[2023-03-05 22:34:51] PRINT 
[2023-03-05 22:34:51] PRINT OS: Ubuntu 20.04.3 LTS (x86_64)
[2023-03-05 22:34:51] PRINT GCC version: (Ubuntu 9.3.0-17ubuntu1~20.04) 9.3.0
[2023-03-05 22:34:51] PRINT Clang version: Could not collect
[2023-03-05 22:34:51] PRINT CMake version: version 3.16.3
[2023-03-05 22:34:51] PRINT Libc version: glibc-2.31
[2023-03-05 22:34:51] PRINT 
[2023-03-05 22:34:51] PRINT Python version: 3.8.10 (default, Jun  4 2021, 15:09:15)  [GCC 7.5.0] (64-bit runtime)
[2023-03-05 22:34:51] PRINT Python platform: Linux-5.4.0-90-generic-x86_64-with-glibc2.17
[2023-03-05 22:34:51] PRINT Is CUDA available: True
[2023-03-05 22:34:51] PRINT CUDA runtime version: 11.3.109
[2023-03-05 22:34:51] PRINT GPU models and configuration: GPU 0: NVIDIA GeForce RTX 3090
[2023-03-05 22:34:51] PRINT Nvidia driver version: 495.44
[2023-03-05 22:34:51] PRINT cuDNN version: Probably one of the following:
[2023-03-05 22:34:51] PRINT /usr/lib/x86_64-linux-gnu/libcudnn.so.8.2.0
[2023-03-05 22:34:51] PRINT /usr/lib/x86_64-linux-gnu/libcudnn_adv_infer.so.8.2.0
[2023-03-05 22:34:51] PRINT /usr/lib/x86_64-linux-gnu/libcudnn_adv_train.so.8.2.0
[2023-03-05 22:34:51] PRINT /usr/lib/x86_64-linux-gnu/libcudnn_cnn_infer.so.8.2.0
[2023-03-05 22:34:51] PRINT /usr/lib/x86_64-linux-gnu/libcudnn_cnn_train.so.8.2.0
[2023-03-05 22:34:51] PRINT /usr/lib/x86_64-linux-gnu/libcudnn_ops_infer.so.8.2.0
[2023-03-05 22:34:51] PRINT /usr/lib/x86_64-linux-gnu/libcudnn_ops_train.so.8.2.0
[2023-03-05 22:34:51] PRINT HIP runtime version: N/A
[2023-03-05 22:34:51] PRINT MIOpen runtime version: N/A
[2023-03-05 22:34:51] PRINT 
[2023-03-05 22:34:51] PRINT Versions of relevant libraries:
[2023-03-05 22:34:51] PRINT [pip3] numpy==1.23.5
[2023-03-05 22:34:51] PRINT [pip3] torch==1.10.0+cu113
[2023-03-05 22:34:51] PRINT [pip3] torchvision==0.11.1+cu113
[2023-03-05 22:34:51] PRINT [conda] blas                      1.0                         mkl    https://mirrors.ustc.edu.cn/anaconda/pkgs/main
[2023-03-05 22:34:51] PRINT [conda] mkl                       2021.4.0           h06a4308_640    https://mirrors.ustc.edu.cn/anaconda/pkgs/main
[2023-03-05 22:34:51] PRINT [conda] mkl-service               2.4.0            py38h7f8727e_0    https://mirrors.ustc.edu.cn/anaconda/pkgs/main
[2023-03-05 22:34:51] PRINT [conda] mkl_fft                   1.3.1            py38hd3c417c_0    https://mirrors.ustc.edu.cn/anaconda/pkgs/main
[2023-03-05 22:34:51] PRINT [conda] mkl_random                1.2.2            py38h51133e4_0    https://mirrors.ustc.edu.cn/anaconda/pkgs/main
[2023-03-05 22:34:51] PRINT [conda] numpy                     1.21.4                   pypi_0    pypi
[2023-03-05 22:34:51] PRINT [conda] numpy-base                1.23.5           py38h31eccc5_0    https://mirrors.ustc.edu.cn/anaconda/pkgs/main
[2023-03-05 22:34:51] PRINT [conda] torch                     1.10.0+cu113             pypi_0    pypi
[2023-03-05 22:34:51] PRINT [conda] torchvision               0.11.1+cu113             pypi_0    pypi
[2023-03-05 22:34:51] PRINT         Pillow (8.4.0)
[2023-03-05 22:34:51] PRINT [03/05 22:34:51 graph]: Command line arguments: Namespace(local_rank=0, resume=False, seed=1234, start_epoch=0)
[2023-03-05 22:34:51] PRINT Using degree as node features
[2023-03-05 22:34:51] PRINT ******** # Num Graphs: 188, # Num Feat: 5, # Num Classes: 2 ********
[2023-03-05 22:34:51] PRINT [03/05 22:34:51 graph]: Run 0th for seed 11
[2023-03-05 22:34:51] PRINT [03/05 22:34:51 graph]: Total trainable params num : 5024367
[2023-03-05 22:34:55] PRINT [03/05 22:34:55 graph]: ----------Start Training----------
[2023-03-05 22:34:56] PRINT [03/05 22:34:56 graph]: Epoch 0 | train_loss: 0.7334 | lr: 0.000329
[2023-03-05 22:34:56] PRINT [03/05 22:34:56 graph]: Epoch 1 | train_loss: 0.4535 | lr: 0.000329
[2023-03-05 22:34:56] PRINT [03/05 22:34:56 graph]: Epoch 2 | train_loss: 0.3983 | lr: 0.000329
[2023-03-05 22:34:59] PRINT [03/05 22:34:59 graph]: #Test_f1: 0.8620±0.0536
[2023-03-05 22:34:59] PRINT [03/05 22:34:59 graph]: Epoch 2: get test f1 score:  0.862
[2023-03-05 22:34:59] PRINT [03/05 22:34:59 graph]: best_f1 0.862 at epoch 2
[2023-03-05 22:34:59] PRINT [03/05 22:34:59 graph]: Epoch 3 | train_loss: 0.3726 | lr: 0.000329
[2023-03-05 22:35:02] PRINT [03/05 22:35:02 graph]: #Test_f1: 0.8614±0.0431
[2023-03-05 22:35:02] PRINT [03/05 22:35:02 graph]: Epoch 3: get test f1 score:  0.861
[2023-03-05 22:35:02] PRINT [03/05 22:35:02 graph]: best_f1 0.862 at epoch 2
[2023-03-05 22:35:02] PRINT [03/05 22:35:02 graph]: Epoch 4 | train_loss: 0.3439 | lr: 0.000329
[2023-03-05 22:35:05] PRINT [03/05 22:35:05 graph]: #Test_f1: 0.8512±0.0612
[2023-03-05 22:35:05] PRINT [03/05 22:35:05 graph]: Epoch 4: get test f1 score:  0.851
[2023-03-05 22:35:05] PRINT [03/05 22:35:05 graph]: best_f1 0.862 at epoch 2
[2023-03-05 22:35:06] PRINT [03/05 22:35:06 graph]: Epoch 5 | train_loss: 0.3287 | lr: 0.000329
[2023-03-05 22:35:08] PRINT [03/05 22:35:08 graph]: #Test_f1: 0.8728±0.0679
[2023-03-05 22:35:08] PRINT [03/05 22:35:08 graph]: Epoch 5: get test f1 score:  0.873
[2023-03-05 22:35:08] PRINT [03/05 22:35:08 graph]: best_f1 0.873 at epoch 5
[2023-03-05 22:35:09] PRINT [03/05 22:35:09 graph]: Epoch 6 | train_loss: 0.3081 | lr: 0.000329
[2023-03-05 22:35:11] PRINT [03/05 22:35:11 graph]: #Test_f1: 0.8456±0.0558
[2023-03-05 22:35:12] PRINT [03/05 22:35:12 graph]: Epoch 6: get test f1 score:  0.846
[2023-03-05 22:35:12] PRINT [03/05 22:35:12 graph]: best_f1 0.873 at epoch 5
[2023-03-05 22:35:12] PRINT [03/05 22:35:12 graph]: Epoch 7 | train_loss: 0.2962 | lr: 0.000329
[2023-03-05 22:35:15] PRINT [03/05 22:35:15 graph]: #Test_f1: 0.8620±0.0714
[2023-03-05 22:35:15] PRINT [03/05 22:35:15 graph]: Epoch 7: get test f1 score:  0.862
[2023-03-05 22:35:15] PRINT [03/05 22:35:15 graph]: best_f1 0.873 at epoch 5
[2023-03-05 22:35:15] PRINT [03/05 22:35:15 graph]: Epoch 8 | train_loss: 0.2618 | lr: 0.000329
[2023-03-05 22:35:18] PRINT [03/05 22:35:18 graph]: #Test_f1: 0.8401±0.0685
[2023-03-05 22:35:18] PRINT [03/05 22:35:18 graph]: Epoch 8: get test f1 score:  0.840
[2023-03-05 22:35:18] PRINT [03/05 22:35:18 graph]: best_f1 0.873 at epoch 5
[2023-03-05 22:35:18] PRINT [03/05 22:35:18 graph]: Epoch 9 | train_loss: 0.2625 | lr: 0.000329
[2023-03-05 22:35:21] PRINT [03/05 22:35:21 graph]: #Test_f1: 0.8351±0.0555
[2023-03-05 22:35:21] PRINT [03/05 22:35:21 graph]: Epoch 9: get test f1 score:  0.835
[2023-03-05 22:35:21] PRINT [03/05 22:35:21 graph]: best_f1 0.873 at epoch 5
[2023-03-05 22:35:21] PRINT [03/05 22:35:21 graph]: Epoch 10 | train_loss: 0.2566 | lr: 0.000329
[2023-03-05 22:35:24] PRINT [03/05 22:35:24 graph]: #Test_f1: 0.8561±0.0487
[2023-03-05 22:35:24] PRINT [03/05 22:35:24 graph]: Epoch 10: get test f1 score:  0.856
[2023-03-05 22:35:24] PRINT [03/05 22:35:24 graph]: best_f1 0.873 at epoch 5
[2023-03-05 22:35:24] PRINT [03/05 22:35:24 graph]: Epoch 11 | train_loss: 0.2589 | lr: 0.000329
[2023-03-05 22:35:27] PRINT [03/05 22:35:27 graph]: #Test_f1: 0.8401±0.0353
[2023-03-05 22:35:27] PRINT [03/05 22:35:27 graph]: Epoch 11: get test f1 score:  0.840
[2023-03-05 22:35:27] PRINT [03/05 22:35:27 graph]: best_f1 0.873 at epoch 5
[2023-03-05 22:35:28] PRINT [03/05 22:35:28 graph]: Epoch 12 | train_loss: 0.2432 | lr: 0.000329
[2023-03-05 22:35:30] PRINT [03/05 22:35:30 graph]: #Test_f1: 0.8518±0.0730
[2023-03-05 22:35:31] PRINT [03/05 22:35:31 graph]: Epoch 12: get test f1 score:  0.852
[2023-03-05 22:35:31] PRINT [03/05 22:35:31 graph]: best_f1 0.873 at epoch 5
[2023-03-05 22:35:31] PRINT [03/05 22:35:31 graph]: Epoch 13 | train_loss: 0.2421 | lr: 0.000329
[2023-03-05 22:35:33] PRINT [03/05 22:35:33 graph]: #Test_f1: 0.8509±0.0661
[2023-03-05 22:35:34] PRINT [03/05 22:35:34 graph]: Epoch 13: get test f1 score:  0.851
[2023-03-05 22:35:34] PRINT [03/05 22:35:34 graph]: best_f1 0.873 at epoch 5
[2023-03-05 22:35:34] PRINT [03/05 22:35:34 graph]: Epoch 14 | train_loss: 0.2242 | lr: 0.000329
[2023-03-05 22:35:36] PRINT [03/05 22:35:36 graph]: #Test_f1: 0.8351±0.0688
[2023-03-05 22:35:37] PRINT [03/05 22:35:37 graph]: Epoch 14: get test f1 score:  0.835
[2023-03-05 22:35:37] PRINT [03/05 22:35:37 graph]: best_f1 0.873 at epoch 5
[2023-03-05 22:35:37] PRINT [03/05 22:35:37 graph]: Epoch 15 | train_loss: 0.2307 | lr: 0.000329
[2023-03-05 22:35:40] PRINT [03/05 22:35:40 graph]: #Test_f1: 0.8459±0.0546
[2023-03-05 22:35:40] PRINT [03/05 22:35:40 graph]: Epoch 15: get test f1 score:  0.846
[2023-03-05 22:35:40] PRINT [03/05 22:35:40 graph]: best_f1 0.873 at epoch 5
[2023-03-05 22:35:40] PRINT [03/05 22:35:40 graph]: Epoch 16 | train_loss: 0.2164 | lr: 0.000329
[2023-03-05 22:35:43] PRINT [03/05 22:35:43 graph]: #Test_f1: 0.8354±0.0719
[2023-03-05 22:35:43] PRINT [03/05 22:35:43 graph]: Epoch 16: get test f1 score:  0.835
[2023-03-05 22:35:43] PRINT [03/05 22:35:43 graph]: best_f1 0.873 at epoch 5
[2023-03-05 22:35:44] PRINT [03/05 22:35:44 graph]: Epoch 17 | train_loss: 0.2115 | lr: 0.000329
[2023-03-05 22:35:46] PRINT [03/05 22:35:46 graph]: #Test_f1: 0.8515±0.0696
[2023-03-05 22:35:46] PRINT [03/05 22:35:46 graph]: Epoch 17: get test f1 score:  0.851
[2023-03-05 22:35:46] PRINT [03/05 22:35:46 graph]: best_f1 0.873 at epoch 5
[2023-03-05 22:35:47] PRINT [03/05 22:35:47 graph]: Epoch 18 | train_loss: 0.2053 | lr: 0.000329
[2023-03-05 22:35:49] PRINT [03/05 22:35:49 graph]: #Test_f1: 0.8354±0.0592
[2023-03-05 22:35:49] PRINT [03/05 22:35:49 graph]: Epoch 18: get test f1 score:  0.835
[2023-03-05 22:35:49] PRINT [03/05 22:35:49 graph]: best_f1 0.873 at epoch 5
[2023-03-05 22:35:50] PRINT [03/05 22:35:50 graph]: Epoch 19 | train_loss: 0.2170 | lr: 0.000329
[2023-03-05 22:35:52] PRINT [03/05 22:35:52 graph]: #Test_f1: 0.8456±0.0650
[2023-03-05 22:35:53] PRINT [03/05 22:35:53 graph]: Epoch 19: get test f1 score:  0.846
[2023-03-05 22:35:53] PRINT [03/05 22:35:53 graph]: best_f1 0.873 at epoch 5
[2023-03-05 22:35:53] PRINT [03/05 22:35:53 graph]: Epoch 20 | train_loss: 0.2048 | lr: 0.000329
[2023-03-05 22:35:55] PRINT [03/05 22:35:55 graph]: #Test_f1: 0.8567±0.0572
[2023-03-05 22:35:56] PRINT [03/05 22:35:56 graph]: Epoch 20: get test f1 score:  0.857
[2023-03-05 22:35:56] PRINT [03/05 22:35:56 graph]: best_f1 0.873 at epoch 5
[2023-03-05 22:35:56] PRINT [03/05 22:35:56 graph]: Epoch 21 | train_loss: 0.1946 | lr: 0.000329
[2023-03-05 22:35:58] PRINT [03/05 22:35:58 graph]: #Test_f1: 0.8509±0.0464
[2023-03-05 22:35:59] PRINT [03/05 22:35:59 graph]: Epoch 21: get test f1 score:  0.851
[2023-03-05 22:35:59] PRINT [03/05 22:35:59 graph]: best_f1 0.873 at epoch 5
[2023-03-05 22:35:59] PRINT [03/05 22:35:59 graph]: Epoch 22 | train_loss: 0.1862 | lr: 0.000329
[2023-03-05 22:36:01] PRINT [03/05 22:36:01 graph]: #Test_f1: 0.8298±0.0565
[2023-03-05 22:36:02] PRINT [03/05 22:36:02 graph]: Epoch 22: get test f1 score:  0.830
[2023-03-05 22:36:02] PRINT [03/05 22:36:02 graph]: best_f1 0.873 at epoch 5
[2023-03-05 22:36:02] PRINT [03/05 22:36:02 graph]: Epoch 23 | train_loss: 0.1987 | lr: 0.000329
[2023-03-05 22:36:04] PRINT [03/05 22:36:04 graph]: #Test_f1: 0.8515±0.0606
[2023-03-05 22:36:05] PRINT [03/05 22:36:05 graph]: Epoch 23: get test f1 score:  0.851
[2023-03-05 22:36:05] PRINT [03/05 22:36:05 graph]: best_f1 0.873 at epoch 5
[2023-03-05 22:36:05] PRINT [03/05 22:36:05 graph]: Epoch 24 | train_loss: 0.1878 | lr: 0.000329
[2023-03-05 22:36:07] PRINT [03/05 22:36:07 graph]: #Test_f1: 0.8512±0.0735
[2023-03-05 22:36:08] PRINT [03/05 22:36:08 graph]: Epoch 24: get test f1 score:  0.851
[2023-03-05 22:36:08] PRINT [03/05 22:36:08 graph]: best_f1 0.873 at epoch 5
[2023-03-05 22:36:08] PRINT [03/05 22:36:08 graph]: Epoch 25 | train_loss: 0.1850 | lr: 0.000329
[2023-03-05 22:36:10] PRINT [03/05 22:36:10 graph]: #Test_f1: 0.8512±0.0565
[2023-03-05 22:36:11] PRINT [03/05 22:36:11 graph]: Epoch 25: get test f1 score:  0.851
[2023-03-05 22:36:11] PRINT [03/05 22:36:11 graph]: best_f1 0.873 at epoch 5
[2023-03-05 22:36:11] PRINT [03/05 22:36:11 graph]: Epoch 26 | train_loss: 0.1945 | lr: 0.000329
[2023-03-05 22:36:14] PRINT [03/05 22:36:14 graph]: #Test_f1: 0.8406±0.0521
[2023-03-05 22:36:14] PRINT [03/05 22:36:14 graph]: Epoch 26: get test f1 score:  0.841
[2023-03-05 22:36:14] PRINT [03/05 22:36:14 graph]: best_f1 0.873 at epoch 5
[2023-03-05 22:36:14] PRINT [03/05 22:36:14 graph]: Epoch 27 | train_loss: 0.1801 | lr: 0.000329
[2023-03-05 22:36:17] PRINT [03/05 22:36:17 graph]: #Test_f1: 0.8459±0.0493
[2023-03-05 22:36:17] PRINT [03/05 22:36:17 graph]: Epoch 27: get test f1 score:  0.846
[2023-03-05 22:36:17] PRINT [03/05 22:36:17 graph]: best_f1 0.873 at epoch 5
[2023-03-05 22:36:18] PRINT [03/05 22:36:18 graph]: Epoch 28 | train_loss: 0.1817 | lr: 0.000329
[2023-03-05 22:36:20] PRINT [03/05 22:36:20 graph]: #Test_f1: 0.8564±0.0473
[2023-03-05 22:36:21] PRINT [03/05 22:36:21 graph]: Epoch 28: get test f1 score:  0.856
[2023-03-05 22:36:21] PRINT [03/05 22:36:21 graph]: best_f1 0.873 at epoch 5
[2023-03-05 22:36:21] PRINT [03/05 22:36:21 graph]: Epoch 29 | train_loss: 0.1755 | lr: 0.000329
[2023-03-05 22:36:23] PRINT [03/05 22:36:23 graph]: #Test_f1: 0.8673±0.0634
[2023-03-05 22:36:24] PRINT [03/05 22:36:24 graph]: Epoch 29: get test f1 score:  0.867
[2023-03-05 22:36:24] PRINT [03/05 22:36:24 graph]: best_f1 0.873 at epoch 5
[2023-03-05 22:36:24] PRINT [03/05 22:36:24 graph]: Epoch 30 | train_loss: 0.1691 | lr: 0.000329
[2023-03-05 22:36:26] PRINT [03/05 22:36:26 graph]: #Test_f1: 0.8456±0.0500
[2023-03-05 22:36:27] PRINT [03/05 22:36:27 graph]: Epoch 30: get test f1 score:  0.846
[2023-03-05 22:36:27] PRINT [03/05 22:36:27 graph]: best_f1 0.873 at epoch 5
[2023-03-05 22:36:27] PRINT [03/05 22:36:27 graph]: Epoch 31 | train_loss: 0.1774 | lr: 0.000329
[2023-03-05 22:36:30] PRINT [03/05 22:36:30 graph]: #Test_f1: 0.8509±0.0400
[2023-03-05 22:36:30] PRINT [03/05 22:36:30 graph]: Epoch 31: get test f1 score:  0.851
[2023-03-05 22:36:30] PRINT [03/05 22:36:30 graph]: best_f1 0.873 at epoch 5
[2023-03-05 22:36:30] PRINT [03/05 22:36:30 graph]: Epoch 32 | train_loss: 0.1701 | lr: 0.000329
[2023-03-05 22:36:33] PRINT [03/05 22:36:33 graph]: #Test_f1: 0.8784±0.0667
[2023-03-05 22:36:33] PRINT [03/05 22:36:33 graph]: Epoch 32: get test f1 score:  0.878
[2023-03-05 22:36:33] PRINT [03/05 22:36:33 graph]: best_f1 0.878 at epoch 32
[2023-03-05 22:36:34] PRINT [03/05 22:36:34 graph]: Epoch 33 | train_loss: 0.1716 | lr: 0.000329
[2023-03-05 22:36:36] PRINT [03/05 22:36:36 graph]: #Test_f1: 0.8456±0.0558
[2023-03-05 22:36:36] PRINT [03/05 22:36:36 graph]: Epoch 33: get test f1 score:  0.846
[2023-03-05 22:36:36] PRINT [03/05 22:36:36 graph]: best_f1 0.878 at epoch 32
[2023-03-05 22:36:37] PRINT [03/05 22:36:37 graph]: Epoch 34 | train_loss: 0.1734 | lr: 0.000329
[2023-03-05 22:36:39] PRINT [03/05 22:36:39 graph]: #Test_f1: 0.8667±0.0496
[2023-03-05 22:36:40] PRINT [03/05 22:36:40 graph]: Epoch 34: get test f1 score:  0.867
[2023-03-05 22:36:40] PRINT [03/05 22:36:40 graph]: best_f1 0.878 at epoch 32
[2023-03-05 22:36:40] PRINT [03/05 22:36:40 graph]: Epoch 35 | train_loss: 0.1732 | lr: 0.000329
[2023-03-05 22:36:42] PRINT [03/05 22:36:42 graph]: #Test_f1: 0.8620±0.0586
[2023-03-05 22:36:43] PRINT [03/05 22:36:43 graph]: Epoch 35: get test f1 score:  0.862
[2023-03-05 22:36:43] PRINT [03/05 22:36:43 graph]: best_f1 0.878 at epoch 32
[2023-03-05 22:36:43] PRINT [03/05 22:36:43 graph]: Epoch 36 | train_loss: 0.1725 | lr: 0.000329
[2023-03-05 22:36:46] PRINT [03/05 22:36:46 graph]: #Test_f1: 0.8775±0.0345
[2023-03-05 22:36:46] PRINT [03/05 22:36:46 graph]: Epoch 36: get test f1 score:  0.877
[2023-03-05 22:36:46] PRINT [03/05 22:36:46 graph]: best_f1 0.878 at epoch 32
[2023-03-05 22:36:46] PRINT [03/05 22:36:46 graph]: Epoch 37 | train_loss: 0.1652 | lr: 0.000329
[2023-03-05 22:36:49] PRINT [03/05 22:36:49 graph]: #Test_f1: 0.8722±0.0486
[2023-03-05 22:36:49] PRINT [03/05 22:36:49 graph]: Epoch 37: get test f1 score:  0.872
[2023-03-05 22:36:49] PRINT [03/05 22:36:49 graph]: best_f1 0.878 at epoch 32
[2023-03-05 22:36:49] PRINT [03/05 22:36:49 graph]: Epoch 38 | train_loss: 0.1668 | lr: 0.000329
[2023-03-05 22:36:52] PRINT [03/05 22:36:52 graph]: #Test_f1: 0.8190±0.0427
[2023-03-05 22:36:52] PRINT [03/05 22:36:52 graph]: Epoch 38: get test f1 score:  0.819
[2023-03-05 22:36:52] PRINT [03/05 22:36:52 graph]: best_f1 0.878 at epoch 32
[2023-03-05 22:36:52] PRINT [03/05 22:36:52 graph]: Epoch 39 | train_loss: 0.1644 | lr: 0.000329
[2023-03-05 22:36:55] PRINT [03/05 22:36:55 graph]: #Test_f1: 0.8936±0.0471
[2023-03-05 22:36:55] PRINT [03/05 22:36:55 graph]: Epoch 39: get test f1 score:  0.894
[2023-03-05 22:36:55] PRINT [03/05 22:36:55 graph]: best_f1 0.894 at epoch 39
[2023-03-05 22:36:56] PRINT [03/05 22:36:56 graph]: Epoch 40 | train_loss: 0.1730 | lr: 0.000329
[2023-03-05 22:36:58] PRINT [03/05 22:36:58 graph]: #Test_f1: 0.8673±0.0629
[2023-03-05 22:36:59] PRINT [03/05 22:36:59 graph]: Epoch 40: get test f1 score:  0.867
[2023-03-05 22:36:59] PRINT [03/05 22:36:59 graph]: best_f1 0.894 at epoch 39
[2023-03-05 22:36:59] PRINT [03/05 22:36:59 graph]: Epoch 41 | train_loss: 0.1788 | lr: 0.000329
[2023-03-05 22:37:02] PRINT [03/05 22:37:02 graph]: #Test_f1: 0.8614±0.0431
[2023-03-05 22:37:02] PRINT [03/05 22:37:02 graph]: Epoch 41: get test f1 score:  0.861
[2023-03-05 22:37:02] PRINT [03/05 22:37:02 graph]: best_f1 0.894 at epoch 39
[2023-03-05 22:37:02] PRINT [03/05 22:37:02 graph]: Epoch 42 | train_loss: 0.1799 | lr: 0.000329
[2023-03-05 22:37:05] PRINT [03/05 22:37:05 graph]: #Test_f1: 0.8351±0.0555
[2023-03-05 22:37:05] PRINT [03/05 22:37:05 graph]: Epoch 42: get test f1 score:  0.835
[2023-03-05 22:37:05] PRINT [03/05 22:37:05 graph]: best_f1 0.894 at epoch 39
[2023-03-05 22:37:05] PRINT [03/05 22:37:05 graph]: Epoch 43 | train_loss: 0.1717 | lr: 0.000329
[2023-03-05 22:37:08] PRINT [03/05 22:37:08 graph]: #Test_f1: 0.8295±0.0575
[2023-03-05 22:37:08] PRINT [03/05 22:37:08 graph]: Epoch 43: get test f1 score:  0.830
[2023-03-05 22:37:08] PRINT [03/05 22:37:08 graph]: best_f1 0.894 at epoch 39
[2023-03-05 22:37:09] PRINT [03/05 22:37:09 graph]: Epoch 44 | train_loss: 0.1757 | lr: 0.000329
[2023-03-05 22:37:11] PRINT [03/05 22:37:11 graph]: #Test_f1: 0.8404±0.0472
[2023-03-05 22:37:12] PRINT [03/05 22:37:12 graph]: Epoch 44: get test f1 score:  0.840
[2023-03-05 22:37:12] PRINT [03/05 22:37:12 graph]: best_f1 0.894 at epoch 39
[2023-03-05 22:37:12] PRINT [03/05 22:37:12 graph]: Epoch 45 | train_loss: 0.1701 | lr: 0.000329
[2023-03-05 22:37:15] PRINT [03/05 22:37:15 graph]: #Test_f1: 0.8240±0.0547
[2023-03-05 22:37:15] PRINT [03/05 22:37:15 graph]: Epoch 45: get test f1 score:  0.824
[2023-03-05 22:37:15] PRINT [03/05 22:37:15 graph]: best_f1 0.894 at epoch 39
[2023-03-05 22:37:15] PRINT [03/05 22:37:15 graph]: Epoch 46 | train_loss: 0.1707 | lr: 0.000329
[2023-03-05 22:37:18] PRINT [03/05 22:37:18 graph]: #Test_f1: 0.8453±0.0611
[2023-03-05 22:37:18] PRINT [03/05 22:37:18 graph]: Epoch 46: get test f1 score:  0.845
[2023-03-05 22:37:18] PRINT [03/05 22:37:18 graph]: best_f1 0.894 at epoch 39
[2023-03-05 22:37:18] PRINT [03/05 22:37:18 graph]: Epoch 47 | train_loss: 0.1728 | lr: 0.000329
[2023-03-05 22:37:21] PRINT [03/05 22:37:21 graph]: #Test_f1: 0.8567±0.0465
[2023-03-05 22:37:21] PRINT [03/05 22:37:21 graph]: Epoch 47: get test f1 score:  0.857
[2023-03-05 22:37:21] PRINT [03/05 22:37:21 graph]: best_f1 0.894 at epoch 39
[2023-03-05 22:37:22] PRINT [03/05 22:37:22 graph]: Epoch 48 | train_loss: 0.1682 | lr: 0.000329
[2023-03-05 22:37:24] PRINT [03/05 22:37:24 graph]: #Test_f1: 0.8670±0.0427
[2023-03-05 22:37:24] PRINT [03/05 22:37:24 graph]: Epoch 48: get test f1 score:  0.867
[2023-03-05 22:37:24] PRINT [03/05 22:37:24 graph]: best_f1 0.894 at epoch 39
[2023-03-05 22:37:25] PRINT [03/05 22:37:25 graph]: Epoch 49 | train_loss: 0.1696 | lr: 0.000329
[2023-03-05 22:37:27] PRINT [03/05 22:37:27 graph]: #Test_f1: 0.8930±0.0545
[2023-03-05 22:37:28] PRINT [03/05 22:37:28 graph]: Epoch 49: get test f1 score:  0.893
[2023-03-05 22:37:28] PRINT [03/05 22:37:28 graph]: best_f1 0.894 at epoch 39
[2023-03-05 22:37:28] PRINT [03/05 22:37:28 graph]: # final_acc: 0.8936±0.0000
