[2023-03-18 03:30:13] PRINT ---new cfg------
[2023-03-18 03:30:13] PRINT {'DATA': {'data_name': 'cora'}, 'DATALOADER': {'NUM_WORKERS': 0}, 'MODEL': {'num_hidden': 1024, 'num_layers': 2, 'nhead': 4, 'activation': 'prelu', 'attn_drop': 0.1, 'feat_drop': 0.3, 'norm': 'layernorm', 'pooler': 'mean', 'beta_schedule': 'sigmoid', 'beta_1': 0.00013118114284910962, 'beta_T': 0.07441441401418435, 'T': 641, 'alpha_l': 3}, 'SOLVER': {'optim_type': 'adam', 'optim_type_f': 'adamw', 'alpha': 1, 'decay': 30, 'LR': 0.00020623898974631518, 'LR_f': 0.009031943287025328, 'weight_decay': 0, 'weight_decay_f': 0.00011497697565194586, 'MAX_EPOCH': 100, 'max_epoch_f': 100}, 'DEVICE': 'cuda', 'seeds': [0], 'eval_T': [50, 100, 200], 'output_dir': '/ddm-nni/Cora/log', 'checkpoint_dir': '/ddm-nni/Cora/log/checkpoint'}
[2023-03-18 03:30:13] PRINT [03/18 03:30:13 graph]: Rank of current process: 0. World size: 1
[2023-03-18 03:30:17] PRINT [03/18 03:30:17 graph]: Environment info:
[2023-03-18 03:30:17] PRINT PyTorch version: 1.10.0+cu113
[2023-03-18 03:30:17] PRINT Is debug build: False
[2023-03-18 03:30:17] PRINT CUDA used to build PyTorch: 11.3
[2023-03-18 03:30:17] PRINT ROCM used to build PyTorch: N/A
[2023-03-18 03:30:17] PRINT 
[2023-03-18 03:30:17] PRINT OS: Ubuntu 20.04.3 LTS (x86_64)
[2023-03-18 03:30:17] PRINT GCC version: (Ubuntu 9.3.0-17ubuntu1~20.04) 9.3.0
[2023-03-18 03:30:17] PRINT Clang version: Could not collect
[2023-03-18 03:30:17] PRINT CMake version: version 3.16.3
[2023-03-18 03:30:17] PRINT Libc version: glibc-2.31
[2023-03-18 03:30:17] PRINT 
[2023-03-18 03:30:17] PRINT Python version: 3.8.10 (default, Jun  4 2021, 15:09:15)  [GCC 7.5.0] (64-bit runtime)
[2023-03-18 03:30:17] PRINT Python platform: Linux-5.4.0-90-generic-x86_64-with-glibc2.17
[2023-03-18 03:30:17] PRINT Is CUDA available: True
[2023-03-18 03:30:17] PRINT CUDA runtime version: 11.3.109
[2023-03-18 03:30:17] PRINT GPU models and configuration: GPU 0: NVIDIA GeForce RTX 3090
[2023-03-18 03:30:17] PRINT Nvidia driver version: 495.44
[2023-03-18 03:30:17] PRINT cuDNN version: Probably one of the following:
[2023-03-18 03:30:17] PRINT /usr/lib/x86_64-linux-gnu/libcudnn.so.8.2.0
[2023-03-18 03:30:17] PRINT /usr/lib/x86_64-linux-gnu/libcudnn_adv_infer.so.8.2.0
[2023-03-18 03:30:17] PRINT /usr/lib/x86_64-linux-gnu/libcudnn_adv_train.so.8.2.0
[2023-03-18 03:30:17] PRINT /usr/lib/x86_64-linux-gnu/libcudnn_cnn_infer.so.8.2.0
[2023-03-18 03:30:17] PRINT /usr/lib/x86_64-linux-gnu/libcudnn_cnn_train.so.8.2.0
[2023-03-18 03:30:17] PRINT /usr/lib/x86_64-linux-gnu/libcudnn_ops_infer.so.8.2.0
[2023-03-18 03:30:17] PRINT /usr/lib/x86_64-linux-gnu/libcudnn_ops_train.so.8.2.0
[2023-03-18 03:30:17] PRINT HIP runtime version: N/A
[2023-03-18 03:30:17] PRINT MIOpen runtime version: N/A
[2023-03-18 03:30:17] PRINT 
[2023-03-18 03:30:17] PRINT Versions of relevant libraries:
[2023-03-18 03:30:17] PRINT [pip3] numpy==1.23.5
[2023-03-18 03:30:17] PRINT [pip3] torch==1.10.0+cu113
[2023-03-18 03:30:17] PRINT [pip3] torchvision==0.11.1+cu113
[2023-03-18 03:30:17] PRINT [conda] blas                      1.0                         mkl    https://mirrors.ustc.edu.cn/anaconda/pkgs/main
[2023-03-18 03:30:17] PRINT [conda] mkl                       2021.4.0           h06a4308_640    https://mirrors.ustc.edu.cn/anaconda/pkgs/main
[2023-03-18 03:30:17] PRINT [conda] mkl-service               2.4.0            py38h7f8727e_0    https://mirrors.ustc.edu.cn/anaconda/pkgs/main
[2023-03-18 03:30:17] PRINT [conda] mkl_fft                   1.3.1            py38hd3c417c_0    https://mirrors.ustc.edu.cn/anaconda/pkgs/main
[2023-03-18 03:30:17] PRINT [conda] mkl_random                1.2.2            py38h51133e4_0    https://mirrors.ustc.edu.cn/anaconda/pkgs/main
[2023-03-18 03:30:17] PRINT [conda] numpy                     1.21.4                   pypi_0    pypi
[2023-03-18 03:30:17] PRINT [conda] numpy-base                1.23.5           py38h31eccc5_0    https://mirrors.ustc.edu.cn/anaconda/pkgs/main
[2023-03-18 03:30:17] PRINT [conda] torch                     1.10.0+cu113             pypi_0    pypi
[2023-03-18 03:30:17] PRINT [conda] torchvision               0.11.1+cu113             pypi_0    pypi
[2023-03-18 03:30:17] PRINT         Pillow (8.4.0)
[2023-03-18 03:30:17] PRINT [03/18 03:30:17 graph]: Command line arguments: Namespace(local_rank=0, resume=False, seed=1234, start_epoch=0)
[2023-03-18 03:30:17] PRINT   NumNodes: 2708
[2023-03-18 03:30:17] PRINT   NumEdges: 10556
[2023-03-18 03:30:17] PRINT   NumFeats: 1433
[2023-03-18 03:30:17] PRINT   NumClasses: 7
[2023-03-18 03:30:17] PRINT   NumTrainingSamples: 140
[2023-03-18 03:30:17] PRINT   NumValidationSamples: 500
[2023-03-18 03:30:17] PRINT   NumTestSamples: 1000
[2023-03-18 03:30:17] PRINT Done loading data from cached files.
[2023-03-18 03:30:17] PRINT [03/18 03:30:17 graph]: Run 0th for seed 0
[2023-03-18 03:30:17] PRINT [03/18 03:30:17 graph]: Total trainable params num : 30131695
[2023-03-18 03:30:21] PRINT [03/18 03:30:21 graph]: ----------Start Training----------
[2023-03-18 03:30:22] PRINT [03/18 03:30:22 graph]: start epoch 0.
[2023-03-18 03:30:22] PRINT [03/18 03:30:22 graph]: # Epoch 0: train_loss: 1.0043 | lr: 0.000206
[2023-03-18 03:30:22] PRINT [03/18 03:30:22 graph]: start epoch 1.
[2023-03-18 03:30:22] PRINT [03/18 03:30:22 graph]: # Epoch 1: train_loss: 0.7520 | lr: 0.000206
[2023-03-18 03:30:22] PRINT [03/18 03:30:22 graph]: start epoch 2.
[2023-03-18 03:30:22] PRINT [03/18 03:30:22 graph]: # Epoch 2: train_loss: 0.6100 | lr: 0.000206
[2023-03-18 03:30:22] PRINT [03/18 03:30:22 graph]: start epoch 3.
[2023-03-18 03:30:22] PRINT [03/18 03:30:22 graph]: # Epoch 3: train_loss: 0.5543 | lr: 0.000206
[2023-03-18 03:30:22] PRINT [03/18 03:30:22 graph]: start epoch 4.
[2023-03-18 03:30:22] PRINT [03/18 03:30:22 graph]: # Epoch 4: train_loss: 0.5292 | lr: 0.000206
[2023-03-18 03:30:22] PRINT [03/18 03:30:22 graph]: start epoch 5.
[2023-03-18 03:30:22] PRINT [03/18 03:30:22 graph]: # Epoch 5: train_loss: 0.5188 | lr: 0.000206
[2023-03-18 03:30:22] PRINT [03/18 03:30:22 graph]: start epoch 6.
[2023-03-18 03:30:22] PRINT [03/18 03:30:22 graph]: # Epoch 6: train_loss: 0.5160 | lr: 0.000206
[2023-03-18 03:30:22] PRINT [03/18 03:30:22 graph]: start epoch 7.
[2023-03-18 03:30:22] PRINT [03/18 03:30:22 graph]: # Epoch 7: train_loss: 0.5148 | lr: 0.000206
[2023-03-18 03:30:22] PRINT [03/18 03:30:22 graph]: start epoch 8.
[2023-03-18 03:30:22] PRINT [03/18 03:30:22 graph]: # Epoch 8: train_loss: 0.5131 | lr: 0.000206
[2023-03-18 03:30:22] PRINT [03/18 03:30:22 graph]: start epoch 9.
[2023-03-18 03:30:22] PRINT [03/18 03:30:22 graph]: # Epoch 9: train_loss: 0.5107 | lr: 0.000206
[2023-03-18 03:30:22] PRINT [03/18 03:30:22 graph]: start epoch 10.
[2023-03-18 03:30:22] PRINT [03/18 03:30:22 graph]: # Epoch 10: train_loss: 0.5082 | lr: 0.000206
[2023-03-18 03:30:22] PRINT [03/18 03:30:22 graph]: start epoch 11.
[2023-03-18 03:30:22] PRINT [03/18 03:30:22 graph]: # Epoch 11: train_loss: 0.5056 | lr: 0.000206
[2023-03-18 03:30:23] PRINT [03/18 03:30:23 graph]: --- Testf1: 0.76900, Best Valacc: 0.73400 in epoch 75 --- 
[2023-03-18 03:30:23] PRINT [03/18 03:30:23 graph]: Epoch 11: get test acc score:  0.769
[2023-03-18 03:30:23] PRINT [03/18 03:30:23 graph]: best_f1 0.769 at epoch 11
[2023-03-18 03:30:23] PRINT [03/18 03:30:23 graph]: start epoch 12.
[2023-03-18 03:30:23] PRINT [03/18 03:30:23 graph]: # Epoch 12: train_loss: 0.4997 | lr: 0.000206
[2023-03-18 03:30:24] PRINT [03/18 03:30:24 graph]: --- Testf1: 0.77900, Best Valacc: 0.73000 in epoch 71 --- 
[2023-03-18 03:30:24] PRINT [03/18 03:30:24 graph]: Epoch 12: get test acc score:  0.779
[2023-03-18 03:30:24] PRINT [03/18 03:30:24 graph]: best_f1 0.779 at epoch 12
[2023-03-18 03:30:24] PRINT [03/18 03:30:24 graph]: start epoch 13.
[2023-03-18 03:30:25] PRINT [03/18 03:30:25 graph]: # Epoch 13: train_loss: 0.4915 | lr: 0.000206
[2023-03-18 03:30:25] PRINT [03/18 03:30:25 graph]: --- Testf1: 0.76300, Best Valacc: 0.70800 in epoch 98 --- 
[2023-03-18 03:30:26] PRINT [03/18 03:30:26 graph]: Epoch 13: get test acc score:  0.763
[2023-03-18 03:30:26] PRINT [03/18 03:30:26 graph]: best_f1 0.779 at epoch 12
[2023-03-18 03:30:26] PRINT [03/18 03:30:26 graph]: start epoch 14.
[2023-03-18 03:30:26] PRINT [03/18 03:30:26 graph]: # Epoch 14: train_loss: 0.5848 | lr: 0.000206
[2023-03-18 03:30:27] PRINT [03/18 03:30:27 graph]: --- Testf1: 0.76600, Best Valacc: 0.72600 in epoch 42 --- 
[2023-03-18 03:30:27] PRINT [03/18 03:30:27 graph]: Epoch 14: get test acc score:  0.766
[2023-03-18 03:30:27] PRINT [03/18 03:30:27 graph]: best_f1 0.779 at epoch 12
[2023-03-18 03:30:27] PRINT [03/18 03:30:27 graph]: start epoch 15.
[2023-03-18 03:30:27] PRINT [03/18 03:30:27 graph]: # Epoch 15: train_loss: 0.4948 | lr: 0.000206
[2023-03-18 03:30:28] PRINT [03/18 03:30:28 graph]: --- Testf1: 0.74700, Best Valacc: 0.70000 in epoch 73 --- 
[2023-03-18 03:30:28] PRINT [03/18 03:30:28 graph]: Epoch 15: get test acc score:  0.747
[2023-03-18 03:30:28] PRINT [03/18 03:30:28 graph]: best_f1 0.779 at epoch 12
[2023-03-18 03:30:28] PRINT [03/18 03:30:28 graph]: start epoch 16.
[2023-03-18 03:30:28] PRINT [03/18 03:30:28 graph]: # Epoch 16: train_loss: 0.5026 | lr: 0.000206
[2023-03-18 03:30:29] PRINT [03/18 03:30:29 graph]: --- Testf1: 0.74600, Best Valacc: 0.69600 in epoch 66 --- 
[2023-03-18 03:30:29] PRINT [03/18 03:30:29 graph]: Epoch 16: get test acc score:  0.746
[2023-03-18 03:30:29] PRINT [03/18 03:30:29 graph]: best_f1 0.779 at epoch 12
[2023-03-18 03:30:29] PRINT [03/18 03:30:29 graph]: start epoch 17.
[2023-03-18 03:30:29] PRINT [03/18 03:30:29 graph]: # Epoch 17: train_loss: 0.5053 | lr: 0.000206
[2023-03-18 03:30:30] PRINT [03/18 03:30:30 graph]: --- Testf1: 0.75500, Best Valacc: 0.69400 in epoch 93 --- 
[2023-03-18 03:30:30] PRINT [03/18 03:30:30 graph]: Epoch 17: get test acc score:  0.755
[2023-03-18 03:30:30] PRINT [03/18 03:30:30 graph]: best_f1 0.779 at epoch 12
[2023-03-18 03:30:30] PRINT [03/18 03:30:30 graph]: start epoch 18.
[2023-03-18 03:30:30] PRINT [03/18 03:30:30 graph]: # Epoch 18: train_loss: 0.5059 | lr: 0.000206
[2023-03-18 03:30:31] PRINT [03/18 03:30:31 graph]: --- Testf1: 0.73700, Best Valacc: 0.71200 in epoch 76 --- 
[2023-03-18 03:30:31] PRINT [03/18 03:30:31 graph]: Epoch 18: get test acc score:  0.737
[2023-03-18 03:30:31] PRINT [03/18 03:30:31 graph]: best_f1 0.779 at epoch 12
[2023-03-18 03:30:31] PRINT [03/18 03:30:31 graph]: start epoch 19.
[2023-03-18 03:30:31] PRINT [03/18 03:30:31 graph]: # Epoch 19: train_loss: 0.5067 | lr: 0.000206
[2023-03-18 03:30:32] PRINT [03/18 03:30:32 graph]: --- Testf1: 0.75700, Best Valacc: 0.69800 in epoch 68 --- 
[2023-03-18 03:30:32] PRINT [03/18 03:30:32 graph]: Epoch 19: get test acc score:  0.757
[2023-03-18 03:30:32] PRINT [03/18 03:30:32 graph]: best_f1 0.779 at epoch 12
[2023-03-18 03:30:32] PRINT [03/18 03:30:32 graph]: start epoch 20.
[2023-03-18 03:30:33] PRINT [03/18 03:30:33 graph]: # Epoch 20: train_loss: 0.5058 | lr: 0.000206
[2023-03-18 03:30:33] PRINT [03/18 03:30:33 graph]: --- Testf1: 0.74300, Best Valacc: 0.70200 in epoch 89 --- 
[2023-03-18 03:30:34] PRINT [03/18 03:30:34 graph]: Epoch 20: get test acc score:  0.743
[2023-03-18 03:30:34] PRINT [03/18 03:30:34 graph]: best_f1 0.779 at epoch 12
[2023-03-18 03:30:34] PRINT [03/18 03:30:34 graph]: start epoch 21.
[2023-03-18 03:30:34] PRINT [03/18 03:30:34 graph]: # Epoch 21: train_loss: 0.5055 | lr: 0.000206
[2023-03-18 03:30:34] PRINT [03/18 03:30:34 graph]: --- Testf1: 0.74000, Best Valacc: 0.70000 in epoch 96 --- 
[2023-03-18 03:30:35] PRINT [03/18 03:30:35 graph]: Epoch 21: get test acc score:  0.740
[2023-03-18 03:30:35] PRINT [03/18 03:30:35 graph]: best_f1 0.779 at epoch 12
[2023-03-18 03:30:35] PRINT [03/18 03:30:35 graph]: start epoch 22.
[2023-03-18 03:30:35] PRINT [03/18 03:30:35 graph]: # Epoch 22: train_loss: 0.5050 | lr: 0.000206
[2023-03-18 03:30:36] PRINT [03/18 03:30:36 graph]: --- Testf1: 0.72300, Best Valacc: 0.68600 in epoch 75 --- 
[2023-03-18 03:30:36] PRINT [03/18 03:30:36 graph]: Epoch 22: get test acc score:  0.723
[2023-03-18 03:30:36] PRINT [03/18 03:30:36 graph]: best_f1 0.779 at epoch 12
[2023-03-18 03:30:36] PRINT [03/18 03:30:36 graph]: start epoch 23.
[2023-03-18 03:30:36] PRINT [03/18 03:30:36 graph]: # Epoch 23: train_loss: 0.5037 | lr: 0.000206
[2023-03-18 03:30:37] PRINT [03/18 03:30:37 graph]: --- Testf1: 0.73900, Best Valacc: 0.67200 in epoch 99 --- 
[2023-03-18 03:30:37] PRINT [03/18 03:30:37 graph]: Epoch 23: get test acc score:  0.739
[2023-03-18 03:30:37] PRINT [03/18 03:30:37 graph]: best_f1 0.779 at epoch 12
[2023-03-18 03:30:37] PRINT [03/18 03:30:37 graph]: start epoch 24.
[2023-03-18 03:30:37] PRINT [03/18 03:30:37 graph]: # Epoch 24: train_loss: 0.5038 | lr: 0.000206
[2023-03-18 03:30:38] PRINT [03/18 03:30:38 graph]: --- Testf1: 0.72800, Best Valacc: 0.69800 in epoch 94 --- 
[2023-03-18 03:30:38] PRINT [03/18 03:30:38 graph]: Epoch 24: get test acc score:  0.728
[2023-03-18 03:30:38] PRINT [03/18 03:30:38 graph]: best_f1 0.779 at epoch 12
[2023-03-18 03:30:38] PRINT [03/18 03:30:38 graph]: start epoch 25.
[2023-03-18 03:30:38] PRINT [03/18 03:30:38 graph]: # Epoch 25: train_loss: 0.5024 | lr: 0.000206
[2023-03-18 03:30:39] PRINT [03/18 03:30:39 graph]: --- Testf1: 0.73500, Best Valacc: 0.72600 in epoch 84 --- 
[2023-03-18 03:30:39] PRINT [03/18 03:30:39 graph]: Epoch 25: get test acc score:  0.735
[2023-03-18 03:30:39] PRINT [03/18 03:30:39 graph]: best_f1 0.779 at epoch 12
[2023-03-18 03:30:39] PRINT [03/18 03:30:39 graph]: start epoch 26.
[2023-03-18 03:30:39] PRINT [03/18 03:30:39 graph]: # Epoch 26: train_loss: 0.5015 | lr: 0.000206
[2023-03-18 03:30:40] PRINT [03/18 03:30:40 graph]: --- Testf1: 0.73400, Best Valacc: 0.67600 in epoch 83 --- 
[2023-03-18 03:30:40] PRINT [03/18 03:30:40 graph]: Epoch 26: get test acc score:  0.734
[2023-03-18 03:30:40] PRINT [03/18 03:30:40 graph]: best_f1 0.779 at epoch 12
[2023-03-18 03:30:40] PRINT [03/18 03:30:40 graph]: start epoch 27.
[2023-03-18 03:30:40] PRINT [03/18 03:30:40 graph]: # Epoch 27: train_loss: 0.5005 | lr: 0.000206
[2023-03-18 03:30:41] PRINT [03/18 03:30:41 graph]: --- Testf1: 0.73400, Best Valacc: 0.64800 in epoch 67 --- 
[2023-03-18 03:30:42] PRINT [03/18 03:30:42 graph]: Epoch 27: get test acc score:  0.734
[2023-03-18 03:30:42] PRINT [03/18 03:30:42 graph]: best_f1 0.779 at epoch 12
[2023-03-18 03:30:42] PRINT [03/18 03:30:42 graph]: start epoch 28.
[2023-03-18 03:30:42] PRINT [03/18 03:30:42 graph]: # Epoch 28: train_loss: 0.4983 | lr: 0.000206
[2023-03-18 03:30:42] PRINT [03/18 03:30:42 graph]: --- Testf1: 0.73500, Best Valacc: 0.68400 in epoch 69 --- 
[2023-03-18 03:30:43] PRINT [03/18 03:30:43 graph]: Epoch 28: get test acc score:  0.735
[2023-03-18 03:30:43] PRINT [03/18 03:30:43 graph]: best_f1 0.779 at epoch 12
[2023-03-18 03:30:43] PRINT [03/18 03:30:43 graph]: start epoch 29.
[2023-03-18 03:30:43] PRINT [03/18 03:30:43 graph]: # Epoch 29: train_loss: 0.4973 | lr: 0.000206
[2023-03-18 03:30:44] PRINT [03/18 03:30:44 graph]: --- Testf1: 0.75500, Best Valacc: 0.69400 in epoch 78 --- 
[2023-03-18 03:30:44] PRINT [03/18 03:30:44 graph]: Epoch 29: get test acc score:  0.755
[2023-03-18 03:30:44] PRINT [03/18 03:30:44 graph]: best_f1 0.779 at epoch 12
[2023-03-18 03:30:44] PRINT [03/18 03:30:44 graph]: start epoch 30.
[2023-03-18 03:30:44] PRINT [03/18 03:30:44 graph]: # Epoch 30: train_loss: 0.4944 | lr: 0.000206
[2023-03-18 03:30:45] PRINT [03/18 03:30:45 graph]: --- Testf1: 0.72800, Best Valacc: 0.67200 in epoch 90 --- 
[2023-03-18 03:30:45] PRINT [03/18 03:30:45 graph]: Epoch 30: get test acc score:  0.728
[2023-03-18 03:30:45] PRINT [03/18 03:30:45 graph]: best_f1 0.779 at epoch 12
[2023-03-18 03:30:45] PRINT [03/18 03:30:45 graph]: start epoch 31.
[2023-03-18 03:30:45] PRINT [03/18 03:30:45 graph]: # Epoch 31: train_loss: 0.4907 | lr: 0.000206
[2023-03-18 03:30:46] PRINT [03/18 03:30:46 graph]: --- Testf1: 0.73100, Best Valacc: 0.66600 in epoch 74 --- 
[2023-03-18 03:30:46] PRINT [03/18 03:30:46 graph]: Epoch 31: get test acc score:  0.731
[2023-03-18 03:30:46] PRINT [03/18 03:30:46 graph]: best_f1 0.779 at epoch 12
[2023-03-18 03:30:46] PRINT [03/18 03:30:46 graph]: start epoch 32.
[2023-03-18 03:30:46] PRINT [03/18 03:30:46 graph]: # Epoch 32: train_loss: 0.4896 | lr: 0.000206
[2023-03-18 03:30:47] PRINT [03/18 03:30:47 graph]: --- Testf1: 0.71200, Best Valacc: 0.65400 in epoch 84 --- 
[2023-03-18 03:30:47] PRINT [03/18 03:30:47 graph]: Epoch 32: get test acc score:  0.712
[2023-03-18 03:30:47] PRINT [03/18 03:30:47 graph]: best_f1 0.779 at epoch 12
[2023-03-18 03:30:47] PRINT [03/18 03:30:47 graph]: start epoch 33.
[2023-03-18 03:30:47] PRINT [03/18 03:30:47 graph]: # Epoch 33: train_loss: 0.4873 | lr: 0.000206
[2023-03-18 03:30:48] PRINT [03/18 03:30:48 graph]: --- Testf1: 0.73900, Best Valacc: 0.65600 in epoch 74 --- 
[2023-03-18 03:30:48] PRINT [03/18 03:30:48 graph]: Epoch 33: get test acc score:  0.739
[2023-03-18 03:30:48] PRINT [03/18 03:30:48 graph]: best_f1 0.779 at epoch 12
[2023-03-18 03:30:48] PRINT [03/18 03:30:48 graph]: start epoch 34.
[2023-03-18 03:30:48] PRINT [03/18 03:30:48 graph]: # Epoch 34: train_loss: 0.4832 | lr: 0.000206
[2023-03-18 03:30:49] PRINT [03/18 03:30:49 graph]: --- Testf1: 0.73400, Best Valacc: 0.66200 in epoch 69 --- 
[2023-03-18 03:30:49] PRINT [03/18 03:30:49 graph]: Epoch 34: get test acc score:  0.734
[2023-03-18 03:30:49] PRINT [03/18 03:30:49 graph]: best_f1 0.779 at epoch 12
[2023-03-18 03:30:49] PRINT [03/18 03:30:49 graph]: start epoch 35.
[2023-03-18 03:30:50] PRINT [03/18 03:30:50 graph]: # Epoch 35: train_loss: 0.4810 | lr: 0.000206
[2023-03-18 03:30:50] PRINT [03/18 03:30:50 graph]: --- Testf1: 0.74000, Best Valacc: 0.65800 in epoch 79 --- 
[2023-03-18 03:30:51] PRINT [03/18 03:30:51 graph]: Epoch 35: get test acc score:  0.740
[2023-03-18 03:30:51] PRINT [03/18 03:30:51 graph]: best_f1 0.779 at epoch 12
[2023-03-18 03:30:51] PRINT [03/18 03:30:51 graph]: start epoch 36.
[2023-03-18 03:30:51] PRINT [03/18 03:30:51 graph]: # Epoch 36: train_loss: 0.4777 | lr: 0.000206
[2023-03-18 03:30:51] PRINT [03/18 03:30:51 graph]: --- Testf1: 0.75300, Best Valacc: 0.69200 in epoch 97 --- 
[2023-03-18 03:30:52] PRINT [03/18 03:30:52 graph]: Epoch 36: get test acc score:  0.753
[2023-03-18 03:30:52] PRINT [03/18 03:30:52 graph]: best_f1 0.779 at epoch 12
[2023-03-18 03:30:52] PRINT [03/18 03:30:52 graph]: start epoch 37.
[2023-03-18 03:30:52] PRINT [03/18 03:30:52 graph]: # Epoch 37: train_loss: 0.4764 | lr: 0.000206
[2023-03-18 03:30:53] PRINT [03/18 03:30:53 graph]: --- Testf1: 0.73800, Best Valacc: 0.64400 in epoch 72 --- 
[2023-03-18 03:30:53] PRINT [03/18 03:30:53 graph]: Epoch 37: get test acc score:  0.738
[2023-03-18 03:30:53] PRINT [03/18 03:30:53 graph]: best_f1 0.779 at epoch 12
[2023-03-18 03:30:53] PRINT [03/18 03:30:53 graph]: start epoch 38.
[2023-03-18 03:30:53] PRINT [03/18 03:30:53 graph]: # Epoch 38: train_loss: 0.4709 | lr: 0.000206
[2023-03-18 03:30:54] PRINT [03/18 03:30:54 graph]: --- Testf1: 0.75400, Best Valacc: 0.68600 in epoch 94 --- 
[2023-03-18 03:30:54] PRINT [03/18 03:30:54 graph]: Epoch 38: get test acc score:  0.754
[2023-03-18 03:30:54] PRINT [03/18 03:30:54 graph]: best_f1 0.779 at epoch 12
[2023-03-18 03:30:54] PRINT [03/18 03:30:54 graph]: start epoch 39.
[2023-03-18 03:30:54] PRINT [03/18 03:30:54 graph]: # Epoch 39: train_loss: 0.4682 | lr: 0.000206
[2023-03-18 03:30:55] PRINT [03/18 03:30:55 graph]: --- Testf1: 0.74200, Best Valacc: 0.67600 in epoch 69 --- 
[2023-03-18 03:30:55] PRINT [03/18 03:30:55 graph]: Epoch 39: get test acc score:  0.742
[2023-03-18 03:30:55] PRINT [03/18 03:30:55 graph]: best_f1 0.779 at epoch 12
[2023-03-18 03:30:55] PRINT [03/18 03:30:55 graph]: start epoch 40.
[2023-03-18 03:30:55] PRINT [03/18 03:30:55 graph]: # Epoch 40: train_loss: 0.4649 | lr: 0.000206
[2023-03-18 03:30:56] PRINT [03/18 03:30:56 graph]: --- Testf1: 0.76500, Best Valacc: 0.68600 in epoch 91 --- 
[2023-03-18 03:30:56] PRINT [03/18 03:30:56 graph]: Epoch 40: get test acc score:  0.765
[2023-03-18 03:30:56] PRINT [03/18 03:30:56 graph]: best_f1 0.779 at epoch 12
[2023-03-18 03:30:56] PRINT [03/18 03:30:56 graph]: start epoch 41.
[2023-03-18 03:30:56] PRINT [03/18 03:30:56 graph]: # Epoch 41: train_loss: 0.4637 | lr: 0.000206
[2023-03-18 03:30:57] PRINT [03/18 03:30:57 graph]: --- Testf1: 0.75500, Best Valacc: 0.71600 in epoch 51 --- 
[2023-03-18 03:30:57] PRINT [03/18 03:30:57 graph]: Epoch 41: get test acc score:  0.755
[2023-03-18 03:30:57] PRINT [03/18 03:30:57 graph]: best_f1 0.779 at epoch 12
[2023-03-18 03:30:57] PRINT [03/18 03:30:57 graph]: start epoch 42.
[2023-03-18 03:30:57] PRINT [03/18 03:30:57 graph]: # Epoch 42: train_loss: 0.4595 | lr: 0.000206
[2023-03-18 03:30:58] PRINT [03/18 03:30:58 graph]: --- Testf1: 0.74200, Best Valacc: 0.70200 in epoch 57 --- 
[2023-03-18 03:30:59] PRINT [03/18 03:30:59 graph]: Epoch 42: get test acc score:  0.742
[2023-03-18 03:30:59] PRINT [03/18 03:30:59 graph]: best_f1 0.779 at epoch 12
[2023-03-18 03:30:59] PRINT [03/18 03:30:59 graph]: start epoch 43.
[2023-03-18 03:30:59] PRINT [03/18 03:30:59 graph]: # Epoch 43: train_loss: 0.4550 | lr: 0.000206
[2023-03-18 03:30:59] PRINT [03/18 03:30:59 graph]: --- Testf1: 0.73800, Best Valacc: 0.65600 in epoch 74 --- 
[2023-03-18 03:31:00] PRINT [03/18 03:31:00 graph]: Epoch 43: get test acc score:  0.738
[2023-03-18 03:31:00] PRINT [03/18 03:31:00 graph]: best_f1 0.779 at epoch 12
[2023-03-18 03:31:00] PRINT [03/18 03:31:00 graph]: start epoch 44.
[2023-03-18 03:31:00] PRINT [03/18 03:31:00 graph]: # Epoch 44: train_loss: 0.4540 | lr: 0.000206
[2023-03-18 03:31:01] PRINT [03/18 03:31:01 graph]: --- Testf1: 0.74000, Best Valacc: 0.69600 in epoch 59 --- 
[2023-03-18 03:31:01] PRINT [03/18 03:31:01 graph]: Epoch 44: get test acc score:  0.740
[2023-03-18 03:31:01] PRINT [03/18 03:31:01 graph]: best_f1 0.779 at epoch 12
[2023-03-18 03:31:01] PRINT [03/18 03:31:01 graph]: start epoch 45.
[2023-03-18 03:31:01] PRINT [03/18 03:31:01 graph]: # Epoch 45: train_loss: 0.4498 | lr: 0.000206
[2023-03-18 03:31:02] PRINT [03/18 03:31:02 graph]: --- Testf1: 0.75500, Best Valacc: 0.69600 in epoch 78 --- 
[2023-03-18 03:31:02] PRINT [03/18 03:31:02 graph]: Epoch 45: get test acc score:  0.755
[2023-03-18 03:31:02] PRINT [03/18 03:31:02 graph]: best_f1 0.779 at epoch 12
[2023-03-18 03:31:02] PRINT [03/18 03:31:02 graph]: start epoch 46.
[2023-03-18 03:31:02] PRINT [03/18 03:31:02 graph]: # Epoch 46: train_loss: 0.4485 | lr: 0.000206
[2023-03-18 03:31:03] PRINT [03/18 03:31:03 graph]: --- Testf1: 0.75000, Best Valacc: 0.69600 in epoch 83 --- 
[2023-03-18 03:31:03] PRINT [03/18 03:31:03 graph]: Epoch 46: get test acc score:  0.750
[2023-03-18 03:31:03] PRINT [03/18 03:31:03 graph]: best_f1 0.779 at epoch 12
[2023-03-18 03:31:03] PRINT [03/18 03:31:03 graph]: start epoch 47.
[2023-03-18 03:31:03] PRINT [03/18 03:31:03 graph]: # Epoch 47: train_loss: 0.4437 | lr: 0.000206
[2023-03-18 03:31:04] PRINT [03/18 03:31:04 graph]: --- Testf1: 0.74800, Best Valacc: 0.67200 in epoch 61 --- 
[2023-03-18 03:31:04] PRINT [03/18 03:31:04 graph]: Epoch 47: get test acc score:  0.748
[2023-03-18 03:31:04] PRINT [03/18 03:31:04 graph]: best_f1 0.779 at epoch 12
[2023-03-18 03:31:04] PRINT [03/18 03:31:04 graph]: start epoch 48.
[2023-03-18 03:31:04] PRINT [03/18 03:31:04 graph]: # Epoch 48: train_loss: 0.4424 | lr: 0.000206
[2023-03-18 03:31:05] PRINT [03/18 03:31:05 graph]: --- Testf1: 0.74700, Best Valacc: 0.66200 in epoch 55 --- 
[2023-03-18 03:31:06] PRINT [03/18 03:31:06 graph]: Epoch 48: get test acc score:  0.747
[2023-03-18 03:31:06] PRINT [03/18 03:31:06 graph]: best_f1 0.779 at epoch 12
[2023-03-18 03:31:06] PRINT [03/18 03:31:06 graph]: start epoch 49.
[2023-03-18 03:31:06] PRINT [03/18 03:31:06 graph]: # Epoch 49: train_loss: 0.4368 | lr: 0.000206
[2023-03-18 03:31:06] PRINT [03/18 03:31:06 graph]: --- Testf1: 0.75900, Best Valacc: 0.68800 in epoch 56 --- 
[2023-03-18 03:31:07] PRINT [03/18 03:31:07 graph]: Epoch 49: get test acc score:  0.759
[2023-03-18 03:31:07] PRINT [03/18 03:31:07 graph]: best_f1 0.779 at epoch 12
[2023-03-18 03:31:07] PRINT [03/18 03:31:07 graph]: start epoch 50.
[2023-03-18 03:31:07] PRINT [03/18 03:31:07 graph]: # Epoch 50: train_loss: 0.4357 | lr: 0.000206
[2023-03-18 03:31:08] PRINT [03/18 03:31:08 graph]: --- Testf1: 0.77000, Best Valacc: 0.69800 in epoch 84 --- 
[2023-03-18 03:31:08] PRINT [03/18 03:31:08 graph]: Epoch 50: get test acc score:  0.770
[2023-03-18 03:31:08] PRINT [03/18 03:31:08 graph]: best_f1 0.779 at epoch 12
[2023-03-18 03:31:08] PRINT [03/18 03:31:08 graph]: start epoch 51.
[2023-03-18 03:31:08] PRINT [03/18 03:31:08 graph]: # Epoch 51: train_loss: 0.4342 | lr: 0.000206
[2023-03-18 03:31:09] PRINT [03/18 03:31:09 graph]: --- Testf1: 0.78100, Best Valacc: 0.72400 in epoch 88 --- 
[2023-03-18 03:31:09] PRINT [03/18 03:31:09 graph]: Epoch 51: get test acc score:  0.781
[2023-03-18 03:31:09] PRINT [03/18 03:31:09 graph]: best_f1 0.781 at epoch 51
[2023-03-18 03:31:09] PRINT [03/18 03:31:09 graph]: start epoch 52.
[2023-03-18 03:31:09] PRINT [03/18 03:31:09 graph]: # Epoch 52: train_loss: 0.4294 | lr: 0.000206
[2023-03-18 03:31:10] PRINT [03/18 03:31:10 graph]: --- Testf1: 0.78100, Best Valacc: 0.69200 in epoch 52 --- 
[2023-03-18 03:31:10] PRINT [03/18 03:31:10 graph]: Epoch 52: get test acc score:  0.781
[2023-03-18 03:31:10] PRINT [03/18 03:31:10 graph]: best_f1 0.781 at epoch 51
[2023-03-18 03:31:10] PRINT [03/18 03:31:10 graph]: start epoch 53.
[2023-03-18 03:31:10] PRINT [03/18 03:31:10 graph]: # Epoch 53: train_loss: 0.4274 | lr: 0.000206
[2023-03-18 03:31:11] PRINT [03/18 03:31:11 graph]: --- Testf1: 0.77000, Best Valacc: 0.70400 in epoch 99 --- 
[2023-03-18 03:31:11] PRINT [03/18 03:31:11 graph]: Epoch 53: get test acc score:  0.770
[2023-03-18 03:31:11] PRINT [03/18 03:31:11 graph]: best_f1 0.781 at epoch 51
[2023-03-18 03:31:11] PRINT [03/18 03:31:11 graph]: start epoch 54.
[2023-03-18 03:31:12] PRINT [03/18 03:31:12 graph]: # Epoch 54: train_loss: 0.4256 | lr: 0.000206
[2023-03-18 03:31:12] PRINT [03/18 03:31:12 graph]: --- Testf1: 0.76800, Best Valacc: 0.72000 in epoch 77 --- 
[2023-03-18 03:31:13] PRINT [03/18 03:31:13 graph]: Epoch 54: get test acc score:  0.768
[2023-03-18 03:31:13] PRINT [03/18 03:31:13 graph]: best_f1 0.781 at epoch 51
[2023-03-18 03:31:13] PRINT [03/18 03:31:13 graph]: start epoch 55.
[2023-03-18 03:31:13] PRINT [03/18 03:31:13 graph]: # Epoch 55: train_loss: 0.4228 | lr: 0.000206
[2023-03-18 03:31:14] PRINT [03/18 03:31:14 graph]: --- Testf1: 0.78900, Best Valacc: 0.73000 in epoch 61 --- 
[2023-03-18 03:31:14] PRINT [03/18 03:31:14 graph]: Epoch 55: get test acc score:  0.789
[2023-03-18 03:31:14] PRINT [03/18 03:31:14 graph]: best_f1 0.789 at epoch 55
[2023-03-18 03:31:14] PRINT [03/18 03:31:14 graph]: start epoch 56.
[2023-03-18 03:31:14] PRINT [03/18 03:31:14 graph]: # Epoch 56: train_loss: 0.4197 | lr: 0.000206
[2023-03-18 03:31:15] PRINT [03/18 03:31:15 graph]: --- Testf1: 0.78800, Best Valacc: 0.71400 in epoch 99 --- 
[2023-03-18 03:31:15] PRINT [03/18 03:31:15 graph]: Epoch 56: get test acc score:  0.788
[2023-03-18 03:31:15] PRINT [03/18 03:31:15 graph]: best_f1 0.789 at epoch 55
[2023-03-18 03:31:15] PRINT [03/18 03:31:15 graph]: start epoch 57.
[2023-03-18 03:31:15] PRINT [03/18 03:31:15 graph]: # Epoch 57: train_loss: 0.4189 | lr: 0.000206
[2023-03-18 03:31:16] PRINT [03/18 03:31:16 graph]: --- Testf1: 0.80100, Best Valacc: 0.74600 in epoch 98 --- 
[2023-03-18 03:31:16] PRINT [03/18 03:31:16 graph]: Epoch 57: get test acc score:  0.801
[2023-03-18 03:31:16] PRINT [03/18 03:31:16 graph]: best_f1 0.801 at epoch 57
[2023-03-18 03:31:16] PRINT [03/18 03:31:16 graph]: start epoch 58.
[2023-03-18 03:31:16] PRINT [03/18 03:31:16 graph]: # Epoch 58: train_loss: 0.4133 | lr: 0.000206
[2023-03-18 03:31:17] PRINT [03/18 03:31:17 graph]: --- Testf1: 0.77600, Best Valacc: 0.73800 in epoch 48 --- 
[2023-03-18 03:31:17] PRINT [03/18 03:31:17 graph]: Epoch 58: get test acc score:  0.776
[2023-03-18 03:31:17] PRINT [03/18 03:31:17 graph]: best_f1 0.801 at epoch 57
[2023-03-18 03:31:17] PRINT [03/18 03:31:17 graph]: start epoch 59.
[2023-03-18 03:31:17] PRINT [03/18 03:31:17 graph]: # Epoch 59: train_loss: 0.4121 | lr: 0.000206
[2023-03-18 03:31:18] PRINT [03/18 03:31:18 graph]: --- Testf1: 0.78800, Best Valacc: 0.75000 in epoch 58 --- 
[2023-03-18 03:31:19] PRINT [03/18 03:31:19 graph]: Epoch 59: get test acc score:  0.788
[2023-03-18 03:31:19] PRINT [03/18 03:31:19 graph]: best_f1 0.801 at epoch 57
[2023-03-18 03:31:19] PRINT [03/18 03:31:19 graph]: start epoch 60.
[2023-03-18 03:31:19] PRINT [03/18 03:31:19 graph]: # Epoch 60: train_loss: 0.4086 | lr: 0.000206
[2023-03-18 03:31:20] PRINT [03/18 03:31:20 graph]: --- Testf1: 0.79100, Best Valacc: 0.72400 in epoch 77 --- 
[2023-03-18 03:31:20] PRINT [03/18 03:31:20 graph]: Epoch 60: get test acc score:  0.791
[2023-03-18 03:31:20] PRINT [03/18 03:31:20 graph]: best_f1 0.801 at epoch 57
[2023-03-18 03:31:20] PRINT [03/18 03:31:20 graph]: start epoch 61.
[2023-03-18 03:31:20] PRINT [03/18 03:31:20 graph]: # Epoch 61: train_loss: 0.4090 | lr: 0.000206
[2023-03-18 03:31:21] PRINT [03/18 03:31:21 graph]: --- Testf1: 0.77800, Best Valacc: 0.74800 in epoch 64 --- 
[2023-03-18 03:31:21] PRINT [03/18 03:31:21 graph]: Epoch 61: get test acc score:  0.778
[2023-03-18 03:31:21] PRINT [03/18 03:31:21 graph]: best_f1 0.801 at epoch 57
[2023-03-18 03:31:21] PRINT [03/18 03:31:21 graph]: start epoch 62.
[2023-03-18 03:31:21] PRINT [03/18 03:31:21 graph]: # Epoch 62: train_loss: 0.4051 | lr: 0.000206
[2023-03-18 03:31:22] PRINT [03/18 03:31:22 graph]: --- Testf1: 0.78600, Best Valacc: 0.70600 in epoch 99 --- 
[2023-03-18 03:31:22] PRINT [03/18 03:31:22 graph]: Epoch 62: get test acc score:  0.786
[2023-03-18 03:31:22] PRINT [03/18 03:31:22 graph]: best_f1 0.801 at epoch 57
[2023-03-18 03:31:22] PRINT [03/18 03:31:22 graph]: start epoch 63.
[2023-03-18 03:31:22] PRINT [03/18 03:31:22 graph]: # Epoch 63: train_loss: 0.4040 | lr: 0.000206
[2023-03-18 03:31:23] PRINT [03/18 03:31:23 graph]: --- Testf1: 0.79000, Best Valacc: 0.73000 in epoch 52 --- 
[2023-03-18 03:31:23] PRINT [03/18 03:31:23 graph]: Epoch 63: get test acc score:  0.790
[2023-03-18 03:31:23] PRINT [03/18 03:31:23 graph]: best_f1 0.801 at epoch 57
[2023-03-18 03:31:23] PRINT [03/18 03:31:23 graph]: start epoch 64.
[2023-03-18 03:31:23] PRINT [03/18 03:31:23 graph]: # Epoch 64: train_loss: 0.4032 | lr: 0.000206
[2023-03-18 03:31:24] PRINT [03/18 03:31:24 graph]: --- Testf1: 0.78200, Best Valacc: 0.72800 in epoch 80 --- 
[2023-03-18 03:31:25] PRINT [03/18 03:31:25 graph]: Epoch 64: get test acc score:  0.782
[2023-03-18 03:31:25] PRINT [03/18 03:31:25 graph]: best_f1 0.801 at epoch 57
[2023-03-18 03:31:25] PRINT [03/18 03:31:25 graph]: start epoch 65.
[2023-03-18 03:31:25] PRINT [03/18 03:31:25 graph]: # Epoch 65: train_loss: 0.4014 | lr: 0.000206
[2023-03-18 03:31:25] PRINT [03/18 03:31:25 graph]: --- Testf1: 0.79700, Best Valacc: 0.72600 in epoch 76 --- 
[2023-03-18 03:31:26] PRINT [03/18 03:31:26 graph]: Epoch 65: get test acc score:  0.797
[2023-03-18 03:31:26] PRINT [03/18 03:31:26 graph]: best_f1 0.801 at epoch 57
[2023-03-18 03:31:26] PRINT [03/18 03:31:26 graph]: start epoch 66.
[2023-03-18 03:31:26] PRINT [03/18 03:31:26 graph]: # Epoch 66: train_loss: 0.4041 | lr: 0.000206
[2023-03-18 03:31:27] PRINT [03/18 03:31:27 graph]: --- Testf1: 0.79800, Best Valacc: 0.72200 in epoch 46 --- 
[2023-03-18 03:31:27] PRINT [03/18 03:31:27 graph]: Epoch 66: get test acc score:  0.798
[2023-03-18 03:31:27] PRINT [03/18 03:31:27 graph]: best_f1 0.801 at epoch 57
[2023-03-18 03:31:27] PRINT [03/18 03:31:27 graph]: start epoch 67.
[2023-03-18 03:31:27] PRINT [03/18 03:31:27 graph]: # Epoch 67: train_loss: 0.4044 | lr: 0.000206
[2023-03-18 03:31:28] PRINT [03/18 03:31:28 graph]: --- Testf1: 0.79100, Best Valacc: 0.73400 in epoch 46 --- 
[2023-03-18 03:31:28] PRINT [03/18 03:31:28 graph]: Epoch 67: get test acc score:  0.791
[2023-03-18 03:31:28] PRINT [03/18 03:31:28 graph]: best_f1 0.801 at epoch 57
[2023-03-18 03:31:28] PRINT [03/18 03:31:28 graph]: start epoch 68.
[2023-03-18 03:31:28] PRINT [03/18 03:31:28 graph]: # Epoch 68: train_loss: 0.3974 | lr: 0.000206
[2023-03-18 03:31:29] PRINT [03/18 03:31:29 graph]: --- Testf1: 0.78800, Best Valacc: 0.71400 in epoch 73 --- 
[2023-03-18 03:31:29] PRINT [03/18 03:31:29 graph]: Epoch 68: get test acc score:  0.788
[2023-03-18 03:31:29] PRINT [03/18 03:31:29 graph]: best_f1 0.801 at epoch 57
[2023-03-18 03:31:29] PRINT [03/18 03:31:29 graph]: start epoch 69.
[2023-03-18 03:31:29] PRINT [03/18 03:31:29 graph]: # Epoch 69: train_loss: 0.4004 | lr: 0.000206
[2023-03-18 03:31:30] PRINT [03/18 03:31:30 graph]: --- Testf1: 0.78100, Best Valacc: 0.71200 in epoch 70 --- 
[2023-03-18 03:31:30] PRINT [03/18 03:31:30 graph]: Epoch 69: get test acc score:  0.781
[2023-03-18 03:31:30] PRINT [03/18 03:31:30 graph]: best_f1 0.801 at epoch 57
[2023-03-18 03:31:30] PRINT [03/18 03:31:30 graph]: start epoch 70.
[2023-03-18 03:31:30] PRINT [03/18 03:31:30 graph]: # Epoch 70: train_loss: 0.3969 | lr: 0.000206
[2023-03-18 03:31:31] PRINT [03/18 03:31:31 graph]: --- Testf1: 0.78900, Best Valacc: 0.74000 in epoch 54 --- 
[2023-03-18 03:31:32] PRINT [03/18 03:31:32 graph]: Epoch 70: get test acc score:  0.789
[2023-03-18 03:31:32] PRINT [03/18 03:31:32 graph]: best_f1 0.801 at epoch 57
[2023-03-18 03:31:32] PRINT [03/18 03:31:32 graph]: start epoch 71.
[2023-03-18 03:31:32] PRINT [03/18 03:31:32 graph]: # Epoch 71: train_loss: 0.4037 | lr: 0.000206
[2023-03-18 03:31:33] PRINT [03/18 03:31:33 graph]: --- Testf1: 0.78400, Best Valacc: 0.75200 in epoch 82 --- 
[2023-03-18 03:31:33] PRINT [03/18 03:31:33 graph]: Epoch 71: get test acc score:  0.784
[2023-03-18 03:31:33] PRINT [03/18 03:31:33 graph]: best_f1 0.801 at epoch 57
[2023-03-18 03:31:33] PRINT [03/18 03:31:33 graph]: start epoch 72.
[2023-03-18 03:31:33] PRINT [03/18 03:31:33 graph]: # Epoch 72: train_loss: 0.3930 | lr: 0.000206
[2023-03-18 03:31:34] PRINT [03/18 03:31:34 graph]: --- Testf1: 0.80700, Best Valacc: 0.73000 in epoch 45 --- 
[2023-03-18 03:31:34] PRINT [03/18 03:31:34 graph]: Epoch 72: get test acc score:  0.807
[2023-03-18 03:31:34] PRINT [03/18 03:31:34 graph]: best_f1 0.807 at epoch 72
[2023-03-18 03:31:34] PRINT [03/18 03:31:34 graph]: start epoch 73.
[2023-03-18 03:31:34] PRINT [03/18 03:31:34 graph]: # Epoch 73: train_loss: 0.4007 | lr: 0.000206
[2023-03-18 03:31:35] PRINT [03/18 03:31:35 graph]: --- Testf1: 0.79200, Best Valacc: 0.73000 in epoch 88 --- 
[2023-03-18 03:31:35] PRINT [03/18 03:31:35 graph]: Epoch 73: get test acc score:  0.792
[2023-03-18 03:31:35] PRINT [03/18 03:31:35 graph]: best_f1 0.807 at epoch 72
[2023-03-18 03:31:35] PRINT [03/18 03:31:35 graph]: start epoch 74.
[2023-03-18 03:31:35] PRINT [03/18 03:31:35 graph]: # Epoch 74: train_loss: 0.3933 | lr: 0.000206
[2023-03-18 03:31:36] PRINT [03/18 03:31:36 graph]: --- Testf1: 0.78200, Best Valacc: 0.72400 in epoch 67 --- 
[2023-03-18 03:31:36] PRINT [03/18 03:31:36 graph]: Epoch 74: get test acc score:  0.782
[2023-03-18 03:31:36] PRINT [03/18 03:31:36 graph]: best_f1 0.807 at epoch 72
[2023-03-18 03:31:36] PRINT [03/18 03:31:36 graph]: start epoch 75.
[2023-03-18 03:31:36] PRINT [03/18 03:31:36 graph]: # Epoch 75: train_loss: 0.3918 | lr: 0.000206
[2023-03-18 03:31:37] PRINT [03/18 03:31:37 graph]: --- Testf1: 0.78500, Best Valacc: 0.70600 in epoch 51 --- 
[2023-03-18 03:31:37] PRINT [03/18 03:31:37 graph]: Epoch 75: get test acc score:  0.785
[2023-03-18 03:31:37] PRINT [03/18 03:31:37 graph]: best_f1 0.807 at epoch 72
[2023-03-18 03:31:37] PRINT [03/18 03:31:37 graph]: start epoch 76.
[2023-03-18 03:31:37] PRINT [03/18 03:31:37 graph]: # Epoch 76: train_loss: 0.3919 | lr: 0.000206
[2023-03-18 03:31:38] PRINT [03/18 03:31:38 graph]: --- Testf1: 0.78300, Best Valacc: 0.73800 in epoch 51 --- 
[2023-03-18 03:31:39] PRINT [03/18 03:31:39 graph]: Epoch 76: get test acc score:  0.783
[2023-03-18 03:31:39] PRINT [03/18 03:31:39 graph]: best_f1 0.807 at epoch 72
[2023-03-18 03:31:39] PRINT [03/18 03:31:39 graph]: start epoch 77.
[2023-03-18 03:31:39] PRINT [03/18 03:31:39 graph]: # Epoch 77: train_loss: 0.3855 | lr: 0.000206
[2023-03-18 03:31:39] PRINT [03/18 03:31:39 graph]: --- Testf1: 0.80100, Best Valacc: 0.73800 in epoch 17 --- 
[2023-03-18 03:31:40] PRINT [03/18 03:31:40 graph]: Epoch 77: get test acc score:  0.801
[2023-03-18 03:31:40] PRINT [03/18 03:31:40 graph]: best_f1 0.807 at epoch 72
[2023-03-18 03:31:40] PRINT [03/18 03:31:40 graph]: start epoch 78.
[2023-03-18 03:31:40] PRINT [03/18 03:31:40 graph]: # Epoch 78: train_loss: 0.3866 | lr: 0.000206
[2023-03-18 03:31:41] PRINT [03/18 03:31:41 graph]: --- Testf1: 0.81200, Best Valacc: 0.71400 in epoch 32 --- 
[2023-03-18 03:31:41] PRINT [03/18 03:31:41 graph]: Epoch 78: get test acc score:  0.812
[2023-03-18 03:31:41] PRINT [03/18 03:31:41 graph]: best_f1 0.812 at epoch 78
[2023-03-18 03:31:41] PRINT [03/18 03:31:41 graph]: start epoch 79.
[2023-03-18 03:31:41] PRINT [03/18 03:31:41 graph]: # Epoch 79: train_loss: 0.3842 | lr: 0.000206
[2023-03-18 03:31:42] PRINT [03/18 03:31:42 graph]: --- Testf1: 0.76800, Best Valacc: 0.72600 in epoch 26 --- 
[2023-03-18 03:31:42] PRINT [03/18 03:31:42 graph]: Epoch 79: get test acc score:  0.768
[2023-03-18 03:31:42] PRINT [03/18 03:31:42 graph]: best_f1 0.812 at epoch 78
[2023-03-18 03:31:42] PRINT [03/18 03:31:42 graph]: start epoch 80.
[2023-03-18 03:31:42] PRINT [03/18 03:31:42 graph]: # Epoch 80: train_loss: 0.3801 | lr: 0.000206
[2023-03-18 03:31:43] PRINT [03/18 03:31:43 graph]: --- Testf1: 0.78600, Best Valacc: 0.73800 in epoch 64 --- 
[2023-03-18 03:31:43] PRINT [03/18 03:31:43 graph]: Epoch 80: get test acc score:  0.786
[2023-03-18 03:31:43] PRINT [03/18 03:31:43 graph]: best_f1 0.812 at epoch 78
[2023-03-18 03:31:43] PRINT [03/18 03:31:43 graph]: start epoch 81.
[2023-03-18 03:31:43] PRINT [03/18 03:31:43 graph]: # Epoch 81: train_loss: 0.3823 | lr: 0.000206
[2023-03-18 03:31:44] PRINT [03/18 03:31:44 graph]: --- Testf1: 0.77300, Best Valacc: 0.68800 in epoch 99 --- 
[2023-03-18 03:31:44] PRINT [03/18 03:31:44 graph]: Epoch 81: get test acc score:  0.773
[2023-03-18 03:31:44] PRINT [03/18 03:31:44 graph]: best_f1 0.812 at epoch 78
[2023-03-18 03:31:44] PRINT [03/18 03:31:44 graph]: start epoch 82.
[2023-03-18 03:31:45] PRINT [03/18 03:31:45 graph]: # Epoch 82: train_loss: 0.3768 | lr: 0.000206
[2023-03-18 03:31:45] PRINT [03/18 03:31:45 graph]: --- Testf1: 0.77900, Best Valacc: 0.72200 in epoch 33 --- 
[2023-03-18 03:31:46] PRINT [03/18 03:31:46 graph]: Epoch 82: get test acc score:  0.779
[2023-03-18 03:31:46] PRINT [03/18 03:31:46 graph]: best_f1 0.812 at epoch 78
[2023-03-18 03:31:46] PRINT [03/18 03:31:46 graph]: start epoch 83.
[2023-03-18 03:31:46] PRINT [03/18 03:31:46 graph]: # Epoch 83: train_loss: 0.3760 | lr: 0.000206
[2023-03-18 03:31:47] PRINT [03/18 03:31:47 graph]: --- Testf1: 0.77100, Best Valacc: 0.70000 in epoch 21 --- 
[2023-03-18 03:31:47] PRINT [03/18 03:31:47 graph]: Epoch 83: get test acc score:  0.771
[2023-03-18 03:31:47] PRINT [03/18 03:31:47 graph]: best_f1 0.812 at epoch 78
[2023-03-18 03:31:47] PRINT [03/18 03:31:47 graph]: start epoch 84.
[2023-03-18 03:31:47] PRINT [03/18 03:31:47 graph]: # Epoch 84: train_loss: 0.3750 | lr: 0.000206
[2023-03-18 03:31:48] PRINT [03/18 03:31:48 graph]: --- Testf1: 0.78900, Best Valacc: 0.74000 in epoch 68 --- 
[2023-03-18 03:31:48] PRINT [03/18 03:31:48 graph]: Epoch 84: get test acc score:  0.789
[2023-03-18 03:31:48] PRINT [03/18 03:31:48 graph]: best_f1 0.812 at epoch 78
[2023-03-18 03:31:48] PRINT [03/18 03:31:48 graph]: start epoch 85.
[2023-03-18 03:31:48] PRINT [03/18 03:31:48 graph]: # Epoch 85: train_loss: 0.3710 | lr: 0.000206
[2023-03-18 03:31:49] PRINT [03/18 03:31:49 graph]: --- Testf1: 0.78600, Best Valacc: 0.73800 in epoch 30 --- 
[2023-03-18 03:31:49] PRINT [03/18 03:31:49 graph]: Epoch 85: get test acc score:  0.786
[2023-03-18 03:31:49] PRINT [03/18 03:31:49 graph]: best_f1 0.812 at epoch 78
[2023-03-18 03:31:49] PRINT [03/18 03:31:49 graph]: start epoch 86.
[2023-03-18 03:31:49] PRINT [03/18 03:31:49 graph]: # Epoch 86: train_loss: 0.3670 | lr: 0.000206
[2023-03-18 03:31:50] PRINT [03/18 03:31:50 graph]: --- Testf1: 0.77000, Best Valacc: 0.70800 in epoch 85 --- 
[2023-03-18 03:31:50] PRINT [03/18 03:31:50 graph]: Epoch 86: get test acc score:  0.770
[2023-03-18 03:31:50] PRINT [03/18 03:31:50 graph]: best_f1 0.812 at epoch 78
[2023-03-18 03:31:50] PRINT [03/18 03:31:50 graph]: start epoch 87.
[2023-03-18 03:31:50] PRINT [03/18 03:31:50 graph]: # Epoch 87: train_loss: 0.3657 | lr: 0.000206
[2023-03-18 03:31:51] PRINT [03/18 03:31:51 graph]: --- Testf1: 0.77900, Best Valacc: 0.72200 in epoch 44 --- 
[2023-03-18 03:31:52] PRINT [03/18 03:31:52 graph]: Epoch 87: get test acc score:  0.779
[2023-03-18 03:31:52] PRINT [03/18 03:31:52 graph]: best_f1 0.812 at epoch 78
[2023-03-18 03:31:52] PRINT [03/18 03:31:52 graph]: start epoch 88.
[2023-03-18 03:31:52] PRINT [03/18 03:31:52 graph]: # Epoch 88: train_loss: 0.3613 | lr: 0.000206
[2023-03-18 03:31:52] PRINT [03/18 03:31:52 graph]: --- Testf1: 0.78700, Best Valacc: 0.72800 in epoch 77 --- 
[2023-03-18 03:31:53] PRINT [03/18 03:31:53 graph]: Epoch 88: get test acc score:  0.787
[2023-03-18 03:31:53] PRINT [03/18 03:31:53 graph]: best_f1 0.812 at epoch 78
[2023-03-18 03:31:53] PRINT [03/18 03:31:53 graph]: start epoch 89.
[2023-03-18 03:31:53] PRINT [03/18 03:31:53 graph]: # Epoch 89: train_loss: 0.3634 | lr: 0.000206
[2023-03-18 03:31:54] PRINT [03/18 03:31:54 graph]: --- Testf1: 0.78400, Best Valacc: 0.72200 in epoch 20 --- 
[2023-03-18 03:31:54] PRINT [03/18 03:31:54 graph]: Epoch 89: get test acc score:  0.784
[2023-03-18 03:31:54] PRINT [03/18 03:31:54 graph]: best_f1 0.812 at epoch 78
[2023-03-18 03:31:54] PRINT [03/18 03:31:54 graph]: start epoch 90.
[2023-03-18 03:31:54] PRINT [03/18 03:31:54 graph]: # Epoch 90: train_loss: 0.3571 | lr: 0.000206
[2023-03-18 03:31:55] PRINT [03/18 03:31:55 graph]: --- Testf1: 0.78600, Best Valacc: 0.71600 in epoch 99 --- 
[2023-03-18 03:31:55] PRINT [03/18 03:31:55 graph]: Epoch 90: get test acc score:  0.786
[2023-03-18 03:31:55] PRINT [03/18 03:31:55 graph]: best_f1 0.812 at epoch 78
[2023-03-18 03:31:55] PRINT [03/18 03:31:55 graph]: start epoch 91.
[2023-03-18 03:31:55] PRINT [03/18 03:31:55 graph]: # Epoch 91: train_loss: 0.3576 | lr: 0.000206
[2023-03-18 03:31:56] PRINT [03/18 03:31:56 graph]: --- Testf1: 0.79100, Best Valacc: 0.73400 in epoch 18 --- 
[2023-03-18 03:31:56] PRINT [03/18 03:31:56 graph]: Epoch 91: get test acc score:  0.791
[2023-03-18 03:31:56] PRINT [03/18 03:31:56 graph]: best_f1 0.812 at epoch 78
[2023-03-18 03:31:56] PRINT [03/18 03:31:56 graph]: start epoch 92.
[2023-03-18 03:31:56] PRINT [03/18 03:31:56 graph]: # Epoch 92: train_loss: 0.3637 | lr: 0.000206
[2023-03-18 03:31:57] PRINT [03/18 03:31:57 graph]: --- Testf1: 0.78700, Best Valacc: 0.72200 in epoch 10 --- 
[2023-03-18 03:31:57] PRINT [03/18 03:31:57 graph]: Epoch 92: get test acc score:  0.787
[2023-03-18 03:31:57] PRINT [03/18 03:31:57 graph]: best_f1 0.812 at epoch 78
[2023-03-18 03:31:57] PRINT [03/18 03:31:57 graph]: start epoch 93.
[2023-03-18 03:31:58] PRINT [03/18 03:31:58 graph]: # Epoch 93: train_loss: 0.3525 | lr: 0.000206
[2023-03-18 03:31:58] PRINT [03/18 03:31:58 graph]: --- Testf1: 0.79800, Best Valacc: 0.74200 in epoch 33 --- 
[2023-03-18 03:31:59] PRINT [03/18 03:31:59 graph]: Epoch 93: get test acc score:  0.798
[2023-03-18 03:31:59] PRINT [03/18 03:31:59 graph]: best_f1 0.812 at epoch 78
[2023-03-18 03:31:59] PRINT [03/18 03:31:59 graph]: start epoch 94.
[2023-03-18 03:31:59] PRINT [03/18 03:31:59 graph]: # Epoch 94: train_loss: 0.3530 | lr: 0.000206
[2023-03-18 03:31:59] PRINT [03/18 03:31:59 graph]: --- Testf1: 0.80100, Best Valacc: 0.73400 in epoch 8 --- 
[2023-03-18 03:32:00] PRINT [03/18 03:32:00 graph]: Epoch 94: get test acc score:  0.801
[2023-03-18 03:32:00] PRINT [03/18 03:32:00 graph]: best_f1 0.812 at epoch 78
[2023-03-18 03:32:00] PRINT [03/18 03:32:00 graph]: start epoch 95.
[2023-03-18 03:32:00] PRINT [03/18 03:32:00 graph]: # Epoch 95: train_loss: 0.3432 | lr: 0.000206
[2023-03-18 03:32:01] PRINT [03/18 03:32:01 graph]: --- Testf1: 0.78800, Best Valacc: 0.70200 in epoch 18 --- 
[2023-03-18 03:32:01] PRINT [03/18 03:32:01 graph]: Epoch 95: get test acc score:  0.788
[2023-03-18 03:32:01] PRINT [03/18 03:32:01 graph]: best_f1 0.812 at epoch 78
[2023-03-18 03:32:01] PRINT [03/18 03:32:01 graph]: start epoch 96.
[2023-03-18 03:32:01] PRINT [03/18 03:32:01 graph]: # Epoch 96: train_loss: 0.3449 | lr: 0.000206
[2023-03-18 03:32:02] PRINT [03/18 03:32:02 graph]: --- Testf1: 0.78600, Best Valacc: 0.69000 in epoch 99 --- 
[2023-03-18 03:32:02] PRINT [03/18 03:32:02 graph]: Epoch 96: get test acc score:  0.786
[2023-03-18 03:32:02] PRINT [03/18 03:32:02 graph]: best_f1 0.812 at epoch 78
[2023-03-18 03:32:02] PRINT [03/18 03:32:02 graph]: start epoch 97.
[2023-03-18 03:32:02] PRINT [03/18 03:32:02 graph]: # Epoch 97: train_loss: 0.3429 | lr: 0.000206
[2023-03-18 03:32:03] PRINT [03/18 03:32:03 graph]: --- Testf1: 0.76700, Best Valacc: 0.70600 in epoch 9 --- 
[2023-03-18 03:32:03] PRINT [03/18 03:32:03 graph]: Epoch 97: get test acc score:  0.767
[2023-03-18 03:32:03] PRINT [03/18 03:32:03 graph]: best_f1 0.812 at epoch 78
[2023-03-18 03:32:03] PRINT [03/18 03:32:03 graph]: start epoch 98.
[2023-03-18 03:32:03] PRINT [03/18 03:32:03 graph]: # Epoch 98: train_loss: 0.3381 | lr: 0.000206
[2023-03-18 03:32:04] PRINT [03/18 03:32:04 graph]: --- Testf1: 0.79800, Best Valacc: 0.73400 in epoch 89 --- 
[2023-03-18 03:32:04] PRINT [03/18 03:32:04 graph]: Epoch 98: get test acc score:  0.798
[2023-03-18 03:32:04] PRINT [03/18 03:32:04 graph]: best_f1 0.812 at epoch 78
[2023-03-18 03:32:04] PRINT [03/18 03:32:04 graph]: start epoch 99.
[2023-03-18 03:32:04] PRINT [03/18 03:32:04 graph]: # Epoch 99: train_loss: 0.3362 | lr: 0.000206
[2023-03-18 03:32:05] PRINT [03/18 03:32:05 graph]: --- Testf1: 0.78600, Best Valacc: 0.72400 in epoch 32 --- 
[2023-03-18 03:32:06] PRINT [03/18 03:32:06 graph]: Epoch 99: get test acc score:  0.786
[2023-03-18 03:32:06] PRINT [03/18 03:32:06 graph]: best_f1 0.812 at epoch 78
[2023-03-18 03:32:06] PRINT [03/18 03:32:06 graph]: # final_acc: 0.8120±0.0000
