[2023-03-17 17:36:00] PRINT ---new cfg------
[2023-03-17 17:36:00] PRINT {'DATA': {'data_name': 'cora'}, 'DATALOADER': {'NUM_WORKERS': 0}, 'MODEL': {'num_hidden': 1024, 'num_layers': 2, 'nhead': 4, 'activation': 'prelu', 'attn_drop': 0.1, 'feat_drop': 0.3, 'norm': 'layernorm', 'pooler': 'mean', 'beta_schedule': 'sigmoid', 'beta_1': 0.0005718527197519684, 'beta_T': 0.02253627191777175, 'T': 599, 'alpha_l': 3}, 'SOLVER': {'optim_type': 'adam', 'optim_type_f': 'adamw', 'alpha': 1, 'decay': 30, 'LR': 0.00011330961413206441, 'LR_f': 0.0017678105346751868, 'weight_decay': 0, 'weight_decay_f': 1.08939341765175e-05, 'MAX_EPOCH': 100, 'max_epoch_f': 100}, 'DEVICE': 'cuda', 'seeds': [0], 'eval_T': [50, 100, 200], 'output_dir': '/ddm-nni/Cora/log', 'checkpoint_dir': '/ddm-nni/Cora/log/checkpoint'}
[2023-03-17 17:36:00] PRINT [03/17 17:36:00 graph]: Rank of current process: 0. World size: 1
[2023-03-17 17:36:03] PRINT [03/17 17:36:03 graph]: Environment info:
[2023-03-17 17:36:03] PRINT PyTorch version: 1.10.0+cu113
[2023-03-17 17:36:03] PRINT Is debug build: False
[2023-03-17 17:36:03] PRINT CUDA used to build PyTorch: 11.3
[2023-03-17 17:36:03] PRINT ROCM used to build PyTorch: N/A
[2023-03-17 17:36:03] PRINT 
[2023-03-17 17:36:03] PRINT OS: Ubuntu 20.04.3 LTS (x86_64)
[2023-03-17 17:36:03] PRINT GCC version: (Ubuntu 9.3.0-17ubuntu1~20.04) 9.3.0
[2023-03-17 17:36:03] PRINT Clang version: Could not collect
[2023-03-17 17:36:03] PRINT CMake version: version 3.16.3
[2023-03-17 17:36:03] PRINT Libc version: glibc-2.31
[2023-03-17 17:36:03] PRINT 
[2023-03-17 17:36:03] PRINT Python version: 3.8.10 (default, Jun  4 2021, 15:09:15)  [GCC 7.5.0] (64-bit runtime)
[2023-03-17 17:36:03] PRINT Python platform: Linux-5.4.0-90-generic-x86_64-with-glibc2.17
[2023-03-17 17:36:03] PRINT Is CUDA available: True
[2023-03-17 17:36:03] PRINT CUDA runtime version: 11.3.109
[2023-03-17 17:36:03] PRINT GPU models and configuration: GPU 0: NVIDIA GeForce RTX 3090
[2023-03-17 17:36:03] PRINT Nvidia driver version: 495.44
[2023-03-17 17:36:03] PRINT cuDNN version: Probably one of the following:
[2023-03-17 17:36:03] PRINT /usr/lib/x86_64-linux-gnu/libcudnn.so.8.2.0
[2023-03-17 17:36:03] PRINT /usr/lib/x86_64-linux-gnu/libcudnn_adv_infer.so.8.2.0
[2023-03-17 17:36:03] PRINT /usr/lib/x86_64-linux-gnu/libcudnn_adv_train.so.8.2.0
[2023-03-17 17:36:03] PRINT /usr/lib/x86_64-linux-gnu/libcudnn_cnn_infer.so.8.2.0
[2023-03-17 17:36:03] PRINT /usr/lib/x86_64-linux-gnu/libcudnn_cnn_train.so.8.2.0
[2023-03-17 17:36:03] PRINT /usr/lib/x86_64-linux-gnu/libcudnn_ops_infer.so.8.2.0
[2023-03-17 17:36:03] PRINT /usr/lib/x86_64-linux-gnu/libcudnn_ops_train.so.8.2.0
[2023-03-17 17:36:03] PRINT HIP runtime version: N/A
[2023-03-17 17:36:03] PRINT MIOpen runtime version: N/A
[2023-03-17 17:36:03] PRINT 
[2023-03-17 17:36:03] PRINT Versions of relevant libraries:
[2023-03-17 17:36:03] PRINT [pip3] numpy==1.23.5
[2023-03-17 17:36:03] PRINT [pip3] torch==1.10.0+cu113
[2023-03-17 17:36:03] PRINT [pip3] torchvision==0.11.1+cu113
[2023-03-17 17:36:03] PRINT [conda] blas                      1.0                         mkl    https://mirrors.ustc.edu.cn/anaconda/pkgs/main
[2023-03-17 17:36:03] PRINT [conda] mkl                       2021.4.0           h06a4308_640    https://mirrors.ustc.edu.cn/anaconda/pkgs/main
[2023-03-17 17:36:03] PRINT [conda] mkl-service               2.4.0            py38h7f8727e_0    https://mirrors.ustc.edu.cn/anaconda/pkgs/main
[2023-03-17 17:36:03] PRINT [conda] mkl_fft                   1.3.1            py38hd3c417c_0    https://mirrors.ustc.edu.cn/anaconda/pkgs/main
[2023-03-17 17:36:03] PRINT [conda] mkl_random                1.2.2            py38h51133e4_0    https://mirrors.ustc.edu.cn/anaconda/pkgs/main
[2023-03-17 17:36:03] PRINT [conda] numpy                     1.21.4                   pypi_0    pypi
[2023-03-17 17:36:03] PRINT [conda] numpy-base                1.23.5           py38h31eccc5_0    https://mirrors.ustc.edu.cn/anaconda/pkgs/main
[2023-03-17 17:36:03] PRINT [conda] torch                     1.10.0+cu113             pypi_0    pypi
[2023-03-17 17:36:03] PRINT [conda] torchvision               0.11.1+cu113             pypi_0    pypi
[2023-03-17 17:36:03] PRINT         Pillow (8.4.0)
[2023-03-17 17:36:03] PRINT [03/17 17:36:03 graph]: Command line arguments: Namespace(local_rank=0, resume=False, seed=1234, start_epoch=0)
[2023-03-17 17:36:03] PRINT   NumNodes: 2708
[2023-03-17 17:36:03] PRINT   NumEdges: 10556
[2023-03-17 17:36:03] PRINT   NumFeats: 1433
[2023-03-17 17:36:03] PRINT   NumClasses: 7
[2023-03-17 17:36:03] PRINT   NumTrainingSamples: 140
[2023-03-17 17:36:03] PRINT   NumValidationSamples: 500
[2023-03-17 17:36:03] PRINT   NumTestSamples: 1000
[2023-03-17 17:36:03] PRINT Done loading data from cached files.
[2023-03-17 17:36:03] PRINT [03/17 17:36:03 graph]: Run 0th for seed 0
[2023-03-17 17:36:04] PRINT [03/17 17:36:04 graph]: Total trainable params num : 30088687
[2023-03-17 17:36:08] PRINT [03/17 17:36:08 graph]: ----------Start Training----------
[2023-03-17 17:36:08] PRINT [03/17 17:36:08 graph]: start epoch 0.
[2023-03-17 17:36:09] PRINT [03/17 17:36:09 graph]: # Epoch 0: train_loss: 1.0048 | lr: 0.000113
[2023-03-17 17:36:09] PRINT [03/17 17:36:09 graph]: start epoch 1.
[2023-03-17 17:36:09] PRINT [03/17 17:36:09 graph]: # Epoch 1: train_loss: 0.7609 | lr: 0.000113
[2023-03-17 17:36:09] PRINT [03/17 17:36:09 graph]: start epoch 2.
[2023-03-17 17:36:09] PRINT [03/17 17:36:09 graph]: # Epoch 2: train_loss: 0.6472 | lr: 0.000113
[2023-03-17 17:36:09] PRINT [03/17 17:36:09 graph]: start epoch 3.
[2023-03-17 17:36:09] PRINT [03/17 17:36:09 graph]: # Epoch 3: train_loss: 0.5874 | lr: 0.000113
[2023-03-17 17:36:09] PRINT [03/17 17:36:09 graph]: start epoch 4.
[2023-03-17 17:36:09] PRINT [03/17 17:36:09 graph]: # Epoch 4: train_loss: 0.5506 | lr: 0.000113
[2023-03-17 17:36:09] PRINT [03/17 17:36:09 graph]: start epoch 5.
[2023-03-17 17:36:09] PRINT [03/17 17:36:09 graph]: # Epoch 5: train_loss: 0.5276 | lr: 0.000113
[2023-03-17 17:36:09] PRINT [03/17 17:36:09 graph]: start epoch 6.
[2023-03-17 17:36:09] PRINT [03/17 17:36:09 graph]: # Epoch 6: train_loss: 0.5167 | lr: 0.000113
[2023-03-17 17:36:09] PRINT [03/17 17:36:09 graph]: start epoch 7.
[2023-03-17 17:36:09] PRINT [03/17 17:36:09 graph]: # Epoch 7: train_loss: 0.5098 | lr: 0.000113
[2023-03-17 17:36:09] PRINT [03/17 17:36:09 graph]: start epoch 8.
[2023-03-17 17:36:09] PRINT [03/17 17:36:09 graph]: # Epoch 8: train_loss: 0.5048 | lr: 0.000113
[2023-03-17 17:36:09] PRINT [03/17 17:36:09 graph]: start epoch 9.
[2023-03-17 17:36:09] PRINT [03/17 17:36:09 graph]: # Epoch 9: train_loss: 0.5001 | lr: 0.000113
[2023-03-17 17:36:09] PRINT [03/17 17:36:09 graph]: start epoch 10.
[2023-03-17 17:36:09] PRINT [03/17 17:36:09 graph]: # Epoch 10: train_loss: 0.4940 | lr: 0.000113
[2023-03-17 17:36:09] PRINT [03/17 17:36:09 graph]: start epoch 11.
[2023-03-17 17:36:09] PRINT [03/17 17:36:09 graph]: # Epoch 11: train_loss: 0.4865 | lr: 0.000113
[2023-03-17 17:36:10] PRINT [03/17 17:36:10 graph]: --- Testf1: 0.79200, Best Valacc: 0.74600 in epoch 65 --- 
[2023-03-17 17:36:10] PRINT [03/17 17:36:10 graph]: Epoch 11: get test acc score:  0.792
[2023-03-17 17:36:10] PRINT [03/17 17:36:10 graph]: best_f1 0.792 at epoch 11
[2023-03-17 17:36:10] PRINT [03/17 17:36:10 graph]: start epoch 12.
[2023-03-17 17:36:10] PRINT [03/17 17:36:10 graph]: # Epoch 12: train_loss: 0.4748 | lr: 0.000113
[2023-03-17 17:36:11] PRINT [03/17 17:36:11 graph]: --- Testf1: 0.78900, Best Valacc: 0.74200 in epoch 63 --- 
[2023-03-17 17:36:11] PRINT [03/17 17:36:11 graph]: Epoch 12: get test acc score:  0.789
[2023-03-17 17:36:11] PRINT [03/17 17:36:11 graph]: best_f1 0.792 at epoch 11
[2023-03-17 17:36:11] PRINT [03/17 17:36:11 graph]: start epoch 13.
[2023-03-17 17:36:11] PRINT [03/17 17:36:11 graph]: # Epoch 13: train_loss: 0.4639 | lr: 0.000113
[2023-03-17 17:36:12] PRINT [03/17 17:36:12 graph]: --- Testf1: 0.78900, Best Valacc: 0.76000 in epoch 40 --- 
[2023-03-17 17:36:13] PRINT [03/17 17:36:13 graph]: Epoch 13: get test acc score:  0.789
[2023-03-17 17:36:13] PRINT [03/17 17:36:13 graph]: best_f1 0.792 at epoch 11
[2023-03-17 17:36:13] PRINT [03/17 17:36:13 graph]: start epoch 14.
[2023-03-17 17:36:13] PRINT [03/17 17:36:13 graph]: # Epoch 14: train_loss: 0.4595 | lr: 0.000113
[2023-03-17 17:36:13] PRINT [03/17 17:36:13 graph]: --- Testf1: 0.79200, Best Valacc: 0.74200 in epoch 69 --- 
[2023-03-17 17:36:14] PRINT [03/17 17:36:14 graph]: Epoch 14: get test acc score:  0.792
[2023-03-17 17:36:14] PRINT [03/17 17:36:14 graph]: best_f1 0.792 at epoch 11
[2023-03-17 17:36:14] PRINT [03/17 17:36:14 graph]: start epoch 15.
[2023-03-17 17:36:14] PRINT [03/17 17:36:14 graph]: # Epoch 15: train_loss: 0.4481 | lr: 0.000113
[2023-03-17 17:36:15] PRINT [03/17 17:36:15 graph]: --- Testf1: 0.79600, Best Valacc: 0.73400 in epoch 24 --- 
[2023-03-17 17:36:15] PRINT [03/17 17:36:15 graph]: Epoch 15: get test acc score:  0.796
[2023-03-17 17:36:15] PRINT [03/17 17:36:15 graph]: best_f1 0.796 at epoch 15
[2023-03-17 17:36:15] PRINT [03/17 17:36:15 graph]: start epoch 16.
[2023-03-17 17:36:15] PRINT [03/17 17:36:15 graph]: # Epoch 16: train_loss: 0.4463 | lr: 0.000113
[2023-03-17 17:36:16] PRINT [03/17 17:36:16 graph]: --- Testf1: 0.79000, Best Valacc: 0.74400 in epoch 57 --- 
[2023-03-17 17:36:16] PRINT [03/17 17:36:16 graph]: Epoch 16: get test acc score:  0.790
[2023-03-17 17:36:16] PRINT [03/17 17:36:16 graph]: best_f1 0.796 at epoch 15
[2023-03-17 17:36:16] PRINT [03/17 17:36:16 graph]: start epoch 17.
[2023-03-17 17:36:16] PRINT [03/17 17:36:16 graph]: # Epoch 17: train_loss: 0.4398 | lr: 0.000113
[2023-03-17 17:36:17] PRINT [03/17 17:36:17 graph]: --- Testf1: 0.79700, Best Valacc: 0.75400 in epoch 59 --- 
[2023-03-17 17:36:17] PRINT [03/17 17:36:17 graph]: Epoch 17: get test acc score:  0.797
[2023-03-17 17:36:17] PRINT [03/17 17:36:17 graph]: best_f1 0.797 at epoch 17
[2023-03-17 17:36:17] PRINT [03/17 17:36:17 graph]: start epoch 18.
[2023-03-17 17:36:17] PRINT [03/17 17:36:17 graph]: # Epoch 18: train_loss: 0.4301 | lr: 0.000113
[2023-03-17 17:36:18] PRINT [03/17 17:36:18 graph]: --- Testf1: 0.81100, Best Valacc: 0.77000 in epoch 95 --- 
[2023-03-17 17:36:18] PRINT [03/17 17:36:18 graph]: Epoch 18: get test acc score:  0.811
[2023-03-17 17:36:18] PRINT [03/17 17:36:18 graph]: best_f1 0.811 at epoch 18
[2023-03-17 17:36:18] PRINT [03/17 17:36:18 graph]: start epoch 19.
[2023-03-17 17:36:18] PRINT [03/17 17:36:18 graph]: # Epoch 19: train_loss: 0.4210 | lr: 0.000113
[2023-03-17 17:36:19] PRINT [03/17 17:36:19 graph]: --- Testf1: 0.80700, Best Valacc: 0.75200 in epoch 42 --- 
[2023-03-17 17:36:20] PRINT [03/17 17:36:20 graph]: Epoch 19: get test acc score:  0.807
[2023-03-17 17:36:20] PRINT [03/17 17:36:20 graph]: best_f1 0.811 at epoch 18
[2023-03-17 17:36:20] PRINT [03/17 17:36:20 graph]: start epoch 20.
[2023-03-17 17:36:20] PRINT [03/17 17:36:20 graph]: # Epoch 20: train_loss: 0.4210 | lr: 0.000113
[2023-03-17 17:36:20] PRINT [03/17 17:36:20 graph]: --- Testf1: 0.80200, Best Valacc: 0.75600 in epoch 31 --- 
[2023-03-17 17:36:21] PRINT [03/17 17:36:21 graph]: Epoch 20: get test acc score:  0.802
[2023-03-17 17:36:21] PRINT [03/17 17:36:21 graph]: best_f1 0.811 at epoch 18
[2023-03-17 17:36:21] PRINT [03/17 17:36:21 graph]: start epoch 21.
[2023-03-17 17:36:21] PRINT [03/17 17:36:21 graph]: # Epoch 21: train_loss: 0.4098 | lr: 0.000113
[2023-03-17 17:36:22] PRINT [03/17 17:36:22 graph]: --- Testf1: 0.79600, Best Valacc: 0.74600 in epoch 44 --- 
[2023-03-17 17:36:22] PRINT [03/17 17:36:22 graph]: Epoch 21: get test acc score:  0.796
[2023-03-17 17:36:22] PRINT [03/17 17:36:22 graph]: best_f1 0.811 at epoch 18
[2023-03-17 17:36:22] PRINT [03/17 17:36:22 graph]: start epoch 22.
[2023-03-17 17:36:22] PRINT [03/17 17:36:22 graph]: # Epoch 22: train_loss: 0.4046 | lr: 0.000113
[2023-03-17 17:36:23] PRINT [03/17 17:36:23 graph]: --- Testf1: 0.79800, Best Valacc: 0.74000 in epoch 41 --- 
[2023-03-17 17:36:23] PRINT [03/17 17:36:23 graph]: Epoch 22: get test acc score:  0.798
[2023-03-17 17:36:23] PRINT [03/17 17:36:23 graph]: best_f1 0.811 at epoch 18
[2023-03-17 17:36:23] PRINT [03/17 17:36:23 graph]: start epoch 23.
[2023-03-17 17:36:23] PRINT [03/17 17:36:23 graph]: # Epoch 23: train_loss: 0.3987 | lr: 0.000113
[2023-03-17 17:36:24] PRINT [03/17 17:36:24 graph]: --- Testf1: 0.80900, Best Valacc: 0.76400 in epoch 44 --- 
[2023-03-17 17:36:24] PRINT [03/17 17:36:24 graph]: Epoch 23: get test acc score:  0.809
[2023-03-17 17:36:24] PRINT [03/17 17:36:24 graph]: best_f1 0.811 at epoch 18
[2023-03-17 17:36:24] PRINT [03/17 17:36:24 graph]: start epoch 24.
[2023-03-17 17:36:24] PRINT [03/17 17:36:24 graph]: # Epoch 24: train_loss: 0.3943 | lr: 0.000113
[2023-03-17 17:36:25] PRINT [03/17 17:36:25 graph]: --- Testf1: 0.79800, Best Valacc: 0.74400 in epoch 41 --- 
[2023-03-17 17:36:25] PRINT [03/17 17:36:25 graph]: Epoch 24: get test acc score:  0.798
[2023-03-17 17:36:25] PRINT [03/17 17:36:25 graph]: best_f1 0.811 at epoch 18
[2023-03-17 17:36:25] PRINT [03/17 17:36:25 graph]: start epoch 25.
[2023-03-17 17:36:25] PRINT [03/17 17:36:25 graph]: # Epoch 25: train_loss: 0.3888 | lr: 0.000113
[2023-03-17 17:36:26] PRINT [03/17 17:36:26 graph]: --- Testf1: 0.80700, Best Valacc: 0.78600 in epoch 45 --- 
[2023-03-17 17:36:27] PRINT [03/17 17:36:27 graph]: Epoch 25: get test acc score:  0.807
[2023-03-17 17:36:27] PRINT [03/17 17:36:27 graph]: best_f1 0.811 at epoch 18
[2023-03-17 17:36:27] PRINT [03/17 17:36:27 graph]: start epoch 26.
[2023-03-17 17:36:27] PRINT [03/17 17:36:27 graph]: # Epoch 26: train_loss: 0.3846 | lr: 0.000113
[2023-03-17 17:36:27] PRINT [03/17 17:36:27 graph]: --- Testf1: 0.79700, Best Valacc: 0.76000 in epoch 34 --- 
[2023-03-17 17:36:28] PRINT [03/17 17:36:28 graph]: Epoch 26: get test acc score:  0.797
[2023-03-17 17:36:28] PRINT [03/17 17:36:28 graph]: best_f1 0.811 at epoch 18
[2023-03-17 17:36:28] PRINT [03/17 17:36:28 graph]: start epoch 27.
[2023-03-17 17:36:28] PRINT [03/17 17:36:28 graph]: # Epoch 27: train_loss: 0.3806 | lr: 0.000113
[2023-03-17 17:36:29] PRINT [03/17 17:36:29 graph]: --- Testf1: 0.79500, Best Valacc: 0.74800 in epoch 36 --- 
[2023-03-17 17:36:29] PRINT [03/17 17:36:29 graph]: Epoch 27: get test acc score:  0.795
[2023-03-17 17:36:29] PRINT [03/17 17:36:29 graph]: best_f1 0.811 at epoch 18
[2023-03-17 17:36:29] PRINT [03/17 17:36:29 graph]: start epoch 28.
[2023-03-17 17:36:29] PRINT [03/17 17:36:29 graph]: # Epoch 28: train_loss: 0.3731 | lr: 0.000113
[2023-03-17 17:36:30] PRINT [03/17 17:36:30 graph]: --- Testf1: 0.80400, Best Valacc: 0.74200 in epoch 31 --- 
[2023-03-17 17:36:30] PRINT [03/17 17:36:30 graph]: Epoch 28: get test acc score:  0.804
[2023-03-17 17:36:30] PRINT [03/17 17:36:30 graph]: best_f1 0.811 at epoch 18
[2023-03-17 17:36:30] PRINT [03/17 17:36:30 graph]: start epoch 29.
[2023-03-17 17:36:30] PRINT [03/17 17:36:30 graph]: # Epoch 29: train_loss: 0.3687 | lr: 0.000113
[2023-03-17 17:36:31] PRINT [03/17 17:36:31 graph]: --- Testf1: 0.79900, Best Valacc: 0.76400 in epoch 36 --- 
[2023-03-17 17:36:31] PRINT [03/17 17:36:31 graph]: Epoch 29: get test acc score:  0.799
[2023-03-17 17:36:31] PRINT [03/17 17:36:31 graph]: best_f1 0.811 at epoch 18
[2023-03-17 17:36:31] PRINT [03/17 17:36:31 graph]: start epoch 30.
[2023-03-17 17:36:31] PRINT [03/17 17:36:31 graph]: # Epoch 30: train_loss: 0.3646 | lr: 0.000113
[2023-03-17 17:36:32] PRINT [03/17 17:36:32 graph]: --- Testf1: 0.79700, Best Valacc: 0.74600 in epoch 25 --- 
[2023-03-17 17:36:32] PRINT [03/17 17:36:32 graph]: Epoch 30: get test acc score:  0.797
[2023-03-17 17:36:32] PRINT [03/17 17:36:32 graph]: best_f1 0.811 at epoch 18
[2023-03-17 17:36:32] PRINT [03/17 17:36:32 graph]: start epoch 31.
[2023-03-17 17:36:32] PRINT [03/17 17:36:32 graph]: # Epoch 31: train_loss: 0.3561 | lr: 0.000113
[2023-03-17 17:36:33] PRINT [03/17 17:36:33 graph]: --- Testf1: 0.80400, Best Valacc: 0.75400 in epoch 6 --- 
[2023-03-17 17:36:34] PRINT [03/17 17:36:34 graph]: Epoch 31: get test acc score:  0.804
[2023-03-17 17:36:34] PRINT [03/17 17:36:34 graph]: best_f1 0.811 at epoch 18
[2023-03-17 17:36:34] PRINT [03/17 17:36:34 graph]: start epoch 32.
[2023-03-17 17:36:34] PRINT [03/17 17:36:34 graph]: # Epoch 32: train_loss: 0.3555 | lr: 0.000113
[2023-03-17 17:36:35] PRINT [03/17 17:36:35 graph]: --- Testf1: 0.80900, Best Valacc: 0.76600 in epoch 27 --- 
[2023-03-17 17:36:35] PRINT [03/17 17:36:35 graph]: Epoch 32: get test acc score:  0.809
[2023-03-17 17:36:35] PRINT [03/17 17:36:35 graph]: best_f1 0.811 at epoch 18
[2023-03-17 17:36:35] PRINT [03/17 17:36:35 graph]: start epoch 33.
[2023-03-17 17:36:35] PRINT [03/17 17:36:35 graph]: # Epoch 33: train_loss: 0.3501 | lr: 0.000113
[2023-03-17 17:36:36] PRINT [03/17 17:36:36 graph]: --- Testf1: 0.80100, Best Valacc: 0.76800 in epoch 6 --- 
[2023-03-17 17:36:36] PRINT [03/17 17:36:36 graph]: Epoch 33: get test acc score:  0.801
[2023-03-17 17:36:36] PRINT [03/17 17:36:36 graph]: best_f1 0.811 at epoch 18
[2023-03-17 17:36:36] PRINT [03/17 17:36:36 graph]: start epoch 34.
[2023-03-17 17:36:36] PRINT [03/17 17:36:36 graph]: # Epoch 34: train_loss: 0.3432 | lr: 0.000113
[2023-03-17 17:36:37] PRINT [03/17 17:36:37 graph]: --- Testf1: 0.80700, Best Valacc: 0.76400 in epoch 9 --- 
[2023-03-17 17:36:37] PRINT [03/17 17:36:37 graph]: Epoch 34: get test acc score:  0.807
[2023-03-17 17:36:37] PRINT [03/17 17:36:37 graph]: best_f1 0.811 at epoch 18
[2023-03-17 17:36:37] PRINT [03/17 17:36:37 graph]: start epoch 35.
[2023-03-17 17:36:37] PRINT [03/17 17:36:37 graph]: # Epoch 35: train_loss: 0.3401 | lr: 0.000113
[2023-03-17 17:36:38] PRINT [03/17 17:36:38 graph]: --- Testf1: 0.80300, Best Valacc: 0.75600 in epoch 8 --- 
[2023-03-17 17:36:38] PRINT [03/17 17:36:38 graph]: Epoch 35: get test acc score:  0.803
[2023-03-17 17:36:38] PRINT [03/17 17:36:38 graph]: best_f1 0.811 at epoch 18
[2023-03-17 17:36:38] PRINT [03/17 17:36:38 graph]: start epoch 36.
[2023-03-17 17:36:38] PRINT [03/17 17:36:38 graph]: # Epoch 36: train_loss: 0.3336 | lr: 0.000113
[2023-03-17 17:36:39] PRINT [03/17 17:36:39 graph]: --- Testf1: 0.79100, Best Valacc: 0.75600 in epoch 47 --- 
[2023-03-17 17:36:39] PRINT [03/17 17:36:39 graph]: Epoch 36: get test acc score:  0.791
[2023-03-17 17:36:39] PRINT [03/17 17:36:39 graph]: best_f1 0.811 at epoch 18
[2023-03-17 17:36:39] PRINT [03/17 17:36:39 graph]: start epoch 37.
[2023-03-17 17:36:39] PRINT [03/17 17:36:39 graph]: # Epoch 37: train_loss: 0.3286 | lr: 0.000113
[2023-03-17 17:36:40] PRINT [03/17 17:36:40 graph]: --- Testf1: 0.79700, Best Valacc: 0.76400 in epoch 5 --- 
[2023-03-17 17:36:41] PRINT [03/17 17:36:41 graph]: Epoch 37: get test acc score:  0.797
[2023-03-17 17:36:41] PRINT [03/17 17:36:41 graph]: best_f1 0.811 at epoch 18
[2023-03-17 17:36:41] PRINT [03/17 17:36:41 graph]: start epoch 38.
[2023-03-17 17:36:41] PRINT [03/17 17:36:41 graph]: # Epoch 38: train_loss: 0.3252 | lr: 0.000113
[2023-03-17 17:36:41] PRINT [03/17 17:36:41 graph]: --- Testf1: 0.80400, Best Valacc: 0.77600 in epoch 13 --- 
[2023-03-17 17:36:42] PRINT [03/17 17:36:42 graph]: Epoch 38: get test acc score:  0.804
[2023-03-17 17:36:42] PRINT [03/17 17:36:42 graph]: best_f1 0.811 at epoch 18
[2023-03-17 17:36:42] PRINT [03/17 17:36:42 graph]: start epoch 39.
[2023-03-17 17:36:42] PRINT [03/17 17:36:42 graph]: # Epoch 39: train_loss: 0.3218 | lr: 0.000113
[2023-03-17 17:36:43] PRINT [03/17 17:36:43 graph]: --- Testf1: 0.80700, Best Valacc: 0.76000 in epoch 22 --- 
[2023-03-17 17:36:43] PRINT [03/17 17:36:43 graph]: Epoch 39: get test acc score:  0.807
[2023-03-17 17:36:43] PRINT [03/17 17:36:43 graph]: best_f1 0.811 at epoch 18
[2023-03-17 17:36:43] PRINT [03/17 17:36:43 graph]: start epoch 40.
[2023-03-17 17:36:43] PRINT [03/17 17:36:43 graph]: # Epoch 40: train_loss: 0.3152 | lr: 0.000113
[2023-03-17 17:36:44] PRINT [03/17 17:36:44 graph]: --- Testf1: 0.80200, Best Valacc: 0.76000 in epoch 13 --- 
[2023-03-17 17:36:44] PRINT [03/17 17:36:44 graph]: Epoch 40: get test acc score:  0.802
[2023-03-17 17:36:44] PRINT [03/17 17:36:44 graph]: best_f1 0.811 at epoch 18
[2023-03-17 17:36:44] PRINT [03/17 17:36:44 graph]: start epoch 41.
[2023-03-17 17:36:44] PRINT [03/17 17:36:44 graph]: # Epoch 41: train_loss: 0.3124 | lr: 0.000113
[2023-03-17 17:36:45] PRINT [03/17 17:36:45 graph]: --- Testf1: 0.80200, Best Valacc: 0.75800 in epoch 9 --- 
[2023-03-17 17:36:45] PRINT [03/17 17:36:45 graph]: Epoch 41: get test acc score:  0.802
[2023-03-17 17:36:45] PRINT [03/17 17:36:45 graph]: best_f1 0.811 at epoch 18
[2023-03-17 17:36:45] PRINT [03/17 17:36:45 graph]: start epoch 42.
[2023-03-17 17:36:45] PRINT [03/17 17:36:45 graph]: # Epoch 42: train_loss: 0.3073 | lr: 0.000113
[2023-03-17 17:36:46] PRINT [03/17 17:36:46 graph]: --- Testf1: 0.80100, Best Valacc: 0.75200 in epoch 5 --- 
[2023-03-17 17:36:46] PRINT [03/17 17:36:46 graph]: Epoch 42: get test acc score:  0.801
[2023-03-17 17:36:46] PRINT [03/17 17:36:46 graph]: best_f1 0.811 at epoch 18
[2023-03-17 17:36:46] PRINT [03/17 17:36:46 graph]: start epoch 43.
[2023-03-17 17:36:46] PRINT [03/17 17:36:46 graph]: # Epoch 43: train_loss: 0.3040 | lr: 0.000113
[2023-03-17 17:36:47] PRINT [03/17 17:36:47 graph]: --- Testf1: 0.80300, Best Valacc: 0.74800 in epoch 59 --- 
[2023-03-17 17:36:47] PRINT [03/17 17:36:47 graph]: Epoch 43: get test acc score:  0.803
[2023-03-17 17:36:47] PRINT [03/17 17:36:47 graph]: best_f1 0.811 at epoch 18
[2023-03-17 17:36:47] PRINT [03/17 17:36:47 graph]: start epoch 44.
[2023-03-17 17:36:47] PRINT [03/17 17:36:47 graph]: # Epoch 44: train_loss: 0.2992 | lr: 0.000113
[2023-03-17 17:36:48] PRINT [03/17 17:36:48 graph]: --- Testf1: 0.79900, Best Valacc: 0.75200 in epoch 7 --- 
[2023-03-17 17:36:49] PRINT [03/17 17:36:49 graph]: Epoch 44: get test acc score:  0.799
[2023-03-17 17:36:49] PRINT [03/17 17:36:49 graph]: best_f1 0.811 at epoch 18
[2023-03-17 17:36:49] PRINT [03/17 17:36:49 graph]: start epoch 45.
[2023-03-17 17:36:49] PRINT [03/17 17:36:49 graph]: # Epoch 45: train_loss: 0.2960 | lr: 0.000113
[2023-03-17 17:36:49] PRINT [03/17 17:36:49 graph]: --- Testf1: 0.80300, Best Valacc: 0.75400 in epoch 7 --- 
[2023-03-17 17:36:50] PRINT [03/17 17:36:50 graph]: Epoch 45: get test acc score:  0.803
[2023-03-17 17:36:50] PRINT [03/17 17:36:50 graph]: best_f1 0.811 at epoch 18
[2023-03-17 17:36:50] PRINT [03/17 17:36:50 graph]: start epoch 46.
[2023-03-17 17:36:50] PRINT [03/17 17:36:50 graph]: # Epoch 46: train_loss: 0.2923 | lr: 0.000113
[2023-03-17 17:36:50] PRINT [03/17 17:36:50 graph]: --- Testf1: 0.79300, Best Valacc: 0.75400 in epoch 18 --- 
[2023-03-17 17:36:51] PRINT [03/17 17:36:51 graph]: Epoch 46: get test acc score:  0.793
[2023-03-17 17:36:51] PRINT [03/17 17:36:51 graph]: best_f1 0.811 at epoch 18
[2023-03-17 17:36:51] PRINT [03/17 17:36:51 graph]: start epoch 47.
[2023-03-17 17:36:51] PRINT [03/17 17:36:51 graph]: # Epoch 47: train_loss: 0.2885 | lr: 0.000113
[2023-03-17 17:36:52] PRINT [03/17 17:36:52 graph]: --- Testf1: 0.80300, Best Valacc: 0.77200 in epoch 50 --- 
[2023-03-17 17:36:52] PRINT [03/17 17:36:52 graph]: Epoch 47: get test acc score:  0.803
[2023-03-17 17:36:52] PRINT [03/17 17:36:52 graph]: best_f1 0.811 at epoch 18
[2023-03-17 17:36:52] PRINT [03/17 17:36:52 graph]: start epoch 48.
[2023-03-17 17:36:52] PRINT [03/17 17:36:52 graph]: # Epoch 48: train_loss: 0.2849 | lr: 0.000113
[2023-03-17 17:36:53] PRINT [03/17 17:36:53 graph]: --- Testf1: 0.80700, Best Valacc: 0.77400 in epoch 29 --- 
[2023-03-17 17:36:53] PRINT [03/17 17:36:53 graph]: Epoch 48: get test acc score:  0.807
[2023-03-17 17:36:53] PRINT [03/17 17:36:53 graph]: best_f1 0.811 at epoch 18
[2023-03-17 17:36:53] PRINT [03/17 17:36:53 graph]: start epoch 49.
[2023-03-17 17:36:53] PRINT [03/17 17:36:53 graph]: # Epoch 49: train_loss: 0.2820 | lr: 0.000113
[2023-03-17 17:36:54] PRINT [03/17 17:36:54 graph]: --- Testf1: 0.79800, Best Valacc: 0.77400 in epoch 15 --- 
[2023-03-17 17:36:54] PRINT [03/17 17:36:54 graph]: Epoch 49: get test acc score:  0.798
[2023-03-17 17:36:54] PRINT [03/17 17:36:54 graph]: best_f1 0.811 at epoch 18
[2023-03-17 17:36:54] PRINT [03/17 17:36:54 graph]: start epoch 50.
[2023-03-17 17:36:54] PRINT [03/17 17:36:54 graph]: # Epoch 50: train_loss: 0.2783 | lr: 0.000113
[2023-03-17 17:36:55] PRINT [03/17 17:36:55 graph]: --- Testf1: 0.80300, Best Valacc: 0.76400 in epoch 36 --- 
[2023-03-17 17:36:55] PRINT [03/17 17:36:55 graph]: Epoch 50: get test acc score:  0.803
[2023-03-17 17:36:55] PRINT [03/17 17:36:55 graph]: best_f1 0.811 at epoch 18
[2023-03-17 17:36:55] PRINT [03/17 17:36:55 graph]: start epoch 51.
[2023-03-17 17:36:55] PRINT [03/17 17:36:55 graph]: # Epoch 51: train_loss: 0.2755 | lr: 0.000113
[2023-03-17 17:36:56] PRINT [03/17 17:36:56 graph]: --- Testf1: 0.80400, Best Valacc: 0.76400 in epoch 9 --- 
[2023-03-17 17:36:56] PRINT [03/17 17:36:56 graph]: Epoch 51: get test acc score:  0.804
[2023-03-17 17:36:56] PRINT [03/17 17:36:56 graph]: best_f1 0.811 at epoch 18
[2023-03-17 17:36:56] PRINT [03/17 17:36:56 graph]: start epoch 52.
[2023-03-17 17:36:56] PRINT [03/17 17:36:56 graph]: # Epoch 52: train_loss: 0.2755 | lr: 0.000113
[2023-03-17 17:36:57] PRINT [03/17 17:36:57 graph]: --- Testf1: 0.79600, Best Valacc: 0.76200 in epoch 9 --- 
[2023-03-17 17:36:57] PRINT [03/17 17:36:57 graph]: Epoch 52: get test acc score:  0.796
[2023-03-17 17:36:57] PRINT [03/17 17:36:57 graph]: best_f1 0.811 at epoch 18
[2023-03-17 17:36:57] PRINT [03/17 17:36:57 graph]: start epoch 53.
[2023-03-17 17:36:58] PRINT [03/17 17:36:58 graph]: # Epoch 53: train_loss: 0.2679 | lr: 0.000113
[2023-03-17 17:36:58] PRINT [03/17 17:36:58 graph]: --- Testf1: 0.79900, Best Valacc: 0.75600 in epoch 23 --- 
[2023-03-17 17:36:59] PRINT [03/17 17:36:59 graph]: Epoch 53: get test acc score:  0.799
[2023-03-17 17:36:59] PRINT [03/17 17:36:59 graph]: best_f1 0.811 at epoch 18
[2023-03-17 17:36:59] PRINT [03/17 17:36:59 graph]: start epoch 54.
[2023-03-17 17:36:59] PRINT [03/17 17:36:59 graph]: # Epoch 54: train_loss: 0.2685 | lr: 0.000113
[2023-03-17 17:36:59] PRINT [03/17 17:36:59 graph]: --- Testf1: 0.80900, Best Valacc: 0.78000 in epoch 7 --- 
[2023-03-17 17:37:00] PRINT [03/17 17:37:00 graph]: Epoch 54: get test acc score:  0.809
[2023-03-17 17:37:00] PRINT [03/17 17:37:00 graph]: best_f1 0.811 at epoch 18
[2023-03-17 17:37:00] PRINT [03/17 17:37:00 graph]: start epoch 55.
[2023-03-17 17:37:00] PRINT [03/17 17:37:00 graph]: # Epoch 55: train_loss: 0.2665 | lr: 0.000113
[2023-03-17 17:37:01] PRINT [03/17 17:37:01 graph]: --- Testf1: 0.79800, Best Valacc: 0.76600 in epoch 25 --- 
[2023-03-17 17:37:01] PRINT [03/17 17:37:01 graph]: Epoch 55: get test acc score:  0.798
[2023-03-17 17:37:01] PRINT [03/17 17:37:01 graph]: best_f1 0.811 at epoch 18
[2023-03-17 17:37:01] PRINT [03/17 17:37:01 graph]: start epoch 56.
[2023-03-17 17:37:01] PRINT [03/17 17:37:01 graph]: # Epoch 56: train_loss: 0.2656 | lr: 0.000113
[2023-03-17 17:37:02] PRINT [03/17 17:37:02 graph]: --- Testf1: 0.79300, Best Valacc: 0.77200 in epoch 15 --- 
[2023-03-17 17:37:02] PRINT [03/17 17:37:02 graph]: Epoch 56: get test acc score:  0.793
[2023-03-17 17:37:02] PRINT [03/17 17:37:02 graph]: best_f1 0.811 at epoch 18
[2023-03-17 17:37:02] PRINT [03/17 17:37:02 graph]: start epoch 57.
[2023-03-17 17:37:02] PRINT [03/17 17:37:02 graph]: # Epoch 57: train_loss: 0.2618 | lr: 0.000113
[2023-03-17 17:37:03] PRINT [03/17 17:37:03 graph]: --- Testf1: 0.81300, Best Valacc: 0.77000 in epoch 13 --- 
[2023-03-17 17:37:03] PRINT [03/17 17:37:03 graph]: Epoch 57: get test acc score:  0.813
[2023-03-17 17:37:03] PRINT [03/17 17:37:03 graph]: best_f1 0.813 at epoch 57
[2023-03-17 17:37:03] PRINT [03/17 17:37:03 graph]: start epoch 58.
[2023-03-17 17:37:03] PRINT [03/17 17:37:03 graph]: # Epoch 58: train_loss: 0.2571 | lr: 0.000113
[2023-03-17 17:37:04] PRINT [03/17 17:37:04 graph]: --- Testf1: 0.80800, Best Valacc: 0.77000 in epoch 28 --- 
[2023-03-17 17:37:04] PRINT [03/17 17:37:04 graph]: Epoch 58: get test acc score:  0.808
[2023-03-17 17:37:04] PRINT [03/17 17:37:04 graph]: best_f1 0.813 at epoch 57
[2023-03-17 17:37:04] PRINT [03/17 17:37:04 graph]: start epoch 59.
[2023-03-17 17:37:04] PRINT [03/17 17:37:04 graph]: # Epoch 59: train_loss: 0.2544 | lr: 0.000113
[2023-03-17 17:37:05] PRINT [03/17 17:37:05 graph]: --- Testf1: 0.80100, Best Valacc: 0.76000 in epoch 5 --- 
[2023-03-17 17:37:05] PRINT [03/17 17:37:05 graph]: Epoch 59: get test acc score:  0.801
[2023-03-17 17:37:05] PRINT [03/17 17:37:05 graph]: best_f1 0.813 at epoch 57
[2023-03-17 17:37:05] PRINT [03/17 17:37:05 graph]: start epoch 60.
[2023-03-17 17:37:05] PRINT [03/17 17:37:05 graph]: # Epoch 60: train_loss: 0.2531 | lr: 0.000113
[2023-03-17 17:37:06] PRINT [03/17 17:37:06 graph]: --- Testf1: 0.80000, Best Valacc: 0.76600 in epoch 15 --- 
[2023-03-17 17:37:07] PRINT [03/17 17:37:07 graph]: Epoch 60: get test acc score:  0.800
[2023-03-17 17:37:07] PRINT [03/17 17:37:07 graph]: best_f1 0.813 at epoch 57
[2023-03-17 17:37:07] PRINT [03/17 17:37:07 graph]: start epoch 61.
[2023-03-17 17:37:07] PRINT [03/17 17:37:07 graph]: # Epoch 61: train_loss: 0.2489 | lr: 0.000113
[2023-03-17 17:37:07] PRINT [03/17 17:37:07 graph]: --- Testf1: 0.80000, Best Valacc: 0.78600 in epoch 31 --- 
[2023-03-17 17:37:08] PRINT [03/17 17:37:08 graph]: Epoch 61: get test acc score:  0.800
[2023-03-17 17:37:08] PRINT [03/17 17:37:08 graph]: best_f1 0.813 at epoch 57
[2023-03-17 17:37:08] PRINT [03/17 17:37:08 graph]: start epoch 62.
[2023-03-17 17:37:08] PRINT [03/17 17:37:08 graph]: # Epoch 62: train_loss: 0.2475 | lr: 0.000113
[2023-03-17 17:37:09] PRINT [03/17 17:37:09 graph]: --- Testf1: 0.78700, Best Valacc: 0.77400 in epoch 29 --- 
[2023-03-17 17:37:09] PRINT [03/17 17:37:09 graph]: Epoch 62: get test acc score:  0.787
[2023-03-17 17:37:09] PRINT [03/17 17:37:09 graph]: best_f1 0.813 at epoch 57
[2023-03-17 17:37:09] PRINT [03/17 17:37:09 graph]: start epoch 63.
[2023-03-17 17:37:09] PRINT [03/17 17:37:09 graph]: # Epoch 63: train_loss: 0.2445 | lr: 0.000113
[2023-03-17 17:37:10] PRINT [03/17 17:37:10 graph]: --- Testf1: 0.79400, Best Valacc: 0.78200 in epoch 67 --- 
[2023-03-17 17:37:10] PRINT [03/17 17:37:10 graph]: Epoch 63: get test acc score:  0.794
[2023-03-17 17:37:10] PRINT [03/17 17:37:10 graph]: best_f1 0.813 at epoch 57
[2023-03-17 17:37:10] PRINT [03/17 17:37:10 graph]: start epoch 64.
[2023-03-17 17:37:10] PRINT [03/17 17:37:10 graph]: # Epoch 64: train_loss: 0.2415 | lr: 0.000113
[2023-03-17 17:37:11] PRINT [03/17 17:37:11 graph]: --- Testf1: 0.80600, Best Valacc: 0.77600 in epoch 5 --- 
[2023-03-17 17:37:11] PRINT [03/17 17:37:11 graph]: Epoch 64: get test acc score:  0.806
[2023-03-17 17:37:11] PRINT [03/17 17:37:11 graph]: best_f1 0.813 at epoch 57
[2023-03-17 17:37:11] PRINT [03/17 17:37:11 graph]: start epoch 65.
[2023-03-17 17:37:11] PRINT [03/17 17:37:11 graph]: # Epoch 65: train_loss: 0.2417 | lr: 0.000113
[2023-03-17 17:37:12] PRINT [03/17 17:37:12 graph]: --- Testf1: 0.80200, Best Valacc: 0.77200 in epoch 5 --- 
[2023-03-17 17:37:12] PRINT [03/17 17:37:12 graph]: Epoch 65: get test acc score:  0.802
[2023-03-17 17:37:12] PRINT [03/17 17:37:12 graph]: best_f1 0.813 at epoch 57
[2023-03-17 17:37:12] PRINT [03/17 17:37:12 graph]: start epoch 66.
[2023-03-17 17:37:12] PRINT [03/17 17:37:12 graph]: # Epoch 66: train_loss: 0.2389 | lr: 0.000113
[2023-03-17 17:37:13] PRINT [03/17 17:37:13 graph]: --- Testf1: 0.78500, Best Valacc: 0.77400 in epoch 37 --- 
[2023-03-17 17:37:13] PRINT [03/17 17:37:13 graph]: Epoch 66: get test acc score:  0.785
[2023-03-17 17:37:13] PRINT [03/17 17:37:13 graph]: best_f1 0.813 at epoch 57
[2023-03-17 17:37:13] PRINT [03/17 17:37:13 graph]: start epoch 67.
[2023-03-17 17:37:14] PRINT [03/17 17:37:14 graph]: # Epoch 67: train_loss: 0.2354 | lr: 0.000113
[2023-03-17 17:37:14] PRINT [03/17 17:37:14 graph]: --- Testf1: 0.79000, Best Valacc: 0.76800 in epoch 49 --- 
[2023-03-17 17:37:15] PRINT [03/17 17:37:15 graph]: Epoch 67: get test acc score:  0.790
[2023-03-17 17:37:15] PRINT [03/17 17:37:15 graph]: best_f1 0.813 at epoch 57
[2023-03-17 17:37:15] PRINT [03/17 17:37:15 graph]: start epoch 68.
[2023-03-17 17:37:15] PRINT [03/17 17:37:15 graph]: # Epoch 68: train_loss: 0.2311 | lr: 0.000113
[2023-03-17 17:37:16] PRINT [03/17 17:37:16 graph]: --- Testf1: 0.78300, Best Valacc: 0.78000 in epoch 37 --- 
[2023-03-17 17:37:16] PRINT [03/17 17:37:16 graph]: Epoch 68: get test acc score:  0.783
[2023-03-17 17:37:16] PRINT [03/17 17:37:16 graph]: best_f1 0.813 at epoch 57
[2023-03-17 17:37:16] PRINT [03/17 17:37:16 graph]: start epoch 69.
[2023-03-17 17:37:16] PRINT [03/17 17:37:16 graph]: # Epoch 69: train_loss: 0.2303 | lr: 0.000113
[2023-03-17 17:37:17] PRINT [03/17 17:37:17 graph]: --- Testf1: 0.78100, Best Valacc: 0.77200 in epoch 37 --- 
[2023-03-17 17:37:17] PRINT [03/17 17:37:17 graph]: Epoch 69: get test acc score:  0.781
[2023-03-17 17:37:17] PRINT [03/17 17:37:17 graph]: best_f1 0.813 at epoch 57
[2023-03-17 17:37:17] PRINT [03/17 17:37:17 graph]: start epoch 70.
[2023-03-17 17:37:17] PRINT [03/17 17:37:17 graph]: # Epoch 70: train_loss: 0.2262 | lr: 0.000113
[2023-03-17 17:37:18] PRINT [03/17 17:37:18 graph]: --- Testf1: 0.79800, Best Valacc: 0.77000 in epoch 16 --- 
[2023-03-17 17:37:18] PRINT [03/17 17:37:18 graph]: Epoch 70: get test acc score:  0.798
[2023-03-17 17:37:18] PRINT [03/17 17:37:18 graph]: best_f1 0.813 at epoch 57
[2023-03-17 17:37:18] PRINT [03/17 17:37:18 graph]: start epoch 71.
[2023-03-17 17:37:18] PRINT [03/17 17:37:18 graph]: # Epoch 71: train_loss: 0.2272 | lr: 0.000113
[2023-03-17 17:37:19] PRINT [03/17 17:37:19 graph]: --- Testf1: 0.80400, Best Valacc: 0.77800 in epoch 26 --- 
[2023-03-17 17:37:19] PRINT [03/17 17:37:19 graph]: Epoch 71: get test acc score:  0.804
[2023-03-17 17:37:19] PRINT [03/17 17:37:19 graph]: best_f1 0.813 at epoch 57
[2023-03-17 17:37:19] PRINT [03/17 17:37:19 graph]: start epoch 72.
[2023-03-17 17:37:19] PRINT [03/17 17:37:19 graph]: # Epoch 72: train_loss: 0.2232 | lr: 0.000113
[2023-03-17 17:37:20] PRINT [03/17 17:37:20 graph]: --- Testf1: 0.78100, Best Valacc: 0.77600 in epoch 21 --- 
[2023-03-17 17:37:20] PRINT [03/17 17:37:20 graph]: Epoch 72: get test acc score:  0.781
[2023-03-17 17:37:20] PRINT [03/17 17:37:20 graph]: best_f1 0.813 at epoch 57
[2023-03-17 17:37:20] PRINT [03/17 17:37:20 graph]: start epoch 73.
[2023-03-17 17:37:20] PRINT [03/17 17:37:20 graph]: # Epoch 73: train_loss: 0.2242 | lr: 0.000113
[2023-03-17 17:37:21] PRINT [03/17 17:37:21 graph]: --- Testf1: 0.79400, Best Valacc: 0.76800 in epoch 11 --- 
[2023-03-17 17:37:22] PRINT [03/17 17:37:22 graph]: Epoch 73: get test acc score:  0.794
[2023-03-17 17:37:22] PRINT [03/17 17:37:22 graph]: best_f1 0.813 at epoch 57
[2023-03-17 17:37:22] PRINT [03/17 17:37:22 graph]: start epoch 74.
[2023-03-17 17:37:22] PRINT [03/17 17:37:22 graph]: # Epoch 74: train_loss: 0.2210 | lr: 0.000113
[2023-03-17 17:37:22] PRINT [03/17 17:37:22 graph]: --- Testf1: 0.78900, Best Valacc: 0.76200 in epoch 23 --- 
[2023-03-17 17:37:23] PRINT [03/17 17:37:23 graph]: Epoch 74: get test acc score:  0.789
[2023-03-17 17:37:23] PRINT [03/17 17:37:23 graph]: best_f1 0.813 at epoch 57
[2023-03-17 17:37:23] PRINT [03/17 17:37:23 graph]: start epoch 75.
[2023-03-17 17:37:23] PRINT [03/17 17:37:23 graph]: # Epoch 75: train_loss: 0.2210 | lr: 0.000113
[2023-03-17 17:37:24] PRINT [03/17 17:37:24 graph]: --- Testf1: 0.78200, Best Valacc: 0.77200 in epoch 20 --- 
[2023-03-17 17:37:24] PRINT [03/17 17:37:24 graph]: Epoch 75: get test acc score:  0.782
[2023-03-17 17:37:24] PRINT [03/17 17:37:24 graph]: best_f1 0.813 at epoch 57
[2023-03-17 17:37:24] PRINT [03/17 17:37:24 graph]: start epoch 76.
[2023-03-17 17:37:24] PRINT [03/17 17:37:24 graph]: # Epoch 76: train_loss: 0.2181 | lr: 0.000113
[2023-03-17 17:37:25] PRINT [03/17 17:37:25 graph]: --- Testf1: 0.79100, Best Valacc: 0.76800 in epoch 12 --- 
[2023-03-17 17:37:25] PRINT [03/17 17:37:25 graph]: Epoch 76: get test acc score:  0.791
[2023-03-17 17:37:25] PRINT [03/17 17:37:25 graph]: best_f1 0.813 at epoch 57
[2023-03-17 17:37:25] PRINT [03/17 17:37:25 graph]: start epoch 77.
[2023-03-17 17:37:25] PRINT [03/17 17:37:25 graph]: # Epoch 77: train_loss: 0.2157 | lr: 0.000113
[2023-03-17 17:37:26] PRINT [03/17 17:37:26 graph]: --- Testf1: 0.78600, Best Valacc: 0.76600 in epoch 20 --- 
[2023-03-17 17:37:26] PRINT [03/17 17:37:26 graph]: Epoch 77: get test acc score:  0.786
[2023-03-17 17:37:26] PRINT [03/17 17:37:26 graph]: best_f1 0.813 at epoch 57
[2023-03-17 17:37:26] PRINT [03/17 17:37:26 graph]: start epoch 78.
[2023-03-17 17:37:26] PRINT [03/17 17:37:26 graph]: # Epoch 78: train_loss: 0.2165 | lr: 0.000113
[2023-03-17 17:37:27] PRINT [03/17 17:37:27 graph]: --- Testf1: 0.80100, Best Valacc: 0.77800 in epoch 6 --- 
[2023-03-17 17:37:27] PRINT [03/17 17:37:27 graph]: Epoch 78: get test acc score:  0.801
[2023-03-17 17:37:27] PRINT [03/17 17:37:27 graph]: best_f1 0.813 at epoch 57
[2023-03-17 17:37:27] PRINT [03/17 17:37:27 graph]: start epoch 79.
[2023-03-17 17:37:27] PRINT [03/17 17:37:27 graph]: # Epoch 79: train_loss: 0.2143 | lr: 0.000113
[2023-03-17 17:37:28] PRINT [03/17 17:37:28 graph]: --- Testf1: 0.78400, Best Valacc: 0.75400 in epoch 16 --- 
[2023-03-17 17:37:28] PRINT [03/17 17:37:28 graph]: Epoch 79: get test acc score:  0.784
[2023-03-17 17:37:28] PRINT [03/17 17:37:28 graph]: best_f1 0.813 at epoch 57
[2023-03-17 17:37:28] PRINT [03/17 17:37:28 graph]: start epoch 80.
[2023-03-17 17:37:28] PRINT [03/17 17:37:28 graph]: # Epoch 80: train_loss: 0.2124 | lr: 0.000113
[2023-03-17 17:37:29] PRINT [03/17 17:37:29 graph]: --- Testf1: 0.78500, Best Valacc: 0.76200 in epoch 17 --- 
[2023-03-17 17:37:30] PRINT [03/17 17:37:30 graph]: Epoch 80: get test acc score:  0.785
[2023-03-17 17:37:30] PRINT [03/17 17:37:30 graph]: best_f1 0.813 at epoch 57
[2023-03-17 17:37:30] PRINT [03/17 17:37:30 graph]: start epoch 81.
[2023-03-17 17:37:30] PRINT [03/17 17:37:30 graph]: # Epoch 81: train_loss: 0.2107 | lr: 0.000113
[2023-03-17 17:37:30] PRINT [03/17 17:37:30 graph]: --- Testf1: 0.80200, Best Valacc: 0.76400 in epoch 21 --- 
[2023-03-17 17:37:31] PRINT [03/17 17:37:31 graph]: Epoch 81: get test acc score:  0.802
[2023-03-17 17:37:31] PRINT [03/17 17:37:31 graph]: best_f1 0.813 at epoch 57
[2023-03-17 17:37:31] PRINT [03/17 17:37:31 graph]: start epoch 82.
[2023-03-17 17:37:31] PRINT [03/17 17:37:31 graph]: # Epoch 82: train_loss: 0.2083 | lr: 0.000113
[2023-03-17 17:37:32] PRINT [03/17 17:37:32 graph]: --- Testf1: 0.78900, Best Valacc: 0.76400 in epoch 8 --- 
[2023-03-17 17:37:32] PRINT [03/17 17:37:32 graph]: Epoch 82: get test acc score:  0.789
[2023-03-17 17:37:32] PRINT [03/17 17:37:32 graph]: best_f1 0.813 at epoch 57
[2023-03-17 17:37:32] PRINT [03/17 17:37:32 graph]: start epoch 83.
[2023-03-17 17:37:32] PRINT [03/17 17:37:32 graph]: # Epoch 83: train_loss: 0.2077 | lr: 0.000113
[2023-03-17 17:37:33] PRINT [03/17 17:37:33 graph]: --- Testf1: 0.77900, Best Valacc: 0.75800 in epoch 9 --- 
[2023-03-17 17:37:33] PRINT [03/17 17:37:33 graph]: Epoch 83: get test acc score:  0.779
[2023-03-17 17:37:33] PRINT [03/17 17:37:33 graph]: best_f1 0.813 at epoch 57
[2023-03-17 17:37:33] PRINT [03/17 17:37:33 graph]: start epoch 84.
[2023-03-17 17:37:33] PRINT [03/17 17:37:33 graph]: # Epoch 84: train_loss: 0.2082 | lr: 0.000113
[2023-03-17 17:37:34] PRINT [03/17 17:37:34 graph]: --- Testf1: 0.79700, Best Valacc: 0.77600 in epoch 11 --- 
[2023-03-17 17:37:34] PRINT [03/17 17:37:34 graph]: Epoch 84: get test acc score:  0.797
[2023-03-17 17:37:34] PRINT [03/17 17:37:34 graph]: best_f1 0.813 at epoch 57
[2023-03-17 17:37:34] PRINT [03/17 17:37:34 graph]: start epoch 85.
[2023-03-17 17:37:34] PRINT [03/17 17:37:34 graph]: # Epoch 85: train_loss: 0.2044 | lr: 0.000113
[2023-03-17 17:37:35] PRINT [03/17 17:37:35 graph]: --- Testf1: 0.79500, Best Valacc: 0.75200 in epoch 16 --- 
[2023-03-17 17:37:35] PRINT [03/17 17:37:35 graph]: Epoch 85: get test acc score:  0.795
[2023-03-17 17:37:35] PRINT [03/17 17:37:35 graph]: best_f1 0.813 at epoch 57
[2023-03-17 17:37:35] PRINT [03/17 17:37:35 graph]: start epoch 86.
[2023-03-17 17:37:35] PRINT [03/17 17:37:35 graph]: # Epoch 86: train_loss: 0.2025 | lr: 0.000113
[2023-03-17 17:37:36] PRINT [03/17 17:37:36 graph]: --- Testf1: 0.79600, Best Valacc: 0.77000 in epoch 6 --- 
[2023-03-17 17:37:36] PRINT [03/17 17:37:36 graph]: Epoch 86: get test acc score:  0.796
[2023-03-17 17:37:36] PRINT [03/17 17:37:36 graph]: best_f1 0.813 at epoch 57
[2023-03-17 17:37:36] PRINT [03/17 17:37:36 graph]: start epoch 87.
[2023-03-17 17:37:36] PRINT [03/17 17:37:36 graph]: # Epoch 87: train_loss: 0.2043 | lr: 0.000113
[2023-03-17 17:37:37] PRINT [03/17 17:37:37 graph]: --- Testf1: 0.79100, Best Valacc: 0.77800 in epoch 28 --- 
[2023-03-17 17:37:38] PRINT [03/17 17:37:38 graph]: Epoch 87: get test acc score:  0.791
[2023-03-17 17:37:38] PRINT [03/17 17:37:38 graph]: best_f1 0.813 at epoch 57
[2023-03-17 17:37:38] PRINT [03/17 17:37:38 graph]: start epoch 88.
[2023-03-17 17:37:38] PRINT [03/17 17:37:38 graph]: # Epoch 88: train_loss: 0.2008 | lr: 0.000113
[2023-03-17 17:37:38] PRINT [03/17 17:37:38 graph]: --- Testf1: 0.78300, Best Valacc: 0.76200 in epoch 24 --- 
[2023-03-17 17:37:39] PRINT [03/17 17:37:39 graph]: Epoch 88: get test acc score:  0.783
[2023-03-17 17:37:39] PRINT [03/17 17:37:39 graph]: best_f1 0.813 at epoch 57
[2023-03-17 17:37:39] PRINT [03/17 17:37:39 graph]: start epoch 89.
[2023-03-17 17:37:39] PRINT [03/17 17:37:39 graph]: # Epoch 89: train_loss: 0.1987 | lr: 0.000113
[2023-03-17 17:37:40] PRINT [03/17 17:37:40 graph]: --- Testf1: 0.77700, Best Valacc: 0.76800 in epoch 25 --- 
[2023-03-17 17:37:40] PRINT [03/17 17:37:40 graph]: Epoch 89: get test acc score:  0.777
[2023-03-17 17:37:40] PRINT [03/17 17:37:40 graph]: best_f1 0.813 at epoch 57
[2023-03-17 17:37:40] PRINT [03/17 17:37:40 graph]: start epoch 90.
[2023-03-17 17:37:40] PRINT [03/17 17:37:40 graph]: # Epoch 90: train_loss: 0.1996 | lr: 0.000113
[2023-03-17 17:37:41] PRINT [03/17 17:37:41 graph]: --- Testf1: 0.79400, Best Valacc: 0.74800 in epoch 9 --- 
[2023-03-17 17:37:41] PRINT [03/17 17:37:41 graph]: Epoch 90: get test acc score:  0.794
[2023-03-17 17:37:41] PRINT [03/17 17:37:41 graph]: best_f1 0.813 at epoch 57
[2023-03-17 17:37:41] PRINT [03/17 17:37:41 graph]: start epoch 91.
[2023-03-17 17:37:41] PRINT [03/17 17:37:41 graph]: # Epoch 91: train_loss: 0.1945 | lr: 0.000113
[2023-03-17 17:37:42] PRINT [03/17 17:37:42 graph]: --- Testf1: 0.80300, Best Valacc: 0.78000 in epoch 9 --- 
[2023-03-17 17:37:42] PRINT [03/17 17:37:42 graph]: Epoch 91: get test acc score:  0.803
[2023-03-17 17:37:42] PRINT [03/17 17:37:42 graph]: best_f1 0.813 at epoch 57
[2023-03-17 17:37:42] PRINT [03/17 17:37:42 graph]: start epoch 92.
[2023-03-17 17:37:42] PRINT [03/17 17:37:42 graph]: # Epoch 92: train_loss: 0.1923 | lr: 0.000113
[2023-03-17 17:37:43] PRINT [03/17 17:37:43 graph]: --- Testf1: 0.79300, Best Valacc: 0.74600 in epoch 30 --- 
[2023-03-17 17:37:43] PRINT [03/17 17:37:43 graph]: Epoch 92: get test acc score:  0.793
[2023-03-17 17:37:43] PRINT [03/17 17:37:43 graph]: best_f1 0.813 at epoch 57
[2023-03-17 17:37:43] PRINT [03/17 17:37:43 graph]: start epoch 93.
[2023-03-17 17:37:43] PRINT [03/17 17:37:43 graph]: # Epoch 93: train_loss: 0.1934 | lr: 0.000113
[2023-03-17 17:37:44] PRINT [03/17 17:37:44 graph]: --- Testf1: 0.78500, Best Valacc: 0.75400 in epoch 12 --- 
[2023-03-17 17:37:44] PRINT [03/17 17:37:44 graph]: Epoch 93: get test acc score:  0.785
[2023-03-17 17:37:44] PRINT [03/17 17:37:44 graph]: best_f1 0.813 at epoch 57
[2023-03-17 17:37:44] PRINT [03/17 17:37:44 graph]: start epoch 94.
[2023-03-17 17:37:44] PRINT [03/17 17:37:44 graph]: # Epoch 94: train_loss: 0.1911 | lr: 0.000113
[2023-03-17 17:37:45] PRINT [03/17 17:37:45 graph]: --- Testf1: 0.79500, Best Valacc: 0.77600 in epoch 15 --- 
[2023-03-17 17:37:46] PRINT [03/17 17:37:46 graph]: Epoch 94: get test acc score:  0.795
[2023-03-17 17:37:46] PRINT [03/17 17:37:46 graph]: best_f1 0.813 at epoch 57
[2023-03-17 17:37:46] PRINT [03/17 17:37:46 graph]: start epoch 95.
[2023-03-17 17:37:46] PRINT [03/17 17:37:46 graph]: # Epoch 95: train_loss: 0.1892 | lr: 0.000113
[2023-03-17 17:37:46] PRINT [03/17 17:37:46 graph]: --- Testf1: 0.77600, Best Valacc: 0.76200 in epoch 71 --- 
[2023-03-17 17:37:47] PRINT [03/17 17:37:47 graph]: Epoch 95: get test acc score:  0.776
[2023-03-17 17:37:47] PRINT [03/17 17:37:47 graph]: best_f1 0.813 at epoch 57
[2023-03-17 17:37:47] PRINT [03/17 17:37:47 graph]: start epoch 96.
[2023-03-17 17:37:47] PRINT [03/17 17:37:47 graph]: # Epoch 96: train_loss: 0.1882 | lr: 0.000113
[2023-03-17 17:37:48] PRINT [03/17 17:37:48 graph]: --- Testf1: 0.79400, Best Valacc: 0.77200 in epoch 16 --- 
[2023-03-17 17:37:48] PRINT [03/17 17:37:48 graph]: Epoch 96: get test acc score:  0.794
[2023-03-17 17:37:48] PRINT [03/17 17:37:48 graph]: best_f1 0.813 at epoch 57
[2023-03-17 17:37:48] PRINT [03/17 17:37:48 graph]: start epoch 97.
[2023-03-17 17:37:48] PRINT [03/17 17:37:48 graph]: # Epoch 97: train_loss: 0.1867 | lr: 0.000113
[2023-03-17 17:37:49] PRINT [03/17 17:37:49 graph]: --- Testf1: 0.77700, Best Valacc: 0.78000 in epoch 24 --- 
[2023-03-17 17:37:49] PRINT [03/17 17:37:49 graph]: Epoch 97: get test acc score:  0.777
[2023-03-17 17:37:49] PRINT [03/17 17:37:49 graph]: best_f1 0.813 at epoch 57
[2023-03-17 17:37:49] PRINT [03/17 17:37:49 graph]: start epoch 98.
[2023-03-17 17:37:49] PRINT [03/17 17:37:49 graph]: # Epoch 98: train_loss: 0.1873 | lr: 0.000113
[2023-03-17 17:37:50] PRINT [03/17 17:37:50 graph]: --- Testf1: 0.79400, Best Valacc: 0.77400 in epoch 12 --- 
[2023-03-17 17:37:50] PRINT [03/17 17:37:50 graph]: Epoch 98: get test acc score:  0.794
[2023-03-17 17:37:50] PRINT [03/17 17:37:50 graph]: best_f1 0.813 at epoch 57
[2023-03-17 17:37:50] PRINT [03/17 17:37:50 graph]: start epoch 99.
[2023-03-17 17:37:50] PRINT [03/17 17:37:50 graph]: # Epoch 99: train_loss: 0.1852 | lr: 0.000113
[2023-03-17 17:37:51] PRINT [03/17 17:37:51 graph]: --- Testf1: 0.77700, Best Valacc: 0.77400 in epoch 9 --- 
[2023-03-17 17:37:51] PRINT [03/17 17:37:51 graph]: Epoch 99: get test acc score:  0.777
[2023-03-17 17:37:51] PRINT [03/17 17:37:51 graph]: best_f1 0.813 at epoch 57
[2023-03-17 17:37:51] PRINT [03/17 17:37:51 graph]: # final_acc: 0.8130±0.0000
