[2023-03-13 00:17:36] PRINT ---new cfg------
[2023-03-13 00:17:36] PRINT {'DATA': {'data_name': 'cora'}, 'DATALOADER': {'NUM_WORKERS': 0}, 'MODEL': {'num_hidden': 512, 'num_layers': 2, 'nhead': 4, 'activation': 'prelu', 'attn_drop': 0.30000000000000004, 'feat_drop': 0.30000000000000004, 'norm': 'batchnorm', 'pooler': 'mean', 'beta_schedule': 'linear', 'beta_1': 0.0008829350294577249, 'beta_T': 0.04324317952816284, 'T': 591}, 'SOLVER': {'optim_type': 'adam', 'optim_type_f': 'adamw', 'alpha': 1, 'decay': 40, 'LR': 0.00015317630504613816, 'LR_f': 0.0012678607540312636, 'weight_decay': 0, 'weight_decay_f': 1.0550261397333692e-05, 'MAX_EPOCH': 100, 'max_epoch_f': 100}, 'DEVICE': 'cuda', 'seeds': [0], 'eval_T': [50, 100, 200], 'output_dir': '/ddm-nni/Cora/log', 'checkpoint_dir': '/ddm-nni/Cora/log/checkpoint'}
[2023-03-13 00:17:36] PRINT [03/13 00:17:36 graph]: Rank of current process: 0. World size: 1
[2023-03-13 00:17:40] PRINT [03/13 00:17:40 graph]: Environment info:
[2023-03-13 00:17:40] PRINT PyTorch version: 1.10.0+cu113
[2023-03-13 00:17:40] PRINT Is debug build: False
[2023-03-13 00:17:40] PRINT CUDA used to build PyTorch: 11.3
[2023-03-13 00:17:40] PRINT ROCM used to build PyTorch: N/A
[2023-03-13 00:17:40] PRINT 
[2023-03-13 00:17:40] PRINT OS: Ubuntu 20.04.3 LTS (x86_64)
[2023-03-13 00:17:40] PRINT GCC version: (Ubuntu 9.3.0-17ubuntu1~20.04) 9.3.0
[2023-03-13 00:17:40] PRINT Clang version: Could not collect
[2023-03-13 00:17:40] PRINT CMake version: version 3.16.3
[2023-03-13 00:17:40] PRINT Libc version: glibc-2.31
[2023-03-13 00:17:40] PRINT 
[2023-03-13 00:17:40] PRINT Python version: 3.8.10 (default, Jun  4 2021, 15:09:15)  [GCC 7.5.0] (64-bit runtime)
[2023-03-13 00:17:40] PRINT Python platform: Linux-5.4.0-90-generic-x86_64-with-glibc2.17
[2023-03-13 00:17:40] PRINT Is CUDA available: True
[2023-03-13 00:17:40] PRINT CUDA runtime version: 11.3.109
[2023-03-13 00:17:40] PRINT GPU models and configuration: GPU 0: NVIDIA GeForce RTX 3090
[2023-03-13 00:17:40] PRINT Nvidia driver version: 495.44
[2023-03-13 00:17:40] PRINT cuDNN version: Probably one of the following:
[2023-03-13 00:17:40] PRINT /usr/lib/x86_64-linux-gnu/libcudnn.so.8.2.0
[2023-03-13 00:17:40] PRINT /usr/lib/x86_64-linux-gnu/libcudnn_adv_infer.so.8.2.0
[2023-03-13 00:17:40] PRINT /usr/lib/x86_64-linux-gnu/libcudnn_adv_train.so.8.2.0
[2023-03-13 00:17:40] PRINT /usr/lib/x86_64-linux-gnu/libcudnn_cnn_infer.so.8.2.0
[2023-03-13 00:17:40] PRINT /usr/lib/x86_64-linux-gnu/libcudnn_cnn_train.so.8.2.0
[2023-03-13 00:17:40] PRINT /usr/lib/x86_64-linux-gnu/libcudnn_ops_infer.so.8.2.0
[2023-03-13 00:17:40] PRINT /usr/lib/x86_64-linux-gnu/libcudnn_ops_train.so.8.2.0
[2023-03-13 00:17:40] PRINT HIP runtime version: N/A
[2023-03-13 00:17:40] PRINT MIOpen runtime version: N/A
[2023-03-13 00:17:40] PRINT 
[2023-03-13 00:17:40] PRINT Versions of relevant libraries:
[2023-03-13 00:17:40] PRINT [pip3] numpy==1.23.5
[2023-03-13 00:17:40] PRINT [pip3] torch==1.10.0+cu113
[2023-03-13 00:17:40] PRINT [pip3] torchvision==0.11.1+cu113
[2023-03-13 00:17:40] PRINT [conda] blas                      1.0                         mkl    https://mirrors.ustc.edu.cn/anaconda/pkgs/main
[2023-03-13 00:17:40] PRINT [conda] mkl                       2021.4.0           h06a4308_640    https://mirrors.ustc.edu.cn/anaconda/pkgs/main
[2023-03-13 00:17:40] PRINT [conda] mkl-service               2.4.0            py38h7f8727e_0    https://mirrors.ustc.edu.cn/anaconda/pkgs/main
[2023-03-13 00:17:40] PRINT [conda] mkl_fft                   1.3.1            py38hd3c417c_0    https://mirrors.ustc.edu.cn/anaconda/pkgs/main
[2023-03-13 00:17:40] PRINT [conda] mkl_random                1.2.2            py38h51133e4_0    https://mirrors.ustc.edu.cn/anaconda/pkgs/main
[2023-03-13 00:17:40] PRINT [conda] numpy                     1.21.4                   pypi_0    pypi
[2023-03-13 00:17:40] PRINT [conda] numpy-base                1.23.5           py38h31eccc5_0    https://mirrors.ustc.edu.cn/anaconda/pkgs/main
[2023-03-13 00:17:40] PRINT [conda] torch                     1.10.0+cu113             pypi_0    pypi
[2023-03-13 00:17:40] PRINT [conda] torchvision               0.11.1+cu113             pypi_0    pypi
[2023-03-13 00:17:40] PRINT         Pillow (8.4.0)
[2023-03-13 00:17:40] PRINT [03/13 00:17:40 graph]: Command line arguments: Namespace(local_rank=0, resume=False, seed=1234, start_epoch=0)
[2023-03-13 00:17:40] PRINT   NumNodes: 2708
[2023-03-13 00:17:40] PRINT   NumEdges: 10556
[2023-03-13 00:17:40] PRINT   NumFeats: 1433
[2023-03-13 00:17:40] PRINT   NumClasses: 7
[2023-03-13 00:17:40] PRINT   NumTrainingSamples: 140
[2023-03-13 00:17:40] PRINT   NumValidationSamples: 500
[2023-03-13 00:17:40] PRINT   NumTestSamples: 1000
[2023-03-13 00:17:40] PRINT Done loading data from cached files.
[2023-03-13 00:17:40] PRINT [03/13 00:17:40 graph]: Run 0th for seed 0
[2023-03-13 00:17:40] PRINT [03/13 00:17:40 graph]: Total trainable params num : 13406191
[2023-03-13 00:17:44] PRINT [03/13 00:17:44 graph]: ----------Start Training----------
[2023-03-13 00:17:44] PRINT [03/13 00:17:44 graph]: start epoch 0.
[2023-03-13 00:17:45] PRINT [03/13 00:17:45 graph]: # Epoch 0: train_loss: 0.9926 | lr: 0.000153
[2023-03-13 00:17:45] PRINT [03/13 00:17:45 graph]: start epoch 1.
[2023-03-13 00:17:45] PRINT [03/13 00:17:45 graph]: # Epoch 1: train_loss: 0.8634 | lr: 0.000153
[2023-03-13 00:17:45] PRINT [03/13 00:17:45 graph]: start epoch 2.
[2023-03-13 00:17:45] PRINT [03/13 00:17:45 graph]: # Epoch 2: train_loss: 0.7842 | lr: 0.000153
[2023-03-13 00:17:45] PRINT [03/13 00:17:45 graph]: start epoch 3.
[2023-03-13 00:17:45] PRINT [03/13 00:17:45 graph]: # Epoch 3: train_loss: 0.7260 | lr: 0.000153
[2023-03-13 00:17:45] PRINT [03/13 00:17:45 graph]: start epoch 4.
[2023-03-13 00:17:45] PRINT [03/13 00:17:45 graph]: # Epoch 4: train_loss: 0.6856 | lr: 0.000153
[2023-03-13 00:17:45] PRINT [03/13 00:17:45 graph]: start epoch 5.
[2023-03-13 00:17:45] PRINT [03/13 00:17:45 graph]: # Epoch 5: train_loss: 0.6598 | lr: 0.000153
[2023-03-13 00:17:45] PRINT [03/13 00:17:45 graph]: start epoch 6.
[2023-03-13 00:17:45] PRINT [03/13 00:17:45 graph]: # Epoch 6: train_loss: 0.6462 | lr: 0.000153
[2023-03-13 00:17:45] PRINT [03/13 00:17:45 graph]: start epoch 7.
[2023-03-13 00:17:45] PRINT [03/13 00:17:45 graph]: # Epoch 7: train_loss: 0.6369 | lr: 0.000153
[2023-03-13 00:17:45] PRINT [03/13 00:17:45 graph]: start epoch 8.
[2023-03-13 00:17:45] PRINT [03/13 00:17:45 graph]: # Epoch 8: train_loss: 0.6317 | lr: 0.000153
[2023-03-13 00:17:45] PRINT [03/13 00:17:45 graph]: start epoch 9.
[2023-03-13 00:17:45] PRINT [03/13 00:17:45 graph]: # Epoch 9: train_loss: 0.6278 | lr: 0.000153
[2023-03-13 00:17:45] PRINT [03/13 00:17:45 graph]: start epoch 10.
[2023-03-13 00:17:45] PRINT [03/13 00:17:45 graph]: # Epoch 10: train_loss: 0.6223 | lr: 0.000153
[2023-03-13 00:17:45] PRINT [03/13 00:17:45 graph]: start epoch 11.
[2023-03-13 00:17:45] PRINT [03/13 00:17:45 graph]: # Epoch 11: train_loss: 0.6167 | lr: 0.000153
[2023-03-13 00:17:46] PRINT [03/13 00:17:46 graph]: --- Testf1: 0.73500, Best Valacc: 0.63600 in epoch 99 --- 
[2023-03-13 00:17:46] PRINT [03/13 00:17:46 graph]: Epoch 11: get test acc score:  0.735
[2023-03-13 00:17:46] PRINT [03/13 00:17:46 graph]: best_f1 0.735 at epoch 11
[2023-03-13 00:17:46] PRINT [03/13 00:17:46 graph]: start epoch 12.
[2023-03-13 00:17:46] PRINT [03/13 00:17:46 graph]: # Epoch 12: train_loss: 0.6103 | lr: 0.000153
[2023-03-13 00:17:47] PRINT [03/13 00:17:47 graph]: --- Testf1: 0.75700, Best Valacc: 0.65400 in epoch 97 --- 
[2023-03-13 00:17:47] PRINT [03/13 00:17:47 graph]: Epoch 12: get test acc score:  0.757
[2023-03-13 00:17:47] PRINT [03/13 00:17:47 graph]: best_f1 0.757 at epoch 12
[2023-03-13 00:17:47] PRINT [03/13 00:17:47 graph]: start epoch 13.
[2023-03-13 00:17:47] PRINT [03/13 00:17:47 graph]: # Epoch 13: train_loss: 0.6004 | lr: 0.000153
[2023-03-13 00:17:48] PRINT [03/13 00:17:48 graph]: --- Testf1: 0.74000, Best Valacc: 0.62800 in epoch 99 --- 
[2023-03-13 00:17:48] PRINT [03/13 00:17:48 graph]: Epoch 13: get test acc score:  0.740
[2023-03-13 00:17:48] PRINT [03/13 00:17:48 graph]: best_f1 0.757 at epoch 12
[2023-03-13 00:17:48] PRINT [03/13 00:17:48 graph]: start epoch 14.
[2023-03-13 00:17:48] PRINT [03/13 00:17:48 graph]: # Epoch 14: train_loss: 0.5936 | lr: 0.000153
[2023-03-13 00:17:49] PRINT [03/13 00:17:49 graph]: --- Testf1: 0.75000, Best Valacc: 0.65400 in epoch 99 --- 
[2023-03-13 00:17:49] PRINT [03/13 00:17:49 graph]: Epoch 14: get test acc score:  0.750
[2023-03-13 00:17:49] PRINT [03/13 00:17:49 graph]: best_f1 0.757 at epoch 12
[2023-03-13 00:17:49] PRINT [03/13 00:17:49 graph]: start epoch 15.
[2023-03-13 00:17:49] PRINT [03/13 00:17:49 graph]: # Epoch 15: train_loss: 0.5858 | lr: 0.000153
[2023-03-13 00:17:50] PRINT [03/13 00:17:50 graph]: --- Testf1: 0.74600, Best Valacc: 0.66200 in epoch 99 --- 
[2023-03-13 00:17:50] PRINT [03/13 00:17:50 graph]: Epoch 15: get test acc score:  0.746
[2023-03-13 00:17:50] PRINT [03/13 00:17:50 graph]: best_f1 0.757 at epoch 12
[2023-03-13 00:17:50] PRINT [03/13 00:17:50 graph]: start epoch 16.
[2023-03-13 00:17:50] PRINT [03/13 00:17:50 graph]: # Epoch 16: train_loss: 0.5788 | lr: 0.000153
[2023-03-13 00:17:51] PRINT [03/13 00:17:51 graph]: --- Testf1: 0.74300, Best Valacc: 0.66200 in epoch 78 --- 
[2023-03-13 00:17:52] PRINT [03/13 00:17:52 graph]: Epoch 16: get test acc score:  0.743
[2023-03-13 00:17:52] PRINT [03/13 00:17:52 graph]: best_f1 0.757 at epoch 12
[2023-03-13 00:17:52] PRINT [03/13 00:17:52 graph]: start epoch 17.
[2023-03-13 00:17:52] PRINT [03/13 00:17:52 graph]: # Epoch 17: train_loss: 0.5724 | lr: 0.000153
[2023-03-13 00:17:52] PRINT [03/13 00:17:52 graph]: --- Testf1: 0.74300, Best Valacc: 0.65600 in epoch 99 --- 
[2023-03-13 00:17:53] PRINT [03/13 00:17:53 graph]: Epoch 17: get test acc score:  0.743
[2023-03-13 00:17:53] PRINT [03/13 00:17:53 graph]: best_f1 0.757 at epoch 12
[2023-03-13 00:17:53] PRINT [03/13 00:17:53 graph]: start epoch 18.
[2023-03-13 00:17:53] PRINT [03/13 00:17:53 graph]: # Epoch 18: train_loss: 0.5657 | lr: 0.000153
[2023-03-13 00:17:53] PRINT [03/13 00:17:53 graph]: --- Testf1: 0.73700, Best Valacc: 0.66000 in epoch 99 --- 
[2023-03-13 00:17:54] PRINT [03/13 00:17:54 graph]: Epoch 18: get test acc score:  0.737
[2023-03-13 00:17:54] PRINT [03/13 00:17:54 graph]: best_f1 0.757 at epoch 12
[2023-03-13 00:17:54] PRINT [03/13 00:17:54 graph]: start epoch 19.
[2023-03-13 00:17:54] PRINT [03/13 00:17:54 graph]: # Epoch 19: train_loss: 0.5606 | lr: 0.000153
[2023-03-13 00:17:55] PRINT [03/13 00:17:55 graph]: --- Testf1: 0.75300, Best Valacc: 0.63800 in epoch 99 --- 
[2023-03-13 00:17:55] PRINT [03/13 00:17:55 graph]: Epoch 19: get test acc score:  0.753
[2023-03-13 00:17:55] PRINT [03/13 00:17:55 graph]: best_f1 0.757 at epoch 12
[2023-03-13 00:17:55] PRINT [03/13 00:17:55 graph]: start epoch 20.
[2023-03-13 00:17:55] PRINT [03/13 00:17:55 graph]: # Epoch 20: train_loss: 0.5546 | lr: 0.000153
[2023-03-13 00:17:56] PRINT [03/13 00:17:56 graph]: --- Testf1: 0.75600, Best Valacc: 0.63800 in epoch 66 --- 
[2023-03-13 00:17:56] PRINT [03/13 00:17:56 graph]: Epoch 20: get test acc score:  0.756
[2023-03-13 00:17:56] PRINT [03/13 00:17:56 graph]: best_f1 0.757 at epoch 12
[2023-03-13 00:17:56] PRINT [03/13 00:17:56 graph]: start epoch 21.
[2023-03-13 00:17:56] PRINT [03/13 00:17:56 graph]: # Epoch 21: train_loss: 0.5479 | lr: 0.000153
[2023-03-13 00:17:57] PRINT [03/13 00:17:57 graph]: --- Testf1: 0.74600, Best Valacc: 0.65000 in epoch 90 --- 
[2023-03-13 00:17:57] PRINT [03/13 00:17:57 graph]: Epoch 21: get test acc score:  0.746
[2023-03-13 00:17:57] PRINT [03/13 00:17:57 graph]: best_f1 0.757 at epoch 12
[2023-03-13 00:17:57] PRINT [03/13 00:17:57 graph]: start epoch 22.
[2023-03-13 00:17:57] PRINT [03/13 00:17:57 graph]: # Epoch 22: train_loss: 0.5441 | lr: 0.000153
[2023-03-13 00:17:58] PRINT [03/13 00:17:58 graph]: --- Testf1: 0.75900, Best Valacc: 0.66600 in epoch 91 --- 
[2023-03-13 00:17:58] PRINT [03/13 00:17:58 graph]: Epoch 22: get test acc score:  0.759
[2023-03-13 00:17:58] PRINT [03/13 00:17:58 graph]: best_f1 0.759 at epoch 22
[2023-03-13 00:17:58] PRINT [03/13 00:17:58 graph]: start epoch 23.
[2023-03-13 00:17:58] PRINT [03/13 00:17:58 graph]: # Epoch 23: train_loss: 0.5408 | lr: 0.000153
[2023-03-13 00:17:59] PRINT [03/13 00:17:59 graph]: --- Testf1: 0.74800, Best Valacc: 0.65400 in epoch 60 --- 
[2023-03-13 00:17:59] PRINT [03/13 00:17:59 graph]: Epoch 23: get test acc score:  0.748
[2023-03-13 00:17:59] PRINT [03/13 00:17:59 graph]: best_f1 0.759 at epoch 22
[2023-03-13 00:17:59] PRINT [03/13 00:17:59 graph]: start epoch 24.
[2023-03-13 00:17:59] PRINT [03/13 00:17:59 graph]: # Epoch 24: train_loss: 0.5356 | lr: 0.000153
[2023-03-13 00:18:00] PRINT [03/13 00:18:00 graph]: --- Testf1: 0.74700, Best Valacc: 0.66400 in epoch 78 --- 
[2023-03-13 00:18:00] PRINT [03/13 00:18:00 graph]: Epoch 24: get test acc score:  0.747
[2023-03-13 00:18:00] PRINT [03/13 00:18:00 graph]: best_f1 0.759 at epoch 22
[2023-03-13 00:18:00] PRINT [03/13 00:18:00 graph]: start epoch 25.
[2023-03-13 00:18:00] PRINT [03/13 00:18:00 graph]: # Epoch 25: train_loss: 0.5325 | lr: 0.000153
[2023-03-13 00:18:01] PRINT [03/13 00:18:01 graph]: --- Testf1: 0.73800, Best Valacc: 0.65800 in epoch 34 --- 
[2023-03-13 00:18:01] PRINT [03/13 00:18:01 graph]: Epoch 25: get test acc score:  0.738
[2023-03-13 00:18:01] PRINT [03/13 00:18:01 graph]: best_f1 0.759 at epoch 22
[2023-03-13 00:18:01] PRINT [03/13 00:18:01 graph]: start epoch 26.
[2023-03-13 00:18:01] PRINT [03/13 00:18:01 graph]: # Epoch 26: train_loss: 0.5276 | lr: 0.000153
[2023-03-13 00:18:02] PRINT [03/13 00:18:02 graph]: --- Testf1: 0.75900, Best Valacc: 0.67400 in epoch 61 --- 
[2023-03-13 00:18:02] PRINT [03/13 00:18:02 graph]: Epoch 26: get test acc score:  0.759
[2023-03-13 00:18:02] PRINT [03/13 00:18:02 graph]: best_f1 0.759 at epoch 22
[2023-03-13 00:18:02] PRINT [03/13 00:18:02 graph]: start epoch 27.
[2023-03-13 00:18:02] PRINT [03/13 00:18:02 graph]: # Epoch 27: train_loss: 0.5232 | lr: 0.000153
[2023-03-13 00:18:03] PRINT [03/13 00:18:03 graph]: --- Testf1: 0.74600, Best Valacc: 0.64000 in epoch 38 --- 
[2023-03-13 00:18:03] PRINT [03/13 00:18:03 graph]: Epoch 27: get test acc score:  0.746
[2023-03-13 00:18:03] PRINT [03/13 00:18:03 graph]: best_f1 0.759 at epoch 22
[2023-03-13 00:18:03] PRINT [03/13 00:18:03 graph]: start epoch 28.
[2023-03-13 00:18:03] PRINT [03/13 00:18:03 graph]: # Epoch 28: train_loss: 0.5193 | lr: 0.000153
[2023-03-13 00:18:04] PRINT [03/13 00:18:04 graph]: --- Testf1: 0.76500, Best Valacc: 0.64000 in epoch 71 --- 
[2023-03-13 00:18:04] PRINT [03/13 00:18:04 graph]: Epoch 28: get test acc score:  0.765
[2023-03-13 00:18:04] PRINT [03/13 00:18:04 graph]: best_f1 0.765 at epoch 28
[2023-03-13 00:18:04] PRINT [03/13 00:18:04 graph]: start epoch 29.
[2023-03-13 00:18:04] PRINT [03/13 00:18:04 graph]: # Epoch 29: train_loss: 0.5168 | lr: 0.000153
[2023-03-13 00:18:05] PRINT [03/13 00:18:05 graph]: --- Testf1: 0.76400, Best Valacc: 0.67800 in epoch 95 --- 
[2023-03-13 00:18:05] PRINT [03/13 00:18:05 graph]: Epoch 29: get test acc score:  0.764
[2023-03-13 00:18:05] PRINT [03/13 00:18:05 graph]: best_f1 0.765 at epoch 28
[2023-03-13 00:18:05] PRINT [03/13 00:18:05 graph]: start epoch 30.
[2023-03-13 00:18:05] PRINT [03/13 00:18:05 graph]: # Epoch 30: train_loss: 0.5116 | lr: 0.000153
[2023-03-13 00:18:06] PRINT [03/13 00:18:06 graph]: --- Testf1: 0.76000, Best Valacc: 0.70400 in epoch 81 --- 
[2023-03-13 00:18:06] PRINT [03/13 00:18:06 graph]: Epoch 30: get test acc score:  0.760
[2023-03-13 00:18:06] PRINT [03/13 00:18:06 graph]: best_f1 0.765 at epoch 28
[2023-03-13 00:18:06] PRINT [03/13 00:18:06 graph]: start epoch 31.
[2023-03-13 00:18:07] PRINT [03/13 00:18:07 graph]: # Epoch 31: train_loss: 0.5075 | lr: 0.000153
[2023-03-13 00:18:07] PRINT [03/13 00:18:07 graph]: --- Testf1: 0.74900, Best Valacc: 0.69200 in epoch 65 --- 
[2023-03-13 00:18:08] PRINT [03/13 00:18:08 graph]: Epoch 31: get test acc score:  0.749
[2023-03-13 00:18:08] PRINT [03/13 00:18:08 graph]: best_f1 0.765 at epoch 28
[2023-03-13 00:18:08] PRINT [03/13 00:18:08 graph]: start epoch 32.
[2023-03-13 00:18:08] PRINT [03/13 00:18:08 graph]: # Epoch 32: train_loss: 0.5058 | lr: 0.000153
[2023-03-13 00:18:08] PRINT [03/13 00:18:08 graph]: --- Testf1: 0.76700, Best Valacc: 0.68200 in epoch 90 --- 
[2023-03-13 00:18:09] PRINT [03/13 00:18:09 graph]: Epoch 32: get test acc score:  0.767
[2023-03-13 00:18:09] PRINT [03/13 00:18:09 graph]: best_f1 0.767 at epoch 32
[2023-03-13 00:18:09] PRINT [03/13 00:18:09 graph]: start epoch 33.
[2023-03-13 00:18:09] PRINT [03/13 00:18:09 graph]: # Epoch 33: train_loss: 0.5026 | lr: 0.000153
[2023-03-13 00:18:09] PRINT [03/13 00:18:09 graph]: --- Testf1: 0.76700, Best Valacc: 0.66400 in epoch 79 --- 
[2023-03-13 00:18:10] PRINT [03/13 00:18:10 graph]: Epoch 33: get test acc score:  0.767
[2023-03-13 00:18:10] PRINT [03/13 00:18:10 graph]: best_f1 0.767 at epoch 32
[2023-03-13 00:18:10] PRINT [03/13 00:18:10 graph]: start epoch 34.
[2023-03-13 00:18:10] PRINT [03/13 00:18:10 graph]: # Epoch 34: train_loss: 0.5006 | lr: 0.000153
[2023-03-13 00:18:10] PRINT [03/13 00:18:10 graph]: --- Testf1: 0.76300, Best Valacc: 0.67400 in epoch 91 --- 
[2023-03-13 00:18:11] PRINT [03/13 00:18:11 graph]: Epoch 34: get test acc score:  0.763
[2023-03-13 00:18:11] PRINT [03/13 00:18:11 graph]: best_f1 0.767 at epoch 32
[2023-03-13 00:18:11] PRINT [03/13 00:18:11 graph]: start epoch 35.
[2023-03-13 00:18:11] PRINT [03/13 00:18:11 graph]: # Epoch 35: train_loss: 0.4963 | lr: 0.000153
[2023-03-13 00:18:12] PRINT [03/13 00:18:12 graph]: --- Testf1: 0.77500, Best Valacc: 0.67200 in epoch 99 --- 
[2023-03-13 00:18:12] PRINT [03/13 00:18:12 graph]: Epoch 35: get test acc score:  0.775
[2023-03-13 00:18:12] PRINT [03/13 00:18:12 graph]: best_f1 0.775 at epoch 35
[2023-03-13 00:18:12] PRINT [03/13 00:18:12 graph]: start epoch 36.
[2023-03-13 00:18:12] PRINT [03/13 00:18:12 graph]: # Epoch 36: train_loss: 0.4926 | lr: 0.000153
[2023-03-13 00:18:13] PRINT [03/13 00:18:13 graph]: --- Testf1: 0.77600, Best Valacc: 0.68000 in epoch 92 --- 
[2023-03-13 00:18:13] PRINT [03/13 00:18:13 graph]: Epoch 36: get test acc score:  0.776
[2023-03-13 00:18:13] PRINT [03/13 00:18:13 graph]: best_f1 0.776 at epoch 36
[2023-03-13 00:18:13] PRINT [03/13 00:18:13 graph]: start epoch 37.
[2023-03-13 00:18:13] PRINT [03/13 00:18:13 graph]: # Epoch 37: train_loss: 0.4885 | lr: 0.000153
[2023-03-13 00:18:14] PRINT [03/13 00:18:14 graph]: --- Testf1: 0.77300, Best Valacc: 0.69400 in epoch 34 --- 
[2023-03-13 00:18:14] PRINT [03/13 00:18:14 graph]: Epoch 37: get test acc score:  0.773
[2023-03-13 00:18:14] PRINT [03/13 00:18:14 graph]: best_f1 0.776 at epoch 36
[2023-03-13 00:18:14] PRINT [03/13 00:18:14 graph]: start epoch 38.
[2023-03-13 00:18:14] PRINT [03/13 00:18:14 graph]: # Epoch 38: train_loss: 0.4872 | lr: 0.000153
[2023-03-13 00:18:15] PRINT [03/13 00:18:15 graph]: --- Testf1: 0.77900, Best Valacc: 0.65600 in epoch 44 --- 
[2023-03-13 00:18:15] PRINT [03/13 00:18:15 graph]: Epoch 38: get test acc score:  0.779
[2023-03-13 00:18:15] PRINT [03/13 00:18:15 graph]: best_f1 0.779 at epoch 38
[2023-03-13 00:18:15] PRINT [03/13 00:18:15 graph]: start epoch 39.
[2023-03-13 00:18:15] PRINT [03/13 00:18:15 graph]: # Epoch 39: train_loss: 0.4854 | lr: 0.000153
[2023-03-13 00:18:16] PRINT [03/13 00:18:16 graph]: --- Testf1: 0.77500, Best Valacc: 0.66800 in epoch 51 --- 
[2023-03-13 00:18:16] PRINT [03/13 00:18:16 graph]: Epoch 39: get test acc score:  0.775
[2023-03-13 00:18:16] PRINT [03/13 00:18:16 graph]: best_f1 0.779 at epoch 38
[2023-03-13 00:18:16] PRINT [03/13 00:18:16 graph]: start epoch 40.
[2023-03-13 00:18:16] PRINT [03/13 00:18:16 graph]: # Epoch 40: train_loss: 0.4811 | lr: 0.000153
[2023-03-13 00:18:17] PRINT [03/13 00:18:17 graph]: --- Testf1: 0.78800, Best Valacc: 0.69200 in epoch 47 --- 
[2023-03-13 00:18:17] PRINT [03/13 00:18:17 graph]: Epoch 40: get test acc score:  0.788
[2023-03-13 00:18:17] PRINT [03/13 00:18:17 graph]: best_f1 0.788 at epoch 40
[2023-03-13 00:18:17] PRINT [03/13 00:18:17 graph]: start epoch 41.
[2023-03-13 00:18:17] PRINT [03/13 00:18:17 graph]: # Epoch 41: train_loss: 0.4790 | lr: 0.000153
[2023-03-13 00:18:18] PRINT [03/13 00:18:18 graph]: --- Testf1: 0.77100, Best Valacc: 0.70000 in epoch 58 --- 
[2023-03-13 00:18:18] PRINT [03/13 00:18:18 graph]: Epoch 41: get test acc score:  0.771
[2023-03-13 00:18:18] PRINT [03/13 00:18:18 graph]: best_f1 0.788 at epoch 40
[2023-03-13 00:18:18] PRINT [03/13 00:18:18 graph]: start epoch 42.
[2023-03-13 00:18:18] PRINT [03/13 00:18:18 graph]: # Epoch 42: train_loss: 0.4759 | lr: 0.000153
[2023-03-13 00:18:19] PRINT [03/13 00:18:19 graph]: --- Testf1: 0.78300, Best Valacc: 0.72600 in epoch 99 --- 
[2023-03-13 00:18:19] PRINT [03/13 00:18:19 graph]: Epoch 42: get test acc score:  0.783
[2023-03-13 00:18:19] PRINT [03/13 00:18:19 graph]: best_f1 0.788 at epoch 40
[2023-03-13 00:18:19] PRINT [03/13 00:18:19 graph]: start epoch 43.
[2023-03-13 00:18:19] PRINT [03/13 00:18:19 graph]: # Epoch 43: train_loss: 0.4742 | lr: 0.000153
[2023-03-13 00:18:20] PRINT [03/13 00:18:20 graph]: --- Testf1: 0.77900, Best Valacc: 0.69400 in epoch 31 --- 
[2023-03-13 00:18:20] PRINT [03/13 00:18:20 graph]: Epoch 43: get test acc score:  0.779
[2023-03-13 00:18:20] PRINT [03/13 00:18:20 graph]: best_f1 0.788 at epoch 40
[2023-03-13 00:18:20] PRINT [03/13 00:18:20 graph]: start epoch 44.
[2023-03-13 00:18:20] PRINT [03/13 00:18:20 graph]: # Epoch 44: train_loss: 0.4726 | lr: 0.000153
[2023-03-13 00:18:21] PRINT [03/13 00:18:21 graph]: --- Testf1: 0.78600, Best Valacc: 0.67000 in epoch 80 --- 
[2023-03-13 00:18:21] PRINT [03/13 00:18:21 graph]: Epoch 44: get test acc score:  0.786
[2023-03-13 00:18:21] PRINT [03/13 00:18:21 graph]: best_f1 0.788 at epoch 40
[2023-03-13 00:18:21] PRINT [03/13 00:18:21 graph]: start epoch 45.
[2023-03-13 00:18:21] PRINT [03/13 00:18:21 graph]: # Epoch 45: train_loss: 0.4700 | lr: 0.000153
[2023-03-13 00:18:22] PRINT [03/13 00:18:22 graph]: --- Testf1: 0.79000, Best Valacc: 0.68800 in epoch 79 --- 
[2023-03-13 00:18:22] PRINT [03/13 00:18:22 graph]: Epoch 45: get test acc score:  0.790
[2023-03-13 00:18:22] PRINT [03/13 00:18:22 graph]: best_f1 0.790 at epoch 45
[2023-03-13 00:18:22] PRINT [03/13 00:18:22 graph]: start epoch 46.
[2023-03-13 00:18:22] PRINT [03/13 00:18:22 graph]: # Epoch 46: train_loss: 0.4658 | lr: 0.000153
[2023-03-13 00:18:23] PRINT [03/13 00:18:23 graph]: --- Testf1: 0.78300, Best Valacc: 0.70400 in epoch 64 --- 
[2023-03-13 00:18:23] PRINT [03/13 00:18:23 graph]: Epoch 46: get test acc score:  0.783
[2023-03-13 00:18:23] PRINT [03/13 00:18:23 graph]: best_f1 0.790 at epoch 45
[2023-03-13 00:18:23] PRINT [03/13 00:18:23 graph]: start epoch 47.
[2023-03-13 00:18:23] PRINT [03/13 00:18:23 graph]: # Epoch 47: train_loss: 0.4632 | lr: 0.000153
[2023-03-13 00:18:24] PRINT [03/13 00:18:24 graph]: --- Testf1: 0.78400, Best Valacc: 0.68000 in epoch 99 --- 
[2023-03-13 00:18:24] PRINT [03/13 00:18:24 graph]: Epoch 47: get test acc score:  0.784
[2023-03-13 00:18:24] PRINT [03/13 00:18:24 graph]: best_f1 0.790 at epoch 45
[2023-03-13 00:18:24] PRINT [03/13 00:18:24 graph]: start epoch 48.
[2023-03-13 00:18:24] PRINT [03/13 00:18:24 graph]: # Epoch 48: train_loss: 0.4619 | lr: 0.000153
[2023-03-13 00:18:25] PRINT [03/13 00:18:25 graph]: --- Testf1: 0.77200, Best Valacc: 0.69400 in epoch 54 --- 
[2023-03-13 00:18:25] PRINT [03/13 00:18:25 graph]: Epoch 48: get test acc score:  0.772
[2023-03-13 00:18:25] PRINT [03/13 00:18:25 graph]: best_f1 0.790 at epoch 45
[2023-03-13 00:18:25] PRINT [03/13 00:18:25 graph]: start epoch 49.
[2023-03-13 00:18:25] PRINT [03/13 00:18:25 graph]: # Epoch 49: train_loss: 0.4581 | lr: 0.000153
[2023-03-13 00:18:26] PRINT [03/13 00:18:26 graph]: --- Testf1: 0.79000, Best Valacc: 0.70800 in epoch 62 --- 
[2023-03-13 00:18:26] PRINT [03/13 00:18:26 graph]: Epoch 49: get test acc score:  0.790
[2023-03-13 00:18:26] PRINT [03/13 00:18:26 graph]: best_f1 0.790 at epoch 45
[2023-03-13 00:18:26] PRINT [03/13 00:18:26 graph]: start epoch 50.
[2023-03-13 00:18:26] PRINT [03/13 00:18:26 graph]: # Epoch 50: train_loss: 0.4584 | lr: 0.000153
[2023-03-13 00:18:27] PRINT [03/13 00:18:27 graph]: --- Testf1: 0.77400, Best Valacc: 0.68600 in epoch 29 --- 
[2023-03-13 00:18:27] PRINT [03/13 00:18:27 graph]: Epoch 50: get test acc score:  0.774
[2023-03-13 00:18:27] PRINT [03/13 00:18:27 graph]: best_f1 0.790 at epoch 45
[2023-03-13 00:18:27] PRINT [03/13 00:18:27 graph]: start epoch 51.
[2023-03-13 00:18:27] PRINT [03/13 00:18:27 graph]: # Epoch 51: train_loss: 0.4557 | lr: 0.000153
[2023-03-13 00:18:28] PRINT [03/13 00:18:28 graph]: --- Testf1: 0.79200, Best Valacc: 0.66800 in epoch 17 --- 
[2023-03-13 00:18:28] PRINT [03/13 00:18:28 graph]: Epoch 51: get test acc score:  0.792
[2023-03-13 00:18:28] PRINT [03/13 00:18:28 graph]: best_f1 0.792 at epoch 51
[2023-03-13 00:18:28] PRINT [03/13 00:18:28 graph]: start epoch 52.
[2023-03-13 00:18:28] PRINT [03/13 00:18:28 graph]: # Epoch 52: train_loss: 0.4548 | lr: 0.000153
[2023-03-13 00:18:29] PRINT [03/13 00:18:29 graph]: --- Testf1: 0.77800, Best Valacc: 0.66600 in epoch 73 --- 
[2023-03-13 00:18:29] PRINT [03/13 00:18:29 graph]: Epoch 52: get test acc score:  0.778
[2023-03-13 00:18:29] PRINT [03/13 00:18:29 graph]: best_f1 0.792 at epoch 51
[2023-03-13 00:18:29] PRINT [03/13 00:18:29 graph]: start epoch 53.
[2023-03-13 00:18:29] PRINT [03/13 00:18:29 graph]: # Epoch 53: train_loss: 0.4530 | lr: 0.000153
[2023-03-13 00:18:30] PRINT [03/13 00:18:30 graph]: --- Testf1: 0.79100, Best Valacc: 0.69800 in epoch 62 --- 
[2023-03-13 00:18:30] PRINT [03/13 00:18:30 graph]: Epoch 53: get test acc score:  0.791
[2023-03-13 00:18:30] PRINT [03/13 00:18:30 graph]: best_f1 0.792 at epoch 51
[2023-03-13 00:18:30] PRINT [03/13 00:18:30 graph]: start epoch 54.
[2023-03-13 00:18:30] PRINT [03/13 00:18:30 graph]: # Epoch 54: train_loss: 0.4494 | lr: 0.000153
[2023-03-13 00:18:31] PRINT [03/13 00:18:31 graph]: --- Testf1: 0.79000, Best Valacc: 0.69400 in epoch 14 --- 
[2023-03-13 00:18:31] PRINT [03/13 00:18:31 graph]: Epoch 54: get test acc score:  0.790
[2023-03-13 00:18:31] PRINT [03/13 00:18:31 graph]: best_f1 0.792 at epoch 51
[2023-03-13 00:18:31] PRINT [03/13 00:18:31 graph]: start epoch 55.
[2023-03-13 00:18:31] PRINT [03/13 00:18:31 graph]: # Epoch 55: train_loss: 0.4470 | lr: 0.000153
[2023-03-13 00:18:32] PRINT [03/13 00:18:32 graph]: --- Testf1: 0.78900, Best Valacc: 0.71000 in epoch 32 --- 
[2023-03-13 00:18:32] PRINT [03/13 00:18:32 graph]: Epoch 55: get test acc score:  0.789
[2023-03-13 00:18:32] PRINT [03/13 00:18:32 graph]: best_f1 0.792 at epoch 51
[2023-03-13 00:18:32] PRINT [03/13 00:18:32 graph]: start epoch 56.
[2023-03-13 00:18:32] PRINT [03/13 00:18:32 graph]: # Epoch 56: train_loss: 0.4451 | lr: 0.000153
[2023-03-13 00:18:33] PRINT [03/13 00:18:33 graph]: --- Testf1: 0.78200, Best Valacc: 0.69400 in epoch 21 --- 
[2023-03-13 00:18:33] PRINT [03/13 00:18:33 graph]: Epoch 56: get test acc score:  0.782
[2023-03-13 00:18:33] PRINT [03/13 00:18:33 graph]: best_f1 0.792 at epoch 51
[2023-03-13 00:18:33] PRINT [03/13 00:18:33 graph]: start epoch 57.
[2023-03-13 00:18:33] PRINT [03/13 00:18:33 graph]: # Epoch 57: train_loss: 0.4418 | lr: 0.000153
[2023-03-13 00:18:34] PRINT [03/13 00:18:34 graph]: --- Testf1: 0.77400, Best Valacc: 0.70600 in epoch 21 --- 
[2023-03-13 00:18:34] PRINT [03/13 00:18:34 graph]: Epoch 57: get test acc score:  0.774
[2023-03-13 00:18:34] PRINT [03/13 00:18:34 graph]: best_f1 0.792 at epoch 51
[2023-03-13 00:18:34] PRINT [03/13 00:18:34 graph]: start epoch 58.
[2023-03-13 00:18:34] PRINT [03/13 00:18:34 graph]: # Epoch 58: train_loss: 0.4417 | lr: 0.000153
[2023-03-13 00:18:35] PRINT [03/13 00:18:35 graph]: --- Testf1: 0.77400, Best Valacc: 0.67400 in epoch 99 --- 
[2023-03-13 00:18:35] PRINT [03/13 00:18:35 graph]: Epoch 58: get test acc score:  0.774
[2023-03-13 00:18:35] PRINT [03/13 00:18:35 graph]: best_f1 0.792 at epoch 51
[2023-03-13 00:18:35] PRINT [03/13 00:18:35 graph]: start epoch 59.
[2023-03-13 00:18:35] PRINT [03/13 00:18:35 graph]: # Epoch 59: train_loss: 0.4401 | lr: 0.000153
[2023-03-13 00:18:36] PRINT [03/13 00:18:36 graph]: --- Testf1: 0.78500, Best Valacc: 0.67800 in epoch 17 --- 
[2023-03-13 00:18:36] PRINT [03/13 00:18:36 graph]: Epoch 59: get test acc score:  0.785
[2023-03-13 00:18:36] PRINT [03/13 00:18:36 graph]: best_f1 0.792 at epoch 51
[2023-03-13 00:18:36] PRINT [03/13 00:18:36 graph]: start epoch 60.
[2023-03-13 00:18:37] PRINT [03/13 00:18:37 graph]: # Epoch 60: train_loss: 0.4371 | lr: 0.000153
[2023-03-13 00:18:37] PRINT [03/13 00:18:37 graph]: --- Testf1: 0.79500, Best Valacc: 0.74000 in epoch 67 --- 
[2023-03-13 00:18:37] PRINT [03/13 00:18:37 graph]: Epoch 60: get test acc score:  0.795
[2023-03-13 00:18:37] PRINT [03/13 00:18:37 graph]: best_f1 0.795 at epoch 60
[2023-03-13 00:18:37] PRINT [03/13 00:18:37 graph]: start epoch 61.
[2023-03-13 00:18:38] PRINT [03/13 00:18:38 graph]: # Epoch 61: train_loss: 0.4371 | lr: 0.000153
[2023-03-13 00:18:38] PRINT [03/13 00:18:38 graph]: --- Testf1: 0.78500, Best Valacc: 0.64800 in epoch 25 --- 
[2023-03-13 00:18:39] PRINT [03/13 00:18:39 graph]: Epoch 61: get test acc score:  0.785
[2023-03-13 00:18:39] PRINT [03/13 00:18:39 graph]: best_f1 0.795 at epoch 60
[2023-03-13 00:18:39] PRINT [03/13 00:18:39 graph]: start epoch 62.
[2023-03-13 00:18:39] PRINT [03/13 00:18:39 graph]: # Epoch 62: train_loss: 0.4375 | lr: 0.000153
[2023-03-13 00:18:39] PRINT [03/13 00:18:39 graph]: --- Testf1: 0.79300, Best Valacc: 0.72200 in epoch 23 --- 
[2023-03-13 00:18:40] PRINT [03/13 00:18:40 graph]: Epoch 62: get test acc score:  0.793
[2023-03-13 00:18:40] PRINT [03/13 00:18:40 graph]: best_f1 0.795 at epoch 60
[2023-03-13 00:18:40] PRINT [03/13 00:18:40 graph]: start epoch 63.
[2023-03-13 00:18:40] PRINT [03/13 00:18:40 graph]: # Epoch 63: train_loss: 0.4334 | lr: 0.000153
[2023-03-13 00:18:40] PRINT [03/13 00:18:40 graph]: --- Testf1: 0.79200, Best Valacc: 0.72600 in epoch 87 --- 
[2023-03-13 00:18:41] PRINT [03/13 00:18:41 graph]: Epoch 63: get test acc score:  0.792
[2023-03-13 00:18:41] PRINT [03/13 00:18:41 graph]: best_f1 0.795 at epoch 60
[2023-03-13 00:18:41] PRINT [03/13 00:18:41 graph]: start epoch 64.
[2023-03-13 00:18:41] PRINT [03/13 00:18:41 graph]: # Epoch 64: train_loss: 0.4290 | lr: 0.000153
[2023-03-13 00:18:41] PRINT [03/13 00:18:41 graph]: --- Testf1: 0.78100, Best Valacc: 0.70800 in epoch 37 --- 
[2023-03-13 00:18:42] PRINT [03/13 00:18:42 graph]: Epoch 64: get test acc score:  0.781
[2023-03-13 00:18:42] PRINT [03/13 00:18:42 graph]: best_f1 0.795 at epoch 60
[2023-03-13 00:18:42] PRINT [03/13 00:18:42 graph]: start epoch 65.
[2023-03-13 00:18:42] PRINT [03/13 00:18:42 graph]: # Epoch 65: train_loss: 0.4307 | lr: 0.000153
[2023-03-13 00:18:42] PRINT [03/13 00:18:42 graph]: --- Testf1: 0.78800, Best Valacc: 0.67400 in epoch 16 --- 
[2023-03-13 00:18:43] PRINT [03/13 00:18:43 graph]: Epoch 65: get test acc score:  0.788
[2023-03-13 00:18:43] PRINT [03/13 00:18:43 graph]: best_f1 0.795 at epoch 60
[2023-03-13 00:18:43] PRINT [03/13 00:18:43 graph]: start epoch 66.
[2023-03-13 00:18:43] PRINT [03/13 00:18:43 graph]: # Epoch 66: train_loss: 0.4278 | lr: 0.000153
[2023-03-13 00:18:44] PRINT [03/13 00:18:44 graph]: --- Testf1: 0.78200, Best Valacc: 0.70200 in epoch 30 --- 
[2023-03-13 00:18:44] PRINT [03/13 00:18:44 graph]: Epoch 66: get test acc score:  0.782
[2023-03-13 00:18:44] PRINT [03/13 00:18:44 graph]: best_f1 0.795 at epoch 60
[2023-03-13 00:18:44] PRINT [03/13 00:18:44 graph]: start epoch 67.
[2023-03-13 00:18:44] PRINT [03/13 00:18:44 graph]: # Epoch 67: train_loss: 0.4269 | lr: 0.000153
[2023-03-13 00:18:44] PRINT [03/13 00:18:44 graph]: --- Testf1: 0.78600, Best Valacc: 0.70200 in epoch 25 --- 
[2023-03-13 00:18:45] PRINT [03/13 00:18:45 graph]: Epoch 67: get test acc score:  0.786
[2023-03-13 00:18:45] PRINT [03/13 00:18:45 graph]: best_f1 0.795 at epoch 60
[2023-03-13 00:18:45] PRINT [03/13 00:18:45 graph]: start epoch 68.
[2023-03-13 00:18:45] PRINT [03/13 00:18:45 graph]: # Epoch 68: train_loss: 0.4268 | lr: 0.000153
[2023-03-13 00:18:45] PRINT [03/13 00:18:45 graph]: --- Testf1: 0.78900, Best Valacc: 0.69600 in epoch 24 --- 
[2023-03-13 00:18:46] PRINT [03/13 00:18:46 graph]: Epoch 68: get test acc score:  0.789
[2023-03-13 00:18:46] PRINT [03/13 00:18:46 graph]: best_f1 0.795 at epoch 60
[2023-03-13 00:18:46] PRINT [03/13 00:18:46 graph]: start epoch 69.
[2023-03-13 00:18:46] PRINT [03/13 00:18:46 graph]: # Epoch 69: train_loss: 0.4229 | lr: 0.000153
[2023-03-13 00:18:47] PRINT [03/13 00:18:47 graph]: --- Testf1: 0.77800, Best Valacc: 0.68800 in epoch 19 --- 
[2023-03-13 00:18:47] PRINT [03/13 00:18:47 graph]: Epoch 69: get test acc score:  0.778
[2023-03-13 00:18:47] PRINT [03/13 00:18:47 graph]: best_f1 0.795 at epoch 60
[2023-03-13 00:18:47] PRINT [03/13 00:18:47 graph]: start epoch 70.
[2023-03-13 00:18:47] PRINT [03/13 00:18:47 graph]: # Epoch 70: train_loss: 0.4211 | lr: 0.000153
[2023-03-13 00:18:48] PRINT [03/13 00:18:48 graph]: --- Testf1: 0.79700, Best Valacc: 0.71400 in epoch 29 --- 
[2023-03-13 00:18:48] PRINT [03/13 00:18:48 graph]: Epoch 70: get test acc score:  0.797
[2023-03-13 00:18:48] PRINT [03/13 00:18:48 graph]: best_f1 0.797 at epoch 70
[2023-03-13 00:18:48] PRINT [03/13 00:18:48 graph]: start epoch 71.
[2023-03-13 00:18:48] PRINT [03/13 00:18:48 graph]: # Epoch 71: train_loss: 0.4206 | lr: 0.000153
[2023-03-13 00:18:48] PRINT [03/13 00:18:48 graph]: --- Testf1: 0.79700, Best Valacc: 0.71000 in epoch 13 --- 
[2023-03-13 00:18:49] PRINT [03/13 00:18:49 graph]: Epoch 71: get test acc score:  0.797
[2023-03-13 00:18:49] PRINT [03/13 00:18:49 graph]: best_f1 0.797 at epoch 70
[2023-03-13 00:18:49] PRINT [03/13 00:18:49 graph]: start epoch 72.
[2023-03-13 00:18:49] PRINT [03/13 00:18:49 graph]: # Epoch 72: train_loss: 0.4185 | lr: 0.000153
[2023-03-13 00:18:50] PRINT [03/13 00:18:50 graph]: --- Testf1: 0.79700, Best Valacc: 0.72000 in epoch 49 --- 
[2023-03-13 00:18:50] PRINT [03/13 00:18:50 graph]: Epoch 72: get test acc score:  0.797
[2023-03-13 00:18:50] PRINT [03/13 00:18:50 graph]: best_f1 0.797 at epoch 70
[2023-03-13 00:18:50] PRINT [03/13 00:18:50 graph]: start epoch 73.
[2023-03-13 00:18:50] PRINT [03/13 00:18:50 graph]: # Epoch 73: train_loss: 0.4165 | lr: 0.000153
[2023-03-13 00:18:50] PRINT [03/13 00:18:50 graph]: --- Testf1: 0.79300, Best Valacc: 0.66800 in epoch 22 --- 
[2023-03-13 00:18:51] PRINT [03/13 00:18:51 graph]: Epoch 73: get test acc score:  0.793
[2023-03-13 00:18:51] PRINT [03/13 00:18:51 graph]: best_f1 0.797 at epoch 70
[2023-03-13 00:18:51] PRINT [03/13 00:18:51 graph]: start epoch 74.
[2023-03-13 00:18:51] PRINT [03/13 00:18:51 graph]: # Epoch 74: train_loss: 0.4161 | lr: 0.000153
[2023-03-13 00:18:52] PRINT [03/13 00:18:52 graph]: --- Testf1: 0.78100, Best Valacc: 0.67600 in epoch 86 --- 
[2023-03-13 00:18:52] PRINT [03/13 00:18:52 graph]: Epoch 74: get test acc score:  0.781
[2023-03-13 00:18:52] PRINT [03/13 00:18:52 graph]: best_f1 0.797 at epoch 70
[2023-03-13 00:18:52] PRINT [03/13 00:18:52 graph]: start epoch 75.
[2023-03-13 00:18:52] PRINT [03/13 00:18:52 graph]: # Epoch 75: train_loss: 0.4136 | lr: 0.000153
[2023-03-13 00:18:53] PRINT [03/13 00:18:53 graph]: --- Testf1: 0.80700, Best Valacc: 0.70400 in epoch 72 --- 
[2023-03-13 00:18:53] PRINT [03/13 00:18:53 graph]: Epoch 75: get test acc score:  0.807
[2023-03-13 00:18:53] PRINT [03/13 00:18:53 graph]: best_f1 0.807 at epoch 75
[2023-03-13 00:18:53] PRINT [03/13 00:18:53 graph]: start epoch 76.
[2023-03-13 00:18:53] PRINT [03/13 00:18:53 graph]: # Epoch 76: train_loss: 0.4140 | lr: 0.000153
[2023-03-13 00:18:54] PRINT [03/13 00:18:54 graph]: --- Testf1: 0.78600, Best Valacc: 0.72400 in epoch 21 --- 
[2023-03-13 00:18:54] PRINT [03/13 00:18:54 graph]: Epoch 76: get test acc score:  0.786
[2023-03-13 00:18:54] PRINT [03/13 00:18:54 graph]: best_f1 0.807 at epoch 75
[2023-03-13 00:18:54] PRINT [03/13 00:18:54 graph]: start epoch 77.
[2023-03-13 00:18:54] PRINT [03/13 00:18:54 graph]: # Epoch 77: train_loss: 0.4141 | lr: 0.000153
[2023-03-13 00:18:55] PRINT [03/13 00:18:55 graph]: --- Testf1: 0.80500, Best Valacc: 0.67800 in epoch 44 --- 
[2023-03-13 00:18:55] PRINT [03/13 00:18:55 graph]: Epoch 77: get test acc score:  0.805
[2023-03-13 00:18:55] PRINT [03/13 00:18:55 graph]: best_f1 0.807 at epoch 75
[2023-03-13 00:18:55] PRINT [03/13 00:18:55 graph]: start epoch 78.
[2023-03-13 00:18:55] PRINT [03/13 00:18:55 graph]: # Epoch 78: train_loss: 0.4105 | lr: 0.000153
[2023-03-13 00:18:56] PRINT [03/13 00:18:56 graph]: --- Testf1: 0.78500, Best Valacc: 0.66600 in epoch 26 --- 
[2023-03-13 00:18:56] PRINT [03/13 00:18:56 graph]: Epoch 78: get test acc score:  0.785
[2023-03-13 00:18:56] PRINT [03/13 00:18:56 graph]: best_f1 0.807 at epoch 75
[2023-03-13 00:18:56] PRINT [03/13 00:18:56 graph]: start epoch 79.
[2023-03-13 00:18:56] PRINT [03/13 00:18:56 graph]: # Epoch 79: train_loss: 0.4103 | lr: 0.000153
[2023-03-13 00:18:57] PRINT [03/13 00:18:57 graph]: --- Testf1: 0.77600, Best Valacc: 0.68600 in epoch 99 --- 
[2023-03-13 00:18:57] PRINT [03/13 00:18:57 graph]: Epoch 79: get test acc score:  0.776
[2023-03-13 00:18:57] PRINT [03/13 00:18:57 graph]: best_f1 0.807 at epoch 75
[2023-03-13 00:18:57] PRINT [03/13 00:18:57 graph]: start epoch 80.
[2023-03-13 00:18:57] PRINT [03/13 00:18:57 graph]: # Epoch 80: train_loss: 0.4075 | lr: 0.000153
[2023-03-13 00:18:58] PRINT [03/13 00:18:58 graph]: --- Testf1: 0.78000, Best Valacc: 0.69600 in epoch 29 --- 
[2023-03-13 00:18:58] PRINT [03/13 00:18:58 graph]: Epoch 80: get test acc score:  0.780
[2023-03-13 00:18:58] PRINT [03/13 00:18:58 graph]: best_f1 0.807 at epoch 75
[2023-03-13 00:18:58] PRINT [03/13 00:18:58 graph]: start epoch 81.
[2023-03-13 00:18:58] PRINT [03/13 00:18:58 graph]: # Epoch 81: train_loss: 0.4080 | lr: 0.000153
[2023-03-13 00:18:59] PRINT [03/13 00:18:59 graph]: --- Testf1: 0.79300, Best Valacc: 0.69200 in epoch 56 --- 
[2023-03-13 00:18:59] PRINT [03/13 00:18:59 graph]: Epoch 81: get test acc score:  0.793
[2023-03-13 00:18:59] PRINT [03/13 00:18:59 graph]: best_f1 0.807 at epoch 75
[2023-03-13 00:18:59] PRINT [03/13 00:18:59 graph]: start epoch 82.
[2023-03-13 00:18:59] PRINT [03/13 00:18:59 graph]: # Epoch 82: train_loss: 0.4056 | lr: 0.000153
[2023-03-13 00:19:00] PRINT [03/13 00:19:00 graph]: --- Testf1: 0.78900, Best Valacc: 0.68400 in epoch 26 --- 
[2023-03-13 00:19:00] PRINT [03/13 00:19:00 graph]: Epoch 82: get test acc score:  0.789
[2023-03-13 00:19:00] PRINT [03/13 00:19:00 graph]: best_f1 0.807 at epoch 75
[2023-03-13 00:19:00] PRINT [03/13 00:19:00 graph]: start epoch 83.
[2023-03-13 00:19:00] PRINT [03/13 00:19:00 graph]: # Epoch 83: train_loss: 0.4046 | lr: 0.000153
[2023-03-13 00:19:01] PRINT [03/13 00:19:01 graph]: --- Testf1: 0.78600, Best Valacc: 0.72200 in epoch 10 --- 
[2023-03-13 00:19:01] PRINT [03/13 00:19:01 graph]: Epoch 83: get test acc score:  0.786
[2023-03-13 00:19:01] PRINT [03/13 00:19:01 graph]: best_f1 0.807 at epoch 75
[2023-03-13 00:19:01] PRINT [03/13 00:19:01 graph]: start epoch 84.
[2023-03-13 00:19:01] PRINT [03/13 00:19:01 graph]: # Epoch 84: train_loss: 0.4040 | lr: 0.000153
[2023-03-13 00:19:02] PRINT [03/13 00:19:02 graph]: --- Testf1: 0.79000, Best Valacc: 0.69200 in epoch 27 --- 
[2023-03-13 00:19:02] PRINT [03/13 00:19:02 graph]: Epoch 84: get test acc score:  0.790
[2023-03-13 00:19:02] PRINT [03/13 00:19:02 graph]: best_f1 0.807 at epoch 75
[2023-03-13 00:19:02] PRINT [03/13 00:19:02 graph]: start epoch 85.
[2023-03-13 00:19:02] PRINT [03/13 00:19:02 graph]: # Epoch 85: train_loss: 0.4027 | lr: 0.000153
[2023-03-13 00:19:03] PRINT [03/13 00:19:03 graph]: --- Testf1: 0.79400, Best Valacc: 0.69200 in epoch 67 --- 
[2023-03-13 00:19:03] PRINT [03/13 00:19:03 graph]: Epoch 85: get test acc score:  0.794
[2023-03-13 00:19:03] PRINT [03/13 00:19:03 graph]: best_f1 0.807 at epoch 75
[2023-03-13 00:19:03] PRINT [03/13 00:19:03 graph]: start epoch 86.
[2023-03-13 00:19:03] PRINT [03/13 00:19:03 graph]: # Epoch 86: train_loss: 0.4017 | lr: 0.000153
[2023-03-13 00:19:04] PRINT [03/13 00:19:04 graph]: --- Testf1: 0.78300, Best Valacc: 0.66200 in epoch 18 --- 
[2023-03-13 00:19:04] PRINT [03/13 00:19:04 graph]: Epoch 86: get test acc score:  0.783
[2023-03-13 00:19:04] PRINT [03/13 00:19:04 graph]: best_f1 0.807 at epoch 75
[2023-03-13 00:19:04] PRINT [03/13 00:19:04 graph]: start epoch 87.
[2023-03-13 00:19:04] PRINT [03/13 00:19:04 graph]: # Epoch 87: train_loss: 0.3983 | lr: 0.000153
[2023-03-13 00:19:05] PRINT [03/13 00:19:05 graph]: --- Testf1: 0.79100, Best Valacc: 0.69200 in epoch 22 --- 
[2023-03-13 00:19:05] PRINT [03/13 00:19:05 graph]: Epoch 87: get test acc score:  0.791
[2023-03-13 00:19:05] PRINT [03/13 00:19:05 graph]: best_f1 0.807 at epoch 75
[2023-03-13 00:19:05] PRINT [03/13 00:19:05 graph]: start epoch 88.
[2023-03-13 00:19:05] PRINT [03/13 00:19:05 graph]: # Epoch 88: train_loss: 0.3993 | lr: 0.000153
[2023-03-13 00:19:06] PRINT [03/13 00:19:06 graph]: --- Testf1: 0.78500, Best Valacc: 0.69800 in epoch 92 --- 
[2023-03-13 00:19:06] PRINT [03/13 00:19:06 graph]: Epoch 88: get test acc score:  0.785
[2023-03-13 00:19:06] PRINT [03/13 00:19:06 graph]: best_f1 0.807 at epoch 75
[2023-03-13 00:19:06] PRINT [03/13 00:19:06 graph]: start epoch 89.
[2023-03-13 00:19:06] PRINT [03/13 00:19:06 graph]: # Epoch 89: train_loss: 0.3984 | lr: 0.000153
[2023-03-13 00:19:07] PRINT [03/13 00:19:07 graph]: --- Testf1: 0.77600, Best Valacc: 0.70600 in epoch 44 --- 
[2023-03-13 00:19:07] PRINT [03/13 00:19:07 graph]: Epoch 89: get test acc score:  0.776
[2023-03-13 00:19:07] PRINT [03/13 00:19:07 graph]: best_f1 0.807 at epoch 75
[2023-03-13 00:19:07] PRINT [03/13 00:19:07 graph]: start epoch 90.
[2023-03-13 00:19:07] PRINT [03/13 00:19:07 graph]: # Epoch 90: train_loss: 0.3987 | lr: 0.000153
[2023-03-13 00:19:08] PRINT [03/13 00:19:08 graph]: --- Testf1: 0.78400, Best Valacc: 0.68200 in epoch 35 --- 
[2023-03-13 00:19:08] PRINT [03/13 00:19:08 graph]: Epoch 90: get test acc score:  0.784
[2023-03-13 00:19:08] PRINT [03/13 00:19:08 graph]: best_f1 0.807 at epoch 75
[2023-03-13 00:19:08] PRINT [03/13 00:19:08 graph]: start epoch 91.
[2023-03-13 00:19:08] PRINT [03/13 00:19:08 graph]: # Epoch 91: train_loss: 0.3959 | lr: 0.000153
[2023-03-13 00:19:09] PRINT [03/13 00:19:09 graph]: --- Testf1: 0.79100, Best Valacc: 0.68600 in epoch 13 --- 
[2023-03-13 00:19:09] PRINT [03/13 00:19:09 graph]: Epoch 91: get test acc score:  0.791
[2023-03-13 00:19:09] PRINT [03/13 00:19:09 graph]: best_f1 0.807 at epoch 75
[2023-03-13 00:19:09] PRINT [03/13 00:19:09 graph]: start epoch 92.
[2023-03-13 00:19:09] PRINT [03/13 00:19:09 graph]: # Epoch 92: train_loss: 0.3947 | lr: 0.000153
[2023-03-13 00:19:10] PRINT [03/13 00:19:10 graph]: --- Testf1: 0.78800, Best Valacc: 0.70000 in epoch 18 --- 
[2023-03-13 00:19:10] PRINT [03/13 00:19:10 graph]: Epoch 92: get test acc score:  0.788
[2023-03-13 00:19:10] PRINT [03/13 00:19:10 graph]: best_f1 0.807 at epoch 75
[2023-03-13 00:19:10] PRINT [03/13 00:19:10 graph]: start epoch 93.
[2023-03-13 00:19:10] PRINT [03/13 00:19:10 graph]: # Epoch 93: train_loss: 0.3917 | lr: 0.000153
[2023-03-13 00:19:11] PRINT [03/13 00:19:11 graph]: --- Testf1: 0.79400, Best Valacc: 0.65200 in epoch 96 --- 
[2023-03-13 00:19:11] PRINT [03/13 00:19:11 graph]: Epoch 93: get test acc score:  0.794
[2023-03-13 00:19:11] PRINT [03/13 00:19:11 graph]: best_f1 0.807 at epoch 75
[2023-03-13 00:19:11] PRINT [03/13 00:19:11 graph]: start epoch 94.
[2023-03-13 00:19:11] PRINT [03/13 00:19:11 graph]: # Epoch 94: train_loss: 0.3923 | lr: 0.000153
[2023-03-13 00:19:12] PRINT [03/13 00:19:12 graph]: --- Testf1: 0.79500, Best Valacc: 0.66400 in epoch 11 --- 
[2023-03-13 00:19:12] PRINT [03/13 00:19:12 graph]: Epoch 94: get test acc score:  0.795
[2023-03-13 00:19:12] PRINT [03/13 00:19:12 graph]: best_f1 0.807 at epoch 75
[2023-03-13 00:19:12] PRINT [03/13 00:19:12 graph]: start epoch 95.
[2023-03-13 00:19:12] PRINT [03/13 00:19:12 graph]: # Epoch 95: train_loss: 0.3908 | lr: 0.000153
[2023-03-13 00:19:13] PRINT [03/13 00:19:13 graph]: --- Testf1: 0.78900, Best Valacc: 0.67400 in epoch 95 --- 
[2023-03-13 00:19:13] PRINT [03/13 00:19:13 graph]: Epoch 95: get test acc score:  0.789
[2023-03-13 00:19:13] PRINT [03/13 00:19:13 graph]: best_f1 0.807 at epoch 75
[2023-03-13 00:19:13] PRINT [03/13 00:19:13 graph]: start epoch 96.
[2023-03-13 00:19:13] PRINT [03/13 00:19:13 graph]: # Epoch 96: train_loss: 0.3905 | lr: 0.000153
[2023-03-13 00:19:14] PRINT [03/13 00:19:14 graph]: --- Testf1: 0.78300, Best Valacc: 0.70000 in epoch 51 --- 
[2023-03-13 00:19:14] PRINT [03/13 00:19:14 graph]: Epoch 96: get test acc score:  0.783
[2023-03-13 00:19:14] PRINT [03/13 00:19:14 graph]: best_f1 0.807 at epoch 75
[2023-03-13 00:19:14] PRINT [03/13 00:19:14 graph]: start epoch 97.
[2023-03-13 00:19:14] PRINT [03/13 00:19:14 graph]: # Epoch 97: train_loss: 0.3900 | lr: 0.000153
[2023-03-13 00:19:15] PRINT [03/13 00:19:15 graph]: --- Testf1: 0.78400, Best Valacc: 0.72400 in epoch 17 --- 
[2023-03-13 00:19:15] PRINT [03/13 00:19:15 graph]: Epoch 97: get test acc score:  0.784
[2023-03-13 00:19:15] PRINT [03/13 00:19:15 graph]: best_f1 0.807 at epoch 75
[2023-03-13 00:19:15] PRINT [03/13 00:19:15 graph]: start epoch 98.
[2023-03-13 00:19:15] PRINT [03/13 00:19:15 graph]: # Epoch 98: train_loss: 0.3886 | lr: 0.000153
[2023-03-13 00:19:16] PRINT [03/13 00:19:16 graph]: --- Testf1: 0.78800, Best Valacc: 0.69200 in epoch 31 --- 
[2023-03-13 00:19:16] PRINT [03/13 00:19:16 graph]: Epoch 98: get test acc score:  0.788
[2023-03-13 00:19:16] PRINT [03/13 00:19:16 graph]: best_f1 0.807 at epoch 75
[2023-03-13 00:19:16] PRINT [03/13 00:19:16 graph]: start epoch 99.
[2023-03-13 00:19:16] PRINT [03/13 00:19:16 graph]: # Epoch 99: train_loss: 0.3877 | lr: 0.000153
[2023-03-13 00:19:17] PRINT [03/13 00:19:17 graph]: --- Testf1: 0.78600, Best Valacc: 0.71200 in epoch 81 --- 
[2023-03-13 00:19:17] PRINT [03/13 00:19:17 graph]: Epoch 99: get test acc score:  0.786
[2023-03-13 00:19:17] PRINT [03/13 00:19:17 graph]: best_f1 0.807 at epoch 75
[2023-03-13 00:19:17] PRINT [03/13 00:19:17 graph]: # final_acc: 0.8070±0.0000
