[2023-03-21 19:47:40] PRINT ---new cfg------
[2023-03-21 19:47:40] PRINT {'DATA': {'data_name': 'photo'}, 'DATALOADER': {'NUM_WORKERS': 0}, 'MODEL': {'num_hidden': 1024, 'num_layers': 2, 'nhead': 4, 'activation': 'prelu', 'attn_drop': 0.30000000000000004, 'feat_drop': 0.2, 'norm': 'batchnorm', 'pooler': 'mean', 'beta_schedule': 'sigmoid', 'beta_1': 9.319808070839123e-05, 'beta_T': 0.06281395847053423, 'T': 508}, 'SOLVER': {'optim_type': 'adam', 'optim_type_f': 'adamw', 'alpha': 1, 'decay': 20, 'LR': 9.443578903876542e-05, 'LR_f': 0.0013232559174871166, 'weight_decay': 0, 'weight_decay_f': 1.6844604217993676e-05, 'MAX_EPOCH': 150, 'max_epoch_f': 100}, 'DEVICE': 'cuda', 'seeds': [0], 'eval_T': [50, 100, 200], 'output_dir': '/ddm-nni/AmazonCoBuyPhotoDataset/log', 'checkpoint_dir': '/ddm-nni/AmazonCoBuyPhotoDataset/log/checkpoint'}
[2023-03-21 19:47:40] PRINT [03/21 19:47:40 graph]: Rank of current process: 0. World size: 1
[2023-03-21 19:47:44] PRINT [03/21 19:47:44 graph]: Environment info:
[2023-03-21 19:47:44] PRINT PyTorch version: 1.10.0+cu113
[2023-03-21 19:47:44] PRINT Is debug build: False
[2023-03-21 19:47:44] PRINT CUDA used to build PyTorch: 11.3
[2023-03-21 19:47:44] PRINT ROCM used to build PyTorch: N/A
[2023-03-21 19:47:44] PRINT 
[2023-03-21 19:47:44] PRINT OS: Ubuntu 20.04.3 LTS (x86_64)
[2023-03-21 19:47:44] PRINT GCC version: (Ubuntu 9.3.0-17ubuntu1~20.04) 9.3.0
[2023-03-21 19:47:44] PRINT Clang version: Could not collect
[2023-03-21 19:47:44] PRINT CMake version: version 3.16.3
[2023-03-21 19:47:44] PRINT Libc version: glibc-2.31
[2023-03-21 19:47:44] PRINT 
[2023-03-21 19:47:44] PRINT Python version: 3.8.10 (default, Jun  4 2021, 15:09:15)  [GCC 7.5.0] (64-bit runtime)
[2023-03-21 19:47:44] PRINT Python platform: Linux-5.4.0-90-generic-x86_64-with-glibc2.17
[2023-03-21 19:47:44] PRINT Is CUDA available: True
[2023-03-21 19:47:44] PRINT CUDA runtime version: 11.3.109
[2023-03-21 19:47:44] PRINT GPU models and configuration: GPU 0: NVIDIA GeForce RTX 3090
[2023-03-21 19:47:44] PRINT Nvidia driver version: 495.44
[2023-03-21 19:47:44] PRINT cuDNN version: Probably one of the following:
[2023-03-21 19:47:44] PRINT /usr/lib/x86_64-linux-gnu/libcudnn.so.8.2.0
[2023-03-21 19:47:44] PRINT /usr/lib/x86_64-linux-gnu/libcudnn_adv_infer.so.8.2.0
[2023-03-21 19:47:44] PRINT /usr/lib/x86_64-linux-gnu/libcudnn_adv_train.so.8.2.0
[2023-03-21 19:47:44] PRINT /usr/lib/x86_64-linux-gnu/libcudnn_cnn_infer.so.8.2.0
[2023-03-21 19:47:44] PRINT /usr/lib/x86_64-linux-gnu/libcudnn_cnn_train.so.8.2.0
[2023-03-21 19:47:44] PRINT /usr/lib/x86_64-linux-gnu/libcudnn_ops_infer.so.8.2.0
[2023-03-21 19:47:44] PRINT /usr/lib/x86_64-linux-gnu/libcudnn_ops_train.so.8.2.0
[2023-03-21 19:47:44] PRINT HIP runtime version: N/A
[2023-03-21 19:47:44] PRINT MIOpen runtime version: N/A
[2023-03-21 19:47:44] PRINT 
[2023-03-21 19:47:44] PRINT Versions of relevant libraries:
[2023-03-21 19:47:44] PRINT [pip3] numpy==1.23.5
[2023-03-21 19:47:44] PRINT [pip3] torch==1.10.0+cu113
[2023-03-21 19:47:44] PRINT [pip3] torchvision==0.11.1+cu113
[2023-03-21 19:47:44] PRINT [conda] blas                      1.0                         mkl    https://mirrors.ustc.edu.cn/anaconda/pkgs/main
[2023-03-21 19:47:44] PRINT [conda] mkl                       2021.4.0           h06a4308_640    https://mirrors.ustc.edu.cn/anaconda/pkgs/main
[2023-03-21 19:47:44] PRINT [conda] mkl-service               2.4.0            py38h7f8727e_0    https://mirrors.ustc.edu.cn/anaconda/pkgs/main
[2023-03-21 19:47:44] PRINT [conda] mkl_fft                   1.3.1            py38hd3c417c_0    https://mirrors.ustc.edu.cn/anaconda/pkgs/main
[2023-03-21 19:47:44] PRINT [conda] mkl_random                1.2.2            py38h51133e4_0    https://mirrors.ustc.edu.cn/anaconda/pkgs/main
[2023-03-21 19:47:44] PRINT [conda] numpy                     1.21.4                   pypi_0    pypi
[2023-03-21 19:47:44] PRINT [conda] numpy-base                1.23.5           py38h31eccc5_0    https://mirrors.ustc.edu.cn/anaconda/pkgs/main
[2023-03-21 19:47:44] PRINT [conda] torch                     1.10.0+cu113             pypi_0    pypi
[2023-03-21 19:47:44] PRINT [conda] torchvision               0.11.1+cu113             pypi_0    pypi
[2023-03-21 19:47:44] PRINT         Pillow (8.4.0)
[2023-03-21 19:47:44] PRINT [03/21 19:47:44 graph]: Command line arguments: Namespace(local_rank=0, resume=False, seed=1234, start_epoch=0)
[2023-03-21 19:47:44] PRINT [03/21 19:47:44 graph]: Run 0th for seed 0
[2023-03-21 19:47:44] PRINT [03/21 19:47:44 graph]: Total trainable params num : 23382447
[2023-03-21 19:47:54] PRINT [03/21 19:47:54 graph]: ----------Start Training----------
[2023-03-21 19:47:55] PRINT [03/21 19:47:55 graph]: start epoch 0.
[2023-03-21 19:47:56] PRINT [03/21 19:47:56 graph]: # Epoch 0: train_loss: 0.9874 | lr: 0.000094
[2023-03-21 19:47:56] PRINT [03/21 19:47:56 graph]: start epoch 1.
[2023-03-21 19:47:56] PRINT [03/21 19:47:56 graph]: # Epoch 1: train_loss: 0.7874 | lr: 0.000094
[2023-03-21 19:47:56] PRINT [03/21 19:47:56 graph]: start epoch 2.
[2023-03-21 19:47:56] PRINT [03/21 19:47:56 graph]: # Epoch 2: train_loss: 0.7069 | lr: 0.000094
[2023-03-21 19:47:56] PRINT [03/21 19:47:56 graph]: start epoch 3.
[2023-03-21 19:47:57] PRINT [03/21 19:47:57 graph]: # Epoch 3: train_loss: 0.6597 | lr: 0.000094
[2023-03-21 19:47:57] PRINT [03/21 19:47:57 graph]: start epoch 4.
[2023-03-21 19:47:57] PRINT [03/21 19:47:57 graph]: # Epoch 4: train_loss: 0.6272 | lr: 0.000094
[2023-03-21 19:47:57] PRINT [03/21 19:47:57 graph]: start epoch 5.
[2023-03-21 19:47:57] PRINT [03/21 19:47:57 graph]: # Epoch 5: train_loss: 0.6042 | lr: 0.000094
[2023-03-21 19:47:57] PRINT [03/21 19:47:57 graph]: start epoch 6.
[2023-03-21 19:47:57] PRINT [03/21 19:47:57 graph]: # Epoch 6: train_loss: 0.5868 | lr: 0.000094
[2023-03-21 19:47:57] PRINT [03/21 19:47:57 graph]: start epoch 7.
[2023-03-21 19:47:58] PRINT [03/21 19:47:58 graph]: # Epoch 7: train_loss: 0.5717 | lr: 0.000094
[2023-03-21 19:47:58] PRINT [03/21 19:47:58 graph]: start epoch 8.
[2023-03-21 19:47:58] PRINT [03/21 19:47:58 graph]: # Epoch 8: train_loss: 0.5604 | lr: 0.000094
[2023-03-21 19:47:58] PRINT [03/21 19:47:58 graph]: start epoch 9.
[2023-03-21 19:47:58] PRINT [03/21 19:47:58 graph]: # Epoch 9: train_loss: 0.5511 | lr: 0.000094
[2023-03-21 19:47:58] PRINT [03/21 19:47:58 graph]: start epoch 10.
[2023-03-21 19:47:59] PRINT [03/21 19:47:59 graph]: # Epoch 10: train_loss: 0.5429 | lr: 0.000094
[2023-03-21 19:47:59] PRINT [03/21 19:47:59 graph]: start epoch 11.
[2023-03-21 19:47:59] PRINT [03/21 19:47:59 graph]: # Epoch 11: train_loss: 0.5349 | lr: 0.000094
[2023-03-21 19:47:59] PRINT [03/21 19:47:59 graph]: start epoch 12.
[2023-03-21 19:47:59] PRINT [03/21 19:47:59 graph]: # Epoch 12: train_loss: 0.5275 | lr: 0.000094
[2023-03-21 19:47:59] PRINT [03/21 19:47:59 graph]: start epoch 13.
[2023-03-21 19:47:59] PRINT [03/21 19:47:59 graph]: # Epoch 13: train_loss: 0.5212 | lr: 0.000094
[2023-03-21 19:47:59] PRINT [03/21 19:47:59 graph]: start epoch 14.
[2023-03-21 19:48:00] PRINT [03/21 19:48:00 graph]: # Epoch 14: train_loss: 0.5157 | lr: 0.000094
[2023-03-21 19:48:00] PRINT [03/21 19:48:00 graph]: start epoch 15.
[2023-03-21 19:48:00] PRINT [03/21 19:48:00 graph]: # Epoch 15: train_loss: 0.5106 | lr: 0.000094
[2023-03-21 19:48:00] PRINT [03/21 19:48:00 graph]: start epoch 16.
[2023-03-21 19:48:00] PRINT [03/21 19:48:00 graph]: # Epoch 16: train_loss: 0.5064 | lr: 0.000094
[2023-03-21 19:48:00] PRINT [03/21 19:48:00 graph]: start epoch 17.
[2023-03-21 19:48:00] PRINT [03/21 19:48:00 graph]: # Epoch 17: train_loss: 0.5020 | lr: 0.000094
[2023-03-21 19:48:00] PRINT [03/21 19:48:00 graph]: start epoch 18.
[2023-03-21 19:48:01] PRINT [03/21 19:48:01 graph]: # Epoch 18: train_loss: 0.4973 | lr: 0.000094
[2023-03-21 19:48:01] PRINT [03/21 19:48:01 graph]: start epoch 19.
[2023-03-21 19:48:01] PRINT [03/21 19:48:01 graph]: # Epoch 19: train_loss: 0.4937 | lr: 0.000094
[2023-03-21 19:48:01] PRINT [03/21 19:48:01 graph]: start epoch 20.
[2023-03-21 19:48:01] PRINT [03/21 19:48:01 graph]: # Epoch 20: train_loss: 0.4905 | lr: 0.000094
[2023-03-21 19:48:01] PRINT [03/21 19:48:01 graph]: start epoch 21.
[2023-03-21 19:48:02] PRINT [03/21 19:48:02 graph]: # Epoch 21: train_loss: 0.4870 | lr: 0.000094
[2023-03-21 19:48:02] PRINT [03/21 19:48:02 graph]: start epoch 22.
[2023-03-21 19:48:02] PRINT [03/21 19:48:02 graph]: # Epoch 22: train_loss: 0.4838 | lr: 0.000094
[2023-03-21 19:48:02] PRINT [03/21 19:48:02 graph]: start epoch 23.
[2023-03-21 19:48:02] PRINT [03/21 19:48:02 graph]: # Epoch 23: train_loss: 0.4804 | lr: 0.000094
[2023-03-21 19:48:02] PRINT [03/21 19:48:02 graph]: start epoch 24.
[2023-03-21 19:48:02] PRINT [03/21 19:48:02 graph]: # Epoch 24: train_loss: 0.4777 | lr: 0.000094
[2023-03-21 19:48:02] PRINT [03/21 19:48:02 graph]: start epoch 25.
[2023-03-21 19:48:03] PRINT [03/21 19:48:03 graph]: # Epoch 25: train_loss: 0.4748 | lr: 0.000094
[2023-03-21 19:48:03] PRINT [03/21 19:48:03 graph]: start epoch 26.
[2023-03-21 19:48:03] PRINT [03/21 19:48:03 graph]: # Epoch 26: train_loss: 0.4720 | lr: 0.000094
[2023-03-21 19:48:03] PRINT [03/21 19:48:03 graph]: start epoch 27.
[2023-03-21 19:48:03] PRINT [03/21 19:48:03 graph]: # Epoch 27: train_loss: 0.4694 | lr: 0.000094
[2023-03-21 19:48:03] PRINT [03/21 19:48:03 graph]: start epoch 28.
[2023-03-21 19:48:03] PRINT [03/21 19:48:03 graph]: # Epoch 28: train_loss: 0.4673 | lr: 0.000094
[2023-03-21 19:48:03] PRINT [03/21 19:48:03 graph]: start epoch 29.
[2023-03-21 19:48:04] PRINT [03/21 19:48:04 graph]: # Epoch 29: train_loss: 0.4654 | lr: 0.000094
[2023-03-21 19:48:04] PRINT [03/21 19:48:04 graph]: start epoch 30.
[2023-03-21 19:48:04] PRINT [03/21 19:48:04 graph]: # Epoch 30: train_loss: 0.4632 | lr: 0.000094
[2023-03-21 19:48:04] PRINT [03/21 19:48:04 graph]: start epoch 31.
[2023-03-21 19:48:04] PRINT [03/21 19:48:04 graph]: # Epoch 31: train_loss: 0.4615 | lr: 0.000094
[2023-03-21 19:48:04] PRINT [03/21 19:48:04 graph]: start epoch 32.
[2023-03-21 19:48:05] PRINT [03/21 19:48:05 graph]: # Epoch 32: train_loss: 0.4597 | lr: 0.000094
[2023-03-21 19:48:05] PRINT [03/21 19:48:05 graph]: start epoch 33.
[2023-03-21 19:48:05] PRINT [03/21 19:48:05 graph]: # Epoch 33: train_loss: 0.4580 | lr: 0.000094
[2023-03-21 19:48:05] PRINT [03/21 19:48:05 graph]: start epoch 34.
[2023-03-21 19:48:05] PRINT [03/21 19:48:05 graph]: # Epoch 34: train_loss: 0.4562 | lr: 0.000094
[2023-03-21 19:48:05] PRINT [03/21 19:48:05 graph]: start epoch 35.
[2023-03-21 19:48:05] PRINT [03/21 19:48:05 graph]: # Epoch 35: train_loss: 0.4548 | lr: 0.000094
[2023-03-21 19:48:05] PRINT [03/21 19:48:05 graph]: start epoch 36.
[2023-03-21 19:48:06] PRINT [03/21 19:48:06 graph]: # Epoch 36: train_loss: 0.4529 | lr: 0.000094
[2023-03-21 19:48:06] PRINT [03/21 19:48:06 graph]: start epoch 37.
[2023-03-21 19:48:06] PRINT [03/21 19:48:06 graph]: # Epoch 37: train_loss: 0.4513 | lr: 0.000094
[2023-03-21 19:48:06] PRINT [03/21 19:48:06 graph]: start epoch 38.
[2023-03-21 19:48:06] PRINT [03/21 19:48:06 graph]: # Epoch 38: train_loss: 0.4498 | lr: 0.000094
[2023-03-21 19:48:06] PRINT [03/21 19:48:06 graph]: start epoch 39.
[2023-03-21 19:48:06] PRINT [03/21 19:48:06 graph]: # Epoch 39: train_loss: 0.4485 | lr: 0.000094
[2023-03-21 19:48:06] PRINT [03/21 19:48:06 graph]: start epoch 40.
[2023-03-21 19:48:07] PRINT [03/21 19:48:07 graph]: # Epoch 40: train_loss: 0.4474 | lr: 0.000094
[2023-03-21 19:48:07] PRINT [03/21 19:48:07 graph]: start epoch 41.
[2023-03-21 19:48:07] PRINT [03/21 19:48:07 graph]: # Epoch 41: train_loss: 0.4460 | lr: 0.000094
[2023-03-21 19:48:07] PRINT [03/21 19:48:07 graph]: start epoch 42.
[2023-03-21 19:48:07] PRINT [03/21 19:48:07 graph]: # Epoch 42: train_loss: 0.4444 | lr: 0.000094
[2023-03-21 19:48:07] PRINT [03/21 19:48:07 graph]: start epoch 43.
[2023-03-21 19:48:08] PRINT [03/21 19:48:08 graph]: # Epoch 43: train_loss: 0.4432 | lr: 0.000094
[2023-03-21 19:48:08] PRINT [03/21 19:48:08 graph]: start epoch 44.
[2023-03-21 19:48:08] PRINT [03/21 19:48:08 graph]: # Epoch 44: train_loss: 0.4421 | lr: 0.000094
[2023-03-21 19:48:08] PRINT [03/21 19:48:08 graph]: start epoch 45.
[2023-03-21 19:48:08] PRINT [03/21 19:48:08 graph]: # Epoch 45: train_loss: 0.4408 | lr: 0.000094
[2023-03-21 19:48:08] PRINT [03/21 19:48:08 graph]: start epoch 46.
[2023-03-21 19:48:08] PRINT [03/21 19:48:08 graph]: # Epoch 46: train_loss: 0.4399 | lr: 0.000094
[2023-03-21 19:48:08] PRINT [03/21 19:48:08 graph]: start epoch 47.
[2023-03-21 19:48:08] PRINT [03/21 19:48:08 graph]: # Epoch 47: train_loss: 0.4386 | lr: 0.000094
[2023-03-21 19:48:08] PRINT [03/21 19:48:08 graph]: start epoch 48.
[2023-03-21 19:48:08] PRINT [03/21 19:48:08 graph]: # Epoch 48: train_loss: 0.4374 | lr: 0.000094
[2023-03-21 19:48:08] PRINT [03/21 19:48:08 graph]: start epoch 49.
[2023-03-21 19:48:09] PRINT [03/21 19:48:09 graph]: # Epoch 49: train_loss: 0.4362 | lr: 0.000094
[2023-03-21 19:48:09] PRINT [03/21 19:48:09 graph]: start epoch 50.
[2023-03-21 19:48:09] PRINT [03/21 19:48:09 graph]: # Epoch 50: train_loss: 0.4352 | lr: 0.000094
[2023-03-21 19:48:09] PRINT [03/21 19:48:09 graph]: start epoch 51.
[2023-03-21 19:48:09] PRINT [03/21 19:48:09 graph]: # Epoch 51: train_loss: 0.4339 | lr: 0.000094
[2023-03-21 19:48:09] PRINT [03/21 19:48:09 graph]: start epoch 52.
[2023-03-21 19:48:09] PRINT [03/21 19:48:09 graph]: # Epoch 52: train_loss: 0.4332 | lr: 0.000094
[2023-03-21 19:48:09] PRINT [03/21 19:48:09 graph]: start epoch 53.
[2023-03-21 19:48:09] PRINT [03/21 19:48:09 graph]: # Epoch 53: train_loss: 0.4320 | lr: 0.000094
[2023-03-21 19:48:09] PRINT [03/21 19:48:09 graph]: start epoch 54.
[2023-03-21 19:48:09] PRINT [03/21 19:48:09 graph]: # Epoch 54: train_loss: 0.4308 | lr: 0.000094
[2023-03-21 19:48:09] PRINT [03/21 19:48:09 graph]: start epoch 55.
[2023-03-21 19:48:09] PRINT [03/21 19:48:09 graph]: # Epoch 55: train_loss: 0.4301 | lr: 0.000094
[2023-03-21 19:48:09] PRINT [03/21 19:48:09 graph]: start epoch 56.
[2023-03-21 19:48:09] PRINT [03/21 19:48:09 graph]: # Epoch 56: train_loss: 0.4293 | lr: 0.000094
[2023-03-21 19:48:09] PRINT [03/21 19:48:09 graph]: start epoch 57.
[2023-03-21 19:48:09] PRINT [03/21 19:48:09 graph]: # Epoch 57: train_loss: 0.4285 | lr: 0.000094
[2023-03-21 19:48:09] PRINT [03/21 19:48:09 graph]: start epoch 58.
[2023-03-21 19:48:09] PRINT [03/21 19:48:09 graph]: # Epoch 58: train_loss: 0.4277 | lr: 0.000094
[2023-03-21 19:48:09] PRINT [03/21 19:48:09 graph]: start epoch 59.
[2023-03-21 19:48:09] PRINT [03/21 19:48:09 graph]: # Epoch 59: train_loss: 0.4266 | lr: 0.000094
[2023-03-21 19:48:09] PRINT [03/21 19:48:09 graph]: start epoch 60.
[2023-03-21 19:48:10] PRINT [03/21 19:48:10 graph]: # Epoch 60: train_loss: 0.4255 | lr: 0.000094
[2023-03-21 19:48:10] PRINT [03/21 19:48:10 graph]: start epoch 61.
[2023-03-21 19:48:10] PRINT [03/21 19:48:10 graph]: # Epoch 61: train_loss: 0.4246 | lr: 0.000094
[2023-03-21 19:48:10] PRINT [03/21 19:48:10 graph]: start epoch 62.
[2023-03-21 19:48:10] PRINT [03/21 19:48:10 graph]: # Epoch 62: train_loss: 0.4239 | lr: 0.000094
[2023-03-21 19:48:10] PRINT [03/21 19:48:10 graph]: start epoch 63.
[2023-03-21 19:48:10] PRINT [03/21 19:48:10 graph]: # Epoch 63: train_loss: 0.4231 | lr: 0.000094
[2023-03-21 19:48:10] PRINT [03/21 19:48:10 graph]: start epoch 64.
[2023-03-21 19:48:10] PRINT [03/21 19:48:10 graph]: # Epoch 64: train_loss: 0.4226 | lr: 0.000094
[2023-03-21 19:48:10] PRINT [03/21 19:48:10 graph]: start epoch 65.
[2023-03-21 19:48:10] PRINT [03/21 19:48:10 graph]: # Epoch 65: train_loss: 0.4219 | lr: 0.000094
[2023-03-21 19:48:10] PRINT [03/21 19:48:10 graph]: start epoch 66.
[2023-03-21 19:48:10] PRINT [03/21 19:48:10 graph]: # Epoch 66: train_loss: 0.4208 | lr: 0.000094
[2023-03-21 19:48:10] PRINT [03/21 19:48:10 graph]: start epoch 67.
[2023-03-21 19:48:10] PRINT [03/21 19:48:10 graph]: # Epoch 67: train_loss: 0.4199 | lr: 0.000094
[2023-03-21 19:48:10] PRINT [03/21 19:48:10 graph]: start epoch 68.
[2023-03-21 19:48:10] PRINT [03/21 19:48:10 graph]: # Epoch 68: train_loss: 0.4192 | lr: 0.000094
[2023-03-21 19:48:10] PRINT [03/21 19:48:10 graph]: start epoch 69.
[2023-03-21 19:48:10] PRINT [03/21 19:48:10 graph]: # Epoch 69: train_loss: 0.4184 | lr: 0.000094
[2023-03-21 19:48:10] PRINT [03/21 19:48:10 graph]: start epoch 70.
[2023-03-21 19:48:10] PRINT [03/21 19:48:10 graph]: # Epoch 70: train_loss: 0.4174 | lr: 0.000094
[2023-03-21 19:48:10] PRINT [03/21 19:48:10 graph]: start epoch 71.
[2023-03-21 19:48:10] PRINT [03/21 19:48:10 graph]: # Epoch 71: train_loss: 0.4172 | lr: 0.000094
[2023-03-21 19:48:10] PRINT [03/21 19:48:10 graph]: start epoch 72.
[2023-03-21 19:48:11] PRINT [03/21 19:48:11 graph]: # Epoch 72: train_loss: 0.4161 | lr: 0.000094
[2023-03-21 19:48:11] PRINT [03/21 19:48:11 graph]: start epoch 73.
[2023-03-21 19:48:11] PRINT [03/21 19:48:11 graph]: # Epoch 73: train_loss: 0.4155 | lr: 0.000094
[2023-03-21 19:48:11] PRINT [03/21 19:48:11 graph]: start epoch 74.
[2023-03-21 19:48:11] PRINT [03/21 19:48:11 graph]: # Epoch 74: train_loss: 0.4150 | lr: 0.000094
[2023-03-21 19:48:11] PRINT [03/21 19:48:11 graph]: start epoch 75.
[2023-03-21 19:48:11] PRINT [03/21 19:48:11 graph]: # Epoch 75: train_loss: 0.4148 | lr: 0.000094
[2023-03-21 19:48:11] PRINT [03/21 19:48:11 graph]: start epoch 76.
[2023-03-21 19:48:11] PRINT [03/21 19:48:11 graph]: # Epoch 76: train_loss: 0.4146 | lr: 0.000094
[2023-03-21 19:48:11] PRINT [03/21 19:48:11 graph]: start epoch 77.
[2023-03-21 19:48:11] PRINT [03/21 19:48:11 graph]: # Epoch 77: train_loss: 0.4141 | lr: 0.000094
[2023-03-21 19:48:11] PRINT [03/21 19:48:11 graph]: start epoch 78.
[2023-03-21 19:48:11] PRINT [03/21 19:48:11 graph]: # Epoch 78: train_loss: 0.4132 | lr: 0.000094
[2023-03-21 19:48:11] PRINT [03/21 19:48:11 graph]: start epoch 79.
[2023-03-21 19:48:11] PRINT [03/21 19:48:11 graph]: # Epoch 79: train_loss: 0.4117 | lr: 0.000094
[2023-03-21 19:48:11] PRINT [03/21 19:48:11 graph]: start epoch 80.
[2023-03-21 19:48:11] PRINT [03/21 19:48:11 graph]: # Epoch 80: train_loss: 0.4112 | lr: 0.000094
[2023-03-21 19:48:11] PRINT [03/21 19:48:11 graph]: start epoch 81.
[2023-03-21 19:48:11] PRINT [03/21 19:48:11 graph]: # Epoch 81: train_loss: 0.4109 | lr: 0.000094
[2023-03-21 19:48:11] PRINT [03/21 19:48:11 graph]: start epoch 82.
[2023-03-21 19:48:11] PRINT [03/21 19:48:11 graph]: # Epoch 82: train_loss: 0.4102 | lr: 0.000094
[2023-03-21 19:48:11] PRINT [03/21 19:48:11 graph]: start epoch 83.
[2023-03-21 19:48:11] PRINT [03/21 19:48:11 graph]: # Epoch 83: train_loss: 0.4096 | lr: 0.000094
[2023-03-21 19:48:11] PRINT [03/21 19:48:11 graph]: start epoch 84.
[2023-03-21 19:48:12] PRINT [03/21 19:48:12 graph]: # Epoch 84: train_loss: 0.4087 | lr: 0.000094
[2023-03-21 19:48:12] PRINT [03/21 19:48:12 graph]: start epoch 85.
[2023-03-21 19:48:12] PRINT [03/21 19:48:12 graph]: # Epoch 85: train_loss: 0.4083 | lr: 0.000094
[2023-03-21 19:48:12] PRINT [03/21 19:48:12 graph]: start epoch 86.
[2023-03-21 19:48:12] PRINT [03/21 19:48:12 graph]: # Epoch 86: train_loss: 0.4077 | lr: 0.000094
[2023-03-21 19:48:12] PRINT [03/21 19:48:12 graph]: start epoch 87.
[2023-03-21 19:48:12] PRINT [03/21 19:48:12 graph]: # Epoch 87: train_loss: 0.4075 | lr: 0.000094
[2023-03-21 19:48:12] PRINT [03/21 19:48:12 graph]: start epoch 88.
[2023-03-21 19:48:12] PRINT [03/21 19:48:12 graph]: # Epoch 88: train_loss: 0.4070 | lr: 0.000094
[2023-03-21 19:48:12] PRINT [03/21 19:48:12 graph]: start epoch 89.
[2023-03-21 19:48:12] PRINT [03/21 19:48:12 graph]: # Epoch 89: train_loss: 0.4065 | lr: 0.000094
[2023-03-21 19:48:12] PRINT [03/21 19:48:12 graph]: start epoch 90.
[2023-03-21 19:48:12] PRINT [03/21 19:48:12 graph]: # Epoch 90: train_loss: 0.4056 | lr: 0.000094
[2023-03-21 19:48:12] PRINT [03/21 19:48:12 graph]: start epoch 91.
[2023-03-21 19:48:12] PRINT [03/21 19:48:12 graph]: # Epoch 91: train_loss: 0.4050 | lr: 0.000094
[2023-03-21 19:48:12] PRINT [03/21 19:48:12 graph]: start epoch 92.
[2023-03-21 19:48:12] PRINT [03/21 19:48:12 graph]: # Epoch 92: train_loss: 0.4044 | lr: 0.000094
[2023-03-21 19:48:12] PRINT [03/21 19:48:12 graph]: start epoch 93.
[2023-03-21 19:48:12] PRINT [03/21 19:48:12 graph]: # Epoch 93: train_loss: 0.4045 | lr: 0.000094
[2023-03-21 19:48:12] PRINT [03/21 19:48:12 graph]: start epoch 94.
[2023-03-21 19:48:12] PRINT [03/21 19:48:12 graph]: # Epoch 94: train_loss: 0.4051 | lr: 0.000094
[2023-03-21 19:48:12] PRINT [03/21 19:48:12 graph]: start epoch 95.
[2023-03-21 19:48:13] PRINT [03/21 19:48:13 graph]: # Epoch 95: train_loss: 0.4041 | lr: 0.000094
[2023-03-21 19:48:13] PRINT [03/21 19:48:13 graph]: start epoch 96.
[2023-03-21 19:48:13] PRINT [03/21 19:48:13 graph]: # Epoch 96: train_loss: 0.4036 | lr: 0.000094
[2023-03-21 19:48:13] PRINT [03/21 19:48:13 graph]: start epoch 97.
[2023-03-21 19:48:13] PRINT [03/21 19:48:13 graph]: # Epoch 97: train_loss: 0.4019 | lr: 0.000094
[2023-03-21 19:48:13] PRINT [03/21 19:48:13 graph]: start epoch 98.
[2023-03-21 19:48:13] PRINT [03/21 19:48:13 graph]: # Epoch 98: train_loss: 0.4013 | lr: 0.000094
[2023-03-21 19:48:13] PRINT [03/21 19:48:13 graph]: start epoch 99.
[2023-03-21 19:48:13] PRINT [03/21 19:48:13 graph]: # Epoch 99: train_loss: 0.4015 | lr: 0.000094
[2023-03-21 19:48:13] PRINT [03/21 19:48:13 graph]: start epoch 100.
[2023-03-21 19:48:13] PRINT [03/21 19:48:13 graph]: # Epoch 100: train_loss: 0.4003 | lr: 0.000094
[2023-03-21 19:48:13] PRINT [03/21 19:48:13 graph]: start epoch 101.
[2023-03-21 19:48:13] PRINT [03/21 19:48:13 graph]: # Epoch 101: train_loss: 0.4002 | lr: 0.000094
[2023-03-21 19:48:16] PRINT [03/21 19:48:16 graph]: --- Testf1: 0.93448, Best Valacc: 0.93464 in epoch 32 --- 
[2023-03-21 19:48:16] PRINT [03/21 19:48:16 graph]: Epoch 101: get test acc score:  0.934
[2023-03-21 19:48:16] PRINT [03/21 19:48:16 graph]: best_f1 0.934 at epoch 101
[2023-03-21 19:48:16] PRINT [03/21 19:48:16 graph]: start epoch 102.
[2023-03-21 19:48:17] PRINT [03/21 19:48:17 graph]: # Epoch 102: train_loss: 0.4000 | lr: 0.000094
[2023-03-21 19:48:20] PRINT [03/21 19:48:20 graph]: --- Testf1: 0.93480, Best Valacc: 0.93725 in epoch 99 --- 
[2023-03-21 19:48:20] PRINT [03/21 19:48:20 graph]: Epoch 102: get test acc score:  0.935
[2023-03-21 19:48:20] PRINT [03/21 19:48:20 graph]: best_f1 0.935 at epoch 102
[2023-03-21 19:48:20] PRINT [03/21 19:48:20 graph]: start epoch 103.
[2023-03-21 19:48:20] PRINT [03/21 19:48:20 graph]: # Epoch 103: train_loss: 0.3993 | lr: 0.000094
[2023-03-21 19:48:23] PRINT [03/21 19:48:23 graph]: --- Testf1: 0.93366, Best Valacc: 0.93464 in epoch 91 --- 
[2023-03-21 19:48:23] PRINT [03/21 19:48:23 graph]: Epoch 103: get test acc score:  0.934
[2023-03-21 19:48:23] PRINT [03/21 19:48:23 graph]: best_f1 0.935 at epoch 102
[2023-03-21 19:48:23] PRINT [03/21 19:48:23 graph]: start epoch 104.
[2023-03-21 19:48:23] PRINT [03/21 19:48:23 graph]: # Epoch 104: train_loss: 0.3984 | lr: 0.000094
[2023-03-21 19:48:27] PRINT [03/21 19:48:27 graph]: --- Testf1: 0.93464, Best Valacc: 0.93595 in epoch 99 --- 
[2023-03-21 19:48:27] PRINT [03/21 19:48:27 graph]: Epoch 104: get test acc score:  0.935
[2023-03-21 19:48:27] PRINT [03/21 19:48:27 graph]: best_f1 0.935 at epoch 102
[2023-03-21 19:48:27] PRINT [03/21 19:48:27 graph]: start epoch 105.
[2023-03-21 19:48:27] PRINT [03/21 19:48:27 graph]: # Epoch 105: train_loss: 0.3984 | lr: 0.000094
[2023-03-21 19:48:30] PRINT [03/21 19:48:30 graph]: --- Testf1: 0.93529, Best Valacc: 0.93595 in epoch 78 --- 
[2023-03-21 19:48:30] PRINT [03/21 19:48:30 graph]: Epoch 105: get test acc score:  0.935
[2023-03-21 19:48:30] PRINT [03/21 19:48:30 graph]: best_f1 0.935 at epoch 105
[2023-03-21 19:48:30] PRINT [03/21 19:48:30 graph]: start epoch 106.
[2023-03-21 19:48:30] PRINT [03/21 19:48:30 graph]: # Epoch 106: train_loss: 0.3981 | lr: 0.000094
[2023-03-21 19:48:34] PRINT [03/21 19:48:34 graph]: --- Testf1: 0.93562, Best Valacc: 0.93595 in epoch 99 --- 
[2023-03-21 19:48:34] PRINT [03/21 19:48:34 graph]: Epoch 106: get test acc score:  0.936
[2023-03-21 19:48:34] PRINT [03/21 19:48:34 graph]: best_f1 0.936 at epoch 106
[2023-03-21 19:48:34] PRINT [03/21 19:48:34 graph]: start epoch 107.
[2023-03-21 19:48:34] PRINT [03/21 19:48:34 graph]: # Epoch 107: train_loss: 0.3965 | lr: 0.000094
[2023-03-21 19:48:37] PRINT [03/21 19:48:37 graph]: --- Testf1: 0.93529, Best Valacc: 0.93464 in epoch 87 --- 
[2023-03-21 19:48:37] PRINT [03/21 19:48:37 graph]: Epoch 107: get test acc score:  0.935
[2023-03-21 19:48:37] PRINT [03/21 19:48:37 graph]: best_f1 0.936 at epoch 106
[2023-03-21 19:48:37] PRINT [03/21 19:48:37 graph]: start epoch 108.
[2023-03-21 19:48:37] PRINT [03/21 19:48:37 graph]: # Epoch 108: train_loss: 0.3975 | lr: 0.000094
[2023-03-21 19:48:41] PRINT [03/21 19:48:41 graph]: --- Testf1: 0.93497, Best Valacc: 0.93333 in epoch 75 --- 
[2023-03-21 19:48:41] PRINT [03/21 19:48:41 graph]: Epoch 108: get test acc score:  0.935
[2023-03-21 19:48:41] PRINT [03/21 19:48:41 graph]: best_f1 0.936 at epoch 106
[2023-03-21 19:48:41] PRINT [03/21 19:48:41 graph]: start epoch 109.
[2023-03-21 19:48:41] PRINT [03/21 19:48:41 graph]: # Epoch 109: train_loss: 0.3965 | lr: 0.000094
[2023-03-21 19:48:44] PRINT [03/21 19:48:44 graph]: --- Testf1: 0.93529, Best Valacc: 0.93595 in epoch 99 --- 
[2023-03-21 19:48:44] PRINT [03/21 19:48:44 graph]: Epoch 109: get test acc score:  0.935
[2023-03-21 19:48:44] PRINT [03/21 19:48:44 graph]: best_f1 0.936 at epoch 106
[2023-03-21 19:48:44] PRINT [03/21 19:48:44 graph]: start epoch 110.
[2023-03-21 19:48:44] PRINT [03/21 19:48:44 graph]: # Epoch 110: train_loss: 0.3959 | lr: 0.000094
[2023-03-21 19:48:48] PRINT [03/21 19:48:48 graph]: --- Testf1: 0.93480, Best Valacc: 0.93595 in epoch 33 --- 
[2023-03-21 19:48:48] PRINT [03/21 19:48:48 graph]: Epoch 110: get test acc score:  0.935
[2023-03-21 19:48:48] PRINT [03/21 19:48:48 graph]: best_f1 0.936 at epoch 106
[2023-03-21 19:48:48] PRINT [03/21 19:48:48 graph]: start epoch 111.
[2023-03-21 19:48:48] PRINT [03/21 19:48:48 graph]: # Epoch 111: train_loss: 0.3956 | lr: 0.000094
[2023-03-21 19:48:51] PRINT [03/21 19:48:51 graph]: --- Testf1: 0.93399, Best Valacc: 0.93595 in epoch 99 --- 
[2023-03-21 19:48:51] PRINT [03/21 19:48:51 graph]: Epoch 111: get test acc score:  0.934
[2023-03-21 19:48:51] PRINT [03/21 19:48:51 graph]: best_f1 0.936 at epoch 106
[2023-03-21 19:48:51] PRINT [03/21 19:48:51 graph]: start epoch 112.
[2023-03-21 19:48:51] PRINT [03/21 19:48:51 graph]: # Epoch 112: train_loss: 0.3955 | lr: 0.000094
[2023-03-21 19:48:55] PRINT [03/21 19:48:55 graph]: --- Testf1: 0.93480, Best Valacc: 0.93464 in epoch 93 --- 
[2023-03-21 19:48:55] PRINT [03/21 19:48:55 graph]: Epoch 112: get test acc score:  0.935
[2023-03-21 19:48:55] PRINT [03/21 19:48:55 graph]: best_f1 0.936 at epoch 106
[2023-03-21 19:48:55] PRINT [03/21 19:48:55 graph]: start epoch 113.
[2023-03-21 19:48:55] PRINT [03/21 19:48:55 graph]: # Epoch 113: train_loss: 0.3965 | lr: 0.000094
[2023-03-21 19:48:58] PRINT [03/21 19:48:58 graph]: --- Testf1: 0.93595, Best Valacc: 0.93333 in epoch 28 --- 
[2023-03-21 19:48:58] PRINT [03/21 19:48:58 graph]: Epoch 113: get test acc score:  0.936
[2023-03-21 19:48:58] PRINT [03/21 19:48:58 graph]: best_f1 0.936 at epoch 113
[2023-03-21 19:48:58] PRINT [03/21 19:48:58 graph]: start epoch 114.
[2023-03-21 19:48:58] PRINT [03/21 19:48:58 graph]: # Epoch 114: train_loss: 0.3941 | lr: 0.000094
[2023-03-21 19:49:01] PRINT [03/21 19:49:01 graph]: --- Testf1: 0.93595, Best Valacc: 0.93595 in epoch 26 --- 
[2023-03-21 19:49:02] PRINT [03/21 19:49:02 graph]: Epoch 114: get test acc score:  0.936
[2023-03-21 19:49:02] PRINT [03/21 19:49:02 graph]: best_f1 0.936 at epoch 113
[2023-03-21 19:49:02] PRINT [03/21 19:49:02 graph]: start epoch 115.
[2023-03-21 19:49:02] PRINT [03/21 19:49:02 graph]: # Epoch 115: train_loss: 0.3955 | lr: 0.000094
[2023-03-21 19:49:05] PRINT [03/21 19:49:05 graph]: --- Testf1: 0.93513, Best Valacc: 0.93725 in epoch 99 --- 
[2023-03-21 19:49:05] PRINT [03/21 19:49:05 graph]: Epoch 115: get test acc score:  0.935
[2023-03-21 19:49:05] PRINT [03/21 19:49:05 graph]: best_f1 0.936 at epoch 113
[2023-03-21 19:49:05] PRINT [03/21 19:49:05 graph]: start epoch 116.
[2023-03-21 19:49:05] PRINT [03/21 19:49:05 graph]: # Epoch 116: train_loss: 0.3967 | lr: 0.000094
[2023-03-21 19:49:08] PRINT [03/21 19:49:08 graph]: --- Testf1: 0.93448, Best Valacc: 0.93333 in epoch 62 --- 
[2023-03-21 19:49:08] PRINT [03/21 19:49:08 graph]: Epoch 116: get test acc score:  0.934
[2023-03-21 19:49:08] PRINT [03/21 19:49:08 graph]: best_f1 0.936 at epoch 113
[2023-03-21 19:49:08] PRINT [03/21 19:49:08 graph]: start epoch 117.
[2023-03-21 19:49:08] PRINT [03/21 19:49:08 graph]: # Epoch 117: train_loss: 0.3935 | lr: 0.000094
[2023-03-21 19:49:11] PRINT [03/21 19:49:11 graph]: --- Testf1: 0.93529, Best Valacc: 0.93725 in epoch 99 --- 
[2023-03-21 19:49:12] PRINT [03/21 19:49:12 graph]: Epoch 117: get test acc score:  0.935
[2023-03-21 19:49:12] PRINT [03/21 19:49:12 graph]: best_f1 0.936 at epoch 113
[2023-03-21 19:49:12] PRINT [03/21 19:49:12 graph]: start epoch 118.
[2023-03-21 19:49:12] PRINT [03/21 19:49:12 graph]: # Epoch 118: train_loss: 0.3956 | lr: 0.000094
[2023-03-21 19:49:15] PRINT [03/21 19:49:15 graph]: --- Testf1: 0.93529, Best Valacc: 0.93595 in epoch 99 --- 
[2023-03-21 19:49:15] PRINT [03/21 19:49:15 graph]: Epoch 118: get test acc score:  0.935
[2023-03-21 19:49:15] PRINT [03/21 19:49:15 graph]: best_f1 0.936 at epoch 113
[2023-03-21 19:49:15] PRINT [03/21 19:49:15 graph]: start epoch 119.
[2023-03-21 19:49:15] PRINT [03/21 19:49:15 graph]: # Epoch 119: train_loss: 0.3949 | lr: 0.000094
[2023-03-21 19:49:18] PRINT [03/21 19:49:18 graph]: --- Testf1: 0.93480, Best Valacc: 0.93333 in epoch 31 --- 
[2023-03-21 19:49:18] PRINT [03/21 19:49:18 graph]: Epoch 119: get test acc score:  0.935
[2023-03-21 19:49:18] PRINT [03/21 19:49:18 graph]: best_f1 0.936 at epoch 113
[2023-03-21 19:49:18] PRINT [03/21 19:49:18 graph]: start epoch 120.
[2023-03-21 19:49:19] PRINT [03/21 19:49:19 graph]: # Epoch 120: train_loss: 0.3939 | lr: 0.000094
[2023-03-21 19:49:22] PRINT [03/21 19:49:22 graph]: --- Testf1: 0.93529, Best Valacc: 0.93595 in epoch 84 --- 
[2023-03-21 19:49:22] PRINT [03/21 19:49:22 graph]: Epoch 120: get test acc score:  0.935
[2023-03-21 19:49:22] PRINT [03/21 19:49:22 graph]: best_f1 0.936 at epoch 113
[2023-03-21 19:49:22] PRINT [03/21 19:49:22 graph]: start epoch 121.
[2023-03-21 19:49:22] PRINT [03/21 19:49:22 graph]: # Epoch 121: train_loss: 0.3933 | lr: 0.000094
[2023-03-21 19:49:25] PRINT [03/21 19:49:25 graph]: --- Testf1: 0.93529, Best Valacc: 0.93595 in epoch 63 --- 
[2023-03-21 19:49:25] PRINT [03/21 19:49:25 graph]: Epoch 121: get test acc score:  0.935
[2023-03-21 19:49:25] PRINT [03/21 19:49:25 graph]: best_f1 0.936 at epoch 113
[2023-03-21 19:49:25] PRINT [03/21 19:49:25 graph]: start epoch 122.
[2023-03-21 19:49:25] PRINT [03/21 19:49:25 graph]: # Epoch 122: train_loss: 0.3924 | lr: 0.000094
[2023-03-21 19:49:28] PRINT [03/21 19:49:28 graph]: --- Testf1: 0.93644, Best Valacc: 0.93333 in epoch 95 --- 
[2023-03-21 19:49:29] PRINT [03/21 19:49:29 graph]: Epoch 122: get test acc score:  0.936
[2023-03-21 19:49:29] PRINT [03/21 19:49:29 graph]: best_f1 0.936 at epoch 122
[2023-03-21 19:49:29] PRINT [03/21 19:49:29 graph]: start epoch 123.
[2023-03-21 19:49:29] PRINT [03/21 19:49:29 graph]: # Epoch 123: train_loss: 0.3915 | lr: 0.000094
[2023-03-21 19:49:32] PRINT [03/21 19:49:32 graph]: --- Testf1: 0.93627, Best Valacc: 0.93464 in epoch 60 --- 
[2023-03-21 19:49:32] PRINT [03/21 19:49:32 graph]: Epoch 123: get test acc score:  0.936
[2023-03-21 19:49:32] PRINT [03/21 19:49:32 graph]: best_f1 0.936 at epoch 122
[2023-03-21 19:49:32] PRINT [03/21 19:49:32 graph]: start epoch 124.
[2023-03-21 19:49:32] PRINT [03/21 19:49:32 graph]: # Epoch 124: train_loss: 0.3909 | lr: 0.000094
[2023-03-21 19:49:35] PRINT [03/21 19:49:35 graph]: --- Testf1: 0.93644, Best Valacc: 0.93333 in epoch 99 --- 
[2023-03-21 19:49:35] PRINT [03/21 19:49:35 graph]: Epoch 124: get test acc score:  0.936
[2023-03-21 19:49:35] PRINT [03/21 19:49:35 graph]: best_f1 0.936 at epoch 122
[2023-03-21 19:49:35] PRINT [03/21 19:49:35 graph]: start epoch 125.
[2023-03-21 19:49:35] PRINT [03/21 19:49:35 graph]: # Epoch 125: train_loss: 0.3900 | lr: 0.000094
[2023-03-21 19:49:38] PRINT [03/21 19:49:38 graph]: --- Testf1: 0.93480, Best Valacc: 0.93464 in epoch 36 --- 
[2023-03-21 19:49:39] PRINT [03/21 19:49:39 graph]: Epoch 125: get test acc score:  0.935
[2023-03-21 19:49:39] PRINT [03/21 19:49:39 graph]: best_f1 0.936 at epoch 122
[2023-03-21 19:49:39] PRINT [03/21 19:49:39 graph]: start epoch 126.
[2023-03-21 19:49:39] PRINT [03/21 19:49:39 graph]: # Epoch 126: train_loss: 0.3895 | lr: 0.000094
[2023-03-21 19:49:42] PRINT [03/21 19:49:42 graph]: --- Testf1: 0.93595, Best Valacc: 0.93203 in epoch 37 --- 
[2023-03-21 19:49:42] PRINT [03/21 19:49:42 graph]: Epoch 126: get test acc score:  0.936
[2023-03-21 19:49:42] PRINT [03/21 19:49:42 graph]: best_f1 0.936 at epoch 122
[2023-03-21 19:49:42] PRINT [03/21 19:49:42 graph]: start epoch 127.
[2023-03-21 19:49:42] PRINT [03/21 19:49:42 graph]: # Epoch 127: train_loss: 0.3889 | lr: 0.000094
[2023-03-21 19:49:45] PRINT [03/21 19:49:45 graph]: --- Testf1: 0.93562, Best Valacc: 0.93725 in epoch 98 --- 
[2023-03-21 19:49:46] PRINT [03/21 19:49:46 graph]: Epoch 127: get test acc score:  0.936
[2023-03-21 19:49:46] PRINT [03/21 19:49:46 graph]: best_f1 0.936 at epoch 122
[2023-03-21 19:49:46] PRINT [03/21 19:49:46 graph]: start epoch 128.
[2023-03-21 19:49:46] PRINT [03/21 19:49:46 graph]: # Epoch 128: train_loss: 0.3889 | lr: 0.000094
[2023-03-21 19:49:49] PRINT [03/21 19:49:49 graph]: --- Testf1: 0.93627, Best Valacc: 0.93856 in epoch 96 --- 
[2023-03-21 19:49:49] PRINT [03/21 19:49:49 graph]: Epoch 128: get test acc score:  0.936
[2023-03-21 19:49:49] PRINT [03/21 19:49:49 graph]: best_f1 0.936 at epoch 122
[2023-03-21 19:49:49] PRINT [03/21 19:49:49 graph]: start epoch 129.
[2023-03-21 19:49:49] PRINT [03/21 19:49:49 graph]: # Epoch 129: train_loss: 0.3877 | lr: 0.000094
[2023-03-21 19:49:52] PRINT [03/21 19:49:52 graph]: --- Testf1: 0.93578, Best Valacc: 0.93856 in epoch 99 --- 
[2023-03-21 19:49:52] PRINT [03/21 19:49:52 graph]: Epoch 129: get test acc score:  0.936
[2023-03-21 19:49:52] PRINT [03/21 19:49:52 graph]: best_f1 0.936 at epoch 122
[2023-03-21 19:49:52] PRINT [03/21 19:49:52 graph]: start epoch 130.
[2023-03-21 19:49:52] PRINT [03/21 19:49:52 graph]: # Epoch 130: train_loss: 0.3871 | lr: 0.000094
[2023-03-21 19:49:56] PRINT [03/21 19:49:56 graph]: --- Testf1: 0.93595, Best Valacc: 0.93725 in epoch 99 --- 
[2023-03-21 19:49:56] PRINT [03/21 19:49:56 graph]: Epoch 130: get test acc score:  0.936
[2023-03-21 19:49:56] PRINT [03/21 19:49:56 graph]: best_f1 0.936 at epoch 122
[2023-03-21 19:49:56] PRINT [03/21 19:49:56 graph]: start epoch 131.
[2023-03-21 19:49:56] PRINT [03/21 19:49:56 graph]: # Epoch 131: train_loss: 0.3867 | lr: 0.000094
[2023-03-21 19:49:59] PRINT [03/21 19:49:59 graph]: --- Testf1: 0.93742, Best Valacc: 0.93464 in epoch 99 --- 
[2023-03-21 19:49:59] PRINT [03/21 19:49:59 graph]: Epoch 131: get test acc score:  0.937
[2023-03-21 19:49:59] PRINT [03/21 19:49:59 graph]: best_f1 0.937 at epoch 131
[2023-03-21 19:49:59] PRINT [03/21 19:49:59 graph]: start epoch 132.
[2023-03-21 19:49:59] PRINT [03/21 19:49:59 graph]: # Epoch 132: train_loss: 0.3857 | lr: 0.000094
[2023-03-21 19:50:03] PRINT [03/21 19:50:03 graph]: --- Testf1: 0.93676, Best Valacc: 0.93464 in epoch 35 --- 
[2023-03-21 19:50:03] PRINT [03/21 19:50:03 graph]: Epoch 132: get test acc score:  0.937
[2023-03-21 19:50:03] PRINT [03/21 19:50:03 graph]: best_f1 0.937 at epoch 131
[2023-03-21 19:50:03] PRINT [03/21 19:50:03 graph]: start epoch 133.
[2023-03-21 19:50:03] PRINT [03/21 19:50:03 graph]: # Epoch 133: train_loss: 0.3868 | lr: 0.000094
[2023-03-21 19:50:06] PRINT [03/21 19:50:06 graph]: --- Testf1: 0.93578, Best Valacc: 0.93464 in epoch 99 --- 
[2023-03-21 19:50:06] PRINT [03/21 19:50:06 graph]: Epoch 133: get test acc score:  0.936
[2023-03-21 19:50:06] PRINT [03/21 19:50:06 graph]: best_f1 0.937 at epoch 131
[2023-03-21 19:50:06] PRINT [03/21 19:50:06 graph]: start epoch 134.
[2023-03-21 19:50:06] PRINT [03/21 19:50:06 graph]: # Epoch 134: train_loss: 0.3862 | lr: 0.000094
[2023-03-21 19:50:09] PRINT [03/21 19:50:09 graph]: --- Testf1: 0.93644, Best Valacc: 0.93595 in epoch 99 --- 
[2023-03-21 19:50:09] PRINT [03/21 19:50:09 graph]: Epoch 134: get test acc score:  0.936
[2023-03-21 19:50:09] PRINT [03/21 19:50:09 graph]: best_f1 0.937 at epoch 131
[2023-03-21 19:50:09] PRINT [03/21 19:50:09 graph]: start epoch 135.
[2023-03-21 19:50:09] PRINT [03/21 19:50:09 graph]: # Epoch 135: train_loss: 0.3855 | lr: 0.000094
[2023-03-21 19:50:13] PRINT [03/21 19:50:13 graph]: --- Testf1: 0.93497, Best Valacc: 0.93333 in epoch 99 --- 
[2023-03-21 19:50:13] PRINT [03/21 19:50:13 graph]: Epoch 135: get test acc score:  0.935
[2023-03-21 19:50:13] PRINT [03/21 19:50:13 graph]: best_f1 0.937 at epoch 131
[2023-03-21 19:50:13] PRINT [03/21 19:50:13 graph]: start epoch 136.
[2023-03-21 19:50:13] PRINT [03/21 19:50:13 graph]: # Epoch 136: train_loss: 0.3863 | lr: 0.000094
[2023-03-21 19:50:16] PRINT [03/21 19:50:16 graph]: --- Testf1: 0.93611, Best Valacc: 0.93725 in epoch 99 --- 
[2023-03-21 19:50:16] PRINT [03/21 19:50:16 graph]: Epoch 136: get test acc score:  0.936
[2023-03-21 19:50:16] PRINT [03/21 19:50:16 graph]: best_f1 0.937 at epoch 131
[2023-03-21 19:50:16] PRINT [03/21 19:50:16 graph]: start epoch 137.
[2023-03-21 19:50:16] PRINT [03/21 19:50:16 graph]: # Epoch 137: train_loss: 0.3848 | lr: 0.000094
[2023-03-21 19:50:19] PRINT [03/21 19:50:19 graph]: --- Testf1: 0.93562, Best Valacc: 0.93725 in epoch 99 --- 
[2023-03-21 19:50:20] PRINT [03/21 19:50:20 graph]: Epoch 137: get test acc score:  0.936
[2023-03-21 19:50:20] PRINT [03/21 19:50:20 graph]: best_f1 0.937 at epoch 131
[2023-03-21 19:50:20] PRINT [03/21 19:50:20 graph]: start epoch 138.
[2023-03-21 19:50:20] PRINT [03/21 19:50:20 graph]: # Epoch 138: train_loss: 0.3840 | lr: 0.000094
[2023-03-21 19:50:23] PRINT [03/21 19:50:23 graph]: --- Testf1: 0.93562, Best Valacc: 0.93595 in epoch 86 --- 
[2023-03-21 19:50:23] PRINT [03/21 19:50:23 graph]: Epoch 138: get test acc score:  0.936
[2023-03-21 19:50:23] PRINT [03/21 19:50:23 graph]: best_f1 0.937 at epoch 131
[2023-03-21 19:50:23] PRINT [03/21 19:50:23 graph]: start epoch 139.
[2023-03-21 19:50:23] PRINT [03/21 19:50:23 graph]: # Epoch 139: train_loss: 0.3843 | lr: 0.000094
[2023-03-21 19:50:26] PRINT [03/21 19:50:26 graph]: --- Testf1: 0.93546, Best Valacc: 0.93725 in epoch 92 --- 
[2023-03-21 19:50:26] PRINT [03/21 19:50:26 graph]: Epoch 139: get test acc score:  0.935
[2023-03-21 19:50:26] PRINT [03/21 19:50:26 graph]: best_f1 0.937 at epoch 131
[2023-03-21 19:50:26] PRINT [03/21 19:50:26 graph]: start epoch 140.
[2023-03-21 19:50:26] PRINT [03/21 19:50:26 graph]: # Epoch 140: train_loss: 0.3839 | lr: 0.000094
[2023-03-21 19:50:30] PRINT [03/21 19:50:30 graph]: --- Testf1: 0.93562, Best Valacc: 0.93725 in epoch 81 --- 
[2023-03-21 19:50:30] PRINT [03/21 19:50:30 graph]: Epoch 140: get test acc score:  0.936
[2023-03-21 19:50:30] PRINT [03/21 19:50:30 graph]: best_f1 0.937 at epoch 131
[2023-03-21 19:50:30] PRINT [03/21 19:50:30 graph]: start epoch 141.
[2023-03-21 19:50:30] PRINT [03/21 19:50:30 graph]: # Epoch 141: train_loss: 0.3833 | lr: 0.000094
[2023-03-21 19:50:33] PRINT [03/21 19:50:33 graph]: --- Testf1: 0.93693, Best Valacc: 0.93987 in epoch 72 --- 
[2023-03-21 19:50:33] PRINT [03/21 19:50:33 graph]: Epoch 141: get test acc score:  0.937
[2023-03-21 19:50:33] PRINT [03/21 19:50:33 graph]: best_f1 0.937 at epoch 131
[2023-03-21 19:50:33] PRINT [03/21 19:50:33 graph]: start epoch 142.
[2023-03-21 19:50:33] PRINT [03/21 19:50:33 graph]: # Epoch 142: train_loss: 0.3828 | lr: 0.000094
[2023-03-21 19:50:37] PRINT [03/21 19:50:37 graph]: --- Testf1: 0.93578, Best Valacc: 0.93987 in epoch 99 --- 
[2023-03-21 19:50:37] PRINT [03/21 19:50:37 graph]: Epoch 142: get test acc score:  0.936
[2023-03-21 19:50:37] PRINT [03/21 19:50:37 graph]: best_f1 0.937 at epoch 131
[2023-03-21 19:50:37] PRINT [03/21 19:50:37 graph]: start epoch 143.
[2023-03-21 19:50:37] PRINT [03/21 19:50:37 graph]: # Epoch 143: train_loss: 0.3830 | lr: 0.000094
[2023-03-21 19:50:40] PRINT [03/21 19:50:40 graph]: --- Testf1: 0.93595, Best Valacc: 0.93725 in epoch 99 --- 
[2023-03-21 19:50:40] PRINT [03/21 19:50:40 graph]: Epoch 143: get test acc score:  0.936
[2023-03-21 19:50:40] PRINT [03/21 19:50:40 graph]: best_f1 0.937 at epoch 131
[2023-03-21 19:50:40] PRINT [03/21 19:50:40 graph]: start epoch 144.
[2023-03-21 19:50:40] PRINT [03/21 19:50:40 graph]: # Epoch 144: train_loss: 0.3824 | lr: 0.000094
[2023-03-21 19:50:43] PRINT [03/21 19:50:43 graph]: --- Testf1: 0.93546, Best Valacc: 0.93987 in epoch 99 --- 
[2023-03-21 19:50:44] PRINT [03/21 19:50:44 graph]: Epoch 144: get test acc score:  0.935
[2023-03-21 19:50:44] PRINT [03/21 19:50:44 graph]: best_f1 0.937 at epoch 131
[2023-03-21 19:50:44] PRINT [03/21 19:50:44 graph]: start epoch 145.
[2023-03-21 19:50:44] PRINT [03/21 19:50:44 graph]: # Epoch 145: train_loss: 0.3821 | lr: 0.000094
[2023-03-21 19:50:47] PRINT [03/21 19:50:47 graph]: --- Testf1: 0.93529, Best Valacc: 0.93725 in epoch 99 --- 
[2023-03-21 19:50:47] PRINT [03/21 19:50:47 graph]: Epoch 145: get test acc score:  0.935
[2023-03-21 19:50:47] PRINT [03/21 19:50:47 graph]: best_f1 0.937 at epoch 131
[2023-03-21 19:50:47] PRINT [03/21 19:50:47 graph]: start epoch 146.
[2023-03-21 19:50:47] PRINT [03/21 19:50:47 graph]: # Epoch 146: train_loss: 0.3819 | lr: 0.000094
[2023-03-21 19:50:50] PRINT [03/21 19:50:50 graph]: --- Testf1: 0.93595, Best Valacc: 0.93856 in epoch 99 --- 
[2023-03-21 19:50:50] PRINT [03/21 19:50:50 graph]: Epoch 146: get test acc score:  0.936
[2023-03-21 19:50:50] PRINT [03/21 19:50:50 graph]: best_f1 0.937 at epoch 131
[2023-03-21 19:50:50] PRINT [03/21 19:50:50 graph]: start epoch 147.
[2023-03-21 19:50:51] PRINT [03/21 19:50:51 graph]: # Epoch 147: train_loss: 0.3813 | lr: 0.000094
[2023-03-21 19:50:54] PRINT [03/21 19:50:54 graph]: --- Testf1: 0.93660, Best Valacc: 0.93595 in epoch 41 --- 
[2023-03-21 19:50:54] PRINT [03/21 19:50:54 graph]: Epoch 147: get test acc score:  0.937
[2023-03-21 19:50:54] PRINT [03/21 19:50:54 graph]: best_f1 0.937 at epoch 131
[2023-03-21 19:50:54] PRINT [03/21 19:50:54 graph]: start epoch 148.
[2023-03-21 19:50:54] PRINT [03/21 19:50:54 graph]: # Epoch 148: train_loss: 0.3823 | lr: 0.000094
[2023-03-21 19:50:57] PRINT [03/21 19:50:57 graph]: --- Testf1: 0.93595, Best Valacc: 0.93725 in epoch 99 --- 
[2023-03-21 19:50:57] PRINT [03/21 19:50:57 graph]: Epoch 148: get test acc score:  0.936
[2023-03-21 19:50:57] PRINT [03/21 19:50:57 graph]: best_f1 0.937 at epoch 131
[2023-03-21 19:50:57] PRINT [03/21 19:50:57 graph]: start epoch 149.
[2023-03-21 19:50:57] PRINT [03/21 19:50:57 graph]: # Epoch 149: train_loss: 0.3817 | lr: 0.000094
[2023-03-21 19:50:59] PRINT [03/21 19:50:59 graph]: --- Testf1: 0.93693, Best Valacc: 0.93725 in epoch 72 --- 
[2023-03-21 19:50:59] PRINT [03/21 19:50:59 graph]: Epoch 149: get test acc score:  0.937
[2023-03-21 19:50:59] PRINT [03/21 19:50:59 graph]: best_f1 0.937 at epoch 131
[2023-03-21 19:50:59] PRINT [03/21 19:50:59 graph]: # final_acc: 0.9374±0.0000
