[2023-04-06 10:28:06] PRINT ---new cfg------
[2023-04-06 10:28:06] PRINT {'DATA': {'data_name': 'REDDIT-BINARY', 'deg4feat': False}, 'DATALOADER': {'NUM_WORKERS': 0, 'BATCH_SIZE': 32}, 'MODEL': {'num_hidden': 64, 'num_layers': 2, 'nhead': 2, 'activation': 'prelu', 'attn_drop': 0.1, 'feat_drop': 0.30000000000000004, 'norm': 'layernorm', 'pooler': 'mean', 'beta_schedule': 'const', 'beta_1': 0.0009775877350584022, 'beta_T': 0.09965704028681399, 'T': 525}, 'SOLVER': {'optim_type': 'adamw', 'optim_type_f': 'adamw', 'alpha': 0.8, 'decay': 20, 'LR': 0.00011420904918112582, 'weight_decay': 0.0005, 'MAX_EPOCH': 50}, 'DEVICE': 'cuda', 'seeds': [11], 'eval_T': [50, 100, 200], 'output_dir': '/ddm-nni/REDDIT-B/log', 'checkpoint_dir': '/ddm-nni/REDDIT-B/log/checkpoint'}
[2023-04-06 10:28:06] PRINT [04/06 10:28:06 graph]: Rank of current process: 0. World size: 1
[2023-04-06 10:28:10] PRINT [04/06 10:28:10 graph]: Environment info:
[2023-04-06 10:28:10] PRINT PyTorch version: 1.10.0+cu113
[2023-04-06 10:28:10] PRINT Is debug build: False
[2023-04-06 10:28:10] PRINT CUDA used to build PyTorch: 11.3
[2023-04-06 10:28:10] PRINT ROCM used to build PyTorch: N/A
[2023-04-06 10:28:10] PRINT 
[2023-04-06 10:28:10] PRINT OS: Ubuntu 20.04.3 LTS (x86_64)
[2023-04-06 10:28:10] PRINT GCC version: (Ubuntu 9.3.0-17ubuntu1~20.04) 9.3.0
[2023-04-06 10:28:10] PRINT Clang version: Could not collect
[2023-04-06 10:28:10] PRINT CMake version: version 3.16.3
[2023-04-06 10:28:10] PRINT Libc version: glibc-2.31
[2023-04-06 10:28:10] PRINT 
[2023-04-06 10:28:10] PRINT Python version: 3.8.10 (default, Jun  4 2021, 15:09:15)  [GCC 7.5.0] (64-bit runtime)
[2023-04-06 10:28:10] PRINT Python platform: Linux-5.4.0-90-generic-x86_64-with-glibc2.17
[2023-04-06 10:28:10] PRINT Is CUDA available: True
[2023-04-06 10:28:10] PRINT CUDA runtime version: 11.3.109
[2023-04-06 10:28:10] PRINT GPU models and configuration: GPU 0: NVIDIA GeForce RTX 3090
[2023-04-06 10:28:10] PRINT Nvidia driver version: 495.44
[2023-04-06 10:28:10] PRINT cuDNN version: Probably one of the following:
[2023-04-06 10:28:10] PRINT /usr/lib/x86_64-linux-gnu/libcudnn.so.8.2.0
[2023-04-06 10:28:10] PRINT /usr/lib/x86_64-linux-gnu/libcudnn_adv_infer.so.8.2.0
[2023-04-06 10:28:10] PRINT /usr/lib/x86_64-linux-gnu/libcudnn_adv_train.so.8.2.0
[2023-04-06 10:28:10] PRINT /usr/lib/x86_64-linux-gnu/libcudnn_cnn_infer.so.8.2.0
[2023-04-06 10:28:10] PRINT /usr/lib/x86_64-linux-gnu/libcudnn_cnn_train.so.8.2.0
[2023-04-06 10:28:10] PRINT /usr/lib/x86_64-linux-gnu/libcudnn_ops_infer.so.8.2.0
[2023-04-06 10:28:10] PRINT /usr/lib/x86_64-linux-gnu/libcudnn_ops_train.so.8.2.0
[2023-04-06 10:28:10] PRINT HIP runtime version: N/A
[2023-04-06 10:28:10] PRINT MIOpen runtime version: N/A
[2023-04-06 10:28:10] PRINT 
[2023-04-06 10:28:10] PRINT Versions of relevant libraries:
[2023-04-06 10:28:10] PRINT [pip3] numpy==1.23.5
[2023-04-06 10:28:10] PRINT [pip3] torch==1.10.0+cu113
[2023-04-06 10:28:10] PRINT [pip3] torchvision==0.11.1+cu113
[2023-04-06 10:28:10] PRINT [conda] blas                      1.0                         mkl    https://mirrors.ustc.edu.cn/anaconda/pkgs/main
[2023-04-06 10:28:10] PRINT [conda] mkl                       2021.4.0           h06a4308_640    https://mirrors.ustc.edu.cn/anaconda/pkgs/main
[2023-04-06 10:28:10] PRINT [conda] mkl-service               2.4.0            py38h7f8727e_0    https://mirrors.ustc.edu.cn/anaconda/pkgs/main
[2023-04-06 10:28:10] PRINT [conda] mkl_fft                   1.3.1            py38hd3c417c_0    https://mirrors.ustc.edu.cn/anaconda/pkgs/main
[2023-04-06 10:28:10] PRINT [conda] mkl_random                1.2.2            py38h51133e4_0    https://mirrors.ustc.edu.cn/anaconda/pkgs/main
[2023-04-06 10:28:10] PRINT [conda] numpy                     1.21.4                   pypi_0    pypi
[2023-04-06 10:28:10] PRINT [conda] numpy-base                1.23.5           py38h31eccc5_0    https://mirrors.ustc.edu.cn/anaconda/pkgs/main
[2023-04-06 10:28:10] PRINT [conda] torch                     1.10.0+cu113             pypi_0    pypi
[2023-04-06 10:28:10] PRINT [conda] torchvision               0.11.1+cu113             pypi_0    pypi
[2023-04-06 10:28:10] PRINT         Pillow (8.4.0)
[2023-04-06 10:28:10] PRINT [04/06 10:28:10 graph]: Command line arguments: Namespace(local_rank=0, resume=False, seed=1234, start_epoch=0)
[2023-04-06 10:28:10] PRINT Using degree as node features
[2023-04-06 10:28:16] PRINT ******** # Num Graphs: 2000, # Num Feat: 401, # Num Classes: 2 ********
[2023-04-06 10:28:17] PRINT [04/06 10:28:17 graph]: Run 0th for seed 11
[2023-04-06 10:28:17] PRINT [04/06 10:28:17 graph]: Total trainable params num : 670991
[2023-04-06 10:28:21] PRINT [04/06 10:28:21 graph]: ----------Start Training----------
[2023-04-06 10:28:24] PRINT [04/06 10:28:24 graph]: Epoch 0 | train_loss: 0.5604 | lr: 0.000114
[2023-04-06 10:28:26] PRINT [04/06 10:28:26 graph]: Epoch 1 | train_loss: 0.2788 | lr: 0.000114
[2023-04-06 10:28:28] PRINT [04/06 10:28:28 graph]: Epoch 2 | train_loss: 0.2216 | lr: 0.000114
[2023-04-06 10:28:44] PRINT [04/06 10:28:44 graph]: #Test_f1: 0.8120±0.0214
[2023-04-06 10:28:44] PRINT [04/06 10:28:44 graph]: Epoch 2: get test f1 score:  0.812
[2023-04-06 10:28:44] PRINT [04/06 10:28:44 graph]: best_f1 0.812 at epoch 2
[2023-04-06 10:28:47] PRINT [04/06 10:28:47 graph]: Epoch 3 | train_loss: 0.1814 | lr: 0.000114
[2023-04-06 10:29:03] PRINT [04/06 10:29:03 graph]: #Test_f1: 0.8195±0.0163
[2023-04-06 10:29:03] PRINT [04/06 10:29:03 graph]: Epoch 3: get test f1 score:  0.820
[2023-04-06 10:29:03] PRINT [04/06 10:29:03 graph]: best_f1 0.820 at epoch 3
[2023-04-06 10:29:06] PRINT [04/06 10:29:06 graph]: Epoch 4 | train_loss: 0.1440 | lr: 0.000114
[2023-04-06 10:29:21] PRINT [04/06 10:29:21 graph]: #Test_f1: 0.8185±0.0175
[2023-04-06 10:29:22] PRINT [04/06 10:29:22 graph]: Epoch 4: get test f1 score:  0.819
[2023-04-06 10:29:22] PRINT [04/06 10:29:22 graph]: best_f1 0.820 at epoch 3
[2023-04-06 10:29:24] PRINT [04/06 10:29:24 graph]: Epoch 5 | train_loss: 0.1217 | lr: 0.000114
[2023-04-06 10:29:40] PRINT [04/06 10:29:40 graph]: #Test_f1: 0.8205±0.0246
[2023-04-06 10:29:40] PRINT [04/06 10:29:40 graph]: Epoch 5: get test f1 score:  0.821
[2023-04-06 10:29:40] PRINT [04/06 10:29:40 graph]: best_f1 0.821 at epoch 5
[2023-04-06 10:29:42] PRINT [04/06 10:29:42 graph]: Epoch 6 | train_loss: 0.1100 | lr: 0.000114
[2023-04-06 10:29:58] PRINT [04/06 10:29:58 graph]: #Test_f1: 0.8145±0.0189
[2023-04-06 10:29:58] PRINT [04/06 10:29:58 graph]: Epoch 6: get test f1 score:  0.815
[2023-04-06 10:29:58] PRINT [04/06 10:29:58 graph]: best_f1 0.821 at epoch 5
[2023-04-06 10:30:01] PRINT [04/06 10:30:01 graph]: Epoch 7 | train_loss: 0.1009 | lr: 0.000114
[2023-04-06 10:30:16] PRINT [04/06 10:30:16 graph]: #Test_f1: 0.8075±0.0191
[2023-04-06 10:30:16] PRINT [04/06 10:30:16 graph]: Epoch 7: get test f1 score:  0.808
[2023-04-06 10:30:16] PRINT [04/06 10:30:16 graph]: best_f1 0.821 at epoch 5
[2023-04-06 10:30:19] PRINT [04/06 10:30:19 graph]: Epoch 8 | train_loss: 0.0964 | lr: 0.000114
[2023-04-06 10:30:34] PRINT [04/06 10:30:34 graph]: #Test_f1: 0.7995±0.0204
[2023-04-06 10:30:34] PRINT [04/06 10:30:34 graph]: Epoch 8: get test f1 score:  0.799
[2023-04-06 10:30:34] PRINT [04/06 10:30:34 graph]: best_f1 0.821 at epoch 5
[2023-04-06 10:30:37] PRINT [04/06 10:30:37 graph]: Epoch 9 | train_loss: 0.0908 | lr: 0.000114
[2023-04-06 10:30:52] PRINT [04/06 10:30:52 graph]: #Test_f1: 0.7955±0.0209
[2023-04-06 10:30:53] PRINT [04/06 10:30:53 graph]: Epoch 9: get test f1 score:  0.795
[2023-04-06 10:30:53] PRINT [04/06 10:30:53 graph]: best_f1 0.821 at epoch 5
[2023-04-06 10:30:55] PRINT [04/06 10:30:55 graph]: Epoch 10 | train_loss: 0.0885 | lr: 0.000114
[2023-04-06 10:31:11] PRINT [04/06 10:31:11 graph]: #Test_f1: 0.8055±0.0190
[2023-04-06 10:31:11] PRINT [04/06 10:31:11 graph]: Epoch 10: get test f1 score:  0.805
[2023-04-06 10:31:11] PRINT [04/06 10:31:11 graph]: best_f1 0.821 at epoch 5
[2023-04-06 10:31:13] PRINT [04/06 10:31:13 graph]: Epoch 11 | train_loss: 0.0853 | lr: 0.000114
[2023-04-06 10:31:29] PRINT [04/06 10:31:29 graph]: #Test_f1: 0.8040±0.0210
[2023-04-06 10:31:30] PRINT [04/06 10:31:30 graph]: Epoch 11: get test f1 score:  0.804
[2023-04-06 10:31:30] PRINT [04/06 10:31:30 graph]: best_f1 0.821 at epoch 5
[2023-04-06 10:31:32] PRINT [04/06 10:31:32 graph]: Epoch 12 | train_loss: 0.0834 | lr: 0.000114
[2023-04-06 10:31:48] PRINT [04/06 10:31:48 graph]: #Test_f1: 0.7965±0.0223
[2023-04-06 10:31:48] PRINT [04/06 10:31:48 graph]: Epoch 12: get test f1 score:  0.796
[2023-04-06 10:31:48] PRINT [04/06 10:31:48 graph]: best_f1 0.821 at epoch 5
[2023-04-06 10:31:50] PRINT [04/06 10:31:50 graph]: Epoch 13 | train_loss: 0.0816 | lr: 0.000114
[2023-04-06 10:32:06] PRINT [04/06 10:32:06 graph]: #Test_f1: 0.7990±0.0207
[2023-04-06 10:32:06] PRINT [04/06 10:32:06 graph]: Epoch 13: get test f1 score:  0.799
[2023-04-06 10:32:06] PRINT [04/06 10:32:06 graph]: best_f1 0.821 at epoch 5
[2023-04-06 10:32:08] PRINT [04/06 10:32:08 graph]: Epoch 14 | train_loss: 0.0798 | lr: 0.000114
[2023-04-06 10:32:24] PRINT [04/06 10:32:24 graph]: #Test_f1: 0.7940±0.0248
[2023-04-06 10:32:24] PRINT [04/06 10:32:24 graph]: Epoch 14: get test f1 score:  0.794
[2023-04-06 10:32:24] PRINT [04/06 10:32:24 graph]: best_f1 0.821 at epoch 5
[2023-04-06 10:32:27] PRINT [04/06 10:32:27 graph]: Epoch 15 | train_loss: 0.0777 | lr: 0.000114
[2023-04-06 10:32:43] PRINT [04/06 10:32:43 graph]: #Test_f1: 0.7965±0.0195
[2023-04-06 10:32:43] PRINT [04/06 10:32:43 graph]: Epoch 15: get test f1 score:  0.796
[2023-04-06 10:32:43] PRINT [04/06 10:32:43 graph]: best_f1 0.821 at epoch 5
[2023-04-06 10:32:45] PRINT [04/06 10:32:45 graph]: Epoch 16 | train_loss: 0.0763 | lr: 0.000114
[2023-04-06 10:33:01] PRINT [04/06 10:33:01 graph]: #Test_f1: 0.7995±0.0260
[2023-04-06 10:33:01] PRINT [04/06 10:33:01 graph]: Epoch 16: get test f1 score:  0.800
[2023-04-06 10:33:01] PRINT [04/06 10:33:01 graph]: best_f1 0.821 at epoch 5
[2023-04-06 10:33:04] PRINT [04/06 10:33:04 graph]: Epoch 17 | train_loss: 0.0757 | lr: 0.000114
[2023-04-06 10:33:20] PRINT [04/06 10:33:20 graph]: #Test_f1: 0.7995±0.0247
[2023-04-06 10:33:20] PRINT [04/06 10:33:20 graph]: Epoch 17: get test f1 score:  0.800
[2023-04-06 10:33:20] PRINT [04/06 10:33:20 graph]: best_f1 0.821 at epoch 5
[2023-04-06 10:33:22] PRINT [04/06 10:33:22 graph]: Epoch 18 | train_loss: 0.0735 | lr: 0.000114
[2023-04-06 10:33:38] PRINT [04/06 10:33:38 graph]: #Test_f1: 0.7960±0.0284
[2023-04-06 10:33:39] PRINT [04/06 10:33:39 graph]: Epoch 18: get test f1 score:  0.796
[2023-04-06 10:33:39] PRINT [04/06 10:33:39 graph]: best_f1 0.821 at epoch 5
[2023-04-06 10:33:41] PRINT [04/06 10:33:41 graph]: Epoch 19 | train_loss: 0.0729 | lr: 0.000114
[2023-04-06 10:33:57] PRINT [04/06 10:33:57 graph]: #Test_f1: 0.7965±0.0251
[2023-04-06 10:33:57] PRINT [04/06 10:33:57 graph]: Epoch 19: get test f1 score:  0.796
[2023-04-06 10:33:57] PRINT [04/06 10:33:57 graph]: best_f1 0.821 at epoch 5
[2023-04-06 10:33:59] PRINT [04/06 10:33:59 graph]: Epoch 20 | train_loss: 0.0720 | lr: 0.000091
[2023-04-06 10:34:15] PRINT [04/06 10:34:15 graph]: #Test_f1: 0.7890±0.0242
[2023-04-06 10:34:16] PRINT [04/06 10:34:16 graph]: Epoch 20: get test f1 score:  0.789
[2023-04-06 10:34:16] PRINT [04/06 10:34:16 graph]: best_f1 0.821 at epoch 5
[2023-04-06 10:34:18] PRINT [04/06 10:34:18 graph]: Epoch 21 | train_loss: 0.0710 | lr: 0.000091
[2023-04-06 10:34:34] PRINT [04/06 10:34:34 graph]: #Test_f1: 0.7965±0.0252
[2023-04-06 10:34:34] PRINT [04/06 10:34:34 graph]: Epoch 21: get test f1 score:  0.796
[2023-04-06 10:34:34] PRINT [04/06 10:34:34 graph]: best_f1 0.821 at epoch 5
[2023-04-06 10:34:36] PRINT [04/06 10:34:36 graph]: Epoch 22 | train_loss: 0.0702 | lr: 0.000091
[2023-04-06 10:34:53] PRINT [04/06 10:34:53 graph]: #Test_f1: 0.7845±0.0254
[2023-04-06 10:34:53] PRINT [04/06 10:34:53 graph]: Epoch 22: get test f1 score:  0.785
[2023-04-06 10:34:53] PRINT [04/06 10:34:53 graph]: best_f1 0.821 at epoch 5
[2023-04-06 10:34:55] PRINT [04/06 10:34:55 graph]: Epoch 23 | train_loss: 0.0692 | lr: 0.000091
[2023-04-06 10:35:11] PRINT [04/06 10:35:11 graph]: #Test_f1: 0.7905±0.0257
[2023-04-06 10:35:11] PRINT [04/06 10:35:11 graph]: Epoch 23: get test f1 score:  0.790
[2023-04-06 10:35:11] PRINT [04/06 10:35:11 graph]: best_f1 0.821 at epoch 5
[2023-04-06 10:35:13] PRINT [04/06 10:35:13 graph]: Epoch 24 | train_loss: 0.0691 | lr: 0.000091
[2023-04-06 10:35:29] PRINT [04/06 10:35:29 graph]: #Test_f1: 0.7950±0.0270
[2023-04-06 10:35:29] PRINT [04/06 10:35:29 graph]: Epoch 24: get test f1 score:  0.795
[2023-04-06 10:35:29] PRINT [04/06 10:35:29 graph]: best_f1 0.821 at epoch 5
[2023-04-06 10:35:32] PRINT [04/06 10:35:32 graph]: Epoch 25 | train_loss: 0.0681 | lr: 0.000091
[2023-04-06 10:35:47] PRINT [04/06 10:35:47 graph]: #Test_f1: 0.7910±0.0257
[2023-04-06 10:35:48] PRINT [04/06 10:35:48 graph]: Epoch 25: get test f1 score:  0.791
[2023-04-06 10:35:48] PRINT [04/06 10:35:48 graph]: best_f1 0.821 at epoch 5
[2023-04-06 10:35:50] PRINT [04/06 10:35:50 graph]: Epoch 26 | train_loss: 0.0680 | lr: 0.000091
[2023-04-06 10:36:06] PRINT [04/06 10:36:06 graph]: #Test_f1: 0.7950±0.0254
[2023-04-06 10:36:06] PRINT [04/06 10:36:06 graph]: Epoch 26: get test f1 score:  0.795
[2023-04-06 10:36:06] PRINT [04/06 10:36:06 graph]: best_f1 0.821 at epoch 5
[2023-04-06 10:36:08] PRINT [04/06 10:36:08 graph]: Epoch 27 | train_loss: 0.0664 | lr: 0.000091
[2023-04-06 10:36:24] PRINT [04/06 10:36:24 graph]: #Test_f1: 0.7925±0.0297
[2023-04-06 10:36:25] PRINT [04/06 10:36:25 graph]: Epoch 27: get test f1 score:  0.792
[2023-04-06 10:36:25] PRINT [04/06 10:36:25 graph]: best_f1 0.821 at epoch 5
[2023-04-06 10:36:27] PRINT [04/06 10:36:27 graph]: Epoch 28 | train_loss: 0.0658 | lr: 0.000091
[2023-04-06 10:36:43] PRINT [04/06 10:36:43 graph]: #Test_f1: 0.7940±0.0269
[2023-04-06 10:36:44] PRINT [04/06 10:36:44 graph]: Epoch 28: get test f1 score:  0.794
[2023-04-06 10:36:44] PRINT [04/06 10:36:44 graph]: best_f1 0.821 at epoch 5
[2023-04-06 10:36:46] PRINT [04/06 10:36:46 graph]: Epoch 29 | train_loss: 0.0652 | lr: 0.000091
[2023-04-06 10:37:02] PRINT [04/06 10:37:02 graph]: #Test_f1: 0.7895±0.0276
[2023-04-06 10:37:02] PRINT [04/06 10:37:02 graph]: Epoch 29: get test f1 score:  0.790
[2023-04-06 10:37:02] PRINT [04/06 10:37:02 graph]: best_f1 0.821 at epoch 5
[2023-04-06 10:37:04] PRINT [04/06 10:37:04 graph]: Epoch 30 | train_loss: 0.0650 | lr: 0.000091
[2023-04-06 10:37:20] PRINT [04/06 10:37:20 graph]: #Test_f1: 0.7915±0.0254
[2023-04-06 10:37:21] PRINT [04/06 10:37:21 graph]: Epoch 30: get test f1 score:  0.791
[2023-04-06 10:37:21] PRINT [04/06 10:37:21 graph]: best_f1 0.821 at epoch 5
[2023-04-06 10:37:23] PRINT [04/06 10:37:23 graph]: Epoch 31 | train_loss: 0.0642 | lr: 0.000091
[2023-04-06 10:37:39] PRINT [04/06 10:37:39 graph]: #Test_f1: 0.7945±0.0355
[2023-04-06 10:37:39] PRINT [04/06 10:37:39 graph]: Epoch 31: get test f1 score:  0.794
[2023-04-06 10:37:39] PRINT [04/06 10:37:39 graph]: best_f1 0.821 at epoch 5
[2023-04-06 10:37:41] PRINT [04/06 10:37:41 graph]: Epoch 32 | train_loss: 0.0631 | lr: 0.000091
[2023-04-06 10:37:57] PRINT [04/06 10:37:57 graph]: #Test_f1: 0.7910±0.0306
[2023-04-06 10:37:57] PRINT [04/06 10:37:57 graph]: Epoch 32: get test f1 score:  0.791
[2023-04-06 10:37:57] PRINT [04/06 10:37:57 graph]: best_f1 0.821 at epoch 5
[2023-04-06 10:38:00] PRINT [04/06 10:38:00 graph]: Epoch 33 | train_loss: 0.0631 | lr: 0.000091
[2023-04-06 10:38:15] PRINT [04/06 10:38:15 graph]: #Test_f1: 0.7960±0.0267
[2023-04-06 10:38:16] PRINT [04/06 10:38:16 graph]: Epoch 33: get test f1 score:  0.796
[2023-04-06 10:38:16] PRINT [04/06 10:38:16 graph]: best_f1 0.821 at epoch 5
[2023-04-06 10:38:18] PRINT [04/06 10:38:18 graph]: Epoch 34 | train_loss: 0.0621 | lr: 0.000091
[2023-04-06 10:38:34] PRINT [04/06 10:38:34 graph]: #Test_f1: 0.7990±0.0329
[2023-04-06 10:38:34] PRINT [04/06 10:38:34 graph]: Epoch 34: get test f1 score:  0.799
[2023-04-06 10:38:34] PRINT [04/06 10:38:34 graph]: best_f1 0.821 at epoch 5
[2023-04-06 10:38:36] PRINT [04/06 10:38:36 graph]: Epoch 35 | train_loss: 0.0615 | lr: 0.000091
[2023-04-06 10:38:52] PRINT [04/06 10:38:52 graph]: #Test_f1: 0.7935±0.0314
[2023-04-06 10:38:52] PRINT [04/06 10:38:52 graph]: Epoch 35: get test f1 score:  0.793
[2023-04-06 10:38:52] PRINT [04/06 10:38:52 graph]: best_f1 0.821 at epoch 5
[2023-04-06 10:38:54] PRINT [04/06 10:38:54 graph]: Epoch 36 | train_loss: 0.0613 | lr: 0.000091
[2023-04-06 10:39:10] PRINT [04/06 10:39:10 graph]: #Test_f1: 0.7925±0.0301
[2023-04-06 10:39:11] PRINT [04/06 10:39:11 graph]: Epoch 36: get test f1 score:  0.792
[2023-04-06 10:39:11] PRINT [04/06 10:39:11 graph]: best_f1 0.821 at epoch 5
[2023-04-06 10:39:13] PRINT [04/06 10:39:13 graph]: Epoch 37 | train_loss: 0.0609 | lr: 0.000091
[2023-04-06 10:39:29] PRINT [04/06 10:39:29 graph]: #Test_f1: 0.8030±0.0323
[2023-04-06 10:39:29] PRINT [04/06 10:39:29 graph]: Epoch 37: get test f1 score:  0.803
[2023-04-06 10:39:29] PRINT [04/06 10:39:29 graph]: best_f1 0.821 at epoch 5
[2023-04-06 10:39:31] PRINT [04/06 10:39:31 graph]: Epoch 38 | train_loss: 0.0604 | lr: 0.000091
[2023-04-06 10:39:48] PRINT [04/06 10:39:48 graph]: #Test_f1: 0.7965±0.0238
[2023-04-06 10:39:48] PRINT [04/06 10:39:48 graph]: Epoch 38: get test f1 score:  0.796
[2023-04-06 10:39:48] PRINT [04/06 10:39:48 graph]: best_f1 0.821 at epoch 5
[2023-04-06 10:39:50] PRINT [04/06 10:39:50 graph]: Epoch 39 | train_loss: 0.0595 | lr: 0.000091
[2023-04-06 10:40:06] PRINT [04/06 10:40:06 graph]: #Test_f1: 0.7985±0.0267
[2023-04-06 10:40:07] PRINT [04/06 10:40:07 graph]: Epoch 39: get test f1 score:  0.798
[2023-04-06 10:40:07] PRINT [04/06 10:40:07 graph]: best_f1 0.821 at epoch 5
[2023-04-06 10:40:09] PRINT [04/06 10:40:09 graph]: Epoch 40 | train_loss: 0.0591 | lr: 0.000073
[2023-04-06 10:40:25] PRINT [04/06 10:40:25 graph]: #Test_f1: 0.7975±0.0250
[2023-04-06 10:40:25] PRINT [04/06 10:40:25 graph]: Epoch 40: get test f1 score:  0.798
[2023-04-06 10:40:25] PRINT [04/06 10:40:25 graph]: best_f1 0.821 at epoch 5
[2023-04-06 10:40:27] PRINT [04/06 10:40:27 graph]: Epoch 41 | train_loss: 0.0592 | lr: 0.000073
[2023-04-06 10:40:43] PRINT [04/06 10:40:43 graph]: #Test_f1: 0.7975±0.0306
[2023-04-06 10:40:44] PRINT [04/06 10:40:44 graph]: Epoch 41: get test f1 score:  0.797
[2023-04-06 10:40:44] PRINT [04/06 10:40:44 graph]: best_f1 0.821 at epoch 5
[2023-04-06 10:40:46] PRINT [04/06 10:40:46 graph]: Epoch 42 | train_loss: 0.0589 | lr: 0.000073
[2023-04-06 10:41:02] PRINT [04/06 10:41:02 graph]: #Test_f1: 0.8010±0.0280
[2023-04-06 10:41:03] PRINT [04/06 10:41:03 graph]: Epoch 42: get test f1 score:  0.801
[2023-04-06 10:41:03] PRINT [04/06 10:41:03 graph]: best_f1 0.821 at epoch 5
[2023-04-06 10:41:05] PRINT [04/06 10:41:05 graph]: Epoch 43 | train_loss: 0.0585 | lr: 0.000073
[2023-04-06 10:41:21] PRINT [04/06 10:41:21 graph]: #Test_f1: 0.8015±0.0279
[2023-04-06 10:41:21] PRINT [04/06 10:41:21 graph]: Epoch 43: get test f1 score:  0.802
[2023-04-06 10:41:21] PRINT [04/06 10:41:21 graph]: best_f1 0.821 at epoch 5
[2023-04-06 10:41:24] PRINT [04/06 10:41:24 graph]: Epoch 44 | train_loss: 0.0577 | lr: 0.000073
[2023-04-06 10:41:39] PRINT [04/06 10:41:39 graph]: #Test_f1: 0.7990±0.0246
[2023-04-06 10:41:40] PRINT [04/06 10:41:40 graph]: Epoch 44: get test f1 score:  0.799
[2023-04-06 10:41:40] PRINT [04/06 10:41:40 graph]: best_f1 0.821 at epoch 5
[2023-04-06 10:41:42] PRINT [04/06 10:41:42 graph]: Epoch 45 | train_loss: 0.0576 | lr: 0.000073
[2023-04-06 10:41:58] PRINT [04/06 10:41:58 graph]: #Test_f1: 0.7955±0.0231
[2023-04-06 10:41:59] PRINT [04/06 10:41:59 graph]: Epoch 45: get test f1 score:  0.795
[2023-04-06 10:41:59] PRINT [04/06 10:41:59 graph]: best_f1 0.821 at epoch 5
[2023-04-06 10:42:01] PRINT [04/06 10:42:01 graph]: Epoch 46 | train_loss: 0.0573 | lr: 0.000073
[2023-04-06 10:42:17] PRINT [04/06 10:42:17 graph]: #Test_f1: 0.8060±0.0301
[2023-04-06 10:42:17] PRINT [04/06 10:42:17 graph]: Epoch 46: get test f1 score:  0.806
[2023-04-06 10:42:17] PRINT [04/06 10:42:17 graph]: best_f1 0.821 at epoch 5
[2023-04-06 10:42:19] PRINT [04/06 10:42:19 graph]: Epoch 47 | train_loss: 0.0572 | lr: 0.000073
[2023-04-06 10:42:35] PRINT [04/06 10:42:35 graph]: #Test_f1: 0.8010±0.0364
[2023-04-06 10:42:35] PRINT [04/06 10:42:35 graph]: Epoch 47: get test f1 score:  0.801
[2023-04-06 10:42:35] PRINT [04/06 10:42:35 graph]: best_f1 0.821 at epoch 5
[2023-04-06 10:42:37] PRINT [04/06 10:42:37 graph]: Epoch 48 | train_loss: 0.0570 | lr: 0.000073
[2023-04-06 10:42:54] PRINT [04/06 10:42:54 graph]: #Test_f1: 0.8095±0.0252
[2023-04-06 10:42:54] PRINT [04/06 10:42:54 graph]: Epoch 48: get test f1 score:  0.809
[2023-04-06 10:42:54] PRINT [04/06 10:42:54 graph]: best_f1 0.821 at epoch 5
[2023-04-06 10:42:56] PRINT [04/06 10:42:56 graph]: Epoch 49 | train_loss: 0.0564 | lr: 0.000073
[2023-04-06 10:43:13] PRINT [04/06 10:43:13 graph]: #Test_f1: 0.8055±0.0269
[2023-04-06 10:43:13] PRINT [04/06 10:43:13 graph]: Epoch 49: get test f1 score:  0.805
[2023-04-06 10:43:13] PRINT [04/06 10:43:13 graph]: best_f1 0.821 at epoch 5
[2023-04-06 10:43:13] PRINT [04/06 10:43:13 graph]: # final_acc: 0.8205±0.0000
