[2023-03-06 09:33:09] PRINT ---new cfg------
[2023-03-06 09:33:09] PRINT {'DATA': {'data_name': 'MUTAG', 'deg4feat': True}, 'DATALOADER': {'NUM_WORKERS': 0, 'BATCH_SIZE': 32}, 'MODEL': {'num_hidden': 512, 'num_layers': 2, 'nhead': 4, 'activation': 'prelu', 'attn_drop': 0.2, 'feat_drop': 0.2, 'norm': 'layernorm', 'pooler': 'mean', 'beta_schedule': 'sigmoid', 'beta_1': 0.00021913383449774428, 'beta_T': 0.024819481088429858, 'T': 643}, 'SOLVER': {'optim_type': 'adamw', 'optim_type_f': 'adamw', 'alpha': 1, 'decay': 30, 'LR': 0.00012680028724013876, 'weight_decay': 0.0005, 'MAX_EPOCH': 50}, 'DEVICE': 'cuda', 'seeds': [11], 'eval_T': [50, 100, 200], 'output_dir': '/ddm-nni/MUTAG/log', 'checkpoint_dir': '/ddm-nni/MUTAG/log/checkpoint'}
[2023-03-06 09:33:09] PRINT [03/06 09:33:09 graph]: Rank of current process: 0. World size: 1
[2023-03-06 09:33:13] PRINT [03/06 09:33:13 graph]: Environment info:
[2023-03-06 09:33:13] PRINT PyTorch version: 1.10.0+cu113
[2023-03-06 09:33:13] PRINT Is debug build: False
[2023-03-06 09:33:13] PRINT CUDA used to build PyTorch: 11.3
[2023-03-06 09:33:13] PRINT ROCM used to build PyTorch: N/A
[2023-03-06 09:33:13] PRINT 
[2023-03-06 09:33:13] PRINT OS: Ubuntu 20.04.3 LTS (x86_64)
[2023-03-06 09:33:13] PRINT GCC version: (Ubuntu 9.3.0-17ubuntu1~20.04) 9.3.0
[2023-03-06 09:33:13] PRINT Clang version: Could not collect
[2023-03-06 09:33:13] PRINT CMake version: version 3.16.3
[2023-03-06 09:33:13] PRINT Libc version: glibc-2.31
[2023-03-06 09:33:13] PRINT 
[2023-03-06 09:33:13] PRINT Python version: 3.8.10 (default, Jun  4 2021, 15:09:15)  [GCC 7.5.0] (64-bit runtime)
[2023-03-06 09:33:13] PRINT Python platform: Linux-5.4.0-90-generic-x86_64-with-glibc2.17
[2023-03-06 09:33:13] PRINT Is CUDA available: True
[2023-03-06 09:33:13] PRINT CUDA runtime version: 11.3.109
[2023-03-06 09:33:13] PRINT GPU models and configuration: GPU 0: NVIDIA GeForce RTX 3090
[2023-03-06 09:33:13] PRINT Nvidia driver version: 495.44
[2023-03-06 09:33:13] PRINT cuDNN version: Probably one of the following:
[2023-03-06 09:33:13] PRINT /usr/lib/x86_64-linux-gnu/libcudnn.so.8.2.0
[2023-03-06 09:33:13] PRINT /usr/lib/x86_64-linux-gnu/libcudnn_adv_infer.so.8.2.0
[2023-03-06 09:33:13] PRINT /usr/lib/x86_64-linux-gnu/libcudnn_adv_train.so.8.2.0
[2023-03-06 09:33:13] PRINT /usr/lib/x86_64-linux-gnu/libcudnn_cnn_infer.so.8.2.0
[2023-03-06 09:33:13] PRINT /usr/lib/x86_64-linux-gnu/libcudnn_cnn_train.so.8.2.0
[2023-03-06 09:33:13] PRINT /usr/lib/x86_64-linux-gnu/libcudnn_ops_infer.so.8.2.0
[2023-03-06 09:33:13] PRINT /usr/lib/x86_64-linux-gnu/libcudnn_ops_train.so.8.2.0
[2023-03-06 09:33:13] PRINT HIP runtime version: N/A
[2023-03-06 09:33:13] PRINT MIOpen runtime version: N/A
[2023-03-06 09:33:13] PRINT 
[2023-03-06 09:33:13] PRINT Versions of relevant libraries:
[2023-03-06 09:33:13] PRINT [pip3] numpy==1.23.5
[2023-03-06 09:33:13] PRINT [pip3] torch==1.10.0+cu113
[2023-03-06 09:33:13] PRINT [pip3] torchvision==0.11.1+cu113
[2023-03-06 09:33:13] PRINT [conda] blas                      1.0                         mkl    https://mirrors.ustc.edu.cn/anaconda/pkgs/main
[2023-03-06 09:33:13] PRINT [conda] mkl                       2021.4.0           h06a4308_640    https://mirrors.ustc.edu.cn/anaconda/pkgs/main
[2023-03-06 09:33:13] PRINT [conda] mkl-service               2.4.0            py38h7f8727e_0    https://mirrors.ustc.edu.cn/anaconda/pkgs/main
[2023-03-06 09:33:13] PRINT [conda] mkl_fft                   1.3.1            py38hd3c417c_0    https://mirrors.ustc.edu.cn/anaconda/pkgs/main
[2023-03-06 09:33:13] PRINT [conda] mkl_random                1.2.2            py38h51133e4_0    https://mirrors.ustc.edu.cn/anaconda/pkgs/main
[2023-03-06 09:33:13] PRINT [conda] numpy                     1.21.4                   pypi_0    pypi
[2023-03-06 09:33:13] PRINT [conda] numpy-base                1.23.5           py38h31eccc5_0    https://mirrors.ustc.edu.cn/anaconda/pkgs/main
[2023-03-06 09:33:13] PRINT [conda] torch                     1.10.0+cu113             pypi_0    pypi
[2023-03-06 09:33:13] PRINT [conda] torchvision               0.11.1+cu113             pypi_0    pypi
[2023-03-06 09:33:13] PRINT         Pillow (8.4.0)
[2023-03-06 09:33:13] PRINT [03/06 09:33:13 graph]: Command line arguments: Namespace(local_rank=0, resume=False, seed=1234, start_epoch=0)
[2023-03-06 09:33:13] PRINT Using degree as node features
[2023-03-06 09:33:13] PRINT ******** # Num Graphs: 188, # Num Feat: 5, # Num Classes: 2 ********
[2023-03-06 09:33:13] PRINT [03/06 09:33:13 graph]: Run 0th for seed 11
[2023-03-06 09:33:13] PRINT [03/06 09:33:13 graph]: Total trainable params num : 5070447
[2023-03-06 09:33:17] PRINT [03/06 09:33:17 graph]: ----------Start Training----------
[2023-03-06 09:33:18] PRINT [03/06 09:33:18 graph]: Epoch 0 | train_loss: 0.7376 | lr: 0.000127
[2023-03-06 09:33:18] PRINT [03/06 09:33:18 graph]: Epoch 1 | train_loss: 0.4572 | lr: 0.000127
[2023-03-06 09:33:18] PRINT [03/06 09:33:18 graph]: Epoch 2 | train_loss: 0.3814 | lr: 0.000127
[2023-03-06 09:33:21] PRINT [03/06 09:33:21 graph]: #Test_f1: 0.8409±0.0773
[2023-03-06 09:33:21] PRINT [03/06 09:33:21 graph]: Epoch 2: get test f1 score:  0.841
[2023-03-06 09:33:21] PRINT [03/06 09:33:21 graph]: best_f1 0.841 at epoch 2
[2023-03-06 09:33:21] PRINT [03/06 09:33:21 graph]: Epoch 3 | train_loss: 0.3481 | lr: 0.000127
[2023-03-06 09:33:24] PRINT [03/06 09:33:24 graph]: #Test_f1: 0.8295±0.0780
[2023-03-06 09:33:24] PRINT [03/06 09:33:24 graph]: Epoch 3: get test f1 score:  0.830
[2023-03-06 09:33:24] PRINT [03/06 09:33:24 graph]: best_f1 0.841 at epoch 2
[2023-03-06 09:33:25] PRINT [03/06 09:33:25 graph]: Epoch 4 | train_loss: 0.3224 | lr: 0.000127
[2023-03-06 09:33:27] PRINT [03/06 09:33:27 graph]: #Test_f1: 0.8243±0.0751
[2023-03-06 09:33:27] PRINT [03/06 09:33:27 graph]: Epoch 4: get test f1 score:  0.824
[2023-03-06 09:33:27] PRINT [03/06 09:33:27 graph]: best_f1 0.841 at epoch 2
[2023-03-06 09:33:28] PRINT [03/06 09:33:28 graph]: Epoch 5 | train_loss: 0.3191 | lr: 0.000127
[2023-03-06 09:33:30] PRINT [03/06 09:33:30 graph]: #Test_f1: 0.8509±0.0744
[2023-03-06 09:33:31] PRINT [03/06 09:33:31 graph]: Epoch 5: get test f1 score:  0.851
[2023-03-06 09:33:31] PRINT [03/06 09:33:31 graph]: best_f1 0.851 at epoch 5
[2023-03-06 09:33:31] PRINT [03/06 09:33:31 graph]: Epoch 6 | train_loss: 0.3042 | lr: 0.000127
[2023-03-06 09:33:34] PRINT [03/06 09:33:34 graph]: #Test_f1: 0.8515±0.0772
[2023-03-06 09:33:34] PRINT [03/06 09:33:34 graph]: Epoch 6: get test f1 score:  0.851
[2023-03-06 09:33:34] PRINT [03/06 09:33:34 graph]: best_f1 0.851 at epoch 6
[2023-03-06 09:33:34] PRINT [03/06 09:33:34 graph]: Epoch 7 | train_loss: 0.2820 | lr: 0.000127
[2023-03-06 09:33:37] PRINT [03/06 09:33:37 graph]: #Test_f1: 0.8564±0.0667
[2023-03-06 09:33:37] PRINT [03/06 09:33:37 graph]: Epoch 7: get test f1 score:  0.856
[2023-03-06 09:33:37] PRINT [03/06 09:33:37 graph]: best_f1 0.856 at epoch 7
[2023-03-06 09:33:38] PRINT [03/06 09:33:38 graph]: Epoch 8 | train_loss: 0.2872 | lr: 0.000127
[2023-03-06 09:33:41] PRINT [03/06 09:33:41 graph]: #Test_f1: 0.8731±0.0750
[2023-03-06 09:33:41] PRINT [03/06 09:33:41 graph]: Epoch 8: get test f1 score:  0.873
[2023-03-06 09:33:41] PRINT [03/06 09:33:41 graph]: best_f1 0.873 at epoch 8
[2023-03-06 09:33:41] PRINT [03/06 09:33:41 graph]: Epoch 9 | train_loss: 0.2707 | lr: 0.000127
[2023-03-06 09:33:44] PRINT [03/06 09:33:44 graph]: #Test_f1: 0.8298±0.0739
[2023-03-06 09:33:44] PRINT [03/06 09:33:44 graph]: Epoch 9: get test f1 score:  0.830
[2023-03-06 09:33:44] PRINT [03/06 09:33:44 graph]: best_f1 0.873 at epoch 8
[2023-03-06 09:33:44] PRINT [03/06 09:33:44 graph]: Epoch 10 | train_loss: 0.2659 | lr: 0.000127
[2023-03-06 09:33:47] PRINT [03/06 09:33:47 graph]: #Test_f1: 0.8406±0.0662
[2023-03-06 09:33:47] PRINT [03/06 09:33:47 graph]: Epoch 10: get test f1 score:  0.841
[2023-03-06 09:33:47] PRINT [03/06 09:33:47 graph]: best_f1 0.873 at epoch 8
[2023-03-06 09:33:48] PRINT [03/06 09:33:48 graph]: Epoch 11 | train_loss: 0.2649 | lr: 0.000127
[2023-03-06 09:33:50] PRINT [03/06 09:33:50 graph]: #Test_f1: 0.8295±0.0743
[2023-03-06 09:33:51] PRINT [03/06 09:33:51 graph]: Epoch 11: get test f1 score:  0.830
[2023-03-06 09:33:51] PRINT [03/06 09:33:51 graph]: best_f1 0.873 at epoch 8
[2023-03-06 09:33:51] PRINT [03/06 09:33:51 graph]: Epoch 12 | train_loss: 0.2495 | lr: 0.000127
[2023-03-06 09:33:54] PRINT [03/06 09:33:54 graph]: #Test_f1: 0.8354±0.0719
[2023-03-06 09:33:54] PRINT [03/06 09:33:54 graph]: Epoch 12: get test f1 score:  0.835
[2023-03-06 09:33:54] PRINT [03/06 09:33:54 graph]: best_f1 0.873 at epoch 8
[2023-03-06 09:33:54] PRINT [03/06 09:33:54 graph]: Epoch 13 | train_loss: 0.2484 | lr: 0.000127
[2023-03-06 09:33:57] PRINT [03/06 09:33:57 graph]: #Test_f1: 0.8351±0.0684
[2023-03-06 09:33:57] PRINT [03/06 09:33:57 graph]: Epoch 13: get test f1 score:  0.835
[2023-03-06 09:33:57] PRINT [03/06 09:33:57 graph]: best_f1 0.873 at epoch 8
[2023-03-06 09:33:57] PRINT [03/06 09:33:57 graph]: Epoch 14 | train_loss: 0.2517 | lr: 0.000127
[2023-03-06 09:34:00] PRINT [03/06 09:34:00 graph]: #Test_f1: 0.8354±0.0800
[2023-03-06 09:34:00] PRINT [03/06 09:34:00 graph]: Epoch 14: get test f1 score:  0.835
[2023-03-06 09:34:00] PRINT [03/06 09:34:00 graph]: best_f1 0.873 at epoch 8
[2023-03-06 09:34:01] PRINT [03/06 09:34:01 graph]: Epoch 15 | train_loss: 0.2419 | lr: 0.000127
[2023-03-06 09:34:03] PRINT [03/06 09:34:03 graph]: #Test_f1: 0.8354±0.0592
[2023-03-06 09:34:04] PRINT [03/06 09:34:04 graph]: Epoch 15: get test f1 score:  0.835
[2023-03-06 09:34:04] PRINT [03/06 09:34:04 graph]: best_f1 0.873 at epoch 8
[2023-03-06 09:34:04] PRINT [03/06 09:34:04 graph]: Epoch 16 | train_loss: 0.2399 | lr: 0.000127
[2023-03-06 09:34:06] PRINT [03/06 09:34:06 graph]: #Test_f1: 0.8301±0.0651
[2023-03-06 09:34:07] PRINT [03/06 09:34:07 graph]: Epoch 16: get test f1 score:  0.830
[2023-03-06 09:34:07] PRINT [03/06 09:34:07 graph]: best_f1 0.873 at epoch 8
[2023-03-06 09:34:07] PRINT [03/06 09:34:07 graph]: Epoch 17 | train_loss: 0.2218 | lr: 0.000127
[2023-03-06 09:34:09] PRINT [03/06 09:34:09 graph]: #Test_f1: 0.8251±0.0777
[2023-03-06 09:34:10] PRINT [03/06 09:34:10 graph]: Epoch 17: get test f1 score:  0.825
[2023-03-06 09:34:10] PRINT [03/06 09:34:10 graph]: best_f1 0.873 at epoch 8
[2023-03-06 09:34:10] PRINT [03/06 09:34:10 graph]: Epoch 18 | train_loss: 0.2208 | lr: 0.000127
[2023-03-06 09:34:13] PRINT [03/06 09:34:13 graph]: #Test_f1: 0.8193±0.0748
[2023-03-06 09:34:13] PRINT [03/06 09:34:13 graph]: Epoch 18: get test f1 score:  0.819
[2023-03-06 09:34:13] PRINT [03/06 09:34:13 graph]: best_f1 0.873 at epoch 8
[2023-03-06 09:34:14] PRINT [03/06 09:34:14 graph]: Epoch 19 | train_loss: 0.2257 | lr: 0.000127
[2023-03-06 09:34:16] PRINT [03/06 09:34:16 graph]: #Test_f1: 0.8354±0.0637
[2023-03-06 09:34:17] PRINT [03/06 09:34:17 graph]: Epoch 19: get test f1 score:  0.835
[2023-03-06 09:34:17] PRINT [03/06 09:34:17 graph]: best_f1 0.873 at epoch 8
[2023-03-06 09:34:17] PRINT [03/06 09:34:17 graph]: Epoch 20 | train_loss: 0.2208 | lr: 0.000127
[2023-03-06 09:34:20] PRINT [03/06 09:34:20 graph]: #Test_f1: 0.8193±0.0669
[2023-03-06 09:34:20] PRINT [03/06 09:34:20 graph]: Epoch 20: get test f1 score:  0.819
[2023-03-06 09:34:20] PRINT [03/06 09:34:20 graph]: best_f1 0.873 at epoch 8
[2023-03-06 09:34:20] PRINT [03/06 09:34:20 graph]: Epoch 21 | train_loss: 0.2073 | lr: 0.000127
[2023-03-06 09:34:23] PRINT [03/06 09:34:23 graph]: #Test_f1: 0.8409±0.0613
[2023-03-06 09:34:23] PRINT [03/06 09:34:23 graph]: Epoch 21: get test f1 score:  0.841
[2023-03-06 09:34:23] PRINT [03/06 09:34:23 graph]: best_f1 0.873 at epoch 8
[2023-03-06 09:34:23] PRINT [03/06 09:34:23 graph]: Epoch 22 | train_loss: 0.2128 | lr: 0.000127
[2023-03-06 09:34:26] PRINT [03/06 09:34:26 graph]: #Test_f1: 0.8249±0.0701
[2023-03-06 09:34:26] PRINT [03/06 09:34:26 graph]: Epoch 22: get test f1 score:  0.825
[2023-03-06 09:34:26] PRINT [03/06 09:34:26 graph]: best_f1 0.873 at epoch 8
[2023-03-06 09:34:27] PRINT [03/06 09:34:27 graph]: Epoch 23 | train_loss: 0.2138 | lr: 0.000127
[2023-03-06 09:34:30] PRINT [03/06 09:34:30 graph]: #Test_f1: 0.8190±0.0636
[2023-03-06 09:34:30] PRINT [03/06 09:34:30 graph]: Epoch 23: get test f1 score:  0.819
[2023-03-06 09:34:30] PRINT [03/06 09:34:30 graph]: best_f1 0.873 at epoch 8
[2023-03-06 09:34:30] PRINT [03/06 09:34:30 graph]: Epoch 24 | train_loss: 0.2115 | lr: 0.000127
[2023-03-06 09:34:33] PRINT [03/06 09:34:33 graph]: #Test_f1: 0.8404±0.0629
[2023-03-06 09:34:33] PRINT [03/06 09:34:33 graph]: Epoch 24: get test f1 score:  0.840
[2023-03-06 09:34:33] PRINT [03/06 09:34:33 graph]: best_f1 0.873 at epoch 8
[2023-03-06 09:34:33] PRINT [03/06 09:34:33 graph]: Epoch 25 | train_loss: 0.2092 | lr: 0.000127
[2023-03-06 09:34:36] PRINT [03/06 09:34:36 graph]: #Test_f1: 0.8351±0.0549
[2023-03-06 09:34:36] PRINT [03/06 09:34:36 graph]: Epoch 25: get test f1 score:  0.835
[2023-03-06 09:34:36] PRINT [03/06 09:34:36 graph]: best_f1 0.873 at epoch 8
[2023-03-06 09:34:36] PRINT [03/06 09:34:36 graph]: Epoch 26 | train_loss: 0.2005 | lr: 0.000127
[2023-03-06 09:34:39] PRINT [03/06 09:34:39 graph]: #Test_f1: 0.8351±0.0549
[2023-03-06 09:34:40] PRINT [03/06 09:34:40 graph]: Epoch 26: get test f1 score:  0.835
[2023-03-06 09:34:40] PRINT [03/06 09:34:40 graph]: best_f1 0.873 at epoch 8
[2023-03-06 09:34:40] PRINT [03/06 09:34:40 graph]: Epoch 27 | train_loss: 0.2018 | lr: 0.000127
[2023-03-06 09:34:42] PRINT [03/06 09:34:42 graph]: #Test_f1: 0.8301±0.0559
[2023-03-06 09:34:43] PRINT [03/06 09:34:43 graph]: Epoch 27: get test f1 score:  0.830
[2023-03-06 09:34:43] PRINT [03/06 09:34:43 graph]: best_f1 0.873 at epoch 8
[2023-03-06 09:34:43] PRINT [03/06 09:34:43 graph]: Epoch 28 | train_loss: 0.1957 | lr: 0.000127
[2023-03-06 09:34:46] PRINT [03/06 09:34:46 graph]: #Test_f1: 0.8406±0.0465
[2023-03-06 09:34:46] PRINT [03/06 09:34:46 graph]: Epoch 28: get test f1 score:  0.841
[2023-03-06 09:34:46] PRINT [03/06 09:34:46 graph]: best_f1 0.873 at epoch 8
[2023-03-06 09:34:46] PRINT [03/06 09:34:46 graph]: Epoch 29 | train_loss: 0.1926 | lr: 0.000127
[2023-03-06 09:34:49] PRINT [03/06 09:34:49 graph]: #Test_f1: 0.8406±0.0521
[2023-03-06 09:34:49] PRINT [03/06 09:34:49 graph]: Epoch 29: get test f1 score:  0.841
[2023-03-06 09:34:49] PRINT [03/06 09:34:49 graph]: best_f1 0.873 at epoch 8
[2023-03-06 09:34:50] PRINT [03/06 09:34:50 graph]: Epoch 30 | train_loss: 0.1942 | lr: 0.000127
[2023-03-06 09:34:52] PRINT [03/06 09:34:52 graph]: #Test_f1: 0.8354±0.0637
[2023-03-06 09:34:53] PRINT [03/06 09:34:53 graph]: Epoch 30: get test f1 score:  0.835
[2023-03-06 09:34:53] PRINT [03/06 09:34:53 graph]: best_f1 0.873 at epoch 8
[2023-03-06 09:34:53] PRINT [03/06 09:34:53 graph]: Epoch 31 | train_loss: 0.1924 | lr: 0.000127
[2023-03-06 09:34:56] PRINT [03/06 09:34:56 graph]: #Test_f1: 0.8301±0.0559
[2023-03-06 09:34:56] PRINT [03/06 09:34:56 graph]: Epoch 31: get test f1 score:  0.830
[2023-03-06 09:34:56] PRINT [03/06 09:34:56 graph]: best_f1 0.873 at epoch 8
[2023-03-06 09:34:56] PRINT [03/06 09:34:56 graph]: Epoch 32 | train_loss: 0.1913 | lr: 0.000127
[2023-03-06 09:34:59] PRINT [03/06 09:34:59 graph]: #Test_f1: 0.8357±0.0587
[2023-03-06 09:34:59] PRINT [03/06 09:34:59 graph]: Epoch 32: get test f1 score:  0.836
[2023-03-06 09:34:59] PRINT [03/06 09:34:59 graph]: best_f1 0.873 at epoch 8
[2023-03-06 09:34:59] PRINT [03/06 09:34:59 graph]: Epoch 33 | train_loss: 0.1938 | lr: 0.000127
[2023-03-06 09:35:02] PRINT [03/06 09:35:02 graph]: #Test_f1: 0.8406±0.0662
[2023-03-06 09:35:02] PRINT [03/06 09:35:02 graph]: Epoch 33: get test f1 score:  0.841
[2023-03-06 09:35:02] PRINT [03/06 09:35:02 graph]: best_f1 0.873 at epoch 8
[2023-03-06 09:35:03] PRINT [03/06 09:35:03 graph]: Epoch 34 | train_loss: 0.1899 | lr: 0.000127
[2023-03-06 09:35:05] PRINT [03/06 09:35:05 graph]: #Test_f1: 0.8354±0.0592
[2023-03-06 09:35:06] PRINT [03/06 09:35:06 graph]: Epoch 34: get test f1 score:  0.835
[2023-03-06 09:35:06] PRINT [03/06 09:35:06 graph]: best_f1 0.873 at epoch 8
[2023-03-06 09:35:06] PRINT [03/06 09:35:06 graph]: Epoch 35 | train_loss: 0.1893 | lr: 0.000127
[2023-03-06 09:35:09] PRINT [03/06 09:35:09 graph]: #Test_f1: 0.8298±0.0565
[2023-03-06 09:35:09] PRINT [03/06 09:35:09 graph]: Epoch 35: get test f1 score:  0.830
[2023-03-06 09:35:09] PRINT [03/06 09:35:09 graph]: best_f1 0.873 at epoch 8
[2023-03-06 09:35:09] PRINT [03/06 09:35:09 graph]: Epoch 36 | train_loss: 0.1835 | lr: 0.000127
[2023-03-06 09:35:12] PRINT [03/06 09:35:12 graph]: #Test_f1: 0.8459±0.0493
[2023-03-06 09:35:12] PRINT [03/06 09:35:12 graph]: Epoch 36: get test f1 score:  0.846
[2023-03-06 09:35:12] PRINT [03/06 09:35:12 graph]: best_f1 0.873 at epoch 8
[2023-03-06 09:35:12] PRINT [03/06 09:35:12 graph]: Epoch 37 | train_loss: 0.1802 | lr: 0.000127
[2023-03-06 09:35:15] PRINT [03/06 09:35:15 graph]: #Test_f1: 0.8462±0.0486
[2023-03-06 09:35:15] PRINT [03/06 09:35:15 graph]: Epoch 37: get test f1 score:  0.846
[2023-03-06 09:35:15] PRINT [03/06 09:35:15 graph]: best_f1 0.873 at epoch 8
[2023-03-06 09:35:15] PRINT [03/06 09:35:15 graph]: Epoch 38 | train_loss: 0.1878 | lr: 0.000127
[2023-03-06 09:35:18] PRINT [03/06 09:35:18 graph]: #Test_f1: 0.8459±0.0546
[2023-03-06 09:35:19] PRINT [03/06 09:35:19 graph]: Epoch 38: get test f1 score:  0.846
[2023-03-06 09:35:19] PRINT [03/06 09:35:19 graph]: best_f1 0.873 at epoch 8
[2023-03-06 09:35:19] PRINT [03/06 09:35:19 graph]: Epoch 39 | train_loss: 0.1874 | lr: 0.000127
[2023-03-06 09:35:22] PRINT [03/06 09:35:22 graph]: #Test_f1: 0.8406±0.0619
[2023-03-06 09:35:22] PRINT [03/06 09:35:22 graph]: Epoch 39: get test f1 score:  0.841
[2023-03-06 09:35:22] PRINT [03/06 09:35:22 graph]: best_f1 0.873 at epoch 8
[2023-03-06 09:35:22] PRINT [03/06 09:35:22 graph]: Epoch 40 | train_loss: 0.1911 | lr: 0.000127
[2023-03-06 09:35:25] PRINT [03/06 09:35:25 graph]: #Test_f1: 0.8401±0.0589
[2023-03-06 09:35:25] PRINT [03/06 09:35:25 graph]: Epoch 40: get test f1 score:  0.840
[2023-03-06 09:35:25] PRINT [03/06 09:35:25 graph]: best_f1 0.873 at epoch 8
[2023-03-06 09:35:25] PRINT [03/06 09:35:25 graph]: Epoch 41 | train_loss: 0.1782 | lr: 0.000127
[2023-03-06 09:35:28] PRINT [03/06 09:35:28 graph]: #Test_f1: 0.8406±0.0465
[2023-03-06 09:35:29] PRINT [03/06 09:35:29 graph]: Epoch 41: get test f1 score:  0.841
[2023-03-06 09:35:29] PRINT [03/06 09:35:29 graph]: best_f1 0.873 at epoch 8
[2023-03-06 09:35:29] PRINT [03/06 09:35:29 graph]: Epoch 42 | train_loss: 0.1860 | lr: 0.000127
[2023-03-06 09:35:31] PRINT [03/06 09:35:31 graph]: #Test_f1: 0.8404±0.0527
[2023-03-06 09:35:32] PRINT [03/06 09:35:32 graph]: Epoch 42: get test f1 score:  0.840
[2023-03-06 09:35:32] PRINT [03/06 09:35:32 graph]: best_f1 0.873 at epoch 8
[2023-03-06 09:35:32] PRINT [03/06 09:35:32 graph]: Epoch 43 | train_loss: 0.1837 | lr: 0.000127
[2023-03-06 09:35:35] PRINT [03/06 09:35:35 graph]: #Test_f1: 0.8509±0.0571
[2023-03-06 09:35:35] PRINT [03/06 09:35:35 graph]: Epoch 43: get test f1 score:  0.851
[2023-03-06 09:35:35] PRINT [03/06 09:35:35 graph]: best_f1 0.873 at epoch 8
[2023-03-06 09:35:35] PRINT [03/06 09:35:35 graph]: Epoch 44 | train_loss: 0.1828 | lr: 0.000127
[2023-03-06 09:35:38] PRINT [03/06 09:35:38 graph]: #Test_f1: 0.8459±0.0546
[2023-03-06 09:35:38] PRINT [03/06 09:35:38 graph]: Epoch 44: get test f1 score:  0.846
[2023-03-06 09:35:38] PRINT [03/06 09:35:38 graph]: best_f1 0.873 at epoch 8
[2023-03-06 09:35:38] PRINT [03/06 09:35:38 graph]: Epoch 45 | train_loss: 0.1813 | lr: 0.000127
[2023-03-06 09:35:41] PRINT [03/06 09:35:41 graph]: #Test_f1: 0.8404±0.0527
[2023-03-06 09:35:41] PRINT [03/06 09:35:41 graph]: Epoch 45: get test f1 score:  0.840
[2023-03-06 09:35:41] PRINT [03/06 09:35:41 graph]: best_f1 0.873 at epoch 8
[2023-03-06 09:35:42] PRINT [03/06 09:35:42 graph]: Epoch 46 | train_loss: 0.1746 | lr: 0.000127
[2023-03-06 09:35:44] PRINT [03/06 09:35:44 graph]: #Test_f1: 0.8459±0.0546
[2023-03-06 09:35:44] PRINT [03/06 09:35:44 graph]: Epoch 46: get test f1 score:  0.846
[2023-03-06 09:35:44] PRINT [03/06 09:35:44 graph]: best_f1 0.873 at epoch 8
[2023-03-06 09:35:45] PRINT [03/06 09:35:45 graph]: Epoch 47 | train_loss: 0.1825 | lr: 0.000127
[2023-03-06 09:35:47] PRINT [03/06 09:35:47 graph]: #Test_f1: 0.8404±0.0472
[2023-03-06 09:35:48] PRINT [03/06 09:35:48 graph]: Epoch 47: get test f1 score:  0.840
[2023-03-06 09:35:48] PRINT [03/06 09:35:48 graph]: best_f1 0.873 at epoch 8
[2023-03-06 09:35:48] PRINT [03/06 09:35:48 graph]: Epoch 48 | train_loss: 0.1772 | lr: 0.000127
[2023-03-06 09:35:51] PRINT [03/06 09:35:51 graph]: #Test_f1: 0.8515±0.0559
[2023-03-06 09:35:51] PRINT [03/06 09:35:51 graph]: Epoch 48: get test f1 score:  0.851
[2023-03-06 09:35:51] PRINT [03/06 09:35:51 graph]: best_f1 0.873 at epoch 8
[2023-03-06 09:35:51] PRINT [03/06 09:35:51 graph]: Epoch 49 | train_loss: 0.1771 | lr: 0.000127
[2023-03-06 09:35:54] PRINT [03/06 09:35:54 graph]: #Test_f1: 0.8512±0.0565
[2023-03-06 09:35:54] PRINT [03/06 09:35:54 graph]: Epoch 49: get test f1 score:  0.851
[2023-03-06 09:35:54] PRINT [03/06 09:35:54 graph]: best_f1 0.873 at epoch 8
[2023-03-06 09:35:54] PRINT [03/06 09:35:54 graph]: # final_acc: 0.8731±0.0000
