[2023-03-22 15:30:52] PRINT ---new cfg------
[2023-03-22 15:30:52] PRINT {'DATA': {'data_name': 'comp'}, 'DATALOADER': {'NUM_WORKERS': 0}, 'MODEL': {'num_hidden': 512, 'num_layers': 2, 'nhead': 4, 'activation': 'prelu', 'attn_drop': 0.1, 'feat_drop': 0.4, 'norm': 'batchnorm', 'pooler': 'mean', 'beta_schedule': 'quad', 'beta_1': 0.0003990094459471772, 'beta_T': 0.0072497213355829145, 'T': 565}, 'SOLVER': {'optim_type': 'adam', 'optim_type_f': 'adamw', 'alpha': 1, 'decay': 20, 'LR': 0.00019788330575166632, 'LR_f': 0.08665042391266416, 'weight_decay': 0, 'weight_decay_f': 0.00016284877484232458, 'MAX_EPOCH': 100, 'max_epoch_f': 500}, 'DEVICE': 'cuda', 'seeds': [0], 'eval_T': [50, 100, 200], 'output_dir': '/ddm-nni/AmazonCoBuyComputerDataset¶/log', 'checkpoint_dir': '/ddm-nni/AmazonCoBuyComputerDataset¶/log/checkpoint'}
[2023-03-22 15:30:52] PRINT [03/22 15:30:52 graph]: Rank of current process: 0. World size: 1
[2023-03-22 15:30:55] PRINT [03/22 15:30:55 graph]: Environment info:
[2023-03-22 15:30:55] PRINT PyTorch version: 1.10.0+cu113
[2023-03-22 15:30:55] PRINT Is debug build: False
[2023-03-22 15:30:55] PRINT CUDA used to build PyTorch: 11.3
[2023-03-22 15:30:55] PRINT ROCM used to build PyTorch: N/A
[2023-03-22 15:30:55] PRINT 
[2023-03-22 15:30:55] PRINT OS: Ubuntu 20.04.3 LTS (x86_64)
[2023-03-22 15:30:55] PRINT GCC version: (Ubuntu 9.3.0-17ubuntu1~20.04) 9.3.0
[2023-03-22 15:30:55] PRINT Clang version: Could not collect
[2023-03-22 15:30:55] PRINT CMake version: version 3.16.3
[2023-03-22 15:30:55] PRINT Libc version: glibc-2.31
[2023-03-22 15:30:55] PRINT 
[2023-03-22 15:30:55] PRINT Python version: 3.8.10 (default, Jun  4 2021, 15:09:15)  [GCC 7.5.0] (64-bit runtime)
[2023-03-22 15:30:55] PRINT Python platform: Linux-5.4.0-90-generic-x86_64-with-glibc2.17
[2023-03-22 15:30:55] PRINT Is CUDA available: True
[2023-03-22 15:30:55] PRINT CUDA runtime version: 11.3.109
[2023-03-22 15:30:55] PRINT GPU models and configuration: GPU 0: NVIDIA GeForce RTX 3090
[2023-03-22 15:30:55] PRINT Nvidia driver version: 495.44
[2023-03-22 15:30:55] PRINT cuDNN version: Probably one of the following:
[2023-03-22 15:30:55] PRINT /usr/lib/x86_64-linux-gnu/libcudnn.so.8.2.0
[2023-03-22 15:30:55] PRINT /usr/lib/x86_64-linux-gnu/libcudnn_adv_infer.so.8.2.0
[2023-03-22 15:30:55] PRINT /usr/lib/x86_64-linux-gnu/libcudnn_adv_train.so.8.2.0
[2023-03-22 15:30:55] PRINT /usr/lib/x86_64-linux-gnu/libcudnn_cnn_infer.so.8.2.0
[2023-03-22 15:30:55] PRINT /usr/lib/x86_64-linux-gnu/libcudnn_cnn_train.so.8.2.0
[2023-03-22 15:30:55] PRINT /usr/lib/x86_64-linux-gnu/libcudnn_ops_infer.so.8.2.0
[2023-03-22 15:30:55] PRINT /usr/lib/x86_64-linux-gnu/libcudnn_ops_train.so.8.2.0
[2023-03-22 15:30:55] PRINT HIP runtime version: N/A
[2023-03-22 15:30:55] PRINT MIOpen runtime version: N/A
[2023-03-22 15:30:55] PRINT 
[2023-03-22 15:30:55] PRINT Versions of relevant libraries:
[2023-03-22 15:30:55] PRINT [pip3] numpy==1.23.5
[2023-03-22 15:30:55] PRINT [pip3] torch==1.10.0+cu113
[2023-03-22 15:30:55] PRINT [pip3] torchvision==0.11.1+cu113
[2023-03-22 15:30:55] PRINT [conda] blas                      1.0                         mkl    https://mirrors.ustc.edu.cn/anaconda/pkgs/main
[2023-03-22 15:30:55] PRINT [conda] mkl                       2021.4.0           h06a4308_640    https://mirrors.ustc.edu.cn/anaconda/pkgs/main
[2023-03-22 15:30:55] PRINT [conda] mkl-service               2.4.0            py38h7f8727e_0    https://mirrors.ustc.edu.cn/anaconda/pkgs/main
[2023-03-22 15:30:55] PRINT [conda] mkl_fft                   1.3.1            py38hd3c417c_0    https://mirrors.ustc.edu.cn/anaconda/pkgs/main
[2023-03-22 15:30:55] PRINT [conda] mkl_random                1.2.2            py38h51133e4_0    https://mirrors.ustc.edu.cn/anaconda/pkgs/main
[2023-03-22 15:30:55] PRINT [conda] numpy                     1.21.4                   pypi_0    pypi
[2023-03-22 15:30:55] PRINT [conda] numpy-base                1.23.5           py38h31eccc5_0    https://mirrors.ustc.edu.cn/anaconda/pkgs/main
[2023-03-22 15:30:55] PRINT [conda] torch                     1.10.0+cu113             pypi_0    pypi
[2023-03-22 15:30:55] PRINT [conda] torchvision               0.11.1+cu113             pypi_0    pypi
[2023-03-22 15:30:55] PRINT         Pillow (8.4.0)
[2023-03-22 15:30:55] PRINT [03/22 15:30:55 graph]: Command line arguments: Namespace(local_rank=0, resume=False, seed=1234, start_epoch=0)
[2023-03-22 15:30:55] PRINT [03/22 15:30:55 graph]: Run 0th for seed 0
[2023-03-22 15:30:55] PRINT [03/22 15:30:55 graph]: Total trainable params num : 7970307
[2023-03-22 15:30:59] PRINT [03/22 15:30:59 graph]: ----------Start Training----------
[2023-03-22 15:31:00] PRINT [03/22 15:31:00 graph]: start epoch 0.
[2023-03-22 15:31:00] PRINT [03/22 15:31:00 graph]: # Epoch 0: train_loss: 1.0198 | lr: 0.000198
[2023-03-22 15:31:00] PRINT [03/22 15:31:00 graph]: start epoch 1.
[2023-03-22 15:31:00] PRINT [03/22 15:31:00 graph]: # Epoch 1: train_loss: 0.8337 | lr: 0.000198
[2023-03-22 15:31:00] PRINT [03/22 15:31:00 graph]: start epoch 2.
[2023-03-22 15:31:00] PRINT [03/22 15:31:00 graph]: # Epoch 2: train_loss: 0.7450 | lr: 0.000198
[2023-03-22 15:31:00] PRINT [03/22 15:31:00 graph]: start epoch 3.
[2023-03-22 15:31:00] PRINT [03/22 15:31:00 graph]: # Epoch 3: train_loss: 0.6872 | lr: 0.000198
[2023-03-22 15:31:00] PRINT [03/22 15:31:00 graph]: start epoch 4.
[2023-03-22 15:31:00] PRINT [03/22 15:31:00 graph]: # Epoch 4: train_loss: 0.6478 | lr: 0.000198
[2023-03-22 15:31:00] PRINT [03/22 15:31:00 graph]: start epoch 5.
[2023-03-22 15:31:01] PRINT [03/22 15:31:01 graph]: # Epoch 5: train_loss: 0.6198 | lr: 0.000198
[2023-03-22 15:31:01] PRINT [03/22 15:31:01 graph]: start epoch 6.
[2023-03-22 15:31:01] PRINT [03/22 15:31:01 graph]: # Epoch 6: train_loss: 0.5998 | lr: 0.000198
[2023-03-22 15:31:01] PRINT [03/22 15:31:01 graph]: start epoch 7.
[2023-03-22 15:31:01] PRINT [03/22 15:31:01 graph]: # Epoch 7: train_loss: 0.5849 | lr: 0.000198
[2023-03-22 15:31:01] PRINT [03/22 15:31:01 graph]: start epoch 8.
[2023-03-22 15:31:01] PRINT [03/22 15:31:01 graph]: # Epoch 8: train_loss: 0.5728 | lr: 0.000198
[2023-03-22 15:31:01] PRINT [03/22 15:31:01 graph]: start epoch 9.
[2023-03-22 15:31:01] PRINT [03/22 15:31:01 graph]: # Epoch 9: train_loss: 0.5621 | lr: 0.000198
[2023-03-22 15:31:01] PRINT [03/22 15:31:01 graph]: start epoch 10.
[2023-03-22 15:31:01] PRINT [03/22 15:31:01 graph]: # Epoch 10: train_loss: 0.5528 | lr: 0.000198
[2023-03-22 15:31:01] PRINT [03/22 15:31:01 graph]: start epoch 11.
[2023-03-22 15:31:01] PRINT [03/22 15:31:01 graph]: # Epoch 11: train_loss: 0.5445 | lr: 0.000198
[2023-03-22 15:31:01] PRINT [03/22 15:31:01 graph]: start epoch 12.
[2023-03-22 15:31:01] PRINT [03/22 15:31:01 graph]: # Epoch 12: train_loss: 0.5365 | lr: 0.000198
[2023-03-22 15:31:01] PRINT [03/22 15:31:01 graph]: start epoch 13.
[2023-03-22 15:31:01] PRINT [03/22 15:31:01 graph]: # Epoch 13: train_loss: 0.5289 | lr: 0.000198
[2023-03-22 15:31:01] PRINT [03/22 15:31:01 graph]: start epoch 14.
[2023-03-22 15:31:01] PRINT [03/22 15:31:01 graph]: # Epoch 14: train_loss: 0.5218 | lr: 0.000198
[2023-03-22 15:31:01] PRINT [03/22 15:31:01 graph]: start epoch 15.
[2023-03-22 15:31:01] PRINT [03/22 15:31:01 graph]: # Epoch 15: train_loss: 0.5161 | lr: 0.000198
[2023-03-22 15:31:01] PRINT [03/22 15:31:01 graph]: start epoch 16.
[2023-03-22 15:31:01] PRINT [03/22 15:31:01 graph]: # Epoch 16: train_loss: 0.5110 | lr: 0.000198
[2023-03-22 15:31:01] PRINT [03/22 15:31:01 graph]: start epoch 17.
[2023-03-22 15:31:01] PRINT [03/22 15:31:01 graph]: # Epoch 17: train_loss: 0.5059 | lr: 0.000198
[2023-03-22 15:31:01] PRINT [03/22 15:31:01 graph]: start epoch 18.
[2023-03-22 15:31:01] PRINT [03/22 15:31:01 graph]: # Epoch 18: train_loss: 0.5011 | lr: 0.000198
[2023-03-22 15:31:01] PRINT [03/22 15:31:01 graph]: start epoch 19.
[2023-03-22 15:31:02] PRINT [03/22 15:31:02 graph]: # Epoch 19: train_loss: 0.4970 | lr: 0.000198
[2023-03-22 15:31:02] PRINT [03/22 15:31:02 graph]: start epoch 20.
[2023-03-22 15:31:02] PRINT [03/22 15:31:02 graph]: # Epoch 20: train_loss: 0.4930 | lr: 0.000198
[2023-03-22 15:31:02] PRINT [03/22 15:31:02 graph]: start epoch 21.
[2023-03-22 15:31:02] PRINT [03/22 15:31:02 graph]: # Epoch 21: train_loss: 0.4892 | lr: 0.000198
[2023-03-22 15:31:02] PRINT [03/22 15:31:02 graph]: start epoch 22.
[2023-03-22 15:31:02] PRINT [03/22 15:31:02 graph]: # Epoch 22: train_loss: 0.4862 | lr: 0.000198
[2023-03-22 15:31:02] PRINT [03/22 15:31:02 graph]: start epoch 23.
[2023-03-22 15:31:02] PRINT [03/22 15:31:02 graph]: # Epoch 23: train_loss: 0.4833 | lr: 0.000198
[2023-03-22 15:31:02] PRINT [03/22 15:31:02 graph]: start epoch 24.
[2023-03-22 15:31:02] PRINT [03/22 15:31:02 graph]: # Epoch 24: train_loss: 0.4803 | lr: 0.000198
[2023-03-22 15:31:02] PRINT [03/22 15:31:02 graph]: start epoch 25.
[2023-03-22 15:31:02] PRINT [03/22 15:31:02 graph]: # Epoch 25: train_loss: 0.4776 | lr: 0.000198
[2023-03-22 15:31:02] PRINT [03/22 15:31:02 graph]: start epoch 26.
[2023-03-22 15:31:02] PRINT [03/22 15:31:02 graph]: # Epoch 26: train_loss: 0.4749 | lr: 0.000198
[2023-03-22 15:31:02] PRINT [03/22 15:31:02 graph]: start epoch 27.
[2023-03-22 15:31:02] PRINT [03/22 15:31:02 graph]: # Epoch 27: train_loss: 0.4723 | lr: 0.000198
[2023-03-22 15:31:02] PRINT [03/22 15:31:02 graph]: start epoch 28.
[2023-03-22 15:31:02] PRINT [03/22 15:31:02 graph]: # Epoch 28: train_loss: 0.4697 | lr: 0.000198
[2023-03-22 15:31:02] PRINT [03/22 15:31:02 graph]: start epoch 29.
[2023-03-22 15:31:02] PRINT [03/22 15:31:02 graph]: # Epoch 29: train_loss: 0.4676 | lr: 0.000198
[2023-03-22 15:31:02] PRINT [03/22 15:31:02 graph]: start epoch 30.
[2023-03-22 15:31:02] PRINT [03/22 15:31:02 graph]: # Epoch 30: train_loss: 0.4654 | lr: 0.000198
[2023-03-22 15:31:02] PRINT [03/22 15:31:02 graph]: start epoch 31.
[2023-03-22 15:31:02] PRINT [03/22 15:31:02 graph]: # Epoch 31: train_loss: 0.4632 | lr: 0.000198
[2023-03-22 15:31:02] PRINT [03/22 15:31:02 graph]: start epoch 32.
[2023-03-22 15:31:03] PRINT [03/22 15:31:03 graph]: # Epoch 32: train_loss: 0.4614 | lr: 0.000198
[2023-03-22 15:31:03] PRINT [03/22 15:31:03 graph]: start epoch 33.
[2023-03-22 15:31:03] PRINT [03/22 15:31:03 graph]: # Epoch 33: train_loss: 0.4593 | lr: 0.000198
[2023-03-22 15:31:03] PRINT [03/22 15:31:03 graph]: start epoch 34.
[2023-03-22 15:31:03] PRINT [03/22 15:31:03 graph]: # Epoch 34: train_loss: 0.4571 | lr: 0.000198
[2023-03-22 15:31:03] PRINT [03/22 15:31:03 graph]: start epoch 35.
[2023-03-22 15:31:03] PRINT [03/22 15:31:03 graph]: # Epoch 35: train_loss: 0.4555 | lr: 0.000198
[2023-03-22 15:31:03] PRINT [03/22 15:31:03 graph]: start epoch 36.
[2023-03-22 15:31:03] PRINT [03/22 15:31:03 graph]: # Epoch 36: train_loss: 0.4541 | lr: 0.000198
[2023-03-22 15:31:03] PRINT [03/22 15:31:03 graph]: start epoch 37.
[2023-03-22 15:31:03] PRINT [03/22 15:31:03 graph]: # Epoch 37: train_loss: 0.4543 | lr: 0.000198
[2023-03-22 15:31:03] PRINT [03/22 15:31:03 graph]: start epoch 38.
[2023-03-22 15:31:03] PRINT [03/22 15:31:03 graph]: # Epoch 38: train_loss: 0.4548 | lr: 0.000198
[2023-03-22 15:31:03] PRINT [03/22 15:31:03 graph]: start epoch 39.
[2023-03-22 15:31:03] PRINT [03/22 15:31:03 graph]: # Epoch 39: train_loss: 0.4507 | lr: 0.000198
[2023-03-22 15:31:03] PRINT [03/22 15:31:03 graph]: start epoch 40.
[2023-03-22 15:31:03] PRINT [03/22 15:31:03 graph]: # Epoch 40: train_loss: 0.4523 | lr: 0.000198
[2023-03-22 15:31:03] PRINT [03/22 15:31:03 graph]: start epoch 41.
[2023-03-22 15:31:03] PRINT [03/22 15:31:03 graph]: # Epoch 41: train_loss: 0.4475 | lr: 0.000198
[2023-03-22 15:31:03] PRINT [03/22 15:31:03 graph]: start epoch 42.
[2023-03-22 15:31:03] PRINT [03/22 15:31:03 graph]: # Epoch 42: train_loss: 0.4479 | lr: 0.000198
[2023-03-22 15:31:03] PRINT [03/22 15:31:03 graph]: start epoch 43.
[2023-03-22 15:31:03] PRINT [03/22 15:31:03 graph]: # Epoch 43: train_loss: 0.4448 | lr: 0.000198
[2023-03-22 15:31:03] PRINT [03/22 15:31:03 graph]: start epoch 44.
[2023-03-22 15:31:03] PRINT [03/22 15:31:03 graph]: # Epoch 44: train_loss: 0.4455 | lr: 0.000198
[2023-03-22 15:31:03] PRINT [03/22 15:31:03 graph]: start epoch 45.
[2023-03-22 15:31:03] PRINT [03/22 15:31:03 graph]: # Epoch 45: train_loss: 0.4418 | lr: 0.000198
[2023-03-22 15:31:03] PRINT [03/22 15:31:03 graph]: start epoch 46.
[2023-03-22 15:31:04] PRINT [03/22 15:31:04 graph]: # Epoch 46: train_loss: 0.4419 | lr: 0.000198
[2023-03-22 15:31:04] PRINT [03/22 15:31:04 graph]: start epoch 47.
[2023-03-22 15:31:04] PRINT [03/22 15:31:04 graph]: # Epoch 47: train_loss: 0.4403 | lr: 0.000198
[2023-03-22 15:31:04] PRINT [03/22 15:31:04 graph]: start epoch 48.
[2023-03-22 15:31:04] PRINT [03/22 15:31:04 graph]: # Epoch 48: train_loss: 0.4390 | lr: 0.000198
[2023-03-22 15:31:04] PRINT [03/22 15:31:04 graph]: start epoch 49.
[2023-03-22 15:31:04] PRINT [03/22 15:31:04 graph]: # Epoch 49: train_loss: 0.4385 | lr: 0.000198
[2023-03-22 15:31:04] PRINT [03/22 15:31:04 graph]: start epoch 50.
[2023-03-22 15:31:04] PRINT [03/22 15:31:04 graph]: # Epoch 50: train_loss: 0.4370 | lr: 0.000198
[2023-03-22 15:31:04] PRINT [03/22 15:31:04 graph]: start epoch 51.
[2023-03-22 15:31:04] PRINT [03/22 15:31:04 graph]: # Epoch 51: train_loss: 0.4363 | lr: 0.000198
[2023-03-22 15:31:11] PRINT [03/22 15:31:11 graph]: --- Testf1: 0.88675, Best Valacc: 0.88800 in epoch 354 --- 
[2023-03-22 15:31:11] PRINT [03/22 15:31:11 graph]: Epoch 51: get test acc score:  0.88675
[2023-03-22 15:31:11] PRINT [03/22 15:31:11 graph]: best_f1 0.88675 at epoch 51
[2023-03-22 15:31:11] PRINT [03/22 15:31:11 graph]: start epoch 52.
[2023-03-22 15:31:11] PRINT [03/22 15:31:11 graph]: # Epoch 52: train_loss: 0.4348 | lr: 0.000198
[2023-03-22 15:31:18] PRINT [03/22 15:31:18 graph]: --- Testf1: 0.88947, Best Valacc: 0.88436 in epoch 455 --- 
[2023-03-22 15:31:18] PRINT [03/22 15:31:18 graph]: Epoch 52: get test acc score:  0.88947
[2023-03-22 15:31:18] PRINT [03/22 15:31:18 graph]: best_f1 0.88947 at epoch 52
[2023-03-22 15:31:18] PRINT [03/22 15:31:18 graph]: start epoch 53.
[2023-03-22 15:31:18] PRINT [03/22 15:31:18 graph]: # Epoch 53: train_loss: 0.4347 | lr: 0.000198
[2023-03-22 15:31:26] PRINT [03/22 15:31:26 graph]: --- Testf1: 0.88984, Best Valacc: 0.88873 in epoch 301 --- 
[2023-03-22 15:31:26] PRINT [03/22 15:31:26 graph]: Epoch 53: get test acc score:  0.88984
[2023-03-22 15:31:26] PRINT [03/22 15:31:26 graph]: best_f1 0.88984 at epoch 53
[2023-03-22 15:31:26] PRINT [03/22 15:31:26 graph]: start epoch 54.
[2023-03-22 15:31:26] PRINT [03/22 15:31:26 graph]: # Epoch 54: train_loss: 0.4330 | lr: 0.000198
[2023-03-22 15:31:33] PRINT [03/22 15:31:33 graph]: --- Testf1: 0.89038, Best Valacc: 0.89091 in epoch 441 --- 
[2023-03-22 15:31:33] PRINT [03/22 15:31:33 graph]: Epoch 54: get test acc score:  0.89038
[2023-03-22 15:31:33] PRINT [03/22 15:31:33 graph]: best_f1 0.89038 at epoch 54
[2023-03-22 15:31:33] PRINT [03/22 15:31:33 graph]: start epoch 55.
[2023-03-22 15:31:33] PRINT [03/22 15:31:33 graph]: # Epoch 55: train_loss: 0.4326 | lr: 0.000198
[2023-03-22 15:31:41] PRINT [03/22 15:31:41 graph]: --- Testf1: 0.89229, Best Valacc: 0.88582 in epoch 440 --- 
[2023-03-22 15:31:41] PRINT [03/22 15:31:41 graph]: Epoch 55: get test acc score:  0.89229
[2023-03-22 15:31:41] PRINT [03/22 15:31:41 graph]: best_f1 0.89229 at epoch 55
[2023-03-22 15:31:41] PRINT [03/22 15:31:41 graph]: start epoch 56.
[2023-03-22 15:31:41] PRINT [03/22 15:31:41 graph]: # Epoch 56: train_loss: 0.4319 | lr: 0.000198
[2023-03-22 15:31:48] PRINT [03/22 15:31:48 graph]: --- Testf1: 0.89102, Best Valacc: 0.88655 in epoch 289 --- 
[2023-03-22 15:31:48] PRINT [03/22 15:31:48 graph]: Epoch 56: get test acc score:  0.89102
[2023-03-22 15:31:48] PRINT [03/22 15:31:48 graph]: best_f1 0.89229 at epoch 55
[2023-03-22 15:31:48] PRINT [03/22 15:31:48 graph]: start epoch 57.
[2023-03-22 15:31:48] PRINT [03/22 15:31:48 graph]: # Epoch 57: train_loss: 0.4303 | lr: 0.000198
[2023-03-22 15:31:56] PRINT [03/22 15:31:56 graph]: --- Testf1: 0.88438, Best Valacc: 0.88218 in epoch 61 --- 
[2023-03-22 15:31:56] PRINT [03/22 15:31:56 graph]: Epoch 57: get test acc score:  0.88438
[2023-03-22 15:31:56] PRINT [03/22 15:31:56 graph]: best_f1 0.89229 at epoch 55
[2023-03-22 15:31:56] PRINT [03/22 15:31:56 graph]: start epoch 58.
[2023-03-22 15:31:56] PRINT [03/22 15:31:56 graph]: # Epoch 58: train_loss: 0.4300 | lr: 0.000198
[2023-03-22 15:32:03] PRINT [03/22 15:32:03 graph]: --- Testf1: 0.88793, Best Valacc: 0.88436 in epoch 133 --- 
[2023-03-22 15:32:03] PRINT [03/22 15:32:03 graph]: Epoch 58: get test acc score:  0.88793
[2023-03-22 15:32:03] PRINT [03/22 15:32:03 graph]: best_f1 0.89229 at epoch 55
[2023-03-22 15:32:03] PRINT [03/22 15:32:03 graph]: start epoch 59.
[2023-03-22 15:32:03] PRINT [03/22 15:32:03 graph]: # Epoch 59: train_loss: 0.4287 | lr: 0.000198
[2023-03-22 15:32:11] PRINT [03/22 15:32:11 graph]: --- Testf1: 0.88875, Best Valacc: 0.88291 in epoch 62 --- 
[2023-03-22 15:32:11] PRINT [03/22 15:32:11 graph]: Epoch 59: get test acc score:  0.88875
[2023-03-22 15:32:11] PRINT [03/22 15:32:11 graph]: best_f1 0.89229 at epoch 55
[2023-03-22 15:32:11] PRINT [03/22 15:32:11 graph]: start epoch 60.
[2023-03-22 15:32:11] PRINT [03/22 15:32:11 graph]: # Epoch 60: train_loss: 0.4279 | lr: 0.000198
[2023-03-22 15:32:18] PRINT [03/22 15:32:18 graph]: --- Testf1: 0.88757, Best Valacc: 0.88945 in epoch 224 --- 
[2023-03-22 15:32:18] PRINT [03/22 15:32:18 graph]: Epoch 60: get test acc score:  0.88757
[2023-03-22 15:32:18] PRINT [03/22 15:32:18 graph]: best_f1 0.89229 at epoch 55
[2023-03-22 15:32:18] PRINT [03/22 15:32:18 graph]: start epoch 61.
[2023-03-22 15:32:18] PRINT [03/22 15:32:18 graph]: # Epoch 61: train_loss: 0.4272 | lr: 0.000198
[2023-03-22 15:32:25] PRINT [03/22 15:32:25 graph]: --- Testf1: 0.89075, Best Valacc: 0.88873 in epoch 249 --- 
[2023-03-22 15:32:26] PRINT [03/22 15:32:26 graph]: Epoch 61: get test acc score:  0.89075
[2023-03-22 15:32:26] PRINT [03/22 15:32:26 graph]: best_f1 0.89229 at epoch 55
[2023-03-22 15:32:26] PRINT [03/22 15:32:26 graph]: start epoch 62.
[2023-03-22 15:32:26] PRINT [03/22 15:32:26 graph]: # Epoch 62: train_loss: 0.4265 | lr: 0.000198
[2023-03-22 15:32:33] PRINT [03/22 15:32:33 graph]: --- Testf1: 0.89484, Best Valacc: 0.88800 in epoch 468 --- 
[2023-03-22 15:32:33] PRINT [03/22 15:32:33 graph]: Epoch 62: get test acc score:  0.89484
[2023-03-22 15:32:33] PRINT [03/22 15:32:33 graph]: best_f1 0.89484 at epoch 62
[2023-03-22 15:32:33] PRINT [03/22 15:32:33 graph]: start epoch 63.
[2023-03-22 15:32:33] PRINT [03/22 15:32:33 graph]: # Epoch 63: train_loss: 0.4256 | lr: 0.000198
[2023-03-22 15:32:37] PRINT [03/22 15:32:37 graph]: --- Testf1: 0.88784, Best Valacc: 0.88509 in epoch 259 --- 
[2023-03-22 15:32:38] PRINT [03/22 15:32:38 graph]: Epoch 63: get test acc score:  0.88784
[2023-03-22 15:32:38] PRINT [03/22 15:32:38 graph]: best_f1 0.89484 at epoch 62
[2023-03-22 15:32:38] PRINT [03/22 15:32:38 graph]: start epoch 64.
[2023-03-22 15:32:38] PRINT [03/22 15:32:38 graph]: # Epoch 64: train_loss: 0.4252 | lr: 0.000198
[2023-03-22 15:32:42] PRINT [03/22 15:32:42 graph]: --- Testf1: 0.89057, Best Valacc: 0.89164 in epoch 340 --- 
[2023-03-22 15:32:42] PRINT [03/22 15:32:42 graph]: Epoch 64: get test acc score:  0.89057
[2023-03-22 15:32:42] PRINT [03/22 15:32:42 graph]: best_f1 0.89484 at epoch 62
[2023-03-22 15:32:42] PRINT [03/22 15:32:42 graph]: start epoch 65.
[2023-03-22 15:32:42] PRINT [03/22 15:32:42 graph]: # Epoch 65: train_loss: 0.4243 | lr: 0.000198
[2023-03-22 15:32:46] PRINT [03/22 15:32:46 graph]: --- Testf1: 0.89338, Best Valacc: 0.89091 in epoch 392 --- 
[2023-03-22 15:32:46] PRINT [03/22 15:32:46 graph]: Epoch 65: get test acc score:  0.89338
[2023-03-22 15:32:46] PRINT [03/22 15:32:46 graph]: best_f1 0.89484 at epoch 62
[2023-03-22 15:32:46] PRINT [03/22 15:32:46 graph]: start epoch 66.
[2023-03-22 15:32:46] PRINT [03/22 15:32:46 graph]: # Epoch 66: train_loss: 0.4234 | lr: 0.000198
[2023-03-22 15:32:50] PRINT [03/22 15:32:50 graph]: --- Testf1: 0.88702, Best Valacc: 0.89382 in epoch 425 --- 
[2023-03-22 15:32:50] PRINT [03/22 15:32:50 graph]: Epoch 66: get test acc score:  0.88702
[2023-03-22 15:32:50] PRINT [03/22 15:32:50 graph]: best_f1 0.89484 at epoch 62
[2023-03-22 15:32:50] PRINT [03/22 15:32:50 graph]: start epoch 67.
[2023-03-22 15:32:50] PRINT [03/22 15:32:50 graph]: # Epoch 67: train_loss: 0.4233 | lr: 0.000198
[2023-03-22 15:32:54] PRINT [03/22 15:32:54 graph]: --- Testf1: 0.88884, Best Valacc: 0.89018 in epoch 347 --- 
[2023-03-22 15:32:54] PRINT [03/22 15:32:54 graph]: Epoch 67: get test acc score:  0.88884
[2023-03-22 15:32:54] PRINT [03/22 15:32:54 graph]: best_f1 0.89484 at epoch 62
[2023-03-22 15:32:54] PRINT [03/22 15:32:54 graph]: start epoch 68.
[2023-03-22 15:32:54] PRINT [03/22 15:32:54 graph]: # Epoch 68: train_loss: 0.4228 | lr: 0.000198
[2023-03-22 15:33:05] PRINT [03/22 15:33:05 graph]: --- Testf1: 0.89266, Best Valacc: 0.88945 in epoch 287 --- 
[2023-03-22 15:33:06] PRINT [03/22 15:33:06 graph]: Epoch 68: get test acc score:  0.89266
[2023-03-22 15:33:06] PRINT [03/22 15:33:06 graph]: best_f1 0.89484 at epoch 62
[2023-03-22 15:33:06] PRINT [03/22 15:33:06 graph]: start epoch 69.
[2023-03-22 15:33:06] PRINT [03/22 15:33:06 graph]: # Epoch 69: train_loss: 0.4214 | lr: 0.000198
[2023-03-22 15:33:13] PRINT [03/22 15:33:13 graph]: --- Testf1: 0.89157, Best Valacc: 0.88655 in epoch 478 --- 
[2023-03-22 15:33:13] PRINT [03/22 15:33:13 graph]: Epoch 69: get test acc score:  0.89157
[2023-03-22 15:33:13] PRINT [03/22 15:33:13 graph]: best_f1 0.89484 at epoch 62
[2023-03-22 15:33:13] PRINT [03/22 15:33:13 graph]: start epoch 70.
[2023-03-22 15:33:13] PRINT [03/22 15:33:13 graph]: # Epoch 70: train_loss: 0.4219 | lr: 0.000198
[2023-03-22 15:33:20] PRINT [03/22 15:33:20 graph]: --- Testf1: 0.89211, Best Valacc: 0.88873 in epoch 201 --- 
[2023-03-22 15:33:20] PRINT [03/22 15:33:20 graph]: Epoch 70: get test acc score:  0.89211
[2023-03-22 15:33:20] PRINT [03/22 15:33:20 graph]: best_f1 0.89484 at epoch 62
[2023-03-22 15:33:20] PRINT [03/22 15:33:20 graph]: start epoch 71.
[2023-03-22 15:33:20] PRINT [03/22 15:33:20 graph]: # Epoch 71: train_loss: 0.4211 | lr: 0.000198
[2023-03-22 15:33:27] PRINT [03/22 15:33:27 graph]: --- Testf1: 0.89020, Best Valacc: 0.88291 in epoch 296 --- 
[2023-03-22 15:33:27] PRINT [03/22 15:33:27 graph]: Epoch 71: get test acc score:  0.89020
[2023-03-22 15:33:27] PRINT [03/22 15:33:27 graph]: best_f1 0.89484 at epoch 62
[2023-03-22 15:33:27] PRINT [03/22 15:33:27 graph]: start epoch 72.
[2023-03-22 15:33:27] PRINT [03/22 15:33:27 graph]: # Epoch 72: train_loss: 0.4201 | lr: 0.000198
[2023-03-22 15:33:34] PRINT [03/22 15:33:34 graph]: --- Testf1: 0.88938, Best Valacc: 0.88727 in epoch 415 --- 
[2023-03-22 15:33:35] PRINT [03/22 15:33:35 graph]: Epoch 72: get test acc score:  0.88938
[2023-03-22 15:33:35] PRINT [03/22 15:33:35 graph]: best_f1 0.89484 at epoch 62
[2023-03-22 15:33:35] PRINT [03/22 15:33:35 graph]: start epoch 73.
[2023-03-22 15:33:35] PRINT [03/22 15:33:35 graph]: # Epoch 73: train_loss: 0.4201 | lr: 0.000198
[2023-03-22 15:33:42] PRINT [03/22 15:33:42 graph]: --- Testf1: 0.89320, Best Valacc: 0.88800 in epoch 476 --- 
[2023-03-22 15:33:42] PRINT [03/22 15:33:42 graph]: Epoch 73: get test acc score:  0.89320
[2023-03-22 15:33:42] PRINT [03/22 15:33:42 graph]: best_f1 0.89484 at epoch 62
[2023-03-22 15:33:42] PRINT [03/22 15:33:42 graph]: start epoch 74.
[2023-03-22 15:33:42] PRINT [03/22 15:33:42 graph]: # Epoch 74: train_loss: 0.4202 | lr: 0.000198
[2023-03-22 15:33:49] PRINT [03/22 15:33:49 graph]: --- Testf1: 0.89075, Best Valacc: 0.88800 in epoch 444 --- 
[2023-03-22 15:33:49] PRINT [03/22 15:33:49 graph]: Epoch 74: get test acc score:  0.89075
[2023-03-22 15:33:49] PRINT [03/22 15:33:49 graph]: best_f1 0.89484 at epoch 62
[2023-03-22 15:33:49] PRINT [03/22 15:33:49 graph]: start epoch 75.
[2023-03-22 15:33:50] PRINT [03/22 15:33:50 graph]: # Epoch 75: train_loss: 0.4181 | lr: 0.000198
[2023-03-22 15:33:57] PRINT [03/22 15:33:57 graph]: --- Testf1: 0.89329, Best Valacc: 0.88509 in epoch 487 --- 
[2023-03-22 15:33:57] PRINT [03/22 15:33:57 graph]: Epoch 75: get test acc score:  0.89329
[2023-03-22 15:33:57] PRINT [03/22 15:33:57 graph]: best_f1 0.89484 at epoch 62
[2023-03-22 15:33:57] PRINT [03/22 15:33:57 graph]: start epoch 76.
[2023-03-22 15:33:57] PRINT [03/22 15:33:57 graph]: # Epoch 76: train_loss: 0.4196 | lr: 0.000198
[2023-03-22 15:34:04] PRINT [03/22 15:34:04 graph]: --- Testf1: 0.89256, Best Valacc: 0.88655 in epoch 470 --- 
[2023-03-22 15:34:05] PRINT [03/22 15:34:05 graph]: Epoch 76: get test acc score:  0.89256
[2023-03-22 15:34:05] PRINT [03/22 15:34:05 graph]: best_f1 0.89484 at epoch 62
[2023-03-22 15:34:05] PRINT [03/22 15:34:05 graph]: start epoch 77.
[2023-03-22 15:34:05] PRINT [03/22 15:34:05 graph]: # Epoch 77: train_loss: 0.4180 | lr: 0.000198
[2023-03-22 15:34:12] PRINT [03/22 15:34:12 graph]: --- Testf1: 0.89266, Best Valacc: 0.88945 in epoch 354 --- 
[2023-03-22 15:34:12] PRINT [03/22 15:34:12 graph]: Epoch 77: get test acc score:  0.89266
[2023-03-22 15:34:12] PRINT [03/22 15:34:12 graph]: best_f1 0.89484 at epoch 62
[2023-03-22 15:34:12] PRINT [03/22 15:34:12 graph]: start epoch 78.
[2023-03-22 15:34:12] PRINT [03/22 15:34:12 graph]: # Epoch 78: train_loss: 0.4177 | lr: 0.000198
[2023-03-22 15:34:19] PRINT [03/22 15:34:19 graph]: --- Testf1: 0.89057, Best Valacc: 0.88436 in epoch 403 --- 
[2023-03-22 15:34:20] PRINT [03/22 15:34:20 graph]: Epoch 78: get test acc score:  0.89057
[2023-03-22 15:34:20] PRINT [03/22 15:34:20 graph]: best_f1 0.89484 at epoch 62
[2023-03-22 15:34:20] PRINT [03/22 15:34:20 graph]: start epoch 79.
[2023-03-22 15:34:20] PRINT [03/22 15:34:20 graph]: # Epoch 79: train_loss: 0.4172 | lr: 0.000198
[2023-03-22 15:34:26] PRINT [03/22 15:34:26 graph]: --- Testf1: 0.88847, Best Valacc: 0.88655 in epoch 376 --- 
[2023-03-22 15:34:27] PRINT [03/22 15:34:27 graph]: Epoch 79: get test acc score:  0.88847
[2023-03-22 15:34:27] PRINT [03/22 15:34:27 graph]: best_f1 0.89484 at epoch 62
[2023-03-22 15:34:27] PRINT [03/22 15:34:27 graph]: start epoch 80.
[2023-03-22 15:34:27] PRINT [03/22 15:34:27 graph]: # Epoch 80: train_loss: 0.4150 | lr: 0.000198
[2023-03-22 15:34:34] PRINT [03/22 15:34:34 graph]: --- Testf1: 0.89138, Best Valacc: 0.88727 in epoch 418 --- 
[2023-03-22 15:34:34] PRINT [03/22 15:34:34 graph]: Epoch 80: get test acc score:  0.89138
[2023-03-22 15:34:34] PRINT [03/22 15:34:34 graph]: best_f1 0.89484 at epoch 62
[2023-03-22 15:34:34] PRINT [03/22 15:34:34 graph]: start epoch 81.
[2023-03-22 15:34:34] PRINT [03/22 15:34:34 graph]: # Epoch 81: train_loss: 0.4162 | lr: 0.000198
[2023-03-22 15:34:41] PRINT [03/22 15:34:41 graph]: --- Testf1: 0.88838, Best Valacc: 0.88655 in epoch 464 --- 
[2023-03-22 15:34:41] PRINT [03/22 15:34:41 graph]: Epoch 81: get test acc score:  0.88838
[2023-03-22 15:34:41] PRINT [03/22 15:34:41 graph]: best_f1 0.89484 at epoch 62
[2023-03-22 15:34:41] PRINT [03/22 15:34:41 graph]: start epoch 82.
[2023-03-22 15:34:41] PRINT [03/22 15:34:41 graph]: # Epoch 82: train_loss: 0.4143 | lr: 0.000198
[2023-03-22 15:34:48] PRINT [03/22 15:34:48 graph]: --- Testf1: 0.89311, Best Valacc: 0.88655 in epoch 342 --- 
[2023-03-22 15:34:48] PRINT [03/22 15:34:48 graph]: Epoch 82: get test acc score:  0.89311
[2023-03-22 15:34:48] PRINT [03/22 15:34:48 graph]: best_f1 0.89484 at epoch 62
[2023-03-22 15:34:48] PRINT [03/22 15:34:48 graph]: start epoch 83.
[2023-03-22 15:34:48] PRINT [03/22 15:34:48 graph]: # Epoch 83: train_loss: 0.4149 | lr: 0.000198
[2023-03-22 15:34:55] PRINT [03/22 15:34:55 graph]: --- Testf1: 0.89129, Best Valacc: 0.88582 in epoch 381 --- 
[2023-03-22 15:34:55] PRINT [03/22 15:34:55 graph]: Epoch 83: get test acc score:  0.89129
[2023-03-22 15:34:55] PRINT [03/22 15:34:55 graph]: best_f1 0.89484 at epoch 62
[2023-03-22 15:34:55] PRINT [03/22 15:34:55 graph]: start epoch 84.
[2023-03-22 15:34:55] PRINT [03/22 15:34:55 graph]: # Epoch 84: train_loss: 0.4138 | lr: 0.000198
[2023-03-22 15:35:02] PRINT [03/22 15:35:02 graph]: --- Testf1: 0.89384, Best Valacc: 0.89164 in epoch 400 --- 
[2023-03-22 15:35:03] PRINT [03/22 15:35:03 graph]: Epoch 84: get test acc score:  0.89384
[2023-03-22 15:35:03] PRINT [03/22 15:35:03 graph]: best_f1 0.89484 at epoch 62
[2023-03-22 15:35:03] PRINT [03/22 15:35:03 graph]: start epoch 85.
[2023-03-22 15:35:03] PRINT [03/22 15:35:03 graph]: # Epoch 85: train_loss: 0.4135 | lr: 0.000198
[2023-03-22 15:35:10] PRINT [03/22 15:35:10 graph]: --- Testf1: 0.89184, Best Valacc: 0.88800 in epoch 317 --- 
[2023-03-22 15:35:10] PRINT [03/22 15:35:10 graph]: Epoch 85: get test acc score:  0.89184
[2023-03-22 15:35:10] PRINT [03/22 15:35:10 graph]: best_f1 0.89484 at epoch 62
[2023-03-22 15:35:10] PRINT [03/22 15:35:10 graph]: start epoch 86.
[2023-03-22 15:35:10] PRINT [03/22 15:35:10 graph]: # Epoch 86: train_loss: 0.4124 | lr: 0.000198
[2023-03-22 15:35:17] PRINT [03/22 15:35:17 graph]: --- Testf1: 0.89038, Best Valacc: 0.88364 in epoch 418 --- 
[2023-03-22 15:35:17] PRINT [03/22 15:35:17 graph]: Epoch 86: get test acc score:  0.89038
[2023-03-22 15:35:17] PRINT [03/22 15:35:17 graph]: best_f1 0.89484 at epoch 62
[2023-03-22 15:35:17] PRINT [03/22 15:35:17 graph]: start epoch 87.
[2023-03-22 15:35:17] PRINT [03/22 15:35:17 graph]: # Epoch 87: train_loss: 0.4124 | lr: 0.000198
[2023-03-22 15:35:24] PRINT [03/22 15:35:24 graph]: --- Testf1: 0.89311, Best Valacc: 0.88509 in epoch 192 --- 
[2023-03-22 15:35:24] PRINT [03/22 15:35:24 graph]: Epoch 87: get test acc score:  0.89311
[2023-03-22 15:35:24] PRINT [03/22 15:35:24 graph]: best_f1 0.89484 at epoch 62
[2023-03-22 15:35:24] PRINT [03/22 15:35:24 graph]: start epoch 88.
[2023-03-22 15:35:25] PRINT [03/22 15:35:25 graph]: # Epoch 88: train_loss: 0.4120 | lr: 0.000198
[2023-03-22 15:35:32] PRINT [03/22 15:35:32 graph]: --- Testf1: 0.89129, Best Valacc: 0.89673 in epoch 392 --- 
[2023-03-22 15:35:32] PRINT [03/22 15:35:32 graph]: Epoch 88: get test acc score:  0.89129
[2023-03-22 15:35:32] PRINT [03/22 15:35:32 graph]: best_f1 0.89484 at epoch 62
[2023-03-22 15:35:32] PRINT [03/22 15:35:32 graph]: start epoch 89.
[2023-03-22 15:35:32] PRINT [03/22 15:35:32 graph]: # Epoch 89: train_loss: 0.4110 | lr: 0.000198
[2023-03-22 15:35:39] PRINT [03/22 15:35:39 graph]: --- Testf1: 0.89302, Best Valacc: 0.89309 in epoch 488 --- 
[2023-03-22 15:35:39] PRINT [03/22 15:35:39 graph]: Epoch 89: get test acc score:  0.89302
[2023-03-22 15:35:39] PRINT [03/22 15:35:39 graph]: best_f1 0.89484 at epoch 62
[2023-03-22 15:35:39] PRINT [03/22 15:35:39 graph]: start epoch 90.
[2023-03-22 15:35:39] PRINT [03/22 15:35:39 graph]: # Epoch 90: train_loss: 0.4111 | lr: 0.000198
[2023-03-22 15:35:46] PRINT [03/22 15:35:46 graph]: --- Testf1: 0.89375, Best Valacc: 0.88873 in epoch 459 --- 
[2023-03-22 15:35:46] PRINT [03/22 15:35:46 graph]: Epoch 90: get test acc score:  0.89375
[2023-03-22 15:35:46] PRINT [03/22 15:35:46 graph]: best_f1 0.89484 at epoch 62
[2023-03-22 15:35:46] PRINT [03/22 15:35:46 graph]: start epoch 91.
[2023-03-22 15:35:46] PRINT [03/22 15:35:46 graph]: # Epoch 91: train_loss: 0.4097 | lr: 0.000198
[2023-03-22 15:35:53] PRINT [03/22 15:35:53 graph]: --- Testf1: 0.89093, Best Valacc: 0.88945 in epoch 402 --- 
[2023-03-22 15:35:54] PRINT [03/22 15:35:54 graph]: Epoch 91: get test acc score:  0.89093
[2023-03-22 15:35:54] PRINT [03/22 15:35:54 graph]: best_f1 0.89484 at epoch 62
[2023-03-22 15:35:54] PRINT [03/22 15:35:54 graph]: start epoch 92.
[2023-03-22 15:35:54] PRINT [03/22 15:35:54 graph]: # Epoch 92: train_loss: 0.4098 | lr: 0.000198
[2023-03-22 15:36:01] PRINT [03/22 15:36:01 graph]: --- Testf1: 0.89666, Best Valacc: 0.88945 in epoch 458 --- 
[2023-03-22 15:36:01] PRINT [03/22 15:36:01 graph]: Epoch 92: get test acc score:  0.89666
[2023-03-22 15:36:01] PRINT [03/22 15:36:01 graph]: best_f1 0.89666 at epoch 92
[2023-03-22 15:36:01] PRINT [03/22 15:36:01 graph]: start epoch 93.
[2023-03-22 15:36:01] PRINT [03/22 15:36:01 graph]: # Epoch 93: train_loss: 0.4087 | lr: 0.000198
[2023-03-22 15:36:08] PRINT [03/22 15:36:08 graph]: --- Testf1: 0.89338, Best Valacc: 0.89018 in epoch 446 --- 
[2023-03-22 15:36:08] PRINT [03/22 15:36:08 graph]: Epoch 93: get test acc score:  0.89338
[2023-03-22 15:36:08] PRINT [03/22 15:36:08 graph]: best_f1 0.89666 at epoch 92
[2023-03-22 15:36:08] PRINT [03/22 15:36:08 graph]: start epoch 94.
[2023-03-22 15:36:08] PRINT [03/22 15:36:08 graph]: # Epoch 94: train_loss: 0.4087 | lr: 0.000198
[2023-03-22 15:36:15] PRINT [03/22 15:36:15 graph]: --- Testf1: 0.89411, Best Valacc: 0.88873 in epoch 281 --- 
[2023-03-22 15:36:16] PRINT [03/22 15:36:16 graph]: Epoch 94: get test acc score:  0.89411
[2023-03-22 15:36:16] PRINT [03/22 15:36:16 graph]: best_f1 0.89666 at epoch 92
[2023-03-22 15:36:16] PRINT [03/22 15:36:16 graph]: start epoch 95.
[2023-03-22 15:36:16] PRINT [03/22 15:36:16 graph]: # Epoch 95: train_loss: 0.4085 | lr: 0.000198
[2023-03-22 15:36:23] PRINT [03/22 15:36:23 graph]: --- Testf1: 0.89693, Best Valacc: 0.89309 in epoch 346 --- 
[2023-03-22 15:36:23] PRINT [03/22 15:36:23 graph]: Epoch 95: get test acc score:  0.89693
[2023-03-22 15:36:23] PRINT [03/22 15:36:23 graph]: best_f1 0.89693 at epoch 95
[2023-03-22 15:36:23] PRINT [03/22 15:36:23 graph]: start epoch 96.
[2023-03-22 15:36:23] PRINT [03/22 15:36:23 graph]: # Epoch 96: train_loss: 0.4074 | lr: 0.000198
[2023-03-22 15:36:30] PRINT [03/22 15:36:30 graph]: --- Testf1: 0.89447, Best Valacc: 0.88582 in epoch 275 --- 
[2023-03-22 15:36:31] PRINT [03/22 15:36:31 graph]: Epoch 96: get test acc score:  0.89447
[2023-03-22 15:36:31] PRINT [03/22 15:36:31 graph]: best_f1 0.89693 at epoch 95
[2023-03-22 15:36:31] PRINT [03/22 15:36:31 graph]: start epoch 97.
[2023-03-22 15:36:31] PRINT [03/22 15:36:31 graph]: # Epoch 97: train_loss: 0.4078 | lr: 0.000198
[2023-03-22 15:36:38] PRINT [03/22 15:36:38 graph]: --- Testf1: 0.89084, Best Valacc: 0.89309 in epoch 372 --- 
[2023-03-22 15:36:38] PRINT [03/22 15:36:38 graph]: Epoch 97: get test acc score:  0.89084
[2023-03-22 15:36:38] PRINT [03/22 15:36:38 graph]: best_f1 0.89693 at epoch 95
[2023-03-22 15:36:38] PRINT [03/22 15:36:38 graph]: start epoch 98.
[2023-03-22 15:36:38] PRINT [03/22 15:36:38 graph]: # Epoch 98: train_loss: 0.4064 | lr: 0.000198
[2023-03-22 15:36:45] PRINT [03/22 15:36:45 graph]: --- Testf1: 0.89266, Best Valacc: 0.88945 in epoch 252 --- 
[2023-03-22 15:36:45] PRINT [03/22 15:36:45 graph]: Epoch 98: get test acc score:  0.89266
[2023-03-22 15:36:45] PRINT [03/22 15:36:45 graph]: best_f1 0.89693 at epoch 95
[2023-03-22 15:36:45] PRINT [03/22 15:36:45 graph]: start epoch 99.
[2023-03-22 15:36:45] PRINT [03/22 15:36:45 graph]: # Epoch 99: train_loss: 0.4074 | lr: 0.000198
[2023-03-22 15:36:52] PRINT [03/22 15:36:52 graph]: --- Testf1: 0.89093, Best Valacc: 0.89091 in epoch 195 --- 
[2023-03-22 15:36:52] PRINT [03/22 15:36:52 graph]: Epoch 99: get test acc score:  0.89093
[2023-03-22 15:36:52] PRINT [03/22 15:36:52 graph]: best_f1 0.89693 at epoch 95
[2023-03-22 15:36:52] PRINT [03/22 15:36:52 graph]: # final_acc: 0.89693±0.00000
