[2023-03-22 14:00:58] PRINT ---new cfg------
[2023-03-22 14:00:58] PRINT {'DATA': {'data_name': 'comp'}, 'DATALOADER': {'NUM_WORKERS': 0}, 'MODEL': {'num_hidden': 512, 'num_layers': 2, 'nhead': 4, 'activation': 'prelu', 'attn_drop': 0.2, 'feat_drop': 0.4, 'norm': 'batchnorm', 'pooler': 'mean', 'beta_schedule': 'quad', 'beta_1': 0.000367181465958562, 'beta_T': 0.01089266045068898, 'T': 611}, 'SOLVER': {'optim_type': 'adam', 'optim_type_f': 'adamw', 'alpha': 1, 'decay': 20, 'LR': 0.0002056506184436447, 'LR_f': 0.04101311360971249, 'weight_decay': 0, 'weight_decay_f': 0.0005045244504441345, 'MAX_EPOCH': 100, 'max_epoch_f': 500}, 'DEVICE': 'cuda', 'seeds': [0], 'eval_T': [50, 100, 200], 'output_dir': '/ddm-nni/AmazonCoBuyComputerDataset¶/log', 'checkpoint_dir': '/ddm-nni/AmazonCoBuyComputerDataset¶/log/checkpoint'}
[2023-03-22 14:00:58] PRINT [03/22 14:00:58 graph]: Rank of current process: 0. World size: 1
[2023-03-22 14:01:01] PRINT [03/22 14:01:01 graph]: Environment info:
[2023-03-22 14:01:01] PRINT PyTorch version: 1.10.0+cu113
[2023-03-22 14:01:01] PRINT Is debug build: False
[2023-03-22 14:01:01] PRINT CUDA used to build PyTorch: 11.3
[2023-03-22 14:01:01] PRINT ROCM used to build PyTorch: N/A
[2023-03-22 14:01:01] PRINT 
[2023-03-22 14:01:01] PRINT OS: Ubuntu 20.04.3 LTS (x86_64)
[2023-03-22 14:01:01] PRINT GCC version: (Ubuntu 9.3.0-17ubuntu1~20.04) 9.3.0
[2023-03-22 14:01:01] PRINT Clang version: Could not collect
[2023-03-22 14:01:01] PRINT CMake version: version 3.16.3
[2023-03-22 14:01:01] PRINT Libc version: glibc-2.31
[2023-03-22 14:01:01] PRINT 
[2023-03-22 14:01:01] PRINT Python version: 3.8.10 (default, Jun  4 2021, 15:09:15)  [GCC 7.5.0] (64-bit runtime)
[2023-03-22 14:01:01] PRINT Python platform: Linux-5.4.0-90-generic-x86_64-with-glibc2.17
[2023-03-22 14:01:01] PRINT Is CUDA available: True
[2023-03-22 14:01:01] PRINT CUDA runtime version: 11.3.109
[2023-03-22 14:01:01] PRINT GPU models and configuration: GPU 0: NVIDIA GeForce RTX 3090
[2023-03-22 14:01:01] PRINT Nvidia driver version: 495.44
[2023-03-22 14:01:01] PRINT cuDNN version: Probably one of the following:
[2023-03-22 14:01:01] PRINT /usr/lib/x86_64-linux-gnu/libcudnn.so.8.2.0
[2023-03-22 14:01:01] PRINT /usr/lib/x86_64-linux-gnu/libcudnn_adv_infer.so.8.2.0
[2023-03-22 14:01:01] PRINT /usr/lib/x86_64-linux-gnu/libcudnn_adv_train.so.8.2.0
[2023-03-22 14:01:01] PRINT /usr/lib/x86_64-linux-gnu/libcudnn_cnn_infer.so.8.2.0
[2023-03-22 14:01:01] PRINT /usr/lib/x86_64-linux-gnu/libcudnn_cnn_train.so.8.2.0
[2023-03-22 14:01:01] PRINT /usr/lib/x86_64-linux-gnu/libcudnn_ops_infer.so.8.2.0
[2023-03-22 14:01:01] PRINT /usr/lib/x86_64-linux-gnu/libcudnn_ops_train.so.8.2.0
[2023-03-22 14:01:01] PRINT HIP runtime version: N/A
[2023-03-22 14:01:01] PRINT MIOpen runtime version: N/A
[2023-03-22 14:01:01] PRINT 
[2023-03-22 14:01:01] PRINT Versions of relevant libraries:
[2023-03-22 14:01:01] PRINT [pip3] numpy==1.23.5
[2023-03-22 14:01:01] PRINT [pip3] torch==1.10.0+cu113
[2023-03-22 14:01:01] PRINT [pip3] torchvision==0.11.1+cu113
[2023-03-22 14:01:01] PRINT [conda] blas                      1.0                         mkl    https://mirrors.ustc.edu.cn/anaconda/pkgs/main
[2023-03-22 14:01:01] PRINT [conda] mkl                       2021.4.0           h06a4308_640    https://mirrors.ustc.edu.cn/anaconda/pkgs/main
[2023-03-22 14:01:01] PRINT [conda] mkl-service               2.4.0            py38h7f8727e_0    https://mirrors.ustc.edu.cn/anaconda/pkgs/main
[2023-03-22 14:01:01] PRINT [conda] mkl_fft                   1.3.1            py38hd3c417c_0    https://mirrors.ustc.edu.cn/anaconda/pkgs/main
[2023-03-22 14:01:01] PRINT [conda] mkl_random                1.2.2            py38h51133e4_0    https://mirrors.ustc.edu.cn/anaconda/pkgs/main
[2023-03-22 14:01:01] PRINT [conda] numpy                     1.21.4                   pypi_0    pypi
[2023-03-22 14:01:01] PRINT [conda] numpy-base                1.23.5           py38h31eccc5_0    https://mirrors.ustc.edu.cn/anaconda/pkgs/main
[2023-03-22 14:01:01] PRINT [conda] torch                     1.10.0+cu113             pypi_0    pypi
[2023-03-22 14:01:01] PRINT [conda] torchvision               0.11.1+cu113             pypi_0    pypi
[2023-03-22 14:01:01] PRINT         Pillow (8.4.0)
[2023-03-22 14:01:01] PRINT [03/22 14:01:01 graph]: Command line arguments: Namespace(local_rank=0, resume=False, seed=1234, start_epoch=0)
[2023-03-22 14:01:01] PRINT [03/22 14:01:01 graph]: Run 0th for seed 0
[2023-03-22 14:01:01] PRINT [03/22 14:01:01 graph]: Total trainable params num : 7993859
[2023-03-22 14:01:06] PRINT [03/22 14:01:06 graph]: ----------Start Training----------
[2023-03-22 14:01:06] PRINT [03/22 14:01:06 graph]: start epoch 0.
[2023-03-22 14:01:07] PRINT [03/22 14:01:07 graph]: # Epoch 0: train_loss: 1.0213 | lr: 0.000206
[2023-03-22 14:01:07] PRINT [03/22 14:01:07 graph]: start epoch 1.
[2023-03-22 14:01:07] PRINT [03/22 14:01:07 graph]: # Epoch 1: train_loss: 0.8374 | lr: 0.000206
[2023-03-22 14:01:07] PRINT [03/22 14:01:07 graph]: start epoch 2.
[2023-03-22 14:01:07] PRINT [03/22 14:01:07 graph]: # Epoch 2: train_loss: 0.7490 | lr: 0.000206
[2023-03-22 14:01:07] PRINT [03/22 14:01:07 graph]: start epoch 3.
[2023-03-22 14:01:07] PRINT [03/22 14:01:07 graph]: # Epoch 3: train_loss: 0.6913 | lr: 0.000206
[2023-03-22 14:01:07] PRINT [03/22 14:01:07 graph]: start epoch 4.
[2023-03-22 14:01:07] PRINT [03/22 14:01:07 graph]: # Epoch 4: train_loss: 0.6514 | lr: 0.000206
[2023-03-22 14:01:07] PRINT [03/22 14:01:07 graph]: start epoch 5.
[2023-03-22 14:01:07] PRINT [03/22 14:01:07 graph]: # Epoch 5: train_loss: 0.6238 | lr: 0.000206
[2023-03-22 14:01:07] PRINT [03/22 14:01:07 graph]: start epoch 6.
[2023-03-22 14:01:07] PRINT [03/22 14:01:07 graph]: # Epoch 6: train_loss: 0.6043 | lr: 0.000206
[2023-03-22 14:01:07] PRINT [03/22 14:01:07 graph]: start epoch 7.
[2023-03-22 14:01:07] PRINT [03/22 14:01:07 graph]: # Epoch 7: train_loss: 0.5894 | lr: 0.000206
[2023-03-22 14:01:07] PRINT [03/22 14:01:07 graph]: start epoch 8.
[2023-03-22 14:01:07] PRINT [03/22 14:01:07 graph]: # Epoch 8: train_loss: 0.5778 | lr: 0.000206
[2023-03-22 14:01:07] PRINT [03/22 14:01:07 graph]: start epoch 9.
[2023-03-22 14:01:07] PRINT [03/22 14:01:07 graph]: # Epoch 9: train_loss: 0.5667 | lr: 0.000206
[2023-03-22 14:01:07] PRINT [03/22 14:01:07 graph]: start epoch 10.
[2023-03-22 14:01:07] PRINT [03/22 14:01:07 graph]: # Epoch 10: train_loss: 0.5571 | lr: 0.000206
[2023-03-22 14:01:07] PRINT [03/22 14:01:07 graph]: start epoch 11.
[2023-03-22 14:01:07] PRINT [03/22 14:01:07 graph]: # Epoch 11: train_loss: 0.5479 | lr: 0.000206
[2023-03-22 14:01:07] PRINT [03/22 14:01:07 graph]: start epoch 12.
[2023-03-22 14:01:08] PRINT [03/22 14:01:08 graph]: # Epoch 12: train_loss: 0.5401 | lr: 0.000206
[2023-03-22 14:01:08] PRINT [03/22 14:01:08 graph]: start epoch 13.
[2023-03-22 14:01:08] PRINT [03/22 14:01:08 graph]: # Epoch 13: train_loss: 0.5335 | lr: 0.000206
[2023-03-22 14:01:08] PRINT [03/22 14:01:08 graph]: start epoch 14.
[2023-03-22 14:01:08] PRINT [03/22 14:01:08 graph]: # Epoch 14: train_loss: 0.5269 | lr: 0.000206
[2023-03-22 14:01:08] PRINT [03/22 14:01:08 graph]: start epoch 15.
[2023-03-22 14:01:08] PRINT [03/22 14:01:08 graph]: # Epoch 15: train_loss: 0.5211 | lr: 0.000206
[2023-03-22 14:01:08] PRINT [03/22 14:01:08 graph]: start epoch 16.
[2023-03-22 14:01:08] PRINT [03/22 14:01:08 graph]: # Epoch 16: train_loss: 0.5160 | lr: 0.000206
[2023-03-22 14:01:08] PRINT [03/22 14:01:08 graph]: start epoch 17.
[2023-03-22 14:01:08] PRINT [03/22 14:01:08 graph]: # Epoch 17: train_loss: 0.5110 | lr: 0.000206
[2023-03-22 14:01:08] PRINT [03/22 14:01:08 graph]: start epoch 18.
[2023-03-22 14:01:08] PRINT [03/22 14:01:08 graph]: # Epoch 18: train_loss: 0.5062 | lr: 0.000206
[2023-03-22 14:01:08] PRINT [03/22 14:01:08 graph]: start epoch 19.
[2023-03-22 14:01:08] PRINT [03/22 14:01:08 graph]: # Epoch 19: train_loss: 0.5021 | lr: 0.000206
[2023-03-22 14:01:08] PRINT [03/22 14:01:08 graph]: start epoch 20.
[2023-03-22 14:01:08] PRINT [03/22 14:01:08 graph]: # Epoch 20: train_loss: 0.4981 | lr: 0.000206
[2023-03-22 14:01:08] PRINT [03/22 14:01:08 graph]: start epoch 21.
[2023-03-22 14:01:08] PRINT [03/22 14:01:08 graph]: # Epoch 21: train_loss: 0.4946 | lr: 0.000206
[2023-03-22 14:01:08] PRINT [03/22 14:01:08 graph]: start epoch 22.
[2023-03-22 14:01:08] PRINT [03/22 14:01:08 graph]: # Epoch 22: train_loss: 0.4915 | lr: 0.000206
[2023-03-22 14:01:08] PRINT [03/22 14:01:08 graph]: start epoch 23.
[2023-03-22 14:01:08] PRINT [03/22 14:01:08 graph]: # Epoch 23: train_loss: 0.4883 | lr: 0.000206
[2023-03-22 14:01:08] PRINT [03/22 14:01:08 graph]: start epoch 24.
[2023-03-22 14:01:08] PRINT [03/22 14:01:08 graph]: # Epoch 24: train_loss: 0.4853 | lr: 0.000206
[2023-03-22 14:01:08] PRINT [03/22 14:01:08 graph]: start epoch 25.
[2023-03-22 14:01:09] PRINT [03/22 14:01:09 graph]: # Epoch 25: train_loss: 0.4825 | lr: 0.000206
[2023-03-22 14:01:09] PRINT [03/22 14:01:09 graph]: start epoch 26.
[2023-03-22 14:01:09] PRINT [03/22 14:01:09 graph]: # Epoch 26: train_loss: 0.4797 | lr: 0.000206
[2023-03-22 14:01:09] PRINT [03/22 14:01:09 graph]: start epoch 27.
[2023-03-22 14:01:09] PRINT [03/22 14:01:09 graph]: # Epoch 27: train_loss: 0.4772 | lr: 0.000206
[2023-03-22 14:01:09] PRINT [03/22 14:01:09 graph]: start epoch 28.
[2023-03-22 14:01:09] PRINT [03/22 14:01:09 graph]: # Epoch 28: train_loss: 0.4747 | lr: 0.000206
[2023-03-22 14:01:09] PRINT [03/22 14:01:09 graph]: start epoch 29.
[2023-03-22 14:01:09] PRINT [03/22 14:01:09 graph]: # Epoch 29: train_loss: 0.4727 | lr: 0.000206
[2023-03-22 14:01:09] PRINT [03/22 14:01:09 graph]: start epoch 30.
[2023-03-22 14:01:09] PRINT [03/22 14:01:09 graph]: # Epoch 30: train_loss: 0.4706 | lr: 0.000206
[2023-03-22 14:01:09] PRINT [03/22 14:01:09 graph]: start epoch 31.
[2023-03-22 14:01:09] PRINT [03/22 14:01:09 graph]: # Epoch 31: train_loss: 0.4683 | lr: 0.000206
[2023-03-22 14:01:09] PRINT [03/22 14:01:09 graph]: start epoch 32.
[2023-03-22 14:01:09] PRINT [03/22 14:01:09 graph]: # Epoch 32: train_loss: 0.4665 | lr: 0.000206
[2023-03-22 14:01:09] PRINT [03/22 14:01:09 graph]: start epoch 33.
[2023-03-22 14:01:09] PRINT [03/22 14:01:09 graph]: # Epoch 33: train_loss: 0.4644 | lr: 0.000206
[2023-03-22 14:01:09] PRINT [03/22 14:01:09 graph]: start epoch 34.
[2023-03-22 14:01:09] PRINT [03/22 14:01:09 graph]: # Epoch 34: train_loss: 0.4624 | lr: 0.000206
[2023-03-22 14:01:09] PRINT [03/22 14:01:09 graph]: start epoch 35.
[2023-03-22 14:01:09] PRINT [03/22 14:01:09 graph]: # Epoch 35: train_loss: 0.4606 | lr: 0.000206
[2023-03-22 14:01:09] PRINT [03/22 14:01:09 graph]: start epoch 36.
[2023-03-22 14:01:09] PRINT [03/22 14:01:09 graph]: # Epoch 36: train_loss: 0.4589 | lr: 0.000206
[2023-03-22 14:01:09] PRINT [03/22 14:01:09 graph]: start epoch 37.
[2023-03-22 14:01:09] PRINT [03/22 14:01:09 graph]: # Epoch 37: train_loss: 0.4583 | lr: 0.000206
[2023-03-22 14:01:09] PRINT [03/22 14:01:09 graph]: start epoch 38.
[2023-03-22 14:01:09] PRINT [03/22 14:01:09 graph]: # Epoch 38: train_loss: 0.4581 | lr: 0.000206
[2023-03-22 14:01:09] PRINT [03/22 14:01:09 graph]: start epoch 39.
[2023-03-22 14:01:10] PRINT [03/22 14:01:10 graph]: # Epoch 39: train_loss: 0.4544 | lr: 0.000206
[2023-03-22 14:01:10] PRINT [03/22 14:01:10 graph]: start epoch 40.
[2023-03-22 14:01:10] PRINT [03/22 14:01:10 graph]: # Epoch 40: train_loss: 0.4552 | lr: 0.000206
[2023-03-22 14:01:10] PRINT [03/22 14:01:10 graph]: start epoch 41.
[2023-03-22 14:01:10] PRINT [03/22 14:01:10 graph]: # Epoch 41: train_loss: 0.4562 | lr: 0.000206
[2023-03-22 14:01:10] PRINT [03/22 14:01:10 graph]: start epoch 42.
[2023-03-22 14:01:10] PRINT [03/22 14:01:10 graph]: # Epoch 42: train_loss: 0.4540 | lr: 0.000206
[2023-03-22 14:01:10] PRINT [03/22 14:01:10 graph]: start epoch 43.
[2023-03-22 14:01:10] PRINT [03/22 14:01:10 graph]: # Epoch 43: train_loss: 0.4504 | lr: 0.000206
[2023-03-22 14:01:10] PRINT [03/22 14:01:10 graph]: start epoch 44.
[2023-03-22 14:01:10] PRINT [03/22 14:01:10 graph]: # Epoch 44: train_loss: 0.4497 | lr: 0.000206
[2023-03-22 14:01:10] PRINT [03/22 14:01:10 graph]: start epoch 45.
[2023-03-22 14:01:10] PRINT [03/22 14:01:10 graph]: # Epoch 45: train_loss: 0.4481 | lr: 0.000206
[2023-03-22 14:01:10] PRINT [03/22 14:01:10 graph]: start epoch 46.
[2023-03-22 14:01:10] PRINT [03/22 14:01:10 graph]: # Epoch 46: train_loss: 0.4471 | lr: 0.000206
[2023-03-22 14:01:10] PRINT [03/22 14:01:10 graph]: start epoch 47.
[2023-03-22 14:01:10] PRINT [03/22 14:01:10 graph]: # Epoch 47: train_loss: 0.4449 | lr: 0.000206
[2023-03-22 14:01:10] PRINT [03/22 14:01:10 graph]: start epoch 48.
[2023-03-22 14:01:10] PRINT [03/22 14:01:10 graph]: # Epoch 48: train_loss: 0.4449 | lr: 0.000206
[2023-03-22 14:01:10] PRINT [03/22 14:01:10 graph]: start epoch 49.
[2023-03-22 14:01:10] PRINT [03/22 14:01:10 graph]: # Epoch 49: train_loss: 0.4430 | lr: 0.000206
[2023-03-22 14:01:10] PRINT [03/22 14:01:10 graph]: start epoch 50.
[2023-03-22 14:01:10] PRINT [03/22 14:01:10 graph]: # Epoch 50: train_loss: 0.4429 | lr: 0.000206
[2023-03-22 14:01:10] PRINT [03/22 14:01:10 graph]: start epoch 51.
[2023-03-22 14:01:10] PRINT [03/22 14:01:10 graph]: # Epoch 51: train_loss: 0.4407 | lr: 0.000206
[2023-03-22 14:01:18] PRINT [03/22 14:01:18 graph]: --- Testf1: 0.89193, Best Valacc: 0.88873 in epoch 189 --- 
[2023-03-22 14:01:18] PRINT [03/22 14:01:18 graph]: Epoch 51: get test acc score:  0.89193
[2023-03-22 14:01:18] PRINT [03/22 14:01:18 graph]: best_f1 0.89193 at epoch 51
[2023-03-22 14:01:18] PRINT [03/22 14:01:18 graph]: start epoch 52.
[2023-03-22 14:01:18] PRINT [03/22 14:01:18 graph]: # Epoch 52: train_loss: 0.4404 | lr: 0.000206
[2023-03-22 14:01:25] PRINT [03/22 14:01:25 graph]: --- Testf1: 0.89093, Best Valacc: 0.89164 in epoch 427 --- 
[2023-03-22 14:01:26] PRINT [03/22 14:01:26 graph]: Epoch 52: get test acc score:  0.89093
[2023-03-22 14:01:26] PRINT [03/22 14:01:26 graph]: best_f1 0.89193 at epoch 51
[2023-03-22 14:01:26] PRINT [03/22 14:01:26 graph]: start epoch 53.
[2023-03-22 14:01:26] PRINT [03/22 14:01:26 graph]: # Epoch 53: train_loss: 0.4393 | lr: 0.000206
[2023-03-22 14:01:33] PRINT [03/22 14:01:33 graph]: --- Testf1: 0.88984, Best Valacc: 0.89091 in epoch 465 --- 
[2023-03-22 14:01:33] PRINT [03/22 14:01:33 graph]: Epoch 53: get test acc score:  0.88984
[2023-03-22 14:01:33] PRINT [03/22 14:01:33 graph]: best_f1 0.89193 at epoch 51
[2023-03-22 14:01:33] PRINT [03/22 14:01:33 graph]: start epoch 54.
[2023-03-22 14:01:33] PRINT [03/22 14:01:33 graph]: # Epoch 54: train_loss: 0.4384 | lr: 0.000206
[2023-03-22 14:01:40] PRINT [03/22 14:01:40 graph]: --- Testf1: 0.89211, Best Valacc: 0.89091 in epoch 403 --- 
[2023-03-22 14:01:41] PRINT [03/22 14:01:41 graph]: Epoch 54: get test acc score:  0.89211
[2023-03-22 14:01:41] PRINT [03/22 14:01:41 graph]: best_f1 0.89211 at epoch 54
[2023-03-22 14:01:41] PRINT [03/22 14:01:41 graph]: start epoch 55.
[2023-03-22 14:01:41] PRINT [03/22 14:01:41 graph]: # Epoch 55: train_loss: 0.4372 | lr: 0.000206
[2023-03-22 14:01:48] PRINT [03/22 14:01:48 graph]: --- Testf1: 0.89011, Best Valacc: 0.88727 in epoch 318 --- 
[2023-03-22 14:01:48] PRINT [03/22 14:01:48 graph]: Epoch 55: get test acc score:  0.89011
[2023-03-22 14:01:48] PRINT [03/22 14:01:48 graph]: best_f1 0.89211 at epoch 54
[2023-03-22 14:01:48] PRINT [03/22 14:01:48 graph]: start epoch 56.
[2023-03-22 14:01:48] PRINT [03/22 14:01:48 graph]: # Epoch 56: train_loss: 0.4365 | lr: 0.000206
[2023-03-22 14:01:55] PRINT [03/22 14:01:55 graph]: --- Testf1: 0.89157, Best Valacc: 0.88727 in epoch 464 --- 
[2023-03-22 14:01:55] PRINT [03/22 14:01:55 graph]: Epoch 56: get test acc score:  0.89157
[2023-03-22 14:01:55] PRINT [03/22 14:01:55 graph]: best_f1 0.89211 at epoch 54
[2023-03-22 14:01:55] PRINT [03/22 14:01:55 graph]: start epoch 57.
[2023-03-22 14:01:56] PRINT [03/22 14:01:56 graph]: # Epoch 57: train_loss: 0.4355 | lr: 0.000206
[2023-03-22 14:02:03] PRINT [03/22 14:02:03 graph]: --- Testf1: 0.89129, Best Valacc: 0.89309 in epoch 434 --- 
[2023-03-22 14:02:03] PRINT [03/22 14:02:03 graph]: Epoch 57: get test acc score:  0.89129
[2023-03-22 14:02:03] PRINT [03/22 14:02:03 graph]: best_f1 0.89211 at epoch 54
[2023-03-22 14:02:03] PRINT [03/22 14:02:03 graph]: start epoch 58.
[2023-03-22 14:02:03] PRINT [03/22 14:02:03 graph]: # Epoch 58: train_loss: 0.4347 | lr: 0.000206
[2023-03-22 14:02:09] PRINT [03/22 14:02:09 graph]: --- Testf1: 0.89220, Best Valacc: 0.89382 in epoch 321 --- 
[2023-03-22 14:02:09] PRINT [03/22 14:02:09 graph]: Epoch 58: get test acc score:  0.89220
[2023-03-22 14:02:09] PRINT [03/22 14:02:09 graph]: best_f1 0.8922 at epoch 58
[2023-03-22 14:02:09] PRINT [03/22 14:02:09 graph]: start epoch 59.
[2023-03-22 14:02:09] PRINT [03/22 14:02:09 graph]: # Epoch 59: train_loss: 0.4336 | lr: 0.000206
[2023-03-22 14:02:15] PRINT [03/22 14:02:15 graph]: --- Testf1: 0.89066, Best Valacc: 0.88945 in epoch 148 --- 
[2023-03-22 14:02:15] PRINT [03/22 14:02:15 graph]: Epoch 59: get test acc score:  0.89066
[2023-03-22 14:02:15] PRINT [03/22 14:02:15 graph]: best_f1 0.8922 at epoch 58
[2023-03-22 14:02:15] PRINT [03/22 14:02:15 graph]: start epoch 60.
[2023-03-22 14:02:15] PRINT [03/22 14:02:15 graph]: # Epoch 60: train_loss: 0.4327 | lr: 0.000206
[2023-03-22 14:02:20] PRINT [03/22 14:02:20 graph]: --- Testf1: 0.89120, Best Valacc: 0.89018 in epoch 312 --- 
[2023-03-22 14:02:21] PRINT [03/22 14:02:21 graph]: Epoch 60: get test acc score:  0.89120
[2023-03-22 14:02:21] PRINT [03/22 14:02:21 graph]: best_f1 0.8922 at epoch 58
[2023-03-22 14:02:21] PRINT [03/22 14:02:21 graph]: start epoch 61.
[2023-03-22 14:02:21] PRINT [03/22 14:02:21 graph]: # Epoch 61: train_loss: 0.4321 | lr: 0.000206
[2023-03-22 14:02:25] PRINT [03/22 14:02:25 graph]: --- Testf1: 0.89020, Best Valacc: 0.89164 in epoch 259 --- 
[2023-03-22 14:02:26] PRINT [03/22 14:02:26 graph]: Epoch 61: get test acc score:  0.89020
[2023-03-22 14:02:26] PRINT [03/22 14:02:26 graph]: best_f1 0.8922 at epoch 58
[2023-03-22 14:02:26] PRINT [03/22 14:02:26 graph]: start epoch 62.
[2023-03-22 14:02:26] PRINT [03/22 14:02:26 graph]: # Epoch 62: train_loss: 0.4315 | lr: 0.000206
[2023-03-22 14:02:33] PRINT [03/22 14:02:33 graph]: --- Testf1: 0.88666, Best Valacc: 0.88945 in epoch 431 --- 
[2023-03-22 14:02:34] PRINT [03/22 14:02:34 graph]: Epoch 62: get test acc score:  0.88666
[2023-03-22 14:02:34] PRINT [03/22 14:02:34 graph]: best_f1 0.8922 at epoch 58
[2023-03-22 14:02:34] PRINT [03/22 14:02:34 graph]: start epoch 63.
[2023-03-22 14:02:34] PRINT [03/22 14:02:34 graph]: # Epoch 63: train_loss: 0.4309 | lr: 0.000206
[2023-03-22 14:02:39] PRINT [03/22 14:02:39 graph]: --- Testf1: 0.89256, Best Valacc: 0.89309 in epoch 382 --- 
[2023-03-22 14:02:39] PRINT [03/22 14:02:39 graph]: Epoch 63: get test acc score:  0.89256
[2023-03-22 14:02:39] PRINT [03/22 14:02:39 graph]: best_f1 0.89256 at epoch 63
[2023-03-22 14:02:39] PRINT [03/22 14:02:39 graph]: start epoch 64.
[2023-03-22 14:02:39] PRINT [03/22 14:02:39 graph]: # Epoch 64: train_loss: 0.4299 | lr: 0.000206
[2023-03-22 14:02:45] PRINT [03/22 14:02:45 graph]: --- Testf1: 0.89547, Best Valacc: 0.89236 in epoch 410 --- 
[2023-03-22 14:02:45] PRINT [03/22 14:02:45 graph]: Epoch 64: get test acc score:  0.89547
[2023-03-22 14:02:45] PRINT [03/22 14:02:45 graph]: best_f1 0.89547 at epoch 64
[2023-03-22 14:02:45] PRINT [03/22 14:02:45 graph]: start epoch 65.
[2023-03-22 14:02:45] PRINT [03/22 14:02:45 graph]: # Epoch 65: train_loss: 0.4292 | lr: 0.000206
[2023-03-22 14:02:54] PRINT [03/22 14:02:54 graph]: --- Testf1: 0.89111, Best Valacc: 0.89527 in epoch 410 --- 
[2023-03-22 14:02:54] PRINT [03/22 14:02:54 graph]: Epoch 65: get test acc score:  0.89111
[2023-03-22 14:02:54] PRINT [03/22 14:02:54 graph]: best_f1 0.89547 at epoch 64
[2023-03-22 14:02:54] PRINT [03/22 14:02:54 graph]: start epoch 66.
[2023-03-22 14:02:55] PRINT [03/22 14:02:55 graph]: # Epoch 66: train_loss: 0.4286 | lr: 0.000206
[2023-03-22 14:03:01] PRINT [03/22 14:03:01 graph]: --- Testf1: 0.89366, Best Valacc: 0.89309 in epoch 178 --- 
[2023-03-22 14:03:02] PRINT [03/22 14:03:02 graph]: Epoch 66: get test acc score:  0.89366
[2023-03-22 14:03:02] PRINT [03/22 14:03:02 graph]: best_f1 0.89547 at epoch 64
[2023-03-22 14:03:02] PRINT [03/22 14:03:02 graph]: start epoch 67.
[2023-03-22 14:03:02] PRINT [03/22 14:03:02 graph]: # Epoch 67: train_loss: 0.4282 | lr: 0.000206
[2023-03-22 14:03:09] PRINT [03/22 14:03:09 graph]: --- Testf1: 0.89075, Best Valacc: 0.89018 in epoch 415 --- 
[2023-03-22 14:03:09] PRINT [03/22 14:03:09 graph]: Epoch 67: get test acc score:  0.89075
[2023-03-22 14:03:09] PRINT [03/22 14:03:09 graph]: best_f1 0.89547 at epoch 64
[2023-03-22 14:03:09] PRINT [03/22 14:03:09 graph]: start epoch 68.
[2023-03-22 14:03:09] PRINT [03/22 14:03:09 graph]: # Epoch 68: train_loss: 0.4271 | lr: 0.000206
[2023-03-22 14:03:16] PRINT [03/22 14:03:16 graph]: --- Testf1: 0.89202, Best Valacc: 0.88945 in epoch 426 --- 
[2023-03-22 14:03:16] PRINT [03/22 14:03:16 graph]: Epoch 68: get test acc score:  0.89202
[2023-03-22 14:03:16] PRINT [03/22 14:03:16 graph]: best_f1 0.89547 at epoch 64
[2023-03-22 14:03:16] PRINT [03/22 14:03:16 graph]: start epoch 69.
[2023-03-22 14:03:16] PRINT [03/22 14:03:16 graph]: # Epoch 69: train_loss: 0.4264 | lr: 0.000206
[2023-03-22 14:03:23] PRINT [03/22 14:03:23 graph]: --- Testf1: 0.89138, Best Valacc: 0.89164 in epoch 459 --- 
[2023-03-22 14:03:24] PRINT [03/22 14:03:24 graph]: Epoch 69: get test acc score:  0.89138
[2023-03-22 14:03:24] PRINT [03/22 14:03:24 graph]: best_f1 0.89547 at epoch 64
[2023-03-22 14:03:24] PRINT [03/22 14:03:24 graph]: start epoch 70.
[2023-03-22 14:03:24] PRINT [03/22 14:03:24 graph]: # Epoch 70: train_loss: 0.4263 | lr: 0.000206
[2023-03-22 14:03:31] PRINT [03/22 14:03:31 graph]: --- Testf1: 0.89157, Best Valacc: 0.88945 in epoch 381 --- 
[2023-03-22 14:03:31] PRINT [03/22 14:03:31 graph]: Epoch 70: get test acc score:  0.89157
[2023-03-22 14:03:31] PRINT [03/22 14:03:31 graph]: best_f1 0.89547 at epoch 64
[2023-03-22 14:03:31] PRINT [03/22 14:03:31 graph]: start epoch 71.
[2023-03-22 14:03:31] PRINT [03/22 14:03:31 graph]: # Epoch 71: train_loss: 0.4262 | lr: 0.000206
[2023-03-22 14:03:38] PRINT [03/22 14:03:38 graph]: --- Testf1: 0.89284, Best Valacc: 0.89673 in epoch 274 --- 
[2023-03-22 14:03:38] PRINT [03/22 14:03:38 graph]: Epoch 71: get test acc score:  0.89284
[2023-03-22 14:03:38] PRINT [03/22 14:03:38 graph]: best_f1 0.89547 at epoch 64
[2023-03-22 14:03:38] PRINT [03/22 14:03:38 graph]: start epoch 72.
[2023-03-22 14:03:38] PRINT [03/22 14:03:38 graph]: # Epoch 72: train_loss: 0.4246 | lr: 0.000206
[2023-03-22 14:03:46] PRINT [03/22 14:03:46 graph]: --- Testf1: 0.89175, Best Valacc: 0.89091 in epoch 469 --- 
[2023-03-22 14:03:46] PRINT [03/22 14:03:46 graph]: Epoch 72: get test acc score:  0.89175
[2023-03-22 14:03:46] PRINT [03/22 14:03:46 graph]: best_f1 0.89547 at epoch 64
[2023-03-22 14:03:46] PRINT [03/22 14:03:46 graph]: start epoch 73.
[2023-03-22 14:03:46] PRINT [03/22 14:03:46 graph]: # Epoch 73: train_loss: 0.4248 | lr: 0.000206
[2023-03-22 14:03:53] PRINT [03/22 14:03:53 graph]: --- Testf1: 0.89202, Best Valacc: 0.89309 in epoch 177 --- 
[2023-03-22 14:03:53] PRINT [03/22 14:03:53 graph]: Epoch 73: get test acc score:  0.89202
[2023-03-22 14:03:53] PRINT [03/22 14:03:53 graph]: best_f1 0.89547 at epoch 64
[2023-03-22 14:03:53] PRINT [03/22 14:03:53 graph]: start epoch 74.
[2023-03-22 14:03:53] PRINT [03/22 14:03:53 graph]: # Epoch 74: train_loss: 0.4248 | lr: 0.000206
[2023-03-22 14:04:00] PRINT [03/22 14:04:00 graph]: --- Testf1: 0.89175, Best Valacc: 0.89164 in epoch 347 --- 
[2023-03-22 14:04:01] PRINT [03/22 14:04:01 graph]: Epoch 74: get test acc score:  0.89175
[2023-03-22 14:04:01] PRINT [03/22 14:04:01 graph]: best_f1 0.89547 at epoch 64
[2023-03-22 14:04:01] PRINT [03/22 14:04:01 graph]: start epoch 75.
[2023-03-22 14:04:01] PRINT [03/22 14:04:01 graph]: # Epoch 75: train_loss: 0.4230 | lr: 0.000206
[2023-03-22 14:04:08] PRINT [03/22 14:04:08 graph]: --- Testf1: 0.89147, Best Valacc: 0.89018 in epoch 417 --- 
[2023-03-22 14:04:08] PRINT [03/22 14:04:08 graph]: Epoch 75: get test acc score:  0.89147
[2023-03-22 14:04:08] PRINT [03/22 14:04:08 graph]: best_f1 0.89547 at epoch 64
[2023-03-22 14:04:08] PRINT [03/22 14:04:08 graph]: start epoch 76.
[2023-03-22 14:04:08] PRINT [03/22 14:04:08 graph]: # Epoch 76: train_loss: 0.4254 | lr: 0.000206
[2023-03-22 14:04:16] PRINT [03/22 14:04:16 graph]: --- Testf1: 0.89447, Best Valacc: 0.89382 in epoch 466 --- 
[2023-03-22 14:04:16] PRINT [03/22 14:04:16 graph]: Epoch 76: get test acc score:  0.89447
[2023-03-22 14:04:16] PRINT [03/22 14:04:16 graph]: best_f1 0.89547 at epoch 64
[2023-03-22 14:04:16] PRINT [03/22 14:04:16 graph]: start epoch 77.
[2023-03-22 14:04:16] PRINT [03/22 14:04:16 graph]: # Epoch 77: train_loss: 0.4248 | lr: 0.000206
[2023-03-22 14:04:23] PRINT [03/22 14:04:23 graph]: --- Testf1: 0.89420, Best Valacc: 0.89455 in epoch 375 --- 
[2023-03-22 14:04:23] PRINT [03/22 14:04:23 graph]: Epoch 77: get test acc score:  0.89420
[2023-03-22 14:04:23] PRINT [03/22 14:04:23 graph]: best_f1 0.89547 at epoch 64
[2023-03-22 14:04:23] PRINT [03/22 14:04:23 graph]: start epoch 78.
[2023-03-22 14:04:23] PRINT [03/22 14:04:23 graph]: # Epoch 78: train_loss: 0.4241 | lr: 0.000206
[2023-03-22 14:04:31] PRINT [03/22 14:04:31 graph]: --- Testf1: 0.89466, Best Valacc: 0.89455 in epoch 489 --- 
[2023-03-22 14:04:31] PRINT [03/22 14:04:31 graph]: Epoch 78: get test acc score:  0.89466
[2023-03-22 14:04:31] PRINT [03/22 14:04:31 graph]: best_f1 0.89547 at epoch 64
[2023-03-22 14:04:31] PRINT [03/22 14:04:31 graph]: start epoch 79.
[2023-03-22 14:04:31] PRINT [03/22 14:04:31 graph]: # Epoch 79: train_loss: 0.4211 | lr: 0.000206
[2023-03-22 14:04:38] PRINT [03/22 14:04:38 graph]: --- Testf1: 0.89275, Best Valacc: 0.88873 in epoch 377 --- 
[2023-03-22 14:04:38] PRINT [03/22 14:04:38 graph]: Epoch 79: get test acc score:  0.89275
[2023-03-22 14:04:38] PRINT [03/22 14:04:38 graph]: best_f1 0.89547 at epoch 64
[2023-03-22 14:04:38] PRINT [03/22 14:04:38 graph]: start epoch 80.
[2023-03-22 14:04:38] PRINT [03/22 14:04:38 graph]: # Epoch 80: train_loss: 0.4240 | lr: 0.000206
[2023-03-22 14:04:46] PRINT [03/22 14:04:46 graph]: --- Testf1: 0.89120, Best Valacc: 0.89745 in epoch 390 --- 
[2023-03-22 14:04:46] PRINT [03/22 14:04:46 graph]: Epoch 80: get test acc score:  0.89120
[2023-03-22 14:04:46] PRINT [03/22 14:04:46 graph]: best_f1 0.89547 at epoch 64
[2023-03-22 14:04:46] PRINT [03/22 14:04:46 graph]: start epoch 81.
[2023-03-22 14:04:46] PRINT [03/22 14:04:46 graph]: # Epoch 81: train_loss: 0.4230 | lr: 0.000206
[2023-03-22 14:04:53] PRINT [03/22 14:04:53 graph]: --- Testf1: 0.89329, Best Valacc: 0.89309 in epoch 431 --- 
[2023-03-22 14:04:54] PRINT [03/22 14:04:54 graph]: Epoch 81: get test acc score:  0.89329
[2023-03-22 14:04:54] PRINT [03/22 14:04:54 graph]: best_f1 0.89547 at epoch 64
[2023-03-22 14:04:54] PRINT [03/22 14:04:54 graph]: start epoch 82.
[2023-03-22 14:04:54] PRINT [03/22 14:04:54 graph]: # Epoch 82: train_loss: 0.4252 | lr: 0.000206
[2023-03-22 14:05:01] PRINT [03/22 14:05:01 graph]: --- Testf1: 0.89093, Best Valacc: 0.89236 in epoch 403 --- 
[2023-03-22 14:05:01] PRINT [03/22 14:05:01 graph]: Epoch 82: get test acc score:  0.89093
[2023-03-22 14:05:01] PRINT [03/22 14:05:01 graph]: best_f1 0.89547 at epoch 64
[2023-03-22 14:05:01] PRINT [03/22 14:05:01 graph]: start epoch 83.
[2023-03-22 14:05:01] PRINT [03/22 14:05:01 graph]: # Epoch 83: train_loss: 0.4199 | lr: 0.000206
[2023-03-22 14:05:08] PRINT [03/22 14:05:08 graph]: --- Testf1: 0.89438, Best Valacc: 0.89091 in epoch 394 --- 
[2023-03-22 14:05:09] PRINT [03/22 14:05:09 graph]: Epoch 83: get test acc score:  0.89438
[2023-03-22 14:05:09] PRINT [03/22 14:05:09 graph]: best_f1 0.89547 at epoch 64
[2023-03-22 14:05:09] PRINT [03/22 14:05:09 graph]: start epoch 84.
[2023-03-22 14:05:09] PRINT [03/22 14:05:09 graph]: # Epoch 84: train_loss: 0.4215 | lr: 0.000206
[2023-03-22 14:05:16] PRINT [03/22 14:05:16 graph]: --- Testf1: 0.88911, Best Valacc: 0.89091 in epoch 326 --- 
[2023-03-22 14:05:16] PRINT [03/22 14:05:16 graph]: Epoch 84: get test acc score:  0.88911
[2023-03-22 14:05:16] PRINT [03/22 14:05:16 graph]: best_f1 0.89547 at epoch 64
[2023-03-22 14:05:16] PRINT [03/22 14:05:16 graph]: start epoch 85.
[2023-03-22 14:05:16] PRINT [03/22 14:05:16 graph]: # Epoch 85: train_loss: 0.4206 | lr: 0.000206
[2023-03-22 14:05:24] PRINT [03/22 14:05:24 graph]: --- Testf1: 0.89466, Best Valacc: 0.89091 in epoch 219 --- 
[2023-03-22 14:05:24] PRINT [03/22 14:05:24 graph]: Epoch 85: get test acc score:  0.89466
[2023-03-22 14:05:24] PRINT [03/22 14:05:24 graph]: best_f1 0.89547 at epoch 64
[2023-03-22 14:05:24] PRINT [03/22 14:05:24 graph]: start epoch 86.
[2023-03-22 14:05:24] PRINT [03/22 14:05:24 graph]: # Epoch 86: train_loss: 0.4186 | lr: 0.000206
[2023-03-22 14:05:31] PRINT [03/22 14:05:31 graph]: --- Testf1: 0.89047, Best Valacc: 0.89236 in epoch 378 --- 
[2023-03-22 14:05:31] PRINT [03/22 14:05:31 graph]: Epoch 86: get test acc score:  0.89047
[2023-03-22 14:05:31] PRINT [03/22 14:05:31 graph]: best_f1 0.89547 at epoch 64
[2023-03-22 14:05:31] PRINT [03/22 14:05:31 graph]: start epoch 87.
[2023-03-22 14:05:31] PRINT [03/22 14:05:31 graph]: # Epoch 87: train_loss: 0.4195 | lr: 0.000206
[2023-03-22 14:05:38] PRINT [03/22 14:05:38 graph]: --- Testf1: 0.89193, Best Valacc: 0.89164 in epoch 358 --- 
[2023-03-22 14:05:39] PRINT [03/22 14:05:39 graph]: Epoch 87: get test acc score:  0.89193
[2023-03-22 14:05:39] PRINT [03/22 14:05:39 graph]: best_f1 0.89547 at epoch 64
[2023-03-22 14:05:39] PRINT [03/22 14:05:39 graph]: start epoch 88.
[2023-03-22 14:05:39] PRINT [03/22 14:05:39 graph]: # Epoch 88: train_loss: 0.4183 | lr: 0.000206
[2023-03-22 14:05:46] PRINT [03/22 14:05:46 graph]: --- Testf1: 0.89047, Best Valacc: 0.89164 in epoch 483 --- 
[2023-03-22 14:05:46] PRINT [03/22 14:05:46 graph]: Epoch 88: get test acc score:  0.89047
[2023-03-22 14:05:46] PRINT [03/22 14:05:46 graph]: best_f1 0.89547 at epoch 64
[2023-03-22 14:05:46] PRINT [03/22 14:05:46 graph]: start epoch 89.
[2023-03-22 14:05:46] PRINT [03/22 14:05:46 graph]: # Epoch 89: train_loss: 0.4173 | lr: 0.000206
[2023-03-22 14:05:53] PRINT [03/22 14:05:53 graph]: --- Testf1: 0.89456, Best Valacc: 0.89164 in epoch 344 --- 
[2023-03-22 14:05:54] PRINT [03/22 14:05:54 graph]: Epoch 89: get test acc score:  0.89456
[2023-03-22 14:05:54] PRINT [03/22 14:05:54 graph]: best_f1 0.89547 at epoch 64
[2023-03-22 14:05:54] PRINT [03/22 14:05:54 graph]: start epoch 90.
[2023-03-22 14:05:54] PRINT [03/22 14:05:54 graph]: # Epoch 90: train_loss: 0.4167 | lr: 0.000206
[2023-03-22 14:06:01] PRINT [03/22 14:06:01 graph]: --- Testf1: 0.89047, Best Valacc: 0.88800 in epoch 484 --- 
[2023-03-22 14:06:01] PRINT [03/22 14:06:01 graph]: Epoch 90: get test acc score:  0.89047
[2023-03-22 14:06:01] PRINT [03/22 14:06:01 graph]: best_f1 0.89547 at epoch 64
[2023-03-22 14:06:01] PRINT [03/22 14:06:01 graph]: start epoch 91.
[2023-03-22 14:06:01] PRINT [03/22 14:06:01 graph]: # Epoch 91: train_loss: 0.4172 | lr: 0.000206
[2023-03-22 14:06:08] PRINT [03/22 14:06:08 graph]: --- Testf1: 0.89293, Best Valacc: 0.89527 in epoch 189 --- 
[2023-03-22 14:06:08] PRINT [03/22 14:06:08 graph]: Epoch 91: get test acc score:  0.89293
[2023-03-22 14:06:08] PRINT [03/22 14:06:08 graph]: best_f1 0.89547 at epoch 64
[2023-03-22 14:06:08] PRINT [03/22 14:06:08 graph]: start epoch 92.
[2023-03-22 14:06:08] PRINT [03/22 14:06:08 graph]: # Epoch 92: train_loss: 0.4155 | lr: 0.000206
[2023-03-22 14:06:15] PRINT [03/22 14:06:15 graph]: --- Testf1: 0.89520, Best Valacc: 0.89236 in epoch 396 --- 
[2023-03-22 14:06:16] PRINT [03/22 14:06:16 graph]: Epoch 92: get test acc score:  0.89520
[2023-03-22 14:06:16] PRINT [03/22 14:06:16 graph]: best_f1 0.89547 at epoch 64
[2023-03-22 14:06:16] PRINT [03/22 14:06:16 graph]: start epoch 93.
[2023-03-22 14:06:16] PRINT [03/22 14:06:16 graph]: # Epoch 93: train_loss: 0.4159 | lr: 0.000206
[2023-03-22 14:06:23] PRINT [03/22 14:06:23 graph]: --- Testf1: 0.89011, Best Valacc: 0.89382 in epoch 394 --- 
[2023-03-22 14:06:23] PRINT [03/22 14:06:23 graph]: Epoch 93: get test acc score:  0.89011
[2023-03-22 14:06:23] PRINT [03/22 14:06:23 graph]: best_f1 0.89547 at epoch 64
[2023-03-22 14:06:23] PRINT [03/22 14:06:23 graph]: start epoch 94.
[2023-03-22 14:06:23] PRINT [03/22 14:06:23 graph]: # Epoch 94: train_loss: 0.4147 | lr: 0.000206
[2023-03-22 14:06:30] PRINT [03/22 14:06:30 graph]: --- Testf1: 0.88829, Best Valacc: 0.89091 in epoch 238 --- 
[2023-03-22 14:06:30] PRINT [03/22 14:06:30 graph]: Epoch 94: get test acc score:  0.88829
[2023-03-22 14:06:30] PRINT [03/22 14:06:30 graph]: best_f1 0.89547 at epoch 64
[2023-03-22 14:06:30] PRINT [03/22 14:06:30 graph]: start epoch 95.
[2023-03-22 14:06:30] PRINT [03/22 14:06:30 graph]: # Epoch 95: train_loss: 0.4156 | lr: 0.000206
[2023-03-22 14:06:37] PRINT [03/22 14:06:37 graph]: --- Testf1: 0.89284, Best Valacc: 0.89236 in epoch 276 --- 
[2023-03-22 14:06:38] PRINT [03/22 14:06:38 graph]: Epoch 95: get test acc score:  0.89284
[2023-03-22 14:06:38] PRINT [03/22 14:06:38 graph]: best_f1 0.89547 at epoch 64
[2023-03-22 14:06:38] PRINT [03/22 14:06:38 graph]: start epoch 96.
[2023-03-22 14:06:38] PRINT [03/22 14:06:38 graph]: # Epoch 96: train_loss: 0.4135 | lr: 0.000206
[2023-03-22 14:06:45] PRINT [03/22 14:06:45 graph]: --- Testf1: 0.89402, Best Valacc: 0.88800 in epoch 435 --- 
[2023-03-22 14:06:45] PRINT [03/22 14:06:45 graph]: Epoch 96: get test acc score:  0.89402
[2023-03-22 14:06:45] PRINT [03/22 14:06:45 graph]: best_f1 0.89547 at epoch 64
[2023-03-22 14:06:45] PRINT [03/22 14:06:45 graph]: start epoch 97.
[2023-03-22 14:06:45] PRINT [03/22 14:06:45 graph]: # Epoch 97: train_loss: 0.4147 | lr: 0.000206
[2023-03-22 14:06:52] PRINT [03/22 14:06:52 graph]: --- Testf1: 0.89229, Best Valacc: 0.89309 in epoch 322 --- 
[2023-03-22 14:06:52] PRINT [03/22 14:06:52 graph]: Epoch 97: get test acc score:  0.89229
[2023-03-22 14:06:52] PRINT [03/22 14:06:52 graph]: best_f1 0.89547 at epoch 64
[2023-03-22 14:06:52] PRINT [03/22 14:06:52 graph]: start epoch 98.
[2023-03-22 14:06:52] PRINT [03/22 14:06:52 graph]: # Epoch 98: train_loss: 0.4136 | lr: 0.000206
[2023-03-22 14:06:59] PRINT [03/22 14:06:59 graph]: --- Testf1: 0.88784, Best Valacc: 0.89382 in epoch 429 --- 
[2023-03-22 14:07:00] PRINT [03/22 14:07:00 graph]: Epoch 98: get test acc score:  0.88784
[2023-03-22 14:07:00] PRINT [03/22 14:07:00 graph]: best_f1 0.89547 at epoch 64
[2023-03-22 14:07:00] PRINT [03/22 14:07:00 graph]: start epoch 99.
[2023-03-22 14:07:00] PRINT [03/22 14:07:00 graph]: # Epoch 99: train_loss: 0.4134 | lr: 0.000206
[2023-03-22 14:07:06] PRINT [03/22 14:07:06 graph]: --- Testf1: 0.89611, Best Valacc: 0.89164 in epoch 359 --- 
[2023-03-22 14:07:07] PRINT [03/22 14:07:07 graph]: Epoch 99: get test acc score:  0.89611
[2023-03-22 14:07:07] PRINT [03/22 14:07:07 graph]: best_f1 0.89611 at epoch 99
[2023-03-22 14:07:07] PRINT [03/22 14:07:07 graph]: # final_acc: 0.89611±0.00000
