[2023-03-22 15:07:21] PRINT ---new cfg------
[2023-03-22 15:07:21] PRINT {'DATA': {'data_name': 'comp'}, 'DATALOADER': {'NUM_WORKERS': 0}, 'MODEL': {'num_hidden': 512, 'num_layers': 2, 'nhead': 4, 'activation': 'prelu', 'attn_drop': 0.1, 'feat_drop': 0.30000000000000004, 'norm': 'batchnorm', 'pooler': 'mean', 'beta_schedule': 'quad', 'beta_1': 0.0004134393444202613, 'beta_T': 0.012427119262664642, 'T': 538}, 'SOLVER': {'optim_type': 'adam', 'optim_type_f': 'adamw', 'alpha': 1, 'decay': 10, 'LR': 0.00021299544654357136, 'LR_f': 0.06216413667426694, 'weight_decay': 0, 'weight_decay_f': 0.0004599635190881475, 'MAX_EPOCH': 100, 'max_epoch_f': 500}, 'DEVICE': 'cuda', 'seeds': [0], 'eval_T': [50, 100, 200], 'output_dir': '/ddm-nni/AmazonCoBuyComputerDataset¶/log', 'checkpoint_dir': '/ddm-nni/AmazonCoBuyComputerDataset¶/log/checkpoint'}
[2023-03-22 15:07:21] PRINT [03/22 15:07:21 graph]: Rank of current process: 0. World size: 1
[2023-03-22 15:07:24] PRINT [03/22 15:07:24 graph]: Environment info:
[2023-03-22 15:07:24] PRINT PyTorch version: 1.10.0+cu113
[2023-03-22 15:07:24] PRINT Is debug build: False
[2023-03-22 15:07:24] PRINT CUDA used to build PyTorch: 11.3
[2023-03-22 15:07:24] PRINT ROCM used to build PyTorch: N/A
[2023-03-22 15:07:24] PRINT 
[2023-03-22 15:07:24] PRINT OS: Ubuntu 20.04.3 LTS (x86_64)
[2023-03-22 15:07:24] PRINT GCC version: (Ubuntu 9.3.0-17ubuntu1~20.04) 9.3.0
[2023-03-22 15:07:24] PRINT Clang version: Could not collect
[2023-03-22 15:07:24] PRINT CMake version: version 3.16.3
[2023-03-22 15:07:24] PRINT Libc version: glibc-2.31
[2023-03-22 15:07:24] PRINT 
[2023-03-22 15:07:24] PRINT Python version: 3.8.10 (default, Jun  4 2021, 15:09:15)  [GCC 7.5.0] (64-bit runtime)
[2023-03-22 15:07:24] PRINT Python platform: Linux-5.4.0-90-generic-x86_64-with-glibc2.17
[2023-03-22 15:07:24] PRINT Is CUDA available: True
[2023-03-22 15:07:24] PRINT CUDA runtime version: 11.3.109
[2023-03-22 15:07:24] PRINT GPU models and configuration: GPU 0: NVIDIA GeForce RTX 3090
[2023-03-22 15:07:24] PRINT Nvidia driver version: 495.44
[2023-03-22 15:07:24] PRINT cuDNN version: Probably one of the following:
[2023-03-22 15:07:24] PRINT /usr/lib/x86_64-linux-gnu/libcudnn.so.8.2.0
[2023-03-22 15:07:24] PRINT /usr/lib/x86_64-linux-gnu/libcudnn_adv_infer.so.8.2.0
[2023-03-22 15:07:24] PRINT /usr/lib/x86_64-linux-gnu/libcudnn_adv_train.so.8.2.0
[2023-03-22 15:07:24] PRINT /usr/lib/x86_64-linux-gnu/libcudnn_cnn_infer.so.8.2.0
[2023-03-22 15:07:24] PRINT /usr/lib/x86_64-linux-gnu/libcudnn_cnn_train.so.8.2.0
[2023-03-22 15:07:24] PRINT /usr/lib/x86_64-linux-gnu/libcudnn_ops_infer.so.8.2.0
[2023-03-22 15:07:24] PRINT /usr/lib/x86_64-linux-gnu/libcudnn_ops_train.so.8.2.0
[2023-03-22 15:07:24] PRINT HIP runtime version: N/A
[2023-03-22 15:07:24] PRINT MIOpen runtime version: N/A
[2023-03-22 15:07:24] PRINT 
[2023-03-22 15:07:24] PRINT Versions of relevant libraries:
[2023-03-22 15:07:24] PRINT [pip3] numpy==1.23.5
[2023-03-22 15:07:24] PRINT [pip3] torch==1.10.0+cu113
[2023-03-22 15:07:24] PRINT [pip3] torchvision==0.11.1+cu113
[2023-03-22 15:07:24] PRINT [conda] blas                      1.0                         mkl    https://mirrors.ustc.edu.cn/anaconda/pkgs/main
[2023-03-22 15:07:24] PRINT [conda] mkl                       2021.4.0           h06a4308_640    https://mirrors.ustc.edu.cn/anaconda/pkgs/main
[2023-03-22 15:07:24] PRINT [conda] mkl-service               2.4.0            py38h7f8727e_0    https://mirrors.ustc.edu.cn/anaconda/pkgs/main
[2023-03-22 15:07:24] PRINT [conda] mkl_fft                   1.3.1            py38hd3c417c_0    https://mirrors.ustc.edu.cn/anaconda/pkgs/main
[2023-03-22 15:07:24] PRINT [conda] mkl_random                1.2.2            py38h51133e4_0    https://mirrors.ustc.edu.cn/anaconda/pkgs/main
[2023-03-22 15:07:24] PRINT [conda] numpy                     1.21.4                   pypi_0    pypi
[2023-03-22 15:07:24] PRINT [conda] numpy-base                1.23.5           py38h31eccc5_0    https://mirrors.ustc.edu.cn/anaconda/pkgs/main
[2023-03-22 15:07:24] PRINT [conda] torch                     1.10.0+cu113             pypi_0    pypi
[2023-03-22 15:07:24] PRINT [conda] torchvision               0.11.1+cu113             pypi_0    pypi
[2023-03-22 15:07:24] PRINT         Pillow (8.4.0)
[2023-03-22 15:07:24] PRINT [03/22 15:07:24 graph]: Command line arguments: Namespace(local_rank=0, resume=False, seed=1234, start_epoch=0)
[2023-03-22 15:07:25] PRINT [03/22 15:07:25 graph]: Run 0th for seed 0
[2023-03-22 15:07:25] PRINT [03/22 15:07:25 graph]: Total trainable params num : 7956483
[2023-03-22 15:07:29] PRINT [03/22 15:07:29 graph]: ----------Start Training----------
[2023-03-22 15:07:30] PRINT [03/22 15:07:30 graph]: start epoch 0.
[2023-03-22 15:07:30] PRINT [03/22 15:07:30 graph]: # Epoch 0: train_loss: 1.0211 | lr: 0.000213
[2023-03-22 15:07:30] PRINT [03/22 15:07:30 graph]: start epoch 1.
[2023-03-22 15:07:30] PRINT [03/22 15:07:30 graph]: # Epoch 1: train_loss: 0.8243 | lr: 0.000213
[2023-03-22 15:07:30] PRINT [03/22 15:07:30 graph]: start epoch 2.
[2023-03-22 15:07:30] PRINT [03/22 15:07:30 graph]: # Epoch 2: train_loss: 0.7306 | lr: 0.000213
[2023-03-22 15:07:30] PRINT [03/22 15:07:30 graph]: start epoch 3.
[2023-03-22 15:07:30] PRINT [03/22 15:07:30 graph]: # Epoch 3: train_loss: 0.6710 | lr: 0.000213
[2023-03-22 15:07:30] PRINT [03/22 15:07:30 graph]: start epoch 4.
[2023-03-22 15:07:30] PRINT [03/22 15:07:30 graph]: # Epoch 4: train_loss: 0.6330 | lr: 0.000213
[2023-03-22 15:07:30] PRINT [03/22 15:07:30 graph]: start epoch 5.
[2023-03-22 15:07:30] PRINT [03/22 15:07:30 graph]: # Epoch 5: train_loss: 0.6076 | lr: 0.000213
[2023-03-22 15:07:30] PRINT [03/22 15:07:30 graph]: start epoch 6.
[2023-03-22 15:07:30] PRINT [03/22 15:07:30 graph]: # Epoch 6: train_loss: 0.5886 | lr: 0.000213
[2023-03-22 15:07:30] PRINT [03/22 15:07:30 graph]: start epoch 7.
[2023-03-22 15:07:30] PRINT [03/22 15:07:30 graph]: # Epoch 7: train_loss: 0.5754 | lr: 0.000213
[2023-03-22 15:07:30] PRINT [03/22 15:07:30 graph]: start epoch 8.
[2023-03-22 15:07:31] PRINT [03/22 15:07:31 graph]: # Epoch 8: train_loss: 0.5640 | lr: 0.000213
[2023-03-22 15:07:31] PRINT [03/22 15:07:31 graph]: start epoch 9.
[2023-03-22 15:07:31] PRINT [03/22 15:07:31 graph]: # Epoch 9: train_loss: 0.5542 | lr: 0.000213
[2023-03-22 15:07:31] PRINT [03/22 15:07:31 graph]: start epoch 10.
[2023-03-22 15:07:31] PRINT [03/22 15:07:31 graph]: # Epoch 10: train_loss: 0.5456 | lr: 0.000213
[2023-03-22 15:07:31] PRINT [03/22 15:07:31 graph]: start epoch 11.
[2023-03-22 15:07:31] PRINT [03/22 15:07:31 graph]: # Epoch 11: train_loss: 0.5378 | lr: 0.000213
[2023-03-22 15:07:31] PRINT [03/22 15:07:31 graph]: start epoch 12.
[2023-03-22 15:07:31] PRINT [03/22 15:07:31 graph]: # Epoch 12: train_loss: 0.5303 | lr: 0.000213
[2023-03-22 15:07:31] PRINT [03/22 15:07:31 graph]: start epoch 13.
[2023-03-22 15:07:31] PRINT [03/22 15:07:31 graph]: # Epoch 13: train_loss: 0.5235 | lr: 0.000213
[2023-03-22 15:07:31] PRINT [03/22 15:07:31 graph]: start epoch 14.
[2023-03-22 15:07:31] PRINT [03/22 15:07:31 graph]: # Epoch 14: train_loss: 0.5171 | lr: 0.000213
[2023-03-22 15:07:31] PRINT [03/22 15:07:31 graph]: start epoch 15.
[2023-03-22 15:07:31] PRINT [03/22 15:07:31 graph]: # Epoch 15: train_loss: 0.5114 | lr: 0.000213
[2023-03-22 15:07:31] PRINT [03/22 15:07:31 graph]: start epoch 16.
[2023-03-22 15:07:31] PRINT [03/22 15:07:31 graph]: # Epoch 16: train_loss: 0.5059 | lr: 0.000213
[2023-03-22 15:07:31] PRINT [03/22 15:07:31 graph]: start epoch 17.
[2023-03-22 15:07:31] PRINT [03/22 15:07:31 graph]: # Epoch 17: train_loss: 0.5010 | lr: 0.000213
[2023-03-22 15:07:31] PRINT [03/22 15:07:31 graph]: start epoch 18.
[2023-03-22 15:07:31] PRINT [03/22 15:07:31 graph]: # Epoch 18: train_loss: 0.4965 | lr: 0.000213
[2023-03-22 15:07:31] PRINT [03/22 15:07:31 graph]: start epoch 19.
[2023-03-22 15:07:31] PRINT [03/22 15:07:31 graph]: # Epoch 19: train_loss: 0.4928 | lr: 0.000213
[2023-03-22 15:07:31] PRINT [03/22 15:07:31 graph]: start epoch 20.
[2023-03-22 15:07:31] PRINT [03/22 15:07:31 graph]: # Epoch 20: train_loss: 0.4890 | lr: 0.000213
[2023-03-22 15:07:31] PRINT [03/22 15:07:31 graph]: start epoch 21.
[2023-03-22 15:07:31] PRINT [03/22 15:07:31 graph]: # Epoch 21: train_loss: 0.4855 | lr: 0.000213
[2023-03-22 15:07:31] PRINT [03/22 15:07:31 graph]: start epoch 22.
[2023-03-22 15:07:32] PRINT [03/22 15:07:32 graph]: # Epoch 22: train_loss: 0.4828 | lr: 0.000213
[2023-03-22 15:07:32] PRINT [03/22 15:07:32 graph]: start epoch 23.
[2023-03-22 15:07:32] PRINT [03/22 15:07:32 graph]: # Epoch 23: train_loss: 0.4800 | lr: 0.000213
[2023-03-22 15:07:32] PRINT [03/22 15:07:32 graph]: start epoch 24.
[2023-03-22 15:07:32] PRINT [03/22 15:07:32 graph]: # Epoch 24: train_loss: 0.4774 | lr: 0.000213
[2023-03-22 15:07:32] PRINT [03/22 15:07:32 graph]: start epoch 25.
[2023-03-22 15:07:32] PRINT [03/22 15:07:32 graph]: # Epoch 25: train_loss: 0.4747 | lr: 0.000213
[2023-03-22 15:07:32] PRINT [03/22 15:07:32 graph]: start epoch 26.
[2023-03-22 15:07:32] PRINT [03/22 15:07:32 graph]: # Epoch 26: train_loss: 0.4720 | lr: 0.000213
[2023-03-22 15:07:32] PRINT [03/22 15:07:32 graph]: start epoch 27.
[2023-03-22 15:07:32] PRINT [03/22 15:07:32 graph]: # Epoch 27: train_loss: 0.4697 | lr: 0.000213
[2023-03-22 15:07:32] PRINT [03/22 15:07:32 graph]: start epoch 28.
[2023-03-22 15:07:32] PRINT [03/22 15:07:32 graph]: # Epoch 28: train_loss: 0.4672 | lr: 0.000213
[2023-03-22 15:07:32] PRINT [03/22 15:07:32 graph]: start epoch 29.
[2023-03-22 15:07:32] PRINT [03/22 15:07:32 graph]: # Epoch 29: train_loss: 0.4650 | lr: 0.000213
[2023-03-22 15:07:32] PRINT [03/22 15:07:32 graph]: start epoch 30.
[2023-03-22 15:07:32] PRINT [03/22 15:07:32 graph]: # Epoch 30: train_loss: 0.4628 | lr: 0.000213
[2023-03-22 15:07:32] PRINT [03/22 15:07:32 graph]: start epoch 31.
[2023-03-22 15:07:32] PRINT [03/22 15:07:32 graph]: # Epoch 31: train_loss: 0.4610 | lr: 0.000213
[2023-03-22 15:07:32] PRINT [03/22 15:07:32 graph]: start epoch 32.
[2023-03-22 15:07:32] PRINT [03/22 15:07:32 graph]: # Epoch 32: train_loss: 0.4589 | lr: 0.000213
[2023-03-22 15:07:32] PRINT [03/22 15:07:32 graph]: start epoch 33.
[2023-03-22 15:07:32] PRINT [03/22 15:07:32 graph]: # Epoch 33: train_loss: 0.4570 | lr: 0.000213
[2023-03-22 15:07:32] PRINT [03/22 15:07:32 graph]: start epoch 34.
[2023-03-22 15:07:32] PRINT [03/22 15:07:32 graph]: # Epoch 34: train_loss: 0.4553 | lr: 0.000213
[2023-03-22 15:07:32] PRINT [03/22 15:07:32 graph]: start epoch 35.
[2023-03-22 15:07:33] PRINT [03/22 15:07:33 graph]: # Epoch 35: train_loss: 0.4537 | lr: 0.000213
[2023-03-22 15:07:33] PRINT [03/22 15:07:33 graph]: start epoch 36.
[2023-03-22 15:07:33] PRINT [03/22 15:07:33 graph]: # Epoch 36: train_loss: 0.4518 | lr: 0.000213
[2023-03-22 15:07:33] PRINT [03/22 15:07:33 graph]: start epoch 37.
[2023-03-22 15:07:33] PRINT [03/22 15:07:33 graph]: # Epoch 37: train_loss: 0.4521 | lr: 0.000213
[2023-03-22 15:07:33] PRINT [03/22 15:07:33 graph]: start epoch 38.
[2023-03-22 15:07:33] PRINT [03/22 15:07:33 graph]: # Epoch 38: train_loss: 0.4551 | lr: 0.000213
[2023-03-22 15:07:33] PRINT [03/22 15:07:33 graph]: start epoch 39.
[2023-03-22 15:07:33] PRINT [03/22 15:07:33 graph]: # Epoch 39: train_loss: 0.4502 | lr: 0.000213
[2023-03-22 15:07:33] PRINT [03/22 15:07:33 graph]: start epoch 40.
[2023-03-22 15:07:33] PRINT [03/22 15:07:33 graph]: # Epoch 40: train_loss: 0.4520 | lr: 0.000213
[2023-03-22 15:07:33] PRINT [03/22 15:07:33 graph]: start epoch 41.
[2023-03-22 15:07:33] PRINT [03/22 15:07:33 graph]: # Epoch 41: train_loss: 0.4460 | lr: 0.000213
[2023-03-22 15:07:33] PRINT [03/22 15:07:33 graph]: start epoch 42.
[2023-03-22 15:07:33] PRINT [03/22 15:07:33 graph]: # Epoch 42: train_loss: 0.4470 | lr: 0.000213
[2023-03-22 15:07:33] PRINT [03/22 15:07:33 graph]: start epoch 43.
[2023-03-22 15:07:33] PRINT [03/22 15:07:33 graph]: # Epoch 43: train_loss: 0.4438 | lr: 0.000213
[2023-03-22 15:07:33] PRINT [03/22 15:07:33 graph]: start epoch 44.
[2023-03-22 15:07:33] PRINT [03/22 15:07:33 graph]: # Epoch 44: train_loss: 0.4436 | lr: 0.000213
[2023-03-22 15:07:33] PRINT [03/22 15:07:33 graph]: start epoch 45.
[2023-03-22 15:07:33] PRINT [03/22 15:07:33 graph]: # Epoch 45: train_loss: 0.4412 | lr: 0.000213
[2023-03-22 15:07:33] PRINT [03/22 15:07:33 graph]: start epoch 46.
[2023-03-22 15:07:33] PRINT [03/22 15:07:33 graph]: # Epoch 46: train_loss: 0.4404 | lr: 0.000213
[2023-03-22 15:07:33] PRINT [03/22 15:07:33 graph]: start epoch 47.
[2023-03-22 15:07:33] PRINT [03/22 15:07:33 graph]: # Epoch 47: train_loss: 0.4399 | lr: 0.000213
[2023-03-22 15:07:33] PRINT [03/22 15:07:33 graph]: start epoch 48.
[2023-03-22 15:07:34] PRINT [03/22 15:07:34 graph]: # Epoch 48: train_loss: 0.4374 | lr: 0.000213
[2023-03-22 15:07:34] PRINT [03/22 15:07:34 graph]: start epoch 49.
[2023-03-22 15:07:34] PRINT [03/22 15:07:34 graph]: # Epoch 49: train_loss: 0.4379 | lr: 0.000213
[2023-03-22 15:07:34] PRINT [03/22 15:07:34 graph]: start epoch 50.
[2023-03-22 15:07:34] PRINT [03/22 15:07:34 graph]: # Epoch 50: train_loss: 0.4360 | lr: 0.000213
[2023-03-22 15:07:34] PRINT [03/22 15:07:34 graph]: start epoch 51.
[2023-03-22 15:07:34] PRINT [03/22 15:07:34 graph]: # Epoch 51: train_loss: 0.4356 | lr: 0.000213
[2023-03-22 15:07:41] PRINT [03/22 15:07:41 graph]: --- Testf1: 0.89247, Best Valacc: 0.88945 in epoch 374 --- 
[2023-03-22 15:07:41] PRINT [03/22 15:07:41 graph]: Epoch 51: get test acc score:  0.89247
[2023-03-22 15:07:41] PRINT [03/22 15:07:41 graph]: best_f1 0.89247 at epoch 51
[2023-03-22 15:07:41] PRINT [03/22 15:07:41 graph]: start epoch 52.
[2023-03-22 15:07:41] PRINT [03/22 15:07:41 graph]: # Epoch 52: train_loss: 0.4345 | lr: 0.000213
[2023-03-22 15:07:48] PRINT [03/22 15:07:48 graph]: --- Testf1: 0.89375, Best Valacc: 0.88582 in epoch 467 --- 
[2023-03-22 15:07:48] PRINT [03/22 15:07:48 graph]: Epoch 52: get test acc score:  0.89375
[2023-03-22 15:07:48] PRINT [03/22 15:07:48 graph]: best_f1 0.89375 at epoch 52
[2023-03-22 15:07:48] PRINT [03/22 15:07:48 graph]: start epoch 53.
[2023-03-22 15:07:48] PRINT [03/22 15:07:48 graph]: # Epoch 53: train_loss: 0.4331 | lr: 0.000213
[2023-03-22 15:07:55] PRINT [03/22 15:07:55 graph]: --- Testf1: 0.89520, Best Valacc: 0.88945 in epoch 305 --- 
[2023-03-22 15:07:56] PRINT [03/22 15:07:56 graph]: Epoch 53: get test acc score:  0.89520
[2023-03-22 15:07:56] PRINT [03/22 15:07:56 graph]: best_f1 0.8952 at epoch 53
[2023-03-22 15:07:56] PRINT [03/22 15:07:56 graph]: start epoch 54.
[2023-03-22 15:07:56] PRINT [03/22 15:07:56 graph]: # Epoch 54: train_loss: 0.4329 | lr: 0.000213
[2023-03-22 15:08:03] PRINT [03/22 15:08:03 graph]: --- Testf1: 0.89756, Best Valacc: 0.89018 in epoch 461 --- 
[2023-03-22 15:08:03] PRINT [03/22 15:08:03 graph]: Epoch 54: get test acc score:  0.89756
[2023-03-22 15:08:03] PRINT [03/22 15:08:03 graph]: best_f1 0.89756 at epoch 54
[2023-03-22 15:08:03] PRINT [03/22 15:08:03 graph]: start epoch 55.
[2023-03-22 15:08:03] PRINT [03/22 15:08:03 graph]: # Epoch 55: train_loss: 0.4312 | lr: 0.000213
[2023-03-22 15:08:10] PRINT [03/22 15:08:10 graph]: --- Testf1: 0.89438, Best Valacc: 0.89018 in epoch 408 --- 
[2023-03-22 15:08:10] PRINT [03/22 15:08:10 graph]: Epoch 55: get test acc score:  0.89438
[2023-03-22 15:08:10] PRINT [03/22 15:08:10 graph]: best_f1 0.89756 at epoch 54
[2023-03-22 15:08:10] PRINT [03/22 15:08:10 graph]: start epoch 56.
[2023-03-22 15:08:10] PRINT [03/22 15:08:10 graph]: # Epoch 56: train_loss: 0.4315 | lr: 0.000213
[2023-03-22 15:08:17] PRINT [03/22 15:08:17 graph]: --- Testf1: 0.89029, Best Valacc: 0.88800 in epoch 277 --- 
[2023-03-22 15:08:17] PRINT [03/22 15:08:17 graph]: Epoch 56: get test acc score:  0.89029
[2023-03-22 15:08:17] PRINT [03/22 15:08:17 graph]: best_f1 0.89756 at epoch 54
[2023-03-22 15:08:17] PRINT [03/22 15:08:17 graph]: start epoch 57.
[2023-03-22 15:08:18] PRINT [03/22 15:08:18 graph]: # Epoch 57: train_loss: 0.4292 | lr: 0.000213
[2023-03-22 15:08:24] PRINT [03/22 15:08:24 graph]: --- Testf1: 0.89402, Best Valacc: 0.88873 in epoch 347 --- 
[2023-03-22 15:08:25] PRINT [03/22 15:08:25 graph]: Epoch 57: get test acc score:  0.89402
[2023-03-22 15:08:25] PRINT [03/22 15:08:25 graph]: best_f1 0.89756 at epoch 54
[2023-03-22 15:08:25] PRINT [03/22 15:08:25 graph]: start epoch 58.
[2023-03-22 15:08:25] PRINT [03/22 15:08:25 graph]: # Epoch 58: train_loss: 0.4295 | lr: 0.000213
[2023-03-22 15:08:32] PRINT [03/22 15:08:32 graph]: --- Testf1: 0.89793, Best Valacc: 0.88873 in epoch 383 --- 
[2023-03-22 15:08:32] PRINT [03/22 15:08:32 graph]: Epoch 58: get test acc score:  0.89793
[2023-03-22 15:08:32] PRINT [03/22 15:08:32 graph]: best_f1 0.89793 at epoch 58
[2023-03-22 15:08:32] PRINT [03/22 15:08:32 graph]: start epoch 59.
[2023-03-22 15:08:32] PRINT [03/22 15:08:32 graph]: # Epoch 59: train_loss: 0.4280 | lr: 0.000213
[2023-03-22 15:08:39] PRINT [03/22 15:08:39 graph]: --- Testf1: 0.89929, Best Valacc: 0.89091 in epoch 446 --- 
[2023-03-22 15:08:39] PRINT [03/22 15:08:39 graph]: Epoch 59: get test acc score:  0.89929
[2023-03-22 15:08:39] PRINT [03/22 15:08:39 graph]: best_f1 0.89929 at epoch 59
[2023-03-22 15:08:39] PRINT [03/22 15:08:39 graph]: start epoch 60.
[2023-03-22 15:08:39] PRINT [03/22 15:08:39 graph]: # Epoch 60: train_loss: 0.4278 | lr: 0.000213
[2023-03-22 15:08:46] PRINT [03/22 15:08:46 graph]: --- Testf1: 0.89275, Best Valacc: 0.88800 in epoch 459 --- 
[2023-03-22 15:08:47] PRINT [03/22 15:08:47 graph]: Epoch 60: get test acc score:  0.89275
[2023-03-22 15:08:47] PRINT [03/22 15:08:47 graph]: best_f1 0.89929 at epoch 59
[2023-03-22 15:08:47] PRINT [03/22 15:08:47 graph]: start epoch 61.
[2023-03-22 15:08:47] PRINT [03/22 15:08:47 graph]: # Epoch 61: train_loss: 0.4266 | lr: 0.000213
[2023-03-22 15:08:54] PRINT [03/22 15:08:54 graph]: --- Testf1: 0.89884, Best Valacc: 0.89164 in epoch 360 --- 
[2023-03-22 15:08:54] PRINT [03/22 15:08:54 graph]: Epoch 61: get test acc score:  0.89884
[2023-03-22 15:08:54] PRINT [03/22 15:08:54 graph]: best_f1 0.89929 at epoch 59
[2023-03-22 15:08:54] PRINT [03/22 15:08:54 graph]: start epoch 62.
[2023-03-22 15:08:54] PRINT [03/22 15:08:54 graph]: # Epoch 62: train_loss: 0.4260 | lr: 0.000213
[2023-03-22 15:09:01] PRINT [03/22 15:09:01 graph]: --- Testf1: 0.89484, Best Valacc: 0.89018 in epoch 375 --- 
[2023-03-22 15:09:01] PRINT [03/22 15:09:01 graph]: Epoch 62: get test acc score:  0.89484
[2023-03-22 15:09:01] PRINT [03/22 15:09:01 graph]: best_f1 0.89929 at epoch 59
[2023-03-22 15:09:01] PRINT [03/22 15:09:01 graph]: start epoch 63.
[2023-03-22 15:09:01] PRINT [03/22 15:09:01 graph]: # Epoch 63: train_loss: 0.4249 | lr: 0.000213
[2023-03-22 15:09:08] PRINT [03/22 15:09:08 graph]: --- Testf1: 0.89765, Best Valacc: 0.88945 in epoch 406 --- 
[2023-03-22 15:09:09] PRINT [03/22 15:09:09 graph]: Epoch 63: get test acc score:  0.89765
[2023-03-22 15:09:09] PRINT [03/22 15:09:09 graph]: best_f1 0.89929 at epoch 59
[2023-03-22 15:09:09] PRINT [03/22 15:09:09 graph]: start epoch 64.
[2023-03-22 15:09:09] PRINT [03/22 15:09:09 graph]: # Epoch 64: train_loss: 0.4240 | lr: 0.000213
[2023-03-22 15:09:16] PRINT [03/22 15:09:16 graph]: --- Testf1: 0.89556, Best Valacc: 0.89018 in epoch 235 --- 
[2023-03-22 15:09:16] PRINT [03/22 15:09:16 graph]: Epoch 64: get test acc score:  0.89556
[2023-03-22 15:09:16] PRINT [03/22 15:09:16 graph]: best_f1 0.89929 at epoch 59
[2023-03-22 15:09:16] PRINT [03/22 15:09:16 graph]: start epoch 65.
[2023-03-22 15:09:16] PRINT [03/22 15:09:16 graph]: # Epoch 65: train_loss: 0.4235 | lr: 0.000213
[2023-03-22 15:09:23] PRINT [03/22 15:09:23 graph]: --- Testf1: 0.89784, Best Valacc: 0.88945 in epoch 172 --- 
[2023-03-22 15:09:23] PRINT [03/22 15:09:23 graph]: Epoch 65: get test acc score:  0.89784
[2023-03-22 15:09:23] PRINT [03/22 15:09:23 graph]: best_f1 0.89929 at epoch 59
[2023-03-22 15:09:23] PRINT [03/22 15:09:23 graph]: start epoch 66.
[2023-03-22 15:09:23] PRINT [03/22 15:09:23 graph]: # Epoch 66: train_loss: 0.4226 | lr: 0.000213
[2023-03-22 15:09:30] PRINT [03/22 15:09:30 graph]: --- Testf1: 0.89629, Best Valacc: 0.88727 in epoch 483 --- 
[2023-03-22 15:09:30] PRINT [03/22 15:09:30 graph]: Epoch 66: get test acc score:  0.89629
[2023-03-22 15:09:30] PRINT [03/22 15:09:30 graph]: best_f1 0.89929 at epoch 59
[2023-03-22 15:09:30] PRINT [03/22 15:09:30 graph]: start epoch 67.
[2023-03-22 15:09:31] PRINT [03/22 15:09:31 graph]: # Epoch 67: train_loss: 0.4219 | lr: 0.000213
[2023-03-22 15:09:38] PRINT [03/22 15:09:38 graph]: --- Testf1: 0.89911, Best Valacc: 0.89309 in epoch 263 --- 
[2023-03-22 15:09:38] PRINT [03/22 15:09:38 graph]: Epoch 67: get test acc score:  0.89911
[2023-03-22 15:09:38] PRINT [03/22 15:09:38 graph]: best_f1 0.89929 at epoch 59
[2023-03-22 15:09:38] PRINT [03/22 15:09:38 graph]: start epoch 68.
[2023-03-22 15:09:38] PRINT [03/22 15:09:38 graph]: # Epoch 68: train_loss: 0.4213 | lr: 0.000213
[2023-03-22 15:09:45] PRINT [03/22 15:09:45 graph]: --- Testf1: 0.89965, Best Valacc: 0.89673 in epoch 125 --- 
[2023-03-22 15:09:45] PRINT [03/22 15:09:45 graph]: Epoch 68: get test acc score:  0.89965
[2023-03-22 15:09:45] PRINT [03/22 15:09:45 graph]: best_f1 0.89965 at epoch 68
[2023-03-22 15:09:45] PRINT [03/22 15:09:45 graph]: start epoch 69.
[2023-03-22 15:09:45] PRINT [03/22 15:09:45 graph]: # Epoch 69: train_loss: 0.4210 | lr: 0.000213
[2023-03-22 15:09:52] PRINT [03/22 15:09:52 graph]: --- Testf1: 0.89647, Best Valacc: 0.89455 in epoch 407 --- 
[2023-03-22 15:09:53] PRINT [03/22 15:09:53 graph]: Epoch 69: get test acc score:  0.89647
[2023-03-22 15:09:53] PRINT [03/22 15:09:53 graph]: best_f1 0.89965 at epoch 68
[2023-03-22 15:09:53] PRINT [03/22 15:09:53 graph]: start epoch 70.
[2023-03-22 15:09:53] PRINT [03/22 15:09:53 graph]: # Epoch 70: train_loss: 0.4204 | lr: 0.000213
[2023-03-22 15:10:00] PRINT [03/22 15:10:00 graph]: --- Testf1: 0.89593, Best Valacc: 0.89164 in epoch 268 --- 
[2023-03-22 15:10:00] PRINT [03/22 15:10:00 graph]: Epoch 70: get test acc score:  0.89593
[2023-03-22 15:10:00] PRINT [03/22 15:10:00 graph]: best_f1 0.89965 at epoch 68
[2023-03-22 15:10:00] PRINT [03/22 15:10:00 graph]: start epoch 71.
[2023-03-22 15:10:00] PRINT [03/22 15:10:00 graph]: # Epoch 71: train_loss: 0.4196 | lr: 0.000213
[2023-03-22 15:10:07] PRINT [03/22 15:10:07 graph]: --- Testf1: 0.89693, Best Valacc: 0.89236 in epoch 126 --- 
[2023-03-22 15:10:08] PRINT [03/22 15:10:08 graph]: Epoch 71: get test acc score:  0.89693
[2023-03-22 15:10:08] PRINT [03/22 15:10:08 graph]: best_f1 0.89965 at epoch 68
[2023-03-22 15:10:08] PRINT [03/22 15:10:08 graph]: start epoch 72.
[2023-03-22 15:10:08] PRINT [03/22 15:10:08 graph]: # Epoch 72: train_loss: 0.4188 | lr: 0.000213
[2023-03-22 15:10:15] PRINT [03/22 15:10:15 graph]: --- Testf1: 0.89556, Best Valacc: 0.89091 in epoch 411 --- 
[2023-03-22 15:10:15] PRINT [03/22 15:10:15 graph]: Epoch 72: get test acc score:  0.89556
[2023-03-22 15:10:15] PRINT [03/22 15:10:15 graph]: best_f1 0.89965 at epoch 68
[2023-03-22 15:10:15] PRINT [03/22 15:10:15 graph]: start epoch 73.
[2023-03-22 15:10:15] PRINT [03/22 15:10:15 graph]: # Epoch 73: train_loss: 0.4186 | lr: 0.000213
[2023-03-22 15:10:23] PRINT [03/22 15:10:23 graph]: --- Testf1: 0.89811, Best Valacc: 0.89527 in epoch 200 --- 
[2023-03-22 15:10:23] PRINT [03/22 15:10:23 graph]: Epoch 73: get test acc score:  0.89811
[2023-03-22 15:10:23] PRINT [03/22 15:10:23 graph]: best_f1 0.89965 at epoch 68
[2023-03-22 15:10:23] PRINT [03/22 15:10:23 graph]: start epoch 74.
[2023-03-22 15:10:23] PRINT [03/22 15:10:23 graph]: # Epoch 74: train_loss: 0.4175 | lr: 0.000213
[2023-03-22 15:10:30] PRINT [03/22 15:10:30 graph]: --- Testf1: 0.89847, Best Valacc: 0.89236 in epoch 380 --- 
[2023-03-22 15:10:31] PRINT [03/22 15:10:31 graph]: Epoch 74: get test acc score:  0.89847
[2023-03-22 15:10:31] PRINT [03/22 15:10:31 graph]: best_f1 0.89965 at epoch 68
[2023-03-22 15:10:31] PRINT [03/22 15:10:31 graph]: start epoch 75.
[2023-03-22 15:10:31] PRINT [03/22 15:10:31 graph]: # Epoch 75: train_loss: 0.4172 | lr: 0.000213
[2023-03-22 15:10:38] PRINT [03/22 15:10:38 graph]: --- Testf1: 0.89693, Best Valacc: 0.89236 in epoch 488 --- 
[2023-03-22 15:10:38] PRINT [03/22 15:10:38 graph]: Epoch 75: get test acc score:  0.89693
[2023-03-22 15:10:38] PRINT [03/22 15:10:38 graph]: best_f1 0.89965 at epoch 68
[2023-03-22 15:10:38] PRINT [03/22 15:10:38 graph]: start epoch 76.
[2023-03-22 15:10:38] PRINT [03/22 15:10:38 graph]: # Epoch 76: train_loss: 0.4168 | lr: 0.000213
[2023-03-22 15:10:45] PRINT [03/22 15:10:45 graph]: --- Testf1: 0.89656, Best Valacc: 0.89309 in epoch 426 --- 
[2023-03-22 15:10:46] PRINT [03/22 15:10:46 graph]: Epoch 76: get test acc score:  0.89656
[2023-03-22 15:10:46] PRINT [03/22 15:10:46 graph]: best_f1 0.89965 at epoch 68
[2023-03-22 15:10:46] PRINT [03/22 15:10:46 graph]: start epoch 77.
[2023-03-22 15:10:46] PRINT [03/22 15:10:46 graph]: # Epoch 77: train_loss: 0.4159 | lr: 0.000213
[2023-03-22 15:10:53] PRINT [03/22 15:10:53 graph]: --- Testf1: 0.89547, Best Valacc: 0.89018 in epoch 272 --- 
[2023-03-22 15:10:53] PRINT [03/22 15:10:53 graph]: Epoch 77: get test acc score:  0.89547
[2023-03-22 15:10:53] PRINT [03/22 15:10:53 graph]: best_f1 0.89965 at epoch 68
[2023-03-22 15:10:53] PRINT [03/22 15:10:53 graph]: start epoch 78.
[2023-03-22 15:10:53] PRINT [03/22 15:10:53 graph]: # Epoch 78: train_loss: 0.4152 | lr: 0.000213
[2023-03-22 15:11:00] PRINT [03/22 15:11:00 graph]: --- Testf1: 0.89720, Best Valacc: 0.89236 in epoch 483 --- 
[2023-03-22 15:11:00] PRINT [03/22 15:11:00 graph]: Epoch 78: get test acc score:  0.89720
[2023-03-22 15:11:00] PRINT [03/22 15:11:00 graph]: best_f1 0.89965 at epoch 68
[2023-03-22 15:11:00] PRINT [03/22 15:11:00 graph]: start epoch 79.
[2023-03-22 15:11:00] PRINT [03/22 15:11:00 graph]: # Epoch 79: train_loss: 0.4145 | lr: 0.000213
[2023-03-22 15:11:07] PRINT [03/22 15:11:07 graph]: --- Testf1: 0.89884, Best Valacc: 0.89455 in epoch 219 --- 
[2023-03-22 15:11:08] PRINT [03/22 15:11:08 graph]: Epoch 79: get test acc score:  0.89884
[2023-03-22 15:11:08] PRINT [03/22 15:11:08 graph]: best_f1 0.89965 at epoch 68
[2023-03-22 15:11:08] PRINT [03/22 15:11:08 graph]: start epoch 80.
[2023-03-22 15:11:08] PRINT [03/22 15:11:08 graph]: # Epoch 80: train_loss: 0.4147 | lr: 0.000213
[2023-03-22 15:11:15] PRINT [03/22 15:11:15 graph]: --- Testf1: 0.89547, Best Valacc: 0.89236 in epoch 109 --- 
[2023-03-22 15:11:15] PRINT [03/22 15:11:15 graph]: Epoch 80: get test acc score:  0.89547
[2023-03-22 15:11:15] PRINT [03/22 15:11:15 graph]: best_f1 0.89965 at epoch 68
[2023-03-22 15:11:15] PRINT [03/22 15:11:15 graph]: start epoch 81.
[2023-03-22 15:11:15] PRINT [03/22 15:11:15 graph]: # Epoch 81: train_loss: 0.4133 | lr: 0.000213
[2023-03-22 15:11:22] PRINT [03/22 15:11:22 graph]: --- Testf1: 0.89584, Best Valacc: 0.89164 in epoch 223 --- 
[2023-03-22 15:11:22] PRINT [03/22 15:11:22 graph]: Epoch 81: get test acc score:  0.89584
[2023-03-22 15:11:22] PRINT [03/22 15:11:22 graph]: best_f1 0.89965 at epoch 68
[2023-03-22 15:11:22] PRINT [03/22 15:11:22 graph]: start epoch 82.
[2023-03-22 15:11:22] PRINT [03/22 15:11:22 graph]: # Epoch 82: train_loss: 0.4131 | lr: 0.000213
[2023-03-22 15:11:29] PRINT [03/22 15:11:29 graph]: --- Testf1: 0.89920, Best Valacc: 0.89382 in epoch 171 --- 
[2023-03-22 15:11:29] PRINT [03/22 15:11:29 graph]: Epoch 82: get test acc score:  0.89920
[2023-03-22 15:11:29] PRINT [03/22 15:11:29 graph]: best_f1 0.89965 at epoch 68
[2023-03-22 15:11:29] PRINT [03/22 15:11:29 graph]: start epoch 83.
[2023-03-22 15:11:30] PRINT [03/22 15:11:30 graph]: # Epoch 83: train_loss: 0.4120 | lr: 0.000213
[2023-03-22 15:11:37] PRINT [03/22 15:11:37 graph]: --- Testf1: 0.89693, Best Valacc: 0.89164 in epoch 295 --- 
[2023-03-22 15:11:37] PRINT [03/22 15:11:37 graph]: Epoch 83: get test acc score:  0.89693
[2023-03-22 15:11:37] PRINT [03/22 15:11:37 graph]: best_f1 0.89965 at epoch 68
[2023-03-22 15:11:37] PRINT [03/22 15:11:37 graph]: start epoch 84.
[2023-03-22 15:11:37] PRINT [03/22 15:11:37 graph]: # Epoch 84: train_loss: 0.4131 | lr: 0.000213
[2023-03-22 15:11:44] PRINT [03/22 15:11:44 graph]: --- Testf1: 0.89693, Best Valacc: 0.89745 in epoch 462 --- 
[2023-03-22 15:11:44] PRINT [03/22 15:11:44 graph]: Epoch 84: get test acc score:  0.89693
[2023-03-22 15:11:44] PRINT [03/22 15:11:44 graph]: best_f1 0.89965 at epoch 68
[2023-03-22 15:11:44] PRINT [03/22 15:11:44 graph]: start epoch 85.
[2023-03-22 15:11:45] PRINT [03/22 15:11:45 graph]: # Epoch 85: train_loss: 0.4119 | lr: 0.000213
[2023-03-22 15:11:50] PRINT [03/22 15:11:50 graph]: --- Testf1: 0.90056, Best Valacc: 0.89164 in epoch 241 --- 
[2023-03-22 15:11:50] PRINT [03/22 15:11:50 graph]: Epoch 85: get test acc score:  0.90056
[2023-03-22 15:11:50] PRINT [03/22 15:11:50 graph]: best_f1 0.90056 at epoch 85
[2023-03-22 15:11:50] PRINT [03/22 15:11:50 graph]: start epoch 86.
[2023-03-22 15:11:50] PRINT [03/22 15:11:50 graph]: # Epoch 86: train_loss: 0.4114 | lr: 0.000213
[2023-03-22 15:11:56] PRINT [03/22 15:11:56 graph]: --- Testf1: 0.89829, Best Valacc: 0.89527 in epoch 349 --- 
[2023-03-22 15:11:56] PRINT [03/22 15:11:56 graph]: Epoch 86: get test acc score:  0.89829
[2023-03-22 15:11:56] PRINT [03/22 15:11:56 graph]: best_f1 0.90056 at epoch 85
[2023-03-22 15:11:56] PRINT [03/22 15:11:56 graph]: start epoch 87.
[2023-03-22 15:11:56] PRINT [03/22 15:11:56 graph]: # Epoch 87: train_loss: 0.4108 | lr: 0.000213
[2023-03-22 15:12:02] PRINT [03/22 15:12:02 graph]: --- Testf1: 0.90138, Best Valacc: 0.89236 in epoch 418 --- 
[2023-03-22 15:12:02] PRINT [03/22 15:12:02 graph]: Epoch 87: get test acc score:  0.90138
[2023-03-22 15:12:02] PRINT [03/22 15:12:02 graph]: best_f1 0.90138 at epoch 87
[2023-03-22 15:12:02] PRINT [03/22 15:12:02 graph]: start epoch 88.
[2023-03-22 15:12:02] PRINT [03/22 15:12:02 graph]: # Epoch 88: train_loss: 0.4100 | lr: 0.000213
[2023-03-22 15:12:07] PRINT [03/22 15:12:07 graph]: --- Testf1: 0.90147, Best Valacc: 0.89600 in epoch 223 --- 
[2023-03-22 15:12:08] PRINT [03/22 15:12:08 graph]: Epoch 88: get test acc score:  0.90147
[2023-03-22 15:12:08] PRINT [03/22 15:12:08 graph]: best_f1 0.90147 at epoch 88
[2023-03-22 15:12:08] PRINT [03/22 15:12:08 graph]: start epoch 89.
[2023-03-22 15:12:08] PRINT [03/22 15:12:08 graph]: # Epoch 89: train_loss: 0.4109 | lr: 0.000213
[2023-03-22 15:12:17] PRINT [03/22 15:12:17 graph]: --- Testf1: 0.89993, Best Valacc: 0.89236 in epoch 316 --- 
[2023-03-22 15:12:17] PRINT [03/22 15:12:17 graph]: Epoch 89: get test acc score:  0.89993
[2023-03-22 15:12:17] PRINT [03/22 15:12:17 graph]: best_f1 0.90147 at epoch 88
[2023-03-22 15:12:17] PRINT [03/22 15:12:17 graph]: start epoch 90.
[2023-03-22 15:12:17] PRINT [03/22 15:12:17 graph]: # Epoch 90: train_loss: 0.4092 | lr: 0.000213
[2023-03-22 15:12:24] PRINT [03/22 15:12:24 graph]: --- Testf1: 0.89829, Best Valacc: 0.89455 in epoch 450 --- 
[2023-03-22 15:12:24] PRINT [03/22 15:12:24 graph]: Epoch 90: get test acc score:  0.89829
[2023-03-22 15:12:24] PRINT [03/22 15:12:24 graph]: best_f1 0.90147 at epoch 88
[2023-03-22 15:12:24] PRINT [03/22 15:12:24 graph]: start epoch 91.
[2023-03-22 15:12:24] PRINT [03/22 15:12:24 graph]: # Epoch 91: train_loss: 0.4094 | lr: 0.000213
[2023-03-22 15:12:31] PRINT [03/22 15:12:31 graph]: --- Testf1: 0.89747, Best Valacc: 0.89309 in epoch 444 --- 
[2023-03-22 15:12:32] PRINT [03/22 15:12:32 graph]: Epoch 91: get test acc score:  0.89747
[2023-03-22 15:12:32] PRINT [03/22 15:12:32 graph]: best_f1 0.90147 at epoch 88
[2023-03-22 15:12:32] PRINT [03/22 15:12:32 graph]: start epoch 92.
[2023-03-22 15:12:32] PRINT [03/22 15:12:32 graph]: # Epoch 92: train_loss: 0.4081 | lr: 0.000213
[2023-03-22 15:12:39] PRINT [03/22 15:12:39 graph]: --- Testf1: 0.89293, Best Valacc: 0.89455 in epoch 492 --- 
[2023-03-22 15:12:39] PRINT [03/22 15:12:39 graph]: Epoch 92: get test acc score:  0.89293
[2023-03-22 15:12:39] PRINT [03/22 15:12:39 graph]: best_f1 0.90147 at epoch 88
[2023-03-22 15:12:39] PRINT [03/22 15:12:39 graph]: start epoch 93.
[2023-03-22 15:12:39] PRINT [03/22 15:12:39 graph]: # Epoch 93: train_loss: 0.4083 | lr: 0.000213
[2023-03-22 15:12:45] PRINT [03/22 15:12:45 graph]: --- Testf1: 0.90147, Best Valacc: 0.89309 in epoch 363 --- 
[2023-03-22 15:12:45] PRINT [03/22 15:12:45 graph]: Epoch 93: get test acc score:  0.90147
[2023-03-22 15:12:45] PRINT [03/22 15:12:45 graph]: best_f1 0.90147 at epoch 88
[2023-03-22 15:12:45] PRINT [03/22 15:12:45 graph]: start epoch 94.
[2023-03-22 15:12:45] PRINT [03/22 15:12:45 graph]: # Epoch 94: train_loss: 0.4071 | lr: 0.000213
[2023-03-22 15:12:51] PRINT [03/22 15:12:51 graph]: --- Testf1: 0.90011, Best Valacc: 0.89455 in epoch 269 --- 
[2023-03-22 15:12:51] PRINT [03/22 15:12:51 graph]: Epoch 94: get test acc score:  0.90011
[2023-03-22 15:12:51] PRINT [03/22 15:12:51 graph]: best_f1 0.90147 at epoch 88
[2023-03-22 15:12:51] PRINT [03/22 15:12:51 graph]: start epoch 95.
[2023-03-22 15:12:51] PRINT [03/22 15:12:51 graph]: # Epoch 95: train_loss: 0.4069 | lr: 0.000213
[2023-03-22 15:12:56] PRINT [03/22 15:12:56 graph]: --- Testf1: 0.90147, Best Valacc: 0.89382 in epoch 424 --- 
[2023-03-22 15:12:57] PRINT [03/22 15:12:57 graph]: Epoch 95: get test acc score:  0.90147
[2023-03-22 15:12:57] PRINT [03/22 15:12:57 graph]: best_f1 0.90147 at epoch 88
[2023-03-22 15:12:57] PRINT [03/22 15:12:57 graph]: start epoch 96.
[2023-03-22 15:12:57] PRINT [03/22 15:12:57 graph]: # Epoch 96: train_loss: 0.4057 | lr: 0.000213
[2023-03-22 15:13:02] PRINT [03/22 15:13:02 graph]: --- Testf1: 0.89938, Best Valacc: 0.89745 in epoch 474 --- 
[2023-03-22 15:13:03] PRINT [03/22 15:13:03 graph]: Epoch 96: get test acc score:  0.89938
[2023-03-22 15:13:03] PRINT [03/22 15:13:03 graph]: best_f1 0.90147 at epoch 88
[2023-03-22 15:13:03] PRINT [03/22 15:13:03 graph]: start epoch 97.
[2023-03-22 15:13:03] PRINT [03/22 15:13:03 graph]: # Epoch 97: train_loss: 0.4061 | lr: 0.000213
[2023-03-22 15:13:11] PRINT [03/22 15:13:11 graph]: --- Testf1: 0.90147, Best Valacc: 0.89382 in epoch 276 --- 
[2023-03-22 15:13:12] PRINT [03/22 15:13:12 graph]: Epoch 97: get test acc score:  0.90147
[2023-03-22 15:13:12] PRINT [03/22 15:13:12 graph]: best_f1 0.90147 at epoch 88
[2023-03-22 15:13:12] PRINT [03/22 15:13:12 graph]: start epoch 98.
[2023-03-22 15:13:12] PRINT [03/22 15:13:12 graph]: # Epoch 98: train_loss: 0.4052 | lr: 0.000213
[2023-03-22 15:13:19] PRINT [03/22 15:13:19 graph]: --- Testf1: 0.90120, Best Valacc: 0.89673 in epoch 483 --- 
[2023-03-22 15:13:19] PRINT [03/22 15:13:19 graph]: Epoch 98: get test acc score:  0.90120
[2023-03-22 15:13:19] PRINT [03/22 15:13:19 graph]: best_f1 0.90147 at epoch 88
[2023-03-22 15:13:19] PRINT [03/22 15:13:19 graph]: start epoch 99.
[2023-03-22 15:13:19] PRINT [03/22 15:13:19 graph]: # Epoch 99: train_loss: 0.4051 | lr: 0.000213
[2023-03-22 15:13:26] PRINT [03/22 15:13:26 graph]: --- Testf1: 0.90284, Best Valacc: 0.89527 in epoch 425 --- 
[2023-03-22 15:13:26] PRINT [03/22 15:13:26 graph]: Epoch 99: get test acc score:  0.90284
[2023-03-22 15:13:26] PRINT [03/22 15:13:26 graph]: best_f1 0.90284 at epoch 99
[2023-03-22 15:13:26] PRINT [03/22 15:13:26 graph]: # final_acc: 0.90284±0.00000
