[2023-03-21 20:09:01] PRINT ---new cfg------
[2023-03-21 20:09:01] PRINT {'DATA': {'data_name': 'photo'}, 'DATALOADER': {'NUM_WORKERS': 0}, 'MODEL': {'num_hidden': 1024, 'num_layers': 2, 'nhead': 4, 'activation': 'prelu', 'attn_drop': 0.1, 'feat_drop': 0.30000000000000004, 'norm': 'batchnorm', 'pooler': 'mean', 'beta_schedule': 'sigmoid', 'beta_1': 0.00010168688980720939, 'beta_T': 0.04018537017593713, 'T': 202}, 'SOLVER': {'optim_type': 'adam', 'optim_type_f': 'adamw', 'alpha': 1, 'decay': 30, 'LR': 0.0004957187681889124, 'LR_f': 0.00036317063980394437, 'weight_decay': 0, 'weight_decay_f': 1.981930839156124e-06, 'MAX_EPOCH': 150, 'max_epoch_f': 100}, 'DEVICE': 'cuda', 'seeds': [0], 'eval_T': [50, 100, 200], 'output_dir': '/ddm-nni/AmazonCoBuyPhotoDataset/log', 'checkpoint_dir': '/ddm-nni/AmazonCoBuyPhotoDataset/log/checkpoint'}
[2023-03-21 20:09:01] PRINT [03/21 20:09:01 graph]: Rank of current process: 0. World size: 1
[2023-03-21 20:09:05] PRINT [03/21 20:09:05 graph]: Environment info:
[2023-03-21 20:09:05] PRINT PyTorch version: 1.10.0+cu113
[2023-03-21 20:09:05] PRINT Is debug build: False
[2023-03-21 20:09:05] PRINT CUDA used to build PyTorch: 11.3
[2023-03-21 20:09:05] PRINT ROCM used to build PyTorch: N/A
[2023-03-21 20:09:05] PRINT 
[2023-03-21 20:09:05] PRINT OS: Ubuntu 20.04.3 LTS (x86_64)
[2023-03-21 20:09:05] PRINT GCC version: (Ubuntu 9.3.0-17ubuntu1~20.04) 9.3.0
[2023-03-21 20:09:05] PRINT Clang version: Could not collect
[2023-03-21 20:09:05] PRINT CMake version: version 3.16.3
[2023-03-21 20:09:05] PRINT Libc version: glibc-2.31
[2023-03-21 20:09:05] PRINT 
[2023-03-21 20:09:05] PRINT Python version: 3.8.10 (default, Jun  4 2021, 15:09:15)  [GCC 7.5.0] (64-bit runtime)
[2023-03-21 20:09:05] PRINT Python platform: Linux-5.4.0-90-generic-x86_64-with-glibc2.17
[2023-03-21 20:09:05] PRINT Is CUDA available: True
[2023-03-21 20:09:05] PRINT CUDA runtime version: 11.3.109
[2023-03-21 20:09:05] PRINT GPU models and configuration: GPU 0: NVIDIA GeForce RTX 3090
[2023-03-21 20:09:05] PRINT Nvidia driver version: 495.44
[2023-03-21 20:09:05] PRINT cuDNN version: Probably one of the following:
[2023-03-21 20:09:05] PRINT /usr/lib/x86_64-linux-gnu/libcudnn.so.8.2.0
[2023-03-21 20:09:05] PRINT /usr/lib/x86_64-linux-gnu/libcudnn_adv_infer.so.8.2.0
[2023-03-21 20:09:05] PRINT /usr/lib/x86_64-linux-gnu/libcudnn_adv_train.so.8.2.0
[2023-03-21 20:09:05] PRINT /usr/lib/x86_64-linux-gnu/libcudnn_cnn_infer.so.8.2.0
[2023-03-21 20:09:05] PRINT /usr/lib/x86_64-linux-gnu/libcudnn_cnn_train.so.8.2.0
[2023-03-21 20:09:05] PRINT /usr/lib/x86_64-linux-gnu/libcudnn_ops_infer.so.8.2.0
[2023-03-21 20:09:05] PRINT /usr/lib/x86_64-linux-gnu/libcudnn_ops_train.so.8.2.0
[2023-03-21 20:09:05] PRINT HIP runtime version: N/A
[2023-03-21 20:09:05] PRINT MIOpen runtime version: N/A
[2023-03-21 20:09:05] PRINT 
[2023-03-21 20:09:05] PRINT Versions of relevant libraries:
[2023-03-21 20:09:05] PRINT [pip3] numpy==1.23.5
[2023-03-21 20:09:05] PRINT [pip3] torch==1.10.0+cu113
[2023-03-21 20:09:05] PRINT [pip3] torchvision==0.11.1+cu113
[2023-03-21 20:09:05] PRINT [conda] blas                      1.0                         mkl    https://mirrors.ustc.edu.cn/anaconda/pkgs/main
[2023-03-21 20:09:05] PRINT [conda] mkl                       2021.4.0           h06a4308_640    https://mirrors.ustc.edu.cn/anaconda/pkgs/main
[2023-03-21 20:09:05] PRINT [conda] mkl-service               2.4.0            py38h7f8727e_0    https://mirrors.ustc.edu.cn/anaconda/pkgs/main
[2023-03-21 20:09:05] PRINT [conda] mkl_fft                   1.3.1            py38hd3c417c_0    https://mirrors.ustc.edu.cn/anaconda/pkgs/main
[2023-03-21 20:09:05] PRINT [conda] mkl_random                1.2.2            py38h51133e4_0    https://mirrors.ustc.edu.cn/anaconda/pkgs/main
[2023-03-21 20:09:05] PRINT [conda] numpy                     1.21.4                   pypi_0    pypi
[2023-03-21 20:09:05] PRINT [conda] numpy-base                1.23.5           py38h31eccc5_0    https://mirrors.ustc.edu.cn/anaconda/pkgs/main
[2023-03-21 20:09:05] PRINT [conda] torch                     1.10.0+cu113             pypi_0    pypi
[2023-03-21 20:09:05] PRINT [conda] torchvision               0.11.1+cu113             pypi_0    pypi
[2023-03-21 20:09:05] PRINT         Pillow (8.4.0)
[2023-03-21 20:09:05] PRINT [03/21 20:09:05 graph]: Command line arguments: Namespace(local_rank=0, resume=False, seed=1234, start_epoch=0)
[2023-03-21 20:09:05] PRINT [03/21 20:09:05 graph]: Run 0th for seed 0
[2023-03-21 20:09:05] PRINT [03/21 20:09:05 graph]: Total trainable params num : 23069103
[2023-03-21 20:09:12] PRINT [03/21 20:09:12 graph]: ----------Start Training----------
[2023-03-21 20:09:12] PRINT [03/21 20:09:12 graph]: start epoch 0.
[2023-03-21 20:09:13] PRINT [03/21 20:09:13 graph]: # Epoch 0: train_loss: 0.9890 | lr: 0.000496
[2023-03-21 20:09:13] PRINT [03/21 20:09:13 graph]: start epoch 1.
[2023-03-21 20:09:13] PRINT [03/21 20:09:13 graph]: # Epoch 1: train_loss: 0.7519 | lr: 0.000496
[2023-03-21 20:09:13] PRINT [03/21 20:09:13 graph]: start epoch 2.
[2023-03-21 20:09:13] PRINT [03/21 20:09:13 graph]: # Epoch 2: train_loss: 0.6410 | lr: 0.000496
[2023-03-21 20:09:13] PRINT [03/21 20:09:13 graph]: start epoch 3.
[2023-03-21 20:09:13] PRINT [03/21 20:09:13 graph]: # Epoch 3: train_loss: 0.6007 | lr: 0.000496
[2023-03-21 20:09:13] PRINT [03/21 20:09:13 graph]: start epoch 4.
[2023-03-21 20:09:13] PRINT [03/21 20:09:13 graph]: # Epoch 4: train_loss: 0.5828 | lr: 0.000496
[2023-03-21 20:09:13] PRINT [03/21 20:09:13 graph]: start epoch 5.
[2023-03-21 20:09:13] PRINT [03/21 20:09:13 graph]: # Epoch 5: train_loss: 0.5717 | lr: 0.000496
[2023-03-21 20:09:13] PRINT [03/21 20:09:13 graph]: start epoch 6.
[2023-03-21 20:09:14] PRINT [03/21 20:09:14 graph]: # Epoch 6: train_loss: 0.5612 | lr: 0.000496
[2023-03-21 20:09:14] PRINT [03/21 20:09:14 graph]: start epoch 7.
[2023-03-21 20:09:14] PRINT [03/21 20:09:14 graph]: # Epoch 7: train_loss: 0.5498 | lr: 0.000496
[2023-03-21 20:09:14] PRINT [03/21 20:09:14 graph]: start epoch 8.
[2023-03-21 20:09:14] PRINT [03/21 20:09:14 graph]: # Epoch 8: train_loss: 0.5387 | lr: 0.000496
[2023-03-21 20:09:14] PRINT [03/21 20:09:14 graph]: start epoch 9.
[2023-03-21 20:09:14] PRINT [03/21 20:09:14 graph]: # Epoch 9: train_loss: 0.5352 | lr: 0.000496
[2023-03-21 20:09:14] PRINT [03/21 20:09:14 graph]: start epoch 10.
[2023-03-21 20:09:14] PRINT [03/21 20:09:14 graph]: # Epoch 10: train_loss: 0.5245 | lr: 0.000496
[2023-03-21 20:09:14] PRINT [03/21 20:09:14 graph]: start epoch 11.
[2023-03-21 20:09:14] PRINT [03/21 20:09:14 graph]: # Epoch 11: train_loss: 0.5215 | lr: 0.000496
[2023-03-21 20:09:14] PRINT [03/21 20:09:14 graph]: start epoch 12.
[2023-03-21 20:09:15] PRINT [03/21 20:09:15 graph]: # Epoch 12: train_loss: 0.5137 | lr: 0.000496
[2023-03-21 20:09:15] PRINT [03/21 20:09:15 graph]: start epoch 13.
[2023-03-21 20:09:15] PRINT [03/21 20:09:15 graph]: # Epoch 13: train_loss: 0.5105 | lr: 0.000496
[2023-03-21 20:09:15] PRINT [03/21 20:09:15 graph]: start epoch 14.
[2023-03-21 20:09:15] PRINT [03/21 20:09:15 graph]: # Epoch 14: train_loss: 0.5044 | lr: 0.000496
[2023-03-21 20:09:15] PRINT [03/21 20:09:15 graph]: start epoch 15.
[2023-03-21 20:09:15] PRINT [03/21 20:09:15 graph]: # Epoch 15: train_loss: 0.5008 | lr: 0.000496
[2023-03-21 20:09:15] PRINT [03/21 20:09:15 graph]: start epoch 16.
[2023-03-21 20:09:15] PRINT [03/21 20:09:15 graph]: # Epoch 16: train_loss: 0.4966 | lr: 0.000496
[2023-03-21 20:09:15] PRINT [03/21 20:09:15 graph]: start epoch 17.
[2023-03-21 20:09:15] PRINT [03/21 20:09:15 graph]: # Epoch 17: train_loss: 0.4939 | lr: 0.000496
[2023-03-21 20:09:15] PRINT [03/21 20:09:15 graph]: start epoch 18.
[2023-03-21 20:09:15] PRINT [03/21 20:09:15 graph]: # Epoch 18: train_loss: 0.4899 | lr: 0.000496
[2023-03-21 20:09:15] PRINT [03/21 20:09:15 graph]: start epoch 19.
[2023-03-21 20:09:15] PRINT [03/21 20:09:15 graph]: # Epoch 19: train_loss: 0.4861 | lr: 0.000496
[2023-03-21 20:09:15] PRINT [03/21 20:09:15 graph]: start epoch 20.
[2023-03-21 20:09:15] PRINT [03/21 20:09:15 graph]: # Epoch 20: train_loss: 0.4871 | lr: 0.000496
[2023-03-21 20:09:15] PRINT [03/21 20:09:15 graph]: start epoch 21.
[2023-03-21 20:09:15] PRINT [03/21 20:09:15 graph]: # Epoch 21: train_loss: 0.4907 | lr: 0.000496
[2023-03-21 20:09:15] PRINT [03/21 20:09:15 graph]: start epoch 22.
[2023-03-21 20:09:16] PRINT [03/21 20:09:16 graph]: # Epoch 22: train_loss: 0.4929 | lr: 0.000496
[2023-03-21 20:09:16] PRINT [03/21 20:09:16 graph]: start epoch 23.
[2023-03-21 20:09:16] PRINT [03/21 20:09:16 graph]: # Epoch 23: train_loss: 0.4852 | lr: 0.000496
[2023-03-21 20:09:16] PRINT [03/21 20:09:16 graph]: start epoch 24.
[2023-03-21 20:09:16] PRINT [03/21 20:09:16 graph]: # Epoch 24: train_loss: 0.4834 | lr: 0.000496
[2023-03-21 20:09:16] PRINT [03/21 20:09:16 graph]: start epoch 25.
[2023-03-21 20:09:16] PRINT [03/21 20:09:16 graph]: # Epoch 25: train_loss: 0.4820 | lr: 0.000496
[2023-03-21 20:09:16] PRINT [03/21 20:09:16 graph]: start epoch 26.
[2023-03-21 20:09:16] PRINT [03/21 20:09:16 graph]: # Epoch 26: train_loss: 0.4772 | lr: 0.000496
[2023-03-21 20:09:16] PRINT [03/21 20:09:16 graph]: start epoch 27.
[2023-03-21 20:09:16] PRINT [03/21 20:09:16 graph]: # Epoch 27: train_loss: 0.4744 | lr: 0.000496
[2023-03-21 20:09:16] PRINT [03/21 20:09:16 graph]: start epoch 28.
[2023-03-21 20:09:16] PRINT [03/21 20:09:16 graph]: # Epoch 28: train_loss: 0.4754 | lr: 0.000496
[2023-03-21 20:09:16] PRINT [03/21 20:09:16 graph]: start epoch 29.
[2023-03-21 20:09:16] PRINT [03/21 20:09:16 graph]: # Epoch 29: train_loss: 0.4730 | lr: 0.000496
[2023-03-21 20:09:16] PRINT [03/21 20:09:16 graph]: start epoch 30.
[2023-03-21 20:09:16] PRINT [03/21 20:09:16 graph]: # Epoch 30: train_loss: 0.4692 | lr: 0.000496
[2023-03-21 20:09:16] PRINT [03/21 20:09:16 graph]: start epoch 31.
[2023-03-21 20:09:16] PRINT [03/21 20:09:16 graph]: # Epoch 31: train_loss: 0.4685 | lr: 0.000496
[2023-03-21 20:09:16] PRINT [03/21 20:09:16 graph]: start epoch 32.
[2023-03-21 20:09:16] PRINT [03/21 20:09:16 graph]: # Epoch 32: train_loss: 0.4659 | lr: 0.000496
[2023-03-21 20:09:16] PRINT [03/21 20:09:16 graph]: start epoch 33.
[2023-03-21 20:09:16] PRINT [03/21 20:09:16 graph]: # Epoch 33: train_loss: 0.4637 | lr: 0.000496
[2023-03-21 20:09:16] PRINT [03/21 20:09:16 graph]: start epoch 34.
[2023-03-21 20:09:17] PRINT [03/21 20:09:17 graph]: # Epoch 34: train_loss: 0.4635 | lr: 0.000496
[2023-03-21 20:09:17] PRINT [03/21 20:09:17 graph]: start epoch 35.
[2023-03-21 20:09:17] PRINT [03/21 20:09:17 graph]: # Epoch 35: train_loss: 0.4623 | lr: 0.000496
[2023-03-21 20:09:17] PRINT [03/21 20:09:17 graph]: start epoch 36.
[2023-03-21 20:09:17] PRINT [03/21 20:09:17 graph]: # Epoch 36: train_loss: 0.4593 | lr: 0.000496
[2023-03-21 20:09:17] PRINT [03/21 20:09:17 graph]: start epoch 37.
[2023-03-21 20:09:17] PRINT [03/21 20:09:17 graph]: # Epoch 37: train_loss: 0.4586 | lr: 0.000496
[2023-03-21 20:09:17] PRINT [03/21 20:09:17 graph]: start epoch 38.
[2023-03-21 20:09:17] PRINT [03/21 20:09:17 graph]: # Epoch 38: train_loss: 0.4577 | lr: 0.000496
[2023-03-21 20:09:17] PRINT [03/21 20:09:17 graph]: start epoch 39.
[2023-03-21 20:09:17] PRINT [03/21 20:09:17 graph]: # Epoch 39: train_loss: 0.4560 | lr: 0.000496
[2023-03-21 20:09:17] PRINT [03/21 20:09:17 graph]: start epoch 40.
[2023-03-21 20:09:17] PRINT [03/21 20:09:17 graph]: # Epoch 40: train_loss: 0.4557 | lr: 0.000496
[2023-03-21 20:09:17] PRINT [03/21 20:09:17 graph]: start epoch 41.
[2023-03-21 20:09:17] PRINT [03/21 20:09:17 graph]: # Epoch 41: train_loss: 0.4552 | lr: 0.000496
[2023-03-21 20:09:17] PRINT [03/21 20:09:17 graph]: start epoch 42.
[2023-03-21 20:09:17] PRINT [03/21 20:09:17 graph]: # Epoch 42: train_loss: 0.4530 | lr: 0.000496
[2023-03-21 20:09:17] PRINT [03/21 20:09:17 graph]: start epoch 43.
[2023-03-21 20:09:17] PRINT [03/21 20:09:17 graph]: # Epoch 43: train_loss: 0.4524 | lr: 0.000496
[2023-03-21 20:09:17] PRINT [03/21 20:09:17 graph]: start epoch 44.
[2023-03-21 20:09:17] PRINT [03/21 20:09:17 graph]: # Epoch 44: train_loss: 0.4518 | lr: 0.000496
[2023-03-21 20:09:17] PRINT [03/21 20:09:17 graph]: start epoch 45.
[2023-03-21 20:09:17] PRINT [03/21 20:09:17 graph]: # Epoch 45: train_loss: 0.4508 | lr: 0.000496
[2023-03-21 20:09:17] PRINT [03/21 20:09:17 graph]: start epoch 46.
[2023-03-21 20:09:17] PRINT [03/21 20:09:17 graph]: # Epoch 46: train_loss: 0.4503 | lr: 0.000496
[2023-03-21 20:09:17] PRINT [03/21 20:09:17 graph]: start epoch 47.
[2023-03-21 20:09:18] PRINT [03/21 20:09:18 graph]: # Epoch 47: train_loss: 0.4494 | lr: 0.000496
[2023-03-21 20:09:18] PRINT [03/21 20:09:18 graph]: start epoch 48.
[2023-03-21 20:09:18] PRINT [03/21 20:09:18 graph]: # Epoch 48: train_loss: 0.4488 | lr: 0.000496
[2023-03-21 20:09:18] PRINT [03/21 20:09:18 graph]: start epoch 49.
[2023-03-21 20:09:18] PRINT [03/21 20:09:18 graph]: # Epoch 49: train_loss: 0.4482 | lr: 0.000496
[2023-03-21 20:09:18] PRINT [03/21 20:09:18 graph]: start epoch 50.
[2023-03-21 20:09:18] PRINT [03/21 20:09:18 graph]: # Epoch 50: train_loss: 0.4474 | lr: 0.000496
[2023-03-21 20:09:18] PRINT [03/21 20:09:18 graph]: start epoch 51.
[2023-03-21 20:09:18] PRINT [03/21 20:09:18 graph]: # Epoch 51: train_loss: 0.4463 | lr: 0.000496
[2023-03-21 20:09:18] PRINT [03/21 20:09:18 graph]: start epoch 52.
[2023-03-21 20:09:18] PRINT [03/21 20:09:18 graph]: # Epoch 52: train_loss: 0.4463 | lr: 0.000496
[2023-03-21 20:09:18] PRINT [03/21 20:09:18 graph]: start epoch 53.
[2023-03-21 20:09:18] PRINT [03/21 20:09:18 graph]: # Epoch 53: train_loss: 0.4456 | lr: 0.000496
[2023-03-21 20:09:18] PRINT [03/21 20:09:18 graph]: start epoch 54.
[2023-03-21 20:09:18] PRINT [03/21 20:09:18 graph]: # Epoch 54: train_loss: 0.4452 | lr: 0.000496
[2023-03-21 20:09:18] PRINT [03/21 20:09:18 graph]: start epoch 55.
[2023-03-21 20:09:18] PRINT [03/21 20:09:18 graph]: # Epoch 55: train_loss: 0.4444 | lr: 0.000496
[2023-03-21 20:09:18] PRINT [03/21 20:09:18 graph]: start epoch 56.
[2023-03-21 20:09:18] PRINT [03/21 20:09:18 graph]: # Epoch 56: train_loss: 0.4440 | lr: 0.000496
[2023-03-21 20:09:18] PRINT [03/21 20:09:18 graph]: start epoch 57.
[2023-03-21 20:09:18] PRINT [03/21 20:09:18 graph]: # Epoch 57: train_loss: 0.4429 | lr: 0.000496
[2023-03-21 20:09:18] PRINT [03/21 20:09:18 graph]: start epoch 58.
[2023-03-21 20:09:18] PRINT [03/21 20:09:18 graph]: # Epoch 58: train_loss: 0.4428 | lr: 0.000496
[2023-03-21 20:09:18] PRINT [03/21 20:09:18 graph]: start epoch 59.
[2023-03-21 20:09:19] PRINT [03/21 20:09:19 graph]: # Epoch 59: train_loss: 0.4423 | lr: 0.000496
[2023-03-21 20:09:19] PRINT [03/21 20:09:19 graph]: start epoch 60.
[2023-03-21 20:09:19] PRINT [03/21 20:09:19 graph]: # Epoch 60: train_loss: 0.4418 | lr: 0.000496
[2023-03-21 20:09:19] PRINT [03/21 20:09:19 graph]: start epoch 61.
[2023-03-21 20:09:19] PRINT [03/21 20:09:19 graph]: # Epoch 61: train_loss: 0.4419 | lr: 0.000496
[2023-03-21 20:09:19] PRINT [03/21 20:09:19 graph]: start epoch 62.
[2023-03-21 20:09:19] PRINT [03/21 20:09:19 graph]: # Epoch 62: train_loss: 0.4402 | lr: 0.000496
[2023-03-21 20:09:19] PRINT [03/21 20:09:19 graph]: start epoch 63.
[2023-03-21 20:09:19] PRINT [03/21 20:09:19 graph]: # Epoch 63: train_loss: 0.4403 | lr: 0.000496
[2023-03-21 20:09:19] PRINT [03/21 20:09:19 graph]: start epoch 64.
[2023-03-21 20:09:19] PRINT [03/21 20:09:19 graph]: # Epoch 64: train_loss: 0.4406 | lr: 0.000496
[2023-03-21 20:09:19] PRINT [03/21 20:09:19 graph]: start epoch 65.
[2023-03-21 20:09:19] PRINT [03/21 20:09:19 graph]: # Epoch 65: train_loss: 0.4399 | lr: 0.000496
[2023-03-21 20:09:19] PRINT [03/21 20:09:19 graph]: start epoch 66.
[2023-03-21 20:09:19] PRINT [03/21 20:09:19 graph]: # Epoch 66: train_loss: 0.4414 | lr: 0.000496
[2023-03-21 20:09:19] PRINT [03/21 20:09:19 graph]: start epoch 67.
[2023-03-21 20:09:19] PRINT [03/21 20:09:19 graph]: # Epoch 67: train_loss: 0.4379 | lr: 0.000496
[2023-03-21 20:09:19] PRINT [03/21 20:09:19 graph]: start epoch 68.
[2023-03-21 20:09:19] PRINT [03/21 20:09:19 graph]: # Epoch 68: train_loss: 0.4399 | lr: 0.000496
[2023-03-21 20:09:19] PRINT [03/21 20:09:19 graph]: start epoch 69.
[2023-03-21 20:09:19] PRINT [03/21 20:09:19 graph]: # Epoch 69: train_loss: 0.4394 | lr: 0.000496
[2023-03-21 20:09:19] PRINT [03/21 20:09:19 graph]: start epoch 70.
[2023-03-21 20:09:19] PRINT [03/21 20:09:19 graph]: # Epoch 70: train_loss: 0.4378 | lr: 0.000496
[2023-03-21 20:09:19] PRINT [03/21 20:09:19 graph]: start epoch 71.
[2023-03-21 20:09:19] PRINT [03/21 20:09:19 graph]: # Epoch 71: train_loss: 0.4378 | lr: 0.000496
[2023-03-21 20:09:19] PRINT [03/21 20:09:19 graph]: start epoch 72.
[2023-03-21 20:09:20] PRINT [03/21 20:09:20 graph]: # Epoch 72: train_loss: 0.4372 | lr: 0.000496
[2023-03-21 20:09:20] PRINT [03/21 20:09:20 graph]: start epoch 73.
[2023-03-21 20:09:20] PRINT [03/21 20:09:20 graph]: # Epoch 73: train_loss: 0.4363 | lr: 0.000496
[2023-03-21 20:09:20] PRINT [03/21 20:09:20 graph]: start epoch 74.
[2023-03-21 20:09:20] PRINT [03/21 20:09:20 graph]: # Epoch 74: train_loss: 0.4357 | lr: 0.000496
[2023-03-21 20:09:20] PRINT [03/21 20:09:20 graph]: start epoch 75.
[2023-03-21 20:09:20] PRINT [03/21 20:09:20 graph]: # Epoch 75: train_loss: 0.4335 | lr: 0.000496
[2023-03-21 20:09:20] PRINT [03/21 20:09:20 graph]: start epoch 76.
[2023-03-21 20:09:20] PRINT [03/21 20:09:20 graph]: # Epoch 76: train_loss: 0.4339 | lr: 0.000496
[2023-03-21 20:09:20] PRINT [03/21 20:09:20 graph]: start epoch 77.
[2023-03-21 20:09:20] PRINT [03/21 20:09:20 graph]: # Epoch 77: train_loss: 0.4324 | lr: 0.000496
[2023-03-21 20:09:20] PRINT [03/21 20:09:20 graph]: start epoch 78.
[2023-03-21 20:09:20] PRINT [03/21 20:09:20 graph]: # Epoch 78: train_loss: 0.4314 | lr: 0.000496
[2023-03-21 20:09:20] PRINT [03/21 20:09:20 graph]: start epoch 79.
[2023-03-21 20:09:20] PRINT [03/21 20:09:20 graph]: # Epoch 79: train_loss: 0.4302 | lr: 0.000496
[2023-03-21 20:09:20] PRINT [03/21 20:09:20 graph]: start epoch 80.
[2023-03-21 20:09:20] PRINT [03/21 20:09:20 graph]: # Epoch 80: train_loss: 0.4296 | lr: 0.000496
[2023-03-21 20:09:20] PRINT [03/21 20:09:20 graph]: start epoch 81.
[2023-03-21 20:09:20] PRINT [03/21 20:09:20 graph]: # Epoch 81: train_loss: 0.4291 | lr: 0.000496
[2023-03-21 20:09:20] PRINT [03/21 20:09:20 graph]: start epoch 82.
[2023-03-21 20:09:20] PRINT [03/21 20:09:20 graph]: # Epoch 82: train_loss: 0.4275 | lr: 0.000496
[2023-03-21 20:09:20] PRINT [03/21 20:09:20 graph]: start epoch 83.
[2023-03-21 20:09:20] PRINT [03/21 20:09:20 graph]: # Epoch 83: train_loss: 0.4271 | lr: 0.000496
[2023-03-21 20:09:20] PRINT [03/21 20:09:20 graph]: start epoch 84.
[2023-03-21 20:09:20] PRINT [03/21 20:09:20 graph]: # Epoch 84: train_loss: 0.4264 | lr: 0.000496
[2023-03-21 20:09:20] PRINT [03/21 20:09:20 graph]: start epoch 85.
[2023-03-21 20:09:21] PRINT [03/21 20:09:21 graph]: # Epoch 85: train_loss: 0.4255 | lr: 0.000496
[2023-03-21 20:09:21] PRINT [03/21 20:09:21 graph]: start epoch 86.
[2023-03-21 20:09:21] PRINT [03/21 20:09:21 graph]: # Epoch 86: train_loss: 0.4253 | lr: 0.000496
[2023-03-21 20:09:21] PRINT [03/21 20:09:21 graph]: start epoch 87.
[2023-03-21 20:09:21] PRINT [03/21 20:09:21 graph]: # Epoch 87: train_loss: 0.4237 | lr: 0.000496
[2023-03-21 20:09:21] PRINT [03/21 20:09:21 graph]: start epoch 88.
[2023-03-21 20:09:21] PRINT [03/21 20:09:21 graph]: # Epoch 88: train_loss: 0.4235 | lr: 0.000496
[2023-03-21 20:09:21] PRINT [03/21 20:09:21 graph]: start epoch 89.
[2023-03-21 20:09:21] PRINT [03/21 20:09:21 graph]: # Epoch 89: train_loss: 0.4223 | lr: 0.000496
[2023-03-21 20:09:21] PRINT [03/21 20:09:21 graph]: start epoch 90.
[2023-03-21 20:09:21] PRINT [03/21 20:09:21 graph]: # Epoch 90: train_loss: 0.4223 | lr: 0.000496
[2023-03-21 20:09:21] PRINT [03/21 20:09:21 graph]: start epoch 91.
[2023-03-21 20:09:21] PRINT [03/21 20:09:21 graph]: # Epoch 91: train_loss: 0.4217 | lr: 0.000496
[2023-03-21 20:09:21] PRINT [03/21 20:09:21 graph]: start epoch 92.
[2023-03-21 20:09:21] PRINT [03/21 20:09:21 graph]: # Epoch 92: train_loss: 0.4213 | lr: 0.000496
[2023-03-21 20:09:21] PRINT [03/21 20:09:21 graph]: start epoch 93.
[2023-03-21 20:09:21] PRINT [03/21 20:09:21 graph]: # Epoch 93: train_loss: 0.4205 | lr: 0.000496
[2023-03-21 20:09:21] PRINT [03/21 20:09:21 graph]: start epoch 94.
[2023-03-21 20:09:21] PRINT [03/21 20:09:21 graph]: # Epoch 94: train_loss: 0.4195 | lr: 0.000496
[2023-03-21 20:09:21] PRINT [03/21 20:09:21 graph]: start epoch 95.
[2023-03-21 20:09:21] PRINT [03/21 20:09:21 graph]: # Epoch 95: train_loss: 0.4190 | lr: 0.000496
[2023-03-21 20:09:21] PRINT [03/21 20:09:21 graph]: start epoch 96.
[2023-03-21 20:09:21] PRINT [03/21 20:09:21 graph]: # Epoch 96: train_loss: 0.4192 | lr: 0.000496
[2023-03-21 20:09:21] PRINT [03/21 20:09:21 graph]: start epoch 97.
[2023-03-21 20:09:21] PRINT [03/21 20:09:21 graph]: # Epoch 97: train_loss: 0.4182 | lr: 0.000496
[2023-03-21 20:09:21] PRINT [03/21 20:09:21 graph]: start epoch 98.
[2023-03-21 20:09:22] PRINT [03/21 20:09:22 graph]: # Epoch 98: train_loss: 0.4178 | lr: 0.000496
[2023-03-21 20:09:22] PRINT [03/21 20:09:22 graph]: start epoch 99.
[2023-03-21 20:09:22] PRINT [03/21 20:09:22 graph]: # Epoch 99: train_loss: 0.4169 | lr: 0.000496
[2023-03-21 20:09:22] PRINT [03/21 20:09:22 graph]: start epoch 100.
[2023-03-21 20:09:22] PRINT [03/21 20:09:22 graph]: # Epoch 100: train_loss: 0.4164 | lr: 0.000496
[2023-03-21 20:09:22] PRINT [03/21 20:09:22 graph]: start epoch 101.
[2023-03-21 20:09:22] PRINT [03/21 20:09:22 graph]: # Epoch 101: train_loss: 0.4162 | lr: 0.000496
[2023-03-21 20:09:23] PRINT [03/21 20:09:23 graph]: --- Testf1: 0.92778, Best Valacc: 0.93595 in epoch 31 --- 
[2023-03-21 20:09:24] PRINT [03/21 20:09:24 graph]: Epoch 101: get test acc score:  0.928
[2023-03-21 20:09:24] PRINT [03/21 20:09:24 graph]: best_f1 0.928 at epoch 101
[2023-03-21 20:09:24] PRINT [03/21 20:09:24 graph]: start epoch 102.
[2023-03-21 20:09:24] PRINT [03/21 20:09:24 graph]: # Epoch 102: train_loss: 0.4149 | lr: 0.000496
[2023-03-21 20:09:26] PRINT [03/21 20:09:26 graph]: --- Testf1: 0.93056, Best Valacc: 0.93725 in epoch 99 --- 
[2023-03-21 20:09:26] PRINT [03/21 20:09:26 graph]: Epoch 102: get test acc score:  0.931
[2023-03-21 20:09:26] PRINT [03/21 20:09:26 graph]: best_f1 0.931 at epoch 102
[2023-03-21 20:09:26] PRINT [03/21 20:09:26 graph]: start epoch 103.
[2023-03-21 20:09:26] PRINT [03/21 20:09:26 graph]: # Epoch 103: train_loss: 0.4148 | lr: 0.000496
[2023-03-21 20:09:28] PRINT [03/21 20:09:28 graph]: --- Testf1: 0.92908, Best Valacc: 0.93595 in epoch 65 --- 
[2023-03-21 20:09:28] PRINT [03/21 20:09:28 graph]: Epoch 103: get test acc score:  0.929
[2023-03-21 20:09:28] PRINT [03/21 20:09:28 graph]: best_f1 0.931 at epoch 102
[2023-03-21 20:09:28] PRINT [03/21 20:09:28 graph]: start epoch 104.
[2023-03-21 20:09:28] PRINT [03/21 20:09:28 graph]: # Epoch 104: train_loss: 0.4141 | lr: 0.000496
[2023-03-21 20:09:30] PRINT [03/21 20:09:30 graph]: --- Testf1: 0.92892, Best Valacc: 0.93595 in epoch 29 --- 
[2023-03-21 20:09:30] PRINT [03/21 20:09:30 graph]: Epoch 104: get test acc score:  0.929
[2023-03-21 20:09:30] PRINT [03/21 20:09:30 graph]: best_f1 0.931 at epoch 102
[2023-03-21 20:09:30] PRINT [03/21 20:09:30 graph]: start epoch 105.
[2023-03-21 20:09:30] PRINT [03/21 20:09:30 graph]: # Epoch 105: train_loss: 0.4134 | lr: 0.000496
[2023-03-21 20:09:32] PRINT [03/21 20:09:32 graph]: --- Testf1: 0.92892, Best Valacc: 0.93725 in epoch 38 --- 
[2023-03-21 20:09:32] PRINT [03/21 20:09:32 graph]: Epoch 105: get test acc score:  0.929
[2023-03-21 20:09:32] PRINT [03/21 20:09:32 graph]: best_f1 0.931 at epoch 102
[2023-03-21 20:09:32] PRINT [03/21 20:09:32 graph]: start epoch 106.
[2023-03-21 20:09:32] PRINT [03/21 20:09:32 graph]: # Epoch 106: train_loss: 0.4128 | lr: 0.000496
[2023-03-21 20:09:34] PRINT [03/21 20:09:34 graph]: --- Testf1: 0.92941, Best Valacc: 0.94248 in epoch 19 --- 
[2023-03-21 20:09:35] PRINT [03/21 20:09:35 graph]: Epoch 106: get test acc score:  0.929
[2023-03-21 20:09:35] PRINT [03/21 20:09:35 graph]: best_f1 0.931 at epoch 102
[2023-03-21 20:09:35] PRINT [03/21 20:09:35 graph]: start epoch 107.
[2023-03-21 20:09:35] PRINT [03/21 20:09:35 graph]: # Epoch 107: train_loss: 0.4127 | lr: 0.000496
[2023-03-21 20:09:37] PRINT [03/21 20:09:37 graph]: --- Testf1: 0.92925, Best Valacc: 0.93595 in epoch 99 --- 
[2023-03-21 20:09:37] PRINT [03/21 20:09:37 graph]: Epoch 107: get test acc score:  0.929
[2023-03-21 20:09:37] PRINT [03/21 20:09:37 graph]: best_f1 0.931 at epoch 102
[2023-03-21 20:09:37] PRINT [03/21 20:09:37 graph]: start epoch 108.
[2023-03-21 20:09:37] PRINT [03/21 20:09:37 graph]: # Epoch 108: train_loss: 0.4117 | lr: 0.000496
[2023-03-21 20:09:39] PRINT [03/21 20:09:39 graph]: --- Testf1: 0.92859, Best Valacc: 0.93856 in epoch 35 --- 
[2023-03-21 20:09:39] PRINT [03/21 20:09:39 graph]: Epoch 108: get test acc score:  0.929
[2023-03-21 20:09:39] PRINT [03/21 20:09:39 graph]: best_f1 0.931 at epoch 102
[2023-03-21 20:09:39] PRINT [03/21 20:09:39 graph]: start epoch 109.
[2023-03-21 20:09:39] PRINT [03/21 20:09:39 graph]: # Epoch 109: train_loss: 0.4117 | lr: 0.000496
[2023-03-21 20:09:41] PRINT [03/21 20:09:41 graph]: --- Testf1: 0.93039, Best Valacc: 0.93987 in epoch 16 --- 
[2023-03-21 20:09:41] PRINT [03/21 20:09:41 graph]: Epoch 109: get test acc score:  0.930
[2023-03-21 20:09:41] PRINT [03/21 20:09:41 graph]: best_f1 0.931 at epoch 102
[2023-03-21 20:09:41] PRINT [03/21 20:09:41 graph]: start epoch 110.
[2023-03-21 20:09:41] PRINT [03/21 20:09:41 graph]: # Epoch 110: train_loss: 0.4113 | lr: 0.000496
[2023-03-21 20:09:53] PRINT [03/21 20:09:53 graph]: --- Testf1: 0.93219, Best Valacc: 0.93856 in epoch 50 --- 
[2023-03-21 20:09:53] PRINT [03/21 20:09:53 graph]: Epoch 110: get test acc score:  0.932
[2023-03-21 20:09:53] PRINT [03/21 20:09:53 graph]: best_f1 0.932 at epoch 110
[2023-03-21 20:09:53] PRINT [03/21 20:09:53 graph]: start epoch 111.
[2023-03-21 20:09:54] PRINT [03/21 20:09:54 graph]: # Epoch 111: train_loss: 0.4113 | lr: 0.000496
[2023-03-21 20:10:00] PRINT [03/21 20:10:00 graph]: --- Testf1: 0.92761, Best Valacc: 0.93725 in epoch 94 --- 
[2023-03-21 20:10:00] PRINT [03/21 20:10:00 graph]: Epoch 111: get test acc score:  0.928
[2023-03-21 20:10:00] PRINT [03/21 20:10:00 graph]: best_f1 0.932 at epoch 110
[2023-03-21 20:10:00] PRINT [03/21 20:10:00 graph]: start epoch 112.
[2023-03-21 20:10:00] PRINT [03/21 20:10:00 graph]: # Epoch 112: train_loss: 0.4104 | lr: 0.000496
[2023-03-21 20:10:03] PRINT [03/21 20:10:03 graph]: --- Testf1: 0.92435, Best Valacc: 0.93856 in epoch 31 --- 
[2023-03-21 20:10:03] PRINT [03/21 20:10:03 graph]: Epoch 112: get test acc score:  0.924
[2023-03-21 20:10:03] PRINT [03/21 20:10:03 graph]: best_f1 0.932 at epoch 110
[2023-03-21 20:10:03] PRINT [03/21 20:10:03 graph]: start epoch 113.
[2023-03-21 20:10:03] PRINT [03/21 20:10:03 graph]: # Epoch 113: train_loss: 0.4105 | lr: 0.000496
[2023-03-21 20:10:06] PRINT [03/21 20:10:06 graph]: --- Testf1: 0.92516, Best Valacc: 0.94118 in epoch 13 --- 
[2023-03-21 20:10:07] PRINT [03/21 20:10:07 graph]: Epoch 113: get test acc score:  0.925
[2023-03-21 20:10:07] PRINT [03/21 20:10:07 graph]: best_f1 0.932 at epoch 110
[2023-03-21 20:10:07] PRINT [03/21 20:10:07 graph]: start epoch 114.
[2023-03-21 20:10:07] PRINT [03/21 20:10:07 graph]: # Epoch 114: train_loss: 0.4094 | lr: 0.000496
[2023-03-21 20:10:10] PRINT [03/21 20:10:10 graph]: --- Testf1: 0.92729, Best Valacc: 0.93987 in epoch 23 --- 
[2023-03-21 20:10:10] PRINT [03/21 20:10:10 graph]: Epoch 114: get test acc score:  0.927
[2023-03-21 20:10:10] PRINT [03/21 20:10:10 graph]: best_f1 0.932 at epoch 110
[2023-03-21 20:10:10] PRINT [03/21 20:10:10 graph]: start epoch 115.
[2023-03-21 20:10:10] PRINT [03/21 20:10:10 graph]: # Epoch 115: train_loss: 0.4092 | lr: 0.000496
[2023-03-21 20:10:13] PRINT [03/21 20:10:13 graph]: --- Testf1: 0.93072, Best Valacc: 0.93595 in epoch 99 --- 
[2023-03-21 20:10:13] PRINT [03/21 20:10:13 graph]: Epoch 115: get test acc score:  0.931
[2023-03-21 20:10:13] PRINT [03/21 20:10:13 graph]: best_f1 0.932 at epoch 110
[2023-03-21 20:10:13] PRINT [03/21 20:10:13 graph]: start epoch 116.
[2023-03-21 20:10:13] PRINT [03/21 20:10:13 graph]: # Epoch 116: train_loss: 0.4080 | lr: 0.000496
[2023-03-21 20:10:16] PRINT [03/21 20:10:16 graph]: --- Testf1: 0.92680, Best Valacc: 0.94118 in epoch 45 --- 
[2023-03-21 20:10:17] PRINT [03/21 20:10:17 graph]: Epoch 116: get test acc score:  0.927
[2023-03-21 20:10:17] PRINT [03/21 20:10:17 graph]: best_f1 0.932 at epoch 110
[2023-03-21 20:10:17] PRINT [03/21 20:10:17 graph]: start epoch 117.
[2023-03-21 20:10:17] PRINT [03/21 20:10:17 graph]: # Epoch 117: train_loss: 0.4082 | lr: 0.000496
[2023-03-21 20:10:20] PRINT [03/21 20:10:20 graph]: --- Testf1: 0.92712, Best Valacc: 0.93987 in epoch 37 --- 
[2023-03-21 20:10:20] PRINT [03/21 20:10:20 graph]: Epoch 117: get test acc score:  0.927
[2023-03-21 20:10:20] PRINT [03/21 20:10:20 graph]: best_f1 0.932 at epoch 110
[2023-03-21 20:10:20] PRINT [03/21 20:10:20 graph]: start epoch 118.
[2023-03-21 20:10:20] PRINT [03/21 20:10:20 graph]: # Epoch 118: train_loss: 0.4072 | lr: 0.000496
[2023-03-21 20:10:23] PRINT [03/21 20:10:23 graph]: --- Testf1: 0.93203, Best Valacc: 0.94379 in epoch 30 --- 
[2023-03-21 20:10:23] PRINT [03/21 20:10:23 graph]: Epoch 118: get test acc score:  0.932
[2023-03-21 20:10:23] PRINT [03/21 20:10:23 graph]: best_f1 0.932 at epoch 110
[2023-03-21 20:10:23] PRINT [03/21 20:10:23 graph]: start epoch 119.
[2023-03-21 20:10:24] PRINT [03/21 20:10:24 graph]: # Epoch 119: train_loss: 0.4077 | lr: 0.000496
[2023-03-21 20:10:26] PRINT [03/21 20:10:26 graph]: --- Testf1: 0.92859, Best Valacc: 0.94379 in epoch 75 --- 
[2023-03-21 20:10:27] PRINT [03/21 20:10:27 graph]: Epoch 119: get test acc score:  0.929
[2023-03-21 20:10:27] PRINT [03/21 20:10:27 graph]: best_f1 0.932 at epoch 110
[2023-03-21 20:10:27] PRINT [03/21 20:10:27 graph]: start epoch 120.
[2023-03-21 20:10:27] PRINT [03/21 20:10:27 graph]: # Epoch 120: train_loss: 0.4064 | lr: 0.000496
[2023-03-21 20:10:30] PRINT [03/21 20:10:30 graph]: --- Testf1: 0.92990, Best Valacc: 0.94248 in epoch 31 --- 
[2023-03-21 20:10:30] PRINT [03/21 20:10:30 graph]: Epoch 120: get test acc score:  0.930
[2023-03-21 20:10:30] PRINT [03/21 20:10:30 graph]: best_f1 0.932 at epoch 110
[2023-03-21 20:10:30] PRINT [03/21 20:10:30 graph]: start epoch 121.
[2023-03-21 20:10:30] PRINT [03/21 20:10:30 graph]: # Epoch 121: train_loss: 0.4066 | lr: 0.000496
[2023-03-21 20:10:33] PRINT [03/21 20:10:33 graph]: --- Testf1: 0.92859, Best Valacc: 0.94118 in epoch 24 --- 
[2023-03-21 20:10:34] PRINT [03/21 20:10:34 graph]: Epoch 121: get test acc score:  0.929
[2023-03-21 20:10:34] PRINT [03/21 20:10:34 graph]: best_f1 0.932 at epoch 110
[2023-03-21 20:10:34] PRINT [03/21 20:10:34 graph]: start epoch 122.
[2023-03-21 20:10:34] PRINT [03/21 20:10:34 graph]: # Epoch 122: train_loss: 0.4058 | lr: 0.000496
[2023-03-21 20:10:37] PRINT [03/21 20:10:37 graph]: --- Testf1: 0.93072, Best Valacc: 0.94118 in epoch 84 --- 
[2023-03-21 20:10:37] PRINT [03/21 20:10:37 graph]: Epoch 122: get test acc score:  0.931
[2023-03-21 20:10:37] PRINT [03/21 20:10:37 graph]: best_f1 0.932 at epoch 110
[2023-03-21 20:10:37] PRINT [03/21 20:10:37 graph]: start epoch 123.
[2023-03-21 20:10:37] PRINT [03/21 20:10:37 graph]: # Epoch 123: train_loss: 0.4046 | lr: 0.000496
[2023-03-21 20:10:40] PRINT [03/21 20:10:40 graph]: --- Testf1: 0.92778, Best Valacc: 0.93072 in epoch 17 --- 
[2023-03-21 20:10:41] PRINT [03/21 20:10:41 graph]: Epoch 123: get test acc score:  0.928
[2023-03-21 20:10:41] PRINT [03/21 20:10:41 graph]: best_f1 0.932 at epoch 110
[2023-03-21 20:10:41] PRINT [03/21 20:10:41 graph]: start epoch 124.
[2023-03-21 20:10:41] PRINT [03/21 20:10:41 graph]: # Epoch 124: train_loss: 0.4052 | lr: 0.000496
[2023-03-21 20:10:44] PRINT [03/21 20:10:44 graph]: --- Testf1: 0.93154, Best Valacc: 0.93856 in epoch 59 --- 
[2023-03-21 20:10:44] PRINT [03/21 20:10:44 graph]: Epoch 124: get test acc score:  0.932
[2023-03-21 20:10:44] PRINT [03/21 20:10:44 graph]: best_f1 0.932 at epoch 110
[2023-03-21 20:10:44] PRINT [03/21 20:10:44 graph]: start epoch 125.
[2023-03-21 20:10:44] PRINT [03/21 20:10:44 graph]: # Epoch 125: train_loss: 0.4046 | lr: 0.000496
[2023-03-21 20:10:47] PRINT [03/21 20:10:47 graph]: --- Testf1: 0.93284, Best Valacc: 0.93987 in epoch 20 --- 
[2023-03-21 20:10:48] PRINT [03/21 20:10:48 graph]: Epoch 125: get test acc score:  0.933
[2023-03-21 20:10:48] PRINT [03/21 20:10:48 graph]: best_f1 0.933 at epoch 125
[2023-03-21 20:10:48] PRINT [03/21 20:10:48 graph]: start epoch 126.
[2023-03-21 20:10:48] PRINT [03/21 20:10:48 graph]: # Epoch 126: train_loss: 0.4041 | lr: 0.000496
[2023-03-21 20:10:51] PRINT [03/21 20:10:51 graph]: --- Testf1: 0.92908, Best Valacc: 0.93595 in epoch 89 --- 
[2023-03-21 20:10:51] PRINT [03/21 20:10:51 graph]: Epoch 126: get test acc score:  0.929
[2023-03-21 20:10:51] PRINT [03/21 20:10:51 graph]: best_f1 0.933 at epoch 125
[2023-03-21 20:10:51] PRINT [03/21 20:10:51 graph]: start epoch 127.
[2023-03-21 20:10:51] PRINT [03/21 20:10:51 graph]: # Epoch 127: train_loss: 0.4039 | lr: 0.000496
[2023-03-21 20:10:54] PRINT [03/21 20:10:54 graph]: --- Testf1: 0.92565, Best Valacc: 0.93595 in epoch 23 --- 
[2023-03-21 20:10:54] PRINT [03/21 20:10:54 graph]: Epoch 127: get test acc score:  0.926
[2023-03-21 20:10:54] PRINT [03/21 20:10:54 graph]: best_f1 0.933 at epoch 125
[2023-03-21 20:10:54] PRINT [03/21 20:10:54 graph]: start epoch 128.
[2023-03-21 20:10:54] PRINT [03/21 20:10:54 graph]: # Epoch 128: train_loss: 0.4030 | lr: 0.000496
[2023-03-21 20:10:58] PRINT [03/21 20:10:58 graph]: --- Testf1: 0.93186, Best Valacc: 0.94118 in epoch 24 --- 
[2023-03-21 20:10:58] PRINT [03/21 20:10:58 graph]: Epoch 128: get test acc score:  0.932
[2023-03-21 20:10:58] PRINT [03/21 20:10:58 graph]: best_f1 0.933 at epoch 125
[2023-03-21 20:10:58] PRINT [03/21 20:10:58 graph]: start epoch 129.
[2023-03-21 20:10:58] PRINT [03/21 20:10:58 graph]: # Epoch 129: train_loss: 0.4023 | lr: 0.000496
[2023-03-21 20:11:01] PRINT [03/21 20:11:01 graph]: --- Testf1: 0.92892, Best Valacc: 0.94510 in epoch 29 --- 
[2023-03-21 20:11:01] PRINT [03/21 20:11:01 graph]: Epoch 129: get test acc score:  0.929
[2023-03-21 20:11:01] PRINT [03/21 20:11:01 graph]: best_f1 0.933 at epoch 125
[2023-03-21 20:11:01] PRINT [03/21 20:11:01 graph]: start epoch 130.
[2023-03-21 20:11:01] PRINT [03/21 20:11:01 graph]: # Epoch 130: train_loss: 0.4019 | lr: 0.000496
[2023-03-21 20:11:04] PRINT [03/21 20:11:04 graph]: --- Testf1: 0.93301, Best Valacc: 0.94118 in epoch 41 --- 
[2023-03-21 20:11:05] PRINT [03/21 20:11:05 graph]: Epoch 130: get test acc score:  0.933
[2023-03-21 20:11:05] PRINT [03/21 20:11:05 graph]: best_f1 0.933 at epoch 130
[2023-03-21 20:11:05] PRINT [03/21 20:11:05 graph]: start epoch 131.
[2023-03-21 20:11:05] PRINT [03/21 20:11:05 graph]: # Epoch 131: train_loss: 0.4020 | lr: 0.000496
[2023-03-21 20:11:08] PRINT [03/21 20:11:08 graph]: --- Testf1: 0.93023, Best Valacc: 0.95163 in epoch 20 --- 
[2023-03-21 20:11:08] PRINT [03/21 20:11:08 graph]: Epoch 131: get test acc score:  0.930
[2023-03-21 20:11:08] PRINT [03/21 20:11:08 graph]: best_f1 0.933 at epoch 130
[2023-03-21 20:11:08] PRINT [03/21 20:11:08 graph]: start epoch 132.
[2023-03-21 20:11:08] PRINT [03/21 20:11:08 graph]: # Epoch 132: train_loss: 0.4006 | lr: 0.000496
[2023-03-21 20:11:11] PRINT [03/21 20:11:11 graph]: --- Testf1: 0.93154, Best Valacc: 0.93725 in epoch 23 --- 
[2023-03-21 20:11:12] PRINT [03/21 20:11:12 graph]: Epoch 132: get test acc score:  0.932
[2023-03-21 20:11:12] PRINT [03/21 20:11:12 graph]: best_f1 0.933 at epoch 130
[2023-03-21 20:11:12] PRINT [03/21 20:11:12 graph]: start epoch 133.
[2023-03-21 20:11:12] PRINT [03/21 20:11:12 graph]: # Epoch 133: train_loss: 0.4006 | lr: 0.000496
[2023-03-21 20:11:15] PRINT [03/21 20:11:15 graph]: --- Testf1: 0.93056, Best Valacc: 0.94118 in epoch 50 --- 
[2023-03-21 20:11:15] PRINT [03/21 20:11:15 graph]: Epoch 133: get test acc score:  0.931
[2023-03-21 20:11:15] PRINT [03/21 20:11:15 graph]: best_f1 0.933 at epoch 130
[2023-03-21 20:11:15] PRINT [03/21 20:11:15 graph]: start epoch 134.
[2023-03-21 20:11:15] PRINT [03/21 20:11:15 graph]: # Epoch 134: train_loss: 0.4004 | lr: 0.000496
[2023-03-21 20:11:18] PRINT [03/21 20:11:18 graph]: --- Testf1: 0.93186, Best Valacc: 0.94379 in epoch 39 --- 
[2023-03-21 20:11:19] PRINT [03/21 20:11:19 graph]: Epoch 134: get test acc score:  0.932
[2023-03-21 20:11:19] PRINT [03/21 20:11:19 graph]: best_f1 0.933 at epoch 130
[2023-03-21 20:11:19] PRINT [03/21 20:11:19 graph]: start epoch 135.
[2023-03-21 20:11:19] PRINT [03/21 20:11:19 graph]: # Epoch 135: train_loss: 0.3994 | lr: 0.000496
[2023-03-21 20:11:22] PRINT [03/21 20:11:22 graph]: --- Testf1: 0.92908, Best Valacc: 0.93856 in epoch 31 --- 
[2023-03-21 20:11:22] PRINT [03/21 20:11:22 graph]: Epoch 135: get test acc score:  0.929
[2023-03-21 20:11:22] PRINT [03/21 20:11:22 graph]: best_f1 0.933 at epoch 130
[2023-03-21 20:11:22] PRINT [03/21 20:11:22 graph]: start epoch 136.
[2023-03-21 20:11:22] PRINT [03/21 20:11:22 graph]: # Epoch 136: train_loss: 0.4003 | lr: 0.000496
[2023-03-21 20:11:25] PRINT [03/21 20:11:25 graph]: --- Testf1: 0.93170, Best Valacc: 0.94379 in epoch 31 --- 
[2023-03-21 20:11:26] PRINT [03/21 20:11:26 graph]: Epoch 136: get test acc score:  0.932
[2023-03-21 20:11:26] PRINT [03/21 20:11:26 graph]: best_f1 0.933 at epoch 130
[2023-03-21 20:11:26] PRINT [03/21 20:11:26 graph]: start epoch 137.
[2023-03-21 20:11:26] PRINT [03/21 20:11:26 graph]: # Epoch 137: train_loss: 0.4000 | lr: 0.000496
[2023-03-21 20:11:29] PRINT [03/21 20:11:29 graph]: --- Testf1: 0.93154, Best Valacc: 0.93464 in epoch 58 --- 
[2023-03-21 20:11:29] PRINT [03/21 20:11:29 graph]: Epoch 137: get test acc score:  0.932
[2023-03-21 20:11:29] PRINT [03/21 20:11:29 graph]: best_f1 0.933 at epoch 130
[2023-03-21 20:11:29] PRINT [03/21 20:11:29 graph]: start epoch 138.
[2023-03-21 20:11:29] PRINT [03/21 20:11:29 graph]: # Epoch 138: train_loss: 0.3987 | lr: 0.000496
[2023-03-21 20:11:32] PRINT [03/21 20:11:32 graph]: --- Testf1: 0.93235, Best Valacc: 0.94248 in epoch 92 --- 
[2023-03-21 20:11:32] PRINT [03/21 20:11:32 graph]: Epoch 138: get test acc score:  0.932
[2023-03-21 20:11:32] PRINT [03/21 20:11:32 graph]: best_f1 0.933 at epoch 130
[2023-03-21 20:11:32] PRINT [03/21 20:11:32 graph]: start epoch 139.
[2023-03-21 20:11:33] PRINT [03/21 20:11:33 graph]: # Epoch 139: train_loss: 0.3977 | lr: 0.000496
[2023-03-21 20:11:36] PRINT [03/21 20:11:36 graph]: --- Testf1: 0.93219, Best Valacc: 0.94771 in epoch 18 --- 
[2023-03-21 20:11:36] PRINT [03/21 20:11:36 graph]: Epoch 139: get test acc score:  0.932
[2023-03-21 20:11:36] PRINT [03/21 20:11:36 graph]: best_f1 0.933 at epoch 130
[2023-03-21 20:11:36] PRINT [03/21 20:11:36 graph]: start epoch 140.
[2023-03-21 20:11:36] PRINT [03/21 20:11:36 graph]: # Epoch 140: train_loss: 0.3981 | lr: 0.000496
[2023-03-21 20:11:39] PRINT [03/21 20:11:39 graph]: --- Testf1: 0.93137, Best Valacc: 0.94118 in epoch 25 --- 
[2023-03-21 20:11:39] PRINT [03/21 20:11:39 graph]: Epoch 140: get test acc score:  0.931
[2023-03-21 20:11:39] PRINT [03/21 20:11:39 graph]: best_f1 0.933 at epoch 130
[2023-03-21 20:11:39] PRINT [03/21 20:11:39 graph]: start epoch 141.
[2023-03-21 20:11:39] PRINT [03/21 20:11:39 graph]: # Epoch 141: train_loss: 0.3965 | lr: 0.000496
[2023-03-21 20:11:42] PRINT [03/21 20:11:42 graph]: --- Testf1: 0.93448, Best Valacc: 0.94248 in epoch 40 --- 
[2023-03-21 20:11:43] PRINT [03/21 20:11:43 graph]: Epoch 141: get test acc score:  0.934
[2023-03-21 20:11:43] PRINT [03/21 20:11:43 graph]: best_f1 0.934 at epoch 141
[2023-03-21 20:11:43] PRINT [03/21 20:11:43 graph]: start epoch 142.
[2023-03-21 20:11:43] PRINT [03/21 20:11:43 graph]: # Epoch 142: train_loss: 0.3967 | lr: 0.000496
[2023-03-21 20:11:46] PRINT [03/21 20:11:46 graph]: --- Testf1: 0.93154, Best Valacc: 0.94379 in epoch 36 --- 
[2023-03-21 20:11:46] PRINT [03/21 20:11:46 graph]: Epoch 142: get test acc score:  0.932
[2023-03-21 20:11:46] PRINT [03/21 20:11:46 graph]: best_f1 0.934 at epoch 141
[2023-03-21 20:11:46] PRINT [03/21 20:11:46 graph]: start epoch 143.
[2023-03-21 20:11:46] PRINT [03/21 20:11:46 graph]: # Epoch 143: train_loss: 0.3953 | lr: 0.000496
[2023-03-21 20:11:49] PRINT [03/21 20:11:49 graph]: --- Testf1: 0.93284, Best Valacc: 0.94771 in epoch 43 --- 
[2023-03-21 20:11:50] PRINT [03/21 20:11:50 graph]: Epoch 143: get test acc score:  0.933
[2023-03-21 20:11:50] PRINT [03/21 20:11:50 graph]: best_f1 0.934 at epoch 141
[2023-03-21 20:11:50] PRINT [03/21 20:11:50 graph]: start epoch 144.
[2023-03-21 20:11:50] PRINT [03/21 20:11:50 graph]: # Epoch 144: train_loss: 0.3959 | lr: 0.000496
[2023-03-21 20:11:53] PRINT [03/21 20:11:53 graph]: --- Testf1: 0.93317, Best Valacc: 0.94118 in epoch 24 --- 
[2023-03-21 20:11:53] PRINT [03/21 20:11:53 graph]: Epoch 144: get test acc score:  0.933
[2023-03-21 20:11:53] PRINT [03/21 20:11:53 graph]: best_f1 0.934 at epoch 141
[2023-03-21 20:11:53] PRINT [03/21 20:11:53 graph]: start epoch 145.
[2023-03-21 20:11:53] PRINT [03/21 20:11:53 graph]: # Epoch 145: train_loss: 0.3943 | lr: 0.000496
[2023-03-21 20:11:56] PRINT [03/21 20:11:56 graph]: --- Testf1: 0.93415, Best Valacc: 0.93856 in epoch 34 --- 
[2023-03-21 20:11:57] PRINT [03/21 20:11:57 graph]: Epoch 145: get test acc score:  0.934
[2023-03-21 20:11:57] PRINT [03/21 20:11:57 graph]: best_f1 0.934 at epoch 141
[2023-03-21 20:11:57] PRINT [03/21 20:11:57 graph]: start epoch 146.
[2023-03-21 20:11:57] PRINT [03/21 20:11:57 graph]: # Epoch 146: train_loss: 0.3948 | lr: 0.000496
[2023-03-21 20:12:00] PRINT [03/21 20:12:00 graph]: --- Testf1: 0.93578, Best Valacc: 0.94902 in epoch 29 --- 
[2023-03-21 20:12:00] PRINT [03/21 20:12:00 graph]: Epoch 146: get test acc score:  0.936
[2023-03-21 20:12:00] PRINT [03/21 20:12:00 graph]: best_f1 0.936 at epoch 146
[2023-03-21 20:12:00] PRINT [03/21 20:12:00 graph]: start epoch 147.
[2023-03-21 20:12:00] PRINT [03/21 20:12:00 graph]: # Epoch 147: train_loss: 0.3945 | lr: 0.000496
[2023-03-21 20:12:03] PRINT [03/21 20:12:03 graph]: --- Testf1: 0.92647, Best Valacc: 0.93987 in epoch 18 --- 
[2023-03-21 20:12:03] PRINT [03/21 20:12:03 graph]: Epoch 147: get test acc score:  0.926
[2023-03-21 20:12:03] PRINT [03/21 20:12:03 graph]: best_f1 0.936 at epoch 146
[2023-03-21 20:12:03] PRINT [03/21 20:12:03 graph]: start epoch 148.
[2023-03-21 20:12:04] PRINT [03/21 20:12:04 graph]: # Epoch 148: train_loss: 0.3940 | lr: 0.000496
[2023-03-21 20:12:07] PRINT [03/21 20:12:07 graph]: --- Testf1: 0.93268, Best Valacc: 0.94118 in epoch 46 --- 
[2023-03-21 20:12:07] PRINT [03/21 20:12:07 graph]: Epoch 148: get test acc score:  0.933
[2023-03-21 20:12:07] PRINT [03/21 20:12:07 graph]: best_f1 0.936 at epoch 146
[2023-03-21 20:12:07] PRINT [03/21 20:12:07 graph]: start epoch 149.
[2023-03-21 20:12:07] PRINT [03/21 20:12:07 graph]: # Epoch 149: train_loss: 0.3941 | lr: 0.000496
[2023-03-21 20:12:10] PRINT [03/21 20:12:10 graph]: --- Testf1: 0.93562, Best Valacc: 0.94118 in epoch 30 --- 
[2023-03-21 20:12:10] PRINT [03/21 20:12:10 graph]: Epoch 149: get test acc score:  0.936
[2023-03-21 20:12:10] PRINT [03/21 20:12:10 graph]: best_f1 0.936 at epoch 146
[2023-03-21 20:12:10] PRINT [03/21 20:12:10 graph]: # final_acc: 0.9358±0.0000
