[2023-03-12 15:01:58] INFO (main) Start NNI manager
[2023-03-12 15:01:58] INFO (NNIDataStore) Datastore initialization done
[2023-03-12 15:01:58] INFO (RestServer) Starting REST server at port 6006, URL prefix: "/"
[2023-03-12 15:01:58] INFO (RestServer) REST server started.
[2023-03-12 15:01:58] INFO (NNIManager) Starting experiment: flqe94h0
[2023-03-12 15:01:58] INFO (NNIManager) Setup training service...
[2023-03-12 15:01:58] INFO (LocalTrainingService) Construct local machine training service.
[2023-03-12 15:01:58] INFO (NNIManager) Setup tuner...
[2023-03-12 15:01:58] INFO (NNIManager) Change NNIManager status from: INITIALIZED to: RUNNING
[2023-03-12 15:01:59] INFO (NNIManager) Add event listeners
[2023-03-12 15:01:59] INFO (LocalTrainingService) Run local machine training service.
[2023-03-12 15:01:59] INFO (NNIManager) NNIManager received command from dispatcher: ID, 
[2023-03-12 15:01:59] INFO (NNIManager) NNIManager received command from dispatcher: TR, {"parameter_id": 0, "parameter_source": "algorithm", "parameters": {"feat_drop": 0.5, "attn_drop": 0.30000000000000004, "nhead": 4, "num_hidden": 256, "LR": 0.0004304342134687457, "LR_f": 0.00022534634300352052, "weight_decay_f": 0.00042768819328198424, "alpha": 1, "alpha_l": 3, "decay": 20.0, "norm": "batchnorm", "beta_schedule": "quad", "beta_1": 0.0002606698318322018, "beta_T": 0.014703311866724827, "T": 445.62925475897424}, "parameter_index": 0}
[2023-03-12 15:02:04] INFO (NNIManager) submitTrialJob: form: {
  sequenceId: 0,
  hyperParameters: {
    value: '{"parameter_id": 0, "parameter_source": "algorithm", "parameters": {"feat_drop": 0.5, "attn_drop": 0.30000000000000004, "nhead": 4, "num_hidden": 256, "LR": 0.0004304342134687457, "LR_f": 0.00022534634300352052, "weight_decay_f": 0.00042768819328198424, "alpha": 1, "alpha_l": 3, "decay": 20.0, "norm": "batchnorm", "beta_schedule": "quad", "beta_1": 0.0002606698318322018, "beta_T": 0.014703311866724827, "T": 445.62925475897424}, "parameter_index": 0}',
    index: 0
  },
  placementConstraint: { type: 'None', gpus: [] }
}
[2023-03-12 15:02:09] INFO (NNIManager) Trial job cdZOG status changed from WAITING to RUNNING
[2023-03-12 15:03:54] INFO (NNIManager) Trial job cdZOG status changed from RUNNING to SUCCEEDED
[2023-03-12 15:03:54] INFO (NNIManager) NNIManager received command from dispatcher: TR, {"parameter_id": 1, "parameter_source": "algorithm", "parameters": {"feat_drop": 0.30000000000000004, "attn_drop": 0.30000000000000004, "nhead": 2, "num_hidden": 256, "LR": 0.0006089663875818023, "LR_f": 0.0008973400700553179, "weight_decay_f": 3.1917547311618094e-06, "alpha": 0.4, "alpha_l": 1, "decay": 50.0, "norm": "layernorm", "beta_schedule": "const", "beta_1": 0.000842308485201869, "beta_T": 0.09942957361437199, "T": 206.69895593741137}, "parameter_index": 0}
[2023-03-12 15:03:59] INFO (NNIManager) submitTrialJob: form: {
  sequenceId: 1,
  hyperParameters: {
    value: '{"parameter_id": 1, "parameter_source": "algorithm", "parameters": {"feat_drop": 0.30000000000000004, "attn_drop": 0.30000000000000004, "nhead": 2, "num_hidden": 256, "LR": 0.0006089663875818023, "LR_f": 0.0008973400700553179, "weight_decay_f": 3.1917547311618094e-06, "alpha": 0.4, "alpha_l": 1, "decay": 50.0, "norm": "layernorm", "beta_schedule": "const", "beta_1": 0.000842308485201869, "beta_T": 0.09942957361437199, "T": 206.69895593741137}, "parameter_index": 0}',
    index: 0
  },
  placementConstraint: { type: 'None', gpus: [] }
}
[2023-03-12 15:04:04] INFO (NNIManager) Trial job okPsP status changed from WAITING to RUNNING
[2023-03-12 15:05:35] INFO (NNIManager) Trial job okPsP status changed from RUNNING to SUCCEEDED
[2023-03-12 15:05:35] INFO (NNIManager) NNIManager received command from dispatcher: TR, {"parameter_id": 2, "parameter_source": "algorithm", "parameters": {"feat_drop": 0.4, "attn_drop": 0.30000000000000004, "nhead": 4, "num_hidden": 256, "LR": 0.00035234283236994186, "LR_f": 0.005262672290153554, "weight_decay_f": 9.648168207301638e-05, "alpha": 0.8, "alpha_l": 3, "decay": 30.0, "norm": "batchnorm", "beta_schedule": "sigmoid", "beta_1": 0.0004047725812408974, "beta_T": 0.09292699964635454, "T": 594.6090495877214}, "parameter_index": 0}
[2023-03-12 15:05:40] INFO (NNIManager) submitTrialJob: form: {
  sequenceId: 2,
  hyperParameters: {
    value: '{"parameter_id": 2, "parameter_source": "algorithm", "parameters": {"feat_drop": 0.4, "attn_drop": 0.30000000000000004, "nhead": 4, "num_hidden": 256, "LR": 0.00035234283236994186, "LR_f": 0.005262672290153554, "weight_decay_f": 9.648168207301638e-05, "alpha": 0.8, "alpha_l": 3, "decay": 30.0, "norm": "batchnorm", "beta_schedule": "sigmoid", "beta_1": 0.0004047725812408974, "beta_T": 0.09292699964635454, "T": 594.6090495877214}, "parameter_index": 0}',
    index: 0
  },
  placementConstraint: { type: 'None', gpus: [] }
}
[2023-03-12 15:05:45] INFO (NNIManager) Trial job VwqKy status changed from WAITING to RUNNING
[2023-03-12 15:07:15] INFO (NNIManager) Trial job VwqKy status changed from RUNNING to SUCCEEDED
[2023-03-12 15:07:15] INFO (NNIManager) NNIManager received command from dispatcher: TR, {"parameter_id": 3, "parameter_source": "algorithm", "parameters": {"feat_drop": 0.30000000000000004, "attn_drop": 0.4, "nhead": 4, "num_hidden": 128, "LR": 0.0008684436379083497, "LR_f": 0.0011063119643931908, "weight_decay_f": 2.345411526383734e-06, "alpha": 1, "alpha_l": 3, "decay": 50.0, "norm": "layernorm", "beta_schedule": "quad", "beta_1": 0.0001123772771857972, "beta_T": 0.08017788524251422, "T": 539.9669574563156}, "parameter_index": 0}
[2023-03-12 15:07:20] INFO (NNIManager) submitTrialJob: form: {
  sequenceId: 3,
  hyperParameters: {
    value: '{"parameter_id": 3, "parameter_source": "algorithm", "parameters": {"feat_drop": 0.30000000000000004, "attn_drop": 0.4, "nhead": 4, "num_hidden": 128, "LR": 0.0008684436379083497, "LR_f": 0.0011063119643931908, "weight_decay_f": 2.345411526383734e-06, "alpha": 1, "alpha_l": 3, "decay": 50.0, "norm": "layernorm", "beta_schedule": "quad", "beta_1": 0.0001123772771857972, "beta_T": 0.08017788524251422, "T": 539.9669574563156}, "parameter_index": 0}',
    index: 0
  },
  placementConstraint: { type: 'None', gpus: [] }
}
[2023-03-12 15:07:25] INFO (NNIManager) Trial job jeqDp status changed from WAITING to RUNNING
[2023-03-12 15:09:00] INFO (NNIManager) Trial job jeqDp status changed from RUNNING to SUCCEEDED
[2023-03-12 15:09:00] INFO (NNIManager) NNIManager received command from dispatcher: TR, {"parameter_id": 4, "parameter_source": "algorithm", "parameters": {"feat_drop": 0.4, "attn_drop": 0.30000000000000004, "nhead": 4, "num_hidden": 1024, "LR": 0.0002277447284288464, "LR_f": 0.00022870801607868064, "weight_decay_f": 1.821559426898662e-05, "alpha": 0.8, "alpha_l": 1, "decay": 20.0, "norm": "layernorm", "beta_schedule": "sigmoid", "beta_1": 0.0004993035499392163, "beta_T": 0.030218853065290357, "T": 432.7432747643528}, "parameter_index": 0}
[2023-03-12 15:09:05] INFO (NNIManager) submitTrialJob: form: {
  sequenceId: 4,
  hyperParameters: {
    value: '{"parameter_id": 4, "parameter_source": "algorithm", "parameters": {"feat_drop": 0.4, "attn_drop": 0.30000000000000004, "nhead": 4, "num_hidden": 1024, "LR": 0.0002277447284288464, "LR_f": 0.00022870801607868064, "weight_decay_f": 1.821559426898662e-05, "alpha": 0.8, "alpha_l": 1, "decay": 20.0, "norm": "layernorm", "beta_schedule": "sigmoid", "beta_1": 0.0004993035499392163, "beta_T": 0.030218853065290357, "T": 432.7432747643528}, "parameter_index": 0}',
    index: 0
  },
  placementConstraint: { type: 'None', gpus: [] }
}
[2023-03-12 15:09:10] INFO (NNIManager) Trial job tIhBH status changed from WAITING to RUNNING
[2023-03-12 15:11:00] INFO (NNIManager) Trial job tIhBH status changed from RUNNING to SUCCEEDED
[2023-03-12 15:11:00] INFO (NNIManager) NNIManager received command from dispatcher: TR, {"parameter_id": 5, "parameter_source": "algorithm", "parameters": {"feat_drop": 0.5, "attn_drop": 0.2, "nhead": 2, "num_hidden": 128, "LR": 0.004554255499050831, "LR_f": 0.002899400481226237, "weight_decay_f": 1.9663932688689136e-06, "alpha": 0.8, "alpha_l": 2, "decay": 30.0, "norm": "layernorm", "beta_schedule": "quad", "beta_1": 0.0005200012366653556, "beta_T": 0.03563623379420164, "T": 985.8889905941085}, "parameter_index": 0}
[2023-03-12 15:11:05] INFO (NNIManager) submitTrialJob: form: {
  sequenceId: 5,
  hyperParameters: {
    value: '{"parameter_id": 5, "parameter_source": "algorithm", "parameters": {"feat_drop": 0.5, "attn_drop": 0.2, "nhead": 2, "num_hidden": 128, "LR": 0.004554255499050831, "LR_f": 0.002899400481226237, "weight_decay_f": 1.9663932688689136e-06, "alpha": 0.8, "alpha_l": 2, "decay": 30.0, "norm": "layernorm", "beta_schedule": "quad", "beta_1": 0.0005200012366653556, "beta_T": 0.03563623379420164, "T": 985.8889905941085}, "parameter_index": 0}',
    index: 0
  },
  placementConstraint: { type: 'None', gpus: [] }
}
[2023-03-12 15:11:10] INFO (NNIManager) Trial job CATP6 status changed from WAITING to RUNNING
[2023-03-12 15:12:35] INFO (NNIManager) Trial job CATP6 status changed from RUNNING to SUCCEEDED
[2023-03-12 15:12:35] INFO (NNIManager) NNIManager received command from dispatcher: TR, {"parameter_id": 6, "parameter_source": "algorithm", "parameters": {"feat_drop": 0.4, "attn_drop": 0.4, "nhead": 4, "num_hidden": 512, "LR": 0.0020898462740120073, "LR_f": 0.0053986178214093595, "weight_decay_f": 0.0005736531911141525, "alpha": 1, "alpha_l": 3, "decay": 30.0, "norm": "layernorm", "beta_schedule": "quad", "beta_1": 0.0005946573055401824, "beta_T": 0.03786790765776315, "T": 430.64633058326973}, "parameter_index": 0}
[2023-03-12 15:12:40] INFO (NNIManager) submitTrialJob: form: {
  sequenceId: 6,
  hyperParameters: {
    value: '{"parameter_id": 6, "parameter_source": "algorithm", "parameters": {"feat_drop": 0.4, "attn_drop": 0.4, "nhead": 4, "num_hidden": 512, "LR": 0.0020898462740120073, "LR_f": 0.0053986178214093595, "weight_decay_f": 0.0005736531911141525, "alpha": 1, "alpha_l": 3, "decay": 30.0, "norm": "layernorm", "beta_schedule": "quad", "beta_1": 0.0005946573055401824, "beta_T": 0.03786790765776315, "T": 430.64633058326973}, "parameter_index": 0}',
    index: 0
  },
  placementConstraint: { type: 'None', gpus: [] }
}
[2023-03-12 15:12:45] INFO (NNIManager) Trial job ESUlx status changed from WAITING to RUNNING
[2023-03-12 15:14:15] INFO (NNIManager) Trial job ESUlx status changed from RUNNING to SUCCEEDED
[2023-03-12 15:14:15] INFO (NNIManager) NNIManager received command from dispatcher: TR, {"parameter_id": 7, "parameter_source": "algorithm", "parameters": {"feat_drop": 0.30000000000000004, "attn_drop": 0.5, "nhead": 4, "num_hidden": 1024, "LR": 7.71504092612918e-05, "LR_f": 0.0003380148108761211, "weight_decay_f": 4.10832592391772e-05, "alpha": 0.8, "alpha_l": 3, "decay": 10.0, "norm": "layernorm", "beta_schedule": "quad", "beta_1": 0.0008871722662015193, "beta_T": 0.04787012250785939, "T": 585.0528096006983}, "parameter_index": 0}
[2023-03-12 15:14:20] INFO (NNIManager) submitTrialJob: form: {
  sequenceId: 7,
  hyperParameters: {
    value: '{"parameter_id": 7, "parameter_source": "algorithm", "parameters": {"feat_drop": 0.30000000000000004, "attn_drop": 0.5, "nhead": 4, "num_hidden": 1024, "LR": 7.71504092612918e-05, "LR_f": 0.0003380148108761211, "weight_decay_f": 4.10832592391772e-05, "alpha": 0.8, "alpha_l": 3, "decay": 10.0, "norm": "layernorm", "beta_schedule": "quad", "beta_1": 0.0008871722662015193, "beta_T": 0.04787012250785939, "T": 585.0528096006983}, "parameter_index": 0}',
    index: 0
  },
  placementConstraint: { type: 'None', gpus: [] }
}
[2023-03-12 15:14:25] INFO (NNIManager) Trial job ARfJe status changed from WAITING to RUNNING
[2023-03-12 15:16:20] INFO (NNIManager) Trial job ARfJe status changed from RUNNING to SUCCEEDED
[2023-03-12 15:16:20] INFO (NNIManager) NNIManager received command from dispatcher: TR, {"parameter_id": 8, "parameter_source": "algorithm", "parameters": {"feat_drop": 0.2, "attn_drop": 0.30000000000000004, "nhead": 4, "num_hidden": 512, "LR": 5.3475224235672164e-05, "LR_f": 0.0002972034290526363, "weight_decay_f": 0.0005196118256986681, "alpha": 1, "alpha_l": 1, "decay": 50.0, "norm": "layernorm", "beta_schedule": "const", "beta_1": 0.0002452512798875136, "beta_T": 0.0944999094702435, "T": 657.7676047248036}, "parameter_index": 0}
[2023-03-12 15:16:25] INFO (NNIManager) submitTrialJob: form: {
  sequenceId: 8,
  hyperParameters: {
    value: '{"parameter_id": 8, "parameter_source": "algorithm", "parameters": {"feat_drop": 0.2, "attn_drop": 0.30000000000000004, "nhead": 4, "num_hidden": 512, "LR": 5.3475224235672164e-05, "LR_f": 0.0002972034290526363, "weight_decay_f": 0.0005196118256986681, "alpha": 1, "alpha_l": 1, "decay": 50.0, "norm": "layernorm", "beta_schedule": "const", "beta_1": 0.0002452512798875136, "beta_T": 0.0944999094702435, "T": 657.7676047248036}, "parameter_index": 0}',
    index: 0
  },
  placementConstraint: { type: 'None', gpus: [] }
}
[2023-03-12 15:16:30] INFO (NNIManager) Trial job EXpui status changed from WAITING to RUNNING
[2023-03-12 15:18:15] INFO (NNIManager) Trial job EXpui status changed from RUNNING to SUCCEEDED
[2023-03-12 15:18:15] INFO (NNIManager) NNIManager received command from dispatcher: TR, {"parameter_id": 9, "parameter_source": "algorithm", "parameters": {"feat_drop": 0.5, "attn_drop": 0.2, "nhead": 2, "num_hidden": 1024, "LR": 0.0008511292860105541, "LR_f": 0.03170640631440466, "weight_decay_f": 3.190970654184561e-06, "alpha": 0.4, "alpha_l": 2, "decay": 40.0, "norm": "layernorm", "beta_schedule": "linear", "beta_1": 0.0008696230954375464, "beta_T": 0.03882539732057615, "T": 498.87544328432176}, "parameter_index": 0}
[2023-03-12 15:18:20] INFO (NNIManager) submitTrialJob: form: {
  sequenceId: 9,
  hyperParameters: {
    value: '{"parameter_id": 9, "parameter_source": "algorithm", "parameters": {"feat_drop": 0.5, "attn_drop": 0.2, "nhead": 2, "num_hidden": 1024, "LR": 0.0008511292860105541, "LR_f": 0.03170640631440466, "weight_decay_f": 3.190970654184561e-06, "alpha": 0.4, "alpha_l": 2, "decay": 40.0, "norm": "layernorm", "beta_schedule": "linear", "beta_1": 0.0008696230954375464, "beta_T": 0.03882539732057615, "T": 498.87544328432176}, "parameter_index": 0}',
    index: 0
  },
  placementConstraint: { type: 'None', gpus: [] }
}
[2023-03-12 15:18:25] INFO (NNIManager) Trial job qC5W0 status changed from WAITING to RUNNING
[2023-03-12 15:20:11] INFO (NNIManager) Trial job qC5W0 status changed from RUNNING to SUCCEEDED
[2023-03-12 15:20:11] INFO (NNIManager) NNIManager received command from dispatcher: TR, {"parameter_id": 10, "parameter_source": "algorithm", "parameters": {"feat_drop": 0.1, "attn_drop": 0.4, "nhead": 2, "num_hidden": 512, "LR": 0.00013760129840484397, "LR_f": 0.00011134238020047443, "weight_decay_f": 2.1849168123948466e-06, "alpha": 1, "alpha_l": 2, "decay": 20.0, "norm": "batchnorm", "beta_schedule": "const", "beta_1": 8.879159845130884e-05, "beta_T": 0.0461954400315049, "T": 337.50242770516036}, "parameter_index": 0}
[2023-03-12 15:20:16] INFO (NNIManager) submitTrialJob: form: {
  sequenceId: 10,
  hyperParameters: {
    value: '{"parameter_id": 10, "parameter_source": "algorithm", "parameters": {"feat_drop": 0.1, "attn_drop": 0.4, "nhead": 2, "num_hidden": 512, "LR": 0.00013760129840484397, "LR_f": 0.00011134238020047443, "weight_decay_f": 2.1849168123948466e-06, "alpha": 1, "alpha_l": 2, "decay": 20.0, "norm": "batchnorm", "beta_schedule": "const", "beta_1": 8.879159845130884e-05, "beta_T": 0.0461954400315049, "T": 337.50242770516036}, "parameter_index": 0}',
    index: 0
  },
  placementConstraint: { type: 'None', gpus: [] }
}
[2023-03-12 15:20:21] INFO (NNIManager) Trial job xE0W4 status changed from WAITING to RUNNING
[2023-03-12 15:22:26] INFO (NNIManager) Trial job xE0W4 status changed from RUNNING to SUCCEEDED
[2023-03-12 15:22:26] INFO (NNIManager) NNIManager received command from dispatcher: TR, {"parameter_id": 11, "parameter_source": "algorithm", "parameters": {"feat_drop": 0.30000000000000004, "attn_drop": 0.1, "nhead": 4, "num_hidden": 256, "LR": 0.0021129540041112077, "LR_f": 0.04435114645427554, "weight_decay_f": 0.0008884924254548888, "alpha": 1, "alpha_l": 3, "decay": 40.0, "norm": "layernorm", "beta_schedule": "quad", "beta_1": 0.00031747446486850235, "beta_T": 0.031075875821840602, "T": 277.56999464864066}, "parameter_index": 0}
[2023-03-12 15:22:31] INFO (NNIManager) submitTrialJob: form: {
  sequenceId: 11,
  hyperParameters: {
    value: '{"parameter_id": 11, "parameter_source": "algorithm", "parameters": {"feat_drop": 0.30000000000000004, "attn_drop": 0.1, "nhead": 4, "num_hidden": 256, "LR": 0.0021129540041112077, "LR_f": 0.04435114645427554, "weight_decay_f": 0.0008884924254548888, "alpha": 1, "alpha_l": 3, "decay": 40.0, "norm": "layernorm", "beta_schedule": "quad", "beta_1": 0.00031747446486850235, "beta_T": 0.031075875821840602, "T": 277.56999464864066}, "parameter_index": 0}',
    index: 0
  },
  placementConstraint: { type: 'None', gpus: [] }
}
[2023-03-12 15:22:36] INFO (NNIManager) Trial job hlddo status changed from WAITING to RUNNING
[2023-03-12 15:24:21] INFO (NNIManager) Trial job hlddo status changed from RUNNING to SUCCEEDED
[2023-03-12 15:24:21] INFO (NNIManager) NNIManager received command from dispatcher: TR, {"parameter_id": 12, "parameter_source": "algorithm", "parameters": {"feat_drop": 0.4, "attn_drop": 0.30000000000000004, "nhead": 2, "num_hidden": 256, "LR": 5.8074177104160926e-05, "LR_f": 0.00022514328833466682, "weight_decay_f": 3.2591170471951076e-05, "alpha": 0.8, "alpha_l": 3, "decay": 20.0, "norm": "batchnorm", "beta_schedule": "sigmoid", "beta_1": 0.00038592064903399635, "beta_T": 0.016047505142232053, "T": 790.3692241343946}, "parameter_index": 0}
[2023-03-12 15:24:26] INFO (NNIManager) submitTrialJob: form: {
  sequenceId: 12,
  hyperParameters: {
    value: '{"parameter_id": 12, "parameter_source": "algorithm", "parameters": {"feat_drop": 0.4, "attn_drop": 0.30000000000000004, "nhead": 2, "num_hidden": 256, "LR": 5.8074177104160926e-05, "LR_f": 0.00022514328833466682, "weight_decay_f": 3.2591170471951076e-05, "alpha": 0.8, "alpha_l": 3, "decay": 20.0, "norm": "batchnorm", "beta_schedule": "sigmoid", "beta_1": 0.00038592064903399635, "beta_T": 0.016047505142232053, "T": 790.3692241343946}, "parameter_index": 0}',
    index: 0
  },
  placementConstraint: { type: 'None', gpus: [] }
}
[2023-03-12 15:24:31] INFO (NNIManager) Trial job e5YeK status changed from WAITING to RUNNING
[2023-03-12 15:26:41] INFO (NNIManager) Trial job e5YeK status changed from RUNNING to SUCCEEDED
[2023-03-12 15:26:41] INFO (NNIManager) NNIManager received command from dispatcher: TR, {"parameter_id": 13, "parameter_source": "algorithm", "parameters": {"feat_drop": 0.4, "attn_drop": 0.30000000000000004, "nhead": 2, "num_hidden": 1024, "LR": 0.004778518813896986, "LR_f": 0.04497421312943547, "weight_decay_f": 3.1777585611716654e-06, "alpha": 1, "alpha_l": 1, "decay": 30.0, "norm": "batchnorm", "beta_schedule": "sigmoid", "beta_1": 0.00018493784175041515, "beta_T": 0.04117562028622102, "T": 336.2104932563337}, "parameter_index": 0}
[2023-03-12 15:26:46] INFO (NNIManager) submitTrialJob: form: {
  sequenceId: 13,
  hyperParameters: {
    value: '{"parameter_id": 13, "parameter_source": "algorithm", "parameters": {"feat_drop": 0.4, "attn_drop": 0.30000000000000004, "nhead": 2, "num_hidden": 1024, "LR": 0.004778518813896986, "LR_f": 0.04497421312943547, "weight_decay_f": 3.1777585611716654e-06, "alpha": 1, "alpha_l": 1, "decay": 30.0, "norm": "batchnorm", "beta_schedule": "sigmoid", "beta_1": 0.00018493784175041515, "beta_T": 0.04117562028622102, "T": 336.2104932563337}, "parameter_index": 0}',
    index: 0
  },
  placementConstraint: { type: 'None', gpus: [] }
}
[2023-03-12 15:26:51] INFO (NNIManager) Trial job JCXWA status changed from WAITING to RUNNING
[2023-03-12 15:28:36] INFO (NNIManager) Trial job JCXWA status changed from RUNNING to SUCCEEDED
[2023-03-12 15:28:36] INFO (NNIManager) NNIManager received command from dispatcher: TR, {"parameter_id": 14, "parameter_source": "algorithm", "parameters": {"feat_drop": 0.30000000000000004, "attn_drop": 0.5, "nhead": 2, "num_hidden": 512, "LR": 0.00043659741426598436, "LR_f": 0.0006231222225889924, "weight_decay_f": 1.6431476773959738e-05, "alpha": 0.4, "alpha_l": 3, "decay": 30.0, "norm": "layernorm", "beta_schedule": "sigmoid", "beta_1": 0.0005972625964959972, "beta_T": 0.07330938019169989, "T": 176.78613914951234}, "parameter_index": 0}
[2023-03-12 15:28:41] INFO (NNIManager) submitTrialJob: form: {
  sequenceId: 14,
  hyperParameters: {
    value: '{"parameter_id": 14, "parameter_source": "algorithm", "parameters": {"feat_drop": 0.30000000000000004, "attn_drop": 0.5, "nhead": 2, "num_hidden": 512, "LR": 0.00043659741426598436, "LR_f": 0.0006231222225889924, "weight_decay_f": 1.6431476773959738e-05, "alpha": 0.4, "alpha_l": 3, "decay": 30.0, "norm": "layernorm", "beta_schedule": "sigmoid", "beta_1": 0.0005972625964959972, "beta_T": 0.07330938019169989, "T": 176.78613914951234}, "parameter_index": 0}',
    index: 0
  },
  placementConstraint: { type: 'None', gpus: [] }
}
[2023-03-12 15:28:46] INFO (NNIManager) Trial job XWY92 status changed from WAITING to RUNNING
[2023-03-12 15:28:56] INFO (NNIManager) Trial job XWY92 status changed from RUNNING to FAILED
[2023-03-12 15:28:56] INFO (NNIManager) NNIManager received command from dispatcher: TR, {"parameter_id": 15, "parameter_source": "algorithm", "parameters": {"feat_drop": 0.5, "attn_drop": 0.5, "nhead": 4, "num_hidden": 128, "LR": 0.002269562199673881, "LR_f": 0.0010548202681085028, "weight_decay_f": 4.3692178882948065e-06, "alpha": 0.4, "alpha_l": 3, "decay": 50.0, "norm": "batchnorm", "beta_schedule": "quad", "beta_1": 0.0009455359610431516, "beta_T": 0.08164601781399011, "T": 367.14007788862995}, "parameter_index": 0}
[2023-03-12 15:29:01] INFO (NNIManager) submitTrialJob: form: {
  sequenceId: 15,
  hyperParameters: {
    value: '{"parameter_id": 15, "parameter_source": "algorithm", "parameters": {"feat_drop": 0.5, "attn_drop": 0.5, "nhead": 4, "num_hidden": 128, "LR": 0.002269562199673881, "LR_f": 0.0010548202681085028, "weight_decay_f": 4.3692178882948065e-06, "alpha": 0.4, "alpha_l": 3, "decay": 50.0, "norm": "batchnorm", "beta_schedule": "quad", "beta_1": 0.0009455359610431516, "beta_T": 0.08164601781399011, "T": 367.14007788862995}, "parameter_index": 0}',
    index: 0
  },
  placementConstraint: { type: 'None', gpus: [] }
}
[2023-03-12 15:29:06] INFO (NNIManager) Trial job lb3ho status changed from WAITING to RUNNING
[2023-03-12 15:30:36] INFO (NNIManager) Trial job lb3ho status changed from RUNNING to SUCCEEDED
[2023-03-12 15:30:36] INFO (NNIManager) NNIManager received command from dispatcher: TR, {"parameter_id": 16, "parameter_source": "algorithm", "parameters": {"feat_drop": 0.2, "attn_drop": 0.5, "nhead": 2, "num_hidden": 128, "LR": 0.000631931117431612, "LR_f": 0.00024213660124336223, "weight_decay_f": 6.031261084441198e-06, "alpha": 0.8, "alpha_l": 3, "decay": 50.0, "norm": "batchnorm", "beta_schedule": "sigmoid", "beta_1": 0.0007682626119314806, "beta_T": 0.010413472640067164, "T": 380.6339170449137}, "parameter_index": 0}
[2023-03-12 15:30:41] INFO (NNIManager) submitTrialJob: form: {
  sequenceId: 16,
  hyperParameters: {
    value: '{"parameter_id": 16, "parameter_source": "algorithm", "parameters": {"feat_drop": 0.2, "attn_drop": 0.5, "nhead": 2, "num_hidden": 128, "LR": 0.000631931117431612, "LR_f": 0.00024213660124336223, "weight_decay_f": 6.031261084441198e-06, "alpha": 0.8, "alpha_l": 3, "decay": 50.0, "norm": "batchnorm", "beta_schedule": "sigmoid", "beta_1": 0.0007682626119314806, "beta_T": 0.010413472640067164, "T": 380.6339170449137}, "parameter_index": 0}',
    index: 0
  },
  placementConstraint: { type: 'None', gpus: [] }
}
[2023-03-12 15:30:46] INFO (NNIManager) Trial job aRBti status changed from WAITING to RUNNING
[2023-03-12 15:32:31] INFO (NNIManager) Trial job aRBti status changed from RUNNING to SUCCEEDED
[2023-03-12 15:32:31] INFO (NNIManager) NNIManager received command from dispatcher: TR, {"parameter_id": 17, "parameter_source": "algorithm", "parameters": {"feat_drop": 0.4, "attn_drop": 0.30000000000000004, "nhead": 2, "num_hidden": 128, "LR": 0.001143346936094797, "LR_f": 0.002291604216758772, "weight_decay_f": 5.226584208774599e-05, "alpha": 1, "alpha_l": 1, "decay": 40.0, "norm": "layernorm", "beta_schedule": "const", "beta_1": 0.0006856888813265527, "beta_T": 0.07197061207058149, "T": 689.7249319732493}, "parameter_index": 0}
[2023-03-12 15:32:36] INFO (NNIManager) submitTrialJob: form: {
  sequenceId: 17,
  hyperParameters: {
    value: '{"parameter_id": 17, "parameter_source": "algorithm", "parameters": {"feat_drop": 0.4, "attn_drop": 0.30000000000000004, "nhead": 2, "num_hidden": 128, "LR": 0.001143346936094797, "LR_f": 0.002291604216758772, "weight_decay_f": 5.226584208774599e-05, "alpha": 1, "alpha_l": 1, "decay": 40.0, "norm": "layernorm", "beta_schedule": "const", "beta_1": 0.0006856888813265527, "beta_T": 0.07197061207058149, "T": 689.7249319732493}, "parameter_index": 0}',
    index: 0
  },
  placementConstraint: { type: 'None', gpus: [] }
}
[2023-03-12 15:32:41] INFO (NNIManager) Trial job yV4KY status changed from WAITING to RUNNING
[2023-03-12 15:34:12] INFO (NNIManager) Trial job yV4KY status changed from RUNNING to SUCCEEDED
[2023-03-12 15:34:12] INFO (NNIManager) NNIManager received command from dispatcher: TR, {"parameter_id": 18, "parameter_source": "algorithm", "parameters": {"feat_drop": 0.4, "attn_drop": 0.30000000000000004, "nhead": 4, "num_hidden": 128, "LR": 0.0012680355769871376, "LR_f": 0.00023037348513437305, "weight_decay_f": 9.927255979397174e-05, "alpha": 0.8, "alpha_l": 1, "decay": 40.0, "norm": "batchnorm", "beta_schedule": "quad", "beta_1": 0.0008339853119250794, "beta_T": 0.09268012593079258, "T": 660.7749507938797}, "parameter_index": 0}
[2023-03-12 15:34:17] INFO (NNIManager) submitTrialJob: form: {
  sequenceId: 18,
  hyperParameters: {
    value: '{"parameter_id": 18, "parameter_source": "algorithm", "parameters": {"feat_drop": 0.4, "attn_drop": 0.30000000000000004, "nhead": 4, "num_hidden": 128, "LR": 0.0012680355769871376, "LR_f": 0.00023037348513437305, "weight_decay_f": 9.927255979397174e-05, "alpha": 0.8, "alpha_l": 1, "decay": 40.0, "norm": "batchnorm", "beta_schedule": "quad", "beta_1": 0.0008339853119250794, "beta_T": 0.09268012593079258, "T": 660.7749507938797}, "parameter_index": 0}',
    index: 0
  },
  placementConstraint: { type: 'None', gpus: [] }
}
[2023-03-12 15:34:22] INFO (NNIManager) Trial job ghAwu status changed from WAITING to RUNNING
[2023-03-12 15:35:47] INFO (NNIManager) Trial job ghAwu status changed from RUNNING to SUCCEEDED
[2023-03-12 15:35:47] INFO (NNIManager) NNIManager received command from dispatcher: TR, {"parameter_id": 19, "parameter_source": "algorithm", "parameters": {"feat_drop": 0.5, "attn_drop": 0.2, "nhead": 2, "num_hidden": 512, "LR": 0.0010351619786884514, "LR_f": 0.00019508673334339507, "weight_decay_f": 0.00017638769475826133, "alpha": 0.4, "alpha_l": 1, "decay": 10.0, "norm": "layernorm", "beta_schedule": "const", "beta_1": 0.0007751138832019969, "beta_T": 0.07079566437205302, "T": 756.0542436731661}, "parameter_index": 0}
[2023-03-12 15:35:52] INFO (NNIManager) submitTrialJob: form: {
  sequenceId: 19,
  hyperParameters: {
    value: '{"parameter_id": 19, "parameter_source": "algorithm", "parameters": {"feat_drop": 0.5, "attn_drop": 0.2, "nhead": 2, "num_hidden": 512, "LR": 0.0010351619786884514, "LR_f": 0.00019508673334339507, "weight_decay_f": 0.00017638769475826133, "alpha": 0.4, "alpha_l": 1, "decay": 10.0, "norm": "layernorm", "beta_schedule": "const", "beta_1": 0.0007751138832019969, "beta_T": 0.07079566437205302, "T": 756.0542436731661}, "parameter_index": 0}',
    index: 0
  },
  placementConstraint: { type: 'None', gpus: [] }
}
[2023-03-12 15:35:57] INFO (NNIManager) Trial job SEkUr status changed from WAITING to RUNNING
[2023-03-12 15:37:32] INFO (NNIManager) Trial job SEkUr status changed from RUNNING to SUCCEEDED
[2023-03-12 15:37:32] INFO (NNIManager) NNIManager received command from dispatcher: TR, {"parameter_id": 20, "parameter_source": "algorithm", "parameters": {"feat_drop": 0.4, "attn_drop": 0.2, "nhead": 2, "num_hidden": 128, "LR": 0.0008759894515752239, "LR_f": 0.0010807014813549193, "weight_decay_f": 0.00017934402221745786, "alpha": 0.4, "alpha_l": 1, "decay": 20.0, "norm": "batchnorm", "beta_schedule": "linear", "beta_1": 0.0005574109292075365, "beta_T": 0.011550957488758676, "T": 859.3399585665538}, "parameter_index": 0}
[2023-03-12 15:37:37] INFO (NNIManager) submitTrialJob: form: {
  sequenceId: 20,
  hyperParameters: {
    value: '{"parameter_id": 20, "parameter_source": "algorithm", "parameters": {"feat_drop": 0.4, "attn_drop": 0.2, "nhead": 2, "num_hidden": 128, "LR": 0.0008759894515752239, "LR_f": 0.0010807014813549193, "weight_decay_f": 0.00017934402221745786, "alpha": 0.4, "alpha_l": 1, "decay": 20.0, "norm": "batchnorm", "beta_schedule": "linear", "beta_1": 0.0005574109292075365, "beta_T": 0.011550957488758676, "T": 859.3399585665538}, "parameter_index": 0}',
    index: 0
  },
  placementConstraint: { type: 'None', gpus: [] }
}
[2023-03-12 15:37:42] INFO (NNIManager) Trial job rXHLY status changed from WAITING to RUNNING
[2023-03-12 15:39:22] INFO (NNIManager) Trial job rXHLY status changed from RUNNING to SUCCEEDED
[2023-03-12 15:39:22] INFO (NNIManager) NNIManager received command from dispatcher: TR, {"parameter_id": 21, "parameter_source": "algorithm", "parameters": {"feat_drop": 0.30000000000000004, "attn_drop": 0.4, "nhead": 4, "num_hidden": 1024, "LR": 0.0002656529922064724, "LR_f": 0.010415190089389813, "weight_decay_f": 1.19436854160462e-05, "alpha": 0.8, "alpha_l": 1, "decay": 30.0, "norm": "batchnorm", "beta_schedule": "sigmoid", "beta_1": 0.00044072453106609575, "beta_T": 0.0607619761893935, "T": 148.66261121906592}, "parameter_index": 0}
[2023-03-12 15:39:27] INFO (NNIManager) submitTrialJob: form: {
  sequenceId: 21,
  hyperParameters: {
    value: '{"parameter_id": 21, "parameter_source": "algorithm", "parameters": {"feat_drop": 0.30000000000000004, "attn_drop": 0.4, "nhead": 4, "num_hidden": 1024, "LR": 0.0002656529922064724, "LR_f": 0.010415190089389813, "weight_decay_f": 1.19436854160462e-05, "alpha": 0.8, "alpha_l": 1, "decay": 30.0, "norm": "batchnorm", "beta_schedule": "sigmoid", "beta_1": 0.00044072453106609575, "beta_T": 0.0607619761893935, "T": 148.66261121906592}, "parameter_index": 0}',
    index: 0
  },
  placementConstraint: { type: 'None', gpus: [] }
}
[2023-03-12 15:39:32] INFO (NNIManager) Trial job i8lpo status changed from WAITING to RUNNING
[2023-03-12 15:39:42] INFO (NNIManager) Trial job i8lpo status changed from RUNNING to FAILED
[2023-03-12 15:39:42] INFO (NNIManager) NNIManager received command from dispatcher: TR, {"parameter_id": 22, "parameter_source": "algorithm", "parameters": {"feat_drop": 0.30000000000000004, "attn_drop": 0.4, "nhead": 4, "num_hidden": 1024, "LR": 0.0002467840815733256, "LR_f": 0.01573984461911004, "weight_decay_f": 1.0222628585254946e-05, "alpha": 0.8, "alpha_l": 2, "decay": 30.0, "norm": "batchnorm", "beta_schedule": "sigmoid", "beta_1": 0.00043282792382778336, "beta_T": 0.05774996865104611, "T": 107.87013954932166}, "parameter_index": 0}
[2023-03-12 15:39:47] INFO (NNIManager) submitTrialJob: form: {
  sequenceId: 22,
  hyperParameters: {
    value: '{"parameter_id": 22, "parameter_source": "algorithm", "parameters": {"feat_drop": 0.30000000000000004, "attn_drop": 0.4, "nhead": 4, "num_hidden": 1024, "LR": 0.0002467840815733256, "LR_f": 0.01573984461911004, "weight_decay_f": 1.0222628585254946e-05, "alpha": 0.8, "alpha_l": 2, "decay": 30.0, "norm": "batchnorm", "beta_schedule": "sigmoid", "beta_1": 0.00043282792382778336, "beta_T": 0.05774996865104611, "T": 107.87013954932166}, "parameter_index": 0}',
    index: 0
  },
  placementConstraint: { type: 'None', gpus: [] }
}
[2023-03-12 15:39:52] INFO (NNIManager) Trial job a7t3i status changed from WAITING to RUNNING
[2023-03-12 15:40:02] INFO (NNIManager) Trial job a7t3i status changed from RUNNING to FAILED
[2023-03-12 15:40:02] INFO (NNIManager) NNIManager received command from dispatcher: TR, {"parameter_id": 23, "parameter_source": "algorithm", "parameters": {"feat_drop": 0.2, "attn_drop": 0.4, "nhead": 4, "num_hidden": 1024, "LR": 0.0002809827522107291, "LR_f": 0.011983674049676131, "weight_decay_f": 1.269334547202584e-05, "alpha": 0.8, "alpha_l": 1, "decay": 30.0, "norm": "batchnorm", "beta_schedule": "sigmoid", "beta_1": 0.00044730458548963365, "beta_T": 0.059695284883301, "T": 585.2154040995491}, "parameter_index": 0}
[2023-03-12 15:40:07] INFO (NNIManager) submitTrialJob: form: {
  sequenceId: 23,
  hyperParameters: {
    value: '{"parameter_id": 23, "parameter_source": "algorithm", "parameters": {"feat_drop": 0.2, "attn_drop": 0.4, "nhead": 4, "num_hidden": 1024, "LR": 0.0002809827522107291, "LR_f": 0.011983674049676131, "weight_decay_f": 1.269334547202584e-05, "alpha": 0.8, "alpha_l": 1, "decay": 30.0, "norm": "batchnorm", "beta_schedule": "sigmoid", "beta_1": 0.00044730458548963365, "beta_T": 0.059695284883301, "T": 585.2154040995491}, "parameter_index": 0}',
    index: 0
  },
  placementConstraint: { type: 'None', gpus: [] }
}
[2023-03-12 15:40:12] INFO (NNIManager) Trial job IZqzF status changed from WAITING to RUNNING
[2023-03-12 15:42:02] INFO (NNIManager) Trial job IZqzF status changed from RUNNING to SUCCEEDED
[2023-03-12 15:42:02] INFO (NNIManager) NNIManager received command from dispatcher: TR, {"parameter_id": 24, "parameter_source": "algorithm", "parameters": {"feat_drop": 0.4, "attn_drop": 0.2, "nhead": 4, "num_hidden": 256, "LR": 0.00021132566455942718, "LR_f": 0.008605630746050613, "weight_decay_f": 1.3661890148939258e-05, "alpha": 0.8, "alpha_l": 2, "decay": 30.0, "norm": "batchnorm", "beta_schedule": "sigmoid", "beta_1": 0.00040908351364658173, "beta_T": 0.02555436001767622, "T": 981.7505058883758}, "parameter_index": 0}
[2023-03-12 15:42:07] INFO (NNIManager) submitTrialJob: form: {
  sequenceId: 24,
  hyperParameters: {
    value: '{"parameter_id": 24, "parameter_source": "algorithm", "parameters": {"feat_drop": 0.4, "attn_drop": 0.2, "nhead": 4, "num_hidden": 256, "LR": 0.00021132566455942718, "LR_f": 0.008605630746050613, "weight_decay_f": 1.3661890148939258e-05, "alpha": 0.8, "alpha_l": 2, "decay": 30.0, "norm": "batchnorm", "beta_schedule": "sigmoid", "beta_1": 0.00040908351364658173, "beta_T": 0.02555436001767622, "T": 981.7505058883758}, "parameter_index": 0}',
    index: 0
  },
  placementConstraint: { type: 'None', gpus: [] }
}
[2023-03-12 15:42:12] INFO (NNIManager) Trial job ypGmU status changed from WAITING to RUNNING
[2023-03-12 15:43:42] INFO (NNIManager) Trial job ypGmU status changed from RUNNING to SUCCEEDED
[2023-03-12 15:43:42] INFO (NNIManager) NNIManager received command from dispatcher: TR, {"parameter_id": 25, "parameter_source": "algorithm", "parameters": {"feat_drop": 0.30000000000000004, "attn_drop": 0.4, "nhead": 4, "num_hidden": 1024, "LR": 0.00013554663154999945, "LR_f": 0.01862122997011464, "weight_decay_f": 1.4472974736532518e-05, "alpha": 0.8, "alpha_l": 3, "decay": 20.0, "norm": "layernorm", "beta_schedule": "sigmoid", "beta_1": 0.0006513690950267824, "beta_T": 0.0583633223938854, "T": 128.81908850772055}, "parameter_index": 0}
[2023-03-12 15:43:47] INFO (NNIManager) submitTrialJob: form: {
  sequenceId: 25,
  hyperParameters: {
    value: '{"parameter_id": 25, "parameter_source": "algorithm", "parameters": {"feat_drop": 0.30000000000000004, "attn_drop": 0.4, "nhead": 4, "num_hidden": 1024, "LR": 0.00013554663154999945, "LR_f": 0.01862122997011464, "weight_decay_f": 1.4472974736532518e-05, "alpha": 0.8, "alpha_l": 3, "decay": 20.0, "norm": "layernorm", "beta_schedule": "sigmoid", "beta_1": 0.0006513690950267824, "beta_T": 0.0583633223938854, "T": 128.81908850772055}, "parameter_index": 0}',
    index: 0
  },
  placementConstraint: { type: 'None', gpus: [] }
}
[2023-03-12 15:43:52] INFO (NNIManager) Trial job q6qSh status changed from WAITING to RUNNING
[2023-03-12 15:44:02] INFO (NNIManager) Trial job q6qSh status changed from RUNNING to FAILED
[2023-03-12 15:44:02] INFO (NNIManager) NNIManager received command from dispatcher: TR, {"parameter_id": 26, "parameter_source": "algorithm", "parameters": {"feat_drop": 0.30000000000000004, "attn_drop": 0.4, "nhead": 4, "num_hidden": 1024, "LR": 0.0001105477798233179, "LR_f": 0.020594228949711187, "weight_decay_f": 1.5692015231294377e-05, "alpha": 0.8, "alpha_l": 1, "decay": 20.0, "norm": "layernorm", "beta_schedule": "sigmoid", "beta_1": 0.000651257291142466, "beta_T": 0.05942896093612217, "T": 112.62511906173131}, "parameter_index": 0}
[2023-03-12 15:44:07] INFO (NNIManager) submitTrialJob: form: {
  sequenceId: 26,
  hyperParameters: {
    value: '{"parameter_id": 26, "parameter_source": "algorithm", "parameters": {"feat_drop": 0.30000000000000004, "attn_drop": 0.4, "nhead": 4, "num_hidden": 1024, "LR": 0.0001105477798233179, "LR_f": 0.020594228949711187, "weight_decay_f": 1.5692015231294377e-05, "alpha": 0.8, "alpha_l": 1, "decay": 20.0, "norm": "layernorm", "beta_schedule": "sigmoid", "beta_1": 0.000651257291142466, "beta_T": 0.05942896093612217, "T": 112.62511906173131}, "parameter_index": 0}',
    index: 0
  },
  placementConstraint: { type: 'None', gpus: [] }
}
[2023-03-12 15:44:12] INFO (NNIManager) Trial job gF1Vf status changed from WAITING to RUNNING
[2023-03-12 15:44:22] INFO (NNIManager) Trial job gF1Vf status changed from RUNNING to FAILED
[2023-03-12 15:44:22] INFO (NNIManager) NNIManager received command from dispatcher: TR, {"parameter_id": 27, "parameter_source": "algorithm", "parameters": {"feat_drop": 0.4, "attn_drop": 0.4, "nhead": 4, "num_hidden": 1024, "LR": 0.00013265484897264566, "LR_f": 0.015586618882721268, "weight_decay_f": 1.4948904001043107e-05, "alpha": 0.8, "alpha_l": 3, "decay": 20.0, "norm": "layernorm", "beta_schedule": "sigmoid", "beta_1": 0.0006238819103234692, "beta_T": 0.05751785877827913, "T": 127.43416207830506}, "parameter_index": 0}
[2023-03-12 15:44:27] INFO (NNIManager) submitTrialJob: form: {
  sequenceId: 27,
  hyperParameters: {
    value: '{"parameter_id": 27, "parameter_source": "algorithm", "parameters": {"feat_drop": 0.4, "attn_drop": 0.4, "nhead": 4, "num_hidden": 1024, "LR": 0.00013265484897264566, "LR_f": 0.015586618882721268, "weight_decay_f": 1.4948904001043107e-05, "alpha": 0.8, "alpha_l": 3, "decay": 20.0, "norm": "layernorm", "beta_schedule": "sigmoid", "beta_1": 0.0006238819103234692, "beta_T": 0.05751785877827913, "T": 127.43416207830506}, "parameter_index": 0}',
    index: 0
  },
  placementConstraint: { type: 'None', gpus: [] }
}
[2023-03-12 15:44:32] INFO (NNIManager) Trial job rELgL status changed from WAITING to RUNNING
[2023-03-12 15:44:42] INFO (NNIManager) Trial job rELgL status changed from RUNNING to FAILED
[2023-03-12 15:44:42] INFO (NNIManager) NNIManager received command from dispatcher: TR, {"parameter_id": 28, "parameter_source": "algorithm", "parameters": {"feat_drop": 0.4, "attn_drop": 0.4, "nhead": 4, "num_hidden": 1024, "LR": 0.0001220068858890086, "LR_f": 0.0151563520625417, "weight_decay_f": 1.6464343125364632e-05, "alpha": 0.8, "alpha_l": 3, "decay": 20.0, "norm": "batchnorm", "beta_schedule": "sigmoid", "beta_1": 0.0006362702631169674, "beta_T": 0.056328191840785205, "T": 107.12229258198812}, "parameter_index": 0}
[2023-03-12 15:44:47] INFO (NNIManager) submitTrialJob: form: {
  sequenceId: 28,
  hyperParameters: {
    value: '{"parameter_id": 28, "parameter_source": "algorithm", "parameters": {"feat_drop": 0.4, "attn_drop": 0.4, "nhead": 4, "num_hidden": 1024, "LR": 0.0001220068858890086, "LR_f": 0.0151563520625417, "weight_decay_f": 1.6464343125364632e-05, "alpha": 0.8, "alpha_l": 3, "decay": 20.0, "norm": "batchnorm", "beta_schedule": "sigmoid", "beta_1": 0.0006362702631169674, "beta_T": 0.056328191840785205, "T": 107.12229258198812}, "parameter_index": 0}',
    index: 0
  },
  placementConstraint: { type: 'None', gpus: [] }
}
[2023-03-12 15:44:52] INFO (NNIManager) Trial job W6HEh status changed from WAITING to RUNNING
[2023-03-12 15:45:02] INFO (NNIManager) Trial job W6HEh status changed from RUNNING to FAILED
[2023-03-12 15:45:02] INFO (NNIManager) NNIManager received command from dispatcher: TR, {"parameter_id": 29, "parameter_source": "algorithm", "parameters": {"feat_drop": 0.30000000000000004, "attn_drop": 0.4, "nhead": 4, "num_hidden": 1024, "LR": 0.00013420475958446587, "LR_f": 0.020116262207417305, "weight_decay_f": 1.5492281544244566e-05, "alpha": 0.8, "alpha_l": 3, "decay": 20.0, "norm": "layernorm", "beta_schedule": "sigmoid", "beta_1": 0.0006326338891681943, "beta_T": 0.05765236790828626, "T": 205.34614816003767}, "parameter_index": 0}
[2023-03-12 15:45:07] INFO (NNIManager) submitTrialJob: form: {
  sequenceId: 29,
  hyperParameters: {
    value: '{"parameter_id": 29, "parameter_source": "algorithm", "parameters": {"feat_drop": 0.30000000000000004, "attn_drop": 0.4, "nhead": 4, "num_hidden": 1024, "LR": 0.00013420475958446587, "LR_f": 0.020116262207417305, "weight_decay_f": 1.5492281544244566e-05, "alpha": 0.8, "alpha_l": 3, "decay": 20.0, "norm": "layernorm", "beta_schedule": "sigmoid", "beta_1": 0.0006326338891681943, "beta_T": 0.05765236790828626, "T": 205.34614816003767}, "parameter_index": 0}',
    index: 0
  },
  placementConstraint: { type: 'None', gpus: [] }
}
[2023-03-12 15:45:12] INFO (NNIManager) Trial job aIJ4Y status changed from WAITING to RUNNING
[2023-03-12 15:46:58] INFO (NNIManager) Trial job aIJ4Y status changed from RUNNING to SUCCEEDED
[2023-03-12 15:46:58] INFO (NNIManager) submitTrialJob: form: {
  sequenceId: 30,
  hyperParameters: {
    value: '{"parameter_id":null,"parameter_source":"customized","parameters":{"feat_drop":0.4,"attn_drop":0.4,"nhead":4,"num_hidden":1024,"LR":0.0001220068858890086,"LR_f":0.0151563520625417,"weight_decay_f":0.000016464343125364632,"alpha":0.8,"alpha_l":3,"decay":20,"norm":"batchnorm","beta_schedule":"sigmoid","beta_1":0.0006362702631169674,"beta_T":0.056328191840785205,"T":107.12229258198812}}',
    index: 0
  }
}
[2023-03-12 15:46:58] INFO (NNIManager) NNIManager received command from dispatcher: TR, {"parameter_id": 30, "parameter_source": "algorithm", "parameters": {"feat_drop": 0.4, "attn_drop": 0.2, "nhead": 4, "num_hidden": 256, "LR": 0.00026478361081258583, "LR_f": 0.004986701713092554, "weight_decay_f": 7.411112686217994e-05, "alpha": 0.8, "alpha_l": 1, "decay": 30.0, "norm": "batchnorm", "beta_schedule": "sigmoid", "beta_1": 0.0004843693873055817, "beta_T": 0.022392741299371084, "T": 488.202261351542}, "parameter_index": 0}
[2023-03-12 15:47:03] INFO (NNIManager) Trial job QTHqT status changed from WAITING to RUNNING
[2023-03-12 15:47:13] INFO (NNIManager) Trial job QTHqT status changed from RUNNING to FAILED
[2023-03-12 15:47:13] INFO (NNIManager) submitTrialJob: form: {
  sequenceId: 31,
  hyperParameters: {
    value: '{"parameter_id": 30, "parameter_source": "algorithm", "parameters": {"feat_drop": 0.4, "attn_drop": 0.2, "nhead": 4, "num_hidden": 256, "LR": 0.00026478361081258583, "LR_f": 0.004986701713092554, "weight_decay_f": 7.411112686217994e-05, "alpha": 0.8, "alpha_l": 1, "decay": 30.0, "norm": "batchnorm", "beta_schedule": "sigmoid", "beta_1": 0.0004843693873055817, "beta_T": 0.022392741299371084, "T": 488.202261351542}, "parameter_index": 0}',
    index: 0
  },
  placementConstraint: { type: 'None', gpus: [] }
}
[2023-03-12 15:47:13] INFO (NNIManager) NNIManager received command from dispatcher: TR, {"parameter_id": 31, "parameter_source": "algorithm", "parameters": {"feat_drop": 0.5, "attn_drop": 0.30000000000000004, "nhead": 4, "num_hidden": 1024, "LR": 0.00039224354973098064, "LR_f": 0.0006089542050621963, "weight_decay_f": 1.063443332706094e-06, "alpha": 0.8, "alpha_l": 1, "decay": 30.0, "norm": "batchnorm", "beta_schedule": "sigmoid", "beta_1": 0.00033059237627030836, "beta_T": 0.05826498189979164, "T": 867.4182926880699}, "parameter_index": 0}
[2023-03-12 15:47:18] INFO (NNIManager) Trial job szR2x status changed from WAITING to RUNNING
[2023-03-12 15:47:28] ERROR (tuner_command_channel.WebSocketChannel) Error: Error: tuner_command_channel: Tuner closed connection
    at WebSocket.handleWsClose (/root/miniconda3/envs/nni/lib/python3.8/site-packages/nni_node/core/tuner_command_channel/websocket_channel.js:83:26)
    at WebSocket.emit (node:events:538:35)
    at WebSocket.emitClose (/root/miniconda3/envs/nni/lib/python3.8/site-packages/nni_node/node_modules/express-ws/node_modules/ws/lib/websocket.js:246:10)
    at Socket.socketOnClose (/root/miniconda3/envs/nni/lib/python3.8/site-packages/nni_node/node_modules/express-ws/node_modules/ws/lib/websocket.js:1127:15)
    at Socket.emit (node:events:526:28)
    at TCP.<anonymous> (node:net:687:12)
