[2023-03-05 23:01:34] PRINT ---new cfg------
[2023-03-05 23:01:34] PRINT {'DATA': {'data_name': 'MUTAG', 'deg4feat': True}, 'DATALOADER': {'NUM_WORKERS': 0, 'BATCH_SIZE': 32}, 'MODEL': {'num_hidden': 512, 'num_layers': 2, 'nhead': 2, 'activation': 'prelu', 'attn_drop': 0.30000000000000004, 'feat_drop': 0.4, 'norm': 'layernorm', 'pooler': 'mean', 'beta_schedule': 'quad', 'beta_1': 0.0005128796059832887, 'beta_T': 0.05509722080106862, 'T': 894}, 'SOLVER': {'optim_type': 'adamw', 'optim_type_f': 'adamw', 'alpha': 0.8, 'decay': 40, 'LR': 0.0002212288447024859, 'weight_decay': 0.0005, 'MAX_EPOCH': 50}, 'DEVICE': 'cuda', 'seeds': [11], 'eval_T': [50, 100, 200], 'output_dir': '/root/autodl-tmp/ddm-nni/MUTAG/log', 'checkpoint_dir': '/root/autodl-tmp/ddm-nni/MUTAG/log/checkpoint'}
[2023-03-05 23:01:34] PRINT [03/05 23:01:34 graph]: Rank of current process: 0. World size: 1
[2023-03-05 23:01:38] PRINT [03/05 23:01:38 graph]: Environment info:
[2023-03-05 23:01:38] PRINT PyTorch version: 1.10.0+cu113
[2023-03-05 23:01:38] PRINT Is debug build: False
[2023-03-05 23:01:38] PRINT CUDA used to build PyTorch: 11.3
[2023-03-05 23:01:38] PRINT ROCM used to build PyTorch: N/A
[2023-03-05 23:01:38] PRINT 
[2023-03-05 23:01:38] PRINT OS: Ubuntu 20.04.3 LTS (x86_64)
[2023-03-05 23:01:38] PRINT GCC version: (Ubuntu 9.3.0-17ubuntu1~20.04) 9.3.0
[2023-03-05 23:01:38] PRINT Clang version: Could not collect
[2023-03-05 23:01:38] PRINT CMake version: version 3.16.3
[2023-03-05 23:01:38] PRINT Libc version: glibc-2.31
[2023-03-05 23:01:38] PRINT 
[2023-03-05 23:01:38] PRINT Python version: 3.8.10 (default, Jun  4 2021, 15:09:15)  [GCC 7.5.0] (64-bit runtime)
[2023-03-05 23:01:38] PRINT Python platform: Linux-5.4.0-90-generic-x86_64-with-glibc2.17
[2023-03-05 23:01:38] PRINT Is CUDA available: True
[2023-03-05 23:01:38] PRINT CUDA runtime version: 11.3.109
[2023-03-05 23:01:38] PRINT GPU models and configuration: GPU 0: NVIDIA GeForce RTX 3090
[2023-03-05 23:01:38] PRINT Nvidia driver version: 495.44
[2023-03-05 23:01:38] PRINT cuDNN version: Probably one of the following:
[2023-03-05 23:01:38] PRINT /usr/lib/x86_64-linux-gnu/libcudnn.so.8.2.0
[2023-03-05 23:01:38] PRINT /usr/lib/x86_64-linux-gnu/libcudnn_adv_infer.so.8.2.0
[2023-03-05 23:01:38] PRINT /usr/lib/x86_64-linux-gnu/libcudnn_adv_train.so.8.2.0
[2023-03-05 23:01:38] PRINT /usr/lib/x86_64-linux-gnu/libcudnn_cnn_infer.so.8.2.0
[2023-03-05 23:01:38] PRINT /usr/lib/x86_64-linux-gnu/libcudnn_cnn_train.so.8.2.0
[2023-03-05 23:01:38] PRINT /usr/lib/x86_64-linux-gnu/libcudnn_ops_infer.so.8.2.0
[2023-03-05 23:01:38] PRINT /usr/lib/x86_64-linux-gnu/libcudnn_ops_train.so.8.2.0
[2023-03-05 23:01:38] PRINT HIP runtime version: N/A
[2023-03-05 23:01:38] PRINT MIOpen runtime version: N/A
[2023-03-05 23:01:38] PRINT 
[2023-03-05 23:01:38] PRINT Versions of relevant libraries:
[2023-03-05 23:01:38] PRINT [pip3] numpy==1.23.5
[2023-03-05 23:01:38] PRINT [pip3] torch==1.10.0+cu113
[2023-03-05 23:01:38] PRINT [pip3] torchvision==0.11.1+cu113
[2023-03-05 23:01:38] PRINT [conda] blas                      1.0                         mkl    https://mirrors.ustc.edu.cn/anaconda/pkgs/main
[2023-03-05 23:01:38] PRINT [conda] mkl                       2021.4.0           h06a4308_640    https://mirrors.ustc.edu.cn/anaconda/pkgs/main
[2023-03-05 23:01:38] PRINT [conda] mkl-service               2.4.0            py38h7f8727e_0    https://mirrors.ustc.edu.cn/anaconda/pkgs/main
[2023-03-05 23:01:38] PRINT [conda] mkl_fft                   1.3.1            py38hd3c417c_0    https://mirrors.ustc.edu.cn/anaconda/pkgs/main
[2023-03-05 23:01:38] PRINT [conda] mkl_random                1.2.2            py38h51133e4_0    https://mirrors.ustc.edu.cn/anaconda/pkgs/main
[2023-03-05 23:01:38] PRINT [conda] numpy                     1.21.4                   pypi_0    pypi
[2023-03-05 23:01:38] PRINT [conda] numpy-base                1.23.5           py38h31eccc5_0    https://mirrors.ustc.edu.cn/anaconda/pkgs/main
[2023-03-05 23:01:38] PRINT [conda] torch                     1.10.0+cu113             pypi_0    pypi
[2023-03-05 23:01:38] PRINT [conda] torchvision               0.11.1+cu113             pypi_0    pypi
[2023-03-05 23:01:38] PRINT         Pillow (8.4.0)
[2023-03-05 23:01:38] PRINT [03/05 23:01:38 graph]: Command line arguments: Namespace(local_rank=0, resume=False, seed=1234, start_epoch=0)
[2023-03-05 23:01:38] PRINT Using degree as node features
[2023-03-05 23:01:39] PRINT ******** # Num Graphs: 188, # Num Feat: 5, # Num Classes: 2 ********
[2023-03-05 23:01:39] PRINT [03/05 23:01:39 graph]: Run 0th for seed 11
[2023-03-05 23:01:39] PRINT [03/05 23:01:39 graph]: Total trainable params num : 5198959
[2023-03-05 23:01:44] PRINT [03/05 23:01:44 graph]: ----------Start Training----------
[2023-03-05 23:01:45] PRINT [03/05 23:01:45 graph]: Epoch 0 | train_loss: 0.7891 | lr: 0.000221
[2023-03-05 23:01:45] PRINT [03/05 23:01:45 graph]: Epoch 1 | train_loss: 0.5636 | lr: 0.000221
[2023-03-05 23:01:45] PRINT [03/05 23:01:45 graph]: Epoch 2 | train_loss: 0.5201 | lr: 0.000221
[2023-03-05 23:01:49] PRINT [03/05 23:01:49 graph]: #Test_f1: 0.8456±0.0500
[2023-03-05 23:01:49] PRINT [03/05 23:01:49 graph]: Epoch 2: get test f1 score:  0.846
[2023-03-05 23:01:49] PRINT [03/05 23:01:49 graph]: best_f1 0.846 at epoch 2
[2023-03-05 23:01:49] PRINT [03/05 23:01:49 graph]: Epoch 3 | train_loss: 0.5030 | lr: 0.000221
[2023-03-05 23:01:53] PRINT [03/05 23:01:53 graph]: #Test_f1: 0.8561±0.0487
[2023-03-05 23:01:53] PRINT [03/05 23:01:53 graph]: Epoch 3: get test f1 score:  0.856
[2023-03-05 23:01:53] PRINT [03/05 23:01:53 graph]: best_f1 0.856 at epoch 3
[2023-03-05 23:01:53] PRINT [03/05 23:01:53 graph]: Epoch 4 | train_loss: 0.4673 | lr: 0.000221
[2023-03-05 23:01:57] PRINT [03/05 23:01:57 graph]: #Test_f1: 0.8351±0.0642
[2023-03-05 23:01:57] PRINT [03/05 23:01:57 graph]: Epoch 4: get test f1 score:  0.835
[2023-03-05 23:01:57] PRINT [03/05 23:01:57 graph]: best_f1 0.856 at epoch 3
[2023-03-05 23:01:58] PRINT [03/05 23:01:58 graph]: Epoch 5 | train_loss: 0.4413 | lr: 0.000221
[2023-03-05 23:02:01] PRINT [03/05 23:02:01 graph]: #Test_f1: 0.8398±0.0599
[2023-03-05 23:02:01] PRINT [03/05 23:02:01 graph]: Epoch 5: get test f1 score:  0.840
[2023-03-05 23:02:01] PRINT [03/05 23:02:01 graph]: best_f1 0.856 at epoch 3
[2023-03-05 23:02:02] PRINT [03/05 23:02:02 graph]: Epoch 6 | train_loss: 0.4081 | lr: 0.000221
[2023-03-05 23:02:05] PRINT [03/05 23:02:05 graph]: #Test_f1: 0.8348±0.0693
[2023-03-05 23:02:05] PRINT [03/05 23:02:05 graph]: Epoch 6: get test f1 score:  0.835
[2023-03-05 23:02:05] PRINT [03/05 23:02:05 graph]: best_f1 0.856 at epoch 3
[2023-03-05 23:02:05] PRINT [03/05 23:02:05 graph]: Epoch 7 | train_loss: 0.4057 | lr: 0.000221
[2023-03-05 23:02:08] PRINT [03/05 23:02:08 graph]: #Test_f1: 0.8620±0.0580
[2023-03-05 23:02:09] PRINT [03/05 23:02:09 graph]: Epoch 7: get test f1 score:  0.862
[2023-03-05 23:02:09] PRINT [03/05 23:02:09 graph]: best_f1 0.862 at epoch 7
[2023-03-05 23:02:09] PRINT [03/05 23:02:09 graph]: Epoch 8 | train_loss: 0.3780 | lr: 0.000221
[2023-03-05 23:02:12] PRINT [03/05 23:02:12 graph]: #Test_f1: 0.8456±0.0558
[2023-03-05 23:02:12] PRINT [03/05 23:02:12 graph]: Epoch 8: get test f1 score:  0.846
[2023-03-05 23:02:12] PRINT [03/05 23:02:12 graph]: best_f1 0.862 at epoch 7
[2023-03-05 23:02:12] PRINT [03/05 23:02:12 graph]: Epoch 9 | train_loss: 0.3727 | lr: 0.000221
[2023-03-05 23:02:15] PRINT [03/05 23:02:15 graph]: #Test_f1: 0.8567±0.0572
[2023-03-05 23:02:16] PRINT [03/05 23:02:16 graph]: Epoch 9: get test f1 score:  0.857
[2023-03-05 23:02:16] PRINT [03/05 23:02:16 graph]: best_f1 0.862 at epoch 7
[2023-03-05 23:02:16] PRINT [03/05 23:02:16 graph]: Epoch 10 | train_loss: 0.3603 | lr: 0.000221
[2023-03-05 23:02:19] PRINT [03/05 23:02:19 graph]: #Test_f1: 0.8725±0.0675
[2023-03-05 23:02:19] PRINT [03/05 23:02:19 graph]: Epoch 10: get test f1 score:  0.873
[2023-03-05 23:02:19] PRINT [03/05 23:02:19 graph]: best_f1 0.873 at epoch 10
[2023-03-05 23:02:19] PRINT [03/05 23:02:19 graph]: Epoch 11 | train_loss: 0.3584 | lr: 0.000221
[2023-03-05 23:02:22] PRINT [03/05 23:02:22 graph]: #Test_f1: 0.8561±0.0630
[2023-03-05 23:02:23] PRINT [03/05 23:02:23 graph]: Epoch 11: get test f1 score:  0.856
[2023-03-05 23:02:23] PRINT [03/05 23:02:23 graph]: best_f1 0.873 at epoch 10
[2023-03-05 23:02:23] PRINT [03/05 23:02:23 graph]: Epoch 12 | train_loss: 0.3443 | lr: 0.000221
[2023-03-05 23:02:26] PRINT [03/05 23:02:26 graph]: #Test_f1: 0.8459±0.0640
[2023-03-05 23:02:26] PRINT [03/05 23:02:26 graph]: Epoch 12: get test f1 score:  0.846
[2023-03-05 23:02:26] PRINT [03/05 23:02:26 graph]: best_f1 0.873 at epoch 10
[2023-03-05 23:02:26] PRINT [03/05 23:02:26 graph]: Epoch 13 | train_loss: 0.3425 | lr: 0.000221
[2023-03-05 23:02:29] PRINT [03/05 23:02:29 graph]: #Test_f1: 0.8620±0.0580
[2023-03-05 23:02:30] PRINT [03/05 23:02:30 graph]: Epoch 13: get test f1 score:  0.862
[2023-03-05 23:02:30] PRINT [03/05 23:02:30 graph]: best_f1 0.873 at epoch 10
[2023-03-05 23:02:30] PRINT [03/05 23:02:30 graph]: Epoch 14 | train_loss: 0.3377 | lr: 0.000221
[2023-03-05 23:02:33] PRINT [03/05 23:02:33 graph]: #Test_f1: 0.8728±0.0626
[2023-03-05 23:02:33] PRINT [03/05 23:02:33 graph]: Epoch 14: get test f1 score:  0.873
[2023-03-05 23:02:33] PRINT [03/05 23:02:33 graph]: best_f1 0.873 at epoch 14
[2023-03-05 23:02:34] PRINT [03/05 23:02:34 graph]: Epoch 15 | train_loss: 0.3279 | lr: 0.000221
[2023-03-05 23:02:36] PRINT [03/05 23:02:36 graph]: #Test_f1: 0.8731±0.0672
[2023-03-05 23:02:37] PRINT [03/05 23:02:37 graph]: Epoch 15: get test f1 score:  0.873
[2023-03-05 23:02:37] PRINT [03/05 23:02:37 graph]: best_f1 0.873 at epoch 15
[2023-03-05 23:02:37] PRINT [03/05 23:02:37 graph]: Epoch 16 | train_loss: 0.3128 | lr: 0.000221
[2023-03-05 23:02:40] PRINT [03/05 23:02:40 graph]: #Test_f1: 0.8570±0.0740
[2023-03-05 23:02:40] PRINT [03/05 23:02:40 graph]: Epoch 16: get test f1 score:  0.857
[2023-03-05 23:02:40] PRINT [03/05 23:02:40 graph]: best_f1 0.873 at epoch 15
[2023-03-05 23:02:41] PRINT [03/05 23:02:41 graph]: Epoch 17 | train_loss: 0.3082 | lr: 0.000221
[2023-03-05 23:02:43] PRINT [03/05 23:02:43 graph]: #Test_f1: 0.8246±0.0818
[2023-03-05 23:02:44] PRINT [03/05 23:02:44 graph]: Epoch 17: get test f1 score:  0.825
[2023-03-05 23:02:44] PRINT [03/05 23:02:44 graph]: best_f1 0.873 at epoch 15
[2023-03-05 23:02:44] PRINT [03/05 23:02:44 graph]: Epoch 18 | train_loss: 0.2910 | lr: 0.000221
[2023-03-05 23:02:47] PRINT [03/05 23:02:47 graph]: #Test_f1: 0.8456±0.0650
[2023-03-05 23:02:47] PRINT [03/05 23:02:47 graph]: Epoch 18: get test f1 score:  0.846
[2023-03-05 23:02:47] PRINT [03/05 23:02:47 graph]: best_f1 0.873 at epoch 15
[2023-03-05 23:02:47] PRINT [03/05 23:02:47 graph]: Epoch 19 | train_loss: 0.3059 | lr: 0.000221
[2023-03-05 23:02:50] PRINT [03/05 23:02:50 graph]: #Test_f1: 0.8404±0.0749
[2023-03-05 23:02:50] PRINT [03/05 23:02:50 graph]: Epoch 19: get test f1 score:  0.840
[2023-03-05 23:02:50] PRINT [03/05 23:02:50 graph]: best_f1 0.873 at epoch 15
[2023-03-05 23:02:51] PRINT [03/05 23:02:51 graph]: Epoch 20 | train_loss: 0.3049 | lr: 0.000221
[2023-03-05 23:02:53] PRINT [03/05 23:02:53 graph]: #Test_f1: 0.8512±0.0697
[2023-03-05 23:02:54] PRINT [03/05 23:02:54 graph]: Epoch 20: get test f1 score:  0.851
[2023-03-05 23:02:54] PRINT [03/05 23:02:54 graph]: best_f1 0.873 at epoch 15
[2023-03-05 23:02:54] PRINT [03/05 23:02:54 graph]: Epoch 21 | train_loss: 0.2943 | lr: 0.000221
[2023-03-05 23:02:57] PRINT [03/05 23:02:57 graph]: #Test_f1: 0.8509±0.0520
[2023-03-05 23:02:57] PRINT [03/05 23:02:57 graph]: Epoch 21: get test f1 score:  0.851
[2023-03-05 23:02:57] PRINT [03/05 23:02:57 graph]: best_f1 0.873 at epoch 15
[2023-03-05 23:02:57] PRINT [03/05 23:02:57 graph]: Epoch 22 | train_loss: 0.3004 | lr: 0.000221
[2023-03-05 23:03:00] PRINT [03/05 23:03:00 graph]: #Test_f1: 0.8509±0.0618
[2023-03-05 23:03:01] PRINT [03/05 23:03:01 graph]: Epoch 22: get test f1 score:  0.851
[2023-03-05 23:03:01] PRINT [03/05 23:03:01 graph]: best_f1 0.873 at epoch 15
[2023-03-05 23:03:01] PRINT [03/05 23:03:01 graph]: Epoch 23 | train_loss: 0.2897 | lr: 0.000221
[2023-03-05 23:03:04] PRINT [03/05 23:03:04 graph]: #Test_f1: 0.8515±0.0606
[2023-03-05 23:03:04] PRINT [03/05 23:03:04 graph]: Epoch 23: get test f1 score:  0.851
[2023-03-05 23:03:04] PRINT [03/05 23:03:04 graph]: best_f1 0.873 at epoch 15
[2023-03-05 23:03:04] PRINT [03/05 23:03:04 graph]: Epoch 24 | train_loss: 0.2839 | lr: 0.000221
[2023-03-05 23:03:07] PRINT [03/05 23:03:07 graph]: #Test_f1: 0.8351±0.0688
[2023-03-05 23:03:08] PRINT [03/05 23:03:08 graph]: Epoch 24: get test f1 score:  0.835
[2023-03-05 23:03:08] PRINT [03/05 23:03:08 graph]: best_f1 0.873 at epoch 15
[2023-03-05 23:03:08] PRINT [03/05 23:03:08 graph]: Epoch 25 | train_loss: 0.2877 | lr: 0.000221
[2023-03-05 23:03:11] PRINT [03/05 23:03:11 graph]: #Test_f1: 0.8515±0.0650
[2023-03-05 23:03:11] PRINT [03/05 23:03:11 graph]: Epoch 25: get test f1 score:  0.851
[2023-03-05 23:03:11] PRINT [03/05 23:03:11 graph]: best_f1 0.873 at epoch 15
[2023-03-05 23:03:11] PRINT [03/05 23:03:11 graph]: Epoch 26 | train_loss: 0.2807 | lr: 0.000221
[2023-03-05 23:03:14] PRINT [03/05 23:03:14 graph]: #Test_f1: 0.8295±0.0705
[2023-03-05 23:03:14] PRINT [03/05 23:03:14 graph]: Epoch 26: get test f1 score:  0.830
[2023-03-05 23:03:14] PRINT [03/05 23:03:14 graph]: best_f1 0.873 at epoch 15
[2023-03-05 23:03:15] PRINT [03/05 23:03:15 graph]: Epoch 27 | train_loss: 0.2783 | lr: 0.000221
[2023-03-05 23:03:18] PRINT [03/05 23:03:18 graph]: #Test_f1: 0.8781±0.0631
[2023-03-05 23:03:18] PRINT [03/05 23:03:18 graph]: Epoch 27: get test f1 score:  0.878
[2023-03-05 23:03:18] PRINT [03/05 23:03:18 graph]: best_f1 0.878 at epoch 27
[2023-03-05 23:03:18] PRINT [03/05 23:03:18 graph]: Epoch 28 | train_loss: 0.2766 | lr: 0.000221
[2023-03-05 23:03:21] PRINT [03/05 23:03:21 graph]: #Test_f1: 0.8401±0.0716
[2023-03-05 23:03:22] PRINT [03/05 23:03:22 graph]: Epoch 28: get test f1 score:  0.840
[2023-03-05 23:03:22] PRINT [03/05 23:03:22 graph]: best_f1 0.878 at epoch 27
[2023-03-05 23:03:22] PRINT [03/05 23:03:22 graph]: Epoch 29 | train_loss: 0.2799 | lr: 0.000221
[2023-03-05 23:03:25] PRINT [03/05 23:03:25 graph]: #Test_f1: 0.8351±0.0723
[2023-03-05 23:03:25] PRINT [03/05 23:03:25 graph]: Epoch 29: get test f1 score:  0.835
[2023-03-05 23:03:25] PRINT [03/05 23:03:25 graph]: best_f1 0.878 at epoch 27
[2023-03-05 23:03:25] PRINT [03/05 23:03:25 graph]: Epoch 30 | train_loss: 0.2681 | lr: 0.000221
[2023-03-05 23:03:28] PRINT [03/05 23:03:28 graph]: #Test_f1: 0.8512±0.0565
[2023-03-05 23:03:28] PRINT [03/05 23:03:28 graph]: Epoch 30: get test f1 score:  0.851
[2023-03-05 23:03:28] PRINT [03/05 23:03:28 graph]: best_f1 0.878 at epoch 27
[2023-03-05 23:03:28] PRINT [03/05 23:03:28 graph]: Epoch 31 | train_loss: 0.2715 | lr: 0.000221
[2023-03-05 23:03:31] PRINT [03/05 23:03:31 graph]: #Test_f1: 0.8564±0.0667
[2023-03-05 23:03:32] PRINT [03/05 23:03:32 graph]: Epoch 31: get test f1 score:  0.856
[2023-03-05 23:03:32] PRINT [03/05 23:03:32 graph]: best_f1 0.878 at epoch 27
[2023-03-05 23:03:32] PRINT [03/05 23:03:32 graph]: Epoch 32 | train_loss: 0.2624 | lr: 0.000221
[2023-03-05 23:03:35] PRINT [03/05 23:03:35 graph]: #Test_f1: 0.8675±0.0628
[2023-03-05 23:03:35] PRINT [03/05 23:03:35 graph]: Epoch 32: get test f1 score:  0.868
[2023-03-05 23:03:35] PRINT [03/05 23:03:35 graph]: best_f1 0.878 at epoch 27
[2023-03-05 23:03:35] PRINT [03/05 23:03:35 graph]: Epoch 33 | train_loss: 0.2751 | lr: 0.000221
[2023-03-05 23:03:38] PRINT [03/05 23:03:38 graph]: #Test_f1: 0.8778±0.0582
[2023-03-05 23:03:38] PRINT [03/05 23:03:38 graph]: Epoch 33: get test f1 score:  0.878
[2023-03-05 23:03:38] PRINT [03/05 23:03:38 graph]: best_f1 0.878 at epoch 27
[2023-03-05 23:03:39] PRINT [03/05 23:03:39 graph]: Epoch 34 | train_loss: 0.2630 | lr: 0.000221
[2023-03-05 23:03:42] PRINT [03/05 23:03:42 graph]: #Test_f1: 0.8620±0.0714
[2023-03-05 23:03:42] PRINT [03/05 23:03:42 graph]: Epoch 34: get test f1 score:  0.862
[2023-03-05 23:03:42] PRINT [03/05 23:03:42 graph]: best_f1 0.878 at epoch 27
[2023-03-05 23:03:42] PRINT [03/05 23:03:42 graph]: Epoch 35 | train_loss: 0.2607 | lr: 0.000221
[2023-03-05 23:03:45] PRINT [03/05 23:03:45 graph]: #Test_f1: 0.8617±0.0483
[2023-03-05 23:03:45] PRINT [03/05 23:03:45 graph]: Epoch 35: get test f1 score:  0.862
[2023-03-05 23:03:45] PRINT [03/05 23:03:45 graph]: best_f1 0.878 at epoch 27
[2023-03-05 23:03:46] PRINT [03/05 23:03:46 graph]: Epoch 36 | train_loss: 0.2579 | lr: 0.000221
[2023-03-05 23:03:49] PRINT [03/05 23:03:49 graph]: #Test_f1: 0.8620±0.0631
[2023-03-05 23:03:49] PRINT [03/05 23:03:49 graph]: Epoch 36: get test f1 score:  0.862
[2023-03-05 23:03:49] PRINT [03/05 23:03:49 graph]: best_f1 0.878 at epoch 27
[2023-03-05 23:03:49] PRINT [03/05 23:03:49 graph]: Epoch 37 | train_loss: 0.2658 | lr: 0.000221
[2023-03-05 23:03:52] PRINT [03/05 23:03:52 graph]: #Test_f1: 0.8673±0.0589
[2023-03-05 23:03:53] PRINT [03/05 23:03:53 graph]: Epoch 37: get test f1 score:  0.867
[2023-03-05 23:03:53] PRINT [03/05 23:03:53 graph]: best_f1 0.878 at epoch 27
[2023-03-05 23:03:53] PRINT [03/05 23:03:53 graph]: Epoch 38 | train_loss: 0.2558 | lr: 0.000221
[2023-03-05 23:03:56] PRINT [03/05 23:03:56 graph]: #Test_f1: 0.8462±0.0794
[2023-03-05 23:03:56] PRINT [03/05 23:03:56 graph]: Epoch 38: get test f1 score:  0.846
[2023-03-05 23:03:56] PRINT [03/05 23:03:56 graph]: best_f1 0.878 at epoch 27
[2023-03-05 23:03:56] PRINT [03/05 23:03:56 graph]: Epoch 39 | train_loss: 0.2554 | lr: 0.000221
[2023-03-05 23:03:59] PRINT [03/05 23:03:59 graph]: #Test_f1: 0.8570±0.0618
[2023-03-05 23:03:59] PRINT [03/05 23:03:59 graph]: Epoch 39: get test f1 score:  0.857
[2023-03-05 23:03:59] PRINT [03/05 23:03:59 graph]: best_f1 0.878 at epoch 27
[2023-03-05 23:03:59] PRINT [03/05 23:03:59 graph]: Epoch 40 | train_loss: 0.2627 | lr: 0.000177
[2023-03-05 23:04:02] PRINT [03/05 23:04:02 graph]: #Test_f1: 0.8567±0.0624
[2023-03-05 23:04:03] PRINT [03/05 23:04:03 graph]: Epoch 40: get test f1 score:  0.857
[2023-03-05 23:04:03] PRINT [03/05 23:04:03 graph]: best_f1 0.878 at epoch 27
[2023-03-05 23:04:03] PRINT [03/05 23:04:03 graph]: Epoch 41 | train_loss: 0.2537 | lr: 0.000177
[2023-03-05 23:04:06] PRINT [03/05 23:04:06 graph]: #Test_f1: 0.8570±0.0740
[2023-03-05 23:04:06] PRINT [03/05 23:04:06 graph]: Epoch 41: get test f1 score:  0.857
[2023-03-05 23:04:06] PRINT [03/05 23:04:06 graph]: best_f1 0.878 at epoch 27
[2023-03-05 23:04:06] PRINT [03/05 23:04:06 graph]: Epoch 42 | train_loss: 0.2510 | lr: 0.000177
[2023-03-05 23:04:09] PRINT [03/05 23:04:09 graph]: #Test_f1: 0.8570±0.0661
[2023-03-05 23:04:09] PRINT [03/05 23:04:09 graph]: Epoch 42: get test f1 score:  0.857
[2023-03-05 23:04:09] PRINT [03/05 23:04:09 graph]: best_f1 0.878 at epoch 27
[2023-03-05 23:04:10] PRINT [03/05 23:04:10 graph]: Epoch 43 | train_loss: 0.2648 | lr: 0.000177
[2023-03-05 23:04:12] PRINT [03/05 23:04:12 graph]: #Test_f1: 0.8515±0.0655
[2023-03-05 23:04:13] PRINT [03/05 23:04:13 graph]: Epoch 43: get test f1 score:  0.851
[2023-03-05 23:04:13] PRINT [03/05 23:04:13 graph]: best_f1 0.878 at epoch 27
[2023-03-05 23:04:13] PRINT [03/05 23:04:13 graph]: Epoch 44 | train_loss: 0.2501 | lr: 0.000177
[2023-03-05 23:04:16] PRINT [03/05 23:04:16 graph]: #Test_f1: 0.8567±0.0465
[2023-03-05 23:04:16] PRINT [03/05 23:04:16 graph]: Epoch 44: get test f1 score:  0.857
[2023-03-05 23:04:16] PRINT [03/05 23:04:16 graph]: best_f1 0.878 at epoch 27
[2023-03-05 23:04:16] PRINT [03/05 23:04:16 graph]: Epoch 45 | train_loss: 0.2655 | lr: 0.000177
[2023-03-05 23:04:19] PRINT [03/05 23:04:19 graph]: #Test_f1: 0.8728±0.0531
[2023-03-05 23:04:19] PRINT [03/05 23:04:19 graph]: Epoch 45: get test f1 score:  0.873
[2023-03-05 23:04:19] PRINT [03/05 23:04:19 graph]: best_f1 0.878 at epoch 27
[2023-03-05 23:04:20] PRINT [03/05 23:04:20 graph]: Epoch 46 | train_loss: 0.2468 | lr: 0.000177
[2023-03-05 23:04:22] PRINT [03/05 23:04:22 graph]: #Test_f1: 0.8725±0.0484
[2023-03-05 23:04:23] PRINT [03/05 23:04:23 graph]: Epoch 46: get test f1 score:  0.873
[2023-03-05 23:04:23] PRINT [03/05 23:04:23 graph]: best_f1 0.878 at epoch 27
[2023-03-05 23:04:23] PRINT [03/05 23:04:23 graph]: Epoch 47 | train_loss: 0.2456 | lr: 0.000177
[2023-03-05 23:04:26] PRINT [03/05 23:04:26 graph]: #Test_f1: 0.8617±0.0675
[2023-03-05 23:04:26] PRINT [03/05 23:04:26 graph]: Epoch 47: get test f1 score:  0.862
[2023-03-05 23:04:26] PRINT [03/05 23:04:26 graph]: best_f1 0.878 at epoch 27
[2023-03-05 23:04:27] PRINT [03/05 23:04:27 graph]: Epoch 48 | train_loss: 0.2569 | lr: 0.000177
[2023-03-05 23:04:30] PRINT [03/05 23:04:30 graph]: #Test_f1: 0.8778±0.0532
[2023-03-05 23:04:30] PRINT [03/05 23:04:30 graph]: Epoch 48: get test f1 score:  0.878
[2023-03-05 23:04:30] PRINT [03/05 23:04:30 graph]: best_f1 0.878 at epoch 27
[2023-03-05 23:04:30] PRINT [03/05 23:04:30 graph]: Epoch 49 | train_loss: 0.2499 | lr: 0.000177
[2023-03-05 23:04:33] PRINT [03/05 23:04:33 graph]: #Test_f1: 0.8778±0.0532
[2023-03-05 23:04:33] PRINT [03/05 23:04:33 graph]: Epoch 49: get test f1 score:  0.878
[2023-03-05 23:04:33] PRINT [03/05 23:04:33 graph]: best_f1 0.878 at epoch 27
[2023-03-05 23:04:34] PRINT [03/05 23:04:34 graph]: # final_acc: 0.8781±0.0000
