[2023-03-06 08:34:57] PRINT ---new cfg------
[2023-03-06 08:34:57] PRINT {'DATA': {'data_name': 'MUTAG', 'deg4feat': True}, 'DATALOADER': {'NUM_WORKERS': 0, 'BATCH_SIZE': 32}, 'MODEL': {'num_hidden': 512, 'num_layers': 2, 'nhead': 4, 'activation': 'prelu', 'attn_drop': 0.1, 'feat_drop': 0.30000000000000004, 'norm': 'layernorm', 'pooler': 'mean', 'beta_schedule': 'sigmoid', 'beta_1': 0.00019518048510030762, 'beta_T': 0.007192537073118559, 'T': 825}, 'SOLVER': {'optim_type': 'adamw', 'optim_type_f': 'adamw', 'alpha': 1, 'decay': 20, 'LR': 0.000325903138600006, 'weight_decay': 0.0005, 'MAX_EPOCH': 50}, 'DEVICE': 'cuda', 'seeds': [11], 'eval_T': [50, 100, 200], 'output_dir': '/ddm-nni/MUTAG/log', 'checkpoint_dir': '/ddm-nni/MUTAG/log/checkpoint'}
[2023-03-06 08:34:57] PRINT [03/06 08:34:57 graph]: Rank of current process: 0. World size: 1
[2023-03-06 08:35:01] PRINT [03/06 08:35:01 graph]: Environment info:
[2023-03-06 08:35:01] PRINT PyTorch version: 1.10.0+cu113
[2023-03-06 08:35:01] PRINT Is debug build: False
[2023-03-06 08:35:01] PRINT CUDA used to build PyTorch: 11.3
[2023-03-06 08:35:01] PRINT ROCM used to build PyTorch: N/A
[2023-03-06 08:35:01] PRINT 
[2023-03-06 08:35:01] PRINT OS: Ubuntu 20.04.3 LTS (x86_64)
[2023-03-06 08:35:01] PRINT GCC version: (Ubuntu 9.3.0-17ubuntu1~20.04) 9.3.0
[2023-03-06 08:35:01] PRINT Clang version: Could not collect
[2023-03-06 08:35:01] PRINT CMake version: version 3.16.3
[2023-03-06 08:35:01] PRINT Libc version: glibc-2.31
[2023-03-06 08:35:01] PRINT 
[2023-03-06 08:35:01] PRINT Python version: 3.8.10 (default, Jun  4 2021, 15:09:15)  [GCC 7.5.0] (64-bit runtime)
[2023-03-06 08:35:01] PRINT Python platform: Linux-5.4.0-90-generic-x86_64-with-glibc2.17
[2023-03-06 08:35:01] PRINT Is CUDA available: True
[2023-03-06 08:35:01] PRINT CUDA runtime version: 11.3.109
[2023-03-06 08:35:01] PRINT GPU models and configuration: GPU 0: NVIDIA GeForce RTX 3090
[2023-03-06 08:35:01] PRINT Nvidia driver version: 495.44
[2023-03-06 08:35:01] PRINT cuDNN version: Probably one of the following:
[2023-03-06 08:35:01] PRINT /usr/lib/x86_64-linux-gnu/libcudnn.so.8.2.0
[2023-03-06 08:35:01] PRINT /usr/lib/x86_64-linux-gnu/libcudnn_adv_infer.so.8.2.0
[2023-03-06 08:35:01] PRINT /usr/lib/x86_64-linux-gnu/libcudnn_adv_train.so.8.2.0
[2023-03-06 08:35:01] PRINT /usr/lib/x86_64-linux-gnu/libcudnn_cnn_infer.so.8.2.0
[2023-03-06 08:35:01] PRINT /usr/lib/x86_64-linux-gnu/libcudnn_cnn_train.so.8.2.0
[2023-03-06 08:35:01] PRINT /usr/lib/x86_64-linux-gnu/libcudnn_ops_infer.so.8.2.0
[2023-03-06 08:35:01] PRINT /usr/lib/x86_64-linux-gnu/libcudnn_ops_train.so.8.2.0
[2023-03-06 08:35:01] PRINT HIP runtime version: N/A
[2023-03-06 08:35:01] PRINT MIOpen runtime version: N/A
[2023-03-06 08:35:01] PRINT 
[2023-03-06 08:35:01] PRINT Versions of relevant libraries:
[2023-03-06 08:35:01] PRINT [pip3] numpy==1.23.5
[2023-03-06 08:35:01] PRINT [pip3] torch==1.10.0+cu113
[2023-03-06 08:35:01] PRINT [pip3] torchvision==0.11.1+cu113
[2023-03-06 08:35:01] PRINT [conda] blas                      1.0                         mkl    https://mirrors.ustc.edu.cn/anaconda/pkgs/main
[2023-03-06 08:35:01] PRINT [conda] mkl                       2021.4.0           h06a4308_640    https://mirrors.ustc.edu.cn/anaconda/pkgs/main
[2023-03-06 08:35:01] PRINT [conda] mkl-service               2.4.0            py38h7f8727e_0    https://mirrors.ustc.edu.cn/anaconda/pkgs/main
[2023-03-06 08:35:01] PRINT [conda] mkl_fft                   1.3.1            py38hd3c417c_0    https://mirrors.ustc.edu.cn/anaconda/pkgs/main
[2023-03-06 08:35:01] PRINT [conda] mkl_random                1.2.2            py38h51133e4_0    https://mirrors.ustc.edu.cn/anaconda/pkgs/main
[2023-03-06 08:35:01] PRINT [conda] numpy                     1.21.4                   pypi_0    pypi
[2023-03-06 08:35:01] PRINT [conda] numpy-base                1.23.5           py38h31eccc5_0    https://mirrors.ustc.edu.cn/anaconda/pkgs/main
[2023-03-06 08:35:01] PRINT [conda] torch                     1.10.0+cu113             pypi_0    pypi
[2023-03-06 08:35:01] PRINT [conda] torchvision               0.11.1+cu113             pypi_0    pypi
[2023-03-06 08:35:01] PRINT         Pillow (8.4.0)
[2023-03-06 08:35:01] PRINT [03/06 08:35:01 graph]: Command line arguments: Namespace(local_rank=0, resume=False, seed=1234, start_epoch=0)
[2023-03-06 08:35:01] PRINT Using degree as node features
[2023-03-06 08:35:01] PRINT ******** # Num Graphs: 188, # Num Feat: 5, # Num Classes: 2 ********
[2023-03-06 08:35:01] PRINT [03/06 08:35:01 graph]: Run 0th for seed 11
[2023-03-06 08:35:01] PRINT [03/06 08:35:01 graph]: Total trainable params num : 5163631
[2023-03-06 08:35:05] PRINT [03/06 08:35:05 graph]: ----------Start Training----------
[2023-03-06 08:35:06] PRINT [03/06 08:35:06 graph]: Epoch 0 | train_loss: 0.7064 | lr: 0.000326
[2023-03-06 08:35:06] PRINT [03/06 08:35:06 graph]: Epoch 1 | train_loss: 0.4078 | lr: 0.000326
[2023-03-06 08:35:06] PRINT [03/06 08:35:06 graph]: Epoch 2 | train_loss: 0.3418 | lr: 0.000326
[2023-03-06 08:35:09] PRINT [03/06 08:35:09 graph]: #Test_f1: 0.8725±0.0352
[2023-03-06 08:35:09] PRINT [03/06 08:35:09 graph]: Epoch 2: get test f1 score:  0.873
[2023-03-06 08:35:09] PRINT [03/06 08:35:09 graph]: best_f1 0.873 at epoch 2
[2023-03-06 08:35:09] PRINT [03/06 08:35:09 graph]: Epoch 3 | train_loss: 0.3045 | lr: 0.000326
[2023-03-06 08:35:12] PRINT [03/06 08:35:12 graph]: #Test_f1: 0.8620±0.0482
[2023-03-06 08:35:13] PRINT [03/06 08:35:13 graph]: Epoch 3: get test f1 score:  0.862
[2023-03-06 08:35:13] PRINT [03/06 08:35:13 graph]: best_f1 0.873 at epoch 2
[2023-03-06 08:35:13] PRINT [03/06 08:35:13 graph]: Epoch 4 | train_loss: 0.2974 | lr: 0.000326
[2023-03-06 08:35:15] PRINT [03/06 08:35:15 graph]: #Test_f1: 0.8512±0.0456
[2023-03-06 08:35:16] PRINT [03/06 08:35:16 graph]: Epoch 4: get test f1 score:  0.851
[2023-03-06 08:35:16] PRINT [03/06 08:35:16 graph]: best_f1 0.873 at epoch 2
[2023-03-06 08:35:16] PRINT [03/06 08:35:16 graph]: Epoch 5 | train_loss: 0.2645 | lr: 0.000326
[2023-03-06 08:35:19] PRINT [03/06 08:35:19 graph]: #Test_f1: 0.8778±0.0342
[2023-03-06 08:35:19] PRINT [03/06 08:35:19 graph]: Epoch 5: get test f1 score:  0.878
[2023-03-06 08:35:19] PRINT [03/06 08:35:19 graph]: best_f1 0.878 at epoch 5
[2023-03-06 08:35:20] PRINT [03/06 08:35:20 graph]: Epoch 6 | train_loss: 0.2519 | lr: 0.000326
[2023-03-06 08:35:22] PRINT [03/06 08:35:22 graph]: #Test_f1: 0.8722±0.0426
[2023-03-06 08:35:23] PRINT [03/06 08:35:23 graph]: Epoch 6: get test f1 score:  0.872
[2023-03-06 08:35:23] PRINT [03/06 08:35:23 graph]: best_f1 0.878 at epoch 5
[2023-03-06 08:35:23] PRINT [03/06 08:35:23 graph]: Epoch 7 | train_loss: 0.2435 | lr: 0.000326
[2023-03-06 08:35:26] PRINT [03/06 08:35:26 graph]: #Test_f1: 0.8883±0.0436
[2023-03-06 08:35:26] PRINT [03/06 08:35:26 graph]: Epoch 7: get test f1 score:  0.888
[2023-03-06 08:35:26] PRINT [03/06 08:35:26 graph]: best_f1 0.888 at epoch 7
[2023-03-06 08:35:26] PRINT [03/06 08:35:26 graph]: Epoch 8 | train_loss: 0.2363 | lr: 0.000326
[2023-03-06 08:35:29] PRINT [03/06 08:35:29 graph]: #Test_f1: 0.8670±0.0427
[2023-03-06 08:35:30] PRINT [03/06 08:35:30 graph]: Epoch 8: get test f1 score:  0.867
[2023-03-06 08:35:30] PRINT [03/06 08:35:30 graph]: best_f1 0.888 at epoch 7
[2023-03-06 08:35:30] PRINT [03/06 08:35:30 graph]: Epoch 9 | train_loss: 0.2187 | lr: 0.000326
[2023-03-06 08:35:33] PRINT [03/06 08:35:33 graph]: #Test_f1: 0.8936±0.0334
[2023-03-06 08:35:33] PRINT [03/06 08:35:33 graph]: Epoch 9: get test f1 score:  0.894
[2023-03-06 08:35:33] PRINT [03/06 08:35:33 graph]: best_f1 0.894 at epoch 9
[2023-03-06 08:35:33] PRINT [03/06 08:35:33 graph]: Epoch 10 | train_loss: 0.2187 | lr: 0.000326
[2023-03-06 08:35:36] PRINT [03/06 08:35:36 graph]: #Test_f1: 0.8883±0.0367
[2023-03-06 08:35:36] PRINT [03/06 08:35:36 graph]: Epoch 10: get test f1 score:  0.888
[2023-03-06 08:35:36] PRINT [03/06 08:35:36 graph]: best_f1 0.894 at epoch 9
[2023-03-06 08:35:36] PRINT [03/06 08:35:36 graph]: Epoch 11 | train_loss: 0.2136 | lr: 0.000326
[2023-03-06 08:35:39] PRINT [03/06 08:35:39 graph]: #Test_f1: 0.8830±0.0391
[2023-03-06 08:35:39] PRINT [03/06 08:35:39 graph]: Epoch 11: get test f1 score:  0.883
[2023-03-06 08:35:39] PRINT [03/06 08:35:39 graph]: best_f1 0.894 at epoch 9
[2023-03-06 08:35:40] PRINT [03/06 08:35:40 graph]: Epoch 12 | train_loss: 0.2002 | lr: 0.000326
[2023-03-06 08:35:42] PRINT [03/06 08:35:42 graph]: #Test_f1: 0.8883±0.0436
[2023-03-06 08:35:43] PRINT [03/06 08:35:43 graph]: Epoch 12: get test f1 score:  0.888
[2023-03-06 08:35:43] PRINT [03/06 08:35:43 graph]: best_f1 0.894 at epoch 9
[2023-03-06 08:35:43] PRINT [03/06 08:35:43 graph]: Epoch 13 | train_loss: 0.1950 | lr: 0.000326
[2023-03-06 08:35:46] PRINT [03/06 08:35:46 graph]: #Test_f1: 0.8936±0.0471
[2023-03-06 08:35:46] PRINT [03/06 08:35:46 graph]: Epoch 13: get test f1 score:  0.894
[2023-03-06 08:35:46] PRINT [03/06 08:35:46 graph]: best_f1 0.894 at epoch 9
[2023-03-06 08:35:46] PRINT [03/06 08:35:46 graph]: Epoch 14 | train_loss: 0.1942 | lr: 0.000326
[2023-03-06 08:35:49] PRINT [03/06 08:35:49 graph]: #Test_f1: 0.8883±0.0367
[2023-03-06 08:35:49] PRINT [03/06 08:35:49 graph]: Epoch 14: get test f1 score:  0.888
[2023-03-06 08:35:49] PRINT [03/06 08:35:49 graph]: best_f1 0.894 at epoch 9
[2023-03-06 08:35:50] PRINT [03/06 08:35:50 graph]: Epoch 15 | train_loss: 0.1900 | lr: 0.000326
[2023-03-06 08:35:52] PRINT [03/06 08:35:52 graph]: #Test_f1: 0.8830±0.0313
[2023-03-06 08:35:53] PRINT [03/06 08:35:53 graph]: Epoch 15: get test f1 score:  0.883
[2023-03-06 08:35:53] PRINT [03/06 08:35:53 graph]: best_f1 0.894 at epoch 9
[2023-03-06 08:35:53] PRINT [03/06 08:35:53 graph]: Epoch 16 | train_loss: 0.1868 | lr: 0.000326
[2023-03-06 08:35:55] PRINT [03/06 08:35:55 graph]: #Test_f1: 0.8830±0.0313
[2023-03-06 08:35:56] PRINT [03/06 08:35:56 graph]: Epoch 16: get test f1 score:  0.883
[2023-03-06 08:35:56] PRINT [03/06 08:35:56 graph]: best_f1 0.894 at epoch 9
[2023-03-06 08:35:56] PRINT [03/06 08:35:56 graph]: Epoch 17 | train_loss: 0.1827 | lr: 0.000326
[2023-03-06 08:35:59] PRINT [03/06 08:35:59 graph]: #Test_f1: 0.8883±0.0367
[2023-03-06 08:35:59] PRINT [03/06 08:35:59 graph]: Epoch 17: get test f1 score:  0.888
[2023-03-06 08:35:59] PRINT [03/06 08:35:59 graph]: best_f1 0.894 at epoch 9
[2023-03-06 08:35:59] PRINT [03/06 08:35:59 graph]: Epoch 18 | train_loss: 0.1799 | lr: 0.000326
[2023-03-06 08:36:02] PRINT [03/06 08:36:02 graph]: #Test_f1: 0.8564±0.0473
[2023-03-06 08:36:02] PRINT [03/06 08:36:02 graph]: Epoch 18: get test f1 score:  0.856
[2023-03-06 08:36:02] PRINT [03/06 08:36:02 graph]: best_f1 0.894 at epoch 9
[2023-03-06 08:36:02] PRINT [03/06 08:36:02 graph]: Epoch 19 | train_loss: 0.1780 | lr: 0.000326
[2023-03-06 08:36:05] PRINT [03/06 08:36:05 graph]: #Test_f1: 0.9041±0.0575
[2023-03-06 08:36:05] PRINT [03/06 08:36:05 graph]: Epoch 19: get test f1 score:  0.904
[2023-03-06 08:36:05] PRINT [03/06 08:36:05 graph]: best_f1 0.904 at epoch 19
[2023-03-06 08:36:06] PRINT [03/06 08:36:06 graph]: Epoch 20 | train_loss: 0.1774 | lr: 0.000326
[2023-03-06 08:36:08] PRINT [03/06 08:36:08 graph]: #Test_f1: 0.8877±0.0566
[2023-03-06 08:36:09] PRINT [03/06 08:36:09 graph]: Epoch 20: get test f1 score:  0.888
[2023-03-06 08:36:09] PRINT [03/06 08:36:09 graph]: best_f1 0.904 at epoch 19
[2023-03-06 08:36:09] PRINT [03/06 08:36:09 graph]: Epoch 21 | train_loss: 0.1693 | lr: 0.000326
[2023-03-06 08:36:11] PRINT [03/06 08:36:11 graph]: #Test_f1: 0.9041±0.0462
[2023-03-06 08:36:12] PRINT [03/06 08:36:12 graph]: Epoch 21: get test f1 score:  0.904
[2023-03-06 08:36:12] PRINT [03/06 08:36:12 graph]: best_f1 0.904 at epoch 19
[2023-03-06 08:36:12] PRINT [03/06 08:36:12 graph]: Epoch 22 | train_loss: 0.1721 | lr: 0.000326
[2023-03-06 08:36:15] PRINT [03/06 08:36:15 graph]: #Test_f1: 0.8670±0.0356
[2023-03-06 08:36:15] PRINT [03/06 08:36:15 graph]: Epoch 22: get test f1 score:  0.867
[2023-03-06 08:36:15] PRINT [03/06 08:36:15 graph]: best_f1 0.904 at epoch 19
[2023-03-06 08:36:15] PRINT [03/06 08:36:15 graph]: Epoch 23 | train_loss: 0.1664 | lr: 0.000326
[2023-03-06 08:36:18] PRINT [03/06 08:36:18 graph]: #Test_f1: 0.8775±0.0534
[2023-03-06 08:36:18] PRINT [03/06 08:36:18 graph]: Epoch 23: get test f1 score:  0.877
[2023-03-06 08:36:18] PRINT [03/06 08:36:18 graph]: best_f1 0.904 at epoch 19
[2023-03-06 08:36:18] PRINT [03/06 08:36:18 graph]: Epoch 24 | train_loss: 0.1640 | lr: 0.000326
[2023-03-06 08:36:21] PRINT [03/06 08:36:21 graph]: #Test_f1: 0.8933±0.0536
[2023-03-06 08:36:21] PRINT [03/06 08:36:21 graph]: Epoch 24: get test f1 score:  0.893
[2023-03-06 08:36:21] PRINT [03/06 08:36:21 graph]: best_f1 0.904 at epoch 19
[2023-03-06 08:36:22] PRINT [03/06 08:36:22 graph]: Epoch 25 | train_loss: 0.1642 | lr: 0.000326
[2023-03-06 08:36:25] PRINT [03/06 08:36:25 graph]: #Test_f1: 0.8933±0.0536
[2023-03-06 08:36:25] PRINT [03/06 08:36:25 graph]: Epoch 25: get test f1 score:  0.893
[2023-03-06 08:36:25] PRINT [03/06 08:36:25 graph]: best_f1 0.904 at epoch 19
[2023-03-06 08:36:25] PRINT [03/06 08:36:25 graph]: Epoch 26 | train_loss: 0.1671 | lr: 0.000326
[2023-03-06 08:36:28] PRINT [03/06 08:36:28 graph]: #Test_f1: 0.8775±0.0534
[2023-03-06 08:36:28] PRINT [03/06 08:36:28 graph]: Epoch 26: get test f1 score:  0.877
[2023-03-06 08:36:28] PRINT [03/06 08:36:28 graph]: best_f1 0.904 at epoch 19
[2023-03-06 08:36:28] PRINT [03/06 08:36:28 graph]: Epoch 27 | train_loss: 0.1648 | lr: 0.000326
[2023-03-06 08:36:31] PRINT [03/06 08:36:31 graph]: #Test_f1: 0.8561±0.0487
[2023-03-06 08:36:31] PRINT [03/06 08:36:31 graph]: Epoch 27: get test f1 score:  0.856
[2023-03-06 08:36:31] PRINT [03/06 08:36:31 graph]: best_f1 0.904 at epoch 19
[2023-03-06 08:36:31] PRINT [03/06 08:36:31 graph]: Epoch 28 | train_loss: 0.1537 | lr: 0.000326
[2023-03-06 08:36:34] PRINT [03/06 08:36:34 graph]: #Test_f1: 0.8772±0.0641
[2023-03-06 08:36:35] PRINT [03/06 08:36:35 graph]: Epoch 28: get test f1 score:  0.877
[2023-03-06 08:36:35] PRINT [03/06 08:36:35 graph]: best_f1 0.904 at epoch 19
[2023-03-06 08:36:35] PRINT [03/06 08:36:35 graph]: Epoch 29 | train_loss: 0.1533 | lr: 0.000326
[2023-03-06 08:36:37] PRINT [03/06 08:36:37 graph]: #Test_f1: 0.8667±0.0502
[2023-03-06 08:36:38] PRINT [03/06 08:36:38 graph]: Epoch 29: get test f1 score:  0.867
[2023-03-06 08:36:38] PRINT [03/06 08:36:38 graph]: best_f1 0.904 at epoch 19
[2023-03-06 08:36:38] PRINT [03/06 08:36:38 graph]: Epoch 30 | train_loss: 0.1608 | lr: 0.000326
[2023-03-06 08:36:41] PRINT [03/06 08:36:41 graph]: #Test_f1: 0.8506±0.0478
[2023-03-06 08:36:41] PRINT [03/06 08:36:41 graph]: Epoch 30: get test f1 score:  0.851
[2023-03-06 08:36:41] PRINT [03/06 08:36:41 graph]: best_f1 0.904 at epoch 19
[2023-03-06 08:36:41] PRINT [03/06 08:36:41 graph]: Epoch 31 | train_loss: 0.1596 | lr: 0.000326
[2023-03-06 08:36:44] PRINT [03/06 08:36:44 graph]: #Test_f1: 0.8509±0.0526
[2023-03-06 08:36:44] PRINT [03/06 08:36:44 graph]: Epoch 31: get test f1 score:  0.851
[2023-03-06 08:36:44] PRINT [03/06 08:36:44 graph]: best_f1 0.904 at epoch 19
[2023-03-06 08:36:45] PRINT [03/06 08:36:45 graph]: Epoch 32 | train_loss: 0.1601 | lr: 0.000326
[2023-03-06 08:36:48] PRINT [03/06 08:36:48 graph]: #Test_f1: 0.8351±0.0496
[2023-03-06 08:36:48] PRINT [03/06 08:36:48 graph]: Epoch 32: get test f1 score:  0.835
[2023-03-06 08:36:48] PRINT [03/06 08:36:48 graph]: best_f1 0.904 at epoch 19
[2023-03-06 08:36:48] PRINT [03/06 08:36:48 graph]: Epoch 33 | train_loss: 0.1678 | lr: 0.000326
[2023-03-06 08:36:51] PRINT [03/06 08:36:51 graph]: #Test_f1: 0.8728±0.0340
[2023-03-06 08:36:51] PRINT [03/06 08:36:51 graph]: Epoch 33: get test f1 score:  0.873
[2023-03-06 08:36:51] PRINT [03/06 08:36:51 graph]: best_f1 0.904 at epoch 19
[2023-03-06 08:36:51] PRINT [03/06 08:36:51 graph]: Epoch 34 | train_loss: 0.1629 | lr: 0.000326
[2023-03-06 08:36:54] PRINT [03/06 08:36:54 graph]: #Test_f1: 0.8564±0.0473
[2023-03-06 08:36:55] PRINT [03/06 08:36:55 graph]: Epoch 34: get test f1 score:  0.856
[2023-03-06 08:36:55] PRINT [03/06 08:36:55 graph]: best_f1 0.904 at epoch 19
[2023-03-06 08:36:55] PRINT [03/06 08:36:55 graph]: Epoch 35 | train_loss: 0.1592 | lr: 0.000326
[2023-03-06 08:36:58] PRINT [03/06 08:36:58 graph]: #Test_f1: 0.8401±0.0425
[2023-03-06 08:36:58] PRINT [03/06 08:36:58 graph]: Epoch 35: get test f1 score:  0.840
[2023-03-06 08:36:58] PRINT [03/06 08:36:58 graph]: best_f1 0.904 at epoch 19
[2023-03-06 08:36:59] PRINT [03/06 08:36:59 graph]: Epoch 36 | train_loss: 0.1505 | lr: 0.000326
[2023-03-06 08:37:01] PRINT [03/06 08:37:01 graph]: #Test_f1: 0.8453±0.0513
[2023-03-06 08:37:01] PRINT [03/06 08:37:01 graph]: Epoch 36: get test f1 score:  0.845
[2023-03-06 08:37:01] PRINT [03/06 08:37:01 graph]: best_f1 0.904 at epoch 19
[2023-03-06 08:37:02] PRINT [03/06 08:37:02 graph]: Epoch 37 | train_loss: 0.1519 | lr: 0.000326
[2023-03-06 08:37:04] PRINT [03/06 08:37:04 graph]: #Test_f1: 0.8564±0.0410
[2023-03-06 08:37:05] PRINT [03/06 08:37:05 graph]: Epoch 37: get test f1 score:  0.856
[2023-03-06 08:37:05] PRINT [03/06 08:37:05 graph]: best_f1 0.904 at epoch 19
[2023-03-06 08:37:05] PRINT [03/06 08:37:05 graph]: Epoch 38 | train_loss: 0.1439 | lr: 0.000326
[2023-03-06 08:37:08] PRINT [03/06 08:37:08 graph]: #Test_f1: 0.8295±0.0469
[2023-03-06 08:37:08] PRINT [03/06 08:37:08 graph]: Epoch 38: get test f1 score:  0.830
[2023-03-06 08:37:08] PRINT [03/06 08:37:08 graph]: best_f1 0.904 at epoch 19
[2023-03-06 08:37:08] PRINT [03/06 08:37:08 graph]: Epoch 39 | train_loss: 0.1559 | lr: 0.000326
[2023-03-06 08:37:11] PRINT [03/06 08:37:11 graph]: #Test_f1: 0.8456±0.0506
[2023-03-06 08:37:12] PRINT [03/06 08:37:12 graph]: Epoch 39: get test f1 score:  0.846
[2023-03-06 08:37:12] PRINT [03/06 08:37:12 graph]: best_f1 0.904 at epoch 19
[2023-03-06 08:37:12] PRINT [03/06 08:37:12 graph]: Epoch 40 | train_loss: 0.1459 | lr: 0.000326
[2023-03-06 08:37:14] PRINT [03/06 08:37:14 graph]: #Test_f1: 0.8456±0.0506
[2023-03-06 08:37:15] PRINT [03/06 08:37:15 graph]: Epoch 40: get test f1 score:  0.846
[2023-03-06 08:37:15] PRINT [03/06 08:37:15 graph]: best_f1 0.904 at epoch 19
[2023-03-06 08:37:15] PRINT [03/06 08:37:15 graph]: Epoch 41 | train_loss: 0.1401 | lr: 0.000326
[2023-03-06 08:37:18] PRINT [03/06 08:37:18 graph]: #Test_f1: 0.8509±0.0400
[2023-03-06 08:37:18] PRINT [03/06 08:37:18 graph]: Epoch 41: get test f1 score:  0.851
[2023-03-06 08:37:18] PRINT [03/06 08:37:18 graph]: best_f1 0.904 at epoch 19
[2023-03-06 08:37:18] PRINT [03/06 08:37:18 graph]: Epoch 42 | train_loss: 0.1503 | lr: 0.000326
[2023-03-06 08:37:21] PRINT [03/06 08:37:21 graph]: #Test_f1: 0.8348±0.0451
[2023-03-06 08:37:21] PRINT [03/06 08:37:21 graph]: Epoch 42: get test f1 score:  0.835
[2023-03-06 08:37:21] PRINT [03/06 08:37:21 graph]: best_f1 0.904 at epoch 19
[2023-03-06 08:37:22] PRINT [03/06 08:37:22 graph]: Epoch 43 | train_loss: 0.1418 | lr: 0.000326
[2023-03-06 08:37:24] PRINT [03/06 08:37:24 graph]: #Test_f1: 0.8404±0.0533
[2023-03-06 08:37:25] PRINT [03/06 08:37:25 graph]: Epoch 43: get test f1 score:  0.840
[2023-03-06 08:37:25] PRINT [03/06 08:37:25 graph]: best_f1 0.904 at epoch 19
[2023-03-06 08:37:25] PRINT [03/06 08:37:25 graph]: Epoch 44 | train_loss: 0.1470 | lr: 0.000326
[2023-03-06 08:37:28] PRINT [03/06 08:37:28 graph]: #Test_f1: 0.8295±0.0469
[2023-03-06 08:37:28] PRINT [03/06 08:37:28 graph]: Epoch 44: get test f1 score:  0.830
[2023-03-06 08:37:28] PRINT [03/06 08:37:28 graph]: best_f1 0.904 at epoch 19
[2023-03-06 08:37:28] PRINT [03/06 08:37:28 graph]: Epoch 45 | train_loss: 0.1406 | lr: 0.000326
[2023-03-06 08:37:31] PRINT [03/06 08:37:31 graph]: #Test_f1: 0.8351±0.0436
[2023-03-06 08:37:31] PRINT [03/06 08:37:31 graph]: Epoch 45: get test f1 score:  0.835
[2023-03-06 08:37:31] PRINT [03/06 08:37:31 graph]: best_f1 0.904 at epoch 19
[2023-03-06 08:37:32] PRINT [03/06 08:37:32 graph]: Epoch 46 | train_loss: 0.1393 | lr: 0.000326
[2023-03-06 08:37:34] PRINT [03/06 08:37:34 graph]: #Test_f1: 0.8351±0.0603
[2023-03-06 08:37:35] PRINT [03/06 08:37:35 graph]: Epoch 46: get test f1 score:  0.835
[2023-03-06 08:37:35] PRINT [03/06 08:37:35 graph]: best_f1 0.904 at epoch 19
[2023-03-06 08:37:35] PRINT [03/06 08:37:35 graph]: Epoch 47 | train_loss: 0.1388 | lr: 0.000326
[2023-03-06 08:37:38] PRINT [03/06 08:37:38 graph]: #Test_f1: 0.8295±0.0469
[2023-03-06 08:37:38] PRINT [03/06 08:37:38 graph]: Epoch 47: get test f1 score:  0.830
[2023-03-06 08:37:38] PRINT [03/06 08:37:38 graph]: best_f1 0.904 at epoch 19
[2023-03-06 08:37:38] PRINT [03/06 08:37:38 graph]: Epoch 48 | train_loss: 0.1404 | lr: 0.000326
[2023-03-06 08:37:41] PRINT [03/06 08:37:41 graph]: #Test_f1: 0.8404±0.0479
[2023-03-06 08:37:41] PRINT [03/06 08:37:41 graph]: Epoch 48: get test f1 score:  0.840
[2023-03-06 08:37:41] PRINT [03/06 08:37:41 graph]: best_f1 0.904 at epoch 19
[2023-03-06 08:37:42] PRINT [03/06 08:37:42 graph]: Epoch 49 | train_loss: 0.1392 | lr: 0.000326
[2023-03-06 08:37:45] PRINT [03/06 08:37:45 graph]: #Test_f1: 0.8348±0.0508
[2023-03-06 08:37:45] PRINT [03/06 08:37:45 graph]: Epoch 49: get test f1 score:  0.835
[2023-03-06 08:37:45] PRINT [03/06 08:37:45 graph]: best_f1 0.904 at epoch 19
[2023-03-06 08:37:45] PRINT [03/06 08:37:45 graph]: # final_acc: 0.9041±0.0000
