[2023-03-18 12:38:00] PRINT ---new cfg------
[2023-03-18 12:38:00] PRINT {'DATA': {'data_name': 'citeseer'}, 'DATALOADER': {'NUM_WORKERS': 0}, 'MODEL': {'num_hidden': 1024, 'num_layers': 2, 'nhead': 4, 'activation': 'prelu', 'attn_drop': 0.1, 'feat_drop': 0.5, 'norm': 'batchnorm', 'pooler': 'mean', 'beta_schedule': 'sigmoid', 'beta_1': 0.00030156937529935085, 'beta_T': 0.07079788951834937, 'T': 739, 'alpha_l': 3}, 'SOLVER': {'optim_type': 'adam', 'optim_type_f': 'adamw', 'alpha': 1, 'decay': 30, 'LR': 0.0004996993068014292, 'LR_f': 0.011336222316530588, 'weight_decay': 0, 'weight_decay_f': 4.228081049497638e-05, 'MAX_EPOCH': 100, 'max_epoch_f': 100}, 'DEVICE': 'cuda', 'seeds': [0], 'eval_T': [50, 100, 200], 'output_dir': '/ddm-nni/Citeseer/log', 'checkpoint_dir': '/ddm-nni/Citeseer/log/checkpoint'}
[2023-03-18 12:38:00] PRINT [03/18 12:38:00 graph]: Rank of current process: 0. World size: 1
[2023-03-18 12:38:04] PRINT [03/18 12:38:04 graph]: Environment info:
[2023-03-18 12:38:04] PRINT PyTorch version: 1.10.0+cu113
[2023-03-18 12:38:04] PRINT Is debug build: False
[2023-03-18 12:38:04] PRINT CUDA used to build PyTorch: 11.3
[2023-03-18 12:38:04] PRINT ROCM used to build PyTorch: N/A
[2023-03-18 12:38:04] PRINT 
[2023-03-18 12:38:04] PRINT OS: Ubuntu 20.04.3 LTS (x86_64)
[2023-03-18 12:38:04] PRINT GCC version: (Ubuntu 9.3.0-17ubuntu1~20.04) 9.3.0
[2023-03-18 12:38:04] PRINT Clang version: Could not collect
[2023-03-18 12:38:04] PRINT CMake version: version 3.16.3
[2023-03-18 12:38:04] PRINT Libc version: glibc-2.31
[2023-03-18 12:38:04] PRINT 
[2023-03-18 12:38:04] PRINT Python version: 3.8.10 (default, Jun  4 2021, 15:09:15)  [GCC 7.5.0] (64-bit runtime)
[2023-03-18 12:38:04] PRINT Python platform: Linux-5.4.0-90-generic-x86_64-with-glibc2.17
[2023-03-18 12:38:04] PRINT Is CUDA available: True
[2023-03-18 12:38:04] PRINT CUDA runtime version: 11.3.109
[2023-03-18 12:38:04] PRINT GPU models and configuration: GPU 0: NVIDIA GeForce RTX 3090
[2023-03-18 12:38:04] PRINT Nvidia driver version: 495.44
[2023-03-18 12:38:04] PRINT cuDNN version: Probably one of the following:
[2023-03-18 12:38:04] PRINT /usr/lib/x86_64-linux-gnu/libcudnn.so.8.2.0
[2023-03-18 12:38:04] PRINT /usr/lib/x86_64-linux-gnu/libcudnn_adv_infer.so.8.2.0
[2023-03-18 12:38:04] PRINT /usr/lib/x86_64-linux-gnu/libcudnn_adv_train.so.8.2.0
[2023-03-18 12:38:04] PRINT /usr/lib/x86_64-linux-gnu/libcudnn_cnn_infer.so.8.2.0
[2023-03-18 12:38:04] PRINT /usr/lib/x86_64-linux-gnu/libcudnn_cnn_train.so.8.2.0
[2023-03-18 12:38:04] PRINT /usr/lib/x86_64-linux-gnu/libcudnn_ops_infer.so.8.2.0
[2023-03-18 12:38:04] PRINT /usr/lib/x86_64-linux-gnu/libcudnn_ops_train.so.8.2.0
[2023-03-18 12:38:04] PRINT HIP runtime version: N/A
[2023-03-18 12:38:04] PRINT MIOpen runtime version: N/A
[2023-03-18 12:38:04] PRINT 
[2023-03-18 12:38:04] PRINT Versions of relevant libraries:
[2023-03-18 12:38:04] PRINT [pip3] numpy==1.23.5
[2023-03-18 12:38:04] PRINT [pip3] torch==1.10.0+cu113
[2023-03-18 12:38:04] PRINT [pip3] torchvision==0.11.1+cu113
[2023-03-18 12:38:04] PRINT [conda] blas                      1.0                         mkl    https://mirrors.ustc.edu.cn/anaconda/pkgs/main
[2023-03-18 12:38:04] PRINT [conda] mkl                       2021.4.0           h06a4308_640    https://mirrors.ustc.edu.cn/anaconda/pkgs/main
[2023-03-18 12:38:04] PRINT [conda] mkl-service               2.4.0            py38h7f8727e_0    https://mirrors.ustc.edu.cn/anaconda/pkgs/main
[2023-03-18 12:38:04] PRINT [conda] mkl_fft                   1.3.1            py38hd3c417c_0    https://mirrors.ustc.edu.cn/anaconda/pkgs/main
[2023-03-18 12:38:04] PRINT [conda] mkl_random                1.2.2            py38h51133e4_0    https://mirrors.ustc.edu.cn/anaconda/pkgs/main
[2023-03-18 12:38:04] PRINT [conda] numpy                     1.21.4                   pypi_0    pypi
[2023-03-18 12:38:04] PRINT [conda] numpy-base                1.23.5           py38h31eccc5_0    https://mirrors.ustc.edu.cn/anaconda/pkgs/main
[2023-03-18 12:38:04] PRINT [conda] torch                     1.10.0+cu113             pypi_0    pypi
[2023-03-18 12:38:04] PRINT [conda] torchvision               0.11.1+cu113             pypi_0    pypi
[2023-03-18 12:38:04] PRINT         Pillow (8.4.0)
[2023-03-18 12:38:04] PRINT [03/18 12:38:04 graph]: Command line arguments: Namespace(local_rank=0, resume=False, seed=1234, start_epoch=0)
[2023-03-18 12:38:04] PRINT   NumNodes: 3327
[2023-03-18 12:38:04] PRINT   NumEdges: 9228
[2023-03-18 12:38:04] PRINT   NumFeats: 3703
[2023-03-18 12:38:04] PRINT   NumClasses: 6
[2023-03-18 12:38:04] PRINT   NumTrainingSamples: 120
[2023-03-18 12:38:04] PRINT   NumValidationSamples: 500
[2023-03-18 12:38:04] PRINT   NumTestSamples: 1000
[2023-03-18 12:38:04] PRINT Done loading data from cached files.
[2023-03-18 12:38:04] PRINT [03/18 12:38:04 graph]: Run 0th for seed 0
[2023-03-18 12:38:04] PRINT [03/18 12:38:04 graph]: Total trainable params num : 72195267
[2023-03-18 12:38:09] PRINT [03/18 12:38:09 graph]: ----------Start Training----------
[2023-03-18 12:38:09] PRINT [03/18 12:38:09 graph]: start epoch 0.
[2023-03-18 12:38:10] PRINT [03/18 12:38:10 graph]: # Epoch 0: train_loss: 0.8914 | lr: 0.000500
[2023-03-18 12:38:10] PRINT [03/18 12:38:10 graph]: start epoch 1.
[2023-03-18 12:38:10] PRINT [03/18 12:38:10 graph]: # Epoch 1: train_loss: 0.6587 | lr: 0.000500
[2023-03-18 12:38:10] PRINT [03/18 12:38:10 graph]: start epoch 2.
[2023-03-18 12:38:10] PRINT [03/18 12:38:10 graph]: # Epoch 2: train_loss: 0.5446 | lr: 0.000500
[2023-03-18 12:38:10] PRINT [03/18 12:38:10 graph]: start epoch 3.
[2023-03-18 12:38:10] PRINT [03/18 12:38:10 graph]: # Epoch 3: train_loss: 0.5223 | lr: 0.000500
[2023-03-18 12:38:10] PRINT [03/18 12:38:10 graph]: start epoch 4.
[2023-03-18 12:38:10] PRINT [03/18 12:38:10 graph]: # Epoch 4: train_loss: 0.5164 | lr: 0.000500
[2023-03-18 12:38:10] PRINT [03/18 12:38:10 graph]: start epoch 5.
[2023-03-18 12:38:10] PRINT [03/18 12:38:10 graph]: # Epoch 5: train_loss: 0.5100 | lr: 0.000500
[2023-03-18 12:38:10] PRINT [03/18 12:38:10 graph]: start epoch 6.
[2023-03-18 12:38:10] PRINT [03/18 12:38:10 graph]: # Epoch 6: train_loss: 0.4999 | lr: 0.000500
[2023-03-18 12:38:10] PRINT [03/18 12:38:10 graph]: start epoch 7.
[2023-03-18 12:38:10] PRINT [03/18 12:38:10 graph]: # Epoch 7: train_loss: 0.5207 | lr: 0.000500
[2023-03-18 12:38:10] PRINT [03/18 12:38:10 graph]: start epoch 8.
[2023-03-18 12:38:10] PRINT [03/18 12:38:10 graph]: # Epoch 8: train_loss: 0.5032 | lr: 0.000500
[2023-03-18 12:38:10] PRINT [03/18 12:38:10 graph]: start epoch 9.
[2023-03-18 12:38:10] PRINT [03/18 12:38:10 graph]: # Epoch 9: train_loss: 0.5061 | lr: 0.000500
[2023-03-18 12:38:10] PRINT [03/18 12:38:10 graph]: start epoch 10.
[2023-03-18 12:38:10] PRINT [03/18 12:38:10 graph]: # Epoch 10: train_loss: 0.5057 | lr: 0.000500
[2023-03-18 12:38:10] PRINT [03/18 12:38:10 graph]: start epoch 11.
[2023-03-18 12:38:11] PRINT [03/18 12:38:11 graph]: # Epoch 11: train_loss: 0.5045 | lr: 0.000500
[2023-03-18 12:38:11] PRINT [03/18 12:38:11 graph]: --- Testf1: 0.69700, Best Valacc: 0.68400 in epoch 91 --- 
[2023-03-18 12:38:12] PRINT [03/18 12:38:12 graph]: Epoch 11: get test acc score:  0.697
[2023-03-18 12:38:12] PRINT [03/18 12:38:12 graph]: best_f1 0.697 at epoch 11
[2023-03-18 12:38:12] PRINT [03/18 12:38:12 graph]: start epoch 12.
[2023-03-18 12:38:12] PRINT [03/18 12:38:12 graph]: # Epoch 12: train_loss: 0.5037 | lr: 0.000500
[2023-03-18 12:38:13] PRINT [03/18 12:38:13 graph]: --- Testf1: 0.68500, Best Valacc: 0.67600 in epoch 78 --- 
[2023-03-18 12:38:13] PRINT [03/18 12:38:13 graph]: Epoch 12: get test acc score:  0.685
[2023-03-18 12:38:13] PRINT [03/18 12:38:13 graph]: best_f1 0.697 at epoch 11
[2023-03-18 12:38:13] PRINT [03/18 12:38:13 graph]: start epoch 13.
[2023-03-18 12:38:13] PRINT [03/18 12:38:13 graph]: # Epoch 13: train_loss: 0.5024 | lr: 0.000500
[2023-03-18 12:38:14] PRINT [03/18 12:38:14 graph]: --- Testf1: 0.63200, Best Valacc: 0.68200 in epoch 87 --- 
[2023-03-18 12:38:14] PRINT [03/18 12:38:14 graph]: Epoch 13: get test acc score:  0.632
[2023-03-18 12:38:14] PRINT [03/18 12:38:14 graph]: best_f1 0.697 at epoch 11
[2023-03-18 12:38:14] PRINT [03/18 12:38:14 graph]: start epoch 14.
[2023-03-18 12:38:14] PRINT [03/18 12:38:14 graph]: # Epoch 14: train_loss: 0.5014 | lr: 0.000500
[2023-03-18 12:38:15] PRINT [03/18 12:38:15 graph]: --- Testf1: 0.63200, Best Valacc: 0.66400 in epoch 79 --- 
[2023-03-18 12:38:15] PRINT [03/18 12:38:15 graph]: Epoch 14: get test acc score:  0.632
[2023-03-18 12:38:15] PRINT [03/18 12:38:15 graph]: best_f1 0.697 at epoch 11
[2023-03-18 12:38:15] PRINT [03/18 12:38:15 graph]: start epoch 15.
[2023-03-18 12:38:15] PRINT [03/18 12:38:15 graph]: # Epoch 15: train_loss: 0.5000 | lr: 0.000500
[2023-03-18 12:38:16] PRINT [03/18 12:38:16 graph]: --- Testf1: 0.68600, Best Valacc: 0.68600 in epoch 95 --- 
[2023-03-18 12:38:17] PRINT [03/18 12:38:17 graph]: Epoch 15: get test acc score:  0.686
[2023-03-18 12:38:17] PRINT [03/18 12:38:17 graph]: best_f1 0.697 at epoch 11
[2023-03-18 12:38:17] PRINT [03/18 12:38:17 graph]: start epoch 16.
[2023-03-18 12:38:17] PRINT [03/18 12:38:17 graph]: # Epoch 16: train_loss: 0.4985 | lr: 0.000500
[2023-03-18 12:38:17] PRINT [03/18 12:38:17 graph]: --- Testf1: 0.69000, Best Valacc: 0.69800 in epoch 74 --- 
[2023-03-18 12:38:18] PRINT [03/18 12:38:18 graph]: Epoch 16: get test acc score:  0.690
[2023-03-18 12:38:18] PRINT [03/18 12:38:18 graph]: best_f1 0.697 at epoch 11
[2023-03-18 12:38:18] PRINT [03/18 12:38:18 graph]: start epoch 17.
[2023-03-18 12:38:18] PRINT [03/18 12:38:18 graph]: # Epoch 17: train_loss: 0.4973 | lr: 0.000500
[2023-03-18 12:38:19] PRINT [03/18 12:38:19 graph]: --- Testf1: 0.66500, Best Valacc: 0.68600 in epoch 85 --- 
[2023-03-18 12:38:19] PRINT [03/18 12:38:19 graph]: Epoch 17: get test acc score:  0.665
[2023-03-18 12:38:19] PRINT [03/18 12:38:19 graph]: best_f1 0.697 at epoch 11
[2023-03-18 12:38:19] PRINT [03/18 12:38:19 graph]: start epoch 18.
[2023-03-18 12:38:19] PRINT [03/18 12:38:19 graph]: # Epoch 18: train_loss: 0.4962 | lr: 0.000500
[2023-03-18 12:38:20] PRINT [03/18 12:38:20 graph]: --- Testf1: 0.67900, Best Valacc: 0.71400 in epoch 61 --- 
[2023-03-18 12:38:20] PRINT [03/18 12:38:20 graph]: Epoch 18: get test acc score:  0.679
[2023-03-18 12:38:20] PRINT [03/18 12:38:20 graph]: best_f1 0.697 at epoch 11
[2023-03-18 12:38:20] PRINT [03/18 12:38:20 graph]: start epoch 19.
[2023-03-18 12:38:20] PRINT [03/18 12:38:20 graph]: # Epoch 19: train_loss: 0.4947 | lr: 0.000500
[2023-03-18 12:38:21] PRINT [03/18 12:38:21 graph]: --- Testf1: 0.69300, Best Valacc: 0.67800 in epoch 98 --- 
[2023-03-18 12:38:21] PRINT [03/18 12:38:21 graph]: Epoch 19: get test acc score:  0.693
[2023-03-18 12:38:21] PRINT [03/18 12:38:21 graph]: best_f1 0.697 at epoch 11
[2023-03-18 12:38:21] PRINT [03/18 12:38:21 graph]: start epoch 20.
[2023-03-18 12:38:21] PRINT [03/18 12:38:21 graph]: # Epoch 20: train_loss: 0.4927 | lr: 0.000500
[2023-03-18 12:38:22] PRINT [03/18 12:38:22 graph]: --- Testf1: 0.68500, Best Valacc: 0.68200 in epoch 90 --- 
[2023-03-18 12:38:23] PRINT [03/18 12:38:23 graph]: Epoch 20: get test acc score:  0.685
[2023-03-18 12:38:23] PRINT [03/18 12:38:23 graph]: best_f1 0.697 at epoch 11
[2023-03-18 12:38:23] PRINT [03/18 12:38:23 graph]: start epoch 21.
[2023-03-18 12:38:23] PRINT [03/18 12:38:23 graph]: # Epoch 21: train_loss: 0.4915 | lr: 0.000500
[2023-03-18 12:38:24] PRINT [03/18 12:38:24 graph]: --- Testf1: 0.66100, Best Valacc: 0.66800 in epoch 61 --- 
[2023-03-18 12:38:24] PRINT [03/18 12:38:24 graph]: Epoch 21: get test acc score:  0.661
[2023-03-18 12:38:24] PRINT [03/18 12:38:24 graph]: best_f1 0.697 at epoch 11
[2023-03-18 12:38:24] PRINT [03/18 12:38:24 graph]: start epoch 22.
[2023-03-18 12:38:24] PRINT [03/18 12:38:24 graph]: # Epoch 22: train_loss: 0.4893 | lr: 0.000500
[2023-03-18 12:38:25] PRINT [03/18 12:38:25 graph]: --- Testf1: 0.67400, Best Valacc: 0.67200 in epoch 89 --- 
[2023-03-18 12:38:25] PRINT [03/18 12:38:25 graph]: Epoch 22: get test acc score:  0.674
[2023-03-18 12:38:25] PRINT [03/18 12:38:25 graph]: best_f1 0.697 at epoch 11
[2023-03-18 12:38:25] PRINT [03/18 12:38:25 graph]: start epoch 23.
[2023-03-18 12:38:25] PRINT [03/18 12:38:25 graph]: # Epoch 23: train_loss: 0.4890 | lr: 0.000500
[2023-03-18 12:38:26] PRINT [03/18 12:38:26 graph]: --- Testf1: 0.68100, Best Valacc: 0.69400 in epoch 72 --- 
[2023-03-18 12:38:26] PRINT [03/18 12:38:26 graph]: Epoch 23: get test acc score:  0.681
[2023-03-18 12:38:26] PRINT [03/18 12:38:26 graph]: best_f1 0.697 at epoch 11
[2023-03-18 12:38:26] PRINT [03/18 12:38:26 graph]: start epoch 24.
[2023-03-18 12:38:26] PRINT [03/18 12:38:26 graph]: # Epoch 24: train_loss: 0.4870 | lr: 0.000500
[2023-03-18 12:38:27] PRINT [03/18 12:38:27 graph]: --- Testf1: 0.68100, Best Valacc: 0.67800 in epoch 87 --- 
[2023-03-18 12:38:27] PRINT [03/18 12:38:27 graph]: Epoch 24: get test acc score:  0.681
[2023-03-18 12:38:27] PRINT [03/18 12:38:27 graph]: best_f1 0.697 at epoch 11
[2023-03-18 12:38:27] PRINT [03/18 12:38:27 graph]: start epoch 25.
[2023-03-18 12:38:28] PRINT [03/18 12:38:28 graph]: # Epoch 25: train_loss: 0.4868 | lr: 0.000500
[2023-03-18 12:38:28] PRINT [03/18 12:38:28 graph]: --- Testf1: 0.66400, Best Valacc: 0.68000 in epoch 73 --- 
[2023-03-18 12:38:29] PRINT [03/18 12:38:29 graph]: Epoch 25: get test acc score:  0.664
[2023-03-18 12:38:29] PRINT [03/18 12:38:29 graph]: best_f1 0.697 at epoch 11
[2023-03-18 12:38:29] PRINT [03/18 12:38:29 graph]: start epoch 26.
[2023-03-18 12:38:29] PRINT [03/18 12:38:29 graph]: # Epoch 26: train_loss: 0.4853 | lr: 0.000500
[2023-03-18 12:38:30] PRINT [03/18 12:38:30 graph]: --- Testf1: 0.66100, Best Valacc: 0.64000 in epoch 96 --- 
[2023-03-18 12:38:30] PRINT [03/18 12:38:30 graph]: Epoch 26: get test acc score:  0.661
[2023-03-18 12:38:30] PRINT [03/18 12:38:30 graph]: best_f1 0.697 at epoch 11
[2023-03-18 12:38:30] PRINT [03/18 12:38:30 graph]: start epoch 27.
[2023-03-18 12:38:30] PRINT [03/18 12:38:30 graph]: # Epoch 27: train_loss: 0.4849 | lr: 0.000500
[2023-03-18 12:38:31] PRINT [03/18 12:38:31 graph]: --- Testf1: 0.68200, Best Valacc: 0.66000 in epoch 64 --- 
[2023-03-18 12:38:31] PRINT [03/18 12:38:31 graph]: Epoch 27: get test acc score:  0.682
[2023-03-18 12:38:31] PRINT [03/18 12:38:31 graph]: best_f1 0.697 at epoch 11
[2023-03-18 12:38:31] PRINT [03/18 12:38:31 graph]: start epoch 28.
[2023-03-18 12:38:31] PRINT [03/18 12:38:31 graph]: # Epoch 28: train_loss: 0.4838 | lr: 0.000500
[2023-03-18 12:38:32] PRINT [03/18 12:38:32 graph]: --- Testf1: 0.65100, Best Valacc: 0.64600 in epoch 91 --- 
[2023-03-18 12:38:33] PRINT [03/18 12:38:33 graph]: Epoch 28: get test acc score:  0.651
[2023-03-18 12:38:33] PRINT [03/18 12:38:33 graph]: best_f1 0.697 at epoch 11
[2023-03-18 12:38:33] PRINT [03/18 12:38:33 graph]: start epoch 29.
[2023-03-18 12:38:33] PRINT [03/18 12:38:33 graph]: # Epoch 29: train_loss: 0.4834 | lr: 0.000500
[2023-03-18 12:38:34] PRINT [03/18 12:38:34 graph]: --- Testf1: 0.68900, Best Valacc: 0.66200 in epoch 90 --- 
[2023-03-18 12:38:34] PRINT [03/18 12:38:34 graph]: Epoch 29: get test acc score:  0.689
[2023-03-18 12:38:34] PRINT [03/18 12:38:34 graph]: best_f1 0.697 at epoch 11
[2023-03-18 12:38:34] PRINT [03/18 12:38:34 graph]: start epoch 30.
[2023-03-18 12:38:34] PRINT [03/18 12:38:34 graph]: # Epoch 30: train_loss: 0.4820 | lr: 0.000500
[2023-03-18 12:38:35] PRINT [03/18 12:38:35 graph]: --- Testf1: 0.66300, Best Valacc: 0.64600 in epoch 90 --- 
[2023-03-18 12:38:35] PRINT [03/18 12:38:35 graph]: Epoch 30: get test acc score:  0.663
[2023-03-18 12:38:35] PRINT [03/18 12:38:35 graph]: best_f1 0.697 at epoch 11
[2023-03-18 12:38:35] PRINT [03/18 12:38:35 graph]: start epoch 31.
[2023-03-18 12:38:35] PRINT [03/18 12:38:35 graph]: # Epoch 31: train_loss: 0.4809 | lr: 0.000500
[2023-03-18 12:38:36] PRINT [03/18 12:38:36 graph]: --- Testf1: 0.65200, Best Valacc: 0.67600 in epoch 81 --- 
[2023-03-18 12:38:36] PRINT [03/18 12:38:36 graph]: Epoch 31: get test acc score:  0.652
[2023-03-18 12:38:36] PRINT [03/18 12:38:36 graph]: best_f1 0.697 at epoch 11
[2023-03-18 12:38:36] PRINT [03/18 12:38:36 graph]: start epoch 32.
[2023-03-18 12:38:36] PRINT [03/18 12:38:36 graph]: # Epoch 32: train_loss: 0.4799 | lr: 0.000500
[2023-03-18 12:38:37] PRINT [03/18 12:38:37 graph]: --- Testf1: 0.67200, Best Valacc: 0.61600 in epoch 79 --- 
[2023-03-18 12:38:37] PRINT [03/18 12:38:37 graph]: Epoch 32: get test acc score:  0.672
[2023-03-18 12:38:37] PRINT [03/18 12:38:37 graph]: best_f1 0.697 at epoch 11
[2023-03-18 12:38:37] PRINT [03/18 12:38:37 graph]: start epoch 33.
[2023-03-18 12:38:37] PRINT [03/18 12:38:37 graph]: # Epoch 33: train_loss: 0.4791 | lr: 0.000500
[2023-03-18 12:38:38] PRINT [03/18 12:38:38 graph]: --- Testf1: 0.63100, Best Valacc: 0.63600 in epoch 51 --- 
[2023-03-18 12:38:39] PRINT [03/18 12:38:39 graph]: Epoch 33: get test acc score:  0.631
[2023-03-18 12:38:39] PRINT [03/18 12:38:39 graph]: best_f1 0.697 at epoch 11
[2023-03-18 12:38:39] PRINT [03/18 12:38:39 graph]: start epoch 34.
[2023-03-18 12:38:39] PRINT [03/18 12:38:39 graph]: # Epoch 34: train_loss: 0.4788 | lr: 0.000500
[2023-03-18 12:38:40] PRINT [03/18 12:38:40 graph]: --- Testf1: 0.63900, Best Valacc: 0.62200 in epoch 70 --- 
[2023-03-18 12:38:40] PRINT [03/18 12:38:40 graph]: Epoch 34: get test acc score:  0.639
[2023-03-18 12:38:40] PRINT [03/18 12:38:40 graph]: best_f1 0.697 at epoch 11
[2023-03-18 12:38:40] PRINT [03/18 12:38:40 graph]: start epoch 35.
[2023-03-18 12:38:40] PRINT [03/18 12:38:40 graph]: # Epoch 35: train_loss: 0.4777 | lr: 0.000500
[2023-03-18 12:38:41] PRINT [03/18 12:38:41 graph]: --- Testf1: 0.65600, Best Valacc: 0.65400 in epoch 92 --- 
[2023-03-18 12:38:41] PRINT [03/18 12:38:41 graph]: Epoch 35: get test acc score:  0.656
[2023-03-18 12:38:41] PRINT [03/18 12:38:41 graph]: best_f1 0.697 at epoch 11
[2023-03-18 12:38:41] PRINT [03/18 12:38:41 graph]: start epoch 36.
[2023-03-18 12:38:41] PRINT [03/18 12:38:41 graph]: # Epoch 36: train_loss: 0.4768 | lr: 0.000500
[2023-03-18 12:38:42] PRINT [03/18 12:38:42 graph]: --- Testf1: 0.66400, Best Valacc: 0.63600 in epoch 56 --- 
[2023-03-18 12:38:42] PRINT [03/18 12:38:42 graph]: Epoch 36: get test acc score:  0.664
[2023-03-18 12:38:42] PRINT [03/18 12:38:42 graph]: best_f1 0.697 at epoch 11
[2023-03-18 12:38:42] PRINT [03/18 12:38:42 graph]: start epoch 37.
[2023-03-18 12:38:42] PRINT [03/18 12:38:42 graph]: # Epoch 37: train_loss: 0.4781 | lr: 0.000500
[2023-03-18 12:38:43] PRINT [03/18 12:38:43 graph]: --- Testf1: 0.66600, Best Valacc: 0.65000 in epoch 97 --- 
[2023-03-18 12:38:43] PRINT [03/18 12:38:43 graph]: Epoch 37: get test acc score:  0.666
[2023-03-18 12:38:43] PRINT [03/18 12:38:43 graph]: best_f1 0.697 at epoch 11
[2023-03-18 12:38:43] PRINT [03/18 12:38:43 graph]: start epoch 38.
[2023-03-18 12:38:43] PRINT [03/18 12:38:43 graph]: # Epoch 38: train_loss: 0.4779 | lr: 0.000500
[2023-03-18 12:38:44] PRINT [03/18 12:38:44 graph]: --- Testf1: 0.67700, Best Valacc: 0.66400 in epoch 73 --- 
[2023-03-18 12:38:45] PRINT [03/18 12:38:45 graph]: Epoch 38: get test acc score:  0.677
[2023-03-18 12:38:45] PRINT [03/18 12:38:45 graph]: best_f1 0.697 at epoch 11
[2023-03-18 12:38:45] PRINT [03/18 12:38:45 graph]: start epoch 39.
[2023-03-18 12:38:45] PRINT [03/18 12:38:45 graph]: # Epoch 39: train_loss: 0.4765 | lr: 0.000500
[2023-03-18 12:38:46] PRINT [03/18 12:38:46 graph]: --- Testf1: 0.66700, Best Valacc: 0.65400 in epoch 79 --- 
[2023-03-18 12:38:46] PRINT [03/18 12:38:46 graph]: Epoch 39: get test acc score:  0.667
[2023-03-18 12:38:46] PRINT [03/18 12:38:46 graph]: best_f1 0.697 at epoch 11
[2023-03-18 12:38:46] PRINT [03/18 12:38:46 graph]: start epoch 40.
[2023-03-18 12:38:46] PRINT [03/18 12:38:46 graph]: # Epoch 40: train_loss: 0.4768 | lr: 0.000500
[2023-03-18 12:38:47] PRINT [03/18 12:38:47 graph]: --- Testf1: 0.64500, Best Valacc: 0.65200 in epoch 69 --- 
[2023-03-18 12:38:47] PRINT [03/18 12:38:47 graph]: Epoch 40: get test acc score:  0.645
[2023-03-18 12:38:47] PRINT [03/18 12:38:47 graph]: best_f1 0.697 at epoch 11
[2023-03-18 12:38:47] PRINT [03/18 12:38:47 graph]: start epoch 41.
[2023-03-18 12:38:47] PRINT [03/18 12:38:47 graph]: # Epoch 41: train_loss: 0.4752 | lr: 0.000500
[2023-03-18 12:38:48] PRINT [03/18 12:38:48 graph]: --- Testf1: 0.65100, Best Valacc: 0.59600 in epoch 62 --- 
[2023-03-18 12:38:48] PRINT [03/18 12:38:48 graph]: Epoch 41: get test acc score:  0.651
[2023-03-18 12:38:48] PRINT [03/18 12:38:48 graph]: best_f1 0.697 at epoch 11
[2023-03-18 12:38:48] PRINT [03/18 12:38:48 graph]: start epoch 42.
[2023-03-18 12:38:48] PRINT [03/18 12:38:48 graph]: # Epoch 42: train_loss: 0.4759 | lr: 0.000500
[2023-03-18 12:38:49] PRINT [03/18 12:38:49 graph]: --- Testf1: 0.66500, Best Valacc: 0.65600 in epoch 85 --- 
[2023-03-18 12:38:50] PRINT [03/18 12:38:50 graph]: Epoch 42: get test acc score:  0.665
[2023-03-18 12:38:50] PRINT [03/18 12:38:50 graph]: best_f1 0.697 at epoch 11
[2023-03-18 12:38:50] PRINT [03/18 12:38:50 graph]: start epoch 43.
[2023-03-18 12:38:50] PRINT [03/18 12:38:50 graph]: # Epoch 43: train_loss: 0.4751 | lr: 0.000500
[2023-03-18 12:38:50] PRINT [03/18 12:38:50 graph]: --- Testf1: 0.67600, Best Valacc: 0.63000 in epoch 71 --- 
[2023-03-18 12:38:51] PRINT [03/18 12:38:51 graph]: Epoch 43: get test acc score:  0.676
[2023-03-18 12:38:51] PRINT [03/18 12:38:51 graph]: best_f1 0.697 at epoch 11
[2023-03-18 12:38:51] PRINT [03/18 12:38:51 graph]: start epoch 44.
[2023-03-18 12:38:51] PRINT [03/18 12:38:51 graph]: # Epoch 44: train_loss: 0.4738 | lr: 0.000500
[2023-03-18 12:38:52] PRINT [03/18 12:38:52 graph]: --- Testf1: 0.67800, Best Valacc: 0.63200 in epoch 74 --- 
[2023-03-18 12:38:52] PRINT [03/18 12:38:52 graph]: Epoch 44: get test acc score:  0.678
[2023-03-18 12:38:52] PRINT [03/18 12:38:52 graph]: best_f1 0.697 at epoch 11
[2023-03-18 12:38:52] PRINT [03/18 12:38:52 graph]: start epoch 45.
[2023-03-18 12:38:52] PRINT [03/18 12:38:52 graph]: # Epoch 45: train_loss: 0.4749 | lr: 0.000500
[2023-03-18 12:38:53] PRINT [03/18 12:38:53 graph]: --- Testf1: 0.66200, Best Valacc: 0.63600 in epoch 98 --- 
[2023-03-18 12:38:53] PRINT [03/18 12:38:53 graph]: Epoch 45: get test acc score:  0.662
[2023-03-18 12:38:53] PRINT [03/18 12:38:53 graph]: best_f1 0.697 at epoch 11
[2023-03-18 12:38:53] PRINT [03/18 12:38:53 graph]: start epoch 46.
[2023-03-18 12:38:53] PRINT [03/18 12:38:53 graph]: # Epoch 46: train_loss: 0.4748 | lr: 0.000500
[2023-03-18 12:38:54] PRINT [03/18 12:38:54 graph]: --- Testf1: 0.66200, Best Valacc: 0.64800 in epoch 92 --- 
[2023-03-18 12:38:54] PRINT [03/18 12:38:54 graph]: Epoch 46: get test acc score:  0.662
[2023-03-18 12:38:54] PRINT [03/18 12:38:54 graph]: best_f1 0.697 at epoch 11
[2023-03-18 12:38:54] PRINT [03/18 12:38:54 graph]: start epoch 47.
[2023-03-18 12:38:54] PRINT [03/18 12:38:54 graph]: # Epoch 47: train_loss: 0.4731 | lr: 0.000500
[2023-03-18 12:38:55] PRINT [03/18 12:38:55 graph]: --- Testf1: 0.67100, Best Valacc: 0.66400 in epoch 60 --- 
[2023-03-18 12:38:56] PRINT [03/18 12:38:56 graph]: Epoch 47: get test acc score:  0.671
[2023-03-18 12:38:56] PRINT [03/18 12:38:56 graph]: best_f1 0.697 at epoch 11
[2023-03-18 12:38:56] PRINT [03/18 12:38:56 graph]: start epoch 48.
[2023-03-18 12:38:56] PRINT [03/18 12:38:56 graph]: # Epoch 48: train_loss: 0.4731 | lr: 0.000500
[2023-03-18 12:38:57] PRINT [03/18 12:38:57 graph]: --- Testf1: 0.67900, Best Valacc: 0.63800 in epoch 72 --- 
[2023-03-18 12:38:57] PRINT [03/18 12:38:57 graph]: Epoch 48: get test acc score:  0.679
[2023-03-18 12:38:57] PRINT [03/18 12:38:57 graph]: best_f1 0.697 at epoch 11
[2023-03-18 12:38:57] PRINT [03/18 12:38:57 graph]: start epoch 49.
[2023-03-18 12:38:57] PRINT [03/18 12:38:57 graph]: # Epoch 49: train_loss: 0.4729 | lr: 0.000500
[2023-03-18 12:38:58] PRINT [03/18 12:38:58 graph]: --- Testf1: 0.69000, Best Valacc: 0.65600 in epoch 99 --- 
[2023-03-18 12:38:58] PRINT [03/18 12:38:58 graph]: Epoch 49: get test acc score:  0.690
[2023-03-18 12:38:58] PRINT [03/18 12:38:58 graph]: best_f1 0.697 at epoch 11
[2023-03-18 12:38:58] PRINT [03/18 12:38:58 graph]: start epoch 50.
[2023-03-18 12:38:58] PRINT [03/18 12:38:58 graph]: # Epoch 50: train_loss: 0.4727 | lr: 0.000500
[2023-03-18 12:38:59] PRINT [03/18 12:38:59 graph]: --- Testf1: 0.67600, Best Valacc: 0.64600 in epoch 76 --- 
[2023-03-18 12:38:59] PRINT [03/18 12:38:59 graph]: Epoch 50: get test acc score:  0.676
[2023-03-18 12:38:59] PRINT [03/18 12:38:59 graph]: best_f1 0.697 at epoch 11
[2023-03-18 12:38:59] PRINT [03/18 12:38:59 graph]: start epoch 51.
[2023-03-18 12:38:59] PRINT [03/18 12:38:59 graph]: # Epoch 51: train_loss: 0.4722 | lr: 0.000500
[2023-03-18 12:39:00] PRINT [03/18 12:39:00 graph]: --- Testf1: 0.67100, Best Valacc: 0.65200 in epoch 76 --- 
[2023-03-18 12:39:00] PRINT [03/18 12:39:00 graph]: Epoch 51: get test acc score:  0.671
[2023-03-18 12:39:00] PRINT [03/18 12:39:00 graph]: best_f1 0.697 at epoch 11
[2023-03-18 12:39:00] PRINT [03/18 12:39:00 graph]: start epoch 52.
[2023-03-18 12:39:01] PRINT [03/18 12:39:01 graph]: # Epoch 52: train_loss: 0.4724 | lr: 0.000500
[2023-03-18 12:39:01] PRINT [03/18 12:39:01 graph]: --- Testf1: 0.69200, Best Valacc: 0.66200 in epoch 64 --- 
[2023-03-18 12:39:02] PRINT [03/18 12:39:02 graph]: Epoch 52: get test acc score:  0.692
[2023-03-18 12:39:02] PRINT [03/18 12:39:02 graph]: best_f1 0.697 at epoch 11
[2023-03-18 12:39:02] PRINT [03/18 12:39:02 graph]: start epoch 53.
[2023-03-18 12:39:02] PRINT [03/18 12:39:02 graph]: # Epoch 53: train_loss: 0.4724 | lr: 0.000500
[2023-03-18 12:39:03] PRINT [03/18 12:39:03 graph]: --- Testf1: 0.65800, Best Valacc: 0.67600 in epoch 88 --- 
[2023-03-18 12:39:03] PRINT [03/18 12:39:03 graph]: Epoch 53: get test acc score:  0.658
[2023-03-18 12:39:03] PRINT [03/18 12:39:03 graph]: best_f1 0.697 at epoch 11
[2023-03-18 12:39:03] PRINT [03/18 12:39:03 graph]: start epoch 54.
[2023-03-18 12:39:03] PRINT [03/18 12:39:03 graph]: # Epoch 54: train_loss: 0.4717 | lr: 0.000500
[2023-03-18 12:39:04] PRINT [03/18 12:39:04 graph]: --- Testf1: 0.66800, Best Valacc: 0.66200 in epoch 78 --- 
[2023-03-18 12:39:04] PRINT [03/18 12:39:04 graph]: Epoch 54: get test acc score:  0.668
[2023-03-18 12:39:04] PRINT [03/18 12:39:04 graph]: best_f1 0.697 at epoch 11
[2023-03-18 12:39:04] PRINT [03/18 12:39:04 graph]: start epoch 55.
[2023-03-18 12:39:04] PRINT [03/18 12:39:04 graph]: # Epoch 55: train_loss: 0.4709 | lr: 0.000500
[2023-03-18 12:39:05] PRINT [03/18 12:39:05 graph]: --- Testf1: 0.68700, Best Valacc: 0.69000 in epoch 97 --- 
[2023-03-18 12:39:05] PRINT [03/18 12:39:05 graph]: Epoch 55: get test acc score:  0.687
[2023-03-18 12:39:05] PRINT [03/18 12:39:05 graph]: best_f1 0.697 at epoch 11
[2023-03-18 12:39:05] PRINT [03/18 12:39:05 graph]: start epoch 56.
[2023-03-18 12:39:05] PRINT [03/18 12:39:05 graph]: # Epoch 56: train_loss: 0.4706 | lr: 0.000500
[2023-03-18 12:39:06] PRINT [03/18 12:39:06 graph]: --- Testf1: 0.67100, Best Valacc: 0.66000 in epoch 91 --- 
[2023-03-18 12:39:07] PRINT [03/18 12:39:07 graph]: Epoch 56: get test acc score:  0.671
[2023-03-18 12:39:07] PRINT [03/18 12:39:07 graph]: best_f1 0.697 at epoch 11
[2023-03-18 12:39:07] PRINT [03/18 12:39:07 graph]: start epoch 57.
[2023-03-18 12:39:07] PRINT [03/18 12:39:07 graph]: # Epoch 57: train_loss: 0.4717 | lr: 0.000500
[2023-03-18 12:39:07] PRINT [03/18 12:39:07 graph]: --- Testf1: 0.69800, Best Valacc: 0.65400 in epoch 42 --- 
[2023-03-18 12:39:08] PRINT [03/18 12:39:08 graph]: Epoch 57: get test acc score:  0.698
[2023-03-18 12:39:08] PRINT [03/18 12:39:08 graph]: best_f1 0.698 at epoch 57
[2023-03-18 12:39:08] PRINT [03/18 12:39:08 graph]: start epoch 58.
[2023-03-18 12:39:08] PRINT [03/18 12:39:08 graph]: # Epoch 58: train_loss: 0.4718 | lr: 0.000500
[2023-03-18 12:39:09] PRINT [03/18 12:39:09 graph]: --- Testf1: 0.67000, Best Valacc: 0.64600 in epoch 70 --- 
[2023-03-18 12:39:09] PRINT [03/18 12:39:09 graph]: Epoch 58: get test acc score:  0.670
[2023-03-18 12:39:09] PRINT [03/18 12:39:09 graph]: best_f1 0.698 at epoch 57
[2023-03-18 12:39:09] PRINT [03/18 12:39:09 graph]: start epoch 59.
[2023-03-18 12:39:09] PRINT [03/18 12:39:09 graph]: # Epoch 59: train_loss: 0.4710 | lr: 0.000500
[2023-03-18 12:39:10] PRINT [03/18 12:39:10 graph]: --- Testf1: 0.69800, Best Valacc: 0.67200 in epoch 55 --- 
[2023-03-18 12:39:10] PRINT [03/18 12:39:10 graph]: Epoch 59: get test acc score:  0.698
[2023-03-18 12:39:10] PRINT [03/18 12:39:10 graph]: best_f1 0.698 at epoch 57
[2023-03-18 12:39:10] PRINT [03/18 12:39:10 graph]: start epoch 60.
[2023-03-18 12:39:10] PRINT [03/18 12:39:10 graph]: # Epoch 60: train_loss: 0.4706 | lr: 0.000500
[2023-03-18 12:39:11] PRINT [03/18 12:39:11 graph]: --- Testf1: 0.68800, Best Valacc: 0.68400 in epoch 97 --- 
[2023-03-18 12:39:11] PRINT [03/18 12:39:11 graph]: Epoch 60: get test acc score:  0.688
[2023-03-18 12:39:11] PRINT [03/18 12:39:11 graph]: best_f1 0.698 at epoch 57
[2023-03-18 12:39:11] PRINT [03/18 12:39:11 graph]: start epoch 61.
[2023-03-18 12:39:11] PRINT [03/18 12:39:11 graph]: # Epoch 61: train_loss: 0.4702 | lr: 0.000500
[2023-03-18 12:39:12] PRINT [03/18 12:39:12 graph]: --- Testf1: 0.69900, Best Valacc: 0.65600 in epoch 86 --- 
[2023-03-18 12:39:13] PRINT [03/18 12:39:13 graph]: Epoch 61: get test acc score:  0.699
[2023-03-18 12:39:13] PRINT [03/18 12:39:13 graph]: best_f1 0.699 at epoch 61
[2023-03-18 12:39:13] PRINT [03/18 12:39:13 graph]: start epoch 62.
[2023-03-18 12:39:13] PRINT [03/18 12:39:13 graph]: # Epoch 62: train_loss: 0.4694 | lr: 0.000500
[2023-03-18 12:39:14] PRINT [03/18 12:39:14 graph]: --- Testf1: 0.67800, Best Valacc: 0.66000 in epoch 44 --- 
[2023-03-18 12:39:14] PRINT [03/18 12:39:14 graph]: Epoch 62: get test acc score:  0.678
[2023-03-18 12:39:14] PRINT [03/18 12:39:14 graph]: best_f1 0.699 at epoch 61
[2023-03-18 12:39:14] PRINT [03/18 12:39:14 graph]: start epoch 63.
[2023-03-18 12:39:14] PRINT [03/18 12:39:14 graph]: # Epoch 63: train_loss: 0.4700 | lr: 0.000500
[2023-03-18 12:39:15] PRINT [03/18 12:39:15 graph]: --- Testf1: 0.69900, Best Valacc: 0.66800 in epoch 89 --- 
[2023-03-18 12:39:15] PRINT [03/18 12:39:15 graph]: Epoch 63: get test acc score:  0.699
[2023-03-18 12:39:15] PRINT [03/18 12:39:15 graph]: best_f1 0.699 at epoch 61
[2023-03-18 12:39:15] PRINT [03/18 12:39:15 graph]: start epoch 64.
[2023-03-18 12:39:15] PRINT [03/18 12:39:15 graph]: # Epoch 64: train_loss: 0.4679 | lr: 0.000500
[2023-03-18 12:39:16] PRINT [03/18 12:39:16 graph]: --- Testf1: 0.69900, Best Valacc: 0.68600 in epoch 77 --- 
[2023-03-18 12:39:16] PRINT [03/18 12:39:16 graph]: Epoch 64: get test acc score:  0.699
[2023-03-18 12:39:16] PRINT [03/18 12:39:16 graph]: best_f1 0.699 at epoch 61
[2023-03-18 12:39:16] PRINT [03/18 12:39:16 graph]: start epoch 65.
[2023-03-18 12:39:16] PRINT [03/18 12:39:16 graph]: # Epoch 65: train_loss: 0.4692 | lr: 0.000500
[2023-03-18 12:39:17] PRINT [03/18 12:39:17 graph]: --- Testf1: 0.67800, Best Valacc: 0.67800 in epoch 28 --- 
[2023-03-18 12:39:17] PRINT [03/18 12:39:17 graph]: Epoch 65: get test acc score:  0.678
[2023-03-18 12:39:17] PRINT [03/18 12:39:17 graph]: best_f1 0.699 at epoch 61
[2023-03-18 12:39:17] PRINT [03/18 12:39:17 graph]: start epoch 66.
[2023-03-18 12:39:17] PRINT [03/18 12:39:17 graph]: # Epoch 66: train_loss: 0.4671 | lr: 0.000500
[2023-03-18 12:39:18] PRINT [03/18 12:39:18 graph]: --- Testf1: 0.68100, Best Valacc: 0.67600 in epoch 92 --- 
[2023-03-18 12:39:19] PRINT [03/18 12:39:19 graph]: Epoch 66: get test acc score:  0.681
[2023-03-18 12:39:19] PRINT [03/18 12:39:19 graph]: best_f1 0.699 at epoch 61
[2023-03-18 12:39:19] PRINT [03/18 12:39:19 graph]: start epoch 67.
[2023-03-18 12:39:19] PRINT [03/18 12:39:19 graph]: # Epoch 67: train_loss: 0.4657 | lr: 0.000500
[2023-03-18 12:39:20] PRINT [03/18 12:39:20 graph]: --- Testf1: 0.65400, Best Valacc: 0.66200 in epoch 92 --- 
[2023-03-18 12:39:20] PRINT [03/18 12:39:20 graph]: Epoch 67: get test acc score:  0.654
[2023-03-18 12:39:20] PRINT [03/18 12:39:20 graph]: best_f1 0.699 at epoch 61
[2023-03-18 12:39:20] PRINT [03/18 12:39:20 graph]: start epoch 68.
[2023-03-18 12:39:20] PRINT [03/18 12:39:20 graph]: # Epoch 68: train_loss: 0.4650 | lr: 0.000500
[2023-03-18 12:39:21] PRINT [03/18 12:39:21 graph]: --- Testf1: 0.67600, Best Valacc: 0.67000 in epoch 28 --- 
[2023-03-18 12:39:21] PRINT [03/18 12:39:21 graph]: Epoch 68: get test acc score:  0.676
[2023-03-18 12:39:21] PRINT [03/18 12:39:21 graph]: best_f1 0.699 at epoch 61
[2023-03-18 12:39:21] PRINT [03/18 12:39:21 graph]: start epoch 69.
[2023-03-18 12:39:21] PRINT [03/18 12:39:21 graph]: # Epoch 69: train_loss: 0.4645 | lr: 0.000500
[2023-03-18 12:39:22] PRINT [03/18 12:39:22 graph]: --- Testf1: 0.66600, Best Valacc: 0.66000 in epoch 21 --- 
[2023-03-18 12:39:22] PRINT [03/18 12:39:22 graph]: Epoch 69: get test acc score:  0.666
[2023-03-18 12:39:22] PRINT [03/18 12:39:22 graph]: best_f1 0.699 at epoch 61
[2023-03-18 12:39:22] PRINT [03/18 12:39:22 graph]: start epoch 70.
[2023-03-18 12:39:22] PRINT [03/18 12:39:22 graph]: # Epoch 70: train_loss: 0.4637 | lr: 0.000500
[2023-03-18 12:39:23] PRINT [03/18 12:39:23 graph]: --- Testf1: 0.67100, Best Valacc: 0.65800 in epoch 19 --- 
[2023-03-18 12:39:23] PRINT [03/18 12:39:23 graph]: Epoch 70: get test acc score:  0.671
[2023-03-18 12:39:23] PRINT [03/18 12:39:23 graph]: best_f1 0.699 at epoch 61
[2023-03-18 12:39:23] PRINT [03/18 12:39:23 graph]: start epoch 71.
[2023-03-18 12:39:23] PRINT [03/18 12:39:23 graph]: # Epoch 71: train_loss: 0.4642 | lr: 0.000500
[2023-03-18 12:39:24] PRINT [03/18 12:39:24 graph]: --- Testf1: 0.67000, Best Valacc: 0.64800 in epoch 24 --- 
[2023-03-18 12:39:25] PRINT [03/18 12:39:25 graph]: Epoch 71: get test acc score:  0.670
[2023-03-18 12:39:25] PRINT [03/18 12:39:25 graph]: best_f1 0.699 at epoch 61
[2023-03-18 12:39:25] PRINT [03/18 12:39:25 graph]: start epoch 72.
[2023-03-18 12:39:25] PRINT [03/18 12:39:25 graph]: # Epoch 72: train_loss: 0.4616 | lr: 0.000500
[2023-03-18 12:39:25] PRINT [03/18 12:39:25 graph]: --- Testf1: 0.67500, Best Valacc: 0.67400 in epoch 89 --- 
[2023-03-18 12:39:26] PRINT [03/18 12:39:26 graph]: Epoch 72: get test acc score:  0.675
[2023-03-18 12:39:26] PRINT [03/18 12:39:26 graph]: best_f1 0.699 at epoch 61
[2023-03-18 12:39:26] PRINT [03/18 12:39:26 graph]: start epoch 73.
[2023-03-18 12:39:26] PRINT [03/18 12:39:26 graph]: # Epoch 73: train_loss: 0.4623 | lr: 0.000500
[2023-03-18 12:39:27] PRINT [03/18 12:39:27 graph]: --- Testf1: 0.66200, Best Valacc: 0.67000 in epoch 25 --- 
[2023-03-18 12:39:27] PRINT [03/18 12:39:27 graph]: Epoch 73: get test acc score:  0.662
[2023-03-18 12:39:27] PRINT [03/18 12:39:27 graph]: best_f1 0.699 at epoch 61
[2023-03-18 12:39:27] PRINT [03/18 12:39:27 graph]: start epoch 74.
[2023-03-18 12:39:27] PRINT [03/18 12:39:27 graph]: # Epoch 74: train_loss: 0.4611 | lr: 0.000500
[2023-03-18 12:39:28] PRINT [03/18 12:39:28 graph]: --- Testf1: 0.65100, Best Valacc: 0.66400 in epoch 14 --- 
[2023-03-18 12:39:28] PRINT [03/18 12:39:28 graph]: Epoch 74: get test acc score:  0.651
[2023-03-18 12:39:28] PRINT [03/18 12:39:28 graph]: best_f1 0.699 at epoch 61
[2023-03-18 12:39:28] PRINT [03/18 12:39:28 graph]: start epoch 75.
[2023-03-18 12:39:28] PRINT [03/18 12:39:28 graph]: # Epoch 75: train_loss: 0.4618 | lr: 0.000500
[2023-03-18 12:39:29] PRINT [03/18 12:39:29 graph]: --- Testf1: 0.68800, Best Valacc: 0.64600 in epoch 91 --- 
[2023-03-18 12:39:29] PRINT [03/18 12:39:29 graph]: Epoch 75: get test acc score:  0.688
[2023-03-18 12:39:29] PRINT [03/18 12:39:29 graph]: best_f1 0.699 at epoch 61
[2023-03-18 12:39:29] PRINT [03/18 12:39:29 graph]: start epoch 76.
[2023-03-18 12:39:29] PRINT [03/18 12:39:29 graph]: # Epoch 76: train_loss: 0.4604 | lr: 0.000500
[2023-03-18 12:39:30] PRINT [03/18 12:39:30 graph]: --- Testf1: 0.68500, Best Valacc: 0.66800 in epoch 27 --- 
[2023-03-18 12:39:30] PRINT [03/18 12:39:30 graph]: Epoch 76: get test acc score:  0.685
[2023-03-18 12:39:30] PRINT [03/18 12:39:30 graph]: best_f1 0.699 at epoch 61
[2023-03-18 12:39:30] PRINT [03/18 12:39:30 graph]: start epoch 77.
[2023-03-18 12:39:31] PRINT [03/18 12:39:31 graph]: # Epoch 77: train_loss: 0.4591 | lr: 0.000500
[2023-03-18 12:39:31] PRINT [03/18 12:39:31 graph]: --- Testf1: 0.66200, Best Valacc: 0.67200 in epoch 31 --- 
[2023-03-18 12:39:32] PRINT [03/18 12:39:32 graph]: Epoch 77: get test acc score:  0.662
[2023-03-18 12:39:32] PRINT [03/18 12:39:32 graph]: best_f1 0.699 at epoch 61
[2023-03-18 12:39:32] PRINT [03/18 12:39:32 graph]: start epoch 78.
[2023-03-18 12:39:32] PRINT [03/18 12:39:32 graph]: # Epoch 78: train_loss: 0.4596 | lr: 0.000500
[2023-03-18 12:39:33] PRINT [03/18 12:39:33 graph]: --- Testf1: 0.67800, Best Valacc: 0.66000 in epoch 34 --- 
[2023-03-18 12:39:33] PRINT [03/18 12:39:33 graph]: Epoch 78: get test acc score:  0.678
[2023-03-18 12:39:33] PRINT [03/18 12:39:33 graph]: best_f1 0.699 at epoch 61
[2023-03-18 12:39:33] PRINT [03/18 12:39:33 graph]: start epoch 79.
[2023-03-18 12:39:33] PRINT [03/18 12:39:33 graph]: # Epoch 79: train_loss: 0.4580 | lr: 0.000500
[2023-03-18 12:39:34] PRINT [03/18 12:39:34 graph]: --- Testf1: 0.67600, Best Valacc: 0.67200 in epoch 61 --- 
[2023-03-18 12:39:34] PRINT [03/18 12:39:34 graph]: Epoch 79: get test acc score:  0.676
[2023-03-18 12:39:34] PRINT [03/18 12:39:34 graph]: best_f1 0.699 at epoch 61
[2023-03-18 12:39:34] PRINT [03/18 12:39:34 graph]: start epoch 80.
[2023-03-18 12:39:34] PRINT [03/18 12:39:34 graph]: # Epoch 80: train_loss: 0.4572 | lr: 0.000500
[2023-03-18 12:39:35] PRINT [03/18 12:39:35 graph]: --- Testf1: 0.66400, Best Valacc: 0.65200 in epoch 20 --- 
[2023-03-18 12:39:35] PRINT [03/18 12:39:35 graph]: Epoch 80: get test acc score:  0.664
[2023-03-18 12:39:35] PRINT [03/18 12:39:35 graph]: best_f1 0.699 at epoch 61
[2023-03-18 12:39:35] PRINT [03/18 12:39:35 graph]: start epoch 81.
[2023-03-18 12:39:35] PRINT [03/18 12:39:35 graph]: # Epoch 81: train_loss: 0.4568 | lr: 0.000500
[2023-03-18 12:39:36] PRINT [03/18 12:39:36 graph]: --- Testf1: 0.68900, Best Valacc: 0.65200 in epoch 25 --- 
[2023-03-18 12:39:36] PRINT [03/18 12:39:36 graph]: Epoch 81: get test acc score:  0.689
[2023-03-18 12:39:36] PRINT [03/18 12:39:36 graph]: best_f1 0.699 at epoch 61
[2023-03-18 12:39:36] PRINT [03/18 12:39:36 graph]: start epoch 82.
[2023-03-18 12:39:37] PRINT [03/18 12:39:37 graph]: # Epoch 82: train_loss: 0.4580 | lr: 0.000500
[2023-03-18 12:39:37] PRINT [03/18 12:39:37 graph]: --- Testf1: 0.66500, Best Valacc: 0.63400 in epoch 25 --- 
[2023-03-18 12:39:38] PRINT [03/18 12:39:38 graph]: Epoch 82: get test acc score:  0.665
[2023-03-18 12:39:38] PRINT [03/18 12:39:38 graph]: best_f1 0.699 at epoch 61
[2023-03-18 12:39:38] PRINT [03/18 12:39:38 graph]: start epoch 83.
[2023-03-18 12:39:38] PRINT [03/18 12:39:38 graph]: # Epoch 83: train_loss: 0.4569 | lr: 0.000500
[2023-03-18 12:39:39] PRINT [03/18 12:39:39 graph]: --- Testf1: 0.67000, Best Valacc: 0.61800 in epoch 85 --- 
[2023-03-18 12:39:39] PRINT [03/18 12:39:39 graph]: Epoch 83: get test acc score:  0.670
[2023-03-18 12:39:39] PRINT [03/18 12:39:39 graph]: best_f1 0.699 at epoch 61
[2023-03-18 12:39:39] PRINT [03/18 12:39:39 graph]: start epoch 84.
[2023-03-18 12:39:39] PRINT [03/18 12:39:39 graph]: # Epoch 84: train_loss: 0.4575 | lr: 0.000500
[2023-03-18 12:39:40] PRINT [03/18 12:39:40 graph]: --- Testf1: 0.65400, Best Valacc: 0.62800 in epoch 73 --- 
[2023-03-18 12:39:40] PRINT [03/18 12:39:40 graph]: Epoch 84: get test acc score:  0.654
[2023-03-18 12:39:40] PRINT [03/18 12:39:40 graph]: best_f1 0.699 at epoch 61
[2023-03-18 12:39:40] PRINT [03/18 12:39:40 graph]: start epoch 85.
[2023-03-18 12:39:40] PRINT [03/18 12:39:40 graph]: # Epoch 85: train_loss: 0.4601 | lr: 0.000500
[2023-03-18 12:39:41] PRINT [03/18 12:39:41 graph]: --- Testf1: 0.66700, Best Valacc: 0.65600 in epoch 19 --- 
[2023-03-18 12:39:41] PRINT [03/18 12:39:41 graph]: Epoch 85: get test acc score:  0.667
[2023-03-18 12:39:41] PRINT [03/18 12:39:41 graph]: best_f1 0.699 at epoch 61
[2023-03-18 12:39:41] PRINT [03/18 12:39:41 graph]: start epoch 86.
[2023-03-18 12:39:42] PRINT [03/18 12:39:42 graph]: # Epoch 86: train_loss: 0.4590 | lr: 0.000500
[2023-03-18 12:39:42] PRINT [03/18 12:39:42 graph]: --- Testf1: 0.67500, Best Valacc: 0.65400 in epoch 23 --- 
[2023-03-18 12:39:43] PRINT [03/18 12:39:43 graph]: Epoch 86: get test acc score:  0.675
[2023-03-18 12:39:43] PRINT [03/18 12:39:43 graph]: best_f1 0.699 at epoch 61
[2023-03-18 12:39:43] PRINT [03/18 12:39:43 graph]: start epoch 87.
[2023-03-18 12:39:43] PRINT [03/18 12:39:43 graph]: # Epoch 87: train_loss: 0.4589 | lr: 0.000500
[2023-03-18 12:39:44] PRINT [03/18 12:39:44 graph]: --- Testf1: 0.67300, Best Valacc: 0.64600 in epoch 17 --- 
[2023-03-18 12:39:44] PRINT [03/18 12:39:44 graph]: Epoch 87: get test acc score:  0.673
[2023-03-18 12:39:44] PRINT [03/18 12:39:44 graph]: best_f1 0.699 at epoch 61
[2023-03-18 12:39:44] PRINT [03/18 12:39:44 graph]: start epoch 88.
[2023-03-18 12:39:44] PRINT [03/18 12:39:44 graph]: # Epoch 88: train_loss: 0.4585 | lr: 0.000500
[2023-03-18 12:39:45] PRINT [03/18 12:39:45 graph]: --- Testf1: 0.64600, Best Valacc: 0.63400 in epoch 16 --- 
[2023-03-18 12:39:45] PRINT [03/18 12:39:45 graph]: Epoch 88: get test acc score:  0.646
[2023-03-18 12:39:45] PRINT [03/18 12:39:45 graph]: best_f1 0.699 at epoch 61
[2023-03-18 12:39:45] PRINT [03/18 12:39:45 graph]: start epoch 89.
[2023-03-18 12:39:45] PRINT [03/18 12:39:45 graph]: # Epoch 89: train_loss: 0.4592 | lr: 0.000500
[2023-03-18 12:39:46] PRINT [03/18 12:39:46 graph]: --- Testf1: 0.66000, Best Valacc: 0.62800 in epoch 12 --- 
[2023-03-18 12:39:46] PRINT [03/18 12:39:46 graph]: Epoch 89: get test acc score:  0.660
[2023-03-18 12:39:46] PRINT [03/18 12:39:46 graph]: best_f1 0.699 at epoch 61
[2023-03-18 12:39:46] PRINT [03/18 12:39:46 graph]: start epoch 90.
[2023-03-18 12:39:46] PRINT [03/18 12:39:46 graph]: # Epoch 90: train_loss: 0.4582 | lr: 0.000500
[2023-03-18 12:39:47] PRINT [03/18 12:39:47 graph]: --- Testf1: 0.66200, Best Valacc: 0.61800 in epoch 26 --- 
[2023-03-18 12:39:48] PRINT [03/18 12:39:48 graph]: Epoch 90: get test acc score:  0.662
[2023-03-18 12:39:48] PRINT [03/18 12:39:48 graph]: best_f1 0.699 at epoch 61
[2023-03-18 12:39:48] PRINT [03/18 12:39:48 graph]: start epoch 91.
[2023-03-18 12:39:48] PRINT [03/18 12:39:48 graph]: # Epoch 91: train_loss: 0.4599 | lr: 0.000500
[2023-03-18 12:39:48] PRINT [03/18 12:39:48 graph]: --- Testf1: 0.63300, Best Valacc: 0.63400 in epoch 35 --- 
[2023-03-18 12:39:49] PRINT [03/18 12:39:49 graph]: Epoch 91: get test acc score:  0.633
[2023-03-18 12:39:49] PRINT [03/18 12:39:49 graph]: best_f1 0.699 at epoch 61
[2023-03-18 12:39:49] PRINT [03/18 12:39:49 graph]: start epoch 92.
[2023-03-18 12:39:49] PRINT [03/18 12:39:49 graph]: # Epoch 92: train_loss: 0.4584 | lr: 0.000500
[2023-03-18 12:39:50] PRINT [03/18 12:39:50 graph]: --- Testf1: 0.63800, Best Valacc: 0.59400 in epoch 35 --- 
[2023-03-18 12:39:50] PRINT [03/18 12:39:50 graph]: Epoch 92: get test acc score:  0.638
[2023-03-18 12:39:50] PRINT [03/18 12:39:50 graph]: best_f1 0.699 at epoch 61
[2023-03-18 12:39:50] PRINT [03/18 12:39:50 graph]: start epoch 93.
[2023-03-18 12:39:50] PRINT [03/18 12:39:50 graph]: # Epoch 93: train_loss: 0.4572 | lr: 0.000500
[2023-03-18 12:39:51] PRINT [03/18 12:39:51 graph]: --- Testf1: 0.64600, Best Valacc: 0.63400 in epoch 16 --- 
[2023-03-18 12:39:51] PRINT [03/18 12:39:51 graph]: Epoch 93: get test acc score:  0.646
[2023-03-18 12:39:51] PRINT [03/18 12:39:51 graph]: best_f1 0.699 at epoch 61
[2023-03-18 12:39:51] PRINT [03/18 12:39:51 graph]: start epoch 94.
[2023-03-18 12:39:51] PRINT [03/18 12:39:51 graph]: # Epoch 94: train_loss: 0.4606 | lr: 0.000500
[2023-03-18 12:39:52] PRINT [03/18 12:39:52 graph]: --- Testf1: 0.64200, Best Valacc: 0.61000 in epoch 20 --- 
[2023-03-18 12:39:52] PRINT [03/18 12:39:52 graph]: Epoch 94: get test acc score:  0.642
[2023-03-18 12:39:52] PRINT [03/18 12:39:52 graph]: best_f1 0.699 at epoch 61
[2023-03-18 12:39:52] PRINT [03/18 12:39:52 graph]: start epoch 95.
[2023-03-18 12:39:52] PRINT [03/18 12:39:52 graph]: # Epoch 95: train_loss: 0.4623 | lr: 0.000500
[2023-03-18 12:39:53] PRINT [03/18 12:39:53 graph]: --- Testf1: 0.63500, Best Valacc: 0.64600 in epoch 69 --- 
[2023-03-18 12:39:53] PRINT [03/18 12:39:53 graph]: Epoch 95: get test acc score:  0.635
[2023-03-18 12:39:53] PRINT [03/18 12:39:53 graph]: best_f1 0.699 at epoch 61
[2023-03-18 12:39:53] PRINT [03/18 12:39:53 graph]: start epoch 96.
[2023-03-18 12:39:54] PRINT [03/18 12:39:54 graph]: # Epoch 96: train_loss: 0.4591 | lr: 0.000500
[2023-03-18 12:39:54] PRINT [03/18 12:39:54 graph]: --- Testf1: 0.64000, Best Valacc: 0.61200 in epoch 21 --- 
[2023-03-18 12:39:55] PRINT [03/18 12:39:55 graph]: Epoch 96: get test acc score:  0.640
[2023-03-18 12:39:55] PRINT [03/18 12:39:55 graph]: best_f1 0.699 at epoch 61
[2023-03-18 12:39:55] PRINT [03/18 12:39:55 graph]: start epoch 97.
[2023-03-18 12:39:55] PRINT [03/18 12:39:55 graph]: # Epoch 97: train_loss: 0.4597 | lr: 0.000500
[2023-03-18 12:39:56] PRINT [03/18 12:39:56 graph]: --- Testf1: 0.64600, Best Valacc: 0.61000 in epoch 45 --- 
[2023-03-18 12:39:56] PRINT [03/18 12:39:56 graph]: Epoch 97: get test acc score:  0.646
[2023-03-18 12:39:56] PRINT [03/18 12:39:56 graph]: best_f1 0.699 at epoch 61
[2023-03-18 12:39:56] PRINT [03/18 12:39:56 graph]: start epoch 98.
[2023-03-18 12:39:56] PRINT [03/18 12:39:56 graph]: # Epoch 98: train_loss: 0.4618 | lr: 0.000500
[2023-03-18 12:39:57] PRINT [03/18 12:39:57 graph]: --- Testf1: 0.62100, Best Valacc: 0.62400 in epoch 16 --- 
[2023-03-18 12:39:57] PRINT [03/18 12:39:57 graph]: Epoch 98: get test acc score:  0.621
[2023-03-18 12:39:57] PRINT [03/18 12:39:57 graph]: best_f1 0.699 at epoch 61
[2023-03-18 12:39:57] PRINT [03/18 12:39:57 graph]: start epoch 99.
[2023-03-18 12:39:57] PRINT [03/18 12:39:57 graph]: # Epoch 99: train_loss: 0.4645 | lr: 0.000500
[2023-03-18 12:39:58] PRINT [03/18 12:39:58 graph]: --- Testf1: 0.64400, Best Valacc: 0.60400 in epoch 20 --- 
[2023-03-18 12:39:58] PRINT [03/18 12:39:58 graph]: Epoch 99: get test acc score:  0.644
[2023-03-18 12:39:58] PRINT [03/18 12:39:58 graph]: best_f1 0.699 at epoch 61
[2023-03-18 12:39:58] PRINT [03/18 12:39:58 graph]: # final_acc: 0.6990±0.0000
