[2023-03-22 07:13:08] PRINT ---new cfg------
[2023-03-22 07:13:08] PRINT {'DATA': {'data_name': 'comp'}, 'DATALOADER': {'NUM_WORKERS': 0}, 'MODEL': {'num_hidden': 512, 'num_layers': 2, 'nhead': 4, 'activation': 'prelu', 'attn_drop': 0.30000000000000004, 'feat_drop': 0.1, 'norm': 'layernorm', 'pooler': 'mean', 'beta_schedule': 'linear', 'beta_1': 0.00015906439408826129, 'beta_T': 0.016176155901351786, 'T': 785}, 'SOLVER': {'optim_type': 'adam', 'optim_type_f': 'adamw', 'alpha': 1, 'decay': 40, 'LR': 0.00015755916390515384, 'LR_f': 0.3275620141672461, 'weight_decay': 0, 'weight_decay_f': 2.198429374294935e-05, 'MAX_EPOCH': 100, 'max_epoch_f': 500}, 'DEVICE': 'cuda', 'seeds': [0], 'eval_T': [50, 100, 200], 'output_dir': '/ddm-nni/AmazonCoBuyComputerDataset¶/log', 'checkpoint_dir': '/ddm-nni/AmazonCoBuyComputerDataset¶/log/checkpoint'}
[2023-03-22 07:13:08] PRINT [03/22 07:13:08 graph]: Rank of current process: 0. World size: 1
[2023-03-22 07:13:11] PRINT [03/22 07:13:11 graph]: Environment info:
[2023-03-22 07:13:11] PRINT PyTorch version: 1.10.0+cu113
[2023-03-22 07:13:11] PRINT Is debug build: False
[2023-03-22 07:13:11] PRINT CUDA used to build PyTorch: 11.3
[2023-03-22 07:13:11] PRINT ROCM used to build PyTorch: N/A
[2023-03-22 07:13:11] PRINT 
[2023-03-22 07:13:11] PRINT OS: Ubuntu 20.04.3 LTS (x86_64)
[2023-03-22 07:13:11] PRINT GCC version: (Ubuntu 9.3.0-17ubuntu1~20.04) 9.3.0
[2023-03-22 07:13:11] PRINT Clang version: Could not collect
[2023-03-22 07:13:11] PRINT CMake version: version 3.16.3
[2023-03-22 07:13:11] PRINT Libc version: glibc-2.31
[2023-03-22 07:13:11] PRINT 
[2023-03-22 07:13:11] PRINT Python version: 3.8.10 (default, Jun  4 2021, 15:09:15)  [GCC 7.5.0] (64-bit runtime)
[2023-03-22 07:13:11] PRINT Python platform: Linux-5.4.0-90-generic-x86_64-with-glibc2.17
[2023-03-22 07:13:11] PRINT Is CUDA available: True
[2023-03-22 07:13:11] PRINT CUDA runtime version: 11.3.109
[2023-03-22 07:13:11] PRINT GPU models and configuration: GPU 0: NVIDIA GeForce RTX 3090
[2023-03-22 07:13:11] PRINT Nvidia driver version: 495.44
[2023-03-22 07:13:11] PRINT cuDNN version: Probably one of the following:
[2023-03-22 07:13:11] PRINT /usr/lib/x86_64-linux-gnu/libcudnn.so.8.2.0
[2023-03-22 07:13:11] PRINT /usr/lib/x86_64-linux-gnu/libcudnn_adv_infer.so.8.2.0
[2023-03-22 07:13:11] PRINT /usr/lib/x86_64-linux-gnu/libcudnn_adv_train.so.8.2.0
[2023-03-22 07:13:11] PRINT /usr/lib/x86_64-linux-gnu/libcudnn_cnn_infer.so.8.2.0
[2023-03-22 07:13:11] PRINT /usr/lib/x86_64-linux-gnu/libcudnn_cnn_train.so.8.2.0
[2023-03-22 07:13:11] PRINT /usr/lib/x86_64-linux-gnu/libcudnn_ops_infer.so.8.2.0
[2023-03-22 07:13:11] PRINT /usr/lib/x86_64-linux-gnu/libcudnn_ops_train.so.8.2.0
[2023-03-22 07:13:11] PRINT HIP runtime version: N/A
[2023-03-22 07:13:11] PRINT MIOpen runtime version: N/A
[2023-03-22 07:13:11] PRINT 
[2023-03-22 07:13:11] PRINT Versions of relevant libraries:
[2023-03-22 07:13:11] PRINT [pip3] numpy==1.23.5
[2023-03-22 07:13:11] PRINT [pip3] torch==1.10.0+cu113
[2023-03-22 07:13:11] PRINT [pip3] torchvision==0.11.1+cu113
[2023-03-22 07:13:11] PRINT [conda] blas                      1.0                         mkl    https://mirrors.ustc.edu.cn/anaconda/pkgs/main
[2023-03-22 07:13:11] PRINT [conda] mkl                       2021.4.0           h06a4308_640    https://mirrors.ustc.edu.cn/anaconda/pkgs/main
[2023-03-22 07:13:11] PRINT [conda] mkl-service               2.4.0            py38h7f8727e_0    https://mirrors.ustc.edu.cn/anaconda/pkgs/main
[2023-03-22 07:13:11] PRINT [conda] mkl_fft                   1.3.1            py38hd3c417c_0    https://mirrors.ustc.edu.cn/anaconda/pkgs/main
[2023-03-22 07:13:11] PRINT [conda] mkl_random                1.2.2            py38h51133e4_0    https://mirrors.ustc.edu.cn/anaconda/pkgs/main
[2023-03-22 07:13:11] PRINT [conda] numpy                     1.21.4                   pypi_0    pypi
[2023-03-22 07:13:11] PRINT [conda] numpy-base                1.23.5           py38h31eccc5_0    https://mirrors.ustc.edu.cn/anaconda/pkgs/main
[2023-03-22 07:13:11] PRINT [conda] torch                     1.10.0+cu113             pypi_0    pypi
[2023-03-22 07:13:11] PRINT [conda] torchvision               0.11.1+cu113             pypi_0    pypi
[2023-03-22 07:13:11] PRINT         Pillow (8.4.0)
[2023-03-22 07:13:11] PRINT [03/22 07:13:11 graph]: Command line arguments: Namespace(local_rank=0, resume=False, seed=1234, start_epoch=0)
[2023-03-22 07:13:11] PRINT [03/22 07:13:11 graph]: Run 0th for seed 0
[2023-03-22 07:13:11] PRINT [03/22 07:13:11 graph]: Total trainable params num : 8082947
[2023-03-22 07:13:16] PRINT [03/22 07:13:16 graph]: ----------Start Training----------
[2023-03-22 07:13:16] PRINT [03/22 07:13:16 graph]: start epoch 0.
[2023-03-22 07:13:17] PRINT [03/22 07:13:17 graph]: # Epoch 0: train_loss: 1.0214 | lr: 0.000158
[2023-03-22 07:13:17] PRINT [03/22 07:13:17 graph]: start epoch 1.
[2023-03-22 07:13:17] PRINT [03/22 07:13:17 graph]: # Epoch 1: train_loss: 0.8447 | lr: 0.000158
[2023-03-22 07:13:17] PRINT [03/22 07:13:17 graph]: start epoch 2.
[2023-03-22 07:13:17] PRINT [03/22 07:13:17 graph]: # Epoch 2: train_loss: 0.7618 | lr: 0.000158
[2023-03-22 07:13:17] PRINT [03/22 07:13:17 graph]: start epoch 3.
[2023-03-22 07:13:17] PRINT [03/22 07:13:17 graph]: # Epoch 3: train_loss: 0.7039 | lr: 0.000158
[2023-03-22 07:13:17] PRINT [03/22 07:13:17 graph]: start epoch 4.
[2023-03-22 07:13:17] PRINT [03/22 07:13:17 graph]: # Epoch 4: train_loss: 0.6660 | lr: 0.000158
[2023-03-22 07:13:17] PRINT [03/22 07:13:17 graph]: start epoch 5.
[2023-03-22 07:13:17] PRINT [03/22 07:13:17 graph]: # Epoch 5: train_loss: 0.6401 | lr: 0.000158
[2023-03-22 07:13:17] PRINT [03/22 07:13:17 graph]: start epoch 6.
[2023-03-22 07:13:17] PRINT [03/22 07:13:17 graph]: # Epoch 6: train_loss: 0.6221 | lr: 0.000158
[2023-03-22 07:13:17] PRINT [03/22 07:13:17 graph]: start epoch 7.
[2023-03-22 07:13:17] PRINT [03/22 07:13:17 graph]: # Epoch 7: train_loss: 0.6091 | lr: 0.000158
[2023-03-22 07:13:17] PRINT [03/22 07:13:17 graph]: start epoch 8.
[2023-03-22 07:13:17] PRINT [03/22 07:13:17 graph]: # Epoch 8: train_loss: 0.5979 | lr: 0.000158
[2023-03-22 07:13:17] PRINT [03/22 07:13:17 graph]: start epoch 9.
[2023-03-22 07:13:17] PRINT [03/22 07:13:17 graph]: # Epoch 9: train_loss: 0.5890 | lr: 0.000158
[2023-03-22 07:13:17] PRINT [03/22 07:13:17 graph]: start epoch 10.
[2023-03-22 07:13:17] PRINT [03/22 07:13:17 graph]: # Epoch 10: train_loss: 0.5823 | lr: 0.000158
[2023-03-22 07:13:17] PRINT [03/22 07:13:17 graph]: start epoch 11.
[2023-03-22 07:13:17] PRINT [03/22 07:13:17 graph]: # Epoch 11: train_loss: 0.5766 | lr: 0.000158
[2023-03-22 07:13:17] PRINT [03/22 07:13:17 graph]: start epoch 12.
[2023-03-22 07:13:18] PRINT [03/22 07:13:18 graph]: # Epoch 12: train_loss: 0.5720 | lr: 0.000158
[2023-03-22 07:13:18] PRINT [03/22 07:13:18 graph]: start epoch 13.
[2023-03-22 07:13:18] PRINT [03/22 07:13:18 graph]: # Epoch 13: train_loss: 0.5675 | lr: 0.000158
[2023-03-22 07:13:18] PRINT [03/22 07:13:18 graph]: start epoch 14.
[2023-03-22 07:13:18] PRINT [03/22 07:13:18 graph]: # Epoch 14: train_loss: 0.5639 | lr: 0.000158
[2023-03-22 07:13:18] PRINT [03/22 07:13:18 graph]: start epoch 15.
[2023-03-22 07:13:18] PRINT [03/22 07:13:18 graph]: # Epoch 15: train_loss: 0.5605 | lr: 0.000158
[2023-03-22 07:13:18] PRINT [03/22 07:13:18 graph]: start epoch 16.
[2023-03-22 07:13:18] PRINT [03/22 07:13:18 graph]: # Epoch 16: train_loss: 0.5574 | lr: 0.000158
[2023-03-22 07:13:18] PRINT [03/22 07:13:18 graph]: start epoch 17.
[2023-03-22 07:13:18] PRINT [03/22 07:13:18 graph]: # Epoch 17: train_loss: 0.5545 | lr: 0.000158
[2023-03-22 07:13:18] PRINT [03/22 07:13:18 graph]: start epoch 18.
[2023-03-22 07:13:18] PRINT [03/22 07:13:18 graph]: # Epoch 18: train_loss: 0.5521 | lr: 0.000158
[2023-03-22 07:13:18] PRINT [03/22 07:13:18 graph]: start epoch 19.
[2023-03-22 07:13:18] PRINT [03/22 07:13:18 graph]: # Epoch 19: train_loss: 0.5499 | lr: 0.000158
[2023-03-22 07:13:18] PRINT [03/22 07:13:18 graph]: start epoch 20.
[2023-03-22 07:13:18] PRINT [03/22 07:13:18 graph]: # Epoch 20: train_loss: 0.5474 | lr: 0.000158
[2023-03-22 07:13:18] PRINT [03/22 07:13:18 graph]: start epoch 21.
[2023-03-22 07:13:18] PRINT [03/22 07:13:18 graph]: # Epoch 21: train_loss: 0.5454 | lr: 0.000158
[2023-03-22 07:13:18] PRINT [03/22 07:13:18 graph]: start epoch 22.
[2023-03-22 07:13:18] PRINT [03/22 07:13:18 graph]: # Epoch 22: train_loss: 0.5433 | lr: 0.000158
[2023-03-22 07:13:18] PRINT [03/22 07:13:18 graph]: start epoch 23.
[2023-03-22 07:13:18] PRINT [03/22 07:13:18 graph]: # Epoch 23: train_loss: 0.5416 | lr: 0.000158
[2023-03-22 07:13:18] PRINT [03/22 07:13:18 graph]: start epoch 24.
[2023-03-22 07:13:18] PRINT [03/22 07:13:18 graph]: # Epoch 24: train_loss: 0.5397 | lr: 0.000158
[2023-03-22 07:13:18] PRINT [03/22 07:13:18 graph]: start epoch 25.
[2023-03-22 07:13:18] PRINT [03/22 07:13:18 graph]: # Epoch 25: train_loss: 0.5374 | lr: 0.000158
[2023-03-22 07:13:18] PRINT [03/22 07:13:18 graph]: start epoch 26.
[2023-03-22 07:13:19] PRINT [03/22 07:13:19 graph]: # Epoch 26: train_loss: 0.5357 | lr: 0.000158
[2023-03-22 07:13:19] PRINT [03/22 07:13:19 graph]: start epoch 27.
[2023-03-22 07:13:19] PRINT [03/22 07:13:19 graph]: # Epoch 27: train_loss: 0.5332 | lr: 0.000158
[2023-03-22 07:13:19] PRINT [03/22 07:13:19 graph]: start epoch 28.
[2023-03-22 07:13:19] PRINT [03/22 07:13:19 graph]: # Epoch 28: train_loss: 0.5309 | lr: 0.000158
[2023-03-22 07:13:19] PRINT [03/22 07:13:19 graph]: start epoch 29.
[2023-03-22 07:13:19] PRINT [03/22 07:13:19 graph]: # Epoch 29: train_loss: 0.5289 | lr: 0.000158
[2023-03-22 07:13:19] PRINT [03/22 07:13:19 graph]: start epoch 30.
[2023-03-22 07:13:19] PRINT [03/22 07:13:19 graph]: # Epoch 30: train_loss: 0.5268 | lr: 0.000158
[2023-03-22 07:13:19] PRINT [03/22 07:13:19 graph]: start epoch 31.
[2023-03-22 07:13:19] PRINT [03/22 07:13:19 graph]: # Epoch 31: train_loss: 0.5245 | lr: 0.000158
[2023-03-22 07:13:19] PRINT [03/22 07:13:19 graph]: start epoch 32.
[2023-03-22 07:13:19] PRINT [03/22 07:13:19 graph]: # Epoch 32: train_loss: 0.5225 | lr: 0.000158
[2023-03-22 07:13:19] PRINT [03/22 07:13:19 graph]: start epoch 33.
[2023-03-22 07:13:19] PRINT [03/22 07:13:19 graph]: # Epoch 33: train_loss: 0.5204 | lr: 0.000158
[2023-03-22 07:13:19] PRINT [03/22 07:13:19 graph]: start epoch 34.
[2023-03-22 07:13:19] PRINT [03/22 07:13:19 graph]: # Epoch 34: train_loss: 0.5182 | lr: 0.000158
[2023-03-22 07:13:19] PRINT [03/22 07:13:19 graph]: start epoch 35.
[2023-03-22 07:13:19] PRINT [03/22 07:13:19 graph]: # Epoch 35: train_loss: 0.5160 | lr: 0.000158
[2023-03-22 07:13:19] PRINT [03/22 07:13:19 graph]: start epoch 36.
[2023-03-22 07:13:19] PRINT [03/22 07:13:19 graph]: # Epoch 36: train_loss: 0.5141 | lr: 0.000158
[2023-03-22 07:13:19] PRINT [03/22 07:13:19 graph]: start epoch 37.
[2023-03-22 07:13:19] PRINT [03/22 07:13:19 graph]: # Epoch 37: train_loss: 0.5118 | lr: 0.000158
[2023-03-22 07:13:19] PRINT [03/22 07:13:19 graph]: start epoch 38.
[2023-03-22 07:13:19] PRINT [03/22 07:13:19 graph]: # Epoch 38: train_loss: 0.5091 | lr: 0.000158
[2023-03-22 07:13:19] PRINT [03/22 07:13:19 graph]: start epoch 39.
[2023-03-22 07:13:19] PRINT [03/22 07:13:19 graph]: # Epoch 39: train_loss: 0.5069 | lr: 0.000158
[2023-03-22 07:13:19] PRINT [03/22 07:13:19 graph]: start epoch 40.
[2023-03-22 07:13:20] PRINT [03/22 07:13:20 graph]: # Epoch 40: train_loss: 0.5049 | lr: 0.000158
[2023-03-22 07:13:20] PRINT [03/22 07:13:20 graph]: start epoch 41.
[2023-03-22 07:13:20] PRINT [03/22 07:13:20 graph]: # Epoch 41: train_loss: 0.5027 | lr: 0.000158
[2023-03-22 07:13:20] PRINT [03/22 07:13:20 graph]: start epoch 42.
[2023-03-22 07:13:20] PRINT [03/22 07:13:20 graph]: # Epoch 42: train_loss: 0.5004 | lr: 0.000158
[2023-03-22 07:13:20] PRINT [03/22 07:13:20 graph]: start epoch 43.
[2023-03-22 07:13:20] PRINT [03/22 07:13:20 graph]: # Epoch 43: train_loss: 0.4985 | lr: 0.000158
[2023-03-22 07:13:20] PRINT [03/22 07:13:20 graph]: start epoch 44.
[2023-03-22 07:13:20] PRINT [03/22 07:13:20 graph]: # Epoch 44: train_loss: 0.4970 | lr: 0.000158
[2023-03-22 07:13:20] PRINT [03/22 07:13:20 graph]: start epoch 45.
[2023-03-22 07:13:20] PRINT [03/22 07:13:20 graph]: # Epoch 45: train_loss: 0.4948 | lr: 0.000158
[2023-03-22 07:13:20] PRINT [03/22 07:13:20 graph]: start epoch 46.
[2023-03-22 07:13:20] PRINT [03/22 07:13:20 graph]: # Epoch 46: train_loss: 0.4923 | lr: 0.000158
[2023-03-22 07:13:20] PRINT [03/22 07:13:20 graph]: start epoch 47.
[2023-03-22 07:13:20] PRINT [03/22 07:13:20 graph]: # Epoch 47: train_loss: 0.4913 | lr: 0.000158
[2023-03-22 07:13:20] PRINT [03/22 07:13:20 graph]: start epoch 48.
[2023-03-22 07:13:20] PRINT [03/22 07:13:20 graph]: # Epoch 48: train_loss: 0.4893 | lr: 0.000158
[2023-03-22 07:13:20] PRINT [03/22 07:13:20 graph]: start epoch 49.
[2023-03-22 07:13:20] PRINT [03/22 07:13:20 graph]: # Epoch 49: train_loss: 0.4869 | lr: 0.000158
[2023-03-22 07:13:20] PRINT [03/22 07:13:20 graph]: start epoch 50.
[2023-03-22 07:13:20] PRINT [03/22 07:13:20 graph]: # Epoch 50: train_loss: 0.4849 | lr: 0.000158
[2023-03-22 07:13:20] PRINT [03/22 07:13:20 graph]: start epoch 51.
[2023-03-22 07:13:20] PRINT [03/22 07:13:20 graph]: # Epoch 51: train_loss: 0.4837 | lr: 0.000158
[2023-03-22 07:13:26] PRINT [03/22 07:13:26 graph]: --- Testf1: 0.87775, Best Valacc: 0.87855 in epoch 419 --- 
[2023-03-22 07:13:26] PRINT [03/22 07:13:26 graph]: Epoch 51: get test acc score:  0.87775
[2023-03-22 07:13:26] PRINT [03/22 07:13:26 graph]: best_f1 0.87775 at epoch 51
[2023-03-22 07:13:26] PRINT [03/22 07:13:26 graph]: start epoch 52.
[2023-03-22 07:13:26] PRINT [03/22 07:13:26 graph]: # Epoch 52: train_loss: 0.4819 | lr: 0.000158
[2023-03-22 07:13:37] PRINT [03/22 07:13:37 graph]: --- Testf1: 0.87875, Best Valacc: 0.87127 in epoch 480 --- 
[2023-03-22 07:13:37] PRINT [03/22 07:13:37 graph]: Epoch 52: get test acc score:  0.87875
[2023-03-22 07:13:37] PRINT [03/22 07:13:37 graph]: best_f1 0.87875 at epoch 52
[2023-03-22 07:13:37] PRINT [03/22 07:13:37 graph]: start epoch 53.
[2023-03-22 07:13:37] PRINT [03/22 07:13:37 graph]: # Epoch 53: train_loss: 0.4802 | lr: 0.000158
[2023-03-22 07:13:44] PRINT [03/22 07:13:44 graph]: --- Testf1: 0.88029, Best Valacc: 0.88291 in epoch 252 --- 
[2023-03-22 07:13:44] PRINT [03/22 07:13:44 graph]: Epoch 53: get test acc score:  0.88029
[2023-03-22 07:13:44] PRINT [03/22 07:13:44 graph]: best_f1 0.88029 at epoch 53
[2023-03-22 07:13:44] PRINT [03/22 07:13:44 graph]: start epoch 54.
[2023-03-22 07:13:44] PRINT [03/22 07:13:44 graph]: # Epoch 54: train_loss: 0.4789 | lr: 0.000158
[2023-03-22 07:13:52] PRINT [03/22 07:13:52 graph]: --- Testf1: 0.88011, Best Valacc: 0.88073 in epoch 219 --- 
[2023-03-22 07:13:52] PRINT [03/22 07:13:52 graph]: Epoch 54: get test acc score:  0.88011
[2023-03-22 07:13:52] PRINT [03/22 07:13:52 graph]: best_f1 0.88029 at epoch 53
[2023-03-22 07:13:52] PRINT [03/22 07:13:52 graph]: start epoch 55.
[2023-03-22 07:13:52] PRINT [03/22 07:13:52 graph]: # Epoch 55: train_loss: 0.4780 | lr: 0.000158
[2023-03-22 07:13:59] PRINT [03/22 07:13:59 graph]: --- Testf1: 0.87829, Best Valacc: 0.88436 in epoch 417 --- 
[2023-03-22 07:13:59] PRINT [03/22 07:13:59 graph]: Epoch 55: get test acc score:  0.87829
[2023-03-22 07:13:59] PRINT [03/22 07:13:59 graph]: best_f1 0.88029 at epoch 53
[2023-03-22 07:13:59] PRINT [03/22 07:13:59 graph]: start epoch 56.
[2023-03-22 07:13:59] PRINT [03/22 07:13:59 graph]: # Epoch 56: train_loss: 0.4792 | lr: 0.000158
[2023-03-22 07:14:06] PRINT [03/22 07:14:06 graph]: --- Testf1: 0.87393, Best Valacc: 0.88509 in epoch 437 --- 
[2023-03-22 07:14:07] PRINT [03/22 07:14:07 graph]: Epoch 56: get test acc score:  0.87393
[2023-03-22 07:14:07] PRINT [03/22 07:14:07 graph]: best_f1 0.88029 at epoch 53
[2023-03-22 07:14:07] PRINT [03/22 07:14:07 graph]: start epoch 57.
[2023-03-22 07:14:07] PRINT [03/22 07:14:07 graph]: # Epoch 57: train_loss: 0.4771 | lr: 0.000158
[2023-03-22 07:14:14] PRINT [03/22 07:14:14 graph]: --- Testf1: 0.87293, Best Valacc: 0.88655 in epoch 441 --- 
[2023-03-22 07:14:14] PRINT [03/22 07:14:14 graph]: Epoch 57: get test acc score:  0.87293
[2023-03-22 07:14:14] PRINT [03/22 07:14:14 graph]: best_f1 0.88029 at epoch 53
[2023-03-22 07:14:14] PRINT [03/22 07:14:14 graph]: start epoch 58.
[2023-03-22 07:14:14] PRINT [03/22 07:14:14 graph]: # Epoch 58: train_loss: 0.4745 | lr: 0.000158
[2023-03-22 07:14:22] PRINT [03/22 07:14:22 graph]: --- Testf1: 0.87739, Best Valacc: 0.87564 in epoch 298 --- 
[2023-03-22 07:14:22] PRINT [03/22 07:14:22 graph]: Epoch 58: get test acc score:  0.87739
[2023-03-22 07:14:22] PRINT [03/22 07:14:22 graph]: best_f1 0.88029 at epoch 53
[2023-03-22 07:14:22] PRINT [03/22 07:14:22 graph]: start epoch 59.
[2023-03-22 07:14:22] PRINT [03/22 07:14:22 graph]: # Epoch 59: train_loss: 0.4742 | lr: 0.000158
[2023-03-22 07:14:29] PRINT [03/22 07:14:29 graph]: --- Testf1: 0.87775, Best Valacc: 0.88145 in epoch 230 --- 
[2023-03-22 07:14:30] PRINT [03/22 07:14:30 graph]: Epoch 59: get test acc score:  0.87775
[2023-03-22 07:14:30] PRINT [03/22 07:14:30 graph]: best_f1 0.88029 at epoch 53
[2023-03-22 07:14:30] PRINT [03/22 07:14:30 graph]: start epoch 60.
[2023-03-22 07:14:30] PRINT [03/22 07:14:30 graph]: # Epoch 60: train_loss: 0.4727 | lr: 0.000158
[2023-03-22 07:14:37] PRINT [03/22 07:14:37 graph]: --- Testf1: 0.88048, Best Valacc: 0.87927 in epoch 325 --- 
[2023-03-22 07:14:37] PRINT [03/22 07:14:37 graph]: Epoch 60: get test acc score:  0.88048
[2023-03-22 07:14:37] PRINT [03/22 07:14:37 graph]: best_f1 0.88048 at epoch 60
[2023-03-22 07:14:37] PRINT [03/22 07:14:37 graph]: start epoch 61.
[2023-03-22 07:14:37] PRINT [03/22 07:14:37 graph]: # Epoch 61: train_loss: 0.4718 | lr: 0.000158
[2023-03-22 07:14:44] PRINT [03/22 07:14:44 graph]: --- Testf1: 0.87121, Best Valacc: 0.88073 in epoch 347 --- 
[2023-03-22 07:14:44] PRINT [03/22 07:14:44 graph]: Epoch 61: get test acc score:  0.87121
[2023-03-22 07:14:44] PRINT [03/22 07:14:44 graph]: best_f1 0.88048 at epoch 60
[2023-03-22 07:14:44] PRINT [03/22 07:14:44 graph]: start epoch 62.
[2023-03-22 07:14:44] PRINT [03/22 07:14:44 graph]: # Epoch 62: train_loss: 0.4711 | lr: 0.000158
[2023-03-22 07:14:51] PRINT [03/22 07:14:51 graph]: --- Testf1: 0.87875, Best Valacc: 0.87418 in epoch 495 --- 
[2023-03-22 07:14:51] PRINT [03/22 07:14:51 graph]: Epoch 62: get test acc score:  0.87875
[2023-03-22 07:14:51] PRINT [03/22 07:14:51 graph]: best_f1 0.88048 at epoch 60
[2023-03-22 07:14:51] PRINT [03/22 07:14:51 graph]: start epoch 63.
[2023-03-22 07:14:51] PRINT [03/22 07:14:51 graph]: # Epoch 63: train_loss: 0.4711 | lr: 0.000158
[2023-03-22 07:14:58] PRINT [03/22 07:14:58 graph]: --- Testf1: 0.88193, Best Valacc: 0.88145 in epoch 497 --- 
[2023-03-22 07:14:59] PRINT [03/22 07:14:59 graph]: Epoch 63: get test acc score:  0.88193
[2023-03-22 07:14:59] PRINT [03/22 07:14:59 graph]: best_f1 0.88193 at epoch 63
[2023-03-22 07:14:59] PRINT [03/22 07:14:59 graph]: start epoch 64.
[2023-03-22 07:14:59] PRINT [03/22 07:14:59 graph]: # Epoch 64: train_loss: 0.4682 | lr: 0.000158
[2023-03-22 07:15:06] PRINT [03/22 07:15:06 graph]: --- Testf1: 0.87066, Best Valacc: 0.88145 in epoch 446 --- 
[2023-03-22 07:15:06] PRINT [03/22 07:15:06 graph]: Epoch 64: get test acc score:  0.87066
[2023-03-22 07:15:06] PRINT [03/22 07:15:06 graph]: best_f1 0.88193 at epoch 63
[2023-03-22 07:15:06] PRINT [03/22 07:15:06 graph]: start epoch 65.
[2023-03-22 07:15:06] PRINT [03/22 07:15:06 graph]: # Epoch 65: train_loss: 0.4712 | lr: 0.000158
[2023-03-22 07:15:13] PRINT [03/22 07:15:13 graph]: --- Testf1: 0.88029, Best Valacc: 0.87491 in epoch 446 --- 
[2023-03-22 07:15:13] PRINT [03/22 07:15:13 graph]: Epoch 65: get test acc score:  0.88029
[2023-03-22 07:15:13] PRINT [03/22 07:15:13 graph]: best_f1 0.88193 at epoch 63
[2023-03-22 07:15:13] PRINT [03/22 07:15:13 graph]: start epoch 66.
[2023-03-22 07:15:14] PRINT [03/22 07:15:14 graph]: # Epoch 66: train_loss: 0.4666 | lr: 0.000158
[2023-03-22 07:15:20] PRINT [03/22 07:15:20 graph]: --- Testf1: 0.88066, Best Valacc: 0.88218 in epoch 428 --- 
[2023-03-22 07:15:21] PRINT [03/22 07:15:21 graph]: Epoch 66: get test acc score:  0.88066
[2023-03-22 07:15:21] PRINT [03/22 07:15:21 graph]: best_f1 0.88193 at epoch 63
[2023-03-22 07:15:21] PRINT [03/22 07:15:21 graph]: start epoch 67.
[2023-03-22 07:15:21] PRINT [03/22 07:15:21 graph]: # Epoch 67: train_loss: 0.4673 | lr: 0.000158
[2023-03-22 07:15:28] PRINT [03/22 07:15:28 graph]: --- Testf1: 0.87684, Best Valacc: 0.88145 in epoch 497 --- 
[2023-03-22 07:15:28] PRINT [03/22 07:15:28 graph]: Epoch 67: get test acc score:  0.87684
[2023-03-22 07:15:28] PRINT [03/22 07:15:28 graph]: best_f1 0.88193 at epoch 63
[2023-03-22 07:15:28] PRINT [03/22 07:15:28 graph]: start epoch 68.
[2023-03-22 07:15:28] PRINT [03/22 07:15:28 graph]: # Epoch 68: train_loss: 0.4646 | lr: 0.000158
[2023-03-22 07:15:35] PRINT [03/22 07:15:35 graph]: --- Testf1: 0.87566, Best Valacc: 0.87855 in epoch 492 --- 
[2023-03-22 07:15:35] PRINT [03/22 07:15:35 graph]: Epoch 68: get test acc score:  0.87566
[2023-03-22 07:15:35] PRINT [03/22 07:15:35 graph]: best_f1 0.88193 at epoch 63
[2023-03-22 07:15:35] PRINT [03/22 07:15:35 graph]: start epoch 69.
[2023-03-22 07:15:35] PRINT [03/22 07:15:35 graph]: # Epoch 69: train_loss: 0.4647 | lr: 0.000158
[2023-03-22 07:15:42] PRINT [03/22 07:15:42 graph]: --- Testf1: 0.87820, Best Valacc: 0.87855 in epoch 319 --- 
[2023-03-22 07:15:43] PRINT [03/22 07:15:43 graph]: Epoch 69: get test acc score:  0.87820
[2023-03-22 07:15:43] PRINT [03/22 07:15:43 graph]: best_f1 0.88193 at epoch 63
[2023-03-22 07:15:43] PRINT [03/22 07:15:43 graph]: start epoch 70.
[2023-03-22 07:15:43] PRINT [03/22 07:15:43 graph]: # Epoch 70: train_loss: 0.4637 | lr: 0.000158
[2023-03-22 07:15:50] PRINT [03/22 07:15:50 graph]: --- Testf1: 0.88075, Best Valacc: 0.88073 in epoch 277 --- 
[2023-03-22 07:15:50] PRINT [03/22 07:15:50 graph]: Epoch 70: get test acc score:  0.88075
[2023-03-22 07:15:50] PRINT [03/22 07:15:50 graph]: best_f1 0.88193 at epoch 63
[2023-03-22 07:15:50] PRINT [03/22 07:15:50 graph]: start epoch 71.
[2023-03-22 07:15:50] PRINT [03/22 07:15:50 graph]: # Epoch 71: train_loss: 0.4623 | lr: 0.000158
[2023-03-22 07:15:57] PRINT [03/22 07:15:57 graph]: --- Testf1: 0.87757, Best Valacc: 0.87782 in epoch 417 --- 
[2023-03-22 07:15:57] PRINT [03/22 07:15:57 graph]: Epoch 71: get test acc score:  0.87757
[2023-03-22 07:15:57] PRINT [03/22 07:15:57 graph]: best_f1 0.88193 at epoch 63
[2023-03-22 07:15:57] PRINT [03/22 07:15:57 graph]: start epoch 72.
[2023-03-22 07:15:57] PRINT [03/22 07:15:57 graph]: # Epoch 72: train_loss: 0.4613 | lr: 0.000158
[2023-03-22 07:16:04] PRINT [03/22 07:16:04 graph]: --- Testf1: 0.88157, Best Valacc: 0.88000 in epoch 442 --- 
[2023-03-22 07:16:05] PRINT [03/22 07:16:05 graph]: Epoch 72: get test acc score:  0.88157
[2023-03-22 07:16:05] PRINT [03/22 07:16:05 graph]: best_f1 0.88193 at epoch 63
[2023-03-22 07:16:05] PRINT [03/22 07:16:05 graph]: start epoch 73.
[2023-03-22 07:16:05] PRINT [03/22 07:16:05 graph]: # Epoch 73: train_loss: 0.4610 | lr: 0.000158
[2023-03-22 07:16:12] PRINT [03/22 07:16:12 graph]: --- Testf1: 0.87866, Best Valacc: 0.88436 in epoch 497 --- 
[2023-03-22 07:16:12] PRINT [03/22 07:16:12 graph]: Epoch 73: get test acc score:  0.87866
[2023-03-22 07:16:12] PRINT [03/22 07:16:12 graph]: best_f1 0.88193 at epoch 63
[2023-03-22 07:16:12] PRINT [03/22 07:16:12 graph]: start epoch 74.
[2023-03-22 07:16:12] PRINT [03/22 07:16:12 graph]: # Epoch 74: train_loss: 0.4603 | lr: 0.000158
[2023-03-22 07:16:19] PRINT [03/22 07:16:19 graph]: --- Testf1: 0.87330, Best Valacc: 0.88073 in epoch 488 --- 
[2023-03-22 07:16:19] PRINT [03/22 07:16:19 graph]: Epoch 74: get test acc score:  0.87330
[2023-03-22 07:16:19] PRINT [03/22 07:16:19 graph]: best_f1 0.88193 at epoch 63
[2023-03-22 07:16:19] PRINT [03/22 07:16:19 graph]: start epoch 75.
[2023-03-22 07:16:19] PRINT [03/22 07:16:19 graph]: # Epoch 75: train_loss: 0.4595 | lr: 0.000158
[2023-03-22 07:16:26] PRINT [03/22 07:16:26 graph]: --- Testf1: 0.87857, Best Valacc: 0.88073 in epoch 213 --- 
[2023-03-22 07:16:27] PRINT [03/22 07:16:27 graph]: Epoch 75: get test acc score:  0.87857
[2023-03-22 07:16:27] PRINT [03/22 07:16:27 graph]: best_f1 0.88193 at epoch 63
[2023-03-22 07:16:27] PRINT [03/22 07:16:27 graph]: start epoch 76.
[2023-03-22 07:16:27] PRINT [03/22 07:16:27 graph]: # Epoch 76: train_loss: 0.4597 | lr: 0.000158
[2023-03-22 07:16:34] PRINT [03/22 07:16:34 graph]: --- Testf1: 0.88057, Best Valacc: 0.88073 in epoch 429 --- 
[2023-03-22 07:16:34] PRINT [03/22 07:16:34 graph]: Epoch 76: get test acc score:  0.88057
[2023-03-22 07:16:34] PRINT [03/22 07:16:34 graph]: best_f1 0.88193 at epoch 63
[2023-03-22 07:16:34] PRINT [03/22 07:16:34 graph]: start epoch 77.
[2023-03-22 07:16:34] PRINT [03/22 07:16:34 graph]: # Epoch 77: train_loss: 0.4572 | lr: 0.000158
[2023-03-22 07:16:41] PRINT [03/22 07:16:41 graph]: --- Testf1: 0.88466, Best Valacc: 0.87782 in epoch 388 --- 
[2023-03-22 07:16:42] PRINT [03/22 07:16:42 graph]: Epoch 77: get test acc score:  0.88466
[2023-03-22 07:16:42] PRINT [03/22 07:16:42 graph]: best_f1 0.88466 at epoch 77
[2023-03-22 07:16:42] PRINT [03/22 07:16:42 graph]: start epoch 78.
[2023-03-22 07:16:42] PRINT [03/22 07:16:42 graph]: # Epoch 78: train_loss: 0.4574 | lr: 0.000158
[2023-03-22 07:16:49] PRINT [03/22 07:16:49 graph]: --- Testf1: 0.87648, Best Valacc: 0.88000 in epoch 487 --- 
[2023-03-22 07:16:49] PRINT [03/22 07:16:49 graph]: Epoch 78: get test acc score:  0.87648
[2023-03-22 07:16:49] PRINT [03/22 07:16:49 graph]: best_f1 0.88466 at epoch 77
[2023-03-22 07:16:49] PRINT [03/22 07:16:49 graph]: start epoch 79.
[2023-03-22 07:16:49] PRINT [03/22 07:16:49 graph]: # Epoch 79: train_loss: 0.4567 | lr: 0.000158
[2023-03-22 07:16:56] PRINT [03/22 07:16:56 graph]: --- Testf1: 0.88448, Best Valacc: 0.87855 in epoch 452 --- 
[2023-03-22 07:16:56] PRINT [03/22 07:16:56 graph]: Epoch 79: get test acc score:  0.88448
[2023-03-22 07:16:56] PRINT [03/22 07:16:56 graph]: best_f1 0.88466 at epoch 77
[2023-03-22 07:16:56] PRINT [03/22 07:16:56 graph]: start epoch 80.
[2023-03-22 07:16:57] PRINT [03/22 07:16:57 graph]: # Epoch 80: train_loss: 0.4553 | lr: 0.000158
[2023-03-22 07:17:04] PRINT [03/22 07:17:04 graph]: --- Testf1: 0.88366, Best Valacc: 0.87782 in epoch 406 --- 
[2023-03-22 07:17:04] PRINT [03/22 07:17:04 graph]: Epoch 80: get test acc score:  0.88366
[2023-03-22 07:17:04] PRINT [03/22 07:17:04 graph]: best_f1 0.88466 at epoch 77
[2023-03-22 07:17:04] PRINT [03/22 07:17:04 graph]: start epoch 81.
[2023-03-22 07:17:04] PRINT [03/22 07:17:04 graph]: # Epoch 81: train_loss: 0.4558 | lr: 0.000158
[2023-03-22 07:17:12] PRINT [03/22 07:17:12 graph]: --- Testf1: 0.88538, Best Valacc: 0.88218 in epoch 454 --- 
[2023-03-22 07:17:12] PRINT [03/22 07:17:12 graph]: Epoch 81: get test acc score:  0.88538
[2023-03-22 07:17:12] PRINT [03/22 07:17:12 graph]: best_f1 0.88538 at epoch 81
[2023-03-22 07:17:12] PRINT [03/22 07:17:12 graph]: start epoch 82.
[2023-03-22 07:17:12] PRINT [03/22 07:17:12 graph]: # Epoch 82: train_loss: 0.4567 | lr: 0.000158
[2023-03-22 07:17:19] PRINT [03/22 07:17:19 graph]: --- Testf1: 0.88711, Best Valacc: 0.88800 in epoch 363 --- 
[2023-03-22 07:17:19] PRINT [03/22 07:17:19 graph]: Epoch 82: get test acc score:  0.88711
[2023-03-22 07:17:19] PRINT [03/22 07:17:19 graph]: best_f1 0.88711 at epoch 82
[2023-03-22 07:17:19] PRINT [03/22 07:17:19 graph]: start epoch 83.
[2023-03-22 07:17:19] PRINT [03/22 07:17:19 graph]: # Epoch 83: train_loss: 0.4536 | lr: 0.000158
[2023-03-22 07:17:27] PRINT [03/22 07:17:27 graph]: --- Testf1: 0.88129, Best Valacc: 0.88436 in epoch 377 --- 
[2023-03-22 07:17:27] PRINT [03/22 07:17:27 graph]: Epoch 83: get test acc score:  0.88129
[2023-03-22 07:17:27] PRINT [03/22 07:17:27 graph]: best_f1 0.88711 at epoch 82
[2023-03-22 07:17:27] PRINT [03/22 07:17:27 graph]: start epoch 84.
[2023-03-22 07:17:27] PRINT [03/22 07:17:27 graph]: # Epoch 84: train_loss: 0.4547 | lr: 0.000158
[2023-03-22 07:17:34] PRINT [03/22 07:17:34 graph]: --- Testf1: 0.88366, Best Valacc: 0.88000 in epoch 281 --- 
[2023-03-22 07:17:34] PRINT [03/22 07:17:34 graph]: Epoch 84: get test acc score:  0.88366
[2023-03-22 07:17:34] PRINT [03/22 07:17:34 graph]: best_f1 0.88711 at epoch 82
[2023-03-22 07:17:34] PRINT [03/22 07:17:34 graph]: start epoch 85.
[2023-03-22 07:17:34] PRINT [03/22 07:17:34 graph]: # Epoch 85: train_loss: 0.4541 | lr: 0.000158
[2023-03-22 07:17:41] PRINT [03/22 07:17:41 graph]: --- Testf1: 0.88057, Best Valacc: 0.87855 in epoch 485 --- 
[2023-03-22 07:17:41] PRINT [03/22 07:17:41 graph]: Epoch 85: get test acc score:  0.88057
[2023-03-22 07:17:41] PRINT [03/22 07:17:41 graph]: best_f1 0.88711 at epoch 82
[2023-03-22 07:17:41] PRINT [03/22 07:17:41 graph]: start epoch 86.
[2023-03-22 07:17:41] PRINT [03/22 07:17:41 graph]: # Epoch 86: train_loss: 0.4516 | lr: 0.000158
[2023-03-22 07:17:47] PRINT [03/22 07:17:47 graph]: --- Testf1: 0.88039, Best Valacc: 0.88655 in epoch 318 --- 
[2023-03-22 07:17:48] PRINT [03/22 07:17:48 graph]: Epoch 86: get test acc score:  0.88039
[2023-03-22 07:17:48] PRINT [03/22 07:17:48 graph]: best_f1 0.88711 at epoch 82
[2023-03-22 07:17:48] PRINT [03/22 07:17:48 graph]: start epoch 87.
[2023-03-22 07:17:48] PRINT [03/22 07:17:48 graph]: # Epoch 87: train_loss: 0.4532 | lr: 0.000158
[2023-03-22 07:17:53] PRINT [03/22 07:17:53 graph]: --- Testf1: 0.88802, Best Valacc: 0.89236 in epoch 346 --- 
[2023-03-22 07:17:53] PRINT [03/22 07:17:53 graph]: Epoch 87: get test acc score:  0.88802
[2023-03-22 07:17:53] PRINT [03/22 07:17:53 graph]: best_f1 0.88802 at epoch 87
[2023-03-22 07:17:53] PRINT [03/22 07:17:53 graph]: start epoch 88.
[2023-03-22 07:17:53] PRINT [03/22 07:17:53 graph]: # Epoch 88: train_loss: 0.4510 | lr: 0.000158
[2023-03-22 07:17:59] PRINT [03/22 07:17:59 graph]: --- Testf1: 0.88057, Best Valacc: 0.88582 in epoch 207 --- 
[2023-03-22 07:17:59] PRINT [03/22 07:17:59 graph]: Epoch 88: get test acc score:  0.88057
[2023-03-22 07:17:59] PRINT [03/22 07:17:59 graph]: best_f1 0.88802 at epoch 87
[2023-03-22 07:17:59] PRINT [03/22 07:17:59 graph]: start epoch 89.
[2023-03-22 07:18:00] PRINT [03/22 07:18:00 graph]: # Epoch 89: train_loss: 0.4516 | lr: 0.000158
[2023-03-22 07:18:05] PRINT [03/22 07:18:05 graph]: --- Testf1: 0.88602, Best Valacc: 0.87782 in epoch 402 --- 
[2023-03-22 07:18:05] PRINT [03/22 07:18:05 graph]: Epoch 89: get test acc score:  0.88602
[2023-03-22 07:18:05] PRINT [03/22 07:18:05 graph]: best_f1 0.88802 at epoch 87
[2023-03-22 07:18:05] PRINT [03/22 07:18:05 graph]: start epoch 90.
[2023-03-22 07:18:06] PRINT [03/22 07:18:06 graph]: # Epoch 90: train_loss: 0.4507 | lr: 0.000158
[2023-03-22 07:18:15] PRINT [03/22 07:18:15 graph]: --- Testf1: 0.88284, Best Valacc: 0.88218 in epoch 376 --- 
[2023-03-22 07:18:15] PRINT [03/22 07:18:15 graph]: Epoch 90: get test acc score:  0.88284
[2023-03-22 07:18:15] PRINT [03/22 07:18:15 graph]: best_f1 0.88802 at epoch 87
[2023-03-22 07:18:15] PRINT [03/22 07:18:15 graph]: start epoch 91.
[2023-03-22 07:18:15] PRINT [03/22 07:18:15 graph]: # Epoch 91: train_loss: 0.4503 | lr: 0.000158
[2023-03-22 07:18:22] PRINT [03/22 07:18:22 graph]: --- Testf1: 0.88629, Best Valacc: 0.88655 in epoch 470 --- 
[2023-03-22 07:18:22] PRINT [03/22 07:18:22 graph]: Epoch 91: get test acc score:  0.88629
[2023-03-22 07:18:22] PRINT [03/22 07:18:22 graph]: best_f1 0.88802 at epoch 87
[2023-03-22 07:18:22] PRINT [03/22 07:18:22 graph]: start epoch 92.
[2023-03-22 07:18:22] PRINT [03/22 07:18:22 graph]: # Epoch 92: train_loss: 0.4500 | lr: 0.000158
[2023-03-22 07:18:29] PRINT [03/22 07:18:29 graph]: --- Testf1: 0.88402, Best Valacc: 0.88073 in epoch 472 --- 
[2023-03-22 07:18:30] PRINT [03/22 07:18:30 graph]: Epoch 92: get test acc score:  0.88402
[2023-03-22 07:18:30] PRINT [03/22 07:18:30 graph]: best_f1 0.88802 at epoch 87
[2023-03-22 07:18:30] PRINT [03/22 07:18:30 graph]: start epoch 93.
[2023-03-22 07:18:30] PRINT [03/22 07:18:30 graph]: # Epoch 93: train_loss: 0.4488 | lr: 0.000158
[2023-03-22 07:18:37] PRINT [03/22 07:18:37 graph]: --- Testf1: 0.88511, Best Valacc: 0.88145 in epoch 372 --- 
[2023-03-22 07:18:37] PRINT [03/22 07:18:37 graph]: Epoch 93: get test acc score:  0.88511
[2023-03-22 07:18:37] PRINT [03/22 07:18:37 graph]: best_f1 0.88802 at epoch 87
[2023-03-22 07:18:37] PRINT [03/22 07:18:37 graph]: start epoch 94.
[2023-03-22 07:18:37] PRINT [03/22 07:18:37 graph]: # Epoch 94: train_loss: 0.4500 | lr: 0.000158
[2023-03-22 07:18:44] PRINT [03/22 07:18:44 graph]: --- Testf1: 0.88684, Best Valacc: 0.88218 in epoch 243 --- 
[2023-03-22 07:18:44] PRINT [03/22 07:18:44 graph]: Epoch 94: get test acc score:  0.88684
[2023-03-22 07:18:44] PRINT [03/22 07:18:44 graph]: best_f1 0.88802 at epoch 87
[2023-03-22 07:18:44] PRINT [03/22 07:18:44 graph]: start epoch 95.
[2023-03-22 07:18:45] PRINT [03/22 07:18:45 graph]: # Epoch 95: train_loss: 0.4504 | lr: 0.000158
[2023-03-22 07:18:52] PRINT [03/22 07:18:52 graph]: --- Testf1: 0.88629, Best Valacc: 0.88727 in epoch 181 --- 
[2023-03-22 07:18:52] PRINT [03/22 07:18:52 graph]: Epoch 95: get test acc score:  0.88629
[2023-03-22 07:18:52] PRINT [03/22 07:18:52 graph]: best_f1 0.88802 at epoch 87
[2023-03-22 07:18:52] PRINT [03/22 07:18:52 graph]: start epoch 96.
[2023-03-22 07:18:52] PRINT [03/22 07:18:52 graph]: # Epoch 96: train_loss: 0.4478 | lr: 0.000158
[2023-03-22 07:18:59] PRINT [03/22 07:18:59 graph]: --- Testf1: 0.88366, Best Valacc: 0.87927 in epoch 435 --- 
[2023-03-22 07:18:59] PRINT [03/22 07:18:59 graph]: Epoch 96: get test acc score:  0.88366
[2023-03-22 07:18:59] PRINT [03/22 07:18:59 graph]: best_f1 0.88802 at epoch 87
[2023-03-22 07:18:59] PRINT [03/22 07:18:59 graph]: start epoch 97.
[2023-03-22 07:18:59] PRINT [03/22 07:18:59 graph]: # Epoch 97: train_loss: 0.4489 | lr: 0.000158
[2023-03-22 07:19:06] PRINT [03/22 07:19:06 graph]: --- Testf1: 0.88048, Best Valacc: 0.88582 in epoch 256 --- 
[2023-03-22 07:19:07] PRINT [03/22 07:19:07 graph]: Epoch 97: get test acc score:  0.88048
[2023-03-22 07:19:07] PRINT [03/22 07:19:07 graph]: best_f1 0.88802 at epoch 87
[2023-03-22 07:19:07] PRINT [03/22 07:19:07 graph]: start epoch 98.
[2023-03-22 07:19:07] PRINT [03/22 07:19:07 graph]: # Epoch 98: train_loss: 0.4537 | lr: 0.000158
[2023-03-22 07:19:14] PRINT [03/22 07:19:14 graph]: --- Testf1: 0.88302, Best Valacc: 0.88582 in epoch 343 --- 
[2023-03-22 07:19:14] PRINT [03/22 07:19:14 graph]: Epoch 98: get test acc score:  0.88302
[2023-03-22 07:19:14] PRINT [03/22 07:19:14 graph]: best_f1 0.88802 at epoch 87
[2023-03-22 07:19:14] PRINT [03/22 07:19:14 graph]: start epoch 99.
[2023-03-22 07:19:14] PRINT [03/22 07:19:14 graph]: # Epoch 99: train_loss: 0.4457 | lr: 0.000158
[2023-03-22 07:19:21] PRINT [03/22 07:19:21 graph]: --- Testf1: 0.88220, Best Valacc: 0.88145 in epoch 341 --- 
[2023-03-22 07:19:21] PRINT [03/22 07:19:21 graph]: Epoch 99: get test acc score:  0.88220
[2023-03-22 07:19:21] PRINT [03/22 07:19:21 graph]: best_f1 0.88802 at epoch 87
[2023-03-22 07:19:21] PRINT [03/22 07:19:21 graph]: # final_acc: 0.88802±0.00000
