[2023-03-22 10:04:07] PRINT ---new cfg------
[2023-03-22 10:04:07] PRINT {'DATA': {'data_name': 'comp'}, 'DATALOADER': {'NUM_WORKERS': 0}, 'MODEL': {'num_hidden': 512, 'num_layers': 2, 'nhead': 4, 'activation': 'prelu', 'attn_drop': 0.2, 'feat_drop': 0.4, 'norm': 'batchnorm', 'pooler': 'mean', 'beta_schedule': 'quad', 'beta_1': 0.0005128201694924942, 'beta_T': 0.0154105983188352, 'T': 572}, 'SOLVER': {'optim_type': 'adam', 'optim_type_f': 'adamw', 'alpha': 1, 'decay': 20, 'LR': 0.00020402140176995707, 'LR_f': 0.04972364978596262, 'weight_decay': 0, 'weight_decay_f': 0.00042724558487392016, 'MAX_EPOCH': 100, 'max_epoch_f': 500}, 'DEVICE': 'cuda', 'seeds': [0], 'eval_T': [50, 100, 200], 'output_dir': '/ddm-nni/AmazonCoBuyComputerDataset¶/log', 'checkpoint_dir': '/ddm-nni/AmazonCoBuyComputerDataset¶/log/checkpoint'}
[2023-03-22 10:04:07] PRINT [03/22 10:04:07 graph]: Rank of current process: 0. World size: 1
[2023-03-22 10:04:11] PRINT [03/22 10:04:11 graph]: Environment info:
[2023-03-22 10:04:11] PRINT PyTorch version: 1.10.0+cu113
[2023-03-22 10:04:11] PRINT Is debug build: False
[2023-03-22 10:04:11] PRINT CUDA used to build PyTorch: 11.3
[2023-03-22 10:04:11] PRINT ROCM used to build PyTorch: N/A
[2023-03-22 10:04:11] PRINT 
[2023-03-22 10:04:11] PRINT OS: Ubuntu 20.04.3 LTS (x86_64)
[2023-03-22 10:04:11] PRINT GCC version: (Ubuntu 9.3.0-17ubuntu1~20.04) 9.3.0
[2023-03-22 10:04:11] PRINT Clang version: Could not collect
[2023-03-22 10:04:11] PRINT CMake version: version 3.16.3
[2023-03-22 10:04:11] PRINT Libc version: glibc-2.31
[2023-03-22 10:04:11] PRINT 
[2023-03-22 10:04:11] PRINT Python version: 3.8.10 (default, Jun  4 2021, 15:09:15)  [GCC 7.5.0] (64-bit runtime)
[2023-03-22 10:04:11] PRINT Python platform: Linux-5.4.0-90-generic-x86_64-with-glibc2.17
[2023-03-22 10:04:11] PRINT Is CUDA available: True
[2023-03-22 10:04:11] PRINT CUDA runtime version: 11.3.109
[2023-03-22 10:04:11] PRINT GPU models and configuration: GPU 0: NVIDIA GeForce RTX 3090
[2023-03-22 10:04:11] PRINT Nvidia driver version: 495.44
[2023-03-22 10:04:11] PRINT cuDNN version: Probably one of the following:
[2023-03-22 10:04:11] PRINT /usr/lib/x86_64-linux-gnu/libcudnn.so.8.2.0
[2023-03-22 10:04:11] PRINT /usr/lib/x86_64-linux-gnu/libcudnn_adv_infer.so.8.2.0
[2023-03-22 10:04:11] PRINT /usr/lib/x86_64-linux-gnu/libcudnn_adv_train.so.8.2.0
[2023-03-22 10:04:11] PRINT /usr/lib/x86_64-linux-gnu/libcudnn_cnn_infer.so.8.2.0
[2023-03-22 10:04:11] PRINT /usr/lib/x86_64-linux-gnu/libcudnn_cnn_train.so.8.2.0
[2023-03-22 10:04:11] PRINT /usr/lib/x86_64-linux-gnu/libcudnn_ops_infer.so.8.2.0
[2023-03-22 10:04:11] PRINT /usr/lib/x86_64-linux-gnu/libcudnn_ops_train.so.8.2.0
[2023-03-22 10:04:11] PRINT HIP runtime version: N/A
[2023-03-22 10:04:11] PRINT MIOpen runtime version: N/A
[2023-03-22 10:04:11] PRINT 
[2023-03-22 10:04:11] PRINT Versions of relevant libraries:
[2023-03-22 10:04:11] PRINT [pip3] numpy==1.23.5
[2023-03-22 10:04:11] PRINT [pip3] torch==1.10.0+cu113
[2023-03-22 10:04:11] PRINT [pip3] torchvision==0.11.1+cu113
[2023-03-22 10:04:11] PRINT [conda] blas                      1.0                         mkl    https://mirrors.ustc.edu.cn/anaconda/pkgs/main
[2023-03-22 10:04:11] PRINT [conda] mkl                       2021.4.0           h06a4308_640    https://mirrors.ustc.edu.cn/anaconda/pkgs/main
[2023-03-22 10:04:11] PRINT [conda] mkl-service               2.4.0            py38h7f8727e_0    https://mirrors.ustc.edu.cn/anaconda/pkgs/main
[2023-03-22 10:04:11] PRINT [conda] mkl_fft                   1.3.1            py38hd3c417c_0    https://mirrors.ustc.edu.cn/anaconda/pkgs/main
[2023-03-22 10:04:11] PRINT [conda] mkl_random                1.2.2            py38h51133e4_0    https://mirrors.ustc.edu.cn/anaconda/pkgs/main
[2023-03-22 10:04:11] PRINT [conda] numpy                     1.21.4                   pypi_0    pypi
[2023-03-22 10:04:11] PRINT [conda] numpy-base                1.23.5           py38h31eccc5_0    https://mirrors.ustc.edu.cn/anaconda/pkgs/main
[2023-03-22 10:04:11] PRINT [conda] torch                     1.10.0+cu113             pypi_0    pypi
[2023-03-22 10:04:11] PRINT [conda] torchvision               0.11.1+cu113             pypi_0    pypi
[2023-03-22 10:04:11] PRINT         Pillow (8.4.0)
[2023-03-22 10:04:11] PRINT [03/22 10:04:11 graph]: Command line arguments: Namespace(local_rank=0, resume=False, seed=1234, start_epoch=0)
[2023-03-22 10:04:11] PRINT [03/22 10:04:11 graph]: Run 0th for seed 0
[2023-03-22 10:04:11] PRINT [03/22 10:04:11 graph]: Total trainable params num : 7973891
[2023-03-22 10:04:16] PRINT [03/22 10:04:16 graph]: ----------Start Training----------
[2023-03-22 10:04:17] PRINT [03/22 10:04:17 graph]: start epoch 0.
[2023-03-22 10:04:17] PRINT [03/22 10:04:17 graph]: # Epoch 0: train_loss: 1.0212 | lr: 0.000204
[2023-03-22 10:04:17] PRINT [03/22 10:04:17 graph]: start epoch 1.
[2023-03-22 10:04:17] PRINT [03/22 10:04:17 graph]: # Epoch 1: train_loss: 0.8383 | lr: 0.000204
[2023-03-22 10:04:17] PRINT [03/22 10:04:17 graph]: start epoch 2.
[2023-03-22 10:04:17] PRINT [03/22 10:04:17 graph]: # Epoch 2: train_loss: 0.7503 | lr: 0.000204
[2023-03-22 10:04:17] PRINT [03/22 10:04:17 graph]: start epoch 3.
[2023-03-22 10:04:17] PRINT [03/22 10:04:17 graph]: # Epoch 3: train_loss: 0.6930 | lr: 0.000204
[2023-03-22 10:04:17] PRINT [03/22 10:04:17 graph]: start epoch 4.
[2023-03-22 10:04:17] PRINT [03/22 10:04:17 graph]: # Epoch 4: train_loss: 0.6532 | lr: 0.000204
[2023-03-22 10:04:17] PRINT [03/22 10:04:17 graph]: start epoch 5.
[2023-03-22 10:04:18] PRINT [03/22 10:04:18 graph]: # Epoch 5: train_loss: 0.6255 | lr: 0.000204
[2023-03-22 10:04:18] PRINT [03/22 10:04:18 graph]: start epoch 6.
[2023-03-22 10:04:18] PRINT [03/22 10:04:18 graph]: # Epoch 6: train_loss: 0.6062 | lr: 0.000204
[2023-03-22 10:04:18] PRINT [03/22 10:04:18 graph]: start epoch 7.
[2023-03-22 10:04:18] PRINT [03/22 10:04:18 graph]: # Epoch 7: train_loss: 0.5915 | lr: 0.000204
[2023-03-22 10:04:18] PRINT [03/22 10:04:18 graph]: start epoch 8.
[2023-03-22 10:04:18] PRINT [03/22 10:04:18 graph]: # Epoch 8: train_loss: 0.5798 | lr: 0.000204
[2023-03-22 10:04:18] PRINT [03/22 10:04:18 graph]: start epoch 9.
[2023-03-22 10:04:18] PRINT [03/22 10:04:18 graph]: # Epoch 9: train_loss: 0.5688 | lr: 0.000204
[2023-03-22 10:04:18] PRINT [03/22 10:04:18 graph]: start epoch 10.
[2023-03-22 10:04:18] PRINT [03/22 10:04:18 graph]: # Epoch 10: train_loss: 0.5589 | lr: 0.000204
[2023-03-22 10:04:18] PRINT [03/22 10:04:18 graph]: start epoch 11.
[2023-03-22 10:04:18] PRINT [03/22 10:04:18 graph]: # Epoch 11: train_loss: 0.5498 | lr: 0.000204
[2023-03-22 10:04:18] PRINT [03/22 10:04:18 graph]: start epoch 12.
[2023-03-22 10:04:18] PRINT [03/22 10:04:18 graph]: # Epoch 12: train_loss: 0.5427 | lr: 0.000204
[2023-03-22 10:04:18] PRINT [03/22 10:04:18 graph]: start epoch 13.
[2023-03-22 10:04:18] PRINT [03/22 10:04:18 graph]: # Epoch 13: train_loss: 0.5360 | lr: 0.000204
[2023-03-22 10:04:18] PRINT [03/22 10:04:18 graph]: start epoch 14.
[2023-03-22 10:04:18] PRINT [03/22 10:04:18 graph]: # Epoch 14: train_loss: 0.5296 | lr: 0.000204
[2023-03-22 10:04:18] PRINT [03/22 10:04:18 graph]: start epoch 15.
[2023-03-22 10:04:18] PRINT [03/22 10:04:18 graph]: # Epoch 15: train_loss: 0.5239 | lr: 0.000204
[2023-03-22 10:04:18] PRINT [03/22 10:04:18 graph]: start epoch 16.
[2023-03-22 10:04:18] PRINT [03/22 10:04:18 graph]: # Epoch 16: train_loss: 0.5187 | lr: 0.000204
[2023-03-22 10:04:18] PRINT [03/22 10:04:18 graph]: start epoch 17.
[2023-03-22 10:04:18] PRINT [03/22 10:04:18 graph]: # Epoch 17: train_loss: 0.5138 | lr: 0.000204
[2023-03-22 10:04:18] PRINT [03/22 10:04:18 graph]: start epoch 18.
[2023-03-22 10:04:19] PRINT [03/22 10:04:19 graph]: # Epoch 18: train_loss: 0.5089 | lr: 0.000204
[2023-03-22 10:04:19] PRINT [03/22 10:04:19 graph]: start epoch 19.
[2023-03-22 10:04:19] PRINT [03/22 10:04:19 graph]: # Epoch 19: train_loss: 0.5049 | lr: 0.000204
[2023-03-22 10:04:19] PRINT [03/22 10:04:19 graph]: start epoch 20.
[2023-03-22 10:04:19] PRINT [03/22 10:04:19 graph]: # Epoch 20: train_loss: 0.5008 | lr: 0.000204
[2023-03-22 10:04:19] PRINT [03/22 10:04:19 graph]: start epoch 21.
[2023-03-22 10:04:19] PRINT [03/22 10:04:19 graph]: # Epoch 21: train_loss: 0.4973 | lr: 0.000204
[2023-03-22 10:04:19] PRINT [03/22 10:04:19 graph]: start epoch 22.
[2023-03-22 10:04:19] PRINT [03/22 10:04:19 graph]: # Epoch 22: train_loss: 0.4940 | lr: 0.000204
[2023-03-22 10:04:19] PRINT [03/22 10:04:19 graph]: start epoch 23.
[2023-03-22 10:04:19] PRINT [03/22 10:04:19 graph]: # Epoch 23: train_loss: 0.4907 | lr: 0.000204
[2023-03-22 10:04:19] PRINT [03/22 10:04:19 graph]: start epoch 24.
[2023-03-22 10:04:19] PRINT [03/22 10:04:19 graph]: # Epoch 24: train_loss: 0.4877 | lr: 0.000204
[2023-03-22 10:04:19] PRINT [03/22 10:04:19 graph]: start epoch 25.
[2023-03-22 10:04:19] PRINT [03/22 10:04:19 graph]: # Epoch 25: train_loss: 0.4849 | lr: 0.000204
[2023-03-22 10:04:19] PRINT [03/22 10:04:19 graph]: start epoch 26.
[2023-03-22 10:04:19] PRINT [03/22 10:04:19 graph]: # Epoch 26: train_loss: 0.4821 | lr: 0.000204
[2023-03-22 10:04:19] PRINT [03/22 10:04:19 graph]: start epoch 27.
[2023-03-22 10:04:19] PRINT [03/22 10:04:19 graph]: # Epoch 27: train_loss: 0.4797 | lr: 0.000204
[2023-03-22 10:04:19] PRINT [03/22 10:04:19 graph]: start epoch 28.
[2023-03-22 10:04:19] PRINT [03/22 10:04:19 graph]: # Epoch 28: train_loss: 0.4772 | lr: 0.000204
[2023-03-22 10:04:19] PRINT [03/22 10:04:19 graph]: start epoch 29.
[2023-03-22 10:04:19] PRINT [03/22 10:04:19 graph]: # Epoch 29: train_loss: 0.4753 | lr: 0.000204
[2023-03-22 10:04:19] PRINT [03/22 10:04:19 graph]: start epoch 30.
[2023-03-22 10:04:19] PRINT [03/22 10:04:19 graph]: # Epoch 30: train_loss: 0.4730 | lr: 0.000204
[2023-03-22 10:04:19] PRINT [03/22 10:04:19 graph]: start epoch 31.
[2023-03-22 10:04:20] PRINT [03/22 10:04:20 graph]: # Epoch 31: train_loss: 0.4708 | lr: 0.000204
[2023-03-22 10:04:20] PRINT [03/22 10:04:20 graph]: start epoch 32.
[2023-03-22 10:04:20] PRINT [03/22 10:04:20 graph]: # Epoch 32: train_loss: 0.4689 | lr: 0.000204
[2023-03-22 10:04:20] PRINT [03/22 10:04:20 graph]: start epoch 33.
[2023-03-22 10:04:20] PRINT [03/22 10:04:20 graph]: # Epoch 33: train_loss: 0.4670 | lr: 0.000204
[2023-03-22 10:04:20] PRINT [03/22 10:04:20 graph]: start epoch 34.
[2023-03-22 10:04:20] PRINT [03/22 10:04:20 graph]: # Epoch 34: train_loss: 0.4648 | lr: 0.000204
[2023-03-22 10:04:20] PRINT [03/22 10:04:20 graph]: start epoch 35.
[2023-03-22 10:04:20] PRINT [03/22 10:04:20 graph]: # Epoch 35: train_loss: 0.4631 | lr: 0.000204
[2023-03-22 10:04:20] PRINT [03/22 10:04:20 graph]: start epoch 36.
[2023-03-22 10:04:20] PRINT [03/22 10:04:20 graph]: # Epoch 36: train_loss: 0.4614 | lr: 0.000204
[2023-03-22 10:04:20] PRINT [03/22 10:04:20 graph]: start epoch 37.
[2023-03-22 10:04:20] PRINT [03/22 10:04:20 graph]: # Epoch 37: train_loss: 0.4603 | lr: 0.000204
[2023-03-22 10:04:20] PRINT [03/22 10:04:20 graph]: start epoch 38.
[2023-03-22 10:04:20] PRINT [03/22 10:04:20 graph]: # Epoch 38: train_loss: 0.4589 | lr: 0.000204
[2023-03-22 10:04:20] PRINT [03/22 10:04:20 graph]: start epoch 39.
[2023-03-22 10:04:20] PRINT [03/22 10:04:20 graph]: # Epoch 39: train_loss: 0.4564 | lr: 0.000204
[2023-03-22 10:04:20] PRINT [03/22 10:04:20 graph]: start epoch 40.
[2023-03-22 10:04:20] PRINT [03/22 10:04:20 graph]: # Epoch 40: train_loss: 0.4556 | lr: 0.000204
[2023-03-22 10:04:20] PRINT [03/22 10:04:20 graph]: start epoch 41.
[2023-03-22 10:04:20] PRINT [03/22 10:04:20 graph]: # Epoch 41: train_loss: 0.4561 | lr: 0.000204
[2023-03-22 10:04:20] PRINT [03/22 10:04:20 graph]: start epoch 42.
[2023-03-22 10:04:20] PRINT [03/22 10:04:20 graph]: # Epoch 42: train_loss: 0.4521 | lr: 0.000204
[2023-03-22 10:04:20] PRINT [03/22 10:04:20 graph]: start epoch 43.
[2023-03-22 10:04:20] PRINT [03/22 10:04:20 graph]: # Epoch 43: train_loss: 0.4536 | lr: 0.000204
[2023-03-22 10:04:20] PRINT [03/22 10:04:20 graph]: start epoch 44.
[2023-03-22 10:04:21] PRINT [03/22 10:04:21 graph]: # Epoch 44: train_loss: 0.4553 | lr: 0.000204
[2023-03-22 10:04:21] PRINT [03/22 10:04:21 graph]: start epoch 45.
[2023-03-22 10:04:21] PRINT [03/22 10:04:21 graph]: # Epoch 45: train_loss: 0.4524 | lr: 0.000204
[2023-03-22 10:04:21] PRINT [03/22 10:04:21 graph]: start epoch 46.
[2023-03-22 10:04:21] PRINT [03/22 10:04:21 graph]: # Epoch 46: train_loss: 0.4491 | lr: 0.000204
[2023-03-22 10:04:21] PRINT [03/22 10:04:21 graph]: start epoch 47.
[2023-03-22 10:04:21] PRINT [03/22 10:04:21 graph]: # Epoch 47: train_loss: 0.4490 | lr: 0.000204
[2023-03-22 10:04:21] PRINT [03/22 10:04:21 graph]: start epoch 48.
[2023-03-22 10:04:21] PRINT [03/22 10:04:21 graph]: # Epoch 48: train_loss: 0.4477 | lr: 0.000204
[2023-03-22 10:04:21] PRINT [03/22 10:04:21 graph]: start epoch 49.
[2023-03-22 10:04:21] PRINT [03/22 10:04:21 graph]: # Epoch 49: train_loss: 0.4476 | lr: 0.000204
[2023-03-22 10:04:21] PRINT [03/22 10:04:21 graph]: start epoch 50.
[2023-03-22 10:04:21] PRINT [03/22 10:04:21 graph]: # Epoch 50: train_loss: 0.4440 | lr: 0.000204
[2023-03-22 10:04:21] PRINT [03/22 10:04:21 graph]: start epoch 51.
[2023-03-22 10:04:21] PRINT [03/22 10:04:21 graph]: # Epoch 51: train_loss: 0.4458 | lr: 0.000204
[2023-03-22 10:04:28] PRINT [03/22 10:04:28 graph]: --- Testf1: 0.89002, Best Valacc: 0.89382 in epoch 425 --- 
[2023-03-22 10:04:29] PRINT [03/22 10:04:29 graph]: Epoch 51: get test acc score:  0.89002
[2023-03-22 10:04:29] PRINT [03/22 10:04:29 graph]: best_f1 0.89002 at epoch 51
[2023-03-22 10:04:29] PRINT [03/22 10:04:29 graph]: start epoch 52.
[2023-03-22 10:04:29] PRINT [03/22 10:04:29 graph]: # Epoch 52: train_loss: 0.4420 | lr: 0.000204
[2023-03-22 10:04:36] PRINT [03/22 10:04:36 graph]: --- Testf1: 0.88775, Best Valacc: 0.88873 in epoch 479 --- 
[2023-03-22 10:04:36] PRINT [03/22 10:04:36 graph]: Epoch 52: get test acc score:  0.88775
[2023-03-22 10:04:36] PRINT [03/22 10:04:36 graph]: best_f1 0.89002 at epoch 51
[2023-03-22 10:04:36] PRINT [03/22 10:04:36 graph]: start epoch 53.
[2023-03-22 10:04:36] PRINT [03/22 10:04:36 graph]: # Epoch 53: train_loss: 0.4434 | lr: 0.000204
[2023-03-22 10:04:44] PRINT [03/22 10:04:44 graph]: --- Testf1: 0.88793, Best Valacc: 0.89455 in epoch 447 --- 
[2023-03-22 10:04:44] PRINT [03/22 10:04:44 graph]: Epoch 53: get test acc score:  0.88793
[2023-03-22 10:04:44] PRINT [03/22 10:04:44 graph]: best_f1 0.89002 at epoch 51
[2023-03-22 10:04:44] PRINT [03/22 10:04:44 graph]: start epoch 54.
[2023-03-22 10:04:44] PRINT [03/22 10:04:44 graph]: # Epoch 54: train_loss: 0.4417 | lr: 0.000204
[2023-03-22 10:04:51] PRINT [03/22 10:04:51 graph]: --- Testf1: 0.88402, Best Valacc: 0.89309 in epoch 425 --- 
[2023-03-22 10:04:52] PRINT [03/22 10:04:52 graph]: Epoch 54: get test acc score:  0.88402
[2023-03-22 10:04:52] PRINT [03/22 10:04:52 graph]: best_f1 0.89002 at epoch 51
[2023-03-22 10:04:52] PRINT [03/22 10:04:52 graph]: start epoch 55.
[2023-03-22 10:04:52] PRINT [03/22 10:04:52 graph]: # Epoch 55: train_loss: 0.4396 | lr: 0.000204
[2023-03-22 10:04:59] PRINT [03/22 10:04:59 graph]: --- Testf1: 0.88975, Best Valacc: 0.89164 in epoch 489 --- 
[2023-03-22 10:04:59] PRINT [03/22 10:04:59 graph]: Epoch 55: get test acc score:  0.88975
[2023-03-22 10:04:59] PRINT [03/22 10:04:59 graph]: best_f1 0.89002 at epoch 51
[2023-03-22 10:04:59] PRINT [03/22 10:04:59 graph]: start epoch 56.
[2023-03-22 10:04:59] PRINT [03/22 10:04:59 graph]: # Epoch 56: train_loss: 0.4403 | lr: 0.000204
[2023-03-22 10:05:06] PRINT [03/22 10:05:06 graph]: --- Testf1: 0.89193, Best Valacc: 0.89018 in epoch 290 --- 
[2023-03-22 10:05:06] PRINT [03/22 10:05:06 graph]: Epoch 56: get test acc score:  0.89193
[2023-03-22 10:05:06] PRINT [03/22 10:05:06 graph]: best_f1 0.89193 at epoch 56
[2023-03-22 10:05:06] PRINT [03/22 10:05:06 graph]: start epoch 57.
[2023-03-22 10:05:06] PRINT [03/22 10:05:06 graph]: # Epoch 57: train_loss: 0.4377 | lr: 0.000204
[2023-03-22 10:05:13] PRINT [03/22 10:05:13 graph]: --- Testf1: 0.89038, Best Valacc: 0.89309 in epoch 175 --- 
[2023-03-22 10:05:14] PRINT [03/22 10:05:14 graph]: Epoch 57: get test acc score:  0.89038
[2023-03-22 10:05:14] PRINT [03/22 10:05:14 graph]: best_f1 0.89193 at epoch 56
[2023-03-22 10:05:14] PRINT [03/22 10:05:14 graph]: start epoch 58.
[2023-03-22 10:05:14] PRINT [03/22 10:05:14 graph]: # Epoch 58: train_loss: 0.4376 | lr: 0.000204
[2023-03-22 10:05:21] PRINT [03/22 10:05:21 graph]: --- Testf1: 0.89120, Best Valacc: 0.89745 in epoch 344 --- 
[2023-03-22 10:05:21] PRINT [03/22 10:05:21 graph]: Epoch 58: get test acc score:  0.89120
[2023-03-22 10:05:21] PRINT [03/22 10:05:21 graph]: best_f1 0.89193 at epoch 56
[2023-03-22 10:05:21] PRINT [03/22 10:05:21 graph]: start epoch 59.
[2023-03-22 10:05:21] PRINT [03/22 10:05:21 graph]: # Epoch 59: train_loss: 0.4374 | lr: 0.000204
[2023-03-22 10:05:28] PRINT [03/22 10:05:28 graph]: --- Testf1: 0.89320, Best Valacc: 0.89236 in epoch 153 --- 
[2023-03-22 10:05:28] PRINT [03/22 10:05:28 graph]: Epoch 59: get test acc score:  0.89320
[2023-03-22 10:05:28] PRINT [03/22 10:05:28 graph]: best_f1 0.8932 at epoch 59
[2023-03-22 10:05:28] PRINT [03/22 10:05:28 graph]: start epoch 60.
[2023-03-22 10:05:28] PRINT [03/22 10:05:28 graph]: # Epoch 60: train_loss: 0.4353 | lr: 0.000204
[2023-03-22 10:05:35] PRINT [03/22 10:05:35 graph]: --- Testf1: 0.88929, Best Valacc: 0.89018 in epoch 246 --- 
[2023-03-22 10:05:36] PRINT [03/22 10:05:36 graph]: Epoch 60: get test acc score:  0.88929
[2023-03-22 10:05:36] PRINT [03/22 10:05:36 graph]: best_f1 0.8932 at epoch 59
[2023-03-22 10:05:36] PRINT [03/22 10:05:36 graph]: start epoch 61.
[2023-03-22 10:05:36] PRINT [03/22 10:05:36 graph]: # Epoch 61: train_loss: 0.4350 | lr: 0.000204
[2023-03-22 10:05:43] PRINT [03/22 10:05:43 graph]: --- Testf1: 0.88893, Best Valacc: 0.89382 in epoch 298 --- 
[2023-03-22 10:05:43] PRINT [03/22 10:05:43 graph]: Epoch 61: get test acc score:  0.88893
[2023-03-22 10:05:43] PRINT [03/22 10:05:43 graph]: best_f1 0.8932 at epoch 59
[2023-03-22 10:05:43] PRINT [03/22 10:05:43 graph]: start epoch 62.
[2023-03-22 10:05:43] PRINT [03/22 10:05:43 graph]: # Epoch 62: train_loss: 0.4350 | lr: 0.000204
[2023-03-22 10:05:50] PRINT [03/22 10:05:50 graph]: --- Testf1: 0.88793, Best Valacc: 0.89600 in epoch 483 --- 
[2023-03-22 10:05:50] PRINT [03/22 10:05:50 graph]: Epoch 62: get test acc score:  0.88793
[2023-03-22 10:05:50] PRINT [03/22 10:05:50 graph]: best_f1 0.8932 at epoch 59
[2023-03-22 10:05:50] PRINT [03/22 10:05:50 graph]: start epoch 63.
[2023-03-22 10:05:50] PRINT [03/22 10:05:50 graph]: # Epoch 63: train_loss: 0.4336 | lr: 0.000204
[2023-03-22 10:05:57] PRINT [03/22 10:05:57 graph]: --- Testf1: 0.88938, Best Valacc: 0.89236 in epoch 422 --- 
[2023-03-22 10:05:57] PRINT [03/22 10:05:57 graph]: Epoch 63: get test acc score:  0.88938
[2023-03-22 10:05:57] PRINT [03/22 10:05:57 graph]: best_f1 0.8932 at epoch 59
[2023-03-22 10:05:57] PRINT [03/22 10:05:57 graph]: start epoch 64.
[2023-03-22 10:05:58] PRINT [03/22 10:05:58 graph]: # Epoch 64: train_loss: 0.4338 | lr: 0.000204
[2023-03-22 10:06:04] PRINT [03/22 10:06:04 graph]: --- Testf1: 0.88920, Best Valacc: 0.89091 in epoch 419 --- 
[2023-03-22 10:06:05] PRINT [03/22 10:06:05 graph]: Epoch 64: get test acc score:  0.88920
[2023-03-22 10:06:05] PRINT [03/22 10:06:05 graph]: best_f1 0.8932 at epoch 59
[2023-03-22 10:06:05] PRINT [03/22 10:06:05 graph]: start epoch 65.
[2023-03-22 10:06:05] PRINT [03/22 10:06:05 graph]: # Epoch 65: train_loss: 0.4315 | lr: 0.000204
[2023-03-22 10:06:12] PRINT [03/22 10:06:12 graph]: --- Testf1: 0.88838, Best Valacc: 0.88800 in epoch 457 --- 
[2023-03-22 10:06:12] PRINT [03/22 10:06:12 graph]: Epoch 65: get test acc score:  0.88838
[2023-03-22 10:06:12] PRINT [03/22 10:06:12 graph]: best_f1 0.8932 at epoch 59
[2023-03-22 10:06:12] PRINT [03/22 10:06:12 graph]: start epoch 66.
[2023-03-22 10:06:12] PRINT [03/22 10:06:12 graph]: # Epoch 66: train_loss: 0.4318 | lr: 0.000204
[2023-03-22 10:06:19] PRINT [03/22 10:06:19 graph]: --- Testf1: 0.89066, Best Valacc: 0.89600 in epoch 227 --- 
[2023-03-22 10:06:19] PRINT [03/22 10:06:19 graph]: Epoch 66: get test acc score:  0.89066
[2023-03-22 10:06:19] PRINT [03/22 10:06:19 graph]: best_f1 0.8932 at epoch 59
[2023-03-22 10:06:19] PRINT [03/22 10:06:19 graph]: start epoch 67.
[2023-03-22 10:06:19] PRINT [03/22 10:06:19 graph]: # Epoch 67: train_loss: 0.4306 | lr: 0.000204
[2023-03-22 10:06:26] PRINT [03/22 10:06:26 graph]: --- Testf1: 0.89256, Best Valacc: 0.89164 in epoch 189 --- 
[2023-03-22 10:06:27] PRINT [03/22 10:06:27 graph]: Epoch 67: get test acc score:  0.89256
[2023-03-22 10:06:27] PRINT [03/22 10:06:27 graph]: best_f1 0.8932 at epoch 59
[2023-03-22 10:06:27] PRINT [03/22 10:06:27 graph]: start epoch 68.
[2023-03-22 10:06:27] PRINT [03/22 10:06:27 graph]: # Epoch 68: train_loss: 0.4300 | lr: 0.000204
[2023-03-22 10:06:34] PRINT [03/22 10:06:34 graph]: --- Testf1: 0.88957, Best Valacc: 0.89382 in epoch 482 --- 
[2023-03-22 10:06:34] PRINT [03/22 10:06:34 graph]: Epoch 68: get test acc score:  0.88957
[2023-03-22 10:06:34] PRINT [03/22 10:06:34 graph]: best_f1 0.8932 at epoch 59
[2023-03-22 10:06:34] PRINT [03/22 10:06:34 graph]: start epoch 69.
[2023-03-22 10:06:34] PRINT [03/22 10:06:34 graph]: # Epoch 69: train_loss: 0.4292 | lr: 0.000204
[2023-03-22 10:06:41] PRINT [03/22 10:06:41 graph]: --- Testf1: 0.89129, Best Valacc: 0.89455 in epoch 436 --- 
[2023-03-22 10:06:41] PRINT [03/22 10:06:41 graph]: Epoch 69: get test acc score:  0.89129
[2023-03-22 10:06:41] PRINT [03/22 10:06:41 graph]: best_f1 0.8932 at epoch 59
[2023-03-22 10:06:41] PRINT [03/22 10:06:41 graph]: start epoch 70.
[2023-03-22 10:06:41] PRINT [03/22 10:06:41 graph]: # Epoch 70: train_loss: 0.4295 | lr: 0.000204
[2023-03-22 10:06:48] PRINT [03/22 10:06:48 graph]: --- Testf1: 0.88966, Best Valacc: 0.89018 in epoch 186 --- 
[2023-03-22 10:06:48] PRINT [03/22 10:06:48 graph]: Epoch 70: get test acc score:  0.88966
[2023-03-22 10:06:48] PRINT [03/22 10:06:48 graph]: best_f1 0.8932 at epoch 59
[2023-03-22 10:06:48] PRINT [03/22 10:06:48 graph]: start epoch 71.
[2023-03-22 10:06:49] PRINT [03/22 10:06:49 graph]: # Epoch 71: train_loss: 0.4276 | lr: 0.000204
[2023-03-22 10:06:56] PRINT [03/22 10:06:56 graph]: --- Testf1: 0.89157, Best Valacc: 0.89455 in epoch 356 --- 
[2023-03-22 10:06:56] PRINT [03/22 10:06:56 graph]: Epoch 71: get test acc score:  0.89157
[2023-03-22 10:06:56] PRINT [03/22 10:06:56 graph]: best_f1 0.8932 at epoch 59
[2023-03-22 10:06:56] PRINT [03/22 10:06:56 graph]: start epoch 72.
[2023-03-22 10:06:56] PRINT [03/22 10:06:56 graph]: # Epoch 72: train_loss: 0.4281 | lr: 0.000204
[2023-03-22 10:07:03] PRINT [03/22 10:07:03 graph]: --- Testf1: 0.89347, Best Valacc: 0.89527 in epoch 283 --- 
[2023-03-22 10:07:03] PRINT [03/22 10:07:03 graph]: Epoch 72: get test acc score:  0.89347
[2023-03-22 10:07:03] PRINT [03/22 10:07:03 graph]: best_f1 0.89347 at epoch 72
[2023-03-22 10:07:03] PRINT [03/22 10:07:03 graph]: start epoch 73.
[2023-03-22 10:07:03] PRINT [03/22 10:07:03 graph]: # Epoch 73: train_loss: 0.4263 | lr: 0.000204
[2023-03-22 10:07:10] PRINT [03/22 10:07:10 graph]: --- Testf1: 0.89093, Best Valacc: 0.89091 in epoch 241 --- 
[2023-03-22 10:07:10] PRINT [03/22 10:07:10 graph]: Epoch 73: get test acc score:  0.89093
[2023-03-22 10:07:10] PRINT [03/22 10:07:10 graph]: best_f1 0.89347 at epoch 72
[2023-03-22 10:07:10] PRINT [03/22 10:07:10 graph]: start epoch 74.
[2023-03-22 10:07:10] PRINT [03/22 10:07:10 graph]: # Epoch 74: train_loss: 0.4272 | lr: 0.000204
[2023-03-22 10:07:18] PRINT [03/22 10:07:18 graph]: --- Testf1: 0.89575, Best Valacc: 0.89527 in epoch 212 --- 
[2023-03-22 10:07:18] PRINT [03/22 10:07:18 graph]: Epoch 74: get test acc score:  0.89575
[2023-03-22 10:07:18] PRINT [03/22 10:07:18 graph]: best_f1 0.89575 at epoch 74
[2023-03-22 10:07:18] PRINT [03/22 10:07:18 graph]: start epoch 75.
[2023-03-22 10:07:18] PRINT [03/22 10:07:18 graph]: # Epoch 75: train_loss: 0.4260 | lr: 0.000204
[2023-03-22 10:07:25] PRINT [03/22 10:07:25 graph]: --- Testf1: 0.89020, Best Valacc: 0.89236 in epoch 337 --- 
[2023-03-22 10:07:25] PRINT [03/22 10:07:25 graph]: Epoch 75: get test acc score:  0.89020
[2023-03-22 10:07:25] PRINT [03/22 10:07:25 graph]: best_f1 0.89575 at epoch 74
[2023-03-22 10:07:25] PRINT [03/22 10:07:25 graph]: start epoch 76.
[2023-03-22 10:07:25] PRINT [03/22 10:07:25 graph]: # Epoch 76: train_loss: 0.4260 | lr: 0.000204
[2023-03-22 10:07:33] PRINT [03/22 10:07:33 graph]: --- Testf1: 0.89393, Best Valacc: 0.88945 in epoch 260 --- 
[2023-03-22 10:07:33] PRINT [03/22 10:07:33 graph]: Epoch 76: get test acc score:  0.89393
[2023-03-22 10:07:33] PRINT [03/22 10:07:33 graph]: best_f1 0.89575 at epoch 74
[2023-03-22 10:07:33] PRINT [03/22 10:07:33 graph]: start epoch 77.
[2023-03-22 10:07:33] PRINT [03/22 10:07:33 graph]: # Epoch 77: train_loss: 0.4255 | lr: 0.000204
[2023-03-22 10:07:40] PRINT [03/22 10:07:40 graph]: --- Testf1: 0.89238, Best Valacc: 0.89091 in epoch 442 --- 
[2023-03-22 10:07:40] PRINT [03/22 10:07:40 graph]: Epoch 77: get test acc score:  0.89238
[2023-03-22 10:07:40] PRINT [03/22 10:07:40 graph]: best_f1 0.89575 at epoch 74
[2023-03-22 10:07:40] PRINT [03/22 10:07:40 graph]: start epoch 78.
[2023-03-22 10:07:40] PRINT [03/22 10:07:40 graph]: # Epoch 78: train_loss: 0.4238 | lr: 0.000204
[2023-03-22 10:07:48] PRINT [03/22 10:07:48 graph]: --- Testf1: 0.89175, Best Valacc: 0.89455 in epoch 424 --- 
[2023-03-22 10:07:48] PRINT [03/22 10:07:48 graph]: Epoch 78: get test acc score:  0.89175
[2023-03-22 10:07:48] PRINT [03/22 10:07:48 graph]: best_f1 0.89575 at epoch 74
[2023-03-22 10:07:48] PRINT [03/22 10:07:48 graph]: start epoch 79.
[2023-03-22 10:07:48] PRINT [03/22 10:07:48 graph]: # Epoch 79: train_loss: 0.4247 | lr: 0.000204
[2023-03-22 10:07:55] PRINT [03/22 10:07:55 graph]: --- Testf1: 0.89193, Best Valacc: 0.89164 in epoch 290 --- 
[2023-03-22 10:07:55] PRINT [03/22 10:07:55 graph]: Epoch 79: get test acc score:  0.89193
[2023-03-22 10:07:55] PRINT [03/22 10:07:55 graph]: best_f1 0.89575 at epoch 74
[2023-03-22 10:07:55] PRINT [03/22 10:07:55 graph]: start epoch 80.
[2023-03-22 10:07:55] PRINT [03/22 10:07:55 graph]: # Epoch 80: train_loss: 0.4228 | lr: 0.000204
[2023-03-22 10:08:02] PRINT [03/22 10:08:02 graph]: --- Testf1: 0.89602, Best Valacc: 0.89455 in epoch 263 --- 
[2023-03-22 10:08:02] PRINT [03/22 10:08:02 graph]: Epoch 80: get test acc score:  0.89602
[2023-03-22 10:08:02] PRINT [03/22 10:08:02 graph]: best_f1 0.89602 at epoch 80
[2023-03-22 10:08:02] PRINT [03/22 10:08:02 graph]: start epoch 81.
[2023-03-22 10:08:03] PRINT [03/22 10:08:03 graph]: # Epoch 81: train_loss: 0.4226 | lr: 0.000204
[2023-03-22 10:08:08] PRINT [03/22 10:08:08 graph]: --- Testf1: 0.89593, Best Valacc: 0.89382 in epoch 359 --- 
[2023-03-22 10:08:09] PRINT [03/22 10:08:09 graph]: Epoch 81: get test acc score:  0.89593
[2023-03-22 10:08:09] PRINT [03/22 10:08:09 graph]: best_f1 0.89602 at epoch 80
[2023-03-22 10:08:09] PRINT [03/22 10:08:09 graph]: start epoch 82.
[2023-03-22 10:08:09] PRINT [03/22 10:08:09 graph]: # Epoch 82: train_loss: 0.4223 | lr: 0.000204
[2023-03-22 10:08:14] PRINT [03/22 10:08:14 graph]: --- Testf1: 0.89466, Best Valacc: 0.89527 in epoch 365 --- 
[2023-03-22 10:08:15] PRINT [03/22 10:08:15 graph]: Epoch 82: get test acc score:  0.89466
[2023-03-22 10:08:15] PRINT [03/22 10:08:15 graph]: best_f1 0.89602 at epoch 80
[2023-03-22 10:08:15] PRINT [03/22 10:08:15 graph]: start epoch 83.
[2023-03-22 10:08:15] PRINT [03/22 10:08:15 graph]: # Epoch 83: train_loss: 0.4210 | lr: 0.000204
[2023-03-22 10:08:19] PRINT [03/22 10:08:19 graph]: --- Testf1: 0.89302, Best Valacc: 0.89309 in epoch 445 --- 
[2023-03-22 10:08:19] PRINT [03/22 10:08:19 graph]: Epoch 83: get test acc score:  0.89302
[2023-03-22 10:08:19] PRINT [03/22 10:08:19 graph]: best_f1 0.89602 at epoch 80
[2023-03-22 10:08:19] PRINT [03/22 10:08:19 graph]: start epoch 84.
[2023-03-22 10:08:19] PRINT [03/22 10:08:19 graph]: # Epoch 84: train_loss: 0.4212 | lr: 0.000204
[2023-03-22 10:08:26] PRINT [03/22 10:08:26 graph]: --- Testf1: 0.89402, Best Valacc: 0.89600 in epoch 350 --- 
[2023-03-22 10:08:26] PRINT [03/22 10:08:26 graph]: Epoch 84: get test acc score:  0.89402
[2023-03-22 10:08:26] PRINT [03/22 10:08:26 graph]: best_f1 0.89602 at epoch 80
[2023-03-22 10:08:26] PRINT [03/22 10:08:26 graph]: start epoch 85.
[2023-03-22 10:08:26] PRINT [03/22 10:08:26 graph]: # Epoch 85: train_loss: 0.4205 | lr: 0.000204
[2023-03-22 10:08:31] PRINT [03/22 10:08:31 graph]: --- Testf1: 0.89266, Best Valacc: 0.89309 in epoch 447 --- 
[2023-03-22 10:08:32] PRINT [03/22 10:08:32 graph]: Epoch 85: get test acc score:  0.89266
[2023-03-22 10:08:32] PRINT [03/22 10:08:32 graph]: best_f1 0.89602 at epoch 80
[2023-03-22 10:08:32] PRINT [03/22 10:08:32 graph]: start epoch 86.
[2023-03-22 10:08:32] PRINT [03/22 10:08:32 graph]: # Epoch 86: train_loss: 0.4200 | lr: 0.000204
[2023-03-22 10:08:40] PRINT [03/22 10:08:40 graph]: --- Testf1: 0.89529, Best Valacc: 0.89164 in epoch 200 --- 
[2023-03-22 10:08:40] PRINT [03/22 10:08:40 graph]: Epoch 86: get test acc score:  0.89529
[2023-03-22 10:08:40] PRINT [03/22 10:08:40 graph]: best_f1 0.89602 at epoch 80
[2023-03-22 10:08:40] PRINT [03/22 10:08:40 graph]: start epoch 87.
[2023-03-22 10:08:40] PRINT [03/22 10:08:40 graph]: # Epoch 87: train_loss: 0.4196 | lr: 0.000204
[2023-03-22 10:08:48] PRINT [03/22 10:08:48 graph]: --- Testf1: 0.89765, Best Valacc: 0.89382 in epoch 252 --- 
[2023-03-22 10:08:48] PRINT [03/22 10:08:48 graph]: Epoch 87: get test acc score:  0.89765
[2023-03-22 10:08:48] PRINT [03/22 10:08:48 graph]: best_f1 0.89765 at epoch 87
[2023-03-22 10:08:48] PRINT [03/22 10:08:48 graph]: start epoch 88.
[2023-03-22 10:08:48] PRINT [03/22 10:08:48 graph]: # Epoch 88: train_loss: 0.4193 | lr: 0.000204
[2023-03-22 10:08:55] PRINT [03/22 10:08:55 graph]: --- Testf1: 0.89284, Best Valacc: 0.89600 in epoch 223 --- 
[2023-03-22 10:08:55] PRINT [03/22 10:08:55 graph]: Epoch 88: get test acc score:  0.89284
[2023-03-22 10:08:55] PRINT [03/22 10:08:55 graph]: best_f1 0.89765 at epoch 87
[2023-03-22 10:08:55] PRINT [03/22 10:08:55 graph]: start epoch 89.
[2023-03-22 10:08:56] PRINT [03/22 10:08:56 graph]: # Epoch 89: train_loss: 0.4182 | lr: 0.000204
[2023-03-22 10:09:03] PRINT [03/22 10:09:03 graph]: --- Testf1: 0.89220, Best Valacc: 0.89309 in epoch 259 --- 
[2023-03-22 10:09:03] PRINT [03/22 10:09:03 graph]: Epoch 89: get test acc score:  0.89220
[2023-03-22 10:09:03] PRINT [03/22 10:09:03 graph]: best_f1 0.89765 at epoch 87
[2023-03-22 10:09:03] PRINT [03/22 10:09:03 graph]: start epoch 90.
[2023-03-22 10:09:03] PRINT [03/22 10:09:03 graph]: # Epoch 90: train_loss: 0.4193 | lr: 0.000204
[2023-03-22 10:09:10] PRINT [03/22 10:09:10 graph]: --- Testf1: 0.89211, Best Valacc: 0.89091 in epoch 187 --- 
[2023-03-22 10:09:11] PRINT [03/22 10:09:11 graph]: Epoch 90: get test acc score:  0.89211
[2023-03-22 10:09:11] PRINT [03/22 10:09:11 graph]: best_f1 0.89765 at epoch 87
[2023-03-22 10:09:11] PRINT [03/22 10:09:11 graph]: start epoch 91.
[2023-03-22 10:09:11] PRINT [03/22 10:09:11 graph]: # Epoch 91: train_loss: 0.4175 | lr: 0.000204
[2023-03-22 10:09:18] PRINT [03/22 10:09:18 graph]: --- Testf1: 0.89611, Best Valacc: 0.89309 in epoch 267 --- 
[2023-03-22 10:09:18] PRINT [03/22 10:09:18 graph]: Epoch 91: get test acc score:  0.89611
[2023-03-22 10:09:18] PRINT [03/22 10:09:18 graph]: best_f1 0.89765 at epoch 87
[2023-03-22 10:09:18] PRINT [03/22 10:09:18 graph]: start epoch 92.
[2023-03-22 10:09:18] PRINT [03/22 10:09:18 graph]: # Epoch 92: train_loss: 0.4186 | lr: 0.000204
[2023-03-22 10:09:25] PRINT [03/22 10:09:25 graph]: --- Testf1: 0.89338, Best Valacc: 0.89382 in epoch 244 --- 
[2023-03-22 10:09:26] PRINT [03/22 10:09:26 graph]: Epoch 92: get test acc score:  0.89338
[2023-03-22 10:09:26] PRINT [03/22 10:09:26 graph]: best_f1 0.89765 at epoch 87
[2023-03-22 10:09:26] PRINT [03/22 10:09:26 graph]: start epoch 93.
[2023-03-22 10:09:26] PRINT [03/22 10:09:26 graph]: # Epoch 93: train_loss: 0.4170 | lr: 0.000204
[2023-03-22 10:09:33] PRINT [03/22 10:09:33 graph]: --- Testf1: 0.89493, Best Valacc: 0.89164 in epoch 382 --- 
[2023-03-22 10:09:33] PRINT [03/22 10:09:33 graph]: Epoch 93: get test acc score:  0.89493
[2023-03-22 10:09:33] PRINT [03/22 10:09:33 graph]: best_f1 0.89765 at epoch 87
[2023-03-22 10:09:33] PRINT [03/22 10:09:33 graph]: start epoch 94.
[2023-03-22 10:09:33] PRINT [03/22 10:09:33 graph]: # Epoch 94: train_loss: 0.4165 | lr: 0.000204
[2023-03-22 10:09:40] PRINT [03/22 10:09:40 graph]: --- Testf1: 0.89184, Best Valacc: 0.89455 in epoch 453 --- 
[2023-03-22 10:09:40] PRINT [03/22 10:09:40 graph]: Epoch 94: get test acc score:  0.89184
[2023-03-22 10:09:40] PRINT [03/22 10:09:40 graph]: best_f1 0.89765 at epoch 87
[2023-03-22 10:09:40] PRINT [03/22 10:09:40 graph]: start epoch 95.
[2023-03-22 10:09:40] PRINT [03/22 10:09:40 graph]: # Epoch 95: train_loss: 0.4164 | lr: 0.000204
[2023-03-22 10:09:48] PRINT [03/22 10:09:48 graph]: --- Testf1: 0.89238, Best Valacc: 0.89236 in epoch 272 --- 
[2023-03-22 10:09:48] PRINT [03/22 10:09:48 graph]: Epoch 95: get test acc score:  0.89238
[2023-03-22 10:09:48] PRINT [03/22 10:09:48 graph]: best_f1 0.89765 at epoch 87
[2023-03-22 10:09:48] PRINT [03/22 10:09:48 graph]: start epoch 96.
[2023-03-22 10:09:48] PRINT [03/22 10:09:48 graph]: # Epoch 96: train_loss: 0.4161 | lr: 0.000204
[2023-03-22 10:09:55] PRINT [03/22 10:09:55 graph]: --- Testf1: 0.89411, Best Valacc: 0.89164 in epoch 394 --- 
[2023-03-22 10:09:55] PRINT [03/22 10:09:55 graph]: Epoch 96: get test acc score:  0.89411
[2023-03-22 10:09:55] PRINT [03/22 10:09:55 graph]: best_f1 0.89765 at epoch 87
[2023-03-22 10:09:55] PRINT [03/22 10:09:55 graph]: start epoch 97.
[2023-03-22 10:09:55] PRINT [03/22 10:09:55 graph]: # Epoch 97: train_loss: 0.4152 | lr: 0.000204
[2023-03-22 10:10:02] PRINT [03/22 10:10:02 graph]: --- Testf1: 0.89420, Best Valacc: 0.89745 in epoch 318 --- 
[2023-03-22 10:10:03] PRINT [03/22 10:10:03 graph]: Epoch 97: get test acc score:  0.89420
[2023-03-22 10:10:03] PRINT [03/22 10:10:03 graph]: best_f1 0.89765 at epoch 87
[2023-03-22 10:10:03] PRINT [03/22 10:10:03 graph]: start epoch 98.
[2023-03-22 10:10:03] PRINT [03/22 10:10:03 graph]: # Epoch 98: train_loss: 0.4153 | lr: 0.000204
[2023-03-22 10:10:10] PRINT [03/22 10:10:10 graph]: --- Testf1: 0.89229, Best Valacc: 0.89091 in epoch 195 --- 
[2023-03-22 10:10:10] PRINT [03/22 10:10:10 graph]: Epoch 98: get test acc score:  0.89229
[2023-03-22 10:10:10] PRINT [03/22 10:10:10 graph]: best_f1 0.89765 at epoch 87
[2023-03-22 10:10:10] PRINT [03/22 10:10:10 graph]: start epoch 99.
[2023-03-22 10:10:10] PRINT [03/22 10:10:10 graph]: # Epoch 99: train_loss: 0.4151 | lr: 0.000204
[2023-03-22 10:10:17] PRINT [03/22 10:10:17 graph]: --- Testf1: 0.89656, Best Valacc: 0.89600 in epoch 401 --- 
[2023-03-22 10:10:18] PRINT [03/22 10:10:18 graph]: Epoch 99: get test acc score:  0.89656
[2023-03-22 10:10:18] PRINT [03/22 10:10:18 graph]: best_f1 0.89765 at epoch 87
[2023-03-22 10:10:18] PRINT [03/22 10:10:18 graph]: # final_acc: 0.89765±0.00000
