[2023-03-22 00:11:20] PRINT ---new cfg------
[2023-03-22 00:11:20] PRINT {'DATA': {'data_name': 'comp'}, 'DATALOADER': {'NUM_WORKERS': 0}, 'MODEL': {'num_hidden': 512, 'num_layers': 2, 'nhead': 2, 'activation': 'prelu', 'attn_drop': 0.4, 'feat_drop': 0.30000000000000004, 'norm': 'layernorm', 'pooler': 'mean', 'beta_schedule': 'linear', 'beta_1': 0.0009704163842103079, 'beta_T': 0.06743388406208535, 'T': 453}, 'SOLVER': {'optim_type': 'adam', 'optim_type_f': 'adamw', 'alpha': 1, 'decay': 10, 'LR': 0.0004388963623546035, 'LR_f': 0.1265869900207409, 'weight_decay': 0, 'weight_decay_f': 2.0387594946639307e-05, 'MAX_EPOCH': 100, 'max_epoch_f': 500}, 'DEVICE': 'cuda', 'seeds': [0], 'eval_T': [50, 100, 200], 'output_dir': '/ddm-nni/AmazonCoBuyComputerDataset¶/log', 'checkpoint_dir': '/ddm-nni/AmazonCoBuyComputerDataset¶/log/checkpoint'}
[2023-03-22 00:11:20] PRINT [03/22 00:11:20 graph]: Rank of current process: 0. World size: 1
[2023-03-22 00:11:23] PRINT [03/22 00:11:23 graph]: Environment info:
[2023-03-22 00:11:23] PRINT PyTorch version: 1.10.0+cu113
[2023-03-22 00:11:23] PRINT Is debug build: False
[2023-03-22 00:11:23] PRINT CUDA used to build PyTorch: 11.3
[2023-03-22 00:11:23] PRINT ROCM used to build PyTorch: N/A
[2023-03-22 00:11:23] PRINT 
[2023-03-22 00:11:23] PRINT OS: Ubuntu 20.04.3 LTS (x86_64)
[2023-03-22 00:11:23] PRINT GCC version: (Ubuntu 9.3.0-17ubuntu1~20.04) 9.3.0
[2023-03-22 00:11:23] PRINT Clang version: Could not collect
[2023-03-22 00:11:23] PRINT CMake version: version 3.16.3
[2023-03-22 00:11:23] PRINT Libc version: glibc-2.31
[2023-03-22 00:11:23] PRINT 
[2023-03-22 00:11:23] PRINT Python version: 3.8.10 (default, Jun  4 2021, 15:09:15)  [GCC 7.5.0] (64-bit runtime)
[2023-03-22 00:11:23] PRINT Python platform: Linux-5.4.0-90-generic-x86_64-with-glibc2.17
[2023-03-22 00:11:23] PRINT Is CUDA available: True
[2023-03-22 00:11:23] PRINT CUDA runtime version: 11.3.109
[2023-03-22 00:11:23] PRINT GPU models and configuration: GPU 0: NVIDIA GeForce RTX 3090
[2023-03-22 00:11:23] PRINT Nvidia driver version: 495.44
[2023-03-22 00:11:23] PRINT cuDNN version: Probably one of the following:
[2023-03-22 00:11:23] PRINT /usr/lib/x86_64-linux-gnu/libcudnn.so.8.2.0
[2023-03-22 00:11:23] PRINT /usr/lib/x86_64-linux-gnu/libcudnn_adv_infer.so.8.2.0
[2023-03-22 00:11:23] PRINT /usr/lib/x86_64-linux-gnu/libcudnn_adv_train.so.8.2.0
[2023-03-22 00:11:23] PRINT /usr/lib/x86_64-linux-gnu/libcudnn_cnn_infer.so.8.2.0
[2023-03-22 00:11:23] PRINT /usr/lib/x86_64-linux-gnu/libcudnn_cnn_train.so.8.2.0
[2023-03-22 00:11:23] PRINT /usr/lib/x86_64-linux-gnu/libcudnn_ops_infer.so.8.2.0
[2023-03-22 00:11:23] PRINT /usr/lib/x86_64-linux-gnu/libcudnn_ops_train.so.8.2.0
[2023-03-22 00:11:23] PRINT HIP runtime version: N/A
[2023-03-22 00:11:23] PRINT MIOpen runtime version: N/A
[2023-03-22 00:11:23] PRINT 
[2023-03-22 00:11:23] PRINT Versions of relevant libraries:
[2023-03-22 00:11:23] PRINT [pip3] numpy==1.23.5
[2023-03-22 00:11:23] PRINT [pip3] torch==1.10.0+cu113
[2023-03-22 00:11:23] PRINT [pip3] torchvision==0.11.1+cu113
[2023-03-22 00:11:23] PRINT [conda] blas                      1.0                         mkl    https://mirrors.ustc.edu.cn/anaconda/pkgs/main
[2023-03-22 00:11:23] PRINT [conda] mkl                       2021.4.0           h06a4308_640    https://mirrors.ustc.edu.cn/anaconda/pkgs/main
[2023-03-22 00:11:23] PRINT [conda] mkl-service               2.4.0            py38h7f8727e_0    https://mirrors.ustc.edu.cn/anaconda/pkgs/main
[2023-03-22 00:11:23] PRINT [conda] mkl_fft                   1.3.1            py38hd3c417c_0    https://mirrors.ustc.edu.cn/anaconda/pkgs/main
[2023-03-22 00:11:23] PRINT [conda] mkl_random                1.2.2            py38h51133e4_0    https://mirrors.ustc.edu.cn/anaconda/pkgs/main
[2023-03-22 00:11:23] PRINT [conda] numpy                     1.21.4                   pypi_0    pypi
[2023-03-22 00:11:23] PRINT [conda] numpy-base                1.23.5           py38h31eccc5_0    https://mirrors.ustc.edu.cn/anaconda/pkgs/main
[2023-03-22 00:11:23] PRINT [conda] torch                     1.10.0+cu113             pypi_0    pypi
[2023-03-22 00:11:23] PRINT [conda] torchvision               0.11.1+cu113             pypi_0    pypi
[2023-03-22 00:11:23] PRINT         Pillow (8.4.0)
[2023-03-22 00:11:23] PRINT [03/22 00:11:23 graph]: Command line arguments: Namespace(local_rank=0, resume=False, seed=1234, start_epoch=0)
[2023-03-22 00:11:23] PRINT [03/22 00:11:23 graph]: Run 0th for seed 0
[2023-03-22 00:11:23] PRINT [03/22 00:11:23 graph]: Total trainable params num : 7912963
[2023-03-22 00:11:28] PRINT [03/22 00:11:28 graph]: ----------Start Training----------
[2023-03-22 00:11:28] PRINT [03/22 00:11:28 graph]: start epoch 0.
[2023-03-22 00:11:29] PRINT [03/22 00:11:29 graph]: # Epoch 0: train_loss: 1.0208 | lr: 0.000439
[2023-03-22 00:11:29] PRINT [03/22 00:11:29 graph]: start epoch 1.
[2023-03-22 00:11:29] PRINT [03/22 00:11:29 graph]: # Epoch 1: train_loss: 0.8532 | lr: 0.000439
[2023-03-22 00:11:29] PRINT [03/22 00:11:29 graph]: start epoch 2.
[2023-03-22 00:11:29] PRINT [03/22 00:11:29 graph]: # Epoch 2: train_loss: 0.7136 | lr: 0.000439
[2023-03-22 00:11:29] PRINT [03/22 00:11:29 graph]: start epoch 3.
[2023-03-22 00:11:29] PRINT [03/22 00:11:29 graph]: # Epoch 3: train_loss: 0.6473 | lr: 0.000439
[2023-03-22 00:11:29] PRINT [03/22 00:11:29 graph]: start epoch 4.
[2023-03-22 00:11:29] PRINT [03/22 00:11:29 graph]: # Epoch 4: train_loss: 0.6136 | lr: 0.000439
[2023-03-22 00:11:29] PRINT [03/22 00:11:29 graph]: start epoch 5.
[2023-03-22 00:11:29] PRINT [03/22 00:11:29 graph]: # Epoch 5: train_loss: 0.5963 | lr: 0.000439
[2023-03-22 00:11:29] PRINT [03/22 00:11:29 graph]: start epoch 6.
[2023-03-22 00:11:29] PRINT [03/22 00:11:29 graph]: # Epoch 6: train_loss: 0.5859 | lr: 0.000439
[2023-03-22 00:11:29] PRINT [03/22 00:11:29 graph]: start epoch 7.
[2023-03-22 00:11:29] PRINT [03/22 00:11:29 graph]: # Epoch 7: train_loss: 0.5796 | lr: 0.000439
[2023-03-22 00:11:29] PRINT [03/22 00:11:29 graph]: start epoch 8.
[2023-03-22 00:11:29] PRINT [03/22 00:11:29 graph]: # Epoch 8: train_loss: 0.5751 | lr: 0.000439
[2023-03-22 00:11:29] PRINT [03/22 00:11:29 graph]: start epoch 9.
[2023-03-22 00:11:29] PRINT [03/22 00:11:29 graph]: # Epoch 9: train_loss: 0.5712 | lr: 0.000439
[2023-03-22 00:11:29] PRINT [03/22 00:11:29 graph]: start epoch 10.
[2023-03-22 00:11:29] PRINT [03/22 00:11:29 graph]: # Epoch 10: train_loss: 0.5674 | lr: 0.000439
[2023-03-22 00:11:29] PRINT [03/22 00:11:29 graph]: start epoch 11.
[2023-03-22 00:11:30] PRINT [03/22 00:11:30 graph]: # Epoch 11: train_loss: 0.5638 | lr: 0.000439
[2023-03-22 00:11:30] PRINT [03/22 00:11:30 graph]: start epoch 12.
[2023-03-22 00:11:30] PRINT [03/22 00:11:30 graph]: # Epoch 12: train_loss: 0.5605 | lr: 0.000439
[2023-03-22 00:11:30] PRINT [03/22 00:11:30 graph]: start epoch 13.
[2023-03-22 00:11:30] PRINT [03/22 00:11:30 graph]: # Epoch 13: train_loss: 0.5579 | lr: 0.000439
[2023-03-22 00:11:30] PRINT [03/22 00:11:30 graph]: start epoch 14.
[2023-03-22 00:11:30] PRINT [03/22 00:11:30 graph]: # Epoch 14: train_loss: 0.5553 | lr: 0.000439
[2023-03-22 00:11:30] PRINT [03/22 00:11:30 graph]: start epoch 15.
[2023-03-22 00:11:30] PRINT [03/22 00:11:30 graph]: # Epoch 15: train_loss: 0.5536 | lr: 0.000439
[2023-03-22 00:11:30] PRINT [03/22 00:11:30 graph]: start epoch 16.
[2023-03-22 00:11:30] PRINT [03/22 00:11:30 graph]: # Epoch 16: train_loss: 0.5521 | lr: 0.000439
[2023-03-22 00:11:30] PRINT [03/22 00:11:30 graph]: start epoch 17.
[2023-03-22 00:11:30] PRINT [03/22 00:11:30 graph]: # Epoch 17: train_loss: 0.5511 | lr: 0.000439
[2023-03-22 00:11:30] PRINT [03/22 00:11:30 graph]: start epoch 18.
[2023-03-22 00:11:30] PRINT [03/22 00:11:30 graph]: # Epoch 18: train_loss: 0.5502 | lr: 0.000439
[2023-03-22 00:11:30] PRINT [03/22 00:11:30 graph]: start epoch 19.
[2023-03-22 00:11:30] PRINT [03/22 00:11:30 graph]: # Epoch 19: train_loss: 0.5495 | lr: 0.000439
[2023-03-22 00:11:30] PRINT [03/22 00:11:30 graph]: start epoch 20.
[2023-03-22 00:11:30] PRINT [03/22 00:11:30 graph]: # Epoch 20: train_loss: 0.5490 | lr: 0.000439
[2023-03-22 00:11:30] PRINT [03/22 00:11:30 graph]: start epoch 21.
[2023-03-22 00:11:30] PRINT [03/22 00:11:30 graph]: # Epoch 21: train_loss: 0.5484 | lr: 0.000439
[2023-03-22 00:11:30] PRINT [03/22 00:11:30 graph]: start epoch 22.
[2023-03-22 00:11:30] PRINT [03/22 00:11:30 graph]: # Epoch 22: train_loss: 0.5478 | lr: 0.000439
[2023-03-22 00:11:30] PRINT [03/22 00:11:30 graph]: start epoch 23.
[2023-03-22 00:11:30] PRINT [03/22 00:11:30 graph]: # Epoch 23: train_loss: 0.5476 | lr: 0.000439
[2023-03-22 00:11:30] PRINT [03/22 00:11:30 graph]: start epoch 24.
[2023-03-22 00:11:31] PRINT [03/22 00:11:31 graph]: # Epoch 24: train_loss: 0.5472 | lr: 0.000439
[2023-03-22 00:11:31] PRINT [03/22 00:11:31 graph]: start epoch 25.
[2023-03-22 00:11:31] PRINT [03/22 00:11:31 graph]: # Epoch 25: train_loss: 0.5470 | lr: 0.000439
[2023-03-22 00:11:31] PRINT [03/22 00:11:31 graph]: start epoch 26.
[2023-03-22 00:11:31] PRINT [03/22 00:11:31 graph]: # Epoch 26: train_loss: 0.5466 | lr: 0.000439
[2023-03-22 00:11:31] PRINT [03/22 00:11:31 graph]: start epoch 27.
[2023-03-22 00:11:31] PRINT [03/22 00:11:31 graph]: # Epoch 27: train_loss: 0.5463 | lr: 0.000439
[2023-03-22 00:11:31] PRINT [03/22 00:11:31 graph]: start epoch 28.
[2023-03-22 00:11:31] PRINT [03/22 00:11:31 graph]: # Epoch 28: train_loss: 0.5459 | lr: 0.000439
[2023-03-22 00:11:31] PRINT [03/22 00:11:31 graph]: start epoch 29.
[2023-03-22 00:11:31] PRINT [03/22 00:11:31 graph]: # Epoch 29: train_loss: 0.5457 | lr: 0.000439
[2023-03-22 00:11:31] PRINT [03/22 00:11:31 graph]: start epoch 30.
[2023-03-22 00:11:31] PRINT [03/22 00:11:31 graph]: # Epoch 30: train_loss: 0.5455 | lr: 0.000439
[2023-03-22 00:11:31] PRINT [03/22 00:11:31 graph]: start epoch 31.
[2023-03-22 00:11:31] PRINT [03/22 00:11:31 graph]: # Epoch 31: train_loss: 0.5454 | lr: 0.000439
[2023-03-22 00:11:31] PRINT [03/22 00:11:31 graph]: start epoch 32.
[2023-03-22 00:11:31] PRINT [03/22 00:11:31 graph]: # Epoch 32: train_loss: 0.5454 | lr: 0.000439
[2023-03-22 00:11:31] PRINT [03/22 00:11:31 graph]: start epoch 33.
[2023-03-22 00:11:31] PRINT [03/22 00:11:31 graph]: # Epoch 33: train_loss: 0.5452 | lr: 0.000439
[2023-03-22 00:11:31] PRINT [03/22 00:11:31 graph]: start epoch 34.
[2023-03-22 00:11:31] PRINT [03/22 00:11:31 graph]: # Epoch 34: train_loss: 0.5451 | lr: 0.000439
[2023-03-22 00:11:31] PRINT [03/22 00:11:31 graph]: start epoch 35.
[2023-03-22 00:11:31] PRINT [03/22 00:11:31 graph]: # Epoch 35: train_loss: 0.5451 | lr: 0.000439
[2023-03-22 00:11:31] PRINT [03/22 00:11:31 graph]: start epoch 36.
[2023-03-22 00:11:31] PRINT [03/22 00:11:31 graph]: # Epoch 36: train_loss: 0.5451 | lr: 0.000439
[2023-03-22 00:11:31] PRINT [03/22 00:11:31 graph]: start epoch 37.
[2023-03-22 00:11:31] PRINT [03/22 00:11:31 graph]: # Epoch 37: train_loss: 0.5449 | lr: 0.000439
[2023-03-22 00:11:31] PRINT [03/22 00:11:31 graph]: start epoch 38.
[2023-03-22 00:11:32] PRINT [03/22 00:11:32 graph]: # Epoch 38: train_loss: 0.5447 | lr: 0.000439
[2023-03-22 00:11:32] PRINT [03/22 00:11:32 graph]: start epoch 39.
[2023-03-22 00:11:32] PRINT [03/22 00:11:32 graph]: # Epoch 39: train_loss: 0.5448 | lr: 0.000439
[2023-03-22 00:11:32] PRINT [03/22 00:11:32 graph]: start epoch 40.
[2023-03-22 00:11:32] PRINT [03/22 00:11:32 graph]: # Epoch 40: train_loss: 0.5447 | lr: 0.000439
[2023-03-22 00:11:32] PRINT [03/22 00:11:32 graph]: start epoch 41.
[2023-03-22 00:11:32] PRINT [03/22 00:11:32 graph]: # Epoch 41: train_loss: 0.5446 | lr: 0.000439
[2023-03-22 00:11:32] PRINT [03/22 00:11:32 graph]: start epoch 42.
[2023-03-22 00:11:32] PRINT [03/22 00:11:32 graph]: # Epoch 42: train_loss: 0.5444 | lr: 0.000439
[2023-03-22 00:11:32] PRINT [03/22 00:11:32 graph]: start epoch 43.
[2023-03-22 00:11:32] PRINT [03/22 00:11:32 graph]: # Epoch 43: train_loss: 0.5444 | lr: 0.000439
[2023-03-22 00:11:32] PRINT [03/22 00:11:32 graph]: start epoch 44.
[2023-03-22 00:11:32] PRINT [03/22 00:11:32 graph]: # Epoch 44: train_loss: 0.5444 | lr: 0.000439
[2023-03-22 00:11:32] PRINT [03/22 00:11:32 graph]: start epoch 45.
[2023-03-22 00:11:32] PRINT [03/22 00:11:32 graph]: # Epoch 45: train_loss: 0.5442 | lr: 0.000439
[2023-03-22 00:11:32] PRINT [03/22 00:11:32 graph]: start epoch 46.
[2023-03-22 00:11:32] PRINT [03/22 00:11:32 graph]: # Epoch 46: train_loss: 0.5440 | lr: 0.000439
[2023-03-22 00:11:32] PRINT [03/22 00:11:32 graph]: start epoch 47.
[2023-03-22 00:11:32] PRINT [03/22 00:11:32 graph]: # Epoch 47: train_loss: 0.5439 | lr: 0.000439
[2023-03-22 00:11:32] PRINT [03/22 00:11:32 graph]: start epoch 48.
[2023-03-22 00:11:32] PRINT [03/22 00:11:32 graph]: # Epoch 48: train_loss: 0.5436 | lr: 0.000439
[2023-03-22 00:11:32] PRINT [03/22 00:11:32 graph]: start epoch 49.
[2023-03-22 00:11:32] PRINT [03/22 00:11:32 graph]: # Epoch 49: train_loss: 0.5434 | lr: 0.000439
[2023-03-22 00:11:32] PRINT [03/22 00:11:32 graph]: start epoch 50.
[2023-03-22 00:11:32] PRINT [03/22 00:11:32 graph]: # Epoch 50: train_loss: 0.5431 | lr: 0.000439
[2023-03-22 00:11:32] PRINT [03/22 00:11:32 graph]: start epoch 51.
[2023-03-22 00:11:33] PRINT [03/22 00:11:33 graph]: # Epoch 51: train_loss: 0.5427 | lr: 0.000439
[2023-03-22 00:11:39] PRINT [03/22 00:11:39 graph]: --- Testf1: 0.85848, Best Valacc: 0.86691 in epoch 465 --- 
[2023-03-22 00:11:40] PRINT [03/22 00:11:40 graph]: Epoch 51: get test acc score:  0.85848
[2023-03-22 00:11:40] PRINT [03/22 00:11:40 graph]: best_f1 0.85848 at epoch 51
[2023-03-22 00:11:40] PRINT [03/22 00:11:40 graph]: start epoch 52.
[2023-03-22 00:11:40] PRINT [03/22 00:11:40 graph]: # Epoch 52: train_loss: 0.5418 | lr: 0.000439
[2023-03-22 00:11:47] PRINT [03/22 00:11:47 graph]: --- Testf1: 0.86484, Best Valacc: 0.87055 in epoch 406 --- 
[2023-03-22 00:11:47] PRINT [03/22 00:11:47 graph]: Epoch 52: get test acc score:  0.86484
[2023-03-22 00:11:47] PRINT [03/22 00:11:47 graph]: best_f1 0.86484 at epoch 52
[2023-03-22 00:11:47] PRINT [03/22 00:11:47 graph]: start epoch 53.
[2023-03-22 00:11:47] PRINT [03/22 00:11:47 graph]: # Epoch 53: train_loss: 0.7067 | lr: 0.000439
[2023-03-22 00:11:54] PRINT [03/22 00:11:54 graph]: --- Testf1: 0.79040, Best Valacc: 0.76655 in epoch 449 --- 
[2023-03-22 00:11:54] PRINT [03/22 00:11:54 graph]: Epoch 53: get test acc score:  0.79040
[2023-03-22 00:11:54] PRINT [03/22 00:11:54 graph]: best_f1 0.86484 at epoch 52
[2023-03-22 00:11:54] PRINT [03/22 00:11:54 graph]: start epoch 54.
[2023-03-22 00:11:55] PRINT [03/22 00:11:55 graph]: # Epoch 54: train_loss: 0.5467 | lr: 0.000439
[2023-03-22 00:12:02] PRINT [03/22 00:12:02 graph]: --- Testf1: 0.75423, Best Valacc: 0.74836 in epoch 490 --- 
[2023-03-22 00:12:02] PRINT [03/22 00:12:02 graph]: Epoch 54: get test acc score:  0.75423
[2023-03-22 00:12:02] PRINT [03/22 00:12:02 graph]: best_f1 0.86484 at epoch 52
[2023-03-22 00:12:02] PRINT [03/22 00:12:02 graph]: start epoch 55.
[2023-03-22 00:12:02] PRINT [03/22 00:12:02 graph]: # Epoch 55: train_loss: 0.5477 | lr: 0.000439
[2023-03-22 00:12:09] PRINT [03/22 00:12:09 graph]: --- Testf1: 0.73223, Best Valacc: 0.71782 in epoch 484 --- 
[2023-03-22 00:12:09] PRINT [03/22 00:12:09 graph]: Epoch 55: get test acc score:  0.73223
[2023-03-22 00:12:09] PRINT [03/22 00:12:09 graph]: best_f1 0.86484 at epoch 52
[2023-03-22 00:12:09] PRINT [03/22 00:12:09 graph]: start epoch 56.
[2023-03-22 00:12:09] PRINT [03/22 00:12:09 graph]: # Epoch 56: train_loss: 0.5473 | lr: 0.000439
[2023-03-22 00:12:16] PRINT [03/22 00:12:16 graph]: --- Testf1: 0.68842, Best Valacc: 0.69309 in epoch 497 --- 
[2023-03-22 00:12:17] PRINT [03/22 00:12:17 graph]: Epoch 56: get test acc score:  0.68842
[2023-03-22 00:12:17] PRINT [03/22 00:12:17 graph]: best_f1 0.86484 at epoch 52
[2023-03-22 00:12:17] PRINT [03/22 00:12:17 graph]: start epoch 57.
[2023-03-22 00:12:17] PRINT [03/22 00:12:17 graph]: # Epoch 57: train_loss: 0.5468 | lr: 0.000439
[2023-03-22 00:12:24] PRINT [03/22 00:12:24 graph]: --- Testf1: 0.69433, Best Valacc: 0.68509 in epoch 464 --- 
[2023-03-22 00:12:24] PRINT [03/22 00:12:24 graph]: Epoch 57: get test acc score:  0.69433
[2023-03-22 00:12:24] PRINT [03/22 00:12:24 graph]: best_f1 0.86484 at epoch 52
[2023-03-22 00:12:24] PRINT [03/22 00:12:24 graph]: start epoch 58.
[2023-03-22 00:12:24] PRINT [03/22 00:12:24 graph]: # Epoch 58: train_loss: 0.5463 | lr: 0.000439
[2023-03-22 00:12:32] PRINT [03/22 00:12:32 graph]: --- Testf1: 0.69315, Best Valacc: 0.66691 in epoch 434 --- 
[2023-03-22 00:12:32] PRINT [03/22 00:12:32 graph]: Epoch 58: get test acc score:  0.69315
[2023-03-22 00:12:32] PRINT [03/22 00:12:32 graph]: best_f1 0.86484 at epoch 52
[2023-03-22 00:12:32] PRINT [03/22 00:12:32 graph]: start epoch 59.
[2023-03-22 00:12:32] PRINT [03/22 00:12:32 graph]: # Epoch 59: train_loss: 0.5465 | lr: 0.000439
[2023-03-22 00:12:39] PRINT [03/22 00:12:39 graph]: --- Testf1: 0.66751, Best Valacc: 0.63855 in epoch 467 --- 
[2023-03-22 00:12:39] PRINT [03/22 00:12:39 graph]: Epoch 59: get test acc score:  0.66751
[2023-03-22 00:12:39] PRINT [03/22 00:12:39 graph]: best_f1 0.86484 at epoch 52
[2023-03-22 00:12:39] PRINT [03/22 00:12:39 graph]: start epoch 60.
[2023-03-22 00:12:39] PRINT [03/22 00:12:39 graph]: # Epoch 60: train_loss: 0.5467 | lr: 0.000439
[2023-03-22 00:12:47] PRINT [03/22 00:12:47 graph]: --- Testf1: 0.67570, Best Valacc: 0.62618 in epoch 490 --- 
[2023-03-22 00:12:47] PRINT [03/22 00:12:47 graph]: Epoch 60: get test acc score:  0.67570
[2023-03-22 00:12:47] PRINT [03/22 00:12:47 graph]: best_f1 0.86484 at epoch 52
[2023-03-22 00:12:47] PRINT [03/22 00:12:47 graph]: start epoch 61.
[2023-03-22 00:12:47] PRINT [03/22 00:12:47 graph]: # Epoch 61: train_loss: 0.5467 | lr: 0.000439
[2023-03-22 00:12:54] PRINT [03/22 00:12:54 graph]: --- Testf1: 0.66061, Best Valacc: 0.61309 in epoch 451 --- 
[2023-03-22 00:12:54] PRINT [03/22 00:12:54 graph]: Epoch 61: get test acc score:  0.66061
[2023-03-22 00:12:54] PRINT [03/22 00:12:54 graph]: best_f1 0.86484 at epoch 52
[2023-03-22 00:12:54] PRINT [03/22 00:12:54 graph]: start epoch 62.
[2023-03-22 00:12:55] PRINT [03/22 00:12:55 graph]: # Epoch 62: train_loss: 0.5462 | lr: 0.000439
[2023-03-22 00:13:02] PRINT [03/22 00:13:02 graph]: --- Testf1: 0.63089, Best Valacc: 0.58109 in epoch 435 --- 
[2023-03-22 00:13:02] PRINT [03/22 00:13:02 graph]: Epoch 62: get test acc score:  0.63089
[2023-03-22 00:13:02] PRINT [03/22 00:13:02 graph]: best_f1 0.86484 at epoch 52
[2023-03-22 00:13:02] PRINT [03/22 00:13:02 graph]: start epoch 63.
[2023-03-22 00:13:02] PRINT [03/22 00:13:02 graph]: # Epoch 63: train_loss: 0.5465 | lr: 0.000439
[2023-03-22 00:13:09] PRINT [03/22 00:13:09 graph]: --- Testf1: 0.64815, Best Valacc: 0.61091 in epoch 167 --- 
[2023-03-22 00:13:10] PRINT [03/22 00:13:10 graph]: Epoch 63: get test acc score:  0.64815
[2023-03-22 00:13:10] PRINT [03/22 00:13:10 graph]: best_f1 0.86484 at epoch 52
[2023-03-22 00:13:10] PRINT [03/22 00:13:10 graph]: start epoch 64.
[2023-03-22 00:13:10] PRINT [03/22 00:13:10 graph]: # Epoch 64: train_loss: 0.5465 | lr: 0.000439
[2023-03-22 00:13:15] PRINT [03/22 00:13:15 graph]: --- Testf1: 0.64279, Best Valacc: 0.58982 in epoch 416 --- 
[2023-03-22 00:13:15] PRINT [03/22 00:13:15 graph]: Epoch 64: get test acc score:  0.64279
[2023-03-22 00:13:15] PRINT [03/22 00:13:15 graph]: best_f1 0.86484 at epoch 52
[2023-03-22 00:13:15] PRINT [03/22 00:13:15 graph]: start epoch 65.
[2023-03-22 00:13:16] PRINT [03/22 00:13:16 graph]: # Epoch 65: train_loss: 0.5464 | lr: 0.000439
[2023-03-22 00:13:21] PRINT [03/22 00:13:21 graph]: --- Testf1: 0.65379, Best Valacc: 0.59782 in epoch 407 --- 
[2023-03-22 00:13:21] PRINT [03/22 00:13:21 graph]: Epoch 65: get test acc score:  0.65379
[2023-03-22 00:13:21] PRINT [03/22 00:13:21 graph]: best_f1 0.86484 at epoch 52
[2023-03-22 00:13:21] PRINT [03/22 00:13:21 graph]: start epoch 66.
[2023-03-22 00:13:21] PRINT [03/22 00:13:21 graph]: # Epoch 66: train_loss: 0.5463 | lr: 0.000439
[2023-03-22 00:13:27] PRINT [03/22 00:13:27 graph]: --- Testf1: 0.64461, Best Valacc: 0.61091 in epoch 437 --- 
[2023-03-22 00:13:27] PRINT [03/22 00:13:27 graph]: Epoch 66: get test acc score:  0.64461
[2023-03-22 00:13:27] PRINT [03/22 00:13:27 graph]: best_f1 0.86484 at epoch 52
[2023-03-22 00:13:27] PRINT [03/22 00:13:27 graph]: start epoch 67.
[2023-03-22 00:13:27] PRINT [03/22 00:13:27 graph]: # Epoch 67: train_loss: 0.5459 | lr: 0.000439
[2023-03-22 00:13:36] PRINT [03/22 00:13:36 graph]: --- Testf1: 0.61134, Best Valacc: 0.58036 in epoch 497 --- 
[2023-03-22 00:13:37] PRINT [03/22 00:13:37 graph]: Epoch 67: get test acc score:  0.61134
[2023-03-22 00:13:37] PRINT [03/22 00:13:37 graph]: best_f1 0.86484 at epoch 52
[2023-03-22 00:13:37] PRINT [03/22 00:13:37 graph]: start epoch 68.
[2023-03-22 00:13:37] PRINT [03/22 00:13:37 graph]: # Epoch 68: train_loss: 0.5460 | lr: 0.000439
[2023-03-22 00:13:44] PRINT [03/22 00:13:44 graph]: --- Testf1: 0.60807, Best Valacc: 0.59345 in epoch 495 --- 
[2023-03-22 00:13:44] PRINT [03/22 00:13:44 graph]: Epoch 68: get test acc score:  0.60807
[2023-03-22 00:13:44] PRINT [03/22 00:13:44 graph]: best_f1 0.86484 at epoch 52
[2023-03-22 00:13:44] PRINT [03/22 00:13:44 graph]: start epoch 69.
[2023-03-22 00:13:44] PRINT [03/22 00:13:44 graph]: # Epoch 69: train_loss: 0.5459 | lr: 0.000439
[2023-03-22 00:13:51] PRINT [03/22 00:13:51 graph]: --- Testf1: 0.64497, Best Valacc: 0.60218 in epoch 345 --- 
[2023-03-22 00:13:52] PRINT [03/22 00:13:52 graph]: Epoch 69: get test acc score:  0.64497
[2023-03-22 00:13:52] PRINT [03/22 00:13:52 graph]: best_f1 0.86484 at epoch 52
[2023-03-22 00:13:52] PRINT [03/22 00:13:52 graph]: start epoch 70.
[2023-03-22 00:13:52] PRINT [03/22 00:13:52 graph]: # Epoch 70: train_loss: 0.5461 | lr: 0.000439
[2023-03-22 00:13:59] PRINT [03/22 00:13:59 graph]: --- Testf1: 0.62180, Best Valacc: 0.54691 in epoch 374 --- 
[2023-03-22 00:13:59] PRINT [03/22 00:13:59 graph]: Epoch 70: get test acc score:  0.62180
[2023-03-22 00:13:59] PRINT [03/22 00:13:59 graph]: best_f1 0.86484 at epoch 52
[2023-03-22 00:13:59] PRINT [03/22 00:13:59 graph]: start epoch 71.
[2023-03-22 00:13:59] PRINT [03/22 00:13:59 graph]: # Epoch 71: train_loss: 0.5457 | lr: 0.000439
[2023-03-22 00:14:06] PRINT [03/22 00:14:06 graph]: --- Testf1: 0.62643, Best Valacc: 0.58473 in epoch 390 --- 
[2023-03-22 00:14:07] PRINT [03/22 00:14:07 graph]: Epoch 71: get test acc score:  0.62643
[2023-03-22 00:14:07] PRINT [03/22 00:14:07 graph]: best_f1 0.86484 at epoch 52
[2023-03-22 00:14:07] PRINT [03/22 00:14:07 graph]: start epoch 72.
[2023-03-22 00:14:07] PRINT [03/22 00:14:07 graph]: # Epoch 72: train_loss: 0.5457 | lr: 0.000439
[2023-03-22 00:14:14] PRINT [03/22 00:14:14 graph]: --- Testf1: 0.62825, Best Valacc: 0.57164 in epoch 317 --- 
[2023-03-22 00:14:14] PRINT [03/22 00:14:14 graph]: Epoch 72: get test acc score:  0.62825
[2023-03-22 00:14:14] PRINT [03/22 00:14:14 graph]: best_f1 0.86484 at epoch 52
[2023-03-22 00:14:14] PRINT [03/22 00:14:14 graph]: start epoch 73.
[2023-03-22 00:14:14] PRINT [03/22 00:14:14 graph]: # Epoch 73: train_loss: 0.5457 | lr: 0.000439
[2023-03-22 00:14:21] PRINT [03/22 00:14:21 graph]: --- Testf1: 0.64161, Best Valacc: 0.58255 in epoch 490 --- 
[2023-03-22 00:14:22] PRINT [03/22 00:14:22 graph]: Epoch 73: get test acc score:  0.64161
[2023-03-22 00:14:22] PRINT [03/22 00:14:22 graph]: best_f1 0.86484 at epoch 52
[2023-03-22 00:14:22] PRINT [03/22 00:14:22 graph]: start epoch 74.
[2023-03-22 00:14:22] PRINT [03/22 00:14:22 graph]: # Epoch 74: train_loss: 0.5458 | lr: 0.000439
[2023-03-22 00:14:29] PRINT [03/22 00:14:29 graph]: --- Testf1: 0.66133, Best Valacc: 0.59709 in epoch 431 --- 
[2023-03-22 00:14:29] PRINT [03/22 00:14:29 graph]: Epoch 74: get test acc score:  0.66133
[2023-03-22 00:14:29] PRINT [03/22 00:14:29 graph]: best_f1 0.86484 at epoch 52
[2023-03-22 00:14:29] PRINT [03/22 00:14:29 graph]: start epoch 75.
[2023-03-22 00:14:29] PRINT [03/22 00:14:29 graph]: # Epoch 75: train_loss: 0.5458 | lr: 0.000439
[2023-03-22 00:14:36] PRINT [03/22 00:14:36 graph]: --- Testf1: 0.63434, Best Valacc: 0.57964 in epoch 466 --- 
[2023-03-22 00:14:36] PRINT [03/22 00:14:36 graph]: Epoch 75: get test acc score:  0.63434
[2023-03-22 00:14:36] PRINT [03/22 00:14:36 graph]: best_f1 0.86484 at epoch 52
[2023-03-22 00:14:36] PRINT [03/22 00:14:36 graph]: start epoch 76.
[2023-03-22 00:14:36] PRINT [03/22 00:14:36 graph]: # Epoch 76: train_loss: 0.5455 | lr: 0.000439
[2023-03-22 00:14:42] PRINT [03/22 00:14:42 graph]: --- Testf1: 0.63561, Best Valacc: 0.59491 in epoch 454 --- 
[2023-03-22 00:14:43] PRINT [03/22 00:14:43 graph]: Epoch 76: get test acc score:  0.63561
[2023-03-22 00:14:43] PRINT [03/22 00:14:43 graph]: best_f1 0.86484 at epoch 52
[2023-03-22 00:14:43] PRINT [03/22 00:14:43 graph]: start epoch 77.
[2023-03-22 00:14:43] PRINT [03/22 00:14:43 graph]: # Epoch 77: train_loss: 0.5454 | lr: 0.000439
[2023-03-22 00:14:48] PRINT [03/22 00:14:48 graph]: --- Testf1: 0.62561, Best Valacc: 0.63564 in epoch 482 --- 
[2023-03-22 00:14:49] PRINT [03/22 00:14:49 graph]: Epoch 77: get test acc score:  0.62561
[2023-03-22 00:14:49] PRINT [03/22 00:14:49 graph]: best_f1 0.86484 at epoch 52
[2023-03-22 00:14:49] PRINT [03/22 00:14:49 graph]: start epoch 78.
[2023-03-22 00:14:49] PRINT [03/22 00:14:49 graph]: # Epoch 78: train_loss: 0.5452 | lr: 0.000439
[2023-03-22 00:14:54] PRINT [03/22 00:14:54 graph]: --- Testf1: 0.63198, Best Valacc: 0.61236 in epoch 379 --- 
[2023-03-22 00:14:54] PRINT [03/22 00:14:54 graph]: Epoch 78: get test acc score:  0.63198
[2023-03-22 00:14:54] PRINT [03/22 00:14:54 graph]: best_f1 0.86484 at epoch 52
[2023-03-22 00:14:54] PRINT [03/22 00:14:54 graph]: start epoch 79.
[2023-03-22 00:14:54] PRINT [03/22 00:14:54 graph]: # Epoch 79: train_loss: 0.5452 | lr: 0.000439
[2023-03-22 00:15:03] PRINT [03/22 00:15:03 graph]: --- Testf1: 0.64116, Best Valacc: 0.57455 in epoch 430 --- 
[2023-03-22 00:15:03] PRINT [03/22 00:15:03 graph]: Epoch 79: get test acc score:  0.64116
[2023-03-22 00:15:03] PRINT [03/22 00:15:03 graph]: best_f1 0.86484 at epoch 52
[2023-03-22 00:15:03] PRINT [03/22 00:15:03 graph]: start epoch 80.
[2023-03-22 00:15:03] PRINT [03/22 00:15:03 graph]: # Epoch 80: train_loss: 0.5453 | lr: 0.000439
[2023-03-22 00:15:10] PRINT [03/22 00:15:10 graph]: --- Testf1: 0.58498, Best Valacc: 0.55636 in epoch 471 --- 
[2023-03-22 00:15:11] PRINT [03/22 00:15:11 graph]: Epoch 80: get test acc score:  0.58498
[2023-03-22 00:15:11] PRINT [03/22 00:15:11 graph]: best_f1 0.86484 at epoch 52
[2023-03-22 00:15:11] PRINT [03/22 00:15:11 graph]: start epoch 81.
[2023-03-22 00:15:11] PRINT [03/22 00:15:11 graph]: # Epoch 81: train_loss: 0.5450 | lr: 0.000439
[2023-03-22 00:15:18] PRINT [03/22 00:15:18 graph]: --- Testf1: 0.57199, Best Valacc: 0.57818 in epoch 467 --- 
[2023-03-22 00:15:18] PRINT [03/22 00:15:18 graph]: Epoch 81: get test acc score:  0.57199
[2023-03-22 00:15:18] PRINT [03/22 00:15:18 graph]: best_f1 0.86484 at epoch 52
[2023-03-22 00:15:18] PRINT [03/22 00:15:18 graph]: start epoch 82.
[2023-03-22 00:15:18] PRINT [03/22 00:15:18 graph]: # Epoch 82: train_loss: 0.5450 | lr: 0.000439
[2023-03-22 00:15:26] PRINT [03/22 00:15:26 graph]: --- Testf1: 0.58798, Best Valacc: 0.58327 in epoch 483 --- 
[2023-03-22 00:15:26] PRINT [03/22 00:15:26 graph]: Epoch 82: get test acc score:  0.58798
[2023-03-22 00:15:26] PRINT [03/22 00:15:26 graph]: best_f1 0.86484 at epoch 52
[2023-03-22 00:15:26] PRINT [03/22 00:15:26 graph]: start epoch 83.
[2023-03-22 00:15:26] PRINT [03/22 00:15:26 graph]: # Epoch 83: train_loss: 0.5449 | lr: 0.000439
[2023-03-22 00:15:33] PRINT [03/22 00:15:33 graph]: --- Testf1: 0.61880, Best Valacc: 0.55855 in epoch 375 --- 
[2023-03-22 00:15:33] PRINT [03/22 00:15:33 graph]: Epoch 83: get test acc score:  0.61880
[2023-03-22 00:15:33] PRINT [03/22 00:15:33 graph]: best_f1 0.86484 at epoch 52
[2023-03-22 00:15:33] PRINT [03/22 00:15:33 graph]: start epoch 84.
[2023-03-22 00:15:33] PRINT [03/22 00:15:33 graph]: # Epoch 84: train_loss: 0.5454 | lr: 0.000439
[2023-03-22 00:15:40] PRINT [03/22 00:15:40 graph]: --- Testf1: 0.60225, Best Valacc: 0.58545 in epoch 421 --- 
[2023-03-22 00:15:41] PRINT [03/22 00:15:41 graph]: Epoch 84: get test acc score:  0.60225
[2023-03-22 00:15:41] PRINT [03/22 00:15:41 graph]: best_f1 0.86484 at epoch 52
[2023-03-22 00:15:41] PRINT [03/22 00:15:41 graph]: start epoch 85.
[2023-03-22 00:15:41] PRINT [03/22 00:15:41 graph]: # Epoch 85: train_loss: 0.5449 | lr: 0.000439
[2023-03-22 00:15:48] PRINT [03/22 00:15:48 graph]: --- Testf1: 0.62207, Best Valacc: 0.53382 in epoch 398 --- 
[2023-03-22 00:15:48] PRINT [03/22 00:15:48 graph]: Epoch 85: get test acc score:  0.62207
[2023-03-22 00:15:48] PRINT [03/22 00:15:48 graph]: best_f1 0.86484 at epoch 52
[2023-03-22 00:15:48] PRINT [03/22 00:15:48 graph]: start epoch 86.
[2023-03-22 00:15:48] PRINT [03/22 00:15:48 graph]: # Epoch 86: train_loss: 0.5448 | lr: 0.000439
[2023-03-22 00:15:55] PRINT [03/22 00:15:55 graph]: --- Testf1: 0.61980, Best Valacc: 0.56145 in epoch 313 --- 
[2023-03-22 00:15:56] PRINT [03/22 00:15:56 graph]: Epoch 86: get test acc score:  0.61980
[2023-03-22 00:15:56] PRINT [03/22 00:15:56 graph]: best_f1 0.86484 at epoch 52
[2023-03-22 00:15:56] PRINT [03/22 00:15:56 graph]: start epoch 87.
[2023-03-22 00:15:56] PRINT [03/22 00:15:56 graph]: # Epoch 87: train_loss: 0.5450 | lr: 0.000439
[2023-03-22 00:16:03] PRINT [03/22 00:16:03 graph]: --- Testf1: 0.60507, Best Valacc: 0.52073 in epoch 425 --- 
[2023-03-22 00:16:03] PRINT [03/22 00:16:03 graph]: Epoch 87: get test acc score:  0.60507
[2023-03-22 00:16:03] PRINT [03/22 00:16:03 graph]: best_f1 0.86484 at epoch 52
[2023-03-22 00:16:03] PRINT [03/22 00:16:03 graph]: start epoch 88.
[2023-03-22 00:16:03] PRINT [03/22 00:16:03 graph]: # Epoch 88: train_loss: 0.5449 | lr: 0.000439
[2023-03-22 00:16:10] PRINT [03/22 00:16:10 graph]: --- Testf1: 0.59807, Best Valacc: 0.54109 in epoch 477 --- 
[2023-03-22 00:16:11] PRINT [03/22 00:16:11 graph]: Epoch 88: get test acc score:  0.59807
[2023-03-22 00:16:11] PRINT [03/22 00:16:11 graph]: best_f1 0.86484 at epoch 52
[2023-03-22 00:16:11] PRINT [03/22 00:16:11 graph]: start epoch 89.
[2023-03-22 00:16:11] PRINT [03/22 00:16:11 graph]: # Epoch 89: train_loss: 0.5449 | lr: 0.000439
[2023-03-22 00:16:18] PRINT [03/22 00:16:18 graph]: --- Testf1: 0.54526, Best Valacc: 0.54036 in epoch 351 --- 
[2023-03-22 00:16:18] PRINT [03/22 00:16:18 graph]: Epoch 89: get test acc score:  0.54526
[2023-03-22 00:16:18] PRINT [03/22 00:16:18 graph]: best_f1 0.86484 at epoch 52
[2023-03-22 00:16:18] PRINT [03/22 00:16:18 graph]: start epoch 90.
[2023-03-22 00:16:18] PRINT [03/22 00:16:18 graph]: # Epoch 90: train_loss: 0.5446 | lr: 0.000439
[2023-03-22 00:16:25] PRINT [03/22 00:16:25 graph]: --- Testf1: 0.56781, Best Valacc: 0.52727 in epoch 263 --- 
[2023-03-22 00:16:26] PRINT [03/22 00:16:26 graph]: Epoch 90: get test acc score:  0.56781
[2023-03-22 00:16:26] PRINT [03/22 00:16:26 graph]: best_f1 0.86484 at epoch 52
[2023-03-22 00:16:26] PRINT [03/22 00:16:26 graph]: start epoch 91.
[2023-03-22 00:16:26] PRINT [03/22 00:16:26 graph]: # Epoch 91: train_loss: 0.5446 | lr: 0.000439
[2023-03-22 00:16:33] PRINT [03/22 00:16:33 graph]: --- Testf1: 0.60007, Best Valacc: 0.52800 in epoch 475 --- 
[2023-03-22 00:16:33] PRINT [03/22 00:16:33 graph]: Epoch 91: get test acc score:  0.60007
[2023-03-22 00:16:33] PRINT [03/22 00:16:33 graph]: best_f1 0.86484 at epoch 52
[2023-03-22 00:16:33] PRINT [03/22 00:16:33 graph]: start epoch 92.
[2023-03-22 00:16:33] PRINT [03/22 00:16:33 graph]: # Epoch 92: train_loss: 0.5446 | lr: 0.000439
[2023-03-22 00:16:40] PRINT [03/22 00:16:40 graph]: --- Testf1: 0.58017, Best Valacc: 0.54400 in epoch 470 --- 
[2023-03-22 00:16:40] PRINT [03/22 00:16:40 graph]: Epoch 92: get test acc score:  0.58017
[2023-03-22 00:16:40] PRINT [03/22 00:16:40 graph]: best_f1 0.86484 at epoch 52
[2023-03-22 00:16:40] PRINT [03/22 00:16:40 graph]: start epoch 93.
[2023-03-22 00:16:41] PRINT [03/22 00:16:41 graph]: # Epoch 93: train_loss: 0.5445 | lr: 0.000439
[2023-03-22 00:16:48] PRINT [03/22 00:16:48 graph]: --- Testf1: 0.58171, Best Valacc: 0.58473 in epoch 498 --- 
[2023-03-22 00:16:48] PRINT [03/22 00:16:48 graph]: Epoch 93: get test acc score:  0.58171
[2023-03-22 00:16:48] PRINT [03/22 00:16:48 graph]: best_f1 0.86484 at epoch 52
[2023-03-22 00:16:48] PRINT [03/22 00:16:48 graph]: start epoch 94.
[2023-03-22 00:16:48] PRINT [03/22 00:16:48 graph]: # Epoch 94: train_loss: 0.5444 | lr: 0.000439
[2023-03-22 00:16:55] PRINT [03/22 00:16:55 graph]: --- Testf1: 0.60898, Best Valacc: 0.52073 in epoch 212 --- 
[2023-03-22 00:16:56] PRINT [03/22 00:16:56 graph]: Epoch 94: get test acc score:  0.60898
[2023-03-22 00:16:56] PRINT [03/22 00:16:56 graph]: best_f1 0.86484 at epoch 52
[2023-03-22 00:16:56] PRINT [03/22 00:16:56 graph]: start epoch 95.
[2023-03-22 00:16:56] PRINT [03/22 00:16:56 graph]: # Epoch 95: train_loss: 0.5443 | lr: 0.000439
[2023-03-22 00:17:03] PRINT [03/22 00:17:03 graph]: --- Testf1: 0.58117, Best Valacc: 0.56218 in epoch 496 --- 
[2023-03-22 00:17:03] PRINT [03/22 00:17:03 graph]: Epoch 95: get test acc score:  0.58117
[2023-03-22 00:17:03] PRINT [03/22 00:17:03 graph]: best_f1 0.86484 at epoch 52
[2023-03-22 00:17:03] PRINT [03/22 00:17:03 graph]: start epoch 96.
[2023-03-22 00:17:03] PRINT [03/22 00:17:03 graph]: # Epoch 96: train_loss: 0.5444 | lr: 0.000439
[2023-03-22 00:17:10] PRINT [03/22 00:17:10 graph]: --- Testf1: 0.58680, Best Valacc: 0.55564 in epoch 479 --- 
[2023-03-22 00:17:11] PRINT [03/22 00:17:11 graph]: Epoch 96: get test acc score:  0.58680
[2023-03-22 00:17:11] PRINT [03/22 00:17:11 graph]: best_f1 0.86484 at epoch 52
[2023-03-22 00:17:11] PRINT [03/22 00:17:11 graph]: start epoch 97.
[2023-03-22 00:17:11] PRINT [03/22 00:17:11 graph]: # Epoch 97: train_loss: 0.5444 | lr: 0.000439
[2023-03-22 00:17:18] PRINT [03/22 00:17:18 graph]: --- Testf1: 0.60598, Best Valacc: 0.56218 in epoch 333 --- 
[2023-03-22 00:17:18] PRINT [03/22 00:17:18 graph]: Epoch 97: get test acc score:  0.60598
[2023-03-22 00:17:18] PRINT [03/22 00:17:18 graph]: best_f1 0.86484 at epoch 52
[2023-03-22 00:17:18] PRINT [03/22 00:17:18 graph]: start epoch 98.
[2023-03-22 00:17:18] PRINT [03/22 00:17:18 graph]: # Epoch 98: train_loss: 0.5441 | lr: 0.000439
[2023-03-22 00:17:25] PRINT [03/22 00:17:25 graph]: --- Testf1: 0.60662, Best Valacc: 0.55418 in epoch 489 --- 
[2023-03-22 00:17:26] PRINT [03/22 00:17:26 graph]: Epoch 98: get test acc score:  0.60662
[2023-03-22 00:17:26] PRINT [03/22 00:17:26 graph]: best_f1 0.86484 at epoch 52
[2023-03-22 00:17:26] PRINT [03/22 00:17:26 graph]: start epoch 99.
[2023-03-22 00:17:26] PRINT [03/22 00:17:26 graph]: # Epoch 99: train_loss: 0.5441 | lr: 0.000439
[2023-03-22 00:17:33] PRINT [03/22 00:17:33 graph]: --- Testf1: 0.56035, Best Valacc: 0.49164 in epoch 371 --- 
[2023-03-22 00:17:33] PRINT [03/22 00:17:33 graph]: Epoch 99: get test acc score:  0.56035
[2023-03-22 00:17:33] PRINT [03/22 00:17:33 graph]: best_f1 0.86484 at epoch 52
[2023-03-22 00:17:33] PRINT [03/22 00:17:33 graph]: # final_acc: 0.86484±0.00000
