[2023-03-22 12:51:35] PRINT ---new cfg------
[2023-03-22 12:51:35] PRINT {'DATA': {'data_name': 'comp'}, 'DATALOADER': {'NUM_WORKERS': 0}, 'MODEL': {'num_hidden': 512, 'num_layers': 2, 'nhead': 4, 'activation': 'prelu', 'attn_drop': 0.2, 'feat_drop': 0.30000000000000004, 'norm': 'batchnorm', 'pooler': 'mean', 'beta_schedule': 'quad', 'beta_1': 0.0004536137455384622, 'beta_T': 0.018416964031174505, 'T': 441}, 'SOLVER': {'optim_type': 'adam', 'optim_type_f': 'adamw', 'alpha': 1, 'decay': 30, 'LR': 0.00023319398539448663, 'LR_f': 0.04013907604098955, 'weight_decay': 0, 'weight_decay_f': 0.00037255400442928337, 'MAX_EPOCH': 100, 'max_epoch_f': 500}, 'DEVICE': 'cuda', 'seeds': [0], 'eval_T': [50, 100, 200], 'output_dir': '/ddm-nni/AmazonCoBuyComputerDataset¶/log', 'checkpoint_dir': '/ddm-nni/AmazonCoBuyComputerDataset¶/log/checkpoint'}
[2023-03-22 12:51:35] PRINT [03/22 12:51:35 graph]: Rank of current process: 0. World size: 1
[2023-03-22 12:51:38] PRINT [03/22 12:51:38 graph]: Environment info:
[2023-03-22 12:51:38] PRINT PyTorch version: 1.10.0+cu113
[2023-03-22 12:51:38] PRINT Is debug build: False
[2023-03-22 12:51:38] PRINT CUDA used to build PyTorch: 11.3
[2023-03-22 12:51:38] PRINT ROCM used to build PyTorch: N/A
[2023-03-22 12:51:38] PRINT 
[2023-03-22 12:51:38] PRINT OS: Ubuntu 20.04.3 LTS (x86_64)
[2023-03-22 12:51:38] PRINT GCC version: (Ubuntu 9.3.0-17ubuntu1~20.04) 9.3.0
[2023-03-22 12:51:38] PRINT Clang version: Could not collect
[2023-03-22 12:51:38] PRINT CMake version: version 3.16.3
[2023-03-22 12:51:38] PRINT Libc version: glibc-2.31
[2023-03-22 12:51:38] PRINT 
[2023-03-22 12:51:38] PRINT Python version: 3.8.10 (default, Jun  4 2021, 15:09:15)  [GCC 7.5.0] (64-bit runtime)
[2023-03-22 12:51:38] PRINT Python platform: Linux-5.4.0-90-generic-x86_64-with-glibc2.17
[2023-03-22 12:51:38] PRINT Is CUDA available: True
[2023-03-22 12:51:38] PRINT CUDA runtime version: 11.3.109
[2023-03-22 12:51:38] PRINT GPU models and configuration: GPU 0: NVIDIA GeForce RTX 3090
[2023-03-22 12:51:38] PRINT Nvidia driver version: 495.44
[2023-03-22 12:51:38] PRINT cuDNN version: Probably one of the following:
[2023-03-22 12:51:38] PRINT /usr/lib/x86_64-linux-gnu/libcudnn.so.8.2.0
[2023-03-22 12:51:38] PRINT /usr/lib/x86_64-linux-gnu/libcudnn_adv_infer.so.8.2.0
[2023-03-22 12:51:38] PRINT /usr/lib/x86_64-linux-gnu/libcudnn_adv_train.so.8.2.0
[2023-03-22 12:51:38] PRINT /usr/lib/x86_64-linux-gnu/libcudnn_cnn_infer.so.8.2.0
[2023-03-22 12:51:38] PRINT /usr/lib/x86_64-linux-gnu/libcudnn_cnn_train.so.8.2.0
[2023-03-22 12:51:38] PRINT /usr/lib/x86_64-linux-gnu/libcudnn_ops_infer.so.8.2.0
[2023-03-22 12:51:38] PRINT /usr/lib/x86_64-linux-gnu/libcudnn_ops_train.so.8.2.0
[2023-03-22 12:51:38] PRINT HIP runtime version: N/A
[2023-03-22 12:51:38] PRINT MIOpen runtime version: N/A
[2023-03-22 12:51:38] PRINT 
[2023-03-22 12:51:38] PRINT Versions of relevant libraries:
[2023-03-22 12:51:38] PRINT [pip3] numpy==1.23.5
[2023-03-22 12:51:38] PRINT [pip3] torch==1.10.0+cu113
[2023-03-22 12:51:38] PRINT [pip3] torchvision==0.11.1+cu113
[2023-03-22 12:51:38] PRINT [conda] blas                      1.0                         mkl    https://mirrors.ustc.edu.cn/anaconda/pkgs/main
[2023-03-22 12:51:38] PRINT [conda] mkl                       2021.4.0           h06a4308_640    https://mirrors.ustc.edu.cn/anaconda/pkgs/main
[2023-03-22 12:51:38] PRINT [conda] mkl-service               2.4.0            py38h7f8727e_0    https://mirrors.ustc.edu.cn/anaconda/pkgs/main
[2023-03-22 12:51:38] PRINT [conda] mkl_fft                   1.3.1            py38hd3c417c_0    https://mirrors.ustc.edu.cn/anaconda/pkgs/main
[2023-03-22 12:51:38] PRINT [conda] mkl_random                1.2.2            py38h51133e4_0    https://mirrors.ustc.edu.cn/anaconda/pkgs/main
[2023-03-22 12:51:38] PRINT [conda] numpy                     1.21.4                   pypi_0    pypi
[2023-03-22 12:51:38] PRINT [conda] numpy-base                1.23.5           py38h31eccc5_0    https://mirrors.ustc.edu.cn/anaconda/pkgs/main
[2023-03-22 12:51:38] PRINT [conda] torch                     1.10.0+cu113             pypi_0    pypi
[2023-03-22 12:51:38] PRINT [conda] torchvision               0.11.1+cu113             pypi_0    pypi
[2023-03-22 12:51:38] PRINT         Pillow (8.4.0)
[2023-03-22 12:51:38] PRINT [03/22 12:51:38 graph]: Command line arguments: Namespace(local_rank=0, resume=False, seed=1234, start_epoch=0)
[2023-03-22 12:51:38] PRINT [03/22 12:51:38 graph]: Run 0th for seed 0
[2023-03-22 12:51:38] PRINT [03/22 12:51:38 graph]: Total trainable params num : 7906819
[2023-03-22 12:51:43] PRINT [03/22 12:51:43 graph]: ----------Start Training----------
[2023-03-22 12:51:43] PRINT [03/22 12:51:43 graph]: start epoch 0.
[2023-03-22 12:51:43] PRINT [03/22 12:51:43 graph]: # Epoch 0: train_loss: 1.0221 | lr: 0.000233
[2023-03-22 12:51:43] PRINT [03/22 12:51:43 graph]: start epoch 1.
[2023-03-22 12:51:43] PRINT [03/22 12:51:43 graph]: # Epoch 1: train_loss: 0.8246 | lr: 0.000233
[2023-03-22 12:51:43] PRINT [03/22 12:51:43 graph]: start epoch 2.
[2023-03-22 12:51:43] PRINT [03/22 12:51:43 graph]: # Epoch 2: train_loss: 0.7296 | lr: 0.000233
[2023-03-22 12:51:43] PRINT [03/22 12:51:43 graph]: start epoch 3.
[2023-03-22 12:51:44] PRINT [03/22 12:51:44 graph]: # Epoch 3: train_loss: 0.6699 | lr: 0.000233
[2023-03-22 12:51:44] PRINT [03/22 12:51:44 graph]: start epoch 4.
[2023-03-22 12:51:44] PRINT [03/22 12:51:44 graph]: # Epoch 4: train_loss: 0.6323 | lr: 0.000233
[2023-03-22 12:51:44] PRINT [03/22 12:51:44 graph]: start epoch 5.
[2023-03-22 12:51:44] PRINT [03/22 12:51:44 graph]: # Epoch 5: train_loss: 0.6080 | lr: 0.000233
[2023-03-22 12:51:44] PRINT [03/22 12:51:44 graph]: start epoch 6.
[2023-03-22 12:51:44] PRINT [03/22 12:51:44 graph]: # Epoch 6: train_loss: 0.5900 | lr: 0.000233
[2023-03-22 12:51:44] PRINT [03/22 12:51:44 graph]: start epoch 7.
[2023-03-22 12:51:44] PRINT [03/22 12:51:44 graph]: # Epoch 7: train_loss: 0.5774 | lr: 0.000233
[2023-03-22 12:51:44] PRINT [03/22 12:51:44 graph]: start epoch 8.
[2023-03-22 12:51:44] PRINT [03/22 12:51:44 graph]: # Epoch 8: train_loss: 0.5661 | lr: 0.000233
[2023-03-22 12:51:44] PRINT [03/22 12:51:44 graph]: start epoch 9.
[2023-03-22 12:51:44] PRINT [03/22 12:51:44 graph]: # Epoch 9: train_loss: 0.5562 | lr: 0.000233
[2023-03-22 12:51:44] PRINT [03/22 12:51:44 graph]: start epoch 10.
[2023-03-22 12:51:44] PRINT [03/22 12:51:44 graph]: # Epoch 10: train_loss: 0.5472 | lr: 0.000233
[2023-03-22 12:51:44] PRINT [03/22 12:51:44 graph]: start epoch 11.
[2023-03-22 12:51:44] PRINT [03/22 12:51:44 graph]: # Epoch 11: train_loss: 0.5386 | lr: 0.000233
[2023-03-22 12:51:44] PRINT [03/22 12:51:44 graph]: start epoch 12.
[2023-03-22 12:51:44] PRINT [03/22 12:51:44 graph]: # Epoch 12: train_loss: 0.5317 | lr: 0.000233
[2023-03-22 12:51:44] PRINT [03/22 12:51:44 graph]: start epoch 13.
[2023-03-22 12:51:45] PRINT [03/22 12:51:45 graph]: # Epoch 13: train_loss: 0.5249 | lr: 0.000233
[2023-03-22 12:51:45] PRINT [03/22 12:51:45 graph]: start epoch 14.
[2023-03-22 12:51:45] PRINT [03/22 12:51:45 graph]: # Epoch 14: train_loss: 0.5187 | lr: 0.000233
[2023-03-22 12:51:45] PRINT [03/22 12:51:45 graph]: start epoch 15.
[2023-03-22 12:51:45] PRINT [03/22 12:51:45 graph]: # Epoch 15: train_loss: 0.5133 | lr: 0.000233
[2023-03-22 12:51:45] PRINT [03/22 12:51:45 graph]: start epoch 16.
[2023-03-22 12:51:45] PRINT [03/22 12:51:45 graph]: # Epoch 16: train_loss: 0.5082 | lr: 0.000233
[2023-03-22 12:51:45] PRINT [03/22 12:51:45 graph]: start epoch 17.
[2023-03-22 12:51:45] PRINT [03/22 12:51:45 graph]: # Epoch 17: train_loss: 0.5035 | lr: 0.000233
[2023-03-22 12:51:45] PRINT [03/22 12:51:45 graph]: start epoch 18.
[2023-03-22 12:51:45] PRINT [03/22 12:51:45 graph]: # Epoch 18: train_loss: 0.4993 | lr: 0.000233
[2023-03-22 12:51:45] PRINT [03/22 12:51:45 graph]: start epoch 19.
[2023-03-22 12:51:45] PRINT [03/22 12:51:45 graph]: # Epoch 19: train_loss: 0.4954 | lr: 0.000233
[2023-03-22 12:51:45] PRINT [03/22 12:51:45 graph]: start epoch 20.
[2023-03-22 12:51:45] PRINT [03/22 12:51:45 graph]: # Epoch 20: train_loss: 0.4919 | lr: 0.000233
[2023-03-22 12:51:45] PRINT [03/22 12:51:45 graph]: start epoch 21.
[2023-03-22 12:51:46] PRINT [03/22 12:51:46 graph]: # Epoch 21: train_loss: 0.4886 | lr: 0.000233
[2023-03-22 12:51:46] PRINT [03/22 12:51:46 graph]: start epoch 22.
[2023-03-22 12:51:46] PRINT [03/22 12:51:46 graph]: # Epoch 22: train_loss: 0.4857 | lr: 0.000233
[2023-03-22 12:51:46] PRINT [03/22 12:51:46 graph]: start epoch 23.
[2023-03-22 12:51:46] PRINT [03/22 12:51:46 graph]: # Epoch 23: train_loss: 0.4826 | lr: 0.000233
[2023-03-22 12:51:46] PRINT [03/22 12:51:46 graph]: start epoch 24.
[2023-03-22 12:51:46] PRINT [03/22 12:51:46 graph]: # Epoch 24: train_loss: 0.4801 | lr: 0.000233
[2023-03-22 12:51:46] PRINT [03/22 12:51:46 graph]: start epoch 25.
[2023-03-22 12:51:46] PRINT [03/22 12:51:46 graph]: # Epoch 25: train_loss: 0.4773 | lr: 0.000233
[2023-03-22 12:51:46] PRINT [03/22 12:51:46 graph]: start epoch 26.
[2023-03-22 12:51:46] PRINT [03/22 12:51:46 graph]: # Epoch 26: train_loss: 0.4749 | lr: 0.000233
[2023-03-22 12:51:46] PRINT [03/22 12:51:46 graph]: start epoch 27.
[2023-03-22 12:51:46] PRINT [03/22 12:51:46 graph]: # Epoch 27: train_loss: 0.4727 | lr: 0.000233
[2023-03-22 12:51:46] PRINT [03/22 12:51:46 graph]: start epoch 28.
[2023-03-22 12:51:46] PRINT [03/22 12:51:46 graph]: # Epoch 28: train_loss: 0.4703 | lr: 0.000233
[2023-03-22 12:51:46] PRINT [03/22 12:51:46 graph]: start epoch 29.
[2023-03-22 12:51:47] PRINT [03/22 12:51:47 graph]: # Epoch 29: train_loss: 0.4682 | lr: 0.000233
[2023-03-22 12:51:47] PRINT [03/22 12:51:47 graph]: start epoch 30.
[2023-03-22 12:51:47] PRINT [03/22 12:51:47 graph]: # Epoch 30: train_loss: 0.4658 | lr: 0.000233
[2023-03-22 12:51:47] PRINT [03/22 12:51:47 graph]: start epoch 31.
[2023-03-22 12:51:47] PRINT [03/22 12:51:47 graph]: # Epoch 31: train_loss: 0.4639 | lr: 0.000233
[2023-03-22 12:51:47] PRINT [03/22 12:51:47 graph]: start epoch 32.
[2023-03-22 12:51:47] PRINT [03/22 12:51:47 graph]: # Epoch 32: train_loss: 0.4622 | lr: 0.000233
[2023-03-22 12:51:47] PRINT [03/22 12:51:47 graph]: start epoch 33.
[2023-03-22 12:51:47] PRINT [03/22 12:51:47 graph]: # Epoch 33: train_loss: 0.4601 | lr: 0.000233
[2023-03-22 12:51:47] PRINT [03/22 12:51:47 graph]: start epoch 34.
[2023-03-22 12:51:47] PRINT [03/22 12:51:47 graph]: # Epoch 34: train_loss: 0.4582 | lr: 0.000233
[2023-03-22 12:51:47] PRINT [03/22 12:51:47 graph]: start epoch 35.
[2023-03-22 12:51:47] PRINT [03/22 12:51:47 graph]: # Epoch 35: train_loss: 0.4573 | lr: 0.000233
[2023-03-22 12:51:47] PRINT [03/22 12:51:47 graph]: start epoch 36.
[2023-03-22 12:51:47] PRINT [03/22 12:51:47 graph]: # Epoch 36: train_loss: 0.4551 | lr: 0.000233
[2023-03-22 12:51:47] PRINT [03/22 12:51:47 graph]: start epoch 37.
[2023-03-22 12:51:48] PRINT [03/22 12:51:48 graph]: # Epoch 37: train_loss: 0.4533 | lr: 0.000233
[2023-03-22 12:51:48] PRINT [03/22 12:51:48 graph]: start epoch 38.
[2023-03-22 12:51:48] PRINT [03/22 12:51:48 graph]: # Epoch 38: train_loss: 0.4531 | lr: 0.000233
[2023-03-22 12:51:48] PRINT [03/22 12:51:48 graph]: start epoch 39.
[2023-03-22 12:51:48] PRINT [03/22 12:51:48 graph]: # Epoch 39: train_loss: 0.4556 | lr: 0.000233
[2023-03-22 12:51:48] PRINT [03/22 12:51:48 graph]: start epoch 40.
[2023-03-22 12:51:48] PRINT [03/22 12:51:48 graph]: # Epoch 40: train_loss: 0.4590 | lr: 0.000233
[2023-03-22 12:51:48] PRINT [03/22 12:51:48 graph]: start epoch 41.
[2023-03-22 12:51:48] PRINT [03/22 12:51:48 graph]: # Epoch 41: train_loss: 0.4604 | lr: 0.000233
[2023-03-22 12:51:48] PRINT [03/22 12:51:48 graph]: start epoch 42.
[2023-03-22 12:51:48] PRINT [03/22 12:51:48 graph]: # Epoch 42: train_loss: 0.4511 | lr: 0.000233
[2023-03-22 12:51:48] PRINT [03/22 12:51:48 graph]: start epoch 43.
[2023-03-22 12:51:48] PRINT [03/22 12:51:48 graph]: # Epoch 43: train_loss: 0.4549 | lr: 0.000233
[2023-03-22 12:51:48] PRINT [03/22 12:51:48 graph]: start epoch 44.
[2023-03-22 12:51:48] PRINT [03/22 12:51:48 graph]: # Epoch 44: train_loss: 0.4483 | lr: 0.000233
[2023-03-22 12:51:48] PRINT [03/22 12:51:48 graph]: start epoch 45.
[2023-03-22 12:51:49] PRINT [03/22 12:51:49 graph]: # Epoch 45: train_loss: 0.4474 | lr: 0.000233
[2023-03-22 12:51:49] PRINT [03/22 12:51:49 graph]: start epoch 46.
[2023-03-22 12:51:49] PRINT [03/22 12:51:49 graph]: # Epoch 46: train_loss: 0.4476 | lr: 0.000233
[2023-03-22 12:51:49] PRINT [03/22 12:51:49 graph]: start epoch 47.
[2023-03-22 12:51:49] PRINT [03/22 12:51:49 graph]: # Epoch 47: train_loss: 0.4453 | lr: 0.000233
[2023-03-22 12:51:49] PRINT [03/22 12:51:49 graph]: start epoch 48.
[2023-03-22 12:51:49] PRINT [03/22 12:51:49 graph]: # Epoch 48: train_loss: 0.4437 | lr: 0.000233
[2023-03-22 12:51:49] PRINT [03/22 12:51:49 graph]: start epoch 49.
[2023-03-22 12:51:49] PRINT [03/22 12:51:49 graph]: # Epoch 49: train_loss: 0.4434 | lr: 0.000233
[2023-03-22 12:51:49] PRINT [03/22 12:51:49 graph]: start epoch 50.
[2023-03-22 12:51:49] PRINT [03/22 12:51:49 graph]: # Epoch 50: train_loss: 0.4411 | lr: 0.000233
[2023-03-22 12:51:49] PRINT [03/22 12:51:49 graph]: start epoch 51.
[2023-03-22 12:51:49] PRINT [03/22 12:51:49 graph]: # Epoch 51: train_loss: 0.4401 | lr: 0.000233
[2023-03-22 12:51:57] PRINT [03/22 12:51:57 graph]: --- Testf1: 0.89220, Best Valacc: 0.87273 in epoch 408 --- 
[2023-03-22 12:51:57] PRINT [03/22 12:51:57 graph]: Epoch 51: get test acc score:  0.89220
[2023-03-22 12:51:57] PRINT [03/22 12:51:57 graph]: best_f1 0.8922 at epoch 51
[2023-03-22 12:51:57] PRINT [03/22 12:51:57 graph]: start epoch 52.
[2023-03-22 12:51:57] PRINT [03/22 12:51:57 graph]: # Epoch 52: train_loss: 0.4400 | lr: 0.000233
[2023-03-22 12:52:05] PRINT [03/22 12:52:05 graph]: --- Testf1: 0.89438, Best Valacc: 0.87709 in epoch 295 --- 
[2023-03-22 12:52:05] PRINT [03/22 12:52:05 graph]: Epoch 52: get test acc score:  0.89438
[2023-03-22 12:52:05] PRINT [03/22 12:52:05 graph]: best_f1 0.89438 at epoch 52
[2023-03-22 12:52:05] PRINT [03/22 12:52:05 graph]: start epoch 53.
[2023-03-22 12:52:05] PRINT [03/22 12:52:05 graph]: # Epoch 53: train_loss: 0.4388 | lr: 0.000233
[2023-03-22 12:52:12] PRINT [03/22 12:52:12 graph]: --- Testf1: 0.89393, Best Valacc: 0.87927 in epoch 280 --- 
[2023-03-22 12:52:12] PRINT [03/22 12:52:12 graph]: Epoch 53: get test acc score:  0.89393
[2023-03-22 12:52:12] PRINT [03/22 12:52:12 graph]: best_f1 0.89438 at epoch 52
[2023-03-22 12:52:12] PRINT [03/22 12:52:12 graph]: start epoch 54.
[2023-03-22 12:52:12] PRINT [03/22 12:52:12 graph]: # Epoch 54: train_loss: 0.4371 | lr: 0.000233
[2023-03-22 12:52:19] PRINT [03/22 12:52:19 graph]: --- Testf1: 0.89238, Best Valacc: 0.87709 in epoch 301 --- 
[2023-03-22 12:52:19] PRINT [03/22 12:52:19 graph]: Epoch 54: get test acc score:  0.89238
[2023-03-22 12:52:19] PRINT [03/22 12:52:19 graph]: best_f1 0.89438 at epoch 52
[2023-03-22 12:52:19] PRINT [03/22 12:52:19 graph]: start epoch 55.
[2023-03-22 12:52:19] PRINT [03/22 12:52:19 graph]: # Epoch 55: train_loss: 0.4368 | lr: 0.000233
[2023-03-22 12:52:26] PRINT [03/22 12:52:26 graph]: --- Testf1: 0.89456, Best Valacc: 0.87273 in epoch 400 --- 
[2023-03-22 12:52:26] PRINT [03/22 12:52:26 graph]: Epoch 55: get test acc score:  0.89456
[2023-03-22 12:52:26] PRINT [03/22 12:52:26 graph]: best_f1 0.89456 at epoch 55
[2023-03-22 12:52:26] PRINT [03/22 12:52:26 graph]: start epoch 56.
[2023-03-22 12:52:27] PRINT [03/22 12:52:27 graph]: # Epoch 56: train_loss: 0.4354 | lr: 0.000233
[2023-03-22 12:52:34] PRINT [03/22 12:52:34 graph]: --- Testf1: 0.89420, Best Valacc: 0.87709 in epoch 356 --- 
[2023-03-22 12:52:34] PRINT [03/22 12:52:34 graph]: Epoch 56: get test acc score:  0.89420
[2023-03-22 12:52:34] PRINT [03/22 12:52:34 graph]: best_f1 0.89456 at epoch 55
[2023-03-22 12:52:34] PRINT [03/22 12:52:34 graph]: start epoch 57.
[2023-03-22 12:52:34] PRINT [03/22 12:52:34 graph]: # Epoch 57: train_loss: 0.4346 | lr: 0.000233
[2023-03-22 12:52:41] PRINT [03/22 12:52:41 graph]: --- Testf1: 0.89556, Best Valacc: 0.88000 in epoch 473 --- 
[2023-03-22 12:52:41] PRINT [03/22 12:52:41 graph]: Epoch 57: get test acc score:  0.89556
[2023-03-22 12:52:41] PRINT [03/22 12:52:41 graph]: best_f1 0.89556 at epoch 57
[2023-03-22 12:52:41] PRINT [03/22 12:52:41 graph]: start epoch 58.
[2023-03-22 12:52:41] PRINT [03/22 12:52:41 graph]: # Epoch 58: train_loss: 0.4338 | lr: 0.000233
[2023-03-22 12:52:48] PRINT [03/22 12:52:48 graph]: --- Testf1: 0.89538, Best Valacc: 0.87564 in epoch 386 --- 
[2023-03-22 12:52:48] PRINT [03/22 12:52:48 graph]: Epoch 58: get test acc score:  0.89538
[2023-03-22 12:52:48] PRINT [03/22 12:52:48 graph]: best_f1 0.89556 at epoch 57
[2023-03-22 12:52:48] PRINT [03/22 12:52:48 graph]: start epoch 59.
[2023-03-22 12:52:48] PRINT [03/22 12:52:48 graph]: # Epoch 59: train_loss: 0.4330 | lr: 0.000233
[2023-03-22 12:52:55] PRINT [03/22 12:52:55 graph]: --- Testf1: 0.89529, Best Valacc: 0.87709 in epoch 277 --- 
[2023-03-22 12:52:56] PRINT [03/22 12:52:56 graph]: Epoch 59: get test acc score:  0.89529
[2023-03-22 12:52:56] PRINT [03/22 12:52:56 graph]: best_f1 0.89556 at epoch 57
[2023-03-22 12:52:56] PRINT [03/22 12:52:56 graph]: start epoch 60.
[2023-03-22 12:52:56] PRINT [03/22 12:52:56 graph]: # Epoch 60: train_loss: 0.4317 | lr: 0.000233
[2023-03-22 12:53:03] PRINT [03/22 12:53:03 graph]: --- Testf1: 0.89811, Best Valacc: 0.88000 in epoch 446 --- 
[2023-03-22 12:53:03] PRINT [03/22 12:53:03 graph]: Epoch 60: get test acc score:  0.89811
[2023-03-22 12:53:03] PRINT [03/22 12:53:03 graph]: best_f1 0.89811 at epoch 60
[2023-03-22 12:53:03] PRINT [03/22 12:53:03 graph]: start epoch 61.
[2023-03-22 12:53:03] PRINT [03/22 12:53:03 graph]: # Epoch 61: train_loss: 0.4315 | lr: 0.000233
[2023-03-22 12:53:10] PRINT [03/22 12:53:10 graph]: --- Testf1: 0.89693, Best Valacc: 0.88145 in epoch 402 --- 
[2023-03-22 12:53:10] PRINT [03/22 12:53:10 graph]: Epoch 61: get test acc score:  0.89693
[2023-03-22 12:53:10] PRINT [03/22 12:53:10 graph]: best_f1 0.89811 at epoch 60
[2023-03-22 12:53:10] PRINT [03/22 12:53:10 graph]: start epoch 62.
[2023-03-22 12:53:10] PRINT [03/22 12:53:10 graph]: # Epoch 62: train_loss: 0.4303 | lr: 0.000233
[2023-03-22 12:53:17] PRINT [03/22 12:53:17 graph]: --- Testf1: 0.89647, Best Valacc: 0.88000 in epoch 390 --- 
[2023-03-22 12:53:17] PRINT [03/22 12:53:17 graph]: Epoch 62: get test acc score:  0.89647
[2023-03-22 12:53:17] PRINT [03/22 12:53:17 graph]: best_f1 0.89811 at epoch 60
[2023-03-22 12:53:17] PRINT [03/22 12:53:17 graph]: start epoch 63.
[2023-03-22 12:53:17] PRINT [03/22 12:53:17 graph]: # Epoch 63: train_loss: 0.4298 | lr: 0.000233
[2023-03-22 12:53:24] PRINT [03/22 12:53:24 graph]: --- Testf1: 0.89793, Best Valacc: 0.88145 in epoch 149 --- 
[2023-03-22 12:53:25] PRINT [03/22 12:53:25 graph]: Epoch 63: get test acc score:  0.89793
[2023-03-22 12:53:25] PRINT [03/22 12:53:25 graph]: best_f1 0.89811 at epoch 60
[2023-03-22 12:53:25] PRINT [03/22 12:53:25 graph]: start epoch 64.
[2023-03-22 12:53:25] PRINT [03/22 12:53:25 graph]: # Epoch 64: train_loss: 0.4293 | lr: 0.000233
[2023-03-22 12:53:32] PRINT [03/22 12:53:32 graph]: --- Testf1: 0.89765, Best Valacc: 0.88073 in epoch 241 --- 
[2023-03-22 12:53:32] PRINT [03/22 12:53:32 graph]: Epoch 64: get test acc score:  0.89765
[2023-03-22 12:53:32] PRINT [03/22 12:53:32 graph]: best_f1 0.89811 at epoch 60
[2023-03-22 12:53:32] PRINT [03/22 12:53:32 graph]: start epoch 65.
[2023-03-22 12:53:32] PRINT [03/22 12:53:32 graph]: # Epoch 65: train_loss: 0.4281 | lr: 0.000233
[2023-03-22 12:53:39] PRINT [03/22 12:53:39 graph]: --- Testf1: 0.89538, Best Valacc: 0.87927 in epoch 485 --- 
[2023-03-22 12:53:39] PRINT [03/22 12:53:39 graph]: Epoch 65: get test acc score:  0.89538
[2023-03-22 12:53:39] PRINT [03/22 12:53:39 graph]: best_f1 0.89811 at epoch 60
[2023-03-22 12:53:39] PRINT [03/22 12:53:39 graph]: start epoch 66.
[2023-03-22 12:53:39] PRINT [03/22 12:53:39 graph]: # Epoch 66: train_loss: 0.4273 | lr: 0.000233
[2023-03-22 12:53:46] PRINT [03/22 12:53:46 graph]: --- Testf1: 0.89765, Best Valacc: 0.87855 in epoch 354 --- 
[2023-03-22 12:53:46] PRINT [03/22 12:53:46 graph]: Epoch 66: get test acc score:  0.89765
[2023-03-22 12:53:46] PRINT [03/22 12:53:46 graph]: best_f1 0.89811 at epoch 60
[2023-03-22 12:53:46] PRINT [03/22 12:53:46 graph]: start epoch 67.
[2023-03-22 12:53:46] PRINT [03/22 12:53:46 graph]: # Epoch 67: train_loss: 0.4270 | lr: 0.000233
[2023-03-22 12:53:53] PRINT [03/22 12:53:53 graph]: --- Testf1: 0.89811, Best Valacc: 0.87927 in epoch 471 --- 
[2023-03-22 12:53:54] PRINT [03/22 12:53:54 graph]: Epoch 67: get test acc score:  0.89811
[2023-03-22 12:53:54] PRINT [03/22 12:53:54 graph]: best_f1 0.89811 at epoch 60
[2023-03-22 12:53:54] PRINT [03/22 12:53:54 graph]: start epoch 68.
[2023-03-22 12:53:54] PRINT [03/22 12:53:54 graph]: # Epoch 68: train_loss: 0.4262 | lr: 0.000233
[2023-03-22 12:54:01] PRINT [03/22 12:54:01 graph]: --- Testf1: 0.89547, Best Valacc: 0.88218 in epoch 337 --- 
[2023-03-22 12:54:01] PRINT [03/22 12:54:01 graph]: Epoch 68: get test acc score:  0.89547
[2023-03-22 12:54:01] PRINT [03/22 12:54:01 graph]: best_f1 0.89811 at epoch 60
[2023-03-22 12:54:01] PRINT [03/22 12:54:01 graph]: start epoch 69.
[2023-03-22 12:54:01] PRINT [03/22 12:54:01 graph]: # Epoch 69: train_loss: 0.4252 | lr: 0.000233
[2023-03-22 12:54:08] PRINT [03/22 12:54:08 graph]: --- Testf1: 0.89693, Best Valacc: 0.88364 in epoch 442 --- 
[2023-03-22 12:54:08] PRINT [03/22 12:54:08 graph]: Epoch 69: get test acc score:  0.89693
[2023-03-22 12:54:08] PRINT [03/22 12:54:08 graph]: best_f1 0.89811 at epoch 60
[2023-03-22 12:54:08] PRINT [03/22 12:54:08 graph]: start epoch 70.
[2023-03-22 12:54:08] PRINT [03/22 12:54:08 graph]: # Epoch 70: train_loss: 0.4254 | lr: 0.000233
[2023-03-22 12:54:15] PRINT [03/22 12:54:15 graph]: --- Testf1: 0.89702, Best Valacc: 0.88436 in epoch 396 --- 
[2023-03-22 12:54:15] PRINT [03/22 12:54:15 graph]: Epoch 70: get test acc score:  0.89702
[2023-03-22 12:54:15] PRINT [03/22 12:54:15 graph]: best_f1 0.89811 at epoch 60
[2023-03-22 12:54:15] PRINT [03/22 12:54:15 graph]: start epoch 71.
[2023-03-22 12:54:15] PRINT [03/22 12:54:15 graph]: # Epoch 71: train_loss: 0.4239 | lr: 0.000233
[2023-03-22 12:54:22] PRINT [03/22 12:54:22 graph]: --- Testf1: 0.89738, Best Valacc: 0.88291 in epoch 291 --- 
[2023-03-22 12:54:23] PRINT [03/22 12:54:23 graph]: Epoch 71: get test acc score:  0.89738
[2023-03-22 12:54:23] PRINT [03/22 12:54:23 graph]: best_f1 0.89811 at epoch 60
[2023-03-22 12:54:23] PRINT [03/22 12:54:23 graph]: start epoch 72.
[2023-03-22 12:54:23] PRINT [03/22 12:54:23 graph]: # Epoch 72: train_loss: 0.4247 | lr: 0.000233
[2023-03-22 12:54:30] PRINT [03/22 12:54:30 graph]: --- Testf1: 0.89911, Best Valacc: 0.88145 in epoch 351 --- 
[2023-03-22 12:54:30] PRINT [03/22 12:54:30 graph]: Epoch 72: get test acc score:  0.89911
[2023-03-22 12:54:30] PRINT [03/22 12:54:30 graph]: best_f1 0.89911 at epoch 72
[2023-03-22 12:54:30] PRINT [03/22 12:54:30 graph]: start epoch 73.
[2023-03-22 12:54:30] PRINT [03/22 12:54:30 graph]: # Epoch 73: train_loss: 0.4230 | lr: 0.000233
[2023-03-22 12:54:37] PRINT [03/22 12:54:37 graph]: --- Testf1: 0.89629, Best Valacc: 0.88509 in epoch 458 --- 
[2023-03-22 12:54:37] PRINT [03/22 12:54:37 graph]: Epoch 73: get test acc score:  0.89629
[2023-03-22 12:54:37] PRINT [03/22 12:54:37 graph]: best_f1 0.89911 at epoch 72
[2023-03-22 12:54:37] PRINT [03/22 12:54:37 graph]: start epoch 74.
[2023-03-22 12:54:37] PRINT [03/22 12:54:37 graph]: # Epoch 74: train_loss: 0.4232 | lr: 0.000233
[2023-03-22 12:54:44] PRINT [03/22 12:54:44 graph]: --- Testf1: 0.89747, Best Valacc: 0.88655 in epoch 262 --- 
[2023-03-22 12:54:44] PRINT [03/22 12:54:44 graph]: Epoch 74: get test acc score:  0.89747
[2023-03-22 12:54:44] PRINT [03/22 12:54:44 graph]: best_f1 0.89911 at epoch 72
[2023-03-22 12:54:44] PRINT [03/22 12:54:44 graph]: start epoch 75.
[2023-03-22 12:54:44] PRINT [03/22 12:54:44 graph]: # Epoch 75: train_loss: 0.4224 | lr: 0.000233
[2023-03-22 12:54:52] PRINT [03/22 12:54:52 graph]: --- Testf1: 0.89747, Best Valacc: 0.88509 in epoch 482 --- 
[2023-03-22 12:54:52] PRINT [03/22 12:54:52 graph]: Epoch 75: get test acc score:  0.89747
[2023-03-22 12:54:52] PRINT [03/22 12:54:52 graph]: best_f1 0.89911 at epoch 72
[2023-03-22 12:54:52] PRINT [03/22 12:54:52 graph]: start epoch 76.
[2023-03-22 12:54:52] PRINT [03/22 12:54:52 graph]: # Epoch 76: train_loss: 0.4218 | lr: 0.000233
[2023-03-22 12:54:59] PRINT [03/22 12:54:59 graph]: --- Testf1: 0.89875, Best Valacc: 0.88073 in epoch 460 --- 
[2023-03-22 12:54:59] PRINT [03/22 12:54:59 graph]: Epoch 76: get test acc score:  0.89875
[2023-03-22 12:54:59] PRINT [03/22 12:54:59 graph]: best_f1 0.89911 at epoch 72
[2023-03-22 12:54:59] PRINT [03/22 12:54:59 graph]: start epoch 77.
[2023-03-22 12:54:59] PRINT [03/22 12:54:59 graph]: # Epoch 77: train_loss: 0.4214 | lr: 0.000233
[2023-03-22 12:55:06] PRINT [03/22 12:55:06 graph]: --- Testf1: 0.89547, Best Valacc: 0.88291 in epoch 340 --- 
[2023-03-22 12:55:06] PRINT [03/22 12:55:06 graph]: Epoch 77: get test acc score:  0.89547
[2023-03-22 12:55:06] PRINT [03/22 12:55:06 graph]: best_f1 0.89911 at epoch 72
[2023-03-22 12:55:06] PRINT [03/22 12:55:06 graph]: start epoch 78.
[2023-03-22 12:55:07] PRINT [03/22 12:55:07 graph]: # Epoch 78: train_loss: 0.4199 | lr: 0.000233
[2023-03-22 12:55:14] PRINT [03/22 12:55:14 graph]: --- Testf1: 0.89684, Best Valacc: 0.88291 in epoch 249 --- 
[2023-03-22 12:55:14] PRINT [03/22 12:55:14 graph]: Epoch 78: get test acc score:  0.89684
[2023-03-22 12:55:14] PRINT [03/22 12:55:14 graph]: best_f1 0.89911 at epoch 72
[2023-03-22 12:55:14] PRINT [03/22 12:55:14 graph]: start epoch 79.
[2023-03-22 12:55:14] PRINT [03/22 12:55:14 graph]: # Epoch 79: train_loss: 0.4203 | lr: 0.000233
[2023-03-22 12:55:21] PRINT [03/22 12:55:21 graph]: --- Testf1: 0.90029, Best Valacc: 0.88364 in epoch 341 --- 
[2023-03-22 12:55:21] PRINT [03/22 12:55:21 graph]: Epoch 79: get test acc score:  0.90029
[2023-03-22 12:55:21] PRINT [03/22 12:55:21 graph]: best_f1 0.90029 at epoch 79
[2023-03-22 12:55:21] PRINT [03/22 12:55:21 graph]: start epoch 80.
[2023-03-22 12:55:21] PRINT [03/22 12:55:21 graph]: # Epoch 80: train_loss: 0.4196 | lr: 0.000233
[2023-03-22 12:55:28] PRINT [03/22 12:55:28 graph]: --- Testf1: 0.89538, Best Valacc: 0.88509 in epoch 425 --- 
[2023-03-22 12:55:29] PRINT [03/22 12:55:29 graph]: Epoch 80: get test acc score:  0.89538
[2023-03-22 12:55:29] PRINT [03/22 12:55:29 graph]: best_f1 0.90029 at epoch 79
[2023-03-22 12:55:29] PRINT [03/22 12:55:29 graph]: start epoch 81.
[2023-03-22 12:55:29] PRINT [03/22 12:55:29 graph]: # Epoch 81: train_loss: 0.4186 | lr: 0.000233
[2023-03-22 12:55:36] PRINT [03/22 12:55:36 graph]: --- Testf1: 0.89829, Best Valacc: 0.88291 in epoch 418 --- 
[2023-03-22 12:55:36] PRINT [03/22 12:55:36 graph]: Epoch 81: get test acc score:  0.89829
[2023-03-22 12:55:36] PRINT [03/22 12:55:36 graph]: best_f1 0.90029 at epoch 79
[2023-03-22 12:55:36] PRINT [03/22 12:55:36 graph]: start epoch 82.
[2023-03-22 12:55:36] PRINT [03/22 12:55:36 graph]: # Epoch 82: train_loss: 0.4190 | lr: 0.000233
[2023-03-22 12:55:43] PRINT [03/22 12:55:43 graph]: --- Testf1: 0.89829, Best Valacc: 0.88073 in epoch 434 --- 
[2023-03-22 12:55:43] PRINT [03/22 12:55:43 graph]: Epoch 82: get test acc score:  0.89829
[2023-03-22 12:55:43] PRINT [03/22 12:55:43 graph]: best_f1 0.90029 at epoch 79
[2023-03-22 12:55:43] PRINT [03/22 12:55:43 graph]: start epoch 83.
[2023-03-22 12:55:44] PRINT [03/22 12:55:44 graph]: # Epoch 83: train_loss: 0.4167 | lr: 0.000233
[2023-03-22 12:55:51] PRINT [03/22 12:55:51 graph]: --- Testf1: 0.89875, Best Valacc: 0.88073 in epoch 359 --- 
[2023-03-22 12:55:51] PRINT [03/22 12:55:51 graph]: Epoch 83: get test acc score:  0.89875
[2023-03-22 12:55:51] PRINT [03/22 12:55:51 graph]: best_f1 0.90029 at epoch 79
[2023-03-22 12:55:51] PRINT [03/22 12:55:51 graph]: start epoch 84.
[2023-03-22 12:55:51] PRINT [03/22 12:55:51 graph]: # Epoch 84: train_loss: 0.4173 | lr: 0.000233
[2023-03-22 12:55:58] PRINT [03/22 12:55:58 graph]: --- Testf1: 0.89693, Best Valacc: 0.88509 in epoch 403 --- 
[2023-03-22 12:55:58] PRINT [03/22 12:55:58 graph]: Epoch 84: get test acc score:  0.89693
[2023-03-22 12:55:58] PRINT [03/22 12:55:58 graph]: best_f1 0.90029 at epoch 79
[2023-03-22 12:55:58] PRINT [03/22 12:55:58 graph]: start epoch 85.
[2023-03-22 12:55:58] PRINT [03/22 12:55:58 graph]: # Epoch 85: train_loss: 0.4168 | lr: 0.000233
[2023-03-22 12:56:06] PRINT [03/22 12:56:06 graph]: --- Testf1: 0.89656, Best Valacc: 0.88073 in epoch 226 --- 
[2023-03-22 12:56:06] PRINT [03/22 12:56:06 graph]: Epoch 85: get test acc score:  0.89656
[2023-03-22 12:56:06] PRINT [03/22 12:56:06 graph]: best_f1 0.90029 at epoch 79
[2023-03-22 12:56:06] PRINT [03/22 12:56:06 graph]: start epoch 86.
[2023-03-22 12:56:06] PRINT [03/22 12:56:06 graph]: # Epoch 86: train_loss: 0.4157 | lr: 0.000233
[2023-03-22 12:56:13] PRINT [03/22 12:56:13 graph]: --- Testf1: 0.89765, Best Valacc: 0.88436 in epoch 496 --- 
[2023-03-22 12:56:13] PRINT [03/22 12:56:13 graph]: Epoch 86: get test acc score:  0.89765
[2023-03-22 12:56:13] PRINT [03/22 12:56:13 graph]: best_f1 0.90029 at epoch 79
[2023-03-22 12:56:13] PRINT [03/22 12:56:13 graph]: start epoch 87.
[2023-03-22 12:56:13] PRINT [03/22 12:56:13 graph]: # Epoch 87: train_loss: 0.4157 | lr: 0.000233
[2023-03-22 12:56:21] PRINT [03/22 12:56:21 graph]: --- Testf1: 0.89865, Best Valacc: 0.88655 in epoch 285 --- 
[2023-03-22 12:56:21] PRINT [03/22 12:56:21 graph]: Epoch 87: get test acc score:  0.89865
[2023-03-22 12:56:21] PRINT [03/22 12:56:21 graph]: best_f1 0.90029 at epoch 79
[2023-03-22 12:56:21] PRINT [03/22 12:56:21 graph]: start epoch 88.
[2023-03-22 12:56:21] PRINT [03/22 12:56:21 graph]: # Epoch 88: train_loss: 0.4149 | lr: 0.000233
[2023-03-22 12:56:28] PRINT [03/22 12:56:28 graph]: --- Testf1: 0.89620, Best Valacc: 0.88945 in epoch 311 --- 
[2023-03-22 12:56:28] PRINT [03/22 12:56:28 graph]: Epoch 88: get test acc score:  0.89620
[2023-03-22 12:56:28] PRINT [03/22 12:56:28 graph]: best_f1 0.90029 at epoch 79
[2023-03-22 12:56:28] PRINT [03/22 12:56:28 graph]: start epoch 89.
[2023-03-22 12:56:28] PRINT [03/22 12:56:28 graph]: # Epoch 89: train_loss: 0.4149 | lr: 0.000233
[2023-03-22 12:56:35] PRINT [03/22 12:56:35 graph]: --- Testf1: 0.89502, Best Valacc: 0.88800 in epoch 321 --- 
[2023-03-22 12:56:35] PRINT [03/22 12:56:35 graph]: Epoch 89: get test acc score:  0.89502
[2023-03-22 12:56:35] PRINT [03/22 12:56:35 graph]: best_f1 0.90029 at epoch 79
[2023-03-22 12:56:35] PRINT [03/22 12:56:35 graph]: start epoch 90.
[2023-03-22 12:56:35] PRINT [03/22 12:56:35 graph]: # Epoch 90: train_loss: 0.4151 | lr: 0.000233
[2023-03-22 12:56:41] PRINT [03/22 12:56:41 graph]: --- Testf1: 0.89529, Best Valacc: 0.88873 in epoch 273 --- 
[2023-03-22 12:56:41] PRINT [03/22 12:56:41 graph]: Epoch 90: get test acc score:  0.89529
[2023-03-22 12:56:41] PRINT [03/22 12:56:41 graph]: best_f1 0.90029 at epoch 79
[2023-03-22 12:56:41] PRINT [03/22 12:56:41 graph]: start epoch 91.
[2023-03-22 12:56:41] PRINT [03/22 12:56:41 graph]: # Epoch 91: train_loss: 0.4141 | lr: 0.000233
[2023-03-22 12:56:47] PRINT [03/22 12:56:47 graph]: --- Testf1: 0.89384, Best Valacc: 0.88655 in epoch 414 --- 
[2023-03-22 12:56:47] PRINT [03/22 12:56:47 graph]: Epoch 91: get test acc score:  0.89384
[2023-03-22 12:56:47] PRINT [03/22 12:56:47 graph]: best_f1 0.90029 at epoch 79
[2023-03-22 12:56:47] PRINT [03/22 12:56:47 graph]: start epoch 92.
[2023-03-22 12:56:47] PRINT [03/22 12:56:47 graph]: # Epoch 92: train_loss: 0.4136 | lr: 0.000233
[2023-03-22 12:56:52] PRINT [03/22 12:56:52 graph]: --- Testf1: 0.89684, Best Valacc: 0.88655 in epoch 250 --- 
[2023-03-22 12:56:53] PRINT [03/22 12:56:53 graph]: Epoch 92: get test acc score:  0.89684
[2023-03-22 12:56:53] PRINT [03/22 12:56:53 graph]: best_f1 0.90029 at epoch 79
[2023-03-22 12:56:53] PRINT [03/22 12:56:53 graph]: start epoch 93.
[2023-03-22 12:56:53] PRINT [03/22 12:56:53 graph]: # Epoch 93: train_loss: 0.4132 | lr: 0.000233
[2023-03-22 12:57:02] PRINT [03/22 12:57:02 graph]: --- Testf1: 0.89593, Best Valacc: 0.88655 in epoch 392 --- 
[2023-03-22 12:57:02] PRINT [03/22 12:57:02 graph]: Epoch 93: get test acc score:  0.89593
[2023-03-22 12:57:02] PRINT [03/22 12:57:02 graph]: best_f1 0.90029 at epoch 79
[2023-03-22 12:57:02] PRINT [03/22 12:57:02 graph]: start epoch 94.
[2023-03-22 12:57:02] PRINT [03/22 12:57:02 graph]: # Epoch 94: train_loss: 0.4124 | lr: 0.000233
[2023-03-22 12:57:09] PRINT [03/22 12:57:09 graph]: --- Testf1: 0.89402, Best Valacc: 0.88582 in epoch 337 --- 
[2023-03-22 12:57:10] PRINT [03/22 12:57:10 graph]: Epoch 94: get test acc score:  0.89402
[2023-03-22 12:57:10] PRINT [03/22 12:57:10 graph]: best_f1 0.90029 at epoch 79
[2023-03-22 12:57:10] PRINT [03/22 12:57:10 graph]: start epoch 95.
[2023-03-22 12:57:10] PRINT [03/22 12:57:10 graph]: # Epoch 95: train_loss: 0.4121 | lr: 0.000233
[2023-03-22 12:57:17] PRINT [03/22 12:57:17 graph]: --- Testf1: 0.89238, Best Valacc: 0.88873 in epoch 248 --- 
[2023-03-22 12:57:17] PRINT [03/22 12:57:17 graph]: Epoch 95: get test acc score:  0.89238
[2023-03-22 12:57:17] PRINT [03/22 12:57:17 graph]: best_f1 0.90029 at epoch 79
[2023-03-22 12:57:17] PRINT [03/22 12:57:17 graph]: start epoch 96.
[2023-03-22 12:57:17] PRINT [03/22 12:57:17 graph]: # Epoch 96: train_loss: 0.4110 | lr: 0.000233
[2023-03-22 12:57:24] PRINT [03/22 12:57:24 graph]: --- Testf1: 0.89356, Best Valacc: 0.88873 in epoch 242 --- 
[2023-03-22 12:57:24] PRINT [03/22 12:57:24 graph]: Epoch 96: get test acc score:  0.89356
[2023-03-22 12:57:24] PRINT [03/22 12:57:24 graph]: best_f1 0.90029 at epoch 79
[2023-03-22 12:57:24] PRINT [03/22 12:57:24 graph]: start epoch 97.
[2023-03-22 12:57:24] PRINT [03/22 12:57:24 graph]: # Epoch 97: train_loss: 0.4110 | lr: 0.000233
[2023-03-22 12:57:31] PRINT [03/22 12:57:31 graph]: --- Testf1: 0.89666, Best Valacc: 0.88291 in epoch 381 --- 
[2023-03-22 12:57:31] PRINT [03/22 12:57:31 graph]: Epoch 97: get test acc score:  0.89666
[2023-03-22 12:57:31] PRINT [03/22 12:57:31 graph]: best_f1 0.90029 at epoch 79
[2023-03-22 12:57:31] PRINT [03/22 12:57:31 graph]: start epoch 98.
[2023-03-22 12:57:31] PRINT [03/22 12:57:31 graph]: # Epoch 98: train_loss: 0.4105 | lr: 0.000233
[2023-03-22 12:57:38] PRINT [03/22 12:57:38 graph]: --- Testf1: 0.89456, Best Valacc: 0.88436 in epoch 468 --- 
[2023-03-22 12:57:39] PRINT [03/22 12:57:39 graph]: Epoch 98: get test acc score:  0.89456
[2023-03-22 12:57:39] PRINT [03/22 12:57:39 graph]: best_f1 0.90029 at epoch 79
[2023-03-22 12:57:39] PRINT [03/22 12:57:39 graph]: start epoch 99.
[2023-03-22 12:57:39] PRINT [03/22 12:57:39 graph]: # Epoch 99: train_loss: 0.4099 | lr: 0.000233
[2023-03-22 12:57:46] PRINT [03/22 12:57:46 graph]: --- Testf1: 0.89575, Best Valacc: 0.88655 in epoch 464 --- 
[2023-03-22 12:57:46] PRINT [03/22 12:57:46 graph]: Epoch 99: get test acc score:  0.89575
[2023-03-22 12:57:46] PRINT [03/22 12:57:46 graph]: best_f1 0.90029 at epoch 79
[2023-03-22 12:57:46] PRINT [03/22 12:57:46 graph]: # final_acc: 0.90029±0.00000
