[2023-04-06 12:27:12] PRINT ---new cfg------
[2023-04-06 12:27:12] PRINT {'DATA': {'data_name': 'REDDIT-BINARY', 'deg4feat': False}, 'DATALOADER': {'NUM_WORKERS': 0, 'BATCH_SIZE': 32}, 'MODEL': {'num_hidden': 128, 'num_layers': 2, 'nhead': 4, 'activation': 'prelu', 'attn_drop': 0.30000000000000004, 'feat_drop': 0.30000000000000004, 'norm': 'batchnorm', 'pooler': 'mean', 'beta_schedule': 'sigmoid', 'beta_1': 0.0007751998574308305, 'beta_T': 0.06941511676666724, 'T': 872}, 'SOLVER': {'optim_type': 'adamw', 'optim_type_f': 'adamw', 'alpha': 0.8, 'decay': 30, 'LR': 0.00010845509425651776, 'weight_decay': 0.0005, 'MAX_EPOCH': 50}, 'DEVICE': 'cuda', 'seeds': [11], 'eval_T': [50, 100, 200], 'output_dir': '/ddm-nni/REDDIT-B/log', 'checkpoint_dir': '/ddm-nni/REDDIT-B/log/checkpoint'}
[2023-04-06 12:27:12] PRINT [04/06 12:27:12 graph]: Rank of current process: 0. World size: 1
[2023-04-06 12:27:16] PRINT [04/06 12:27:16 graph]: Environment info:
[2023-04-06 12:27:16] PRINT PyTorch version: 1.10.0+cu113
[2023-04-06 12:27:16] PRINT Is debug build: False
[2023-04-06 12:27:16] PRINT CUDA used to build PyTorch: 11.3
[2023-04-06 12:27:16] PRINT ROCM used to build PyTorch: N/A
[2023-04-06 12:27:16] PRINT 
[2023-04-06 12:27:16] PRINT OS: Ubuntu 20.04.3 LTS (x86_64)
[2023-04-06 12:27:16] PRINT GCC version: (Ubuntu 9.3.0-17ubuntu1~20.04) 9.3.0
[2023-04-06 12:27:16] PRINT Clang version: Could not collect
[2023-04-06 12:27:16] PRINT CMake version: version 3.16.3
[2023-04-06 12:27:16] PRINT Libc version: glibc-2.31
[2023-04-06 12:27:16] PRINT 
[2023-04-06 12:27:16] PRINT Python version: 3.8.10 (default, Jun  4 2021, 15:09:15)  [GCC 7.5.0] (64-bit runtime)
[2023-04-06 12:27:16] PRINT Python platform: Linux-5.4.0-90-generic-x86_64-with-glibc2.17
[2023-04-06 12:27:16] PRINT Is CUDA available: True
[2023-04-06 12:27:16] PRINT CUDA runtime version: 11.3.109
[2023-04-06 12:27:16] PRINT GPU models and configuration: GPU 0: NVIDIA GeForce RTX 3090
[2023-04-06 12:27:16] PRINT Nvidia driver version: 495.44
[2023-04-06 12:27:16] PRINT cuDNN version: Probably one of the following:
[2023-04-06 12:27:16] PRINT /usr/lib/x86_64-linux-gnu/libcudnn.so.8.2.0
[2023-04-06 12:27:16] PRINT /usr/lib/x86_64-linux-gnu/libcudnn_adv_infer.so.8.2.0
[2023-04-06 12:27:16] PRINT /usr/lib/x86_64-linux-gnu/libcudnn_adv_train.so.8.2.0
[2023-04-06 12:27:16] PRINT /usr/lib/x86_64-linux-gnu/libcudnn_cnn_infer.so.8.2.0
[2023-04-06 12:27:16] PRINT /usr/lib/x86_64-linux-gnu/libcudnn_cnn_train.so.8.2.0
[2023-04-06 12:27:16] PRINT /usr/lib/x86_64-linux-gnu/libcudnn_ops_infer.so.8.2.0
[2023-04-06 12:27:16] PRINT /usr/lib/x86_64-linux-gnu/libcudnn_ops_train.so.8.2.0
[2023-04-06 12:27:16] PRINT HIP runtime version: N/A
[2023-04-06 12:27:16] PRINT MIOpen runtime version: N/A
[2023-04-06 12:27:16] PRINT 
[2023-04-06 12:27:16] PRINT Versions of relevant libraries:
[2023-04-06 12:27:16] PRINT [pip3] numpy==1.23.5
[2023-04-06 12:27:16] PRINT [pip3] torch==1.10.0+cu113
[2023-04-06 12:27:16] PRINT [pip3] torchvision==0.11.1+cu113
[2023-04-06 12:27:16] PRINT [conda] blas                      1.0                         mkl    https://mirrors.ustc.edu.cn/anaconda/pkgs/main
[2023-04-06 12:27:16] PRINT [conda] mkl                       2021.4.0           h06a4308_640    https://mirrors.ustc.edu.cn/anaconda/pkgs/main
[2023-04-06 12:27:16] PRINT [conda] mkl-service               2.4.0            py38h7f8727e_0    https://mirrors.ustc.edu.cn/anaconda/pkgs/main
[2023-04-06 12:27:16] PRINT [conda] mkl_fft                   1.3.1            py38hd3c417c_0    https://mirrors.ustc.edu.cn/anaconda/pkgs/main
[2023-04-06 12:27:16] PRINT [conda] mkl_random                1.2.2            py38h51133e4_0    https://mirrors.ustc.edu.cn/anaconda/pkgs/main
[2023-04-06 12:27:16] PRINT [conda] numpy                     1.21.4                   pypi_0    pypi
[2023-04-06 12:27:16] PRINT [conda] numpy-base                1.23.5           py38h31eccc5_0    https://mirrors.ustc.edu.cn/anaconda/pkgs/main
[2023-04-06 12:27:16] PRINT [conda] torch                     1.10.0+cu113             pypi_0    pypi
[2023-04-06 12:27:16] PRINT [conda] torchvision               0.11.1+cu113             pypi_0    pypi
[2023-04-06 12:27:16] PRINT         Pillow (8.4.0)
[2023-04-06 12:27:16] PRINT [04/06 12:27:16 graph]: Command line arguments: Namespace(local_rank=0, resume=False, seed=1234, start_epoch=0)
[2023-04-06 12:27:16] PRINT Using degree as node features
[2023-04-06 12:27:22] PRINT ******** # Num Graphs: 2000, # Num Feat: 401, # Num Classes: 2 ********
[2023-04-06 12:27:22] PRINT [04/06 12:27:22 graph]: Run 0th for seed 11
[2023-04-06 12:27:22] PRINT [04/06 12:27:22 graph]: Total trainable params num : 1049039
[2023-04-06 12:27:27] PRINT [04/06 12:27:27 graph]: ----------Start Training----------
[2023-04-06 12:27:30] PRINT [04/06 12:27:30 graph]: Epoch 0 | train_loss: 0.5347 | lr: 0.000108
[2023-04-06 12:27:33] PRINT [04/06 12:27:33 graph]: Epoch 1 | train_loss: 0.3031 | lr: 0.000108
[2023-04-06 12:27:35] PRINT [04/06 12:27:35 graph]: Epoch 2 | train_loss: 0.2406 | lr: 0.000108
[2023-04-06 12:27:57] PRINT [04/06 12:27:57 graph]: #Test_f1: 0.8255±0.0247
[2023-04-06 12:27:58] PRINT [04/06 12:27:58 graph]: Epoch 2: get test f1 score:  0.825
[2023-04-06 12:27:58] PRINT [04/06 12:27:58 graph]: best_f1 0.825 at epoch 2
[2023-04-06 12:28:00] PRINT [04/06 12:28:00 graph]: Epoch 3 | train_loss: 0.2073 | lr: 0.000108
[2023-04-06 12:28:23] PRINT [04/06 12:28:23 graph]: #Test_f1: 0.8435±0.0248
[2023-04-06 12:28:23] PRINT [04/06 12:28:23 graph]: Epoch 3: get test f1 score:  0.844
[2023-04-06 12:28:23] PRINT [04/06 12:28:23 graph]: best_f1 0.844 at epoch 3
[2023-04-06 12:28:26] PRINT [04/06 12:28:26 graph]: Epoch 4 | train_loss: 0.1860 | lr: 0.000108
[2023-04-06 12:28:48] PRINT [04/06 12:28:48 graph]: #Test_f1: 0.8565±0.0152
[2023-04-06 12:28:48] PRINT [04/06 12:28:48 graph]: Epoch 4: get test f1 score:  0.857
[2023-04-06 12:28:48] PRINT [04/06 12:28:48 graph]: best_f1 0.857 at epoch 4
[2023-04-06 12:28:51] PRINT [04/06 12:28:51 graph]: Epoch 5 | train_loss: 0.1714 | lr: 0.000108
[2023-04-06 12:29:12] PRINT [04/06 12:29:12 graph]: #Test_f1: 0.8570±0.0158
[2023-04-06 12:29:12] PRINT [04/06 12:29:12 graph]: Epoch 5: get test f1 score:  0.857
[2023-04-06 12:29:12] PRINT [04/06 12:29:12 graph]: best_f1 0.857 at epoch 5
[2023-04-06 12:29:15] PRINT [04/06 12:29:15 graph]: Epoch 6 | train_loss: 0.1544 | lr: 0.000108
[2023-04-06 12:29:37] PRINT [04/06 12:29:37 graph]: #Test_f1: 0.8490±0.0227
[2023-04-06 12:29:37] PRINT [04/06 12:29:37 graph]: Epoch 6: get test f1 score:  0.849
[2023-04-06 12:29:37] PRINT [04/06 12:29:37 graph]: best_f1 0.857 at epoch 5
[2023-04-06 12:29:39] PRINT [04/06 12:29:39 graph]: Epoch 7 | train_loss: 0.1449 | lr: 0.000108
[2023-04-06 12:30:00] PRINT [04/06 12:30:00 graph]: #Test_f1: 0.8605±0.0185
[2023-04-06 12:30:01] PRINT [04/06 12:30:01 graph]: Epoch 7: get test f1 score:  0.861
[2023-04-06 12:30:01] PRINT [04/06 12:30:01 graph]: best_f1 0.861 at epoch 7
[2023-04-06 12:30:03] PRINT [04/06 12:30:03 graph]: Epoch 8 | train_loss: 0.1348 | lr: 0.000108
[2023-04-06 12:30:25] PRINT [04/06 12:30:25 graph]: #Test_f1: 0.8605±0.0239
[2023-04-06 12:30:25] PRINT [04/06 12:30:25 graph]: Epoch 8: get test f1 score:  0.861
[2023-04-06 12:30:25] PRINT [04/06 12:30:25 graph]: best_f1 0.861 at epoch 7
[2023-04-06 12:30:28] PRINT [04/06 12:30:28 graph]: Epoch 9 | train_loss: 0.1277 | lr: 0.000108
[2023-04-06 12:30:49] PRINT [04/06 12:30:49 graph]: #Test_f1: 0.8545±0.0240
[2023-04-06 12:30:50] PRINT [04/06 12:30:50 graph]: Epoch 9: get test f1 score:  0.855
[2023-04-06 12:30:50] PRINT [04/06 12:30:50 graph]: best_f1 0.861 at epoch 7
[2023-04-06 12:30:52] PRINT [04/06 12:30:52 graph]: Epoch 10 | train_loss: 0.1189 | lr: 0.000108
[2023-04-06 12:31:14] PRINT [04/06 12:31:14 graph]: #Test_f1: 0.8570±0.0258
[2023-04-06 12:31:14] PRINT [04/06 12:31:14 graph]: Epoch 10: get test f1 score:  0.857
[2023-04-06 12:31:14] PRINT [04/06 12:31:14 graph]: best_f1 0.861 at epoch 7
[2023-04-06 12:31:16] PRINT [04/06 12:31:16 graph]: Epoch 11 | train_loss: 0.1132 | lr: 0.000108
[2023-04-06 12:31:39] PRINT [04/06 12:31:39 graph]: #Test_f1: 0.8570±0.0290
[2023-04-06 12:31:39] PRINT [04/06 12:31:39 graph]: Epoch 11: get test f1 score:  0.857
[2023-04-06 12:31:39] PRINT [04/06 12:31:39 graph]: best_f1 0.861 at epoch 7
[2023-04-06 12:31:41] PRINT [04/06 12:31:41 graph]: Epoch 12 | train_loss: 0.1104 | lr: 0.000108
[2023-04-06 12:32:03] PRINT [04/06 12:32:03 graph]: #Test_f1: 0.8490±0.0230
[2023-04-06 12:32:04] PRINT [04/06 12:32:04 graph]: Epoch 12: get test f1 score:  0.849
[2023-04-06 12:32:04] PRINT [04/06 12:32:04 graph]: best_f1 0.861 at epoch 7
[2023-04-06 12:32:06] PRINT [04/06 12:32:06 graph]: Epoch 13 | train_loss: 0.1061 | lr: 0.000108
[2023-04-06 12:32:27] PRINT [04/06 12:32:27 graph]: #Test_f1: 0.8500±0.0180
[2023-04-06 12:32:28] PRINT [04/06 12:32:28 graph]: Epoch 13: get test f1 score:  0.850
[2023-04-06 12:32:28] PRINT [04/06 12:32:28 graph]: best_f1 0.861 at epoch 7
[2023-04-06 12:32:30] PRINT [04/06 12:32:30 graph]: Epoch 14 | train_loss: 0.1034 | lr: 0.000108
[2023-04-06 12:32:51] PRINT [04/06 12:32:51 graph]: #Test_f1: 0.8540±0.0189
[2023-04-06 12:32:52] PRINT [04/06 12:32:52 graph]: Epoch 14: get test f1 score:  0.854
[2023-04-06 12:32:52] PRINT [04/06 12:32:52 graph]: best_f1 0.861 at epoch 7
[2023-04-06 12:32:54] PRINT [04/06 12:32:54 graph]: Epoch 15 | train_loss: 0.0998 | lr: 0.000108
[2023-04-06 12:33:16] PRINT [04/06 12:33:16 graph]: #Test_f1: 0.8530±0.0210
[2023-04-06 12:33:16] PRINT [04/06 12:33:16 graph]: Epoch 15: get test f1 score:  0.853
[2023-04-06 12:33:16] PRINT [04/06 12:33:16 graph]: best_f1 0.861 at epoch 7
[2023-04-06 12:33:18] PRINT [04/06 12:33:18 graph]: Epoch 16 | train_loss: 0.0971 | lr: 0.000108
[2023-04-06 12:33:39] PRINT [04/06 12:33:39 graph]: #Test_f1: 0.8545±0.0223
[2023-04-06 12:33:40] PRINT [04/06 12:33:40 graph]: Epoch 16: get test f1 score:  0.855
[2023-04-06 12:33:40] PRINT [04/06 12:33:40 graph]: best_f1 0.861 at epoch 7
[2023-04-06 12:33:42] PRINT [04/06 12:33:42 graph]: Epoch 17 | train_loss: 0.0945 | lr: 0.000108
[2023-04-06 12:34:02] PRINT [04/06 12:34:02 graph]: #Test_f1: 0.8530±0.0225
[2023-04-06 12:34:03] PRINT [04/06 12:34:03 graph]: Epoch 17: get test f1 score:  0.853
[2023-04-06 12:34:03] PRINT [04/06 12:34:03 graph]: best_f1 0.861 at epoch 7
[2023-04-06 12:34:05] PRINT [04/06 12:34:05 graph]: Epoch 18 | train_loss: 0.0913 | lr: 0.000108
[2023-04-06 12:34:26] PRINT [04/06 12:34:26 graph]: #Test_f1: 0.8575±0.0212
[2023-04-06 12:34:26] PRINT [04/06 12:34:26 graph]: Epoch 18: get test f1 score:  0.857
[2023-04-06 12:34:26] PRINT [04/06 12:34:26 graph]: best_f1 0.861 at epoch 7
[2023-04-06 12:34:29] PRINT [04/06 12:34:29 graph]: Epoch 19 | train_loss: 0.0916 | lr: 0.000108
[2023-04-06 12:34:50] PRINT [04/06 12:34:50 graph]: #Test_f1: 0.8540±0.0198
[2023-04-06 12:34:51] PRINT [04/06 12:34:51 graph]: Epoch 19: get test f1 score:  0.854
[2023-04-06 12:34:51] PRINT [04/06 12:34:51 graph]: best_f1 0.861 at epoch 7
[2023-04-06 12:34:53] PRINT [04/06 12:34:53 graph]: Epoch 20 | train_loss: 0.0890 | lr: 0.000108
[2023-04-06 12:35:14] PRINT [04/06 12:35:14 graph]: #Test_f1: 0.8520±0.0208
[2023-04-06 12:35:15] PRINT [04/06 12:35:15 graph]: Epoch 20: get test f1 score:  0.852
[2023-04-06 12:35:15] PRINT [04/06 12:35:15 graph]: best_f1 0.861 at epoch 7
[2023-04-06 12:35:17] PRINT [04/06 12:35:17 graph]: Epoch 21 | train_loss: 0.0861 | lr: 0.000108
[2023-04-06 12:35:38] PRINT [04/06 12:35:38 graph]: #Test_f1: 0.8585±0.0213
[2023-04-06 12:35:38] PRINT [04/06 12:35:38 graph]: Epoch 21: get test f1 score:  0.858
[2023-04-06 12:35:38] PRINT [04/06 12:35:38 graph]: best_f1 0.861 at epoch 7
[2023-04-06 12:35:41] PRINT [04/06 12:35:41 graph]: Epoch 22 | train_loss: 0.0851 | lr: 0.000108
[2023-04-06 12:36:02] PRINT [04/06 12:36:02 graph]: #Test_f1: 0.8575±0.0240
[2023-04-06 12:36:02] PRINT [04/06 12:36:02 graph]: Epoch 22: get test f1 score:  0.857
[2023-04-06 12:36:02] PRINT [04/06 12:36:02 graph]: best_f1 0.861 at epoch 7
[2023-04-06 12:36:04] PRINT [04/06 12:36:04 graph]: Epoch 23 | train_loss: 0.0833 | lr: 0.000108
[2023-04-06 12:36:25] PRINT [04/06 12:36:25 graph]: #Test_f1: 0.8565±0.0218
[2023-04-06 12:36:25] PRINT [04/06 12:36:25 graph]: Epoch 23: get test f1 score:  0.856
[2023-04-06 12:36:25] PRINT [04/06 12:36:25 graph]: best_f1 0.861 at epoch 7
[2023-04-06 12:36:28] PRINT [04/06 12:36:28 graph]: Epoch 24 | train_loss: 0.0821 | lr: 0.000108
[2023-04-06 12:36:48] PRINT [04/06 12:36:48 graph]: #Test_f1: 0.8565±0.0247
[2023-04-06 12:36:49] PRINT [04/06 12:36:49 graph]: Epoch 24: get test f1 score:  0.856
[2023-04-06 12:36:49] PRINT [04/06 12:36:49 graph]: best_f1 0.861 at epoch 7
[2023-04-06 12:36:51] PRINT [04/06 12:36:51 graph]: Epoch 25 | train_loss: 0.0805 | lr: 0.000108
[2023-04-06 12:37:12] PRINT [04/06 12:37:12 graph]: #Test_f1: 0.8520±0.0227
[2023-04-06 12:37:12] PRINT [04/06 12:37:12 graph]: Epoch 25: get test f1 score:  0.852
[2023-04-06 12:37:12] PRINT [04/06 12:37:12 graph]: best_f1 0.861 at epoch 7
[2023-04-06 12:37:15] PRINT [04/06 12:37:15 graph]: Epoch 26 | train_loss: 0.0794 | lr: 0.000108
[2023-04-06 12:37:36] PRINT [04/06 12:37:36 graph]: #Test_f1: 0.8600±0.0184
[2023-04-06 12:37:36] PRINT [04/06 12:37:36 graph]: Epoch 26: get test f1 score:  0.860
[2023-04-06 12:37:36] PRINT [04/06 12:37:36 graph]: best_f1 0.861 at epoch 7
[2023-04-06 12:37:39] PRINT [04/06 12:37:39 graph]: Epoch 27 | train_loss: 0.0782 | lr: 0.000108
[2023-04-06 12:38:00] PRINT [04/06 12:38:00 graph]: #Test_f1: 0.8570±0.0165
[2023-04-06 12:38:01] PRINT [04/06 12:38:01 graph]: Epoch 27: get test f1 score:  0.857
[2023-04-06 12:38:01] PRINT [04/06 12:38:01 graph]: best_f1 0.861 at epoch 7
[2023-04-06 12:38:03] PRINT [04/06 12:38:03 graph]: Epoch 28 | train_loss: 0.0760 | lr: 0.000108
[2023-04-06 12:38:24] PRINT [04/06 12:38:24 graph]: #Test_f1: 0.8615±0.0188
[2023-04-06 12:38:24] PRINT [04/06 12:38:24 graph]: Epoch 28: get test f1 score:  0.861
[2023-04-06 12:38:24] PRINT [04/06 12:38:24 graph]: best_f1 0.861 at epoch 28
[2023-04-06 12:38:27] PRINT [04/06 12:38:27 graph]: Epoch 29 | train_loss: 0.0751 | lr: 0.000108
[2023-04-06 12:38:47] PRINT [04/06 12:38:47 graph]: #Test_f1: 0.8575±0.0261
[2023-04-06 12:38:47] PRINT [04/06 12:38:47 graph]: Epoch 29: get test f1 score:  0.857
[2023-04-06 12:38:47] PRINT [04/06 12:38:47 graph]: best_f1 0.861 at epoch 28
[2023-04-06 12:38:50] PRINT [04/06 12:38:50 graph]: Epoch 30 | train_loss: 0.0753 | lr: 0.000087
[2023-04-06 12:39:10] PRINT [04/06 12:39:10 graph]: #Test_f1: 0.8615±0.0248
[2023-04-06 12:39:10] PRINT [04/06 12:39:10 graph]: Epoch 30: get test f1 score:  0.862
[2023-04-06 12:39:10] PRINT [04/06 12:39:10 graph]: best_f1 0.862 at epoch 30
[2023-04-06 12:39:13] PRINT [04/06 12:39:13 graph]: Epoch 31 | train_loss: 0.0733 | lr: 0.000087
[2023-04-06 12:39:33] PRINT [04/06 12:39:33 graph]: #Test_f1: 0.8555±0.0199
[2023-04-06 12:39:34] PRINT [04/06 12:39:34 graph]: Epoch 31: get test f1 score:  0.855
[2023-04-06 12:39:34] PRINT [04/06 12:39:34 graph]: best_f1 0.862 at epoch 30
[2023-04-06 12:39:36] PRINT [04/06 12:39:36 graph]: Epoch 32 | train_loss: 0.0727 | lr: 0.000087
[2023-04-06 12:39:57] PRINT [04/06 12:39:57 graph]: #Test_f1: 0.8625±0.0232
[2023-04-06 12:39:57] PRINT [04/06 12:39:57 graph]: Epoch 32: get test f1 score:  0.863
[2023-04-06 12:39:57] PRINT [04/06 12:39:57 graph]: best_f1 0.863 at epoch 32
[2023-04-06 12:39:59] PRINT [04/06 12:39:59 graph]: Epoch 33 | train_loss: 0.0707 | lr: 0.000087
[2023-04-06 12:40:20] PRINT [04/06 12:40:20 graph]: #Test_f1: 0.8605±0.0229
[2023-04-06 12:40:20] PRINT [04/06 12:40:20 graph]: Epoch 33: get test f1 score:  0.861
[2023-04-06 12:40:20] PRINT [04/06 12:40:20 graph]: best_f1 0.863 at epoch 32
[2023-04-06 12:40:22] PRINT [04/06 12:40:22 graph]: Epoch 34 | train_loss: 0.0723 | lr: 0.000087
[2023-04-06 12:40:43] PRINT [04/06 12:40:43 graph]: #Test_f1: 0.8615±0.0203
[2023-04-06 12:40:44] PRINT [04/06 12:40:44 graph]: Epoch 34: get test f1 score:  0.862
[2023-04-06 12:40:44] PRINT [04/06 12:40:44 graph]: best_f1 0.863 at epoch 32
[2023-04-06 12:40:46] PRINT [04/06 12:40:46 graph]: Epoch 35 | train_loss: 0.0732 | lr: 0.000087
[2023-04-06 12:41:06] PRINT [04/06 12:41:06 graph]: #Test_f1: 0.8580±0.0237
[2023-04-06 12:41:07] PRINT [04/06 12:41:07 graph]: Epoch 35: get test f1 score:  0.858
[2023-04-06 12:41:07] PRINT [04/06 12:41:07 graph]: best_f1 0.863 at epoch 32
[2023-04-06 12:41:09] PRINT [04/06 12:41:09 graph]: Epoch 36 | train_loss: 0.0710 | lr: 0.000087
[2023-04-06 12:41:30] PRINT [04/06 12:41:30 graph]: #Test_f1: 0.8540±0.0185
[2023-04-06 12:41:31] PRINT [04/06 12:41:31 graph]: Epoch 36: get test f1 score:  0.854
[2023-04-06 12:41:31] PRINT [04/06 12:41:31 graph]: best_f1 0.863 at epoch 32
[2023-04-06 12:41:33] PRINT [04/06 12:41:33 graph]: Epoch 37 | train_loss: 0.0689 | lr: 0.000087
[2023-04-06 12:41:53] PRINT [04/06 12:41:53 graph]: #Test_f1: 0.8565±0.0203
[2023-04-06 12:41:54] PRINT [04/06 12:41:54 graph]: Epoch 37: get test f1 score:  0.856
[2023-04-06 12:41:54] PRINT [04/06 12:41:54 graph]: best_f1 0.863 at epoch 32
[2023-04-06 12:41:56] PRINT [04/06 12:41:56 graph]: Epoch 38 | train_loss: 0.0677 | lr: 0.000087
[2023-04-06 12:42:17] PRINT [04/06 12:42:17 graph]: #Test_f1: 0.8560±0.0258
[2023-04-06 12:42:18] PRINT [04/06 12:42:18 graph]: Epoch 38: get test f1 score:  0.856
[2023-04-06 12:42:18] PRINT [04/06 12:42:18 graph]: best_f1 0.863 at epoch 32
[2023-04-06 12:42:20] PRINT [04/06 12:42:20 graph]: Epoch 39 | train_loss: 0.0702 | lr: 0.000087
[2023-04-06 12:42:41] PRINT [04/06 12:42:41 graph]: #Test_f1: 0.8545±0.0193
[2023-04-06 12:42:41] PRINT [04/06 12:42:41 graph]: Epoch 39: get test f1 score:  0.855
[2023-04-06 12:42:41] PRINT [04/06 12:42:41 graph]: best_f1 0.863 at epoch 32
[2023-04-06 12:42:44] PRINT [04/06 12:42:44 graph]: Epoch 40 | train_loss: 0.0673 | lr: 0.000087
[2023-04-06 12:43:04] PRINT [04/06 12:43:04 graph]: #Test_f1: 0.8620±0.0222
[2023-04-06 12:43:04] PRINT [04/06 12:43:04 graph]: Epoch 40: get test f1 score:  0.862
[2023-04-06 12:43:04] PRINT [04/06 12:43:04 graph]: best_f1 0.863 at epoch 32
[2023-04-06 12:43:06] PRINT [04/06 12:43:06 graph]: Epoch 41 | train_loss: 0.0741 | lr: 0.000087
[2023-04-06 12:43:27] PRINT [04/06 12:43:27 graph]: #Test_f1: 0.8605±0.0218
[2023-04-06 12:43:28] PRINT [04/06 12:43:28 graph]: Epoch 41: get test f1 score:  0.861
[2023-04-06 12:43:28] PRINT [04/06 12:43:28 graph]: best_f1 0.863 at epoch 32
[2023-04-06 12:43:30] PRINT [04/06 12:43:30 graph]: Epoch 42 | train_loss: 0.0689 | lr: 0.000087
[2023-04-06 12:43:50] PRINT [04/06 12:43:50 graph]: #Test_f1: 0.8565±0.0264
[2023-04-06 12:43:51] PRINT [04/06 12:43:51 graph]: Epoch 42: get test f1 score:  0.856
[2023-04-06 12:43:51] PRINT [04/06 12:43:51 graph]: best_f1 0.863 at epoch 32
[2023-04-06 12:43:53] PRINT [04/06 12:43:53 graph]: Epoch 43 | train_loss: 0.0667 | lr: 0.000087
[2023-04-06 12:44:15] PRINT [04/06 12:44:15 graph]: #Test_f1: 0.8565±0.0244
[2023-04-06 12:44:15] PRINT [04/06 12:44:15 graph]: Epoch 43: get test f1 score:  0.856
[2023-04-06 12:44:15] PRINT [04/06 12:44:15 graph]: best_f1 0.863 at epoch 32
[2023-04-06 12:44:17] PRINT [04/06 12:44:17 graph]: Epoch 44 | train_loss: 0.0653 | lr: 0.000087
[2023-04-06 12:44:39] PRINT [04/06 12:44:39 graph]: #Test_f1: 0.8555±0.0203
[2023-04-06 12:44:39] PRINT [04/06 12:44:39 graph]: Epoch 44: get test f1 score:  0.855
[2023-04-06 12:44:39] PRINT [04/06 12:44:39 graph]: best_f1 0.863 at epoch 32
[2023-04-06 12:44:41] PRINT [04/06 12:44:41 graph]: Epoch 45 | train_loss: 0.0636 | lr: 0.000087
[2023-04-06 12:45:03] PRINT [04/06 12:45:03 graph]: #Test_f1: 0.8540±0.0244
[2023-04-06 12:45:03] PRINT [04/06 12:45:03 graph]: Epoch 45: get test f1 score:  0.854
[2023-04-06 12:45:03] PRINT [04/06 12:45:03 graph]: best_f1 0.863 at epoch 32
[2023-04-06 12:45:05] PRINT [04/06 12:45:05 graph]: Epoch 46 | train_loss: 0.0651 | lr: 0.000087
[2023-04-06 12:45:26] PRINT [04/06 12:45:26 graph]: #Test_f1: 0.8585±0.0229
[2023-04-06 12:45:27] PRINT [04/06 12:45:27 graph]: Epoch 46: get test f1 score:  0.858
[2023-04-06 12:45:27] PRINT [04/06 12:45:27 graph]: best_f1 0.863 at epoch 32
[2023-04-06 12:45:29] PRINT [04/06 12:45:29 graph]: Epoch 47 | train_loss: 0.0655 | lr: 0.000087
[2023-04-06 12:45:49] PRINT [04/06 12:45:49 graph]: #Test_f1: 0.8555±0.0216
[2023-04-06 12:45:50] PRINT [04/06 12:45:50 graph]: Epoch 47: get test f1 score:  0.855
[2023-04-06 12:45:50] PRINT [04/06 12:45:50 graph]: best_f1 0.863 at epoch 32
[2023-04-06 12:45:52] PRINT [04/06 12:45:52 graph]: Epoch 48 | train_loss: 0.0635 | lr: 0.000087
[2023-04-06 12:46:12] PRINT [04/06 12:46:12 graph]: #Test_f1: 0.8540±0.0235
[2023-04-06 12:46:13] PRINT [04/06 12:46:13 graph]: Epoch 48: get test f1 score:  0.854
[2023-04-06 12:46:13] PRINT [04/06 12:46:13 graph]: best_f1 0.863 at epoch 32
[2023-04-06 12:46:15] PRINT [04/06 12:46:15 graph]: Epoch 49 | train_loss: 0.0626 | lr: 0.000087
[2023-04-06 12:46:35] PRINT [04/06 12:46:35 graph]: #Test_f1: 0.8570±0.0245
[2023-04-06 12:46:36] PRINT [04/06 12:46:36 graph]: Epoch 49: get test f1 score:  0.857
[2023-04-06 12:46:36] PRINT [04/06 12:46:36 graph]: best_f1 0.863 at epoch 32
[2023-04-06 12:46:36] PRINT [04/06 12:46:36 graph]: # final_acc: 0.8625±0.0000
