[2023-03-22 08:53:50] PRINT ---new cfg------
[2023-03-22 08:53:50] PRINT {'DATA': {'data_name': 'comp'}, 'DATALOADER': {'NUM_WORKERS': 0}, 'MODEL': {'num_hidden': 512, 'num_layers': 2, 'nhead': 4, 'activation': 'prelu', 'attn_drop': 0.4, 'feat_drop': 0.4, 'norm': 'batchnorm', 'pooler': 'mean', 'beta_schedule': 'quad', 'beta_1': 0.00012914332028246466, 'beta_T': 0.08551676286399156, 'T': 808}, 'SOLVER': {'optim_type': 'adam', 'optim_type_f': 'adamw', 'alpha': 1, 'decay': 10, 'LR': 0.0003909542509159321, 'LR_f': 0.014385440845436134, 'weight_decay': 0, 'weight_decay_f': 0.00020258320632416296, 'MAX_EPOCH': 100, 'max_epoch_f': 500}, 'DEVICE': 'cuda', 'seeds': [0], 'eval_T': [50, 100, 200], 'output_dir': '/ddm-nni/AmazonCoBuyComputerDataset¶/log', 'checkpoint_dir': '/ddm-nni/AmazonCoBuyComputerDataset¶/log/checkpoint'}
[2023-03-22 08:53:50] PRINT [03/22 08:53:50 graph]: Rank of current process: 0. World size: 1
[2023-03-22 08:53:53] PRINT [03/22 08:53:53 graph]: Environment info:
[2023-03-22 08:53:53] PRINT PyTorch version: 1.10.0+cu113
[2023-03-22 08:53:53] PRINT Is debug build: False
[2023-03-22 08:53:53] PRINT CUDA used to build PyTorch: 11.3
[2023-03-22 08:53:53] PRINT ROCM used to build PyTorch: N/A
[2023-03-22 08:53:53] PRINT 
[2023-03-22 08:53:53] PRINT OS: Ubuntu 20.04.3 LTS (x86_64)
[2023-03-22 08:53:53] PRINT GCC version: (Ubuntu 9.3.0-17ubuntu1~20.04) 9.3.0
[2023-03-22 08:53:53] PRINT Clang version: Could not collect
[2023-03-22 08:53:53] PRINT CMake version: version 3.16.3
[2023-03-22 08:53:53] PRINT Libc version: glibc-2.31
[2023-03-22 08:53:53] PRINT 
[2023-03-22 08:53:53] PRINT Python version: 3.8.10 (default, Jun  4 2021, 15:09:15)  [GCC 7.5.0] (64-bit runtime)
[2023-03-22 08:53:53] PRINT Python platform: Linux-5.4.0-90-generic-x86_64-with-glibc2.17
[2023-03-22 08:53:53] PRINT Is CUDA available: True
[2023-03-22 08:53:53] PRINT CUDA runtime version: 11.3.109
[2023-03-22 08:53:53] PRINT GPU models and configuration: GPU 0: NVIDIA GeForce RTX 3090
[2023-03-22 08:53:53] PRINT Nvidia driver version: 495.44
[2023-03-22 08:53:53] PRINT cuDNN version: Probably one of the following:
[2023-03-22 08:53:53] PRINT /usr/lib/x86_64-linux-gnu/libcudnn.so.8.2.0
[2023-03-22 08:53:53] PRINT /usr/lib/x86_64-linux-gnu/libcudnn_adv_infer.so.8.2.0
[2023-03-22 08:53:53] PRINT /usr/lib/x86_64-linux-gnu/libcudnn_adv_train.so.8.2.0
[2023-03-22 08:53:53] PRINT /usr/lib/x86_64-linux-gnu/libcudnn_cnn_infer.so.8.2.0
[2023-03-22 08:53:53] PRINT /usr/lib/x86_64-linux-gnu/libcudnn_cnn_train.so.8.2.0
[2023-03-22 08:53:53] PRINT /usr/lib/x86_64-linux-gnu/libcudnn_ops_infer.so.8.2.0
[2023-03-22 08:53:53] PRINT /usr/lib/x86_64-linux-gnu/libcudnn_ops_train.so.8.2.0
[2023-03-22 08:53:53] PRINT HIP runtime version: N/A
[2023-03-22 08:53:53] PRINT MIOpen runtime version: N/A
[2023-03-22 08:53:53] PRINT 
[2023-03-22 08:53:53] PRINT Versions of relevant libraries:
[2023-03-22 08:53:53] PRINT [pip3] numpy==1.23.5
[2023-03-22 08:53:53] PRINT [pip3] torch==1.10.0+cu113
[2023-03-22 08:53:53] PRINT [pip3] torchvision==0.11.1+cu113
[2023-03-22 08:53:53] PRINT [conda] blas                      1.0                         mkl    https://mirrors.ustc.edu.cn/anaconda/pkgs/main
[2023-03-22 08:53:53] PRINT [conda] mkl                       2021.4.0           h06a4308_640    https://mirrors.ustc.edu.cn/anaconda/pkgs/main
[2023-03-22 08:53:53] PRINT [conda] mkl-service               2.4.0            py38h7f8727e_0    https://mirrors.ustc.edu.cn/anaconda/pkgs/main
[2023-03-22 08:53:53] PRINT [conda] mkl_fft                   1.3.1            py38hd3c417c_0    https://mirrors.ustc.edu.cn/anaconda/pkgs/main
[2023-03-22 08:53:53] PRINT [conda] mkl_random                1.2.2            py38h51133e4_0    https://mirrors.ustc.edu.cn/anaconda/pkgs/main
[2023-03-22 08:53:53] PRINT [conda] numpy                     1.21.4                   pypi_0    pypi
[2023-03-22 08:53:53] PRINT [conda] numpy-base                1.23.5           py38h31eccc5_0    https://mirrors.ustc.edu.cn/anaconda/pkgs/main
[2023-03-22 08:53:53] PRINT [conda] torch                     1.10.0+cu113             pypi_0    pypi
[2023-03-22 08:53:53] PRINT [conda] torchvision               0.11.1+cu113             pypi_0    pypi
[2023-03-22 08:53:53] PRINT         Pillow (8.4.0)
[2023-03-22 08:53:53] PRINT [03/22 08:53:53 graph]: Command line arguments: Namespace(local_rank=0, resume=False, seed=1234, start_epoch=0)
[2023-03-22 08:53:54] PRINT [03/22 08:53:54 graph]: Run 0th for seed 0
[2023-03-22 08:53:54] PRINT [03/22 08:53:54 graph]: Total trainable params num : 8094723
[2023-03-22 08:53:58] PRINT [03/22 08:53:58 graph]: ----------Start Training----------
[2023-03-22 08:53:58] PRINT [03/22 08:53:58 graph]: start epoch 0.
[2023-03-22 08:53:59] PRINT [03/22 08:53:59 graph]: # Epoch 0: train_loss: 1.0229 | lr: 0.000391
[2023-03-22 08:53:59] PRINT [03/22 08:53:59 graph]: start epoch 1.
[2023-03-22 08:53:59] PRINT [03/22 08:53:59 graph]: # Epoch 1: train_loss: 0.8191 | lr: 0.000391
[2023-03-22 08:53:59] PRINT [03/22 08:53:59 graph]: start epoch 2.
[2023-03-22 08:53:59] PRINT [03/22 08:53:59 graph]: # Epoch 2: train_loss: 0.7091 | lr: 0.000391
[2023-03-22 08:53:59] PRINT [03/22 08:53:59 graph]: start epoch 3.
[2023-03-22 08:53:59] PRINT [03/22 08:53:59 graph]: # Epoch 3: train_loss: 0.6528 | lr: 0.000391
[2023-03-22 08:53:59] PRINT [03/22 08:53:59 graph]: start epoch 4.
[2023-03-22 08:53:59] PRINT [03/22 08:53:59 graph]: # Epoch 4: train_loss: 0.6204 | lr: 0.000391
[2023-03-22 08:53:59] PRINT [03/22 08:53:59 graph]: start epoch 5.
[2023-03-22 08:53:59] PRINT [03/22 08:53:59 graph]: # Epoch 5: train_loss: 0.6006 | lr: 0.000391
[2023-03-22 08:53:59] PRINT [03/22 08:53:59 graph]: start epoch 6.
[2023-03-22 08:53:59] PRINT [03/22 08:53:59 graph]: # Epoch 6: train_loss: 0.5899 | lr: 0.000391
[2023-03-22 08:53:59] PRINT [03/22 08:53:59 graph]: start epoch 7.
[2023-03-22 08:53:59] PRINT [03/22 08:53:59 graph]: # Epoch 7: train_loss: 0.5822 | lr: 0.000391
[2023-03-22 08:53:59] PRINT [03/22 08:53:59 graph]: start epoch 8.
[2023-03-22 08:53:59] PRINT [03/22 08:53:59 graph]: # Epoch 8: train_loss: 0.5769 | lr: 0.000391
[2023-03-22 08:53:59] PRINT [03/22 08:53:59 graph]: start epoch 9.
[2023-03-22 08:53:59] PRINT [03/22 08:53:59 graph]: # Epoch 9: train_loss: 0.5721 | lr: 0.000391
[2023-03-22 08:53:59] PRINT [03/22 08:53:59 graph]: start epoch 10.
[2023-03-22 08:53:59] PRINT [03/22 08:53:59 graph]: # Epoch 10: train_loss: 0.5683 | lr: 0.000391
[2023-03-22 08:53:59] PRINT [03/22 08:53:59 graph]: start epoch 11.
[2023-03-22 08:53:59] PRINT [03/22 08:53:59 graph]: # Epoch 11: train_loss: 0.5645 | lr: 0.000391
[2023-03-22 08:53:59] PRINT [03/22 08:53:59 graph]: start epoch 12.
[2023-03-22 08:53:59] PRINT [03/22 08:53:59 graph]: # Epoch 12: train_loss: 0.5614 | lr: 0.000391
[2023-03-22 08:53:59] PRINT [03/22 08:53:59 graph]: start epoch 13.
[2023-03-22 08:54:00] PRINT [03/22 08:54:00 graph]: # Epoch 13: train_loss: 0.5582 | lr: 0.000391
[2023-03-22 08:54:00] PRINT [03/22 08:54:00 graph]: start epoch 14.
[2023-03-22 08:54:00] PRINT [03/22 08:54:00 graph]: # Epoch 14: train_loss: 0.5549 | lr: 0.000391
[2023-03-22 08:54:00] PRINT [03/22 08:54:00 graph]: start epoch 15.
[2023-03-22 08:54:00] PRINT [03/22 08:54:00 graph]: # Epoch 15: train_loss: 0.5520 | lr: 0.000391
[2023-03-22 08:54:00] PRINT [03/22 08:54:00 graph]: start epoch 16.
[2023-03-22 08:54:00] PRINT [03/22 08:54:00 graph]: # Epoch 16: train_loss: 0.5486 | lr: 0.000391
[2023-03-22 08:54:00] PRINT [03/22 08:54:00 graph]: start epoch 17.
[2023-03-22 08:54:00] PRINT [03/22 08:54:00 graph]: # Epoch 17: train_loss: 0.5455 | lr: 0.000391
[2023-03-22 08:54:00] PRINT [03/22 08:54:00 graph]: start epoch 18.
[2023-03-22 08:54:00] PRINT [03/22 08:54:00 graph]: # Epoch 18: train_loss: 0.5423 | lr: 0.000391
[2023-03-22 08:54:00] PRINT [03/22 08:54:00 graph]: start epoch 19.
[2023-03-22 08:54:00] PRINT [03/22 08:54:00 graph]: # Epoch 19: train_loss: 0.5386 | lr: 0.000391
[2023-03-22 08:54:00] PRINT [03/22 08:54:00 graph]: start epoch 20.
[2023-03-22 08:54:00] PRINT [03/22 08:54:00 graph]: # Epoch 20: train_loss: 0.5353 | lr: 0.000391
[2023-03-22 08:54:00] PRINT [03/22 08:54:00 graph]: start epoch 21.
[2023-03-22 08:54:00] PRINT [03/22 08:54:00 graph]: # Epoch 21: train_loss: 0.5332 | lr: 0.000391
[2023-03-22 08:54:00] PRINT [03/22 08:54:00 graph]: start epoch 22.
[2023-03-22 08:54:00] PRINT [03/22 08:54:00 graph]: # Epoch 22: train_loss: 0.5302 | lr: 0.000391
[2023-03-22 08:54:00] PRINT [03/22 08:54:00 graph]: start epoch 23.
[2023-03-22 08:54:00] PRINT [03/22 08:54:00 graph]: # Epoch 23: train_loss: 0.5281 | lr: 0.000391
[2023-03-22 08:54:00] PRINT [03/22 08:54:00 graph]: start epoch 24.
[2023-03-22 08:54:00] PRINT [03/22 08:54:00 graph]: # Epoch 24: train_loss: 0.5248 | lr: 0.000391
[2023-03-22 08:54:00] PRINT [03/22 08:54:00 graph]: start epoch 25.
[2023-03-22 08:54:00] PRINT [03/22 08:54:00 graph]: # Epoch 25: train_loss: 0.5227 | lr: 0.000391
[2023-03-22 08:54:00] PRINT [03/22 08:54:00 graph]: start epoch 26.
[2023-03-22 08:54:00] PRINT [03/22 08:54:00 graph]: # Epoch 26: train_loss: 0.5179 | lr: 0.000391
[2023-03-22 08:54:00] PRINT [03/22 08:54:00 graph]: start epoch 27.
[2023-03-22 08:54:01] PRINT [03/22 08:54:01 graph]: # Epoch 27: train_loss: 0.5149 | lr: 0.000391
[2023-03-22 08:54:01] PRINT [03/22 08:54:01 graph]: start epoch 28.
[2023-03-22 08:54:01] PRINT [03/22 08:54:01 graph]: # Epoch 28: train_loss: 0.5120 | lr: 0.000391
[2023-03-22 08:54:01] PRINT [03/22 08:54:01 graph]: start epoch 29.
[2023-03-22 08:54:01] PRINT [03/22 08:54:01 graph]: # Epoch 29: train_loss: 0.5092 | lr: 0.000391
[2023-03-22 08:54:01] PRINT [03/22 08:54:01 graph]: start epoch 30.
[2023-03-22 08:54:01] PRINT [03/22 08:54:01 graph]: # Epoch 30: train_loss: 0.5098 | lr: 0.000391
[2023-03-22 08:54:01] PRINT [03/22 08:54:01 graph]: start epoch 31.
[2023-03-22 08:54:01] PRINT [03/22 08:54:01 graph]: # Epoch 31: train_loss: 0.5033 | lr: 0.000391
[2023-03-22 08:54:01] PRINT [03/22 08:54:01 graph]: start epoch 32.
[2023-03-22 08:54:01] PRINT [03/22 08:54:01 graph]: # Epoch 32: train_loss: 0.5877 | lr: 0.000391
[2023-03-22 08:54:01] PRINT [03/22 08:54:01 graph]: start epoch 33.
[2023-03-22 08:54:01] PRINT [03/22 08:54:01 graph]: # Epoch 33: train_loss: 0.5230 | lr: 0.000391
[2023-03-22 08:54:01] PRINT [03/22 08:54:01 graph]: start epoch 34.
[2023-03-22 08:54:01] PRINT [03/22 08:54:01 graph]: # Epoch 34: train_loss: 0.5319 | lr: 0.000391
[2023-03-22 08:54:01] PRINT [03/22 08:54:01 graph]: start epoch 35.
[2023-03-22 08:54:01] PRINT [03/22 08:54:01 graph]: # Epoch 35: train_loss: 0.5350 | lr: 0.000391
[2023-03-22 08:54:01] PRINT [03/22 08:54:01 graph]: start epoch 36.
[2023-03-22 08:54:01] PRINT [03/22 08:54:01 graph]: # Epoch 36: train_loss: 0.5359 | lr: 0.000391
[2023-03-22 08:54:01] PRINT [03/22 08:54:01 graph]: start epoch 37.
[2023-03-22 08:54:01] PRINT [03/22 08:54:01 graph]: # Epoch 37: train_loss: 0.5371 | lr: 0.000391
[2023-03-22 08:54:01] PRINT [03/22 08:54:01 graph]: start epoch 38.
[2023-03-22 08:54:01] PRINT [03/22 08:54:01 graph]: # Epoch 38: train_loss: 0.5382 | lr: 0.000391
[2023-03-22 08:54:01] PRINT [03/22 08:54:01 graph]: start epoch 39.
[2023-03-22 08:54:01] PRINT [03/22 08:54:01 graph]: # Epoch 39: train_loss: 0.5373 | lr: 0.000391
[2023-03-22 08:54:01] PRINT [03/22 08:54:01 graph]: start epoch 40.
[2023-03-22 08:54:02] PRINT [03/22 08:54:02 graph]: # Epoch 40: train_loss: 0.5375 | lr: 0.000391
[2023-03-22 08:54:02] PRINT [03/22 08:54:02 graph]: start epoch 41.
[2023-03-22 08:54:02] PRINT [03/22 08:54:02 graph]: # Epoch 41: train_loss: 0.5361 | lr: 0.000391
[2023-03-22 08:54:02] PRINT [03/22 08:54:02 graph]: start epoch 42.
[2023-03-22 08:54:02] PRINT [03/22 08:54:02 graph]: # Epoch 42: train_loss: 0.5384 | lr: 0.000391
[2023-03-22 08:54:02] PRINT [03/22 08:54:02 graph]: start epoch 43.
[2023-03-22 08:54:02] PRINT [03/22 08:54:02 graph]: # Epoch 43: train_loss: 0.5356 | lr: 0.000391
[2023-03-22 08:54:02] PRINT [03/22 08:54:02 graph]: start epoch 44.
[2023-03-22 08:54:02] PRINT [03/22 08:54:02 graph]: # Epoch 44: train_loss: 0.5339 | lr: 0.000391
[2023-03-22 08:54:02] PRINT [03/22 08:54:02 graph]: start epoch 45.
[2023-03-22 08:54:02] PRINT [03/22 08:54:02 graph]: # Epoch 45: train_loss: 0.5317 | lr: 0.000391
[2023-03-22 08:54:02] PRINT [03/22 08:54:02 graph]: start epoch 46.
[2023-03-22 08:54:02] PRINT [03/22 08:54:02 graph]: # Epoch 46: train_loss: 0.5312 | lr: 0.000391
[2023-03-22 08:54:02] PRINT [03/22 08:54:02 graph]: start epoch 47.
[2023-03-22 08:54:02] PRINT [03/22 08:54:02 graph]: # Epoch 47: train_loss: 0.5270 | lr: 0.000391
[2023-03-22 08:54:02] PRINT [03/22 08:54:02 graph]: start epoch 48.
[2023-03-22 08:54:02] PRINT [03/22 08:54:02 graph]: # Epoch 48: train_loss: 0.5263 | lr: 0.000391
[2023-03-22 08:54:02] PRINT [03/22 08:54:02 graph]: start epoch 49.
[2023-03-22 08:54:02] PRINT [03/22 08:54:02 graph]: # Epoch 49: train_loss: 0.5232 | lr: 0.000391
[2023-03-22 08:54:02] PRINT [03/22 08:54:02 graph]: start epoch 50.
[2023-03-22 08:54:02] PRINT [03/22 08:54:02 graph]: # Epoch 50: train_loss: 0.5209 | lr: 0.000391
[2023-03-22 08:54:02] PRINT [03/22 08:54:02 graph]: start epoch 51.
[2023-03-22 08:54:02] PRINT [03/22 08:54:02 graph]: # Epoch 51: train_loss: 0.5187 | lr: 0.000391
[2023-03-22 08:54:09] PRINT [03/22 08:54:09 graph]: --- Testf1: 0.82767, Best Valacc: 0.83055 in epoch 437 --- 
[2023-03-22 08:54:10] PRINT [03/22 08:54:10 graph]: Epoch 51: get test acc score:  0.82767
[2023-03-22 08:54:10] PRINT [03/22 08:54:10 graph]: best_f1 0.82767 at epoch 51
[2023-03-22 08:54:10] PRINT [03/22 08:54:10 graph]: start epoch 52.
[2023-03-22 08:54:10] PRINT [03/22 08:54:10 graph]: # Epoch 52: train_loss: 0.5173 | lr: 0.000391
[2023-03-22 08:54:17] PRINT [03/22 08:54:17 graph]: --- Testf1: 0.82321, Best Valacc: 0.83055 in epoch 406 --- 
[2023-03-22 08:54:17] PRINT [03/22 08:54:17 graph]: Epoch 52: get test acc score:  0.82321
[2023-03-22 08:54:17] PRINT [03/22 08:54:17 graph]: best_f1 0.82767 at epoch 51
[2023-03-22 08:54:17] PRINT [03/22 08:54:17 graph]: start epoch 53.
[2023-03-22 08:54:17] PRINT [03/22 08:54:17 graph]: # Epoch 53: train_loss: 0.5153 | lr: 0.000391
[2023-03-22 08:54:24] PRINT [03/22 08:54:24 graph]: --- Testf1: 0.82967, Best Valacc: 0.82473 in epoch 488 --- 
[2023-03-22 08:54:24] PRINT [03/22 08:54:24 graph]: Epoch 53: get test acc score:  0.82967
[2023-03-22 08:54:24] PRINT [03/22 08:54:24 graph]: best_f1 0.82967 at epoch 53
[2023-03-22 08:54:24] PRINT [03/22 08:54:24 graph]: start epoch 54.
[2023-03-22 08:54:24] PRINT [03/22 08:54:24 graph]: # Epoch 54: train_loss: 0.5137 | lr: 0.000391
[2023-03-22 08:54:31] PRINT [03/22 08:54:31 graph]: --- Testf1: 0.82794, Best Valacc: 0.82764 in epoch 461 --- 
[2023-03-22 08:54:32] PRINT [03/22 08:54:32 graph]: Epoch 54: get test acc score:  0.82794
[2023-03-22 08:54:32] PRINT [03/22 08:54:32 graph]: best_f1 0.82967 at epoch 53
[2023-03-22 08:54:32] PRINT [03/22 08:54:32 graph]: start epoch 55.
[2023-03-22 08:54:32] PRINT [03/22 08:54:32 graph]: # Epoch 55: train_loss: 0.5115 | lr: 0.000391
[2023-03-22 08:54:39] PRINT [03/22 08:54:39 graph]: --- Testf1: 0.82658, Best Valacc: 0.82182 in epoch 360 --- 
[2023-03-22 08:54:39] PRINT [03/22 08:54:39 graph]: Epoch 55: get test acc score:  0.82658
[2023-03-22 08:54:39] PRINT [03/22 08:54:39 graph]: best_f1 0.82967 at epoch 53
[2023-03-22 08:54:39] PRINT [03/22 08:54:39 graph]: start epoch 56.
[2023-03-22 08:54:39] PRINT [03/22 08:54:39 graph]: # Epoch 56: train_loss: 0.5088 | lr: 0.000391
[2023-03-22 08:54:46] PRINT [03/22 08:54:46 graph]: --- Testf1: 0.81921, Best Valacc: 0.82691 in epoch 499 --- 
[2023-03-22 08:54:46] PRINT [03/22 08:54:46 graph]: Epoch 56: get test acc score:  0.81921
[2023-03-22 08:54:46] PRINT [03/22 08:54:46 graph]: best_f1 0.82967 at epoch 53
[2023-03-22 08:54:46] PRINT [03/22 08:54:46 graph]: start epoch 57.
[2023-03-22 08:54:46] PRINT [03/22 08:54:46 graph]: # Epoch 57: train_loss: 0.5076 | lr: 0.000391
[2023-03-22 08:54:53] PRINT [03/22 08:54:53 graph]: --- Testf1: 0.82721, Best Valacc: 0.82109 in epoch 349 --- 
[2023-03-22 08:54:54] PRINT [03/22 08:54:54 graph]: Epoch 57: get test acc score:  0.82721
[2023-03-22 08:54:54] PRINT [03/22 08:54:54 graph]: best_f1 0.82967 at epoch 53
[2023-03-22 08:54:54] PRINT [03/22 08:54:54 graph]: start epoch 58.
[2023-03-22 08:54:54] PRINT [03/22 08:54:54 graph]: # Epoch 58: train_loss: 0.5083 | lr: 0.000391
[2023-03-22 08:55:01] PRINT [03/22 08:55:01 graph]: --- Testf1: 0.83330, Best Valacc: 0.83273 in epoch 481 --- 
[2023-03-22 08:55:01] PRINT [03/22 08:55:01 graph]: Epoch 58: get test acc score:  0.83330
[2023-03-22 08:55:01] PRINT [03/22 08:55:01 graph]: best_f1 0.8333 at epoch 58
[2023-03-22 08:55:01] PRINT [03/22 08:55:01 graph]: start epoch 59.
[2023-03-22 08:55:01] PRINT [03/22 08:55:01 graph]: # Epoch 59: train_loss: 0.5055 | lr: 0.000391
[2023-03-22 08:55:08] PRINT [03/22 08:55:08 graph]: --- Testf1: 0.82440, Best Valacc: 0.82691 in epoch 448 --- 
[2023-03-22 08:55:08] PRINT [03/22 08:55:08 graph]: Epoch 59: get test acc score:  0.82440
[2023-03-22 08:55:08] PRINT [03/22 08:55:08 graph]: best_f1 0.8333 at epoch 58
[2023-03-22 08:55:08] PRINT [03/22 08:55:08 graph]: start epoch 60.
[2023-03-22 08:55:08] PRINT [03/22 08:55:08 graph]: # Epoch 60: train_loss: 0.5053 | lr: 0.000391
[2023-03-22 08:55:15] PRINT [03/22 08:55:15 graph]: --- Testf1: 0.82131, Best Valacc: 0.82618 in epoch 494 --- 
[2023-03-22 08:55:16] PRINT [03/22 08:55:16 graph]: Epoch 60: get test acc score:  0.82131
[2023-03-22 08:55:16] PRINT [03/22 08:55:16 graph]: best_f1 0.8333 at epoch 58
[2023-03-22 08:55:16] PRINT [03/22 08:55:16 graph]: start epoch 61.
[2023-03-22 08:55:16] PRINT [03/22 08:55:16 graph]: # Epoch 61: train_loss: 0.5029 | lr: 0.000391
[2023-03-22 08:55:23] PRINT [03/22 08:55:23 graph]: --- Testf1: 0.83212, Best Valacc: 0.82909 in epoch 399 --- 
[2023-03-22 08:55:23] PRINT [03/22 08:55:23 graph]: Epoch 61: get test acc score:  0.83212
[2023-03-22 08:55:23] PRINT [03/22 08:55:23 graph]: best_f1 0.8333 at epoch 58
[2023-03-22 08:55:23] PRINT [03/22 08:55:23 graph]: start epoch 62.
[2023-03-22 08:55:23] PRINT [03/22 08:55:23 graph]: # Epoch 62: train_loss: 0.5017 | lr: 0.000391
[2023-03-22 08:55:30] PRINT [03/22 08:55:30 graph]: --- Testf1: 0.83839, Best Valacc: 0.84000 in epoch 434 --- 
[2023-03-22 08:55:30] PRINT [03/22 08:55:30 graph]: Epoch 62: get test acc score:  0.83839
[2023-03-22 08:55:30] PRINT [03/22 08:55:30 graph]: best_f1 0.83839 at epoch 62
[2023-03-22 08:55:30] PRINT [03/22 08:55:30 graph]: start epoch 63.
[2023-03-22 08:55:30] PRINT [03/22 08:55:30 graph]: # Epoch 63: train_loss: 0.5022 | lr: 0.000391
[2023-03-22 08:55:37] PRINT [03/22 08:55:37 graph]: --- Testf1: 0.82976, Best Valacc: 0.84145 in epoch 472 --- 
[2023-03-22 08:55:37] PRINT [03/22 08:55:37 graph]: Epoch 63: get test acc score:  0.82976
[2023-03-22 08:55:37] PRINT [03/22 08:55:37 graph]: best_f1 0.83839 at epoch 62
[2023-03-22 08:55:37] PRINT [03/22 08:55:37 graph]: start epoch 64.
[2023-03-22 08:55:37] PRINT [03/22 08:55:37 graph]: # Epoch 64: train_loss: 0.5001 | lr: 0.000391
[2023-03-22 08:55:44] PRINT [03/22 08:55:44 graph]: --- Testf1: 0.83285, Best Valacc: 0.84073 in epoch 361 --- 
[2023-03-22 08:55:45] PRINT [03/22 08:55:45 graph]: Epoch 64: get test acc score:  0.83285
[2023-03-22 08:55:45] PRINT [03/22 08:55:45 graph]: best_f1 0.83839 at epoch 62
[2023-03-22 08:55:45] PRINT [03/22 08:55:45 graph]: start epoch 65.
[2023-03-22 08:55:45] PRINT [03/22 08:55:45 graph]: # Epoch 65: train_loss: 0.4992 | lr: 0.000391
[2023-03-22 08:55:52] PRINT [03/22 08:55:52 graph]: --- Testf1: 0.83612, Best Valacc: 0.83927 in epoch 466 --- 
[2023-03-22 08:55:52] PRINT [03/22 08:55:52 graph]: Epoch 65: get test acc score:  0.83612
[2023-03-22 08:55:52] PRINT [03/22 08:55:52 graph]: best_f1 0.83839 at epoch 62
[2023-03-22 08:55:52] PRINT [03/22 08:55:52 graph]: start epoch 66.
[2023-03-22 08:55:52] PRINT [03/22 08:55:52 graph]: # Epoch 66: train_loss: 0.4966 | lr: 0.000391
[2023-03-22 08:55:59] PRINT [03/22 08:55:59 graph]: --- Testf1: 0.82512, Best Valacc: 0.82400 in epoch 443 --- 
[2023-03-22 08:55:59] PRINT [03/22 08:55:59 graph]: Epoch 66: get test acc score:  0.82512
[2023-03-22 08:55:59] PRINT [03/22 08:55:59 graph]: best_f1 0.83839 at epoch 62
[2023-03-22 08:55:59] PRINT [03/22 08:55:59 graph]: start epoch 67.
[2023-03-22 08:55:59] PRINT [03/22 08:55:59 graph]: # Epoch 67: train_loss: 0.4968 | lr: 0.000391
[2023-03-22 08:56:06] PRINT [03/22 08:56:06 graph]: --- Testf1: 0.83667, Best Valacc: 0.82327 in epoch 491 --- 
[2023-03-22 08:56:07] PRINT [03/22 08:56:07 graph]: Epoch 67: get test acc score:  0.83667
[2023-03-22 08:56:07] PRINT [03/22 08:56:07 graph]: best_f1 0.83839 at epoch 62
[2023-03-22 08:56:07] PRINT [03/22 08:56:07 graph]: start epoch 68.
[2023-03-22 08:56:07] PRINT [03/22 08:56:07 graph]: # Epoch 68: train_loss: 0.4957 | lr: 0.000391
[2023-03-22 08:56:14] PRINT [03/22 08:56:14 graph]: --- Testf1: 0.83821, Best Valacc: 0.82618 in epoch 391 --- 
[2023-03-22 08:56:14] PRINT [03/22 08:56:14 graph]: Epoch 68: get test acc score:  0.83821
[2023-03-22 08:56:14] PRINT [03/22 08:56:14 graph]: best_f1 0.83839 at epoch 62
[2023-03-22 08:56:14] PRINT [03/22 08:56:14 graph]: start epoch 69.
[2023-03-22 08:56:14] PRINT [03/22 08:56:14 graph]: # Epoch 69: train_loss: 0.4937 | lr: 0.000391
[2023-03-22 08:56:21] PRINT [03/22 08:56:21 graph]: --- Testf1: 0.83530, Best Valacc: 0.83927 in epoch 453 --- 
[2023-03-22 08:56:21] PRINT [03/22 08:56:21 graph]: Epoch 69: get test acc score:  0.83530
[2023-03-22 08:56:21] PRINT [03/22 08:56:21 graph]: best_f1 0.83839 at epoch 62
[2023-03-22 08:56:21] PRINT [03/22 08:56:21 graph]: start epoch 70.
[2023-03-22 08:56:21] PRINT [03/22 08:56:21 graph]: # Epoch 70: train_loss: 0.4927 | lr: 0.000391
[2023-03-22 08:56:28] PRINT [03/22 08:56:28 graph]: --- Testf1: 0.83212, Best Valacc: 0.82473 in epoch 413 --- 
[2023-03-22 08:56:28] PRINT [03/22 08:56:28 graph]: Epoch 70: get test acc score:  0.83212
[2023-03-22 08:56:28] PRINT [03/22 08:56:28 graph]: best_f1 0.83839 at epoch 62
[2023-03-22 08:56:28] PRINT [03/22 08:56:28 graph]: start epoch 71.
[2023-03-22 08:56:28] PRINT [03/22 08:56:28 graph]: # Epoch 71: train_loss: 0.4911 | lr: 0.000391
[2023-03-22 08:56:35] PRINT [03/22 08:56:35 graph]: --- Testf1: 0.83394, Best Valacc: 0.82618 in epoch 429 --- 
[2023-03-22 08:56:36] PRINT [03/22 08:56:36 graph]: Epoch 71: get test acc score:  0.83394
[2023-03-22 08:56:36] PRINT [03/22 08:56:36 graph]: best_f1 0.83839 at epoch 62
[2023-03-22 08:56:36] PRINT [03/22 08:56:36 graph]: start epoch 72.
[2023-03-22 08:56:36] PRINT [03/22 08:56:36 graph]: # Epoch 72: train_loss: 0.4911 | lr: 0.000391
[2023-03-22 08:56:43] PRINT [03/22 08:56:43 graph]: --- Testf1: 0.82721, Best Valacc: 0.83491 in epoch 322 --- 
[2023-03-22 08:56:43] PRINT [03/22 08:56:43 graph]: Epoch 72: get test acc score:  0.82721
[2023-03-22 08:56:43] PRINT [03/22 08:56:43 graph]: best_f1 0.83839 at epoch 62
[2023-03-22 08:56:43] PRINT [03/22 08:56:43 graph]: start epoch 73.
[2023-03-22 08:56:43] PRINT [03/22 08:56:43 graph]: # Epoch 73: train_loss: 0.4903 | lr: 0.000391
[2023-03-22 08:56:50] PRINT [03/22 08:56:50 graph]: --- Testf1: 0.83294, Best Valacc: 0.83200 in epoch 379 --- 
[2023-03-22 08:56:50] PRINT [03/22 08:56:50 graph]: Epoch 73: get test acc score:  0.83294
[2023-03-22 08:56:50] PRINT [03/22 08:56:50 graph]: best_f1 0.83839 at epoch 62
[2023-03-22 08:56:50] PRINT [03/22 08:56:50 graph]: start epoch 74.
[2023-03-22 08:56:51] PRINT [03/22 08:56:51 graph]: # Epoch 74: train_loss: 0.4884 | lr: 0.000391
[2023-03-22 08:56:57] PRINT [03/22 08:56:57 graph]: --- Testf1: 0.83358, Best Valacc: 0.82836 in epoch 453 --- 
[2023-03-22 08:56:58] PRINT [03/22 08:56:58 graph]: Epoch 74: get test acc score:  0.83358
[2023-03-22 08:56:58] PRINT [03/22 08:56:58 graph]: best_f1 0.83839 at epoch 62
[2023-03-22 08:56:58] PRINT [03/22 08:56:58 graph]: start epoch 75.
[2023-03-22 08:56:58] PRINT [03/22 08:56:58 graph]: # Epoch 75: train_loss: 0.4877 | lr: 0.000391
[2023-03-22 08:57:03] PRINT [03/22 08:57:03 graph]: --- Testf1: 0.83976, Best Valacc: 0.83709 in epoch 329 --- 
[2023-03-22 08:57:03] PRINT [03/22 08:57:03 graph]: Epoch 75: get test acc score:  0.83976
[2023-03-22 08:57:03] PRINT [03/22 08:57:03 graph]: best_f1 0.83976 at epoch 75
[2023-03-22 08:57:03] PRINT [03/22 08:57:03 graph]: start epoch 76.
[2023-03-22 08:57:04] PRINT [03/22 08:57:04 graph]: # Epoch 76: train_loss: 0.4865 | lr: 0.000391
[2023-03-22 08:57:07] PRINT [03/22 08:57:07 graph]: --- Testf1: 0.83621, Best Valacc: 0.82764 in epoch 410 --- 
[2023-03-22 08:57:08] PRINT [03/22 08:57:08 graph]: Epoch 76: get test acc score:  0.83621
[2023-03-22 08:57:08] PRINT [03/22 08:57:08 graph]: best_f1 0.83976 at epoch 75
[2023-03-22 08:57:08] PRINT [03/22 08:57:08 graph]: start epoch 77.
[2023-03-22 08:57:08] PRINT [03/22 08:57:08 graph]: # Epoch 77: train_loss: 0.4860 | lr: 0.000391
[2023-03-22 08:57:12] PRINT [03/22 08:57:12 graph]: --- Testf1: 0.83539, Best Valacc: 0.83564 in epoch 437 --- 
[2023-03-22 08:57:12] PRINT [03/22 08:57:12 graph]: Epoch 77: get test acc score:  0.83539
[2023-03-22 08:57:12] PRINT [03/22 08:57:12 graph]: best_f1 0.83976 at epoch 75
[2023-03-22 08:57:12] PRINT [03/22 08:57:12 graph]: start epoch 78.
[2023-03-22 08:57:12] PRINT [03/22 08:57:12 graph]: # Epoch 78: train_loss: 0.4850 | lr: 0.000391
[2023-03-22 08:57:16] PRINT [03/22 08:57:16 graph]: --- Testf1: 0.83812, Best Valacc: 0.83782 in epoch 401 --- 
[2023-03-22 08:57:16] PRINT [03/22 08:57:16 graph]: Epoch 78: get test acc score:  0.83812
[2023-03-22 08:57:16] PRINT [03/22 08:57:16 graph]: best_f1 0.83976 at epoch 75
[2023-03-22 08:57:16] PRINT [03/22 08:57:16 graph]: start epoch 79.
[2023-03-22 08:57:16] PRINT [03/22 08:57:16 graph]: # Epoch 79: train_loss: 0.4835 | lr: 0.000391
[2023-03-22 08:57:23] PRINT [03/22 08:57:23 graph]: --- Testf1: 0.83976, Best Valacc: 0.83709 in epoch 418 --- 
[2023-03-22 08:57:23] PRINT [03/22 08:57:23 graph]: Epoch 79: get test acc score:  0.83976
[2023-03-22 08:57:23] PRINT [03/22 08:57:23 graph]: best_f1 0.83976 at epoch 75
[2023-03-22 08:57:23] PRINT [03/22 08:57:23 graph]: start epoch 80.
[2023-03-22 08:57:23] PRINT [03/22 08:57:23 graph]: # Epoch 80: train_loss: 0.4838 | lr: 0.000391
[2023-03-22 08:57:33] PRINT [03/22 08:57:33 graph]: --- Testf1: 0.84003, Best Valacc: 0.83709 in epoch 391 --- 
[2023-03-22 08:57:33] PRINT [03/22 08:57:33 graph]: Epoch 80: get test acc score:  0.84003
[2023-03-22 08:57:33] PRINT [03/22 08:57:33 graph]: best_f1 0.84003 at epoch 80
[2023-03-22 08:57:33] PRINT [03/22 08:57:33 graph]: start epoch 81.
[2023-03-22 08:57:33] PRINT [03/22 08:57:33 graph]: # Epoch 81: train_loss: 0.4811 | lr: 0.000391
[2023-03-22 08:57:40] PRINT [03/22 08:57:40 graph]: --- Testf1: 0.84339, Best Valacc: 0.84218 in epoch 358 --- 
[2023-03-22 08:57:40] PRINT [03/22 08:57:40 graph]: Epoch 81: get test acc score:  0.84339
[2023-03-22 08:57:40] PRINT [03/22 08:57:40 graph]: best_f1 0.84339 at epoch 81
[2023-03-22 08:57:40] PRINT [03/22 08:57:40 graph]: start epoch 82.
[2023-03-22 08:57:40] PRINT [03/22 08:57:40 graph]: # Epoch 82: train_loss: 0.4810 | lr: 0.000391
[2023-03-22 08:57:47] PRINT [03/22 08:57:47 graph]: --- Testf1: 0.84394, Best Valacc: 0.84145 in epoch 463 --- 
[2023-03-22 08:57:47] PRINT [03/22 08:57:47 graph]: Epoch 82: get test acc score:  0.84394
[2023-03-22 08:57:47] PRINT [03/22 08:57:47 graph]: best_f1 0.84394 at epoch 82
[2023-03-22 08:57:47] PRINT [03/22 08:57:47 graph]: start epoch 83.
[2023-03-22 08:57:48] PRINT [03/22 08:57:48 graph]: # Epoch 83: train_loss: 0.4798 | lr: 0.000391
[2023-03-22 08:57:55] PRINT [03/22 08:57:55 graph]: --- Testf1: 0.84094, Best Valacc: 0.84509 in epoch 485 --- 
[2023-03-22 08:57:55] PRINT [03/22 08:57:55 graph]: Epoch 83: get test acc score:  0.84094
[2023-03-22 08:57:55] PRINT [03/22 08:57:55 graph]: best_f1 0.84394 at epoch 82
[2023-03-22 08:57:55] PRINT [03/22 08:57:55 graph]: start epoch 84.
[2023-03-22 08:57:55] PRINT [03/22 08:57:55 graph]: # Epoch 84: train_loss: 0.4788 | lr: 0.000391
[2023-03-22 08:58:02] PRINT [03/22 08:58:02 graph]: --- Testf1: 0.83921, Best Valacc: 0.83927 in epoch 441 --- 
[2023-03-22 08:58:02] PRINT [03/22 08:58:02 graph]: Epoch 84: get test acc score:  0.83921
[2023-03-22 08:58:02] PRINT [03/22 08:58:02 graph]: best_f1 0.84394 at epoch 82
[2023-03-22 08:58:02] PRINT [03/22 08:58:02 graph]: start epoch 85.
[2023-03-22 08:58:02] PRINT [03/22 08:58:02 graph]: # Epoch 85: train_loss: 0.4782 | lr: 0.000391
[2023-03-22 08:58:09] PRINT [03/22 08:58:09 graph]: --- Testf1: 0.84966, Best Valacc: 0.84509 in epoch 497 --- 
[2023-03-22 08:58:10] PRINT [03/22 08:58:10 graph]: Epoch 85: get test acc score:  0.84966
[2023-03-22 08:58:10] PRINT [03/22 08:58:10 graph]: best_f1 0.84966 at epoch 85
[2023-03-22 08:58:10] PRINT [03/22 08:58:10 graph]: start epoch 86.
[2023-03-22 08:58:10] PRINT [03/22 08:58:10 graph]: # Epoch 86: train_loss: 0.4767 | lr: 0.000391
[2023-03-22 08:58:17] PRINT [03/22 08:58:17 graph]: --- Testf1: 0.84266, Best Valacc: 0.84655 in epoch 496 --- 
[2023-03-22 08:58:17] PRINT [03/22 08:58:17 graph]: Epoch 86: get test acc score:  0.84266
[2023-03-22 08:58:17] PRINT [03/22 08:58:17 graph]: best_f1 0.84966 at epoch 85
[2023-03-22 08:58:17] PRINT [03/22 08:58:17 graph]: start epoch 87.
[2023-03-22 08:58:17] PRINT [03/22 08:58:17 graph]: # Epoch 87: train_loss: 0.4766 | lr: 0.000391
[2023-03-22 08:58:24] PRINT [03/22 08:58:24 graph]: --- Testf1: 0.84694, Best Valacc: 0.83855 in epoch 498 --- 
[2023-03-22 08:58:24] PRINT [03/22 08:58:24 graph]: Epoch 87: get test acc score:  0.84694
[2023-03-22 08:58:24] PRINT [03/22 08:58:24 graph]: best_f1 0.84966 at epoch 85
[2023-03-22 08:58:24] PRINT [03/22 08:58:24 graph]: start epoch 88.
[2023-03-22 08:58:24] PRINT [03/22 08:58:24 graph]: # Epoch 88: train_loss: 0.4757 | lr: 0.000391
[2023-03-22 08:58:32] PRINT [03/22 08:58:32 graph]: --- Testf1: 0.84894, Best Valacc: 0.85309 in epoch 485 --- 
[2023-03-22 08:58:32] PRINT [03/22 08:58:32 graph]: Epoch 88: get test acc score:  0.84894
[2023-03-22 08:58:32] PRINT [03/22 08:58:32 graph]: best_f1 0.84966 at epoch 85
[2023-03-22 08:58:32] PRINT [03/22 08:58:32 graph]: start epoch 89.
[2023-03-22 08:58:32] PRINT [03/22 08:58:32 graph]: # Epoch 89: train_loss: 0.4742 | lr: 0.000391
[2023-03-22 08:58:39] PRINT [03/22 08:58:39 graph]: --- Testf1: 0.84603, Best Valacc: 0.83491 in epoch 499 --- 
[2023-03-22 08:58:39] PRINT [03/22 08:58:39 graph]: Epoch 89: get test acc score:  0.84603
[2023-03-22 08:58:39] PRINT [03/22 08:58:39 graph]: best_f1 0.84966 at epoch 85
[2023-03-22 08:58:39] PRINT [03/22 08:58:39 graph]: start epoch 90.
[2023-03-22 08:58:39] PRINT [03/22 08:58:39 graph]: # Epoch 90: train_loss: 0.4747 | lr: 0.000391
[2023-03-22 08:58:46] PRINT [03/22 08:58:46 graph]: --- Testf1: 0.85439, Best Valacc: 0.84945 in epoch 414 --- 
[2023-03-22 08:58:46] PRINT [03/22 08:58:46 graph]: Epoch 90: get test acc score:  0.85439
[2023-03-22 08:58:46] PRINT [03/22 08:58:46 graph]: best_f1 0.85439 at epoch 90
[2023-03-22 08:58:46] PRINT [03/22 08:58:46 graph]: start epoch 91.
[2023-03-22 08:58:47] PRINT [03/22 08:58:47 graph]: # Epoch 91: train_loss: 0.4735 | lr: 0.000391
[2023-03-22 08:58:54] PRINT [03/22 08:58:54 graph]: --- Testf1: 0.84530, Best Valacc: 0.84364 in epoch 499 --- 
[2023-03-22 08:58:54] PRINT [03/22 08:58:54 graph]: Epoch 91: get test acc score:  0.84530
[2023-03-22 08:58:54] PRINT [03/22 08:58:54 graph]: best_f1 0.85439 at epoch 90
[2023-03-22 08:58:54] PRINT [03/22 08:58:54 graph]: start epoch 92.
[2023-03-22 08:58:54] PRINT [03/22 08:58:54 graph]: # Epoch 92: train_loss: 0.4736 | lr: 0.000391
[2023-03-22 08:59:01] PRINT [03/22 08:59:01 graph]: --- Testf1: 0.84585, Best Valacc: 0.84727 in epoch 494 --- 
[2023-03-22 08:59:01] PRINT [03/22 08:59:01 graph]: Epoch 92: get test acc score:  0.84585
[2023-03-22 08:59:01] PRINT [03/22 08:59:01 graph]: best_f1 0.85439 at epoch 90
[2023-03-22 08:59:01] PRINT [03/22 08:59:01 graph]: start epoch 93.
[2023-03-22 08:59:01] PRINT [03/22 08:59:01 graph]: # Epoch 93: train_loss: 0.4732 | lr: 0.000391
[2023-03-22 08:59:08] PRINT [03/22 08:59:08 graph]: --- Testf1: 0.84994, Best Valacc: 0.84218 in epoch 355 --- 
[2023-03-22 08:59:09] PRINT [03/22 08:59:09 graph]: Epoch 93: get test acc score:  0.84994
[2023-03-22 08:59:09] PRINT [03/22 08:59:09 graph]: best_f1 0.85439 at epoch 90
[2023-03-22 08:59:09] PRINT [03/22 08:59:09 graph]: start epoch 94.
[2023-03-22 08:59:09] PRINT [03/22 08:59:09 graph]: # Epoch 94: train_loss: 0.4710 | lr: 0.000391
[2023-03-22 08:59:16] PRINT [03/22 08:59:16 graph]: --- Testf1: 0.85348, Best Valacc: 0.84655 in epoch 482 --- 
[2023-03-22 08:59:16] PRINT [03/22 08:59:16 graph]: Epoch 94: get test acc score:  0.85348
[2023-03-22 08:59:16] PRINT [03/22 08:59:16 graph]: best_f1 0.85439 at epoch 90
[2023-03-22 08:59:16] PRINT [03/22 08:59:16 graph]: start epoch 95.
[2023-03-22 08:59:16] PRINT [03/22 08:59:16 graph]: # Epoch 95: train_loss: 0.4713 | lr: 0.000391
[2023-03-22 08:59:23] PRINT [03/22 08:59:23 graph]: --- Testf1: 0.85466, Best Valacc: 0.85164 in epoch 388 --- 
[2023-03-22 08:59:23] PRINT [03/22 08:59:23 graph]: Epoch 95: get test acc score:  0.85466
[2023-03-22 08:59:23] PRINT [03/22 08:59:23 graph]: best_f1 0.85466 at epoch 95
[2023-03-22 08:59:23] PRINT [03/22 08:59:23 graph]: start epoch 96.
[2023-03-22 08:59:23] PRINT [03/22 08:59:23 graph]: # Epoch 96: train_loss: 0.4697 | lr: 0.000391
[2023-03-22 08:59:31] PRINT [03/22 08:59:31 graph]: --- Testf1: 0.85321, Best Valacc: 0.85818 in epoch 441 --- 
[2023-03-22 08:59:31] PRINT [03/22 08:59:31 graph]: Epoch 96: get test acc score:  0.85321
[2023-03-22 08:59:31] PRINT [03/22 08:59:31 graph]: best_f1 0.85466 at epoch 95
[2023-03-22 08:59:31] PRINT [03/22 08:59:31 graph]: start epoch 97.
[2023-03-22 08:59:31] PRINT [03/22 08:59:31 graph]: # Epoch 97: train_loss: 0.4693 | lr: 0.000391
[2023-03-22 08:59:38] PRINT [03/22 08:59:38 graph]: --- Testf1: 0.85330, Best Valacc: 0.85382 in epoch 430 --- 
[2023-03-22 08:59:38] PRINT [03/22 08:59:38 graph]: Epoch 97: get test acc score:  0.85330
[2023-03-22 08:59:38] PRINT [03/22 08:59:38 graph]: best_f1 0.85466 at epoch 95
[2023-03-22 08:59:38] PRINT [03/22 08:59:38 graph]: start epoch 98.
[2023-03-22 08:59:38] PRINT [03/22 08:59:38 graph]: # Epoch 98: train_loss: 0.4693 | lr: 0.000391
[2023-03-22 08:59:45] PRINT [03/22 08:59:45 graph]: --- Testf1: 0.85630, Best Valacc: 0.85309 in epoch 449 --- 
[2023-03-22 08:59:46] PRINT [03/22 08:59:46 graph]: Epoch 98: get test acc score:  0.85630
[2023-03-22 08:59:46] PRINT [03/22 08:59:46 graph]: best_f1 0.8563 at epoch 98
[2023-03-22 08:59:46] PRINT [03/22 08:59:46 graph]: start epoch 99.
[2023-03-22 08:59:46] PRINT [03/22 08:59:46 graph]: # Epoch 99: train_loss: 0.4686 | lr: 0.000391
[2023-03-22 08:59:53] PRINT [03/22 08:59:53 graph]: --- Testf1: 0.84903, Best Valacc: 0.84509 in epoch 483 --- 
[2023-03-22 08:59:53] PRINT [03/22 08:59:53 graph]: Epoch 99: get test acc score:  0.84903
[2023-03-22 08:59:53] PRINT [03/22 08:59:53 graph]: best_f1 0.8563 at epoch 98
[2023-03-22 08:59:53] PRINT [03/22 08:59:53 graph]: # final_acc: 0.85630±0.00000
