[2023-03-05 23:33:57] PRINT ---new cfg------
[2023-03-05 23:33:57] PRINT {'DATA': {'data_name': 'MUTAG', 'deg4feat': True}, 'DATALOADER': {'NUM_WORKERS': 0, 'BATCH_SIZE': 32}, 'MODEL': {'num_hidden': 512, 'num_layers': 2, 'nhead': 4, 'activation': 'prelu', 'attn_drop': 0.2, 'feat_drop': 0.4, 'norm': 'layernorm', 'pooler': 'mean', 'beta_schedule': 'const', 'beta_1': 0.0001010089669813673, 'beta_T': 0.03789794976130246, 'T': 969}, 'SOLVER': {'optim_type': 'adamw', 'optim_type_f': 'adamw', 'alpha': 1, 'decay': 30, 'LR': 0.0002696095789913917, 'weight_decay': 0.0005, 'MAX_EPOCH': 50}, 'DEVICE': 'cuda', 'seeds': [11], 'eval_T': [50, 100, 200], 'output_dir': '/ddm-nni/MUTAG/log', 'checkpoint_dir': '/ddm-nni/MUTAG/log/checkpoint'}
[2023-03-05 23:33:57] PRINT [03/05 23:33:57 graph]: Rank of current process: 0. World size: 1
[2023-03-05 23:34:01] PRINT [03/05 23:34:01 graph]: Environment info:
[2023-03-05 23:34:01] PRINT PyTorch version: 1.10.0+cu113
[2023-03-05 23:34:01] PRINT Is debug build: False
[2023-03-05 23:34:01] PRINT CUDA used to build PyTorch: 11.3
[2023-03-05 23:34:01] PRINT ROCM used to build PyTorch: N/A
[2023-03-05 23:34:01] PRINT 
[2023-03-05 23:34:01] PRINT OS: Ubuntu 20.04.3 LTS (x86_64)
[2023-03-05 23:34:01] PRINT GCC version: (Ubuntu 9.3.0-17ubuntu1~20.04) 9.3.0
[2023-03-05 23:34:01] PRINT Clang version: Could not collect
[2023-03-05 23:34:01] PRINT CMake version: version 3.16.3
[2023-03-05 23:34:01] PRINT Libc version: glibc-2.31
[2023-03-05 23:34:01] PRINT 
[2023-03-05 23:34:01] PRINT Python version: 3.8.10 (default, Jun  4 2021, 15:09:15)  [GCC 7.5.0] (64-bit runtime)
[2023-03-05 23:34:01] PRINT Python platform: Linux-5.4.0-90-generic-x86_64-with-glibc2.17
[2023-03-05 23:34:01] PRINT Is CUDA available: True
[2023-03-05 23:34:01] PRINT CUDA runtime version: 11.3.109
[2023-03-05 23:34:01] PRINT GPU models and configuration: GPU 0: NVIDIA GeForce RTX 3090
[2023-03-05 23:34:01] PRINT Nvidia driver version: 495.44
[2023-03-05 23:34:01] PRINT cuDNN version: Probably one of the following:
[2023-03-05 23:34:01] PRINT /usr/lib/x86_64-linux-gnu/libcudnn.so.8.2.0
[2023-03-05 23:34:01] PRINT /usr/lib/x86_64-linux-gnu/libcudnn_adv_infer.so.8.2.0
[2023-03-05 23:34:01] PRINT /usr/lib/x86_64-linux-gnu/libcudnn_adv_train.so.8.2.0
[2023-03-05 23:34:01] PRINT /usr/lib/x86_64-linux-gnu/libcudnn_cnn_infer.so.8.2.0
[2023-03-05 23:34:01] PRINT /usr/lib/x86_64-linux-gnu/libcudnn_cnn_train.so.8.2.0
[2023-03-05 23:34:01] PRINT /usr/lib/x86_64-linux-gnu/libcudnn_ops_infer.so.8.2.0
[2023-03-05 23:34:01] PRINT /usr/lib/x86_64-linux-gnu/libcudnn_ops_train.so.8.2.0
[2023-03-05 23:34:01] PRINT HIP runtime version: N/A
[2023-03-05 23:34:01] PRINT MIOpen runtime version: N/A
[2023-03-05 23:34:01] PRINT 
[2023-03-05 23:34:01] PRINT Versions of relevant libraries:
[2023-03-05 23:34:01] PRINT [pip3] numpy==1.23.5
[2023-03-05 23:34:01] PRINT [pip3] torch==1.10.0+cu113
[2023-03-05 23:34:01] PRINT [pip3] torchvision==0.11.1+cu113
[2023-03-05 23:34:01] PRINT [conda] blas                      1.0                         mkl    https://mirrors.ustc.edu.cn/anaconda/pkgs/main
[2023-03-05 23:34:01] PRINT [conda] mkl                       2021.4.0           h06a4308_640    https://mirrors.ustc.edu.cn/anaconda/pkgs/main
[2023-03-05 23:34:01] PRINT [conda] mkl-service               2.4.0            py38h7f8727e_0    https://mirrors.ustc.edu.cn/anaconda/pkgs/main
[2023-03-05 23:34:01] PRINT [conda] mkl_fft                   1.3.1            py38hd3c417c_0    https://mirrors.ustc.edu.cn/anaconda/pkgs/main
[2023-03-05 23:34:01] PRINT [conda] mkl_random                1.2.2            py38h51133e4_0    https://mirrors.ustc.edu.cn/anaconda/pkgs/main
[2023-03-05 23:34:01] PRINT [conda] numpy                     1.21.4                   pypi_0    pypi
[2023-03-05 23:34:01] PRINT [conda] numpy-base                1.23.5           py38h31eccc5_0    https://mirrors.ustc.edu.cn/anaconda/pkgs/main
[2023-03-05 23:34:01] PRINT [conda] torch                     1.10.0+cu113             pypi_0    pypi
[2023-03-05 23:34:01] PRINT [conda] torchvision               0.11.1+cu113             pypi_0    pypi
[2023-03-05 23:34:01] PRINT         Pillow (8.4.0)
[2023-03-05 23:34:01] PRINT [03/05 23:34:01 graph]: Command line arguments: Namespace(local_rank=0, resume=False, seed=1234, start_epoch=0)
[2023-03-05 23:34:01] PRINT Using degree as node features
[2023-03-05 23:34:01] PRINT ******** # Num Graphs: 188, # Num Feat: 5, # Num Classes: 2 ********
[2023-03-05 23:34:01] PRINT [03/05 23:34:01 graph]: Run 0th for seed 11
[2023-03-05 23:34:01] PRINT [03/05 23:34:01 graph]: Total trainable params num : 5237359
[2023-03-05 23:34:06] PRINT [03/05 23:34:06 graph]: ----------Start Training----------
[2023-03-05 23:34:06] PRINT [03/05 23:34:06 graph]: Epoch 0 | train_loss: 0.7527 | lr: 0.000270
[2023-03-05 23:34:06] PRINT [03/05 23:34:06 graph]: Epoch 1 | train_loss: 0.5113 | lr: 0.000270
[2023-03-05 23:34:07] PRINT [03/05 23:34:07 graph]: Epoch 2 | train_loss: 0.4518 | lr: 0.000270
[2023-03-05 23:34:10] PRINT [03/05 23:34:10 graph]: #Test_f1: 0.8614±0.0685
[2023-03-05 23:34:10] PRINT [03/05 23:34:10 graph]: Epoch 2: get test f1 score:  0.861
[2023-03-05 23:34:10] PRINT [03/05 23:34:10 graph]: best_f1 0.861 at epoch 2
[2023-03-05 23:34:10] PRINT [03/05 23:34:10 graph]: Epoch 3 | train_loss: 0.4060 | lr: 0.000270
[2023-03-05 23:34:13] PRINT [03/05 23:34:13 graph]: #Test_f1: 0.8298±0.0513
[2023-03-05 23:34:13] PRINT [03/05 23:34:13 graph]: Epoch 3: get test f1 score:  0.830
[2023-03-05 23:34:13] PRINT [03/05 23:34:13 graph]: best_f1 0.861 at epoch 2
[2023-03-05 23:34:14] PRINT [03/05 23:34:14 graph]: Epoch 4 | train_loss: 0.3793 | lr: 0.000270
[2023-03-05 23:34:17] PRINT [03/05 23:34:17 graph]: #Test_f1: 0.8561±0.0541
[2023-03-05 23:34:17] PRINT [03/05 23:34:17 graph]: Epoch 4: get test f1 score:  0.856
[2023-03-05 23:34:17] PRINT [03/05 23:34:17 graph]: best_f1 0.861 at epoch 2
[2023-03-05 23:34:17] PRINT [03/05 23:34:17 graph]: Epoch 5 | train_loss: 0.3530 | lr: 0.000270
[2023-03-05 23:34:20] PRINT [03/05 23:34:20 graph]: #Test_f1: 0.8620±0.0714
[2023-03-05 23:34:20] PRINT [03/05 23:34:20 graph]: Epoch 5: get test f1 score:  0.862
[2023-03-05 23:34:20] PRINT [03/05 23:34:20 graph]: best_f1 0.862 at epoch 5
[2023-03-05 23:34:20] PRINT [03/05 23:34:20 graph]: Epoch 6 | train_loss: 0.3431 | lr: 0.000270
[2023-03-05 23:34:24] PRINT [03/05 23:34:24 graph]: #Test_f1: 0.8611±0.0605
[2023-03-05 23:34:24] PRINT [03/05 23:34:24 graph]: Epoch 6: get test f1 score:  0.861
[2023-03-05 23:34:24] PRINT [03/05 23:34:24 graph]: best_f1 0.862 at epoch 5
[2023-03-05 23:34:24] PRINT [03/05 23:34:24 graph]: Epoch 7 | train_loss: 0.3206 | lr: 0.000270
[2023-03-05 23:34:27] PRINT [03/05 23:34:27 graph]: #Test_f1: 0.8406±0.0711
[2023-03-05 23:34:27] PRINT [03/05 23:34:27 graph]: Epoch 7: get test f1 score:  0.841
[2023-03-05 23:34:27] PRINT [03/05 23:34:27 graph]: best_f1 0.862 at epoch 5
[2023-03-05 23:34:27] PRINT [03/05 23:34:27 graph]: Epoch 8 | train_loss: 0.3154 | lr: 0.000270
[2023-03-05 23:34:30] PRINT [03/05 23:34:30 graph]: #Test_f1: 0.7974±0.0715
[2023-03-05 23:34:31] PRINT [03/05 23:34:31 graph]: Epoch 8: get test f1 score:  0.797
[2023-03-05 23:34:31] PRINT [03/05 23:34:31 graph]: best_f1 0.862 at epoch 5
[2023-03-05 23:34:31] PRINT [03/05 23:34:31 graph]: Epoch 9 | train_loss: 0.2963 | lr: 0.000270
[2023-03-05 23:34:34] PRINT [03/05 23:34:34 graph]: #Test_f1: 0.8193±0.0800
[2023-03-05 23:34:34] PRINT [03/05 23:34:34 graph]: Epoch 9: get test f1 score:  0.819
[2023-03-05 23:34:34] PRINT [03/05 23:34:34 graph]: best_f1 0.862 at epoch 5
[2023-03-05 23:34:34] PRINT [03/05 23:34:34 graph]: Epoch 10 | train_loss: 0.2951 | lr: 0.000270
[2023-03-05 23:34:37] PRINT [03/05 23:34:37 graph]: #Test_f1: 0.8462±0.0639
[2023-03-05 23:34:37] PRINT [03/05 23:34:37 graph]: Epoch 10: get test f1 score:  0.846
[2023-03-05 23:34:37] PRINT [03/05 23:34:37 graph]: best_f1 0.862 at epoch 5
[2023-03-05 23:34:38] PRINT [03/05 23:34:38 graph]: Epoch 11 | train_loss: 0.2903 | lr: 0.000270
[2023-03-05 23:34:41] PRINT [03/05 23:34:41 graph]: #Test_f1: 0.8459±0.0595
[2023-03-05 23:34:41] PRINT [03/05 23:34:41 graph]: Epoch 11: get test f1 score:  0.846
[2023-03-05 23:34:41] PRINT [03/05 23:34:41 graph]: best_f1 0.862 at epoch 5
[2023-03-05 23:34:41] PRINT [03/05 23:34:41 graph]: Epoch 12 | train_loss: 0.2755 | lr: 0.000270
[2023-03-05 23:34:44] PRINT [03/05 23:34:44 graph]: #Test_f1: 0.8617±0.0715
[2023-03-05 23:34:44] PRINT [03/05 23:34:44 graph]: Epoch 12: get test f1 score:  0.862
[2023-03-05 23:34:44] PRINT [03/05 23:34:44 graph]: best_f1 0.862 at epoch 5
[2023-03-05 23:34:45] PRINT [03/05 23:34:45 graph]: Epoch 13 | train_loss: 0.2682 | lr: 0.000270
[2023-03-05 23:34:48] PRINT [03/05 23:34:48 graph]: #Test_f1: 0.8567±0.0702
[2023-03-05 23:34:48] PRINT [03/05 23:34:48 graph]: Epoch 13: get test f1 score:  0.857
[2023-03-05 23:34:48] PRINT [03/05 23:34:48 graph]: best_f1 0.862 at epoch 5
[2023-03-05 23:34:48] PRINT [03/05 23:34:48 graph]: Epoch 14 | train_loss: 0.2567 | lr: 0.000270
[2023-03-05 23:34:51] PRINT [03/05 23:34:51 graph]: #Test_f1: 0.8567±0.0781
[2023-03-05 23:34:51] PRINT [03/05 23:34:51 graph]: Epoch 14: get test f1 score:  0.857
[2023-03-05 23:34:51] PRINT [03/05 23:34:51 graph]: best_f1 0.862 at epoch 5
[2023-03-05 23:34:51] PRINT [03/05 23:34:51 graph]: Epoch 15 | train_loss: 0.2627 | lr: 0.000270
[2023-03-05 23:34:54] PRINT [03/05 23:34:54 graph]: #Test_f1: 0.8570±0.0464
[2023-03-05 23:34:55] PRINT [03/05 23:34:55 graph]: Epoch 15: get test f1 score:  0.857
[2023-03-05 23:34:55] PRINT [03/05 23:34:55 graph]: best_f1 0.862 at epoch 5
[2023-03-05 23:34:55] PRINT [03/05 23:34:55 graph]: Epoch 16 | train_loss: 0.2594 | lr: 0.000270
[2023-03-05 23:34:58] PRINT [03/05 23:34:58 graph]: #Test_f1: 0.8462±0.0861
[2023-03-05 23:34:58] PRINT [03/05 23:34:58 graph]: Epoch 16: get test f1 score:  0.846
[2023-03-05 23:34:58] PRINT [03/05 23:34:58 graph]: best_f1 0.862 at epoch 5
[2023-03-05 23:34:58] PRINT [03/05 23:34:58 graph]: Epoch 17 | train_loss: 0.2541 | lr: 0.000270
[2023-03-05 23:35:01] PRINT [03/05 23:35:01 graph]: #Test_f1: 0.8567±0.0816
[2023-03-05 23:35:01] PRINT [03/05 23:35:01 graph]: Epoch 17: get test f1 score:  0.857
[2023-03-05 23:35:01] PRINT [03/05 23:35:01 graph]: best_f1 0.862 at epoch 5
[2023-03-05 23:35:02] PRINT [03/05 23:35:02 graph]: Epoch 18 | train_loss: 0.2465 | lr: 0.000270
[2023-03-05 23:35:05] PRINT [03/05 23:35:05 graph]: #Test_f1: 0.8617±0.0632
[2023-03-05 23:35:05] PRINT [03/05 23:35:05 graph]: Epoch 18: get test f1 score:  0.862
[2023-03-05 23:35:05] PRINT [03/05 23:35:05 graph]: best_f1 0.862 at epoch 5
[2023-03-05 23:35:05] PRINT [03/05 23:35:05 graph]: Epoch 19 | train_loss: 0.2485 | lr: 0.000270
[2023-03-05 23:35:08] PRINT [03/05 23:35:08 graph]: #Test_f1: 0.8462±0.0857
[2023-03-05 23:35:08] PRINT [03/05 23:35:08 graph]: Epoch 19: get test f1 score:  0.846
[2023-03-05 23:35:08] PRINT [03/05 23:35:08 graph]: best_f1 0.862 at epoch 5
[2023-03-05 23:35:08] PRINT [03/05 23:35:08 graph]: Epoch 20 | train_loss: 0.2390 | lr: 0.000270
[2023-03-05 23:35:11] PRINT [03/05 23:35:11 graph]: #Test_f1: 0.8564±0.0782
[2023-03-05 23:35:12] PRINT [03/05 23:35:12 graph]: Epoch 20: get test f1 score:  0.856
[2023-03-05 23:35:12] PRINT [03/05 23:35:12 graph]: best_f1 0.862 at epoch 5
[2023-03-05 23:35:12] PRINT [03/05 23:35:12 graph]: Epoch 21 | train_loss: 0.2418 | lr: 0.000270
[2023-03-05 23:35:15] PRINT [03/05 23:35:15 graph]: #Test_f1: 0.8664±0.0510
[2023-03-05 23:35:15] PRINT [03/05 23:35:15 graph]: Epoch 21: get test f1 score:  0.866
[2023-03-05 23:35:15] PRINT [03/05 23:35:15 graph]: best_f1 0.866 at epoch 21
[2023-03-05 23:35:15] PRINT [03/05 23:35:15 graph]: Epoch 22 | train_loss: 0.2350 | lr: 0.000270
[2023-03-05 23:35:18] PRINT [03/05 23:35:18 graph]: #Test_f1: 0.8725±0.0478
[2023-03-05 23:35:19] PRINT [03/05 23:35:19 graph]: Epoch 22: get test f1 score:  0.873
[2023-03-05 23:35:19] PRINT [03/05 23:35:19 graph]: best_f1 0.873 at epoch 22
[2023-03-05 23:35:19] PRINT [03/05 23:35:19 graph]: Epoch 23 | train_loss: 0.2345 | lr: 0.000270
[2023-03-05 23:35:22] PRINT [03/05 23:35:22 graph]: #Test_f1: 0.8515±0.0650
[2023-03-05 23:35:22] PRINT [03/05 23:35:22 graph]: Epoch 23: get test f1 score:  0.851
[2023-03-05 23:35:22] PRINT [03/05 23:35:22 graph]: best_f1 0.873 at epoch 22
[2023-03-05 23:35:23] PRINT [03/05 23:35:23 graph]: Epoch 24 | train_loss: 0.2405 | lr: 0.000270
[2023-03-05 23:35:26] PRINT [03/05 23:35:26 graph]: #Test_f1: 0.8456±0.0802
[2023-03-05 23:35:26] PRINT [03/05 23:35:26 graph]: Epoch 24: get test f1 score:  0.846
[2023-03-05 23:35:26] PRINT [03/05 23:35:26 graph]: best_f1 0.873 at epoch 22
[2023-03-05 23:35:26] PRINT [03/05 23:35:26 graph]: Epoch 25 | train_loss: 0.2356 | lr: 0.000270
[2023-03-05 23:35:29] PRINT [03/05 23:35:29 graph]: #Test_f1: 0.8462±0.0492
[2023-03-05 23:35:29] PRINT [03/05 23:35:29 graph]: Epoch 25: get test f1 score:  0.846
[2023-03-05 23:35:29] PRINT [03/05 23:35:29 graph]: best_f1 0.873 at epoch 22
[2023-03-05 23:35:30] PRINT [03/05 23:35:30 graph]: Epoch 26 | train_loss: 0.2290 | lr: 0.000270
[2023-03-05 23:35:32] PRINT [03/05 23:35:32 graph]: #Test_f1: 0.8462±0.0794
[2023-03-05 23:35:33] PRINT [03/05 23:35:33 graph]: Epoch 26: get test f1 score:  0.846
[2023-03-05 23:35:33] PRINT [03/05 23:35:33 graph]: best_f1 0.873 at epoch 22
[2023-03-05 23:35:33] PRINT [03/05 23:35:33 graph]: Epoch 27 | train_loss: 0.2135 | lr: 0.000270
[2023-03-05 23:35:36] PRINT [03/05 23:35:36 graph]: #Test_f1: 0.8670±0.0488
[2023-03-05 23:35:36] PRINT [03/05 23:35:36 graph]: Epoch 27: get test f1 score:  0.867
[2023-03-05 23:35:36] PRINT [03/05 23:35:36 graph]: best_f1 0.873 at epoch 22
[2023-03-05 23:35:36] PRINT [03/05 23:35:36 graph]: Epoch 28 | train_loss: 0.2210 | lr: 0.000270
[2023-03-05 23:35:39] PRINT [03/05 23:35:39 graph]: #Test_f1: 0.8354±0.0637
[2023-03-05 23:35:39] PRINT [03/05 23:35:39 graph]: Epoch 28: get test f1 score:  0.835
[2023-03-05 23:35:39] PRINT [03/05 23:35:39 graph]: best_f1 0.873 at epoch 22
[2023-03-05 23:35:39] PRINT [03/05 23:35:39 graph]: Epoch 29 | train_loss: 0.2129 | lr: 0.000270
[2023-03-05 23:35:42] PRINT [03/05 23:35:42 graph]: #Test_f1: 0.8404±0.0749
[2023-03-05 23:35:43] PRINT [03/05 23:35:43 graph]: Epoch 29: get test f1 score:  0.840
[2023-03-05 23:35:43] PRINT [03/05 23:35:43 graph]: best_f1 0.873 at epoch 22
[2023-03-05 23:35:43] PRINT [03/05 23:35:43 graph]: Epoch 30 | train_loss: 0.2125 | lr: 0.000270
[2023-03-05 23:35:46] PRINT [03/05 23:35:46 graph]: #Test_f1: 0.8456±0.0558
[2023-03-05 23:35:46] PRINT [03/05 23:35:46 graph]: Epoch 30: get test f1 score:  0.846
[2023-03-05 23:35:46] PRINT [03/05 23:35:46 graph]: best_f1 0.873 at epoch 22
[2023-03-05 23:35:46] PRINT [03/05 23:35:46 graph]: Epoch 31 | train_loss: 0.2146 | lr: 0.000270
[2023-03-05 23:35:49] PRINT [03/05 23:35:49 graph]: #Test_f1: 0.8567±0.0781
[2023-03-05 23:35:49] PRINT [03/05 23:35:49 graph]: Epoch 31: get test f1 score:  0.857
[2023-03-05 23:35:49] PRINT [03/05 23:35:49 graph]: best_f1 0.873 at epoch 22
[2023-03-05 23:35:50] PRINT [03/05 23:35:50 graph]: Epoch 32 | train_loss: 0.2015 | lr: 0.000270
[2023-03-05 23:35:52] PRINT [03/05 23:35:52 graph]: #Test_f1: 0.8781±0.0631
[2023-03-05 23:35:53] PRINT [03/05 23:35:53 graph]: Epoch 32: get test f1 score:  0.878
[2023-03-05 23:35:53] PRINT [03/05 23:35:53 graph]: best_f1 0.878 at epoch 32
[2023-03-05 23:35:53] PRINT [03/05 23:35:53 graph]: Epoch 33 | train_loss: 0.2027 | lr: 0.000270
[2023-03-05 23:35:56] PRINT [03/05 23:35:56 graph]: #Test_f1: 0.8512±0.0565
[2023-03-05 23:35:56] PRINT [03/05 23:35:56 graph]: Epoch 33: get test f1 score:  0.851
[2023-03-05 23:35:56] PRINT [03/05 23:35:56 graph]: best_f1 0.878 at epoch 32
[2023-03-05 23:35:56] PRINT [03/05 23:35:56 graph]: Epoch 34 | train_loss: 0.2016 | lr: 0.000270
[2023-03-05 23:35:59] PRINT [03/05 23:35:59 graph]: #Test_f1: 0.8459±0.0595
[2023-03-05 23:35:59] PRINT [03/05 23:35:59 graph]: Epoch 34: get test f1 score:  0.846
[2023-03-05 23:35:59] PRINT [03/05 23:35:59 graph]: best_f1 0.878 at epoch 32
[2023-03-05 23:36:00] PRINT [03/05 23:36:00 graph]: Epoch 35 | train_loss: 0.2000 | lr: 0.000270
[2023-03-05 23:36:02] PRINT [03/05 23:36:02 graph]: #Test_f1: 0.8512±0.0612
[2023-03-05 23:36:03] PRINT [03/05 23:36:03 graph]: Epoch 35: get test f1 score:  0.851
[2023-03-05 23:36:03] PRINT [03/05 23:36:03 graph]: best_f1 0.878 at epoch 32
[2023-03-05 23:36:03] PRINT [03/05 23:36:03 graph]: Epoch 36 | train_loss: 0.1965 | lr: 0.000270
[2023-03-05 23:36:06] PRINT [03/05 23:36:06 graph]: #Test_f1: 0.8564±0.0528
[2023-03-05 23:36:06] PRINT [03/05 23:36:06 graph]: Epoch 36: get test f1 score:  0.856
[2023-03-05 23:36:06] PRINT [03/05 23:36:06 graph]: best_f1 0.878 at epoch 32
[2023-03-05 23:36:06] PRINT [03/05 23:36:06 graph]: Epoch 37 | train_loss: 0.1981 | lr: 0.000270
[2023-03-05 23:36:09] PRINT [03/05 23:36:09 graph]: #Test_f1: 0.8614±0.0545
[2023-03-05 23:36:09] PRINT [03/05 23:36:09 graph]: Epoch 37: get test f1 score:  0.861
[2023-03-05 23:36:09] PRINT [03/05 23:36:09 graph]: best_f1 0.878 at epoch 32
[2023-03-05 23:36:10] PRINT [03/05 23:36:10 graph]: Epoch 38 | train_loss: 0.2100 | lr: 0.000270
[2023-03-05 23:36:12] PRINT [03/05 23:36:12 graph]: #Test_f1: 0.8456±0.0645
[2023-03-05 23:36:13] PRINT [03/05 23:36:13 graph]: Epoch 38: get test f1 score:  0.846
[2023-03-05 23:36:13] PRINT [03/05 23:36:13 graph]: best_f1 0.878 at epoch 32
[2023-03-05 23:36:13] PRINT [03/05 23:36:13 graph]: Epoch 39 | train_loss: 0.2019 | lr: 0.000270
[2023-03-05 23:36:16] PRINT [03/05 23:36:16 graph]: #Test_f1: 0.8567±0.0812
[2023-03-05 23:36:16] PRINT [03/05 23:36:16 graph]: Epoch 39: get test f1 score:  0.857
[2023-03-05 23:36:16] PRINT [03/05 23:36:16 graph]: best_f1 0.878 at epoch 32
[2023-03-05 23:36:16] PRINT [03/05 23:36:16 graph]: Epoch 40 | train_loss: 0.2000 | lr: 0.000270
[2023-03-05 23:36:19] PRINT [03/05 23:36:19 graph]: #Test_f1: 0.8459±0.0923
[2023-03-05 23:36:20] PRINT [03/05 23:36:20 graph]: Epoch 40: get test f1 score:  0.846
[2023-03-05 23:36:20] PRINT [03/05 23:36:20 graph]: best_f1 0.878 at epoch 32
[2023-03-05 23:36:20] PRINT [03/05 23:36:20 graph]: Epoch 41 | train_loss: 0.1894 | lr: 0.000270
[2023-03-05 23:36:23] PRINT [03/05 23:36:23 graph]: #Test_f1: 0.8620±0.0751
[2023-03-05 23:36:23] PRINT [03/05 23:36:23 graph]: Epoch 41: get test f1 score:  0.862
[2023-03-05 23:36:23] PRINT [03/05 23:36:23 graph]: best_f1 0.878 at epoch 32
[2023-03-05 23:36:23] PRINT [03/05 23:36:23 graph]: Epoch 42 | train_loss: 0.2013 | lr: 0.000270
[2023-03-05 23:36:26] PRINT [03/05 23:36:26 graph]: #Test_f1: 0.8249±0.0627
[2023-03-05 23:36:27] PRINT [03/05 23:36:27 graph]: Epoch 42: get test f1 score:  0.825
[2023-03-05 23:36:27] PRINT [03/05 23:36:27 graph]: best_f1 0.878 at epoch 32
[2023-03-05 23:36:27] PRINT [03/05 23:36:27 graph]: Epoch 43 | train_loss: 0.1910 | lr: 0.000270
[2023-03-05 23:36:30] PRINT [03/05 23:36:30 graph]: #Test_f1: 0.8301±0.0845
[2023-03-05 23:36:30] PRINT [03/05 23:36:30 graph]: Epoch 43: get test f1 score:  0.830
[2023-03-05 23:36:30] PRINT [03/05 23:36:30 graph]: best_f1 0.878 at epoch 32
[2023-03-05 23:36:30] PRINT [03/05 23:36:30 graph]: Epoch 44 | train_loss: 0.1963 | lr: 0.000270
[2023-03-05 23:36:33] PRINT [03/05 23:36:33 graph]: #Test_f1: 0.8354±0.0592
[2023-03-05 23:36:33] PRINT [03/05 23:36:33 graph]: Epoch 44: get test f1 score:  0.835
[2023-03-05 23:36:33] PRINT [03/05 23:36:33 graph]: best_f1 0.878 at epoch 32
[2023-03-05 23:36:34] PRINT [03/05 23:36:34 graph]: Epoch 45 | train_loss: 0.1964 | lr: 0.000270
[2023-03-05 23:36:36] PRINT [03/05 23:36:36 graph]: #Test_f1: 0.8722±0.0486
[2023-03-05 23:36:37] PRINT [03/05 23:36:37 graph]: Epoch 45: get test f1 score:  0.872
[2023-03-05 23:36:37] PRINT [03/05 23:36:37 graph]: best_f1 0.878 at epoch 32
[2023-03-05 23:36:37] PRINT [03/05 23:36:37 graph]: Epoch 46 | train_loss: 0.1826 | lr: 0.000270
[2023-03-05 23:36:40] PRINT [03/05 23:36:40 graph]: #Test_f1: 0.8453±0.0665
[2023-03-05 23:36:40] PRINT [03/05 23:36:40 graph]: Epoch 46: get test f1 score:  0.845
[2023-03-05 23:36:40] PRINT [03/05 23:36:40 graph]: best_f1 0.878 at epoch 32
[2023-03-05 23:36:40] PRINT [03/05 23:36:40 graph]: Epoch 47 | train_loss: 0.1917 | lr: 0.000270
[2023-03-05 23:36:43] PRINT [03/05 23:36:43 graph]: #Test_f1: 0.8573±0.0815
[2023-03-05 23:36:44] PRINT [03/05 23:36:44 graph]: Epoch 47: get test f1 score:  0.857
[2023-03-05 23:36:44] PRINT [03/05 23:36:44 graph]: best_f1 0.878 at epoch 32
[2023-03-05 23:36:44] PRINT [03/05 23:36:44 graph]: Epoch 48 | train_loss: 0.1910 | lr: 0.000270
[2023-03-05 23:36:47] PRINT [03/05 23:36:47 graph]: #Test_f1: 0.8725±0.0588
[2023-03-05 23:36:47] PRINT [03/05 23:36:47 graph]: Epoch 48: get test f1 score:  0.873
[2023-03-05 23:36:47] PRINT [03/05 23:36:47 graph]: best_f1 0.878 at epoch 32
[2023-03-05 23:36:47] PRINT [03/05 23:36:47 graph]: Epoch 49 | train_loss: 0.1862 | lr: 0.000270
[2023-03-05 23:36:50] PRINT [03/05 23:36:50 graph]: #Test_f1: 0.8775±0.0721
[2023-03-05 23:36:50] PRINT [03/05 23:36:50 graph]: Epoch 49: get test f1 score:  0.877
[2023-03-05 23:36:50] PRINT [03/05 23:36:50 graph]: best_f1 0.878 at epoch 32
[2023-03-05 23:36:51] PRINT [03/05 23:36:51 graph]: # final_acc: 0.8781±0.0000
