[2023-03-22 07:26:03] PRINT ---new cfg------
[2023-03-22 07:26:03] PRINT {'DATA': {'data_name': 'comp'}, 'DATALOADER': {'NUM_WORKERS': 0}, 'MODEL': {'num_hidden': 512, 'num_layers': 2, 'nhead': 4, 'activation': 'prelu', 'attn_drop': 0.2, 'feat_drop': 0.1, 'norm': 'layernorm', 'pooler': 'mean', 'beta_schedule': 'linear', 'beta_1': 0.0003516174645866554, 'beta_T': 0.026072867600003095, 'T': 809}, 'SOLVER': {'optim_type': 'adam', 'optim_type_f': 'adamw', 'alpha': 1, 'decay': 30, 'LR': 0.00014527236978288967, 'LR_f': 0.4071691813002318, 'weight_decay': 0, 'weight_decay_f': 4.6248261515562144e-05, 'MAX_EPOCH': 100, 'max_epoch_f': 500}, 'DEVICE': 'cuda', 'seeds': [0], 'eval_T': [50, 100, 200], 'output_dir': '/ddm-nni/AmazonCoBuyComputerDataset¶/log', 'checkpoint_dir': '/ddm-nni/AmazonCoBuyComputerDataset¶/log/checkpoint'}
[2023-03-22 07:26:03] PRINT [03/22 07:26:03 graph]: Rank of current process: 0. World size: 1
[2023-03-22 07:26:07] PRINT [03/22 07:26:07 graph]: Environment info:
[2023-03-22 07:26:07] PRINT PyTorch version: 1.10.0+cu113
[2023-03-22 07:26:07] PRINT Is debug build: False
[2023-03-22 07:26:07] PRINT CUDA used to build PyTorch: 11.3
[2023-03-22 07:26:07] PRINT ROCM used to build PyTorch: N/A
[2023-03-22 07:26:07] PRINT 
[2023-03-22 07:26:07] PRINT OS: Ubuntu 20.04.3 LTS (x86_64)
[2023-03-22 07:26:07] PRINT GCC version: (Ubuntu 9.3.0-17ubuntu1~20.04) 9.3.0
[2023-03-22 07:26:07] PRINT Clang version: Could not collect
[2023-03-22 07:26:07] PRINT CMake version: version 3.16.3
[2023-03-22 07:26:07] PRINT Libc version: glibc-2.31
[2023-03-22 07:26:07] PRINT 
[2023-03-22 07:26:07] PRINT Python version: 3.8.10 (default, Jun  4 2021, 15:09:15)  [GCC 7.5.0] (64-bit runtime)
[2023-03-22 07:26:07] PRINT Python platform: Linux-5.4.0-90-generic-x86_64-with-glibc2.17
[2023-03-22 07:26:07] PRINT Is CUDA available: True
[2023-03-22 07:26:07] PRINT CUDA runtime version: 11.3.109
[2023-03-22 07:26:07] PRINT GPU models and configuration: GPU 0: NVIDIA GeForce RTX 3090
[2023-03-22 07:26:07] PRINT Nvidia driver version: 495.44
[2023-03-22 07:26:07] PRINT cuDNN version: Probably one of the following:
[2023-03-22 07:26:07] PRINT /usr/lib/x86_64-linux-gnu/libcudnn.so.8.2.0
[2023-03-22 07:26:07] PRINT /usr/lib/x86_64-linux-gnu/libcudnn_adv_infer.so.8.2.0
[2023-03-22 07:26:07] PRINT /usr/lib/x86_64-linux-gnu/libcudnn_adv_train.so.8.2.0
[2023-03-22 07:26:07] PRINT /usr/lib/x86_64-linux-gnu/libcudnn_cnn_infer.so.8.2.0
[2023-03-22 07:26:07] PRINT /usr/lib/x86_64-linux-gnu/libcudnn_cnn_train.so.8.2.0
[2023-03-22 07:26:07] PRINT /usr/lib/x86_64-linux-gnu/libcudnn_ops_infer.so.8.2.0
[2023-03-22 07:26:07] PRINT /usr/lib/x86_64-linux-gnu/libcudnn_ops_train.so.8.2.0
[2023-03-22 07:26:07] PRINT HIP runtime version: N/A
[2023-03-22 07:26:07] PRINT MIOpen runtime version: N/A
[2023-03-22 07:26:07] PRINT 
[2023-03-22 07:26:07] PRINT Versions of relevant libraries:
[2023-03-22 07:26:07] PRINT [pip3] numpy==1.23.5
[2023-03-22 07:26:07] PRINT [pip3] torch==1.10.0+cu113
[2023-03-22 07:26:07] PRINT [pip3] torchvision==0.11.1+cu113
[2023-03-22 07:26:07] PRINT [conda] blas                      1.0                         mkl    https://mirrors.ustc.edu.cn/anaconda/pkgs/main
[2023-03-22 07:26:07] PRINT [conda] mkl                       2021.4.0           h06a4308_640    https://mirrors.ustc.edu.cn/anaconda/pkgs/main
[2023-03-22 07:26:07] PRINT [conda] mkl-service               2.4.0            py38h7f8727e_0    https://mirrors.ustc.edu.cn/anaconda/pkgs/main
[2023-03-22 07:26:07] PRINT [conda] mkl_fft                   1.3.1            py38hd3c417c_0    https://mirrors.ustc.edu.cn/anaconda/pkgs/main
[2023-03-22 07:26:07] PRINT [conda] mkl_random                1.2.2            py38h51133e4_0    https://mirrors.ustc.edu.cn/anaconda/pkgs/main
[2023-03-22 07:26:07] PRINT [conda] numpy                     1.21.4                   pypi_0    pypi
[2023-03-22 07:26:07] PRINT [conda] numpy-base                1.23.5           py38h31eccc5_0    https://mirrors.ustc.edu.cn/anaconda/pkgs/main
[2023-03-22 07:26:07] PRINT [conda] torch                     1.10.0+cu113             pypi_0    pypi
[2023-03-22 07:26:07] PRINT [conda] torchvision               0.11.1+cu113             pypi_0    pypi
[2023-03-22 07:26:07] PRINT         Pillow (8.4.0)
[2023-03-22 07:26:07] PRINT [03/22 07:26:07 graph]: Command line arguments: Namespace(local_rank=0, resume=False, seed=1234, start_epoch=0)
[2023-03-22 07:26:07] PRINT [03/22 07:26:07 graph]: Run 0th for seed 0
[2023-03-22 07:26:07] PRINT [03/22 07:26:07 graph]: Total trainable params num : 8095235
[2023-03-22 07:26:11] PRINT [03/22 07:26:11 graph]: ----------Start Training----------
[2023-03-22 07:26:12] PRINT [03/22 07:26:12 graph]: start epoch 0.
[2023-03-22 07:26:12] PRINT [03/22 07:26:12 graph]: # Epoch 0: train_loss: 1.0222 | lr: 0.000145
[2023-03-22 07:26:12] PRINT [03/22 07:26:12 graph]: start epoch 1.
[2023-03-22 07:26:12] PRINT [03/22 07:26:12 graph]: # Epoch 1: train_loss: 0.8470 | lr: 0.000145
[2023-03-22 07:26:12] PRINT [03/22 07:26:12 graph]: start epoch 2.
[2023-03-22 07:26:12] PRINT [03/22 07:26:12 graph]: # Epoch 2: train_loss: 0.7664 | lr: 0.000145
[2023-03-22 07:26:12] PRINT [03/22 07:26:12 graph]: start epoch 3.
[2023-03-22 07:26:12] PRINT [03/22 07:26:12 graph]: # Epoch 3: train_loss: 0.7084 | lr: 0.000145
[2023-03-22 07:26:12] PRINT [03/22 07:26:12 graph]: start epoch 4.
[2023-03-22 07:26:12] PRINT [03/22 07:26:12 graph]: # Epoch 4: train_loss: 0.6705 | lr: 0.000145
[2023-03-22 07:26:12] PRINT [03/22 07:26:12 graph]: start epoch 5.
[2023-03-22 07:26:12] PRINT [03/22 07:26:12 graph]: # Epoch 5: train_loss: 0.6447 | lr: 0.000145
[2023-03-22 07:26:12] PRINT [03/22 07:26:12 graph]: start epoch 6.
[2023-03-22 07:26:12] PRINT [03/22 07:26:12 graph]: # Epoch 6: train_loss: 0.6260 | lr: 0.000145
[2023-03-22 07:26:12] PRINT [03/22 07:26:12 graph]: start epoch 7.
[2023-03-22 07:26:13] PRINT [03/22 07:26:13 graph]: # Epoch 7: train_loss: 0.6128 | lr: 0.000145
[2023-03-22 07:26:13] PRINT [03/22 07:26:13 graph]: start epoch 8.
[2023-03-22 07:26:13] PRINT [03/22 07:26:13 graph]: # Epoch 8: train_loss: 0.6016 | lr: 0.000145
[2023-03-22 07:26:13] PRINT [03/22 07:26:13 graph]: start epoch 9.
[2023-03-22 07:26:13] PRINT [03/22 07:26:13 graph]: # Epoch 9: train_loss: 0.5922 | lr: 0.000145
[2023-03-22 07:26:13] PRINT [03/22 07:26:13 graph]: start epoch 10.
[2023-03-22 07:26:13] PRINT [03/22 07:26:13 graph]: # Epoch 10: train_loss: 0.5853 | lr: 0.000145
[2023-03-22 07:26:13] PRINT [03/22 07:26:13 graph]: start epoch 11.
[2023-03-22 07:26:13] PRINT [03/22 07:26:13 graph]: # Epoch 11: train_loss: 0.5798 | lr: 0.000145
[2023-03-22 07:26:13] PRINT [03/22 07:26:13 graph]: start epoch 12.
[2023-03-22 07:26:13] PRINT [03/22 07:26:13 graph]: # Epoch 12: train_loss: 0.5752 | lr: 0.000145
[2023-03-22 07:26:13] PRINT [03/22 07:26:13 graph]: start epoch 13.
[2023-03-22 07:26:13] PRINT [03/22 07:26:13 graph]: # Epoch 13: train_loss: 0.5709 | lr: 0.000145
[2023-03-22 07:26:13] PRINT [03/22 07:26:13 graph]: start epoch 14.
[2023-03-22 07:26:13] PRINT [03/22 07:26:13 graph]: # Epoch 14: train_loss: 0.5677 | lr: 0.000145
[2023-03-22 07:26:13] PRINT [03/22 07:26:13 graph]: start epoch 15.
[2023-03-22 07:26:13] PRINT [03/22 07:26:13 graph]: # Epoch 15: train_loss: 0.5647 | lr: 0.000145
[2023-03-22 07:26:13] PRINT [03/22 07:26:13 graph]: start epoch 16.
[2023-03-22 07:26:13] PRINT [03/22 07:26:13 graph]: # Epoch 16: train_loss: 0.5618 | lr: 0.000145
[2023-03-22 07:26:13] PRINT [03/22 07:26:13 graph]: start epoch 17.
[2023-03-22 07:26:13] PRINT [03/22 07:26:13 graph]: # Epoch 17: train_loss: 0.5592 | lr: 0.000145
[2023-03-22 07:26:13] PRINT [03/22 07:26:13 graph]: start epoch 18.
[2023-03-22 07:26:13] PRINT [03/22 07:26:13 graph]: # Epoch 18: train_loss: 0.5571 | lr: 0.000145
[2023-03-22 07:26:13] PRINT [03/22 07:26:13 graph]: start epoch 19.
[2023-03-22 07:26:13] PRINT [03/22 07:26:13 graph]: # Epoch 19: train_loss: 0.5551 | lr: 0.000145
[2023-03-22 07:26:13] PRINT [03/22 07:26:13 graph]: start epoch 20.
[2023-03-22 07:26:13] PRINT [03/22 07:26:13 graph]: # Epoch 20: train_loss: 0.5531 | lr: 0.000145
[2023-03-22 07:26:13] PRINT [03/22 07:26:13 graph]: start epoch 21.
[2023-03-22 07:26:14] PRINT [03/22 07:26:14 graph]: # Epoch 21: train_loss: 0.5509 | lr: 0.000145
[2023-03-22 07:26:14] PRINT [03/22 07:26:14 graph]: start epoch 22.
[2023-03-22 07:26:14] PRINT [03/22 07:26:14 graph]: # Epoch 22: train_loss: 0.5486 | lr: 0.000145
[2023-03-22 07:26:14] PRINT [03/22 07:26:14 graph]: start epoch 23.
[2023-03-22 07:26:14] PRINT [03/22 07:26:14 graph]: # Epoch 23: train_loss: 0.5471 | lr: 0.000145
[2023-03-22 07:26:14] PRINT [03/22 07:26:14 graph]: start epoch 24.
[2023-03-22 07:26:14] PRINT [03/22 07:26:14 graph]: # Epoch 24: train_loss: 0.5462 | lr: 0.000145
[2023-03-22 07:26:14] PRINT [03/22 07:26:14 graph]: start epoch 25.
[2023-03-22 07:26:14] PRINT [03/22 07:26:14 graph]: # Epoch 25: train_loss: 0.5449 | lr: 0.000145
[2023-03-22 07:26:14] PRINT [03/22 07:26:14 graph]: start epoch 26.
[2023-03-22 07:26:14] PRINT [03/22 07:26:14 graph]: # Epoch 26: train_loss: 0.5439 | lr: 0.000145
[2023-03-22 07:26:14] PRINT [03/22 07:26:14 graph]: start epoch 27.
[2023-03-22 07:26:14] PRINT [03/22 07:26:14 graph]: # Epoch 27: train_loss: 0.5425 | lr: 0.000145
[2023-03-22 07:26:14] PRINT [03/22 07:26:14 graph]: start epoch 28.
[2023-03-22 07:26:14] PRINT [03/22 07:26:14 graph]: # Epoch 28: train_loss: 0.5411 | lr: 0.000145
[2023-03-22 07:26:14] PRINT [03/22 07:26:14 graph]: start epoch 29.
[2023-03-22 07:26:14] PRINT [03/22 07:26:14 graph]: # Epoch 29: train_loss: 0.5393 | lr: 0.000145
[2023-03-22 07:26:14] PRINT [03/22 07:26:14 graph]: start epoch 30.
[2023-03-22 07:26:14] PRINT [03/22 07:26:14 graph]: # Epoch 30: train_loss: 0.5380 | lr: 0.000145
[2023-03-22 07:26:14] PRINT [03/22 07:26:14 graph]: start epoch 31.
[2023-03-22 07:26:14] PRINT [03/22 07:26:14 graph]: # Epoch 31: train_loss: 0.5361 | lr: 0.000145
[2023-03-22 07:26:14] PRINT [03/22 07:26:14 graph]: start epoch 32.
[2023-03-22 07:26:14] PRINT [03/22 07:26:14 graph]: # Epoch 32: train_loss: 0.5343 | lr: 0.000145
[2023-03-22 07:26:14] PRINT [03/22 07:26:14 graph]: start epoch 33.
[2023-03-22 07:26:14] PRINT [03/22 07:26:14 graph]: # Epoch 33: train_loss: 0.5326 | lr: 0.000145
[2023-03-22 07:26:14] PRINT [03/22 07:26:14 graph]: start epoch 34.
[2023-03-22 07:26:14] PRINT [03/22 07:26:14 graph]: # Epoch 34: train_loss: 0.5309 | lr: 0.000145
[2023-03-22 07:26:14] PRINT [03/22 07:26:14 graph]: start epoch 35.
[2023-03-22 07:26:15] PRINT [03/22 07:26:15 graph]: # Epoch 35: train_loss: 0.5292 | lr: 0.000145
[2023-03-22 07:26:15] PRINT [03/22 07:26:15 graph]: start epoch 36.
[2023-03-22 07:26:15] PRINT [03/22 07:26:15 graph]: # Epoch 36: train_loss: 0.5276 | lr: 0.000145
[2023-03-22 07:26:15] PRINT [03/22 07:26:15 graph]: start epoch 37.
[2023-03-22 07:26:15] PRINT [03/22 07:26:15 graph]: # Epoch 37: train_loss: 0.5260 | lr: 0.000145
[2023-03-22 07:26:15] PRINT [03/22 07:26:15 graph]: start epoch 38.
[2023-03-22 07:26:15] PRINT [03/22 07:26:15 graph]: # Epoch 38: train_loss: 0.5240 | lr: 0.000145
[2023-03-22 07:26:15] PRINT [03/22 07:26:15 graph]: start epoch 39.
[2023-03-22 07:26:15] PRINT [03/22 07:26:15 graph]: # Epoch 39: train_loss: 0.5225 | lr: 0.000145
[2023-03-22 07:26:15] PRINT [03/22 07:26:15 graph]: start epoch 40.
[2023-03-22 07:26:15] PRINT [03/22 07:26:15 graph]: # Epoch 40: train_loss: 0.5204 | lr: 0.000145
[2023-03-22 07:26:15] PRINT [03/22 07:26:15 graph]: start epoch 41.
[2023-03-22 07:26:15] PRINT [03/22 07:26:15 graph]: # Epoch 41: train_loss: 0.5181 | lr: 0.000145
[2023-03-22 07:26:15] PRINT [03/22 07:26:15 graph]: start epoch 42.
[2023-03-22 07:26:15] PRINT [03/22 07:26:15 graph]: # Epoch 42: train_loss: 0.5160 | lr: 0.000145
[2023-03-22 07:26:15] PRINT [03/22 07:26:15 graph]: start epoch 43.
[2023-03-22 07:26:15] PRINT [03/22 07:26:15 graph]: # Epoch 43: train_loss: 0.5140 | lr: 0.000145
[2023-03-22 07:26:15] PRINT [03/22 07:26:15 graph]: start epoch 44.
[2023-03-22 07:26:15] PRINT [03/22 07:26:15 graph]: # Epoch 44: train_loss: 0.5121 | lr: 0.000145
[2023-03-22 07:26:15] PRINT [03/22 07:26:15 graph]: start epoch 45.
[2023-03-22 07:26:15] PRINT [03/22 07:26:15 graph]: # Epoch 45: train_loss: 0.5103 | lr: 0.000145
[2023-03-22 07:26:15] PRINT [03/22 07:26:15 graph]: start epoch 46.
[2023-03-22 07:26:15] PRINT [03/22 07:26:15 graph]: # Epoch 46: train_loss: 0.5080 | lr: 0.000145
[2023-03-22 07:26:15] PRINT [03/22 07:26:15 graph]: start epoch 47.
[2023-03-22 07:26:15] PRINT [03/22 07:26:15 graph]: # Epoch 47: train_loss: 0.5063 | lr: 0.000145
[2023-03-22 07:26:15] PRINT [03/22 07:26:15 graph]: start epoch 48.
[2023-03-22 07:26:15] PRINT [03/22 07:26:15 graph]: # Epoch 48: train_loss: 0.5052 | lr: 0.000145
[2023-03-22 07:26:15] PRINT [03/22 07:26:15 graph]: start epoch 49.
[2023-03-22 07:26:16] PRINT [03/22 07:26:16 graph]: # Epoch 49: train_loss: 0.5035 | lr: 0.000145
[2023-03-22 07:26:16] PRINT [03/22 07:26:16 graph]: start epoch 50.
[2023-03-22 07:26:16] PRINT [03/22 07:26:16 graph]: # Epoch 50: train_loss: 0.5000 | lr: 0.000145
[2023-03-22 07:26:16] PRINT [03/22 07:26:16 graph]: start epoch 51.
[2023-03-22 07:26:16] PRINT [03/22 07:26:16 graph]: # Epoch 51: train_loss: 0.5000 | lr: 0.000145
[2023-03-22 07:26:21] PRINT [03/22 07:26:21 graph]: --- Testf1: 0.86566, Best Valacc: 0.89164 in epoch 383 --- 
[2023-03-22 07:26:21] PRINT [03/22 07:26:21 graph]: Epoch 51: get test acc score:  0.86566
[2023-03-22 07:26:21] PRINT [03/22 07:26:21 graph]: best_f1 0.86566 at epoch 51
[2023-03-22 07:26:21] PRINT [03/22 07:26:21 graph]: start epoch 52.
[2023-03-22 07:26:22] PRINT [03/22 07:26:22 graph]: # Epoch 52: train_loss: 0.4992 | lr: 0.000145
[2023-03-22 07:26:27] PRINT [03/22 07:26:27 graph]: --- Testf1: 0.86584, Best Valacc: 0.88800 in epoch 437 --- 
[2023-03-22 07:26:28] PRINT [03/22 07:26:28 graph]: Epoch 52: get test acc score:  0.86584
[2023-03-22 07:26:28] PRINT [03/22 07:26:28 graph]: best_f1 0.86584 at epoch 52
[2023-03-22 07:26:28] PRINT [03/22 07:26:28 graph]: start epoch 53.
[2023-03-22 07:26:28] PRINT [03/22 07:26:28 graph]: # Epoch 53: train_loss: 0.4947 | lr: 0.000145
[2023-03-22 07:26:36] PRINT [03/22 07:26:36 graph]: --- Testf1: 0.85903, Best Valacc: 0.88582 in epoch 451 --- 
[2023-03-22 07:26:37] PRINT [03/22 07:26:37 graph]: Epoch 53: get test acc score:  0.85903
[2023-03-22 07:26:37] PRINT [03/22 07:26:37 graph]: best_f1 0.86584 at epoch 52
[2023-03-22 07:26:37] PRINT [03/22 07:26:37 graph]: start epoch 54.
[2023-03-22 07:26:37] PRINT [03/22 07:26:37 graph]: # Epoch 54: train_loss: 0.4960 | lr: 0.000145
[2023-03-22 07:26:44] PRINT [03/22 07:26:44 graph]: --- Testf1: 0.86502, Best Valacc: 0.89309 in epoch 455 --- 
[2023-03-22 07:26:44] PRINT [03/22 07:26:44 graph]: Epoch 54: get test acc score:  0.86502
[2023-03-22 07:26:44] PRINT [03/22 07:26:44 graph]: best_f1 0.86584 at epoch 52
[2023-03-22 07:26:44] PRINT [03/22 07:26:44 graph]: start epoch 55.
[2023-03-22 07:26:44] PRINT [03/22 07:26:44 graph]: # Epoch 55: train_loss: 0.4919 | lr: 0.000145
[2023-03-22 07:26:51] PRINT [03/22 07:26:51 graph]: --- Testf1: 0.86648, Best Valacc: 0.88582 in epoch 350 --- 
[2023-03-22 07:26:52] PRINT [03/22 07:26:52 graph]: Epoch 55: get test acc score:  0.86648
[2023-03-22 07:26:52] PRINT [03/22 07:26:52 graph]: best_f1 0.86648 at epoch 55
[2023-03-22 07:26:52] PRINT [03/22 07:26:52 graph]: start epoch 56.
[2023-03-22 07:26:52] PRINT [03/22 07:26:52 graph]: # Epoch 56: train_loss: 0.4924 | lr: 0.000145
[2023-03-22 07:26:59] PRINT [03/22 07:26:59 graph]: --- Testf1: 0.87039, Best Valacc: 0.89673 in epoch 375 --- 
[2023-03-22 07:26:59] PRINT [03/22 07:26:59 graph]: Epoch 56: get test acc score:  0.87039
[2023-03-22 07:26:59] PRINT [03/22 07:26:59 graph]: best_f1 0.87039 at epoch 56
[2023-03-22 07:26:59] PRINT [03/22 07:26:59 graph]: start epoch 57.
[2023-03-22 07:26:59] PRINT [03/22 07:26:59 graph]: # Epoch 57: train_loss: 0.4881 | lr: 0.000145
[2023-03-22 07:27:06] PRINT [03/22 07:27:06 graph]: --- Testf1: 0.86984, Best Valacc: 0.89382 in epoch 461 --- 
[2023-03-22 07:27:07] PRINT [03/22 07:27:07 graph]: Epoch 57: get test acc score:  0.86984
[2023-03-22 07:27:07] PRINT [03/22 07:27:07 graph]: best_f1 0.87039 at epoch 56
[2023-03-22 07:27:07] PRINT [03/22 07:27:07 graph]: start epoch 58.
[2023-03-22 07:27:07] PRINT [03/22 07:27:07 graph]: # Epoch 58: train_loss: 0.4890 | lr: 0.000145
[2023-03-22 07:27:14] PRINT [03/22 07:27:14 graph]: --- Testf1: 0.87030, Best Valacc: 0.89309 in epoch 223 --- 
[2023-03-22 07:27:14] PRINT [03/22 07:27:14 graph]: Epoch 58: get test acc score:  0.87030
[2023-03-22 07:27:14] PRINT [03/22 07:27:14 graph]: best_f1 0.87039 at epoch 56
[2023-03-22 07:27:14] PRINT [03/22 07:27:14 graph]: start epoch 59.
[2023-03-22 07:27:14] PRINT [03/22 07:27:14 graph]: # Epoch 59: train_loss: 0.4854 | lr: 0.000145
[2023-03-22 07:27:21] PRINT [03/22 07:27:21 graph]: --- Testf1: 0.87330, Best Valacc: 0.89382 in epoch 370 --- 
[2023-03-22 07:27:22] PRINT [03/22 07:27:22 graph]: Epoch 59: get test acc score:  0.87330
[2023-03-22 07:27:22] PRINT [03/22 07:27:22 graph]: best_f1 0.8733 at epoch 59
[2023-03-22 07:27:22] PRINT [03/22 07:27:22 graph]: start epoch 60.
[2023-03-22 07:27:22] PRINT [03/22 07:27:22 graph]: # Epoch 60: train_loss: 0.4852 | lr: 0.000145
[2023-03-22 07:27:29] PRINT [03/22 07:27:29 graph]: --- Testf1: 0.87075, Best Valacc: 0.89091 in epoch 480 --- 
[2023-03-22 07:27:29] PRINT [03/22 07:27:29 graph]: Epoch 60: get test acc score:  0.87075
[2023-03-22 07:27:29] PRINT [03/22 07:27:29 graph]: best_f1 0.8733 at epoch 59
[2023-03-22 07:27:29] PRINT [03/22 07:27:29 graph]: start epoch 61.
[2023-03-22 07:27:29] PRINT [03/22 07:27:29 graph]: # Epoch 61: train_loss: 0.4835 | lr: 0.000145
[2023-03-22 07:27:36] PRINT [03/22 07:27:36 graph]: --- Testf1: 0.86530, Best Valacc: 0.89236 in epoch 355 --- 
[2023-03-22 07:27:37] PRINT [03/22 07:27:37 graph]: Epoch 61: get test acc score:  0.86530
[2023-03-22 07:27:37] PRINT [03/22 07:27:37 graph]: best_f1 0.8733 at epoch 59
[2023-03-22 07:27:37] PRINT [03/22 07:27:37 graph]: start epoch 62.
[2023-03-22 07:27:37] PRINT [03/22 07:27:37 graph]: # Epoch 62: train_loss: 0.4820 | lr: 0.000145
[2023-03-22 07:27:44] PRINT [03/22 07:27:44 graph]: --- Testf1: 0.87175, Best Valacc: 0.88655 in epoch 236 --- 
[2023-03-22 07:27:44] PRINT [03/22 07:27:44 graph]: Epoch 62: get test acc score:  0.87175
[2023-03-22 07:27:44] PRINT [03/22 07:27:44 graph]: best_f1 0.8733 at epoch 59
[2023-03-22 07:27:44] PRINT [03/22 07:27:44 graph]: start epoch 63.
[2023-03-22 07:27:44] PRINT [03/22 07:27:44 graph]: # Epoch 63: train_loss: 0.4805 | lr: 0.000145
[2023-03-22 07:27:51] PRINT [03/22 07:27:51 graph]: --- Testf1: 0.87375, Best Valacc: 0.89673 in epoch 432 --- 
[2023-03-22 07:27:51] PRINT [03/22 07:27:51 graph]: Epoch 63: get test acc score:  0.87375
[2023-03-22 07:27:51] PRINT [03/22 07:27:51 graph]: best_f1 0.87375 at epoch 63
[2023-03-22 07:27:51] PRINT [03/22 07:27:51 graph]: start epoch 64.
[2023-03-22 07:27:51] PRINT [03/22 07:27:51 graph]: # Epoch 64: train_loss: 0.4801 | lr: 0.000145
[2023-03-22 07:27:58] PRINT [03/22 07:27:58 graph]: --- Testf1: 0.87402, Best Valacc: 0.89164 in epoch 200 --- 
[2023-03-22 07:27:59] PRINT [03/22 07:27:59 graph]: Epoch 64: get test acc score:  0.87402
[2023-03-22 07:27:59] PRINT [03/22 07:27:59 graph]: best_f1 0.87402 at epoch 64
[2023-03-22 07:27:59] PRINT [03/22 07:27:59 graph]: start epoch 65.
[2023-03-22 07:27:59] PRINT [03/22 07:27:59 graph]: # Epoch 65: train_loss: 0.4781 | lr: 0.000145
[2023-03-22 07:28:06] PRINT [03/22 07:28:06 graph]: --- Testf1: 0.86793, Best Valacc: 0.89673 in epoch 364 --- 
[2023-03-22 07:28:06] PRINT [03/22 07:28:06 graph]: Epoch 65: get test acc score:  0.86793
[2023-03-22 07:28:06] PRINT [03/22 07:28:06 graph]: best_f1 0.87402 at epoch 64
[2023-03-22 07:28:06] PRINT [03/22 07:28:06 graph]: start epoch 66.
[2023-03-22 07:28:06] PRINT [03/22 07:28:06 graph]: # Epoch 66: train_loss: 0.4803 | lr: 0.000145
[2023-03-22 07:28:13] PRINT [03/22 07:28:13 graph]: --- Testf1: 0.87275, Best Valacc: 0.90109 in epoch 289 --- 
[2023-03-22 07:28:13] PRINT [03/22 07:28:13 graph]: Epoch 66: get test acc score:  0.87275
[2023-03-22 07:28:13] PRINT [03/22 07:28:13 graph]: best_f1 0.87402 at epoch 64
[2023-03-22 07:28:13] PRINT [03/22 07:28:13 graph]: start epoch 67.
[2023-03-22 07:28:13] PRINT [03/22 07:28:13 graph]: # Epoch 67: train_loss: 0.4748 | lr: 0.000145
[2023-03-22 07:28:21] PRINT [03/22 07:28:21 graph]: --- Testf1: 0.87484, Best Valacc: 0.89236 in epoch 460 --- 
[2023-03-22 07:28:21] PRINT [03/22 07:28:21 graph]: Epoch 67: get test acc score:  0.87484
[2023-03-22 07:28:21] PRINT [03/22 07:28:21 graph]: best_f1 0.87484 at epoch 67
[2023-03-22 07:28:21] PRINT [03/22 07:28:21 graph]: start epoch 68.
[2023-03-22 07:28:21] PRINT [03/22 07:28:21 graph]: # Epoch 68: train_loss: 0.4791 | lr: 0.000145
[2023-03-22 07:28:28] PRINT [03/22 07:28:28 graph]: --- Testf1: 0.86839, Best Valacc: 0.88945 in epoch 389 --- 
[2023-03-22 07:28:28] PRINT [03/22 07:28:28 graph]: Epoch 68: get test acc score:  0.86839
[2023-03-22 07:28:28] PRINT [03/22 07:28:28 graph]: best_f1 0.87484 at epoch 67
[2023-03-22 07:28:28] PRINT [03/22 07:28:28 graph]: start epoch 69.
[2023-03-22 07:28:28] PRINT [03/22 07:28:28 graph]: # Epoch 69: train_loss: 0.4732 | lr: 0.000145
[2023-03-22 07:28:35] PRINT [03/22 07:28:35 graph]: --- Testf1: 0.87030, Best Valacc: 0.89309 in epoch 374 --- 
[2023-03-22 07:28:36] PRINT [03/22 07:28:36 graph]: Epoch 69: get test acc score:  0.87030
[2023-03-22 07:28:36] PRINT [03/22 07:28:36 graph]: best_f1 0.87484 at epoch 67
[2023-03-22 07:28:36] PRINT [03/22 07:28:36 graph]: start epoch 70.
[2023-03-22 07:28:36] PRINT [03/22 07:28:36 graph]: # Epoch 70: train_loss: 0.4752 | lr: 0.000145
[2023-03-22 07:28:43] PRINT [03/22 07:28:43 graph]: --- Testf1: 0.87111, Best Valacc: 0.89382 in epoch 336 --- 
[2023-03-22 07:28:43] PRINT [03/22 07:28:43 graph]: Epoch 70: get test acc score:  0.87111
[2023-03-22 07:28:43] PRINT [03/22 07:28:43 graph]: best_f1 0.87484 at epoch 67
[2023-03-22 07:28:43] PRINT [03/22 07:28:43 graph]: start epoch 71.
[2023-03-22 07:28:43] PRINT [03/22 07:28:43 graph]: # Epoch 71: train_loss: 0.4727 | lr: 0.000145
[2023-03-22 07:28:50] PRINT [03/22 07:28:50 graph]: --- Testf1: 0.87448, Best Valacc: 0.88873 in epoch 354 --- 
[2023-03-22 07:28:50] PRINT [03/22 07:28:50 graph]: Epoch 71: get test acc score:  0.87448
[2023-03-22 07:28:50] PRINT [03/22 07:28:50 graph]: best_f1 0.87484 at epoch 67
[2023-03-22 07:28:50] PRINT [03/22 07:28:50 graph]: start epoch 72.
[2023-03-22 07:28:51] PRINT [03/22 07:28:51 graph]: # Epoch 72: train_loss: 0.4714 | lr: 0.000145
[2023-03-22 07:28:58] PRINT [03/22 07:28:58 graph]: --- Testf1: 0.87021, Best Valacc: 0.89309 in epoch 463 --- 
[2023-03-22 07:28:58] PRINT [03/22 07:28:58 graph]: Epoch 72: get test acc score:  0.87021
[2023-03-22 07:28:58] PRINT [03/22 07:28:58 graph]: best_f1 0.87484 at epoch 67
[2023-03-22 07:28:58] PRINT [03/22 07:28:58 graph]: start epoch 73.
[2023-03-22 07:28:58] PRINT [03/22 07:28:58 graph]: # Epoch 73: train_loss: 0.4715 | lr: 0.000145
[2023-03-22 07:29:05] PRINT [03/22 07:29:05 graph]: --- Testf1: 0.87311, Best Valacc: 0.89018 in epoch 419 --- 
[2023-03-22 07:29:06] PRINT [03/22 07:29:06 graph]: Epoch 73: get test acc score:  0.87311
[2023-03-22 07:29:06] PRINT [03/22 07:29:06 graph]: best_f1 0.87484 at epoch 67
[2023-03-22 07:29:06] PRINT [03/22 07:29:06 graph]: start epoch 74.
[2023-03-22 07:29:06] PRINT [03/22 07:29:06 graph]: # Epoch 74: train_loss: 0.4687 | lr: 0.000145
[2023-03-22 07:29:13] PRINT [03/22 07:29:13 graph]: --- Testf1: 0.87121, Best Valacc: 0.89382 in epoch 493 --- 
[2023-03-22 07:29:13] PRINT [03/22 07:29:13 graph]: Epoch 74: get test acc score:  0.87121
[2023-03-22 07:29:13] PRINT [03/22 07:29:13 graph]: best_f1 0.87484 at epoch 67
[2023-03-22 07:29:13] PRINT [03/22 07:29:13 graph]: start epoch 75.
[2023-03-22 07:29:13] PRINT [03/22 07:29:13 graph]: # Epoch 75: train_loss: 0.4702 | lr: 0.000145
[2023-03-22 07:29:20] PRINT [03/22 07:29:20 graph]: --- Testf1: 0.87666, Best Valacc: 0.89236 in epoch 453 --- 
[2023-03-22 07:29:21] PRINT [03/22 07:29:21 graph]: Epoch 75: get test acc score:  0.87666
[2023-03-22 07:29:21] PRINT [03/22 07:29:21 graph]: best_f1 0.87666 at epoch 75
[2023-03-22 07:29:21] PRINT [03/22 07:29:21 graph]: start epoch 76.
[2023-03-22 07:29:21] PRINT [03/22 07:29:21 graph]: # Epoch 76: train_loss: 0.4685 | lr: 0.000145
[2023-03-22 07:29:28] PRINT [03/22 07:29:28 graph]: --- Testf1: 0.87439, Best Valacc: 0.89382 in epoch 473 --- 
[2023-03-22 07:29:28] PRINT [03/22 07:29:28 graph]: Epoch 76: get test acc score:  0.87439
[2023-03-22 07:29:28] PRINT [03/22 07:29:28 graph]: best_f1 0.87666 at epoch 75
[2023-03-22 07:29:28] PRINT [03/22 07:29:28 graph]: start epoch 77.
[2023-03-22 07:29:28] PRINT [03/22 07:29:28 graph]: # Epoch 77: train_loss: 0.4664 | lr: 0.000145
[2023-03-22 07:29:35] PRINT [03/22 07:29:35 graph]: --- Testf1: 0.86793, Best Valacc: 0.89018 in epoch 435 --- 
[2023-03-22 07:29:36] PRINT [03/22 07:29:36 graph]: Epoch 77: get test acc score:  0.86793
[2023-03-22 07:29:36] PRINT [03/22 07:29:36 graph]: best_f1 0.87666 at epoch 75
[2023-03-22 07:29:36] PRINT [03/22 07:29:36 graph]: start epoch 78.
[2023-03-22 07:29:36] PRINT [03/22 07:29:36 graph]: # Epoch 78: train_loss: 0.4673 | lr: 0.000145
[2023-03-22 07:29:43] PRINT [03/22 07:29:43 graph]: --- Testf1: 0.87611, Best Valacc: 0.89600 in epoch 460 --- 
[2023-03-22 07:29:43] PRINT [03/22 07:29:43 graph]: Epoch 78: get test acc score:  0.87611
[2023-03-22 07:29:43] PRINT [03/22 07:29:43 graph]: best_f1 0.87666 at epoch 75
[2023-03-22 07:29:43] PRINT [03/22 07:29:43 graph]: start epoch 79.
[2023-03-22 07:29:43] PRINT [03/22 07:29:43 graph]: # Epoch 79: train_loss: 0.4651 | lr: 0.000145
[2023-03-22 07:29:50] PRINT [03/22 07:29:50 graph]: --- Testf1: 0.87066, Best Valacc: 0.89018 in epoch 268 --- 
[2023-03-22 07:29:51] PRINT [03/22 07:29:51 graph]: Epoch 79: get test acc score:  0.87066
[2023-03-22 07:29:51] PRINT [03/22 07:29:51 graph]: best_f1 0.87666 at epoch 75
[2023-03-22 07:29:51] PRINT [03/22 07:29:51 graph]: start epoch 80.
[2023-03-22 07:29:51] PRINT [03/22 07:29:51 graph]: # Epoch 80: train_loss: 0.4650 | lr: 0.000145
[2023-03-22 07:29:58] PRINT [03/22 07:29:58 graph]: --- Testf1: 0.87157, Best Valacc: 0.89091 in epoch 493 --- 
[2023-03-22 07:29:58] PRINT [03/22 07:29:58 graph]: Epoch 80: get test acc score:  0.87157
[2023-03-22 07:29:58] PRINT [03/22 07:29:58 graph]: best_f1 0.87666 at epoch 75
[2023-03-22 07:29:58] PRINT [03/22 07:29:58 graph]: start epoch 81.
[2023-03-22 07:29:58] PRINT [03/22 07:29:58 graph]: # Epoch 81: train_loss: 0.4642 | lr: 0.000145
[2023-03-22 07:30:06] PRINT [03/22 07:30:06 graph]: --- Testf1: 0.87211, Best Valacc: 0.89091 in epoch 441 --- 
[2023-03-22 07:30:06] PRINT [03/22 07:30:06 graph]: Epoch 81: get test acc score:  0.87211
[2023-03-22 07:30:06] PRINT [03/22 07:30:06 graph]: best_f1 0.87666 at epoch 75
[2023-03-22 07:30:06] PRINT [03/22 07:30:06 graph]: start epoch 82.
[2023-03-22 07:30:06] PRINT [03/22 07:30:06 graph]: # Epoch 82: train_loss: 0.4623 | lr: 0.000145
[2023-03-22 07:30:13] PRINT [03/22 07:30:13 graph]: --- Testf1: 0.86866, Best Valacc: 0.88582 in epoch 307 --- 
[2023-03-22 07:30:13] PRINT [03/22 07:30:13 graph]: Epoch 82: get test acc score:  0.86866
[2023-03-22 07:30:13] PRINT [03/22 07:30:13 graph]: best_f1 0.87666 at epoch 75
[2023-03-22 07:30:13] PRINT [03/22 07:30:13 graph]: start epoch 83.
[2023-03-22 07:30:14] PRINT [03/22 07:30:14 graph]: # Epoch 83: train_loss: 0.4627 | lr: 0.000145
[2023-03-22 07:30:21] PRINT [03/22 07:30:21 graph]: --- Testf1: 0.87102, Best Valacc: 0.89164 in epoch 303 --- 
[2023-03-22 07:30:21] PRINT [03/22 07:30:21 graph]: Epoch 83: get test acc score:  0.87102
[2023-03-22 07:30:21] PRINT [03/22 07:30:21 graph]: best_f1 0.87666 at epoch 75
[2023-03-22 07:30:21] PRINT [03/22 07:30:21 graph]: start epoch 84.
[2023-03-22 07:30:21] PRINT [03/22 07:30:21 graph]: # Epoch 84: train_loss: 0.4616 | lr: 0.000145
[2023-03-22 07:30:28] PRINT [03/22 07:30:28 graph]: --- Testf1: 0.87739, Best Valacc: 0.89018 in epoch 420 --- 
[2023-03-22 07:30:29] PRINT [03/22 07:30:29 graph]: Epoch 84: get test acc score:  0.87739
[2023-03-22 07:30:29] PRINT [03/22 07:30:29 graph]: best_f1 0.87739 at epoch 84
[2023-03-22 07:30:29] PRINT [03/22 07:30:29 graph]: start epoch 85.
[2023-03-22 07:30:29] PRINT [03/22 07:30:29 graph]: # Epoch 85: train_loss: 0.4623 | lr: 0.000145
[2023-03-22 07:30:36] PRINT [03/22 07:30:36 graph]: --- Testf1: 0.87157, Best Valacc: 0.89236 in epoch 441 --- 
[2023-03-22 07:30:36] PRINT [03/22 07:30:36 graph]: Epoch 85: get test acc score:  0.87157
[2023-03-22 07:30:36] PRINT [03/22 07:30:36 graph]: best_f1 0.87739 at epoch 84
[2023-03-22 07:30:36] PRINT [03/22 07:30:36 graph]: start epoch 86.
[2023-03-22 07:30:36] PRINT [03/22 07:30:36 graph]: # Epoch 86: train_loss: 0.4620 | lr: 0.000145
[2023-03-22 07:30:43] PRINT [03/22 07:30:43 graph]: --- Testf1: 0.87711, Best Valacc: 0.89818 in epoch 231 --- 
[2023-03-22 07:30:44] PRINT [03/22 07:30:44 graph]: Epoch 86: get test acc score:  0.87711
[2023-03-22 07:30:44] PRINT [03/22 07:30:44 graph]: best_f1 0.87739 at epoch 84
[2023-03-22 07:30:44] PRINT [03/22 07:30:44 graph]: start epoch 87.
[2023-03-22 07:30:44] PRINT [03/22 07:30:44 graph]: # Epoch 87: train_loss: 0.4587 | lr: 0.000145
[2023-03-22 07:30:50] PRINT [03/22 07:30:50 graph]: --- Testf1: 0.88029, Best Valacc: 0.89455 in epoch 258 --- 
[2023-03-22 07:30:50] PRINT [03/22 07:30:50 graph]: Epoch 87: get test acc score:  0.88029
[2023-03-22 07:30:50] PRINT [03/22 07:30:50 graph]: best_f1 0.88029 at epoch 87
[2023-03-22 07:30:50] PRINT [03/22 07:30:50 graph]: start epoch 88.
[2023-03-22 07:30:50] PRINT [03/22 07:30:50 graph]: # Epoch 88: train_loss: 0.4588 | lr: 0.000145
[2023-03-22 07:30:56] PRINT [03/22 07:30:56 graph]: --- Testf1: 0.87548, Best Valacc: 0.89891 in epoch 402 --- 
[2023-03-22 07:30:56] PRINT [03/22 07:30:56 graph]: Epoch 88: get test acc score:  0.87548
[2023-03-22 07:30:56] PRINT [03/22 07:30:56 graph]: best_f1 0.88029 at epoch 87
[2023-03-22 07:30:56] PRINT [03/22 07:30:56 graph]: start epoch 89.
[2023-03-22 07:30:56] PRINT [03/22 07:30:56 graph]: # Epoch 89: train_loss: 0.4582 | lr: 0.000145
[2023-03-22 07:31:02] PRINT [03/22 07:31:02 graph]: --- Testf1: 0.88066, Best Valacc: 0.89382 in epoch 499 --- 
[2023-03-22 07:31:02] PRINT [03/22 07:31:02 graph]: Epoch 89: get test acc score:  0.88066
[2023-03-22 07:31:02] PRINT [03/22 07:31:02 graph]: best_f1 0.88066 at epoch 89
[2023-03-22 07:31:02] PRINT [03/22 07:31:02 graph]: start epoch 90.
[2023-03-22 07:31:02] PRINT [03/22 07:31:02 graph]: # Epoch 90: train_loss: 0.4574 | lr: 0.000145
[2023-03-22 07:31:10] PRINT [03/22 07:31:10 graph]: --- Testf1: 0.87021, Best Valacc: 0.88800 in epoch 233 --- 
[2023-03-22 07:31:10] PRINT [03/22 07:31:10 graph]: Epoch 90: get test acc score:  0.87021
[2023-03-22 07:31:10] PRINT [03/22 07:31:10 graph]: best_f1 0.88066 at epoch 89
[2023-03-22 07:31:10] PRINT [03/22 07:31:10 graph]: start epoch 91.
[2023-03-22 07:31:10] PRINT [03/22 07:31:10 graph]: # Epoch 91: train_loss: 0.4563 | lr: 0.000145
[2023-03-22 07:31:18] PRINT [03/22 07:31:18 graph]: --- Testf1: 0.87957, Best Valacc: 0.89018 in epoch 312 --- 
[2023-03-22 07:31:19] PRINT [03/22 07:31:19 graph]: Epoch 91: get test acc score:  0.87957
[2023-03-22 07:31:19] PRINT [03/22 07:31:19 graph]: best_f1 0.88066 at epoch 89
[2023-03-22 07:31:19] PRINT [03/22 07:31:19 graph]: start epoch 92.
[2023-03-22 07:31:19] PRINT [03/22 07:31:19 graph]: # Epoch 92: train_loss: 0.4576 | lr: 0.000145
[2023-03-22 07:31:26] PRINT [03/22 07:31:26 graph]: --- Testf1: 0.87902, Best Valacc: 0.89309 in epoch 324 --- 
[2023-03-22 07:31:26] PRINT [03/22 07:31:26 graph]: Epoch 92: get test acc score:  0.87902
[2023-03-22 07:31:26] PRINT [03/22 07:31:26 graph]: best_f1 0.88066 at epoch 89
[2023-03-22 07:31:26] PRINT [03/22 07:31:26 graph]: start epoch 93.
[2023-03-22 07:31:26] PRINT [03/22 07:31:26 graph]: # Epoch 93: train_loss: 0.4568 | lr: 0.000145
[2023-03-22 07:31:34] PRINT [03/22 07:31:34 graph]: --- Testf1: 0.87802, Best Valacc: 0.89382 in epoch 384 --- 
[2023-03-22 07:31:34] PRINT [03/22 07:31:34 graph]: Epoch 93: get test acc score:  0.87802
[2023-03-22 07:31:34] PRINT [03/22 07:31:34 graph]: best_f1 0.88066 at epoch 89
[2023-03-22 07:31:34] PRINT [03/22 07:31:34 graph]: start epoch 94.
[2023-03-22 07:31:34] PRINT [03/22 07:31:34 graph]: # Epoch 94: train_loss: 0.4546 | lr: 0.000145
[2023-03-22 07:31:41] PRINT [03/22 07:31:41 graph]: --- Testf1: 0.87784, Best Valacc: 0.89236 in epoch 368 --- 
[2023-03-22 07:31:42] PRINT [03/22 07:31:42 graph]: Epoch 94: get test acc score:  0.87784
[2023-03-22 07:31:42] PRINT [03/22 07:31:42 graph]: best_f1 0.88066 at epoch 89
[2023-03-22 07:31:42] PRINT [03/22 07:31:42 graph]: start epoch 95.
[2023-03-22 07:31:42] PRINT [03/22 07:31:42 graph]: # Epoch 95: train_loss: 0.4551 | lr: 0.000145
[2023-03-22 07:31:49] PRINT [03/22 07:31:49 graph]: --- Testf1: 0.87730, Best Valacc: 0.89600 in epoch 425 --- 
[2023-03-22 07:31:50] PRINT [03/22 07:31:50 graph]: Epoch 95: get test acc score:  0.87730
[2023-03-22 07:31:50] PRINT [03/22 07:31:50 graph]: best_f1 0.88066 at epoch 89
[2023-03-22 07:31:50] PRINT [03/22 07:31:50 graph]: start epoch 96.
[2023-03-22 07:31:50] PRINT [03/22 07:31:50 graph]: # Epoch 96: train_loss: 0.4532 | lr: 0.000145
[2023-03-22 07:31:57] PRINT [03/22 07:31:57 graph]: --- Testf1: 0.87557, Best Valacc: 0.89673 in epoch 254 --- 
[2023-03-22 07:31:57] PRINT [03/22 07:31:57 graph]: Epoch 96: get test acc score:  0.87557
[2023-03-22 07:31:57] PRINT [03/22 07:31:57 graph]: best_f1 0.88066 at epoch 89
[2023-03-22 07:31:57] PRINT [03/22 07:31:57 graph]: start epoch 97.
[2023-03-22 07:31:57] PRINT [03/22 07:31:57 graph]: # Epoch 97: train_loss: 0.4547 | lr: 0.000145
[2023-03-22 07:32:05] PRINT [03/22 07:32:05 graph]: --- Testf1: 0.87848, Best Valacc: 0.89309 in epoch 168 --- 
[2023-03-22 07:32:05] PRINT [03/22 07:32:05 graph]: Epoch 97: get test acc score:  0.87848
[2023-03-22 07:32:05] PRINT [03/22 07:32:05 graph]: best_f1 0.88066 at epoch 89
[2023-03-22 07:32:05] PRINT [03/22 07:32:05 graph]: start epoch 98.
[2023-03-22 07:32:05] PRINT [03/22 07:32:05 graph]: # Epoch 98: train_loss: 0.4563 | lr: 0.000145
[2023-03-22 07:32:12] PRINT [03/22 07:32:12 graph]: --- Testf1: 0.87639, Best Valacc: 0.89455 in epoch 494 --- 
[2023-03-22 07:32:13] PRINT [03/22 07:32:13 graph]: Epoch 98: get test acc score:  0.87639
[2023-03-22 07:32:13] PRINT [03/22 07:32:13 graph]: best_f1 0.88066 at epoch 89
[2023-03-22 07:32:13] PRINT [03/22 07:32:13 graph]: start epoch 99.
[2023-03-22 07:32:13] PRINT [03/22 07:32:13 graph]: # Epoch 99: train_loss: 0.4549 | lr: 0.000145
[2023-03-22 07:32:20] PRINT [03/22 07:32:20 graph]: --- Testf1: 0.87948, Best Valacc: 0.89818 in epoch 472 --- 
[2023-03-22 07:32:20] PRINT [03/22 07:32:20 graph]: Epoch 99: get test acc score:  0.87948
[2023-03-22 07:32:20] PRINT [03/22 07:32:20 graph]: best_f1 0.88066 at epoch 89
[2023-03-22 07:32:20] PRINT [03/22 07:32:20 graph]: # final_acc: 0.88066±0.00000
