[2023-03-06 08:16:02] PRINT ---new cfg------
[2023-03-06 08:16:02] PRINT {'DATA': {'data_name': 'MUTAG', 'deg4feat': True}, 'DATALOADER': {'NUM_WORKERS': 0, 'BATCH_SIZE': 32}, 'MODEL': {'num_hidden': 512, 'num_layers': 2, 'nhead': 4, 'activation': 'prelu', 'attn_drop': 0.1, 'feat_drop': 0.1, 'norm': 'layernorm', 'pooler': 'mean', 'beta_schedule': 'sigmoid', 'beta_1': 0.0004519607008410151, 'beta_T': 0.049264784994727584, 'T': 634}, 'SOLVER': {'optim_type': 'adamw', 'optim_type_f': 'adamw', 'alpha': 1, 'decay': 30, 'LR': 0.00018360494737627273, 'weight_decay': 0.0005, 'MAX_EPOCH': 50}, 'DEVICE': 'cuda', 'seeds': [11], 'eval_T': [50, 100, 200], 'output_dir': '/ddm-nni/MUTAG/log', 'checkpoint_dir': '/ddm-nni/MUTAG/log/checkpoint'}
[2023-03-06 08:16:02] PRINT [03/06 08:16:02 graph]: Rank of current process: 0. World size: 1
[2023-03-06 08:16:05] PRINT [03/06 08:16:05 graph]: Environment info:
[2023-03-06 08:16:05] PRINT PyTorch version: 1.10.0+cu113
[2023-03-06 08:16:05] PRINT Is debug build: False
[2023-03-06 08:16:05] PRINT CUDA used to build PyTorch: 11.3
[2023-03-06 08:16:05] PRINT ROCM used to build PyTorch: N/A
[2023-03-06 08:16:05] PRINT 
[2023-03-06 08:16:05] PRINT OS: Ubuntu 20.04.3 LTS (x86_64)
[2023-03-06 08:16:05] PRINT GCC version: (Ubuntu 9.3.0-17ubuntu1~20.04) 9.3.0
[2023-03-06 08:16:05] PRINT Clang version: Could not collect
[2023-03-06 08:16:05] PRINT CMake version: version 3.16.3
[2023-03-06 08:16:05] PRINT Libc version: glibc-2.31
[2023-03-06 08:16:05] PRINT 
[2023-03-06 08:16:05] PRINT Python version: 3.8.10 (default, Jun  4 2021, 15:09:15)  [GCC 7.5.0] (64-bit runtime)
[2023-03-06 08:16:05] PRINT Python platform: Linux-5.4.0-90-generic-x86_64-with-glibc2.17
[2023-03-06 08:16:05] PRINT Is CUDA available: True
[2023-03-06 08:16:05] PRINT CUDA runtime version: 11.3.109
[2023-03-06 08:16:05] PRINT GPU models and configuration: GPU 0: NVIDIA GeForce RTX 3090
[2023-03-06 08:16:05] PRINT Nvidia driver version: 495.44
[2023-03-06 08:16:05] PRINT cuDNN version: Probably one of the following:
[2023-03-06 08:16:05] PRINT /usr/lib/x86_64-linux-gnu/libcudnn.so.8.2.0
[2023-03-06 08:16:05] PRINT /usr/lib/x86_64-linux-gnu/libcudnn_adv_infer.so.8.2.0
[2023-03-06 08:16:05] PRINT /usr/lib/x86_64-linux-gnu/libcudnn_adv_train.so.8.2.0
[2023-03-06 08:16:05] PRINT /usr/lib/x86_64-linux-gnu/libcudnn_cnn_infer.so.8.2.0
[2023-03-06 08:16:05] PRINT /usr/lib/x86_64-linux-gnu/libcudnn_cnn_train.so.8.2.0
[2023-03-06 08:16:05] PRINT /usr/lib/x86_64-linux-gnu/libcudnn_ops_infer.so.8.2.0
[2023-03-06 08:16:05] PRINT /usr/lib/x86_64-linux-gnu/libcudnn_ops_train.so.8.2.0
[2023-03-06 08:16:05] PRINT HIP runtime version: N/A
[2023-03-06 08:16:05] PRINT MIOpen runtime version: N/A
[2023-03-06 08:16:05] PRINT 
[2023-03-06 08:16:05] PRINT Versions of relevant libraries:
[2023-03-06 08:16:05] PRINT [pip3] numpy==1.23.5
[2023-03-06 08:16:05] PRINT [pip3] torch==1.10.0+cu113
[2023-03-06 08:16:05] PRINT [pip3] torchvision==0.11.1+cu113
[2023-03-06 08:16:05] PRINT [conda] blas                      1.0                         mkl    https://mirrors.ustc.edu.cn/anaconda/pkgs/main
[2023-03-06 08:16:05] PRINT [conda] mkl                       2021.4.0           h06a4308_640    https://mirrors.ustc.edu.cn/anaconda/pkgs/main
[2023-03-06 08:16:05] PRINT [conda] mkl-service               2.4.0            py38h7f8727e_0    https://mirrors.ustc.edu.cn/anaconda/pkgs/main
[2023-03-06 08:16:05] PRINT [conda] mkl_fft                   1.3.1            py38hd3c417c_0    https://mirrors.ustc.edu.cn/anaconda/pkgs/main
[2023-03-06 08:16:05] PRINT [conda] mkl_random                1.2.2            py38h51133e4_0    https://mirrors.ustc.edu.cn/anaconda/pkgs/main
[2023-03-06 08:16:05] PRINT [conda] numpy                     1.21.4                   pypi_0    pypi
[2023-03-06 08:16:05] PRINT [conda] numpy-base                1.23.5           py38h31eccc5_0    https://mirrors.ustc.edu.cn/anaconda/pkgs/main
[2023-03-06 08:16:05] PRINT [conda] torch                     1.10.0+cu113             pypi_0    pypi
[2023-03-06 08:16:05] PRINT [conda] torchvision               0.11.1+cu113             pypi_0    pypi
[2023-03-06 08:16:05] PRINT         Pillow (8.4.0)
[2023-03-06 08:16:05] PRINT [03/06 08:16:05 graph]: Command line arguments: Namespace(local_rank=0, resume=False, seed=1234, start_epoch=0)
[2023-03-06 08:16:05] PRINT Using degree as node features
[2023-03-06 08:16:05] PRINT ******** # Num Graphs: 188, # Num Feat: 5, # Num Classes: 2 ********
[2023-03-06 08:16:05] PRINT [03/06 08:16:05 graph]: Run 0th for seed 11
[2023-03-06 08:16:06] PRINT [03/06 08:16:06 graph]: Total trainable params num : 5065839
[2023-03-06 08:16:10] PRINT [03/06 08:16:10 graph]: ----------Start Training----------
[2023-03-06 08:16:11] PRINT [03/06 08:16:11 graph]: Epoch 0 | train_loss: 0.7608 | lr: 0.000184
[2023-03-06 08:16:11] PRINT [03/06 08:16:11 graph]: Epoch 1 | train_loss: 0.4338 | lr: 0.000184
[2023-03-06 08:16:11] PRINT [03/06 08:16:11 graph]: Epoch 2 | train_loss: 0.3386 | lr: 0.000184
[2023-03-06 08:16:14] PRINT [03/06 08:16:14 graph]: #Test_f1: 0.8617±0.0483
[2023-03-06 08:16:14] PRINT [03/06 08:16:14 graph]: Epoch 2: get test f1 score:  0.862
[2023-03-06 08:16:14] PRINT [03/06 08:16:14 graph]: best_f1 0.862 at epoch 2
[2023-03-06 08:16:15] PRINT [03/06 08:16:15 graph]: Epoch 3 | train_loss: 0.3076 | lr: 0.000184
[2023-03-06 08:16:17] PRINT [03/06 08:16:17 graph]: #Test_f1: 0.8561±0.0630
[2023-03-06 08:16:18] PRINT [03/06 08:16:18 graph]: Epoch 3: get test f1 score:  0.856
[2023-03-06 08:16:18] PRINT [03/06 08:16:18 graph]: best_f1 0.862 at epoch 2
[2023-03-06 08:16:18] PRINT [03/06 08:16:18 graph]: Epoch 4 | train_loss: 0.2822 | lr: 0.000184
[2023-03-06 08:16:21] PRINT [03/06 08:16:21 graph]: #Test_f1: 0.8617±0.0538
[2023-03-06 08:16:21] PRINT [03/06 08:16:21 graph]: Epoch 4: get test f1 score:  0.862
[2023-03-06 08:16:21] PRINT [03/06 08:16:21 graph]: best_f1 0.862 at epoch 2
[2023-03-06 08:16:21] PRINT [03/06 08:16:21 graph]: Epoch 5 | train_loss: 0.2767 | lr: 0.000184
[2023-03-06 08:16:24] PRINT [03/06 08:16:24 graph]: #Test_f1: 0.8775±0.0584
[2023-03-06 08:16:25] PRINT [03/06 08:16:25 graph]: Epoch 5: get test f1 score:  0.877
[2023-03-06 08:16:25] PRINT [03/06 08:16:25 graph]: best_f1 0.877 at epoch 5
[2023-03-06 08:16:25] PRINT [03/06 08:16:25 graph]: Epoch 6 | train_loss: 0.2546 | lr: 0.000184
[2023-03-06 08:16:28] PRINT [03/06 08:16:28 graph]: #Test_f1: 0.8880±0.0690
[2023-03-06 08:16:28] PRINT [03/06 08:16:28 graph]: Epoch 6: get test f1 score:  0.888
[2023-03-06 08:16:28] PRINT [03/06 08:16:28 graph]: best_f1 0.888 at epoch 6
[2023-03-06 08:16:28] PRINT [03/06 08:16:28 graph]: Epoch 7 | train_loss: 0.2485 | lr: 0.000184
[2023-03-06 08:16:31] PRINT [03/06 08:16:31 graph]: #Test_f1: 0.8778±0.0470
[2023-03-06 08:16:32] PRINT [03/06 08:16:32 graph]: Epoch 7: get test f1 score:  0.878
[2023-03-06 08:16:32] PRINT [03/06 08:16:32 graph]: best_f1 0.888 at epoch 6
[2023-03-06 08:16:32] PRINT [03/06 08:16:32 graph]: Epoch 8 | train_loss: 0.2393 | lr: 0.000184
[2023-03-06 08:16:35] PRINT [03/06 08:16:35 graph]: #Test_f1: 0.8778±0.0332
[2023-03-06 08:16:35] PRINT [03/06 08:16:35 graph]: Epoch 8: get test f1 score:  0.878
[2023-03-06 08:16:35] PRINT [03/06 08:16:35 graph]: best_f1 0.888 at epoch 6
[2023-03-06 08:16:35] PRINT [03/06 08:16:35 graph]: Epoch 9 | train_loss: 0.2290 | lr: 0.000184
[2023-03-06 08:16:38] PRINT [03/06 08:16:38 graph]: #Test_f1: 0.8722±0.0426
[2023-03-06 08:16:38] PRINT [03/06 08:16:38 graph]: Epoch 9: get test f1 score:  0.872
[2023-03-06 08:16:38] PRINT [03/06 08:16:38 graph]: best_f1 0.888 at epoch 6
[2023-03-06 08:16:39] PRINT [03/06 08:16:39 graph]: Epoch 10 | train_loss: 0.2234 | lr: 0.000184
[2023-03-06 08:16:42] PRINT [03/06 08:16:42 graph]: #Test_f1: 0.8620±0.0475
[2023-03-06 08:16:42] PRINT [03/06 08:16:42 graph]: Epoch 10: get test f1 score:  0.862
[2023-03-06 08:16:42] PRINT [03/06 08:16:42 graph]: best_f1 0.888 at epoch 6
[2023-03-06 08:16:42] PRINT [03/06 08:16:42 graph]: Epoch 11 | train_loss: 0.2064 | lr: 0.000184
[2023-03-06 08:16:45] PRINT [03/06 08:16:45 graph]: #Test_f1: 0.8459±0.0493
[2023-03-06 08:16:45] PRINT [03/06 08:16:45 graph]: Epoch 11: get test f1 score:  0.846
[2023-03-06 08:16:45] PRINT [03/06 08:16:45 graph]: best_f1 0.888 at epoch 6
[2023-03-06 08:16:46] PRINT [03/06 08:16:46 graph]: Epoch 12 | train_loss: 0.2028 | lr: 0.000184
[2023-03-06 08:16:48] PRINT [03/06 08:16:48 graph]: #Test_f1: 0.8298±0.0570
[2023-03-06 08:16:49] PRINT [03/06 08:16:49 graph]: Epoch 12: get test f1 score:  0.830
[2023-03-06 08:16:49] PRINT [03/06 08:16:49 graph]: best_f1 0.888 at epoch 6
[2023-03-06 08:16:49] PRINT [03/06 08:16:49 graph]: Epoch 13 | train_loss: 0.2017 | lr: 0.000184
[2023-03-06 08:16:52] PRINT [03/06 08:16:52 graph]: #Test_f1: 0.8456±0.0506
[2023-03-06 08:16:52] PRINT [03/06 08:16:52 graph]: Epoch 13: get test f1 score:  0.846
[2023-03-06 08:16:52] PRINT [03/06 08:16:52 graph]: best_f1 0.888 at epoch 6
[2023-03-06 08:16:52] PRINT [03/06 08:16:52 graph]: Epoch 14 | train_loss: 0.1905 | lr: 0.000184
[2023-03-06 08:16:55] PRINT [03/06 08:16:55 graph]: #Test_f1: 0.8456±0.0441
[2023-03-06 08:16:55] PRINT [03/06 08:16:55 graph]: Epoch 14: get test f1 score:  0.846
[2023-03-06 08:16:55] PRINT [03/06 08:16:55 graph]: best_f1 0.888 at epoch 6
[2023-03-06 08:16:56] PRINT [03/06 08:16:56 graph]: Epoch 15 | train_loss: 0.1904 | lr: 0.000184
[2023-03-06 08:16:58] PRINT [03/06 08:16:58 graph]: #Test_f1: 0.8567±0.0325
[2023-03-06 08:16:59] PRINT [03/06 08:16:59 graph]: Epoch 15: get test f1 score:  0.857
[2023-03-06 08:16:59] PRINT [03/06 08:16:59 graph]: best_f1 0.888 at epoch 6
[2023-03-06 08:16:59] PRINT [03/06 08:16:59 graph]: Epoch 16 | train_loss: 0.1760 | lr: 0.000184
[2023-03-06 08:17:02] PRINT [03/06 08:17:02 graph]: #Test_f1: 0.8456±0.0441
[2023-03-06 08:17:02] PRINT [03/06 08:17:02 graph]: Epoch 16: get test f1 score:  0.846
[2023-03-06 08:17:02] PRINT [03/06 08:17:02 graph]: best_f1 0.888 at epoch 6
[2023-03-06 08:17:03] PRINT [03/06 08:17:03 graph]: Epoch 17 | train_loss: 0.1762 | lr: 0.000184
[2023-03-06 08:17:06] PRINT [03/06 08:17:06 graph]: #Test_f1: 0.8509±0.0323
[2023-03-06 08:17:06] PRINT [03/06 08:17:06 graph]: Epoch 17: get test f1 score:  0.851
[2023-03-06 08:17:06] PRINT [03/06 08:17:06 graph]: best_f1 0.888 at epoch 6
[2023-03-06 08:17:06] PRINT [03/06 08:17:06 graph]: Epoch 18 | train_loss: 0.1686 | lr: 0.000184
[2023-03-06 08:17:09] PRINT [03/06 08:17:09 graph]: #Test_f1: 0.8509±0.0400
[2023-03-06 08:17:09] PRINT [03/06 08:17:09 graph]: Epoch 18: get test f1 score:  0.851
[2023-03-06 08:17:09] PRINT [03/06 08:17:09 graph]: best_f1 0.888 at epoch 6
[2023-03-06 08:17:10] PRINT [03/06 08:17:10 graph]: Epoch 19 | train_loss: 0.1653 | lr: 0.000184
[2023-03-06 08:17:12] PRINT [03/06 08:17:12 graph]: #Test_f1: 0.8617±0.0260
[2023-03-06 08:17:13] PRINT [03/06 08:17:13 graph]: Epoch 19: get test f1 score:  0.862
[2023-03-06 08:17:13] PRINT [03/06 08:17:13 graph]: best_f1 0.888 at epoch 6
[2023-03-06 08:17:13] PRINT [03/06 08:17:13 graph]: Epoch 20 | train_loss: 0.1641 | lr: 0.000184
[2023-03-06 08:17:16] PRINT [03/06 08:17:16 graph]: #Test_f1: 0.8722±0.0426
[2023-03-06 08:17:16] PRINT [03/06 08:17:16 graph]: Epoch 20: get test f1 score:  0.872
[2023-03-06 08:17:16] PRINT [03/06 08:17:16 graph]: best_f1 0.888 at epoch 6
[2023-03-06 08:17:16] PRINT [03/06 08:17:16 graph]: Epoch 21 | train_loss: 0.1602 | lr: 0.000184
[2023-03-06 08:17:19] PRINT [03/06 08:17:19 graph]: #Test_f1: 0.8719±0.0495
[2023-03-06 08:17:20] PRINT [03/06 08:17:20 graph]: Epoch 21: get test f1 score:  0.872
[2023-03-06 08:17:20] PRINT [03/06 08:17:20 graph]: best_f1 0.888 at epoch 6
[2023-03-06 08:17:20] PRINT [03/06 08:17:20 graph]: Epoch 22 | train_loss: 0.1572 | lr: 0.000184
[2023-03-06 08:17:23] PRINT [03/06 08:17:23 graph]: #Test_f1: 0.8558±0.0548
[2023-03-06 08:17:23] PRINT [03/06 08:17:23 graph]: Epoch 22: get test f1 score:  0.856
[2023-03-06 08:17:23] PRINT [03/06 08:17:23 graph]: best_f1 0.888 at epoch 6
[2023-03-06 08:17:23] PRINT [03/06 08:17:23 graph]: Epoch 23 | train_loss: 0.1488 | lr: 0.000184
[2023-03-06 08:17:26] PRINT [03/06 08:17:26 graph]: #Test_f1: 0.8506±0.0629
[2023-03-06 08:17:26] PRINT [03/06 08:17:26 graph]: Epoch 23: get test f1 score:  0.851
[2023-03-06 08:17:26] PRINT [03/06 08:17:26 graph]: best_f1 0.888 at epoch 6
[2023-03-06 08:17:27] PRINT [03/06 08:17:27 graph]: Epoch 24 | train_loss: 0.1436 | lr: 0.000184
[2023-03-06 08:17:30] PRINT [03/06 08:17:30 graph]: #Test_f1: 0.8558±0.0722
[2023-03-06 08:17:30] PRINT [03/06 08:17:30 graph]: Epoch 24: get test f1 score:  0.856
[2023-03-06 08:17:30] PRINT [03/06 08:17:30 graph]: best_f1 0.888 at epoch 6
[2023-03-06 08:17:30] PRINT [03/06 08:17:30 graph]: Epoch 25 | train_loss: 0.1431 | lr: 0.000184
[2023-03-06 08:17:33] PRINT [03/06 08:17:33 graph]: #Test_f1: 0.8558±0.0596
[2023-03-06 08:17:33] PRINT [03/06 08:17:33 graph]: Epoch 25: get test f1 score:  0.856
[2023-03-06 08:17:33] PRINT [03/06 08:17:33 graph]: best_f1 0.888 at epoch 6
[2023-03-06 08:17:34] PRINT [03/06 08:17:34 graph]: Epoch 26 | train_loss: 0.1441 | lr: 0.000184
[2023-03-06 08:17:37] PRINT [03/06 08:17:37 graph]: #Test_f1: 0.8664±0.0562
[2023-03-06 08:17:37] PRINT [03/06 08:17:37 graph]: Epoch 26: get test f1 score:  0.866
[2023-03-06 08:17:37] PRINT [03/06 08:17:37 graph]: best_f1 0.888 at epoch 6
[2023-03-06 08:17:37] PRINT [03/06 08:17:37 graph]: Epoch 27 | train_loss: 0.1417 | lr: 0.000184
[2023-03-06 08:17:40] PRINT [03/06 08:17:40 graph]: #Test_f1: 0.8506±0.0533
[2023-03-06 08:17:40] PRINT [03/06 08:17:40 graph]: Epoch 27: get test f1 score:  0.851
[2023-03-06 08:17:40] PRINT [03/06 08:17:40 graph]: best_f1 0.888 at epoch 6
[2023-03-06 08:17:41] PRINT [03/06 08:17:41 graph]: Epoch 28 | train_loss: 0.1350 | lr: 0.000184
[2023-03-06 08:17:43] PRINT [03/06 08:17:43 graph]: #Test_f1: 0.8398±0.0686
[2023-03-06 08:17:44] PRINT [03/06 08:17:44 graph]: Epoch 28: get test f1 score:  0.840
[2023-03-06 08:17:44] PRINT [03/06 08:17:44 graph]: best_f1 0.888 at epoch 6
[2023-03-06 08:17:44] PRINT [03/06 08:17:44 graph]: Epoch 29 | train_loss: 0.1372 | lr: 0.000184
[2023-03-06 08:17:47] PRINT [03/06 08:17:47 graph]: #Test_f1: 0.8558±0.0641
[2023-03-06 08:17:47] PRINT [03/06 08:17:47 graph]: Epoch 29: get test f1 score:  0.856
[2023-03-06 08:17:47] PRINT [03/06 08:17:47 graph]: best_f1 0.888 at epoch 6
[2023-03-06 08:17:47] PRINT [03/06 08:17:47 graph]: Epoch 30 | train_loss: 0.1303 | lr: 0.000184
[2023-03-06 08:17:50] PRINT [03/06 08:17:50 graph]: #Test_f1: 0.8556±0.0693
[2023-03-06 08:17:50] PRINT [03/06 08:17:50 graph]: Epoch 30: get test f1 score:  0.856
[2023-03-06 08:17:50] PRINT [03/06 08:17:50 graph]: best_f1 0.888 at epoch 6
[2023-03-06 08:17:51] PRINT [03/06 08:17:51 graph]: Epoch 31 | train_loss: 0.1338 | lr: 0.000184
[2023-03-06 08:17:53] PRINT [03/06 08:17:53 graph]: #Test_f1: 0.8506±0.0583
[2023-03-06 08:17:54] PRINT [03/06 08:17:54 graph]: Epoch 31: get test f1 score:  0.851
[2023-03-06 08:17:54] PRINT [03/06 08:17:54 graph]: best_f1 0.888 at epoch 6
[2023-03-06 08:17:54] PRINT [03/06 08:17:54 graph]: Epoch 32 | train_loss: 0.1268 | lr: 0.000184
[2023-03-06 08:17:56] PRINT [03/06 08:17:56 graph]: #Test_f1: 0.8564±0.0708
[2023-03-06 08:17:57] PRINT [03/06 08:17:57 graph]: Epoch 32: get test f1 score:  0.856
[2023-03-06 08:17:57] PRINT [03/06 08:17:57 graph]: best_f1 0.888 at epoch 6
[2023-03-06 08:17:57] PRINT [03/06 08:17:57 graph]: Epoch 33 | train_loss: 0.1299 | lr: 0.000184
[2023-03-06 08:18:00] PRINT [03/06 08:18:00 graph]: #Test_f1: 0.8664±0.0609
[2023-03-06 08:18:00] PRINT [03/06 08:18:00 graph]: Epoch 33: get test f1 score:  0.866
[2023-03-06 08:18:00] PRINT [03/06 08:18:00 graph]: best_f1 0.888 at epoch 6
[2023-03-06 08:18:00] PRINT [03/06 08:18:00 graph]: Epoch 34 | train_loss: 0.1212 | lr: 0.000184
[2023-03-06 08:18:03] PRINT [03/06 08:18:03 graph]: #Test_f1: 0.8558±0.0641
[2023-03-06 08:18:03] PRINT [03/06 08:18:03 graph]: Epoch 34: get test f1 score:  0.856
[2023-03-06 08:18:03] PRINT [03/06 08:18:03 graph]: best_f1 0.888 at epoch 6
[2023-03-06 08:18:04] PRINT [03/06 08:18:04 graph]: Epoch 35 | train_loss: 0.1250 | lr: 0.000184
[2023-03-06 08:18:07] PRINT [03/06 08:18:07 graph]: #Test_f1: 0.8558±0.0548
[2023-03-06 08:18:07] PRINT [03/06 08:18:07 graph]: Epoch 35: get test f1 score:  0.856
[2023-03-06 08:18:07] PRINT [03/06 08:18:07 graph]: best_f1 0.888 at epoch 6
[2023-03-06 08:18:07] PRINT [03/06 08:18:07 graph]: Epoch 36 | train_loss: 0.1263 | lr: 0.000184
[2023-03-06 08:18:10] PRINT [03/06 08:18:10 graph]: #Test_f1: 0.8664±0.0510
[2023-03-06 08:18:10] PRINT [03/06 08:18:10 graph]: Epoch 36: get test f1 score:  0.866
[2023-03-06 08:18:10] PRINT [03/06 08:18:10 graph]: best_f1 0.888 at epoch 6
[2023-03-06 08:18:11] PRINT [03/06 08:18:11 graph]: Epoch 37 | train_loss: 0.1193 | lr: 0.000184
[2023-03-06 08:18:14] PRINT [03/06 08:18:14 graph]: #Test_f1: 0.8664±0.0510
[2023-03-06 08:18:14] PRINT [03/06 08:18:14 graph]: Epoch 37: get test f1 score:  0.866
[2023-03-06 08:18:14] PRINT [03/06 08:18:14 graph]: best_f1 0.888 at epoch 6
[2023-03-06 08:18:14] PRINT [03/06 08:18:14 graph]: Epoch 38 | train_loss: 0.1257 | lr: 0.000184
[2023-03-06 08:18:17] PRINT [03/06 08:18:17 graph]: #Test_f1: 0.8558±0.0495
[2023-03-06 08:18:17] PRINT [03/06 08:18:17 graph]: Epoch 38: get test f1 score:  0.856
[2023-03-06 08:18:17] PRINT [03/06 08:18:17 graph]: best_f1 0.888 at epoch 6
[2023-03-06 08:18:18] PRINT [03/06 08:18:18 graph]: Epoch 39 | train_loss: 0.1226 | lr: 0.000184
[2023-03-06 08:18:21] PRINT [03/06 08:18:21 graph]: #Test_f1: 0.8664±0.0609
[2023-03-06 08:18:21] PRINT [03/06 08:18:21 graph]: Epoch 39: get test f1 score:  0.866
[2023-03-06 08:18:21] PRINT [03/06 08:18:21 graph]: best_f1 0.888 at epoch 6
[2023-03-06 08:18:21] PRINT [03/06 08:18:21 graph]: Epoch 40 | train_loss: 0.1141 | lr: 0.000184
[2023-03-06 08:18:24] PRINT [03/06 08:18:24 graph]: #Test_f1: 0.8611±0.0505
[2023-03-06 08:18:24] PRINT [03/06 08:18:24 graph]: Epoch 40: get test f1 score:  0.861
[2023-03-06 08:18:24] PRINT [03/06 08:18:24 graph]: best_f1 0.888 at epoch 6
[2023-03-06 08:18:25] PRINT [03/06 08:18:25 graph]: Epoch 41 | train_loss: 0.1165 | lr: 0.000184
[2023-03-06 08:18:27] PRINT [03/06 08:18:27 graph]: #Test_f1: 0.8667±0.0597
[2023-03-06 08:18:28] PRINT [03/06 08:18:28 graph]: Epoch 41: get test f1 score:  0.867
[2023-03-06 08:18:28] PRINT [03/06 08:18:28 graph]: best_f1 0.888 at epoch 6
[2023-03-06 08:18:28] PRINT [03/06 08:18:28 graph]: Epoch 42 | train_loss: 0.1169 | lr: 0.000184
[2023-03-06 08:18:31] PRINT [03/06 08:18:31 graph]: #Test_f1: 0.8716±0.0609
[2023-03-06 08:18:31] PRINT [03/06 08:18:31 graph]: Epoch 42: get test f1 score:  0.872
[2023-03-06 08:18:31] PRINT [03/06 08:18:31 graph]: best_f1 0.888 at epoch 6
[2023-03-06 08:18:31] PRINT [03/06 08:18:31 graph]: Epoch 43 | train_loss: 0.1124 | lr: 0.000184
[2023-03-06 08:18:34] PRINT [03/06 08:18:34 graph]: #Test_f1: 0.8719±0.0548
[2023-03-06 08:18:34] PRINT [03/06 08:18:34 graph]: Epoch 43: get test f1 score:  0.872
[2023-03-06 08:18:34] PRINT [03/06 08:18:34 graph]: best_f1 0.888 at epoch 6
[2023-03-06 08:18:34] PRINT [03/06 08:18:34 graph]: Epoch 44 | train_loss: 0.1147 | lr: 0.000184
[2023-03-06 08:18:37] PRINT [03/06 08:18:37 graph]: #Test_f1: 0.8506±0.0533
[2023-03-06 08:18:37] PRINT [03/06 08:18:37 graph]: Epoch 44: get test f1 score:  0.851
[2023-03-06 08:18:37] PRINT [03/06 08:18:37 graph]: best_f1 0.888 at epoch 6
[2023-03-06 08:18:38] PRINT [03/06 08:18:38 graph]: Epoch 45 | train_loss: 0.1155 | lr: 0.000184
[2023-03-06 08:18:40] PRINT [03/06 08:18:40 graph]: #Test_f1: 0.8614±0.0491
[2023-03-06 08:18:41] PRINT [03/06 08:18:41 graph]: Epoch 45: get test f1 score:  0.861
[2023-03-06 08:18:41] PRINT [03/06 08:18:41 graph]: best_f1 0.888 at epoch 6
[2023-03-06 08:18:41] PRINT [03/06 08:18:41 graph]: Epoch 46 | train_loss: 0.1103 | lr: 0.000184
[2023-03-06 08:18:44] PRINT [03/06 08:18:44 graph]: #Test_f1: 0.8611±0.0505
[2023-03-06 08:18:44] PRINT [03/06 08:18:44 graph]: Epoch 46: get test f1 score:  0.861
[2023-03-06 08:18:44] PRINT [03/06 08:18:44 graph]: best_f1 0.888 at epoch 6
[2023-03-06 08:18:44] PRINT [03/06 08:18:44 graph]: Epoch 47 | train_loss: 0.1120 | lr: 0.000184
[2023-03-06 08:18:47] PRINT [03/06 08:18:47 graph]: #Test_f1: 0.8398±0.0557
[2023-03-06 08:18:47] PRINT [03/06 08:18:47 graph]: Epoch 47: get test f1 score:  0.840
[2023-03-06 08:18:47] PRINT [03/06 08:18:47 graph]: best_f1 0.888 at epoch 6
[2023-03-06 08:18:48] PRINT [03/06 08:18:48 graph]: Epoch 48 | train_loss: 0.1165 | lr: 0.000184
[2023-03-06 08:18:50] PRINT [03/06 08:18:50 graph]: #Test_f1: 0.8348±0.0508
[2023-03-06 08:18:51] PRINT [03/06 08:18:51 graph]: Epoch 48: get test f1 score:  0.835
[2023-03-06 08:18:51] PRINT [03/06 08:18:51 graph]: best_f1 0.888 at epoch 6
[2023-03-06 08:18:51] PRINT [03/06 08:18:51 graph]: Epoch 49 | train_loss: 0.1191 | lr: 0.000184
[2023-03-06 08:18:54] PRINT [03/06 08:18:54 graph]: #Test_f1: 0.8345±0.0464
[2023-03-06 08:18:54] PRINT [03/06 08:18:54 graph]: Epoch 49: get test f1 score:  0.835
[2023-03-06 08:18:54] PRINT [03/06 08:18:54 graph]: best_f1 0.888 at epoch 6
[2023-03-06 08:18:54] PRINT [03/06 08:18:54 graph]: # final_acc: 0.8880±0.0000
