[2023-03-22 02:03:32] PRINT ---new cfg------
[2023-03-22 02:03:32] PRINT {'DATA': {'data_name': 'comp'}, 'DATALOADER': {'NUM_WORKERS': 0}, 'MODEL': {'num_hidden': 512, 'num_layers': 2, 'nhead': 4, 'activation': 'prelu', 'attn_drop': 0.5, 'feat_drop': 0.5, 'norm': 'batchnorm', 'pooler': 'mean', 'beta_schedule': 'quad', 'beta_1': 0.0008243011490190943, 'beta_T': 0.06140414245675396, 'T': 246}, 'SOLVER': {'optim_type': 'adam', 'optim_type_f': 'adamw', 'alpha': 1, 'decay': 30, 'LR': 0.0002431886719505432, 'LR_f': 0.010697656032940787, 'weight_decay': 0, 'weight_decay_f': 1.849720740928425e-05, 'MAX_EPOCH': 100, 'max_epoch_f': 500}, 'DEVICE': 'cuda', 'seeds': [0], 'eval_T': [50, 100, 200], 'output_dir': '/ddm-nni/AmazonCoBuyComputerDataset¶/log', 'checkpoint_dir': '/ddm-nni/AmazonCoBuyComputerDataset¶/log/checkpoint'}
[2023-03-22 02:03:32] PRINT [03/22 02:03:32 graph]: Rank of current process: 0. World size: 1
[2023-03-22 02:03:35] PRINT [03/22 02:03:35 graph]: Environment info:
[2023-03-22 02:03:35] PRINT PyTorch version: 1.10.0+cu113
[2023-03-22 02:03:35] PRINT Is debug build: False
[2023-03-22 02:03:35] PRINT CUDA used to build PyTorch: 11.3
[2023-03-22 02:03:35] PRINT ROCM used to build PyTorch: N/A
[2023-03-22 02:03:35] PRINT 
[2023-03-22 02:03:35] PRINT OS: Ubuntu 20.04.3 LTS (x86_64)
[2023-03-22 02:03:35] PRINT GCC version: (Ubuntu 9.3.0-17ubuntu1~20.04) 9.3.0
[2023-03-22 02:03:35] PRINT Clang version: Could not collect
[2023-03-22 02:03:35] PRINT CMake version: version 3.16.3
[2023-03-22 02:03:35] PRINT Libc version: glibc-2.31
[2023-03-22 02:03:35] PRINT 
[2023-03-22 02:03:35] PRINT Python version: 3.8.10 (default, Jun  4 2021, 15:09:15)  [GCC 7.5.0] (64-bit runtime)
[2023-03-22 02:03:35] PRINT Python platform: Linux-5.4.0-90-generic-x86_64-with-glibc2.17
[2023-03-22 02:03:35] PRINT Is CUDA available: True
[2023-03-22 02:03:35] PRINT CUDA runtime version: 11.3.109
[2023-03-22 02:03:35] PRINT GPU models and configuration: GPU 0: NVIDIA GeForce RTX 3090
[2023-03-22 02:03:35] PRINT Nvidia driver version: 495.44
[2023-03-22 02:03:35] PRINT cuDNN version: Probably one of the following:
[2023-03-22 02:03:35] PRINT /usr/lib/x86_64-linux-gnu/libcudnn.so.8.2.0
[2023-03-22 02:03:35] PRINT /usr/lib/x86_64-linux-gnu/libcudnn_adv_infer.so.8.2.0
[2023-03-22 02:03:35] PRINT /usr/lib/x86_64-linux-gnu/libcudnn_adv_train.so.8.2.0
[2023-03-22 02:03:35] PRINT /usr/lib/x86_64-linux-gnu/libcudnn_cnn_infer.so.8.2.0
[2023-03-22 02:03:35] PRINT /usr/lib/x86_64-linux-gnu/libcudnn_cnn_train.so.8.2.0
[2023-03-22 02:03:35] PRINT /usr/lib/x86_64-linux-gnu/libcudnn_ops_infer.so.8.2.0
[2023-03-22 02:03:35] PRINT /usr/lib/x86_64-linux-gnu/libcudnn_ops_train.so.8.2.0
[2023-03-22 02:03:35] PRINT HIP runtime version: N/A
[2023-03-22 02:03:35] PRINT MIOpen runtime version: N/A
[2023-03-22 02:03:35] PRINT 
[2023-03-22 02:03:35] PRINT Versions of relevant libraries:
[2023-03-22 02:03:35] PRINT [pip3] numpy==1.23.5
[2023-03-22 02:03:35] PRINT [pip3] torch==1.10.0+cu113
[2023-03-22 02:03:35] PRINT [pip3] torchvision==0.11.1+cu113
[2023-03-22 02:03:35] PRINT [conda] blas                      1.0                         mkl    https://mirrors.ustc.edu.cn/anaconda/pkgs/main
[2023-03-22 02:03:35] PRINT [conda] mkl                       2021.4.0           h06a4308_640    https://mirrors.ustc.edu.cn/anaconda/pkgs/main
[2023-03-22 02:03:35] PRINT [conda] mkl-service               2.4.0            py38h7f8727e_0    https://mirrors.ustc.edu.cn/anaconda/pkgs/main
[2023-03-22 02:03:35] PRINT [conda] mkl_fft                   1.3.1            py38hd3c417c_0    https://mirrors.ustc.edu.cn/anaconda/pkgs/main
[2023-03-22 02:03:35] PRINT [conda] mkl_random                1.2.2            py38h51133e4_0    https://mirrors.ustc.edu.cn/anaconda/pkgs/main
[2023-03-22 02:03:35] PRINT [conda] numpy                     1.21.4                   pypi_0    pypi
[2023-03-22 02:03:35] PRINT [conda] numpy-base                1.23.5           py38h31eccc5_0    https://mirrors.ustc.edu.cn/anaconda/pkgs/main
[2023-03-22 02:03:35] PRINT [conda] torch                     1.10.0+cu113             pypi_0    pypi
[2023-03-22 02:03:35] PRINT [conda] torchvision               0.11.1+cu113             pypi_0    pypi
[2023-03-22 02:03:35] PRINT         Pillow (8.4.0)
[2023-03-22 02:03:35] PRINT [03/22 02:03:35 graph]: Command line arguments: Namespace(local_rank=0, resume=False, seed=1234, start_epoch=0)
[2023-03-22 02:03:35] PRINT [03/22 02:03:35 graph]: Run 0th for seed 0
[2023-03-22 02:03:36] PRINT [03/22 02:03:36 graph]: Total trainable params num : 7806979
[2023-03-22 02:03:40] PRINT [03/22 02:03:40 graph]: ----------Start Training----------
[2023-03-22 02:03:40] PRINT [03/22 02:03:40 graph]: start epoch 0.
[2023-03-22 02:03:41] PRINT [03/22 02:03:41 graph]: # Epoch 0: train_loss: 1.0207 | lr: 0.000243
[2023-03-22 02:03:41] PRINT [03/22 02:03:41 graph]: start epoch 1.
[2023-03-22 02:03:41] PRINT [03/22 02:03:41 graph]: # Epoch 1: train_loss: 0.8493 | lr: 0.000243
[2023-03-22 02:03:41] PRINT [03/22 02:03:41 graph]: start epoch 2.
[2023-03-22 02:03:41] PRINT [03/22 02:03:41 graph]: # Epoch 2: train_loss: 0.7673 | lr: 0.000243
[2023-03-22 02:03:41] PRINT [03/22 02:03:41 graph]: start epoch 3.
[2023-03-22 02:03:41] PRINT [03/22 02:03:41 graph]: # Epoch 3: train_loss: 0.7094 | lr: 0.000243
[2023-03-22 02:03:41] PRINT [03/22 02:03:41 graph]: start epoch 4.
[2023-03-22 02:03:41] PRINT [03/22 02:03:41 graph]: # Epoch 4: train_loss: 0.6644 | lr: 0.000243
[2023-03-22 02:03:41] PRINT [03/22 02:03:41 graph]: start epoch 5.
[2023-03-22 02:03:41] PRINT [03/22 02:03:41 graph]: # Epoch 5: train_loss: 0.6365 | lr: 0.000243
[2023-03-22 02:03:41] PRINT [03/22 02:03:41 graph]: start epoch 6.
[2023-03-22 02:03:41] PRINT [03/22 02:03:41 graph]: # Epoch 6: train_loss: 0.6161 | lr: 0.000243
[2023-03-22 02:03:41] PRINT [03/22 02:03:41 graph]: start epoch 7.
[2023-03-22 02:03:41] PRINT [03/22 02:03:41 graph]: # Epoch 7: train_loss: 0.6024 | lr: 0.000243
[2023-03-22 02:03:41] PRINT [03/22 02:03:41 graph]: start epoch 8.
[2023-03-22 02:03:41] PRINT [03/22 02:03:41 graph]: # Epoch 8: train_loss: 0.5948 | lr: 0.000243
[2023-03-22 02:03:41] PRINT [03/22 02:03:41 graph]: start epoch 9.
[2023-03-22 02:03:41] PRINT [03/22 02:03:41 graph]: # Epoch 9: train_loss: 0.5846 | lr: 0.000243
[2023-03-22 02:03:41] PRINT [03/22 02:03:41 graph]: start epoch 10.
[2023-03-22 02:03:41] PRINT [03/22 02:03:41 graph]: # Epoch 10: train_loss: 0.5787 | lr: 0.000243
[2023-03-22 02:03:41] PRINT [03/22 02:03:41 graph]: start epoch 11.
[2023-03-22 02:03:41] PRINT [03/22 02:03:41 graph]: # Epoch 11: train_loss: 0.5729 | lr: 0.000243
[2023-03-22 02:03:41] PRINT [03/22 02:03:41 graph]: start epoch 12.
[2023-03-22 02:03:42] PRINT [03/22 02:03:42 graph]: # Epoch 12: train_loss: 0.5681 | lr: 0.000243
[2023-03-22 02:03:42] PRINT [03/22 02:03:42 graph]: start epoch 13.
[2023-03-22 02:03:42] PRINT [03/22 02:03:42 graph]: # Epoch 13: train_loss: 0.5627 | lr: 0.000243
[2023-03-22 02:03:42] PRINT [03/22 02:03:42 graph]: start epoch 14.
[2023-03-22 02:03:42] PRINT [03/22 02:03:42 graph]: # Epoch 14: train_loss: 0.5566 | lr: 0.000243
[2023-03-22 02:03:42] PRINT [03/22 02:03:42 graph]: start epoch 15.
[2023-03-22 02:03:42] PRINT [03/22 02:03:42 graph]: # Epoch 15: train_loss: 0.5513 | lr: 0.000243
[2023-03-22 02:03:42] PRINT [03/22 02:03:42 graph]: start epoch 16.
[2023-03-22 02:03:42] PRINT [03/22 02:03:42 graph]: # Epoch 16: train_loss: 0.5465 | lr: 0.000243
[2023-03-22 02:03:42] PRINT [03/22 02:03:42 graph]: start epoch 17.
[2023-03-22 02:03:42] PRINT [03/22 02:03:42 graph]: # Epoch 17: train_loss: 0.5423 | lr: 0.000243
[2023-03-22 02:03:42] PRINT [03/22 02:03:42 graph]: start epoch 18.
[2023-03-22 02:03:42] PRINT [03/22 02:03:42 graph]: # Epoch 18: train_loss: 0.5381 | lr: 0.000243
[2023-03-22 02:03:42] PRINT [03/22 02:03:42 graph]: start epoch 19.
[2023-03-22 02:03:42] PRINT [03/22 02:03:42 graph]: # Epoch 19: train_loss: 0.5340 | lr: 0.000243
[2023-03-22 02:03:42] PRINT [03/22 02:03:42 graph]: start epoch 20.
[2023-03-22 02:03:42] PRINT [03/22 02:03:42 graph]: # Epoch 20: train_loss: 0.5298 | lr: 0.000243
[2023-03-22 02:03:42] PRINT [03/22 02:03:42 graph]: start epoch 21.
[2023-03-22 02:03:42] PRINT [03/22 02:03:42 graph]: # Epoch 21: train_loss: 0.5260 | lr: 0.000243
[2023-03-22 02:03:42] PRINT [03/22 02:03:42 graph]: start epoch 22.
[2023-03-22 02:03:42] PRINT [03/22 02:03:42 graph]: # Epoch 22: train_loss: 0.5229 | lr: 0.000243
[2023-03-22 02:03:42] PRINT [03/22 02:03:42 graph]: start epoch 23.
[2023-03-22 02:03:42] PRINT [03/22 02:03:42 graph]: # Epoch 23: train_loss: 0.5194 | lr: 0.000243
[2023-03-22 02:03:42] PRINT [03/22 02:03:42 graph]: start epoch 24.
[2023-03-22 02:03:42] PRINT [03/22 02:03:42 graph]: # Epoch 24: train_loss: 0.5164 | lr: 0.000243
[2023-03-22 02:03:42] PRINT [03/22 02:03:42 graph]: start epoch 25.
[2023-03-22 02:03:43] PRINT [03/22 02:03:43 graph]: # Epoch 25: train_loss: 0.5135 | lr: 0.000243
[2023-03-22 02:03:43] PRINT [03/22 02:03:43 graph]: start epoch 26.
[2023-03-22 02:03:43] PRINT [03/22 02:03:43 graph]: # Epoch 26: train_loss: 0.5104 | lr: 0.000243
[2023-03-22 02:03:43] PRINT [03/22 02:03:43 graph]: start epoch 27.
[2023-03-22 02:03:43] PRINT [03/22 02:03:43 graph]: # Epoch 27: train_loss: 0.5067 | lr: 0.000243
[2023-03-22 02:03:43] PRINT [03/22 02:03:43 graph]: start epoch 28.
[2023-03-22 02:03:43] PRINT [03/22 02:03:43 graph]: # Epoch 28: train_loss: 0.5040 | lr: 0.000243
[2023-03-22 02:03:43] PRINT [03/22 02:03:43 graph]: start epoch 29.
[2023-03-22 02:03:43] PRINT [03/22 02:03:43 graph]: # Epoch 29: train_loss: 0.5010 | lr: 0.000243
[2023-03-22 02:03:43] PRINT [03/22 02:03:43 graph]: start epoch 30.
[2023-03-22 02:03:43] PRINT [03/22 02:03:43 graph]: # Epoch 30: train_loss: 0.4986 | lr: 0.000243
[2023-03-22 02:03:43] PRINT [03/22 02:03:43 graph]: start epoch 31.
[2023-03-22 02:03:43] PRINT [03/22 02:03:43 graph]: # Epoch 31: train_loss: 0.4957 | lr: 0.000243
[2023-03-22 02:03:43] PRINT [03/22 02:03:43 graph]: start epoch 32.
[2023-03-22 02:03:43] PRINT [03/22 02:03:43 graph]: # Epoch 32: train_loss: 0.4936 | lr: 0.000243
[2023-03-22 02:03:43] PRINT [03/22 02:03:43 graph]: start epoch 33.
[2023-03-22 02:03:43] PRINT [03/22 02:03:43 graph]: # Epoch 33: train_loss: 0.4908 | lr: 0.000243
[2023-03-22 02:03:43] PRINT [03/22 02:03:43 graph]: start epoch 34.
[2023-03-22 02:03:43] PRINT [03/22 02:03:43 graph]: # Epoch 34: train_loss: 0.4884 | lr: 0.000243
[2023-03-22 02:03:43] PRINT [03/22 02:03:43 graph]: start epoch 35.
[2023-03-22 02:03:43] PRINT [03/22 02:03:43 graph]: # Epoch 35: train_loss: 0.4869 | lr: 0.000243
[2023-03-22 02:03:43] PRINT [03/22 02:03:43 graph]: start epoch 36.
[2023-03-22 02:03:43] PRINT [03/22 02:03:43 graph]: # Epoch 36: train_loss: 0.4844 | lr: 0.000243
[2023-03-22 02:03:43] PRINT [03/22 02:03:43 graph]: start epoch 37.
[2023-03-22 02:03:43] PRINT [03/22 02:03:43 graph]: # Epoch 37: train_loss: 0.4843 | lr: 0.000243
[2023-03-22 02:03:43] PRINT [03/22 02:03:43 graph]: start epoch 38.
[2023-03-22 02:03:43] PRINT [03/22 02:03:43 graph]: # Epoch 38: train_loss: 0.4863 | lr: 0.000243
[2023-03-22 02:03:43] PRINT [03/22 02:03:43 graph]: start epoch 39.
[2023-03-22 02:03:44] PRINT [03/22 02:03:44 graph]: # Epoch 39: train_loss: 0.4818 | lr: 0.000243
[2023-03-22 02:03:44] PRINT [03/22 02:03:44 graph]: start epoch 40.
[2023-03-22 02:03:44] PRINT [03/22 02:03:44 graph]: # Epoch 40: train_loss: 0.4851 | lr: 0.000243
[2023-03-22 02:03:44] PRINT [03/22 02:03:44 graph]: start epoch 41.
[2023-03-22 02:03:44] PRINT [03/22 02:03:44 graph]: # Epoch 41: train_loss: 0.4807 | lr: 0.000243
[2023-03-22 02:03:44] PRINT [03/22 02:03:44 graph]: start epoch 42.
[2023-03-22 02:03:44] PRINT [03/22 02:03:44 graph]: # Epoch 42: train_loss: 0.4830 | lr: 0.000243
[2023-03-22 02:03:44] PRINT [03/22 02:03:44 graph]: start epoch 43.
[2023-03-22 02:03:44] PRINT [03/22 02:03:44 graph]: # Epoch 43: train_loss: 0.4796 | lr: 0.000243
[2023-03-22 02:03:44] PRINT [03/22 02:03:44 graph]: start epoch 44.
[2023-03-22 02:03:44] PRINT [03/22 02:03:44 graph]: # Epoch 44: train_loss: 0.4752 | lr: 0.000243
[2023-03-22 02:03:44] PRINT [03/22 02:03:44 graph]: start epoch 45.
[2023-03-22 02:03:44] PRINT [03/22 02:03:44 graph]: # Epoch 45: train_loss: 0.4752 | lr: 0.000243
[2023-03-22 02:03:44] PRINT [03/22 02:03:44 graph]: start epoch 46.
[2023-03-22 02:03:44] PRINT [03/22 02:03:44 graph]: # Epoch 46: train_loss: 0.4749 | lr: 0.000243
[2023-03-22 02:03:44] PRINT [03/22 02:03:44 graph]: start epoch 47.
[2023-03-22 02:03:44] PRINT [03/22 02:03:44 graph]: # Epoch 47: train_loss: 0.4717 | lr: 0.000243
[2023-03-22 02:03:44] PRINT [03/22 02:03:44 graph]: start epoch 48.
[2023-03-22 02:03:44] PRINT [03/22 02:03:44 graph]: # Epoch 48: train_loss: 0.4709 | lr: 0.000243
[2023-03-22 02:03:44] PRINT [03/22 02:03:44 graph]: start epoch 49.
[2023-03-22 02:03:44] PRINT [03/22 02:03:44 graph]: # Epoch 49: train_loss: 0.4703 | lr: 0.000243
[2023-03-22 02:03:44] PRINT [03/22 02:03:44 graph]: start epoch 50.
[2023-03-22 02:03:44] PRINT [03/22 02:03:44 graph]: # Epoch 50: train_loss: 0.4696 | lr: 0.000243
[2023-03-22 02:03:44] PRINT [03/22 02:03:44 graph]: start epoch 51.
[2023-03-22 02:03:44] PRINT [03/22 02:03:44 graph]: # Epoch 51: train_loss: 0.4682 | lr: 0.000243
[2023-03-22 02:03:52] PRINT [03/22 02:03:52 graph]: --- Testf1: 0.88311, Best Valacc: 0.86691 in epoch 414 --- 
[2023-03-22 02:03:52] PRINT [03/22 02:03:52 graph]: Epoch 51: get test acc score:  0.88311
[2023-03-22 02:03:52] PRINT [03/22 02:03:52 graph]: best_f1 0.88311 at epoch 51
[2023-03-22 02:03:52] PRINT [03/22 02:03:52 graph]: start epoch 52.
[2023-03-22 02:03:52] PRINT [03/22 02:03:52 graph]: # Epoch 52: train_loss: 0.4662 | lr: 0.000243
[2023-03-22 02:03:59] PRINT [03/22 02:03:59 graph]: --- Testf1: 0.88284, Best Valacc: 0.86545 in epoch 465 --- 
[2023-03-22 02:03:59] PRINT [03/22 02:03:59 graph]: Epoch 52: get test acc score:  0.88284
[2023-03-22 02:03:59] PRINT [03/22 02:03:59 graph]: best_f1 0.88311 at epoch 51
[2023-03-22 02:03:59] PRINT [03/22 02:03:59 graph]: start epoch 53.
[2023-03-22 02:04:00] PRINT [03/22 02:04:00 graph]: # Epoch 53: train_loss: 0.4656 | lr: 0.000243
[2023-03-22 02:04:07] PRINT [03/22 02:04:07 graph]: --- Testf1: 0.88257, Best Valacc: 0.87418 in epoch 489 --- 
[2023-03-22 02:04:07] PRINT [03/22 02:04:07 graph]: Epoch 53: get test acc score:  0.88257
[2023-03-22 02:04:07] PRINT [03/22 02:04:07 graph]: best_f1 0.88311 at epoch 51
[2023-03-22 02:04:07] PRINT [03/22 02:04:07 graph]: start epoch 54.
[2023-03-22 02:04:07] PRINT [03/22 02:04:07 graph]: # Epoch 54: train_loss: 0.4647 | lr: 0.000243
[2023-03-22 02:04:14] PRINT [03/22 02:04:14 graph]: --- Testf1: 0.88420, Best Valacc: 0.86545 in epoch 481 --- 
[2023-03-22 02:04:14] PRINT [03/22 02:04:14 graph]: Epoch 54: get test acc score:  0.88420
[2023-03-22 02:04:14] PRINT [03/22 02:04:14 graph]: best_f1 0.8842 at epoch 54
[2023-03-22 02:04:14] PRINT [03/22 02:04:14 graph]: start epoch 55.
[2023-03-22 02:04:15] PRINT [03/22 02:04:15 graph]: # Epoch 55: train_loss: 0.4635 | lr: 0.000243
[2023-03-22 02:04:22] PRINT [03/22 02:04:22 graph]: --- Testf1: 0.88420, Best Valacc: 0.86909 in epoch 388 --- 
[2023-03-22 02:04:22] PRINT [03/22 02:04:22 graph]: Epoch 55: get test acc score:  0.88420
[2023-03-22 02:04:22] PRINT [03/22 02:04:22 graph]: best_f1 0.8842 at epoch 54
[2023-03-22 02:04:22] PRINT [03/22 02:04:22 graph]: start epoch 56.
[2023-03-22 02:04:22] PRINT [03/22 02:04:22 graph]: # Epoch 56: train_loss: 0.4627 | lr: 0.000243
[2023-03-22 02:04:29] PRINT [03/22 02:04:29 graph]: --- Testf1: 0.88693, Best Valacc: 0.87055 in epoch 438 --- 
[2023-03-22 02:04:29] PRINT [03/22 02:04:29 graph]: Epoch 56: get test acc score:  0.88693
[2023-03-22 02:04:29] PRINT [03/22 02:04:29 graph]: best_f1 0.88693 at epoch 56
[2023-03-22 02:04:29] PRINT [03/22 02:04:29 graph]: start epoch 57.
[2023-03-22 02:04:30] PRINT [03/22 02:04:30 graph]: # Epoch 57: train_loss: 0.4617 | lr: 0.000243
[2023-03-22 02:04:37] PRINT [03/22 02:04:37 graph]: --- Testf1: 0.88620, Best Valacc: 0.86836 in epoch 491 --- 
[2023-03-22 02:04:37] PRINT [03/22 02:04:37 graph]: Epoch 57: get test acc score:  0.88620
[2023-03-22 02:04:37] PRINT [03/22 02:04:37 graph]: best_f1 0.88693 at epoch 56
[2023-03-22 02:04:37] PRINT [03/22 02:04:37 graph]: start epoch 58.
[2023-03-22 02:04:37] PRINT [03/22 02:04:37 graph]: # Epoch 58: train_loss: 0.4610 | lr: 0.000243
[2023-03-22 02:04:44] PRINT [03/22 02:04:44 graph]: --- Testf1: 0.88566, Best Valacc: 0.87200 in epoch 452 --- 
[2023-03-22 02:04:44] PRINT [03/22 02:04:44 graph]: Epoch 58: get test acc score:  0.88566
[2023-03-22 02:04:44] PRINT [03/22 02:04:44 graph]: best_f1 0.88693 at epoch 56
[2023-03-22 02:04:44] PRINT [03/22 02:04:44 graph]: start epoch 59.
[2023-03-22 02:04:44] PRINT [03/22 02:04:44 graph]: # Epoch 59: train_loss: 0.4605 | lr: 0.000243
[2023-03-22 02:04:52] PRINT [03/22 02:04:52 graph]: --- Testf1: 0.88575, Best Valacc: 0.87055 in epoch 490 --- 
[2023-03-22 02:04:52] PRINT [03/22 02:04:52 graph]: Epoch 59: get test acc score:  0.88575
[2023-03-22 02:04:52] PRINT [03/22 02:04:52 graph]: best_f1 0.88693 at epoch 56
[2023-03-22 02:04:52] PRINT [03/22 02:04:52 graph]: start epoch 60.
[2023-03-22 02:04:52] PRINT [03/22 02:04:52 graph]: # Epoch 60: train_loss: 0.4591 | lr: 0.000243
[2023-03-22 02:04:59] PRINT [03/22 02:04:59 graph]: --- Testf1: 0.88629, Best Valacc: 0.86982 in epoch 376 --- 
[2023-03-22 02:04:59] PRINT [03/22 02:04:59 graph]: Epoch 60: get test acc score:  0.88629
[2023-03-22 02:04:59] PRINT [03/22 02:04:59 graph]: best_f1 0.88693 at epoch 56
[2023-03-22 02:04:59] PRINT [03/22 02:04:59 graph]: start epoch 61.
[2023-03-22 02:04:59] PRINT [03/22 02:04:59 graph]: # Epoch 61: train_loss: 0.4585 | lr: 0.000243
[2023-03-22 02:05:07] PRINT [03/22 02:05:07 graph]: --- Testf1: 0.88966, Best Valacc: 0.87782 in epoch 334 --- 
[2023-03-22 02:05:07] PRINT [03/22 02:05:07 graph]: Epoch 61: get test acc score:  0.88966
[2023-03-22 02:05:07] PRINT [03/22 02:05:07 graph]: best_f1 0.88966 at epoch 61
[2023-03-22 02:05:07] PRINT [03/22 02:05:07 graph]: start epoch 62.
[2023-03-22 02:05:07] PRINT [03/22 02:05:07 graph]: # Epoch 62: train_loss: 0.4577 | lr: 0.000243
[2023-03-22 02:05:14] PRINT [03/22 02:05:14 graph]: --- Testf1: 0.88875, Best Valacc: 0.87127 in epoch 367 --- 
[2023-03-22 02:05:14] PRINT [03/22 02:05:14 graph]: Epoch 62: get test acc score:  0.88875
[2023-03-22 02:05:14] PRINT [03/22 02:05:14 graph]: best_f1 0.88966 at epoch 61
[2023-03-22 02:05:14] PRINT [03/22 02:05:14 graph]: start epoch 63.
[2023-03-22 02:05:14] PRINT [03/22 02:05:14 graph]: # Epoch 63: train_loss: 0.4566 | lr: 0.000243
[2023-03-22 02:05:22] PRINT [03/22 02:05:22 graph]: --- Testf1: 0.88629, Best Valacc: 0.86691 in epoch 456 --- 
[2023-03-22 02:05:22] PRINT [03/22 02:05:22 graph]: Epoch 63: get test acc score:  0.88629
[2023-03-22 02:05:22] PRINT [03/22 02:05:22 graph]: best_f1 0.88966 at epoch 61
[2023-03-22 02:05:22] PRINT [03/22 02:05:22 graph]: start epoch 64.
[2023-03-22 02:05:22] PRINT [03/22 02:05:22 graph]: # Epoch 64: train_loss: 0.4560 | lr: 0.000243
[2023-03-22 02:05:29] PRINT [03/22 02:05:29 graph]: --- Testf1: 0.88584, Best Valacc: 0.86836 in epoch 355 --- 
[2023-03-22 02:05:29] PRINT [03/22 02:05:29 graph]: Epoch 64: get test acc score:  0.88584
[2023-03-22 02:05:29] PRINT [03/22 02:05:29 graph]: best_f1 0.88966 at epoch 61
[2023-03-22 02:05:29] PRINT [03/22 02:05:29 graph]: start epoch 65.
[2023-03-22 02:05:29] PRINT [03/22 02:05:29 graph]: # Epoch 65: train_loss: 0.4551 | lr: 0.000243
[2023-03-22 02:05:37] PRINT [03/22 02:05:37 graph]: --- Testf1: 0.88829, Best Valacc: 0.86691 in epoch 497 --- 
[2023-03-22 02:05:37] PRINT [03/22 02:05:37 graph]: Epoch 65: get test acc score:  0.88829
[2023-03-22 02:05:37] PRINT [03/22 02:05:37 graph]: best_f1 0.88966 at epoch 61
[2023-03-22 02:05:37] PRINT [03/22 02:05:37 graph]: start epoch 66.
[2023-03-22 02:05:37] PRINT [03/22 02:05:37 graph]: # Epoch 66: train_loss: 0.4543 | lr: 0.000243
[2023-03-22 02:05:44] PRINT [03/22 02:05:44 graph]: --- Testf1: 0.88611, Best Valacc: 0.86691 in epoch 470 --- 
[2023-03-22 02:05:44] PRINT [03/22 02:05:44 graph]: Epoch 66: get test acc score:  0.88611
[2023-03-22 02:05:44] PRINT [03/22 02:05:44 graph]: best_f1 0.88966 at epoch 61
[2023-03-22 02:05:44] PRINT [03/22 02:05:44 graph]: start epoch 67.
[2023-03-22 02:05:45] PRINT [03/22 02:05:45 graph]: # Epoch 67: train_loss: 0.4534 | lr: 0.000243
[2023-03-22 02:05:52] PRINT [03/22 02:05:52 graph]: --- Testf1: 0.88648, Best Valacc: 0.87491 in epoch 481 --- 
[2023-03-22 02:05:52] PRINT [03/22 02:05:52 graph]: Epoch 67: get test acc score:  0.88648
[2023-03-22 02:05:52] PRINT [03/22 02:05:52 graph]: best_f1 0.88966 at epoch 61
[2023-03-22 02:05:52] PRINT [03/22 02:05:52 graph]: start epoch 68.
[2023-03-22 02:05:52] PRINT [03/22 02:05:52 graph]: # Epoch 68: train_loss: 0.4535 | lr: 0.000243
[2023-03-22 02:05:59] PRINT [03/22 02:05:59 graph]: --- Testf1: 0.88766, Best Valacc: 0.87200 in epoch 393 --- 
[2023-03-22 02:05:59] PRINT [03/22 02:05:59 graph]: Epoch 68: get test acc score:  0.88766
[2023-03-22 02:05:59] PRINT [03/22 02:05:59 graph]: best_f1 0.88966 at epoch 61
[2023-03-22 02:05:59] PRINT [03/22 02:05:59 graph]: start epoch 69.
[2023-03-22 02:05:59] PRINT [03/22 02:05:59 graph]: # Epoch 69: train_loss: 0.4527 | lr: 0.000243
[2023-03-22 02:06:07] PRINT [03/22 02:06:07 graph]: --- Testf1: 0.88611, Best Valacc: 0.88000 in epoch 385 --- 
[2023-03-22 02:06:07] PRINT [03/22 02:06:07 graph]: Epoch 69: get test acc score:  0.88611
[2023-03-22 02:06:07] PRINT [03/22 02:06:07 graph]: best_f1 0.88966 at epoch 61
[2023-03-22 02:06:07] PRINT [03/22 02:06:07 graph]: start epoch 70.
[2023-03-22 02:06:07] PRINT [03/22 02:06:07 graph]: # Epoch 70: train_loss: 0.4519 | lr: 0.000243
[2023-03-22 02:06:14] PRINT [03/22 02:06:14 graph]: --- Testf1: 0.88947, Best Valacc: 0.87055 in epoch 495 --- 
[2023-03-22 02:06:14] PRINT [03/22 02:06:14 graph]: Epoch 70: get test acc score:  0.88947
[2023-03-22 02:06:14] PRINT [03/22 02:06:14 graph]: best_f1 0.88966 at epoch 61
[2023-03-22 02:06:14] PRINT [03/22 02:06:14 graph]: start epoch 71.
[2023-03-22 02:06:15] PRINT [03/22 02:06:15 graph]: # Epoch 71: train_loss: 0.4515 | lr: 0.000243
[2023-03-22 02:06:22] PRINT [03/22 02:06:22 graph]: --- Testf1: 0.88684, Best Valacc: 0.87127 in epoch 455 --- 
[2023-03-22 02:06:22] PRINT [03/22 02:06:22 graph]: Epoch 71: get test acc score:  0.88684
[2023-03-22 02:06:22] PRINT [03/22 02:06:22 graph]: best_f1 0.88966 at epoch 61
[2023-03-22 02:06:22] PRINT [03/22 02:06:22 graph]: start epoch 72.
[2023-03-22 02:06:22] PRINT [03/22 02:06:22 graph]: # Epoch 72: train_loss: 0.4509 | lr: 0.000243
[2023-03-22 02:06:29] PRINT [03/22 02:06:29 graph]: --- Testf1: 0.88638, Best Valacc: 0.87273 in epoch 487 --- 
[2023-03-22 02:06:30] PRINT [03/22 02:06:30 graph]: Epoch 72: get test acc score:  0.88638
[2023-03-22 02:06:30] PRINT [03/22 02:06:30 graph]: best_f1 0.88966 at epoch 61
[2023-03-22 02:06:30] PRINT [03/22 02:06:30 graph]: start epoch 73.
[2023-03-22 02:06:30] PRINT [03/22 02:06:30 graph]: # Epoch 73: train_loss: 0.4500 | lr: 0.000243
[2023-03-22 02:06:36] PRINT [03/22 02:06:36 graph]: --- Testf1: 0.88793, Best Valacc: 0.87418 in epoch 447 --- 
[2023-03-22 02:06:36] PRINT [03/22 02:06:36 graph]: Epoch 73: get test acc score:  0.88793
[2023-03-22 02:06:36] PRINT [03/22 02:06:36 graph]: best_f1 0.88966 at epoch 61
[2023-03-22 02:06:36] PRINT [03/22 02:06:36 graph]: start epoch 74.
[2023-03-22 02:06:36] PRINT [03/22 02:06:36 graph]: # Epoch 74: train_loss: 0.4491 | lr: 0.000243
[2023-03-22 02:06:42] PRINT [03/22 02:06:42 graph]: --- Testf1: 0.88838, Best Valacc: 0.87636 in epoch 398 --- 
[2023-03-22 02:06:42] PRINT [03/22 02:06:42 graph]: Epoch 74: get test acc score:  0.88838
[2023-03-22 02:06:42] PRINT [03/22 02:06:42 graph]: best_f1 0.88966 at epoch 61
[2023-03-22 02:06:42] PRINT [03/22 02:06:42 graph]: start epoch 75.
[2023-03-22 02:06:42] PRINT [03/22 02:06:42 graph]: # Epoch 75: train_loss: 0.4487 | lr: 0.000243
[2023-03-22 02:06:48] PRINT [03/22 02:06:48 graph]: --- Testf1: 0.88657, Best Valacc: 0.87273 in epoch 410 --- 
[2023-03-22 02:06:48] PRINT [03/22 02:06:48 graph]: Epoch 75: get test acc score:  0.88657
[2023-03-22 02:06:48] PRINT [03/22 02:06:48 graph]: best_f1 0.88966 at epoch 61
[2023-03-22 02:06:48] PRINT [03/22 02:06:48 graph]: start epoch 76.
[2023-03-22 02:06:48] PRINT [03/22 02:06:48 graph]: # Epoch 76: train_loss: 0.4490 | lr: 0.000243
[2023-03-22 02:06:57] PRINT [03/22 02:06:57 graph]: --- Testf1: 0.88975, Best Valacc: 0.88000 in epoch 365 --- 
[2023-03-22 02:06:58] PRINT [03/22 02:06:58 graph]: Epoch 76: get test acc score:  0.88975
[2023-03-22 02:06:58] PRINT [03/22 02:06:58 graph]: best_f1 0.88975 at epoch 76
[2023-03-22 02:06:58] PRINT [03/22 02:06:58 graph]: start epoch 77.
[2023-03-22 02:06:58] PRINT [03/22 02:06:58 graph]: # Epoch 77: train_loss: 0.4477 | lr: 0.000243
[2023-03-22 02:07:05] PRINT [03/22 02:07:05 graph]: --- Testf1: 0.88448, Best Valacc: 0.87564 in epoch 328 --- 
[2023-03-22 02:07:05] PRINT [03/22 02:07:05 graph]: Epoch 77: get test acc score:  0.88448
[2023-03-22 02:07:05] PRINT [03/22 02:07:05 graph]: best_f1 0.88975 at epoch 76
[2023-03-22 02:07:05] PRINT [03/22 02:07:05 graph]: start epoch 78.
[2023-03-22 02:07:05] PRINT [03/22 02:07:05 graph]: # Epoch 78: train_loss: 0.4475 | lr: 0.000243
[2023-03-22 02:07:12] PRINT [03/22 02:07:12 graph]: --- Testf1: 0.88648, Best Valacc: 0.87127 in epoch 396 --- 
[2023-03-22 02:07:12] PRINT [03/22 02:07:12 graph]: Epoch 78: get test acc score:  0.88648
[2023-03-22 02:07:12] PRINT [03/22 02:07:12 graph]: best_f1 0.88975 at epoch 76
[2023-03-22 02:07:12] PRINT [03/22 02:07:12 graph]: start epoch 79.
[2023-03-22 02:07:13] PRINT [03/22 02:07:13 graph]: # Epoch 79: train_loss: 0.4468 | lr: 0.000243
[2023-03-22 02:07:19] PRINT [03/22 02:07:19 graph]: --- Testf1: 0.88893, Best Valacc: 0.86982 in epoch 327 --- 
[2023-03-22 02:07:20] PRINT [03/22 02:07:20 graph]: Epoch 79: get test acc score:  0.88893
[2023-03-22 02:07:20] PRINT [03/22 02:07:20 graph]: best_f1 0.88975 at epoch 76
[2023-03-22 02:07:20] PRINT [03/22 02:07:20 graph]: start epoch 80.
[2023-03-22 02:07:20] PRINT [03/22 02:07:20 graph]: # Epoch 80: train_loss: 0.4460 | lr: 0.000243
[2023-03-22 02:07:25] PRINT [03/22 02:07:25 graph]: --- Testf1: 0.88584, Best Valacc: 0.86909 in epoch 367 --- 
[2023-03-22 02:07:25] PRINT [03/22 02:07:25 graph]: Epoch 80: get test acc score:  0.88584
[2023-03-22 02:07:25] PRINT [03/22 02:07:25 graph]: best_f1 0.88975 at epoch 76
[2023-03-22 02:07:25] PRINT [03/22 02:07:25 graph]: start epoch 81.
[2023-03-22 02:07:26] PRINT [03/22 02:07:26 graph]: # Epoch 81: train_loss: 0.4459 | lr: 0.000243
[2023-03-22 02:07:31] PRINT [03/22 02:07:31 graph]: --- Testf1: 0.88620, Best Valacc: 0.86836 in epoch 168 --- 
[2023-03-22 02:07:31] PRINT [03/22 02:07:31 graph]: Epoch 81: get test acc score:  0.88620
[2023-03-22 02:07:31] PRINT [03/22 02:07:31 graph]: best_f1 0.88975 at epoch 76
[2023-03-22 02:07:31] PRINT [03/22 02:07:31 graph]: start epoch 82.
[2023-03-22 02:07:31] PRINT [03/22 02:07:31 graph]: # Epoch 82: train_loss: 0.4458 | lr: 0.000243
[2023-03-22 02:07:37] PRINT [03/22 02:07:37 graph]: --- Testf1: 0.88802, Best Valacc: 0.87782 in epoch 499 --- 
[2023-03-22 02:07:37] PRINT [03/22 02:07:37 graph]: Epoch 82: get test acc score:  0.88802
[2023-03-22 02:07:37] PRINT [03/22 02:07:37 graph]: best_f1 0.88975 at epoch 76
[2023-03-22 02:07:37] PRINT [03/22 02:07:37 graph]: start epoch 83.
[2023-03-22 02:07:37] PRINT [03/22 02:07:37 graph]: # Epoch 83: train_loss: 0.4442 | lr: 0.000243
[2023-03-22 02:07:46] PRINT [03/22 02:07:46 graph]: --- Testf1: 0.88875, Best Valacc: 0.87273 in epoch 349 --- 
[2023-03-22 02:07:47] PRINT [03/22 02:07:47 graph]: Epoch 83: get test acc score:  0.88875
[2023-03-22 02:07:47] PRINT [03/22 02:07:47 graph]: best_f1 0.88975 at epoch 76
[2023-03-22 02:07:47] PRINT [03/22 02:07:47 graph]: start epoch 84.
[2023-03-22 02:07:47] PRINT [03/22 02:07:47 graph]: # Epoch 84: train_loss: 0.4446 | lr: 0.000243
[2023-03-22 02:07:54] PRINT [03/22 02:07:54 graph]: --- Testf1: 0.88829, Best Valacc: 0.87055 in epoch 239 --- 
[2023-03-22 02:07:54] PRINT [03/22 02:07:54 graph]: Epoch 84: get test acc score:  0.88829
[2023-03-22 02:07:54] PRINT [03/22 02:07:54 graph]: best_f1 0.88975 at epoch 76
[2023-03-22 02:07:54] PRINT [03/22 02:07:54 graph]: start epoch 85.
[2023-03-22 02:07:54] PRINT [03/22 02:07:54 graph]: # Epoch 85: train_loss: 0.4430 | lr: 0.000243
[2023-03-22 02:08:01] PRINT [03/22 02:08:01 graph]: --- Testf1: 0.88575, Best Valacc: 0.86836 in epoch 430 --- 
[2023-03-22 02:08:01] PRINT [03/22 02:08:01 graph]: Epoch 85: get test acc score:  0.88575
[2023-03-22 02:08:01] PRINT [03/22 02:08:01 graph]: best_f1 0.88975 at epoch 76
[2023-03-22 02:08:01] PRINT [03/22 02:08:01 graph]: start epoch 86.
[2023-03-22 02:08:02] PRINT [03/22 02:08:02 graph]: # Epoch 86: train_loss: 0.4438 | lr: 0.000243
[2023-03-22 02:08:09] PRINT [03/22 02:08:09 graph]: --- Testf1: 0.88838, Best Valacc: 0.87200 in epoch 202 --- 
[2023-03-22 02:08:09] PRINT [03/22 02:08:09 graph]: Epoch 86: get test acc score:  0.88838
[2023-03-22 02:08:09] PRINT [03/22 02:08:09 graph]: best_f1 0.88975 at epoch 76
[2023-03-22 02:08:09] PRINT [03/22 02:08:09 graph]: start epoch 87.
[2023-03-22 02:08:09] PRINT [03/22 02:08:09 graph]: # Epoch 87: train_loss: 0.4423 | lr: 0.000243
[2023-03-22 02:08:16] PRINT [03/22 02:08:16 graph]: --- Testf1: 0.88929, Best Valacc: 0.87564 in epoch 499 --- 
[2023-03-22 02:08:17] PRINT [03/22 02:08:17 graph]: Epoch 87: get test acc score:  0.88929
[2023-03-22 02:08:17] PRINT [03/22 02:08:17 graph]: best_f1 0.88975 at epoch 76
[2023-03-22 02:08:17] PRINT [03/22 02:08:17 graph]: start epoch 88.
[2023-03-22 02:08:17] PRINT [03/22 02:08:17 graph]: # Epoch 88: train_loss: 0.4423 | lr: 0.000243
[2023-03-22 02:08:24] PRINT [03/22 02:08:24 graph]: --- Testf1: 0.89220, Best Valacc: 0.87709 in epoch 461 --- 
[2023-03-22 02:08:24] PRINT [03/22 02:08:24 graph]: Epoch 88: get test acc score:  0.89220
[2023-03-22 02:08:24] PRINT [03/22 02:08:24 graph]: best_f1 0.8922 at epoch 88
[2023-03-22 02:08:24] PRINT [03/22 02:08:24 graph]: start epoch 89.
[2023-03-22 02:08:24] PRINT [03/22 02:08:24 graph]: # Epoch 89: train_loss: 0.4415 | lr: 0.000243
[2023-03-22 02:08:32] PRINT [03/22 02:08:32 graph]: --- Testf1: 0.89220, Best Valacc: 0.87564 in epoch 405 --- 
[2023-03-22 02:08:32] PRINT [03/22 02:08:32 graph]: Epoch 89: get test acc score:  0.89220
[2023-03-22 02:08:32] PRINT [03/22 02:08:32 graph]: best_f1 0.8922 at epoch 88
[2023-03-22 02:08:32] PRINT [03/22 02:08:32 graph]: start epoch 90.
[2023-03-22 02:08:32] PRINT [03/22 02:08:32 graph]: # Epoch 90: train_loss: 0.4409 | lr: 0.000243
[2023-03-22 02:08:39] PRINT [03/22 02:08:39 graph]: --- Testf1: 0.88702, Best Valacc: 0.87345 in epoch 356 --- 
[2023-03-22 02:08:39] PRINT [03/22 02:08:39 graph]: Epoch 90: get test acc score:  0.88702
[2023-03-22 02:08:39] PRINT [03/22 02:08:39 graph]: best_f1 0.8922 at epoch 88
[2023-03-22 02:08:39] PRINT [03/22 02:08:39 graph]: start epoch 91.
[2023-03-22 02:08:39] PRINT [03/22 02:08:39 graph]: # Epoch 91: train_loss: 0.4411 | lr: 0.000243
[2023-03-22 02:08:47] PRINT [03/22 02:08:47 graph]: --- Testf1: 0.88975, Best Valacc: 0.87709 in epoch 466 --- 
[2023-03-22 02:08:47] PRINT [03/22 02:08:47 graph]: Epoch 91: get test acc score:  0.88975
[2023-03-22 02:08:47] PRINT [03/22 02:08:47 graph]: best_f1 0.8922 at epoch 88
[2023-03-22 02:08:47] PRINT [03/22 02:08:47 graph]: start epoch 92.
[2023-03-22 02:08:47] PRINT [03/22 02:08:47 graph]: # Epoch 92: train_loss: 0.4405 | lr: 0.000243
[2023-03-22 02:08:54] PRINT [03/22 02:08:54 graph]: --- Testf1: 0.88748, Best Valacc: 0.86545 in epoch 430 --- 
[2023-03-22 02:08:54] PRINT [03/22 02:08:54 graph]: Epoch 92: get test acc score:  0.88748
[2023-03-22 02:08:54] PRINT [03/22 02:08:54 graph]: best_f1 0.8922 at epoch 88
[2023-03-22 02:08:54] PRINT [03/22 02:08:54 graph]: start epoch 93.
[2023-03-22 02:08:54] PRINT [03/22 02:08:54 graph]: # Epoch 93: train_loss: 0.4397 | lr: 0.000243
[2023-03-22 02:09:02] PRINT [03/22 02:09:02 graph]: --- Testf1: 0.89066, Best Valacc: 0.87564 in epoch 499 --- 
[2023-03-22 02:09:02] PRINT [03/22 02:09:02 graph]: Epoch 93: get test acc score:  0.89066
[2023-03-22 02:09:02] PRINT [03/22 02:09:02 graph]: best_f1 0.8922 at epoch 88
[2023-03-22 02:09:02] PRINT [03/22 02:09:02 graph]: start epoch 94.
[2023-03-22 02:09:02] PRINT [03/22 02:09:02 graph]: # Epoch 94: train_loss: 0.4388 | lr: 0.000243
[2023-03-22 02:09:09] PRINT [03/22 02:09:09 graph]: --- Testf1: 0.88947, Best Valacc: 0.87782 in epoch 493 --- 
[2023-03-22 02:09:09] PRINT [03/22 02:09:09 graph]: Epoch 94: get test acc score:  0.88947
[2023-03-22 02:09:09] PRINT [03/22 02:09:09 graph]: best_f1 0.8922 at epoch 88
[2023-03-22 02:09:09] PRINT [03/22 02:09:09 graph]: start epoch 95.
[2023-03-22 02:09:09] PRINT [03/22 02:09:09 graph]: # Epoch 95: train_loss: 0.4398 | lr: 0.000243
[2023-03-22 02:09:17] PRINT [03/22 02:09:17 graph]: --- Testf1: 0.89211, Best Valacc: 0.87418 in epoch 222 --- 
[2023-03-22 02:09:17] PRINT [03/22 02:09:17 graph]: Epoch 95: get test acc score:  0.89211
[2023-03-22 02:09:17] PRINT [03/22 02:09:17 graph]: best_f1 0.8922 at epoch 88
[2023-03-22 02:09:17] PRINT [03/22 02:09:17 graph]: start epoch 96.
[2023-03-22 02:09:17] PRINT [03/22 02:09:17 graph]: # Epoch 96: train_loss: 0.4373 | lr: 0.000243
[2023-03-22 02:09:25] PRINT [03/22 02:09:25 graph]: --- Testf1: 0.89102, Best Valacc: 0.87418 in epoch 258 --- 
[2023-03-22 02:09:25] PRINT [03/22 02:09:25 graph]: Epoch 96: get test acc score:  0.89102
[2023-03-22 02:09:25] PRINT [03/22 02:09:25 graph]: best_f1 0.8922 at epoch 88
[2023-03-22 02:09:25] PRINT [03/22 02:09:25 graph]: start epoch 97.
[2023-03-22 02:09:25] PRINT [03/22 02:09:25 graph]: # Epoch 97: train_loss: 0.4387 | lr: 0.000243
[2023-03-22 02:09:33] PRINT [03/22 02:09:33 graph]: --- Testf1: 0.89311, Best Valacc: 0.87127 in epoch 400 --- 
[2023-03-22 02:09:33] PRINT [03/22 02:09:33 graph]: Epoch 97: get test acc score:  0.89311
[2023-03-22 02:09:33] PRINT [03/22 02:09:33 graph]: best_f1 0.89311 at epoch 97
[2023-03-22 02:09:33] PRINT [03/22 02:09:33 graph]: start epoch 98.
[2023-03-22 02:09:33] PRINT [03/22 02:09:33 graph]: # Epoch 98: train_loss: 0.4383 | lr: 0.000243
[2023-03-22 02:09:41] PRINT [03/22 02:09:41 graph]: --- Testf1: 0.89366, Best Valacc: 0.88073 in epoch 499 --- 
[2023-03-22 02:09:41] PRINT [03/22 02:09:41 graph]: Epoch 98: get test acc score:  0.89366
[2023-03-22 02:09:41] PRINT [03/22 02:09:41 graph]: best_f1 0.89366 at epoch 98
[2023-03-22 02:09:41] PRINT [03/22 02:09:41 graph]: start epoch 99.
[2023-03-22 02:09:41] PRINT [03/22 02:09:41 graph]: # Epoch 99: train_loss: 0.4377 | lr: 0.000243
[2023-03-22 02:09:49] PRINT [03/22 02:09:49 graph]: --- Testf1: 0.89193, Best Valacc: 0.87273 in epoch 230 --- 
[2023-03-22 02:09:49] PRINT [03/22 02:09:49 graph]: Epoch 99: get test acc score:  0.89193
[2023-03-22 02:09:49] PRINT [03/22 02:09:49 graph]: best_f1 0.89366 at epoch 98
[2023-03-22 02:09:49] PRINT [03/22 02:09:49 graph]: # final_acc: 0.89366±0.00000
