[2023-03-22 06:21:17] PRINT ---new cfg------
[2023-03-22 06:21:17] PRINT {'DATA': {'data_name': 'comp'}, 'DATALOADER': {'NUM_WORKERS': 0}, 'MODEL': {'num_hidden': 512, 'num_layers': 2, 'nhead': 4, 'activation': 'prelu', 'attn_drop': 0.30000000000000004, 'feat_drop': 0.30000000000000004, 'norm': 'layernorm', 'pooler': 'mean', 'beta_schedule': 'linear', 'beta_1': 0.0002860011624246359, 'beta_T': 0.009434639836463728, 'T': 815}, 'SOLVER': {'optim_type': 'adam', 'optim_type_f': 'adamw', 'alpha': 1, 'decay': 40, 'LR': 0.0002034465812022881, 'LR_f': 0.03173580622305255, 'weight_decay': 0, 'weight_decay_f': 1.8780331782170532e-06, 'MAX_EPOCH': 100, 'max_epoch_f': 500}, 'DEVICE': 'cuda', 'seeds': [0], 'eval_T': [50, 100, 200], 'output_dir': '/ddm-nni/AmazonCoBuyComputerDataset¶/log', 'checkpoint_dir': '/ddm-nni/AmazonCoBuyComputerDataset¶/log/checkpoint'}
[2023-03-22 06:21:17] PRINT [03/22 06:21:17 graph]: Rank of current process: 0. World size: 1
[2023-03-22 06:21:20] PRINT [03/22 06:21:20 graph]: Environment info:
[2023-03-22 06:21:20] PRINT PyTorch version: 1.10.0+cu113
[2023-03-22 06:21:20] PRINT Is debug build: False
[2023-03-22 06:21:20] PRINT CUDA used to build PyTorch: 11.3
[2023-03-22 06:21:20] PRINT ROCM used to build PyTorch: N/A
[2023-03-22 06:21:20] PRINT 
[2023-03-22 06:21:20] PRINT OS: Ubuntu 20.04.3 LTS (x86_64)
[2023-03-22 06:21:20] PRINT GCC version: (Ubuntu 9.3.0-17ubuntu1~20.04) 9.3.0
[2023-03-22 06:21:20] PRINT Clang version: Could not collect
[2023-03-22 06:21:20] PRINT CMake version: version 3.16.3
[2023-03-22 06:21:20] PRINT Libc version: glibc-2.31
[2023-03-22 06:21:20] PRINT 
[2023-03-22 06:21:20] PRINT Python version: 3.8.10 (default, Jun  4 2021, 15:09:15)  [GCC 7.5.0] (64-bit runtime)
[2023-03-22 06:21:20] PRINT Python platform: Linux-5.4.0-90-generic-x86_64-with-glibc2.17
[2023-03-22 06:21:20] PRINT Is CUDA available: True
[2023-03-22 06:21:20] PRINT CUDA runtime version: 11.3.109
[2023-03-22 06:21:20] PRINT GPU models and configuration: GPU 0: NVIDIA GeForce RTX 3090
[2023-03-22 06:21:20] PRINT Nvidia driver version: 495.44
[2023-03-22 06:21:20] PRINT cuDNN version: Probably one of the following:
[2023-03-22 06:21:20] PRINT /usr/lib/x86_64-linux-gnu/libcudnn.so.8.2.0
[2023-03-22 06:21:20] PRINT /usr/lib/x86_64-linux-gnu/libcudnn_adv_infer.so.8.2.0
[2023-03-22 06:21:20] PRINT /usr/lib/x86_64-linux-gnu/libcudnn_adv_train.so.8.2.0
[2023-03-22 06:21:20] PRINT /usr/lib/x86_64-linux-gnu/libcudnn_cnn_infer.so.8.2.0
[2023-03-22 06:21:20] PRINT /usr/lib/x86_64-linux-gnu/libcudnn_cnn_train.so.8.2.0
[2023-03-22 06:21:20] PRINT /usr/lib/x86_64-linux-gnu/libcudnn_ops_infer.so.8.2.0
[2023-03-22 06:21:20] PRINT /usr/lib/x86_64-linux-gnu/libcudnn_ops_train.so.8.2.0
[2023-03-22 06:21:20] PRINT HIP runtime version: N/A
[2023-03-22 06:21:20] PRINT MIOpen runtime version: N/A
[2023-03-22 06:21:20] PRINT 
[2023-03-22 06:21:20] PRINT Versions of relevant libraries:
[2023-03-22 06:21:20] PRINT [pip3] numpy==1.23.5
[2023-03-22 06:21:20] PRINT [pip3] torch==1.10.0+cu113
[2023-03-22 06:21:20] PRINT [pip3] torchvision==0.11.1+cu113
[2023-03-22 06:21:20] PRINT [conda] blas                      1.0                         mkl    https://mirrors.ustc.edu.cn/anaconda/pkgs/main
[2023-03-22 06:21:20] PRINT [conda] mkl                       2021.4.0           h06a4308_640    https://mirrors.ustc.edu.cn/anaconda/pkgs/main
[2023-03-22 06:21:20] PRINT [conda] mkl-service               2.4.0            py38h7f8727e_0    https://mirrors.ustc.edu.cn/anaconda/pkgs/main
[2023-03-22 06:21:20] PRINT [conda] mkl_fft                   1.3.1            py38hd3c417c_0    https://mirrors.ustc.edu.cn/anaconda/pkgs/main
[2023-03-22 06:21:20] PRINT [conda] mkl_random                1.2.2            py38h51133e4_0    https://mirrors.ustc.edu.cn/anaconda/pkgs/main
[2023-03-22 06:21:20] PRINT [conda] numpy                     1.21.4                   pypi_0    pypi
[2023-03-22 06:21:20] PRINT [conda] numpy-base                1.23.5           py38h31eccc5_0    https://mirrors.ustc.edu.cn/anaconda/pkgs/main
[2023-03-22 06:21:20] PRINT [conda] torch                     1.10.0+cu113             pypi_0    pypi
[2023-03-22 06:21:20] PRINT [conda] torchvision               0.11.1+cu113             pypi_0    pypi
[2023-03-22 06:21:20] PRINT         Pillow (8.4.0)
[2023-03-22 06:21:20] PRINT [03/22 06:21:20 graph]: Command line arguments: Namespace(local_rank=0, resume=False, seed=1234, start_epoch=0)
[2023-03-22 06:21:20] PRINT [03/22 06:21:20 graph]: Run 0th for seed 0
[2023-03-22 06:21:20] PRINT [03/22 06:21:20 graph]: Total trainable params num : 8098307
[2023-03-22 06:21:25] PRINT [03/22 06:21:25 graph]: ----------Start Training----------
[2023-03-22 06:21:26] PRINT [03/22 06:21:26 graph]: start epoch 0.
[2023-03-22 06:21:26] PRINT [03/22 06:21:26 graph]: # Epoch 0: train_loss: 1.0196 | lr: 0.000203
[2023-03-22 06:21:26] PRINT [03/22 06:21:26 graph]: start epoch 1.
[2023-03-22 06:21:26] PRINT [03/22 06:21:26 graph]: # Epoch 1: train_loss: 0.8425 | lr: 0.000203
[2023-03-22 06:21:26] PRINT [03/22 06:21:26 graph]: start epoch 2.
[2023-03-22 06:21:26] PRINT [03/22 06:21:26 graph]: # Epoch 2: train_loss: 0.7524 | lr: 0.000203
[2023-03-22 06:21:26] PRINT [03/22 06:21:26 graph]: start epoch 3.
[2023-03-22 06:21:26] PRINT [03/22 06:21:26 graph]: # Epoch 3: train_loss: 0.6937 | lr: 0.000203
[2023-03-22 06:21:26] PRINT [03/22 06:21:26 graph]: start epoch 4.
[2023-03-22 06:21:26] PRINT [03/22 06:21:26 graph]: # Epoch 4: train_loss: 0.6580 | lr: 0.000203
[2023-03-22 06:21:26] PRINT [03/22 06:21:26 graph]: start epoch 5.
[2023-03-22 06:21:26] PRINT [03/22 06:21:26 graph]: # Epoch 5: train_loss: 0.6323 | lr: 0.000203
[2023-03-22 06:21:26] PRINT [03/22 06:21:26 graph]: start epoch 6.
[2023-03-22 06:21:26] PRINT [03/22 06:21:26 graph]: # Epoch 6: train_loss: 0.6140 | lr: 0.000203
[2023-03-22 06:21:26] PRINT [03/22 06:21:26 graph]: start epoch 7.
[2023-03-22 06:21:27] PRINT [03/22 06:21:27 graph]: # Epoch 7: train_loss: 0.6010 | lr: 0.000203
[2023-03-22 06:21:27] PRINT [03/22 06:21:27 graph]: start epoch 8.
[2023-03-22 06:21:27] PRINT [03/22 06:21:27 graph]: # Epoch 8: train_loss: 0.5901 | lr: 0.000203
[2023-03-22 06:21:27] PRINT [03/22 06:21:27 graph]: start epoch 9.
[2023-03-22 06:21:27] PRINT [03/22 06:21:27 graph]: # Epoch 9: train_loss: 0.5813 | lr: 0.000203
[2023-03-22 06:21:27] PRINT [03/22 06:21:27 graph]: start epoch 10.
[2023-03-22 06:21:27] PRINT [03/22 06:21:27 graph]: # Epoch 10: train_loss: 0.5752 | lr: 0.000203
[2023-03-22 06:21:27] PRINT [03/22 06:21:27 graph]: start epoch 11.
[2023-03-22 06:21:27] PRINT [03/22 06:21:27 graph]: # Epoch 11: train_loss: 0.5697 | lr: 0.000203
[2023-03-22 06:21:27] PRINT [03/22 06:21:27 graph]: start epoch 12.
[2023-03-22 06:21:27] PRINT [03/22 06:21:27 graph]: # Epoch 12: train_loss: 0.5655 | lr: 0.000203
[2023-03-22 06:21:27] PRINT [03/22 06:21:27 graph]: start epoch 13.
[2023-03-22 06:21:27] PRINT [03/22 06:21:27 graph]: # Epoch 13: train_loss: 0.5617 | lr: 0.000203
[2023-03-22 06:21:27] PRINT [03/22 06:21:27 graph]: start epoch 14.
[2023-03-22 06:21:27] PRINT [03/22 06:21:27 graph]: # Epoch 14: train_loss: 0.5578 | lr: 0.000203
[2023-03-22 06:21:27] PRINT [03/22 06:21:27 graph]: start epoch 15.
[2023-03-22 06:21:27] PRINT [03/22 06:21:27 graph]: # Epoch 15: train_loss: 0.5544 | lr: 0.000203
[2023-03-22 06:21:27] PRINT [03/22 06:21:27 graph]: start epoch 16.
[2023-03-22 06:21:27] PRINT [03/22 06:21:27 graph]: # Epoch 16: train_loss: 0.5506 | lr: 0.000203
[2023-03-22 06:21:27] PRINT [03/22 06:21:27 graph]: start epoch 17.
[2023-03-22 06:21:27] PRINT [03/22 06:21:27 graph]: # Epoch 17: train_loss: 0.5468 | lr: 0.000203
[2023-03-22 06:21:27] PRINT [03/22 06:21:27 graph]: start epoch 18.
[2023-03-22 06:21:27] PRINT [03/22 06:21:27 graph]: # Epoch 18: train_loss: 0.5434 | lr: 0.000203
[2023-03-22 06:21:27] PRINT [03/22 06:21:27 graph]: start epoch 19.
[2023-03-22 06:21:27] PRINT [03/22 06:21:27 graph]: # Epoch 19: train_loss: 0.5403 | lr: 0.000203
[2023-03-22 06:21:27] PRINT [03/22 06:21:27 graph]: start epoch 20.
[2023-03-22 06:21:28] PRINT [03/22 06:21:28 graph]: # Epoch 20: train_loss: 0.5372 | lr: 0.000203
[2023-03-22 06:21:28] PRINT [03/22 06:21:28 graph]: start epoch 21.
[2023-03-22 06:21:28] PRINT [03/22 06:21:28 graph]: # Epoch 21: train_loss: 0.5344 | lr: 0.000203
[2023-03-22 06:21:28] PRINT [03/22 06:21:28 graph]: start epoch 22.
[2023-03-22 06:21:28] PRINT [03/22 06:21:28 graph]: # Epoch 22: train_loss: 0.5319 | lr: 0.000203
[2023-03-22 06:21:28] PRINT [03/22 06:21:28 graph]: start epoch 23.
[2023-03-22 06:21:28] PRINT [03/22 06:21:28 graph]: # Epoch 23: train_loss: 0.5286 | lr: 0.000203
[2023-03-22 06:21:28] PRINT [03/22 06:21:28 graph]: start epoch 24.
[2023-03-22 06:21:28] PRINT [03/22 06:21:28 graph]: # Epoch 24: train_loss: 0.5256 | lr: 0.000203
[2023-03-22 06:21:28] PRINT [03/22 06:21:28 graph]: start epoch 25.
[2023-03-22 06:21:28] PRINT [03/22 06:21:28 graph]: # Epoch 25: train_loss: 0.5220 | lr: 0.000203
[2023-03-22 06:21:28] PRINT [03/22 06:21:28 graph]: start epoch 26.
[2023-03-22 06:21:28] PRINT [03/22 06:21:28 graph]: # Epoch 26: train_loss: 0.5190 | lr: 0.000203
[2023-03-22 06:21:28] PRINT [03/22 06:21:28 graph]: start epoch 27.
[2023-03-22 06:21:28] PRINT [03/22 06:21:28 graph]: # Epoch 27: train_loss: 0.5162 | lr: 0.000203
[2023-03-22 06:21:28] PRINT [03/22 06:21:28 graph]: start epoch 28.
[2023-03-22 06:21:28] PRINT [03/22 06:21:28 graph]: # Epoch 28: train_loss: 0.5130 | lr: 0.000203
[2023-03-22 06:21:28] PRINT [03/22 06:21:28 graph]: start epoch 29.
[2023-03-22 06:21:28] PRINT [03/22 06:21:28 graph]: # Epoch 29: train_loss: 0.5105 | lr: 0.000203
[2023-03-22 06:21:28] PRINT [03/22 06:21:28 graph]: start epoch 30.
[2023-03-22 06:21:28] PRINT [03/22 06:21:28 graph]: # Epoch 30: train_loss: 0.5079 | lr: 0.000203
[2023-03-22 06:21:28] PRINT [03/22 06:21:28 graph]: start epoch 31.
[2023-03-22 06:21:28] PRINT [03/22 06:21:28 graph]: # Epoch 31: train_loss: 0.5051 | lr: 0.000203
[2023-03-22 06:21:28] PRINT [03/22 06:21:28 graph]: start epoch 32.
[2023-03-22 06:21:28] PRINT [03/22 06:21:28 graph]: # Epoch 32: train_loss: 0.5034 | lr: 0.000203
[2023-03-22 06:21:28] PRINT [03/22 06:21:28 graph]: start epoch 33.
[2023-03-22 06:21:29] PRINT [03/22 06:21:29 graph]: # Epoch 33: train_loss: 0.5013 | lr: 0.000203
[2023-03-22 06:21:29] PRINT [03/22 06:21:29 graph]: start epoch 34.
[2023-03-22 06:21:29] PRINT [03/22 06:21:29 graph]: # Epoch 34: train_loss: 0.4974 | lr: 0.000203
[2023-03-22 06:21:29] PRINT [03/22 06:21:29 graph]: start epoch 35.
[2023-03-22 06:21:29] PRINT [03/22 06:21:29 graph]: # Epoch 35: train_loss: 0.4966 | lr: 0.000203
[2023-03-22 06:21:29] PRINT [03/22 06:21:29 graph]: start epoch 36.
[2023-03-22 06:21:29] PRINT [03/22 06:21:29 graph]: # Epoch 36: train_loss: 0.4952 | lr: 0.000203
[2023-03-22 06:21:29] PRINT [03/22 06:21:29 graph]: start epoch 37.
[2023-03-22 06:21:29] PRINT [03/22 06:21:29 graph]: # Epoch 37: train_loss: 0.4911 | lr: 0.000203
[2023-03-22 06:21:29] PRINT [03/22 06:21:29 graph]: start epoch 38.
[2023-03-22 06:21:29] PRINT [03/22 06:21:29 graph]: # Epoch 38: train_loss: 0.4908 | lr: 0.000203
[2023-03-22 06:21:29] PRINT [03/22 06:21:29 graph]: start epoch 39.
[2023-03-22 06:21:29] PRINT [03/22 06:21:29 graph]: # Epoch 39: train_loss: 0.4872 | lr: 0.000203
[2023-03-22 06:21:29] PRINT [03/22 06:21:29 graph]: start epoch 40.
[2023-03-22 06:21:29] PRINT [03/22 06:21:29 graph]: # Epoch 40: train_loss: 0.4860 | lr: 0.000203
[2023-03-22 06:21:29] PRINT [03/22 06:21:29 graph]: start epoch 41.
[2023-03-22 06:21:29] PRINT [03/22 06:21:29 graph]: # Epoch 41: train_loss: 0.4835 | lr: 0.000203
[2023-03-22 06:21:29] PRINT [03/22 06:21:29 graph]: start epoch 42.
[2023-03-22 06:21:29] PRINT [03/22 06:21:29 graph]: # Epoch 42: train_loss: 0.4820 | lr: 0.000203
[2023-03-22 06:21:29] PRINT [03/22 06:21:29 graph]: start epoch 43.
[2023-03-22 06:21:29] PRINT [03/22 06:21:29 graph]: # Epoch 43: train_loss: 0.4802 | lr: 0.000203
[2023-03-22 06:21:29] PRINT [03/22 06:21:29 graph]: start epoch 44.
[2023-03-22 06:21:29] PRINT [03/22 06:21:29 graph]: # Epoch 44: train_loss: 0.4793 | lr: 0.000203
[2023-03-22 06:21:29] PRINT [03/22 06:21:29 graph]: start epoch 45.
[2023-03-22 06:21:29] PRINT [03/22 06:21:29 graph]: # Epoch 45: train_loss: 0.4767 | lr: 0.000203
[2023-03-22 06:21:29] PRINT [03/22 06:21:29 graph]: start epoch 46.
[2023-03-22 06:21:30] PRINT [03/22 06:21:30 graph]: # Epoch 46: train_loss: 0.4755 | lr: 0.000203
[2023-03-22 06:21:30] PRINT [03/22 06:21:30 graph]: start epoch 47.
[2023-03-22 06:21:30] PRINT [03/22 06:21:30 graph]: # Epoch 47: train_loss: 0.4736 | lr: 0.000203
[2023-03-22 06:21:30] PRINT [03/22 06:21:30 graph]: start epoch 48.
[2023-03-22 06:21:30] PRINT [03/22 06:21:30 graph]: # Epoch 48: train_loss: 0.4725 | lr: 0.000203
[2023-03-22 06:21:30] PRINT [03/22 06:21:30 graph]: start epoch 49.
[2023-03-22 06:21:30] PRINT [03/22 06:21:30 graph]: # Epoch 49: train_loss: 0.4722 | lr: 0.000203
[2023-03-22 06:21:30] PRINT [03/22 06:21:30 graph]: start epoch 50.
[2023-03-22 06:21:30] PRINT [03/22 06:21:30 graph]: # Epoch 50: train_loss: 0.4727 | lr: 0.000203
[2023-03-22 06:21:30] PRINT [03/22 06:21:30 graph]: start epoch 51.
[2023-03-22 06:21:30] PRINT [03/22 06:21:30 graph]: # Epoch 51: train_loss: 0.4709 | lr: 0.000203
[2023-03-22 06:21:37] PRINT [03/22 06:21:37 graph]: --- Testf1: 0.87902, Best Valacc: 0.87855 in epoch 470 --- 
[2023-03-22 06:21:37] PRINT [03/22 06:21:37 graph]: Epoch 51: get test acc score:  0.87902
[2023-03-22 06:21:37] PRINT [03/22 06:21:37 graph]: best_f1 0.87902 at epoch 51
[2023-03-22 06:21:37] PRINT [03/22 06:21:37 graph]: start epoch 52.
[2023-03-22 06:21:38] PRINT [03/22 06:21:38 graph]: # Epoch 52: train_loss: 0.4688 | lr: 0.000203
[2023-03-22 06:21:45] PRINT [03/22 06:21:45 graph]: --- Testf1: 0.87902, Best Valacc: 0.87418 in epoch 204 --- 
[2023-03-22 06:21:45] PRINT [03/22 06:21:45 graph]: Epoch 52: get test acc score:  0.87902
[2023-03-22 06:21:45] PRINT [03/22 06:21:45 graph]: best_f1 0.87902 at epoch 51
[2023-03-22 06:21:45] PRINT [03/22 06:21:45 graph]: start epoch 53.
[2023-03-22 06:21:45] PRINT [03/22 06:21:45 graph]: # Epoch 53: train_loss: 0.4673 | lr: 0.000203
[2023-03-22 06:21:52] PRINT [03/22 06:21:52 graph]: --- Testf1: 0.87711, Best Valacc: 0.87855 in epoch 217 --- 
[2023-03-22 06:21:52] PRINT [03/22 06:21:52 graph]: Epoch 53: get test acc score:  0.87711
[2023-03-22 06:21:52] PRINT [03/22 06:21:52 graph]: best_f1 0.87902 at epoch 51
[2023-03-22 06:21:52] PRINT [03/22 06:21:52 graph]: start epoch 54.
[2023-03-22 06:21:52] PRINT [03/22 06:21:52 graph]: # Epoch 54: train_loss: 0.4664 | lr: 0.000203
[2023-03-22 06:21:58] PRINT [03/22 06:21:58 graph]: --- Testf1: 0.88284, Best Valacc: 0.88073 in epoch 486 --- 
[2023-03-22 06:21:58] PRINT [03/22 06:21:58 graph]: Epoch 54: get test acc score:  0.88284
[2023-03-22 06:21:58] PRINT [03/22 06:21:58 graph]: best_f1 0.88284 at epoch 54
[2023-03-22 06:21:58] PRINT [03/22 06:21:58 graph]: start epoch 55.
[2023-03-22 06:21:58] PRINT [03/22 06:21:58 graph]: # Epoch 55: train_loss: 0.4649 | lr: 0.000203
[2023-03-22 06:22:04] PRINT [03/22 06:22:04 graph]: --- Testf1: 0.88093, Best Valacc: 0.88000 in epoch 422 --- 
[2023-03-22 06:22:04] PRINT [03/22 06:22:04 graph]: Epoch 55: get test acc score:  0.88093
[2023-03-22 06:22:04] PRINT [03/22 06:22:04 graph]: best_f1 0.88284 at epoch 54
[2023-03-22 06:22:04] PRINT [03/22 06:22:04 graph]: start epoch 56.
[2023-03-22 06:22:04] PRINT [03/22 06:22:04 graph]: # Epoch 56: train_loss: 0.4655 | lr: 0.000203
[2023-03-22 06:22:14] PRINT [03/22 06:22:14 graph]: --- Testf1: 0.88366, Best Valacc: 0.87636 in epoch 356 --- 
[2023-03-22 06:22:14] PRINT [03/22 06:22:14 graph]: Epoch 56: get test acc score:  0.88366
[2023-03-22 06:22:14] PRINT [03/22 06:22:14 graph]: best_f1 0.88366 at epoch 56
[2023-03-22 06:22:14] PRINT [03/22 06:22:14 graph]: start epoch 57.
[2023-03-22 06:22:14] PRINT [03/22 06:22:14 graph]: # Epoch 57: train_loss: 0.4653 | lr: 0.000203
[2023-03-22 06:22:21] PRINT [03/22 06:22:21 graph]: --- Testf1: 0.88111, Best Valacc: 0.87564 in epoch 400 --- 
[2023-03-22 06:22:22] PRINT [03/22 06:22:22 graph]: Epoch 57: get test acc score:  0.88111
[2023-03-22 06:22:22] PRINT [03/22 06:22:22 graph]: best_f1 0.88366 at epoch 56
[2023-03-22 06:22:22] PRINT [03/22 06:22:22 graph]: start epoch 58.
[2023-03-22 06:22:22] PRINT [03/22 06:22:22 graph]: # Epoch 58: train_loss: 0.4656 | lr: 0.000203
[2023-03-22 06:22:29] PRINT [03/22 06:22:29 graph]: --- Testf1: 0.87611, Best Valacc: 0.87855 in epoch 269 --- 
[2023-03-22 06:22:29] PRINT [03/22 06:22:29 graph]: Epoch 58: get test acc score:  0.87611
[2023-03-22 06:22:29] PRINT [03/22 06:22:29 graph]: best_f1 0.88366 at epoch 56
[2023-03-22 06:22:29] PRINT [03/22 06:22:29 graph]: start epoch 59.
[2023-03-22 06:22:29] PRINT [03/22 06:22:29 graph]: # Epoch 59: train_loss: 0.4621 | lr: 0.000203
[2023-03-22 06:22:36] PRINT [03/22 06:22:36 graph]: --- Testf1: 0.88102, Best Valacc: 0.87855 in epoch 158 --- 
[2023-03-22 06:22:37] PRINT [03/22 06:22:37 graph]: Epoch 59: get test acc score:  0.88102
[2023-03-22 06:22:37] PRINT [03/22 06:22:37 graph]: best_f1 0.88366 at epoch 56
[2023-03-22 06:22:37] PRINT [03/22 06:22:37 graph]: start epoch 60.
[2023-03-22 06:22:37] PRINT [03/22 06:22:37 graph]: # Epoch 60: train_loss: 0.4629 | lr: 0.000203
[2023-03-22 06:22:44] PRINT [03/22 06:22:44 graph]: --- Testf1: 0.88029, Best Valacc: 0.87709 in epoch 419 --- 
[2023-03-22 06:22:44] PRINT [03/22 06:22:44 graph]: Epoch 60: get test acc score:  0.88029
[2023-03-22 06:22:44] PRINT [03/22 06:22:44 graph]: best_f1 0.88366 at epoch 56
[2023-03-22 06:22:44] PRINT [03/22 06:22:44 graph]: start epoch 61.
[2023-03-22 06:22:44] PRINT [03/22 06:22:44 graph]: # Epoch 61: train_loss: 0.4598 | lr: 0.000203
[2023-03-22 06:22:52] PRINT [03/22 06:22:52 graph]: --- Testf1: 0.88711, Best Valacc: 0.87709 in epoch 352 --- 
[2023-03-22 06:22:52] PRINT [03/22 06:22:52 graph]: Epoch 61: get test acc score:  0.88711
[2023-03-22 06:22:52] PRINT [03/22 06:22:52 graph]: best_f1 0.88711 at epoch 61
[2023-03-22 06:22:52] PRINT [03/22 06:22:52 graph]: start epoch 62.
[2023-03-22 06:22:52] PRINT [03/22 06:22:52 graph]: # Epoch 62: train_loss: 0.4602 | lr: 0.000203
[2023-03-22 06:22:59] PRINT [03/22 06:22:59 graph]: --- Testf1: 0.88066, Best Valacc: 0.87200 in epoch 497 --- 
[2023-03-22 06:22:59] PRINT [03/22 06:22:59 graph]: Epoch 62: get test acc score:  0.88066
[2023-03-22 06:22:59] PRINT [03/22 06:22:59 graph]: best_f1 0.88711 at epoch 61
[2023-03-22 06:22:59] PRINT [03/22 06:22:59 graph]: start epoch 63.
[2023-03-22 06:22:59] PRINT [03/22 06:22:59 graph]: # Epoch 63: train_loss: 0.4593 | lr: 0.000203
[2023-03-22 06:23:07] PRINT [03/22 06:23:07 graph]: --- Testf1: 0.88502, Best Valacc: 0.87709 in epoch 404 --- 
[2023-03-22 06:23:07] PRINT [03/22 06:23:07 graph]: Epoch 63: get test acc score:  0.88502
[2023-03-22 06:23:07] PRINT [03/22 06:23:07 graph]: best_f1 0.88711 at epoch 61
[2023-03-22 06:23:07] PRINT [03/22 06:23:07 graph]: start epoch 64.
[2023-03-22 06:23:07] PRINT [03/22 06:23:07 graph]: # Epoch 64: train_loss: 0.4590 | lr: 0.000203
[2023-03-22 06:23:14] PRINT [03/22 06:23:14 graph]: --- Testf1: 0.88275, Best Valacc: 0.88145 in epoch 479 --- 
[2023-03-22 06:23:15] PRINT [03/22 06:23:15 graph]: Epoch 64: get test acc score:  0.88275
[2023-03-22 06:23:15] PRINT [03/22 06:23:15 graph]: best_f1 0.88711 at epoch 61
[2023-03-22 06:23:15] PRINT [03/22 06:23:15 graph]: start epoch 65.
[2023-03-22 06:23:15] PRINT [03/22 06:23:15 graph]: # Epoch 65: train_loss: 0.4565 | lr: 0.000203
[2023-03-22 06:23:22] PRINT [03/22 06:23:22 graph]: --- Testf1: 0.88466, Best Valacc: 0.87709 in epoch 454 --- 
[2023-03-22 06:23:22] PRINT [03/22 06:23:22 graph]: Epoch 65: get test acc score:  0.88466
[2023-03-22 06:23:22] PRINT [03/22 06:23:22 graph]: best_f1 0.88711 at epoch 61
[2023-03-22 06:23:22] PRINT [03/22 06:23:22 graph]: start epoch 66.
[2023-03-22 06:23:22] PRINT [03/22 06:23:22 graph]: # Epoch 66: train_loss: 0.4560 | lr: 0.000203
[2023-03-22 06:23:30] PRINT [03/22 06:23:30 graph]: --- Testf1: 0.88120, Best Valacc: 0.87927 in epoch 318 --- 
[2023-03-22 06:23:30] PRINT [03/22 06:23:30 graph]: Epoch 66: get test acc score:  0.88120
[2023-03-22 06:23:30] PRINT [03/22 06:23:30 graph]: best_f1 0.88711 at epoch 61
[2023-03-22 06:23:30] PRINT [03/22 06:23:30 graph]: start epoch 67.
[2023-03-22 06:23:30] PRINT [03/22 06:23:30 graph]: # Epoch 67: train_loss: 0.4544 | lr: 0.000203
[2023-03-22 06:23:37] PRINT [03/22 06:23:37 graph]: --- Testf1: 0.88366, Best Valacc: 0.87491 in epoch 476 --- 
[2023-03-22 06:23:38] PRINT [03/22 06:23:38 graph]: Epoch 67: get test acc score:  0.88366
[2023-03-22 06:23:38] PRINT [03/22 06:23:38 graph]: best_f1 0.88711 at epoch 61
[2023-03-22 06:23:38] PRINT [03/22 06:23:38 graph]: start epoch 68.
[2023-03-22 06:23:38] PRINT [03/22 06:23:38 graph]: # Epoch 68: train_loss: 0.4541 | lr: 0.000203
[2023-03-22 06:23:45] PRINT [03/22 06:23:45 graph]: --- Testf1: 0.88175, Best Valacc: 0.87782 in epoch 380 --- 
[2023-03-22 06:23:45] PRINT [03/22 06:23:45 graph]: Epoch 68: get test acc score:  0.88175
[2023-03-22 06:23:45] PRINT [03/22 06:23:45 graph]: best_f1 0.88711 at epoch 61
[2023-03-22 06:23:45] PRINT [03/22 06:23:45 graph]: start epoch 69.
[2023-03-22 06:23:45] PRINT [03/22 06:23:45 graph]: # Epoch 69: train_loss: 0.4530 | lr: 0.000203
[2023-03-22 06:23:52] PRINT [03/22 06:23:52 graph]: --- Testf1: 0.88338, Best Valacc: 0.87782 in epoch 209 --- 
[2023-03-22 06:23:53] PRINT [03/22 06:23:53 graph]: Epoch 69: get test acc score:  0.88338
[2023-03-22 06:23:53] PRINT [03/22 06:23:53 graph]: best_f1 0.88711 at epoch 61
[2023-03-22 06:23:53] PRINT [03/22 06:23:53 graph]: start epoch 70.
[2023-03-22 06:23:53] PRINT [03/22 06:23:53 graph]: # Epoch 70: train_loss: 0.4529 | lr: 0.000203
[2023-03-22 06:24:00] PRINT [03/22 06:24:00 graph]: --- Testf1: 0.88438, Best Valacc: 0.87927 in epoch 482 --- 
[2023-03-22 06:24:01] PRINT [03/22 06:24:01 graph]: Epoch 70: get test acc score:  0.88438
[2023-03-22 06:24:01] PRINT [03/22 06:24:01 graph]: best_f1 0.88711 at epoch 61
[2023-03-22 06:24:01] PRINT [03/22 06:24:01 graph]: start epoch 71.
[2023-03-22 06:24:01] PRINT [03/22 06:24:01 graph]: # Epoch 71: train_loss: 0.4567 | lr: 0.000203
[2023-03-22 06:24:08] PRINT [03/22 06:24:08 graph]: --- Testf1: 0.88375, Best Valacc: 0.88218 in epoch 410 --- 
[2023-03-22 06:24:08] PRINT [03/22 06:24:08 graph]: Epoch 71: get test acc score:  0.88375
[2023-03-22 06:24:08] PRINT [03/22 06:24:08 graph]: best_f1 0.88711 at epoch 61
[2023-03-22 06:24:08] PRINT [03/22 06:24:08 graph]: start epoch 72.
[2023-03-22 06:24:08] PRINT [03/22 06:24:08 graph]: # Epoch 72: train_loss: 0.4613 | lr: 0.000203
[2023-03-22 06:24:16] PRINT [03/22 06:24:16 graph]: --- Testf1: 0.88666, Best Valacc: 0.88000 in epoch 380 --- 
[2023-03-22 06:24:16] PRINT [03/22 06:24:16 graph]: Epoch 72: get test acc score:  0.88666
[2023-03-22 06:24:16] PRINT [03/22 06:24:16 graph]: best_f1 0.88711 at epoch 61
[2023-03-22 06:24:16] PRINT [03/22 06:24:16 graph]: start epoch 73.
[2023-03-22 06:24:16] PRINT [03/22 06:24:16 graph]: # Epoch 73: train_loss: 0.4560 | lr: 0.000203
[2023-03-22 06:24:23] PRINT [03/22 06:24:23 graph]: --- Testf1: 0.88493, Best Valacc: 0.88218 in epoch 385 --- 
[2023-03-22 06:24:23] PRINT [03/22 06:24:23 graph]: Epoch 73: get test acc score:  0.88493
[2023-03-22 06:24:23] PRINT [03/22 06:24:23 graph]: best_f1 0.88711 at epoch 61
[2023-03-22 06:24:23] PRINT [03/22 06:24:23 graph]: start epoch 74.
[2023-03-22 06:24:24] PRINT [03/22 06:24:24 graph]: # Epoch 74: train_loss: 0.4570 | lr: 0.000203
[2023-03-22 06:24:31] PRINT [03/22 06:24:31 graph]: --- Testf1: 0.88229, Best Valacc: 0.87927 in epoch 310 --- 
[2023-03-22 06:24:31] PRINT [03/22 06:24:31 graph]: Epoch 74: get test acc score:  0.88229
[2023-03-22 06:24:31] PRINT [03/22 06:24:31 graph]: best_f1 0.88711 at epoch 61
[2023-03-22 06:24:31] PRINT [03/22 06:24:31 graph]: start epoch 75.
[2023-03-22 06:24:31] PRINT [03/22 06:24:31 graph]: # Epoch 75: train_loss: 0.4512 | lr: 0.000203
[2023-03-22 06:24:38] PRINT [03/22 06:24:38 graph]: --- Testf1: 0.88220, Best Valacc: 0.87709 in epoch 208 --- 
[2023-03-22 06:24:39] PRINT [03/22 06:24:39 graph]: Epoch 75: get test acc score:  0.88220
[2023-03-22 06:24:39] PRINT [03/22 06:24:39 graph]: best_f1 0.88711 at epoch 61
[2023-03-22 06:24:39] PRINT [03/22 06:24:39 graph]: start epoch 76.
[2023-03-22 06:24:39] PRINT [03/22 06:24:39 graph]: # Epoch 76: train_loss: 0.4562 | lr: 0.000203
[2023-03-22 06:24:46] PRINT [03/22 06:24:46 graph]: --- Testf1: 0.88211, Best Valacc: 0.87927 in epoch 246 --- 
[2023-03-22 06:24:46] PRINT [03/22 06:24:46 graph]: Epoch 76: get test acc score:  0.88211
[2023-03-22 06:24:46] PRINT [03/22 06:24:46 graph]: best_f1 0.88711 at epoch 61
[2023-03-22 06:24:46] PRINT [03/22 06:24:46 graph]: start epoch 77.
[2023-03-22 06:24:46] PRINT [03/22 06:24:46 graph]: # Epoch 77: train_loss: 0.4500 | lr: 0.000203
[2023-03-22 06:24:54] PRINT [03/22 06:24:54 graph]: --- Testf1: 0.88393, Best Valacc: 0.87709 in epoch 460 --- 
[2023-03-22 06:24:54] PRINT [03/22 06:24:54 graph]: Epoch 77: get test acc score:  0.88393
[2023-03-22 06:24:54] PRINT [03/22 06:24:54 graph]: best_f1 0.88711 at epoch 61
[2023-03-22 06:24:54] PRINT [03/22 06:24:54 graph]: start epoch 78.
[2023-03-22 06:24:54] PRINT [03/22 06:24:54 graph]: # Epoch 78: train_loss: 0.4511 | lr: 0.000203
[2023-03-22 06:25:01] PRINT [03/22 06:25:01 graph]: --- Testf1: 0.88475, Best Valacc: 0.87564 in epoch 141 --- 
[2023-03-22 06:25:01] PRINT [03/22 06:25:01 graph]: Epoch 78: get test acc score:  0.88475
[2023-03-22 06:25:01] PRINT [03/22 06:25:01 graph]: best_f1 0.88711 at epoch 61
[2023-03-22 06:25:01] PRINT [03/22 06:25:01 graph]: start epoch 79.
[2023-03-22 06:25:01] PRINT [03/22 06:25:01 graph]: # Epoch 79: train_loss: 0.4512 | lr: 0.000203
[2023-03-22 06:25:08] PRINT [03/22 06:25:08 graph]: --- Testf1: 0.88566, Best Valacc: 0.88364 in epoch 360 --- 
[2023-03-22 06:25:09] PRINT [03/22 06:25:09 graph]: Epoch 79: get test acc score:  0.88566
[2023-03-22 06:25:09] PRINT [03/22 06:25:09 graph]: best_f1 0.88711 at epoch 61
[2023-03-22 06:25:09] PRINT [03/22 06:25:09 graph]: start epoch 80.
[2023-03-22 06:25:09] PRINT [03/22 06:25:09 graph]: # Epoch 80: train_loss: 0.4501 | lr: 0.000203
[2023-03-22 06:25:16] PRINT [03/22 06:25:16 graph]: --- Testf1: 0.88493, Best Valacc: 0.87491 in epoch 196 --- 
[2023-03-22 06:25:16] PRINT [03/22 06:25:16 graph]: Epoch 80: get test acc score:  0.88493
[2023-03-22 06:25:16] PRINT [03/22 06:25:16 graph]: best_f1 0.88711 at epoch 61
[2023-03-22 06:25:16] PRINT [03/22 06:25:16 graph]: start epoch 81.
[2023-03-22 06:25:16] PRINT [03/22 06:25:16 graph]: # Epoch 81: train_loss: 0.4486 | lr: 0.000203
[2023-03-22 06:25:24] PRINT [03/22 06:25:24 graph]: --- Testf1: 0.88448, Best Valacc: 0.87855 in epoch 271 --- 
[2023-03-22 06:25:24] PRINT [03/22 06:25:24 graph]: Epoch 81: get test acc score:  0.88448
[2023-03-22 06:25:24] PRINT [03/22 06:25:24 graph]: best_f1 0.88711 at epoch 61
[2023-03-22 06:25:24] PRINT [03/22 06:25:24 graph]: start epoch 82.
[2023-03-22 06:25:24] PRINT [03/22 06:25:24 graph]: # Epoch 82: train_loss: 0.4479 | lr: 0.000203
[2023-03-22 06:25:31] PRINT [03/22 06:25:31 graph]: --- Testf1: 0.88638, Best Valacc: 0.88218 in epoch 463 --- 
[2023-03-22 06:25:31] PRINT [03/22 06:25:31 graph]: Epoch 82: get test acc score:  0.88638
[2023-03-22 06:25:31] PRINT [03/22 06:25:31 graph]: best_f1 0.88711 at epoch 61
[2023-03-22 06:25:31] PRINT [03/22 06:25:31 graph]: start epoch 83.
[2023-03-22 06:25:31] PRINT [03/22 06:25:31 graph]: # Epoch 83: train_loss: 0.4500 | lr: 0.000203
[2023-03-22 06:25:38] PRINT [03/22 06:25:38 graph]: --- Testf1: 0.88366, Best Valacc: 0.87636 in epoch 405 --- 
[2023-03-22 06:25:39] PRINT [03/22 06:25:39 graph]: Epoch 83: get test acc score:  0.88366
[2023-03-22 06:25:39] PRINT [03/22 06:25:39 graph]: best_f1 0.88711 at epoch 61
[2023-03-22 06:25:39] PRINT [03/22 06:25:39 graph]: start epoch 84.
[2023-03-22 06:25:39] PRINT [03/22 06:25:39 graph]: # Epoch 84: train_loss: 0.4470 | lr: 0.000203
[2023-03-22 06:25:45] PRINT [03/22 06:25:45 graph]: --- Testf1: 0.88702, Best Valacc: 0.87855 in epoch 197 --- 
[2023-03-22 06:25:45] PRINT [03/22 06:25:45 graph]: Epoch 84: get test acc score:  0.88702
[2023-03-22 06:25:45] PRINT [03/22 06:25:45 graph]: best_f1 0.88711 at epoch 61
[2023-03-22 06:25:45] PRINT [03/22 06:25:45 graph]: start epoch 85.
[2023-03-22 06:25:45] PRINT [03/22 06:25:45 graph]: # Epoch 85: train_loss: 0.4465 | lr: 0.000203
[2023-03-22 06:25:51] PRINT [03/22 06:25:51 graph]: --- Testf1: 0.88566, Best Valacc: 0.87782 in epoch 493 --- 
[2023-03-22 06:25:51] PRINT [03/22 06:25:51 graph]: Epoch 85: get test acc score:  0.88566
[2023-03-22 06:25:51] PRINT [03/22 06:25:51 graph]: best_f1 0.88711 at epoch 61
[2023-03-22 06:25:51] PRINT [03/22 06:25:51 graph]: start epoch 86.
[2023-03-22 06:25:51] PRINT [03/22 06:25:51 graph]: # Epoch 86: train_loss: 0.4458 | lr: 0.000203
[2023-03-22 06:25:57] PRINT [03/22 06:25:57 graph]: --- Testf1: 0.88611, Best Valacc: 0.87636 in epoch 444 --- 
[2023-03-22 06:25:57] PRINT [03/22 06:25:57 graph]: Epoch 86: get test acc score:  0.88611
[2023-03-22 06:25:57] PRINT [03/22 06:25:57 graph]: best_f1 0.88711 at epoch 61
[2023-03-22 06:25:57] PRINT [03/22 06:25:57 graph]: start epoch 87.
[2023-03-22 06:25:57] PRINT [03/22 06:25:57 graph]: # Epoch 87: train_loss: 0.4450 | lr: 0.000203
[2023-03-22 06:26:03] PRINT [03/22 06:26:03 graph]: --- Testf1: 0.88520, Best Valacc: 0.88000 in epoch 361 --- 
[2023-03-22 06:26:03] PRINT [03/22 06:26:03 graph]: Epoch 87: get test acc score:  0.88520
[2023-03-22 06:26:03] PRINT [03/22 06:26:03 graph]: best_f1 0.88711 at epoch 61
[2023-03-22 06:26:03] PRINT [03/22 06:26:03 graph]: start epoch 88.
[2023-03-22 06:26:03] PRINT [03/22 06:26:03 graph]: # Epoch 88: train_loss: 0.4444 | lr: 0.000203
[2023-03-22 06:26:12] PRINT [03/22 06:26:12 graph]: --- Testf1: 0.89102, Best Valacc: 0.88291 in epoch 432 --- 
[2023-03-22 06:26:12] PRINT [03/22 06:26:12 graph]: Epoch 88: get test acc score:  0.89102
[2023-03-22 06:26:12] PRINT [03/22 06:26:12 graph]: best_f1 0.89102 at epoch 88
[2023-03-22 06:26:12] PRINT [03/22 06:26:12 graph]: start epoch 89.
[2023-03-22 06:26:12] PRINT [03/22 06:26:12 graph]: # Epoch 89: train_loss: 0.4435 | lr: 0.000203
[2023-03-22 06:26:20] PRINT [03/22 06:26:20 graph]: --- Testf1: 0.88520, Best Valacc: 0.87709 in epoch 352 --- 
[2023-03-22 06:26:20] PRINT [03/22 06:26:20 graph]: Epoch 89: get test acc score:  0.88520
[2023-03-22 06:26:20] PRINT [03/22 06:26:20 graph]: best_f1 0.89102 at epoch 88
[2023-03-22 06:26:20] PRINT [03/22 06:26:20 graph]: start epoch 90.
[2023-03-22 06:26:20] PRINT [03/22 06:26:20 graph]: # Epoch 90: train_loss: 0.4427 | lr: 0.000203
[2023-03-22 06:26:27] PRINT [03/22 06:26:27 graph]: --- Testf1: 0.88602, Best Valacc: 0.88291 in epoch 394 --- 
[2023-03-22 06:26:27] PRINT [03/22 06:26:27 graph]: Epoch 90: get test acc score:  0.88602
[2023-03-22 06:26:27] PRINT [03/22 06:26:27 graph]: best_f1 0.89102 at epoch 88
[2023-03-22 06:26:27] PRINT [03/22 06:26:27 graph]: start epoch 91.
[2023-03-22 06:26:27] PRINT [03/22 06:26:27 graph]: # Epoch 91: train_loss: 0.4420 | lr: 0.000203
[2023-03-22 06:26:34] PRINT [03/22 06:26:34 graph]: --- Testf1: 0.88866, Best Valacc: 0.87782 in epoch 484 --- 
[2023-03-22 06:26:35] PRINT [03/22 06:26:35 graph]: Epoch 91: get test acc score:  0.88866
[2023-03-22 06:26:35] PRINT [03/22 06:26:35 graph]: best_f1 0.89102 at epoch 88
[2023-03-22 06:26:35] PRINT [03/22 06:26:35 graph]: start epoch 92.
[2023-03-22 06:26:35] PRINT [03/22 06:26:35 graph]: # Epoch 92: train_loss: 0.4413 | lr: 0.000203
[2023-03-22 06:26:42] PRINT [03/22 06:26:42 graph]: --- Testf1: 0.89366, Best Valacc: 0.88582 in epoch 429 --- 
[2023-03-22 06:26:42] PRINT [03/22 06:26:42 graph]: Epoch 92: get test acc score:  0.89366
[2023-03-22 06:26:42] PRINT [03/22 06:26:42 graph]: best_f1 0.89366 at epoch 92
[2023-03-22 06:26:42] PRINT [03/22 06:26:42 graph]: start epoch 93.
[2023-03-22 06:26:42] PRINT [03/22 06:26:42 graph]: # Epoch 93: train_loss: 0.4414 | lr: 0.000203
[2023-03-22 06:26:49] PRINT [03/22 06:26:49 graph]: --- Testf1: 0.88511, Best Valacc: 0.88073 in epoch 462 --- 
[2023-03-22 06:26:49] PRINT [03/22 06:26:49 graph]: Epoch 93: get test acc score:  0.88511
[2023-03-22 06:26:49] PRINT [03/22 06:26:49 graph]: best_f1 0.89366 at epoch 92
[2023-03-22 06:26:49] PRINT [03/22 06:26:49 graph]: start epoch 94.
[2023-03-22 06:26:49] PRINT [03/22 06:26:49 graph]: # Epoch 94: train_loss: 0.4410 | lr: 0.000203
[2023-03-22 06:26:57] PRINT [03/22 06:26:57 graph]: --- Testf1: 0.88475, Best Valacc: 0.87782 in epoch 497 --- 
[2023-03-22 06:26:57] PRINT [03/22 06:26:57 graph]: Epoch 94: get test acc score:  0.88475
[2023-03-22 06:26:57] PRINT [03/22 06:26:57 graph]: best_f1 0.89366 at epoch 92
[2023-03-22 06:26:57] PRINT [03/22 06:26:57 graph]: start epoch 95.
[2023-03-22 06:26:57] PRINT [03/22 06:26:57 graph]: # Epoch 95: train_loss: 0.4413 | lr: 0.000203
[2023-03-22 06:27:04] PRINT [03/22 06:27:04 graph]: --- Testf1: 0.88884, Best Valacc: 0.88800 in epoch 374 --- 
[2023-03-22 06:27:04] PRINT [03/22 06:27:04 graph]: Epoch 95: get test acc score:  0.88884
[2023-03-22 06:27:04] PRINT [03/22 06:27:04 graph]: best_f1 0.89366 at epoch 92
[2023-03-22 06:27:04] PRINT [03/22 06:27:04 graph]: start epoch 96.
[2023-03-22 06:27:04] PRINT [03/22 06:27:04 graph]: # Epoch 96: train_loss: 0.4398 | lr: 0.000203
[2023-03-22 06:27:11] PRINT [03/22 06:27:11 graph]: --- Testf1: 0.88657, Best Valacc: 0.88000 in epoch 452 --- 
[2023-03-22 06:27:12] PRINT [03/22 06:27:12 graph]: Epoch 96: get test acc score:  0.88657
[2023-03-22 06:27:12] PRINT [03/22 06:27:12 graph]: best_f1 0.89366 at epoch 92
[2023-03-22 06:27:12] PRINT [03/22 06:27:12 graph]: start epoch 97.
[2023-03-22 06:27:12] PRINT [03/22 06:27:12 graph]: # Epoch 97: train_loss: 0.4390 | lr: 0.000203
[2023-03-22 06:27:19] PRINT [03/22 06:27:19 graph]: --- Testf1: 0.88893, Best Valacc: 0.88000 in epoch 345 --- 
[2023-03-22 06:27:19] PRINT [03/22 06:27:19 graph]: Epoch 97: get test acc score:  0.88893
[2023-03-22 06:27:19] PRINT [03/22 06:27:19 graph]: best_f1 0.89366 at epoch 92
[2023-03-22 06:27:19] PRINT [03/22 06:27:19 graph]: start epoch 98.
[2023-03-22 06:27:19] PRINT [03/22 06:27:19 graph]: # Epoch 98: train_loss: 0.4390 | lr: 0.000203
[2023-03-22 06:27:26] PRINT [03/22 06:27:26 graph]: --- Testf1: 0.88847, Best Valacc: 0.88218 in epoch 277 --- 
[2023-03-22 06:27:27] PRINT [03/22 06:27:27 graph]: Epoch 98: get test acc score:  0.88847
[2023-03-22 06:27:27] PRINT [03/22 06:27:27 graph]: best_f1 0.89366 at epoch 92
[2023-03-22 06:27:27] PRINT [03/22 06:27:27 graph]: start epoch 99.
[2023-03-22 06:27:27] PRINT [03/22 06:27:27 graph]: # Epoch 99: train_loss: 0.4380 | lr: 0.000203
[2023-03-22 06:27:34] PRINT [03/22 06:27:34 graph]: --- Testf1: 0.88893, Best Valacc: 0.88145 in epoch 273 --- 
[2023-03-22 06:27:34] PRINT [03/22 06:27:34 graph]: Epoch 99: get test acc score:  0.88893
[2023-03-22 06:27:34] PRINT [03/22 06:27:34 graph]: best_f1 0.89366 at epoch 92
[2023-03-22 06:27:34] PRINT [03/22 06:27:34 graph]: # final_acc: 0.89366±0.00000
