[2023-03-18 14:56:46] PRINT ---new cfg------
[2023-03-18 14:56:46] PRINT {'DATA': {'data_name': 'citeseer'}, 'DATALOADER': {'NUM_WORKERS': 0}, 'MODEL': {'num_hidden': 128, 'num_layers': 2, 'nhead': 2, 'activation': 'prelu', 'attn_drop': 0.2, 'feat_drop': 0.5, 'norm': 'layernorm', 'pooler': 'mean', 'beta_schedule': 'sigmoid', 'beta_1': 0.0004273790652660568, 'beta_T': 0.03126818233575604, 'T': 118, 'alpha_l': 2}, 'SOLVER': {'optim_type': 'adam', 'optim_type_f': 'adamw', 'alpha': 1, 'decay': 30, 'LR': 0.0002733604032570825, 'LR_f': 0.03429154325510884, 'weight_decay': 0, 'weight_decay_f': 0.00051770714503822, 'MAX_EPOCH': 100, 'max_epoch_f': 100}, 'DEVICE': 'cuda', 'seeds': [0], 'eval_T': [50, 100, 200], 'output_dir': '/ddm-nni/Citeseer/log', 'checkpoint_dir': '/ddm-nni/Citeseer/log/checkpoint'}
[2023-03-18 14:56:46] PRINT [03/18 14:56:46 graph]: Rank of current process: 0. World size: 1
[2023-03-18 14:56:49] PRINT [03/18 14:56:49 graph]: Environment info:
[2023-03-18 14:56:49] PRINT PyTorch version: 1.10.0+cu113
[2023-03-18 14:56:49] PRINT Is debug build: False
[2023-03-18 14:56:49] PRINT CUDA used to build PyTorch: 11.3
[2023-03-18 14:56:49] PRINT ROCM used to build PyTorch: N/A
[2023-03-18 14:56:49] PRINT 
[2023-03-18 14:56:49] PRINT OS: Ubuntu 20.04.3 LTS (x86_64)
[2023-03-18 14:56:49] PRINT GCC version: (Ubuntu 9.3.0-17ubuntu1~20.04) 9.3.0
[2023-03-18 14:56:49] PRINT Clang version: Could not collect
[2023-03-18 14:56:49] PRINT CMake version: version 3.16.3
[2023-03-18 14:56:49] PRINT Libc version: glibc-2.31
[2023-03-18 14:56:49] PRINT 
[2023-03-18 14:56:49] PRINT Python version: 3.8.10 (default, Jun  4 2021, 15:09:15)  [GCC 7.5.0] (64-bit runtime)
[2023-03-18 14:56:49] PRINT Python platform: Linux-5.4.0-90-generic-x86_64-with-glibc2.17
[2023-03-18 14:56:49] PRINT Is CUDA available: True
[2023-03-18 14:56:49] PRINT CUDA runtime version: 11.3.109
[2023-03-18 14:56:49] PRINT GPU models and configuration: GPU 0: NVIDIA GeForce RTX 3090
[2023-03-18 14:56:49] PRINT Nvidia driver version: 495.44
[2023-03-18 14:56:49] PRINT cuDNN version: Probably one of the following:
[2023-03-18 14:56:49] PRINT /usr/lib/x86_64-linux-gnu/libcudnn.so.8.2.0
[2023-03-18 14:56:49] PRINT /usr/lib/x86_64-linux-gnu/libcudnn_adv_infer.so.8.2.0
[2023-03-18 14:56:49] PRINT /usr/lib/x86_64-linux-gnu/libcudnn_adv_train.so.8.2.0
[2023-03-18 14:56:49] PRINT /usr/lib/x86_64-linux-gnu/libcudnn_cnn_infer.so.8.2.0
[2023-03-18 14:56:49] PRINT /usr/lib/x86_64-linux-gnu/libcudnn_cnn_train.so.8.2.0
[2023-03-18 14:56:49] PRINT /usr/lib/x86_64-linux-gnu/libcudnn_ops_infer.so.8.2.0
[2023-03-18 14:56:49] PRINT /usr/lib/x86_64-linux-gnu/libcudnn_ops_train.so.8.2.0
[2023-03-18 14:56:49] PRINT HIP runtime version: N/A
[2023-03-18 14:56:49] PRINT MIOpen runtime version: N/A
[2023-03-18 14:56:49] PRINT 
[2023-03-18 14:56:49] PRINT Versions of relevant libraries:
[2023-03-18 14:56:49] PRINT [pip3] numpy==1.23.5
[2023-03-18 14:56:49] PRINT [pip3] torch==1.10.0+cu113
[2023-03-18 14:56:49] PRINT [pip3] torchvision==0.11.1+cu113
[2023-03-18 14:56:49] PRINT [conda] blas                      1.0                         mkl    https://mirrors.ustc.edu.cn/anaconda/pkgs/main
[2023-03-18 14:56:49] PRINT [conda] mkl                       2021.4.0           h06a4308_640    https://mirrors.ustc.edu.cn/anaconda/pkgs/main
[2023-03-18 14:56:49] PRINT [conda] mkl-service               2.4.0            py38h7f8727e_0    https://mirrors.ustc.edu.cn/anaconda/pkgs/main
[2023-03-18 14:56:49] PRINT [conda] mkl_fft                   1.3.1            py38hd3c417c_0    https://mirrors.ustc.edu.cn/anaconda/pkgs/main
[2023-03-18 14:56:49] PRINT [conda] mkl_random                1.2.2            py38h51133e4_0    https://mirrors.ustc.edu.cn/anaconda/pkgs/main
[2023-03-18 14:56:49] PRINT [conda] numpy                     1.21.4                   pypi_0    pypi
[2023-03-18 14:56:49] PRINT [conda] numpy-base                1.23.5           py38h31eccc5_0    https://mirrors.ustc.edu.cn/anaconda/pkgs/main
[2023-03-18 14:56:49] PRINT [conda] torch                     1.10.0+cu113             pypi_0    pypi
[2023-03-18 14:56:49] PRINT [conda] torchvision               0.11.1+cu113             pypi_0    pypi
[2023-03-18 14:56:49] PRINT         Pillow (8.4.0)
[2023-03-18 14:56:49] PRINT [03/18 14:56:49 graph]: Command line arguments: Namespace(local_rank=0, resume=False, seed=1234, start_epoch=0)
[2023-03-18 14:56:49] PRINT   NumNodes: 3327
[2023-03-18 14:56:49] PRINT   NumEdges: 9228
[2023-03-18 14:56:49] PRINT   NumFeats: 3703
[2023-03-18 14:56:49] PRINT   NumClasses: 6
[2023-03-18 14:56:49] PRINT   NumTrainingSamples: 120
[2023-03-18 14:56:49] PRINT   NumValidationSamples: 500
[2023-03-18 14:56:49] PRINT   NumTestSamples: 1000
[2023-03-18 14:56:49] PRINT Done loading data from cached files.
[2023-03-18 14:56:49] PRINT [03/18 14:56:49 graph]: Run 0th for seed 0
[2023-03-18 14:56:49] PRINT [03/18 14:56:49 graph]: Total trainable params num : 42894531
[2023-03-18 14:56:54] PRINT [03/18 14:56:54 graph]: ----------Start Training----------
[2023-03-18 14:56:54] PRINT [03/18 14:56:54 graph]: start epoch 0.
[2023-03-18 14:56:54] PRINT [03/18 14:56:54 graph]: # Epoch 0: train_loss: 0.9260 | lr: 0.000273
[2023-03-18 14:56:54] PRINT [03/18 14:56:54 graph]: start epoch 1.
[2023-03-18 14:56:54] PRINT [03/18 14:56:54 graph]: # Epoch 1: train_loss: 0.7591 | lr: 0.000273
[2023-03-18 14:56:54] PRINT [03/18 14:56:54 graph]: start epoch 2.
[2023-03-18 14:56:54] PRINT [03/18 14:56:54 graph]: # Epoch 2: train_loss: 0.6724 | lr: 0.000273
[2023-03-18 14:56:54] PRINT [03/18 14:56:54 graph]: start epoch 3.
[2023-03-18 14:56:55] PRINT [03/18 14:56:55 graph]: # Epoch 3: train_loss: 0.6471 | lr: 0.000273
[2023-03-18 14:56:55] PRINT [03/18 14:56:55 graph]: start epoch 4.
[2023-03-18 14:56:55] PRINT [03/18 14:56:55 graph]: # Epoch 4: train_loss: 0.6428 | lr: 0.000273
[2023-03-18 14:56:55] PRINT [03/18 14:56:55 graph]: start epoch 5.
[2023-03-18 14:56:55] PRINT [03/18 14:56:55 graph]: # Epoch 5: train_loss: 0.6395 | lr: 0.000273
[2023-03-18 14:56:55] PRINT [03/18 14:56:55 graph]: start epoch 6.
[2023-03-18 14:56:55] PRINT [03/18 14:56:55 graph]: # Epoch 6: train_loss: 0.6361 | lr: 0.000273
[2023-03-18 14:56:55] PRINT [03/18 14:56:55 graph]: start epoch 7.
[2023-03-18 14:56:55] PRINT [03/18 14:56:55 graph]: # Epoch 7: train_loss: 0.6335 | lr: 0.000273
[2023-03-18 14:56:55] PRINT [03/18 14:56:55 graph]: start epoch 8.
[2023-03-18 14:56:55] PRINT [03/18 14:56:55 graph]: # Epoch 8: train_loss: 0.6320 | lr: 0.000273
[2023-03-18 14:56:55] PRINT [03/18 14:56:55 graph]: start epoch 9.
[2023-03-18 14:56:55] PRINT [03/18 14:56:55 graph]: # Epoch 9: train_loss: 0.6316 | lr: 0.000273
[2023-03-18 14:56:55] PRINT [03/18 14:56:55 graph]: start epoch 10.
[2023-03-18 14:56:55] PRINT [03/18 14:56:55 graph]: # Epoch 10: train_loss: 0.6306 | lr: 0.000273
[2023-03-18 14:56:55] PRINT [03/18 14:56:55 graph]: start epoch 11.
[2023-03-18 14:56:55] PRINT [03/18 14:56:55 graph]: # Epoch 11: train_loss: 0.6293 | lr: 0.000273
