[2023-03-06 09:57:45] PRINT ---new cfg------
[2023-03-06 09:57:45] PRINT {'DATA': {'data_name': 'MUTAG', 'deg4feat': True}, 'DATALOADER': {'NUM_WORKERS': 0, 'BATCH_SIZE': 32}, 'MODEL': {'num_hidden': 512, 'num_layers': 2, 'nhead': 2, 'activation': 'prelu', 'attn_drop': 0.2, 'feat_drop': 0.30000000000000004, 'norm': 'batchnorm', 'pooler': 'mean', 'beta_schedule': 'sigmoid', 'beta_1': 0.0004388809969984826, 'beta_T': 0.034764156339710785, 'T': 666}, 'SOLVER': {'optim_type': 'adamw', 'optim_type_f': 'adamw', 'alpha': 1, 'decay': 50, 'LR': 6.223676277930685e-05, 'weight_decay': 0.0005, 'MAX_EPOCH': 50}, 'DEVICE': 'cuda', 'seeds': [11], 'eval_T': [50, 100, 200], 'output_dir': '/ddm-nni/MUTAG/log', 'checkpoint_dir': '/ddm-nni/MUTAG/log/checkpoint'}
[2023-03-06 09:57:45] PRINT [03/06 09:57:45 graph]: Rank of current process: 0. World size: 1
[2023-03-06 09:57:48] PRINT [03/06 09:57:48 graph]: Environment info:
[2023-03-06 09:57:48] PRINT PyTorch version: 1.10.0+cu113
[2023-03-06 09:57:48] PRINT Is debug build: False
[2023-03-06 09:57:48] PRINT CUDA used to build PyTorch: 11.3
[2023-03-06 09:57:48] PRINT ROCM used to build PyTorch: N/A
[2023-03-06 09:57:48] PRINT 
[2023-03-06 09:57:48] PRINT OS: Ubuntu 20.04.3 LTS (x86_64)
[2023-03-06 09:57:48] PRINT GCC version: (Ubuntu 9.3.0-17ubuntu1~20.04) 9.3.0
[2023-03-06 09:57:48] PRINT Clang version: Could not collect
[2023-03-06 09:57:48] PRINT CMake version: version 3.16.3
[2023-03-06 09:57:48] PRINT Libc version: glibc-2.31
[2023-03-06 09:57:48] PRINT 
[2023-03-06 09:57:48] PRINT Python version: 3.8.10 (default, Jun  4 2021, 15:09:15)  [GCC 7.5.0] (64-bit runtime)
[2023-03-06 09:57:48] PRINT Python platform: Linux-5.4.0-90-generic-x86_64-with-glibc2.17
[2023-03-06 09:57:48] PRINT Is CUDA available: True
[2023-03-06 09:57:48] PRINT CUDA runtime version: 11.3.109
[2023-03-06 09:57:48] PRINT GPU models and configuration: GPU 0: NVIDIA GeForce RTX 3090
[2023-03-06 09:57:48] PRINT Nvidia driver version: 495.44
[2023-03-06 09:57:48] PRINT cuDNN version: Probably one of the following:
[2023-03-06 09:57:48] PRINT /usr/lib/x86_64-linux-gnu/libcudnn.so.8.2.0
[2023-03-06 09:57:48] PRINT /usr/lib/x86_64-linux-gnu/libcudnn_adv_infer.so.8.2.0
[2023-03-06 09:57:48] PRINT /usr/lib/x86_64-linux-gnu/libcudnn_adv_train.so.8.2.0
[2023-03-06 09:57:48] PRINT /usr/lib/x86_64-linux-gnu/libcudnn_cnn_infer.so.8.2.0
[2023-03-06 09:57:48] PRINT /usr/lib/x86_64-linux-gnu/libcudnn_cnn_train.so.8.2.0
[2023-03-06 09:57:48] PRINT /usr/lib/x86_64-linux-gnu/libcudnn_ops_infer.so.8.2.0
[2023-03-06 09:57:48] PRINT /usr/lib/x86_64-linux-gnu/libcudnn_ops_train.so.8.2.0
[2023-03-06 09:57:48] PRINT HIP runtime version: N/A
[2023-03-06 09:57:48] PRINT MIOpen runtime version: N/A
[2023-03-06 09:57:48] PRINT 
[2023-03-06 09:57:48] PRINT Versions of relevant libraries:
[2023-03-06 09:57:48] PRINT [pip3] numpy==1.23.5
[2023-03-06 09:57:48] PRINT [pip3] torch==1.10.0+cu113
[2023-03-06 09:57:48] PRINT [pip3] torchvision==0.11.1+cu113
[2023-03-06 09:57:48] PRINT [conda] blas                      1.0                         mkl    https://mirrors.ustc.edu.cn/anaconda/pkgs/main
[2023-03-06 09:57:48] PRINT [conda] mkl                       2021.4.0           h06a4308_640    https://mirrors.ustc.edu.cn/anaconda/pkgs/main
[2023-03-06 09:57:48] PRINT [conda] mkl-service               2.4.0            py38h7f8727e_0    https://mirrors.ustc.edu.cn/anaconda/pkgs/main
[2023-03-06 09:57:48] PRINT [conda] mkl_fft                   1.3.1            py38hd3c417c_0    https://mirrors.ustc.edu.cn/anaconda/pkgs/main
[2023-03-06 09:57:48] PRINT [conda] mkl_random                1.2.2            py38h51133e4_0    https://mirrors.ustc.edu.cn/anaconda/pkgs/main
[2023-03-06 09:57:48] PRINT [conda] numpy                     1.21.4                   pypi_0    pypi
[2023-03-06 09:57:48] PRINT [conda] numpy-base                1.23.5           py38h31eccc5_0    https://mirrors.ustc.edu.cn/anaconda/pkgs/main
[2023-03-06 09:57:48] PRINT [conda] torch                     1.10.0+cu113             pypi_0    pypi
[2023-03-06 09:57:48] PRINT [conda] torchvision               0.11.1+cu113             pypi_0    pypi
[2023-03-06 09:57:48] PRINT         Pillow (8.4.0)
[2023-03-06 09:57:48] PRINT [03/06 09:57:48 graph]: Command line arguments: Namespace(local_rank=0, resume=False, seed=1234, start_epoch=0)
[2023-03-06 09:57:48] PRINT Using degree as node features
[2023-03-06 09:57:49] PRINT ******** # Num Graphs: 188, # Num Feat: 5, # Num Classes: 2 ********
[2023-03-06 09:57:49] PRINT [03/06 09:57:49 graph]: Run 0th for seed 11
[2023-03-06 09:57:49] PRINT [03/06 09:57:49 graph]: Total trainable params num : 5082223
[2023-03-06 09:57:53] PRINT [03/06 09:57:53 graph]: ----------Start Training----------
[2023-03-06 09:57:53] PRINT [03/06 09:57:53 graph]: Epoch 0 | train_loss: 0.7943 | lr: 0.000062
[2023-03-06 09:57:54] PRINT [03/06 09:57:54 graph]: Epoch 1 | train_loss: 0.5046 | lr: 0.000062
[2023-03-06 09:57:54] PRINT [03/06 09:57:54 graph]: Epoch 2 | train_loss: 0.4358 | lr: 0.000062
[2023-03-06 09:57:56] PRINT [03/06 09:57:56 graph]: #Test_f1: 0.8778±0.0407
[2023-03-06 09:57:57] PRINT [03/06 09:57:57 graph]: Epoch 2: get test f1 score:  0.878
[2023-03-06 09:57:57] PRINT [03/06 09:57:57 graph]: best_f1 0.878 at epoch 2
[2023-03-06 09:57:57] PRINT [03/06 09:57:57 graph]: Epoch 3 | train_loss: 0.3956 | lr: 0.000062
[2023-03-06 09:58:00] PRINT [03/06 09:58:00 graph]: #Test_f1: 0.8512±0.0656
[2023-03-06 09:58:00] PRINT [03/06 09:58:00 graph]: Epoch 3: get test f1 score:  0.851
[2023-03-06 09:58:00] PRINT [03/06 09:58:00 graph]: best_f1 0.878 at epoch 2
[2023-03-06 09:58:01] PRINT [03/06 09:58:01 graph]: Epoch 4 | train_loss: 0.3786 | lr: 0.000062
[2023-03-06 09:58:03] PRINT [03/06 09:58:03 graph]: #Test_f1: 0.8509±0.0618
[2023-03-06 09:58:04] PRINT [03/06 09:58:04 graph]: Epoch 4: get test f1 score:  0.851
[2023-03-06 09:58:04] PRINT [03/06 09:58:04 graph]: best_f1 0.878 at epoch 2
[2023-03-06 09:58:04] PRINT [03/06 09:58:04 graph]: Epoch 5 | train_loss: 0.3568 | lr: 0.000062
[2023-03-06 09:58:07] PRINT [03/06 09:58:07 graph]: #Test_f1: 0.8404±0.0578
[2023-03-06 09:58:07] PRINT [03/06 09:58:07 graph]: Epoch 5: get test f1 score:  0.840
[2023-03-06 09:58:07] PRINT [03/06 09:58:07 graph]: best_f1 0.878 at epoch 2
[2023-03-06 09:58:07] PRINT [03/06 09:58:07 graph]: Epoch 6 | train_loss: 0.3470 | lr: 0.000062
[2023-03-06 09:58:10] PRINT [03/06 09:58:10 graph]: #Test_f1: 0.8292±0.0674
[2023-03-06 09:58:11] PRINT [03/06 09:58:11 graph]: Epoch 6: get test f1 score:  0.829
[2023-03-06 09:58:11] PRINT [03/06 09:58:11 graph]: best_f1 0.878 at epoch 2
[2023-03-06 09:58:11] PRINT [03/06 09:58:11 graph]: Epoch 7 | train_loss: 0.3444 | lr: 0.000062
[2023-03-06 09:58:14] PRINT [03/06 09:58:14 graph]: #Test_f1: 0.8298±0.0565
[2023-03-06 09:58:14] PRINT [03/06 09:58:14 graph]: Epoch 7: get test f1 score:  0.830
[2023-03-06 09:58:14] PRINT [03/06 09:58:14 graph]: best_f1 0.878 at epoch 2
[2023-03-06 09:58:14] PRINT [03/06 09:58:14 graph]: Epoch 8 | train_loss: 0.3365 | lr: 0.000062
[2023-03-06 09:58:17] PRINT [03/06 09:58:17 graph]: #Test_f1: 0.8190±0.0755
[2023-03-06 09:58:17] PRINT [03/06 09:58:17 graph]: Epoch 8: get test f1 score:  0.819
[2023-03-06 09:58:17] PRINT [03/06 09:58:17 graph]: best_f1 0.878 at epoch 2
[2023-03-06 09:58:17] PRINT [03/06 09:58:17 graph]: Epoch 9 | train_loss: 0.3257 | lr: 0.000062
[2023-03-06 09:58:20] PRINT [03/06 09:58:20 graph]: #Test_f1: 0.8240±0.0722
[2023-03-06 09:58:20] PRINT [03/06 09:58:20 graph]: Epoch 9: get test f1 score:  0.824
[2023-03-06 09:58:20] PRINT [03/06 09:58:20 graph]: best_f1 0.878 at epoch 2
[2023-03-06 09:58:21] PRINT [03/06 09:58:21 graph]: Epoch 10 | train_loss: 0.3187 | lr: 0.000062
[2023-03-06 09:58:23] PRINT [03/06 09:58:23 graph]: #Test_f1: 0.8298±0.0696
[2023-03-06 09:58:24] PRINT [03/06 09:58:24 graph]: Epoch 10: get test f1 score:  0.830
[2023-03-06 09:58:24] PRINT [03/06 09:58:24 graph]: best_f1 0.878 at epoch 2
[2023-03-06 09:58:24] PRINT [03/06 09:58:24 graph]: Epoch 11 | train_loss: 0.3231 | lr: 0.000062
[2023-03-06 09:58:27] PRINT [03/06 09:58:27 graph]: #Test_f1: 0.8190±0.0755
[2023-03-06 09:58:27] PRINT [03/06 09:58:27 graph]: Epoch 11: get test f1 score:  0.819
[2023-03-06 09:58:27] PRINT [03/06 09:58:27 graph]: best_f1 0.878 at epoch 2
[2023-03-06 09:58:27] PRINT [03/06 09:58:27 graph]: Epoch 12 | train_loss: 0.3221 | lr: 0.000062
[2023-03-06 09:58:30] PRINT [03/06 09:58:30 graph]: #Test_f1: 0.8298±0.0696
[2023-03-06 09:58:30] PRINT [03/06 09:58:30 graph]: Epoch 12: get test f1 score:  0.830
[2023-03-06 09:58:30] PRINT [03/06 09:58:30 graph]: best_f1 0.878 at epoch 2
[2023-03-06 09:58:30] PRINT [03/06 09:58:30 graph]: Epoch 13 | train_loss: 0.3069 | lr: 0.000062
[2023-03-06 09:58:33] PRINT [03/06 09:58:33 graph]: #Test_f1: 0.8351±0.0684
[2023-03-06 09:58:33] PRINT [03/06 09:58:33 graph]: Epoch 13: get test f1 score:  0.835
[2023-03-06 09:58:33] PRINT [03/06 09:58:33 graph]: best_f1 0.878 at epoch 2
[2023-03-06 09:58:34] PRINT [03/06 09:58:34 graph]: Epoch 14 | train_loss: 0.3130 | lr: 0.000062
[2023-03-06 09:58:36] PRINT [03/06 09:58:36 graph]: #Test_f1: 0.8243±0.0673
[2023-03-06 09:58:37] PRINT [03/06 09:58:37 graph]: Epoch 14: get test f1 score:  0.824
[2023-03-06 09:58:37] PRINT [03/06 09:58:37 graph]: best_f1 0.878 at epoch 2
[2023-03-06 09:58:37] PRINT [03/06 09:58:37 graph]: Epoch 15 | train_loss: 0.3094 | lr: 0.000062
[2023-03-06 09:58:40] PRINT [03/06 09:58:40 graph]: #Test_f1: 0.8295±0.0665
[2023-03-06 09:58:40] PRINT [03/06 09:58:40 graph]: Epoch 15: get test f1 score:  0.830
[2023-03-06 09:58:40] PRINT [03/06 09:58:40 graph]: best_f1 0.878 at epoch 2
[2023-03-06 09:58:40] PRINT [03/06 09:58:40 graph]: Epoch 16 | train_loss: 0.3045 | lr: 0.000062
[2023-03-06 09:58:43] PRINT [03/06 09:58:43 graph]: #Test_f1: 0.8249±0.0776
[2023-03-06 09:58:43] PRINT [03/06 09:58:43 graph]: Epoch 16: get test f1 score:  0.825
[2023-03-06 09:58:43] PRINT [03/06 09:58:43 graph]: best_f1 0.878 at epoch 2
[2023-03-06 09:58:43] PRINT [03/06 09:58:43 graph]: Epoch 17 | train_loss: 0.2910 | lr: 0.000062
[2023-03-06 09:58:46] PRINT [03/06 09:58:46 graph]: #Test_f1: 0.8140±0.0852
[2023-03-06 09:58:47] PRINT [03/06 09:58:47 graph]: Epoch 17: get test f1 score:  0.814
[2023-03-06 09:58:47] PRINT [03/06 09:58:47 graph]: best_f1 0.878 at epoch 2
[2023-03-06 09:58:47] PRINT [03/06 09:58:47 graph]: Epoch 18 | train_loss: 0.2981 | lr: 0.000062
[2023-03-06 09:58:50] PRINT [03/06 09:58:50 graph]: #Test_f1: 0.8190±0.0718
[2023-03-06 09:58:50] PRINT [03/06 09:58:50 graph]: Epoch 18: get test f1 score:  0.819
[2023-03-06 09:58:50] PRINT [03/06 09:58:50 graph]: best_f1 0.878 at epoch 2
[2023-03-06 09:58:50] PRINT [03/06 09:58:50 graph]: Epoch 19 | train_loss: 0.2862 | lr: 0.000062
[2023-03-06 09:58:53] PRINT [03/06 09:58:53 graph]: #Test_f1: 0.8298±0.0807
[2023-03-06 09:58:53] PRINT [03/06 09:58:53 graph]: Epoch 19: get test f1 score:  0.830
[2023-03-06 09:58:53] PRINT [03/06 09:58:53 graph]: best_f1 0.878 at epoch 2
[2023-03-06 09:58:53] PRINT [03/06 09:58:53 graph]: Epoch 20 | train_loss: 0.2880 | lr: 0.000062
[2023-03-06 09:58:56] PRINT [03/06 09:58:56 graph]: #Test_f1: 0.8351±0.0723
[2023-03-06 09:58:56] PRINT [03/06 09:58:56 graph]: Epoch 20: get test f1 score:  0.835
[2023-03-06 09:58:56] PRINT [03/06 09:58:56 graph]: best_f1 0.878 at epoch 2
[2023-03-06 09:58:57] PRINT [03/06 09:58:57 graph]: Epoch 21 | train_loss: 0.2907 | lr: 0.000062
[2023-03-06 09:58:59] PRINT [03/06 09:58:59 graph]: #Test_f1: 0.8401±0.0676
[2023-03-06 09:59:00] PRINT [03/06 09:59:00 graph]: Epoch 21: get test f1 score:  0.840
[2023-03-06 09:59:00] PRINT [03/06 09:59:00 graph]: best_f1 0.878 at epoch 2
[2023-03-06 09:59:00] PRINT [03/06 09:59:00 graph]: Epoch 22 | train_loss: 0.2837 | lr: 0.000062
[2023-03-06 09:59:03] PRINT [03/06 09:59:03 graph]: #Test_f1: 0.8453±0.0564
[2023-03-06 09:59:03] PRINT [03/06 09:59:03 graph]: Epoch 22: get test f1 score:  0.845
[2023-03-06 09:59:03] PRINT [03/06 09:59:03 graph]: best_f1 0.878 at epoch 2
[2023-03-06 09:59:03] PRINT [03/06 09:59:03 graph]: Epoch 23 | train_loss: 0.2819 | lr: 0.000062
[2023-03-06 09:59:06] PRINT [03/06 09:59:06 graph]: #Test_f1: 0.8348±0.0608
[2023-03-06 09:59:06] PRINT [03/06 09:59:06 graph]: Epoch 23: get test f1 score:  0.835
[2023-03-06 09:59:06] PRINT [03/06 09:59:06 graph]: best_f1 0.878 at epoch 2
[2023-03-06 09:59:07] PRINT [03/06 09:59:07 graph]: Epoch 24 | train_loss: 0.2921 | lr: 0.000062
[2023-03-06 09:59:09] PRINT [03/06 09:59:09 graph]: #Test_f1: 0.8190±0.0718
[2023-03-06 09:59:09] PRINT [03/06 09:59:09 graph]: Epoch 24: get test f1 score:  0.819
[2023-03-06 09:59:09] PRINT [03/06 09:59:09 graph]: best_f1 0.878 at epoch 2
[2023-03-06 09:59:10] PRINT [03/06 09:59:10 graph]: Epoch 25 | train_loss: 0.2806 | lr: 0.000062
[2023-03-06 09:59:12] PRINT [03/06 09:59:12 graph]: #Test_f1: 0.8351±0.0642
[2023-03-06 09:59:13] PRINT [03/06 09:59:13 graph]: Epoch 25: get test f1 score:  0.835
[2023-03-06 09:59:13] PRINT [03/06 09:59:13 graph]: best_f1 0.878 at epoch 2
[2023-03-06 09:59:13] PRINT [03/06 09:59:13 graph]: Epoch 26 | train_loss: 0.2792 | lr: 0.000062
[2023-03-06 09:59:16] PRINT [03/06 09:59:16 graph]: #Test_f1: 0.8406±0.0619
[2023-03-06 09:59:16] PRINT [03/06 09:59:16 graph]: Epoch 26: get test f1 score:  0.841
[2023-03-06 09:59:16] PRINT [03/06 09:59:16 graph]: best_f1 0.878 at epoch 2
[2023-03-06 09:59:16] PRINT [03/06 09:59:16 graph]: Epoch 27 | train_loss: 0.2778 | lr: 0.000062
[2023-03-06 09:59:19] PRINT [03/06 09:59:19 graph]: #Test_f1: 0.8246±0.0705
[2023-03-06 09:59:19] PRINT [03/06 09:59:19 graph]: Epoch 27: get test f1 score:  0.825
[2023-03-06 09:59:19] PRINT [03/06 09:59:19 graph]: best_f1 0.878 at epoch 2
[2023-03-06 09:59:20] PRINT [03/06 09:59:20 graph]: Epoch 28 | train_loss: 0.2757 | lr: 0.000062
[2023-03-06 09:59:22] PRINT [03/06 09:59:22 graph]: #Test_f1: 0.8404±0.0711
[2023-03-06 09:59:23] PRINT [03/06 09:59:23 graph]: Epoch 28: get test f1 score:  0.840
[2023-03-06 09:59:23] PRINT [03/06 09:59:23 graph]: best_f1 0.878 at epoch 2
[2023-03-06 09:59:23] PRINT [03/06 09:59:23 graph]: Epoch 29 | train_loss: 0.2714 | lr: 0.000062
[2023-03-06 09:59:26] PRINT [03/06 09:59:26 graph]: #Test_f1: 0.8295±0.0665
[2023-03-06 09:59:26] PRINT [03/06 09:59:26 graph]: Epoch 29: get test f1 score:  0.830
[2023-03-06 09:59:26] PRINT [03/06 09:59:26 graph]: best_f1 0.878 at epoch 2
[2023-03-06 09:59:26] PRINT [03/06 09:59:26 graph]: Epoch 30 | train_loss: 0.2702 | lr: 0.000062
[2023-03-06 09:59:29] PRINT [03/06 09:59:29 graph]: #Test_f1: 0.8404±0.0624
[2023-03-06 09:59:29] PRINT [03/06 09:59:29 graph]: Epoch 30: get test f1 score:  0.840
[2023-03-06 09:59:29] PRINT [03/06 09:59:29 graph]: best_f1 0.878 at epoch 2
[2023-03-06 09:59:29] PRINT [03/06 09:59:29 graph]: Epoch 31 | train_loss: 0.2694 | lr: 0.000062
[2023-03-06 09:59:32] PRINT [03/06 09:59:32 graph]: #Test_f1: 0.8462±0.0676
[2023-03-06 09:59:32] PRINT [03/06 09:59:32 graph]: Epoch 31: get test f1 score:  0.846
[2023-03-06 09:59:32] PRINT [03/06 09:59:32 graph]: best_f1 0.878 at epoch 2
[2023-03-06 09:59:33] PRINT [03/06 09:59:33 graph]: Epoch 32 | train_loss: 0.2606 | lr: 0.000062
[2023-03-06 09:59:36] PRINT [03/06 09:59:36 graph]: #Test_f1: 0.8354±0.0679
[2023-03-06 09:59:36] PRINT [03/06 09:59:36 graph]: Epoch 32: get test f1 score:  0.835
[2023-03-06 09:59:36] PRINT [03/06 09:59:36 graph]: best_f1 0.878 at epoch 2
[2023-03-06 09:59:36] PRINT [03/06 09:59:36 graph]: Epoch 33 | train_loss: 0.2659 | lr: 0.000062
[2023-03-06 09:59:39] PRINT [03/06 09:59:39 graph]: #Test_f1: 0.8406±0.0619
[2023-03-06 09:59:39] PRINT [03/06 09:59:39 graph]: Epoch 33: get test f1 score:  0.841
[2023-03-06 09:59:39] PRINT [03/06 09:59:39 graph]: best_f1 0.878 at epoch 2
[2023-03-06 09:59:39] PRINT [03/06 09:59:39 graph]: Epoch 34 | train_loss: 0.2660 | lr: 0.000062
[2023-03-06 09:59:42] PRINT [03/06 09:59:42 graph]: #Test_f1: 0.8354±0.0679
[2023-03-06 09:59:42] PRINT [03/06 09:59:42 graph]: Epoch 34: get test f1 score:  0.835
[2023-03-06 09:59:42] PRINT [03/06 09:59:42 graph]: best_f1 0.878 at epoch 2
[2023-03-06 09:59:43] PRINT [03/06 09:59:43 graph]: Epoch 35 | train_loss: 0.2575 | lr: 0.000062
[2023-03-06 09:59:45] PRINT [03/06 09:59:45 graph]: #Test_f1: 0.8351±0.0642
[2023-03-06 09:59:46] PRINT [03/06 09:59:46 graph]: Epoch 35: get test f1 score:  0.835
[2023-03-06 09:59:46] PRINT [03/06 09:59:46 graph]: best_f1 0.878 at epoch 2
[2023-03-06 09:59:46] PRINT [03/06 09:59:46 graph]: Epoch 36 | train_loss: 0.2565 | lr: 0.000062
[2023-03-06 09:59:49] PRINT [03/06 09:59:49 graph]: #Test_f1: 0.8401±0.0589
[2023-03-06 09:59:49] PRINT [03/06 09:59:49 graph]: Epoch 36: get test f1 score:  0.840
[2023-03-06 09:59:49] PRINT [03/06 09:59:49 graph]: best_f1 0.878 at epoch 2
[2023-03-06 09:59:49] PRINT [03/06 09:59:49 graph]: Epoch 37 | train_loss: 0.2520 | lr: 0.000062
[2023-03-06 09:59:52] PRINT [03/06 09:59:52 graph]: #Test_f1: 0.8459±0.0595
[2023-03-06 09:59:52] PRINT [03/06 09:59:52 graph]: Epoch 37: get test f1 score:  0.846
[2023-03-06 09:59:52] PRINT [03/06 09:59:52 graph]: best_f1 0.878 at epoch 2
[2023-03-06 09:59:53] PRINT [03/06 09:59:53 graph]: Epoch 38 | train_loss: 0.2671 | lr: 0.000062
[2023-03-06 09:59:55] PRINT [03/06 09:59:55 graph]: #Test_f1: 0.8240±0.0726
[2023-03-06 09:59:55] PRINT [03/06 09:59:55 graph]: Epoch 38: get test f1 score:  0.824
[2023-03-06 09:59:55] PRINT [03/06 09:59:55 graph]: best_f1 0.878 at epoch 2
[2023-03-06 09:59:56] PRINT [03/06 09:59:56 graph]: Epoch 39 | train_loss: 0.2511 | lr: 0.000062
[2023-03-06 09:59:58] PRINT [03/06 09:59:58 graph]: #Test_f1: 0.8459±0.0595
[2023-03-06 09:59:58] PRINT [03/06 09:59:58 graph]: Epoch 39: get test f1 score:  0.846
[2023-03-06 09:59:58] PRINT [03/06 09:59:58 graph]: best_f1 0.878 at epoch 2
[2023-03-06 09:59:59] PRINT [03/06 09:59:59 graph]: Epoch 40 | train_loss: 0.2533 | lr: 0.000062
[2023-03-06 10:00:01] PRINT [03/06 10:00:01 graph]: #Test_f1: 0.8298±0.0776
[2023-03-06 10:00:02] PRINT [03/06 10:00:02 graph]: Epoch 40: get test f1 score:  0.830
[2023-03-06 10:00:02] PRINT [03/06 10:00:02 graph]: best_f1 0.878 at epoch 2
[2023-03-06 10:00:02] PRINT [03/06 10:00:02 graph]: Epoch 41 | train_loss: 0.2612 | lr: 0.000062
[2023-03-06 10:00:05] PRINT [03/06 10:00:05 graph]: #Test_f1: 0.8342±0.0675
[2023-03-06 10:00:05] PRINT [03/06 10:00:05 graph]: Epoch 41: get test f1 score:  0.834
[2023-03-06 10:00:05] PRINT [03/06 10:00:05 graph]: best_f1 0.878 at epoch 2
[2023-03-06 10:00:05] PRINT [03/06 10:00:05 graph]: Epoch 42 | train_loss: 0.2426 | lr: 0.000062
[2023-03-06 10:00:08] PRINT [03/06 10:00:08 graph]: #Test_f1: 0.8620±0.0714
[2023-03-06 10:00:08] PRINT [03/06 10:00:08 graph]: Epoch 42: get test f1 score:  0.862
[2023-03-06 10:00:08] PRINT [03/06 10:00:08 graph]: best_f1 0.878 at epoch 2
[2023-03-06 10:00:09] PRINT [03/06 10:00:09 graph]: Epoch 43 | train_loss: 0.2472 | lr: 0.000062
[2023-03-06 10:00:11] PRINT [03/06 10:00:11 graph]: #Test_f1: 0.8673±0.0589
[2023-03-06 10:00:11] PRINT [03/06 10:00:11 graph]: Epoch 43: get test f1 score:  0.867
[2023-03-06 10:00:11] PRINT [03/06 10:00:11 graph]: best_f1 0.878 at epoch 2
[2023-03-06 10:00:12] PRINT [03/06 10:00:12 graph]: Epoch 44 | train_loss: 0.2424 | lr: 0.000062
[2023-03-06 10:00:15] PRINT [03/06 10:00:15 graph]: #Test_f1: 0.8509±0.0526
[2023-03-06 10:00:15] PRINT [03/06 10:00:15 graph]: Epoch 44: get test f1 score:  0.851
[2023-03-06 10:00:15] PRINT [03/06 10:00:15 graph]: best_f1 0.878 at epoch 2
[2023-03-06 10:00:15] PRINT [03/06 10:00:15 graph]: Epoch 45 | train_loss: 0.2481 | lr: 0.000062
[2023-03-06 10:00:18] PRINT [03/06 10:00:18 graph]: #Test_f1: 0.8558±0.0651
[2023-03-06 10:00:18] PRINT [03/06 10:00:18 graph]: Epoch 45: get test f1 score:  0.856
[2023-03-06 10:00:18] PRINT [03/06 10:00:18 graph]: best_f1 0.878 at epoch 2
[2023-03-06 10:00:19] PRINT [03/06 10:00:19 graph]: Epoch 46 | train_loss: 0.2397 | lr: 0.000062
[2023-03-06 10:00:21] PRINT [03/06 10:00:21 graph]: #Test_f1: 0.8345±0.0702
[2023-03-06 10:00:22] PRINT [03/06 10:00:22 graph]: Epoch 46: get test f1 score:  0.835
[2023-03-06 10:00:22] PRINT [03/06 10:00:22 graph]: best_f1 0.878 at epoch 2
[2023-03-06 10:00:22] PRINT [03/06 10:00:22 graph]: Epoch 47 | train_loss: 0.2379 | lr: 0.000062
[2023-03-06 10:00:25] PRINT [03/06 10:00:25 graph]: #Test_f1: 0.8620±0.0764
[2023-03-06 10:00:25] PRINT [03/06 10:00:25 graph]: Epoch 47: get test f1 score:  0.862
[2023-03-06 10:00:25] PRINT [03/06 10:00:25 graph]: best_f1 0.878 at epoch 2
[2023-03-06 10:00:25] PRINT [03/06 10:00:25 graph]: Epoch 48 | train_loss: 0.2400 | lr: 0.000062
[2023-03-06 10:00:28] PRINT [03/06 10:00:28 graph]: #Test_f1: 0.8670±0.0636
[2023-03-06 10:00:28] PRINT [03/06 10:00:28 graph]: Epoch 48: get test f1 score:  0.867
[2023-03-06 10:00:28] PRINT [03/06 10:00:28 graph]: best_f1 0.878 at epoch 2
[2023-03-06 10:00:28] PRINT [03/06 10:00:28 graph]: Epoch 49 | train_loss: 0.2443 | lr: 0.000062
[2023-03-06 10:00:31] PRINT [03/06 10:00:31 graph]: #Test_f1: 0.8348±0.0652
[2023-03-06 10:00:32] PRINT [03/06 10:00:32 graph]: Epoch 49: get test f1 score:  0.835
[2023-03-06 10:00:32] PRINT [03/06 10:00:32 graph]: best_f1 0.878 at epoch 2
[2023-03-06 10:00:32] PRINT [03/06 10:00:32 graph]: # final_acc: 0.8778±0.0000
