[2023-03-06 05:14:57] PRINT ---new cfg------
[2023-03-06 05:14:57] PRINT {'DATA': {'data_name': 'MUTAG', 'deg4feat': True}, 'DATALOADER': {'NUM_WORKERS': 0, 'BATCH_SIZE': 32}, 'MODEL': {'num_hidden': 512, 'num_layers': 2, 'nhead': 4, 'activation': 'prelu', 'attn_drop': 0.1, 'feat_drop': 0.30000000000000004, 'norm': 'layernorm', 'pooler': 'mean', 'beta_schedule': 'linear', 'beta_1': 0.000361999047124971, 'beta_T': 0.008989415914739996, 'T': 782}, 'SOLVER': {'optim_type': 'adamw', 'optim_type_f': 'adamw', 'alpha': 1, 'decay': 30, 'LR': 0.00028648169591319545, 'weight_decay': 0.0005, 'MAX_EPOCH': 50}, 'DEVICE': 'cuda', 'seeds': [11], 'eval_T': [50, 100, 200], 'output_dir': '/ddm-nni/MUTAG/log', 'checkpoint_dir': '/ddm-nni/MUTAG/log/checkpoint'}
[2023-03-06 05:14:57] PRINT [03/06 05:14:57 graph]: Rank of current process: 0. World size: 1
[2023-03-06 05:15:00] PRINT [03/06 05:15:00 graph]: Environment info:
[2023-03-06 05:15:00] PRINT PyTorch version: 1.10.0+cu113
[2023-03-06 05:15:00] PRINT Is debug build: False
[2023-03-06 05:15:00] PRINT CUDA used to build PyTorch: 11.3
[2023-03-06 05:15:00] PRINT ROCM used to build PyTorch: N/A
[2023-03-06 05:15:00] PRINT 
[2023-03-06 05:15:00] PRINT OS: Ubuntu 20.04.3 LTS (x86_64)
[2023-03-06 05:15:00] PRINT GCC version: (Ubuntu 9.3.0-17ubuntu1~20.04) 9.3.0
[2023-03-06 05:15:00] PRINT Clang version: Could not collect
[2023-03-06 05:15:00] PRINT CMake version: version 3.16.3
[2023-03-06 05:15:00] PRINT Libc version: glibc-2.31
[2023-03-06 05:15:00] PRINT 
[2023-03-06 05:15:00] PRINT Python version: 3.8.10 (default, Jun  4 2021, 15:09:15)  [GCC 7.5.0] (64-bit runtime)
[2023-03-06 05:15:00] PRINT Python platform: Linux-5.4.0-90-generic-x86_64-with-glibc2.17
[2023-03-06 05:15:00] PRINT Is CUDA available: True
[2023-03-06 05:15:00] PRINT CUDA runtime version: 11.3.109
[2023-03-06 05:15:00] PRINT GPU models and configuration: GPU 0: NVIDIA GeForce RTX 3090
[2023-03-06 05:15:00] PRINT Nvidia driver version: 495.44
[2023-03-06 05:15:00] PRINT cuDNN version: Probably one of the following:
[2023-03-06 05:15:00] PRINT /usr/lib/x86_64-linux-gnu/libcudnn.so.8.2.0
[2023-03-06 05:15:00] PRINT /usr/lib/x86_64-linux-gnu/libcudnn_adv_infer.so.8.2.0
[2023-03-06 05:15:00] PRINT /usr/lib/x86_64-linux-gnu/libcudnn_adv_train.so.8.2.0
[2023-03-06 05:15:00] PRINT /usr/lib/x86_64-linux-gnu/libcudnn_cnn_infer.so.8.2.0
[2023-03-06 05:15:00] PRINT /usr/lib/x86_64-linux-gnu/libcudnn_cnn_train.so.8.2.0
[2023-03-06 05:15:00] PRINT /usr/lib/x86_64-linux-gnu/libcudnn_ops_infer.so.8.2.0
[2023-03-06 05:15:00] PRINT /usr/lib/x86_64-linux-gnu/libcudnn_ops_train.so.8.2.0
[2023-03-06 05:15:00] PRINT HIP runtime version: N/A
[2023-03-06 05:15:00] PRINT MIOpen runtime version: N/A
[2023-03-06 05:15:00] PRINT 
[2023-03-06 05:15:00] PRINT Versions of relevant libraries:
[2023-03-06 05:15:00] PRINT [pip3] numpy==1.23.5
[2023-03-06 05:15:00] PRINT [pip3] torch==1.10.0+cu113
[2023-03-06 05:15:00] PRINT [pip3] torchvision==0.11.1+cu113
[2023-03-06 05:15:00] PRINT [conda] blas                      1.0                         mkl    https://mirrors.ustc.edu.cn/anaconda/pkgs/main
[2023-03-06 05:15:00] PRINT [conda] mkl                       2021.4.0           h06a4308_640    https://mirrors.ustc.edu.cn/anaconda/pkgs/main
[2023-03-06 05:15:00] PRINT [conda] mkl-service               2.4.0            py38h7f8727e_0    https://mirrors.ustc.edu.cn/anaconda/pkgs/main
[2023-03-06 05:15:00] PRINT [conda] mkl_fft                   1.3.1            py38hd3c417c_0    https://mirrors.ustc.edu.cn/anaconda/pkgs/main
[2023-03-06 05:15:00] PRINT [conda] mkl_random                1.2.2            py38h51133e4_0    https://mirrors.ustc.edu.cn/anaconda/pkgs/main
[2023-03-06 05:15:00] PRINT [conda] numpy                     1.21.4                   pypi_0    pypi
[2023-03-06 05:15:00] PRINT [conda] numpy-base                1.23.5           py38h31eccc5_0    https://mirrors.ustc.edu.cn/anaconda/pkgs/main
[2023-03-06 05:15:00] PRINT [conda] torch                     1.10.0+cu113             pypi_0    pypi
[2023-03-06 05:15:00] PRINT [conda] torchvision               0.11.1+cu113             pypi_0    pypi
[2023-03-06 05:15:00] PRINT         Pillow (8.4.0)
[2023-03-06 05:15:00] PRINT [03/06 05:15:00 graph]: Command line arguments: Namespace(local_rank=0, resume=False, seed=1234, start_epoch=0)
[2023-03-06 05:15:00] PRINT Using degree as node features
[2023-03-06 05:15:01] PRINT ******** # Num Graphs: 188, # Num Feat: 5, # Num Classes: 2 ********
[2023-03-06 05:15:01] PRINT [03/06 05:15:01 graph]: Run 0th for seed 11
[2023-03-06 05:15:01] PRINT [03/06 05:15:01 graph]: Total trainable params num : 5141615
[2023-03-06 05:15:05] PRINT [03/06 05:15:05 graph]: ----------Start Training----------
[2023-03-06 05:15:06] PRINT [03/06 05:15:06 graph]: Epoch 0 | train_loss: 0.6974 | lr: 0.000286
[2023-03-06 05:15:06] PRINT [03/06 05:15:06 graph]: Epoch 1 | train_loss: 0.4041 | lr: 0.000286
[2023-03-06 05:15:06] PRINT [03/06 05:15:06 graph]: Epoch 2 | train_loss: 0.3370 | lr: 0.000286
[2023-03-06 05:15:09] PRINT [03/06 05:15:09 graph]: #Test_f1: 0.8456±0.0441
[2023-03-06 05:15:10] PRINT [03/06 05:15:10 graph]: Epoch 2: get test f1 score:  0.846
[2023-03-06 05:15:10] PRINT [03/06 05:15:10 graph]: best_f1 0.846 at epoch 2
[2023-03-06 05:15:10] PRINT [03/06 05:15:10 graph]: Epoch 3 | train_loss: 0.3232 | lr: 0.000286
[2023-03-06 05:15:13] PRINT [03/06 05:15:13 graph]: #Test_f1: 0.8728±0.0476
[2023-03-06 05:15:13] PRINT [03/06 05:15:13 graph]: Epoch 3: get test f1 score:  0.873
[2023-03-06 05:15:13] PRINT [03/06 05:15:13 graph]: best_f1 0.873 at epoch 3
[2023-03-06 05:15:14] PRINT [03/06 05:15:14 graph]: Epoch 4 | train_loss: 0.2998 | lr: 0.000286
[2023-03-06 05:15:17] PRINT [03/06 05:15:17 graph]: #Test_f1: 0.8567±0.0577
[2023-03-06 05:15:17] PRINT [03/06 05:15:17 graph]: Epoch 4: get test f1 score:  0.857
[2023-03-06 05:15:17] PRINT [03/06 05:15:17 graph]: best_f1 0.873 at epoch 3
[2023-03-06 05:15:18] PRINT [03/06 05:15:18 graph]: Epoch 5 | train_loss: 0.2770 | lr: 0.000286
[2023-03-06 05:15:20] PRINT [03/06 05:15:20 graph]: #Test_f1: 0.8617±0.0483
[2023-03-06 05:15:21] PRINT [03/06 05:15:21 graph]: Epoch 5: get test f1 score:  0.862
[2023-03-06 05:15:21] PRINT [03/06 05:15:21 graph]: best_f1 0.873 at epoch 3
[2023-03-06 05:15:21] PRINT [03/06 05:15:21 graph]: Epoch 6 | train_loss: 0.2591 | lr: 0.000286
[2023-03-06 05:15:24] PRINT [03/06 05:15:24 graph]: #Test_f1: 0.8617±0.0422
[2023-03-06 05:15:24] PRINT [03/06 05:15:24 graph]: Epoch 6: get test f1 score:  0.862
[2023-03-06 05:15:24] PRINT [03/06 05:15:24 graph]: best_f1 0.873 at epoch 3
[2023-03-06 05:15:24] PRINT [03/06 05:15:24 graph]: Epoch 7 | train_loss: 0.2447 | lr: 0.000286
[2023-03-06 05:15:27] PRINT [03/06 05:15:27 graph]: #Test_f1: 0.8778±0.0470
[2023-03-06 05:15:28] PRINT [03/06 05:15:28 graph]: Epoch 7: get test f1 score:  0.878
[2023-03-06 05:15:28] PRINT [03/06 05:15:28 graph]: best_f1 0.878 at epoch 7
[2023-03-06 05:15:28] PRINT [03/06 05:15:28 graph]: Epoch 8 | train_loss: 0.2434 | lr: 0.000286
[2023-03-06 05:15:31] PRINT [03/06 05:15:31 graph]: #Test_f1: 0.8778±0.0407
[2023-03-06 05:15:31] PRINT [03/06 05:15:31 graph]: Epoch 8: get test f1 score:  0.878
[2023-03-06 05:15:31] PRINT [03/06 05:15:31 graph]: best_f1 0.878 at epoch 7
[2023-03-06 05:15:32] PRINT [03/06 05:15:32 graph]: Epoch 9 | train_loss: 0.2406 | lr: 0.000286
[2023-03-06 05:15:34] PRINT [03/06 05:15:34 graph]: #Test_f1: 0.8512±0.0391
[2023-03-06 05:15:35] PRINT [03/06 05:15:35 graph]: Epoch 9: get test f1 score:  0.851
[2023-03-06 05:15:35] PRINT [03/06 05:15:35 graph]: best_f1 0.878 at epoch 7
[2023-03-06 05:15:35] PRINT [03/06 05:15:35 graph]: Epoch 10 | train_loss: 0.2317 | lr: 0.000286
[2023-03-06 05:15:38] PRINT [03/06 05:15:38 graph]: #Test_f1: 0.8515±0.0449
[2023-03-06 05:15:38] PRINT [03/06 05:15:38 graph]: Epoch 10: get test f1 score:  0.851
[2023-03-06 05:15:38] PRINT [03/06 05:15:38 graph]: best_f1 0.878 at epoch 7
[2023-03-06 05:15:38] PRINT [03/06 05:15:38 graph]: Epoch 11 | train_loss: 0.2272 | lr: 0.000286
[2023-03-06 05:15:41] PRINT [03/06 05:15:41 graph]: #Test_f1: 0.8673±0.0479
[2023-03-06 05:15:42] PRINT [03/06 05:15:42 graph]: Epoch 11: get test f1 score:  0.867
[2023-03-06 05:15:42] PRINT [03/06 05:15:42 graph]: best_f1 0.878 at epoch 7
[2023-03-06 05:15:42] PRINT [03/06 05:15:42 graph]: Epoch 12 | train_loss: 0.2170 | lr: 0.000286
[2023-03-06 05:15:45] PRINT [03/06 05:15:45 graph]: #Test_f1: 0.8673±0.0479
[2023-03-06 05:15:45] PRINT [03/06 05:15:45 graph]: Epoch 12: get test f1 score:  0.867
[2023-03-06 05:15:45] PRINT [03/06 05:15:45 graph]: best_f1 0.878 at epoch 7
[2023-03-06 05:15:46] PRINT [03/06 05:15:46 graph]: Epoch 13 | train_loss: 0.2086 | lr: 0.000286
[2023-03-06 05:15:49] PRINT [03/06 05:15:49 graph]: #Test_f1: 0.8722±0.0426
[2023-03-06 05:15:49] PRINT [03/06 05:15:49 graph]: Epoch 13: get test f1 score:  0.872
[2023-03-06 05:15:49] PRINT [03/06 05:15:49 graph]: best_f1 0.878 at epoch 7
[2023-03-06 05:15:49] PRINT [03/06 05:15:49 graph]: Epoch 14 | train_loss: 0.2078 | lr: 0.000286
[2023-03-06 05:15:52] PRINT [03/06 05:15:52 graph]: #Test_f1: 0.8778±0.0407
[2023-03-06 05:15:53] PRINT [03/06 05:15:53 graph]: Epoch 14: get test f1 score:  0.878
[2023-03-06 05:15:53] PRINT [03/06 05:15:53 graph]: best_f1 0.878 at epoch 7
[2023-03-06 05:15:53] PRINT [03/06 05:15:53 graph]: Epoch 15 | train_loss: 0.2020 | lr: 0.000286
[2023-03-06 05:15:56] PRINT [03/06 05:15:56 graph]: #Test_f1: 0.8836±0.0515
[2023-03-06 05:15:56] PRINT [03/06 05:15:56 graph]: Epoch 15: get test f1 score:  0.884
[2023-03-06 05:15:56] PRINT [03/06 05:15:56 graph]: best_f1 0.884 at epoch 15
[2023-03-06 05:15:57] PRINT [03/06 05:15:57 graph]: Epoch 16 | train_loss: 0.2011 | lr: 0.000286
[2023-03-06 05:16:00] PRINT [03/06 05:16:00 graph]: #Test_f1: 0.8830±0.0391
[2023-03-06 05:16:00] PRINT [03/06 05:16:00 graph]: Epoch 16: get test f1 score:  0.883
[2023-03-06 05:16:00] PRINT [03/06 05:16:00 graph]: best_f1 0.884 at epoch 15
[2023-03-06 05:16:00] PRINT [03/06 05:16:00 graph]: Epoch 17 | train_loss: 0.1918 | lr: 0.000286
[2023-03-06 05:16:03] PRINT [03/06 05:16:03 graph]: #Test_f1: 0.8620±0.0413
[2023-03-06 05:16:04] PRINT [03/06 05:16:04 graph]: Epoch 17: get test f1 score:  0.862
[2023-03-06 05:16:04] PRINT [03/06 05:16:04 graph]: best_f1 0.884 at epoch 15
[2023-03-06 05:16:04] PRINT [03/06 05:16:04 graph]: Epoch 18 | train_loss: 0.1921 | lr: 0.000286
[2023-03-06 05:16:07] PRINT [03/06 05:16:07 graph]: #Test_f1: 0.8673±0.0345
[2023-03-06 05:16:07] PRINT [03/06 05:16:07 graph]: Epoch 18: get test f1 score:  0.867
[2023-03-06 05:16:07] PRINT [03/06 05:16:07 graph]: best_f1 0.884 at epoch 15
[2023-03-06 05:16:07] PRINT [03/06 05:16:07 graph]: Epoch 19 | train_loss: 0.1876 | lr: 0.000286
[2023-03-06 05:16:10] PRINT [03/06 05:16:10 graph]: #Test_f1: 0.8620±0.0413
[2023-03-06 05:16:11] PRINT [03/06 05:16:11 graph]: Epoch 19: get test f1 score:  0.862
[2023-03-06 05:16:11] PRINT [03/06 05:16:11 graph]: best_f1 0.884 at epoch 15
[2023-03-06 05:16:11] PRINT [03/06 05:16:11 graph]: Epoch 20 | train_loss: 0.1865 | lr: 0.000286
[2023-03-06 05:16:14] PRINT [03/06 05:16:14 graph]: #Test_f1: 0.8725±0.0343
[2023-03-06 05:16:14] PRINT [03/06 05:16:14 graph]: Epoch 20: get test f1 score:  0.873
[2023-03-06 05:16:14] PRINT [03/06 05:16:14 graph]: best_f1 0.884 at epoch 15
[2023-03-06 05:16:15] PRINT [03/06 05:16:15 graph]: Epoch 21 | train_loss: 0.1816 | lr: 0.000286
[2023-03-06 05:16:17] PRINT [03/06 05:16:17 graph]: #Test_f1: 0.8620±0.0413
[2023-03-06 05:16:18] PRINT [03/06 05:16:18 graph]: Epoch 21: get test f1 score:  0.862
[2023-03-06 05:16:18] PRINT [03/06 05:16:18 graph]: best_f1 0.884 at epoch 15
[2023-03-06 05:16:18] PRINT [03/06 05:16:18 graph]: Epoch 22 | train_loss: 0.1722 | lr: 0.000286
[2023-03-06 05:16:21] PRINT [03/06 05:16:21 graph]: #Test_f1: 0.8781±0.0536
[2023-03-06 05:16:21] PRINT [03/06 05:16:21 graph]: Epoch 22: get test f1 score:  0.878
[2023-03-06 05:16:21] PRINT [03/06 05:16:21 graph]: best_f1 0.884 at epoch 15
[2023-03-06 05:16:22] PRINT [03/06 05:16:22 graph]: Epoch 23 | train_loss: 0.1705 | lr: 0.000286
[2023-03-06 05:16:24] PRINT [03/06 05:16:24 graph]: #Test_f1: 0.8673±0.0540
[2023-03-06 05:16:25] PRINT [03/06 05:16:25 graph]: Epoch 23: get test f1 score:  0.867
[2023-03-06 05:16:25] PRINT [03/06 05:16:25 graph]: best_f1 0.884 at epoch 15
[2023-03-06 05:16:25] PRINT [03/06 05:16:25 graph]: Epoch 24 | train_loss: 0.1745 | lr: 0.000286
[2023-03-06 05:16:28] PRINT [03/06 05:16:28 graph]: #Test_f1: 0.8725±0.0423
[2023-03-06 05:16:28] PRINT [03/06 05:16:28 graph]: Epoch 24: get test f1 score:  0.873
[2023-03-06 05:16:28] PRINT [03/06 05:16:28 graph]: best_f1 0.884 at epoch 15
[2023-03-06 05:16:29] PRINT [03/06 05:16:29 graph]: Epoch 25 | train_loss: 0.1728 | lr: 0.000286
[2023-03-06 05:16:32] PRINT [03/06 05:16:32 graph]: #Test_f1: 0.8623±0.0677
[2023-03-06 05:16:32] PRINT [03/06 05:16:32 graph]: Epoch 25: get test f1 score:  0.862
[2023-03-06 05:16:32] PRINT [03/06 05:16:32 graph]: best_f1 0.884 at epoch 15
[2023-03-06 05:16:32] PRINT [03/06 05:16:32 graph]: Epoch 26 | train_loss: 0.1731 | lr: 0.000286
[2023-03-06 05:16:35] PRINT [03/06 05:16:35 graph]: #Test_f1: 0.8456±0.0552
[2023-03-06 05:16:36] PRINT [03/06 05:16:36 graph]: Epoch 26: get test f1 score:  0.846
[2023-03-06 05:16:36] PRINT [03/06 05:16:36 graph]: best_f1 0.884 at epoch 15
[2023-03-06 05:16:36] PRINT [03/06 05:16:36 graph]: Epoch 27 | train_loss: 0.1631 | lr: 0.000286
[2023-03-06 05:16:39] PRINT [03/06 05:16:39 graph]: #Test_f1: 0.8515±0.0606
[2023-03-06 05:16:39] PRINT [03/06 05:16:39 graph]: Epoch 27: get test f1 score:  0.851
[2023-03-06 05:16:39] PRINT [03/06 05:16:39 graph]: best_f1 0.884 at epoch 15
[2023-03-06 05:16:40] PRINT [03/06 05:16:40 graph]: Epoch 28 | train_loss: 0.1627 | lr: 0.000286
[2023-03-06 05:16:43] PRINT [03/06 05:16:43 graph]: #Test_f1: 0.8673±0.0589
[2023-03-06 05:16:43] PRINT [03/06 05:16:43 graph]: Epoch 28: get test f1 score:  0.867
[2023-03-06 05:16:43] PRINT [03/06 05:16:43 graph]: best_f1 0.884 at epoch 15
[2023-03-06 05:16:43] PRINT [03/06 05:16:43 graph]: Epoch 29 | train_loss: 0.1710 | lr: 0.000286
[2023-03-06 05:16:46] PRINT [03/06 05:16:46 graph]: #Test_f1: 0.8295±0.0525
[2023-03-06 05:16:46] PRINT [03/06 05:16:46 graph]: Epoch 29: get test f1 score:  0.830
[2023-03-06 05:16:46] PRINT [03/06 05:16:46 graph]: best_f1 0.884 at epoch 15
[2023-03-06 05:16:47] PRINT [03/06 05:16:47 graph]: Epoch 30 | train_loss: 0.1577 | lr: 0.000286
[2023-03-06 05:16:50] PRINT [03/06 05:16:50 graph]: #Test_f1: 0.8406±0.0619
[2023-03-06 05:16:50] PRINT [03/06 05:16:50 graph]: Epoch 30: get test f1 score:  0.841
[2023-03-06 05:16:50] PRINT [03/06 05:16:50 graph]: best_f1 0.884 at epoch 15
[2023-03-06 05:16:51] PRINT [03/06 05:16:51 graph]: Epoch 31 | train_loss: 0.1614 | lr: 0.000286
[2023-03-06 05:16:53] PRINT [03/06 05:16:53 graph]: #Test_f1: 0.8459±0.0546
[2023-03-06 05:16:54] PRINT [03/06 05:16:54 graph]: Epoch 31: get test f1 score:  0.846
[2023-03-06 05:16:54] PRINT [03/06 05:16:54 graph]: best_f1 0.884 at epoch 15
[2023-03-06 05:16:54] PRINT [03/06 05:16:54 graph]: Epoch 32 | train_loss: 0.1648 | lr: 0.000286
[2023-03-06 05:16:57] PRINT [03/06 05:16:57 graph]: #Test_f1: 0.8673±0.0589
[2023-03-06 05:16:57] PRINT [03/06 05:16:57 graph]: Epoch 32: get test f1 score:  0.867
[2023-03-06 05:16:57] PRINT [03/06 05:16:57 graph]: best_f1 0.884 at epoch 15
[2023-03-06 05:16:58] PRINT [03/06 05:16:58 graph]: Epoch 33 | train_loss: 0.1576 | lr: 0.000286
[2023-03-06 05:17:01] PRINT [03/06 05:17:01 graph]: #Test_f1: 0.8620±0.0536
[2023-03-06 05:17:01] PRINT [03/06 05:17:01 graph]: Epoch 33: get test f1 score:  0.862
[2023-03-06 05:17:01] PRINT [03/06 05:17:01 graph]: best_f1 0.884 at epoch 15
[2023-03-06 05:17:01] PRINT [03/06 05:17:01 graph]: Epoch 34 | train_loss: 0.1520 | lr: 0.000286
[2023-03-06 05:17:04] PRINT [03/06 05:17:04 graph]: #Test_f1: 0.8620±0.0586
[2023-03-06 05:17:04] PRINT [03/06 05:17:04 graph]: Epoch 34: get test f1 score:  0.862
[2023-03-06 05:17:04] PRINT [03/06 05:17:04 graph]: best_f1 0.884 at epoch 15
[2023-03-06 05:17:05] PRINT [03/06 05:17:05 graph]: Epoch 35 | train_loss: 0.1536 | lr: 0.000286
[2023-03-06 05:17:08] PRINT [03/06 05:17:08 graph]: #Test_f1: 0.8567±0.0527
[2023-03-06 05:17:08] PRINT [03/06 05:17:08 graph]: Epoch 35: get test f1 score:  0.857
[2023-03-06 05:17:08] PRINT [03/06 05:17:08 graph]: best_f1 0.884 at epoch 15
[2023-03-06 05:17:08] PRINT [03/06 05:17:08 graph]: Epoch 36 | train_loss: 0.1460 | lr: 0.000286
[2023-03-06 05:17:11] PRINT [03/06 05:17:11 graph]: #Test_f1: 0.8827±0.0573
[2023-03-06 05:17:11] PRINT [03/06 05:17:11 graph]: Epoch 36: get test f1 score:  0.883
[2023-03-06 05:17:11] PRINT [03/06 05:17:11 graph]: best_f1 0.884 at epoch 15
[2023-03-06 05:17:12] PRINT [03/06 05:17:12 graph]: Epoch 37 | train_loss: 0.1521 | lr: 0.000286
[2023-03-06 05:17:15] PRINT [03/06 05:17:15 graph]: #Test_f1: 0.8673±0.0486
[2023-03-06 05:17:15] PRINT [03/06 05:17:15 graph]: Epoch 37: get test f1 score:  0.867
[2023-03-06 05:17:15] PRINT [03/06 05:17:15 graph]: best_f1 0.884 at epoch 15
[2023-03-06 05:17:15] PRINT [03/06 05:17:15 graph]: Epoch 38 | train_loss: 0.1571 | lr: 0.000286
[2023-03-06 05:17:18] PRINT [03/06 05:17:18 graph]: #Test_f1: 0.8456±0.0645
[2023-03-06 05:17:19] PRINT [03/06 05:17:19 graph]: Epoch 38: get test f1 score:  0.846
[2023-03-06 05:17:19] PRINT [03/06 05:17:19 graph]: best_f1 0.884 at epoch 15
[2023-03-06 05:17:19] PRINT [03/06 05:17:19 graph]: Epoch 39 | train_loss: 0.1565 | lr: 0.000286
[2023-03-06 05:17:22] PRINT [03/06 05:17:22 graph]: #Test_f1: 0.8459±0.0546
[2023-03-06 05:17:22] PRINT [03/06 05:17:22 graph]: Epoch 39: get test f1 score:  0.846
[2023-03-06 05:17:22] PRINT [03/06 05:17:22 graph]: best_f1 0.884 at epoch 15
[2023-03-06 05:17:22] PRINT [03/06 05:17:22 graph]: Epoch 40 | train_loss: 0.1524 | lr: 0.000286
[2023-03-06 05:17:26] PRINT [03/06 05:17:26 graph]: #Test_f1: 0.8512±0.0514
[2023-03-06 05:17:26] PRINT [03/06 05:17:26 graph]: Epoch 40: get test f1 score:  0.851
[2023-03-06 05:17:26] PRINT [03/06 05:17:26 graph]: best_f1 0.884 at epoch 15
[2023-03-06 05:17:26] PRINT [03/06 05:17:26 graph]: Epoch 41 | train_loss: 0.1438 | lr: 0.000286
[2023-03-06 05:17:29] PRINT [03/06 05:17:29 graph]: #Test_f1: 0.8459±0.0546
[2023-03-06 05:17:30] PRINT [03/06 05:17:30 graph]: Epoch 41: get test f1 score:  0.846
[2023-03-06 05:17:30] PRINT [03/06 05:17:30 graph]: best_f1 0.884 at epoch 15
[2023-03-06 05:17:30] PRINT [03/06 05:17:30 graph]: Epoch 42 | train_loss: 0.1488 | lr: 0.000286
[2023-03-06 05:17:33] PRINT [03/06 05:17:33 graph]: #Test_f1: 0.8406±0.0572
[2023-03-06 05:17:33] PRINT [03/06 05:17:33 graph]: Epoch 42: get test f1 score:  0.841
[2023-03-06 05:17:33] PRINT [03/06 05:17:33 graph]: best_f1 0.884 at epoch 15
[2023-03-06 05:17:34] PRINT [03/06 05:17:34 graph]: Epoch 43 | train_loss: 0.1479 | lr: 0.000286
[2023-03-06 05:17:36] PRINT [03/06 05:17:36 graph]: #Test_f1: 0.8459±0.0595
[2023-03-06 05:17:37] PRINT [03/06 05:17:37 graph]: Epoch 43: get test f1 score:  0.846
[2023-03-06 05:17:37] PRINT [03/06 05:17:37 graph]: best_f1 0.884 at epoch 15
[2023-03-06 05:17:37] PRINT [03/06 05:17:37 graph]: Epoch 44 | train_loss: 0.1509 | lr: 0.000286
[2023-03-06 05:17:40] PRINT [03/06 05:17:40 graph]: #Test_f1: 0.8406±0.0572
[2023-03-06 05:17:40] PRINT [03/06 05:17:40 graph]: Epoch 44: get test f1 score:  0.841
[2023-03-06 05:17:40] PRINT [03/06 05:17:40 graph]: best_f1 0.884 at epoch 15
[2023-03-06 05:17:41] PRINT [03/06 05:17:41 graph]: Epoch 45 | train_loss: 0.1450 | lr: 0.000286
[2023-03-06 05:17:44] PRINT [03/06 05:17:44 graph]: #Test_f1: 0.8351±0.0555
[2023-03-06 05:17:44] PRINT [03/06 05:17:44 graph]: Epoch 45: get test f1 score:  0.835
[2023-03-06 05:17:44] PRINT [03/06 05:17:44 graph]: best_f1 0.884 at epoch 15
[2023-03-06 05:17:44] PRINT [03/06 05:17:44 graph]: Epoch 46 | train_loss: 0.1393 | lr: 0.000286
[2023-03-06 05:17:47] PRINT [03/06 05:17:47 graph]: #Test_f1: 0.8404±0.0472
[2023-03-06 05:17:48] PRINT [03/06 05:17:48 graph]: Epoch 46: get test f1 score:  0.840
[2023-03-06 05:17:48] PRINT [03/06 05:17:48 graph]: best_f1 0.884 at epoch 15
[2023-03-06 05:17:48] PRINT [03/06 05:17:48 graph]: Epoch 47 | train_loss: 0.1431 | lr: 0.000286
[2023-03-06 05:17:51] PRINT [03/06 05:17:51 graph]: #Test_f1: 0.8401±0.0676
[2023-03-06 05:17:51] PRINT [03/06 05:17:51 graph]: Epoch 47: get test f1 score:  0.840
[2023-03-06 05:17:51] PRINT [03/06 05:17:51 graph]: best_f1 0.884 at epoch 15
[2023-03-06 05:17:51] PRINT [03/06 05:17:51 graph]: Epoch 48 | train_loss: 0.1420 | lr: 0.000286
[2023-03-06 05:17:55] PRINT [03/06 05:17:55 graph]: #Test_f1: 0.8775±0.0479
[2023-03-06 05:17:55] PRINT [03/06 05:17:55 graph]: Epoch 48: get test f1 score:  0.877
[2023-03-06 05:17:55] PRINT [03/06 05:17:55 graph]: best_f1 0.884 at epoch 15
[2023-03-06 05:17:55] PRINT [03/06 05:17:55 graph]: Epoch 49 | train_loss: 0.1446 | lr: 0.000286
[2023-03-06 05:17:58] PRINT [03/06 05:17:58 graph]: #Test_f1: 0.8936±0.0533
[2023-03-06 05:17:59] PRINT [03/06 05:17:59 graph]: Epoch 49: get test f1 score:  0.894
[2023-03-06 05:17:59] PRINT [03/06 05:17:59 graph]: best_f1 0.894 at epoch 49
[2023-03-06 05:17:59] PRINT [03/06 05:17:59 graph]: # final_acc: 0.8936±0.0000
