[2023-03-22 00:26:30] PRINT ---new cfg------
[2023-03-22 00:26:30] PRINT {'DATA': {'data_name': 'comp'}, 'DATALOADER': {'NUM_WORKERS': 0}, 'MODEL': {'num_hidden': 512, 'num_layers': 2, 'nhead': 2, 'activation': 'prelu', 'attn_drop': 0.2, 'feat_drop': 0.4, 'norm': 'batchnorm', 'pooler': 'mean', 'beta_schedule': 'sigmoid', 'beta_1': 0.0005807425658194807, 'beta_T': 0.029883768524935305, 'T': 205}, 'SOLVER': {'optim_type': 'adam', 'optim_type_f': 'adamw', 'alpha': 1, 'decay': 20, 'LR': 0.00020811831942775844, 'LR_f': 0.05332953520518169, 'weight_decay': 0, 'weight_decay_f': 5.806561311435758e-05, 'MAX_EPOCH': 100, 'max_epoch_f': 500}, 'DEVICE': 'cuda', 'seeds': [0], 'eval_T': [50, 100, 200], 'output_dir': '/ddm-nni/AmazonCoBuyComputerDataset¶/log', 'checkpoint_dir': '/ddm-nni/AmazonCoBuyComputerDataset¶/log/checkpoint'}
[2023-03-22 00:26:30] PRINT [03/22 00:26:30 graph]: Rank of current process: 0. World size: 1
[2023-03-22 00:26:33] PRINT [03/22 00:26:33 graph]: Environment info:
[2023-03-22 00:26:33] PRINT PyTorch version: 1.10.0+cu113
[2023-03-22 00:26:33] PRINT Is debug build: False
[2023-03-22 00:26:33] PRINT CUDA used to build PyTorch: 11.3
[2023-03-22 00:26:33] PRINT ROCM used to build PyTorch: N/A
[2023-03-22 00:26:33] PRINT 
[2023-03-22 00:26:33] PRINT OS: Ubuntu 20.04.3 LTS (x86_64)
[2023-03-22 00:26:33] PRINT GCC version: (Ubuntu 9.3.0-17ubuntu1~20.04) 9.3.0
[2023-03-22 00:26:33] PRINT Clang version: Could not collect
[2023-03-22 00:26:33] PRINT CMake version: version 3.16.3
[2023-03-22 00:26:33] PRINT Libc version: glibc-2.31
[2023-03-22 00:26:33] PRINT 
[2023-03-22 00:26:33] PRINT Python version: 3.8.10 (default, Jun  4 2021, 15:09:15)  [GCC 7.5.0] (64-bit runtime)
[2023-03-22 00:26:33] PRINT Python platform: Linux-5.4.0-90-generic-x86_64-with-glibc2.17
[2023-03-22 00:26:33] PRINT Is CUDA available: True
[2023-03-22 00:26:33] PRINT CUDA runtime version: 11.3.109
[2023-03-22 00:26:33] PRINT GPU models and configuration: GPU 0: NVIDIA GeForce RTX 3090
[2023-03-22 00:26:33] PRINT Nvidia driver version: 495.44
[2023-03-22 00:26:33] PRINT cuDNN version: Probably one of the following:
[2023-03-22 00:26:33] PRINT /usr/lib/x86_64-linux-gnu/libcudnn.so.8.2.0
[2023-03-22 00:26:33] PRINT /usr/lib/x86_64-linux-gnu/libcudnn_adv_infer.so.8.2.0
[2023-03-22 00:26:33] PRINT /usr/lib/x86_64-linux-gnu/libcudnn_adv_train.so.8.2.0
[2023-03-22 00:26:33] PRINT /usr/lib/x86_64-linux-gnu/libcudnn_cnn_infer.so.8.2.0
[2023-03-22 00:26:33] PRINT /usr/lib/x86_64-linux-gnu/libcudnn_cnn_train.so.8.2.0
[2023-03-22 00:26:33] PRINT /usr/lib/x86_64-linux-gnu/libcudnn_ops_infer.so.8.2.0
[2023-03-22 00:26:33] PRINT /usr/lib/x86_64-linux-gnu/libcudnn_ops_train.so.8.2.0
[2023-03-22 00:26:33] PRINT HIP runtime version: N/A
[2023-03-22 00:26:33] PRINT MIOpen runtime version: N/A
[2023-03-22 00:26:33] PRINT 
[2023-03-22 00:26:33] PRINT Versions of relevant libraries:
[2023-03-22 00:26:33] PRINT [pip3] numpy==1.23.5
[2023-03-22 00:26:33] PRINT [pip3] torch==1.10.0+cu113
[2023-03-22 00:26:33] PRINT [pip3] torchvision==0.11.1+cu113
[2023-03-22 00:26:33] PRINT [conda] blas                      1.0                         mkl    https://mirrors.ustc.edu.cn/anaconda/pkgs/main
[2023-03-22 00:26:33] PRINT [conda] mkl                       2021.4.0           h06a4308_640    https://mirrors.ustc.edu.cn/anaconda/pkgs/main
[2023-03-22 00:26:33] PRINT [conda] mkl-service               2.4.0            py38h7f8727e_0    https://mirrors.ustc.edu.cn/anaconda/pkgs/main
[2023-03-22 00:26:33] PRINT [conda] mkl_fft                   1.3.1            py38hd3c417c_0    https://mirrors.ustc.edu.cn/anaconda/pkgs/main
[2023-03-22 00:26:33] PRINT [conda] mkl_random                1.2.2            py38h51133e4_0    https://mirrors.ustc.edu.cn/anaconda/pkgs/main
[2023-03-22 00:26:33] PRINT [conda] numpy                     1.21.4                   pypi_0    pypi
[2023-03-22 00:26:33] PRINT [conda] numpy-base                1.23.5           py38h31eccc5_0    https://mirrors.ustc.edu.cn/anaconda/pkgs/main
[2023-03-22 00:26:33] PRINT [conda] torch                     1.10.0+cu113             pypi_0    pypi
[2023-03-22 00:26:33] PRINT [conda] torchvision               0.11.1+cu113             pypi_0    pypi
[2023-03-22 00:26:33] PRINT         Pillow (8.4.0)
[2023-03-22 00:26:33] PRINT [03/22 00:26:33 graph]: Command line arguments: Namespace(local_rank=0, resume=False, seed=1234, start_epoch=0)
[2023-03-22 00:26:33] PRINT [03/22 00:26:33 graph]: Run 0th for seed 0
[2023-03-22 00:26:33] PRINT [03/22 00:26:33 graph]: Total trainable params num : 7785987
[2023-03-22 00:26:38] PRINT [03/22 00:26:38 graph]: ----------Start Training----------
[2023-03-22 00:26:39] PRINT [03/22 00:26:39 graph]: start epoch 0.
[2023-03-22 00:26:39] PRINT [03/22 00:26:39 graph]: # Epoch 0: train_loss: 1.0204 | lr: 0.000208
[2023-03-22 00:26:39] PRINT [03/22 00:26:39 graph]: start epoch 1.
[2023-03-22 00:26:39] PRINT [03/22 00:26:39 graph]: # Epoch 1: train_loss: 0.8391 | lr: 0.000208
[2023-03-22 00:26:39] PRINT [03/22 00:26:39 graph]: start epoch 2.
[2023-03-22 00:26:39] PRINT [03/22 00:26:39 graph]: # Epoch 2: train_loss: 0.7515 | lr: 0.000208
[2023-03-22 00:26:39] PRINT [03/22 00:26:39 graph]: start epoch 3.
[2023-03-22 00:26:39] PRINT [03/22 00:26:39 graph]: # Epoch 3: train_loss: 0.6938 | lr: 0.000208
[2023-03-22 00:26:39] PRINT [03/22 00:26:39 graph]: start epoch 4.
[2023-03-22 00:26:39] PRINT [03/22 00:26:39 graph]: # Epoch 4: train_loss: 0.6519 | lr: 0.000208
[2023-03-22 00:26:39] PRINT [03/22 00:26:39 graph]: start epoch 5.
[2023-03-22 00:26:39] PRINT [03/22 00:26:39 graph]: # Epoch 5: train_loss: 0.6250 | lr: 0.000208
[2023-03-22 00:26:39] PRINT [03/22 00:26:39 graph]: start epoch 6.
[2023-03-22 00:26:40] PRINT [03/22 00:26:40 graph]: # Epoch 6: train_loss: 0.6039 | lr: 0.000208
[2023-03-22 00:26:40] PRINT [03/22 00:26:40 graph]: start epoch 7.
[2023-03-22 00:26:40] PRINT [03/22 00:26:40 graph]: # Epoch 7: train_loss: 0.5875 | lr: 0.000208
[2023-03-22 00:26:40] PRINT [03/22 00:26:40 graph]: start epoch 8.
[2023-03-22 00:26:40] PRINT [03/22 00:26:40 graph]: # Epoch 8: train_loss: 0.5725 | lr: 0.000208
[2023-03-22 00:26:40] PRINT [03/22 00:26:40 graph]: start epoch 9.
[2023-03-22 00:26:40] PRINT [03/22 00:26:40 graph]: # Epoch 9: train_loss: 0.5622 | lr: 0.000208
[2023-03-22 00:26:40] PRINT [03/22 00:26:40 graph]: start epoch 10.
[2023-03-22 00:26:40] PRINT [03/22 00:26:40 graph]: # Epoch 10: train_loss: 0.5537 | lr: 0.000208
[2023-03-22 00:26:40] PRINT [03/22 00:26:40 graph]: start epoch 11.
[2023-03-22 00:26:40] PRINT [03/22 00:26:40 graph]: # Epoch 11: train_loss: 0.5456 | lr: 0.000208
[2023-03-22 00:26:40] PRINT [03/22 00:26:40 graph]: start epoch 12.
[2023-03-22 00:26:40] PRINT [03/22 00:26:40 graph]: # Epoch 12: train_loss: 0.5382 | lr: 0.000208
[2023-03-22 00:26:40] PRINT [03/22 00:26:40 graph]: start epoch 13.
[2023-03-22 00:26:40] PRINT [03/22 00:26:40 graph]: # Epoch 13: train_loss: 0.5323 | lr: 0.000208
[2023-03-22 00:26:40] PRINT [03/22 00:26:40 graph]: start epoch 14.
[2023-03-22 00:26:40] PRINT [03/22 00:26:40 graph]: # Epoch 14: train_loss: 0.5260 | lr: 0.000208
[2023-03-22 00:26:40] PRINT [03/22 00:26:40 graph]: start epoch 15.
[2023-03-22 00:26:40] PRINT [03/22 00:26:40 graph]: # Epoch 15: train_loss: 0.5207 | lr: 0.000208
[2023-03-22 00:26:40] PRINT [03/22 00:26:40 graph]: start epoch 16.
[2023-03-22 00:26:40] PRINT [03/22 00:26:40 graph]: # Epoch 16: train_loss: 0.5155 | lr: 0.000208
[2023-03-22 00:26:40] PRINT [03/22 00:26:40 graph]: start epoch 17.
[2023-03-22 00:26:40] PRINT [03/22 00:26:40 graph]: # Epoch 17: train_loss: 0.5105 | lr: 0.000208
[2023-03-22 00:26:40] PRINT [03/22 00:26:40 graph]: start epoch 18.
[2023-03-22 00:26:40] PRINT [03/22 00:26:40 graph]: # Epoch 18: train_loss: 0.5060 | lr: 0.000208
[2023-03-22 00:26:40] PRINT [03/22 00:26:40 graph]: start epoch 19.
[2023-03-22 00:26:41] PRINT [03/22 00:26:41 graph]: # Epoch 19: train_loss: 0.5016 | lr: 0.000208
[2023-03-22 00:26:41] PRINT [03/22 00:26:41 graph]: start epoch 20.
[2023-03-22 00:26:41] PRINT [03/22 00:26:41 graph]: # Epoch 20: train_loss: 0.4981 | lr: 0.000208
[2023-03-22 00:26:41] PRINT [03/22 00:26:41 graph]: start epoch 21.
[2023-03-22 00:26:41] PRINT [03/22 00:26:41 graph]: # Epoch 21: train_loss: 0.4946 | lr: 0.000208
[2023-03-22 00:26:41] PRINT [03/22 00:26:41 graph]: start epoch 22.
[2023-03-22 00:26:41] PRINT [03/22 00:26:41 graph]: # Epoch 22: train_loss: 0.4908 | lr: 0.000208
[2023-03-22 00:26:41] PRINT [03/22 00:26:41 graph]: start epoch 23.
[2023-03-22 00:26:41] PRINT [03/22 00:26:41 graph]: # Epoch 23: train_loss: 0.4883 | lr: 0.000208
[2023-03-22 00:26:41] PRINT [03/22 00:26:41 graph]: start epoch 24.
[2023-03-22 00:26:41] PRINT [03/22 00:26:41 graph]: # Epoch 24: train_loss: 0.4853 | lr: 0.000208
[2023-03-22 00:26:41] PRINT [03/22 00:26:41 graph]: start epoch 25.
[2023-03-22 00:26:41] PRINT [03/22 00:26:41 graph]: # Epoch 25: train_loss: 0.4828 | lr: 0.000208
[2023-03-22 00:26:41] PRINT [03/22 00:26:41 graph]: start epoch 26.
[2023-03-22 00:26:41] PRINT [03/22 00:26:41 graph]: # Epoch 26: train_loss: 0.4802 | lr: 0.000208
[2023-03-22 00:26:41] PRINT [03/22 00:26:41 graph]: start epoch 27.
[2023-03-22 00:26:41] PRINT [03/22 00:26:41 graph]: # Epoch 27: train_loss: 0.4777 | lr: 0.000208
[2023-03-22 00:26:41] PRINT [03/22 00:26:41 graph]: start epoch 28.
[2023-03-22 00:26:41] PRINT [03/22 00:26:41 graph]: # Epoch 28: train_loss: 0.4755 | lr: 0.000208
[2023-03-22 00:26:41] PRINT [03/22 00:26:41 graph]: start epoch 29.
[2023-03-22 00:26:41] PRINT [03/22 00:26:41 graph]: # Epoch 29: train_loss: 0.4730 | lr: 0.000208
[2023-03-22 00:26:41] PRINT [03/22 00:26:41 graph]: start epoch 30.
[2023-03-22 00:26:41] PRINT [03/22 00:26:41 graph]: # Epoch 30: train_loss: 0.4710 | lr: 0.000208
[2023-03-22 00:26:41] PRINT [03/22 00:26:41 graph]: start epoch 31.
[2023-03-22 00:26:41] PRINT [03/22 00:26:41 graph]: # Epoch 31: train_loss: 0.4689 | lr: 0.000208
[2023-03-22 00:26:41] PRINT [03/22 00:26:41 graph]: start epoch 32.
[2023-03-22 00:26:41] PRINT [03/22 00:26:41 graph]: # Epoch 32: train_loss: 0.4668 | lr: 0.000208
[2023-03-22 00:26:41] PRINT [03/22 00:26:41 graph]: start epoch 33.
[2023-03-22 00:26:42] PRINT [03/22 00:26:42 graph]: # Epoch 33: train_loss: 0.4648 | lr: 0.000208
[2023-03-22 00:26:42] PRINT [03/22 00:26:42 graph]: start epoch 34.
[2023-03-22 00:26:42] PRINT [03/22 00:26:42 graph]: # Epoch 34: train_loss: 0.4630 | lr: 0.000208
[2023-03-22 00:26:42] PRINT [03/22 00:26:42 graph]: start epoch 35.
[2023-03-22 00:26:42] PRINT [03/22 00:26:42 graph]: # Epoch 35: train_loss: 0.4610 | lr: 0.000208
[2023-03-22 00:26:42] PRINT [03/22 00:26:42 graph]: start epoch 36.
[2023-03-22 00:26:42] PRINT [03/22 00:26:42 graph]: # Epoch 36: train_loss: 0.4597 | lr: 0.000208
[2023-03-22 00:26:42] PRINT [03/22 00:26:42 graph]: start epoch 37.
[2023-03-22 00:26:42] PRINT [03/22 00:26:42 graph]: # Epoch 37: train_loss: 0.4578 | lr: 0.000208
[2023-03-22 00:26:42] PRINT [03/22 00:26:42 graph]: start epoch 38.
[2023-03-22 00:26:42] PRINT [03/22 00:26:42 graph]: # Epoch 38: train_loss: 0.4563 | lr: 0.000208
[2023-03-22 00:26:42] PRINT [03/22 00:26:42 graph]: start epoch 39.
[2023-03-22 00:26:42] PRINT [03/22 00:26:42 graph]: # Epoch 39: train_loss: 0.4547 | lr: 0.000208
[2023-03-22 00:26:42] PRINT [03/22 00:26:42 graph]: start epoch 40.
[2023-03-22 00:26:42] PRINT [03/22 00:26:42 graph]: # Epoch 40: train_loss: 0.4550 | lr: 0.000208
[2023-03-22 00:26:42] PRINT [03/22 00:26:42 graph]: start epoch 41.
[2023-03-22 00:26:42] PRINT [03/22 00:26:42 graph]: # Epoch 41: train_loss: 0.4576 | lr: 0.000208
[2023-03-22 00:26:42] PRINT [03/22 00:26:42 graph]: start epoch 42.
[2023-03-22 00:26:42] PRINT [03/22 00:26:42 graph]: # Epoch 42: train_loss: 0.4540 | lr: 0.000208
[2023-03-22 00:26:42] PRINT [03/22 00:26:42 graph]: start epoch 43.
[2023-03-22 00:26:42] PRINT [03/22 00:26:42 graph]: # Epoch 43: train_loss: 0.4556 | lr: 0.000208
[2023-03-22 00:26:42] PRINT [03/22 00:26:42 graph]: start epoch 44.
[2023-03-22 00:26:42] PRINT [03/22 00:26:42 graph]: # Epoch 44: train_loss: 0.4493 | lr: 0.000208
[2023-03-22 00:26:42] PRINT [03/22 00:26:42 graph]: start epoch 45.
[2023-03-22 00:26:42] PRINT [03/22 00:26:42 graph]: # Epoch 45: train_loss: 0.4508 | lr: 0.000208
[2023-03-22 00:26:42] PRINT [03/22 00:26:42 graph]: start epoch 46.
[2023-03-22 00:26:43] PRINT [03/22 00:26:43 graph]: # Epoch 46: train_loss: 0.4474 | lr: 0.000208
[2023-03-22 00:26:43] PRINT [03/22 00:26:43 graph]: start epoch 47.
[2023-03-22 00:26:43] PRINT [03/22 00:26:43 graph]: # Epoch 47: train_loss: 0.4472 | lr: 0.000208
[2023-03-22 00:26:43] PRINT [03/22 00:26:43 graph]: start epoch 48.
[2023-03-22 00:26:43] PRINT [03/22 00:26:43 graph]: # Epoch 48: train_loss: 0.4448 | lr: 0.000208
[2023-03-22 00:26:43] PRINT [03/22 00:26:43 graph]: start epoch 49.
[2023-03-22 00:26:43] PRINT [03/22 00:26:43 graph]: # Epoch 49: train_loss: 0.4442 | lr: 0.000208
[2023-03-22 00:26:43] PRINT [03/22 00:26:43 graph]: start epoch 50.
[2023-03-22 00:26:43] PRINT [03/22 00:26:43 graph]: # Epoch 50: train_loss: 0.4434 | lr: 0.000208
[2023-03-22 00:26:43] PRINT [03/22 00:26:43 graph]: start epoch 51.
[2023-03-22 00:26:43] PRINT [03/22 00:26:43 graph]: # Epoch 51: train_loss: 0.4413 | lr: 0.000208
[2023-03-22 00:26:50] PRINT [03/22 00:26:50 graph]: --- Testf1: 0.88248, Best Valacc: 0.88436 in epoch 334 --- 
[2023-03-22 00:26:50] PRINT [03/22 00:26:50 graph]: Epoch 51: get test acc score:  0.88248
[2023-03-22 00:26:50] PRINT [03/22 00:26:50 graph]: best_f1 0.88248 at epoch 51
[2023-03-22 00:26:50] PRINT [03/22 00:26:50 graph]: start epoch 52.
[2023-03-22 00:26:50] PRINT [03/22 00:26:50 graph]: # Epoch 52: train_loss: 0.4419 | lr: 0.000208
[2023-03-22 00:26:57] PRINT [03/22 00:26:57 graph]: --- Testf1: 0.88275, Best Valacc: 0.88073 in epoch 369 --- 
[2023-03-22 00:26:58] PRINT [03/22 00:26:58 graph]: Epoch 52: get test acc score:  0.88275
[2023-03-22 00:26:58] PRINT [03/22 00:26:58 graph]: best_f1 0.88275 at epoch 52
[2023-03-22 00:26:58] PRINT [03/22 00:26:58 graph]: start epoch 53.
[2023-03-22 00:26:58] PRINT [03/22 00:26:58 graph]: # Epoch 53: train_loss: 0.4395 | lr: 0.000208
[2023-03-22 00:27:05] PRINT [03/22 00:27:05 graph]: --- Testf1: 0.88311, Best Valacc: 0.88727 in epoch 277 --- 
[2023-03-22 00:27:05] PRINT [03/22 00:27:05 graph]: Epoch 53: get test acc score:  0.88311
[2023-03-22 00:27:05] PRINT [03/22 00:27:05 graph]: best_f1 0.88311 at epoch 53
[2023-03-22 00:27:05] PRINT [03/22 00:27:05 graph]: start epoch 54.
[2023-03-22 00:27:05] PRINT [03/22 00:27:05 graph]: # Epoch 54: train_loss: 0.4393 | lr: 0.000208
[2023-03-22 00:27:12] PRINT [03/22 00:27:12 graph]: --- Testf1: 0.88384, Best Valacc: 0.88218 in epoch 232 --- 
[2023-03-22 00:27:13] PRINT [03/22 00:27:13 graph]: Epoch 54: get test acc score:  0.88384
[2023-03-22 00:27:13] PRINT [03/22 00:27:13 graph]: best_f1 0.88384 at epoch 54
[2023-03-22 00:27:13] PRINT [03/22 00:27:13 graph]: start epoch 55.
[2023-03-22 00:27:13] PRINT [03/22 00:27:13 graph]: # Epoch 55: train_loss: 0.4380 | lr: 0.000208
[2023-03-22 00:27:20] PRINT [03/22 00:27:20 graph]: --- Testf1: 0.88148, Best Valacc: 0.88436 in epoch 283 --- 
[2023-03-22 00:27:20] PRINT [03/22 00:27:20 graph]: Epoch 55: get test acc score:  0.88148
[2023-03-22 00:27:20] PRINT [03/22 00:27:20 graph]: best_f1 0.88384 at epoch 54
[2023-03-22 00:27:20] PRINT [03/22 00:27:20 graph]: start epoch 56.
[2023-03-22 00:27:20] PRINT [03/22 00:27:20 graph]: # Epoch 56: train_loss: 0.4368 | lr: 0.000208
[2023-03-22 00:27:27] PRINT [03/22 00:27:27 graph]: --- Testf1: 0.88847, Best Valacc: 0.88000 in epoch 356 --- 
[2023-03-22 00:27:28] PRINT [03/22 00:27:28 graph]: Epoch 56: get test acc score:  0.88847
[2023-03-22 00:27:28] PRINT [03/22 00:27:28 graph]: best_f1 0.88847 at epoch 56
[2023-03-22 00:27:28] PRINT [03/22 00:27:28 graph]: start epoch 57.
[2023-03-22 00:27:28] PRINT [03/22 00:27:28 graph]: # Epoch 57: train_loss: 0.4366 | lr: 0.000208
[2023-03-22 00:27:35] PRINT [03/22 00:27:35 graph]: --- Testf1: 0.88593, Best Valacc: 0.88291 in epoch 476 --- 
[2023-03-22 00:27:35] PRINT [03/22 00:27:35 graph]: Epoch 57: get test acc score:  0.88593
[2023-03-22 00:27:35] PRINT [03/22 00:27:35 graph]: best_f1 0.88847 at epoch 56
[2023-03-22 00:27:35] PRINT [03/22 00:27:35 graph]: start epoch 58.
[2023-03-22 00:27:35] PRINT [03/22 00:27:35 graph]: # Epoch 58: train_loss: 0.4353 | lr: 0.000208
[2023-03-22 00:27:41] PRINT [03/22 00:27:41 graph]: --- Testf1: 0.88229, Best Valacc: 0.88655 in epoch 371 --- 
[2023-03-22 00:27:42] PRINT [03/22 00:27:42 graph]: Epoch 58: get test acc score:  0.88229
[2023-03-22 00:27:42] PRINT [03/22 00:27:42 graph]: best_f1 0.88847 at epoch 56
[2023-03-22 00:27:42] PRINT [03/22 00:27:42 graph]: start epoch 59.
[2023-03-22 00:27:42] PRINT [03/22 00:27:42 graph]: # Epoch 59: train_loss: 0.4349 | lr: 0.000208
[2023-03-22 00:27:47] PRINT [03/22 00:27:47 graph]: --- Testf1: 0.88748, Best Valacc: 0.88727 in epoch 478 --- 
[2023-03-22 00:27:47] PRINT [03/22 00:27:47 graph]: Epoch 59: get test acc score:  0.88748
[2023-03-22 00:27:47] PRINT [03/22 00:27:47 graph]: best_f1 0.88847 at epoch 56
[2023-03-22 00:27:47] PRINT [03/22 00:27:47 graph]: start epoch 60.
[2023-03-22 00:27:48] PRINT [03/22 00:27:48 graph]: # Epoch 60: train_loss: 0.4334 | lr: 0.000208
[2023-03-22 00:27:53] PRINT [03/22 00:27:53 graph]: --- Testf1: 0.88757, Best Valacc: 0.88436 in epoch 495 --- 
[2023-03-22 00:27:53] PRINT [03/22 00:27:53 graph]: Epoch 60: get test acc score:  0.88757
[2023-03-22 00:27:53] PRINT [03/22 00:27:53 graph]: best_f1 0.88847 at epoch 56
[2023-03-22 00:27:53] PRINT [03/22 00:27:53 graph]: start epoch 61.
[2023-03-22 00:27:54] PRINT [03/22 00:27:54 graph]: # Epoch 61: train_loss: 0.4334 | lr: 0.000208
[2023-03-22 00:27:59] PRINT [03/22 00:27:59 graph]: --- Testf1: 0.88666, Best Valacc: 0.88800 in epoch 493 --- 
[2023-03-22 00:28:00] PRINT [03/22 00:28:00 graph]: Epoch 61: get test acc score:  0.88666
[2023-03-22 00:28:00] PRINT [03/22 00:28:00 graph]: best_f1 0.88847 at epoch 56
[2023-03-22 00:28:00] PRINT [03/22 00:28:00 graph]: start epoch 62.
[2023-03-22 00:28:00] PRINT [03/22 00:28:00 graph]: # Epoch 62: train_loss: 0.4322 | lr: 0.000208
[2023-03-22 00:28:10] PRINT [03/22 00:28:10 graph]: --- Testf1: 0.88511, Best Valacc: 0.88073 in epoch 253 --- 
[2023-03-22 00:28:10] PRINT [03/22 00:28:10 graph]: Epoch 62: get test acc score:  0.88511
[2023-03-22 00:28:10] PRINT [03/22 00:28:10 graph]: best_f1 0.88847 at epoch 56
[2023-03-22 00:28:10] PRINT [03/22 00:28:10 graph]: start epoch 63.
[2023-03-22 00:28:10] PRINT [03/22 00:28:10 graph]: # Epoch 63: train_loss: 0.4316 | lr: 0.000208
[2023-03-22 00:28:18] PRINT [03/22 00:28:18 graph]: --- Testf1: 0.88611, Best Valacc: 0.88145 in epoch 389 --- 
[2023-03-22 00:28:18] PRINT [03/22 00:28:18 graph]: Epoch 63: get test acc score:  0.88611
[2023-03-22 00:28:18] PRINT [03/22 00:28:18 graph]: best_f1 0.88847 at epoch 56
[2023-03-22 00:28:18] PRINT [03/22 00:28:18 graph]: start epoch 64.
[2023-03-22 00:28:18] PRINT [03/22 00:28:18 graph]: # Epoch 64: train_loss: 0.4308 | lr: 0.000208
[2023-03-22 00:28:25] PRINT [03/22 00:28:25 graph]: --- Testf1: 0.88648, Best Valacc: 0.88291 in epoch 342 --- 
[2023-03-22 00:28:25] PRINT [03/22 00:28:25 graph]: Epoch 64: get test acc score:  0.88648
[2023-03-22 00:28:25] PRINT [03/22 00:28:25 graph]: best_f1 0.88847 at epoch 56
[2023-03-22 00:28:25] PRINT [03/22 00:28:25 graph]: start epoch 65.
[2023-03-22 00:28:25] PRINT [03/22 00:28:25 graph]: # Epoch 65: train_loss: 0.4304 | lr: 0.000208
[2023-03-22 00:28:33] PRINT [03/22 00:28:33 graph]: --- Testf1: 0.88838, Best Valacc: 0.88436 in epoch 490 --- 
[2023-03-22 00:28:33] PRINT [03/22 00:28:33 graph]: Epoch 65: get test acc score:  0.88838
[2023-03-22 00:28:33] PRINT [03/22 00:28:33 graph]: best_f1 0.88847 at epoch 56
[2023-03-22 00:28:33] PRINT [03/22 00:28:33 graph]: start epoch 66.
[2023-03-22 00:28:33] PRINT [03/22 00:28:33 graph]: # Epoch 66: train_loss: 0.4298 | lr: 0.000208
[2023-03-22 00:28:40] PRINT [03/22 00:28:40 graph]: --- Testf1: 0.88348, Best Valacc: 0.88364 in epoch 401 --- 
[2023-03-22 00:28:40] PRINT [03/22 00:28:40 graph]: Epoch 66: get test acc score:  0.88348
[2023-03-22 00:28:40] PRINT [03/22 00:28:40 graph]: best_f1 0.88847 at epoch 56
[2023-03-22 00:28:40] PRINT [03/22 00:28:40 graph]: start epoch 67.
[2023-03-22 00:28:41] PRINT [03/22 00:28:41 graph]: # Epoch 67: train_loss: 0.4293 | lr: 0.000208
[2023-03-22 00:28:48] PRINT [03/22 00:28:48 graph]: --- Testf1: 0.88357, Best Valacc: 0.88582 in epoch 267 --- 
[2023-03-22 00:28:48] PRINT [03/22 00:28:48 graph]: Epoch 67: get test acc score:  0.88357
[2023-03-22 00:28:48] PRINT [03/22 00:28:48 graph]: best_f1 0.88847 at epoch 56
[2023-03-22 00:28:48] PRINT [03/22 00:28:48 graph]: start epoch 68.
[2023-03-22 00:28:48] PRINT [03/22 00:28:48 graph]: # Epoch 68: train_loss: 0.4284 | lr: 0.000208
[2023-03-22 00:28:55] PRINT [03/22 00:28:55 graph]: --- Testf1: 0.88648, Best Valacc: 0.88727 in epoch 399 --- 
[2023-03-22 00:28:56] PRINT [03/22 00:28:56 graph]: Epoch 68: get test acc score:  0.88648
[2023-03-22 00:28:56] PRINT [03/22 00:28:56 graph]: best_f1 0.88847 at epoch 56
[2023-03-22 00:28:56] PRINT [03/22 00:28:56 graph]: start epoch 69.
[2023-03-22 00:28:56] PRINT [03/22 00:28:56 graph]: # Epoch 69: train_loss: 0.4282 | lr: 0.000208
[2023-03-22 00:29:03] PRINT [03/22 00:29:03 graph]: --- Testf1: 0.88920, Best Valacc: 0.88436 in epoch 152 --- 
[2023-03-22 00:29:04] PRINT [03/22 00:29:04 graph]: Epoch 69: get test acc score:  0.88920
[2023-03-22 00:29:04] PRINT [03/22 00:29:04 graph]: best_f1 0.8892 at epoch 69
[2023-03-22 00:29:04] PRINT [03/22 00:29:04 graph]: start epoch 70.
[2023-03-22 00:29:04] PRINT [03/22 00:29:04 graph]: # Epoch 70: train_loss: 0.4268 | lr: 0.000208
[2023-03-22 00:29:11] PRINT [03/22 00:29:11 graph]: --- Testf1: 0.88911, Best Valacc: 0.88655 in epoch 297 --- 
[2023-03-22 00:29:11] PRINT [03/22 00:29:11 graph]: Epoch 70: get test acc score:  0.88911
[2023-03-22 00:29:11] PRINT [03/22 00:29:11 graph]: best_f1 0.8892 at epoch 69
[2023-03-22 00:29:11] PRINT [03/22 00:29:11 graph]: start epoch 71.
[2023-03-22 00:29:11] PRINT [03/22 00:29:11 graph]: # Epoch 71: train_loss: 0.4260 | lr: 0.000208
[2023-03-22 00:29:19] PRINT [03/22 00:29:19 graph]: --- Testf1: 0.89084, Best Valacc: 0.88364 in epoch 467 --- 
[2023-03-22 00:29:19] PRINT [03/22 00:29:19 graph]: Epoch 71: get test acc score:  0.89084
[2023-03-22 00:29:19] PRINT [03/22 00:29:19 graph]: best_f1 0.89084 at epoch 71
[2023-03-22 00:29:19] PRINT [03/22 00:29:19 graph]: start epoch 72.
[2023-03-22 00:29:19] PRINT [03/22 00:29:19 graph]: # Epoch 72: train_loss: 0.4261 | lr: 0.000208
[2023-03-22 00:29:27] PRINT [03/22 00:29:27 graph]: --- Testf1: 0.88357, Best Valacc: 0.89091 in epoch 459 --- 
[2023-03-22 00:29:27] PRINT [03/22 00:29:27 graph]: Epoch 72: get test acc score:  0.88357
[2023-03-22 00:29:27] PRINT [03/22 00:29:27 graph]: best_f1 0.89084 at epoch 71
[2023-03-22 00:29:27] PRINT [03/22 00:29:27 graph]: start epoch 73.
[2023-03-22 00:29:27] PRINT [03/22 00:29:27 graph]: # Epoch 73: train_loss: 0.4254 | lr: 0.000208
[2023-03-22 00:29:35] PRINT [03/22 00:29:35 graph]: --- Testf1: 0.88629, Best Valacc: 0.89164 in epoch 339 --- 
[2023-03-22 00:29:35] PRINT [03/22 00:29:35 graph]: Epoch 73: get test acc score:  0.88629
[2023-03-22 00:29:35] PRINT [03/22 00:29:35 graph]: best_f1 0.89084 at epoch 71
[2023-03-22 00:29:35] PRINT [03/22 00:29:35 graph]: start epoch 74.
[2023-03-22 00:29:35] PRINT [03/22 00:29:35 graph]: # Epoch 74: train_loss: 0.4250 | lr: 0.000208
[2023-03-22 00:29:42] PRINT [03/22 00:29:42 graph]: --- Testf1: 0.88720, Best Valacc: 0.88436 in epoch 312 --- 
[2023-03-22 00:29:43] PRINT [03/22 00:29:43 graph]: Epoch 74: get test acc score:  0.88720
[2023-03-22 00:29:43] PRINT [03/22 00:29:43 graph]: best_f1 0.89084 at epoch 71
[2023-03-22 00:29:43] PRINT [03/22 00:29:43 graph]: start epoch 75.
[2023-03-22 00:29:43] PRINT [03/22 00:29:43 graph]: # Epoch 75: train_loss: 0.4239 | lr: 0.000208
[2023-03-22 00:29:50] PRINT [03/22 00:29:50 graph]: --- Testf1: 0.89029, Best Valacc: 0.88873 in epoch 381 --- 
[2023-03-22 00:29:51] PRINT [03/22 00:29:51 graph]: Epoch 75: get test acc score:  0.89029
[2023-03-22 00:29:51] PRINT [03/22 00:29:51 graph]: best_f1 0.89084 at epoch 71
[2023-03-22 00:29:51] PRINT [03/22 00:29:51 graph]: start epoch 76.
[2023-03-22 00:29:51] PRINT [03/22 00:29:51 graph]: # Epoch 76: train_loss: 0.4233 | lr: 0.000208
[2023-03-22 00:29:58] PRINT [03/22 00:29:58 graph]: --- Testf1: 0.88411, Best Valacc: 0.88655 in epoch 388 --- 
[2023-03-22 00:29:58] PRINT [03/22 00:29:58 graph]: Epoch 76: get test acc score:  0.88411
[2023-03-22 00:29:58] PRINT [03/22 00:29:58 graph]: best_f1 0.89084 at epoch 71
[2023-03-22 00:29:58] PRINT [03/22 00:29:58 graph]: start epoch 77.
[2023-03-22 00:29:59] PRINT [03/22 00:29:59 graph]: # Epoch 77: train_loss: 0.4223 | lr: 0.000208
[2023-03-22 00:30:06] PRINT [03/22 00:30:06 graph]: --- Testf1: 0.89166, Best Valacc: 0.88655 in epoch 456 --- 
[2023-03-22 00:30:06] PRINT [03/22 00:30:06 graph]: Epoch 77: get test acc score:  0.89166
[2023-03-22 00:30:06] PRINT [03/22 00:30:06 graph]: best_f1 0.89166 at epoch 77
[2023-03-22 00:30:06] PRINT [03/22 00:30:06 graph]: start epoch 78.
[2023-03-22 00:30:06] PRINT [03/22 00:30:06 graph]: # Epoch 78: train_loss: 0.4223 | lr: 0.000208
[2023-03-22 00:30:14] PRINT [03/22 00:30:14 graph]: --- Testf1: 0.88866, Best Valacc: 0.88655 in epoch 442 --- 
[2023-03-22 00:30:14] PRINT [03/22 00:30:14 graph]: Epoch 78: get test acc score:  0.88866
[2023-03-22 00:30:14] PRINT [03/22 00:30:14 graph]: best_f1 0.89166 at epoch 77
[2023-03-22 00:30:14] PRINT [03/22 00:30:14 graph]: start epoch 79.
[2023-03-22 00:30:14] PRINT [03/22 00:30:14 graph]: # Epoch 79: train_loss: 0.4214 | lr: 0.000208
[2023-03-22 00:30:22] PRINT [03/22 00:30:22 graph]: --- Testf1: 0.88711, Best Valacc: 0.88291 in epoch 468 --- 
[2023-03-22 00:30:22] PRINT [03/22 00:30:22 graph]: Epoch 79: get test acc score:  0.88711
[2023-03-22 00:30:22] PRINT [03/22 00:30:22 graph]: best_f1 0.89166 at epoch 77
[2023-03-22 00:30:22] PRINT [03/22 00:30:22 graph]: start epoch 80.
[2023-03-22 00:30:22] PRINT [03/22 00:30:22 graph]: # Epoch 80: train_loss: 0.4218 | lr: 0.000208
[2023-03-22 00:30:29] PRINT [03/22 00:30:29 graph]: --- Testf1: 0.88902, Best Valacc: 0.88655 in epoch 225 --- 
[2023-03-22 00:30:30] PRINT [03/22 00:30:30 graph]: Epoch 80: get test acc score:  0.88902
[2023-03-22 00:30:30] PRINT [03/22 00:30:30 graph]: best_f1 0.89166 at epoch 77
[2023-03-22 00:30:30] PRINT [03/22 00:30:30 graph]: start epoch 81.
[2023-03-22 00:30:30] PRINT [03/22 00:30:30 graph]: # Epoch 81: train_loss: 0.4215 | lr: 0.000208
[2023-03-22 00:30:36] PRINT [03/22 00:30:36 graph]: --- Testf1: 0.88684, Best Valacc: 0.88800 in epoch 411 --- 
[2023-03-22 00:30:36] PRINT [03/22 00:30:36 graph]: Epoch 81: get test acc score:  0.88684
[2023-03-22 00:30:36] PRINT [03/22 00:30:36 graph]: best_f1 0.89166 at epoch 77
[2023-03-22 00:30:36] PRINT [03/22 00:30:36 graph]: start epoch 82.
[2023-03-22 00:30:36] PRINT [03/22 00:30:36 graph]: # Epoch 82: train_loss: 0.4201 | lr: 0.000208
[2023-03-22 00:30:42] PRINT [03/22 00:30:42 graph]: --- Testf1: 0.88484, Best Valacc: 0.88509 in epoch 298 --- 
[2023-03-22 00:30:42] PRINT [03/22 00:30:42 graph]: Epoch 82: get test acc score:  0.88484
[2023-03-22 00:30:42] PRINT [03/22 00:30:42 graph]: best_f1 0.89166 at epoch 77
[2023-03-22 00:30:42] PRINT [03/22 00:30:42 graph]: start epoch 83.
[2023-03-22 00:30:42] PRINT [03/22 00:30:42 graph]: # Epoch 83: train_loss: 0.4199 | lr: 0.000208
[2023-03-22 00:30:48] PRINT [03/22 00:30:48 graph]: --- Testf1: 0.88729, Best Valacc: 0.88655 in epoch 258 --- 
[2023-03-22 00:30:49] PRINT [03/22 00:30:49 graph]: Epoch 83: get test acc score:  0.88729
[2023-03-22 00:30:49] PRINT [03/22 00:30:49 graph]: best_f1 0.89166 at epoch 77
[2023-03-22 00:30:49] PRINT [03/22 00:30:49 graph]: start epoch 84.
[2023-03-22 00:30:49] PRINT [03/22 00:30:49 graph]: # Epoch 84: train_loss: 0.4199 | lr: 0.000208
[2023-03-22 00:30:59] PRINT [03/22 00:30:59 graph]: --- Testf1: 0.88057, Best Valacc: 0.88364 in epoch 476 --- 
[2023-03-22 00:30:59] PRINT [03/22 00:30:59 graph]: Epoch 84: get test acc score:  0.88057
[2023-03-22 00:30:59] PRINT [03/22 00:30:59 graph]: best_f1 0.89166 at epoch 77
[2023-03-22 00:30:59] PRINT [03/22 00:30:59 graph]: start epoch 85.
[2023-03-22 00:30:59] PRINT [03/22 00:30:59 graph]: # Epoch 85: train_loss: 0.4190 | lr: 0.000208
[2023-03-22 00:31:07] PRINT [03/22 00:31:07 graph]: --- Testf1: 0.88593, Best Valacc: 0.88873 in epoch 251 --- 
[2023-03-22 00:31:07] PRINT [03/22 00:31:07 graph]: Epoch 85: get test acc score:  0.88593
[2023-03-22 00:31:07] PRINT [03/22 00:31:07 graph]: best_f1 0.89166 at epoch 77
[2023-03-22 00:31:07] PRINT [03/22 00:31:07 graph]: start epoch 86.
[2023-03-22 00:31:07] PRINT [03/22 00:31:07 graph]: # Epoch 86: train_loss: 0.4193 | lr: 0.000208
[2023-03-22 00:31:15] PRINT [03/22 00:31:15 graph]: --- Testf1: 0.88275, Best Valacc: 0.88655 in epoch 234 --- 
[2023-03-22 00:31:15] PRINT [03/22 00:31:15 graph]: Epoch 86: get test acc score:  0.88275
[2023-03-22 00:31:15] PRINT [03/22 00:31:15 graph]: best_f1 0.89166 at epoch 77
[2023-03-22 00:31:15] PRINT [03/22 00:31:15 graph]: start epoch 87.
[2023-03-22 00:31:15] PRINT [03/22 00:31:15 graph]: # Epoch 87: train_loss: 0.4175 | lr: 0.000208
[2023-03-22 00:31:23] PRINT [03/22 00:31:23 graph]: --- Testf1: 0.88775, Best Valacc: 0.89309 in epoch 496 --- 
[2023-03-22 00:31:23] PRINT [03/22 00:31:23 graph]: Epoch 87: get test acc score:  0.88775
[2023-03-22 00:31:23] PRINT [03/22 00:31:23 graph]: best_f1 0.89166 at epoch 77
[2023-03-22 00:31:23] PRINT [03/22 00:31:23 graph]: start epoch 88.
[2023-03-22 00:31:23] PRINT [03/22 00:31:23 graph]: # Epoch 88: train_loss: 0.4170 | lr: 0.000208
[2023-03-22 00:31:31] PRINT [03/22 00:31:31 graph]: --- Testf1: 0.88520, Best Valacc: 0.88800 in epoch 287 --- 
[2023-03-22 00:31:31] PRINT [03/22 00:31:31 graph]: Epoch 88: get test acc score:  0.88520
[2023-03-22 00:31:31] PRINT [03/22 00:31:31 graph]: best_f1 0.89166 at epoch 77
[2023-03-22 00:31:31] PRINT [03/22 00:31:31 graph]: start epoch 89.
[2023-03-22 00:31:31] PRINT [03/22 00:31:31 graph]: # Epoch 89: train_loss: 0.4164 | lr: 0.000208
[2023-03-22 00:31:39] PRINT [03/22 00:31:39 graph]: --- Testf1: 0.88566, Best Valacc: 0.88873 in epoch 261 --- 
[2023-03-22 00:31:39] PRINT [03/22 00:31:39 graph]: Epoch 89: get test acc score:  0.88566
[2023-03-22 00:31:39] PRINT [03/22 00:31:39 graph]: best_f1 0.89166 at epoch 77
[2023-03-22 00:31:39] PRINT [03/22 00:31:39 graph]: start epoch 90.
[2023-03-22 00:31:39] PRINT [03/22 00:31:39 graph]: # Epoch 90: train_loss: 0.4161 | lr: 0.000208
[2023-03-22 00:31:46] PRINT [03/22 00:31:46 graph]: --- Testf1: 0.88802, Best Valacc: 0.88436 in epoch 146 --- 
[2023-03-22 00:31:47] PRINT [03/22 00:31:47 graph]: Epoch 90: get test acc score:  0.88802
[2023-03-22 00:31:47] PRINT [03/22 00:31:47 graph]: best_f1 0.89166 at epoch 77
[2023-03-22 00:31:47] PRINT [03/22 00:31:47 graph]: start epoch 91.
[2023-03-22 00:31:47] PRINT [03/22 00:31:47 graph]: # Epoch 91: train_loss: 0.4161 | lr: 0.000208
[2023-03-22 00:31:54] PRINT [03/22 00:31:54 graph]: --- Testf1: 0.88866, Best Valacc: 0.89382 in epoch 330 --- 
[2023-03-22 00:31:55] PRINT [03/22 00:31:55 graph]: Epoch 91: get test acc score:  0.88866
[2023-03-22 00:31:55] PRINT [03/22 00:31:55 graph]: best_f1 0.89166 at epoch 77
[2023-03-22 00:31:55] PRINT [03/22 00:31:55 graph]: start epoch 92.
[2023-03-22 00:31:55] PRINT [03/22 00:31:55 graph]: # Epoch 92: train_loss: 0.4149 | lr: 0.000208
[2023-03-22 00:32:02] PRINT [03/22 00:32:02 graph]: --- Testf1: 0.88648, Best Valacc: 0.89091 in epoch 393 --- 
[2023-03-22 00:32:02] PRINT [03/22 00:32:02 graph]: Epoch 92: get test acc score:  0.88648
[2023-03-22 00:32:02] PRINT [03/22 00:32:02 graph]: best_f1 0.89166 at epoch 77
[2023-03-22 00:32:02] PRINT [03/22 00:32:02 graph]: start epoch 93.
[2023-03-22 00:32:03] PRINT [03/22 00:32:03 graph]: # Epoch 93: train_loss: 0.4155 | lr: 0.000208
[2023-03-22 00:32:10] PRINT [03/22 00:32:10 graph]: --- Testf1: 0.88766, Best Valacc: 0.89309 in epoch 446 --- 
[2023-03-22 00:32:10] PRINT [03/22 00:32:10 graph]: Epoch 93: get test acc score:  0.88766
[2023-03-22 00:32:10] PRINT [03/22 00:32:10 graph]: best_f1 0.89166 at epoch 77
[2023-03-22 00:32:10] PRINT [03/22 00:32:10 graph]: start epoch 94.
[2023-03-22 00:32:10] PRINT [03/22 00:32:10 graph]: # Epoch 94: train_loss: 0.4136 | lr: 0.000208
[2023-03-22 00:32:18] PRINT [03/22 00:32:18 graph]: --- Testf1: 0.89002, Best Valacc: 0.88655 in epoch 450 --- 
[2023-03-22 00:32:18] PRINT [03/22 00:32:18 graph]: Epoch 94: get test acc score:  0.89002
[2023-03-22 00:32:18] PRINT [03/22 00:32:18 graph]: best_f1 0.89166 at epoch 77
[2023-03-22 00:32:18] PRINT [03/22 00:32:18 graph]: start epoch 95.
[2023-03-22 00:32:18] PRINT [03/22 00:32:18 graph]: # Epoch 95: train_loss: 0.4143 | lr: 0.000208
[2023-03-22 00:32:26] PRINT [03/22 00:32:26 graph]: --- Testf1: 0.88729, Best Valacc: 0.88509 in epoch 171 --- 
[2023-03-22 00:32:26] PRINT [03/22 00:32:26 graph]: Epoch 95: get test acc score:  0.88729
[2023-03-22 00:32:26] PRINT [03/22 00:32:26 graph]: best_f1 0.89166 at epoch 77
[2023-03-22 00:32:26] PRINT [03/22 00:32:26 graph]: start epoch 96.
[2023-03-22 00:32:26] PRINT [03/22 00:32:26 graph]: # Epoch 96: train_loss: 0.4133 | lr: 0.000208
[2023-03-22 00:32:34] PRINT [03/22 00:32:34 graph]: --- Testf1: 0.88820, Best Valacc: 0.88582 in epoch 421 --- 
[2023-03-22 00:32:34] PRINT [03/22 00:32:34 graph]: Epoch 96: get test acc score:  0.88820
[2023-03-22 00:32:34] PRINT [03/22 00:32:34 graph]: best_f1 0.89166 at epoch 77
[2023-03-22 00:32:34] PRINT [03/22 00:32:34 graph]: start epoch 97.
[2023-03-22 00:32:34] PRINT [03/22 00:32:34 graph]: # Epoch 97: train_loss: 0.4130 | lr: 0.000208
[2023-03-22 00:32:42] PRINT [03/22 00:32:42 graph]: --- Testf1: 0.88602, Best Valacc: 0.88509 in epoch 404 --- 
[2023-03-22 00:32:42] PRINT [03/22 00:32:42 graph]: Epoch 97: get test acc score:  0.88602
[2023-03-22 00:32:42] PRINT [03/22 00:32:42 graph]: best_f1 0.89166 at epoch 77
[2023-03-22 00:32:42] PRINT [03/22 00:32:42 graph]: start epoch 98.
[2023-03-22 00:32:42] PRINT [03/22 00:32:42 graph]: # Epoch 98: train_loss: 0.4131 | lr: 0.000208
[2023-03-22 00:32:49] PRINT [03/22 00:32:49 graph]: --- Testf1: 0.88648, Best Valacc: 0.89309 in epoch 364 --- 
[2023-03-22 00:32:50] PRINT [03/22 00:32:50 graph]: Epoch 98: get test acc score:  0.88648
[2023-03-22 00:32:50] PRINT [03/22 00:32:50 graph]: best_f1 0.89166 at epoch 77
[2023-03-22 00:32:50] PRINT [03/22 00:32:50 graph]: start epoch 99.
[2023-03-22 00:32:50] PRINT [03/22 00:32:50 graph]: # Epoch 99: train_loss: 0.4122 | lr: 0.000208
[2023-03-22 00:32:57] PRINT [03/22 00:32:57 graph]: --- Testf1: 0.88757, Best Valacc: 0.88800 in epoch 417 --- 
[2023-03-22 00:32:58] PRINT [03/22 00:32:58 graph]: Epoch 99: get test acc score:  0.88757
[2023-03-22 00:32:58] PRINT [03/22 00:32:58 graph]: best_f1 0.89166 at epoch 77
[2023-03-22 00:32:58] PRINT [03/22 00:32:58 graph]: # final_acc: 0.89166±0.00000
