[2023-03-21 16:36:00] PRINT ---new cfg------
[2023-03-21 16:36:00] PRINT {'DATA': {'data_name': 'pubmed'}, 'DATALOADER': {'NUM_WORKERS': 0}, 'MODEL': {'num_hidden': 512, 'num_layers': 2, 'nhead': 4, 'activation': 'prelu', 'attn_drop': 0.2, 'feat_drop': 0.2, 'norm': 'layernorm', 'pooler': 'mean', 'beta_schedule': 'const', 'beta_1': 0.00055706720991638, 'beta_T': 0.04539213950110357, 'T': 724}, 'SOLVER': {'optim_type': 'adam', 'optim_type_f': 'adamw', 'alpha': 0, 'decay': 20, 'LR': 0.0004586940566159028, 'LR_f': 0.00019846766081128812, 'weight_decay': 0, 'weight_decay_f': 2.784833009700319e-06, 'MAX_EPOCH': 100, 'max_epoch_f': 100}, 'DEVICE': 'cuda', 'seeds': [0], 'eval_T': [50, 100, 200], 'output_dir': '/ddm-nni/PubMed/log', 'checkpoint_dir': '/ddm-nni/PubMed/log/checkpoint'}
[2023-03-21 16:36:00] PRINT [03/21 16:36:00 graph]: Rank of current process: 0. World size: 1
[2023-03-21 16:36:03] PRINT [03/21 16:36:03 graph]: Environment info:
[2023-03-21 16:36:03] PRINT PyTorch version: 1.10.0+cu113
[2023-03-21 16:36:03] PRINT Is debug build: False
[2023-03-21 16:36:03] PRINT CUDA used to build PyTorch: 11.3
[2023-03-21 16:36:03] PRINT ROCM used to build PyTorch: N/A
[2023-03-21 16:36:03] PRINT 
[2023-03-21 16:36:03] PRINT OS: Ubuntu 20.04.3 LTS (x86_64)
[2023-03-21 16:36:03] PRINT GCC version: (Ubuntu 9.3.0-17ubuntu1~20.04) 9.3.0
[2023-03-21 16:36:03] PRINT Clang version: Could not collect
[2023-03-21 16:36:03] PRINT CMake version: version 3.16.3
[2023-03-21 16:36:03] PRINT Libc version: glibc-2.31
[2023-03-21 16:36:03] PRINT 
[2023-03-21 16:36:03] PRINT Python version: 3.8.10 (default, Jun  4 2021, 15:09:15)  [GCC 7.5.0] (64-bit runtime)
[2023-03-21 16:36:03] PRINT Python platform: Linux-5.4.0-90-generic-x86_64-with-glibc2.17
[2023-03-21 16:36:03] PRINT Is CUDA available: True
[2023-03-21 16:36:03] PRINT CUDA runtime version: 11.3.109
[2023-03-21 16:36:03] PRINT GPU models and configuration: GPU 0: NVIDIA GeForce RTX 3090
[2023-03-21 16:36:03] PRINT Nvidia driver version: 495.44
[2023-03-21 16:36:03] PRINT cuDNN version: Probably one of the following:
[2023-03-21 16:36:03] PRINT /usr/lib/x86_64-linux-gnu/libcudnn.so.8.2.0
[2023-03-21 16:36:03] PRINT /usr/lib/x86_64-linux-gnu/libcudnn_adv_infer.so.8.2.0
[2023-03-21 16:36:03] PRINT /usr/lib/x86_64-linux-gnu/libcudnn_adv_train.so.8.2.0
[2023-03-21 16:36:03] PRINT /usr/lib/x86_64-linux-gnu/libcudnn_cnn_infer.so.8.2.0
[2023-03-21 16:36:03] PRINT /usr/lib/x86_64-linux-gnu/libcudnn_cnn_train.so.8.2.0
[2023-03-21 16:36:03] PRINT /usr/lib/x86_64-linux-gnu/libcudnn_ops_infer.so.8.2.0
[2023-03-21 16:36:03] PRINT /usr/lib/x86_64-linux-gnu/libcudnn_ops_train.so.8.2.0
[2023-03-21 16:36:03] PRINT HIP runtime version: N/A
[2023-03-21 16:36:03] PRINT MIOpen runtime version: N/A
[2023-03-21 16:36:03] PRINT 
[2023-03-21 16:36:03] PRINT Versions of relevant libraries:
[2023-03-21 16:36:03] PRINT [pip3] numpy==1.23.5
[2023-03-21 16:36:03] PRINT [pip3] torch==1.10.0+cu113
[2023-03-21 16:36:03] PRINT [pip3] torchvision==0.11.1+cu113
[2023-03-21 16:36:03] PRINT [conda] blas                      1.0                         mkl    https://mirrors.ustc.edu.cn/anaconda/pkgs/main
[2023-03-21 16:36:03] PRINT [conda] mkl                       2021.4.0           h06a4308_640    https://mirrors.ustc.edu.cn/anaconda/pkgs/main
[2023-03-21 16:36:03] PRINT [conda] mkl-service               2.4.0            py38h7f8727e_0    https://mirrors.ustc.edu.cn/anaconda/pkgs/main
[2023-03-21 16:36:03] PRINT [conda] mkl_fft                   1.3.1            py38hd3c417c_0    https://mirrors.ustc.edu.cn/anaconda/pkgs/main
[2023-03-21 16:36:03] PRINT [conda] mkl_random                1.2.2            py38h51133e4_0    https://mirrors.ustc.edu.cn/anaconda/pkgs/main
[2023-03-21 16:36:03] PRINT [conda] numpy                     1.21.4                   pypi_0    pypi
[2023-03-21 16:36:03] PRINT [conda] numpy-base                1.23.5           py38h31eccc5_0    https://mirrors.ustc.edu.cn/anaconda/pkgs/main
[2023-03-21 16:36:03] PRINT [conda] torch                     1.10.0+cu113             pypi_0    pypi
[2023-03-21 16:36:03] PRINT [conda] torchvision               0.11.1+cu113             pypi_0    pypi
[2023-03-21 16:36:03] PRINT         Pillow (8.4.0)
[2023-03-21 16:36:03] PRINT [03/21 16:36:03 graph]: Command line arguments: Namespace(local_rank=0, resume=False, seed=1234, start_epoch=0)
[2023-03-21 16:36:03] PRINT   NumNodes: 19717
[2023-03-21 16:36:03] PRINT   NumEdges: 88651
[2023-03-21 16:36:03] PRINT   NumFeats: 500
[2023-03-21 16:36:03] PRINT   NumClasses: 3
[2023-03-21 16:36:03] PRINT   NumTrainingSamples: 60
[2023-03-21 16:36:03] PRINT   NumValidationSamples: 500
[2023-03-21 16:36:03] PRINT   NumTestSamples: 1000
[2023-03-21 16:36:03] PRINT Done loading data from cached files.
[2023-03-21 16:36:03] PRINT [03/21 16:36:03 graph]: Run 0th for seed 0
[2023-03-21 16:36:03] PRINT [03/21 16:36:03 graph]: Total trainable params num : 6625134
[2023-03-21 16:36:08] PRINT [03/21 16:36:08 graph]: ----------Start Training----------
[2023-03-21 16:36:08] PRINT [03/21 16:36:08 graph]: start epoch 0.
[2023-03-21 16:36:08] PRINT [03/21 16:36:08 graph]: # Epoch 0: train_loss: 1.0011 | lr: 0.000459
[2023-03-21 16:36:08] PRINT [03/21 16:36:08 graph]: start epoch 1.
[2023-03-21 16:36:08] PRINT [03/21 16:36:08 graph]: # Epoch 1: train_loss: 0.8785 | lr: 0.000459
[2023-03-21 16:36:08] PRINT [03/21 16:36:08 graph]: start epoch 2.
[2023-03-21 16:36:09] PRINT [03/21 16:36:09 graph]: # Epoch 2: train_loss: 0.8143 | lr: 0.000459
[2023-03-21 16:36:09] PRINT [03/21 16:36:09 graph]: start epoch 3.
[2023-03-21 16:36:09] PRINT [03/21 16:36:09 graph]: # Epoch 3: train_loss: 0.7823 | lr: 0.000459
[2023-03-21 16:36:09] PRINT [03/21 16:36:09 graph]: start epoch 4.
[2023-03-21 16:36:09] PRINT [03/21 16:36:09 graph]: # Epoch 4: train_loss: 0.7673 | lr: 0.000459
[2023-03-21 16:36:09] PRINT [03/21 16:36:09 graph]: start epoch 5.
[2023-03-21 16:36:09] PRINT [03/21 16:36:09 graph]: # Epoch 5: train_loss: 0.7554 | lr: 0.000459
[2023-03-21 16:36:09] PRINT [03/21 16:36:09 graph]: start epoch 6.
[2023-03-21 16:36:09] PRINT [03/21 16:36:09 graph]: # Epoch 6: train_loss: 0.7378 | lr: 0.000459
[2023-03-21 16:36:09] PRINT [03/21 16:36:09 graph]: start epoch 7.
[2023-03-21 16:36:09] PRINT [03/21 16:36:09 graph]: # Epoch 7: train_loss: 0.7144 | lr: 0.000459
[2023-03-21 16:36:09] PRINT [03/21 16:36:09 graph]: start epoch 8.
[2023-03-21 16:36:09] PRINT [03/21 16:36:09 graph]: # Epoch 8: train_loss: 0.7272 | lr: 0.000459
[2023-03-21 16:36:09] PRINT [03/21 16:36:09 graph]: start epoch 9.
[2023-03-21 16:36:09] PRINT [03/21 16:36:09 graph]: # Epoch 9: train_loss: 0.7229 | lr: 0.000459
[2023-03-21 16:36:09] PRINT [03/21 16:36:09 graph]: start epoch 10.
[2023-03-21 16:36:09] PRINT [03/21 16:36:09 graph]: # Epoch 10: train_loss: 0.7144 | lr: 0.000459
[2023-03-21 16:36:09] PRINT [03/21 16:36:09 graph]: start epoch 11.
[2023-03-21 16:36:09] PRINT [03/21 16:36:09 graph]: # Epoch 11: train_loss: 0.6948 | lr: 0.000459
[2023-03-21 16:36:10] PRINT [03/21 16:36:10 graph]: --- Testf1: 0.67400, Best Valacc: 0.70800 in epoch 99 --- 
[2023-03-21 16:36:10] PRINT [03/21 16:36:10 graph]: Epoch 11: get test acc score:  0.674
[2023-03-21 16:36:10] PRINT [03/21 16:36:10 graph]: best_f1 0.674 at epoch 11
[2023-03-21 16:36:10] PRINT [03/21 16:36:10 graph]: start epoch 12.
[2023-03-21 16:36:10] PRINT [03/21 16:36:10 graph]: # Epoch 12: train_loss: 0.6814 | lr: 0.000459
[2023-03-21 16:36:11] PRINT [03/21 16:36:11 graph]: --- Testf1: 0.67200, Best Valacc: 0.68600 in epoch 99 --- 
[2023-03-21 16:36:11] PRINT [03/21 16:36:11 graph]: Epoch 12: get test acc score:  0.672
[2023-03-21 16:36:11] PRINT [03/21 16:36:11 graph]: best_f1 0.674 at epoch 11
[2023-03-21 16:36:11] PRINT [03/21 16:36:11 graph]: start epoch 13.
[2023-03-21 16:36:11] PRINT [03/21 16:36:11 graph]: # Epoch 13: train_loss: 0.6664 | lr: 0.000459
[2023-03-21 16:36:12] PRINT [03/21 16:36:12 graph]: --- Testf1: 0.67700, Best Valacc: 0.68000 in epoch 12 --- 
[2023-03-21 16:36:12] PRINT [03/21 16:36:12 graph]: Epoch 13: get test acc score:  0.677
[2023-03-21 16:36:12] PRINT [03/21 16:36:12 graph]: best_f1 0.677 at epoch 13
[2023-03-21 16:36:12] PRINT [03/21 16:36:12 graph]: start epoch 14.
[2023-03-21 16:36:12] PRINT [03/21 16:36:12 graph]: # Epoch 14: train_loss: 0.6591 | lr: 0.000459
[2023-03-21 16:36:13] PRINT [03/21 16:36:13 graph]: --- Testf1: 0.65500, Best Valacc: 0.69400 in epoch 8 --- 
[2023-03-21 16:36:13] PRINT [03/21 16:36:13 graph]: Epoch 14: get test acc score:  0.655
[2023-03-21 16:36:13] PRINT [03/21 16:36:13 graph]: best_f1 0.677 at epoch 13
[2023-03-21 16:36:13] PRINT [03/21 16:36:13 graph]: start epoch 15.
[2023-03-21 16:36:13] PRINT [03/21 16:36:13 graph]: # Epoch 15: train_loss: 0.6509 | lr: 0.000459
[2023-03-21 16:36:15] PRINT [03/21 16:36:15 graph]: --- Testf1: 0.64900, Best Valacc: 0.67800 in epoch 96 --- 
[2023-03-21 16:36:15] PRINT [03/21 16:36:15 graph]: Epoch 15: get test acc score:  0.649
[2023-03-21 16:36:15] PRINT [03/21 16:36:15 graph]: best_f1 0.677 at epoch 13
[2023-03-21 16:36:15] PRINT [03/21 16:36:15 graph]: start epoch 16.
[2023-03-21 16:36:15] PRINT [03/21 16:36:15 graph]: # Epoch 16: train_loss: 0.6430 | lr: 0.000459
[2023-03-21 16:36:16] PRINT [03/21 16:36:16 graph]: --- Testf1: 0.69500, Best Valacc: 0.71800 in epoch 99 --- 
[2023-03-21 16:36:16] PRINT [03/21 16:36:16 graph]: Epoch 16: get test acc score:  0.695
[2023-03-21 16:36:16] PRINT [03/21 16:36:16 graph]: best_f1 0.695 at epoch 16
[2023-03-21 16:36:16] PRINT [03/21 16:36:16 graph]: start epoch 17.
[2023-03-21 16:36:17] PRINT [03/21 16:36:17 graph]: # Epoch 17: train_loss: 0.6316 | lr: 0.000459
[2023-03-21 16:36:18] PRINT [03/21 16:36:18 graph]: --- Testf1: 0.67900, Best Valacc: 0.73000 in epoch 48 --- 
[2023-03-21 16:36:18] PRINT [03/21 16:36:18 graph]: Epoch 17: get test acc score:  0.679
[2023-03-21 16:36:18] PRINT [03/21 16:36:18 graph]: best_f1 0.695 at epoch 16
[2023-03-21 16:36:18] PRINT [03/21 16:36:18 graph]: start epoch 18.
[2023-03-21 16:36:18] PRINT [03/21 16:36:18 graph]: # Epoch 18: train_loss: 0.6255 | lr: 0.000459
[2023-03-21 16:36:19] PRINT [03/21 16:36:19 graph]: --- Testf1: 0.67000, Best Valacc: 0.66800 in epoch 98 --- 
[2023-03-21 16:36:19] PRINT [03/21 16:36:19 graph]: Epoch 18: get test acc score:  0.670
[2023-03-21 16:36:19] PRINT [03/21 16:36:19 graph]: best_f1 0.695 at epoch 16
[2023-03-21 16:36:19] PRINT [03/21 16:36:19 graph]: start epoch 19.
[2023-03-21 16:36:19] PRINT [03/21 16:36:19 graph]: # Epoch 19: train_loss: 0.6264 | lr: 0.000459
[2023-03-21 16:36:20] PRINT [03/21 16:36:20 graph]: --- Testf1: 0.68800, Best Valacc: 0.69400 in epoch 96 --- 
[2023-03-21 16:36:20] PRINT [03/21 16:36:20 graph]: Epoch 19: get test acc score:  0.688
[2023-03-21 16:36:20] PRINT [03/21 16:36:20 graph]: best_f1 0.695 at epoch 16
[2023-03-21 16:36:20] PRINT [03/21 16:36:20 graph]: start epoch 20.
[2023-03-21 16:36:20] PRINT [03/21 16:36:20 graph]: # Epoch 20: train_loss: 0.6261 | lr: 0.000000
[2023-03-21 16:36:21] PRINT [03/21 16:36:21 graph]: --- Testf1: 0.67000, Best Valacc: 0.68000 in epoch 94 --- 
[2023-03-21 16:36:22] PRINT [03/21 16:36:22 graph]: Epoch 20: get test acc score:  0.670
[2023-03-21 16:36:22] PRINT [03/21 16:36:22 graph]: best_f1 0.695 at epoch 16
[2023-03-21 16:36:22] PRINT [03/21 16:36:22 graph]: start epoch 21.
[2023-03-21 16:36:22] PRINT [03/21 16:36:22 graph]: # Epoch 21: train_loss: 0.6259 | lr: 0.000000
[2023-03-21 16:36:23] PRINT [03/21 16:36:23 graph]: --- Testf1: 0.68600, Best Valacc: 0.70000 in epoch 98 --- 
[2023-03-21 16:36:23] PRINT [03/21 16:36:23 graph]: Epoch 21: get test acc score:  0.686
[2023-03-21 16:36:23] PRINT [03/21 16:36:23 graph]: best_f1 0.695 at epoch 16
[2023-03-21 16:36:23] PRINT [03/21 16:36:23 graph]: start epoch 22.
[2023-03-21 16:36:23] PRINT [03/21 16:36:23 graph]: # Epoch 22: train_loss: 0.6250 | lr: 0.000000
[2023-03-21 16:36:24] PRINT [03/21 16:36:24 graph]: --- Testf1: 0.68300, Best Valacc: 0.71200 in epoch 99 --- 
[2023-03-21 16:36:24] PRINT [03/21 16:36:24 graph]: Epoch 22: get test acc score:  0.683
[2023-03-21 16:36:24] PRINT [03/21 16:36:24 graph]: best_f1 0.695 at epoch 16
[2023-03-21 16:36:24] PRINT [03/21 16:36:24 graph]: start epoch 23.
[2023-03-21 16:36:25] PRINT [03/21 16:36:25 graph]: # Epoch 23: train_loss: 0.6242 | lr: 0.000000
[2023-03-21 16:36:26] PRINT [03/21 16:36:26 graph]: --- Testf1: 0.69900, Best Valacc: 0.74400 in epoch 98 --- 
[2023-03-21 16:36:26] PRINT [03/21 16:36:26 graph]: Epoch 23: get test acc score:  0.699
[2023-03-21 16:36:26] PRINT [03/21 16:36:26 graph]: best_f1 0.699 at epoch 23
[2023-03-21 16:36:26] PRINT [03/21 16:36:26 graph]: start epoch 24.
[2023-03-21 16:36:26] PRINT [03/21 16:36:26 graph]: # Epoch 24: train_loss: 0.6254 | lr: 0.000000
[2023-03-21 16:36:27] PRINT [03/21 16:36:27 graph]: --- Testf1: 0.71600, Best Valacc: 0.75000 in epoch 93 --- 
[2023-03-21 16:36:27] PRINT [03/21 16:36:27 graph]: Epoch 24: get test acc score:  0.716
[2023-03-21 16:36:27] PRINT [03/21 16:36:27 graph]: best_f1 0.716 at epoch 24
[2023-03-21 16:36:27] PRINT [03/21 16:36:27 graph]: start epoch 25.
[2023-03-21 16:36:27] PRINT [03/21 16:36:27 graph]: # Epoch 25: train_loss: 0.6254 | lr: 0.000000
[2023-03-21 16:36:28] PRINT [03/21 16:36:28 graph]: --- Testf1: 0.67600, Best Valacc: 0.69400 in epoch 98 --- 
[2023-03-21 16:36:29] PRINT [03/21 16:36:29 graph]: Epoch 25: get test acc score:  0.676
[2023-03-21 16:36:29] PRINT [03/21 16:36:29 graph]: best_f1 0.716 at epoch 24
[2023-03-21 16:36:29] PRINT [03/21 16:36:29 graph]: start epoch 26.
[2023-03-21 16:36:29] PRINT [03/21 16:36:29 graph]: # Epoch 26: train_loss: 0.6258 | lr: 0.000000
[2023-03-21 16:36:30] PRINT [03/21 16:36:30 graph]: --- Testf1: 0.68900, Best Valacc: 0.72200 in epoch 99 --- 
[2023-03-21 16:36:30] PRINT [03/21 16:36:30 graph]: Epoch 26: get test acc score:  0.689
[2023-03-21 16:36:30] PRINT [03/21 16:36:30 graph]: best_f1 0.716 at epoch 24
[2023-03-21 16:36:30] PRINT [03/21 16:36:30 graph]: start epoch 27.
[2023-03-21 16:36:30] PRINT [03/21 16:36:30 graph]: # Epoch 27: train_loss: 0.6255 | lr: 0.000000
[2023-03-21 16:36:31] PRINT [03/21 16:36:31 graph]: --- Testf1: 0.67600, Best Valacc: 0.70800 in epoch 99 --- 
[2023-03-21 16:36:31] PRINT [03/21 16:36:31 graph]: Epoch 27: get test acc score:  0.676
[2023-03-21 16:36:31] PRINT [03/21 16:36:31 graph]: best_f1 0.716 at epoch 24
[2023-03-21 16:36:31] PRINT [03/21 16:36:31 graph]: start epoch 28.
[2023-03-21 16:36:31] PRINT [03/21 16:36:31 graph]: # Epoch 28: train_loss: 0.6254 | lr: 0.000000
[2023-03-21 16:36:33] PRINT [03/21 16:36:33 graph]: --- Testf1: 0.72100, Best Valacc: 0.70800 in epoch 99 --- 
[2023-03-21 16:36:33] PRINT [03/21 16:36:33 graph]: Epoch 28: get test acc score:  0.721
[2023-03-21 16:36:33] PRINT [03/21 16:36:33 graph]: best_f1 0.721 at epoch 28
[2023-03-21 16:36:33] PRINT [03/21 16:36:33 graph]: start epoch 29.
[2023-03-21 16:36:33] PRINT [03/21 16:36:33 graph]: # Epoch 29: train_loss: 0.6257 | lr: 0.000000
[2023-03-21 16:36:34] PRINT [03/21 16:36:34 graph]: --- Testf1: 0.67600, Best Valacc: 0.70000 in epoch 95 --- 
[2023-03-21 16:36:34] PRINT [03/21 16:36:34 graph]: Epoch 29: get test acc score:  0.676
[2023-03-21 16:36:34] PRINT [03/21 16:36:34 graph]: best_f1 0.721 at epoch 28
[2023-03-21 16:36:34] PRINT [03/21 16:36:34 graph]: start epoch 30.
[2023-03-21 16:36:34] PRINT [03/21 16:36:34 graph]: # Epoch 30: train_loss: 0.6252 | lr: 0.000000
[2023-03-21 16:36:35] PRINT [03/21 16:36:35 graph]: --- Testf1: 0.67100, Best Valacc: 0.67200 in epoch 53 --- 
[2023-03-21 16:36:35] PRINT [03/21 16:36:35 graph]: Epoch 30: get test acc score:  0.671
[2023-03-21 16:36:35] PRINT [03/21 16:36:35 graph]: best_f1 0.721 at epoch 28
[2023-03-21 16:36:35] PRINT [03/21 16:36:35 graph]: start epoch 31.
[2023-03-21 16:36:36] PRINT [03/21 16:36:36 graph]: # Epoch 31: train_loss: 0.6253 | lr: 0.000000
[2023-03-21 16:36:37] PRINT [03/21 16:36:37 graph]: --- Testf1: 0.66400, Best Valacc: 0.70000 in epoch 99 --- 
[2023-03-21 16:36:37] PRINT [03/21 16:36:37 graph]: Epoch 31: get test acc score:  0.664
[2023-03-21 16:36:37] PRINT [03/21 16:36:37 graph]: best_f1 0.721 at epoch 28
[2023-03-21 16:36:37] PRINT [03/21 16:36:37 graph]: start epoch 32.
[2023-03-21 16:36:37] PRINT [03/21 16:36:37 graph]: # Epoch 32: train_loss: 0.6253 | lr: 0.000000
[2023-03-21 16:36:38] PRINT [03/21 16:36:38 graph]: --- Testf1: 0.65200, Best Valacc: 0.71400 in epoch 54 --- 
[2023-03-21 16:36:38] PRINT [03/21 16:36:38 graph]: Epoch 32: get test acc score:  0.652
[2023-03-21 16:36:38] PRINT [03/21 16:36:38 graph]: best_f1 0.721 at epoch 28
[2023-03-21 16:36:38] PRINT [03/21 16:36:38 graph]: start epoch 33.
[2023-03-21 16:36:38] PRINT [03/21 16:36:38 graph]: # Epoch 33: train_loss: 0.6265 | lr: 0.000000
[2023-03-21 16:36:39] PRINT [03/21 16:36:39 graph]: --- Testf1: 0.69400, Best Valacc: 0.72400 in epoch 99 --- 
[2023-03-21 16:36:40] PRINT [03/21 16:36:40 graph]: Epoch 33: get test acc score:  0.694
[2023-03-21 16:36:40] PRINT [03/21 16:36:40 graph]: best_f1 0.721 at epoch 28
[2023-03-21 16:36:40] PRINT [03/21 16:36:40 graph]: start epoch 34.
[2023-03-21 16:36:40] PRINT [03/21 16:36:40 graph]: # Epoch 34: train_loss: 0.6260 | lr: 0.000000
[2023-03-21 16:36:41] PRINT [03/21 16:36:41 graph]: --- Testf1: 0.68800, Best Valacc: 0.71600 in epoch 99 --- 
[2023-03-21 16:36:41] PRINT [03/21 16:36:41 graph]: Epoch 34: get test acc score:  0.688
[2023-03-21 16:36:41] PRINT [03/21 16:36:41 graph]: best_f1 0.721 at epoch 28
[2023-03-21 16:36:41] PRINT [03/21 16:36:41 graph]: start epoch 35.
[2023-03-21 16:36:41] PRINT [03/21 16:36:41 graph]: # Epoch 35: train_loss: 0.6259 | lr: 0.000000
[2023-03-21 16:36:42] PRINT [03/21 16:36:42 graph]: --- Testf1: 0.68200, Best Valacc: 0.71800 in epoch 10 --- 
[2023-03-21 16:36:42] PRINT [03/21 16:36:42 graph]: Epoch 35: get test acc score:  0.682
[2023-03-21 16:36:42] PRINT [03/21 16:36:42 graph]: best_f1 0.721 at epoch 28
[2023-03-21 16:36:42] PRINT [03/21 16:36:42 graph]: start epoch 36.
[2023-03-21 16:36:42] PRINT [03/21 16:36:42 graph]: # Epoch 36: train_loss: 0.6255 | lr: 0.000000
[2023-03-21 16:36:43] PRINT [03/21 16:36:43 graph]: --- Testf1: 0.69900, Best Valacc: 0.74000 in epoch 99 --- 
[2023-03-21 16:36:44] PRINT [03/21 16:36:44 graph]: Epoch 36: get test acc score:  0.699
[2023-03-21 16:36:44] PRINT [03/21 16:36:44 graph]: best_f1 0.721 at epoch 28
[2023-03-21 16:36:44] PRINT [03/21 16:36:44 graph]: start epoch 37.
[2023-03-21 16:36:44] PRINT [03/21 16:36:44 graph]: # Epoch 37: train_loss: 0.6257 | lr: 0.000000
[2023-03-21 16:36:45] PRINT [03/21 16:36:45 graph]: --- Testf1: 0.71500, Best Valacc: 0.74400 in epoch 71 --- 
[2023-03-21 16:36:45] PRINT [03/21 16:36:45 graph]: Epoch 37: get test acc score:  0.715
[2023-03-21 16:36:45] PRINT [03/21 16:36:45 graph]: best_f1 0.721 at epoch 28
[2023-03-21 16:36:45] PRINT [03/21 16:36:45 graph]: start epoch 38.
[2023-03-21 16:36:45] PRINT [03/21 16:36:45 graph]: # Epoch 38: train_loss: 0.6258 | lr: 0.000000
[2023-03-21 16:36:46] PRINT [03/21 16:36:46 graph]: --- Testf1: 0.67300, Best Valacc: 0.66400 in epoch 97 --- 
[2023-03-21 16:36:46] PRINT [03/21 16:36:46 graph]: Epoch 38: get test acc score:  0.673
[2023-03-21 16:36:46] PRINT [03/21 16:36:46 graph]: best_f1 0.721 at epoch 28
[2023-03-21 16:36:46] PRINT [03/21 16:36:46 graph]: start epoch 39.
[2023-03-21 16:36:46] PRINT [03/21 16:36:46 graph]: # Epoch 39: train_loss: 0.6247 | lr: 0.000000
[2023-03-21 16:36:47] PRINT [03/21 16:36:47 graph]: --- Testf1: 0.71100, Best Valacc: 0.75600 in epoch 72 --- 
[2023-03-21 16:36:48] PRINT [03/21 16:36:48 graph]: Epoch 39: get test acc score:  0.711
[2023-03-21 16:36:48] PRINT [03/21 16:36:48 graph]: best_f1 0.721 at epoch 28
[2023-03-21 16:36:48] PRINT [03/21 16:36:48 graph]: start epoch 40.
[2023-03-21 16:36:48] PRINT [03/21 16:36:48 graph]: # Epoch 40: train_loss: 0.6256 | lr: 0.000000
[2023-03-21 16:36:49] PRINT [03/21 16:36:49 graph]: --- Testf1: 0.67500, Best Valacc: 0.70200 in epoch 99 --- 
[2023-03-21 16:36:49] PRINT [03/21 16:36:49 graph]: Epoch 40: get test acc score:  0.675
[2023-03-21 16:36:49] PRINT [03/21 16:36:49 graph]: best_f1 0.721 at epoch 28
[2023-03-21 16:36:49] PRINT [03/21 16:36:49 graph]: start epoch 41.
[2023-03-21 16:36:49] PRINT [03/21 16:36:49 graph]: # Epoch 41: train_loss: 0.6254 | lr: 0.000000
[2023-03-21 16:36:50] PRINT [03/21 16:36:50 graph]: --- Testf1: 0.68700, Best Valacc: 0.70400 in epoch 96 --- 
[2023-03-21 16:36:50] PRINT [03/21 16:36:50 graph]: Epoch 41: get test acc score:  0.687
[2023-03-21 16:36:50] PRINT [03/21 16:36:50 graph]: best_f1 0.721 at epoch 28
[2023-03-21 16:36:50] PRINT [03/21 16:36:50 graph]: start epoch 42.
[2023-03-21 16:36:50] PRINT [03/21 16:36:50 graph]: # Epoch 42: train_loss: 0.6254 | lr: 0.000000
[2023-03-21 16:36:51] PRINT [03/21 16:36:51 graph]: --- Testf1: 0.67400, Best Valacc: 0.75000 in epoch 94 --- 
[2023-03-21 16:36:52] PRINT [03/21 16:36:52 graph]: Epoch 42: get test acc score:  0.674
[2023-03-21 16:36:52] PRINT [03/21 16:36:52 graph]: best_f1 0.721 at epoch 28
[2023-03-21 16:36:52] PRINT [03/21 16:36:52 graph]: start epoch 43.
[2023-03-21 16:36:52] PRINT [03/21 16:36:52 graph]: # Epoch 43: train_loss: 0.6262 | lr: 0.000000
[2023-03-21 16:36:53] PRINT [03/21 16:36:53 graph]: --- Testf1: 0.68700, Best Valacc: 0.72800 in epoch 99 --- 
[2023-03-21 16:36:53] PRINT [03/21 16:36:53 graph]: Epoch 43: get test acc score:  0.687
[2023-03-21 16:36:53] PRINT [03/21 16:36:53 graph]: best_f1 0.721 at epoch 28
[2023-03-21 16:36:53] PRINT [03/21 16:36:53 graph]: start epoch 44.
[2023-03-21 16:36:53] PRINT [03/21 16:36:53 graph]: # Epoch 44: train_loss: 0.6253 | lr: 0.000000
[2023-03-21 16:36:54] PRINT [03/21 16:36:54 graph]: --- Testf1: 0.69100, Best Valacc: 0.67400 in epoch 90 --- 
[2023-03-21 16:36:54] PRINT [03/21 16:36:54 graph]: Epoch 44: get test acc score:  0.691
[2023-03-21 16:36:54] PRINT [03/21 16:36:54 graph]: best_f1 0.721 at epoch 28
[2023-03-21 16:36:54] PRINT [03/21 16:36:54 graph]: start epoch 45.
[2023-03-21 16:36:54] PRINT [03/21 16:36:54 graph]: # Epoch 45: train_loss: 0.6253 | lr: 0.000000
[2023-03-21 16:36:55] PRINT [03/21 16:36:55 graph]: --- Testf1: 0.66900, Best Valacc: 0.67400 in epoch 83 --- 
[2023-03-21 16:36:56] PRINT [03/21 16:36:56 graph]: Epoch 45: get test acc score:  0.669
[2023-03-21 16:36:56] PRINT [03/21 16:36:56 graph]: best_f1 0.721 at epoch 28
[2023-03-21 16:36:56] PRINT [03/21 16:36:56 graph]: start epoch 46.
[2023-03-21 16:36:56] PRINT [03/21 16:36:56 graph]: # Epoch 46: train_loss: 0.6256 | lr: 0.000000
[2023-03-21 16:36:57] PRINT [03/21 16:36:57 graph]: --- Testf1: 0.68200, Best Valacc: 0.74400 in epoch 95 --- 
[2023-03-21 16:36:57] PRINT [03/21 16:36:57 graph]: Epoch 46: get test acc score:  0.682
[2023-03-21 16:36:57] PRINT [03/21 16:36:57 graph]: best_f1 0.721 at epoch 28
[2023-03-21 16:36:57] PRINT [03/21 16:36:57 graph]: start epoch 47.
[2023-03-21 16:36:57] PRINT [03/21 16:36:57 graph]: # Epoch 47: train_loss: 0.6261 | lr: 0.000000
[2023-03-21 16:36:58] PRINT [03/21 16:36:58 graph]: --- Testf1: 0.71600, Best Valacc: 0.75000 in epoch 79 --- 
[2023-03-21 16:36:59] PRINT [03/21 16:36:59 graph]: Epoch 47: get test acc score:  0.716
[2023-03-21 16:36:59] PRINT [03/21 16:36:59 graph]: best_f1 0.721 at epoch 28
[2023-03-21 16:36:59] PRINT [03/21 16:36:59 graph]: start epoch 48.
[2023-03-21 16:36:59] PRINT [03/21 16:36:59 graph]: # Epoch 48: train_loss: 0.6260 | lr: 0.000000
[2023-03-21 16:37:00] PRINT [03/21 16:37:00 graph]: --- Testf1: 0.70000, Best Valacc: 0.70000 in epoch 27 --- 
[2023-03-21 16:37:00] PRINT [03/21 16:37:00 graph]: Epoch 48: get test acc score:  0.700
[2023-03-21 16:37:00] PRINT [03/21 16:37:00 graph]: best_f1 0.721 at epoch 28
[2023-03-21 16:37:00] PRINT [03/21 16:37:00 graph]: start epoch 49.
[2023-03-21 16:37:00] PRINT [03/21 16:37:00 graph]: # Epoch 49: train_loss: 0.6252 | lr: 0.000000
[2023-03-21 16:37:01] PRINT [03/21 16:37:01 graph]: --- Testf1: 0.66100, Best Valacc: 0.71400 in epoch 99 --- 
[2023-03-21 16:37:01] PRINT [03/21 16:37:01 graph]: Epoch 49: get test acc score:  0.661
[2023-03-21 16:37:01] PRINT [03/21 16:37:01 graph]: best_f1 0.721 at epoch 28
[2023-03-21 16:37:01] PRINT [03/21 16:37:01 graph]: start epoch 50.
[2023-03-21 16:37:01] PRINT [03/21 16:37:01 graph]: # Epoch 50: train_loss: 0.6255 | lr: 0.000000
[2023-03-21 16:37:02] PRINT [03/21 16:37:02 graph]: --- Testf1: 0.68100, Best Valacc: 0.75600 in epoch 89 --- 
[2023-03-21 16:37:03] PRINT [03/21 16:37:03 graph]: Epoch 50: get test acc score:  0.681
[2023-03-21 16:37:03] PRINT [03/21 16:37:03 graph]: best_f1 0.721 at epoch 28
[2023-03-21 16:37:03] PRINT [03/21 16:37:03 graph]: start epoch 51.
[2023-03-21 16:37:03] PRINT [03/21 16:37:03 graph]: # Epoch 51: train_loss: 0.6258 | lr: 0.000000
[2023-03-21 16:37:04] PRINT [03/21 16:37:04 graph]: --- Testf1: 0.68700, Best Valacc: 0.71200 in epoch 74 --- 
[2023-03-21 16:37:04] PRINT [03/21 16:37:04 graph]: Epoch 51: get test acc score:  0.687
[2023-03-21 16:37:04] PRINT [03/21 16:37:04 graph]: best_f1 0.721 at epoch 28
[2023-03-21 16:37:04] PRINT [03/21 16:37:04 graph]: start epoch 52.
[2023-03-21 16:37:04] PRINT [03/21 16:37:04 graph]: # Epoch 52: train_loss: 0.6255 | lr: 0.000000
[2023-03-21 16:37:05] PRINT [03/21 16:37:05 graph]: --- Testf1: 0.66700, Best Valacc: 0.68600 in epoch 99 --- 
[2023-03-21 16:37:05] PRINT [03/21 16:37:05 graph]: Epoch 52: get test acc score:  0.667
[2023-03-21 16:37:05] PRINT [03/21 16:37:05 graph]: best_f1 0.721 at epoch 28
[2023-03-21 16:37:05] PRINT [03/21 16:37:05 graph]: start epoch 53.
[2023-03-21 16:37:05] PRINT [03/21 16:37:05 graph]: # Epoch 53: train_loss: 0.6255 | lr: 0.000000
[2023-03-21 16:37:06] PRINT [03/21 16:37:06 graph]: --- Testf1: 0.69700, Best Valacc: 0.69200 in epoch 96 --- 
[2023-03-21 16:37:07] PRINT [03/21 16:37:07 graph]: Epoch 53: get test acc score:  0.697
[2023-03-21 16:37:07] PRINT [03/21 16:37:07 graph]: best_f1 0.721 at epoch 28
[2023-03-21 16:37:07] PRINT [03/21 16:37:07 graph]: start epoch 54.
[2023-03-21 16:37:07] PRINT [03/21 16:37:07 graph]: # Epoch 54: train_loss: 0.6265 | lr: 0.000000
[2023-03-21 16:37:08] PRINT [03/21 16:37:08 graph]: --- Testf1: 0.71800, Best Valacc: 0.70400 in epoch 7 --- 
[2023-03-21 16:37:08] PRINT [03/21 16:37:08 graph]: Epoch 54: get test acc score:  0.718
[2023-03-21 16:37:08] PRINT [03/21 16:37:08 graph]: best_f1 0.721 at epoch 28
[2023-03-21 16:37:08] PRINT [03/21 16:37:08 graph]: start epoch 55.
[2023-03-21 16:37:08] PRINT [03/21 16:37:08 graph]: # Epoch 55: train_loss: 0.6248 | lr: 0.000000
[2023-03-21 16:37:09] PRINT [03/21 16:37:09 graph]: --- Testf1: 0.68700, Best Valacc: 0.73000 in epoch 98 --- 
[2023-03-21 16:37:09] PRINT [03/21 16:37:09 graph]: Epoch 55: get test acc score:  0.687
[2023-03-21 16:37:09] PRINT [03/21 16:37:09 graph]: best_f1 0.721 at epoch 28
[2023-03-21 16:37:09] PRINT [03/21 16:37:09 graph]: start epoch 56.
[2023-03-21 16:37:10] PRINT [03/21 16:37:10 graph]: # Epoch 56: train_loss: 0.6260 | lr: 0.000000
[2023-03-21 16:37:11] PRINT [03/21 16:37:11 graph]: --- Testf1: 0.66800, Best Valacc: 0.69200 in epoch 66 --- 
[2023-03-21 16:37:11] PRINT [03/21 16:37:11 graph]: Epoch 56: get test acc score:  0.668
[2023-03-21 16:37:11] PRINT [03/21 16:37:11 graph]: best_f1 0.721 at epoch 28
[2023-03-21 16:37:11] PRINT [03/21 16:37:11 graph]: start epoch 57.
[2023-03-21 16:37:11] PRINT [03/21 16:37:11 graph]: # Epoch 57: train_loss: 0.6253 | lr: 0.000000
[2023-03-21 16:37:12] PRINT [03/21 16:37:12 graph]: --- Testf1: 0.68800, Best Valacc: 0.66000 in epoch 9 --- 
[2023-03-21 16:37:12] PRINT [03/21 16:37:12 graph]: Epoch 57: get test acc score:  0.688
[2023-03-21 16:37:12] PRINT [03/21 16:37:12 graph]: best_f1 0.721 at epoch 28
[2023-03-21 16:37:12] PRINT [03/21 16:37:12 graph]: start epoch 58.
[2023-03-21 16:37:12] PRINT [03/21 16:37:12 graph]: # Epoch 58: train_loss: 0.6245 | lr: 0.000000
[2023-03-21 16:37:13] PRINT [03/21 16:37:13 graph]: --- Testf1: 0.67900, Best Valacc: 0.68000 in epoch 32 --- 
[2023-03-21 16:37:14] PRINT [03/21 16:37:14 graph]: Epoch 58: get test acc score:  0.679
[2023-03-21 16:37:14] PRINT [03/21 16:37:14 graph]: best_f1 0.721 at epoch 28
[2023-03-21 16:37:14] PRINT [03/21 16:37:14 graph]: start epoch 59.
[2023-03-21 16:37:14] PRINT [03/21 16:37:14 graph]: # Epoch 59: train_loss: 0.6251 | lr: 0.000000
[2023-03-21 16:37:15] PRINT [03/21 16:37:15 graph]: --- Testf1: 0.65800, Best Valacc: 0.68000 in epoch 99 --- 
[2023-03-21 16:37:15] PRINT [03/21 16:37:15 graph]: Epoch 59: get test acc score:  0.658
[2023-03-21 16:37:15] PRINT [03/21 16:37:15 graph]: best_f1 0.721 at epoch 28
[2023-03-21 16:37:15] PRINT [03/21 16:37:15 graph]: start epoch 60.
[2023-03-21 16:37:15] PRINT [03/21 16:37:15 graph]: # Epoch 60: train_loss: 0.6246 | lr: 0.000000
[2023-03-21 16:37:16] PRINT [03/21 16:37:16 graph]: --- Testf1: 0.70800, Best Valacc: 0.74800 in epoch 99 --- 
[2023-03-21 16:37:16] PRINT [03/21 16:37:16 graph]: Epoch 60: get test acc score:  0.708
[2023-03-21 16:37:16] PRINT [03/21 16:37:16 graph]: best_f1 0.721 at epoch 28
[2023-03-21 16:37:16] PRINT [03/21 16:37:16 graph]: start epoch 61.
[2023-03-21 16:37:16] PRINT [03/21 16:37:16 graph]: # Epoch 61: train_loss: 0.6258 | lr: 0.000000
[2023-03-21 16:37:17] PRINT [03/21 16:37:17 graph]: --- Testf1: 0.68300, Best Valacc: 0.70600 in epoch 99 --- 
[2023-03-21 16:37:18] PRINT [03/21 16:37:18 graph]: Epoch 61: get test acc score:  0.683
[2023-03-21 16:37:18] PRINT [03/21 16:37:18 graph]: best_f1 0.721 at epoch 28
[2023-03-21 16:37:18] PRINT [03/21 16:37:18 graph]: start epoch 62.
[2023-03-21 16:37:18] PRINT [03/21 16:37:18 graph]: # Epoch 62: train_loss: 0.6245 | lr: 0.000000
[2023-03-21 16:37:19] PRINT [03/21 16:37:19 graph]: --- Testf1: 0.67500, Best Valacc: 0.68200 in epoch 15 --- 
[2023-03-21 16:37:19] PRINT [03/21 16:37:19 graph]: Epoch 62: get test acc score:  0.675
[2023-03-21 16:37:19] PRINT [03/21 16:37:19 graph]: best_f1 0.721 at epoch 28
[2023-03-21 16:37:19] PRINT [03/21 16:37:19 graph]: start epoch 63.
[2023-03-21 16:37:19] PRINT [03/21 16:37:19 graph]: # Epoch 63: train_loss: 0.6260 | lr: 0.000000
[2023-03-21 16:37:20] PRINT [03/21 16:37:20 graph]: --- Testf1: 0.68700, Best Valacc: 0.73800 in epoch 98 --- 
[2023-03-21 16:37:20] PRINT [03/21 16:37:20 graph]: Epoch 63: get test acc score:  0.687
[2023-03-21 16:37:20] PRINT [03/21 16:37:20 graph]: best_f1 0.721 at epoch 28
[2023-03-21 16:37:20] PRINT [03/21 16:37:20 graph]: start epoch 64.
[2023-03-21 16:37:21] PRINT [03/21 16:37:21 graph]: # Epoch 64: train_loss: 0.6248 | lr: 0.000000
[2023-03-21 16:37:22] PRINT [03/21 16:37:22 graph]: --- Testf1: 0.69700, Best Valacc: 0.70200 in epoch 99 --- 
[2023-03-21 16:37:22] PRINT [03/21 16:37:22 graph]: Epoch 64: get test acc score:  0.697
[2023-03-21 16:37:22] PRINT [03/21 16:37:22 graph]: best_f1 0.721 at epoch 28
[2023-03-21 16:37:22] PRINT [03/21 16:37:22 graph]: start epoch 65.
[2023-03-21 16:37:22] PRINT [03/21 16:37:22 graph]: # Epoch 65: train_loss: 0.6258 | lr: 0.000000
[2023-03-21 16:37:23] PRINT [03/21 16:37:23 graph]: --- Testf1: 0.69500, Best Valacc: 0.69400 in epoch 97 --- 
[2023-03-21 16:37:23] PRINT [03/21 16:37:23 graph]: Epoch 65: get test acc score:  0.695
[2023-03-21 16:37:23] PRINT [03/21 16:37:23 graph]: best_f1 0.721 at epoch 28
[2023-03-21 16:37:23] PRINT [03/21 16:37:23 graph]: start epoch 66.
[2023-03-21 16:37:23] PRINT [03/21 16:37:23 graph]: # Epoch 66: train_loss: 0.6261 | lr: 0.000000
[2023-03-21 16:37:24] PRINT [03/21 16:37:24 graph]: --- Testf1: 0.70600, Best Valacc: 0.73000 in epoch 99 --- 
[2023-03-21 16:37:25] PRINT [03/21 16:37:25 graph]: Epoch 66: get test acc score:  0.706
[2023-03-21 16:37:25] PRINT [03/21 16:37:25 graph]: best_f1 0.721 at epoch 28
[2023-03-21 16:37:25] PRINT [03/21 16:37:25 graph]: start epoch 67.
[2023-03-21 16:37:25] PRINT [03/21 16:37:25 graph]: # Epoch 67: train_loss: 0.6259 | lr: 0.000000
[2023-03-21 16:37:26] PRINT [03/21 16:37:26 graph]: --- Testf1: 0.66900, Best Valacc: 0.70400 in epoch 98 --- 
[2023-03-21 16:37:26] PRINT [03/21 16:37:26 graph]: Epoch 67: get test acc score:  0.669
[2023-03-21 16:37:26] PRINT [03/21 16:37:26 graph]: best_f1 0.721 at epoch 28
[2023-03-21 16:37:26] PRINT [03/21 16:37:26 graph]: start epoch 68.
[2023-03-21 16:37:26] PRINT [03/21 16:37:26 graph]: # Epoch 68: train_loss: 0.6246 | lr: 0.000000
[2023-03-21 16:37:27] PRINT [03/21 16:37:27 graph]: --- Testf1: 0.68100, Best Valacc: 0.70200 in epoch 99 --- 
[2023-03-21 16:37:27] PRINT [03/21 16:37:27 graph]: Epoch 68: get test acc score:  0.681
[2023-03-21 16:37:27] PRINT [03/21 16:37:27 graph]: best_f1 0.721 at epoch 28
[2023-03-21 16:37:27] PRINT [03/21 16:37:27 graph]: start epoch 69.
[2023-03-21 16:37:27] PRINT [03/21 16:37:27 graph]: # Epoch 69: train_loss: 0.6259 | lr: 0.000000
[2023-03-21 16:37:28] PRINT [03/21 16:37:28 graph]: --- Testf1: 0.66500, Best Valacc: 0.66600 in epoch 96 --- 
[2023-03-21 16:37:28] PRINT [03/21 16:37:28 graph]: Epoch 69: get test acc score:  0.665
[2023-03-21 16:37:28] PRINT [03/21 16:37:28 graph]: best_f1 0.721 at epoch 28
[2023-03-21 16:37:28] PRINT [03/21 16:37:28 graph]: start epoch 70.
[2023-03-21 16:37:29] PRINT [03/21 16:37:29 graph]: # Epoch 70: train_loss: 0.6250 | lr: 0.000000
[2023-03-21 16:37:30] PRINT [03/21 16:37:30 graph]: --- Testf1: 0.63600, Best Valacc: 0.67400 in epoch 99 --- 
[2023-03-21 16:37:30] PRINT [03/21 16:37:30 graph]: Epoch 70: get test acc score:  0.636
[2023-03-21 16:37:30] PRINT [03/21 16:37:30 graph]: best_f1 0.721 at epoch 28
[2023-03-21 16:37:30] PRINT [03/21 16:37:30 graph]: start epoch 71.
[2023-03-21 16:37:30] PRINT [03/21 16:37:30 graph]: # Epoch 71: train_loss: 0.6259 | lr: 0.000000
[2023-03-21 16:37:31] PRINT [03/21 16:37:31 graph]: --- Testf1: 0.67100, Best Valacc: 0.68400 in epoch 99 --- 
[2023-03-21 16:37:31] PRINT [03/21 16:37:31 graph]: Epoch 71: get test acc score:  0.671
[2023-03-21 16:37:31] PRINT [03/21 16:37:31 graph]: best_f1 0.721 at epoch 28
[2023-03-21 16:37:31] PRINT [03/21 16:37:31 graph]: start epoch 72.
[2023-03-21 16:37:31] PRINT [03/21 16:37:31 graph]: # Epoch 72: train_loss: 0.6259 | lr: 0.000000
[2023-03-21 16:37:32] PRINT [03/21 16:37:32 graph]: --- Testf1: 0.71200, Best Valacc: 0.67600 in epoch 93 --- 
[2023-03-21 16:37:33] PRINT [03/21 16:37:33 graph]: Epoch 72: get test acc score:  0.712
[2023-03-21 16:37:33] PRINT [03/21 16:37:33 graph]: best_f1 0.721 at epoch 28
[2023-03-21 16:37:33] PRINT [03/21 16:37:33 graph]: start epoch 73.
[2023-03-21 16:37:33] PRINT [03/21 16:37:33 graph]: # Epoch 73: train_loss: 0.6260 | lr: 0.000000
[2023-03-21 16:37:34] PRINT [03/21 16:37:34 graph]: --- Testf1: 0.68200, Best Valacc: 0.68400 in epoch 21 --- 
[2023-03-21 16:37:34] PRINT [03/21 16:37:34 graph]: Epoch 73: get test acc score:  0.682
[2023-03-21 16:37:34] PRINT [03/21 16:37:34 graph]: best_f1 0.721 at epoch 28
[2023-03-21 16:37:34] PRINT [03/21 16:37:34 graph]: start epoch 74.
[2023-03-21 16:37:34] PRINT [03/21 16:37:34 graph]: # Epoch 74: train_loss: 0.6252 | lr: 0.000000
[2023-03-21 16:37:35] PRINT [03/21 16:37:35 graph]: --- Testf1: 0.66600, Best Valacc: 0.67000 in epoch 96 --- 
[2023-03-21 16:37:35] PRINT [03/21 16:37:35 graph]: Epoch 74: get test acc score:  0.666
[2023-03-21 16:37:35] PRINT [03/21 16:37:35 graph]: best_f1 0.721 at epoch 28
[2023-03-21 16:37:35] PRINT [03/21 16:37:35 graph]: start epoch 75.
[2023-03-21 16:37:35] PRINT [03/21 16:37:35 graph]: # Epoch 75: train_loss: 0.6258 | lr: 0.000000
[2023-03-21 16:37:36] PRINT [03/21 16:37:36 graph]: --- Testf1: 0.66600, Best Valacc: 0.69000 in epoch 94 --- 
[2023-03-21 16:37:37] PRINT [03/21 16:37:37 graph]: Epoch 75: get test acc score:  0.666
[2023-03-21 16:37:37] PRINT [03/21 16:37:37 graph]: best_f1 0.721 at epoch 28
[2023-03-21 16:37:37] PRINT [03/21 16:37:37 graph]: start epoch 76.
[2023-03-21 16:37:37] PRINT [03/21 16:37:37 graph]: # Epoch 76: train_loss: 0.6260 | lr: 0.000000
[2023-03-21 16:37:38] PRINT [03/21 16:37:38 graph]: --- Testf1: 0.70400, Best Valacc: 0.68400 in epoch 7 --- 
[2023-03-21 16:37:38] PRINT [03/21 16:37:38 graph]: Epoch 76: get test acc score:  0.704
[2023-03-21 16:37:38] PRINT [03/21 16:37:38 graph]: best_f1 0.721 at epoch 28
[2023-03-21 16:37:38] PRINT [03/21 16:37:38 graph]: start epoch 77.
[2023-03-21 16:37:38] PRINT [03/21 16:37:38 graph]: # Epoch 77: train_loss: 0.6251 | lr: 0.000000
[2023-03-21 16:37:39] PRINT [03/21 16:37:39 graph]: --- Testf1: 0.68700, Best Valacc: 0.70600 in epoch 95 --- 
[2023-03-21 16:37:39] PRINT [03/21 16:37:39 graph]: Epoch 77: get test acc score:  0.687
[2023-03-21 16:37:39] PRINT [03/21 16:37:39 graph]: best_f1 0.721 at epoch 28
[2023-03-21 16:37:39] PRINT [03/21 16:37:39 graph]: start epoch 78.
[2023-03-21 16:37:40] PRINT [03/21 16:37:40 graph]: # Epoch 78: train_loss: 0.6249 | lr: 0.000000
[2023-03-21 16:37:41] PRINT [03/21 16:37:41 graph]: --- Testf1: 0.71600, Best Valacc: 0.74400 in epoch 99 --- 
[2023-03-21 16:37:41] PRINT [03/21 16:37:41 graph]: Epoch 78: get test acc score:  0.716
[2023-03-21 16:37:41] PRINT [03/21 16:37:41 graph]: best_f1 0.721 at epoch 28
[2023-03-21 16:37:41] PRINT [03/21 16:37:41 graph]: start epoch 79.
[2023-03-21 16:37:41] PRINT [03/21 16:37:41 graph]: # Epoch 79: train_loss: 0.6247 | lr: 0.000000
[2023-03-21 16:37:42] PRINT [03/21 16:37:42 graph]: --- Testf1: 0.70000, Best Valacc: 0.77000 in epoch 95 --- 
[2023-03-21 16:37:42] PRINT [03/21 16:37:42 graph]: Epoch 79: get test acc score:  0.700
[2023-03-21 16:37:42] PRINT [03/21 16:37:42 graph]: best_f1 0.721 at epoch 28
[2023-03-21 16:37:42] PRINT [03/21 16:37:42 graph]: start epoch 80.
[2023-03-21 16:37:42] PRINT [03/21 16:37:42 graph]: # Epoch 80: train_loss: 0.6245 | lr: 0.000000
[2023-03-21 16:37:43] PRINT [03/21 16:37:43 graph]: --- Testf1: 0.69000, Best Valacc: 0.70200 in epoch 88 --- 
[2023-03-21 16:37:43] PRINT [03/21 16:37:43 graph]: Epoch 80: get test acc score:  0.690
[2023-03-21 16:37:43] PRINT [03/21 16:37:43 graph]: best_f1 0.721 at epoch 28
[2023-03-21 16:37:43] PRINT [03/21 16:37:43 graph]: start epoch 81.
[2023-03-21 16:37:44] PRINT [03/21 16:37:44 graph]: # Epoch 81: train_loss: 0.6252 | lr: 0.000000
[2023-03-21 16:37:45] PRINT [03/21 16:37:45 graph]: --- Testf1: 0.66200, Best Valacc: 0.72000 in epoch 99 --- 
[2023-03-21 16:37:45] PRINT [03/21 16:37:45 graph]: Epoch 81: get test acc score:  0.662
[2023-03-21 16:37:45] PRINT [03/21 16:37:45 graph]: best_f1 0.721 at epoch 28
[2023-03-21 16:37:45] PRINT [03/21 16:37:45 graph]: start epoch 82.
[2023-03-21 16:37:45] PRINT [03/21 16:37:45 graph]: # Epoch 82: train_loss: 0.6256 | lr: 0.000000
[2023-03-21 16:37:46] PRINT [03/21 16:37:46 graph]: --- Testf1: 0.71700, Best Valacc: 0.71800 in epoch 99 --- 
[2023-03-21 16:37:46] PRINT [03/21 16:37:46 graph]: Epoch 82: get test acc score:  0.717
[2023-03-21 16:37:46] PRINT [03/21 16:37:46 graph]: best_f1 0.721 at epoch 28
[2023-03-21 16:37:46] PRINT [03/21 16:37:46 graph]: start epoch 83.
[2023-03-21 16:37:46] PRINT [03/21 16:37:46 graph]: # Epoch 83: train_loss: 0.6254 | lr: 0.000000
[2023-03-21 16:37:47] PRINT [03/21 16:37:47 graph]: --- Testf1: 0.65400, Best Valacc: 0.65800 in epoch 19 --- 
[2023-03-21 16:37:48] PRINT [03/21 16:37:48 graph]: Epoch 83: get test acc score:  0.654
[2023-03-21 16:37:48] PRINT [03/21 16:37:48 graph]: best_f1 0.721 at epoch 28
[2023-03-21 16:37:48] PRINT [03/21 16:37:48 graph]: start epoch 84.
[2023-03-21 16:37:48] PRINT [03/21 16:37:48 graph]: # Epoch 84: train_loss: 0.6258 | lr: 0.000000
[2023-03-21 16:37:49] PRINT [03/21 16:37:49 graph]: --- Testf1: 0.66200, Best Valacc: 0.67800 in epoch 33 --- 
[2023-03-21 16:37:49] PRINT [03/21 16:37:49 graph]: Epoch 84: get test acc score:  0.662
[2023-03-21 16:37:49] PRINT [03/21 16:37:49 graph]: best_f1 0.721 at epoch 28
[2023-03-21 16:37:49] PRINT [03/21 16:37:49 graph]: start epoch 85.
[2023-03-21 16:37:49] PRINT [03/21 16:37:49 graph]: # Epoch 85: train_loss: 0.6258 | lr: 0.000000
[2023-03-21 16:37:50] PRINT [03/21 16:37:50 graph]: --- Testf1: 0.68200, Best Valacc: 0.70600 in epoch 99 --- 
[2023-03-21 16:37:50] PRINT [03/21 16:37:50 graph]: Epoch 85: get test acc score:  0.682
[2023-03-21 16:37:50] PRINT [03/21 16:37:50 graph]: best_f1 0.721 at epoch 28
[2023-03-21 16:37:50] PRINT [03/21 16:37:50 graph]: start epoch 86.
[2023-03-21 16:37:50] PRINT [03/21 16:37:50 graph]: # Epoch 86: train_loss: 0.6259 | lr: 0.000000
[2023-03-21 16:37:51] PRINT [03/21 16:37:51 graph]: --- Testf1: 0.67900, Best Valacc: 0.71400 in epoch 99 --- 
[2023-03-21 16:37:52] PRINT [03/21 16:37:52 graph]: Epoch 86: get test acc score:  0.679
[2023-03-21 16:37:52] PRINT [03/21 16:37:52 graph]: best_f1 0.721 at epoch 28
[2023-03-21 16:37:52] PRINT [03/21 16:37:52 graph]: start epoch 87.
[2023-03-21 16:37:52] PRINT [03/21 16:37:52 graph]: # Epoch 87: train_loss: 0.6251 | lr: 0.000000
[2023-03-21 16:37:53] PRINT [03/21 16:37:53 graph]: --- Testf1: 0.68300, Best Valacc: 0.69400 in epoch 98 --- 
[2023-03-21 16:37:53] PRINT [03/21 16:37:53 graph]: Epoch 87: get test acc score:  0.683
[2023-03-21 16:37:53] PRINT [03/21 16:37:53 graph]: best_f1 0.721 at epoch 28
[2023-03-21 16:37:53] PRINT [03/21 16:37:53 graph]: start epoch 88.
[2023-03-21 16:37:53] PRINT [03/21 16:37:53 graph]: # Epoch 88: train_loss: 0.6255 | lr: 0.000000
[2023-03-21 16:37:54] PRINT [03/21 16:37:54 graph]: --- Testf1: 0.69800, Best Valacc: 0.67600 in epoch 11 --- 
[2023-03-21 16:37:54] PRINT [03/21 16:37:54 graph]: Epoch 88: get test acc score:  0.698
[2023-03-21 16:37:54] PRINT [03/21 16:37:54 graph]: best_f1 0.721 at epoch 28
[2023-03-21 16:37:54] PRINT [03/21 16:37:54 graph]: start epoch 89.
[2023-03-21 16:37:55] PRINT [03/21 16:37:55 graph]: # Epoch 89: train_loss: 0.6254 | lr: 0.000000
[2023-03-21 16:37:56] PRINT [03/21 16:37:56 graph]: --- Testf1: 0.66900, Best Valacc: 0.65200 in epoch 95 --- 
[2023-03-21 16:37:56] PRINT [03/21 16:37:56 graph]: Epoch 89: get test acc score:  0.669
[2023-03-21 16:37:56] PRINT [03/21 16:37:56 graph]: best_f1 0.721 at epoch 28
[2023-03-21 16:37:56] PRINT [03/21 16:37:56 graph]: start epoch 90.
[2023-03-21 16:37:56] PRINT [03/21 16:37:56 graph]: # Epoch 90: train_loss: 0.6260 | lr: 0.000000
[2023-03-21 16:37:57] PRINT [03/21 16:37:57 graph]: --- Testf1: 0.70700, Best Valacc: 0.68800 in epoch 9 --- 
[2023-03-21 16:37:57] PRINT [03/21 16:37:57 graph]: Epoch 90: get test acc score:  0.707
[2023-03-21 16:37:57] PRINT [03/21 16:37:57 graph]: best_f1 0.721 at epoch 28
[2023-03-21 16:37:57] PRINT [03/21 16:37:57 graph]: start epoch 91.
[2023-03-21 16:37:57] PRINT [03/21 16:37:57 graph]: # Epoch 91: train_loss: 0.6247 | lr: 0.000000
[2023-03-21 16:37:58] PRINT [03/21 16:37:58 graph]: --- Testf1: 0.67000, Best Valacc: 0.69400 in epoch 92 --- 
[2023-03-21 16:37:59] PRINT [03/21 16:37:59 graph]: Epoch 91: get test acc score:  0.670
[2023-03-21 16:37:59] PRINT [03/21 16:37:59 graph]: best_f1 0.721 at epoch 28
[2023-03-21 16:37:59] PRINT [03/21 16:37:59 graph]: start epoch 92.
[2023-03-21 16:37:59] PRINT [03/21 16:37:59 graph]: # Epoch 92: train_loss: 0.6256 | lr: 0.000000
[2023-03-21 16:38:00] PRINT [03/21 16:38:00 graph]: --- Testf1: 0.68700, Best Valacc: 0.74800 in epoch 99 --- 
[2023-03-21 16:38:00] PRINT [03/21 16:38:00 graph]: Epoch 92: get test acc score:  0.687
[2023-03-21 16:38:00] PRINT [03/21 16:38:00 graph]: best_f1 0.721 at epoch 28
[2023-03-21 16:38:00] PRINT [03/21 16:38:00 graph]: start epoch 93.
[2023-03-21 16:38:00] PRINT [03/21 16:38:00 graph]: # Epoch 93: train_loss: 0.6260 | lr: 0.000000
[2023-03-21 16:38:01] PRINT [03/21 16:38:01 graph]: --- Testf1: 0.70500, Best Valacc: 0.72200 in epoch 38 --- 
[2023-03-21 16:38:01] PRINT [03/21 16:38:01 graph]: Epoch 93: get test acc score:  0.705
[2023-03-21 16:38:01] PRINT [03/21 16:38:01 graph]: best_f1 0.721 at epoch 28
[2023-03-21 16:38:01] PRINT [03/21 16:38:01 graph]: start epoch 94.
[2023-03-21 16:38:01] PRINT [03/21 16:38:01 graph]: # Epoch 94: train_loss: 0.6255 | lr: 0.000000
[2023-03-21 16:38:02] PRINT [03/21 16:38:02 graph]: --- Testf1: 0.69000, Best Valacc: 0.71800 in epoch 99 --- 
[2023-03-21 16:38:03] PRINT [03/21 16:38:03 graph]: Epoch 94: get test acc score:  0.690
[2023-03-21 16:38:03] PRINT [03/21 16:38:03 graph]: best_f1 0.721 at epoch 28
[2023-03-21 16:38:03] PRINT [03/21 16:38:03 graph]: start epoch 95.
[2023-03-21 16:38:03] PRINT [03/21 16:38:03 graph]: # Epoch 95: train_loss: 0.6255 | lr: 0.000000
[2023-03-21 16:38:04] PRINT [03/21 16:38:04 graph]: --- Testf1: 0.69300, Best Valacc: 0.74400 in epoch 97 --- 
[2023-03-21 16:38:04] PRINT [03/21 16:38:04 graph]: Epoch 95: get test acc score:  0.693
[2023-03-21 16:38:04] PRINT [03/21 16:38:04 graph]: best_f1 0.721 at epoch 28
[2023-03-21 16:38:04] PRINT [03/21 16:38:04 graph]: start epoch 96.
[2023-03-21 16:38:04] PRINT [03/21 16:38:04 graph]: # Epoch 96: train_loss: 0.6251 | lr: 0.000000
[2023-03-21 16:38:05] PRINT [03/21 16:38:05 graph]: --- Testf1: 0.69600, Best Valacc: 0.70200 in epoch 87 --- 
[2023-03-21 16:38:05] PRINT [03/21 16:38:05 graph]: Epoch 96: get test acc score:  0.696
[2023-03-21 16:38:05] PRINT [03/21 16:38:05 graph]: best_f1 0.721 at epoch 28
[2023-03-21 16:38:05] PRINT [03/21 16:38:05 graph]: start epoch 97.
[2023-03-21 16:38:05] PRINT [03/21 16:38:05 graph]: # Epoch 97: train_loss: 0.6254 | lr: 0.000000
[2023-03-21 16:38:06] PRINT [03/21 16:38:06 graph]: --- Testf1: 0.70000, Best Valacc: 0.73800 in epoch 99 --- 
[2023-03-21 16:38:07] PRINT [03/21 16:38:07 graph]: Epoch 97: get test acc score:  0.700
[2023-03-21 16:38:07] PRINT [03/21 16:38:07 graph]: best_f1 0.721 at epoch 28
[2023-03-21 16:38:07] PRINT [03/21 16:38:07 graph]: start epoch 98.
[2023-03-21 16:38:07] PRINT [03/21 16:38:07 graph]: # Epoch 98: train_loss: 0.6261 | lr: 0.000000
[2023-03-21 16:38:08] PRINT [03/21 16:38:08 graph]: --- Testf1: 0.65700, Best Valacc: 0.69400 in epoch 99 --- 
[2023-03-21 16:38:08] PRINT [03/21 16:38:08 graph]: Epoch 98: get test acc score:  0.657
[2023-03-21 16:38:08] PRINT [03/21 16:38:08 graph]: best_f1 0.721 at epoch 28
[2023-03-21 16:38:08] PRINT [03/21 16:38:08 graph]: start epoch 99.
[2023-03-21 16:38:08] PRINT [03/21 16:38:08 graph]: # Epoch 99: train_loss: 0.6257 | lr: 0.000000
[2023-03-21 16:38:09] PRINT [03/21 16:38:09 graph]: --- Testf1: 0.70100, Best Valacc: 0.72400 in epoch 99 --- 
[2023-03-21 16:38:09] PRINT [03/21 16:38:09 graph]: Epoch 99: get test acc score:  0.701
[2023-03-21 16:38:09] PRINT [03/21 16:38:09 graph]: best_f1 0.721 at epoch 28
[2023-03-21 16:38:09] PRINT [03/21 16:38:09 graph]: # final_acc: 0.7210±0.0000
