[2023-03-18 10:04:44] INFO (main) Start NNI manager
[2023-03-18 10:04:44] INFO (NNIDataStore) Datastore initialization done
[2023-03-18 10:04:44] INFO (RestServer) Starting REST server at port 6006, URL prefix: "/"
[2023-03-18 10:04:44] INFO (RestServer) REST server started.
[2023-03-18 10:04:45] INFO (NNIManager) Starting experiment: 3ynt0ia5
[2023-03-18 10:04:45] INFO (NNIManager) Setup training service...
[2023-03-18 10:04:45] INFO (LocalTrainingService) Construct local machine training service.
[2023-03-18 10:04:45] INFO (NNIManager) Setup tuner...
[2023-03-18 10:04:45] INFO (NNIManager) Change NNIManager status from: INITIALIZED to: RUNNING
[2023-03-18 10:04:45] INFO (NNIManager) Add event listeners
[2023-03-18 10:04:45] INFO (LocalTrainingService) Run local machine training service.
[2023-03-18 10:04:45] INFO (NNIManager) NNIManager received command from dispatcher: ID, 
[2023-03-18 10:04:45] INFO (NNIManager) NNIManager received command from dispatcher: TR, {"parameter_id": 0, "parameter_source": "algorithm", "parameters": {"feat_drop": 0.30000000000000004, "attn_drop": 0.30000000000000004, "nhead": 4, "num_hidden": 256, "LR": 0.00040632967355073724, "LR_f": 0.001761544179754552, "weight_decay_f": 5.2945443240440135e-05, "alpha": 1, "alpha_l": 1, "decay": 10.0, "norm": "batchnorm", "beta_schedule": "linear", "beta_1": 0.0005708301939850072, "beta_T": 0.047216862549975334, "T": 597.9297708189051}, "parameter_index": 0}
[2023-03-18 10:04:50] INFO (NNIManager) submitTrialJob: form: {
  sequenceId: 0,
  hyperParameters: {
    value: '{"parameter_id": 0, "parameter_source": "algorithm", "parameters": {"feat_drop": 0.30000000000000004, "attn_drop": 0.30000000000000004, "nhead": 4, "num_hidden": 256, "LR": 0.00040632967355073724, "LR_f": 0.001761544179754552, "weight_decay_f": 5.2945443240440135e-05, "alpha": 1, "alpha_l": 1, "decay": 10.0, "norm": "batchnorm", "beta_schedule": "linear", "beta_1": 0.0005708301939850072, "beta_T": 0.047216862549975334, "T": 597.9297708189051}, "parameter_index": 0}',
    index: 0
  },
  placementConstraint: { type: 'None', gpus: [] }
}
[2023-03-18 10:05:00] INFO (NNIManager) Trial job UqYq6 status changed from WAITING to RUNNING
[2023-03-18 10:07:36] INFO (NNIManager) Trial job UqYq6 status changed from RUNNING to SUCCEEDED
[2023-03-18 10:07:36] INFO (NNIManager) NNIManager received command from dispatcher: TR, {"parameter_id": 1, "parameter_source": "algorithm", "parameters": {"feat_drop": 0.30000000000000004, "attn_drop": 0.1, "nhead": 4, "num_hidden": 128, "LR": 0.00048658459338695137, "LR_f": 0.00014516487329585065, "weight_decay_f": 1.6062532361839775e-05, "alpha": 0.4, "alpha_l": 1, "decay": 20.0, "norm": "layernorm", "beta_schedule": "const", "beta_1": 0.00025752813154814925, "beta_T": 0.01841975287901176, "T": 891.0747336176324}, "parameter_index": 0}
[2023-03-18 10:07:41] INFO (NNIManager) submitTrialJob: form: {
  sequenceId: 1,
  hyperParameters: {
    value: '{"parameter_id": 1, "parameter_source": "algorithm", "parameters": {"feat_drop": 0.30000000000000004, "attn_drop": 0.1, "nhead": 4, "num_hidden": 128, "LR": 0.00048658459338695137, "LR_f": 0.00014516487329585065, "weight_decay_f": 1.6062532361839775e-05, "alpha": 0.4, "alpha_l": 1, "decay": 20.0, "norm": "layernorm", "beta_schedule": "const", "beta_1": 0.00025752813154814925, "beta_T": 0.01841975287901176, "T": 891.0747336176324}, "parameter_index": 0}',
    index: 0
  },
  placementConstraint: { type: 'None', gpus: [] }
}
[2023-03-18 10:07:46] INFO (NNIManager) Trial job DPGfY status changed from WAITING to RUNNING
[2023-03-18 10:10:31] INFO (NNIManager) Trial job DPGfY status changed from RUNNING to SUCCEEDED
[2023-03-18 10:10:31] INFO (NNIManager) NNIManager received command from dispatcher: TR, {"parameter_id": 2, "parameter_source": "algorithm", "parameters": {"feat_drop": 0.2, "attn_drop": 0.1, "nhead": 2, "num_hidden": 512, "LR": 0.00010750404761099434, "LR_f": 0.024397728491108318, "weight_decay_f": 0.00013749654733631245, "alpha": 1, "alpha_l": 2, "decay": 10.0, "norm": "layernorm", "beta_schedule": "quad", "beta_1": 0.0008832610036997479, "beta_T": 0.09112028005126084, "T": 575.0911216603672}, "parameter_index": 0}
[2023-03-18 10:10:36] INFO (NNIManager) submitTrialJob: form: {
  sequenceId: 2,
  hyperParameters: {
    value: '{"parameter_id": 2, "parameter_source": "algorithm", "parameters": {"feat_drop": 0.2, "attn_drop": 0.1, "nhead": 2, "num_hidden": 512, "LR": 0.00010750404761099434, "LR_f": 0.024397728491108318, "weight_decay_f": 0.00013749654733631245, "alpha": 1, "alpha_l": 2, "decay": 10.0, "norm": "layernorm", "beta_schedule": "quad", "beta_1": 0.0008832610036997479, "beta_T": 0.09112028005126084, "T": 575.0911216603672}, "parameter_index": 0}',
    index: 0
  },
  placementConstraint: { type: 'None', gpus: [] }
}
[2023-03-18 10:10:41] INFO (NNIManager) Trial job ey8NE status changed from WAITING to RUNNING
[2023-03-18 10:13:16] INFO (NNIManager) Trial job ey8NE status changed from RUNNING to SUCCEEDED
[2023-03-18 10:13:16] INFO (NNIManager) NNIManager received command from dispatcher: TR, {"parameter_id": 3, "parameter_source": "algorithm", "parameters": {"feat_drop": 0.4, "attn_drop": 0.5, "nhead": 2, "num_hidden": 1024, "LR": 8.334263863376964e-05, "LR_f": 0.0006946370568075215, "weight_decay_f": 0.0003278731798405925, "alpha": 0.4, "alpha_l": 1, "decay": 30.0, "norm": "layernorm", "beta_schedule": "quad", "beta_1": 0.000946699217511498, "beta_T": 0.030237955326185142, "T": 513.2963419927705}, "parameter_index": 0}
[2023-03-18 10:13:21] INFO (NNIManager) submitTrialJob: form: {
  sequenceId: 3,
  hyperParameters: {
    value: '{"parameter_id": 3, "parameter_source": "algorithm", "parameters": {"feat_drop": 0.4, "attn_drop": 0.5, "nhead": 2, "num_hidden": 1024, "LR": 8.334263863376964e-05, "LR_f": 0.0006946370568075215, "weight_decay_f": 0.0003278731798405925, "alpha": 0.4, "alpha_l": 1, "decay": 30.0, "norm": "layernorm", "beta_schedule": "quad", "beta_1": 0.000946699217511498, "beta_T": 0.030237955326185142, "T": 513.2963419927705}, "parameter_index": 0}',
    index: 0
  },
  placementConstraint: { type: 'None', gpus: [] }
}
[2023-03-18 10:13:26] INFO (NNIManager) Trial job Eix9C status changed from WAITING to RUNNING
[2023-03-18 10:16:17] INFO (NNIManager) Trial job Eix9C status changed from RUNNING to SUCCEEDED
[2023-03-18 10:16:17] INFO (NNIManager) NNIManager received command from dispatcher: TR, {"parameter_id": 4, "parameter_source": "algorithm", "parameters": {"feat_drop": 0.30000000000000004, "attn_drop": 0.4, "nhead": 2, "num_hidden": 256, "LR": 0.00031181285890936726, "LR_f": 0.004714562262520147, "weight_decay_f": 0.0007799211366464315, "alpha": 0.8, "alpha_l": 1, "decay": 40.0, "norm": "batchnorm", "beta_schedule": "sigmoid", "beta_1": 0.0009112311576349086, "beta_T": 0.06222743629246995, "T": 756.9463069585803}, "parameter_index": 0}
[2023-03-18 10:16:22] INFO (NNIManager) submitTrialJob: form: {
  sequenceId: 4,
  hyperParameters: {
    value: '{"parameter_id": 4, "parameter_source": "algorithm", "parameters": {"feat_drop": 0.30000000000000004, "attn_drop": 0.4, "nhead": 2, "num_hidden": 256, "LR": 0.00031181285890936726, "LR_f": 0.004714562262520147, "weight_decay_f": 0.0007799211366464315, "alpha": 0.8, "alpha_l": 1, "decay": 40.0, "norm": "batchnorm", "beta_schedule": "sigmoid", "beta_1": 0.0009112311576349086, "beta_T": 0.06222743629246995, "T": 756.9463069585803}, "parameter_index": 0}',
    index: 0
  },
  placementConstraint: { type: 'None', gpus: [] }
}
[2023-03-18 10:16:27] INFO (NNIManager) Trial job V2rSo status changed from WAITING to RUNNING
[2023-03-18 10:18:57] INFO (NNIManager) Trial job V2rSo status changed from RUNNING to SUCCEEDED
[2023-03-18 10:18:57] INFO (NNIManager) NNIManager received command from dispatcher: TR, {"parameter_id": 5, "parameter_source": "algorithm", "parameters": {"feat_drop": 0.4, "attn_drop": 0.30000000000000004, "nhead": 4, "num_hidden": 1024, "LR": 0.00024191982246572066, "LR_f": 0.010688475829408262, "weight_decay_f": 0.000237319665865756, "alpha": 1, "alpha_l": 1, "decay": 50.0, "norm": "batchnorm", "beta_schedule": "const", "beta_1": 0.00044828664447359347, "beta_T": 0.06072995845089163, "T": 456.8632772215496}, "parameter_index": 0}
[2023-03-18 10:19:02] INFO (NNIManager) submitTrialJob: form: {
  sequenceId: 5,
  hyperParameters: {
    value: '{"parameter_id": 5, "parameter_source": "algorithm", "parameters": {"feat_drop": 0.4, "attn_drop": 0.30000000000000004, "nhead": 4, "num_hidden": 1024, "LR": 0.00024191982246572066, "LR_f": 0.010688475829408262, "weight_decay_f": 0.000237319665865756, "alpha": 1, "alpha_l": 1, "decay": 50.0, "norm": "batchnorm", "beta_schedule": "const", "beta_1": 0.00044828664447359347, "beta_T": 0.06072995845089163, "T": 456.8632772215496}, "parameter_index": 0}',
    index: 0
  },
  placementConstraint: { type: 'None', gpus: [] }
}
[2023-03-18 10:19:07] INFO (NNIManager) Trial job ClK3B status changed from WAITING to RUNNING
[2023-03-18 10:21:52] INFO (NNIManager) Trial job ClK3B status changed from RUNNING to SUCCEEDED
[2023-03-18 10:21:52] INFO (NNIManager) NNIManager received command from dispatcher: TR, {"parameter_id": 6, "parameter_source": "algorithm", "parameters": {"feat_drop": 0.1, "attn_drop": 0.4, "nhead": 4, "num_hidden": 1024, "LR": 0.00025262869328754426, "LR_f": 0.005786383054846124, "weight_decay_f": 0.0006003228681225678, "alpha": 0.4, "alpha_l": 3, "decay": 30.0, "norm": "batchnorm", "beta_schedule": "const", "beta_1": 0.0007528348792540147, "beta_T": 0.07983543135988813, "T": 302.5425113033134}, "parameter_index": 0}
[2023-03-18 10:21:57] INFO (NNIManager) submitTrialJob: form: {
  sequenceId: 6,
  hyperParameters: {
    value: '{"parameter_id": 6, "parameter_source": "algorithm", "parameters": {"feat_drop": 0.1, "attn_drop": 0.4, "nhead": 4, "num_hidden": 1024, "LR": 0.00025262869328754426, "LR_f": 0.005786383054846124, "weight_decay_f": 0.0006003228681225678, "alpha": 0.4, "alpha_l": 3, "decay": 30.0, "norm": "batchnorm", "beta_schedule": "const", "beta_1": 0.0007528348792540147, "beta_T": 0.07983543135988813, "T": 302.5425113033134}, "parameter_index": 0}',
    index: 0
  },
  placementConstraint: { type: 'None', gpus: [] }
}
[2023-03-18 10:22:02] INFO (NNIManager) Trial job XCWjx status changed from WAITING to RUNNING
[2023-03-18 10:24:47] INFO (NNIManager) Trial job XCWjx status changed from RUNNING to SUCCEEDED
[2023-03-18 10:24:47] INFO (NNIManager) NNIManager received command from dispatcher: TR, {"parameter_id": 7, "parameter_source": "algorithm", "parameters": {"feat_drop": 0.30000000000000004, "attn_drop": 0.30000000000000004, "nhead": 2, "num_hidden": 256, "LR": 0.00010078825760046209, "LR_f": 0.0008991199546954187, "weight_decay_f": 6.282124638282332e-05, "alpha": 0.8, "alpha_l": 2, "decay": 40.0, "norm": "batchnorm", "beta_schedule": "linear", "beta_1": 0.0003064362675622221, "beta_T": 0.018289915997006485, "T": 676.9153181018947}, "parameter_index": 0}
[2023-03-18 10:24:52] INFO (NNIManager) submitTrialJob: form: {
  sequenceId: 7,
  hyperParameters: {
    value: '{"parameter_id": 7, "parameter_source": "algorithm", "parameters": {"feat_drop": 0.30000000000000004, "attn_drop": 0.30000000000000004, "nhead": 2, "num_hidden": 256, "LR": 0.00010078825760046209, "LR_f": 0.0008991199546954187, "weight_decay_f": 6.282124638282332e-05, "alpha": 0.8, "alpha_l": 2, "decay": 40.0, "norm": "batchnorm", "beta_schedule": "linear", "beta_1": 0.0003064362675622221, "beta_T": 0.018289915997006485, "T": 676.9153181018947}, "parameter_index": 0}',
    index: 0
  },
  placementConstraint: { type: 'None', gpus: [] }
}
[2023-03-18 10:24:57] INFO (NNIManager) Trial job j8OgN status changed from WAITING to RUNNING
[2023-03-18 10:27:28] INFO (NNIManager) Trial job j8OgN status changed from RUNNING to SUCCEEDED
[2023-03-18 10:27:28] INFO (NNIManager) NNIManager received command from dispatcher: TR, {"parameter_id": 8, "parameter_source": "algorithm", "parameters": {"feat_drop": 0.4, "attn_drop": 0.30000000000000004, "nhead": 2, "num_hidden": 1024, "LR": 9.776840306240668e-05, "LR_f": 0.0002403870298800782, "weight_decay_f": 7.632393102165463e-06, "alpha": 0.8, "alpha_l": 1, "decay": 20.0, "norm": "batchnorm", "beta_schedule": "const", "beta_1": 0.0002586324910962299, "beta_T": 0.07136981412125917, "T": 423.37291373498095}, "parameter_index": 0}
[2023-03-18 10:27:33] INFO (NNIManager) submitTrialJob: form: {
  sequenceId: 8,
  hyperParameters: {
    value: '{"parameter_id": 8, "parameter_source": "algorithm", "parameters": {"feat_drop": 0.4, "attn_drop": 0.30000000000000004, "nhead": 2, "num_hidden": 1024, "LR": 9.776840306240668e-05, "LR_f": 0.0002403870298800782, "weight_decay_f": 7.632393102165463e-06, "alpha": 0.8, "alpha_l": 1, "decay": 20.0, "norm": "batchnorm", "beta_schedule": "const", "beta_1": 0.0002586324910962299, "beta_T": 0.07136981412125917, "T": 423.37291373498095}, "parameter_index": 0}',
    index: 0
  },
  placementConstraint: { type: 'None', gpus: [] }
}
[2023-03-18 10:27:38] INFO (NNIManager) Trial job eveiF status changed from WAITING to RUNNING
[2023-03-18 10:30:43] INFO (NNIManager) Trial job eveiF status changed from RUNNING to SUCCEEDED
[2023-03-18 10:30:43] INFO (NNIManager) NNIManager received command from dispatcher: TR, {"parameter_id": 9, "parameter_source": "algorithm", "parameters": {"feat_drop": 0.1, "attn_drop": 0.4, "nhead": 2, "num_hidden": 256, "LR": 0.0002711419522746322, "LR_f": 0.0008337980535772776, "weight_decay_f": 5.312629319507685e-05, "alpha": 0.4, "alpha_l": 2, "decay": 30.0, "norm": "layernorm", "beta_schedule": "linear", "beta_1": 0.0004201789172225975, "beta_T": 0.03403831087249702, "T": 644.9701829095661}, "parameter_index": 0}
[2023-03-18 10:30:48] INFO (NNIManager) submitTrialJob: form: {
  sequenceId: 9,
  hyperParameters: {
    value: '{"parameter_id": 9, "parameter_source": "algorithm", "parameters": {"feat_drop": 0.1, "attn_drop": 0.4, "nhead": 2, "num_hidden": 256, "LR": 0.0002711419522746322, "LR_f": 0.0008337980535772776, "weight_decay_f": 5.312629319507685e-05, "alpha": 0.4, "alpha_l": 2, "decay": 30.0, "norm": "layernorm", "beta_schedule": "linear", "beta_1": 0.0004201789172225975, "beta_T": 0.03403831087249702, "T": 644.9701829095661}, "parameter_index": 0}',
    index: 0
  },
  placementConstraint: { type: 'None', gpus: [] }
}
[2023-03-18 10:30:53] INFO (NNIManager) Trial job Otn1w status changed from WAITING to RUNNING
[2023-03-18 10:33:23] INFO (NNIManager) Trial job Otn1w status changed from RUNNING to SUCCEEDED
[2023-03-18 10:33:23] INFO (NNIManager) NNIManager received command from dispatcher: TR, {"parameter_id": 10, "parameter_source": "algorithm", "parameters": {"feat_drop": 0.1, "attn_drop": 0.2, "nhead": 2, "num_hidden": 128, "LR": 0.000416805829064357, "LR_f": 0.024422326965206485, "weight_decay_f": 1.3948305276194185e-05, "alpha": 1, "alpha_l": 1, "decay": 30.0, "norm": "layernorm", "beta_schedule": "const", "beta_1": 0.0005994038848351399, "beta_T": 0.06548796544020452, "T": 379.28710622917697}, "parameter_index": 0}
[2023-03-18 10:33:28] INFO (NNIManager) submitTrialJob: form: {
  sequenceId: 10,
  hyperParameters: {
    value: '{"parameter_id": 10, "parameter_source": "algorithm", "parameters": {"feat_drop": 0.1, "attn_drop": 0.2, "nhead": 2, "num_hidden": 128, "LR": 0.000416805829064357, "LR_f": 0.024422326965206485, "weight_decay_f": 1.3948305276194185e-05, "alpha": 1, "alpha_l": 1, "decay": 30.0, "norm": "layernorm", "beta_schedule": "const", "beta_1": 0.0005994038848351399, "beta_T": 0.06548796544020452, "T": 379.28710622917697}, "parameter_index": 0}',
    index: 0
  },
  placementConstraint: { type: 'None', gpus: [] }
}
[2023-03-18 10:33:33] INFO (NNIManager) Trial job GRy52 status changed from WAITING to RUNNING
[2023-03-18 10:36:04] INFO (NNIManager) Trial job GRy52 status changed from RUNNING to SUCCEEDED
[2023-03-18 10:36:04] INFO (NNIManager) NNIManager received command from dispatcher: TR, {"parameter_id": 11, "parameter_source": "algorithm", "parameters": {"feat_drop": 0.30000000000000004, "attn_drop": 0.30000000000000004, "nhead": 2, "num_hidden": 256, "LR": 7.963281484208438e-05, "LR_f": 0.0007161324598508677, "weight_decay_f": 0.0006726591785577384, "alpha": 0.4, "alpha_l": 1, "decay": 40.0, "norm": "layernorm", "beta_schedule": "sigmoid", "beta_1": 0.0007490114316851326, "beta_T": 0.014975576013615467, "T": 109.47071045369947}, "parameter_index": 0}
[2023-03-18 10:36:09] INFO (NNIManager) submitTrialJob: form: {
  sequenceId: 11,
  hyperParameters: {
    value: '{"parameter_id": 11, "parameter_source": "algorithm", "parameters": {"feat_drop": 0.30000000000000004, "attn_drop": 0.30000000000000004, "nhead": 2, "num_hidden": 256, "LR": 7.963281484208438e-05, "LR_f": 0.0007161324598508677, "weight_decay_f": 0.0006726591785577384, "alpha": 0.4, "alpha_l": 1, "decay": 40.0, "norm": "layernorm", "beta_schedule": "sigmoid", "beta_1": 0.0007490114316851326, "beta_T": 0.014975576013615467, "T": 109.47071045369947}, "parameter_index": 0}',
    index: 0
  },
  placementConstraint: { type: 'None', gpus: [] }
}
[2023-03-18 10:36:14] INFO (NNIManager) Trial job OREuv status changed from WAITING to RUNNING
[2023-03-18 10:36:24] INFO (NNIManager) Trial job OREuv status changed from RUNNING to FAILED
[2023-03-18 10:36:24] INFO (NNIManager) NNIManager received command from dispatcher: TR, {"parameter_id": 12, "parameter_source": "algorithm", "parameters": {"feat_drop": 0.4, "attn_drop": 0.5, "nhead": 4, "num_hidden": 128, "LR": 0.00022928918101405304, "LR_f": 0.01286696533385683, "weight_decay_f": 1.818004892245262e-05, "alpha": 1, "alpha_l": 2, "decay": 20.0, "norm": "layernorm", "beta_schedule": "quad", "beta_1": 9.408297851616185e-05, "beta_T": 0.04180614821106809, "T": 453.11989852099913}, "parameter_index": 0}
[2023-03-18 10:36:29] INFO (NNIManager) submitTrialJob: form: {
  sequenceId: 12,
  hyperParameters: {
    value: '{"parameter_id": 12, "parameter_source": "algorithm", "parameters": {"feat_drop": 0.4, "attn_drop": 0.5, "nhead": 4, "num_hidden": 128, "LR": 0.00022928918101405304, "LR_f": 0.01286696533385683, "weight_decay_f": 1.818004892245262e-05, "alpha": 1, "alpha_l": 2, "decay": 20.0, "norm": "layernorm", "beta_schedule": "quad", "beta_1": 9.408297851616185e-05, "beta_T": 0.04180614821106809, "T": 453.11989852099913}, "parameter_index": 0}',
    index: 0
  },
  placementConstraint: { type: 'None', gpus: [] }
}
[2023-03-18 10:36:34] INFO (NNIManager) Trial job zX4NN status changed from WAITING to RUNNING
[2023-03-18 10:38:59] INFO (NNIManager) Trial job zX4NN status changed from RUNNING to SUCCEEDED
[2023-03-18 10:38:59] INFO (NNIManager) NNIManager received command from dispatcher: TR, {"parameter_id": 13, "parameter_source": "algorithm", "parameters": {"feat_drop": 0.1, "attn_drop": 0.5, "nhead": 4, "num_hidden": 256, "LR": 7.044113880453168e-05, "LR_f": 0.0029205677413985257, "weight_decay_f": 6.313642997268161e-06, "alpha": 1, "alpha_l": 2, "decay": 30.0, "norm": "batchnorm", "beta_schedule": "sigmoid", "beta_1": 0.00010365434238793081, "beta_T": 0.08117310730202672, "T": 293.7419178576164}, "parameter_index": 0}
[2023-03-18 10:39:04] INFO (NNIManager) submitTrialJob: form: {
  sequenceId: 13,
  hyperParameters: {
    value: '{"parameter_id": 13, "parameter_source": "algorithm", "parameters": {"feat_drop": 0.1, "attn_drop": 0.5, "nhead": 4, "num_hidden": 256, "LR": 7.044113880453168e-05, "LR_f": 0.0029205677413985257, "weight_decay_f": 6.313642997268161e-06, "alpha": 1, "alpha_l": 2, "decay": 30.0, "norm": "batchnorm", "beta_schedule": "sigmoid", "beta_1": 0.00010365434238793081, "beta_T": 0.08117310730202672, "T": 293.7419178576164}, "parameter_index": 0}',
    index: 0
  },
  placementConstraint: { type: 'None', gpus: [] }
}
[2023-03-18 10:39:09] INFO (NNIManager) Trial job RZw8M status changed from WAITING to RUNNING
[2023-03-18 10:41:34] INFO (NNIManager) Trial job RZw8M status changed from RUNNING to SUCCEEDED
[2023-03-18 10:41:34] INFO (NNIManager) NNIManager received command from dispatcher: TR, {"parameter_id": 14, "parameter_source": "algorithm", "parameters": {"feat_drop": 0.30000000000000004, "attn_drop": 0.30000000000000004, "nhead": 2, "num_hidden": 128, "LR": 0.00012101164004367808, "LR_f": 0.02263348859885597, "weight_decay_f": 6.95262278925151e-06, "alpha": 0.8, "alpha_l": 2, "decay": 40.0, "norm": "batchnorm", "beta_schedule": "quad", "beta_1": 0.0008234754442713011, "beta_T": 0.011630372887491428, "T": 121.28228208263837}, "parameter_index": 0}
[2023-03-18 10:41:39] INFO (NNIManager) submitTrialJob: form: {
  sequenceId: 14,
  hyperParameters: {
    value: '{"parameter_id": 14, "parameter_source": "algorithm", "parameters": {"feat_drop": 0.30000000000000004, "attn_drop": 0.30000000000000004, "nhead": 2, "num_hidden": 128, "LR": 0.00012101164004367808, "LR_f": 0.02263348859885597, "weight_decay_f": 6.95262278925151e-06, "alpha": 0.8, "alpha_l": 2, "decay": 40.0, "norm": "batchnorm", "beta_schedule": "quad", "beta_1": 0.0008234754442713011, "beta_T": 0.011630372887491428, "T": 121.28228208263837}, "parameter_index": 0}',
    index: 0
  },
  placementConstraint: { type: 'None', gpus: [] }
}
[2023-03-18 10:41:44] INFO (NNIManager) Trial job Z0rYz status changed from WAITING to RUNNING
[2023-03-18 10:41:54] INFO (NNIManager) Trial job Z0rYz status changed from RUNNING to FAILED
[2023-03-18 10:41:54] INFO (NNIManager) NNIManager received command from dispatcher: TR, {"parameter_id": 15, "parameter_source": "algorithm", "parameters": {"feat_drop": 0.4, "attn_drop": 0.5, "nhead": 2, "num_hidden": 128, "LR": 0.00013540237334260178, "LR_f": 0.007582516651510317, "weight_decay_f": 8.81275740511251e-06, "alpha": 0.4, "alpha_l": 2, "decay": 40.0, "norm": "layernorm", "beta_schedule": "sigmoid", "beta_1": 0.0005602176652791688, "beta_T": 0.04649623230902824, "T": 345.805682418149}, "parameter_index": 0}
[2023-03-18 10:41:59] INFO (NNIManager) submitTrialJob: form: {
  sequenceId: 15,
  hyperParameters: {
    value: '{"parameter_id": 15, "parameter_source": "algorithm", "parameters": {"feat_drop": 0.4, "attn_drop": 0.5, "nhead": 2, "num_hidden": 128, "LR": 0.00013540237334260178, "LR_f": 0.007582516651510317, "weight_decay_f": 8.81275740511251e-06, "alpha": 0.4, "alpha_l": 2, "decay": 40.0, "norm": "layernorm", "beta_schedule": "sigmoid", "beta_1": 0.0005602176652791688, "beta_T": 0.04649623230902824, "T": 345.805682418149}, "parameter_index": 0}',
    index: 0
  },
  placementConstraint: { type: 'None', gpus: [] }
}
[2023-03-18 10:42:04] INFO (NNIManager) Trial job WjrlE status changed from WAITING to RUNNING
[2023-03-18 10:44:29] INFO (NNIManager) Trial job WjrlE status changed from RUNNING to SUCCEEDED
[2023-03-18 10:44:29] INFO (NNIManager) NNIManager received command from dispatcher: TR, {"parameter_id": 16, "parameter_source": "algorithm", "parameters": {"feat_drop": 0.4, "attn_drop": 0.4, "nhead": 2, "num_hidden": 128, "LR": 0.00014064018193654052, "LR_f": 0.01193159958782806, "weight_decay_f": 5.744415227129361e-06, "alpha": 0.8, "alpha_l": 3, "decay": 20.0, "norm": "layernorm", "beta_schedule": "linear", "beta_1": 0.0002824973555788066, "beta_T": 0.046959820115131064, "T": 670.8194586682589}, "parameter_index": 0}
[2023-03-18 10:44:34] INFO (NNIManager) submitTrialJob: form: {
  sequenceId: 16,
  hyperParameters: {
    value: '{"parameter_id": 16, "parameter_source": "algorithm", "parameters": {"feat_drop": 0.4, "attn_drop": 0.4, "nhead": 2, "num_hidden": 128, "LR": 0.00014064018193654052, "LR_f": 0.01193159958782806, "weight_decay_f": 5.744415227129361e-06, "alpha": 0.8, "alpha_l": 3, "decay": 20.0, "norm": "layernorm", "beta_schedule": "linear", "beta_1": 0.0002824973555788066, "beta_T": 0.046959820115131064, "T": 670.8194586682589}, "parameter_index": 0}',
    index: 0
  },
  placementConstraint: { type: 'None', gpus: [] }
}
[2023-03-18 10:44:39] INFO (NNIManager) Trial job eWyFH status changed from WAITING to RUNNING
[2023-03-18 10:47:00] INFO (NNIManager) Trial job eWyFH status changed from RUNNING to SUCCEEDED
[2023-03-18 10:47:00] INFO (NNIManager) NNIManager received command from dispatcher: TR, {"parameter_id": 17, "parameter_source": "algorithm", "parameters": {"feat_drop": 0.1, "attn_drop": 0.4, "nhead": 2, "num_hidden": 256, "LR": 0.0001135624131718059, "LR_f": 0.002954660527222339, "weight_decay_f": 3.336927658668116e-06, "alpha": 1, "alpha_l": 3, "decay": 50.0, "norm": "layernorm", "beta_schedule": "const", "beta_1": 0.0008714900253323495, "beta_T": 0.00511858926753101, "T": 479.5794895845459}, "parameter_index": 0}
[2023-03-18 10:47:05] INFO (NNIManager) submitTrialJob: form: {
  sequenceId: 17,
  hyperParameters: {
    value: '{"parameter_id": 17, "parameter_source": "algorithm", "parameters": {"feat_drop": 0.1, "attn_drop": 0.4, "nhead": 2, "num_hidden": 256, "LR": 0.0001135624131718059, "LR_f": 0.002954660527222339, "weight_decay_f": 3.336927658668116e-06, "alpha": 1, "alpha_l": 3, "decay": 50.0, "norm": "layernorm", "beta_schedule": "const", "beta_1": 0.0008714900253323495, "beta_T": 0.00511858926753101, "T": 479.5794895845459}, "parameter_index": 0}',
    index: 0
  },
  placementConstraint: { type: 'None', gpus: [] }
}
[2023-03-18 10:47:10] INFO (NNIManager) Trial job AJsmn status changed from WAITING to RUNNING
[2023-03-18 10:48:20] INFO (ShutdownManager) Initiate shutdown: REST request
[2023-03-18 10:48:20] INFO (RestServer) Stopping REST server.
[2023-03-18 10:48:20] INFO (NNIManager) Change NNIManager status from: RUNNING to: STOPPING
[2023-03-18 10:48:20] INFO (NNIManager) Stopping experiment, cleaning up ...
[2023-03-18 10:48:22] INFO (RestServer) REST server stopped.
[2023-03-18 10:48:22] INFO (NNIManager) cancelTrialJob: AJsmn
[2023-03-18 10:48:22] INFO (LocalTrainingService) Stopping local machine training service...
[2023-03-18 10:48:22] INFO (NNIManager) Change NNIManager status from: STOPPING to: STOPPED
[2023-03-18 10:48:22] INFO (NNIManager) Experiment stopped.
[2023-03-18 10:48:22] INFO (NNITensorboardManager) Forced stopping all tensorboard task.
[2023-03-18 10:48:22] INFO (NNITensorboardManager) All tensorboard task stopped.
[2023-03-18 10:48:22] INFO (NNITensorboardManager) Tensorboard manager stopped.
[2023-03-18 10:48:22] INFO (ShutdownManager) Shutdown complete.
