[2023-03-06 02:49:43] PRINT ---new cfg------
[2023-03-06 02:49:43] PRINT {'DATA': {'data_name': 'MUTAG', 'deg4feat': True}, 'DATALOADER': {'NUM_WORKERS': 0, 'BATCH_SIZE': 32}, 'MODEL': {'num_hidden': 512, 'num_layers': 2, 'nhead': 4, 'activation': 'prelu', 'attn_drop': 0.1, 'feat_drop': 0.1, 'norm': 'layernorm', 'pooler': 'mean', 'beta_schedule': 'sigmoid', 'beta_1': 0.0006183439064972572, 'beta_T': 0.014141999480208663, 'T': 928}, 'SOLVER': {'optim_type': 'adamw', 'optim_type_f': 'adamw', 'alpha': 1, 'decay': 40, 'LR': 0.00037247624018226216, 'weight_decay': 0.0005, 'MAX_EPOCH': 50}, 'DEVICE': 'cuda', 'seeds': [11], 'eval_T': [50, 100, 200], 'output_dir': '/ddm-nni/MUTAG/log', 'checkpoint_dir': '/ddm-nni/MUTAG/log/checkpoint'}
[2023-03-06 02:49:43] PRINT [03/06 02:49:43 graph]: Rank of current process: 0. World size: 1
[2023-03-06 02:49:47] PRINT [03/06 02:49:47 graph]: Environment info:
[2023-03-06 02:49:47] PRINT PyTorch version: 1.10.0+cu113
[2023-03-06 02:49:47] PRINT Is debug build: False
[2023-03-06 02:49:47] PRINT CUDA used to build PyTorch: 11.3
[2023-03-06 02:49:47] PRINT ROCM used to build PyTorch: N/A
[2023-03-06 02:49:47] PRINT 
[2023-03-06 02:49:47] PRINT OS: Ubuntu 20.04.3 LTS (x86_64)
[2023-03-06 02:49:47] PRINT GCC version: (Ubuntu 9.3.0-17ubuntu1~20.04) 9.3.0
[2023-03-06 02:49:47] PRINT Clang version: Could not collect
[2023-03-06 02:49:47] PRINT CMake version: version 3.16.3
[2023-03-06 02:49:47] PRINT Libc version: glibc-2.31
[2023-03-06 02:49:47] PRINT 
[2023-03-06 02:49:47] PRINT Python version: 3.8.10 (default, Jun  4 2021, 15:09:15)  [GCC 7.5.0] (64-bit runtime)
[2023-03-06 02:49:47] PRINT Python platform: Linux-5.4.0-90-generic-x86_64-with-glibc2.17
[2023-03-06 02:49:47] PRINT Is CUDA available: True
[2023-03-06 02:49:47] PRINT CUDA runtime version: 11.3.109
[2023-03-06 02:49:47] PRINT GPU models and configuration: GPU 0: NVIDIA GeForce RTX 3090
[2023-03-06 02:49:47] PRINT Nvidia driver version: 495.44
[2023-03-06 02:49:47] PRINT cuDNN version: Probably one of the following:
[2023-03-06 02:49:47] PRINT /usr/lib/x86_64-linux-gnu/libcudnn.so.8.2.0
[2023-03-06 02:49:47] PRINT /usr/lib/x86_64-linux-gnu/libcudnn_adv_infer.so.8.2.0
[2023-03-06 02:49:47] PRINT /usr/lib/x86_64-linux-gnu/libcudnn_adv_train.so.8.2.0
[2023-03-06 02:49:47] PRINT /usr/lib/x86_64-linux-gnu/libcudnn_cnn_infer.so.8.2.0
[2023-03-06 02:49:47] PRINT /usr/lib/x86_64-linux-gnu/libcudnn_cnn_train.so.8.2.0
[2023-03-06 02:49:47] PRINT /usr/lib/x86_64-linux-gnu/libcudnn_ops_infer.so.8.2.0
[2023-03-06 02:49:47] PRINT /usr/lib/x86_64-linux-gnu/libcudnn_ops_train.so.8.2.0
[2023-03-06 02:49:47] PRINT HIP runtime version: N/A
[2023-03-06 02:49:47] PRINT MIOpen runtime version: N/A
[2023-03-06 02:49:47] PRINT 
[2023-03-06 02:49:47] PRINT Versions of relevant libraries:
[2023-03-06 02:49:47] PRINT [pip3] numpy==1.23.5
[2023-03-06 02:49:47] PRINT [pip3] torch==1.10.0+cu113
[2023-03-06 02:49:47] PRINT [pip3] torchvision==0.11.1+cu113
[2023-03-06 02:49:47] PRINT [conda] blas                      1.0                         mkl    https://mirrors.ustc.edu.cn/anaconda/pkgs/main
[2023-03-06 02:49:47] PRINT [conda] mkl                       2021.4.0           h06a4308_640    https://mirrors.ustc.edu.cn/anaconda/pkgs/main
[2023-03-06 02:49:47] PRINT [conda] mkl-service               2.4.0            py38h7f8727e_0    https://mirrors.ustc.edu.cn/anaconda/pkgs/main
[2023-03-06 02:49:47] PRINT [conda] mkl_fft                   1.3.1            py38hd3c417c_0    https://mirrors.ustc.edu.cn/anaconda/pkgs/main
[2023-03-06 02:49:47] PRINT [conda] mkl_random                1.2.2            py38h51133e4_0    https://mirrors.ustc.edu.cn/anaconda/pkgs/main
[2023-03-06 02:49:47] PRINT [conda] numpy                     1.21.4                   pypi_0    pypi
[2023-03-06 02:49:47] PRINT [conda] numpy-base                1.23.5           py38h31eccc5_0    https://mirrors.ustc.edu.cn/anaconda/pkgs/main
[2023-03-06 02:49:47] PRINT [conda] torch                     1.10.0+cu113             pypi_0    pypi
[2023-03-06 02:49:47] PRINT [conda] torchvision               0.11.1+cu113             pypi_0    pypi
[2023-03-06 02:49:47] PRINT         Pillow (8.4.0)
[2023-03-06 02:49:47] PRINT [03/06 02:49:47 graph]: Command line arguments: Namespace(local_rank=0, resume=False, seed=1234, start_epoch=0)
[2023-03-06 02:49:47] PRINT Using degree as node features
[2023-03-06 02:49:47] PRINT ******** # Num Graphs: 188, # Num Feat: 5, # Num Classes: 2 ********
[2023-03-06 02:49:47] PRINT [03/06 02:49:47 graph]: Run 0th for seed 11
[2023-03-06 02:49:47] PRINT [03/06 02:49:47 graph]: Total trainable params num : 5216367
[2023-03-06 02:49:51] PRINT [03/06 02:49:51 graph]: ----------Start Training----------
[2023-03-06 02:49:52] PRINT [03/06 02:49:52 graph]: Epoch 0 | train_loss: 0.7616 | lr: 0.000372
[2023-03-06 02:49:52] PRINT [03/06 02:49:52 graph]: Epoch 1 | train_loss: 0.3943 | lr: 0.000372
[2023-03-06 02:49:52] PRINT [03/06 02:49:52 graph]: Epoch 2 | train_loss: 0.3280 | lr: 0.000372
[2023-03-06 02:49:55] PRINT [03/06 02:49:55 graph]: #Test_f1: 0.8564±0.0578
[2023-03-06 02:49:55] PRINT [03/06 02:49:55 graph]: Epoch 2: get test f1 score:  0.856
[2023-03-06 02:49:55] PRINT [03/06 02:49:55 graph]: best_f1 0.856 at epoch 2
[2023-03-06 02:49:56] PRINT [03/06 02:49:56 graph]: Epoch 3 | train_loss: 0.2907 | lr: 0.000372
[2023-03-06 02:49:58] PRINT [03/06 02:49:58 graph]: #Test_f1: 0.8775±0.0345
[2023-03-06 02:49:59] PRINT [03/06 02:49:59 graph]: Epoch 3: get test f1 score:  0.877
[2023-03-06 02:49:59] PRINT [03/06 02:49:59 graph]: best_f1 0.877 at epoch 3
[2023-03-06 02:49:59] PRINT [03/06 02:49:59 graph]: Epoch 4 | train_loss: 0.2791 | lr: 0.000372
[2023-03-06 02:50:02] PRINT [03/06 02:50:02 graph]: #Test_f1: 0.8564±0.0528
[2023-03-06 02:50:02] PRINT [03/06 02:50:02 graph]: Epoch 4: get test f1 score:  0.856
[2023-03-06 02:50:02] PRINT [03/06 02:50:02 graph]: best_f1 0.877 at epoch 3
[2023-03-06 02:50:02] PRINT [03/06 02:50:02 graph]: Epoch 5 | train_loss: 0.2687 | lr: 0.000372
[2023-03-06 02:50:05] PRINT [03/06 02:50:05 graph]: #Test_f1: 0.8673±0.0589
[2023-03-06 02:50:06] PRINT [03/06 02:50:06 graph]: Epoch 5: get test f1 score:  0.867
[2023-03-06 02:50:06] PRINT [03/06 02:50:06 graph]: best_f1 0.877 at epoch 3
[2023-03-06 02:50:06] PRINT [03/06 02:50:06 graph]: Epoch 6 | train_loss: 0.2419 | lr: 0.000372
[2023-03-06 02:50:09] PRINT [03/06 02:50:09 graph]: #Test_f1: 0.8722±0.0426
[2023-03-06 02:50:09] PRINT [03/06 02:50:09 graph]: Epoch 6: get test f1 score:  0.872
[2023-03-06 02:50:09] PRINT [03/06 02:50:09 graph]: best_f1 0.877 at epoch 3
[2023-03-06 02:50:09] PRINT [03/06 02:50:09 graph]: Epoch 7 | train_loss: 0.2306 | lr: 0.000372
[2023-03-06 02:50:12] PRINT [03/06 02:50:12 graph]: #Test_f1: 0.8936±0.0527
[2023-03-06 02:50:12] PRINT [03/06 02:50:12 graph]: Epoch 7: get test f1 score:  0.894
[2023-03-06 02:50:12] PRINT [03/06 02:50:12 graph]: best_f1 0.894 at epoch 7
[2023-03-06 02:50:13] PRINT [03/06 02:50:13 graph]: Epoch 8 | train_loss: 0.2161 | lr: 0.000372
[2023-03-06 02:50:16] PRINT [03/06 02:50:16 graph]: #Test_f1: 0.8830±0.0313
[2023-03-06 02:50:16] PRINT [03/06 02:50:16 graph]: Epoch 8: get test f1 score:  0.883
[2023-03-06 02:50:16] PRINT [03/06 02:50:16 graph]: best_f1 0.894 at epoch 7
[2023-03-06 02:50:16] PRINT [03/06 02:50:16 graph]: Epoch 9 | train_loss: 0.2015 | lr: 0.000372
[2023-03-06 02:50:19] PRINT [03/06 02:50:19 graph]: #Test_f1: 0.8667±0.0436
[2023-03-06 02:50:19] PRINT [03/06 02:50:19 graph]: Epoch 9: get test f1 score:  0.867
[2023-03-06 02:50:19] PRINT [03/06 02:50:19 graph]: best_f1 0.894 at epoch 7
[2023-03-06 02:50:19] PRINT [03/06 02:50:19 graph]: Epoch 10 | train_loss: 0.1964 | lr: 0.000372
[2023-03-06 02:50:22] PRINT [03/06 02:50:22 graph]: #Test_f1: 0.8775±0.0479
[2023-03-06 02:50:22] PRINT [03/06 02:50:22 graph]: Epoch 10: get test f1 score:  0.877
[2023-03-06 02:50:22] PRINT [03/06 02:50:22 graph]: best_f1 0.894 at epoch 7
[2023-03-06 02:50:23] PRINT [03/06 02:50:23 graph]: Epoch 11 | train_loss: 0.1910 | lr: 0.000372
[2023-03-06 02:50:26] PRINT [03/06 02:50:26 graph]: #Test_f1: 0.8988±0.0446
[2023-03-06 02:50:26] PRINT [03/06 02:50:26 graph]: Epoch 11: get test f1 score:  0.899
[2023-03-06 02:50:26] PRINT [03/06 02:50:26 graph]: best_f1 0.899 at epoch 11
[2023-03-06 02:50:26] PRINT [03/06 02:50:26 graph]: Epoch 12 | train_loss: 0.1760 | lr: 0.000372
[2023-03-06 02:50:29] PRINT [03/06 02:50:29 graph]: #Test_f1: 0.8877±0.0514
[2023-03-06 02:50:29] PRINT [03/06 02:50:29 graph]: Epoch 12: get test f1 score:  0.888
[2023-03-06 02:50:29] PRINT [03/06 02:50:29 graph]: best_f1 0.899 at epoch 11
[2023-03-06 02:50:30] PRINT [03/06 02:50:30 graph]: Epoch 13 | train_loss: 0.1797 | lr: 0.000372
[2023-03-06 02:50:33] PRINT [03/06 02:50:33 graph]: #Test_f1: 0.8716±0.0741
[2023-03-06 02:50:33] PRINT [03/06 02:50:33 graph]: Epoch 13: get test f1 score:  0.872
[2023-03-06 02:50:33] PRINT [03/06 02:50:33 graph]: best_f1 0.899 at epoch 11
[2023-03-06 02:50:33] PRINT [03/06 02:50:33 graph]: Epoch 14 | train_loss: 0.1707 | lr: 0.000372
[2023-03-06 02:50:36] PRINT [03/06 02:50:36 graph]: #Test_f1: 0.8506±0.0583
[2023-03-06 02:50:36] PRINT [03/06 02:50:36 graph]: Epoch 14: get test f1 score:  0.851
[2023-03-06 02:50:36] PRINT [03/06 02:50:36 graph]: best_f1 0.899 at epoch 11
[2023-03-06 02:50:36] PRINT [03/06 02:50:36 graph]: Epoch 15 | train_loss: 0.1694 | lr: 0.000372
[2023-03-06 02:50:39] PRINT [03/06 02:50:39 graph]: #Test_f1: 0.8830±0.0399
[2023-03-06 02:50:39] PRINT [03/06 02:50:39 graph]: Epoch 15: get test f1 score:  0.883
[2023-03-06 02:50:39] PRINT [03/06 02:50:39 graph]: best_f1 0.899 at epoch 11
[2023-03-06 02:50:40] PRINT [03/06 02:50:40 graph]: Epoch 16 | train_loss: 0.1604 | lr: 0.000372
[2023-03-06 02:50:42] PRINT [03/06 02:50:42 graph]: #Test_f1: 0.8833±0.0454
[2023-03-06 02:50:43] PRINT [03/06 02:50:43 graph]: Epoch 16: get test f1 score:  0.883
[2023-03-06 02:50:43] PRINT [03/06 02:50:43 graph]: best_f1 0.899 at epoch 11
[2023-03-06 02:50:43] PRINT [03/06 02:50:43 graph]: Epoch 17 | train_loss: 0.1696 | lr: 0.000372
[2023-03-06 02:50:45] PRINT [03/06 02:50:45 graph]: #Test_f1: 0.8827±0.0403
[2023-03-06 02:50:46] PRINT [03/06 02:50:46 graph]: Epoch 17: get test f1 score:  0.883
[2023-03-06 02:50:46] PRINT [03/06 02:50:46 graph]: best_f1 0.899 at epoch 11
[2023-03-06 02:50:46] PRINT [03/06 02:50:46 graph]: Epoch 18 | train_loss: 0.1625 | lr: 0.000372
[2023-03-06 02:50:49] PRINT [03/06 02:50:49 graph]: #Test_f1: 0.8716±0.0561
[2023-03-06 02:50:49] PRINT [03/06 02:50:49 graph]: Epoch 18: get test f1 score:  0.872
[2023-03-06 02:50:49] PRINT [03/06 02:50:49 graph]: best_f1 0.899 at epoch 11
[2023-03-06 02:50:49] PRINT [03/06 02:50:49 graph]: Epoch 19 | train_loss: 0.1537 | lr: 0.000372
[2023-03-06 02:50:52] PRINT [03/06 02:50:52 graph]: #Test_f1: 0.8561±0.0419
[2023-03-06 02:50:52] PRINT [03/06 02:50:52 graph]: Epoch 19: get test f1 score:  0.856
[2023-03-06 02:50:52] PRINT [03/06 02:50:52 graph]: best_f1 0.899 at epoch 11
[2023-03-06 02:50:53] PRINT [03/06 02:50:53 graph]: Epoch 20 | train_loss: 0.1525 | lr: 0.000372
[2023-03-06 02:50:55] PRINT [03/06 02:50:55 graph]: #Test_f1: 0.8558±0.0641
[2023-03-06 02:50:56] PRINT [03/06 02:50:56 graph]: Epoch 20: get test f1 score:  0.856
[2023-03-06 02:50:56] PRINT [03/06 02:50:56 graph]: best_f1 0.899 at epoch 11
[2023-03-06 02:50:56] PRINT [03/06 02:50:56 graph]: Epoch 21 | train_loss: 0.1504 | lr: 0.000372
[2023-03-06 02:50:59] PRINT [03/06 02:50:59 graph]: #Test_f1: 0.8614±0.0431
[2023-03-06 02:50:59] PRINT [03/06 02:50:59 graph]: Epoch 21: get test f1 score:  0.861
[2023-03-06 02:50:59] PRINT [03/06 02:50:59 graph]: best_f1 0.899 at epoch 11
[2023-03-06 02:50:59] PRINT [03/06 02:50:59 graph]: Epoch 22 | train_loss: 0.1456 | lr: 0.000372
[2023-03-06 02:51:02] PRINT [03/06 02:51:02 graph]: #Test_f1: 0.8719±0.0602
[2023-03-06 02:51:03] PRINT [03/06 02:51:03 graph]: Epoch 22: get test f1 score:  0.872
[2023-03-06 02:51:03] PRINT [03/06 02:51:03 graph]: best_f1 0.899 at epoch 11
[2023-03-06 02:51:03] PRINT [03/06 02:51:03 graph]: Epoch 23 | train_loss: 0.1447 | lr: 0.000372
[2023-03-06 02:51:06] PRINT [03/06 02:51:06 graph]: #Test_f1: 0.8772±0.0591
[2023-03-06 02:51:06] PRINT [03/06 02:51:06 graph]: Epoch 23: get test f1 score:  0.877
[2023-03-06 02:51:06] PRINT [03/06 02:51:06 graph]: best_f1 0.899 at epoch 11
[2023-03-06 02:51:06] PRINT [03/06 02:51:06 graph]: Epoch 24 | train_loss: 0.1520 | lr: 0.000372
[2023-03-06 02:51:09] PRINT [03/06 02:51:09 graph]: #Test_f1: 0.8611±0.0505
[2023-03-06 02:51:10] PRINT [03/06 02:51:10 graph]: Epoch 24: get test f1 score:  0.861
[2023-03-06 02:51:10] PRINT [03/06 02:51:10 graph]: best_f1 0.899 at epoch 11
[2023-03-06 02:51:10] PRINT [03/06 02:51:10 graph]: Epoch 25 | train_loss: 0.1485 | lr: 0.000372
[2023-03-06 02:51:12] PRINT [03/06 02:51:12 graph]: #Test_f1: 0.8830±0.0457
[2023-03-06 02:51:13] PRINT [03/06 02:51:13 graph]: Epoch 25: get test f1 score:  0.883
[2023-03-06 02:51:13] PRINT [03/06 02:51:13 graph]: best_f1 0.899 at epoch 11
[2023-03-06 02:51:13] PRINT [03/06 02:51:13 graph]: Epoch 26 | train_loss: 0.1463 | lr: 0.000372
[2023-03-06 02:51:16] PRINT [03/06 02:51:16 graph]: #Test_f1: 0.8608±0.0622
[2023-03-06 02:51:16] PRINT [03/06 02:51:16 graph]: Epoch 26: get test f1 score:  0.861
[2023-03-06 02:51:16] PRINT [03/06 02:51:16 graph]: best_f1 0.899 at epoch 11
[2023-03-06 02:51:16] PRINT [03/06 02:51:16 graph]: Epoch 27 | train_loss: 0.1433 | lr: 0.000372
[2023-03-06 02:51:19] PRINT [03/06 02:51:19 graph]: #Test_f1: 0.8719±0.0495
[2023-03-06 02:51:20] PRINT [03/06 02:51:20 graph]: Epoch 27: get test f1 score:  0.872
[2023-03-06 02:51:20] PRINT [03/06 02:51:20 graph]: best_f1 0.899 at epoch 11
[2023-03-06 02:51:20] PRINT [03/06 02:51:20 graph]: Epoch 28 | train_loss: 0.1464 | lr: 0.000372
[2023-03-06 02:51:23] PRINT [03/06 02:51:23 graph]: #Test_f1: 0.8778±0.0407
[2023-03-06 02:51:23] PRINT [03/06 02:51:23 graph]: Epoch 28: get test f1 score:  0.878
[2023-03-06 02:51:23] PRINT [03/06 02:51:23 graph]: best_f1 0.899 at epoch 11
[2023-03-06 02:51:23] PRINT [03/06 02:51:23 graph]: Epoch 29 | train_loss: 0.1396 | lr: 0.000372
[2023-03-06 02:51:26] PRINT [03/06 02:51:26 graph]: #Test_f1: 0.8722±0.0486
[2023-03-06 02:51:26] PRINT [03/06 02:51:26 graph]: Epoch 29: get test f1 score:  0.872
[2023-03-06 02:51:26] PRINT [03/06 02:51:26 graph]: best_f1 0.899 at epoch 11
[2023-03-06 02:51:26] PRINT [03/06 02:51:26 graph]: Epoch 30 | train_loss: 0.1400 | lr: 0.000372
[2023-03-06 02:51:29] PRINT [03/06 02:51:29 graph]: #Test_f1: 0.8775±0.0479
[2023-03-06 02:51:30] PRINT [03/06 02:51:30 graph]: Epoch 30: get test f1 score:  0.877
[2023-03-06 02:51:30] PRINT [03/06 02:51:30 graph]: best_f1 0.899 at epoch 11
[2023-03-06 02:51:30] PRINT [03/06 02:51:30 graph]: Epoch 31 | train_loss: 0.1397 | lr: 0.000372
[2023-03-06 02:51:33] PRINT [03/06 02:51:33 graph]: #Test_f1: 0.8775±0.0479
[2023-03-06 02:51:33] PRINT [03/06 02:51:33 graph]: Epoch 31: get test f1 score:  0.877
[2023-03-06 02:51:33] PRINT [03/06 02:51:33 graph]: best_f1 0.899 at epoch 11
[2023-03-06 02:51:33] PRINT [03/06 02:51:33 graph]: Epoch 32 | train_loss: 0.1407 | lr: 0.000372
[2023-03-06 02:51:36] PRINT [03/06 02:51:36 graph]: #Test_f1: 0.8833±0.0654
[2023-03-06 02:51:36] PRINT [03/06 02:51:36 graph]: Epoch 32: get test f1 score:  0.883
[2023-03-06 02:51:36] PRINT [03/06 02:51:36 graph]: best_f1 0.899 at epoch 11
[2023-03-06 02:51:37] PRINT [03/06 02:51:37 graph]: Epoch 33 | train_loss: 0.1375 | lr: 0.000372
[2023-03-06 02:51:39] PRINT [03/06 02:51:39 graph]: #Test_f1: 0.8719±0.0596
[2023-03-06 02:51:40] PRINT [03/06 02:51:40 graph]: Epoch 33: get test f1 score:  0.872
[2023-03-06 02:51:40] PRINT [03/06 02:51:40 graph]: best_f1 0.899 at epoch 11
[2023-03-06 02:51:40] PRINT [03/06 02:51:40 graph]: Epoch 34 | train_loss: 0.1370 | lr: 0.000372
[2023-03-06 02:51:43] PRINT [03/06 02:51:43 graph]: #Test_f1: 0.8725±0.0588
[2023-03-06 02:51:43] PRINT [03/06 02:51:43 graph]: Epoch 34: get test f1 score:  0.873
[2023-03-06 02:51:43] PRINT [03/06 02:51:43 graph]: best_f1 0.899 at epoch 11
[2023-03-06 02:51:43] PRINT [03/06 02:51:43 graph]: Epoch 35 | train_loss: 0.1413 | lr: 0.000372
[2023-03-06 02:51:46] PRINT [03/06 02:51:46 graph]: #Test_f1: 0.8775±0.0418
[2023-03-06 02:51:46] PRINT [03/06 02:51:46 graph]: Epoch 35: get test f1 score:  0.877
[2023-03-06 02:51:46] PRINT [03/06 02:51:46 graph]: best_f1 0.899 at epoch 11
[2023-03-06 02:51:47] PRINT [03/06 02:51:47 graph]: Epoch 36 | train_loss: 0.1347 | lr: 0.000372
[2023-03-06 02:51:50] PRINT [03/06 02:51:50 graph]: #Test_f1: 0.8722±0.0486
[2023-03-06 02:51:50] PRINT [03/06 02:51:50 graph]: Epoch 36: get test f1 score:  0.872
[2023-03-06 02:51:50] PRINT [03/06 02:51:50 graph]: best_f1 0.899 at epoch 11
[2023-03-06 02:51:50] PRINT [03/06 02:51:50 graph]: Epoch 37 | train_loss: 0.1452 | lr: 0.000372
[2023-03-06 02:51:53] PRINT [03/06 02:51:53 graph]: #Test_f1: 0.8722±0.0486
[2023-03-06 02:51:53] PRINT [03/06 02:51:53 graph]: Epoch 37: get test f1 score:  0.872
[2023-03-06 02:51:53] PRINT [03/06 02:51:53 graph]: best_f1 0.899 at epoch 11
[2023-03-06 02:51:53] PRINT [03/06 02:51:53 graph]: Epoch 38 | train_loss: 0.1348 | lr: 0.000372
[2023-03-06 02:51:56] PRINT [03/06 02:51:56 graph]: #Test_f1: 0.8719±0.0501
[2023-03-06 02:51:57] PRINT [03/06 02:51:57 graph]: Epoch 38: get test f1 score:  0.872
[2023-03-06 02:51:57] PRINT [03/06 02:51:57 graph]: best_f1 0.899 at epoch 11
[2023-03-06 02:51:57] PRINT [03/06 02:51:57 graph]: Epoch 39 | train_loss: 0.1300 | lr: 0.000372
[2023-03-06 02:52:00] PRINT [03/06 02:52:00 graph]: #Test_f1: 0.8719±0.0366
[2023-03-06 02:52:00] PRINT [03/06 02:52:00 graph]: Epoch 39: get test f1 score:  0.872
[2023-03-06 02:52:00] PRINT [03/06 02:52:00 graph]: best_f1 0.899 at epoch 11
[2023-03-06 02:52:00] PRINT [03/06 02:52:00 graph]: Epoch 40 | train_loss: 0.1324 | lr: 0.000372
[2023-03-06 02:52:03] PRINT [03/06 02:52:03 graph]: #Test_f1: 0.8719±0.0646
[2023-03-06 02:52:03] PRINT [03/06 02:52:03 graph]: Epoch 40: get test f1 score:  0.872
[2023-03-06 02:52:03] PRINT [03/06 02:52:03 graph]: best_f1 0.899 at epoch 11
[2023-03-06 02:52:04] PRINT [03/06 02:52:04 graph]: Epoch 41 | train_loss: 0.1252 | lr: 0.000372
[2023-03-06 02:52:06] PRINT [03/06 02:52:06 graph]: #Test_f1: 0.8558±0.0495
[2023-03-06 02:52:07] PRINT [03/06 02:52:07 graph]: Epoch 41: get test f1 score:  0.856
[2023-03-06 02:52:07] PRINT [03/06 02:52:07 graph]: best_f1 0.899 at epoch 11
[2023-03-06 02:52:07] PRINT [03/06 02:52:07 graph]: Epoch 42 | train_loss: 0.1352 | lr: 0.000372
[2023-03-06 02:52:10] PRINT [03/06 02:52:10 graph]: #Test_f1: 0.8719±0.0366
[2023-03-06 02:52:10] PRINT [03/06 02:52:10 graph]: Epoch 42: get test f1 score:  0.872
[2023-03-06 02:52:10] PRINT [03/06 02:52:10 graph]: best_f1 0.899 at epoch 11
[2023-03-06 02:52:10] PRINT [03/06 02:52:10 graph]: Epoch 43 | train_loss: 0.1216 | lr: 0.000372
[2023-03-06 02:52:13] PRINT [03/06 02:52:13 graph]: #Test_f1: 0.8830±0.0565
[2023-03-06 02:52:13] PRINT [03/06 02:52:13 graph]: Epoch 43: get test f1 score:  0.883
[2023-03-06 02:52:13] PRINT [03/06 02:52:13 graph]: best_f1 0.899 at epoch 11
[2023-03-06 02:52:14] PRINT [03/06 02:52:14 graph]: Epoch 44 | train_loss: 0.1347 | lr: 0.000372
[2023-03-06 02:52:16] PRINT [03/06 02:52:16 graph]: #Test_f1: 0.8617±0.0422
[2023-03-06 02:52:17] PRINT [03/06 02:52:17 graph]: Epoch 44: get test f1 score:  0.862
[2023-03-06 02:52:17] PRINT [03/06 02:52:17 graph]: best_f1 0.899 at epoch 11
[2023-03-06 02:52:17] PRINT [03/06 02:52:17 graph]: Epoch 45 | train_loss: 0.1357 | lr: 0.000372
[2023-03-06 02:52:20] PRINT [03/06 02:52:20 graph]: #Test_f1: 0.8827±0.0327
[2023-03-06 02:52:20] PRINT [03/06 02:52:20 graph]: Epoch 45: get test f1 score:  0.883
[2023-03-06 02:52:20] PRINT [03/06 02:52:20 graph]: best_f1 0.899 at epoch 11
[2023-03-06 02:52:20] PRINT [03/06 02:52:20 graph]: Epoch 46 | train_loss: 0.1346 | lr: 0.000372
[2023-03-06 02:52:23] PRINT [03/06 02:52:23 graph]: #Test_f1: 0.8667±0.0502
[2023-03-06 02:52:23] PRINT [03/06 02:52:23 graph]: Epoch 46: get test f1 score:  0.867
[2023-03-06 02:52:23] PRINT [03/06 02:52:23 graph]: best_f1 0.899 at epoch 11
[2023-03-06 02:52:23] PRINT [03/06 02:52:23 graph]: Epoch 47 | train_loss: 0.1338 | lr: 0.000372
[2023-03-06 02:52:26] PRINT [03/06 02:52:26 graph]: #Test_f1: 0.8719±0.0443
[2023-03-06 02:52:26] PRINT [03/06 02:52:26 graph]: Epoch 47: get test f1 score:  0.872
[2023-03-06 02:52:26] PRINT [03/06 02:52:26 graph]: best_f1 0.899 at epoch 11
[2023-03-06 02:52:27] PRINT [03/06 02:52:27 graph]: Epoch 48 | train_loss: 0.1367 | lr: 0.000372
[2023-03-06 02:52:29] PRINT [03/06 02:52:29 graph]: #Test_f1: 0.8719±0.0366
[2023-03-06 02:52:30] PRINT [03/06 02:52:30 graph]: Epoch 48: get test f1 score:  0.872
[2023-03-06 02:52:30] PRINT [03/06 02:52:30 graph]: best_f1 0.899 at epoch 11
[2023-03-06 02:52:30] PRINT [03/06 02:52:30 graph]: Epoch 49 | train_loss: 0.1321 | lr: 0.000372
[2023-03-06 02:52:33] PRINT [03/06 02:52:33 graph]: #Test_f1: 0.8614±0.0498
[2023-03-06 02:52:33] PRINT [03/06 02:52:33 graph]: Epoch 49: get test f1 score:  0.861
[2023-03-06 02:52:33] PRINT [03/06 02:52:33 graph]: best_f1 0.899 at epoch 11
[2023-03-06 02:52:33] PRINT [03/06 02:52:33 graph]: # final_acc: 0.8988±0.0000
