[2023-03-06 07:43:51] PRINT ---new cfg------
[2023-03-06 07:43:51] PRINT {'DATA': {'data_name': 'MUTAG', 'deg4feat': True}, 'DATALOADER': {'NUM_WORKERS': 0, 'BATCH_SIZE': 32}, 'MODEL': {'num_hidden': 512, 'num_layers': 2, 'nhead': 4, 'activation': 'prelu', 'attn_drop': 0.1, 'feat_drop': 0.2, 'norm': 'layernorm', 'pooler': 'mean', 'beta_schedule': 'sigmoid', 'beta_1': 0.0004005224754853868, 'beta_T': 0.017000690447478085, 'T': 801}, 'SOLVER': {'optim_type': 'adamw', 'optim_type_f': 'adamw', 'alpha': 1, 'decay': 40, 'LR': 0.0002477091343535412, 'weight_decay': 0.0005, 'MAX_EPOCH': 50}, 'DEVICE': 'cuda', 'seeds': [11], 'eval_T': [50, 100, 200], 'output_dir': '/ddm-nni/MUTAG/log', 'checkpoint_dir': '/ddm-nni/MUTAG/log/checkpoint'}
[2023-03-06 07:43:51] PRINT [03/06 07:43:51 graph]: Rank of current process: 0. World size: 1
[2023-03-06 07:43:54] PRINT [03/06 07:43:54 graph]: Environment info:
[2023-03-06 07:43:54] PRINT PyTorch version: 1.10.0+cu113
[2023-03-06 07:43:54] PRINT Is debug build: False
[2023-03-06 07:43:54] PRINT CUDA used to build PyTorch: 11.3
[2023-03-06 07:43:54] PRINT ROCM used to build PyTorch: N/A
[2023-03-06 07:43:54] PRINT 
[2023-03-06 07:43:54] PRINT OS: Ubuntu 20.04.3 LTS (x86_64)
[2023-03-06 07:43:54] PRINT GCC version: (Ubuntu 9.3.0-17ubuntu1~20.04) 9.3.0
[2023-03-06 07:43:54] PRINT Clang version: Could not collect
[2023-03-06 07:43:54] PRINT CMake version: version 3.16.3
[2023-03-06 07:43:54] PRINT Libc version: glibc-2.31
[2023-03-06 07:43:54] PRINT 
[2023-03-06 07:43:54] PRINT Python version: 3.8.10 (default, Jun  4 2021, 15:09:15)  [GCC 7.5.0] (64-bit runtime)
[2023-03-06 07:43:54] PRINT Python platform: Linux-5.4.0-90-generic-x86_64-with-glibc2.17
[2023-03-06 07:43:54] PRINT Is CUDA available: True
[2023-03-06 07:43:54] PRINT CUDA runtime version: 11.3.109
[2023-03-06 07:43:54] PRINT GPU models and configuration: GPU 0: NVIDIA GeForce RTX 3090
[2023-03-06 07:43:54] PRINT Nvidia driver version: 495.44
[2023-03-06 07:43:54] PRINT cuDNN version: Probably one of the following:
[2023-03-06 07:43:54] PRINT /usr/lib/x86_64-linux-gnu/libcudnn.so.8.2.0
[2023-03-06 07:43:54] PRINT /usr/lib/x86_64-linux-gnu/libcudnn_adv_infer.so.8.2.0
[2023-03-06 07:43:54] PRINT /usr/lib/x86_64-linux-gnu/libcudnn_adv_train.so.8.2.0
[2023-03-06 07:43:54] PRINT /usr/lib/x86_64-linux-gnu/libcudnn_cnn_infer.so.8.2.0
[2023-03-06 07:43:54] PRINT /usr/lib/x86_64-linux-gnu/libcudnn_cnn_train.so.8.2.0
[2023-03-06 07:43:54] PRINT /usr/lib/x86_64-linux-gnu/libcudnn_ops_infer.so.8.2.0
[2023-03-06 07:43:54] PRINT /usr/lib/x86_64-linux-gnu/libcudnn_ops_train.so.8.2.0
[2023-03-06 07:43:54] PRINT HIP runtime version: N/A
[2023-03-06 07:43:54] PRINT MIOpen runtime version: N/A
[2023-03-06 07:43:54] PRINT 
[2023-03-06 07:43:54] PRINT Versions of relevant libraries:
[2023-03-06 07:43:54] PRINT [pip3] numpy==1.23.5
[2023-03-06 07:43:54] PRINT [pip3] torch==1.10.0+cu113
[2023-03-06 07:43:54] PRINT [pip3] torchvision==0.11.1+cu113
[2023-03-06 07:43:54] PRINT [conda] blas                      1.0                         mkl    https://mirrors.ustc.edu.cn/anaconda/pkgs/main
[2023-03-06 07:43:54] PRINT [conda] mkl                       2021.4.0           h06a4308_640    https://mirrors.ustc.edu.cn/anaconda/pkgs/main
[2023-03-06 07:43:54] PRINT [conda] mkl-service               2.4.0            py38h7f8727e_0    https://mirrors.ustc.edu.cn/anaconda/pkgs/main
[2023-03-06 07:43:54] PRINT [conda] mkl_fft                   1.3.1            py38hd3c417c_0    https://mirrors.ustc.edu.cn/anaconda/pkgs/main
[2023-03-06 07:43:54] PRINT [conda] mkl_random                1.2.2            py38h51133e4_0    https://mirrors.ustc.edu.cn/anaconda/pkgs/main
[2023-03-06 07:43:54] PRINT [conda] numpy                     1.21.4                   pypi_0    pypi
[2023-03-06 07:43:54] PRINT [conda] numpy-base                1.23.5           py38h31eccc5_0    https://mirrors.ustc.edu.cn/anaconda/pkgs/main
[2023-03-06 07:43:54] PRINT [conda] torch                     1.10.0+cu113             pypi_0    pypi
[2023-03-06 07:43:54] PRINT [conda] torchvision               0.11.1+cu113             pypi_0    pypi
[2023-03-06 07:43:54] PRINT         Pillow (8.4.0)
[2023-03-06 07:43:54] PRINT [03/06 07:43:54 graph]: Command line arguments: Namespace(local_rank=0, resume=False, seed=1234, start_epoch=0)
[2023-03-06 07:43:54] PRINT Using degree as node features
[2023-03-06 07:43:54] PRINT ******** # Num Graphs: 188, # Num Feat: 5, # Num Classes: 2 ********
[2023-03-06 07:43:54] PRINT [03/06 07:43:54 graph]: Run 0th for seed 11
[2023-03-06 07:43:54] PRINT [03/06 07:43:54 graph]: Total trainable params num : 5151343
[2023-03-06 07:43:59] PRINT [03/06 07:43:59 graph]: ----------Start Training----------
[2023-03-06 07:43:59] PRINT [03/06 07:43:59 graph]: Epoch 0 | train_loss: 0.7257 | lr: 0.000248
[2023-03-06 07:43:59] PRINT [03/06 07:43:59 graph]: Epoch 1 | train_loss: 0.4206 | lr: 0.000248
[2023-03-06 07:44:00] PRINT [03/06 07:44:00 graph]: Epoch 2 | train_loss: 0.3414 | lr: 0.000248
[2023-03-06 07:44:02] PRINT [03/06 07:44:02 graph]: #Test_f1: 0.8772±0.0488
[2023-03-06 07:44:02] PRINT [03/06 07:44:02 graph]: Epoch 2: get test f1 score:  0.877
[2023-03-06 07:44:02] PRINT [03/06 07:44:02 graph]: best_f1 0.877 at epoch 2
[2023-03-06 07:44:03] PRINT [03/06 07:44:03 graph]: Epoch 3 | train_loss: 0.2887 | lr: 0.000248
[2023-03-06 07:44:06] PRINT [03/06 07:44:06 graph]: #Test_f1: 0.8725±0.0416
[2023-03-06 07:44:06] PRINT [03/06 07:44:06 graph]: Epoch 3: get test f1 score:  0.873
[2023-03-06 07:44:06] PRINT [03/06 07:44:06 graph]: best_f1 0.877 at epoch 2
[2023-03-06 07:44:06] PRINT [03/06 07:44:06 graph]: Epoch 4 | train_loss: 0.2740 | lr: 0.000248
[2023-03-06 07:44:09] PRINT [03/06 07:44:09 graph]: #Test_f1: 0.8778±0.0407
[2023-03-06 07:44:09] PRINT [03/06 07:44:09 graph]: Epoch 4: get test f1 score:  0.878
[2023-03-06 07:44:09] PRINT [03/06 07:44:09 graph]: best_f1 0.878 at epoch 4
[2023-03-06 07:44:10] PRINT [03/06 07:44:10 graph]: Epoch 5 | train_loss: 0.2576 | lr: 0.000248
[2023-03-06 07:44:13] PRINT [03/06 07:44:13 graph]: #Test_f1: 0.8722±0.0426
[2023-03-06 07:44:13] PRINT [03/06 07:44:13 graph]: Epoch 5: get test f1 score:  0.872
[2023-03-06 07:44:13] PRINT [03/06 07:44:13 graph]: best_f1 0.878 at epoch 4
[2023-03-06 07:44:13] PRINT [03/06 07:44:13 graph]: Epoch 6 | train_loss: 0.2416 | lr: 0.000248
[2023-03-06 07:44:16] PRINT [03/06 07:44:16 graph]: #Test_f1: 0.8778±0.0407
[2023-03-06 07:44:16] PRINT [03/06 07:44:16 graph]: Epoch 6: get test f1 score:  0.878
[2023-03-06 07:44:16] PRINT [03/06 07:44:16 graph]: best_f1 0.878 at epoch 4
[2023-03-06 07:44:16] PRINT [03/06 07:44:16 graph]: Epoch 7 | train_loss: 0.2377 | lr: 0.000248
[2023-03-06 07:44:19] PRINT [03/06 07:44:19 graph]: #Test_f1: 0.8725±0.0416
[2023-03-06 07:44:19] PRINT [03/06 07:44:19 graph]: Epoch 7: get test f1 score:  0.873
[2023-03-06 07:44:19] PRINT [03/06 07:44:19 graph]: best_f1 0.878 at epoch 4
[2023-03-06 07:44:20] PRINT [03/06 07:44:20 graph]: Epoch 8 | train_loss: 0.2299 | lr: 0.000248
[2023-03-06 07:44:22] PRINT [03/06 07:44:22 graph]: #Test_f1: 0.8725±0.0343
[2023-03-06 07:44:22] PRINT [03/06 07:44:22 graph]: Epoch 8: get test f1 score:  0.873
[2023-03-06 07:44:22] PRINT [03/06 07:44:22 graph]: best_f1 0.878 at epoch 4
[2023-03-06 07:44:23] PRINT [03/06 07:44:23 graph]: Epoch 9 | train_loss: 0.2198 | lr: 0.000248
[2023-03-06 07:44:26] PRINT [03/06 07:44:26 graph]: #Test_f1: 0.8722±0.0426
[2023-03-06 07:44:26] PRINT [03/06 07:44:26 graph]: Epoch 9: get test f1 score:  0.872
[2023-03-06 07:44:26] PRINT [03/06 07:44:26 graph]: best_f1 0.878 at epoch 4
[2023-03-06 07:44:26] PRINT [03/06 07:44:26 graph]: Epoch 10 | train_loss: 0.2197 | lr: 0.000248
[2023-03-06 07:44:29] PRINT [03/06 07:44:29 graph]: #Test_f1: 0.8670±0.0542
[2023-03-06 07:44:29] PRINT [03/06 07:44:29 graph]: Epoch 10: get test f1 score:  0.867
[2023-03-06 07:44:29] PRINT [03/06 07:44:29 graph]: best_f1 0.878 at epoch 4
[2023-03-06 07:44:30] PRINT [03/06 07:44:30 graph]: Epoch 11 | train_loss: 0.2072 | lr: 0.000248
[2023-03-06 07:44:33] PRINT [03/06 07:44:33 graph]: #Test_f1: 0.8778±0.0470
[2023-03-06 07:44:33] PRINT [03/06 07:44:33 graph]: Epoch 11: get test f1 score:  0.878
[2023-03-06 07:44:33] PRINT [03/06 07:44:33 graph]: best_f1 0.878 at epoch 4
[2023-03-06 07:44:33] PRINT [03/06 07:44:33 graph]: Epoch 12 | train_loss: 0.1995 | lr: 0.000248
[2023-03-06 07:44:36] PRINT [03/06 07:44:36 graph]: #Test_f1: 0.8775±0.0534
[2023-03-06 07:44:36] PRINT [03/06 07:44:36 graph]: Epoch 12: get test f1 score:  0.877
[2023-03-06 07:44:36] PRINT [03/06 07:44:36 graph]: best_f1 0.878 at epoch 4
[2023-03-06 07:44:37] PRINT [03/06 07:44:37 graph]: Epoch 13 | train_loss: 0.1977 | lr: 0.000248
[2023-03-06 07:44:39] PRINT [03/06 07:44:39 graph]: #Test_f1: 0.8825±0.0414
[2023-03-06 07:44:40] PRINT [03/06 07:44:40 graph]: Epoch 13: get test f1 score:  0.882
[2023-03-06 07:44:40] PRINT [03/06 07:44:40 graph]: best_f1 0.882 at epoch 13
[2023-03-06 07:44:40] PRINT [03/06 07:44:40 graph]: Epoch 14 | train_loss: 0.1813 | lr: 0.000248
[2023-03-06 07:44:43] PRINT [03/06 07:44:43 graph]: #Test_f1: 0.8827±0.0522
[2023-03-06 07:44:43] PRINT [03/06 07:44:43 graph]: Epoch 14: get test f1 score:  0.883
[2023-03-06 07:44:43] PRINT [03/06 07:44:43 graph]: best_f1 0.883 at epoch 14
[2023-03-06 07:44:43] PRINT [03/06 07:44:43 graph]: Epoch 15 | train_loss: 0.1863 | lr: 0.000248
[2023-03-06 07:44:46] PRINT [03/06 07:44:46 graph]: #Test_f1: 0.8880±0.0505
[2023-03-06 07:44:46] PRINT [03/06 07:44:46 graph]: Epoch 15: get test f1 score:  0.888
[2023-03-06 07:44:46] PRINT [03/06 07:44:46 graph]: best_f1 0.888 at epoch 15
[2023-03-06 07:44:47] PRINT [03/06 07:44:47 graph]: Epoch 16 | train_loss: 0.1849 | lr: 0.000248
[2023-03-06 07:44:49] PRINT [03/06 07:44:49 graph]: #Test_f1: 0.8988±0.0505
[2023-03-06 07:44:50] PRINT [03/06 07:44:50 graph]: Epoch 16: get test f1 score:  0.899
[2023-03-06 07:44:50] PRINT [03/06 07:44:50 graph]: best_f1 0.899 at epoch 16
[2023-03-06 07:44:50] PRINT [03/06 07:44:50 graph]: Epoch 17 | train_loss: 0.1724 | lr: 0.000248
[2023-03-06 07:44:53] PRINT [03/06 07:44:53 graph]: #Test_f1: 0.8880±0.0447
[2023-03-06 07:44:53] PRINT [03/06 07:44:53 graph]: Epoch 17: get test f1 score:  0.888
[2023-03-06 07:44:53] PRINT [03/06 07:44:53 graph]: best_f1 0.899 at epoch 16
[2023-03-06 07:44:54] PRINT [03/06 07:44:54 graph]: Epoch 18 | train_loss: 0.1765 | lr: 0.000248
[2023-03-06 07:44:56] PRINT [03/06 07:44:56 graph]: #Test_f1: 0.8988±0.0690
[2023-03-06 07:44:57] PRINT [03/06 07:44:57 graph]: Epoch 18: get test f1 score:  0.899
[2023-03-06 07:44:57] PRINT [03/06 07:44:57 graph]: best_f1 0.899 at epoch 16
[2023-03-06 07:44:57] PRINT [03/06 07:44:57 graph]: Epoch 19 | train_loss: 0.1722 | lr: 0.000248
[2023-03-06 07:45:00] PRINT [03/06 07:45:00 graph]: #Test_f1: 0.8772±0.0591
[2023-03-06 07:45:00] PRINT [03/06 07:45:00 graph]: Epoch 19: get test f1 score:  0.877
[2023-03-06 07:45:00] PRINT [03/06 07:45:00 graph]: best_f1 0.899 at epoch 16
[2023-03-06 07:45:00] PRINT [03/06 07:45:00 graph]: Epoch 20 | train_loss: 0.1716 | lr: 0.000248
[2023-03-06 07:45:03] PRINT [03/06 07:45:03 graph]: #Test_f1: 0.8830±0.0464
[2023-03-06 07:45:03] PRINT [03/06 07:45:03 graph]: Epoch 20: get test f1 score:  0.883
[2023-03-06 07:45:03] PRINT [03/06 07:45:03 graph]: best_f1 0.899 at epoch 16
[2023-03-06 07:45:04] PRINT [03/06 07:45:04 graph]: Epoch 21 | train_loss: 0.1747 | lr: 0.000248
[2023-03-06 07:45:06] PRINT [03/06 07:45:06 graph]: #Test_f1: 0.8778±0.0477
[2023-03-06 07:45:07] PRINT [03/06 07:45:07 graph]: Epoch 21: get test f1 score:  0.878
[2023-03-06 07:45:07] PRINT [03/06 07:45:07 graph]: best_f1 0.899 at epoch 16
[2023-03-06 07:45:07] PRINT [03/06 07:45:07 graph]: Epoch 22 | train_loss: 0.1681 | lr: 0.000248
[2023-03-06 07:45:10] PRINT [03/06 07:45:10 graph]: #Test_f1: 0.8933±0.0536
[2023-03-06 07:45:10] PRINT [03/06 07:45:10 graph]: Epoch 22: get test f1 score:  0.893
[2023-03-06 07:45:10] PRINT [03/06 07:45:10 graph]: best_f1 0.899 at epoch 16
[2023-03-06 07:45:10] PRINT [03/06 07:45:10 graph]: Epoch 23 | train_loss: 0.1691 | lr: 0.000248
[2023-03-06 07:45:13] PRINT [03/06 07:45:13 graph]: #Test_f1: 0.8772±0.0591
[2023-03-06 07:45:13] PRINT [03/06 07:45:13 graph]: Epoch 23: get test f1 score:  0.877
[2023-03-06 07:45:13] PRINT [03/06 07:45:13 graph]: best_f1 0.899 at epoch 16
[2023-03-06 07:45:14] PRINT [03/06 07:45:14 graph]: Epoch 24 | train_loss: 0.1712 | lr: 0.000248
[2023-03-06 07:45:16] PRINT [03/06 07:45:16 graph]: #Test_f1: 0.8719±0.0596
[2023-03-06 07:45:17] PRINT [03/06 07:45:17 graph]: Epoch 24: get test f1 score:  0.872
[2023-03-06 07:45:17] PRINT [03/06 07:45:17 graph]: best_f1 0.899 at epoch 16
[2023-03-06 07:45:17] PRINT [03/06 07:45:17 graph]: Epoch 25 | train_loss: 0.1685 | lr: 0.000248
[2023-03-06 07:45:20] PRINT [03/06 07:45:20 graph]: #Test_f1: 0.8667±0.0496
[2023-03-06 07:45:20] PRINT [03/06 07:45:20 graph]: Epoch 25: get test f1 score:  0.867
[2023-03-06 07:45:20] PRINT [03/06 07:45:20 graph]: best_f1 0.899 at epoch 16
[2023-03-06 07:45:20] PRINT [03/06 07:45:20 graph]: Epoch 26 | train_loss: 0.1650 | lr: 0.000248
[2023-03-06 07:45:23] PRINT [03/06 07:45:23 graph]: #Test_f1: 0.8988±0.0505
[2023-03-06 07:45:23] PRINT [03/06 07:45:23 graph]: Epoch 26: get test f1 score:  0.899
[2023-03-06 07:45:23] PRINT [03/06 07:45:23 graph]: best_f1 0.899 at epoch 16
[2023-03-06 07:45:24] PRINT [03/06 07:45:24 graph]: Epoch 27 | train_loss: 0.1559 | lr: 0.000248
[2023-03-06 07:45:26] PRINT [03/06 07:45:26 graph]: #Test_f1: 0.8667±0.0436
[2023-03-06 07:45:27] PRINT [03/06 07:45:27 graph]: Epoch 27: get test f1 score:  0.867
[2023-03-06 07:45:27] PRINT [03/06 07:45:27 graph]: best_f1 0.899 at epoch 16
[2023-03-06 07:45:27] PRINT [03/06 07:45:27 graph]: Epoch 28 | train_loss: 0.1583 | lr: 0.000248
[2023-03-06 07:45:30] PRINT [03/06 07:45:30 graph]: #Test_f1: 0.8561±0.0481
[2023-03-06 07:45:30] PRINT [03/06 07:45:30 graph]: Epoch 28: get test f1 score:  0.856
[2023-03-06 07:45:30] PRINT [03/06 07:45:30 graph]: best_f1 0.899 at epoch 16
[2023-03-06 07:45:31] PRINT [03/06 07:45:31 graph]: Epoch 29 | train_loss: 0.1497 | lr: 0.000248
[2023-03-06 07:45:33] PRINT [03/06 07:45:33 graph]: #Test_f1: 0.8453±0.0513
[2023-03-06 07:45:34] PRINT [03/06 07:45:34 graph]: Epoch 29: get test f1 score:  0.845
[2023-03-06 07:45:34] PRINT [03/06 07:45:34 graph]: best_f1 0.899 at epoch 16
[2023-03-06 07:45:34] PRINT [03/06 07:45:34 graph]: Epoch 30 | train_loss: 0.1481 | lr: 0.000248
[2023-03-06 07:45:37] PRINT [03/06 07:45:37 graph]: #Test_f1: 0.8558±0.0495
[2023-03-06 07:45:37] PRINT [03/06 07:45:37 graph]: Epoch 30: get test f1 score:  0.856
[2023-03-06 07:45:37] PRINT [03/06 07:45:37 graph]: best_f1 0.899 at epoch 16
[2023-03-06 07:45:37] PRINT [03/06 07:45:37 graph]: Epoch 31 | train_loss: 0.1451 | lr: 0.000248
[2023-03-06 07:45:40] PRINT [03/06 07:45:40 graph]: #Test_f1: 0.8614±0.0545
[2023-03-06 07:45:40] PRINT [03/06 07:45:40 graph]: Epoch 31: get test f1 score:  0.861
[2023-03-06 07:45:40] PRINT [03/06 07:45:40 graph]: best_f1 0.899 at epoch 16
[2023-03-06 07:45:41] PRINT [03/06 07:45:41 graph]: Epoch 32 | train_loss: 0.1473 | lr: 0.000248
[2023-03-06 07:45:44] PRINT [03/06 07:45:44 graph]: #Test_f1: 0.8778±0.0532
[2023-03-06 07:45:44] PRINT [03/06 07:45:44 graph]: Epoch 32: get test f1 score:  0.878
[2023-03-06 07:45:44] PRINT [03/06 07:45:44 graph]: best_f1 0.899 at epoch 16
[2023-03-06 07:45:44] PRINT [03/06 07:45:44 graph]: Epoch 33 | train_loss: 0.1482 | lr: 0.000248
[2023-03-06 07:45:47] PRINT [03/06 07:45:47 graph]: #Test_f1: 0.8556±0.0613
[2023-03-06 07:45:47] PRINT [03/06 07:45:47 graph]: Epoch 33: get test f1 score:  0.856
[2023-03-06 07:45:47] PRINT [03/06 07:45:47 graph]: best_f1 0.899 at epoch 16
[2023-03-06 07:45:48] PRINT [03/06 07:45:48 graph]: Epoch 34 | train_loss: 0.1413 | lr: 0.000248
[2023-03-06 07:45:50] PRINT [03/06 07:45:50 graph]: #Test_f1: 0.8401±0.0425
[2023-03-06 07:45:51] PRINT [03/06 07:45:51 graph]: Epoch 34: get test f1 score:  0.840
[2023-03-06 07:45:51] PRINT [03/06 07:45:51 graph]: best_f1 0.899 at epoch 16
[2023-03-06 07:45:51] PRINT [03/06 07:45:51 graph]: Epoch 35 | train_loss: 0.1475 | lr: 0.000248
[2023-03-06 07:45:54] PRINT [03/06 07:45:54 graph]: #Test_f1: 0.8401±0.0425
[2023-03-06 07:45:54] PRINT [03/06 07:45:54 graph]: Epoch 35: get test f1 score:  0.840
[2023-03-06 07:45:54] PRINT [03/06 07:45:54 graph]: best_f1 0.899 at epoch 16
[2023-03-06 07:45:54] PRINT [03/06 07:45:54 graph]: Epoch 36 | train_loss: 0.1411 | lr: 0.000248
[2023-03-06 07:45:57] PRINT [03/06 07:45:57 graph]: #Test_f1: 0.8345±0.0471
[2023-03-06 07:45:57] PRINT [03/06 07:45:57 graph]: Epoch 36: get test f1 score:  0.835
[2023-03-06 07:45:57] PRINT [03/06 07:45:57 graph]: best_f1 0.899 at epoch 16
[2023-03-06 07:45:58] PRINT [03/06 07:45:58 graph]: Epoch 37 | train_loss: 0.1417 | lr: 0.000248
[2023-03-06 07:46:00] PRINT [03/06 07:46:00 graph]: #Test_f1: 0.8348±0.0508
[2023-03-06 07:46:01] PRINT [03/06 07:46:01 graph]: Epoch 37: get test f1 score:  0.835
[2023-03-06 07:46:01] PRINT [03/06 07:46:01 graph]: best_f1 0.899 at epoch 16
[2023-03-06 07:46:01] PRINT [03/06 07:46:01 graph]: Epoch 38 | train_loss: 0.1455 | lr: 0.000248
[2023-03-06 07:46:04] PRINT [03/06 07:46:04 graph]: #Test_f1: 0.8398±0.0605
[2023-03-06 07:46:04] PRINT [03/06 07:46:04 graph]: Epoch 38: get test f1 score:  0.840
[2023-03-06 07:46:04] PRINT [03/06 07:46:04 graph]: best_f1 0.899 at epoch 16
[2023-03-06 07:46:04] PRINT [03/06 07:46:04 graph]: Epoch 39 | train_loss: 0.1447 | lr: 0.000248
[2023-03-06 07:46:07] PRINT [03/06 07:46:07 graph]: #Test_f1: 0.8453±0.0455
[2023-03-06 07:46:07] PRINT [03/06 07:46:07 graph]: Epoch 39: get test f1 score:  0.845
[2023-03-06 07:46:07] PRINT [03/06 07:46:07 graph]: best_f1 0.899 at epoch 16
[2023-03-06 07:46:07] PRINT [03/06 07:46:07 graph]: Epoch 40 | train_loss: 0.1333 | lr: 0.000248
[2023-03-06 07:46:10] PRINT [03/06 07:46:10 graph]: #Test_f1: 0.8404±0.0238
[2023-03-06 07:46:10] PRINT [03/06 07:46:10 graph]: Epoch 40: get test f1 score:  0.840
[2023-03-06 07:46:10] PRINT [03/06 07:46:10 graph]: best_f1 0.899 at epoch 16
[2023-03-06 07:46:11] PRINT [03/06 07:46:11 graph]: Epoch 41 | train_loss: 0.1383 | lr: 0.000248
[2023-03-06 07:46:13] PRINT [03/06 07:46:13 graph]: #Test_f1: 0.8292±0.0428
[2023-03-06 07:46:14] PRINT [03/06 07:46:14 graph]: Epoch 41: get test f1 score:  0.829
[2023-03-06 07:46:14] PRINT [03/06 07:46:14 graph]: best_f1 0.899 at epoch 16
[2023-03-06 07:46:14] PRINT [03/06 07:46:14 graph]: Epoch 42 | train_loss: 0.1340 | lr: 0.000248
[2023-03-06 07:46:17] PRINT [03/06 07:46:17 graph]: #Test_f1: 0.8401±0.0425
[2023-03-06 07:46:17] PRINT [03/06 07:46:17 graph]: Epoch 42: get test f1 score:  0.840
[2023-03-06 07:46:17] PRINT [03/06 07:46:17 graph]: best_f1 0.899 at epoch 16
[2023-03-06 07:46:17] PRINT [03/06 07:46:17 graph]: Epoch 43 | train_loss: 0.1380 | lr: 0.000248
[2023-03-06 07:46:20] PRINT [03/06 07:46:20 graph]: #Test_f1: 0.8453±0.0513
[2023-03-06 07:46:20] PRINT [03/06 07:46:20 graph]: Epoch 43: get test f1 score:  0.845
[2023-03-06 07:46:20] PRINT [03/06 07:46:20 graph]: best_f1 0.899 at epoch 16
[2023-03-06 07:46:20] PRINT [03/06 07:46:20 graph]: Epoch 44 | train_loss: 0.1386 | lr: 0.000248
[2023-03-06 07:46:23] PRINT [03/06 07:46:23 graph]: #Test_f1: 0.8348±0.0384
[2023-03-06 07:46:23] PRINT [03/06 07:46:23 graph]: Epoch 44: get test f1 score:  0.835
[2023-03-06 07:46:23] PRINT [03/06 07:46:23 graph]: best_f1 0.899 at epoch 16
[2023-03-06 07:46:24] PRINT [03/06 07:46:24 graph]: Epoch 45 | train_loss: 0.1366 | lr: 0.000248
[2023-03-06 07:46:27] PRINT [03/06 07:46:27 graph]: #Test_f1: 0.8401±0.0425
[2023-03-06 07:46:27] PRINT [03/06 07:46:27 graph]: Epoch 45: get test f1 score:  0.840
[2023-03-06 07:46:27] PRINT [03/06 07:46:27 graph]: best_f1 0.899 at epoch 16
[2023-03-06 07:46:27] PRINT [03/06 07:46:27 graph]: Epoch 46 | train_loss: 0.1354 | lr: 0.000248
[2023-03-06 07:46:30] PRINT [03/06 07:46:30 graph]: #Test_f1: 0.8295±0.0331
[2023-03-06 07:46:30] PRINT [03/06 07:46:30 graph]: Epoch 46: get test f1 score:  0.830
[2023-03-06 07:46:30] PRINT [03/06 07:46:30 graph]: best_f1 0.899 at epoch 16
[2023-03-06 07:46:31] PRINT [03/06 07:46:31 graph]: Epoch 47 | train_loss: 0.1413 | lr: 0.000248
[2023-03-06 07:46:33] PRINT [03/06 07:46:33 graph]: #Test_f1: 0.8348±0.0304
[2023-03-06 07:46:34] PRINT [03/06 07:46:34 graph]: Epoch 47: get test f1 score:  0.835
[2023-03-06 07:46:34] PRINT [03/06 07:46:34 graph]: best_f1 0.899 at epoch 16
[2023-03-06 07:46:34] PRINT [03/06 07:46:34 graph]: Epoch 48 | train_loss: 0.1319 | lr: 0.000248
[2023-03-06 07:46:37] PRINT [03/06 07:46:37 graph]: #Test_f1: 0.8456±0.0289
[2023-03-06 07:46:37] PRINT [03/06 07:46:37 graph]: Epoch 48: get test f1 score:  0.846
[2023-03-06 07:46:37] PRINT [03/06 07:46:37 graph]: best_f1 0.899 at epoch 16
[2023-03-06 07:46:38] PRINT [03/06 07:46:38 graph]: Epoch 49 | train_loss: 0.1341 | lr: 0.000248
[2023-03-06 07:46:40] PRINT [03/06 07:46:40 graph]: #Test_f1: 0.8404±0.0409
[2023-03-06 07:46:41] PRINT [03/06 07:46:41 graph]: Epoch 49: get test f1 score:  0.840
[2023-03-06 07:46:41] PRINT [03/06 07:46:41 graph]: best_f1 0.899 at epoch 16
[2023-03-06 07:46:41] PRINT [03/06 07:46:41 graph]: # final_acc: 0.8988±0.0000
