[2023-03-06 05:43:57] PRINT ---new cfg------
[2023-03-06 05:43:57] PRINT {'DATA': {'data_name': 'MUTAG', 'deg4feat': True}, 'DATALOADER': {'NUM_WORKERS': 0, 'BATCH_SIZE': 32}, 'MODEL': {'num_hidden': 512, 'num_layers': 2, 'nhead': 4, 'activation': 'prelu', 'attn_drop': 0.1, 'feat_drop': 0.2, 'norm': 'layernorm', 'pooler': 'mean', 'beta_schedule': 'sigmoid', 'beta_1': 0.0005303712426821116, 'beta_T': 0.033711712824401094, 'T': 739}, 'SOLVER': {'optim_type': 'adamw', 'optim_type_f': 'adamw', 'alpha': 1, 'decay': 40, 'LR': 0.0005153105522451853, 'weight_decay': 0.0005, 'MAX_EPOCH': 50}, 'DEVICE': 'cuda', 'seeds': [11], 'eval_T': [50, 100, 200], 'output_dir': '/ddm-nni/MUTAG/log', 'checkpoint_dir': '/ddm-nni/MUTAG/log/checkpoint'}
[2023-03-06 05:43:57] PRINT [03/06 05:43:57 graph]: Rank of current process: 0. World size: 1
[2023-03-06 05:44:01] PRINT [03/06 05:44:01 graph]: Environment info:
[2023-03-06 05:44:01] PRINT PyTorch version: 1.10.0+cu113
[2023-03-06 05:44:01] PRINT Is debug build: False
[2023-03-06 05:44:01] PRINT CUDA used to build PyTorch: 11.3
[2023-03-06 05:44:01] PRINT ROCM used to build PyTorch: N/A
[2023-03-06 05:44:01] PRINT 
[2023-03-06 05:44:01] PRINT OS: Ubuntu 20.04.3 LTS (x86_64)
[2023-03-06 05:44:01] PRINT GCC version: (Ubuntu 9.3.0-17ubuntu1~20.04) 9.3.0
[2023-03-06 05:44:01] PRINT Clang version: Could not collect
[2023-03-06 05:44:01] PRINT CMake version: version 3.16.3
[2023-03-06 05:44:01] PRINT Libc version: glibc-2.31
[2023-03-06 05:44:01] PRINT 
[2023-03-06 05:44:01] PRINT Python version: 3.8.10 (default, Jun  4 2021, 15:09:15)  [GCC 7.5.0] (64-bit runtime)
[2023-03-06 05:44:01] PRINT Python platform: Linux-5.4.0-90-generic-x86_64-with-glibc2.17
[2023-03-06 05:44:01] PRINT Is CUDA available: True
[2023-03-06 05:44:01] PRINT CUDA runtime version: 11.3.109
[2023-03-06 05:44:01] PRINT GPU models and configuration: GPU 0: NVIDIA GeForce RTX 3090
[2023-03-06 05:44:01] PRINT Nvidia driver version: 495.44
[2023-03-06 05:44:01] PRINT cuDNN version: Probably one of the following:
[2023-03-06 05:44:01] PRINT /usr/lib/x86_64-linux-gnu/libcudnn.so.8.2.0
[2023-03-06 05:44:01] PRINT /usr/lib/x86_64-linux-gnu/libcudnn_adv_infer.so.8.2.0
[2023-03-06 05:44:01] PRINT /usr/lib/x86_64-linux-gnu/libcudnn_adv_train.so.8.2.0
[2023-03-06 05:44:01] PRINT /usr/lib/x86_64-linux-gnu/libcudnn_cnn_infer.so.8.2.0
[2023-03-06 05:44:01] PRINT /usr/lib/x86_64-linux-gnu/libcudnn_cnn_train.so.8.2.0
[2023-03-06 05:44:01] PRINT /usr/lib/x86_64-linux-gnu/libcudnn_ops_infer.so.8.2.0
[2023-03-06 05:44:01] PRINT /usr/lib/x86_64-linux-gnu/libcudnn_ops_train.so.8.2.0
[2023-03-06 05:44:01] PRINT HIP runtime version: N/A
[2023-03-06 05:44:01] PRINT MIOpen runtime version: N/A
[2023-03-06 05:44:01] PRINT 
[2023-03-06 05:44:01] PRINT Versions of relevant libraries:
[2023-03-06 05:44:01] PRINT [pip3] numpy==1.23.5
[2023-03-06 05:44:01] PRINT [pip3] torch==1.10.0+cu113
[2023-03-06 05:44:01] PRINT [pip3] torchvision==0.11.1+cu113
[2023-03-06 05:44:01] PRINT [conda] blas                      1.0                         mkl    https://mirrors.ustc.edu.cn/anaconda/pkgs/main
[2023-03-06 05:44:01] PRINT [conda] mkl                       2021.4.0           h06a4308_640    https://mirrors.ustc.edu.cn/anaconda/pkgs/main
[2023-03-06 05:44:01] PRINT [conda] mkl-service               2.4.0            py38h7f8727e_0    https://mirrors.ustc.edu.cn/anaconda/pkgs/main
[2023-03-06 05:44:01] PRINT [conda] mkl_fft                   1.3.1            py38hd3c417c_0    https://mirrors.ustc.edu.cn/anaconda/pkgs/main
[2023-03-06 05:44:01] PRINT [conda] mkl_random                1.2.2            py38h51133e4_0    https://mirrors.ustc.edu.cn/anaconda/pkgs/main
[2023-03-06 05:44:01] PRINT [conda] numpy                     1.21.4                   pypi_0    pypi
[2023-03-06 05:44:01] PRINT [conda] numpy-base                1.23.5           py38h31eccc5_0    https://mirrors.ustc.edu.cn/anaconda/pkgs/main
[2023-03-06 05:44:01] PRINT [conda] torch                     1.10.0+cu113             pypi_0    pypi
[2023-03-06 05:44:01] PRINT [conda] torchvision               0.11.1+cu113             pypi_0    pypi
[2023-03-06 05:44:01] PRINT         Pillow (8.4.0)
[2023-03-06 05:44:01] PRINT [03/06 05:44:01 graph]: Command line arguments: Namespace(local_rank=0, resume=False, seed=1234, start_epoch=0)
[2023-03-06 05:44:01] PRINT Using degree as node features
[2023-03-06 05:44:01] PRINT ******** # Num Graphs: 188, # Num Feat: 5, # Num Classes: 2 ********
[2023-03-06 05:44:01] PRINT [03/06 05:44:01 graph]: Run 0th for seed 11
[2023-03-06 05:44:01] PRINT [03/06 05:44:01 graph]: Total trainable params num : 5119599
[2023-03-06 05:44:06] PRINT [03/06 05:44:06 graph]: ----------Start Training----------
[2023-03-06 05:44:06] PRINT [03/06 05:44:06 graph]: Epoch 0 | train_loss: 0.7682 | lr: 0.000515
[2023-03-06 05:44:06] PRINT [03/06 05:44:06 graph]: Epoch 1 | train_loss: 0.4508 | lr: 0.000515
[2023-03-06 05:44:06] PRINT [03/06 05:44:06 graph]: Epoch 2 | train_loss: 0.3673 | lr: 0.000515
[2023-03-06 05:44:09] PRINT [03/06 05:44:09 graph]: #Test_f1: 0.8351±0.0444
[2023-03-06 05:44:09] PRINT [03/06 05:44:09 graph]: Epoch 2: get test f1 score:  0.835
[2023-03-06 05:44:09] PRINT [03/06 05:44:09 graph]: best_f1 0.835 at epoch 2
[2023-03-06 05:44:10] PRINT [03/06 05:44:10 graph]: Epoch 3 | train_loss: 0.3528 | lr: 0.000515
[2023-03-06 05:44:13] PRINT [03/06 05:44:13 graph]: #Test_f1: 0.8357±0.0543
[2023-03-06 05:44:13] PRINT [03/06 05:44:13 graph]: Epoch 3: get test f1 score:  0.836
[2023-03-06 05:44:13] PRINT [03/06 05:44:13 graph]: best_f1 0.836 at epoch 3
[2023-03-06 05:44:13] PRINT [03/06 05:44:13 graph]: Epoch 4 | train_loss: 0.3171 | lr: 0.000515
[2023-03-06 05:44:16] PRINT [03/06 05:44:16 graph]: #Test_f1: 0.8035±0.0574
[2023-03-06 05:44:17] PRINT [03/06 05:44:17 graph]: Epoch 4: get test f1 score:  0.804
[2023-03-06 05:44:17] PRINT [03/06 05:44:17 graph]: best_f1 0.836 at epoch 3
[2023-03-06 05:44:17] PRINT [03/06 05:44:17 graph]: Epoch 5 | train_loss: 0.3096 | lr: 0.000515
[2023-03-06 05:44:20] PRINT [03/06 05:44:20 graph]: #Test_f1: 0.8295±0.0331
[2023-03-06 05:44:20] PRINT [03/06 05:44:20 graph]: Epoch 5: get test f1 score:  0.830
[2023-03-06 05:44:20] PRINT [03/06 05:44:20 graph]: best_f1 0.836 at epoch 3
[2023-03-06 05:44:20] PRINT [03/06 05:44:20 graph]: Epoch 6 | train_loss: 0.2817 | lr: 0.000515
[2023-03-06 05:44:23] PRINT [03/06 05:44:23 graph]: #Test_f1: 0.8295±0.0469
[2023-03-06 05:44:23] PRINT [03/06 05:44:23 graph]: Epoch 6: get test f1 score:  0.830
[2023-03-06 05:44:23] PRINT [03/06 05:44:23 graph]: best_f1 0.836 at epoch 3
[2023-03-06 05:44:24] PRINT [03/06 05:44:24 graph]: Epoch 7 | train_loss: 0.2760 | lr: 0.000515
[2023-03-06 05:44:27] PRINT [03/06 05:44:27 graph]: #Test_f1: 0.8518±0.0616
[2023-03-06 05:44:27] PRINT [03/06 05:44:27 graph]: Epoch 7: get test f1 score:  0.852
[2023-03-06 05:44:27] PRINT [03/06 05:44:27 graph]: best_f1 0.852 at epoch 7
[2023-03-06 05:44:27] PRINT [03/06 05:44:27 graph]: Epoch 8 | train_loss: 0.2644 | lr: 0.000515
[2023-03-06 05:44:30] PRINT [03/06 05:44:30 graph]: #Test_f1: 0.8032±0.0473
[2023-03-06 05:44:30] PRINT [03/06 05:44:30 graph]: Epoch 8: get test f1 score:  0.803
[2023-03-06 05:44:30] PRINT [03/06 05:44:30 graph]: best_f1 0.852 at epoch 7
[2023-03-06 05:44:31] PRINT [03/06 05:44:31 graph]: Epoch 9 | train_loss: 0.2445 | lr: 0.000515
[2023-03-06 05:44:33] PRINT [03/06 05:44:33 graph]: #Test_f1: 0.8351±0.0555
[2023-03-06 05:44:34] PRINT [03/06 05:44:34 graph]: Epoch 9: get test f1 score:  0.835
[2023-03-06 05:44:34] PRINT [03/06 05:44:34 graph]: best_f1 0.852 at epoch 7
[2023-03-06 05:44:34] PRINT [03/06 05:44:34 graph]: Epoch 10 | train_loss: 0.2214 | lr: 0.000515
[2023-03-06 05:44:37] PRINT [03/06 05:44:37 graph]: #Test_f1: 0.8509±0.0666
[2023-03-06 05:44:37] PRINT [03/06 05:44:37 graph]: Epoch 10: get test f1 score:  0.851
[2023-03-06 05:44:37] PRINT [03/06 05:44:37 graph]: best_f1 0.852 at epoch 7
[2023-03-06 05:44:37] PRINT [03/06 05:44:37 graph]: Epoch 11 | train_loss: 0.2043 | lr: 0.000515
[2023-03-06 05:44:40] PRINT [03/06 05:44:40 graph]: #Test_f1: 0.8567±0.0572
[2023-03-06 05:44:40] PRINT [03/06 05:44:40 graph]: Epoch 11: get test f1 score:  0.857
[2023-03-06 05:44:40] PRINT [03/06 05:44:40 graph]: best_f1 0.857 at epoch 11
[2023-03-06 05:44:40] PRINT [03/06 05:44:40 graph]: Epoch 12 | train_loss: 0.1910 | lr: 0.000515
[2023-03-06 05:44:43] PRINT [03/06 05:44:43 graph]: #Test_f1: 0.8515±0.0748
[2023-03-06 05:44:44] PRINT [03/06 05:44:44 graph]: Epoch 12: get test f1 score:  0.851
[2023-03-06 05:44:44] PRINT [03/06 05:44:44 graph]: best_f1 0.857 at epoch 11
[2023-03-06 05:44:44] PRINT [03/06 05:44:44 graph]: Epoch 13 | train_loss: 0.1945 | lr: 0.000515
[2023-03-06 05:44:47] PRINT [03/06 05:44:47 graph]: #Test_f1: 0.8406±0.0521
[2023-03-06 05:44:47] PRINT [03/06 05:44:47 graph]: Epoch 13: get test f1 score:  0.841
[2023-03-06 05:44:47] PRINT [03/06 05:44:47 graph]: best_f1 0.857 at epoch 11
[2023-03-06 05:44:47] PRINT [03/06 05:44:47 graph]: Epoch 14 | train_loss: 0.1774 | lr: 0.000515
[2023-03-06 05:44:50] PRINT [03/06 05:44:50 graph]: #Test_f1: 0.8462±0.0639
[2023-03-06 05:44:50] PRINT [03/06 05:44:50 graph]: Epoch 14: get test f1 score:  0.846
[2023-03-06 05:44:50] PRINT [03/06 05:44:50 graph]: best_f1 0.857 at epoch 11
[2023-03-06 05:44:51] PRINT [03/06 05:44:51 graph]: Epoch 15 | train_loss: 0.1788 | lr: 0.000515
[2023-03-06 05:44:54] PRINT [03/06 05:44:54 graph]: #Test_f1: 0.8509±0.0520
[2023-03-06 05:44:54] PRINT [03/06 05:44:54 graph]: Epoch 15: get test f1 score:  0.851
[2023-03-06 05:44:54] PRINT [03/06 05:44:54 graph]: best_f1 0.857 at epoch 11
[2023-03-06 05:44:54] PRINT [03/06 05:44:54 graph]: Epoch 16 | train_loss: 0.1619 | lr: 0.000515
[2023-03-06 05:44:57] PRINT [03/06 05:44:57 graph]: #Test_f1: 0.8401±0.0485
[2023-03-06 05:44:57] PRINT [03/06 05:44:57 graph]: Epoch 16: get test f1 score:  0.840
[2023-03-06 05:44:57] PRINT [03/06 05:44:57 graph]: best_f1 0.857 at epoch 11
[2023-03-06 05:44:57] PRINT [03/06 05:44:57 graph]: Epoch 17 | train_loss: 0.1621 | lr: 0.000515
[2023-03-06 05:45:00] PRINT [03/06 05:45:00 graph]: #Test_f1: 0.8509±0.0520
[2023-03-06 05:45:01] PRINT [03/06 05:45:01 graph]: Epoch 17: get test f1 score:  0.851
[2023-03-06 05:45:01] PRINT [03/06 05:45:01 graph]: best_f1 0.857 at epoch 11
[2023-03-06 05:45:01] PRINT [03/06 05:45:01 graph]: Epoch 18 | train_loss: 0.1591 | lr: 0.000515
[2023-03-06 05:45:04] PRINT [03/06 05:45:04 graph]: #Test_f1: 0.8561±0.0419
[2023-03-06 05:45:04] PRINT [03/06 05:45:04 graph]: Epoch 18: get test f1 score:  0.856
[2023-03-06 05:45:04] PRINT [03/06 05:45:04 graph]: best_f1 0.857 at epoch 11
[2023-03-06 05:45:04] PRINT [03/06 05:45:04 graph]: Epoch 19 | train_loss: 0.1574 | lr: 0.000515
[2023-03-06 05:45:07] PRINT [03/06 05:45:07 graph]: #Test_f1: 0.8611±0.0557
[2023-03-06 05:45:07] PRINT [03/06 05:45:07 graph]: Epoch 19: get test f1 score:  0.861
[2023-03-06 05:45:07] PRINT [03/06 05:45:07 graph]: best_f1 0.861 at epoch 19
[2023-03-06 05:45:08] PRINT [03/06 05:45:08 graph]: Epoch 20 | train_loss: 0.1377 | lr: 0.000515
[2023-03-06 05:45:10] PRINT [03/06 05:45:10 graph]: #Test_f1: 0.8667±0.0549
[2023-03-06 05:45:11] PRINT [03/06 05:45:11 graph]: Epoch 20: get test f1 score:  0.867
[2023-03-06 05:45:11] PRINT [03/06 05:45:11 graph]: best_f1 0.867 at epoch 20
[2023-03-06 05:45:11] PRINT [03/06 05:45:11 graph]: Epoch 21 | train_loss: 0.1464 | lr: 0.000515
[2023-03-06 05:45:14] PRINT [03/06 05:45:14 graph]: #Test_f1: 0.8561±0.0347
[2023-03-06 05:45:14] PRINT [03/06 05:45:14 graph]: Epoch 21: get test f1 score:  0.856
[2023-03-06 05:45:14] PRINT [03/06 05:45:14 graph]: best_f1 0.867 at epoch 20
[2023-03-06 05:45:14] PRINT [03/06 05:45:14 graph]: Epoch 22 | train_loss: 0.1401 | lr: 0.000515
[2023-03-06 05:45:17] PRINT [03/06 05:45:17 graph]: #Test_f1: 0.8667±0.0496
[2023-03-06 05:45:17] PRINT [03/06 05:45:17 graph]: Epoch 22: get test f1 score:  0.867
[2023-03-06 05:45:17] PRINT [03/06 05:45:17 graph]: best_f1 0.867 at epoch 20
[2023-03-06 05:45:18] PRINT [03/06 05:45:18 graph]: Epoch 23 | train_loss: 0.1384 | lr: 0.000515
[2023-03-06 05:45:20] PRINT [03/06 05:45:20 graph]: #Test_f1: 0.8509±0.0571
[2023-03-06 05:45:21] PRINT [03/06 05:45:21 graph]: Epoch 23: get test f1 score:  0.851
[2023-03-06 05:45:21] PRINT [03/06 05:45:21 graph]: best_f1 0.867 at epoch 20
[2023-03-06 05:45:21] PRINT [03/06 05:45:21 graph]: Epoch 24 | train_loss: 0.1330 | lr: 0.000515
[2023-03-06 05:45:24] PRINT [03/06 05:45:24 graph]: #Test_f1: 0.8561±0.0585
[2023-03-06 05:45:24] PRINT [03/06 05:45:24 graph]: Epoch 24: get test f1 score:  0.856
[2023-03-06 05:45:24] PRINT [03/06 05:45:24 graph]: best_f1 0.867 at epoch 20
[2023-03-06 05:45:24] PRINT [03/06 05:45:24 graph]: Epoch 25 | train_loss: 0.1300 | lr: 0.000515
[2023-03-06 05:45:27] PRINT [03/06 05:45:27 graph]: #Test_f1: 0.8667±0.0549
[2023-03-06 05:45:27] PRINT [03/06 05:45:27 graph]: Epoch 25: get test f1 score:  0.867
[2023-03-06 05:45:27] PRINT [03/06 05:45:27 graph]: best_f1 0.867 at epoch 20
[2023-03-06 05:45:28] PRINT [03/06 05:45:28 graph]: Epoch 26 | train_loss: 0.1293 | lr: 0.000515
[2023-03-06 05:45:30] PRINT [03/06 05:45:30 graph]: #Test_f1: 0.8825±0.0476
[2023-03-06 05:45:31] PRINT [03/06 05:45:31 graph]: Epoch 26: get test f1 score:  0.882
[2023-03-06 05:45:31] PRINT [03/06 05:45:31 graph]: best_f1 0.882 at epoch 26
[2023-03-06 05:45:31] PRINT [03/06 05:45:31 graph]: Epoch 27 | train_loss: 0.1273 | lr: 0.000515
[2023-03-06 05:45:34] PRINT [03/06 05:45:34 graph]: #Test_f1: 0.8719±0.0495
[2023-03-06 05:45:34] PRINT [03/06 05:45:34 graph]: Epoch 27: get test f1 score:  0.872
[2023-03-06 05:45:34] PRINT [03/06 05:45:34 graph]: best_f1 0.882 at epoch 26
[2023-03-06 05:45:35] PRINT [03/06 05:45:35 graph]: Epoch 28 | train_loss: 0.1249 | lr: 0.000515
[2023-03-06 05:45:37] PRINT [03/06 05:45:37 graph]: #Test_f1: 0.8722±0.0355
[2023-03-06 05:45:38] PRINT [03/06 05:45:38 graph]: Epoch 28: get test f1 score:  0.872
[2023-03-06 05:45:38] PRINT [03/06 05:45:38 graph]: best_f1 0.882 at epoch 26
[2023-03-06 05:45:38] PRINT [03/06 05:45:38 graph]: Epoch 29 | train_loss: 0.1354 | lr: 0.000515
[2023-03-06 05:45:41] PRINT [03/06 05:45:41 graph]: #Test_f1: 0.8509±0.0400
[2023-03-06 05:45:41] PRINT [03/06 05:45:41 graph]: Epoch 29: get test f1 score:  0.851
[2023-03-06 05:45:41] PRINT [03/06 05:45:41 graph]: best_f1 0.882 at epoch 26
[2023-03-06 05:45:41] PRINT [03/06 05:45:41 graph]: Epoch 30 | train_loss: 0.1537 | lr: 0.000515
[2023-03-06 05:45:44] PRINT [03/06 05:45:44 graph]: #Test_f1: 0.8611±0.0557
[2023-03-06 05:45:44] PRINT [03/06 05:45:44 graph]: Epoch 30: get test f1 score:  0.861
[2023-03-06 05:45:44] PRINT [03/06 05:45:44 graph]: best_f1 0.882 at epoch 26
[2023-03-06 05:45:44] PRINT [03/06 05:45:44 graph]: Epoch 31 | train_loss: 0.1355 | lr: 0.000515
[2023-03-06 05:45:47] PRINT [03/06 05:45:47 graph]: #Test_f1: 0.8561±0.0585
[2023-03-06 05:45:47] PRINT [03/06 05:45:47 graph]: Epoch 31: get test f1 score:  0.856
[2023-03-06 05:45:47] PRINT [03/06 05:45:47 graph]: best_f1 0.882 at epoch 26
[2023-03-06 05:45:48] PRINT [03/06 05:45:48 graph]: Epoch 32 | train_loss: 0.1231 | lr: 0.000515
[2023-03-06 05:45:51] PRINT [03/06 05:45:51 graph]: #Test_f1: 0.8667±0.0496
[2023-03-06 05:45:51] PRINT [03/06 05:45:51 graph]: Epoch 32: get test f1 score:  0.867
[2023-03-06 05:45:51] PRINT [03/06 05:45:51 graph]: best_f1 0.882 at epoch 26
[2023-03-06 05:45:51] PRINT [03/06 05:45:51 graph]: Epoch 33 | train_loss: 0.1352 | lr: 0.000515
[2023-03-06 05:45:54] PRINT [03/06 05:45:54 graph]: #Test_f1: 0.8719±0.0495
[2023-03-06 05:45:54] PRINT [03/06 05:45:54 graph]: Epoch 33: get test f1 score:  0.872
[2023-03-06 05:45:54] PRINT [03/06 05:45:54 graph]: best_f1 0.882 at epoch 26
[2023-03-06 05:45:55] PRINT [03/06 05:45:55 graph]: Epoch 34 | train_loss: 0.1316 | lr: 0.000515
[2023-03-06 05:45:58] PRINT [03/06 05:45:58 graph]: #Test_f1: 0.8778±0.0582
[2023-03-06 05:45:58] PRINT [03/06 05:45:58 graph]: Epoch 34: get test f1 score:  0.878
[2023-03-06 05:45:58] PRINT [03/06 05:45:58 graph]: best_f1 0.882 at epoch 26
[2023-03-06 05:45:58] PRINT [03/06 05:45:58 graph]: Epoch 35 | train_loss: 0.1273 | lr: 0.000515
[2023-03-06 05:46:01] PRINT [03/06 05:46:01 graph]: #Test_f1: 0.8772±0.0548
[2023-03-06 05:46:02] PRINT [03/06 05:46:02 graph]: Epoch 35: get test f1 score:  0.877
[2023-03-06 05:46:02] PRINT [03/06 05:46:02 graph]: best_f1 0.882 at epoch 26
[2023-03-06 05:46:02] PRINT [03/06 05:46:02 graph]: Epoch 36 | train_loss: 0.1262 | lr: 0.000515
[2023-03-06 05:46:05] PRINT [03/06 05:46:05 graph]: #Test_f1: 0.8611±0.0557
[2023-03-06 05:46:05] PRINT [03/06 05:46:05 graph]: Epoch 36: get test f1 score:  0.861
[2023-03-06 05:46:05] PRINT [03/06 05:46:05 graph]: best_f1 0.882 at epoch 26
[2023-03-06 05:46:05] PRINT [03/06 05:46:05 graph]: Epoch 37 | train_loss: 0.1181 | lr: 0.000515
[2023-03-06 05:46:08] PRINT [03/06 05:46:08 graph]: #Test_f1: 0.8506±0.0629
[2023-03-06 05:46:08] PRINT [03/06 05:46:08 graph]: Epoch 37: get test f1 score:  0.851
[2023-03-06 05:46:08] PRINT [03/06 05:46:08 graph]: best_f1 0.882 at epoch 26
[2023-03-06 05:46:08] PRINT [03/06 05:46:08 graph]: Epoch 38 | train_loss: 0.1227 | lr: 0.000515
[2023-03-06 05:46:11] PRINT [03/06 05:46:11 graph]: #Test_f1: 0.8558±0.0596
[2023-03-06 05:46:12] PRINT [03/06 05:46:12 graph]: Epoch 38: get test f1 score:  0.856
[2023-03-06 05:46:12] PRINT [03/06 05:46:12 graph]: best_f1 0.882 at epoch 26
[2023-03-06 05:46:12] PRINT [03/06 05:46:12 graph]: Epoch 39 | train_loss: 0.1189 | lr: 0.000515
[2023-03-06 05:46:15] PRINT [03/06 05:46:15 graph]: #Test_f1: 0.8556±0.0736
[2023-03-06 05:46:15] PRINT [03/06 05:46:15 graph]: Epoch 39: get test f1 score:  0.856
[2023-03-06 05:46:15] PRINT [03/06 05:46:15 graph]: best_f1 0.882 at epoch 26
[2023-03-06 05:46:15] PRINT [03/06 05:46:15 graph]: Epoch 40 | train_loss: 0.1163 | lr: 0.000515
[2023-03-06 05:46:18] PRINT [03/06 05:46:18 graph]: #Test_f1: 0.8719±0.0596
[2023-03-06 05:46:19] PRINT [03/06 05:46:19 graph]: Epoch 40: get test f1 score:  0.872
[2023-03-06 05:46:19] PRINT [03/06 05:46:19 graph]: best_f1 0.882 at epoch 26
[2023-03-06 05:46:19] PRINT [03/06 05:46:19 graph]: Epoch 41 | train_loss: 0.1264 | lr: 0.000515
[2023-03-06 05:46:22] PRINT [03/06 05:46:22 graph]: #Test_f1: 0.8667±0.0496
[2023-03-06 05:46:22] PRINT [03/06 05:46:22 graph]: Epoch 41: get test f1 score:  0.867
[2023-03-06 05:46:22] PRINT [03/06 05:46:22 graph]: best_f1 0.882 at epoch 26
[2023-03-06 05:46:22] PRINT [03/06 05:46:22 graph]: Epoch 42 | train_loss: 0.1196 | lr: 0.000515
[2023-03-06 05:46:25] PRINT [03/06 05:46:25 graph]: #Test_f1: 0.8719±0.0602
[2023-03-06 05:46:25] PRINT [03/06 05:46:25 graph]: Epoch 42: get test f1 score:  0.872
[2023-03-06 05:46:25] PRINT [03/06 05:46:25 graph]: best_f1 0.882 at epoch 26
[2023-03-06 05:46:26] PRINT [03/06 05:46:26 graph]: Epoch 43 | train_loss: 0.1114 | lr: 0.000515
[2023-03-06 05:46:28] PRINT [03/06 05:46:28 graph]: #Test_f1: 0.8558±0.0596
[2023-03-06 05:46:29] PRINT [03/06 05:46:29 graph]: Epoch 43: get test f1 score:  0.856
[2023-03-06 05:46:29] PRINT [03/06 05:46:29 graph]: best_f1 0.882 at epoch 26
[2023-03-06 05:46:29] PRINT [03/06 05:46:29 graph]: Epoch 44 | train_loss: 0.1238 | lr: 0.000515
[2023-03-06 05:46:32] PRINT [03/06 05:46:32 graph]: #Test_f1: 0.8719±0.0495
[2023-03-06 05:46:32] PRINT [03/06 05:46:32 graph]: Epoch 44: get test f1 score:  0.872
[2023-03-06 05:46:32] PRINT [03/06 05:46:32 graph]: best_f1 0.882 at epoch 26
[2023-03-06 05:46:32] PRINT [03/06 05:46:32 graph]: Epoch 45 | train_loss: 0.1273 | lr: 0.000515
[2023-03-06 05:46:35] PRINT [03/06 05:46:35 graph]: #Test_f1: 0.8664±0.0562
[2023-03-06 05:46:35] PRINT [03/06 05:46:35 graph]: Epoch 45: get test f1 score:  0.866
[2023-03-06 05:46:35] PRINT [03/06 05:46:35 graph]: best_f1 0.882 at epoch 26
[2023-03-06 05:46:36] PRINT [03/06 05:46:36 graph]: Epoch 46 | train_loss: 0.1139 | lr: 0.000515
[2023-03-06 05:46:38] PRINT [03/06 05:46:38 graph]: #Test_f1: 0.8880±0.0505
[2023-03-06 05:46:39] PRINT [03/06 05:46:39 graph]: Epoch 46: get test f1 score:  0.888
[2023-03-06 05:46:39] PRINT [03/06 05:46:39 graph]: best_f1 0.888 at epoch 46
[2023-03-06 05:46:39] PRINT [03/06 05:46:39 graph]: Epoch 47 | train_loss: 0.1140 | lr: 0.000515
[2023-03-06 05:46:42] PRINT [03/06 05:46:42 graph]: #Test_f1: 0.8880±0.0557
[2023-03-06 05:46:42] PRINT [03/06 05:46:42 graph]: Epoch 47: get test f1 score:  0.888
[2023-03-06 05:46:42] PRINT [03/06 05:46:42 graph]: best_f1 0.888 at epoch 46
[2023-03-06 05:46:42] PRINT [03/06 05:46:42 graph]: Epoch 48 | train_loss: 0.1148 | lr: 0.000515
[2023-03-06 05:46:45] PRINT [03/06 05:46:45 graph]: #Test_f1: 0.8827±0.0522
[2023-03-06 05:46:46] PRINT [03/06 05:46:46 graph]: Epoch 48: get test f1 score:  0.883
[2023-03-06 05:46:46] PRINT [03/06 05:46:46 graph]: best_f1 0.888 at epoch 46
[2023-03-06 05:46:46] PRINT [03/06 05:46:46 graph]: Epoch 49 | train_loss: 0.1167 | lr: 0.000515
[2023-03-06 05:46:49] PRINT [03/06 05:46:49 graph]: #Test_f1: 0.8883±0.0555
[2023-03-06 05:46:49] PRINT [03/06 05:46:49 graph]: Epoch 49: get test f1 score:  0.888
[2023-03-06 05:46:49] PRINT [03/06 05:46:49 graph]: best_f1 0.888 at epoch 49
[2023-03-06 05:46:49] PRINT [03/06 05:46:49 graph]: # final_acc: 0.8883±0.0000
