[2023-03-06 07:30:30] PRINT ---new cfg------
[2023-03-06 07:30:30] PRINT {'DATA': {'data_name': 'MUTAG', 'deg4feat': True}, 'DATALOADER': {'NUM_WORKERS': 0, 'BATCH_SIZE': 32}, 'MODEL': {'num_hidden': 512, 'num_layers': 2, 'nhead': 4, 'activation': 'prelu', 'attn_drop': 0.1, 'feat_drop': 0.2, 'norm': 'layernorm', 'pooler': 'mean', 'beta_schedule': 'sigmoid', 'beta_1': 0.0004883995623590461, 'beta_T': 0.008482753377486671, 'T': 838}, 'SOLVER': {'optim_type': 'adamw', 'optim_type_f': 'adamw', 'alpha': 1, 'decay': 30, 'LR': 0.0008114517219982213, 'weight_decay': 0.0005, 'MAX_EPOCH': 50}, 'DEVICE': 'cuda', 'seeds': [11], 'eval_T': [50, 100, 200], 'output_dir': '/ddm-nni/MUTAG/log', 'checkpoint_dir': '/ddm-nni/MUTAG/log/checkpoint'}
[2023-03-06 07:30:30] PRINT [03/06 07:30:30 graph]: Rank of current process: 0. World size: 1
[2023-03-06 07:30:34] PRINT [03/06 07:30:34 graph]: Environment info:
[2023-03-06 07:30:34] PRINT PyTorch version: 1.10.0+cu113
[2023-03-06 07:30:34] PRINT Is debug build: False
[2023-03-06 07:30:34] PRINT CUDA used to build PyTorch: 11.3
[2023-03-06 07:30:34] PRINT ROCM used to build PyTorch: N/A
[2023-03-06 07:30:34] PRINT 
[2023-03-06 07:30:34] PRINT OS: Ubuntu 20.04.3 LTS (x86_64)
[2023-03-06 07:30:34] PRINT GCC version: (Ubuntu 9.3.0-17ubuntu1~20.04) 9.3.0
[2023-03-06 07:30:34] PRINT Clang version: Could not collect
[2023-03-06 07:30:34] PRINT CMake version: version 3.16.3
[2023-03-06 07:30:34] PRINT Libc version: glibc-2.31
[2023-03-06 07:30:34] PRINT 
[2023-03-06 07:30:34] PRINT Python version: 3.8.10 (default, Jun  4 2021, 15:09:15)  [GCC 7.5.0] (64-bit runtime)
[2023-03-06 07:30:34] PRINT Python platform: Linux-5.4.0-90-generic-x86_64-with-glibc2.17
[2023-03-06 07:30:34] PRINT Is CUDA available: True
[2023-03-06 07:30:34] PRINT CUDA runtime version: 11.3.109
[2023-03-06 07:30:34] PRINT GPU models and configuration: GPU 0: NVIDIA GeForce RTX 3090
[2023-03-06 07:30:34] PRINT Nvidia driver version: 495.44
[2023-03-06 07:30:34] PRINT cuDNN version: Probably one of the following:
[2023-03-06 07:30:34] PRINT /usr/lib/x86_64-linux-gnu/libcudnn.so.8.2.0
[2023-03-06 07:30:34] PRINT /usr/lib/x86_64-linux-gnu/libcudnn_adv_infer.so.8.2.0
[2023-03-06 07:30:34] PRINT /usr/lib/x86_64-linux-gnu/libcudnn_adv_train.so.8.2.0
[2023-03-06 07:30:34] PRINT /usr/lib/x86_64-linux-gnu/libcudnn_cnn_infer.so.8.2.0
[2023-03-06 07:30:34] PRINT /usr/lib/x86_64-linux-gnu/libcudnn_cnn_train.so.8.2.0
[2023-03-06 07:30:34] PRINT /usr/lib/x86_64-linux-gnu/libcudnn_ops_infer.so.8.2.0
[2023-03-06 07:30:34] PRINT /usr/lib/x86_64-linux-gnu/libcudnn_ops_train.so.8.2.0
[2023-03-06 07:30:34] PRINT HIP runtime version: N/A
[2023-03-06 07:30:34] PRINT MIOpen runtime version: N/A
[2023-03-06 07:30:34] PRINT 
[2023-03-06 07:30:34] PRINT Versions of relevant libraries:
[2023-03-06 07:30:34] PRINT [pip3] numpy==1.23.5
[2023-03-06 07:30:34] PRINT [pip3] torch==1.10.0+cu113
[2023-03-06 07:30:34] PRINT [pip3] torchvision==0.11.1+cu113
[2023-03-06 07:30:34] PRINT [conda] blas                      1.0                         mkl    https://mirrors.ustc.edu.cn/anaconda/pkgs/main
[2023-03-06 07:30:34] PRINT [conda] mkl                       2021.4.0           h06a4308_640    https://mirrors.ustc.edu.cn/anaconda/pkgs/main
[2023-03-06 07:30:34] PRINT [conda] mkl-service               2.4.0            py38h7f8727e_0    https://mirrors.ustc.edu.cn/anaconda/pkgs/main
[2023-03-06 07:30:34] PRINT [conda] mkl_fft                   1.3.1            py38hd3c417c_0    https://mirrors.ustc.edu.cn/anaconda/pkgs/main
[2023-03-06 07:30:34] PRINT [conda] mkl_random                1.2.2            py38h51133e4_0    https://mirrors.ustc.edu.cn/anaconda/pkgs/main
[2023-03-06 07:30:34] PRINT [conda] numpy                     1.21.4                   pypi_0    pypi
[2023-03-06 07:30:34] PRINT [conda] numpy-base                1.23.5           py38h31eccc5_0    https://mirrors.ustc.edu.cn/anaconda/pkgs/main
[2023-03-06 07:30:34] PRINT [conda] torch                     1.10.0+cu113             pypi_0    pypi
[2023-03-06 07:30:34] PRINT [conda] torchvision               0.11.1+cu113             pypi_0    pypi
[2023-03-06 07:30:34] PRINT         Pillow (8.4.0)
[2023-03-06 07:30:34] PRINT [03/06 07:30:34 graph]: Command line arguments: Namespace(local_rank=0, resume=False, seed=1234, start_epoch=0)
[2023-03-06 07:30:34] PRINT Using degree as node features
[2023-03-06 07:30:34] PRINT ******** # Num Graphs: 188, # Num Feat: 5, # Num Classes: 2 ********
[2023-03-06 07:30:34] PRINT [03/06 07:30:34 graph]: Run 0th for seed 11
[2023-03-06 07:30:34] PRINT [03/06 07:30:34 graph]: Total trainable params num : 5170287
[2023-03-06 07:30:39] PRINT [03/06 07:30:39 graph]: ----------Start Training----------
[2023-03-06 07:30:39] PRINT [03/06 07:30:39 graph]: Epoch 0 | train_loss: 0.7849 | lr: 0.000811
[2023-03-06 07:30:40] PRINT [03/06 07:30:40 graph]: Epoch 1 | train_loss: 0.4838 | lr: 0.000811
[2023-03-06 07:30:40] PRINT [03/06 07:30:40 graph]: Epoch 2 | train_loss: 0.3908 | lr: 0.000811
[2023-03-06 07:30:43] PRINT [03/06 07:30:43 graph]: #Test_f1: 0.8140±0.0834
[2023-03-06 07:30:43] PRINT [03/06 07:30:43 graph]: Epoch 2: get test f1 score:  0.814
[2023-03-06 07:30:43] PRINT [03/06 07:30:43 graph]: best_f1 0.814 at epoch 2
[2023-03-06 07:30:43] PRINT [03/06 07:30:43 graph]: Epoch 3 | train_loss: 0.3649 | lr: 0.000811
[2023-03-06 07:30:46] PRINT [03/06 07:30:46 graph]: #Test_f1: 0.8246±0.0331
[2023-03-06 07:30:47] PRINT [03/06 07:30:47 graph]: Epoch 3: get test f1 score:  0.825
[2023-03-06 07:30:47] PRINT [03/06 07:30:47 graph]: best_f1 0.825 at epoch 3
[2023-03-06 07:30:47] PRINT [03/06 07:30:47 graph]: Epoch 4 | train_loss: 0.3370 | lr: 0.000811
[2023-03-06 07:30:50] PRINT [03/06 07:30:50 graph]: #Test_f1: 0.8035±0.0518
[2023-03-06 07:30:50] PRINT [03/06 07:30:50 graph]: Epoch 4: get test f1 score:  0.804
[2023-03-06 07:30:50] PRINT [03/06 07:30:50 graph]: best_f1 0.825 at epoch 3
[2023-03-06 07:30:51] PRINT [03/06 07:30:51 graph]: Epoch 5 | train_loss: 0.3249 | lr: 0.000811
[2023-03-06 07:30:54] PRINT [03/06 07:30:54 graph]: #Test_f1: 0.7980±0.0564
[2023-03-06 07:30:54] PRINT [03/06 07:30:54 graph]: Epoch 5: get test f1 score:  0.798
[2023-03-06 07:30:54] PRINT [03/06 07:30:54 graph]: best_f1 0.825 at epoch 3
[2023-03-06 07:30:54] PRINT [03/06 07:30:54 graph]: Epoch 6 | train_loss: 0.3141 | lr: 0.000811
[2023-03-06 07:30:57] PRINT [03/06 07:30:57 graph]: #Test_f1: 0.7980±0.0390
[2023-03-06 07:30:58] PRINT [03/06 07:30:58 graph]: Epoch 6: get test f1 score:  0.798
[2023-03-06 07:30:58] PRINT [03/06 07:30:58 graph]: best_f1 0.825 at epoch 3
[2023-03-06 07:30:58] PRINT [03/06 07:30:58 graph]: Epoch 7 | train_loss: 0.3135 | lr: 0.000811
[2023-03-06 07:31:01] PRINT [03/06 07:31:01 graph]: #Test_f1: 0.8298±0.0456
[2023-03-06 07:31:01] PRINT [03/06 07:31:01 graph]: Epoch 7: get test f1 score:  0.830
[2023-03-06 07:31:01] PRINT [03/06 07:31:01 graph]: best_f1 0.830 at epoch 7
[2023-03-06 07:31:01] PRINT [03/06 07:31:01 graph]: Epoch 8 | train_loss: 0.3113 | lr: 0.000811
[2023-03-06 07:31:04] PRINT [03/06 07:31:04 graph]: #Test_f1: 0.7822±0.0426
[2023-03-06 07:31:05] PRINT [03/06 07:31:05 graph]: Epoch 8: get test f1 score:  0.782
[2023-03-06 07:31:05] PRINT [03/06 07:31:05 graph]: best_f1 0.830 at epoch 7
[2023-03-06 07:31:05] PRINT [03/06 07:31:05 graph]: Epoch 9 | train_loss: 0.3050 | lr: 0.000811
[2023-03-06 07:31:08] PRINT [03/06 07:31:08 graph]: #Test_f1: 0.7930±0.0347
[2023-03-06 07:31:08] PRINT [03/06 07:31:08 graph]: Epoch 9: get test f1 score:  0.793
[2023-03-06 07:31:08] PRINT [03/06 07:31:08 graph]: best_f1 0.830 at epoch 7
[2023-03-06 07:31:08] PRINT [03/06 07:31:08 graph]: Epoch 10 | train_loss: 0.3052 | lr: 0.000811
[2023-03-06 07:31:11] PRINT [03/06 07:31:11 graph]: #Test_f1: 0.8409±0.0613
[2023-03-06 07:31:12] PRINT [03/06 07:31:12 graph]: Epoch 10: get test f1 score:  0.841
[2023-03-06 07:31:12] PRINT [03/06 07:31:12 graph]: best_f1 0.841 at epoch 10
[2023-03-06 07:31:12] PRINT [03/06 07:31:12 graph]: Epoch 11 | train_loss: 0.3289 | lr: 0.000811
[2023-03-06 07:31:15] PRINT [03/06 07:31:15 graph]: #Test_f1: 0.8032±0.0676
[2023-03-06 07:31:15] PRINT [03/06 07:31:15 graph]: Epoch 11: get test f1 score:  0.803
[2023-03-06 07:31:15] PRINT [03/06 07:31:15 graph]: best_f1 0.841 at epoch 10
[2023-03-06 07:31:16] PRINT [03/06 07:31:16 graph]: Epoch 12 | train_loss: 0.3455 | lr: 0.000811
[2023-03-06 07:31:19] PRINT [03/06 07:31:19 graph]: #Test_f1: 0.7930±0.0635
[2023-03-06 07:31:19] PRINT [03/06 07:31:19 graph]: Epoch 12: get test f1 score:  0.793
[2023-03-06 07:31:19] PRINT [03/06 07:31:19 graph]: best_f1 0.841 at epoch 10
[2023-03-06 07:31:19] PRINT [03/06 07:31:19 graph]: Epoch 13 | train_loss: 0.3255 | lr: 0.000811
[2023-03-06 07:31:22] PRINT [03/06 07:31:22 graph]: #Test_f1: 0.7398±0.0822
[2023-03-06 07:31:23] PRINT [03/06 07:31:23 graph]: Epoch 13: get test f1 score:  0.740
[2023-03-06 07:31:23] PRINT [03/06 07:31:23 graph]: best_f1 0.841 at epoch 10
[2023-03-06 07:31:23] PRINT [03/06 07:31:23 graph]: Epoch 14 | train_loss: 0.3157 | lr: 0.000811
[2023-03-06 07:31:26] PRINT [03/06 07:31:26 graph]: #Test_f1: 0.7772±0.0760
[2023-03-06 07:31:26] PRINT [03/06 07:31:26 graph]: Epoch 14: get test f1 score:  0.777
[2023-03-06 07:31:26] PRINT [03/06 07:31:26 graph]: best_f1 0.841 at epoch 10
[2023-03-06 07:31:27] PRINT [03/06 07:31:27 graph]: Epoch 15 | train_loss: 0.3147 | lr: 0.000811
[2023-03-06 07:31:30] PRINT [03/06 07:31:30 graph]: #Test_f1: 0.7184±0.0779
[2023-03-06 07:31:30] PRINT [03/06 07:31:30 graph]: Epoch 15: get test f1 score:  0.718
[2023-03-06 07:31:30] PRINT [03/06 07:31:30 graph]: best_f1 0.841 at epoch 10
[2023-03-06 07:31:30] PRINT [03/06 07:31:30 graph]: Epoch 16 | train_loss: 0.3167 | lr: 0.000811
[2023-03-06 07:31:34] PRINT [03/06 07:31:34 graph]: #Test_f1: 0.6757±0.0585
[2023-03-06 07:31:34] PRINT [03/06 07:31:34 graph]: Epoch 16: get test f1 score:  0.676
[2023-03-06 07:31:34] PRINT [03/06 07:31:34 graph]: best_f1 0.841 at epoch 10
[2023-03-06 07:31:35] PRINT [03/06 07:31:35 graph]: Epoch 17 | train_loss: 0.3182 | lr: 0.000811
[2023-03-06 07:31:38] PRINT [03/06 07:31:38 graph]: #Test_f1: 0.6918±0.0602
[2023-03-06 07:31:38] PRINT [03/06 07:31:38 graph]: Epoch 17: get test f1 score:  0.692
[2023-03-06 07:31:38] PRINT [03/06 07:31:38 graph]: best_f1 0.841 at epoch 10
[2023-03-06 07:31:38] PRINT [03/06 07:31:38 graph]: Epoch 18 | train_loss: 0.3345 | lr: 0.000811
[2023-03-06 07:31:41] PRINT [03/06 07:31:41 graph]: #Test_f1: 0.6702±0.0456
[2023-03-06 07:31:42] PRINT [03/06 07:31:42 graph]: Epoch 18: get test f1 score:  0.670
[2023-03-06 07:31:42] PRINT [03/06 07:31:42 graph]: best_f1 0.841 at epoch 10
[2023-03-06 07:31:42] PRINT [03/06 07:31:42 graph]: Epoch 19 | train_loss: 0.3400 | lr: 0.000811
[2023-03-06 07:31:45] PRINT [03/06 07:31:45 graph]: #Test_f1: 0.6702±0.0456
[2023-03-06 07:31:45] PRINT [03/06 07:31:45 graph]: Epoch 19: get test f1 score:  0.670
[2023-03-06 07:31:45] PRINT [03/06 07:31:45 graph]: best_f1 0.841 at epoch 10
[2023-03-06 07:31:45] PRINT [03/06 07:31:45 graph]: Epoch 20 | train_loss: 0.3352 | lr: 0.000811
[2023-03-06 07:31:48] PRINT [03/06 07:31:48 graph]: #Test_f1: 0.6863±0.0489
[2023-03-06 07:31:49] PRINT [03/06 07:31:49 graph]: Epoch 20: get test f1 score:  0.686
[2023-03-06 07:31:49] PRINT [03/06 07:31:49 graph]: best_f1 0.841 at epoch 10
[2023-03-06 07:31:49] PRINT [03/06 07:31:49 graph]: Epoch 21 | train_loss: 0.3244 | lr: 0.000811
[2023-03-06 07:31:52] PRINT [03/06 07:31:52 graph]: #Test_f1: 0.7181±0.0747
[2023-03-06 07:31:52] PRINT [03/06 07:31:52 graph]: Epoch 21: get test f1 score:  0.718
[2023-03-06 07:31:52] PRINT [03/06 07:31:52 graph]: best_f1 0.841 at epoch 10
[2023-03-06 07:31:52] PRINT [03/06 07:31:52 graph]: Epoch 22 | train_loss: 0.3174 | lr: 0.000811
[2023-03-06 07:31:55] PRINT [03/06 07:31:55 graph]: #Test_f1: 0.6968±0.0578
[2023-03-06 07:31:56] PRINT [03/06 07:31:56 graph]: Epoch 22: get test f1 score:  0.697
[2023-03-06 07:31:56] PRINT [03/06 07:31:56 graph]: best_f1 0.841 at epoch 10
[2023-03-06 07:31:56] PRINT [03/06 07:31:56 graph]: Epoch 23 | train_loss: 0.3180 | lr: 0.000811
[2023-03-06 07:31:59] PRINT [03/06 07:31:59 graph]: #Test_f1: 0.7287±0.0835
[2023-03-06 07:31:59] PRINT [03/06 07:31:59 graph]: Epoch 23: get test f1 score:  0.729
[2023-03-06 07:31:59] PRINT [03/06 07:31:59 graph]: best_f1 0.841 at epoch 10
[2023-03-06 07:31:59] PRINT [03/06 07:31:59 graph]: Epoch 24 | train_loss: 0.3130 | lr: 0.000811
[2023-03-06 07:32:03] PRINT [03/06 07:32:03 graph]: #Test_f1: 0.7816±0.0997
[2023-03-06 07:32:03] PRINT [03/06 07:32:03 graph]: Epoch 24: get test f1 score:  0.782
[2023-03-06 07:32:03] PRINT [03/06 07:32:03 graph]: best_f1 0.841 at epoch 10
[2023-03-06 07:32:03] PRINT [03/06 07:32:03 graph]: Epoch 25 | train_loss: 0.3476 | lr: 0.000811
[2023-03-06 07:32:06] PRINT [03/06 07:32:06 graph]: #Test_f1: 0.7553±0.0598
[2023-03-06 07:32:07] PRINT [03/06 07:32:07 graph]: Epoch 25: get test f1 score:  0.755
[2023-03-06 07:32:07] PRINT [03/06 07:32:07 graph]: best_f1 0.841 at epoch 10
[2023-03-06 07:32:07] PRINT [03/06 07:32:07 graph]: Epoch 26 | train_loss: 0.3821 | lr: 0.000811
[2023-03-06 07:32:10] PRINT [03/06 07:32:10 graph]: #Test_f1: 0.7927±0.0720
[2023-03-06 07:32:10] PRINT [03/06 07:32:10 graph]: Epoch 26: get test f1 score:  0.793
[2023-03-06 07:32:10] PRINT [03/06 07:32:10 graph]: best_f1 0.841 at epoch 10
[2023-03-06 07:32:11] PRINT [03/06 07:32:11 graph]: Epoch 27 | train_loss: 0.3414 | lr: 0.000811
[2023-03-06 07:32:13] PRINT [03/06 07:32:13 graph]: #Test_f1: 0.7813±0.1002
[2023-03-06 07:32:14] PRINT [03/06 07:32:14 graph]: Epoch 27: get test f1 score:  0.781
[2023-03-06 07:32:14] PRINT [03/06 07:32:14 graph]: best_f1 0.841 at epoch 10
[2023-03-06 07:32:14] PRINT [03/06 07:32:14 graph]: Epoch 28 | train_loss: 0.3502 | lr: 0.000811
[2023-03-06 07:32:17] PRINT [03/06 07:32:17 graph]: #Test_f1: 0.7240±0.0924
[2023-03-06 07:32:18] PRINT [03/06 07:32:18 graph]: Epoch 28: get test f1 score:  0.724
[2023-03-06 07:32:18] PRINT [03/06 07:32:18 graph]: best_f1 0.841 at epoch 10
[2023-03-06 07:32:18] PRINT [03/06 07:32:18 graph]: Epoch 29 | train_loss: 0.3459 | lr: 0.000811
[2023-03-06 07:32:21] PRINT [03/06 07:32:21 graph]: #Test_f1: 0.6444±0.0755
[2023-03-06 07:32:21] PRINT [03/06 07:32:21 graph]: Epoch 29: get test f1 score:  0.644
[2023-03-06 07:32:21] PRINT [03/06 07:32:21 graph]: best_f1 0.841 at epoch 10
[2023-03-06 07:32:22] PRINT [03/06 07:32:22 graph]: Epoch 30 | train_loss: 0.3361 | lr: 0.000811
[2023-03-06 07:32:25] PRINT [03/06 07:32:25 graph]: #Test_f1: 0.6494±0.0767
[2023-03-06 07:32:26] PRINT [03/06 07:32:26 graph]: Epoch 30: get test f1 score:  0.649
[2023-03-06 07:32:26] PRINT [03/06 07:32:26 graph]: best_f1 0.841 at epoch 10
[2023-03-06 07:32:26] PRINT [03/06 07:32:26 graph]: Epoch 31 | train_loss: 0.3345 | lr: 0.000811
[2023-03-06 07:32:29] PRINT [03/06 07:32:29 graph]: #Test_f1: 0.6386±0.0593
[2023-03-06 07:32:29] PRINT [03/06 07:32:29 graph]: Epoch 31: get test f1 score:  0.639
[2023-03-06 07:32:29] PRINT [03/06 07:32:29 graph]: best_f1 0.841 at epoch 10
[2023-03-06 07:32:30] PRINT [03/06 07:32:30 graph]: Epoch 32 | train_loss: 0.3349 | lr: 0.000811
[2023-03-06 07:32:32] PRINT [03/06 07:32:32 graph]: #Test_f1: 0.7506±0.1370
[2023-03-06 07:32:33] PRINT [03/06 07:32:33 graph]: Epoch 32: get test f1 score:  0.751
[2023-03-06 07:32:33] PRINT [03/06 07:32:33 graph]: best_f1 0.841 at epoch 10
[2023-03-06 07:32:33] PRINT [03/06 07:32:33 graph]: Epoch 33 | train_loss: 0.4279 | lr: 0.000811
[2023-03-06 07:32:36] PRINT [03/06 07:32:36 graph]: #Test_f1: 0.7772±0.1308
[2023-03-06 07:32:36] PRINT [03/06 07:32:36 graph]: Epoch 33: get test f1 score:  0.777
[2023-03-06 07:32:36] PRINT [03/06 07:32:36 graph]: best_f1 0.841 at epoch 10
[2023-03-06 07:32:37] PRINT [03/06 07:32:37 graph]: Epoch 34 | train_loss: 0.3995 | lr: 0.000811
[2023-03-06 07:32:40] PRINT [03/06 07:32:40 graph]: #Test_f1: 0.7240±0.1255
[2023-03-06 07:32:40] PRINT [03/06 07:32:40 graph]: Epoch 34: get test f1 score:  0.724
[2023-03-06 07:32:40] PRINT [03/06 07:32:40 graph]: best_f1 0.841 at epoch 10
[2023-03-06 07:32:40] PRINT [03/06 07:32:40 graph]: Epoch 35 | train_loss: 0.3918 | lr: 0.000811
[2023-03-06 07:32:43] PRINT [03/06 07:32:43 graph]: #Test_f1: 0.7193±0.1388
[2023-03-06 07:32:43] PRINT [03/06 07:32:43 graph]: Epoch 35: get test f1 score:  0.719
[2023-03-06 07:32:43] PRINT [03/06 07:32:43 graph]: best_f1 0.841 at epoch 10
[2023-03-06 07:32:44] PRINT [03/06 07:32:44 graph]: Epoch 36 | train_loss: 0.3461 | lr: 0.000811
[2023-03-06 07:32:46] PRINT [03/06 07:32:46 graph]: #Test_f1: 0.7085±0.1284
[2023-03-06 07:32:47] PRINT [03/06 07:32:47 graph]: Epoch 36: get test f1 score:  0.708
[2023-03-06 07:32:47] PRINT [03/06 07:32:47 graph]: best_f1 0.841 at epoch 10
[2023-03-06 07:32:47] PRINT [03/06 07:32:47 graph]: Epoch 37 | train_loss: 0.3248 | lr: 0.000811
[2023-03-06 07:32:50] PRINT [03/06 07:32:50 graph]: #Test_f1: 0.6915±0.1170
[2023-03-06 07:32:51] PRINT [03/06 07:32:51 graph]: Epoch 37: get test f1 score:  0.692
[2023-03-06 07:32:51] PRINT [03/06 07:32:51 graph]: best_f1 0.841 at epoch 10
[2023-03-06 07:32:51] PRINT [03/06 07:32:51 graph]: Epoch 38 | train_loss: 0.3204 | lr: 0.000811
[2023-03-06 07:32:54] PRINT [03/06 07:32:54 graph]: #Test_f1: 0.6757±0.1058
[2023-03-06 07:32:54] PRINT [03/06 07:32:54 graph]: Epoch 38: get test f1 score:  0.676
[2023-03-06 07:32:54] PRINT [03/06 07:32:54 graph]: best_f1 0.841 at epoch 10
[2023-03-06 07:32:55] PRINT [03/06 07:32:55 graph]: Epoch 39 | train_loss: 0.3461 | lr: 0.000811
[2023-03-06 07:32:58] PRINT [03/06 07:32:58 graph]: #Test_f1: 0.7020±0.1316
[2023-03-06 07:32:58] PRINT [03/06 07:32:58 graph]: Epoch 39: get test f1 score:  0.702
[2023-03-06 07:32:58] PRINT [03/06 07:32:58 graph]: best_f1 0.841 at epoch 10
[2023-03-06 07:32:58] PRINT [03/06 07:32:58 graph]: Epoch 40 | train_loss: 0.4085 | lr: 0.000811
[2023-03-06 07:33:01] PRINT [03/06 07:33:01 graph]: #Test_f1: 0.7459±0.1559
[2023-03-06 07:33:02] PRINT [03/06 07:33:02 graph]: Epoch 40: get test f1 score:  0.746
[2023-03-06 07:33:02] PRINT [03/06 07:33:02 graph]: best_f1 0.841 at epoch 10
[2023-03-06 07:33:02] PRINT [03/06 07:33:02 graph]: Epoch 41 | train_loss: 0.7731 | lr: 0.000811
[2023-03-06 07:33:05] PRINT [03/06 07:33:05 graph]: #Test_f1: 0.6860±0.0988
[2023-03-06 07:33:06] PRINT [03/06 07:33:06 graph]: Epoch 41: get test f1 score:  0.686
[2023-03-06 07:33:06] PRINT [03/06 07:33:06 graph]: best_f1 0.841 at epoch 10
[2023-03-06 07:33:06] PRINT [03/06 07:33:06 graph]: Epoch 42 | train_loss: 0.9438 | lr: 0.000811
[2023-03-06 07:33:09] PRINT [03/06 07:33:09 graph]: #Test_f1: 0.6965±0.0980
[2023-03-06 07:33:09] PRINT [03/06 07:33:09 graph]: Epoch 42: get test f1 score:  0.696
[2023-03-06 07:33:09] PRINT [03/06 07:33:09 graph]: best_f1 0.841 at epoch 10
[2023-03-06 07:33:09] PRINT [03/06 07:33:09 graph]: Epoch 43 | train_loss: 0.8792 | lr: 0.000811
[2023-03-06 07:33:12] PRINT [03/06 07:33:12 graph]: #Test_f1: 0.7187±0.1128
[2023-03-06 07:33:13] PRINT [03/06 07:33:13 graph]: Epoch 43: get test f1 score:  0.719
[2023-03-06 07:33:13] PRINT [03/06 07:33:13 graph]: best_f1 0.841 at epoch 10
[2023-03-06 07:33:13] PRINT [03/06 07:33:13 graph]: Epoch 44 | train_loss: 0.7738 | lr: 0.000811
[2023-03-06 07:33:16] PRINT [03/06 07:33:16 graph]: #Test_f1: 0.6860±0.0505
[2023-03-06 07:33:16] PRINT [03/06 07:33:16 graph]: Epoch 44: get test f1 score:  0.686
[2023-03-06 07:33:16] PRINT [03/06 07:33:16 graph]: best_f1 0.841 at epoch 10
[2023-03-06 07:33:16] PRINT [03/06 07:33:16 graph]: Epoch 45 | train_loss: 0.6463 | lr: 0.000811
[2023-03-06 07:33:20] PRINT [03/06 07:33:20 graph]: #Test_f1: 0.6649±0.0228
[2023-03-06 07:33:20] PRINT [03/06 07:33:20 graph]: Epoch 45: get test f1 score:  0.665
[2023-03-06 07:33:20] PRINT [03/06 07:33:20 graph]: best_f1 0.841 at epoch 10
[2023-03-06 07:33:20] PRINT [03/06 07:33:20 graph]: Epoch 46 | train_loss: 0.5095 | lr: 0.000811
[2023-03-06 07:33:23] PRINT [03/06 07:33:23 graph]: #Test_f1: 0.6649±0.0228
[2023-03-06 07:33:24] PRINT [03/06 07:33:24 graph]: Epoch 46: get test f1 score:  0.665
[2023-03-06 07:33:24] PRINT [03/06 07:33:24 graph]: best_f1 0.841 at epoch 10
[2023-03-06 07:33:24] PRINT [03/06 07:33:24 graph]: Epoch 47 | train_loss: 0.5119 | lr: 0.000811
[2023-03-06 07:33:27] PRINT [03/06 07:33:27 graph]: #Test_f1: 0.6649±0.0228
[2023-03-06 07:33:27] PRINT [03/06 07:33:27 graph]: Epoch 47: get test f1 score:  0.665
[2023-03-06 07:33:27] PRINT [03/06 07:33:27 graph]: best_f1 0.841 at epoch 10
[2023-03-06 07:33:27] PRINT [03/06 07:33:27 graph]: Epoch 48 | train_loss: 0.4844 | lr: 0.000811
[2023-03-06 07:33:30] PRINT [03/06 07:33:30 graph]: #Test_f1: 0.8035±0.0814
[2023-03-06 07:33:31] PRINT [03/06 07:33:31 graph]: Epoch 48: get test f1 score:  0.804
[2023-03-06 07:33:31] PRINT [03/06 07:33:31 graph]: best_f1 0.841 at epoch 10
[2023-03-06 07:33:31] PRINT [03/06 07:33:31 graph]: Epoch 49 | train_loss: 0.4775 | lr: 0.000811
[2023-03-06 07:33:34] PRINT [03/06 07:33:34 graph]: #Test_f1: 0.8035±0.0814
[2023-03-06 07:33:34] PRINT [03/06 07:33:34 graph]: Epoch 49: get test f1 score:  0.804
[2023-03-06 07:33:34] PRINT [03/06 07:33:34 graph]: best_f1 0.841 at epoch 10
[2023-03-06 07:33:34] PRINT [03/06 07:33:34 graph]: # final_acc: 0.8409±0.0000
