[2023-03-06 04:08:30] PRINT ---new cfg------
[2023-03-06 04:08:30] PRINT {'DATA': {'data_name': 'MUTAG', 'deg4feat': True}, 'DATALOADER': {'NUM_WORKERS': 0, 'BATCH_SIZE': 32}, 'MODEL': {'num_hidden': 512, 'num_layers': 2, 'nhead': 4, 'activation': 'prelu', 'attn_drop': 0.2, 'feat_drop': 0.1, 'norm': 'layernorm', 'pooler': 'mean', 'beta_schedule': 'quad', 'beta_1': 0.000623944593143885, 'beta_T': 0.05074482345410507, 'T': 905}, 'SOLVER': {'optim_type': 'adamw', 'optim_type_f': 'adamw', 'alpha': 1, 'decay': 30, 'LR': 0.0009146828307972086, 'weight_decay': 0.0005, 'MAX_EPOCH': 50}, 'DEVICE': 'cuda', 'seeds': [11], 'eval_T': [50, 100, 200], 'output_dir': '/ddm-nni/MUTAG/log', 'checkpoint_dir': '/ddm-nni/MUTAG/log/checkpoint'}
[2023-03-06 04:08:30] PRINT [03/06 04:08:30 graph]: Rank of current process: 0. World size: 1
[2023-03-06 04:08:33] PRINT [03/06 04:08:33 graph]: Environment info:
[2023-03-06 04:08:33] PRINT PyTorch version: 1.10.0+cu113
[2023-03-06 04:08:33] PRINT Is debug build: False
[2023-03-06 04:08:33] PRINT CUDA used to build PyTorch: 11.3
[2023-03-06 04:08:33] PRINT ROCM used to build PyTorch: N/A
[2023-03-06 04:08:33] PRINT 
[2023-03-06 04:08:33] PRINT OS: Ubuntu 20.04.3 LTS (x86_64)
[2023-03-06 04:08:33] PRINT GCC version: (Ubuntu 9.3.0-17ubuntu1~20.04) 9.3.0
[2023-03-06 04:08:33] PRINT Clang version: Could not collect
[2023-03-06 04:08:33] PRINT CMake version: version 3.16.3
[2023-03-06 04:08:33] PRINT Libc version: glibc-2.31
[2023-03-06 04:08:33] PRINT 
[2023-03-06 04:08:33] PRINT Python version: 3.8.10 (default, Jun  4 2021, 15:09:15)  [GCC 7.5.0] (64-bit runtime)
[2023-03-06 04:08:33] PRINT Python platform: Linux-5.4.0-90-generic-x86_64-with-glibc2.17
[2023-03-06 04:08:33] PRINT Is CUDA available: True
[2023-03-06 04:08:33] PRINT CUDA runtime version: 11.3.109
[2023-03-06 04:08:33] PRINT GPU models and configuration: GPU 0: NVIDIA GeForce RTX 3090
[2023-03-06 04:08:33] PRINT Nvidia driver version: 495.44
[2023-03-06 04:08:33] PRINT cuDNN version: Probably one of the following:
[2023-03-06 04:08:33] PRINT /usr/lib/x86_64-linux-gnu/libcudnn.so.8.2.0
[2023-03-06 04:08:33] PRINT /usr/lib/x86_64-linux-gnu/libcudnn_adv_infer.so.8.2.0
[2023-03-06 04:08:33] PRINT /usr/lib/x86_64-linux-gnu/libcudnn_adv_train.so.8.2.0
[2023-03-06 04:08:33] PRINT /usr/lib/x86_64-linux-gnu/libcudnn_cnn_infer.so.8.2.0
[2023-03-06 04:08:33] PRINT /usr/lib/x86_64-linux-gnu/libcudnn_cnn_train.so.8.2.0
[2023-03-06 04:08:33] PRINT /usr/lib/x86_64-linux-gnu/libcudnn_ops_infer.so.8.2.0
[2023-03-06 04:08:33] PRINT /usr/lib/x86_64-linux-gnu/libcudnn_ops_train.so.8.2.0
[2023-03-06 04:08:33] PRINT HIP runtime version: N/A
[2023-03-06 04:08:33] PRINT MIOpen runtime version: N/A
[2023-03-06 04:08:33] PRINT 
[2023-03-06 04:08:33] PRINT Versions of relevant libraries:
[2023-03-06 04:08:33] PRINT [pip3] numpy==1.23.5
[2023-03-06 04:08:33] PRINT [pip3] torch==1.10.0+cu113
[2023-03-06 04:08:33] PRINT [pip3] torchvision==0.11.1+cu113
[2023-03-06 04:08:33] PRINT [conda] blas                      1.0                         mkl    https://mirrors.ustc.edu.cn/anaconda/pkgs/main
[2023-03-06 04:08:33] PRINT [conda] mkl                       2021.4.0           h06a4308_640    https://mirrors.ustc.edu.cn/anaconda/pkgs/main
[2023-03-06 04:08:33] PRINT [conda] mkl-service               2.4.0            py38h7f8727e_0    https://mirrors.ustc.edu.cn/anaconda/pkgs/main
[2023-03-06 04:08:33] PRINT [conda] mkl_fft                   1.3.1            py38hd3c417c_0    https://mirrors.ustc.edu.cn/anaconda/pkgs/main
[2023-03-06 04:08:33] PRINT [conda] mkl_random                1.2.2            py38h51133e4_0    https://mirrors.ustc.edu.cn/anaconda/pkgs/main
[2023-03-06 04:08:33] PRINT [conda] numpy                     1.21.4                   pypi_0    pypi
[2023-03-06 04:08:33] PRINT [conda] numpy-base                1.23.5           py38h31eccc5_0    https://mirrors.ustc.edu.cn/anaconda/pkgs/main
[2023-03-06 04:08:33] PRINT [conda] torch                     1.10.0+cu113             pypi_0    pypi
[2023-03-06 04:08:33] PRINT [conda] torchvision               0.11.1+cu113             pypi_0    pypi
[2023-03-06 04:08:33] PRINT         Pillow (8.4.0)
[2023-03-06 04:08:33] PRINT [03/06 04:08:33 graph]: Command line arguments: Namespace(local_rank=0, resume=False, seed=1234, start_epoch=0)
[2023-03-06 04:08:34] PRINT Using degree as node features
[2023-03-06 04:08:34] PRINT ******** # Num Graphs: 188, # Num Feat: 5, # Num Classes: 2 ********
[2023-03-06 04:08:34] PRINT [03/06 04:08:34 graph]: Run 0th for seed 11
[2023-03-06 04:08:34] PRINT [03/06 04:08:34 graph]: Total trainable params num : 5204591
[2023-03-06 04:08:38] PRINT [03/06 04:08:38 graph]: ----------Start Training----------
[2023-03-06 04:08:39] PRINT [03/06 04:08:39 graph]: Epoch 0 | train_loss: 0.8697 | lr: 0.000915
[2023-03-06 04:08:39] PRINT [03/06 04:08:39 graph]: Epoch 1 | train_loss: 0.5735 | lr: 0.000915
[2023-03-06 04:08:39] PRINT [03/06 04:08:39 graph]: Epoch 2 | train_loss: 0.5063 | lr: 0.000915
[2023-03-06 04:08:42] PRINT [03/06 04:08:42 graph]: #Test_f1: 0.8886±0.0595
[2023-03-06 04:08:42] PRINT [03/06 04:08:42 graph]: Epoch 2: get test f1 score:  0.889
[2023-03-06 04:08:42] PRINT [03/06 04:08:42 graph]: best_f1 0.889 at epoch 2
[2023-03-06 04:08:42] PRINT [03/06 04:08:42 graph]: Epoch 3 | train_loss: 0.5060 | lr: 0.000915
[2023-03-06 04:08:45] PRINT [03/06 04:08:45 graph]: #Test_f1: 0.8725±0.0533
[2023-03-06 04:08:46] PRINT [03/06 04:08:46 graph]: Epoch 3: get test f1 score:  0.873
[2023-03-06 04:08:46] PRINT [03/06 04:08:46 graph]: best_f1 0.889 at epoch 2
[2023-03-06 04:08:46] PRINT [03/06 04:08:46 graph]: Epoch 4 | train_loss: 0.4877 | lr: 0.000915
[2023-03-06 04:08:49] PRINT [03/06 04:08:49 graph]: #Test_f1: 0.8620±0.0626
[2023-03-06 04:08:49] PRINT [03/06 04:08:49 graph]: Epoch 4: get test f1 score:  0.862
[2023-03-06 04:08:49] PRINT [03/06 04:08:49 graph]: best_f1 0.889 at epoch 2
[2023-03-06 04:08:49] PRINT [03/06 04:08:49 graph]: Epoch 5 | train_loss: 0.4855 | lr: 0.000915
[2023-03-06 04:08:52] PRINT [03/06 04:08:52 graph]: #Test_f1: 0.8512±0.0612
[2023-03-06 04:08:52] PRINT [03/06 04:08:52 graph]: Epoch 5: get test f1 score:  0.851
[2023-03-06 04:08:52] PRINT [03/06 04:08:52 graph]: best_f1 0.889 at epoch 2
[2023-03-06 04:08:53] PRINT [03/06 04:08:53 graph]: Epoch 6 | train_loss: 0.4728 | lr: 0.000915
[2023-03-06 04:08:55] PRINT [03/06 04:08:55 graph]: #Test_f1: 0.7602±0.0604
[2023-03-06 04:08:56] PRINT [03/06 04:08:56 graph]: Epoch 6: get test f1 score:  0.760
[2023-03-06 04:08:56] PRINT [03/06 04:08:56 graph]: best_f1 0.889 at epoch 2
[2023-03-06 04:08:56] PRINT [03/06 04:08:56 graph]: Epoch 7 | train_loss: 0.5339 | lr: 0.000915
[2023-03-06 04:08:59] PRINT [03/06 04:08:59 graph]: #Test_f1: 0.8409±0.0702
[2023-03-06 04:08:59] PRINT [03/06 04:08:59 graph]: Epoch 7: get test f1 score:  0.841
[2023-03-06 04:08:59] PRINT [03/06 04:08:59 graph]: best_f1 0.889 at epoch 2
[2023-03-06 04:08:59] PRINT [03/06 04:08:59 graph]: Epoch 8 | train_loss: 0.7653 | lr: 0.000915
[2023-03-06 04:09:02] PRINT [03/06 04:09:02 graph]: #Test_f1: 0.8135±0.0606
[2023-03-06 04:09:03] PRINT [03/06 04:09:03 graph]: Epoch 8: get test f1 score:  0.813
[2023-03-06 04:09:03] PRINT [03/06 04:09:03 graph]: best_f1 0.889 at epoch 2
[2023-03-06 04:09:03] PRINT [03/06 04:09:03 graph]: Epoch 9 | train_loss: 0.7172 | lr: 0.000915
[2023-03-06 04:09:06] PRINT [03/06 04:09:06 graph]: #Test_f1: 0.8137±0.0591
[2023-03-06 04:09:06] PRINT [03/06 04:09:06 graph]: Epoch 9: get test f1 score:  0.814
[2023-03-06 04:09:06] PRINT [03/06 04:09:06 graph]: best_f1 0.889 at epoch 2
[2023-03-06 04:09:06] PRINT [03/06 04:09:06 graph]: Epoch 10 | train_loss: 0.5273 | lr: 0.000915
[2023-03-06 04:09:09] PRINT [03/06 04:09:09 graph]: #Test_f1: 0.8249±0.0660
[2023-03-06 04:09:09] PRINT [03/06 04:09:09 graph]: Epoch 10: get test f1 score:  0.825
[2023-03-06 04:09:09] PRINT [03/06 04:09:09 graph]: best_f1 0.889 at epoch 2
[2023-03-06 04:09:10] PRINT [03/06 04:09:10 graph]: Epoch 11 | train_loss: 0.5689 | lr: 0.000915
[2023-03-06 04:09:12] PRINT [03/06 04:09:12 graph]: #Test_f1: 0.8246±0.0531
[2023-03-06 04:09:13] PRINT [03/06 04:09:13 graph]: Epoch 11: get test f1 score:  0.825
[2023-03-06 04:09:13] PRINT [03/06 04:09:13 graph]: best_f1 0.889 at epoch 2
[2023-03-06 04:09:13] PRINT [03/06 04:09:13 graph]: Epoch 12 | train_loss: 0.5150 | lr: 0.000915
[2023-03-06 04:09:16] PRINT [03/06 04:09:16 graph]: #Test_f1: 0.8032±0.0782
[2023-03-06 04:09:16] PRINT [03/06 04:09:16 graph]: Epoch 12: get test f1 score:  0.803
[2023-03-06 04:09:16] PRINT [03/06 04:09:16 graph]: best_f1 0.889 at epoch 2
[2023-03-06 04:09:17] PRINT [03/06 04:09:17 graph]: Epoch 13 | train_loss: 0.5279 | lr: 0.000915
[2023-03-06 04:09:20] PRINT [03/06 04:09:20 graph]: #Test_f1: 0.8085±0.0788
[2023-03-06 04:09:20] PRINT [03/06 04:09:20 graph]: Epoch 13: get test f1 score:  0.808
[2023-03-06 04:09:20] PRINT [03/06 04:09:20 graph]: best_f1 0.889 at epoch 2
[2023-03-06 04:09:20] PRINT [03/06 04:09:20 graph]: Epoch 14 | train_loss: 0.5458 | lr: 0.000915
[2023-03-06 04:09:23] PRINT [03/06 04:09:23 graph]: #Test_f1: 0.8032±0.0782
[2023-03-06 04:09:23] PRINT [03/06 04:09:23 graph]: Epoch 14: get test f1 score:  0.803
[2023-03-06 04:09:23] PRINT [03/06 04:09:23 graph]: best_f1 0.889 at epoch 2
[2023-03-06 04:09:23] PRINT [03/06 04:09:23 graph]: Epoch 15 | train_loss: 0.5389 | lr: 0.000915
[2023-03-06 04:09:27] PRINT [03/06 04:09:27 graph]: #Test_f1: 0.8140±0.0710
[2023-03-06 04:09:27] PRINT [03/06 04:09:27 graph]: Epoch 15: get test f1 score:  0.814
[2023-03-06 04:09:27] PRINT [03/06 04:09:27 graph]: best_f1 0.889 at epoch 2
[2023-03-06 04:09:27] PRINT [03/06 04:09:27 graph]: Epoch 16 | train_loss: 0.5325 | lr: 0.000915
[2023-03-06 04:09:30] PRINT [03/06 04:09:30 graph]: #Test_f1: 0.8140±0.0710
[2023-03-06 04:09:30] PRINT [03/06 04:09:30 graph]: Epoch 16: get test f1 score:  0.814
[2023-03-06 04:09:30] PRINT [03/06 04:09:30 graph]: best_f1 0.889 at epoch 2
[2023-03-06 04:09:31] PRINT [03/06 04:09:31 graph]: Epoch 17 | train_loss: 0.5098 | lr: 0.000915
[2023-03-06 04:09:33] PRINT [03/06 04:09:33 graph]: #Test_f1: 0.7605±0.0689
[2023-03-06 04:09:34] PRINT [03/06 04:09:34 graph]: Epoch 17: get test f1 score:  0.761
[2023-03-06 04:09:34] PRINT [03/06 04:09:34 graph]: best_f1 0.889 at epoch 2
[2023-03-06 04:09:34] PRINT [03/06 04:09:34 graph]: Epoch 18 | train_loss: 0.5229 | lr: 0.000915
[2023-03-06 04:09:37] PRINT [03/06 04:09:37 graph]: #Test_f1: 0.7444±0.0575
[2023-03-06 04:09:37] PRINT [03/06 04:09:37 graph]: Epoch 18: get test f1 score:  0.744
[2023-03-06 04:09:37] PRINT [03/06 04:09:37 graph]: best_f1 0.889 at epoch 2
[2023-03-06 04:09:37] PRINT [03/06 04:09:37 graph]: Epoch 19 | train_loss: 0.5365 | lr: 0.000915
[2023-03-06 04:09:40] PRINT [03/06 04:09:40 graph]: #Test_f1: 0.7447±0.0611
[2023-03-06 04:09:40] PRINT [03/06 04:09:40 graph]: Epoch 19: get test f1 score:  0.745
[2023-03-06 04:09:40] PRINT [03/06 04:09:40 graph]: best_f1 0.889 at epoch 2
[2023-03-06 04:09:41] PRINT [03/06 04:09:41 graph]: Epoch 20 | train_loss: 0.5205 | lr: 0.000915
[2023-03-06 04:09:44] PRINT [03/06 04:09:44 graph]: #Test_f1: 0.7553±0.0684
[2023-03-06 04:09:44] PRINT [03/06 04:09:44 graph]: Epoch 20: get test f1 score:  0.755
[2023-03-06 04:09:44] PRINT [03/06 04:09:44 graph]: best_f1 0.889 at epoch 2
[2023-03-06 04:09:44] PRINT [03/06 04:09:44 graph]: Epoch 21 | train_loss: 0.4903 | lr: 0.000915
[2023-03-06 04:09:47] PRINT [03/06 04:09:47 graph]: #Test_f1: 0.7550±0.0649
[2023-03-06 04:09:47] PRINT [03/06 04:09:47 graph]: Epoch 21: get test f1 score:  0.755
[2023-03-06 04:09:47] PRINT [03/06 04:09:47 graph]: best_f1 0.889 at epoch 2
[2023-03-06 04:09:48] PRINT [03/06 04:09:48 graph]: Epoch 22 | train_loss: 0.5147 | lr: 0.000915
[2023-03-06 04:09:51] PRINT [03/06 04:09:51 graph]: #Test_f1: 0.7389±0.0662
[2023-03-06 04:09:51] PRINT [03/06 04:09:51 graph]: Epoch 22: get test f1 score:  0.739
[2023-03-06 04:09:51] PRINT [03/06 04:09:51 graph]: best_f1 0.889 at epoch 2
[2023-03-06 04:09:51] PRINT [03/06 04:09:51 graph]: Epoch 23 | train_loss: 0.6009 | lr: 0.000915
[2023-03-06 04:09:54] PRINT [03/06 04:09:54 graph]: #Test_f1: 0.7389±0.0846
[2023-03-06 04:09:54] PRINT [03/06 04:09:54 graph]: Epoch 23: get test f1 score:  0.739
[2023-03-06 04:09:54] PRINT [03/06 04:09:54 graph]: best_f1 0.889 at epoch 2
[2023-03-06 04:09:54] PRINT [03/06 04:09:54 graph]: Epoch 24 | train_loss: 0.6668 | lr: 0.000915
[2023-03-06 04:09:57] PRINT [03/06 04:09:57 graph]: #Test_f1: 0.7336±0.0641
[2023-03-06 04:09:57] PRINT [03/06 04:09:57 graph]: Epoch 24: get test f1 score:  0.734
[2023-03-06 04:09:57] PRINT [03/06 04:09:57 graph]: best_f1 0.889 at epoch 2
[2023-03-06 04:09:58] PRINT [03/06 04:09:58 graph]: Epoch 25 | train_loss: 0.6193 | lr: 0.000915
[2023-03-06 04:10:00] PRINT [03/06 04:10:00 graph]: #Test_f1: 0.7284±0.0698
[2023-03-06 04:10:01] PRINT [03/06 04:10:01 graph]: Epoch 25: get test f1 score:  0.728
[2023-03-06 04:10:01] PRINT [03/06 04:10:01 graph]: best_f1 0.889 at epoch 2
[2023-03-06 04:10:01] PRINT [03/06 04:10:01 graph]: Epoch 26 | train_loss: 0.5796 | lr: 0.000915
[2023-03-06 04:10:04] PRINT [03/06 04:10:04 graph]: #Test_f1: 0.7442±0.0637
[2023-03-06 04:10:04] PRINT [03/06 04:10:04 graph]: Epoch 26: get test f1 score:  0.744
[2023-03-06 04:10:04] PRINT [03/06 04:10:04 graph]: best_f1 0.889 at epoch 2
[2023-03-06 04:10:04] PRINT [03/06 04:10:04 graph]: Epoch 27 | train_loss: 0.5435 | lr: 0.000915
[2023-03-06 04:10:07] PRINT [03/06 04:10:07 graph]: #Test_f1: 0.7655±0.0695
[2023-03-06 04:10:07] PRINT [03/06 04:10:07 graph]: Epoch 27: get test f1 score:  0.765
[2023-03-06 04:10:07] PRINT [03/06 04:10:07 graph]: best_f1 0.889 at epoch 2
[2023-03-06 04:10:08] PRINT [03/06 04:10:08 graph]: Epoch 28 | train_loss: 0.5259 | lr: 0.000915
[2023-03-06 04:10:10] PRINT [03/06 04:10:10 graph]: #Test_f1: 0.7760±0.0760
[2023-03-06 04:10:11] PRINT [03/06 04:10:11 graph]: Epoch 28: get test f1 score:  0.776
[2023-03-06 04:10:11] PRINT [03/06 04:10:11 graph]: best_f1 0.889 at epoch 2
[2023-03-06 04:10:11] PRINT [03/06 04:10:11 graph]: Epoch 29 | train_loss: 0.5135 | lr: 0.000915
[2023-03-06 04:10:14] PRINT [03/06 04:10:14 graph]: #Test_f1: 0.7816±0.0654
[2023-03-06 04:10:14] PRINT [03/06 04:10:14 graph]: Epoch 29: get test f1 score:  0.782
[2023-03-06 04:10:14] PRINT [03/06 04:10:14 graph]: best_f1 0.889 at epoch 2
[2023-03-06 04:10:14] PRINT [03/06 04:10:14 graph]: Epoch 30 | train_loss: 0.5018 | lr: 0.000915
[2023-03-06 04:10:17] PRINT [03/06 04:10:17 graph]: #Test_f1: 0.7868±0.0765
[2023-03-06 04:10:17] PRINT [03/06 04:10:17 graph]: Epoch 30: get test f1 score:  0.787
[2023-03-06 04:10:17] PRINT [03/06 04:10:17 graph]: best_f1 0.889 at epoch 2
[2023-03-06 04:10:18] PRINT [03/06 04:10:18 graph]: Epoch 31 | train_loss: 0.5057 | lr: 0.000915
[2023-03-06 04:10:20] PRINT [03/06 04:10:20 graph]: #Test_f1: 0.7708±0.0730
[2023-03-06 04:10:21] PRINT [03/06 04:10:21 graph]: Epoch 31: get test f1 score:  0.771
[2023-03-06 04:10:21] PRINT [03/06 04:10:21 graph]: best_f1 0.889 at epoch 2
[2023-03-06 04:10:21] PRINT [03/06 04:10:21 graph]: Epoch 32 | train_loss: 0.4830 | lr: 0.000915
[2023-03-06 04:10:24] PRINT [03/06 04:10:24 graph]: #Test_f1: 0.7766±0.0513
[2023-03-06 04:10:24] PRINT [03/06 04:10:24 graph]: Epoch 32: get test f1 score:  0.777
[2023-03-06 04:10:24] PRINT [03/06 04:10:24 graph]: best_f1 0.889 at epoch 2
[2023-03-06 04:10:24] PRINT [03/06 04:10:24 graph]: Epoch 33 | train_loss: 0.4827 | lr: 0.000915
[2023-03-06 04:10:27] PRINT [03/06 04:10:27 graph]: #Test_f1: 0.7658±0.0543
[2023-03-06 04:10:28] PRINT [03/06 04:10:28 graph]: Epoch 33: get test f1 score:  0.766
[2023-03-06 04:10:28] PRINT [03/06 04:10:28 graph]: best_f1 0.889 at epoch 2
[2023-03-06 04:10:28] PRINT [03/06 04:10:28 graph]: Epoch 34 | train_loss: 0.4956 | lr: 0.000915
[2023-03-06 04:10:31] PRINT [03/06 04:10:31 graph]: #Test_f1: 0.7602±0.0604
[2023-03-06 04:10:31] PRINT [03/06 04:10:31 graph]: Epoch 34: get test f1 score:  0.760
[2023-03-06 04:10:31] PRINT [03/06 04:10:31 graph]: best_f1 0.889 at epoch 2
[2023-03-06 04:10:31] PRINT [03/06 04:10:31 graph]: Epoch 35 | train_loss: 0.4746 | lr: 0.000915
[2023-03-06 04:10:34] PRINT [03/06 04:10:34 graph]: #Test_f1: 0.7763±0.0707
[2023-03-06 04:10:34] PRINT [03/06 04:10:34 graph]: Epoch 35: get test f1 score:  0.776
[2023-03-06 04:10:34] PRINT [03/06 04:10:34 graph]: best_f1 0.889 at epoch 2
[2023-03-06 04:10:35] PRINT [03/06 04:10:35 graph]: Epoch 36 | train_loss: 0.4823 | lr: 0.000915
[2023-03-06 04:10:38] PRINT [03/06 04:10:38 graph]: #Test_f1: 0.7760±0.0718
[2023-03-06 04:10:38] PRINT [03/06 04:10:38 graph]: Epoch 36: get test f1 score:  0.776
[2023-03-06 04:10:38] PRINT [03/06 04:10:38 graph]: best_f1 0.889 at epoch 2
[2023-03-06 04:10:38] PRINT [03/06 04:10:38 graph]: Epoch 37 | train_loss: 0.4667 | lr: 0.000915
[2023-03-06 04:10:41] PRINT [03/06 04:10:41 graph]: #Test_f1: 0.7763±0.0707
[2023-03-06 04:10:41] PRINT [03/06 04:10:41 graph]: Epoch 37: get test f1 score:  0.776
[2023-03-06 04:10:41] PRINT [03/06 04:10:41 graph]: best_f1 0.889 at epoch 2
[2023-03-06 04:10:42] PRINT [03/06 04:10:42 graph]: Epoch 38 | train_loss: 0.4711 | lr: 0.000915
[2023-03-06 04:10:45] PRINT [03/06 04:10:45 graph]: #Test_f1: 0.7816±0.0695
[2023-03-06 04:10:45] PRINT [03/06 04:10:45 graph]: Epoch 38: get test f1 score:  0.782
[2023-03-06 04:10:45] PRINT [03/06 04:10:45 graph]: best_f1 0.889 at epoch 2
[2023-03-06 04:10:45] PRINT [03/06 04:10:45 graph]: Epoch 39 | train_loss: 0.4811 | lr: 0.000915
[2023-03-06 04:10:48] PRINT [03/06 04:10:48 graph]: #Test_f1: 0.7760±0.0718
[2023-03-06 04:10:48] PRINT [03/06 04:10:48 graph]: Epoch 39: get test f1 score:  0.776
[2023-03-06 04:10:48] PRINT [03/06 04:10:48 graph]: best_f1 0.889 at epoch 2
[2023-03-06 04:10:48] PRINT [03/06 04:10:48 graph]: Epoch 40 | train_loss: 0.4884 | lr: 0.000915
[2023-03-06 04:10:51] PRINT [03/06 04:10:51 graph]: #Test_f1: 0.7711±0.0538
[2023-03-06 04:10:51] PRINT [03/06 04:10:51 graph]: Epoch 40: get test f1 score:  0.771
[2023-03-06 04:10:51] PRINT [03/06 04:10:51 graph]: best_f1 0.889 at epoch 2
[2023-03-06 04:10:52] PRINT [03/06 04:10:52 graph]: Epoch 41 | train_loss: 0.4597 | lr: 0.000915
[2023-03-06 04:10:54] PRINT [03/06 04:10:54 graph]: #Test_f1: 0.7819±0.0549
[2023-03-06 04:10:55] PRINT [03/06 04:10:55 graph]: Epoch 41: get test f1 score:  0.782
[2023-03-06 04:10:55] PRINT [03/06 04:10:55 graph]: best_f1 0.889 at epoch 2
[2023-03-06 04:10:55] PRINT [03/06 04:10:55 graph]: Epoch 42 | train_loss: 0.4731 | lr: 0.000915
[2023-03-06 04:10:58] PRINT [03/06 04:10:58 graph]: #Test_f1: 0.7816±0.0695
[2023-03-06 04:10:58] PRINT [03/06 04:10:58 graph]: Epoch 42: get test f1 score:  0.782
[2023-03-06 04:10:58] PRINT [03/06 04:10:58 graph]: best_f1 0.889 at epoch 2
[2023-03-06 04:10:59] PRINT [03/06 04:10:59 graph]: Epoch 43 | train_loss: 0.4597 | lr: 0.000915
[2023-03-06 04:11:01] PRINT [03/06 04:11:01 graph]: #Test_f1: 0.7760±0.0718
[2023-03-06 04:11:02] PRINT [03/06 04:11:02 graph]: Epoch 43: get test f1 score:  0.776
[2023-03-06 04:11:02] PRINT [03/06 04:11:02 graph]: best_f1 0.889 at epoch 2
[2023-03-06 04:11:02] PRINT [03/06 04:11:02 graph]: Epoch 44 | train_loss: 0.4618 | lr: 0.000915
[2023-03-06 04:11:05] PRINT [03/06 04:11:05 graph]: #Test_f1: 0.7760±0.0718
[2023-03-06 04:11:05] PRINT [03/06 04:11:05 graph]: Epoch 44: get test f1 score:  0.776
[2023-03-06 04:11:05] PRINT [03/06 04:11:05 graph]: best_f1 0.889 at epoch 2
[2023-03-06 04:11:05] PRINT [03/06 04:11:05 graph]: Epoch 45 | train_loss: 0.4689 | lr: 0.000915
[2023-03-06 04:11:08] PRINT [03/06 04:11:08 graph]: #Test_f1: 0.7763±0.0578
[2023-03-06 04:11:08] PRINT [03/06 04:11:08 graph]: Epoch 45: get test f1 score:  0.776
[2023-03-06 04:11:08] PRINT [03/06 04:11:08 graph]: best_f1 0.889 at epoch 2
[2023-03-06 04:11:09] PRINT [03/06 04:11:09 graph]: Epoch 46 | train_loss: 0.4650 | lr: 0.000915
[2023-03-06 04:11:11] PRINT [03/06 04:11:11 graph]: #Test_f1: 0.7705±0.0777
[2023-03-06 04:11:12] PRINT [03/06 04:11:12 graph]: Epoch 46: get test f1 score:  0.770
[2023-03-06 04:11:12] PRINT [03/06 04:11:12 graph]: best_f1 0.889 at epoch 2
[2023-03-06 04:11:12] PRINT [03/06 04:11:12 graph]: Epoch 47 | train_loss: 0.4682 | lr: 0.000915
[2023-03-06 04:11:15] PRINT [03/06 04:11:15 graph]: #Test_f1: 0.7655±0.0649
[2023-03-06 04:11:15] PRINT [03/06 04:11:15 graph]: Epoch 47: get test f1 score:  0.765
[2023-03-06 04:11:15] PRINT [03/06 04:11:15 graph]: best_f1 0.889 at epoch 2
[2023-03-06 04:11:15] PRINT [03/06 04:11:15 graph]: Epoch 48 | train_loss: 0.4691 | lr: 0.000915
[2023-03-06 04:11:18] PRINT [03/06 04:11:18 graph]: #Test_f1: 0.7547±0.0700
[2023-03-06 04:11:18] PRINT [03/06 04:11:18 graph]: Epoch 48: get test f1 score:  0.755
[2023-03-06 04:11:18] PRINT [03/06 04:11:18 graph]: best_f1 0.889 at epoch 2
[2023-03-06 04:11:19] PRINT [03/06 04:11:19 graph]: Epoch 49 | train_loss: 0.4665 | lr: 0.000915
[2023-03-06 04:11:21] PRINT [03/06 04:11:21 graph]: #Test_f1: 0.7602±0.0729
[2023-03-06 04:11:22] PRINT [03/06 04:11:22 graph]: Epoch 49: get test f1 score:  0.760
[2023-03-06 04:11:22] PRINT [03/06 04:11:22 graph]: best_f1 0.889 at epoch 2
[2023-03-06 04:11:22] PRINT [03/06 04:11:22 graph]: # final_acc: 0.8886±0.0000
